NPC ID: 17736021
  Name: A.M.A.N. Liaison
  POLUtils_Name: A.M.A.N. Liaison
  Type: Equipped NPC
  XYZR: 108.000, 1.000, -90.000, 192
  Mask: 01010111
        |  0  1  2  3  4  5  6  7  8  9  A  B  C  D  E  F      | 0123456789ABCDEF
    -----------------------------------------------------  ----------------------
      0 | 0E 2C 0A 00 55 A1 0E 01 55 01 57 C0 00 00 D8 42    0 | .,..U...U.W....B
      1 | 00 00 80 3F 00 00 B4 C2 0E 00 00 00 32 32 64 00    1 | ...?........22d.
      2 | 00 03 00 00 00 00 00 00 00 00 00 01 00 00 00 00    2 | ................
      3 | 01 00 03 01 77 10 67 20 68 30 66 40 68 50 00 60    3 | ....w.g h0f@hP.`
      4 | 00 70 00 00 00 00 00 00 00 00 00 00 00 00 00 00    4 | .p..............
      5 | 00 00 00 00 00 00 00 00 -- -- -- -- -- -- -- --    5 | ........--------

NPC ID: 17736022
  Name: Linkshell Concierge
  POLUtils_Name: Linkshell Concierge
  Type: Equipped NPC
  XYZR: 115.880, 1.000, -90.280, 192
  Mask: 01010111
        |  0  1  2  3  4  5  6  7  8  9  A  B  C  D  E  F      | 0123456789ABCDEF
    -----------------------------------------------------  ----------------------
      0 | 0E 2C 0B 00 56 A1 0E 01 56 01 57 C0 8F C2 E7 42    0 | .,..V...V.W....B
      1 | 00 00 80 3F 5C 8F B4 C2 07 00 00 00 32 32 64 00    1 | ...?\\.......22d.
      2 | 00 03 00 00 00 00 00 00 20 00 00 00 00 00 00 00    2 | ........ .......
      3 | 01 00 03 01 92 10 27 20 08 30 66 40 60 50 00 60    3 | ......' .0f@`P.`
      4 | 00 70 00 00 00 00 00 00 00 00 00 00 00 00 00 00    4 | .p..............
      5 | 00 00 00 00 00 00 00 00 -- -- -- -- -- -- -- --    5 | ........--------

NPC ID: 17735734
  Name: Leonie
  POLUtils_Name: Leonie
  Type: Equipped NPC
  XYZR: 118.871, 0.996, -83.916, 125
  Mask: 01010111
        |  0  1  2  3  4  5  6  7  8  9  A  B  C  D  E  F      | 0123456789ABCDEF
    -----------------------------------------------------  ----------------------
      0 | 0E 28 0B 00 36 A0 0E 01 36 00 57 7D F4 BD ED 42    0 | .(..6...6.W}...B
      1 | DB F9 7E 3F FE D4 A7 C2 07 00 00 00 32 32 64 00    1 | ..~?........22d.
      2 | 00 1B 00 00 00 00 00 20 00 00 01 00 00 00 00 00    2 | ....... ........
      3 | 01 00 07 02 00 10 0D 20 05 30 05 40 05 50 00 60    3 | ....... .0.@.P.`
      4 | 00 70 00 00 00 00 00 00 00 00 00 00 00 00 00 00    4 | .p..............

NPC ID: 17736023
  Name: ChatManual
  POLUtils_Name: Chat Manual
  Type: Simple NPC
  XYZR: 118.880, 1.000, -90.280, 192
  Mask: 00001111
        |  0  1  2  3  4  5  6  7  8  9  A  B  C  D  E  F      | 0123456789ABCDEF
    -----------------------------------------------------  ----------------------
      0 | 0E 22 0B 00 57 A1 0E 01 57 01 0F C0 8F C2 ED 42    0 | ."..W...W......B
      1 | 00 00 80 3F 5C 8F B4 C2 01 00 00 00 32 32 64 00    1 | ...?\\.......22d.
      2 | 00 03 00 00 00 00 00 00 80 00 00 60 00 00 00 00    2 | ...........`....
      3 | 00 00 F2 08 43 68 61 74 4D 61 6E 75 61 6C 00 00    3 | ....ChatManual..
      4 | 00 00 00 00 -- -- -- -- -- -- -- -- -- -- -- --    4 | ....------------

NPC ID: 17735749
  Name: HomePoint#2
  POLUtils_Name: Home Point #2
  Type: Simple NPC
  XYZR: 118.000, 1.000, -58.000, 0
  Mask: 00001111
        |  0  1  2  3  4  5  6  7  8  9  A  B  C  D  E  F      | 0123456789ABCDEF
    -----------------------------------------------------  ----------------------
      0 | 0E 22 0B 00 45 A0 0E 01 45 00 0F 00 00 00 EC 42    0 | ."..E...E......B
      1 | 00 00 80 3F 00 00 68 C2 01 00 00 00 32 32 64 00    1 | ...?..h.....22d.
      2 | 00 03 00 00 00 00 00 00 00 00 00 00 00 00 00 00    2 | ................
      3 | 00 00 33 00 48 6F 6D 65 50 6F 69 6E 74 23 32 00    3 | ..3.HomePoint#2.
      4 | 00 00 00 00 -- -- -- -- -- -- -- -- -- -- -- --    4 | ....------------

NPC ID: 17735795
  Name: Proud Beard
  POLUtils_Name: Proud Beard
  Type: Equipped NPC
  XYZR: 94.199, 0.624, -77.382, 104
  Mask: 01010111
        |  0  1  2  3  4  5  6  7  8  9  A  B  C  D  E  F      | 0123456789ABCDEF
    -----------------------------------------------------  ----------------------
      0 | 0E 2A 0B 00 73 A0 0E 01 73 00 57 68 E3 65 BC 42    0 | .*..s...s.Wh.e.B
      1 | 77 BE 1F 3F 96 C3 9A C2 07 00 00 00 32 32 64 00    1 | w..?........22d.
      2 | 00 1B 00 00 00 00 00 20 00 00 01 00 00 00 00 00    2 | ....... ........
      3 | 01 00 02 08 08 10 08 20 08 30 08 40 08 50 00 60    3 | ....... .0.@.P.`
      4 | 00 70 00 00 00 00 00 00 00 00 00 00 00 00 00 00    4 | .p..............
      5 | 00 00 00 00 -- -- -- -- -- -- -- -- -- -- -- --    5 | ....------------

NPC ID: 17735936
  Name: blank
  POLUtils_Name:      
  Type: Decoration
  XYZR: 82.000, 0.000, -66.700, 64
  Mask: 00001111
        |  0  1  2  3  4  5  6  7  8  9  A  B  C  D  E  F      | 0123456789ABCDEF
    -----------------------------------------------------  ----------------------
      0 | 0E 1C 0B 00 00 A1 0E 01 00 01 0F 40 00 00 A4 42    0 | ...........@...B
      1 | 00 00 00 00 66 66 85 C2 14 00 00 00 32 32 64 00    1 | ....ff......22d.
      2 | 02 1B 08 00 00 00 00 22 00 00 00 40 00 00 00 00    2 | ......."...@....
      3 | 00 00 6F 05 00 00 00 00 -- -- -- -- -- -- -- --    3 | ..o.....--------

NPC ID: 17735924
  Name: blank
  POLUtils_Name:      
  Type: Decoration
  XYZR: 82.000, 0.000, -77.300, 128
  Mask: 00001111
        |  0  1  2  3  4  5  6  7  8  9  A  B  C  D  E  F      | 0123456789ABCDEF
    -----------------------------------------------------  ----------------------
      0 | 0E 1C 0B 00 F4 A0 0E 01 F4 00 0F 80 00 00 A4 42    0 | ...............B
      1 | 00 00 00 00 9A 99 9A C2 14 00 00 00 32 32 64 00    1 | ............22d.
      2 | 02 1B 08 00 00 00 00 20 00 00 00 40 00 00 00 00    2 | ....... ...@....
      3 | 00 00 6C 05 00 00 00 00 -- -- -- -- -- -- -- --    3 | ..l.....--------

NPC ID: 17735872
  Name: Bountibox
  POLUtils_Name: Bountibox
  Type: Simple NPC
  XYZR: 80.500, 0.000, -83.000, 192
  Mask: 00001111
        |  0  1  2  3  4  5  6  7  8  9  A  B  C  D  E  F      | 0123456789ABCDEF
    -----------------------------------------------------  ----------------------
      0 | 0E 22 0C 00 C0 A0 0E 01 C0 00 0F C0 00 00 A1 42    0 | .".............B
      1 | 00 00 00 00 00 00 A6 C2 14 80 00 00 32 32 64 00    1 | ............22d.
      2 | 00 1B 00 00 00 00 00 20 20 00 00 00 00 00 00 00    2 | .......  .......
      3 | 00 00 55 00 42 6F 75 6E 74 69 62 6F 78 00 00 00    3 | ..U.Bountibox...
      4 | 00 00 00 00 -- -- -- -- -- -- -- -- -- -- -- --    4 | ....------------

NPC ID: 17735856
  Name: ExplorerMoogle
  POLUtils_Name: Explorer Moogle
  Type: Simple NPC
  XYZR: 81.646, 0.000, -64.102, 109
  Mask: 00001111
        |  0  1  2  3  4  5  6  7  8  9  A  B  C  D  E  F      | 0123456789ABCDEF
    -----------------------------------------------------  ----------------------
      0 | 0E 24 0C 00 B0 A0 0E 01 B0 00 0F 6D C1 4A A3 42    0 | .$.........m.J.B
      1 | 00 00 00 00 39 34 80 C2 14 00 00 00 32 32 64 00    1 | ....94......22d.
      2 | 00 03 00 00 00 00 00 00 00 00 01 00 00 00 00 00    2 | ................
      3 | 00 00 D5 03 45 78 70 6C 6F 72 65 72 4D 6F 6F 67    3 | ....ExplorerMoog
      4 | 6C 65 00 00 00 00 00 00 -- -- -- -- -- -- -- --    4 | le......--------

NPC ID: 17735937
  Name: blank
  POLUtils_Name:      
  Type: Decoration
  XYZR: 82.000, 0.000, -77.300, 64
  Mask: 00001111
        |  0  1  2  3  4  5  6  7  8  9  A  B  C  D  E  F      | 0123456789ABCDEF
    -----------------------------------------------------  ----------------------
      0 | 0E 1C 0C 00 01 A1 0E 01 01 01 0F 40 00 00 A4 42    0 | ...........@...B
      1 | 00 00 00 00 9A 99 9A C2 0E 00 00 00 32 32 64 00    1 | ............22d.
      2 | 02 1B 08 00 00 00 00 22 00 00 00 40 00 00 00 00    2 | ......."...@....
      3 | 00 00 6F 05 00 00 00 00 -- -- -- -- -- -- -- --    3 | ..o.....--------

NPC ID: 17735927
  Name: Eggsperiment A
  POLUtils_Name: Eggsperiment A
  Type: Equipped NPC
  XYZR: 80.500, 0.000, -77.300, 127
  Mask: 01010111
        |  0  1  2  3  4  5  6  7  8  9  A  B  C  D  E  F      | 0123456789ABCDEF
    -----------------------------------------------------  ----------------------
      0 | 0E 2C 0C 00 F7 A0 0E 01 F7 00 57 7F 00 00 A1 42    0 | .,........W....B
      1 | 00 00 00 00 9A 99 9A C2 00 00 00 00 32 32 64 00    1 | ............22d.
      2 | 06 1B 08 00 00 00 00 20 10 00 01 28 00 00 00 00    2 | ....... ...(....
      3 | 01 00 1E 02 82 11 71 20 17 30 17 40 17 50 00 60    3 | ......q .0.@.P.`
      4 | 00 70 00 00 00 00 00 00 00 00 00 00 00 00 00 00    4 | .p..............
      5 | 00 00 00 00 00 00 00 00 -- -- -- -- -- -- -- --    5 | ........--------

NPC ID: 17735923
  Name: blank
  POLUtils_Name:      
  Type: Decoration
  XYZR: 82.000, 0.000, -66.700, 128
  Mask: 00001111
        |  0  1  2  3  4  5  6  7  8  9  A  B  C  D  E  F      | 0123456789ABCDEF
    -----------------------------------------------------  ----------------------
      0 | 0E 1C 0C 00 F3 A0 0E 01 F3 00 0F 80 00 00 A4 42    0 | ...............B
      1 | 00 00 00 00 66 66 85 C2 01 00 00 00 32 32 64 00    1 | ....ff......22d.
      2 | 02 1B 08 00 00 00 00 20 00 00 00 40 00 00 00 00    2 | ....... ...@....
      3 | 00 00 6C 05 00 00 00 00 -- -- -- -- -- -- -- --    3 | ..l.....--------

NPC ID: 17735926
  Name: Eggsperiment H
  POLUtils_Name: Eggsperiment H
  Type: Equipped NPC
  XYZR: 80.500, 0.000, -66.700, 127
  Mask: 01010111
        |  0  1  2  3  4  5  6  7  8  9  A  B  C  D  E  F      | 0123456789ABCDEF
    -----------------------------------------------------  ----------------------
      0 | 0E 2C 0C 00 F6 A0 0E 01 F6 00 57 7F 00 00 A1 42    0 | .,........W....B
      1 | 00 00 00 00 66 66 85 C2 00 00 00 00 32 32 64 00    1 | ....ff......22d.
      2 | 06 1B 08 00 00 00 00 20 10 00 01 28 00 00 00 00    2 | ....... ...(....
      3 | 01 00 1E 01 82 11 71 20 17 30 17 40 17 50 00 60    3 | ......q .0.@.P.`
      4 | 00 70 00 00 00 00 00 00 00 00 00 00 00 00 00 00    4 | .p..............
      5 | 00 00 00 00 00 00 00 00 -- -- -- -- -- -- -- --    5 | ........--------

NPC ID: 17735873
  Name: TreasureCoffer
  POLUtils_Name: Treasure Coffer
  Type: Simple NPC
  XYZR: 82.000, 0.000, -83.000, 192
  Mask: 00001111
        |  0  1  2  3  4  5  6  7  8  9  A  B  C  D  E  F      | 0123456789ABCDEF
    -----------------------------------------------------  ----------------------
      0 | 0E 24 0C 00 C1 A0 0E 01 C1 00 0F C0 00 00 A4 42    0 | .$.............B
      1 | 00 00 00 00 00 00 A6 C2 01 00 00 00 32 32 64 00    1 | ............22d.
      2 | 00 03 08 00 00 00 00 00 00 00 04 24 00 00 00 00    2 | ...........$....
      3 | 00 00 C2 03 54 72 65 61 73 75 72 65 43 6F 66 66    3 | ....TreasureCoff
      4 | 65 72 00 00 00 00 00 00 -- -- -- -- -- -- -- --    4 | er......--------

NPC ID: 17735859
  Name: Conrad
  POLUtils_Name: Conrad
  Type: Equipped NPC
  XYZR: 94.457, 0.625, -66.161, 127
  Mask: 01010111
        |  0  1  2  3  4  5  6  7  8  9  A  B  C  D  E  F      | 0123456789ABCDEF
    -----------------------------------------------------  ----------------------
      0 | 0E 28 0C 00 B3 A0 0E 01 B3 00 57 7F FC E9 BC 42    0 | .(........W....B
      1 | 00 00 20 3F 6F 52 84 C2 01 00 00 00 32 32 64 00    1 | .. ?oR......22d.
      2 | 00 1B 00 00 00 00 00 20 00 00 01 00 00 00 00 00    2 | ....... ........
      3 | 01 00 0E 01 12 10 18 20 0F 30 07 40 11 50 00 60    3 | ....... .0.@.P.`
      4 | 00 70 00 00 00 00 00 00 00 00 00 00 00 00 00 00    4 | .p..............

NPC ID: 17735857
  Name: mgtest
  POLUtils_Name: mgtest
  Type: Equipped NPC
  XYZR: 76.817, 0.000, -66.116, 0
  Mask: 01010111
        |  0  1  2  3  4  5  6  7  8  9  A  B  C  D  E  F      | 0123456789ABCDEF
    -----------------------------------------------------  ----------------------
      0 | 0E 28 0C 00 B1 A0 0E 01 B1 00 57 00 4E A2 99 42    0 | .(........W.N..B
      1 | 00 00 00 00 64 3B 84 C2 00 00 00 00 32 32 64 00    1 | ....d;......22d.
      2 | 06 03 00 00 00 00 00 00 00 00 01 00 00 00 00 00    2 | ................
      3 | 01 00 0A 05 00 10 67 20 67 30 67 40 67 50 00 60    3 | ......g g0g@gP.`
      4 | 00 70 00 00 00 00 00 00 00 00 00 00 00 00 00 00    4 | .p..............

NPC ID: 17735820
  Name: MarketMoogle
  POLUtils_Name: Market Moogle
  Type: Simple NPC
  XYZR: 98.862, 0.996, -73.669, 255
  Mask: 00001111
        |  0  1  2  3  4  5  6  7  8  9  A  B  C  D  E  F      | 0123456789ABCDEF
    -----------------------------------------------------  ----------------------
      0 | 0E 22 0C 00 8C A0 0E 01 8C 00 0F FF 58 B9 C5 42    0 | ."..........X..B
      1 | DB F9 7E 3F 87 56 93 C2 01 00 00 00 32 32 64 00    1 | ..~?.V......22d.
      2 | 02 03 00 00 00 00 00 00 00 00 00 00 00 00 00 00    2 | ................
      3 | 00 00 D5 03 4D 61 72 6B 65 74 4D 6F 6F 67 6C 65    3 | ....MarketMoogle
      4 | 00 00 00 00 -- -- -- -- -- -- -- -- -- -- -- --    4 | ....------------

NPC ID: 17735798
  Name: TrailMarkings
  POLUtils_Name: Trail Markings
  Type: Simple NPC
  XYZR: 98.655, 0.996, -66.299, 254
  Mask: 00001111
        |  0  1  2  3  4  5  6  7  8  9  A  B  C  D  E  F      | 0123456789ABCDEF
    -----------------------------------------------------  ----------------------
      0 | 0E 24 0C 00 76 A0 0E 01 76 00 0F FE 5C 4F C5 42    0 | .$..v...v...\\O.B
      1 | DB F9 7E 3F 17 99 84 C2 01 00 00 00 32 32 64 00    1 | ..~?........22d.
      2 | 00 03 00 00 00 00 00 00 20 00 00 00 00 00 00 00    2 | ........ .......
      3 | 00 00 34 00 54 72 61 69 6C 4D 61 72 6B 69 6E 67    3 | ..4.TrailMarking
      4 | 73 00 00 00 00 00 00 00 -- -- -- -- -- -- -- --    4 | s.......--------

NPC ID: 17735787
  Name: Phara
  POLUtils_Name: Phara
  Type: Simple NPC
  XYZR: 75.120, 0.000, -81.440, 184
  Mask: 00001111
        |  0  1  2  3  4  5  6  7  8  9  A  B  C  D  E  F      | 0123456789ABCDEF
    -----------------------------------------------------  ----------------------
      0 | 0E 20 0C 00 6B A0 0E 01 6B 00 0F B8 71 3D 96 42    0 | . ..k...k...q=.B
      1 | 00 00 00 00 48 E1 A2 C2 01 00 00 00 32 32 64 00    1 | ....H.......22d.
      2 | 00 1B 00 00 00 00 00 20 00 00 00 00 00 00 00 00    2 | ....... ........
      3 | 00 00 5E 00 50 68 61 72 61 00 00 00 00 00 00 00    3 | ..^.Phara.......

NPC ID: 17735770
  Name: Moogle
  POLUtils_Name: Moogle
  Type: Simple NPC
  XYZR: 0.000, 0.000, 1.500, 64
  Mask: 00001111
        |  0  1  2  3  4  5  6  7  8  9  A  B  C  D  E  F      | 0123456789ABCDEF
    -----------------------------------------------------  ----------------------
      0 | 0E 20 0A 00 5A A0 0E 01 5A 00 0F 40 00 00 00 00    0 | . ..Z...Z..@....
      1 | 00 00 00 00 00 00 C0 3F 07 80 00 00 32 32 64 00    1 | .......?....22d.
      2 | 00 03 00 00 00 00 00 00 00 00 01 00 00 00 00 00    2 | ................
      3 | 00 00 52 00 4D 6F 6F 67 6C 65 00 00 00 00 00 00    3 | ..R.Moogle......

NPC ID: 17735775
  Name: SymphonicCurat
  POLUtils_Name: Symphonic Curator
  Type: Simple NPC
  XYZR: 2.000, -1.000, -7.500, 64
  Mask: 00001111
        |  0  1  2  3  4  5  6  7  8  9  A  B  C  D  E  F      | 0123456789ABCDEF
    -----------------------------------------------------  ----------------------
      0 | 0E 24 0A 00 5F A0 0E 01 5F 00 0F 40 00 00 00 40    0 | .$.._..._..@...@
      1 | 00 00 80 BF 00 00 F0 C0 01 80 00 00 32 32 64 00    1 | ............22d.
      2 | 00 03 00 00 00 00 00 00 00 00 00 00 00 00 00 00    2 | ................
      3 | 00 00 37 07 53 79 6D 70 68 6F 6E 69 63 43 75 72    3 | ..7.SymphonicCur
      4 | 61 74 00 00 00 00 00 00 -- -- -- -- -- -- -- --    4 | at......--------

NPC ID: 17735858
  Name: Gate:ChocoboC
  POLUtils_Name: Gate: Chocobo Circuit
  Type: Simple NPC
  XYZR: 67.379, -1.549, -87.379, 0
  Mask: 00001111
        |  0  1  2  3  4  5  6  7  8  9  A  B  C  D  E  F      | 0123456789ABCDEF
    -----------------------------------------------------  ----------------------
      0 | 0E 24 0E 00 B2 A0 0E 01 B2 00 0F 00 0C C2 86 42    0 | .$.............B
      1 | A2 45 C6 BF 0C C2 AE C2 01 80 00 00 32 32 64 00    1 | .E..........22d.
      2 | 00 03 00 00 00 00 00 00 00 00 00 00 00 00 00 00    2 | ................
      3 | 00 00 34 00 47 61 74 65 3A 43 68 6F 63 6F 62 6F    3 | ..4.Gate:Chocobo
      4 | 43 00 00 00 00 00 00 00 -- -- -- -- -- -- -- --    4 | C.......--------

NPC ID: 17735854
  Name: Gavoroi
  POLUtils_Name: Gavoroi
  Type: Equipped NPC
  XYZR: 63.874, 0.000, -88.468, 166
  Mask: 01010111
        |  0  1  2  3  4  5  6  7  8  9  A  B  C  D  E  F      | 0123456789ABCDEF
    -----------------------------------------------------  ----------------------
      0 | 0E 28 10 00 AE A0 0E 01 AE 00 57 A6 FA 7E 7F 42    0 | .(........W..~.B
      1 | 00 00 00 00 9E EF B0 C2 07 00 00 00 32 32 64 00    1 | ............22d.
      2 | 00 1B 00 00 00 00 00 20 00 00 00 00 00 00 00 00    2 | ....... ........
      3 | 01 00 02 08 00 10 67 20 67 30 67 40 67 50 00 60    3 | ......g g0g@gP.`
      4 | 00 70 00 00 00 00 00 00 00 00 00 00 00 00 00 00    4 | .p..............

NPC ID: 17735754
  Name: Tami
  POLUtils_Name: Tami
  Type: Simple NPC
  XYZR: 62.617, 0.000, -68.222, 104
  Mask: 00001111
        |  0  1  2  3  4  5  6  7  8  9  A  B  C  D  E  F      | 0123456789ABCDEF
    -----------------------------------------------------  ----------------------
      0 | 0E 1E 10 00 4A A0 0E 01 4A 00 0F 68 CF 77 7A 42    0 | ....J...J..h.wzB
      1 | 00 00 00 00 AA 71 88 C2 07 00 00 00 32 32 64 00    1 | .....q......22d.
      2 | 00 1B 00 00 00 00 00 20 00 00 00 00 00 00 00 00    2 | ....... ........
      3 | 00 00 69 03 54 61 6D 69 00 00 00 00 -- -- -- --    3 | ..i.Tami....----

NPC ID: 17735855
  Name: Claiborne
  POLUtils_Name: Claiborne
  Type: Equipped NPC
  XYZR: 62.874, 0.000, -87.468, 166
  Mask: 01010111
        |  0  1  2  3  4  5  6  7  8  9  A  B  C  D  E  F      | 0123456789ABCDEF
    -----------------------------------------------------  ----------------------
      0 | 0E 2A 10 00 AF A0 0E 01 AF 00 57 A6 FA 7E 7B 42    0 | .*........W..~{B
      1 | 00 00 00 00 9E EF AE C2 01 00 00 00 32 32 64 00    1 | ............22d.
      2 | 02 1B 00 00 00 00 00 20 00 00 00 00 00 00 00 00    2 | ....... ........
      3 | 01 00 00 02 00 10 00 20 00 30 00 40 00 50 00 60    3 | ....... .0.@.P.`
      4 | 00 70 00 00 00 00 00 00 00 00 00 00 00 00 00 00    4 | .p..............
      5 | 00 00 00 00 -- -- -- -- -- -- -- -- -- -- -- --    5 | ....------------

NPC ID: 17735742
  Name: Faustin
  POLUtils_Name: Faustin
  Type: Equipped NPC
  XYZR: 61.968, 0.000, -96.017, 164
  Mask: 01010111
        |  0  1  2  3  4  5  6  7  8  9  A  B  C  D  E  F      | 0123456789ABCDEF
    -----------------------------------------------------  ----------------------
      0 | 0E 28 12 00 3E A0 0E 01 3E 00 57 A4 3B DF 77 42    0 | .(..>...>.W.;.wB
      1 | 00 00 00 00 B4 08 C0 C2 08 00 00 00 32 32 64 00    1 | ............22d.
      2 | 00 1B 00 00 00 00 00 20 00 00 00 00 00 00 00 00    2 | ....... ........
      3 | 01 00 01 03 07 10 01 20 00 30 05 40 05 50 8C 60    3 | ....... .0.@.P.`
      4 | 00 70 00 00 00 00 00 00 00 00 00 00 00 00 00 00    4 | .p..............

NPC ID: 17735850
  Name: Gerahja
  POLUtils_Name: Gerahja
  Type: Equipped NPC
  XYZR: 54.161, 0.871, -96.057, 146
  Mask: 01010111
        |  0  1  2  3  4  5  6  7  8  9  A  B  C  D  E  F      | 0123456789ABCDEF
    -----------------------------------------------------  ----------------------
      0 | 0E 28 15 00 AA A0 0E 01 AA 00 57 92 DD A4 58 42    0 | .(........W...XB
      1 | DB F9 5E 3F 2F 1D C0 C2 07 00 00 00 32 32 64 00    1 | ..^?/.......22d.
      2 | 00 1B 00 00 00 00 00 20 00 00 00 00 00 00 00 00    2 | ....... ........
      3 | 01 00 01 08 73 10 73 20 73 30 73 40 73 50 00 60    3 | ....s.s s0s@sP.`
      4 | 00 70 00 00 00 00 00 00 00 00 00 00 00 00 00 00    4 | .p..............

NPC ID: 17735821
  Name: Gregory
  POLUtils_Name: Gregory
  Type: Equipped NPC
  XYZR: 51.530, 0.000, -83.940, 198
  Mask: 01010111
        |  0  1  2  3  4  5  6  7  8  9  A  B  C  D  E  F      | 0123456789ABCDEF
    -----------------------------------------------------  ----------------------
      0 | 0E 28 16 00 8D A0 0E 01 8D 00 57 C6 B8 1E 4E 42    0 | .(........W...NB
      1 | 00 00 00 00 48 E1 A7 C2 0E 00 00 00 32 32 64 00    1 | ....H.......22d.
      2 | 00 1B 00 00 00 00 00 20 00 00 00 00 00 00 00 00    2 | ....... ........
      3 | 01 00 03 01 00 10 2E 20 00 30 03 40 00 50 00 60    3 | ....... .0.@.P.`
      4 | 00 70 00 00 00 00 00 00 00 00 00 00 00 00 00 00    4 | .p..............

NPC ID: 17735870
  Name: Synergy Enthusiast
  POLUtils_Name: Synergy Enthusiast
  Type: Equipped NPC
  XYZR: 53.000, 0.000, -64.000, 41
  Mask: 01010111
        |  0  1  2  3  4  5  6  7  8  9  A  B  C  D  E  F      | 0123456789ABCDEF
    -----------------------------------------------------  ----------------------
      0 | 0E 2C 18 00 BE A0 0E 01 BE 00 57 29 00 00 54 42    0 | .,........W)..TB
      1 | 00 00 00 00 00 00 80 C2 08 00 00 00 32 32 64 00    1 | ............22d.
      2 | 00 03 00 00 00 00 00 00 00 00 00 00 00 00 00 00    2 | ................
      3 | 01 00 04 08 77 10 78 20 0A 30 0A 40 0A 50 00 60    3 | ....w.x .0.@.P.`
      4 | 00 70 00 00 00 00 00 00 00 00 00 00 00 00 00 00    4 | .p..............
      5 | 00 00 00 00 00 00 00 00 -- -- -- -- -- -- -- --    5 | ........--------

NPC ID: 17735824
  Name: Zopago
  POLUtils_Name: Zopago
  Type: Equipped NPC
  XYZR: 51.706, 0.874, -109.065, 148
  Mask: 01010111
        |  0  1  2  3  4  5  6  7  8  9  A  B  C  D  E  F      | 0123456789ABCDEF
    -----------------------------------------------------  ----------------------
      0 | 0E 28 19 00 90 A0 0E 01 90 00 57 94 F2 D2 4E 42    0 | .(........W...NB
      1 | 77 BE 5F 3F 48 21 DA C2 08 00 00 00 32 32 64 00    1 | w._?H!......22d.
      2 | 00 1B 00 00 00 00 00 20 00 00 00 00 00 00 00 00    2 | ....... ........
      3 | 01 00 07 08 00 10 12 20 12 30 12 40 12 50 00 60    3 | ....... .0.@.P.`
      4 | 00 70 00 00 00 00 00 00 00 00 00 00 00 00 00 00    4 | .p..............

NPC ID: 17735880
  Name: Prycillia
  POLUtils_Name: Prycillia
  Type: Equipped NPC
  XYZR: 45.000, 0.000, -84.000, 192
  Mask: 01010111
        |  0  1  2  3  4  5  6  7  8  9  A  B  C  D  E  F      | 0123456789ABCDEF
    -----------------------------------------------------  ----------------------
      0 | 0E 2A 1A 00 C8 A0 0E 01 C8 00 57 C0 00 00 34 42    0 | .*........W...4B
      1 | 00 00 00 00 00 00 A8 C2 14 00 00 00 32 32 64 00    1 | ............22d.
      2 | 02 1B 00 00 00 00 00 20 00 00 00 00 00 00 00 00    2 | ....... ........
      3 | 01 00 0E 02 77 10 65 20 65 30 65 40 65 50 00 60    3 | ....w.e e0e@eP.`
      4 | 00 70 00 00 00 00 00 00 00 00 00 00 00 00 00 00    4 | .p..............
      5 | 00 00 00 00 -- -- -- -- -- -- -- -- -- -- -- --    5 | ....------------

NPC ID: 17735733
  Name: Neigepance
  POLUtils_Name: Neigepance
  Type: Equipped NPC
  XYZR: 46.673, 0.874, -102.309, 110
  Mask: 01010111
        |  0  1  2  3  4  5  6  7  8  9  A  B  C  D  E  F      | 0123456789ABCDEF
    -----------------------------------------------------  ----------------------
      0 | 0E 2A 1A 00 35 A0 0E 01 35 00 57 6E 27 B1 3A 42    0 | .*..5...5.Wn'.:B
      1 | 77 BE 5F 3F 35 9E CC C2 08 00 00 00 32 32 64 00    1 | w._?5.......22d.
      2 | 00 1B 00 00 00 00 00 20 00 00 01 00 00 00 00 00    2 | ....... ........
      3 | 01 00 03 03 01 10 17 20 0F 30 15 40 0F 50 00 60    3 | ....... .0.@.P.`
      4 | 00 70 00 00 00 00 00 00 00 00 00 00 00 00 00 00    4 | .p..............
      5 | 00 00 00 00 -- -- -- -- -- -- -- -- -- -- -- --    5 | ....------------

NPC ID: 17735869
  Name: SynergyFurnace
  POLUtils_Name: Synergy Furnace
  Type: Simple NPC
  XYZR: 48.500, -0.500, -63.500, 96
  Mask: 00001111
        |  0  1  2  3  4  5  6  7  8  9  A  B  C  D  E  F      | 0123456789ABCDEF
    -----------------------------------------------------  ----------------------
      0 | 0E 24 1B 00 BD A0 0E 01 BD 00 0F 60 00 00 42 42    0 | .$.........`..BB
      1 | 00 00 00 BF 00 00 7E C2 01 00 00 00 28 28 64 00    1 | ......~.....((d.
      2 | 00 83 02 00 00 0C 00 00 00 00 05 44 00 00 00 00    2 | ...........D....
      3 | 00 00 2C 09 53 79 6E 65 72 67 79 46 75 72 6E 61    3 | ..,.SynergyFurna
      4 | 63 65 00 00 00 00 00 00 -- -- -- -- -- -- -- --    4 | ce......--------

NPC ID: 17735865
  Name: Synergy Engineer
  POLUtils_Name: Synergy Engineer
  Type: Equipped NPC
  XYZR: 45.500, -0.500, -62.500, 23
  Mask: 01010111
        |  0  1  2  3  4  5  6  7  8  9  A  B  C  D  E  F      | 0123456789ABCDEF
    -----------------------------------------------------  ----------------------
      0 | 0E 2C 1C 00 B9 A0 0E 01 B9 00 57 17 00 00 36 42    0 | .,........W...6B
      1 | 00 00 00 BF 00 00 7A C2 08 00 00 00 32 32 64 00    1 | ......z.....22d.
      2 | 00 03 00 00 00 00 00 00 00 00 00 00 00 00 00 00    2 | ................
      3 | 01 00 04 02 77 10 78 20 0A 30 0A 40 0A 50 00 60    3 | ....w.x .0.@.P.`
      4 | 00 70 00 00 00 00 00 00 00 00 00 00 00 00 00 00    4 | .p..............
      5 | 00 00 00 00 00 00 00 00 -- -- -- -- -- -- -- --    5 | ........--------

NPC ID: 17735868
  Name: SynergyFurnace
  POLUtils_Name: Synergy Furnace
  Type: Simple NPC
  XYZR: 44.500, -0.500, -59.500, 96
  Mask: 00001111
        |  0  1  2  3  4  5  6  7  8  9  A  B  C  D  E  F      | 0123456789ABCDEF
    -----------------------------------------------------  ----------------------
      0 | 0E 24 1D 00 BC A0 0E 01 BC 00 0F 60 00 00 32 42    0 | .$.........`..2B
      1 | 00 00 00 BF 00 00 6E C2 01 00 00 00 28 28 64 00    1 | ......n.....((d.
      2 | 00 83 02 00 00 0C 00 00 00 00 05 44 00 00 00 00    2 | ...........D....
      3 | 00 00 2C 09 53 79 6E 65 72 67 79 46 75 72 6E 61    3 | ..,.SynergyFurna
      4 | 63 65 00 00 00 00 00 00 -- -- -- -- -- -- -- --    4 | ce......--------

NPC ID: 17735738
  Name: Mariadok
  POLUtils_Name: Mariadok
  Type: Simple NPC
  XYZR: 34.460, 0.000, -82.839, 152
  Mask: 00001111
        |  0  1  2  3  4  5  6  7  8  9  A  B  C  D  E  F      | 0123456789ABCDEF
    -----------------------------------------------------  ----------------------
      0 | 0E 20 22 00 3A A0 0E 01 3A 00 0F 98 0A D7 09 42    0 | . ".:...:......B
      1 | 00 00 00 00 91 AD A5 C2 07 00 00 00 32 32 64 00    1 | ............22d.
      2 | 00 1B 00 00 00 00 00 20 00 00 00 00 00 00 00 00    2 | ....... ........
      3 | 00 00 99 00 4D 61 72 69 61 64 6F 6B 00 00 00 00    3 | ....Mariadok....

NPC ID: 17735767
  Name: _6ib
  POLUtils_Name: Door:Chocobo Stables
  Type: Simple NPC
  XYZR: 40.033, -1.149, -99.158, 0
  Mask: 00000111
        |  0  1  2  3  4  5  6  7  8  9  A  B  C  D  E  F      | 0123456789ABCDEF
    -----------------------------------------------------  ----------------------
      0 | 0E 20 22 00 57 A0 0E 01 57 00 07 00 CB 21 20 42    0 | . ".W...W....! B
      1 | 6F 12 93 BF E5 50 C6 C2 01 00 00 00 32 32 64 09    1 | o....P......22d.
      2 | 00 03 10 00 00 00 00 00 00 00 00 00 00 00 00 00    2 | ................
      3 | 02 00 00 00 5F 36 69 62 00 00 00 00 00 00 00 00    3 | ...._6ib........

NPC ID: 17735730
  Name: Azette
  POLUtils_Name: Azette
  Type: Equipped NPC
  XYZR: 43.882, 0.750, -108.629, 191
  Mask: 01010111
        |  0  1  2  3  4  5  6  7  8  9  A  B  C  D  E  F      | 0123456789ABCDEF
    -----------------------------------------------------  ----------------------
      0 | 0E 28 24 00 32 A0 0E 01 32 00 57 BF 2B 87 2F 42    0 | .($.2...2.W.+./B
      1 | 00 00 40 3F 0C 42 D9 C2 07 00 00 00 32 32 64 00    1 | ..@?.B......22d.
      2 | 00 1B 00 00 00 00 00 20 00 00 01 00 00 00 00 00    2 | ....... ........
      3 | 01 00 06 04 15 10 10 20 0A 30 15 40 18 50 00 60    3 | ....... .0.@.P.`
      4 | 00 70 00 00 00 00 00 00 00 00 00 00 00 00 00 00    4 | .p..............

NPC ID: 17735814
  Name: csnpc
  POLUtils_Name:      
  Type: CS NPC
  XYZR: 41.602, 0.874, -107.262, 80
  Mask: 01010111
        |  0  1  2  3  4  5  6  7  8  9  A  B  C  D  E  F      | 0123456789ABCDEF
    -----------------------------------------------------  ----------------------
      0 | 0E 24 24 00 86 A0 0E 01 86 00 57 50 73 68 26 42    0 | .$$.......WPsh&B
      1 | 77 BE 5F 3F 25 86 D6 C2 00 00 00 00 32 32 64 00    1 | w._?%.......22d.
      2 | 06 1D 00 00 00 00 00 20 00 00 00 00 00 00 00 00    2 | ....... ........
      3 | 01 00 0C 01 7D 10 71 20 52 30 60 40 60 50 00 60    3 | ....}.q R0`@`P.`
      4 | 00 70 00 00 00 00 00 00 -- -- -- -- -- -- -- --    4 | .p......--------

NPC ID: 17735727
  Name: Chocobo
  POLUtils_Name: Chocobo
  Type: Simple NPC
  XYZR: 45.812, 1.374, -110.747, 187
  Mask: 00001111
        |  0  1  2  3  4  5  6  7  8  9  A  B  C  D  E  F      | 0123456789ABCDEF
    -----------------------------------------------------  ----------------------
      0 | 0E 20 24 00 2F A0 0E 01 2F 00 0F BB 7D 3F 37 42    0 | . $./.../...}?7B
      1 | 3B DF AF 3F 77 7E DD C2 01 00 00 00 32 32 64 00    1 | ;..?w~......22d.
      2 | 00 03 00 00 00 00 00 00 00 00 00 00 00 00 00 00    2 | ................
      3 | 00 00 56 00 43 68 6F 63 6F 62 6F 00 00 00 00 00    3 | ..V.Chocobo.....

NPC ID: 17735852
  Name: Keturah
  POLUtils_Name: Keturah
  Type: Equipped NPC
  XYZR: 26.761, 0.871, -89.687, 44
  Mask: 01010111
        |  0  1  2  3  4  5  6  7  8  9  A  B  C  D  E  F      | 0123456789ABCDEF
    -----------------------------------------------------  ----------------------
      0 | 0E 28 26 00 AC A0 0E 01 AC 00 57 2C 87 16 D6 41    0 | .(&.......W,...A
      1 | DB F9 5E 3F BE 5F B3 C2 14 00 00 00 32 32 64 00    1 | ..^?._......22d.
      2 | 00 1B 00 00 00 00 00 20 00 00 01 00 00 00 00 00    2 | ....... ........
      3 | 01 00 00 02 00 10 10 20 10 30 10 40 10 50 00 60    3 | ....... .0.@.P.`
      4 | 00 70 00 00 00 00 00 00 00 00 00 00 00 00 00 00    4 | .p..............

NPC ID: 17735699
  Name: Wahid
  POLUtils_Name: Wahid
  Type: Simple NPC
  XYZR: 26.305, 0.000, -66.403, 16
  Mask: 00001111
        |  0  1  2  3  4  5  6  7  8  9  A  B  C  D  E  F      | 0123456789ABCDEF
    -----------------------------------------------------  ----------------------
      0 | 0E 20 26 00 13 A0 0E 01 13 00 0F 10 A4 70 D2 41    0 | . &..........p.A
      1 | 00 00 00 00 56 CE 84 C2 01 00 00 00 32 32 64 00    1 | ....V.......22d.
      2 | 00 1B 00 00 00 00 00 20 00 00 00 00 00 00 00 00    2 | ....... ........
      3 | 00 00 61 03 57 61 68 69 64 00 00 00 00 00 00 00    3 | ..a.Wahid.......

NPC ID: 17735728
  Name: Chocobo
  POLUtils_Name: Chocobo
  Type: Simple NPC
  XYZR: 41.177, 1.374, -110.713, 181
  Mask: 00001111
        |  0  1  2  3  4  5  6  7  8  9  A  B  C  D  E  F      | 0123456789ABCDEF
    -----------------------------------------------------  ----------------------
      0 | 0E 20 27 00 30 A0 0E 01 30 00 0F B5 3F B5 24 42    0 | . '.0...0...?.$B
      1 | 3B DF AF 3F 0E 6D DD C2 14 00 00 00 32 32 64 00    1 | ;..?.m......22d.
      2 | 00 03 00 00 00 00 00 00 00 00 00 00 00 00 00 00    2 | ................
      3 | 00 00 57 00 43 68 6F 63 6F 62 6F 00 00 00 00 00    3 | ..W.Chocobo.....

NPC ID: 17735731
  Name: Eulaphe
  POLUtils_Name: Eulaphe
  Type: Equipped NPC
  XYZR: 38.975, 0.750, -108.629, 185
  Mask: 01010111
        |  0  1  2  3  4  5  6  7  8  9  A  B  C  D  E  F      | 0123456789ABCDEF
    -----------------------------------------------------  ----------------------
      0 | 0E 28 27 00 33 A0 0E 01 33 00 57 B9 66 E6 1B 42    0 | .('.3...3.W.f..B
      1 | 00 00 40 3F 0C 42 D9 C2 01 00 00 00 32 32 64 00    1 | ..@?.B......22d.
      2 | 00 1B 00 00 00 00 00 20 00 00 01 00 00 00 00 00    2 | ....... ........
      3 | 01 00 01 04 15 10 08 20 0A 30 15 40 18 50 00 60    3 | ....... .0.@.P.`
      4 | 00 70 00 00 00 00 00 00 00 00 00 00 00 00 00 00    4 | .p..............

NPC ID: 17735950
  Name: Christina
  POLUtils_Name: Christina
  Type: Equipped NPC
  XYZR: 23.703, 0.000, -86.034, 158
  Mask: 01010111
        |  0  1  2  3  4  5  6  7  8  9  A  B  C  D  E  F      | 0123456789ABCDEF
    -----------------------------------------------------  ----------------------
      0 | 0E 2A 28 00 0E A1 0E 01 0E 01 57 9E BE 9F BD 41    0 | .*(.......W....A
      1 | 00 00 00 00 68 11 AC C2 01 00 00 00 32 32 64 00    1 | ....h.......22d.
      2 | 02 1B 00 00 00 00 00 20 20 00 00 00 00 00 00 00    2 | .......  .......
      3 | 01 00 01 02 8C 10 8C 20 7A 30 21 40 4C 50 00 60    3 | ....... z0!@LP.`
      4 | 00 70 00 00 00 00 00 00 00 00 00 00 00 00 00 00    4 | .p..............
      5 | 00 00 00 00 -- -- -- -- -- -- -- -- -- -- -- --    5 | ....------------

NPC ID: 17735732
  Name: Quelle
  POLUtils_Name: Quelle
  Type: Equipped NPC
  XYZR: 33.998, 0.750, -108.625, 190
  Mask: 01010111
        |  0  1  2  3  4  5  6  7  8  9  A  B  C  D  E  F      | 0123456789ABCDEF
    -----------------------------------------------------  ----------------------
      0 | 0E 28 28 00 34 A0 0E 01 34 00 57 BE F4 FD 07 42    0 | .((.4...4.W....B
      1 | 00 00 40 3F 00 40 D9 C2 14 00 00 00 32 32 64 00    1 | ..@?.@......22d.
      2 | 00 1B 00 00 00 00 00 20 00 00 01 00 00 00 00 00    2 | ....... ........
      3 | 01 00 09 04 15 10 08 20 0A 30 15 40 18 50 00 60    3 | ....... .0.@.P.`
      4 | 00 70 00 00 00 00 00 00 00 00 00 00 00 00 00 00    4 | .p..............

NPC ID: 17735729
  Name: Chocobo
  POLUtils_Name: Chocobo
  Type: Simple NPC
  XYZR: 36.096, 1.374, -110.719, 191
  Mask: 00001111
        |  0  1  2  3  4  5  6  7  8  9  A  B  C  D  E  F      | 0123456789ABCDEF
    -----------------------------------------------------  ----------------------
      0 | 0E 20 28 00 31 A0 0E 01 31 00 0F BF 4E 62 10 42    0 | . (.1...1...Nb.B
      1 | 3B DF AF 3F 21 70 DD C2 0E 00 00 00 32 32 64 00    1 | ;..?!p......22d.
      2 | 00 03 00 00 00 00 00 00 00 00 00 00 00 00 00 00    2 | ................
      3 | 00 00 56 00 43 68 6F 63 6F 62 6F 00 00 00 00 00    3 | ..V.Chocobo.....

NPC ID: 17735956
  Name: blank
  POLUtils_Name:      
  Type: Decoration
  XYZR: 20.946, -3.000, -61.886, 0
  Mask: 00001111
        |  0  1  2  3  4  5  6  7  8  9  A  B  C  D  E  F      | 0123456789ABCDEF
    -----------------------------------------------------  ----------------------
      0 | 0E 1C 29 00 14 A1 0E 01 14 01 0F 00 68 91 A7 41    0 | ..).........h..A
      1 | 00 00 40 C0 44 8B 77 C2 14 80 00 00 32 32 64 00    1 | ..@.D.w.....22d.
      2 | 02 1B 08 00 00 00 00 22 80 00 00 40 00 00 00 00    2 | ......."...@....
      3 | 00 00 DA 04 00 00 00 00 -- -- -- -- -- -- -- --    3 | ........--------

NPC ID: 17735874
  Name: Moogle
  POLUtils_Name: Moogle
  Type: Simple NPC
  XYZR: 21.585, 0.000, -90.882, 146
  Mask: 00001111
        |  0  1  2  3  4  5  6  7  8  9  A  B  C  D  E  F      | 0123456789ABCDEF
    -----------------------------------------------------  ----------------------
      0 | 0E 20 29 00 C2 A0 0E 01 C2 00 0F 92 14 AE AC 41    0 | . )............A
      1 | 00 00 00 00 96 C3 B5 C2 07 00 00 00 32 32 64 00    1 | ............22d.
      2 | 02 03 00 40 00 00 00 00 20 00 00 00 00 00 00 00    2 | ...@.... .......
      3 | 00 00 52 00 4D 6F 6F 67 6C 65 00 00 00 00 00 00    3 | ..R.Moogle......

NPC ID: 17735957
  Name: Moogle
  POLUtils_Name: Moogle
  Type: Simple NPC
  XYZR: 21.893, 0.000, -88.895, 144
  Mask: 00001111
        |  0  1  2  3  4  5  6  7  8  9  A  B  C  D  E  F      | 0123456789ABCDEF
    -----------------------------------------------------  ----------------------
      0 | 0E 20 29 00 15 A1 0E 01 15 01 0F 90 DD 24 AF 41    0 | . )..........$.A
      1 | 00 00 00 00 3D CA B1 C2 01 00 00 00 32 32 64 00    1 | ....=.......22d.
      2 | 02 03 00 00 00 00 00 00 20 00 00 00 00 00 00 00    2 | ........ .......
      3 | 00 00 52 00 4D 6F 6F 67 6C 65 00 00 00 00 00 00    3 | ..R.Moogle......

NPC ID: 17735919
  Name: Moogle
  POLUtils_Name: Moogle
  Type: Simple NPC
  XYZR: 21.917, 0.000, -89.785, 146
  Mask: 00001111
        |  0  1  2  3  4  5  6  7  8  9  A  B  C  D  E  F      | 0123456789ABCDEF
    -----------------------------------------------------  ----------------------
      0 | 0E 20 29 00 EF A0 0E 01 EF 00 0F 92 04 56 AF 41    0 | . )..........V.A
      1 | 00 00 00 00 EC 91 B3 C2 01 00 00 00 32 32 64 00    1 | ............22d.
      2 | 02 03 00 00 00 00 00 00 20 00 00 00 00 00 00 00    2 | ........ .......
      3 | 00 00 52 00 4D 6F 6F 67 6C 65 00 00 00 00 00 00    3 | ..R.Moogle......

NPC ID: 17735846
  Name: Gonija
  POLUtils_Name: Gonija
  Type: Simple NPC
  XYZR: 27.711, 0.874, -104.910, 16
  Mask: 00001111
        |  0  1  2  3  4  5  6  7  8  9  A  B  C  D  E  F      | 0123456789ABCDEF
    -----------------------------------------------------  ----------------------
      0 | 0E 20 2A 00 A6 A0 0E 01 A6 00 0F 10 21 B0 DD 41    0 | . *.........!..A
      1 | 77 BE 5F 3F EC D1 D1 C2 07 00 00 00 32 32 64 00    1 | w._?........22d.
      2 | 00 1B 00 00 00 00 00 20 00 00 00 00 00 00 00 00    2 | ....... ........
      3 | 00 00 B4 00 47 6F 6E 69 6A 61 00 00 00 00 00 00    3 | ....Gonija......

NPC ID: 17735794
  Name: Gorvik
  POLUtils_Name: Gorvik
  Type: Simple NPC
  XYZR: 21.033, 0.000, -98.486, 152
  Mask: 00001111
        |  0  1  2  3  4  5  6  7  8  9  A  B  C  D  E  F      | 0123456789ABCDEF
    -----------------------------------------------------  ----------------------
      0 | 0E 20 2B 00 72 A0 0E 01 72 00 0F 98 96 43 A8 41    0 | . +.r...r....C.A
      1 | 00 00 00 00 D5 F8 C4 C2 07 00 00 00 32 32 64 22    1 | ............22d"
      2 | 00 1B 00 00 00 00 00 20 00 00 00 00 00 00 00 00    2 | ....... ........
      3 | 00 00 CE 03 47 6F 72 76 69 6B 00 00 00 00 00 00    3 | ....Gorvik......

NPC ID: 17735813
  Name: Wobke
  POLUtils_Name: Wobke
  Type: Simple NPC
  XYZR: 29.028, 0.874, -111.626, 63
  Mask: 00001111
        |  0  1  2  3  4  5  6  7  8  9  A  B  C  D  E  F      | 0123456789ABCDEF
    -----------------------------------------------------  ----------------------
      0 | 0E 20 2C 00 85 A0 0E 01 85 00 0F 3F 58 39 E8 41    0 | . ,........?X9.A
      1 | 77 BE 5F 3F 83 40 DF C2 0E 00 00 00 32 32 64 00    1 | w._?.@......22d.
      2 | 00 1B 00 00 00 00 00 20 00 00 00 00 00 00 00 00    2 | ....... ........
      3 | 00 00 69 00 57 6F 62 6B 65 00 00 00 00 00 00 00    3 | ..i.Wobke.......

NPC ID: 17735955
  Name: blank
  POLUtils_Name:      
  Type: Decoration
  XYZR: 12.071, -3.000, -64.690, 0
  Mask: 00001111
        |  0  1  2  3  4  5  6  7  8  9  A  B  C  D  E  F      | 0123456789ABCDEF
    -----------------------------------------------------  ----------------------
      0 | 0E 1C 2D 00 13 A1 0E 01 13 01 0F 00 D1 22 41 41    0 | ..-.........."AA
      1 | 00 00 40 C0 48 61 81 C2 01 80 00 00 32 32 64 00    1 | ..@.Ha......22d.
      2 | 02 1B 08 00 00 00 00 22 80 00 00 40 00 00 00 00    2 | ......."...@....
      3 | 00 00 DA 04 00 00 00 00 -- -- -- -- -- -- -- --    3 | ........--------

NPC ID: 17735875
  Name: Moogle
  POLUtils_Name: Moogle
  Type: Simple NPC
  XYZR: 16.835, 0.000, -97.194, 169
  Mask: 00001111
        |  0  1  2  3  4  5  6  7  8  9  A  B  C  D  E  F      | 0123456789ABCDEF
    -----------------------------------------------------  ----------------------
      0 | 0E 20 2D 00 C3 A0 0E 01 C3 00 0F A9 14 AE 86 41    0 | . -............A
      1 | 00 00 00 00 54 63 C2 C2 01 00 00 00 32 32 64 00    1 | ....Tc......22d.
      2 | 02 03 00 00 00 00 00 00 00 00 00 00 00 00 00 00    2 | ................
      3 | 00 00 52 00 4D 6F 6F 67 6C 65 00 00 00 00 00 00    3 | ..R.Moogle......

NPC ID: 17735958
  Name: Moogle
  POLUtils_Name: Moogle
  Type: Simple NPC
  XYZR: 9.774, 0.000, -72.000, 57
  Mask: 00001111
        |  0  1  2  3  4  5  6  7  8  9  A  B  C  D  E  F      | 0123456789ABCDEF
    -----------------------------------------------------  ----------------------
      0 | 0E 20 2E 00 16 A1 0E 01 16 01 0F 39 4E 62 1C 41    0 | . .........9Nb.A
      1 | 00 00 00 00 00 00 90 C2 01 00 00 00 32 32 64 00    1 | ............22d.
      2 | 02 03 00 00 00 00 00 00 20 00 00 00 00 00 00 00    2 | ........ .......
      3 | 00 00 52 00 4D 6F 6F 67 6C 65 00 00 00 00 00 00    3 | ..R.Moogle......

NPC ID: 17735954
  Name: blank
  POLUtils_Name:      
  Type: Decoration
  XYZR: 4.749, -3.000, -65.382, 0
  Mask: 00001111
        |  0  1  2  3  4  5  6  7  8  9  A  B  C  D  E  F      | 0123456789ABCDEF
    -----------------------------------------------------  ----------------------
      0 | 0E 1C 30 00 12 A1 0E 01 12 01 0F 00 CF F7 97 40    0 | ..0............@
      1 | 00 00 40 C0 96 C3 82 C2 07 80 00 00 32 32 64 00    1 | ..@.........22d.
      2 | 02 1B 08 00 00 00 00 22 80 00 00 40 00 00 00 00    2 | ......."...@....
      3 | 00 00 DA 04 00 00 00 00 -- -- -- -- -- -- -- --    3 | ........--------

NPC ID: 17735991
  Name: SurvivalGuide
  POLUtils_Name: Survival Guide
  Type: Simple NPC
  XYZR: 20.000, 0.000, -115.000, 0
  Mask: 00001111
        |  0  1  2  3  4  5  6  7  8  9  A  B  C  D  E  F      | 0123456789ABCDEF
    -----------------------------------------------------  ----------------------
      0 | 0E 24 31 00 37 A1 0E 01 37 01 0F 00 00 00 A0 41    0 | .$1.7...7......A
      1 | 00 00 00 00 00 00 E6 C2 01 00 00 00 32 32 64 00    1 | ............22d.
      2 | 00 03 00 00 00 00 00 00 00 00 11 20 00 00 00 00    2 | ........... ....
      3 | 00 00 81 09 53 75 72 76 69 76 61 6C 47 75 69 64    3 | ....SurvivalGuid
      4 | 65 00 00 00 00 00 00 00 -- -- -- -- -- -- -- --    4 | e.......--------

NPC ID: 17735963
  Name: NPC[11b]
  POLUtils_Name: NPC
  Type: Simple NPC
  XYZR: 0.000, -0.500, -76.000, 0
  Mask: 00001111
        |  0  1  2  3  4  5  6  7  8  9  A  B  C  D  E  F      | 0123456789ABCDEF
    -----------------------------------------------------  ----------------------
      0 | 0E 20 32 00 1B A1 0E 01 1B 01 0F 00 00 00 00 00    0 | . 2.............
      1 | 00 00 00 BF 00 00 98 C2 01 00 00 00 32 32 64 00    1 | ............22d.
      2 | 02 03 00 00 00 00 00 00 00 00 00 00 00 00 00 00    2 | ................
      3 | 00 00 32 00 4E 50 43 5B 31 31 62 5D 00 00 00 00    3 | ..2.NPC[11b]....

NPC ID: 17735953
  Name: blank
  POLUtils_Name:      
  Type: Decoration
  XYZR: -4.769, -3.000, -65.301, 0
  Mask: 00001111
        |  0  1  2  3  4  5  6  7  8  9  A  B  C  D  E  F      | 0123456789ABCDEF
    -----------------------------------------------------  ----------------------
      0 | 0E 1C 34 00 11 A1 0E 01 11 01 0F 00 A6 9B 98 C0    0 | ..4.............
      1 | 00 00 40 C0 1D 9A 82 C2 0E 80 00 00 32 32 64 00    1 | ..@.........22d.
      2 | 02 1B 08 00 00 00 00 22 80 00 00 40 00 00 00 00    2 | ......."...@....
      3 | 00 00 DA 04 00 00 00 00 -- -- -- -- -- -- -- --    3 | ........--------

NPC ID: 17735706
  Name: AuctionCounter
  POLUtils_Name: Auction Counter
  Type: Simple NPC
  XYZR: -0.022, -4.089, -51.556, 176
  Mask: 00001111
        |  0  1  2  3  4  5  6  7  8  9  A  B  C  D  E  F      | 0123456789ABCDEF
    -----------------------------------------------------  ----------------------
      0 | 0E 24 34 00 1A A0 0E 01 1A 00 0F B0 58 39 B4 BC    0 | .$4.........X9..
      1 | 17 D9 82 C0 58 39 4E C2 01 80 00 00 32 32 64 00    1 | ....X9N.....22d.
      2 | 00 03 00 00 00 00 00 00 00 00 00 00 00 00 00 00    2 | ................
      3 | 00 00 32 00 41 75 63 74 69 6F 6E 43 6F 75 6E 74    3 | ..2.AuctionCount
      4 | 65 72 00 00 00 00 00 00 -- -- -- -- -- -- -- --    4 | er......--------

NPC ID: 17735947
  Name: Fashionista
  POLUtils_Name: Fashionista
  Type: Equipped NPC
  XYZR: -6.900, 0.000, -76.000, 63
  Mask: 01010111
        |  0  1  2  3  4  5  6  7  8  9  A  B  C  D  E  F      | 0123456789ABCDEF
    -----------------------------------------------------  ----------------------
      0 | 0E 2A 35 00 0B A1 0E 01 0B 01 57 3F CD CC DC C0    0 | .*5.......W?....
      1 | 00 00 00 00 00 00 98 C2 00 00 00 00 32 32 64 00    1 | ............22d.
      2 | 06 03 00 00 00 00 00 00 00 00 00 60 00 00 00 00    2 | ...........`....
      3 | 01 00 1E 08 00 10 00 20 00 30 00 40 00 50 00 60    3 | ....... .0.@.P.`
      4 | 00 70 00 00 00 00 00 00 00 00 00 00 00 00 00 00    4 | .p..............
      5 | 00 00 00 00 -- -- -- -- -- -- -- -- -- -- -- --    5 | ....------------

NPC ID: 17735939
  Name: blank
  POLUtils_Name:      
  Type: Decoration
  XYZR: 14.604, 0.000, -117.192, 197
  Mask: 00001111
        |  0  1  2  3  4  5  6  7  8  9  A  B  C  D  E  F      | 0123456789ABCDEF
    -----------------------------------------------------  ----------------------
      0 | 0E 1C 35 00 03 A1 0E 01 03 01 0F C5 FC A9 69 41    0 | ..5...........iA
      1 | 00 00 00 00 4E 62 EA C2 01 80 00 00 32 32 64 00    1 | ....Nb......22d.
      2 | 02 1B 08 00 00 00 00 22 A0 00 00 68 00 00 00 00    2 | ......."...h....
      3 | 00 00 07 05 00 00 00 00 -- -- -- -- -- -- -- --    3 | ........--------

NPC ID: 17735945
  Name: Fashionista
  POLUtils_Name: Fashionista
  Type: Equipped NPC
  XYZR: -8.500, 0.000, -76.500, 63
  Mask: 01010111
        |  0  1  2  3  4  5  6  7  8  9  A  B  C  D  E  F      | 0123456789ABCDEF
    -----------------------------------------------------  ----------------------
      0 | 0E 2A 36 00 09 A1 0E 01 09 01 57 3F 00 00 08 C1    0 | .*6.......W?....
      1 | 00 00 00 00 00 00 99 C2 00 00 00 00 32 32 64 00    1 | ............22d.
      2 | 06 03 00 00 00 00 00 00 00 00 00 60 00 00 00 00    2 | ...........`....
      3 | 01 00 1E 08 00 10 00 20 00 30 00 40 00 50 00 60    3 | ....... .0.@.P.`
      4 | 00 70 00 00 00 00 00 00 00 00 00 00 00 00 00 00    4 | .p..............
      5 | 00 00 00 00 -- -- -- -- -- -- -- -- -- -- -- --    5 | ....------------

NPC ID: 17735944
  Name: blank
  POLUtils_Name:      
  Type: Decoration
  XYZR: -8.500, 0.000, -73.000, 63
  Mask: 00001111
        |  0  1  2  3  4  5  6  7  8  9  A  B  C  D  E  F      | 0123456789ABCDEF
    -----------------------------------------------------  ----------------------
      0 | 0E 1C 36 00 08 A1 0E 01 08 01 0F 3F 00 00 08 C1    0 | ..6........?....
      1 | 00 00 00 00 00 00 92 C2 00 00 00 00 32 32 64 00    1 | ............22d.
      2 | 06 1B 08 00 00 00 00 20 00 00 00 60 00 00 00 00    2 | ....... ...`....
      3 | 00 00 0C 08 00 00 00 00 -- -- -- -- -- -- -- --    3 | ........--------

NPC ID: 17735769
  Name: Hound Nose
  POLUtils_Name: Hound Nose
  Type: Equipped NPC
  XYZR: -9.390, -2.999, -59.606, 69
  Mask: 01010111
        |  0  1  2  3  4  5  6  7  8  9  A  B  C  D  E  F      | 0123456789ABCDEF
    -----------------------------------------------------  ----------------------
      0 | 0E 2A 37 00 59 A0 0E 01 59 00 57 45 71 3D 16 C1    0 | .*7.Y...Y.WEq=..
      1 | 9E EF 3F C0 8B 6C 6E C2 0E 00 00 00 32 32 64 00    1 | ..?..ln.....22d.
      2 | 00 1B 00 00 00 00 00 20 00 00 00 00 00 00 00 00    2 | ....... ........
      3 | 01 00 05 08 0F 10 14 20 00 30 03 40 07 50 00 60    3 | ....... .0.@.P.`
      4 | 00 70 00 00 00 00 00 00 00 00 00 00 00 00 00 00    4 | .p..............
      5 | 00 00 00 00 -- -- -- -- -- -- -- -- -- -- -- --    5 | ....------------

NPC ID: 17735946
  Name: Fashionista
  POLUtils_Name: Fashionista
  Type: Equipped NPC
  XYZR: -10.100, 0.000, -76.000, 63
  Mask: 01010111
        |  0  1  2  3  4  5  6  7  8  9  A  B  C  D  E  F      | 0123456789ABCDEF
    -----------------------------------------------------  ----------------------
      0 | 0E 2A 37 00 0A A1 0E 01 0A 01 57 3F 9A 99 21 C1    0 | .*7.......W?..!.
      1 | 00 00 00 00 00 00 98 C2 00 00 00 00 32 32 64 00    1 | ............22d.
      2 | 06 03 00 00 00 00 00 00 00 00 00 60 00 00 00 00    2 | ...........`....
      3 | 01 00 1E 08 00 10 00 20 00 30 00 40 00 50 00 60    3 | ....... .0.@.P.`
      4 | 00 70 00 00 00 00 00 00 00 00 00 00 00 00 00 00    4 | .p..............
      5 | 00 00 00 00 -- -- -- -- -- -- -- -- -- -- -- --    5 | ....------------

NPC ID: 17735860
  Name: HuntRegistry
  POLUtils_Name: Hunt Registry
  Type: Simple NPC
  XYZR: 18.000, 0.000, -120.000, 32
  Mask: 00001111
        |  0  1  2  3  4  5  6  7  8  9  A  B  C  D  E  F      | 0123456789ABCDEF
    -----------------------------------------------------  ----------------------
      0 | 0E 22 37 00 B4 A0 0E 01 B4 00 0F 20 00 00 90 41    0 | ."7........ ...A
      1 | 00 00 00 00 00 00 F0 C2 01 00 00 00 32 32 64 00    1 | ............22d.
      2 | 00 03 00 00 00 00 00 00 00 00 08 60 00 00 00 00    2 | ...........`....
      3 | 00 00 28 09 48 75 6E 74 52 65 67 69 73 74 72 79    3 | ..(.HuntRegistry
      4 | 00 00 00 00 -- -- -- -- -- -- -- -- -- -- -- --    4 | ....------------

NPC ID: 17735952
  Name: blank
  POLUtils_Name:      
  Type: Decoration
  XYZR: -12.124, -3.000, -64.650, 0
  Mask: 00001111
        |  0  1  2  3  4  5  6  7  8  9  A  B  C  D  E  F      | 0123456789ABCDEF
    -----------------------------------------------------  ----------------------
      0 | 0E 1C 38 00 10 A1 0E 01 10 01 0F 00 E7 FB 41 C1    0 | ..8...........A.
      1 | 00 00 40 C0 CD 4C 81 C2 14 80 00 00 32 32 64 00    1 | ..@..L......22d.
      2 | 02 1B 08 00 00 00 00 22 80 00 00 40 00 00 00 00    2 | ......."...@....
      3 | 00 00 DA 04 00 00 00 00 -- -- -- -- -- -- -- --    3 | ........--------

NPC ID: 17735943
  Name: Ensemble Maven
  POLUtils_Name: Ensemble Maven
  Type: Equipped NPC
  XYZR: -12.500, 0.000, -73.000, 63
  Mask: 01010111
        |  0  1  2  3  4  5  6  7  8  9  A  B  C  D  E  F      | 0123456789ABCDEF
    -----------------------------------------------------  ----------------------
      0 | 0E 2C 38 00 07 A1 0E 01 07 01 57 3F 00 00 48 C1    0 | .,8.......W?..H.
      1 | 00 00 00 00 00 00 92 C2 00 00 00 00 32 32 64 00    1 | ............22d.
      2 | 06 03 00 00 00 00 00 00 20 00 00 00 00 00 00 00    2 | ........ .......
      3 | 01 00 01 08 48 11 94 21 94 31 94 41 94 51 00 60    3 | ....H..!.1.A.Q.`
      4 | 00 70 00 00 00 00 00 00 00 00 00 00 00 00 00 00    4 | .p..............
      5 | 00 00 00 00 00 00 00 00 -- -- -- -- -- -- -- --    5 | ........--------

NPC ID: 17735705
  Name: AuctionCounter
  POLUtils_Name: Auction Counter
  Type: Simple NPC
  XYZR: -8.187, -4.089, -50.497, 162
  Mask: 00001111
        |  0  1  2  3  4  5  6  7  8  9  A  B  C  D  E  F      | 0123456789ABCDEF
    -----------------------------------------------------  ----------------------
      0 | 0E 24 39 00 19 A0 0E 01 19 00 0F A2 F4 FD 02 C1    0 | .$9.............
      1 | 17 D9 82 C0 EE FC 49 C2 01 80 00 00 32 32 64 00    1 | ......I.....22d.
      2 | 00 03 00 00 00 00 00 00 00 00 00 00 00 00 00 00    2 | ................
      3 | 00 00 32 00 41 75 63 74 69 6F 6E 43 6F 75 6E 74    3 | ..2.AuctionCount
      4 | 65 72 00 00 00 00 00 00 -- -- -- -- -- -- -- --    4 | er......--------

NPC ID: 17736017
  Name: EnigmaticFootp
  POLUtils_Name: Enigmatic Footprints
  Type: Simple NPC
  XYZR: 8.690, 0.000, -117.200, 0
  Mask: 00001111
        |  0  1  2  3  4  5  6  7  8  9  A  B  C  D  E  F      | 0123456789ABCDEF
    -----------------------------------------------------  ----------------------
      0 | 0E 24 39 00 51 A1 0E 01 51 01 0F 00 3D 0A 0B 41    0 | .$9.Q...Q...=..A
      1 | 00 00 00 00 66 66 EA C2 01 80 00 00 32 32 64 00    1 | ....ff......22d.
      2 | 00 03 00 00 00 00 00 02 20 00 00 70 00 00 00 00    2 | ........ ..p....
      3 | 00 00 16 09 45 6E 69 67 6D 61 74 69 63 46 6F 6F    3 | ....EnigmaticFoo
      4 | 74 70 00 00 00 00 00 00 -- -- -- -- -- -- -- --    4 | tp......--------

NPC ID: 17735687
  Name: Crying Wind, I.M.
  POLUtils_Name: Crying Wind, I.M.
  Type: Equipped NPC
  XYZR: -3.127, -1.000, -123.878, 189
  Mask: 01010111
        |  0  1  2  3  4  5  6  7  8  9  A  B  C  D  E  F      | 0123456789ABCDEF
    -----------------------------------------------------  ----------------------
      0 | 0E 2C 3E 00 07 A0 0E 01 07 00 57 BD C5 20 48 C0    0 | .,>.......W.. H.
      1 | 00 00 80 BF 89 C1 F7 C2 07 00 00 00 32 32 64 00    1 | ............22d.
      2 | 00 1B 00 00 00 00 00 20 00 00 00 00 00 00 00 00    2 | ....... ........
      3 | 01 00 01 08 02 10 02 20 02 30 02 40 02 50 4E 60    3 | ....... .0.@.PN`
      4 | 1E 70 00 00 00 00 00 00 00 00 00 00 00 00 00 00    4 | .p..............
      5 | 00 00 00 00 00 00 00 00 -- -- -- -- -- -- -- --    5 | ........--------

NPC ID: 17735951
  Name: blank
  POLUtils_Name:      
  Type: Decoration
  XYZR: -20.979, -3.000, -61.813, 0
  Mask: 00001111
        |  0  1  2  3  4  5  6  7  8  9  A  B  C  D  E  F      | 0123456789ABCDEF
    -----------------------------------------------------  ----------------------
      0 | 0E 1C 3E 00 0F A1 0E 01 0F 01 0F 00 FE D4 A7 C1    0 | ..>.............
      1 | 00 00 40 C0 83 40 77 C2 01 80 00 00 32 32 64 00    1 | ..@..@w.....22d.
      2 | 02 1B 08 00 00 00 00 22 80 00 00 40 00 00 00 00    2 | ......."...@....
      3 | 00 00 DA 04 00 00 00 00 -- -- -- -- -- -- -- --    3 | ........--------

NPC ID: 17735717
  Name: Sodragamm
  POLUtils_Name: Sodragamm
  Type: Equipped NPC
  XYZR: -24.741, 0.000, -64.944, 125
  Mask: 01010111
        |  0  1  2  3  4  5  6  7  8  9  A  B  C  D  E  F      | 0123456789ABCDEF
    -----------------------------------------------------  ----------------------
      0 | 0E 2A 3F 00 25 A0 0E 01 25 00 57 7D 91 ED C5 C1    0 | .*?.%...%.W}....
      1 | 00 00 00 00 54 E3 81 C2 08 00 00 00 32 32 64 00    1 | ....T.......22d.
      2 | 00 1B 00 00 00 00 00 20 00 00 01 00 00 00 00 00    2 | ....... ........
      3 | 01 00 0F 08 0F 10 07 20 00 30 03 40 07 50 00 60    3 | ....... .0.@.P.`
      4 | 00 70 00 00 00 00 00 00 00 00 00 00 00 00 00 00    4 | .p..............
      5 | 00 00 00 00 -- -- -- -- -- -- -- -- -- -- -- --    5 | ....------------

NPC ID: 17735682
  Name: Hani
  POLUtils_Name: Hani
  Type: Equipped NPC
  XYZR: -26.116, 0.000, -88.075, 197
  Mask: 01010111
        |  0  1  2  3  4  5  6  7  8  9  A  B  C  D  E  F      | 0123456789ABCDEF
    -----------------------------------------------------  ----------------------
      0 | 0E 26 3F 00 02 A0 0E 01 02 00 57 C5 91 ED D0 C1    0 | .&?.......W.....
      1 | 00 00 00 00 66 26 B0 C2 00 00 00 00 32 32 64 00    1 | ....f&......22d.
      2 | 06 1B 00 00 00 00 00 20 00 00 00 00 00 00 00 00    2 | ....... ........
      3 | 01 00 06 01 07 10 01 20 00 30 08 40 08 50 9D 60    3 | ....... .0.@.P.`
      4 | 00 70 00 00 00 00 00 00 00 00 00 00 -- -- -- --    4 | .p..........----

NPC ID: 17735686
  Name: Rashid
  POLUtils_Name: Rashid
  Type: Equipped NPC
  XYZR: -8.444, -1.000, -123.575, 185
  Mask: 01010111
        |  0  1  2  3  4  5  6  7  8  9  A  B  C  D  E  F      | 0123456789ABCDEF
    -----------------------------------------------------  ----------------------
      0 | 0E 28 40 00 06 A0 0E 01 06 00 57 B9 A0 1A 07 C1    0 | .(@.......W.....
      1 | 00 00 80 BF 66 26 F7 C2 07 00 00 00 32 32 64 00    1 | ....f&......22d.
      2 | 00 1B 00 00 00 00 00 20 00 00 01 00 00 00 00 00    2 | ....... ........
      3 | 01 00 0D 01 00 10 0D 20 16 30 05 40 05 50 00 60    3 | ....... .0.@.P.`
      4 | 00 70 00 00 00 00 00 00 00 00 00 00 00 00 00 00    4 | .p..............

NPC ID: 17735716
  Name: Gawful
  POLUtils_Name: Gawful
  Type: Equipped NPC
  XYZR: -22.416, -2.999, -56.076, 60
  Mask: 01010111
        |  0  1  2  3  4  5  6  7  8  9  A  B  C  D  E  F      | 0123456789ABCDEF
    -----------------------------------------------------  ----------------------
      0 | 0E 28 40 00 24 A0 0E 01 24 00 57 3C F8 53 B3 C1    0 | .(@.$...$.W<.S..
      1 | 9E EF 3F C0 D3 4D 60 C2 08 00 00 00 32 32 64 00    1 | ..?..M`.....22d.
      2 | 00 1B 00 00 00 00 00 20 00 00 01 00 00 00 00 00    2 | ....... ........
      3 | 01 00 09 08 0F 10 07 20 00 30 03 40 07 50 00 60    3 | ....... .0.@.P.`
      4 | 00 70 00 00 00 00 00 00 00 00 00 00 00 00 00 00    4 | .p..............

NPC ID: 17735704
  Name: AuctionCounter
  POLUtils_Name: Auction Counter
  Type: Simple NPC
  XYZR: -15.942, -4.089, -48.424, 0
  Mask: 00001111
        |  0  1  2  3  4  5  6  7  8  9  A  B  C  D  E  F      | 0123456789ABCDEF
    -----------------------------------------------------  ----------------------
      0 | 0E 24 40 00 18 A0 0E 01 18 00 0F 00 6F 12 7F C1    0 | .$@.........o...
      1 | 17 D9 82 C0 2D B2 41 C2 01 80 00 00 32 32 64 00    1 | ....-.A.....22d.
      2 | 00 03 00 00 00 00 00 00 00 00 00 00 00 00 00 00    2 | ................
      3 | 00 00 32 00 41 75 63 74 69 6F 6E 43 6F 75 6E 74    3 | ..2.AuctionCount
      4 | 65 72 00 00 00 00 00 00 -- -- -- -- -- -- -- --    4 | er......--------

NPC ID: 17735921
  Name: blank
  POLUtils_Name:      
  Type: Decoration
  XYZR: -10.200, -1.000, -127.100, 192
  Mask: 00001111
        |  0  1  2  3  4  5  6  7  8  9  A  B  C  D  E  F      | 0123456789ABCDEF
    -----------------------------------------------------  ----------------------
      0 | 0E 1C 42 00 F1 A0 0E 01 F1 00 0F C0 33 33 23 C1    0 | ..B.........33#.
      1 | 00 00 80 BF 33 33 FE C2 0E 00 00 00 32 32 64 00    1 | ....33......22d.
      2 | 02 1B 08 00 00 00 00 20 00 00 00 40 00 00 00 00    2 | ....... ...@....
      3 | 00 00 6C 05 00 00 00 00 -- -- -- -- -- -- -- --    3 | ..l.....--------

NPC ID: 17735934
  Name: blank
  POLUtils_Name:      
  Type: Decoration
  XYZR: -10.200, -1.000, -127.100, 128
  Mask: 00001111
        |  0  1  2  3  4  5  6  7  8  9  A  B  C  D  E  F      | 0123456789ABCDEF
    -----------------------------------------------------  ----------------------
      0 | 0E 1C 42 00 FE A0 0E 01 FE 00 0F 80 33 33 23 C1    0 | ..B.........33#.
      1 | 00 00 80 BF 33 33 FE C2 07 00 00 00 32 32 64 00    1 | ....33......22d.
      2 | 02 1B 08 00 00 00 00 22 00 00 00 40 00 00 00 00    2 | ......."...@....
      3 | 00 00 6F 05 00 00 00 00 -- -- -- -- -- -- -- --    3 | ..o.....--------

NPC ID: 17735928
  Name: Eggsperiment R
  POLUtils_Name: Eggsperiment R
  Type: Equipped NPC
  XYZR: -10.250, -1.000, -125.900, 192
  Mask: 01010111
        |  0  1  2  3  4  5  6  7  8  9  A  B  C  D  E  F      | 0123456789ABCDEF
    -----------------------------------------------------  ----------------------
      0 | 0E 2C 42 00 F8 A0 0E 01 F8 00 57 C0 00 00 24 C1    0 | .,B.......W...$.
      1 | 00 00 80 BF CD CC FB C2 00 00 00 00 32 32 64 00    1 | ............22d.
      2 | 06 1B 08 00 00 00 00 20 10 00 01 28 00 00 00 00    2 | ....... ...(....
      3 | 01 00 1E 03 82 11 71 20 17 30 17 40 17 50 00 60    3 | ......q .0.@.P.`
      4 | 00 70 00 00 00 00 00 00 00 00 00 00 00 00 00 00    4 | .p..............
      5 | 00 00 00 00 00 00 00 00 -- -- -- -- -- -- -- --    5 | ........--------

NPC ID: 17735933
  Name: Moogle
  POLUtils_Name: Moogle
  Type: Simple NPC
  XYZR: -33.600, -1.001, -108.000, 0
  Mask: 00001111
        |  0  1  2  3  4  5  6  7  8  9  A  B  C  D  E  F      | 0123456789ABCDEF
    -----------------------------------------------------  ----------------------
      0 | 0E 20 45 00 FD A0 0E 01 FD 00 0F 00 66 66 06 C2    0 | . E.........ff..
      1 | C5 20 80 BF 00 00 D8 C2 01 00 00 00 32 32 64 00    1 | . ..........22d.
      2 | 02 03 00 40 00 00 00 00 20 00 00 00 00 00 00 00    2 | ...@.... .......
      3 | 00 00 52 00 4D 6F 6F 67 6C 65 00 00 00 00 00 00    3 | ..R.Moogle......

NPC ID: 17735932
  Name: Moogle
  POLUtils_Name: Moogle
  Type: Simple NPC
  XYZR: -33.600, -0.001, -109.000, 0
  Mask: 00001111
        |  0  1  2  3  4  5  6  7  8  9  A  B  C  D  E  F      | 0123456789ABCDEF
    -----------------------------------------------------  ----------------------
      0 | 0E 20 45 00 FC A0 0E 01 FC 00 0F 00 66 66 06 C2    0 | . E.........ff..
      1 | 6F 12 83 BA 00 00 DA C2 01 00 00 00 32 32 64 00    1 | o...........22d.
      2 | 02 03 00 00 00 00 00 00 20 00 00 00 00 00 00 00    2 | ........ .......
      3 | 00 00 52 00 4D 6F 6F 67 6C 65 00 00 00 00 00 00    3 | ..R.Moogle......

NPC ID: 17735929
  Name: Eggsperiment E
  POLUtils_Name: Eggsperiment E
  Type: Equipped NPC
  XYZR: -21.800, -1.000, -125.900, 192
  Mask: 01010111
        |  0  1  2  3  4  5  6  7  8  9  A  B  C  D  E  F      | 0123456789ABCDEF
    -----------------------------------------------------  ----------------------
      0 | 0E 2C 45 00 F9 A0 0E 01 F9 00 57 C0 66 66 AE C1    0 | .,E.......W.ff..
      1 | 00 00 80 BF CD CC FB C2 00 00 00 00 32 32 64 00    1 | ............22d.
      2 | 06 1B 08 00 00 00 00 20 10 00 01 28 00 00 00 00    2 | ....... ...(....
      3 | 01 00 1E 04 82 11 71 20 17 30 17 40 17 50 00 60    3 | ......q .0.@.P.`
      4 | 00 70 00 00 00 00 00 00 00 00 00 00 00 00 00 00    4 | .p..............
      5 | 00 00 00 00 00 00 00 00 -- -- -- -- -- -- -- --    5 | ........--------

NPC ID: 17735689
  Name: Wyvern Tail
  POLUtils_Name: Wyvern Tail
  Type: Equipped NPC
  XYZR: -26.504, -1.000, -123.322, 187
  Mask: 01010111
        |  0  1  2  3  4  5  6  7  8  9  A  B  C  D  E  F      | 0123456789ABCDEF
    -----------------------------------------------------  ----------------------
      0 | 0E 2A 46 00 09 A0 0E 01 09 00 57 BB 31 08 D4 C1    0 | .*F.......W.1...
      1 | 00 00 80 BF DD A4 F6 C2 0E 00 00 00 32 32 64 00    1 | ............22d.
      2 | 00 1B 00 00 00 00 00 20 00 00 00 00 00 00 00 00    2 | ....... ........
      3 | 01 00 05 08 05 10 02 20 16 30 02 40 02 50 71 60    3 | ....... .0.@.Pq`
      4 | 2D 70 00 00 00 00 00 00 00 00 00 00 00 00 00 00    4 | -p..............
      5 | 00 00 00 00 -- -- -- -- -- -- -- -- -- -- -- --    5 | ....------------

NPC ID: 17735922
  Name: blank
  POLUtils_Name:      
  Type: Decoration
  XYZR: -21.800, -1.000, -127.100, 192
  Mask: 00001111
        |  0  1  2  3  4  5  6  7  8  9  A  B  C  D  E  F      | 0123456789ABCDEF
    -----------------------------------------------------  ----------------------
      0 | 0E 1C 46 00 F2 A0 0E 01 F2 00 0F C0 66 66 AE C1    0 | ..F.........ff..
      1 | 00 00 80 BF 33 33 FE C2 07 00 00 00 32 32 64 00    1 | ....33......22d.
      2 | 02 1B 08 00 00 00 00 20 00 00 00 40 00 00 00 00    2 | ....... ...@....
      3 | 00 00 6C 05 00 00 00 00 -- -- -- -- -- -- -- --    3 | ..l.....--------

NPC ID: 17735935
  Name: blank
  POLUtils_Name:      
  Type: Decoration
  XYZR: -21.800, -1.000, -127.100, 128
  Mask: 00001111
        |  0  1  2  3  4  5  6  7  8  9  A  B  C  D  E  F      | 0123456789ABCDEF
    -----------------------------------------------------  ----------------------
      0 | 0E 1C 46 00 FF A0 0E 01 FF 00 0F 80 66 66 AE C1    0 | ..F.........ff..
      1 | 00 00 80 BF 33 33 FE C2 01 00 00 00 32 32 64 00    1 | ....33......22d.
      2 | 02 1B 08 00 00 00 00 22 00 00 00 40 00 00 00 00    2 | ......."...@....
      3 | 00 00 6F 05 00 00 00 00 -- -- -- -- -- -- -- --    3 | ..o.....--------

NPC ID: 17735755
  Name: Vaghron
  POLUtils_Name: Vaghron
  Type: Simple NPC
  XYZR: -39.162, 0.000, -92.147, 230
  Mask: 00001111
        |  0  1  2  3  4  5  6  7  8  9  A  B  C  D  E  F      | 0123456789ABCDEF
    -----------------------------------------------------  ----------------------
      0 | 0E 20 46 00 4B A0 0E 01 4B 00 0F E6 E3 A5 1C C2    0 | . F.K...K.......
      1 | 00 00 00 00 44 4B B8 C2 01 00 00 00 32 32 64 00    1 | ....DK......22d.
      2 | 00 1B 00 00 00 00 00 20 00 00 00 00 00 00 00 00    2 | ....... ........
      3 | 00 00 B5 00 56 61 67 68 72 6F 6E 00 00 00 00 00    3 | ....Vaghron.....

NPC ID: 17735920
  Name: Moogle
  POLUtils_Name: Moogle
  Type: Simple NPC
  XYZR: -33.600, -0.001, -110.000, 0
  Mask: 00001111
        |  0  1  2  3  4  5  6  7  8  9  A  B  C  D  E  F      | 0123456789ABCDEF
    -----------------------------------------------------  ----------------------
      0 | 0E 20 46 00 F0 A0 0E 01 F0 00 0F 00 66 66 06 C2    0 | . F.........ff..
      1 | 6F 12 83 BA 00 00 DC C2 01 00 00 00 32 32 64 00    1 | o...........22d.
      2 | 02 03 00 40 00 00 00 00 20 00 00 00 00 00 00 00    2 | ...@.... .......
      3 | 00 00 52 00 4D 6F 6F 67 6C 65 00 00 00 00 00 00    3 | ..R.Moogle......

NPC ID: 17735961
  Name: Moogle
  POLUtils_Name: Moogle
  Type: Simple NPC
  XYZR: -38.000, 0.000, -80.000, 0
  Mask: 00001111
        |  0  1  2  3  4  5  6  7  8  9  A  B  C  D  E  F      | 0123456789ABCDEF
    -----------------------------------------------------  ----------------------
      0 | 0E 20 47 00 19 A1 0E 01 19 01 0F 00 00 00 18 C2    0 | . G.............
      1 | 00 00 00 00 00 00 A0 C2 01 00 00 00 32 32 64 00    1 | ............22d.
      2 | 00 03 00 00 00 00 00 00 00 00 00 00 00 00 00 00    2 | ................
      3 | 00 00 52 00 4D 6F 6F 67 6C 65 00 00 00 00 00 00    3 | ..R.Moogle......

NPC ID: 17735871
  Name: Voidwatch Purveyor
  POLUtils_Name: Voidwatch Purveyor
  Type: Equipped NPC
  XYZR: -31.000, -1.000, -124.000, 192
  Mask: 01010111
        |  0  1  2  3  4  5  6  7  8  9  A  B  C  D  E  F      | 0123456789ABCDEF
    -----------------------------------------------------  ----------------------
      0 | 0E 2C 48 00 BF A0 0E 01 BF 00 57 C0 00 00 F8 C1    0 | .,H.......W.....
      1 | 00 00 80 BF 00 00 F8 C2 01 00 00 00 32 32 64 00    1 | ............22d.
      2 | 00 03 00 00 00 00 00 00 00 00 00 00 00 00 00 00    2 | ................
      3 | 01 00 0C 08 14 10 19 20 0C 30 02 40 02 50 00 60    3 | ....... .0.@.P.`
      4 | 00 70 00 00 00 00 00 00 00 00 00 00 00 00 00 00    4 | .p..............
      5 | 00 00 00 00 00 00 00 00 -- -- -- -- -- -- -- --    5 | ........--------

NPC ID: 17735962
  Name: blank
  POLUtils_Name:      
  Type: Decoration
  XYZR: -40.000, 0.000, -80.000, 0
  Mask: 00001111
        |  0  1  2  3  4  5  6  7  8  9  A  B  C  D  E  F      | 0123456789ABCDEF
    -----------------------------------------------------  ----------------------
      0 | 0E 1C 48 00 1A A1 0E 01 1A 01 0F 00 00 00 20 C2    0 | ..H........... .
      1 | 00 00 00 00 00 00 A0 C2 01 80 00 00 32 32 64 00    1 | ............22d.
      2 | 00 1B 08 00 00 00 00 22 80 00 04 44 00 00 00 00    2 | ......."...D....
      3 | 00 00 0F 05 00 00 00 00 -- -- -- -- -- -- -- --    3 | ........--------

NPC ID: 17735960
  Name: Moogle
  POLUtils_Name: Moogle
  Type: Simple NPC
  XYZR: -39.500, 0.000, -78.000, 0
  Mask: 00001111
        |  0  1  2  3  4  5  6  7  8  9  A  B  C  D  E  F      | 0123456789ABCDEF
    -----------------------------------------------------  ----------------------
      0 | 0E 20 48 00 18 A1 0E 01 18 01 0F 00 00 00 1E C2    0 | . H.............
      1 | 00 00 00 00 00 00 9C C2 01 00 00 00 32 32 64 00    1 | ............22d.
      2 | 00 03 00 00 00 00 00 00 00 00 00 00 00 00 00 00    2 | ................
      3 | 00 00 52 00 4D 6F 6F 67 6C 65 00 00 00 00 00 00    3 | ..R.Moogle......

NPC ID: 17735959
  Name: Moogle
  POLUtils_Name: Moogle
  Type: Simple NPC
  XYZR: -39.500, 0.000, -82.000, 0
  Mask: 00001111
        |  0  1  2  3  4  5  6  7  8  9  A  B  C  D  E  F      | 0123456789ABCDEF
    -----------------------------------------------------  ----------------------
      0 | 0E 20 48 00 17 A1 0E 01 17 01 0F 00 00 00 1E C2    0 | . H.............
      1 | 00 00 00 00 00 00 A4 C2 01 00 00 00 32 32 64 00    1 | ............22d.
      2 | 00 03 00 00 00 00 00 00 00 00 00 00 00 00 00 00    2 | ................
      3 | 00 00 52 00 4D 6F 6F 67 6C 65 00 00 00 00 00 00    3 | ..R.Moogle......

NPC ID: 17735949
  Name: BabbanNyMheil
  POLUtils_Name: Babban Ny Mheillea
  Type: Simple NPC
  XYZR: -40.000, -0.500, -84.000, 0
  Mask: 00001111
        |  0  1  2  3  4  5  6  7  8  9  A  B  C  D  E  F      | 0123456789ABCDEF
    -----------------------------------------------------  ----------------------
      0 | 0E 24 48 00 0D A1 0E 01 0D 01 0F 00 00 00 20 C2    0 | .$H........... .
      1 | 00 00 00 BF 00 00 A8 C2 00 00 00 00 32 32 64 00    1 | ............22d.
      2 | 06 1B 00 00 00 00 00 20 20 00 00 00 00 00 00 00    2 | .......  .......
      3 | 00 00 C7 08 42 61 62 62 61 6E 4E 79 4D 68 65 69    3 | ....BabbanNyMhei
      4 | 6C 00 00 00 00 00 00 00 -- -- -- -- -- -- -- --    4 | l.......--------

NPC ID: 17736066
  Name: A.M.A.N. Liaison
  POLUtils_Name: A.M.A.N. Liaison
  Type: Equipped NPC
  XYZR: 108.000, 1.000, -90.000, 192
  Mask: 01010111
        |  0  1  2  3  4  5  6  7  8  9  A  B  C  D  E  F      | 0123456789ABCDEF
    -----------------------------------------------------  ----------------------
      0 | 0E 2C 0A 00 82 A1 0E 01 82 01 57 C0 00 00 D8 42    0 | .,........W....B
      1 | 00 00 80 3F 00 00 B4 C2 08 00 00 00 32 32 64 00    1 | ...?........22d.
      2 | 00 03 00 00 00 00 00 00 00 00 00 01 00 00 00 00    2 | ................
      3 | 01 00 03 01 77 10 67 20 68 30 66 40 68 50 00 60    3 | ....w.g h0f@hP.`
      4 | 00 70 00 00 00 00 00 00 00 00 00 00 00 00 00 00    4 | .p..............
      5 | 00 00 00 00 00 00 00 00 -- -- -- -- -- -- -- --    5 | ........--------

NPC ID: 17736067
  Name: Linkshell Concierge
  POLUtils_Name: Linkshell Concierge
  Type: Equipped NPC
  XYZR: 115.880, 1.000, -90.280, 192
  Mask: 01010111
        |  0  1  2  3  4  5  6  7  8  9  A  B  C  D  E  F      | 0123456789ABCDEF
    -----------------------------------------------------  ----------------------
      0 | 0E 2C 0A 00 83 A1 0E 01 83 01 57 C0 8F C2 E7 42    0 | .,........W....B
      1 | 00 00 80 3F 5C 8F B4 C2 01 00 00 00 32 32 64 00    1 | ...?\\.......22d.
      2 | 00 03 00 00 00 00 00 00 20 00 00 00 00 00 00 00    2 | ........ .......
      3 | 01 00 03 01 92 10 27 20 08 30 66 40 60 50 00 60    3 | ......' .0f@`P.`
      4 | 00 70 00 00 00 00 00 00 00 00 00 00 00 00 00 00    4 | .p..............
      5 | 00 00 00 00 00 00 00 00 -- -- -- -- -- -- -- --    5 | ........--------

NPC ID: 17736068
  Name: ChatManual
  POLUtils_Name: Chat Manual
  Type: Simple NPC
  XYZR: 118.880, 1.000, -90.280, 192
  Mask: 00001111
        |  0  1  2  3  4  5  6  7  8  9  A  B  C  D  E  F      | 0123456789ABCDEF
    -----------------------------------------------------  ----------------------
      0 | 0E 22 0A 00 84 A1 0E 01 84 01 0F C0 8F C2 ED 42    0 | .".............B
      1 | 00 00 80 3F 5C 8F B4 C2 01 00 00 00 32 32 64 00    1 | ...?\\.......22d.
      2 | 00 03 00 00 00 00 00 00 80 00 00 60 00 00 00 00    2 | ...........`....
      3 | 00 00 F2 08 43 68 61 74 4D 61 6E 75 61 6C 00 00    3 | ....ChatManual..
      4 | 00 00 00 00 -- -- -- -- -- -- -- -- -- -- -- --    4 | ....------------

NPC ID: 17736063
  Name: LayerReserve
  POLUtils_Name: Layer Reserve
  Type: Simple NPC
  XYZR: 0.000, 0.000, 0.000, 0
  Mask: 00001111
        |  0  1  2  3  4  5  6  7  8  9  A  B  C  D  E  F      | 0123456789ABCDEF
    -----------------------------------------------------  ----------------------
      0 | 0E 22 68 00 7F A1 0E 01 7F 01 0F 00 00 00 00 00    0 | ."h.............
      1 | 00 00 00 00 00 00 00 00 01 00 00 00 32 32 64 00    1 | ............22d.
      2 | 02 03 00 00 00 00 00 00 00 00 00 70 00 00 00 00    2 | ...........p....
      3 | 00 00 32 00 4C 61 79 65 72 52 65 73 65 72 76 65    3 | ..2.LayerReserve
      4 | 00 00 00 00 -- -- -- -- -- -- -- -- -- -- -- --    4 | ....------------

NPC ID: 17736064
  Name: blank
  POLUtils_Name:      
  Type: Decoration
  XYZR: 0.000, 0.000, 0.000, 0
  Mask: 00001111
        |  0  1  2  3  4  5  6  7  8  9  A  B  C  D  E  F      | 0123456789ABCDEF
    -----------------------------------------------------  ----------------------
      0 | 0E 1C 68 00 80 A1 0E 01 80 01 0F 00 00 00 00 00    0 | ..h.............
      1 | 00 00 00 00 00 00 00 00 00 00 00 00 32 32 64 00    1 | ............22d.
      2 | 02 03 08 00 00 00 00 00 00 00 00 70 00 00 00 00    2 | ...........p....
      3 | 00 00 34 00 00 00 00 00 -- -- -- -- -- -- -- --    3 | ..4.....--------

NPC ID: 17736056
  Name: Disjoined One
  POLUtils_Name: Disjoined One
  Type: Equipped NPC
  XYZR: 0.000, 0.000, 0.000, 0
  Mask: 01010111
        |  0  1  2  3  4  5  6  7  8  9  A  B  C  D  E  F      | 0123456789ABCDEF
    -----------------------------------------------------  ----------------------
      0 | 0E 2A 68 00 78 A1 0E 01 78 01 57 00 00 00 00 00    0 | .*h.x...x.W.....
      1 | 00 00 00 00 00 00 00 00 00 00 00 00 32 32 64 00    1 | ............22d.
      2 | 06 1B 00 00 00 00 00 20 00 00 00 00 00 00 00 00    2 | ....... ........
      3 | 01 00 04 07 84 11 E6 20 E6 30 E6 40 E6 50 00 60    3 | ....... .0.@.P.`
      4 | 00 70 00 00 00 00 00 00 00 00 00 00 00 00 00 00    4 | .p..............
      5 | 00 00 00 00 -- -- -- -- -- -- -- -- -- -- -- --    5 | ....------------

NPC ID: 17736057
  Name: Disjoined One
  POLUtils_Name: Disjoined One
  Type: Equipped NPC
  XYZR: 0.000, 0.000, 0.000, 0
  Mask: 01010111
        |  0  1  2  3  4  5  6  7  8  9  A  B  C  D  E  F      | 0123456789ABCDEF
    -----------------------------------------------------  ----------------------
      0 | 0E 2A 68 00 79 A1 0E 01 79 01 57 00 00 00 00 00    0 | .*h.y...y.W.....
      1 | 00 00 00 00 00 00 00 00 00 00 00 00 32 32 64 00    1 | ............22d.
      2 | 06 1B 00 00 00 00 00 20 00 00 00 00 00 00 00 00    2 | ....... ........
      3 | 01 00 06 08 84 11 E6 20 E6 30 E6 40 E6 50 00 60    3 | ....... .0.@.P.`
      4 | 00 70 00 00 00 00 00 00 00 00 00 00 00 00 00 00    4 | .p..............
      5 | 00 00 00 00 -- -- -- -- -- -- -- -- -- -- -- --    5 | ....------------

NPC ID: 17736058
  Name: blank
  POLUtils_Name:      
  Type: Decoration
  XYZR: 0.000, 0.000, 0.000, 0
  Mask: 00001111
        |  0  1  2  3  4  5  6  7  8  9  A  B  C  D  E  F      | 0123456789ABCDEF
    -----------------------------------------------------  ----------------------
      0 | 0E 1C 68 00 7A A1 0E 01 7A 01 0F 00 00 00 00 00    0 | ..h.z...z.......
      1 | 00 00 00 00 00 00 00 00 00 00 00 00 32 32 64 00    1 | ............22d.
      2 | 06 03 00 00 00 00 00 00 00 00 00 00 00 00 00 00    2 | ................
      3 | 00 00 34 00 00 00 00 00 -- -- -- -- -- -- -- --    3 | ..4.....--------

NPC ID: 17736059
  Name: blank
  POLUtils_Name:      
  Type: Decoration
  XYZR: 0.000, 0.000, 0.000, 0
  Mask: 00001111
        |  0  1  2  3  4  5  6  7  8  9  A  B  C  D  E  F      | 0123456789ABCDEF
    -----------------------------------------------------  ----------------------
      0 | 0E 1C 68 00 7B A1 0E 01 7B 01 0F 00 00 00 00 00    0 | ..h.{...{.......
      1 | 00 00 00 00 00 00 00 00 00 00 00 00 32 32 64 00    1 | ............22d.
      2 | 06 03 00 00 00 00 00 00 00 00 00 00 00 00 00 00    2 | ................
      3 | 00 00 34 00 00 00 00 00 -- -- -- -- -- -- -- --    3 | ..4.....--------

NPC ID: 17736055
  Name: Disjoined One
  POLUtils_Name: Disjoined One
  Type: Equipped NPC
  XYZR: 0.000, 0.000, 0.000, 0
  Mask: 01010111
        |  0  1  2  3  4  5  6  7  8  9  A  B  C  D  E  F      | 0123456789ABCDEF
    -----------------------------------------------------  ----------------------
      0 | 0E 2A 68 00 77 A1 0E 01 77 01 57 00 00 00 00 00    0 | .*h.w...w.W.....
      1 | 00 00 00 00 00 00 00 00 00 00 00 00 32 32 64 00    1 | ............22d.
      2 | 06 1B 00 00 00 00 00 20 00 00 00 00 00 00 00 00    2 | ....... ........
      3 | 01 00 06 06 84 11 E6 20 E6 30 E6 40 E6 50 00 60    3 | ....... .0.@.P.`
      4 | 00 70 00 00 00 00 00 00 00 00 00 00 00 00 00 00    4 | .p..............
      5 | 00 00 00 00 -- -- -- -- -- -- -- -- -- -- -- --    5 | ....------------

NPC ID: 17736053
  Name: Disjoined One
  POLUtils_Name: Disjoined One
  Type: Equipped NPC
  XYZR: 0.000, 0.000, 0.000, 0
  Mask: 01010111
        |  0  1  2  3  4  5  6  7  8  9  A  B  C  D  E  F      | 0123456789ABCDEF
    -----------------------------------------------------  ----------------------
      0 | 0E 2A 68 00 75 A1 0E 01 75 01 57 00 00 00 00 00    0 | .*h.u...u.W.....
      1 | 00 00 00 00 00 00 00 00 00 00 00 00 32 32 64 00    1 | ............22d.
      2 | 06 1B 00 00 00 00 00 20 00 00 00 00 00 00 00 00    2 | ....... ........
      3 | 01 00 04 04 84 11 E6 20 E6 30 E6 40 E6 50 00 60    3 | ....... .0.@.P.`
      4 | 00 70 00 00 00 00 00 00 00 00 00 00 00 00 00 00    4 | .p..............
      5 | 00 00 00 00 -- -- -- -- -- -- -- -- -- -- -- --    5 | ....------------

NPC ID: 17736054
  Name: Disjoined One
  POLUtils_Name: Disjoined One
  Type: Equipped NPC
  XYZR: 0.000, 0.000, 0.000, 0
  Mask: 01010111
        |  0  1  2  3  4  5  6  7  8  9  A  B  C  D  E  F      | 0123456789ABCDEF
    -----------------------------------------------------  ----------------------
      0 | 0E 2A 68 00 76 A1 0E 01 76 01 57 00 00 00 00 00    0 | .*h.v...v.W.....
      1 | 00 00 00 00 00 00 00 00 00 00 00 00 32 32 64 00    1 | ............22d.
      2 | 06 1B 00 00 00 00 00 20 00 00 00 00 00 00 00 00    2 | ....... ........
      3 | 01 00 01 05 84 11 E6 20 E6 30 E6 40 E6 50 00 60    3 | ....... .0.@.P.`
      4 | 00 70 00 00 00 00 00 00 00 00 00 00 00 00 00 00    4 | .p..............
      5 | 00 00 00 00 -- -- -- -- -- -- -- -- -- -- -- --    5 | ....------------

NPC ID: 17736049
  Name: blank
  POLUtils_Name:      
  Type: Decoration
  XYZR: 0.000, 0.000, 0.000, 0
  Mask: 00001111
        |  0  1  2  3  4  5  6  7  8  9  A  B  C  D  E  F      | 0123456789ABCDEF
    -----------------------------------------------------  ----------------------
      0 | 0E 1C 68 00 71 A1 0E 01 71 01 0F 00 00 00 00 00    0 | ..h.q...q.......
      1 | 00 00 00 00 00 00 00 00 00 00 00 00 32 32 64 00    1 | ............22d.
      2 | 02 03 08 00 00 00 00 00 00 00 00 00 00 00 00 00    2 | ................
      3 | 00 00 34 00 00 00 00 00 -- -- -- -- -- -- -- --    3 | ..4.....--------

NPC ID: 17736050
  Name: Disjoined One
  POLUtils_Name: Disjoined One
  Type: Equipped NPC
  XYZR: 0.000, 0.000, 0.000, 0
  Mask: 01010111
        |  0  1  2  3  4  5  6  7  8  9  A  B  C  D  E  F      | 0123456789ABCDEF
    -----------------------------------------------------  ----------------------
      0 | 0E 2A 68 00 72 A1 0E 01 72 01 57 00 00 00 00 00    0 | .*h.r...r.W.....
      1 | 00 00 00 00 00 00 00 00 00 00 00 00 32 32 64 00    1 | ............22d.
      2 | 06 1B 00 00 00 00 00 20 00 00 00 00 00 00 00 00    2 | ....... ........
      3 | 01 00 00 01 84 11 E6 20 E6 30 E6 40 E6 50 00 60    3 | ....... .0.@.P.`
      4 | 00 70 00 00 00 00 00 00 00 00 00 00 00 00 00 00    4 | .p..............
      5 | 00 00 00 00 -- -- -- -- -- -- -- -- -- -- -- --    5 | ....------------

NPC ID: 17736051
  Name: Disjoined One
  POLUtils_Name: Disjoined One
  Type: Equipped NPC
  XYZR: 0.000, 0.000, 0.000, 0
  Mask: 01010111
        |  0  1  2  3  4  5  6  7  8  9  A  B  C  D  E  F      | 0123456789ABCDEF
    -----------------------------------------------------  ----------------------
      0 | 0E 2A 68 00 73 A1 0E 01 73 01 57 00 00 00 00 00    0 | .*h.s...s.W.....
      1 | 00 00 00 00 00 00 00 00 00 00 00 00 32 32 64 00    1 | ............22d.
      2 | 06 1B 00 00 00 00 00 20 00 00 00 00 00 00 00 00    2 | ....... ........
      3 | 01 00 02 02 84 11 E6 20 E6 30 E6 40 E6 50 00 60    3 | ....... .0.@.P.`
      4 | 00 70 00 00 00 00 00 00 00 00 00 00 00 00 00 00    4 | .p..............
      5 | 00 00 00 00 -- -- -- -- -- -- -- -- -- -- -- --    5 | ....------------

NPC ID: 17736052
  Name: Disjoined One
  POLUtils_Name: Disjoined One
  Type: Equipped NPC
  XYZR: 0.000, 0.000, 0.000, 0
  Mask: 01010111
        |  0  1  2  3  4  5  6  7  8  9  A  B  C  D  E  F      | 0123456789ABCDEF
    -----------------------------------------------------  ----------------------
      0 | 0E 2A 68 00 74 A1 0E 01 74 01 57 00 00 00 00 00    0 | .*h.t...t.W.....
      1 | 00 00 00 00 00 00 00 00 00 00 00 00 32 32 64 00    1 | ............22d.
      2 | 06 1B 00 00 00 00 00 20 00 00 00 00 00 00 00 00    2 | ....... ........
      3 | 01 00 02 03 84 11 E6 20 E6 30 E6 40 E6 50 00 60    3 | ....... .0.@.P.`
      4 | 00 70 00 00 00 00 00 00 00 00 00 00 00 00 00 00    4 | .p..............
      5 | 00 00 00 00 -- -- -- -- -- -- -- -- -- -- -- --    5 | ....------------

NPC ID: 17736048
  Name: blank
  POLUtils_Name:      
  Type: Decoration
  XYZR: 0.000, 0.000, 0.000, 0
  Mask: 00001111
        |  0  1  2  3  4  5  6  7  8  9  A  B  C  D  E  F      | 0123456789ABCDEF
    -----------------------------------------------------  ----------------------
      0 | 0E 1C 68 00 70 A1 0E 01 70 01 0F 00 00 00 00 00    0 | ..h.p...p.......
      1 | 00 00 00 00 00 00 00 00 00 00 00 00 32 32 64 00    1 | ............22d.
      2 | 02 03 08 00 00 00 00 00 00 00 00 00 00 00 00 00    2 | ................
      3 | 00 00 34 00 00 00 00 00 -- -- -- -- -- -- -- --    3 | ..4.....--------

NPC ID: 17736047
  Name: ???
  POLUtils_Name: ???
  Type: Simple NPC
  XYZR: 0.000, 0.000, 0.000, 0
  Mask: 00001111
        |  0  1  2  3  4  5  6  7  8  9  A  B  C  D  E  F      | 0123456789ABCDEF
    -----------------------------------------------------  ----------------------
      0 | 0E 1E 69 00 6F A1 0E 01 6F 01 0F 00 00 00 00 00    0 | ..i.o...o.......
      1 | 00 00 00 00 00 00 00 00 00 00 00 00 32 32 64 00    1 | ............22d.
      2 | 06 1B 00 00 00 00 00 20 00 00 00 00 00 00 00 00    2 | ....... ........
      3 | 00 00 06 06 3F 3F 3F 00 00 00 00 00 -- -- -- --    3 | ....???.....----

NPC ID: 17736046
  Name: Balamor
  POLUtils_Name: Balamor
  Type: Simple NPC
  XYZR: 0.000, 0.000, 0.000, 0
  Mask: 00001111
        |  0  1  2  3  4  5  6  7  8  9  A  B  C  D  E  F      | 0123456789ABCDEF
    -----------------------------------------------------  ----------------------
      0 | 0E 20 69 00 6E A1 0E 01 6E 01 0F 00 00 00 00 00    0 | . i.n...n.......
      1 | 00 00 00 00 00 00 00 00 00 00 00 00 32 32 64 00    1 | ............22d.
      2 | 06 1B 00 00 00 00 00 20 00 00 00 00 00 00 00 00    2 | ....... ........
      3 | 00 00 B6 0A 42 61 6C 61 6D 6F 72 00 00 00 00 00    3 | ....Balamor.....

NPC ID: 17736045
  Name: Selh'teus
  POLUtils_Name: Selh'teus
  Type: Simple NPC
  XYZR: 0.000, 0.000, 0.000, 0
  Mask: 00001111
        |  0  1  2  3  4  5  6  7  8  9  A  B  C  D  E  F      | 0123456789ABCDEF
    -----------------------------------------------------  ----------------------
      0 | 0E 22 69 00 6D A1 0E 01 6D 01 0F 00 00 00 00 00    0 | ."i.m...m.......
      1 | 00 00 00 00 00 00 00 00 00 00 00 00 32 32 64 00    1 | ............22d.
      2 | 06 1B 00 00 00 00 00 20 00 00 00 00 00 00 00 00    2 | ....... ........
      3 | 00 00 A7 05 53 65 6C 68 27 74 65 75 73 00 00 00    3 | ....Selh'teus...
      4 | 00 00 00 00 -- -- -- -- -- -- -- -- -- -- -- --    4 | ....------------

NPC ID: 17736044
  Name: Selh'teus
  POLUtils_Name: Selh'teus
  Type: Simple NPC
  XYZR: 0.000, 0.000, 0.000, 0
  Mask: 00001111
        |  0  1  2  3  4  5  6  7  8  9  A  B  C  D  E  F      | 0123456789ABCDEF
    -----------------------------------------------------  ----------------------
      0 | 0E 22 69 00 6C A1 0E 01 6C 01 0F 00 00 00 00 00    0 | ."i.l...l.......
      1 | 00 00 00 00 00 00 00 00 00 00 00 00 32 32 64 00    1 | ............22d.
      2 | 06 1B 00 00 00 00 00 20 00 00 00 00 00 00 00 00    2 | ....... ........
      3 | 00 00 A7 05 53 65 6C 68 27 74 65 75 73 00 00 00    3 | ....Selh'teus...
      4 | 00 00 00 00 -- -- -- -- -- -- -- -- -- -- -- --    4 | ....------------

NPC ID: 17736040
  Name: Lion
  POLUtils_Name: Lion
  Type: Simple NPC
  XYZR: 0.000, 0.000, 0.000, 0
  Mask: 00001111
        |  0  1  2  3  4  5  6  7  8  9  A  B  C  D  E  F      | 0123456789ABCDEF
    -----------------------------------------------------  ----------------------
      0 | 0E 1E 69 00 68 A1 0E 01 68 01 0F 00 00 00 00 00    0 | ..i.h...h.......
      1 | 00 00 00 00 00 00 00 00 00 00 00 00 32 32 64 00    1 | ............22d.
      2 | 06 1B 00 00 00 00 00 20 00 00 00 00 00 00 00 00    2 | ....... ........
      3 | 00 00 3C 00 4C 69 6F 6E 00 00 00 00 -- -- -- --    3 | ..<.Lion....----

NPC ID: 17736041
  Name: Zeid
  POLUtils_Name: Zeid
  Type: Simple NPC
  XYZR: 0.000, 0.000, 0.000, 0
  Mask: 00001111
        |  0  1  2  3  4  5  6  7  8  9  A  B  C  D  E  F      | 0123456789ABCDEF
    -----------------------------------------------------  ----------------------
      0 | 0E 1E 69 00 69 A1 0E 01 69 01 0F 00 00 00 00 00    0 | ..i.i...i.......
      1 | 00 00 00 00 00 00 00 00 00 00 00 00 32 32 64 00    1 | ............22d.
      2 | 06 1B 00 00 00 00 00 20 00 00 00 00 00 00 00 00    2 | ....... ........
      3 | 00 00 3E 03 5A 65 69 64 00 00 00 00 -- -- -- --    3 | ..>.Zeid....----

NPC ID: 17736042
  Name: blank
  POLUtils_Name:      
  Type: Decoration
  XYZR: 0.000, 0.000, 0.000, 0
  Mask: 00001111
        |  0  1  2  3  4  5  6  7  8  9  A  B  C  D  E  F      | 0123456789ABCDEF
    -----------------------------------------------------  ----------------------
      0 | 0E 1C 69 00 6A A1 0E 01 6A 01 0F 00 00 00 00 00    0 | ..i.j...j.......
      1 | 00 00 00 00 00 00 00 00 00 00 00 00 32 32 64 00    1 | ............22d.
      2 | 06 1B 00 00 00 00 00 20 00 00 00 00 00 00 00 00    2 | ....... ........
      3 | 00 00 92 09 00 00 00 00 -- -- -- -- -- -- -- --    3 | ........--------

NPC ID: 17736043
  Name: Selh'teus
  POLUtils_Name: Selh'teus
  Type: Simple NPC
  XYZR: 0.000, 0.000, 0.000, 0
  Mask: 00001111
        |  0  1  2  3  4  5  6  7  8  9  A  B  C  D  E  F      | 0123456789ABCDEF
    -----------------------------------------------------  ----------------------
      0 | 0E 22 69 00 6B A1 0E 01 6B 01 0F 00 00 00 00 00    0 | ."i.k...k.......
      1 | 00 00 00 00 00 00 00 00 00 00 00 00 32 32 64 00    1 | ............22d.
      2 | 06 1B 00 00 00 00 00 20 00 00 00 00 00 00 00 00    2 | ....... ........
      3 | 00 00 B6 04 53 65 6C 68 27 74 65 75 73 00 00 00    3 | ....Selh'teus...
      4 | 00 00 00 00 -- -- -- -- -- -- -- -- -- -- -- --    4 | ....------------

NPC ID: 17736039
  Name: Iroha
  POLUtils_Name: Iroha
  Type: Simple NPC
  XYZR: 0.000, 0.000, 0.000, 0
  Mask: 00001111
        |  0  1  2  3  4  5  6  7  8  9  A  B  C  D  E  F      | 0123456789ABCDEF
    -----------------------------------------------------  ----------------------
      0 | 0E 20 69 00 67 A1 0E 01 67 01 0F 00 00 00 00 00    0 | . i.g...g.......
      1 | 00 00 00 00 00 00 00 00 00 00 00 00 32 32 64 00    1 | ............22d.
      2 | 06 1B 00 00 00 00 00 20 00 00 00 00 00 00 00 00    2 | ....... ........
      3 | 00 00 91 09 49 72 6F 68 61 00 00 00 00 00 00 00    3 | ....Iroha.......

NPC ID: 17736038
  Name: blank
  POLUtils_Name:      
  Type: Decoration
  XYZR: 0.000, 0.000, 0.000, 0
  Mask: 00001111
        |  0  1  2  3  4  5  6  7  8  9  A  B  C  D  E  F      | 0123456789ABCDEF
    -----------------------------------------------------  ----------------------
      0 | 0E 1C 69 00 66 A1 0E 01 66 01 0F 00 00 00 00 00    0 | ..i.f...f.......
      1 | 00 00 00 00 00 00 00 00 00 00 00 00 32 32 64 00    1 | ............22d.
      2 | 02 03 08 00 00 00 00 00 00 00 00 00 00 00 00 00    2 | ................
      3 | 00 00 34 00 00 00 00 00 -- -- -- -- -- -- -- --    3 | ..4.....--------

NPC ID: 17736037
  Name: UnityMaster
  POLUtils_Name: Unity Master
  Type: Simple NPC
  XYZR: 0.000, 0.000, 0.000, 0
  Mask: 00001111
        |  0  1  2  3  4  5  6  7  8  9  A  B  C  D  E  F      | 0123456789ABCDEF
    -----------------------------------------------------  ----------------------
      0 | 0E 22 69 00 65 A1 0E 01 65 01 0F 00 00 00 00 00    0 | ."i.e...e.......
      1 | 00 00 00 00 00 00 00 00 00 00 00 00 32 32 64 00    1 | ............22d.
      2 | 02 03 08 00 00 00 00 00 00 00 00 60 00 00 00 00    2 | ...........`....
      3 | 00 00 34 00 55 6E 69 74 79 4D 61 73 74 65 72 00    3 | ..4.UnityMaster.
      4 | 00 00 00 00 -- -- -- -- -- -- -- -- -- -- -- --    4 | ....------------

NPC ID: 17736035
  Name: AchieveMaster
  POLUtils_Name: Achieve Master
  Type: Simple NPC
  XYZR: 0.000, 0.000, 0.000, 0
  Mask: 00001111
        |  0  1  2  3  4  5  6  7  8  9  A  B  C  D  E  F      | 0123456789ABCDEF
    -----------------------------------------------------  ----------------------
      0 | 0E 24 69 00 63 A1 0E 01 63 01 0F 00 00 00 00 00    0 | .$i.c...c.......
      1 | 00 00 00 00 00 00 00 00 00 00 00 00 32 32 64 00    1 | ............22d.
      2 | 02 03 00 00 00 00 00 00 00 00 00 00 00 00 00 00    2 | ................
      3 | 00 00 32 00 41 63 68 69 65 76 65 4D 61 73 74 65    3 | ..2.AchieveMaste
      4 | 72 00 00 00 00 00 00 00 -- -- -- -- -- -- -- --    4 | r.......--------

NPC ID: 17736060
  Name: EphemeralMoogl
  POLUtils_Name: Ephemeral Moogle
  Type: Simple NPC
  XYZR: 118.870, 2.020, 4.290, 25
  Mask: 00001111
        |  0  1  2  3  4  5  6  7  8  9  A  B  C  D  E  F      | 0123456789ABCDEF
    -----------------------------------------------------  ----------------------
      0 | 0E 24 FA 00 7C A1 0E 01 7C 01 0F 19 71 BD ED 42    0 | .$..|...|...q..B
      1 | AE 47 01 40 AE 47 89 40 15 00 00 00 32 32 64 00    1 | .G.@.G.@....22d.
      2 | 00 03 00 00 00 00 00 00 00 00 00 80 00 00 00 00    2 | ................
      3 | 00 00 52 00 45 70 68 65 6D 65 72 61 6C 4D 6F 6F    3 | ..R.EphemeralMoo
      4 | 67 6C 00 00 00 00 00 00 -- -- -- -- -- -- -- --    4 | gl......--------

NPC ID: 17736061
  Name: Yek Falimeygo
  POLUtils_Name: Yek Falimeygo
  Type: Equipped NPC
  XYZR: 121.260, 2.000, -2.670, 128
  Mask: 01010111
        |  0  1  2  3  4  5  6  7  8  9  A  B  C  D  E  F      | 0123456789ABCDEF
    -----------------------------------------------------  ----------------------
      0 | 0E 2A FC 00 7D A1 0E 01 7D 01 57 80 1F 85 F2 42    0 | .*..}...}.W....B
      1 | 00 00 00 40 48 E1 2A C0 0E 00 00 00 32 32 64 00    1 | ...@H.*.....22d.
      2 | 00 1B 00 00 00 00 00 20 00 00 00 00 00 00 00 00    2 | ....... ........
      3 | 01 00 0E 07 00 10 78 20 08 30 0A 40 08 50 00 60    3 | ......x .0.@.P.`
      4 | 00 70 00 00 00 00 00 00 00 00 00 00 00 00 00 00    4 | .p..............
      5 | 00 00 00 00 -- -- -- -- -- -- -- -- -- -- -- --    5 | ....------------

NPC ID: 17735876
  Name: Valentione Single
  POLUtils_Name: Valentione Single
  Type: Equipped NPC
  XYZR: -55.000, -8.000, -71.000, 198
  Mask: 01010111
        |  0  1  2  3  4  5  6  7  8  9  A  B  C  D  E  F      | 0123456789ABCDEF
    -----------------------------------------------------  ----------------------
      0 | 0E 2C EA 01 C4 A0 0E 01 C4 00 57 C6 00 00 5C C2    0 | .,........W...\\.
      1 | 00 00 00 C1 00 00 8E C2 15 00 00 00 32 32 64 00    1 | ............22d.
      2 | 02 03 00 00 00 00 00 00 00 00 01 00 00 00 00 00    2 | ................
      3 | 01 00 07 01 7D 10 97 20 64 30 64 40 67 50 00 60    3 | ....}.. d0d@gP.`
      4 | 00 70 00 00 00 00 00 00 00 00 00 00 00 00 00 00    4 | .p..............
      5 | 00 00 00 00 00 00 00 00 -- -- -- -- -- -- -- --    5 | ........--------

NPC ID: 17736062
  Name: EnigmaticFootp
  POLUtils_Name: Enigmatic Footprints
  Type: Simple NPC
  XYZR: 8.690, 0.000, -117.200, 0
  Mask: 00001111
        |  0  1  2  3  4  5  6  7  8  9  A  B  C  D  E  F      | 0123456789ABCDEF
    -----------------------------------------------------  ----------------------
      0 | 0E 24 15 02 7E A1 0E 01 7E 01 0F 00 3D 0A 0B 41    0 | .$..~...~...=..A
      1 | 00 00 00 00 66 66 EA C2 01 80 00 00 32 32 64 00    1 | ....ff......22d.
      2 | 00 03 00 00 00 00 00 02 20 00 00 70 00 00 00 00    2 | ........ ..p....
      3 | 00 00 16 09 45 6E 69 67 6D 61 74 69 63 46 6F 6F    3 | ....EnigmaticFoo
      4 | 74 70 00 00 00 00 00 00 -- -- -- -- -- -- -- --    4 | tp......--------

NPC ID: 17736036
  Name: SurvivalGuide
  POLUtils_Name: Survival Guide
  Type: Simple NPC
  XYZR: 20.000, 0.000, -115.000, 0
  Mask: 00001111
        |  0  1  2  3  4  5  6  7  8  9  A  B  C  D  E  F      | 0123456789ABCDEF
    -----------------------------------------------------  ----------------------
      0 | 0E 24 19 02 64 A1 0E 01 64 01 0F 00 00 00 A0 41    0 | .$..d...d......A
      1 | 00 00 00 00 00 00 E6 C2 15 00 00 00 32 32 64 00    1 | ............22d.
      2 | 00 03 00 00 00 00 00 00 00 00 11 20 00 00 00 00    2 | ........... ....
      3 | 00 00 81 09 53 75 72 76 69 76 61 6C 47 75 69 64    3 | ....SurvivalGuid
      4 | 65 00 00 00 00 00 00 00 -- -- -- -- -- -- -- --    4 | e.......--------

