NPC ID: 17893829
  Name: X-32
  POLUtils_Name: X-32
  Type: Simple NPC
  XYZR: 60.290, -10.498, 78.989, 64
  Mask: 00001111
        |  0  1  2  3  4  5  6  7  8  9  A  B  C  D  E  F      | 0123456789ABCDEF
    -----------------------------------------------------  ----------------------
      0 | 0E 1E 0A 00 C5 09 11 01 C5 08 0F 40 F6 28 71 42    0 | ...........@.(qB
      1 | CF F7 27 C1 5E FA 9D 42 00 00 00 00 00 32 64 00    1 | ..'.^..B.....2d.
      2 | 00 99 00 00 00 08 00 28 00 01 00 00 00 00 00 00    2 | .......(........
      3 | 06 00 CA 07 58 2D 33 32 00 00 00 00 -- -- -- --    3 | ....X-32....----

NPC ID: 17891725
  Name: GoblinFootprin
  POLUtils_Name: Goblin Footprint
  Type: Simple NPC
  XYZR: 63.938, -6.750, 69.535, 169
  Mask: 00001111
        |  0  1  2  3  4  5  6  7  8  9  A  B  C  D  E  F      | 0123456789ABCDEF
    -----------------------------------------------------  ----------------------
      0 | 0E 24 0A 00 8D 01 11 01 8D 01 0F A9 83 C0 7F 42    0 | .$.............B
      1 | 00 00 D8 C0 EC 11 8B 42 01 00 00 00 32 32 64 00    1 | .......B....22d.
      2 | 00 03 00 00 00 00 00 00 00 00 00 00 00 00 00 00    2 | ................
      3 | 00 00 34 00 47 6F 62 6C 69 6E 46 6F 6F 74 70 72    3 | ..4.GoblinFootpr
      4 | 69 6E 00 00 00 00 00 00 -- -- -- -- -- -- -- --    4 | in......--------

NPC ID: 17891724
  Name: Ramblix
  POLUtils_Name: Ramblix
  Type: Simple NPC
  XYZR: 63.938, -6.750, 69.535, 169
  Mask: 00001111
        |  0  1  2  3  4  5  6  7  8  9  A  B  C  D  E  F      | 0123456789ABCDEF
    -----------------------------------------------------  ----------------------
      0 | 0E 20 0A 00 8C 01 11 01 8C 01 0F A9 83 C0 7F 42    0 | . .............B
      1 | 00 00 D8 C0 EC 11 8B 42 00 00 00 00 32 32 64 00    1 | .......B....22d.
      2 | 06 1B 00 00 00 00 00 20 00 00 00 00 00 00 00 00    2 | ....... ........
      3 | 00 00 55 00 52 61 6D 62 6C 69 78 00 00 00 00 00    3 | ..U.Ramblix.....

NPC ID: 17893830
  Name: Ajido-Marujido
  POLUtils_Name: Ajido-Marujido
  Type: Simple NPC
  XYZR: 60.046, -7.598, 72.454, 93
  Mask: 00001111
        |  0  1  2  3  4  5  6  7  8  9  A  B  C  D  E  F      | 0123456789ABCDEF
    -----------------------------------------------------  ----------------------
      0 | 0E 24 EB 00 C6 09 11 01 C6 08 0F 5D 1B 2F 70 42    0 | .$.........]./pB
      1 | D1 22 F3 C0 73 E8 90 42 00 00 00 00 3E 32 64 00    1 | ."..s..B....>2d.
      2 | 00 9B 04 00 00 0F 00 28 45 01 00 06 00 00 00 00    2 | .......(E.......
      3 | 00 00 C0 0B 41 6A 69 64 6F 2D 4D 61 72 75 6A 69    3 | ....Ajido-Maruji
      4 | 64 6F 00 00 00 00 00 00 -- -- -- -- -- -- -- --    4 | do......--------

NPC ID: 17893831
  Name: Shantotto
  POLUtils_Name: Shantotto
  Type: Simple NPC
  XYZR: 60.046, -7.598, 72.454, 93
  Mask: 00001111
        |  0  1  2  3  4  5  6  7  8  9  A  B  C  D  E  F      | 0123456789ABCDEF
    -----------------------------------------------------  ----------------------
      0 | 0E 22 F7 00 C7 09 11 01 C7 08 0F 5D 1B 2F 70 42    0 | .".........]./pB
      1 | D1 22 F3 C0 73 E8 90 42 00 00 00 00 3E 32 64 00    1 | ."..s..B....>2d.
      2 | 00 19 02 00 00 0F 00 28 45 01 08 06 00 00 00 00    2 | .......(E.......
      3 | 00 00 26 0C 53 68 61 6E 74 6F 74 74 6F 00 00 00    3 | ..&.Shantotto...
      4 | 00 00 00 00 -- -- -- -- -- -- -- -- -- -- -- --    4 | ....------------

NPC ID: 17893832
  Name: Valaineral
  POLUtils_Name: Valaineral
  Type: Simple NPC
  XYZR: 60.046, -7.598, 72.454, 93
  Mask: 00001111
        |  0  1  2  3  4  5  6  7  8  9  A  B  C  D  E  F      | 0123456789ABCDEF
    -----------------------------------------------------  ----------------------
      0 | 0E 22 04 01 C8 09 11 01 C8 08 0F 5D 1B 2F 70 42    0 | .".........]./pB
      1 | D1 22 F3 C0 73 E8 90 42 00 00 00 00 3E 32 64 00    1 | ."..s..B....>2d.
      2 | 00 9B 00 00 00 0C 00 28 45 01 00 06 00 00 00 00    2 | .......(E.......
      3 | 00 00 C6 0B 56 61 6C 61 69 6E 65 72 61 6C 00 00    3 | ....Valaineral..
      4 | 00 00 00 00 -- -- -- -- -- -- -- -- -- -- -- --    4 | ....------------

NPC ID: 17893834
  Name: SemihLafihna
  POLUtils_Name: SemihLafihna
  Type: Simple NPC
  XYZR: 60.046, -7.598, 72.454, 93
  Mask: 00001111
        |  0  1  2  3  4  5  6  7  8  9  A  B  C  D  E  F      | 0123456789ABCDEF
    -----------------------------------------------------  ----------------------
      0 | 0E 22 11 01 CA 09 11 01 CA 08 0F 5D 1B 2F 70 42    0 | .".........]./pB
      1 | D1 22 F3 C0 73 E8 90 42 00 00 00 00 3E 32 64 00    1 | ."..s..B....>2d.
      2 | 00 1D 00 00 00 14 00 28 45 01 00 06 00 00 00 00    2 | .......(E.......
      3 | 00 00 E4 0B 53 65 6D 69 68 4C 61 66 69 68 6E 61    3 | ....SemihLafihna
      4 | 00 00 00 00 -- -- -- -- -- -- -- -- -- -- -- --    4 | ....------------

NPC ID: 17891351
  Name: RipsawJagil
  POLUtils_Name: Ripsaw Jagil
  Type: Simple NPC
  XYZR: -38.050, -9.900, 112.910, 240
  Mask: 00001111
        |  0  1  2  3  4  5  6  7  8  9  A  B  C  D  E  F      | 0123456789ABCDEF
    -----------------------------------------------------  ----------------------
      0 | 0E 22 5F 01 17 00 11 01 17 00 0F F0 33 33 18 C2    0 | ."_.........33..
      1 | 66 66 1E C1 EC D1 E1 42 8C 00 00 00 28 28 64 00    1 | ff.....B....((d.
      2 | 01 81 00 00 00 17 00 00 00 00 00 00 00 00 00 00    2 | ................
      3 | 00 00 5D 01 52 69 70 73 61 77 4A 61 67 69 6C 00    3 | ..].RipsawJagil.
      4 | 00 00 00 00 -- -- -- -- -- -- -- -- -- -- -- --    4 | ....------------

NPC ID: 17891544
  Name: ApexBats
  POLUtils_Name: Apex Bats
  Type: Simple NPC
  XYZR: -49.089, -9.272, 127.622, 142
  Mask: 00001111
        |  0  1  2  3  4  5  6  7  8  9  A  B  C  D  E  F      | 0123456789ABCDEF
    -----------------------------------------------------  ----------------------
      0 | 0E 20 67 01 D8 00 11 01 D8 00 0F 8E 23 5B 44 C2    0 | . g.........#[D.
      1 | 1D 5A 14 C1 77 3E FF 42 60 01 00 00 28 28 64 00    1 | .Z..w>.B`...((d.
      2 | 01 83 00 00 00 10 00 00 00 00 00 00 00 00 00 00    2 | ................
      3 | 00 00 04 01 41 70 65 78 42 61 74 73 00 00 00 00    3 | ....ApexBats....

NPC ID: 17891346
  Name: LeafdancerTwit
  POLUtils_Name: Leafdancer Twitherym
  Type: Simple NPC
  XYZR: -54.805, -10.567, 114.249, 99
  Mask: 00001111
        |  0  1  2  3  4  5  6  7  8  9  A  B  C  D  E  F      | 0123456789ABCDEF
    -----------------------------------------------------  ----------------------
      0 | 0E 24 67 01 12 00 11 01 12 00 0F 63 52 38 5B C2    0 | .$g........cR8[.
      1 | 6F 12 29 C1 7D 7F E4 42 2C 01 00 00 28 28 64 00    1 | o.).}..B,...((d.
      2 | 01 81 00 00 00 06 00 40 00 00 00 00 00 00 00 00    2 | .......@........
      3 | 00 00 E8 09 4C 65 61 66 64 61 6E 63 65 72 54 77    3 | ....LeafdancerTw
      4 | 69 74 00 00 00 00 00 00 -- -- -- -- -- -- -- --    4 | it......--------

NPC ID: 17891337
  Name: Trogloptera
  POLUtils_Name: Trogloptera
  Type: Simple NPC
  XYZR: -60.287, -10.341, 84.769, 31
  Mask: 00001111
        |  0  1  2  3  4  5  6  7  8  9  A  B  C  D  E  F      | 0123456789ABCDEF
    -----------------------------------------------------  ----------------------
      0 | 0E 22 6A 01 09 00 11 01 09 00 0F 1F E3 25 71 C2    0 | ."j..........%q.
      1 | BC 74 25 C1 BA 89 A9 42 52 18 00 00 28 28 00 02    1 | .t%....BR...((..
      2 | 07 83 02 00 00 0C 10 00 20 00 00 00 00 00 00 00    2 | ........ .......
      3 | 00 00 00 01 54 72 6F 67 6C 6F 70 74 65 72 61 00    3 | ....Trogloptera.
      4 | 00 00 00 00 -- -- -- -- -- -- -- -- -- -- -- --    4 | ....------------

NPC ID: 17891334
  Name: KnottedRoot
  POLUtils_Name: Knotted Root
  Type: Simple NPC
  XYZR: -58.000, -11.500, 80.000, 122
  Mask: 00001111
        |  0  1  2  3  4  5  6  7  8  9  A  B  C  D  E  F      | 0123456789ABCDEF
    -----------------------------------------------------  ----------------------
      0 | 0E 22 6A 01 06 00 11 01 06 00 0F 7A 00 00 68 C2    0 | ."j........z..h.
      1 | 00 00 38 C1 00 00 A0 42 68 92 00 00 28 28 00 03    1 | ..8....Bh...((..
      2 | 07 87 02 00 00 32 10 00 20 00 08 00 CF 5A 0A 00    2 | .....2.. ....Z..
      3 | 00 00 EA 0A 4B 6E 6F 74 74 65 64 52 6F 6F 74 00    3 | ....KnottedRoot.
      4 | 00 00 00 00 -- -- -- -- -- -- -- -- -- -- -- --    4 | ....------------

NPC ID: 17891336
  Name: VelkkPunisher
  POLUtils_Name: Velkk Punisher
  Type: Simple NPC
  XYZR: -60.940, -10.531, 83.223, 7
  Mask: 00001111
        |  0  1  2  3  4  5  6  7  8  9  A  B  C  D  E  F      | 0123456789ABCDEF
    -----------------------------------------------------  ----------------------
      0 | 0E 24 6B 01 08 00 11 01 08 00 0F 07 8F C2 73 C2    0 | .$k...........s.
      1 | FA 7E 28 C1 2D 72 A6 42 72 17 00 00 28 28 00 02    1 | .~(.-r.Br...((..
      2 | 07 83 00 00 00 0C 10 00 20 00 00 00 00 00 00 00    2 | ........ .......
      3 | 00 00 D8 09 56 65 6C 6B 6B 50 75 6E 69 73 68 65    3 | ....VelkkPunishe
      4 | 72 00 00 00 00 00 00 00 -- -- -- -- -- -- -- --    4 | r.......--------

NPC ID: 17891699
  Name: _7k0
  POLUtils_Name: NPC
  Type: Simple NPC
  XYZR: -59.878, -11.604, 79.500, 0
  Mask: 00000111
        |  0  1  2  3  4  5  6  7  8  9  A  B  C  D  E  F      | 0123456789ABCDEF
    -----------------------------------------------------  ----------------------
      0 | 0E 20 6B 01 73 01 11 01 73 01 07 00 12 83 6F C2    0 | . k.s...s.....o.
      1 | FC A9 39 C1 00 00 9F 42 01 00 00 00 32 32 64 08    1 | ..9....B....22d.
      2 | 00 03 18 00 00 00 00 00 A0 00 00 00 00 00 00 00    2 | ................
      3 | 02 00 00 00 5F 37 6B 30 00 00 00 00 00 00 00 00    3 | ...._7k0........

NPC ID: 17891352
  Name: RipsawJagil
  POLUtils_Name: Ripsaw Jagil
  Type: Simple NPC
  XYZR: -65.457, -9.335, 107.428, 47
  Mask: 00001111
        |  0  1  2  3  4  5  6  7  8  9  A  B  C  D  E  F      | 0123456789ABCDEF
    -----------------------------------------------------  ----------------------
      0 | 0E 22 6C 01 18 00 11 01 18 00 0F 2F FC E9 82 C2    0 | ."l......../....
      1 | 29 5C 15 C1 23 DB D6 42 DE 00 00 00 28 28 64 00    1 | )\\..#..B....((d.
      2 | 01 81 00 00 00 17 00 00 00 00 00 00 00 00 00 00    2 | ................
      3 | 00 00 5D 01 52 69 70 73 61 77 4A 61 67 69 6C 00    3 | ..].RipsawJagil.
      4 | 00 00 00 00 -- -- -- -- -- -- -- -- -- -- -- --    4 | ....------------

NPC ID: 17891700
  Name: _7k1
  POLUtils_Name: NPC
  Type: Simple NPC
  XYZR: -60.990, -12.467, 79.911, 0
  Mask: 00000111
        |  0  1  2  3  4  5  6  7  8  9  A  B  C  D  E  F      | 0123456789ABCDEF
    -----------------------------------------------------  ----------------------
      0 | 0E 20 6C 01 74 01 11 01 74 01 07 00 C3 F5 73 C2    0 | . l.t...t.....s.
      1 | D5 78 47 C1 6F D2 9F 42 01 00 00 00 32 32 64 08    1 | .xG.o..B....22d.
      2 | 02 03 10 00 00 00 00 00 00 00 00 00 00 00 00 00    2 | ................
      3 | 02 00 00 00 5F 37 6B 31 00 00 00 00 00 00 00 00    3 | ...._7k1........

NPC ID: 17891339
  Name: Trogloptera
  POLUtils_Name: Trogloptera
  Type: Simple NPC
  XYZR: -61.447, -10.493, 77.140, 145
  Mask: 00001111
        |  0  1  2  3  4  5  6  7  8  9  A  B  C  D  E  F      | 0123456789ABCDEF
    -----------------------------------------------------  ----------------------
      0 | 0E 22 6D 01 0B 00 11 01 0B 00 0F 91 BA C9 75 C2    0 | ."m...........u.
      1 | 54 E3 27 C1 AE 47 9A 42 8E 00 00 00 28 28 00 02    1 | T.'..G.B....((..
      2 | 07 83 02 00 00 0C 10 00 20 00 00 00 00 00 00 00    2 | ........ .......
      3 | 00 00 00 01 54 72 6F 67 6C 6F 70 74 65 72 61 00    3 | ....Trogloptera.
      4 | 00 00 00 00 -- -- -- -- -- -- -- -- -- -- -- --    4 | ....------------

NPC ID: 17891335
  Name: KnottedRoot
  POLUtils_Name: Knotted Root
  Type: Simple NPC
  XYZR: -62.000, -11.500, 80.000, 124
  Mask: 00001111
        |  0  1  2  3  4  5  6  7  8  9  A  B  C  D  E  F      | 0123456789ABCDEF
    -----------------------------------------------------  ----------------------
      0 | 0E 22 6D 01 07 00 11 01 07 00 0F 7C 00 00 78 C2    0 | ."m........|..x.
      1 | 00 00 38 C1 00 00 A0 42 C9 8A 00 00 28 28 00 03    1 | ..8....B....((..
      2 | 07 87 02 00 00 32 10 00 20 00 08 00 CF 5A 0A 00    2 | .....2.. ....Z..
      3 | 00 00 EA 0A 4B 6E 6F 74 74 65 64 52 6F 6F 74 00    3 | ....KnottedRoot.
      4 | 00 00 00 00 -- -- -- -- -- -- -- -- -- -- -- --    4 | ....------------

NPC ID: 17891349
  Name: LeafdancerTwit
  POLUtils_Name: Leafdancer Twitherym
  Type: Simple NPC
  XYZR: -71.692, -9.691, 106.740, 128
  Mask: 00001111
        |  0  1  2  3  4  5  6  7  8  9  A  B  C  D  E  F      | 0123456789ABCDEF
    -----------------------------------------------------  ----------------------
      0 | 0E 24 6F 01 15 00 11 01 15 00 0F 80 4E 62 8F C2    0 | .$o.........Nb..
      1 | 56 0E 1B C1 E1 7A D5 42 8E 01 00 00 28 28 64 00    1 | V....z.B....((d.
      2 | 01 81 00 00 00 06 00 40 00 00 00 00 00 00 00 00    2 | .......@........
      3 | 00 00 E8 09 4C 65 61 66 64 61 6E 63 65 72 54 77    3 | ....LeafdancerTw
      4 | 69 74 00 00 00 00 00 00 -- -- -- -- -- -- -- --    4 | it......--------

NPC ID: 17891546
  Name: ApexCrab
  POLUtils_Name: Apex Crab
  Type: Simple NPC
  XYZR: -71.211, -10.336, 114.576, 224
  Mask: 00001111
        |  0  1  2  3  4  5  6  7  8  9  A  B  C  D  E  F      | 0123456789ABCDEF
    -----------------------------------------------------  ----------------------
      0 | 0E 20 6F 01 DA 00 11 01 DA 00 0F E0 08 6C 8E C2    0 | . o..........l..
      1 | 42 60 25 C1 E9 26 E5 42 0A 01 00 00 28 28 64 00    1 | B`%..&.B....((d.
      2 | 01 83 00 00 00 0D 00 00 00 00 00 00 00 00 00 00    2 | ................
      3 | 00 00 64 01 41 70 65 78 43 72 61 62 00 00 00 00    3 | ..d.ApexCrab....

NPC ID: 17891543
  Name: ApexJagil
  POLUtils_Name: Apex Jagil
  Type: Simple NPC
  XYZR: -79.307, -11.137, 117.358, 19
  Mask: 00001111
        |  0  1  2  3  4  5  6  7  8  9  A  B  C  D  E  F      | 0123456789ABCDEF
    -----------------------------------------------------  ----------------------
      0 | 0E 22 73 01 D7 00 11 01 D7 00 0F 13 2F 9D 9E C2    0 | ."s........./...
      1 | 27 31 32 C1 4C B7 EA 42 EE 00 00 00 28 28 64 00    1 | '12.L..B....((d.
      2 | 01 83 00 00 00 1B 00 00 00 00 00 00 00 00 00 00    2 | ................
      3 | 00 00 5D 01 41 70 65 78 4A 61 67 69 6C 00 00 00    3 | ..].ApexJagil...
      4 | 00 00 00 00 -- -- -- -- -- -- -- -- -- -- -- --    4 | ....------------

NPC ID: 17891348
  Name: LeafdancerTwit
  POLUtils_Name: Leafdancer Twitherym
  Type: Simple NPC
  XYZR: -78.046, -11.055, 115.575, 179
  Mask: 00001111
        |  0  1  2  3  4  5  6  7  8  9  A  B  C  D  E  F      | 0123456789ABCDEF
    -----------------------------------------------------  ----------------------
      0 | 0E 24 73 01 14 00 11 01 14 00 0F B3 8D 17 9C C2    0 | .$s.............
      1 | 48 E1 30 C1 66 26 E7 42 DC 00 00 00 28 28 64 00    1 | H.0.f&.B....((d.
      2 | 01 81 00 00 00 06 00 40 00 00 00 00 00 00 00 00    2 | .......@........
      3 | 00 00 E8 09 4C 65 61 66 64 61 6E 63 65 72 54 77    3 | ....LeafdancerTw
      4 | 69 74 00 00 00 00 00 00 -- -- -- -- -- -- -- --    4 | it......--------

NPC ID: 17891347
  Name: LeafdancerTwit
  POLUtils_Name: Leafdancer Twitherym
  Type: Simple NPC
  XYZR: -83.720, -10.240, 117.051, 53
  Mask: 00001111
        |  0  1  2  3  4  5  6  7  8  9  A  B  C  D  E  F      | 0123456789ABCDEF
    -----------------------------------------------------  ----------------------
      0 | 0E 24 76 01 13 00 11 01 13 00 0F 35 A4 70 A7 C2    0 | .$v........5.p..
      1 | 0A D7 23 C1 1D 1A EA 42 70 01 00 00 28 28 64 00    1 | ..#....Bp...((d.
      2 | 01 81 00 00 00 06 00 40 00 00 00 00 00 00 00 00    2 | .......@........
      3 | 00 00 E8 09 4C 65 61 66 64 61 6E 63 65 72 54 77    3 | ....LeafdancerTw
      4 | 69 74 00 00 00 00 00 00 -- -- -- -- -- -- -- --    4 | it......--------

NPC ID: 17891545
  Name: ApexCraklaw
  POLUtils_Name: Apex Craklaw
  Type: Simple NPC
  XYZR: -90.828, -9.821, 119.094, 75
  Mask: 00001111
        |  0  1  2  3  4  5  6  7  8  9  A  B  C  D  E  F      | 0123456789ABCDEF
    -----------------------------------------------------  ----------------------
      0 | 0E 22 7A 01 D9 00 11 01 D9 00 0F 4B F0 A7 B5 C2    0 | ."z........K....
      1 | D1 22 1D C1 21 30 EE 42 56 00 00 00 28 28 64 00    1 | ."..!0.BV...((d.
      2 | 01 83 00 00 00 10 00 00 00 00 00 00 00 00 00 00    2 | ................
      3 | 00 00 FB 09 41 70 65 78 43 72 61 6B 6C 61 77 00    3 | ....ApexCraklaw.
      4 | 00 00 00 00 -- -- -- -- -- -- -- -- -- -- -- --    4 | ....------------

NPC ID: 17891350
  Name: RipsawJagil
  POLUtils_Name: Ripsaw Jagil
  Type: Simple NPC
  XYZR: -91.864, -10.483, 121.699, 75
  Mask: 00001111
        |  0  1  2  3  4  5  6  7  8  9  A  B  C  D  E  F      | 0123456789ABCDEF
    -----------------------------------------------------  ----------------------
      0 | 0E 22 7A 01 16 00 11 01 16 00 0F 4B 5E BA B7 C2    0 | ."z........K^...
      1 | 5E BA 27 C1 E3 65 F3 42 0C 01 00 00 28 28 64 00    1 | ^.'..e.B....((d.
      2 | 01 81 00 00 00 17 00 00 00 00 00 00 00 00 00 00    2 | ................
      3 | 00 00 5D 01 52 69 70 73 61 77 4A 61 67 69 6C 00    3 | ..].RipsawJagil.
      4 | 00 00 00 00 -- -- -- -- -- -- -- -- -- -- -- --    4 | ....------------

NPC ID: 17891366
  Name: UnyieldingTari
  POLUtils_Name: Unyielding Tarichuk
  Type: Simple NPC
  XYZR: -152.529, -19.672, 194.790, 140
  Mask: 00001111
        |  0  1  2  3  4  5  6  7  8  9  A  B  C  D  E  F      | 0123456789ABCDEF
    -----------------------------------------------------  ----------------------
      0 | 0E 24 A9 01 26 00 11 01 26 00 0F 8C 6D 87 18 C3    0 | .$..&...&...m...
      1 | 42 60 9D C1 3D CA 42 43 C6 00 00 00 28 28 64 00    1 | B`..=.BC....((d.
      2 | 01 81 04 00 00 0A 00 00 00 00 00 00 00 00 00 00    2 | ................
      3 | 00 00 46 05 55 6E 79 69 65 6C 64 69 6E 67 54 61    3 | ..F.UnyieldingTa
      4 | 72 69 00 00 00 00 00 00 -- -- -- -- -- -- -- --    4 | ri......--------

NPC ID: 17891365
  Name: UnyieldingTari
  POLUtils_Name: Unyielding Tarichuk
  Type: Simple NPC
  XYZR: -154.080, -19.814, 201.551, 47
  Mask: 00001111
        |  0  1  2  3  4  5  6  7  8  9  A  B  C  D  E  F      | 0123456789ABCDEF
    -----------------------------------------------------  ----------------------
      0 | 0E 24 AB 01 25 00 11 01 25 00 0F 2F 7B 14 1A C3    0 | .$..%...%../{...
      1 | 12 83 9E C1 0E 8D 49 43 33 01 00 00 28 28 64 00    1 | ......IC3...((d.
      2 | 01 81 04 00 00 0A 00 00 00 00 00 00 00 00 00 00    2 | ................
      3 | 00 00 46 05 55 6E 79 69 65 6C 64 69 6E 67 54 61    3 | ..F.UnyieldingTa
      4 | 72 69 00 00 00 00 00 00 -- -- -- -- -- -- -- --    4 | ri......--------

NPC ID: 17891680
  Name: MiningPoint
  POLUtils_Name: Mining Point
  Type: Simple NPC
  XYZR: -164.919, -21.820, 184.831, 0
  Mask: 00001111
        |  0  1  2  3  4  5  6  7  8  9  A  B  C  D  E  F      | 0123456789ABCDEF
    -----------------------------------------------------  ----------------------
      0 | 0E 22 AF 01 60 01 11 01 60 01 0F 00 44 EB 24 C3    0 | ."..`...`...D.$.
      1 | 5C 8F AE C1 BC D4 38 43 09 80 00 00 32 32 64 00    1 | \\.....8C....22d.
      2 | 00 03 00 00 00 00 00 00 00 00 00 00 00 00 00 00    2 | ................
      3 | 00 00 78 09 4D 69 6E 69 6E 67 50 6F 69 6E 74 00    3 | ..x.MiningPoint.
      4 | 00 00 00 00 -- -- -- -- -- -- -- -- -- -- -- --    4 | ....------------

NPC ID: 17891426
  Name: SpinescentProt
  POLUtils_Name: Spinescent Protuberance
  Type: Simple NPC
  XYZR: -171.935, -20.422, 183.640, 65
  Mask: 00001111
        |  0  1  2  3  4  5  6  7  8  9  A  B  C  D  E  F      | 0123456789ABCDEF
    -----------------------------------------------------  ----------------------
      0 | 0E 24 B3 01 62 00 11 01 62 00 0F 41 5C EF 2B C3    0 | .$..b...b..A\\.+.
      1 | 42 60 A3 C1 D7 A3 37 43 08 00 00 00 28 28 64 00    1 | B`....7C....((d.
      2 | 01 81 00 00 00 04 00 00 00 00 00 00 00 00 00 00    2 | ................
      3 | 00 00 F4 0A 53 70 69 6E 65 73 63 65 6E 74 50 72    3 | ....SpinescentPr
      4 | 6F 74 00 00 00 00 00 00 -- -- -- -- -- -- -- --    4 | ot......--------

NPC ID: 17891425
  Name: SpinescentProt
  POLUtils_Name: Spinescent Protuberance
  Type: Simple NPC
  XYZR: -176.361, -21.062, 175.261, 98
  Mask: 00001111
        |  0  1  2  3  4  5  6  7  8  9  A  B  C  D  E  F      | 0123456789ABCDEF
    -----------------------------------------------------  ----------------------
      0 | 0E 24 B5 01 61 00 11 01 61 00 0F 62 6A 5C 30 C3    0 | .$..a...a..bj\\0.
      1 | FA 7E A8 C1 D1 42 2F 43 08 00 00 00 28 28 64 00    1 | .~...B/C....((d.
      2 | 01 81 00 00 00 04 00 00 00 00 00 00 00 00 00 00    2 | ................
      3 | 00 00 F4 0A 53 70 69 6E 65 73 63 65 6E 74 50 72    3 | ....SpinescentPr
      4 | 6F 74 00 00 00 00 00 00 -- -- -- -- -- -- -- --    4 | ot......--------

NPC ID: 17891359
  Name: RipsawJagil
  POLUtils_Name: Ripsaw Jagil
  Type: Simple NPC
  XYZR: -190.197, -20.003, 166.519, 19
  Mask: 00001111
        |  0  1  2  3  4  5  6  7  8  9  A  B  C  D  E  F      | 0123456789ABCDEF
    -----------------------------------------------------  ----------------------
      0 | 0E 22 BF 01 1F 00 11 01 1F 00 0F 13 6F 32 3E C3    0 | ."..........o2>.
      1 | 25 06 A0 C1 DD 84 26 43 6B 00 00 00 28 28 64 00    1 | %.....&Ck...((d.
      2 | 01 81 00 00 00 17 00 00 00 00 00 00 00 00 00 00    2 | ................
      3 | 00 00 5D 01 52 69 70 73 61 77 4A 61 67 69 6C 00    3 | ..].RipsawJagil.
      4 | 00 00 00 00 -- -- -- -- -- -- -- -- -- -- -- --    4 | ....------------

NPC ID: 17891356
  Name: VelkkDreadnoug
  POLUtils_Name: Velkk Dreadnought
  Type: Simple NPC
  XYZR: -193.713, -19.862, 159.380, 194
  Mask: 00001111
        |  0  1  2  3  4  5  6  7  8  9  A  B  C  D  E  F      | 0123456789ABCDEF
    -----------------------------------------------------  ----------------------
      0 | 0E 24 C5 01 1C 00 11 01 1C 00 0F C2 87 B6 41 C3    0 | .$............A.
      1 | 60 E5 9E C1 48 61 1F 43 B6 01 00 00 28 28 64 00    1 | `...Ha.C....((d.
      2 | 01 81 00 00 00 0A 00 00 00 00 00 00 00 00 00 00    2 | ................
      3 | 00 00 D8 09 56 65 6C 6B 6B 44 72 65 61 64 6E 6F    3 | ....VelkkDreadno
      4 | 75 67 00 00 00 00 00 00 -- -- -- -- -- -- -- --    4 | ug......--------

NPC ID: 17891682
  Name: MiningPoint
  POLUtils_Name: Mining Point
  Type: Simple NPC
  XYZR: -204.238, -21.923, 265.502, 0
  Mask: 00001111
        |  0  1  2  3  4  5  6  7  8  9  A  B  C  D  E  F      | 0123456789ABCDEF
    -----------------------------------------------------  ----------------------
      0 | 0E 22 D6 01 62 01 11 01 62 01 0F 00 EE 3C 4C C3    0 | ."..b...b....<L.
      1 | 4E 62 AF C1 42 C0 84 43 09 80 00 00 32 32 64 00    1 | Nb..B..C....22d.
      2 | 00 03 00 00 00 00 00 00 00 00 00 00 00 00 00 00    2 | ................
      3 | 00 00 78 09 4D 69 6E 69 6E 67 50 6F 69 6E 74 00    3 | ..x.MiningPoint.
      4 | 00 00 00 00 -- -- -- -- -- -- -- -- -- -- -- --    4 | ....------------

NPC ID: 17891751
  Name: WaterofWhispe
  POLUtils_Name: Water of Whispers
  Type: Simple NPC
  XYZR: -223.165, -20.053, 256.389, 0
  Mask: 00001111
        |  0  1  2  3  4  5  6  7  8  9  A  B  C  D  E  F      | 0123456789ABCDEF
    -----------------------------------------------------  ----------------------
      0 | 0E 24 DA 01 A7 01 11 01 A7 01 0F 00 3D 2A 5F C3    0 | .$..........=*_.
      1 | 8B 6C A0 C1 CB 31 80 43 01 80 00 00 32 32 64 00    1 | .l...1.C....22d.
      2 | 00 03 02 00 00 00 00 02 A0 00 10 70 00 00 00 00    2 | ...........p....
      3 | 00 00 16 09 57 61 74 65 72 6F 66 57 68 69 73 70    3 | ....WaterofWhisp
      4 | 65 00 00 00 00 00 00 00 -- -- -- -- -- -- -- --    4 | e.......--------

NPC ID: 17891435
  Name: VoidWorm
  POLUtils_Name: Void Worm
  Type: Simple NPC
  XYZR: -225.698, -20.591, 261.977, 146
  Mask: 00001111
        |  0  1  2  3  4  5  6  7  8  9  A  B  C  D  E  F      | 0123456789ABCDEF
    -----------------------------------------------------  ----------------------
      0 | 0E 20 DF 01 6B 00 11 01 6B 00 0F 92 B0 B2 61 C3    0 | . ..k...k.....a.
      1 | 5E BA A4 C1 0E FD 82 43 CE 00 00 00 28 28 64 00    1 | ^......C....((d.
      2 | 01 81 00 00 00 0B 00 00 00 00 00 00 00 00 00 00    2 | ................
      3 | 00 00 AA 01 56 6F 69 64 57 6F 72 6D 00 00 00 00    3 | ....VoidWorm....

NPC ID: 17891436
  Name: VoidWorm
  POLUtils_Name: Void Worm
  Type: Simple NPC
  XYZR: -229.861, -20.949, 261.485, 10
  Mask: 00001111
        |  0  1  2  3  4  5  6  7  8  9  A  B  C  D  E  F      | 0123456789ABCDEF
    -----------------------------------------------------  ----------------------
      0 | 0E 20 E2 01 6C 00 11 01 6C 00 0F 0A 6A DC 65 C3    0 | . ..l...l...j.e.
      1 | 8D 97 A7 C1 14 BE 82 43 AB 00 00 00 28 28 64 00    1 | .......C....((d.
      2 | 01 81 00 00 00 0B 00 00 00 00 00 00 00 00 00 00    2 | ................
      3 | 00 00 AA 01 56 6F 69 64 57 6F 72 6D 00 00 00 00    3 | ....VoidWorm....

NPC ID: 17891342
  Name: VelkkRavager
  POLUtils_Name: Velkk Ravager
  Type: Simple NPC
  XYZR: -170.333, -20.493, 300.899, 196
  Mask: 00001111
        |  0  1  2  3  4  5  6  7  8  9  A  B  C  D  E  F      | 0123456789ABCDEF
    -----------------------------------------------------  ----------------------
      0 | 0E 22 E4 01 0E 00 11 01 0E 00 0F C4 3F 55 2A C3    0 | ."..........?U*.
      1 | AA F1 A3 C1 12 73 96 43 7B 00 00 00 28 28 00 02    1 | .....s.C{...((..
      2 | 07 83 00 00 00 0C 20 00 20 00 00 00 00 00 00 00    2 | ...... . .......
      3 | 00 00 D8 09 56 65 6C 6B 6B 52 61 76 61 67 65 72    3 | ....VelkkRavager
      4 | 00 00 00 00 -- -- -- -- -- -- -- -- -- -- -- --    4 | ....------------

NPC ID: 17891343
  Name: CreviceTarichu
  POLUtils_Name: Crevice Tarichuk
  Type: Simple NPC
  XYZR: -164.478, -20.466, 299.894, 33
  Mask: 00001111
        |  0  1  2  3  4  5  6  7  8  9  A  B  C  D  E  F      | 0123456789ABCDEF
    -----------------------------------------------------  ----------------------
      0 | 0E 24 E5 01 0F 00 11 01 0F 00 0F 21 5E 7A 24 C3    0 | .$.........!^z$.
      1 | 5E BA A3 C1 6F F2 95 43 94 12 00 00 28 28 00 02    1 | ^...o..C....((..
      2 | 07 83 00 00 00 0C 20 00 20 00 00 00 00 00 00 00    2 | ...... . .......
      3 | 00 00 46 05 43 72 65 76 69 63 65 54 61 72 69 63    3 | ..F.CreviceTaric
      4 | 68 75 00 00 00 00 00 00 -- -- -- -- -- -- -- --    4 | hu......--------

NPC ID: 17891341
  Name: KnottedRoot
  POLUtils_Name: Knotted Root
  Type: Simple NPC
  XYZR: -160.000, -21.500, 298.000, 112
  Mask: 00001111
        |  0  1  2  3  4  5  6  7  8  9  A  B  C  D  E  F      | 0123456789ABCDEF
    -----------------------------------------------------  ----------------------
      0 | 0E 22 E5 01 0D 00 11 01 0D 00 0F 70 00 00 20 C3    0 | .".........p.. .
      1 | 00 00 AC C1 00 00 95 43 38 81 00 00 28 28 00 03    1 | .......C8...((..
      2 | 07 87 02 00 00 32 20 00 20 00 08 00 D0 12 0A 00    2 | .....2 . .......
      3 | 00 00 EA 0A 4B 6E 6F 74 74 65 64 52 6F 6F 74 00    3 | ....KnottedRoot.
      4 | 00 00 00 00 -- -- -- -- -- -- -- -- -- -- -- --    4 | ....------------

NPC ID: 17891702
  Name: _7k3
  POLUtils_Name: NPC
  Type: Simple NPC
  XYZR: -159.911, -22.467, 299.009, 0
  Mask: 00000111
        |  0  1  2  3  4  5  6  7  8  9  A  B  C  D  E  F      | 0123456789ABCDEF
    -----------------------------------------------------  ----------------------
      0 | 0E 20 E6 01 76 01 11 01 76 01 07 00 37 E9 1F C3    0 | . ..v...v...7...
      1 | 6A BC B3 C1 27 81 95 43 01 00 00 00 32 32 64 08    1 | j...'..C....22d.
      2 | 02 03 10 00 00 00 00 00 00 00 00 00 00 00 00 00    2 | ................
      3 | 02 00 00 00 5F 37 6B 33 00 00 00 00 00 00 00 00    3 | ...._7k3........

NPC ID: 17891701
  Name: _7k2
  POLUtils_Name: NPC
  Type: Simple NPC
  XYZR: -159.500, -21.633, 300.148, 0
  Mask: 00000111
        |  0  1  2  3  4  5  6  7  8  9  A  B  C  D  E  F      | 0123456789ABCDEF
    -----------------------------------------------------  ----------------------
      0 | 0E 20 E6 01 75 01 11 01 75 01 07 00 00 80 1F C3    0 | . ..u...u.......
      1 | 62 10 AD C1 F2 12 96 43 01 00 00 00 32 32 64 08    1 | b......C....22d.
      2 | 00 03 18 00 00 00 00 00 A0 00 00 00 00 00 00 00    2 | ................
      3 | 02 00 00 00 5F 37 6B 32 00 00 00 00 00 00 00 00    3 | ...._7k2........

NPC ID: 17891345
  Name: CreviceTarichu
  POLUtils_Name: Crevice Tarichuk
  Type: Simple NPC
  XYZR: -154.711, -20.570, 299.561, 2
  Mask: 00001111
        |  0  1  2  3  4  5  6  7  8  9  A  B  C  D  E  F      | 0123456789ABCDEF
    -----------------------------------------------------  ----------------------
      0 | 0E 24 E8 01 11 00 11 01 11 00 0F 02 04 B6 1A C3    0 | .$..............
      1 | 5C 8F A4 C1 CF C7 95 43 7C 00 00 00 28 28 00 02    1 | \\......C|...((..
      2 | 07 83 00 00 00 0C 20 00 20 00 00 00 00 00 00 00    2 | ...... . .......
      3 | 00 00 46 05 43 72 65 76 69 63 65 54 61 72 69 63    3 | ..F.CreviceTaric
      4 | 68 75 00 00 00 00 00 00 -- -- -- -- -- -- -- --    4 | hu......--------

NPC ID: 17891340
  Name: KnottedRoot
  POLUtils_Name: Knotted Root
  Type: Simple NPC
  XYZR: -160.000, -21.500, 302.000, 97
  Mask: 00001111
        |  0  1  2  3  4  5  6  7  8  9  A  B  C  D  E  F      | 0123456789ABCDEF
    -----------------------------------------------------  ----------------------
      0 | 0E 22 E8 01 0C 00 11 01 0C 00 0F 61 00 00 20 C3    0 | .".........a.. .
      1 | 00 00 AC C1 00 00 97 43 0B 92 00 00 28 28 00 03    1 | .......C....((..
      2 | 07 87 02 00 00 32 20 00 20 00 08 00 D0 12 0A 00    2 | .....2 . .......
      3 | 00 00 EA 0A 4B 6E 6F 74 74 65 64 52 6F 6F 74 00    3 | ....KnottedRoot.
      4 | 00 00 00 00 -- -- -- -- -- -- -- -- -- -- -- --    4 | ....------------

NPC ID: 17891344
  Name: VelkkManipulat
  POLUtils_Name: Velkk Manipulator
  Type: Simple NPC
  XYZR: -153.771, -20.638, 301.982, 138
  Mask: 00001111
        |  0  1  2  3  4  5  6  7  8  9  A  B  C  D  E  F      | 0123456789ABCDEF
    -----------------------------------------------------  ----------------------
      0 | 0E 24 EA 01 10 00 11 01 10 00 0F 8A 60 C5 19 C3    0 | .$..........`...
      1 | A0 1A A5 C1 B2 FD 96 43 9C 00 00 00 28 28 00 02    1 | .......C....((..
      2 | 07 83 00 00 00 0C 20 00 20 00 00 00 00 00 00 00    2 | ...... . .......
      3 | 00 00 DD 09 56 65 6C 6B 6B 4D 61 6E 69 70 75 6C    3 | ....VelkkManipul
      4 | 61 74 00 00 00 00 00 00 -- -- -- -- -- -- -- --    4 | at......--------

NPC ID: 17891437
  Name: SpinescentProt
  POLUtils_Name: Spinescent Protuberance
  Type: Simple NPC
  XYZR: -259.109, -26.953, 248.963, 84
  Mask: 00001111
        |  0  1  2  3  4  5  6  7  8  9  A  B  C  D  E  F      | 0123456789ABCDEF
    -----------------------------------------------------  ----------------------
      0 | 0E 24 FB 01 6D 00 11 01 6D 00 0F 54 F4 8D 81 C3    0 | .$..m...m..T....
      1 | BE 9F D7 C1 87 F6 78 43 08 00 00 00 28 28 64 00    1 | ......xC....((d.
      2 | 01 81 00 00 00 04 00 00 00 00 00 00 00 00 00 00    2 | ................
      3 | 00 00 F4 0A 53 70 69 6E 65 73 63 65 6E 74 50 72    3 | ....SpinescentPr
      4 | 6F 74 00 00 00 00 00 00 -- -- -- -- -- -- -- --    4 | ot......--------

NPC ID: 17891438
  Name: SpinescentProt
  POLUtils_Name: Spinescent Protuberance
  Type: Simple NPC
  XYZR: -258.697, -30.500, 240.702, 74
  Mask: 00001111
        |  0  1  2  3  4  5  6  7  8  9  A  B  C  D  E  F      | 0123456789ABCDEF
    -----------------------------------------------------  ----------------------
      0 | 0E 24 FC 01 6E 00 11 01 6E 00 0F 4A 37 59 81 C3    0 | .$..n...n..J7Y..
      1 | 00 00 F4 C1 B6 B3 70 43 08 00 00 00 28 28 64 00    1 | ......pC....((d.
      2 | 01 81 00 00 00 04 00 00 00 00 00 00 00 00 00 00    2 | ................
      3 | 00 00 F4 0A 53 70 69 6E 65 73 63 65 6E 74 50 72    3 | ....SpinescentPr
      4 | 6F 74 00 00 00 00 00 00 -- -- -- -- -- -- -- --    4 | ot......--------

NPC ID: 17891726
  Name: RockyOutcrop
  POLUtils_Name: Rocky Outcrop
  Type: Simple NPC
  XYZR: -289.956, -30.752, 219.154, 61
  Mask: 00001111
        |  0  1  2  3  4  5  6  7  8  9  A  B  C  D  E  F      | 0123456789ABCDEF
    -----------------------------------------------------  ----------------------
      0 | 0E 22 10 02 8E 01 11 01 8E 01 0F 3D 5E FA 90 C3    0 | .".........=^...
      1 | 19 04 F6 C1 6D 27 5B 43 01 00 00 00 32 32 64 00    1 | ....m'[C....22d.
      2 | 00 03 00 00 00 00 00 00 00 00 00 00 00 00 00 00    2 | ................
      3 | 00 00 34 00 52 6F 63 6B 79 4F 75 74 63 72 6F 70    3 | ..4.RockyOutcrop
      4 | 00 00 00 00 -- -- -- -- -- -- -- -- -- -- -- --    4 | ....------------

NPC ID: 17891385
  Name: VelkkReaver
  POLUtils_Name: Velkk Reaver
  Type: Simple NPC
  XYZR: -317.290, -30.213, 220.103, 35
  Mask: 00001111
        |  0  1  2  3  4  5  6  7  8  9  A  B  C  D  E  F      | 0123456789ABCDEF
    -----------------------------------------------------  ----------------------
      0 | 0E 22 23 02 39 00 11 01 39 00 0F 23 1F A5 9E C3    0 | ."#.9...9..#....
      1 | 39 B4 F1 C1 5E 1A 5C 43 B2 01 00 00 28 28 64 00    1 | 9...^.\\C....((d.
      2 | 01 81 00 00 00 0A 00 00 00 00 00 00 00 00 00 00    2 | ................
      3 | 00 00 D8 09 56 65 6C 6B 6B 52 65 61 76 65 72 00    3 | ....VelkkReaver.
      4 | 00 00 00 00 -- -- -- -- -- -- -- -- -- -- -- --    4 | ....------------

NPC ID: 17891383
  Name: Duskprowlers
  POLUtils_Name: Duskprowlers
  Type: Simple NPC
  XYZR: -322.446, -30.637, 216.224, 136
  Mask: 00001111
        |  0  1  2  3  4  5  6  7  8  9  A  B  C  D  E  F      | 0123456789ABCDEF
    -----------------------------------------------------  ----------------------
      0 | 0E 22 27 02 37 00 11 01 37 00 0F 88 17 39 A1 C3    0 | ."'.7...7....9..
      1 | 93 18 F5 C1 58 39 58 43 20 01 00 00 28 28 64 00    1 | ....X9XC ...((d.
      2 | 01 81 02 00 00 0D 00 40 00 00 00 00 00 00 00 00    2 | .......@........
      3 | 00 00 04 01 44 75 73 6B 70 72 6F 77 6C 65 72 73    3 | ....Duskprowlers
      4 | 00 00 00 00 -- -- -- -- -- -- -- -- -- -- -- --    4 | ....------------

NPC ID: 17891386
  Name: VelkkReaver
  POLUtils_Name: Velkk Reaver
  Type: Simple NPC
  XYZR: -321.236, -30.060, 249.317, 249
  Mask: 00001111
        |  0  1  2  3  4  5  6  7  8  9  A  B  C  D  E  F      | 0123456789ABCDEF
    -----------------------------------------------------  ----------------------
      0 | 0E 22 2B 02 3A 00 11 01 3A 00 0F F9 35 9E A0 C3    0 | ."+.:...:...5...
      1 | E1 7A F0 C1 27 51 79 43 20 01 00 00 28 28 64 00    1 | .z..'QyC ...((d.
      2 | 01 81 00 00 00 0A 00 00 00 00 00 00 00 00 00 00    2 | ................
      3 | 00 00 D8 09 56 65 6C 6B 6B 52 65 61 76 65 72 00    3 | ....VelkkReaver.
      4 | 00 00 00 00 -- -- -- -- -- -- -- -- -- -- -- --    4 | ....------------

NPC ID: 17891382
  Name: Duskprowlers
  POLUtils_Name: Duskprowlers
  Type: Simple NPC
  XYZR: -332.105, -30.354, 196.703, 61
  Mask: 00001111
        |  0  1  2  3  4  5  6  7  8  9  A  B  C  D  E  F      | 0123456789ABCDEF
    -----------------------------------------------------  ----------------------
      0 | 0E 22 2D 02 36 00 11 01 36 00 0F 3D 71 0D A6 C3    0 | ."-.6...6..=q...
      1 | FE D4 F2 C1 F8 B3 44 43 CA 00 00 00 28 28 64 00    1 | ......DC....((d.
      2 | 01 81 02 00 00 0D 00 40 00 00 00 00 00 00 00 00    2 | .......@........
      3 | 00 00 04 01 44 75 73 6B 70 72 6F 77 6C 65 72 73    3 | ....Duskprowlers
      4 | 00 00 00 00 -- -- -- -- -- -- -- -- -- -- -- --    4 | ....------------

NPC ID: 17891384
  Name: VelkkReaver
  POLUtils_Name: Velkk Reaver
  Type: Simple NPC
  XYZR: -331.025, -30.512, 191.394, 184
  Mask: 00001111
        |  0  1  2  3  4  5  6  7  8  9  A  B  C  D  E  F      | 0123456789ABCDEF
    -----------------------------------------------------  ----------------------
      0 | 0E 22 2E 02 38 00 11 01 38 00 0F B8 33 83 A5 C3    0 | ."..8...8...3...
      1 | 93 18 F4 C1 DD 64 3F 43 FA 00 00 00 28 28 64 00    1 | .....d?C....((d.
      2 | 01 81 00 00 00 0A 00 00 00 00 00 00 00 00 00 00    2 | ................
      3 | 00 00 D8 09 56 65 6C 6B 6B 52 65 61 76 65 72 00    3 | ....VelkkReaver.
      4 | 00 00 00 00 -- -- -- -- -- -- -- -- -- -- -- --    4 | ....------------

NPC ID: 17891440
  Name: SpinescentProt
  POLUtils_Name: Spinescent Protuberance
  Type: Simple NPC
  XYZR: -330.489, -36.282, 295.863, 111
  Mask: 00001111
        |  0  1  2  3  4  5  6  7  8  9  A  B  C  D  E  F      | 0123456789ABCDEF
    -----------------------------------------------------  ----------------------
      0 | 0E 24 4B 02 70 00 11 01 70 00 0F 6F 98 3E A5 C3    0 | .$K.p...p..o.>..
      1 | C5 20 11 C2 77 EE 93 43 08 00 00 00 28 28 64 00    1 | . ..w..C....((d.
      2 | 01 81 00 00 00 04 00 00 00 00 00 00 00 00 00 00    2 | ................
      3 | 00 00 F4 0A 53 70 69 6E 65 73 63 65 6E 74 50 72    3 | ....SpinescentPr
      4 | 6F 74 00 00 00 00 00 00 -- -- -- -- -- -- -- --    4 | ot......--------

NPC ID: 17891439
  Name: SpinescentProt
  POLUtils_Name: Spinescent Protuberance
  Type: Simple NPC
  XYZR: -326.569, -38.202, 300.304, 5
  Mask: 00001111
        |  0  1  2  3  4  5  6  7  8  9  A  B  C  D  E  F      | 0123456789ABCDEF
    -----------------------------------------------------  ----------------------
      0 | 0E 24 4F 02 6F 00 11 01 6F 00 0F 05 D5 48 A3 C3    0 | .$O.o...o....H..
      1 | D9 CE 18 C2 E9 26 96 43 28 00 00 00 28 28 64 00    1 | .....&.C(...((d.
      2 | 01 81 00 00 00 04 00 00 00 00 00 00 00 00 00 00    2 | ................
      3 | 00 00 F4 0A 53 70 69 6E 65 73 63 65 6E 74 50 72    3 | ....SpinescentPr
      4 | 6F 74 00 00 00 00 00 00 -- -- -- -- -- -- -- --    4 | ot......--------

NPC ID: 17891442
  Name: TwilightBat
  POLUtils_Name: Twilight Bat
  Type: Simple NPC
  XYZR: -313.047, -40.876, 299.893, 122
  Mask: 00001111
        |  0  1  2  3  4  5  6  7  8  9  A  B  C  D  E  F      | 0123456789ABCDEF
    -----------------------------------------------------  ----------------------
      0 | 0E 22 52 02 72 00 11 01 72 00 0F 7A 04 86 9C C3    0 | ."R.r...r..z....
      1 | 06 81 23 C2 4E F2 95 43 29 00 00 00 28 28 64 00    1 | ..#.N..C)...((d.
      2 | 01 81 02 00 00 0B 00 00 00 00 08 00 00 00 00 00    2 | ................
      3 | 00 00 00 01 54 77 69 6C 69 67 68 74 42 61 74 00    3 | ....TwilightBat.
      4 | 00 00 00 00 -- -- -- -- -- -- -- -- -- -- -- --    4 | ....------------

NPC ID: 17891441
  Name: TwilightBat
  POLUtils_Name: Twilight Bat
  Type: Simple NPC
  XYZR: -308.156, -40.878, 300.148, 60
  Mask: 00001111
        |  0  1  2  3  4  5  6  7  8  9  A  B  C  D  E  F      | 0123456789ABCDEF
    -----------------------------------------------------  ----------------------
      0 | 0E 22 55 02 71 00 11 01 71 00 0F 3C F8 13 9A C3    0 | ."U.q...q..<....
      1 | 12 83 23 C2 F2 12 96 43 39 00 00 00 28 28 64 00    1 | ..#....C9...((d.
      2 | 01 81 02 00 00 0B 00 00 00 00 08 00 00 00 00 00    2 | ................
      3 | 00 00 00 01 54 77 69 6C 69 67 68 74 42 61 74 00    3 | ....TwilightBat.
      4 | 00 00 00 00 -- -- -- -- -- -- -- -- -- -- -- --    4 | ....------------

NPC ID: 17891388
  Name: FirthUmbril
  POLUtils_Name: Firth Umbril
  Type: Simple NPC
  XYZR: -273.347, -39.797, 315.222, 105
  Mask: 00001111
        |  0  1  2  3  4  5  6  7  8  9  A  B  C  D  E  F      | 0123456789ABCDEF
    -----------------------------------------------------  ----------------------
      0 | 0E 22 6E 02 3C 00 11 01 3C 00 0F 69 6A AC 88 C3    0 | ."n.<...<..ij...
      1 | 21 30 1F C2 6A 9C 9D 43 FD 00 00 00 28 28 64 00    1 | !0..j..C....((d.
      2 | 01 81 00 00 00 06 00 02 00 00 0D 00 00 00 00 00    2 | ................
      3 | 00 00 05 0A 46 69 72 74 68 55 6D 62 72 69 6C 00    3 | ....FirthUmbril.
      4 | 00 00 00 00 -- -- -- -- -- -- -- -- -- -- -- --    4 | ....------------

NPC ID: 17891389
  Name: FirthUmbril
  POLUtils_Name: Firth Umbril
  Type: Simple NPC
  XYZR: -274.166, -39.635, 324.430, 176
  Mask: 00001111
        |  0  1  2  3  4  5  6  7  8  9  A  B  C  D  E  F      | 0123456789ABCDEF
    -----------------------------------------------------  ----------------------
      0 | 0E 22 6F 02 3D 00 11 01 3D 00 0F B0 3F 15 89 C3    0 | ."o.=...=...?...
      1 | 3D 8A 1E C2 0A 37 A2 43 3C 00 00 00 28 28 64 00    1 | =....7.C<...((d.
      2 | 01 81 00 00 00 06 00 02 00 00 0D 00 00 00 00 00    2 | ................
      3 | 00 00 05 0A 46 69 72 74 68 55 6D 62 72 69 6C 00    3 | ....FirthUmbril.
      4 | 00 00 00 00 -- -- -- -- -- -- -- -- -- -- -- --    4 | ....------------

NPC ID: 17891387
  Name: FirthUmbril
  POLUtils_Name: Firth Umbril
  Type: Simple NPC
  XYZR: -269.547, -39.658, 320.750, 197
  Mask: 00001111
        |  0  1  2  3  4  5  6  7  8  9  A  B  C  D  E  F      | 0123456789ABCDEF
    -----------------------------------------------------  ----------------------
      0 | 0E 22 70 02 3B 00 11 01 3B 00 0F C5 04 C6 86 C3    0 | ."p.;...;.......
      1 | CB A1 1E C2 00 60 A0 43 1E 01 00 00 28 28 64 00    1 | .....`.C....((d.
      2 | 01 81 00 00 00 06 00 02 00 00 0D 00 00 00 00 00    2 | ................
      3 | 00 00 05 0A 46 69 72 74 68 55 6D 62 72 69 6C 00    3 | ....FirthUmbril.
      4 | 00 00 00 00 -- -- -- -- -- -- -- -- -- -- -- --    4 | ....------------

