NPC ID: 17545517
  Name: X-32
  POLUtils_Name: X-32
  Type: Simple NPC
  XYZR: -228.095, -0.750, -119.967, 0
  Mask: 00001111
        |  0  1  2  3  4  5  6  7  8  9  A  B  C  D  E  F      | 0123456789ABCDEF
    -----------------------------------------------------  ----------------------
      0 | 0E 1E 0A 00 2D B9 0B 01 2D 08 0F 00 52 18 64 C3    0 | ....-...-...R.d.
      1 | 00 00 40 BF 1B EF EF C2 00 00 00 00 00 32 64 00    1 | ..@..........2d.
      2 | 00 99 00 00 00 08 00 28 00 01 00 00 00 00 00 00    2 | .......(........
      3 | 06 00 BF 07 58 2D 33 32 00 00 00 00 -- -- -- --    3 | ....X-32....----

NPC ID: 17543172
  Name: VanguardSkirmi
  POLUtils_Name: Vanguard Skirmisher
  Type: Simple NPC
  XYZR: -179.794, -2.419, -112.316, 218
  Mask: 00001111
        |  0  1  2  3  4  5  6  7  8  9  A  B  C  D  E  F      | 0123456789ABCDEF
    -----------------------------------------------------  ----------------------
      0 | 0E 24 0A 00 04 B0 0B 01 04 00 0F DA 44 CB 33 C3    0 | .$..........D.3.
      1 | E5 D0 1A C0 CB A1 E0 C2 55 00 00 00 28 28 64 00    1 | ........U...((d.
      2 | 01 83 00 00 00 0F 00 00 00 00 00 00 00 00 00 00    2 | ................
      3 | 00 00 3A 04 56 61 6E 67 75 61 72 64 53 6B 69 72    3 | ..:.VanguardSkir
      4 | 6D 69 00 00 00 00 00 00 -- -- -- -- -- -- -- --    4 | mi......--------

NPC ID: 17543478
  Name: SomnialThresho
  POLUtils_Name: Somnial Threshold
  Type: Simple NPC
  XYZR: -226.000, -0.250, -125.000, 0
  Mask: 00001111
        |  0  1  2  3  4  5  6  7  8  9  A  B  C  D  E  F      | 0123456789ABCDEF
    -----------------------------------------------------  ----------------------
      0 | 0E 24 0A 00 36 B1 0B 01 36 01 0F 00 00 00 62 C3    0 | .$..6...6.....b.
      1 | 00 00 80 BE 00 00 FA C2 01 00 00 00 32 32 64 00    1 | ............22d.
      2 | 00 03 00 00 00 00 00 00 20 00 00 00 00 00 00 00    2 | ........ .......
      3 | 00 00 34 00 53 6F 6D 6E 69 61 6C 54 68 72 65 73    3 | ..4.SomnialThres
      4 | 68 6F 00 00 00 00 00 00 -- -- -- -- -- -- -- --    4 | ho......--------

NPC ID: 17543175
  Name: VanguardChante
  POLUtils_Name: Vanguard Chanter
  Type: Simple NPC
  XYZR: -178.908, -2.623, -109.857, 237
  Mask: 00001111
        |  0  1  2  3  4  5  6  7  8  9  A  B  C  D  E  F      | 0123456789ABCDEF
    -----------------------------------------------------  ----------------------
      0 | 0E 24 0A 00 07 B0 0B 01 07 00 0F ED 73 E8 32 C3    0 | .$..........s.2.
      1 | 3B DF 27 C0 C9 B6 DB C2 22 01 00 00 28 28 64 00    1 | ;.'....."...((d.
      2 | 01 83 00 00 00 0F 00 00 00 00 00 00 00 00 00 00    2 | ................
      3 | 00 00 3D 04 56 61 6E 67 75 61 72 64 43 68 61 6E    3 | ..=.VanguardChan
      4 | 74 65 00 00 00 00 00 00 -- -- -- -- -- -- -- --    4 | te......--------

NPC ID: 17543173
  Name: VanguardPriest
  POLUtils_Name: Vanguard Priest
  Type: Simple NPC
  XYZR: -184.345, -1.885, -112.151, 204
  Mask: 00001111
        |  0  1  2  3  4  5  6  7  8  9  A  B  C  D  E  F      | 0123456789ABCDEF
    -----------------------------------------------------  ----------------------
      0 | 0E 24 0A 00 05 B0 0B 01 05 00 0F CC 52 58 38 C3    0 | .$..........RX8.
      1 | AE 47 F1 BF 50 4D E0 C2 8D 01 00 00 28 28 64 00    1 | .G..PM......((d.
      2 | 01 83 00 00 00 0F 00 00 00 00 00 00 00 00 00 00    2 | ................
      3 | 00 00 3C 04 56 61 6E 67 75 61 72 64 50 72 69 65    3 | ..<.VanguardPrie
      4 | 73 74 00 00 00 00 00 00 -- -- -- -- -- -- -- --    4 | st......--------

NPC ID: 17545518
  Name: Gessho
  POLUtils_Name: Gessho
  Type: Simple NPC
  XYZR: -228.095, -0.750, -119.967, 0
  Mask: 00001111
        |  0  1  2  3  4  5  6  7  8  9  A  B  C  D  E  F      | 0123456789ABCDEF
    -----------------------------------------------------  ----------------------
      0 | 0E 20 14 00 2E B9 0B 01 2E 08 0F 00 52 18 64 C3    0 | . ..........R.d.
      1 | 00 00 40 BF 1B EF EF C2 00 00 00 00 3E 32 64 00    1 | ..@.........>2d.
      2 | 00 9B 00 00 00 0F 00 28 45 01 00 06 00 00 00 00    2 | .......(E.......
      3 | 00 00 CE 0B 47 65 73 73 68 6F 00 00 00 00 00 00    3 | ....Gessho......

NPC ID: 17545519
  Name: SemihLafihna
  POLUtils_Name: SemihLafihna
  Type: Simple NPC
  XYZR: -228.095, -0.750, -119.967, 0
  Mask: 00001111
        |  0  1  2  3  4  5  6  7  8  9  A  B  C  D  E  F      | 0123456789ABCDEF
    -----------------------------------------------------  ----------------------
      0 | 0E 22 27 00 2F B9 0B 01 2F 08 0F 00 52 18 64 C3    0 | ."'./.../...R.d.
      1 | 00 00 40 BF 1B EF EF C2 00 00 00 00 3E 32 64 00    1 | ..@.........>2d.
      2 | 00 1D 00 00 00 14 00 28 45 01 00 06 00 00 00 00    2 | .......(E.......
      3 | 00 00 E4 0B 53 65 6D 69 68 4C 61 66 69 68 6E 61    3 | ....SemihLafihna
      4 | 00 00 00 00 -- -- -- -- -- -- -- -- -- -- -- --    4 | ....------------

NPC ID: 17545520
  Name: Shantotto
  POLUtils_Name: Shantotto
  Type: Simple NPC
  XYZR: -228.095, -0.750, -119.967, 0
  Mask: 00001111
        |  0  1  2  3  4  5  6  7  8  9  A  B  C  D  E  F      | 0123456789ABCDEF
    -----------------------------------------------------  ----------------------
      0 | 0E 22 35 00 30 B9 0B 01 30 08 0F 00 52 18 64 C3    0 | ."5.0...0...R.d.
      1 | 00 00 40 BF 1B EF EF C2 00 00 00 00 3E 32 64 00    1 | ..@.........>2d.
      2 | 00 19 02 00 00 0F 00 28 45 01 08 06 00 00 00 00    2 | .......(E.......
      3 | 00 00 26 0C 53 68 61 6E 74 6F 74 74 6F 00 00 00    3 | ..&.Shantotto...
      4 | 00 00 00 00 -- -- -- -- -- -- -- -- -- -- -- --    4 | ....------------

NPC ID: 17545521
  Name: Cherukiki
  POLUtils_Name: Cherukiki
  Type: Simple NPC
  XYZR: -228.095, -0.750, -119.967, 0
  Mask: 00001111
        |  0  1  2  3  4  5  6  7  8  9  A  B  C  D  E  F      | 0123456789ABCDEF
    -----------------------------------------------------  ----------------------
      0 | 0E 22 40 00 31 B9 0B 01 31 08 0F 00 52 18 64 C3    0 | ."@.1...1...R.d.
      1 | 00 00 40 BF 1B EF EF C2 00 00 00 00 3E 32 64 00    1 | ..@.........>2d.
      2 | 00 1D 02 00 00 0B 00 28 45 01 08 06 00 00 00 00    2 | .......(E.......
      3 | 00 00 CC 0B 43 68 65 72 75 6B 69 6B 69 00 00 00    3 | ....Cherukiki...
      4 | 00 00 00 00 -- -- -- -- -- -- -- -- -- -- -- --    4 | ....------------

NPC ID: 17543174
  Name: VanguardPrelat
  POLUtils_Name: Vanguard Prelate
  Type: Simple NPC
  XYZR: -176.102, -2.640, -104.710, 198
  Mask: 00001111
        |  0  1  2  3  4  5  6  7  8  9  A  B  C  D  E  F      | 0123456789ABCDEF
    -----------------------------------------------------  ----------------------
      0 | 0E 24 48 00 06 B0 0B 01 06 00 0F C6 1D 1A 30 C3    0 | .$H...........0.
      1 | C3 F5 28 C0 85 6B D1 C2 22 00 00 00 28 28 00 03    1 | ..(..k.."...((..
      2 | 07 83 00 00 00 0F 00 00 00 00 00 00 00 00 00 00    2 | ................
      3 | 00 00 3D 04 56 61 6E 67 75 61 72 64 50 72 65 6C    3 | ..=.VanguardPrel
      4 | 61 74 00 00 00 00 00 00 -- -- -- -- -- -- -- --    4 | at......--------

NPC ID: 17543179
  Name: VanguardChante
  POLUtils_Name: Vanguard Chanter
  Type: Simple NPC
  XYZR: -174.969, -2.598, -107.266, 201
  Mask: 00001111
        |  0  1  2  3  4  5  6  7  8  9  A  B  C  D  E  F      | 0123456789ABCDEF
    -----------------------------------------------------  ----------------------
      0 | 0E 24 48 00 0B B0 0B 01 0B 00 0F C9 10 F8 2E C3    0 | .$H.............
      1 | A2 45 26 C0 31 88 D6 C2 EC 04 00 00 28 28 00 03    1 | .E&.1.......((..
      2 | 07 83 00 00 00 0F 00 00 00 00 00 00 00 00 00 00    2 | ................
      3 | 00 00 3D 04 56 61 6E 67 75 61 72 64 43 68 61 6E    3 | ..=.VanguardChan
      4 | 74 65 00 00 00 00 00 00 -- -- -- -- -- -- -- --    4 | te......--------

NPC ID: 17543178
  Name: VanguardVision
  POLUtils_Name: Vanguard Visionary
  Type: Simple NPC
  XYZR: -168.955, -2.226, -102.235, 191
  Mask: 00001111
        |  0  1  2  3  4  5  6  7  8  9  A  B  C  D  E  F      | 0123456789ABCDEF
    -----------------------------------------------------  ----------------------
      0 | 0E 24 4B 00 0A B0 0B 01 0A 00 0F BF 7B F4 28 C3    0 | .$K.........{.(.
      1 | C9 76 0E C0 52 78 CC C2 6B 01 00 00 28 28 64 00    1 | .v..Rx..k...((d.
      2 | 01 83 00 00 00 0F 00 00 00 00 00 00 00 00 00 00    2 | ................
      3 | 00 00 3D 04 56 61 6E 67 75 61 72 64 56 69 73 69    3 | ..=.VanguardVisi
      4 | 6F 6E 00 00 00 00 00 00 -- -- -- -- -- -- -- --    4 | on......--------

NPC ID: 17543180
  Name: VanguardLibera
  POLUtils_Name: Vanguard Liberator
  Type: Simple NPC
  XYZR: -161.315, -1.678, -129.184, 54
  Mask: 00001111
        |  0  1  2  3  4  5  6  7  8  9  A  B  C  D  E  F      | 0123456789ABCDEF
    -----------------------------------------------------  ----------------------
      0 | 0E 24 4D 00 0C B0 0B 01 0C 00 0F 36 A4 50 21 C3    0 | .$M........6.P!.
      1 | B4 C8 D6 BF 1B 2F 01 C3 0F 01 00 00 28 28 64 00    1 | ...../......((d.
      2 | 01 83 00 00 00 0F 00 00 00 00 00 00 00 00 00 00    2 | ................
      3 | 00 00 39 04 56 61 6E 67 75 61 72 64 4C 69 62 65    3 | ..9.VanguardLibe
      4 | 72 61 00 00 00 00 00 00 -- -- -- -- -- -- -- --    4 | ra......--------

NPC ID: 17543181
  Name: VanguardSentin
  POLUtils_Name: Vanguard Sentinel
  Type: Simple NPC
  XYZR: -161.580, -1.676, -129.221, 50
  Mask: 00001111
        |  0  1  2  3  4  5  6  7  8  9  A  B  C  D  E  F      | 0123456789ABCDEF
    -----------------------------------------------------  ----------------------
      0 | 0E 24 4D 00 0D B0 0B 01 0D 00 0F 32 7B 94 21 C3    0 | .$M........2{.!.
      1 | 2B 87 D6 BF 93 38 01 C3 1C 01 00 00 28 28 64 00    1 | +....8......((d.
      2 | 01 83 00 00 00 0F 00 00 00 00 00 00 00 00 00 00    2 | ................
      3 | 00 00 39 04 56 61 6E 67 75 61 72 64 53 65 6E 74    3 | ..9.VanguardSent
      4 | 69 6E 00 00 00 00 00 00 -- -- -- -- -- -- -- --    4 | in......--------

NPC ID: 17543176
  Name: VanguardSentin
  POLUtils_Name: Vanguard Sentinel
  Type: Simple NPC
  XYZR: -163.372, -1.534, -108.584, 60
  Mask: 00001111
        |  0  1  2  3  4  5  6  7  8  9  A  B  C  D  E  F      | 0123456789ABCDEF
    -----------------------------------------------------  ----------------------
      0 | 0E 24 4D 00 08 B0 0B 01 08 00 0F 3C 3B 5F 23 C3    0 | .$M........<;_#.
      1 | 1D 5A C4 BF 02 2B D9 C2 02 01 00 00 28 28 64 00    1 | .Z...+......((d.
      2 | 01 83 00 00 00 0F 00 00 00 00 00 00 00 00 00 00    2 | ................
      3 | 00 00 39 04 56 61 6E 67 75 61 72 64 53 65 6E 74    3 | ..9.VanguardSent
      4 | 69 6E 00 00 00 00 00 00 -- -- -- -- -- -- -- --    4 | in......--------

NPC ID: 17543182
  Name: VanguardIncite
  POLUtils_Name: Vanguard Inciter
  Type: Simple NPC
  XYZR: -157.851, -1.765, -125.297, 198
  Mask: 00001111
        |  0  1  2  3  4  5  6  7  8  9  A  B  C  D  E  F      | 0123456789ABCDEF
    -----------------------------------------------------  ----------------------
      0 | 0E 24 4F 00 0E B0 0B 01 0E 00 0F C6 DB D9 1D C3    0 | .$O.............
      1 | 85 EB E1 BF 10 98 FA C2 67 07 00 00 28 28 00 03    1 | ........g...((..
      2 | 07 83 00 00 00 0F 00 00 00 00 00 00 00 00 00 00    2 | ................
      3 | 00 00 3A 04 56 61 6E 67 75 61 72 64 49 6E 63 69    3 | ..:.VanguardInci
      4 | 74 65 00 00 00 00 00 00 -- -- -- -- -- -- -- --    4 | te......--------

NPC ID: 17543177
  Name: VanguardPriest
  POLUtils_Name: Vanguard Priest
  Type: Simple NPC
  XYZR: -157.190, -1.196, -129.128, 170
  Mask: 00001111
        |  0  1  2  3  4  5  6  7  8  9  A  B  C  D  E  F      | 0123456789ABCDEF
    -----------------------------------------------------  ----------------------
      0 | 0E 24 4F 00 09 B0 0B 01 09 00 0F AA A4 30 1D C3    0 | .$O..........0..
      1 | 87 16 99 BF C5 20 01 C3 ED 04 00 00 28 28 00 03    1 | ..... ......((..
      2 | 07 83 00 00 00 0F 00 00 00 00 00 00 59 05 07 00    2 | ............Y...
      3 | 00 00 3C 04 56 61 6E 67 75 61 72 64 50 72 69 65    3 | ..<.VanguardPrie
      4 | 73 74 00 00 00 00 00 00 -- -- -- -- -- -- -- --    4 | st......--------

NPC ID: 17543183
  Name: VanguardExempl
  POLUtils_Name: Vanguard Exemplar
  Type: Simple NPC
  XYZR: -149.602, -2.214, -136.607, 148
  Mask: 00001111
        |  0  1  2  3  4  5  6  7  8  9  A  B  C  D  E  F      | 0123456789ABCDEF
    -----------------------------------------------------  ----------------------
      0 | 0E 24 53 00 0F B0 0B 01 0F 00 0F 94 1D 9A 15 C3    0 | .$S.............
      1 | 2D B2 0D C0 64 9B 08 C3 06 00 00 00 28 28 64 00    1 | -...d.......((d.
      2 | 01 83 00 00 00 0F 00 00 00 00 10 00 00 00 00 00    2 | ................
      3 | 00 00 3A 04 56 61 6E 67 75 61 72 64 45 78 65 6D    3 | ..:.VanguardExem
      4 | 70 6C 00 00 00 00 00 00 -- -- -- -- -- -- -- --    4 | pl......--------

NPC ID: 17543184
  Name: VanguardSalvag
  POLUtils_Name: Vanguard Salvager
  Type: Simple NPC
  XYZR: -148.233, -2.271, -137.413, 170
  Mask: 00001111
        |  0  1  2  3  4  5  6  7  8  9  A  B  C  D  E  F      | 0123456789ABCDEF
    -----------------------------------------------------  ----------------------
      0 | 0E 24 54 00 10 B0 0B 01 10 00 0F AA A6 3B 14 C3    0 | .$T..........;..
      1 | 10 58 11 C0 BA 69 09 C3 99 0A 00 00 28 28 00 03    1 | .X...i......((..
      2 | 07 83 00 00 00 0F 00 00 00 00 00 00 E6 BC 09 00    2 | ................
      3 | 00 00 3B 04 56 61 6E 67 75 61 72 64 53 61 6C 76    3 | ..;.VanguardSalv
      4 | 61 67 00 00 00 00 00 00 -- -- -- -- -- -- -- --    4 | ag......--------

NPC ID: 17543185
  Name: VanguardIncite
  POLUtils_Name: Vanguard Inciter
  Type: Simple NPC
  XYZR: -130.621, -3.196, -140.719, 120
  Mask: 00001111
        |  0  1  2  3  4  5  6  7  8  9  A  B  C  D  E  F      | 0123456789ABCDEF
    -----------------------------------------------------  ----------------------
      0 | 0E 24 F5 00 11 B0 0B 01 11 00 0F 78 FA 9E 02 C3    0 | .$.........x....
      1 | 44 8B 4C C0 10 B8 0C C3 A8 02 00 00 28 28 00 03    1 | D.L.........((..
      2 | 07 83 00 00 00 0F 00 00 00 00 00 00 EF D8 0A 00    2 | ................
      3 | 00 00 3A 04 56 61 6E 67 75 61 72 64 49 6E 63 69    3 | ..:.VanguardInci
      4 | 74 65 00 00 00 00 00 00 -- -- -- -- -- -- -- --    4 | te......--------

NPC ID: 17543186
  Name: VanguardOgreso
  POLUtils_Name: Vanguard Ogresoother
  Type: Simple NPC
  XYZR: -126.459, -3.026, -141.009, 0
  Mask: 00001111
        |  0  1  2  3  4  5  6  7  8  9  A  B  C  D  E  F      | 0123456789ABCDEF
    -----------------------------------------------------  ----------------------
      0 | 0E 24 F7 00 12 B0 0B 01 12 00 0F 00 02 EB FC C2    0 | .$..............
      1 | FC A9 41 C0 4E 02 0D C3 8B 00 00 00 28 28 64 00    1 | ..A.N.......((d.
      2 | 01 83 00 00 00 0F 00 00 00 00 00 00 00 00 00 00    2 | ................
      3 | 00 00 39 04 56 61 6E 67 75 61 72 64 4F 67 72 65    3 | ..9.VanguardOgre
      4 | 73 6F 00 00 00 00 00 00 -- -- -- -- -- -- -- --    4 | so......--------

NPC ID: 17543187
  Name: Vanguard'sCrow
  POLUtils_Name: Vanguard's Crow
  Type: Simple NPC
  XYZR: -127.070, -3.026, -141.426, 129
  Mask: 00001111
        |  0  1  2  3  4  5  6  7  8  9  A  B  C  D  E  F      | 0123456789ABCDEF
    -----------------------------------------------------  ----------------------
      0 | 0E 24 F7 00 13 B0 0B 01 13 00 0F 81 D7 23 FE C2    0 | .$...........#..
      1 | FC A9 41 C0 0E 6D 0D C3 7E 00 00 00 28 28 64 00    1 | ..A..m..~...((d.
      2 | 01 83 00 00 00 14 00 00 00 00 08 00 00 00 00 00    2 | ................
      3 | 00 00 BD 01 56 61 6E 67 75 61 72 64 27 73 43 72    3 | ....Vanguard'sCr
      4 | 6F 77 00 00 00 00 00 00 -- -- -- -- -- -- -- --    4 | ow......--------

NPC ID: 17543189
  Name: VanguardAssass
  POLUtils_Name: Vanguard Assassin
  Type: Simple NPC
  XYZR: -106.247, -2.913, -131.007, 218
  Mask: 00001111
        |  0  1  2  3  4  5  6  7  8  9  A  B  C  D  E  F      | 0123456789ABCDEF
    -----------------------------------------------------  ----------------------
      0 | 0E 24 7D 01 15 B0 0B 01 15 00 0F DA 77 7E D4 C2    0 | .$}.........w~..
      1 | 98 6E 3A C0 CB 01 03 C3 0E 01 00 00 28 28 64 00    1 | .n:.........((d.
      2 | 01 83 00 00 00 0F 00 00 00 00 00 00 00 00 00 00    2 | ................
      3 | 00 00 3B 04 56 61 6E 67 75 61 72 64 41 73 73 61    3 | ..;.VanguardAssa
      4 | 73 73 00 00 00 00 00 00 -- -- -- -- -- -- -- --    4 | ss......--------

NPC ID: 17543190
  Name: VanguardPersec
  POLUtils_Name: Vanguard Persecutor
  Type: Simple NPC
  XYZR: -105.929, -2.793, -128.881, 100
  Mask: 00001111
        |  0  1  2  3  4  5  6  7  8  9  A  B  C  D  E  F      | 0123456789ABCDEF
    -----------------------------------------------------  ----------------------
      0 | 0E 24 7D 01 16 B0 0B 01 16 00 0F 64 A6 DB D3 C2    0 | .$}........d....
      1 | 83 C0 32 C0 89 E1 00 C3 D5 01 00 00 28 28 00 03    1 | ..2.........((..
      2 | 07 83 00 00 00 0F 00 00 00 00 00 00 EF D8 0A 00    2 | ................
      3 | 00 00 3A 04 56 61 6E 67 75 61 72 64 50 65 72 73    3 | ..:.VanguardPers
      4 | 65 63 00 00 00 00 00 00 -- -- -- -- -- -- -- --    4 | ec......--------

NPC ID: 17543191
  Name: VanguardAssass
  POLUtils_Name: Vanguard Assassin
  Type: Simple NPC
  XYZR: -105.592, -2.886, -129.052, 47
  Mask: 00001111
        |  0  1  2  3  4  5  6  7  8  9  A  B  C  D  E  F      | 0123456789ABCDEF
    -----------------------------------------------------  ----------------------
      0 | 0E 24 7E 01 17 B0 0B 01 17 00 0F 2F 1B 2F D3 C2    0 | .$~.......././..
      1 | 39 B4 38 C0 50 0D 01 C3 C0 00 00 00 28 28 64 00    1 | 9.8.P.......((d.
      2 | 01 83 00 00 00 0F 00 00 00 00 00 00 00 00 00 00    2 | ................
      3 | 00 00 3B 04 56 61 6E 67 75 61 72 64 41 73 73 61    3 | ..;.VanguardAssa
      4 | 73 73 00 00 00 00 00 00 -- -- -- -- -- -- -- --    4 | ss......--------

NPC ID: 17543193
  Name: Vanguard'sWyve
  POLUtils_Name: Vanguard's Wyvern
  Type: Simple NPC
  XYZR: -94.838, -3.000, -124.598, 122
  Mask: 00001111
        |  0  1  2  3  4  5  6  7  8  9  A  B  C  D  E  F      | 0123456789ABCDEF
    -----------------------------------------------------  ----------------------
      0 | 0E 24 E7 01 19 B0 0B 01 19 00 0F 7A 0E AD BD C2    0 | .$.........z....
      1 | 00 00 40 C0 2D 32 F9 C2 9C 01 00 00 00 28 64 00    1 | ..@.-2.......(d.
      2 | 07 83 00 00 00 11 00 00 00 00 00 00 00 00 00 00    2 | ................
      3 | 00 00 F9 02 56 61 6E 67 75 61 72 64 27 73 57 79    3 | ....Vanguard'sWy
      4 | 76 65 00 00 00 00 00 00 -- -- -- -- -- -- -- --    4 | ve......--------

NPC ID: 17543192
  Name: VanguardPartis
  POLUtils_Name: Vanguard Partisan
  Type: Simple NPC
  XYZR: -92.351, -3.863, -123.158, 117
  Mask: 00001111
        |  0  1  2  3  4  5  6  7  8  9  A  B  C  D  E  F      | 0123456789ABCDEF
    -----------------------------------------------------  ----------------------
      0 | 0E 24 E9 01 18 B0 0B 01 18 00 0F 75 B6 B3 B8 C2    0 | .$.........u....
      1 | 64 3B 77 C0 E5 50 F6 C2 F3 00 00 00 28 28 64 00    1 | d;w..P......((d.
      2 | 01 83 00 00 00 0F 00 00 00 00 00 00 00 00 00 00    2 | ................
      3 | 00 00 39 04 56 61 6E 67 75 61 72 64 50 61 72 74    3 | ..9.VanguardPart
      4 | 69 73 00 00 00 00 00 00 -- -- -- -- -- -- -- --    4 | is......--------

NPC ID: 17543196
  Name: VanguardOracle
  POLUtils_Name: Vanguard Oracle
  Type: Simple NPC
  XYZR: -77.819, -2.512, -117.089, 91
  Mask: 00001111
        |  0  1  2  3  4  5  6  7  8  9  A  B  C  D  E  F      | 0123456789ABCDEF
    -----------------------------------------------------  ----------------------
      0 | 0E 24 33 02 1C B0 0B 01 1C 00 0F 5B 54 A3 9B C2    0 | .$3........[T...
      1 | 9C C4 20 C0 91 2D EA C2 9B 0C 00 00 28 28 00 03    1 | .. ..-......((..
      2 | 07 83 00 00 00 0F 00 00 00 00 10 00 59 05 07 00    2 | ............Y...
      3 | 00 00 3C 04 56 61 6E 67 75 61 72 64 4F 72 61 63    3 | ..<.VanguardOrac
      4 | 6C 65 00 00 00 00 00 00 -- -- -- -- -- -- -- --    4 | le......--------

NPC ID: 17543197
  Name: Vanguard'sAvat
  POLUtils_Name: Vanguard's Avatar
  Type: Simple NPC
  XYZR: -76.837, -3.000, -117.735, 118
  Mask: 00001111
        |  0  1  2  3  4  5  6  7  8  9  A  B  C  D  E  F      | 0123456789ABCDEF
    -----------------------------------------------------  ----------------------
      0 | 0E 24 34 02 1D B0 0B 01 1D 00 0F 76 8B AC 99 C2    0 | .$4........v....
      1 | 00 00 40 C0 52 78 EB C2 A8 0C 00 00 00 28 09 00    1 | ..@.Rx.......(..
      2 | 07 83 00 00 00 07 00 00 00 00 00 00 3E 06 0B 00    2 | ............>...
      3 | 00 00 17 03 56 61 6E 67 75 61 72 64 27 73 41 76    3 | ....Vanguard'sAv
      4 | 61 74 00 00 00 00 00 00 -- -- -- -- -- -- -- --    4 | at......--------

NPC ID: 17543194
  Name: VanguardChante
  POLUtils_Name: Vanguard Chanter
  Type: Simple NPC
  XYZR: -68.685, -3.000, -116.877, 130
  Mask: 00001111
        |  0  1  2  3  4  5  6  7  8  9  A  B  C  D  E  F      | 0123456789ABCDEF
    -----------------------------------------------------  ----------------------
      0 | 0E 24 37 02 1A B0 0B 01 1A 00 0F 82 B8 5E 89 C2    0 | .$7..........^..
      1 | 00 00 40 C0 06 C1 E9 C2 5E 01 00 00 28 28 00 03    1 | ..@.....^...((..
      2 | 07 83 00 00 00 0F 00 00 00 00 00 00 E6 BC 09 00    2 | ................
      3 | 00 00 3D 04 56 61 6E 67 75 61 72 64 43 68 61 6E    3 | ..=.VanguardChan
      4 | 74 65 00 00 00 00 00 00 -- -- -- -- -- -- -- --    4 | te......--------

NPC ID: 17543188
  Name: VanguardPersec
  POLUtils_Name: Vanguard Persecutor
  Type: Simple NPC
  XYZR: -67.010, -3.000, -114.003, 242
  Mask: 00001111
        |  0  1  2  3  4  5  6  7  8  9  A  B  C  D  E  F      | 0123456789ABCDEF
    -----------------------------------------------------  ----------------------
      0 | 0E 24 38 02 14 B0 0B 01 14 00 0F F2 1F 05 86 C2    0 | .$8.............
      1 | 00 00 40 C0 89 01 E4 C2 17 02 00 00 28 28 00 03    1 | ..@.........((..
      2 | 07 83 00 00 00 0F 00 00 00 00 00 00 00 00 00 00    2 | ................
      3 | 00 00 3A 04 56 61 6E 67 75 61 72 64 50 65 72 73    3 | ..:.VanguardPers
      4 | 65 63 00 00 00 00 00 00 -- -- -- -- -- -- -- --    4 | ec......--------

NPC ID: 17543195
  Name: VanguardSalvag
  POLUtils_Name: Vanguard Salvager
  Type: Simple NPC
  XYZR: -63.151, -3.863, -115.375, 245
  Mask: 00001111
        |  0  1  2  3  4  5  6  7  8  9  A  B  C  D  E  F      | 0123456789ABCDEF
    -----------------------------------------------------  ----------------------
      0 | 0E 24 3A 02 1B B0 0B 01 1B 00 0F F5 A0 9A 7C C2    0 | .$:...........|.
      1 | 64 3B 77 C0 00 C0 E6 C2 28 01 00 00 28 28 64 00    1 | d;w.....(...((d.
      2 | 01 83 00 00 00 0F 00 00 00 00 00 00 00 00 00 00    2 | ................
      3 | 00 00 3B 04 56 61 6E 67 75 61 72 64 53 61 6C 76    3 | ..;.VanguardSalv
      4 | 61 67 00 00 00 00 00 00 -- -- -- -- -- -- -- --    4 | ag......--------

NPC ID: 17543198
  Name: VanguardSkirmi
  POLUtils_Name: Vanguard Skirmisher
  Type: Simple NPC
  XYZR: -56.728, -3.863, -111.858, 79
  Mask: 00001111
        |  0  1  2  3  4  5  6  7  8  9  A  B  C  D  E  F      | 0123456789ABCDEF
    -----------------------------------------------------  ----------------------
      0 | 0E 24 7F 02 1E B0 0B 01 1E 00 0F 4F 79 E9 62 C2    0 | .$.........Oy.b.
      1 | 64 3B 77 C0 4C B7 DF C2 97 00 00 00 28 28 64 00    1 | d;w.L.......((d.
      2 | 01 83 00 00 00 0F 00 00 00 00 00 00 00 00 00 00    2 | ................
      3 | 00 00 3A 04 56 61 6E 67 75 61 72 64 53 6B 69 72    3 | ..:.VanguardSkir
      4 | 6D 69 00 00 00 00 00 00 -- -- -- -- -- -- -- --    4 | mi......--------

NPC ID: 17543258
  Name: AvatarIdol
  POLUtils_Name: Avatar Idol
  Type: Simple NPC
  XYZR: -51.232, -3.000, -112.282, 98
  Mask: 00001111
        |  0  1  2  3  4  5  6  7  8  9  A  B  C  D  E  F      | 0123456789ABCDEF
    -----------------------------------------------------  ----------------------
      0 | 0E 22 A4 02 5A B0 0B 01 5A 00 0F 62 91 ED 4C C2    0 | ."..Z...Z..b..L.
      1 | 00 00 40 C0 62 90 E0 C2 07 00 00 00 0F 0F 64 00    1 | ..@.b.........d.
      2 | 01 81 06 00 00 0F 00 00 00 00 14 00 00 00 00 00    2 | ................
      3 | 00 00 24 04 41 76 61 74 61 72 49 64 6F 6C 00 00    3 | ..$.AvatarIdol..
      4 | 00 00 00 00 -- -- -- -- -- -- -- -- -- -- -- --    4 | ....------------

NPC ID: 17543199
  Name: VanguardPriest
  POLUtils_Name: Vanguard Priest
  Type: Simple NPC
  XYZR: -49.582, -3.665, -115.566, 95
  Mask: 00001111
        |  0  1  2  3  4  5  6  7  8  9  A  B  C  D  E  F      | 0123456789ABCDEF
    -----------------------------------------------------  ----------------------
      0 | 0E 24 A5 02 1F B0 0B 01 1F 00 0F 5F F8 53 46 C2    0 | .$........._.SF.
      1 | 5C 8F 6A C0 CB 21 E7 C2 BF 00 00 00 28 28 64 00    1 | \\.j..!......((d.
      2 | 01 83 00 00 00 0F 00 00 00 00 00 00 00 00 00 00    2 | ................
      3 | 00 00 3C 04 56 61 6E 67 75 61 72 64 50 72 69 65    3 | ..<.VanguardPrie
      4 | 73 74 00 00 00 00 00 00 -- -- -- -- -- -- -- --    4 | st......--------

NPC ID: 17543201
  Name: VanguardVision
  POLUtils_Name: Vanguard Visionary
  Type: Simple NPC
  XYZR: -45.124, -3.854, -100.300, 84
  Mask: 00001111
        |  0  1  2  3  4  5  6  7  8  9  A  B  C  D  E  F      | 0123456789ABCDEF
    -----------------------------------------------------  ----------------------
      0 | 0E 24 AA 02 21 B0 0B 01 21 00 0F 54 FA 7E 34 C2    0 | .$..!...!..T.~4.
      1 | F0 A7 76 C0 9A 99 C8 C2 71 00 00 00 28 28 64 00    1 | ..v.....q...((d.
      2 | 01 83 00 00 00 0F 00 00 00 00 00 00 00 00 00 00    2 | ................
      3 | 00 00 3D 04 56 61 6E 67 75 61 72 64 56 69 73 69    3 | ..=.VanguardVisi
      4 | 6F 6E 00 00 00 00 00 00 -- -- -- -- -- -- -- --    4 | on......--------

NPC ID: 17543202
  Name: VanguardLibera
  POLUtils_Name: Vanguard Liberator
  Type: Simple NPC
  XYZR: -45.224, -3.863, -100.066, 84
  Mask: 00001111
        |  0  1  2  3  4  5  6  7  8  9  A  B  C  D  E  F      | 0123456789ABCDEF
    -----------------------------------------------------  ----------------------
      0 | 0E 24 AA 02 22 B0 0B 01 22 00 0F 54 60 E5 34 C2    0 | .$.."..."..T`.4.
      1 | 64 3B 77 C0 CB 21 C8 C2 70 00 00 00 28 28 64 00    1 | d;w..!..p...((d.
      2 | 01 83 00 00 00 0F 00 00 00 00 00 00 00 00 00 00    2 | ................
      3 | 00 00 39 04 56 61 6E 67 75 61 72 64 4C 69 62 65    3 | ..9.VanguardLibe
      4 | 72 61 00 00 00 00 00 00 -- -- -- -- -- -- -- --    4 | ra......--------

NPC ID: 17543200
  Name: VanguardPrelat
  POLUtils_Name: Vanguard Prelate
  Type: Simple NPC
  XYZR: -41.321, -3.000, -93.913, 89
  Mask: 00001111
        |  0  1  2  3  4  5  6  7  8  9  A  B  C  D  E  F      | 0123456789ABCDEF
    -----------------------------------------------------  ----------------------
      0 | 0E 24 AD 02 20 B0 0B 01 20 00 0F 59 B4 48 25 C2    0 | .$.. ... ..Y.H%.
      1 | 00 00 40 C0 75 D3 BB C2 21 00 00 00 28 28 00 03    1 | ..@.u...!...((..
      2 | 07 83 00 00 00 0F 00 00 00 00 00 00 BF B2 00 00    2 | ................
      3 | 00 00 3D 04 56 61 6E 67 75 61 72 64 50 72 65 6C    3 | ..=.VanguardPrel
      4 | 61 74 00 00 00 00 00 00 -- -- -- -- -- -- -- --    4 | at......--------

NPC ID: 17543260
  Name: VanguardSkirmi
  POLUtils_Name: Vanguard Skirmisher
  Type: Simple NPC
  XYZR: -24.370, -2.860, -57.068, 29
  Mask: 00001111
        |  0  1  2  3  4  5  6  7  8  9  A  B  C  D  E  F      | 0123456789ABCDEF
    -----------------------------------------------------  ----------------------
      0 | 0E 24 A4 03 5C B0 0B 01 5C 00 0F 1D C3 F5 C2 C1    0 | .$..\\...\\.......
      1 | 3D 0A 37 C0 A2 45 64 C2 26 04 00 00 28 28 00 03    1 | =.7..Ed.&...((..
      2 | 07 83 00 00 00 0F 00 00 00 00 00 00 E6 BC 09 00    2 | ................
      3 | 00 00 3A 04 56 61 6E 67 75 61 72 64 53 6B 69 72    3 | ..:.VanguardSkir
      4 | 6D 69 00 00 00 00 00 00 -- -- -- -- -- -- -- --    4 | mi......--------

NPC ID: 17543262
  Name: VanguardPriest
  POLUtils_Name: Vanguard Priest
  Type: Simple NPC
  XYZR: -14.818, -2.836, -54.281, 73
  Mask: 00001111
        |  0  1  2  3  4  5  6  7  8  9  A  B  C  D  E  F      | 0123456789ABCDEF
    -----------------------------------------------------  ----------------------
      0 | 0E 24 A8 03 5E B0 0B 01 5E 00 0F 49 87 16 6D C1    0 | .$..^...^..I..m.
      1 | 06 81 35 C0 BE 1F 59 C2 A5 00 00 00 28 28 64 00    1 | ..5...Y.....((d.
      2 | 01 83 00 00 00 0F 00 00 00 00 00 00 00 00 00 00    2 | ................
      3 | 00 00 3C 04 56 61 6E 67 75 61 72 64 50 72 69 65    3 | ..<.VanguardPrie
      4 | 73 74 00 00 00 00 00 00 -- -- -- -- -- -- -- --    4 | st......--------

NPC ID: 17543268
  Name: AvatarIcon
  POLUtils_Name: Avatar Icon
  Type: Simple NPC
  XYZR: -5.631, -4.470, -59.840, 137
  Mask: 00001111
        |  0  1  2  3  4  5  6  7  8  9  A  B  C  D  E  F      | 0123456789ABCDEF
    -----------------------------------------------------  ----------------------
      0 | 0E 22 A9 03 64 B0 0B 01 64 00 0F 89 27 31 B4 C0    0 | ."..d...d...'1..
      1 | 3D 0A 8F C0 29 5C 6F C2 8D 02 00 00 0F 0F 00 03    1 | =...)\\o.........
      2 | 07 81 04 00 00 0F 00 00 00 00 15 00 EF D8 0A 00    2 | ................
      3 | 00 00 24 04 41 76 61 74 61 72 49 63 6F 6E 00 00    3 | ..$.AvatarIcon..
      4 | 00 00 00 00 -- -- -- -- -- -- -- -- -- -- -- --    4 | ....------------

NPC ID: 17543261
  Name: VanguardSentin
  POLUtils_Name: Vanguard Sentinel
  Type: Simple NPC
  XYZR: -10.479, -3.444, -50.519, 194
  Mask: 00001111
        |  0  1  2  3  4  5  6  7  8  9  A  B  C  D  E  F      | 0123456789ABCDEF
    -----------------------------------------------------  ----------------------
      0 | 0E 24 AA 03 5D B0 0B 01 5D 00 0F C2 FC A9 27 C1    0 | .$..]...].....'.
      1 | 7F 6A 5C C0 75 13 4A C2 01 01 00 00 28 28 64 00    1 | .j\\.u.J.....((d.
      2 | 01 83 00 00 00 0F 00 00 00 00 00 00 00 00 00 00    2 | ................
      3 | 00 00 39 04 56 61 6E 67 75 61 72 64 53 65 6E 74    3 | ..9.VanguardSent
      4 | 69 6E 00 00 00 00 00 00 -- -- -- -- -- -- -- --    4 | in......--------

NPC ID: 17543264
  Name: VanguardVision
  POLUtils_Name: Vanguard Visionary
  Type: Simple NPC
  XYZR: -2.614, -4.435, -50.561, 43
  Mask: 00001111
        |  0  1  2  3  4  5  6  7  8  9  A  B  C  D  E  F      | 0123456789ABCDEF
    -----------------------------------------------------  ----------------------
      0 | 0E 24 AD 03 60 B0 0B 01 60 00 0F 2B C7 4B 27 C0    0 | .$..`...`..+.K'.
      1 | 85 EB 8D C0 77 3E 4A C2 0F 01 00 00 28 28 64 00    1 | ....w>J.....((d.
      2 | 01 83 00 00 00 0F 00 00 00 00 00 00 00 00 00 00    2 | ................
      3 | 00 00 3D 04 56 61 6E 67 75 61 72 64 56 69 73 69    3 | ..=.VanguardVisi
      4 | 6F 6E 00 00 00 00 00 00 -- -- -- -- -- -- -- --    4 | on......--------

NPC ID: 17543263
  Name: VanguardPrelat
  POLUtils_Name: Vanguard Prelate
  Type: Simple NPC
  XYZR: -6.588, -4.308, -48.316, 189
  Mask: 00001111
        |  0  1  2  3  4  5  6  7  8  9  A  B  C  D  E  F      | 0123456789ABCDEF
    -----------------------------------------------------  ----------------------
      0 | 0E 24 AD 03 5F B0 0B 01 5F 00 0F BD E5 D0 D2 C0    0 | .$.._..._.......
      1 | 23 DB 89 C0 96 43 41 C2 E7 00 00 00 28 28 64 00    1 | #....CA.....((d.
      2 | 01 83 00 00 00 0F 00 00 00 00 00 00 00 00 00 00    2 | ................
      3 | 00 00 3D 04 56 61 6E 67 75 61 72 64 50 72 65 6C    3 | ..=.VanguardPrel
      4 | 61 74 00 00 00 00 00 00 -- -- -- -- -- -- -- --    4 | at......--------

NPC ID: 17543266
  Name: VanguardPartis
  POLUtils_Name: Vanguard Partisan
  Type: Simple NPC
  XYZR: -0.587, -4.455, -54.204, 21
  Mask: 00001111
        |  0  1  2  3  4  5  6  7  8  9  A  B  C  D  E  F      | 0123456789ABCDEF
    -----------------------------------------------------  ----------------------
      0 | 0E 24 AD 03 62 B0 0B 01 62 00 0F 15 A2 45 16 BF    0 | .$..b...b....E..
      1 | 5C 8F 8E C0 E5 D0 58 C2 CD 00 00 00 28 28 64 00    1 | \\.....X.....((d.
      2 | 01 83 00 00 00 0F 00 00 00 00 00 00 00 00 00 00    2 | ................
      3 | 00 00 39 04 56 61 6E 67 75 61 72 64 50 61 72 74    3 | ..9.VanguardPart
      4 | 69 73 00 00 00 00 00 00 -- -- -- -- -- -- -- --    4 | is......--------

NPC ID: 17543285
  Name: VanguardPrelat
  POLUtils_Name: Vanguard Prelate
  Type: Simple NPC
  XYZR: -5.365, -5.934, -40.338, 117
  Mask: 00001111
        |  0  1  2  3  4  5  6  7  8  9  A  B  C  D  E  F      | 0123456789ABCDEF
    -----------------------------------------------------  ----------------------
      0 | 0E 24 B3 03 75 B0 0B 01 75 00 0F 75 14 AE AB C0    0 | .$..u...u..u....
      1 | 54 E3 BD C0 1D 5A 21 C2 A5 00 00 00 28 28 64 00    1 | T....Z!.....((d.
      2 | 01 83 00 00 00 0F 00 00 00 00 00 00 00 00 00 00    2 | ................
      3 | 00 00 3D 04 56 61 6E 67 75 61 72 64 50 72 65 6C    3 | ..=.VanguardPrel
      4 | 61 74 00 00 00 00 00 00 -- -- -- -- -- -- -- --    4 | at......--------

NPC ID: 17543271
  Name: VanguardPersec
  POLUtils_Name: Vanguard Persecutor
  Type: Simple NPC
  XYZR: 13.167, -4.496, -55.837, 228
  Mask: 00001111
        |  0  1  2  3  4  5  6  7  8  9  A  B  C  D  E  F      | 0123456789ABCDEF
    -----------------------------------------------------  ----------------------
      0 | 0E 24 B5 03 67 B0 0B 01 67 00 0F E4 08 AC 52 41    0 | .$..g...g.....RA
      1 | 3B DF 8F C0 17 59 5F C2 63 00 00 00 28 28 64 00    1 | ;....Y_.c...((d.
      2 | 01 83 00 00 00 0F 00 00 00 00 00 00 00 00 00 00    2 | ................
      3 | 00 00 3A 04 56 61 6E 67 75 61 72 64 50 65 72 73    3 | ..:.VanguardPers
      4 | 65 63 00 00 00 00 00 00 -- -- -- -- -- -- -- --    4 | ec......--------

NPC ID: 17543273
  Name: Vanguard'sAvat
  POLUtils_Name: Vanguard's Avatar
  Type: Simple NPC
  XYZR: 20.586, -3.482, -55.620, 21
  Mask: 00001111
        |  0  1  2  3  4  5  6  7  8  9  A  B  C  D  E  F      | 0123456789ABCDEF
    -----------------------------------------------------  ----------------------
      0 | 0E 24 B9 03 69 B0 0B 01 69 00 0F 15 21 B0 A4 41    0 | .$..i...i...!..A
      1 | 17 D9 5E C0 E1 7A 5E C2 7E 00 00 00 28 28 64 00    1 | ..^..z^.~...((d.
      2 | 01 83 00 00 00 23 00 00 00 00 00 00 00 00 00 00    2 | .....#..........
      3 | 00 00 19 03 56 61 6E 67 75 61 72 64 27 73 41 76    3 | ....Vanguard'sAv
      4 | 61 74 00 00 00 00 00 00 -- -- -- -- -- -- -- --    4 | at......--------

NPC ID: 17543270
  Name: VanguardSalvag
  POLUtils_Name: Vanguard Salvager
  Type: Simple NPC
  XYZR: 22.246, -3.223, -54.386, 17
  Mask: 00001111
        |  0  1  2  3  4  5  6  7  8  9  A  B  C  D  E  F      | 0123456789ABCDEF
    -----------------------------------------------------  ----------------------
      0 | 0E 24 BA 03 66 B0 0B 01 66 00 0F 11 CF F7 B1 41    0 | .$..f...f......A
      1 | A2 45 4E C0 44 8B 59 C2 E7 00 00 00 28 28 64 00    1 | .EN.D.Y.....((d.
      2 | 01 83 00 00 00 0F 00 00 00 00 00 00 00 00 00 00    2 | ................
      3 | 00 00 3B 04 56 61 6E 67 75 61 72 64 53 61 6C 76    3 | ..;.VanguardSalv
      4 | 61 67 00 00 00 00 00 00 -- -- -- -- -- -- -- --    4 | ag......--------

NPC ID: 17543272
  Name: VanguardOracle
  POLUtils_Name: Vanguard Oracle
  Type: Simple NPC
  XYZR: 23.513, -3.091, -57.264, 19
  Mask: 00001111
        |  0  1  2  3  4  5  6  7  8  9  A  B  C  D  E  F      | 0123456789ABCDEF
    -----------------------------------------------------  ----------------------
      0 | 0E 24 CE 03 68 B0 0B 01 68 00 0F 13 A0 1A BC 41    0 | .$..h...h......A
      1 | F2 D2 45 C0 56 0E 65 C2 1C 01 00 00 28 28 64 00    1 | ..E.V.e.....((d.
      2 | 01 83 00 00 00 0F 00 00 00 00 10 00 00 00 00 00    2 | ................
      3 | 00 00 3C 04 56 61 6E 67 75 61 72 64 4F 72 61 63    3 | ..<.VanguardOrac
      4 | 6C 65 00 00 00 00 00 00 -- -- -- -- -- -- -- --    4 | le......--------

NPC ID: 17543298
  Name: VanguardPrelat
  POLUtils_Name: Vanguard Prelate
  Type: Simple NPC
  XYZR: 5.068, -7.674, -26.758, 31
  Mask: 00001111
        |  0  1  2  3  4  5  6  7  8  9  A  B  C  D  E  F      | 0123456789ABCDEF
    -----------------------------------------------------  ----------------------
      0 | 0E 24 CE 03 82 B0 0B 01 82 00 0F 1F 0E 2D A2 40    0 | .$...........-.@
      1 | 68 91 F5 C0 62 10 D6 C1 50 01 00 00 28 28 64 00    1 | h...b...P...((d.
      2 | 01 83 00 00 00 0F 00 00 00 00 00 00 00 00 00 00    2 | ................
      3 | 00 00 3D 04 56 61 6E 67 75 61 72 64 50 72 65 6C    3 | ..=.VanguardPrel
      4 | 61 74 00 00 00 00 00 00 -- -- -- -- -- -- -- --    4 | at......--------

NPC ID: 17543299
  Name: VanguardOracle
  POLUtils_Name: Vanguard Oracle
  Type: Simple NPC
  XYZR: -3.633, -8.775, -21.036, 62
  Mask: 00001111
        |  0  1  2  3  4  5  6  7  8  9  A  B  C  D  E  F      | 0123456789ABCDEF
    -----------------------------------------------------  ----------------------
      0 | 0E 24 CF 03 83 B0 0B 01 83 00 0F 3E 12 83 68 C0    0 | .$.........>..h.
      1 | 66 66 0C C1 BA 49 A8 C1 7D 00 00 00 28 28 64 00    1 | ff...I..}...((d.
      2 | 01 83 00 00 00 0F 00 00 00 00 10 00 00 00 00 00    2 | ................
      3 | 00 00 3C 04 56 61 6E 67 75 61 72 64 4F 72 61 63    3 | ..<.VanguardOrac
      4 | 6C 65 00 00 00 00 00 00 -- -- -- -- -- -- -- --    4 | le......--------

NPC ID: 17543300
  Name: Vanguard'sAvat
  POLUtils_Name: Vanguard's Avatar
  Type: Simple NPC
  XYZR: 0.003, -8.540, -20.979, 138
  Mask: 00001111
        |  0  1  2  3  4  5  6  7  8  9  A  B  C  D  E  F      | 0123456789ABCDEF
    -----------------------------------------------------  ----------------------
      0 | 0E 24 D0 03 84 B0 0B 01 84 00 0F 8A A6 9B 44 3B    0 | .$............D;
      1 | D7 A3 08 C1 FE D4 A7 C1 A4 00 00 00 28 28 64 00    1 | ............((d.
      2 | 01 03 00 00 00 18 00 00 00 00 00 00 00 00 00 00    2 | ................
      3 | 00 00 1C 03 56 61 6E 67 75 61 72 64 27 73 41 76    3 | ....Vanguard'sAv
      4 | 61 74 00 00 00 00 00 00 -- -- -- -- -- -- -- --    4 | at......--------

NPC ID: 17543307
  Name: VanguardLibera
  POLUtils_Name: Vanguard Liberator
  Type: Simple NPC
  XYZR: -2.796, -9.183, -18.848, 33
  Mask: 00001111
        |  0  1  2  3  4  5  6  7  8  9  A  B  C  D  E  F      | 0123456789ABCDEF
    -----------------------------------------------------  ----------------------
      0 | 0E 24 D0 03 8B B0 0B 01 8B 00 0F 21 AA F1 32 C0    0 | .$.........!..2.
      1 | 91 ED 12 C1 B4 C8 96 C1 90 09 00 00 28 28 00 03    1 | ............((..
      2 | 07 83 00 00 00 0F 00 00 00 00 00 00 00 00 00 00    2 | ................
      3 | 00 00 39 04 56 61 6E 67 75 61 72 64 4C 69 62 65    3 | ..9.VanguardLibe
      4 | 72 61 00 00 00 00 00 00 -- -- -- -- -- -- -- --    4 | ra......--------

NPC ID: 17543313
  Name: VanguardSkirmi
  POLUtils_Name: Vanguard Skirmisher
  Type: Simple NPC
  XYZR: -12.434, -8.337, -13.757, 247
  Mask: 00001111
        |  0  1  2  3  4  5  6  7  8  9  A  B  C  D  E  F      | 0123456789ABCDEF
    -----------------------------------------------------  ----------------------
      0 | 0E 24 D1 03 91 B0 0B 01 91 00 0F F7 AA F1 46 C1    0 | .$............F.
      1 | 5A 64 05 C1 AC 1C 5C C1 8A 00 00 00 28 28 64 00    1 | Zd....\\.....((d.
      2 | 01 83 00 00 00 0F 00 00 00 00 00 00 00 00 00 00    2 | ................
      3 | 00 00 3A 04 56 61 6E 67 75 61 72 64 53 6B 69 72    3 | ..:.VanguardSkir
      4 | 6D 69 00 00 00 00 00 00 -- -- -- -- -- -- -- --    4 | mi......--------

NPC ID: 17543305
  Name: AvatarIcon
  POLUtils_Name: Avatar Icon
  Type: Simple NPC
  XYZR: -6.131, -8.705, -12.869, 15
  Mask: 00001111
        |  0  1  2  3  4  5  6  7  8  9  A  B  C  D  E  F      | 0123456789ABCDEF
    -----------------------------------------------------  ----------------------
      0 | 0E 22 D2 03 89 B0 0B 01 89 00 0F 0F 27 31 C4 C0    0 | ."..........'1..
      1 | AE 47 0B C1 6D E7 4D C1 36 0E 00 00 0F 0F 00 03    1 | .G..m.M.6.......
      2 | 07 81 04 00 00 0F 00 00 00 00 15 00 00 00 00 00    2 | ................
      3 | 00 00 24 04 41 76 61 74 61 72 49 63 6F 6E 00 00    3 | ..$.AvatarIcon..
      4 | 00 00 00 00 -- -- -- -- -- -- -- -- -- -- -- --    4 | ....------------

NPC ID: 17543314
  Name: VanguardPersec
  POLUtils_Name: Vanguard Persecutor
  Type: Simple NPC
  XYZR: -3.625, -9.414, -14.624, 135
  Mask: 00001111
        |  0  1  2  3  4  5  6  7  8  9  A  B  C  D  E  F      | 0123456789ABCDEF
    -----------------------------------------------------  ----------------------
      0 | 0E 24 D2 03 92 B0 0B 01 92 00 0F 87 00 00 68 C0    0 | .$............h.
      1 | BE 9F 16 C1 E7 FB 69 C1 A0 01 00 00 28 28 00 03    1 | ......i.....((..
      2 | 07 83 00 00 00 0F 00 00 00 00 00 00 00 00 00 00    2 | ................
      3 | 00 00 3A 04 56 61 6E 67 75 61 72 64 50 65 72 73    3 | ..:.VanguardPers
      4 | 65 63 00 00 00 00 00 00 -- -- -- -- -- -- -- --    4 | ec......--------

NPC ID: 17543267
  Name: Vanguard'sWyve
  POLUtils_Name: Vanguard's Wyvern
  Type: Simple NPC
  XYZR: 22.638, -6.832, -38.375, 233
  Mask: 00001111
        |  0  1  2  3  4  5  6  7  8  9  A  B  C  D  E  F      | 0123456789ABCDEF
    -----------------------------------------------------  ----------------------
      0 | 0E 24 D2 03 63 B0 0B 01 63 00 0F E9 A0 1A B5 41    0 | .$..c...c......A
      1 | BE 9F DA C0 00 80 19 C2 0B 07 00 00 28 28 00 03    1 | ............((..
      2 | 07 83 00 00 00 11 00 00 00 00 00 00 00 00 00 00    2 | ................
      3 | 00 00 F9 02 56 61 6E 67 75 61 72 64 27 73 57 79    3 | ....Vanguard'sWy
      4 | 76 65 00 00 00 00 00 00 -- -- -- -- -- -- -- --    4 | ve......--------

NPC ID: 17543289
  Name: VanguardExempl
  POLUtils_Name: Vanguard Exemplar
  Type: Simple NPC
  XYZR: 23.895, -7.021, -40.664, 225
  Mask: 00001111
        |  0  1  2  3  4  5  6  7  8  9  A  B  C  D  E  F      | 0123456789ABCDEF
    -----------------------------------------------------  ----------------------
      0 | 0E 24 D2 03 79 B0 0B 01 79 00 0F E1 F6 28 BF 41    0 | .$..y...y....(.A
      1 | 08 AC E0 C0 F0 A7 22 C2 70 00 00 00 28 28 64 00    1 | ......".p...((d.
      2 | 01 83 00 00 00 0F 00 00 00 00 10 00 00 00 00 00    2 | ................
      3 | 00 00 3A 04 56 61 6E 67 75 61 72 64 45 78 65 6D    3 | ..:.VanguardExem
      4 | 70 6C 00 00 00 00 00 00 -- -- -- -- -- -- -- --    4 | pl......--------

NPC ID: 17543277
  Name: VanguardChante
  POLUtils_Name: Vanguard Chanter
  Type: Simple NPC
  XYZR: 28.145, -3.000, -62.476, 128
  Mask: 00001111
        |  0  1  2  3  4  5  6  7  8  9  A  B  C  D  E  F      | 0123456789ABCDEF
    -----------------------------------------------------  ----------------------
      0 | 0E 24 D3 03 6D B0 0B 01 6D 00 0F 80 F6 28 E1 41    0 | .$..m...m....(.A
      1 | 00 00 40 C0 6D E7 79 C2 02 01 00 00 28 28 64 00    1 | ..@.m.y.....((d.
      2 | 01 83 00 00 00 0F 00 00 00 00 00 00 00 00 00 00    2 | ................
      3 | 00 00 3D 04 56 61 6E 67 75 61 72 64 43 68 61 6E    3 | ..=.VanguardChan
      4 | 74 65 00 00 00 00 00 00 -- -- -- -- -- -- -- --    4 | te......--------

NPC ID: 17543288
  Name: VanguardIncite
  POLUtils_Name: Vanguard Inciter
  Type: Simple NPC
  XYZR: 24.070, -7.074, -39.632, 53
  Mask: 00001111
        |  0  1  2  3  4  5  6  7  8  9  A  B  C  D  E  F      | 0123456789ABCDEF
    -----------------------------------------------------  ----------------------
      0 | 0E 24 D3 03 78 B0 0B 01 78 00 0F 35 5C 8F C0 41    0 | .$..x...x..5\\..A
      1 | 35 5E E2 C0 2B 87 1E C2 55 00 00 00 28 28 64 00    1 | 5^..+...U...((d.
      2 | 01 83 00 00 00 0F 00 00 00 00 00 00 00 00 00 00    2 | ................
      3 | 00 00 3A 04 56 61 6E 67 75 61 72 64 49 6E 63 69    3 | ..:.VanguardInci
      4 | 74 65 00 00 00 00 00 00 -- -- -- -- -- -- -- --    4 | te......--------

NPC ID: 17543279
  Name: VanguardAssass
  POLUtils_Name: Vanguard Assassin
  Type: Simple NPC
  XYZR: 30.551, -2.999, -58.936, 247
  Mask: 00001111
        |  0  1  2  3  4  5  6  7  8  9  A  B  C  D  E  F      | 0123456789ABCDEF
    -----------------------------------------------------  ----------------------
      0 | 0E 24 D4 03 6F B0 0B 01 6F 00 0F F7 73 68 F4 41    0 | .$..o...o...sh.A
      1 | 9E EF 3F C0 77 BE 6B C2 B2 00 00 00 28 28 64 00    1 | ..?.w.k.....((d.
      2 | 01 83 00 00 00 0F 00 00 00 00 00 00 00 00 00 00    2 | ................
      3 | 00 00 3B 04 56 61 6E 67 75 61 72 64 41 73 73 61    3 | ..;.VanguardAssa
      4 | 73 73 00 00 00 00 00 00 -- -- -- -- -- -- -- --    4 | ss......--------

NPC ID: 17543269
  Name: AvatarIcon
  POLUtils_Name: Avatar Icon
  Type: Simple NPC
  XYZR: 25.004, -6.660, -37.308, 62
  Mask: 00001111
        |  0  1  2  3  4  5  6  7  8  9  A  B  C  D  E  F      | 0123456789ABCDEF
    -----------------------------------------------------  ----------------------
      0 | 0E 22 D4 03 65 B0 0B 01 65 00 0F 3E 31 08 C8 41    0 | ."..e...e..>1..A
      1 | B8 1E D5 C0 64 3B 15 C2 94 1A 00 00 0F 0F 00 03    1 | ....d;..........
      2 | 07 81 04 00 00 0F 00 00 00 00 16 00 00 00 00 00    2 | ................
      3 | 00 00 24 04 41 76 61 74 61 72 49 63 6F 6E 00 00    3 | ..$.AvatarIcon..
      4 | 00 00 00 00 -- -- -- -- -- -- -- -- -- -- -- --    4 | ....------------

NPC ID: 17543276
  Name: VanguardSkirmi
  POLUtils_Name: Vanguard Skirmisher
  Type: Simple NPC
  XYZR: 30.868, -2.447, -66.338, 3
  Mask: 00001111
        |  0  1  2  3  4  5  6  7  8  9  A  B  C  D  E  F      | 0123456789ABCDEF
    -----------------------------------------------------  ----------------------
      0 | 0E 24 D5 03 6C B0 0B 01 6C 00 0F 03 AA F1 F6 41    0 | .$..l...l......A
      1 | A6 9B 1C C0 0E AD 84 C2 C0 00 00 00 28 28 64 00    1 | ............((d.
      2 | 01 83 00 00 00 0F 00 00 00 00 00 00 00 00 00 00    2 | ................
      3 | 00 00 3A 04 56 61 6E 67 75 61 72 64 53 6B 69 72    3 | ..:.VanguardSkir
      4 | 6D 69 00 00 00 00 00 00 -- -- -- -- -- -- -- --    4 | mi......--------

NPC ID: 17543293
  Name: VanguardLibera
  POLUtils_Name: Vanguard Liberator
  Type: Simple NPC
  XYZR: 34.212, -7.643, -53.197, 220
  Mask: 00001111
        |  0  1  2  3  4  5  6  7  8  9  A  B  C  D  E  F      | 0123456789ABCDEF
    -----------------------------------------------------  ----------------------
      0 | 0E 24 D6 03 7D B0 0B 01 7D 00 0F DC 17 D9 08 42    0 | .$..}...}......B
      1 | 75 93 F4 C0 BA C9 54 C2 71 0F 00 00 28 28 00 03    1 | u.....T.q...((..
      2 | 07 83 00 00 00 0F 00 00 00 00 00 00 3E 06 0B 00    2 | ............>...
      3 | 00 00 39 04 56 61 6E 67 75 61 72 64 4C 69 62 65    3 | ..9.VanguardLibe
      4 | 72 61 00 00 00 00 00 00 -- -- -- -- -- -- -- --    4 | ra......--------

NPC ID: 17543306
  Name: AvatarIcon
  POLUtils_Name: Avatar Icon
  Type: Simple NPC
  XYZR: -0.508, -9.295, -8.178, 26
  Mask: 00001111
        |  0  1  2  3  4  5  6  7  8  9  A  B  C  D  E  F      | 0123456789ABCDEF
    -----------------------------------------------------  ----------------------
      0 | 0E 22 D6 03 8A B0 0B 01 8A 00 0F 1A 4A 0C 02 BF    0 | ."..........J...
      1 | 52 B8 14 C1 17 D9 02 C1 FC 01 00 00 0F 0F 64 00    1 | R.............d.
      2 | 01 81 04 00 00 0F 00 00 00 00 14 00 00 00 00 00    2 | ................
      3 | 00 00 24 04 41 76 61 74 61 72 49 63 6F 6E 00 00    3 | ..$.AvatarIcon..
      4 | 00 00 00 00 -- -- -- -- -- -- -- -- -- -- -- --    4 | ....------------

NPC ID: 17543312
  Name: VanguardSkirmi
  POLUtils_Name: Vanguard Skirmisher
  Type: Simple NPC
  XYZR: -15.880, -7.012, -5.300, 24
  Mask: 00001111
        |  0  1  2  3  4  5  6  7  8  9  A  B  C  D  E  F      | 0123456789ABCDEF
    -----------------------------------------------------  ----------------------
      0 | 0E 24 D6 03 90 B0 0B 01 90 00 0F 18 7B 14 7E C1    0 | .$..........{.~.
      1 | 4E 62 E0 C0 9A 99 A9 C0 71 00 00 00 28 28 64 00    1 | Nb......q...((d.
      2 | 01 83 00 00 00 0F 00 00 00 00 00 00 00 00 00 00    2 | ................
      3 | 00 00 3A 04 56 61 6E 67 75 61 72 64 53 6B 69 72    3 | ..:.VanguardSkir
      4 | 6D 69 00 00 00 00 00 00 -- -- -- -- -- -- -- --    4 | mi......--------

NPC ID: 17543304
  Name: VanguardPriest
  POLUtils_Name: Vanguard Priest
  Type: Simple NPC
  XYZR: 1.862, -9.500, -5.751, 194
  Mask: 00001111
        |  0  1  2  3  4  5  6  7  8  9  A  B  C  D  E  F      | 0123456789ABCDEF
    -----------------------------------------------------  ----------------------
      0 | 0E 24 DD 03 88 B0 0B 01 88 00 0F C2 04 56 EE 3F    0 | .$...........V.?
      1 | 00 00 18 C1 31 08 B8 C0 7D 00 00 00 28 28 64 00    1 | ....1...}...((d.
      2 | 01 83 00 00 00 0F 00 00 00 00 00 00 00 00 00 00    2 | ................
      3 | 00 00 3C 04 56 61 6E 67 75 61 72 64 50 72 69 65    3 | ..<.VanguardPrie
      4 | 73 74 00 00 00 00 00 00 -- -- -- -- -- -- -- --    4 | st......--------

NPC ID: 17543302
  Name: VanguardChante
  POLUtils_Name: Vanguard Chanter
  Type: Simple NPC
  XYZR: 7.172, -9.718, -6.499, 172
  Mask: 00001111
        |  0  1  2  3  4  5  6  7  8  9  A  B  C  D  E  F      | 0123456789ABCDEF
    -----------------------------------------------------  ----------------------
      0 | 0E 24 DE 03 86 B0 0B 01 86 00 0F AC 06 81 E5 40    0 | .$.............@
      1 | EE 7C 1B C1 CF F7 CF C0 01 01 00 00 28 28 64 00    1 | .|..........((d.
      2 | 01 83 00 00 00 0F 00 00 00 00 00 00 00 00 00 00    2 | ................
      3 | 00 00 3D 04 56 61 6E 67 75 61 72 64 43 68 61 6E    3 | ..=.VanguardChan
      4 | 74 65 00 00 00 00 00 00 -- -- -- -- -- -- -- --    4 | te......--------

NPC ID: 17543303
  Name: VanguardAssass
  POLUtils_Name: Vanguard Assassin
  Type: Simple NPC
  XYZR: 10.187, -9.770, -8.296, 70
  Mask: 00001111
        |  0  1  2  3  4  5  6  7  8  9  A  B  C  D  E  F      | 0123456789ABCDEF
    -----------------------------------------------------  ----------------------
      0 | 0E 24 E1 03 87 B0 0B 01 87 00 0F 46 F4 FD 22 41    0 | .$.........F.."A
      1 | EC 51 1C C1 6A BC 04 C1 57 00 00 00 28 28 64 00    1 | .Q..j...W...((d.
      2 | 01 83 00 00 00 0F 00 00 00 00 00 00 00 00 00 00    2 | ................
      3 | 00 00 3B 04 56 61 6E 67 75 61 72 64 41 73 73 61    3 | ..;.VanguardAssa
      4 | 73 73 00 00 00 00 00 00 -- -- -- -- -- -- -- --    4 | ss......--------

NPC ID: 17543239
  Name: VanguardOgreso
  POLUtils_Name: Vanguard Ogresoother
  Type: Simple NPC
  XYZR: -25.704, -6.563, -2.284, 15
  Mask: 00001111
        |  0  1  2  3  4  5  6  7  8  9  A  B  C  D  E  F      | 0123456789ABCDEF
    -----------------------------------------------------  ----------------------
      0 | 0E 24 1F 04 47 B0 0B 01 47 00 0F 0F CB A1 CD C1    0 | .$..G...G.......
      1 | 19 04 D2 C0 0E 2D 12 C0 35 01 00 00 28 28 64 00    1 | .....-..5...((d.
      2 | 01 83 00 00 00 0F 00 00 00 00 00 00 00 00 00 00    2 | ................
      3 | 00 00 39 04 56 61 6E 67 75 61 72 64 4F 67 72 65    3 | ..9.VanguardOgre
      4 | 73 6F 00 00 00 00 00 00 -- -- -- -- -- -- -- --    4 | so......--------

NPC ID: 17543280
  Name: VanguardPrelat
  POLUtils_Name: Vanguard Prelate
  Type: Simple NPC
  XYZR: 37.733, -2.378, -69.291, 108
  Mask: 00001111
        |  0  1  2  3  4  5  6  7  8  9  A  B  C  D  E  F      | 0123456789ABCDEF
    -----------------------------------------------------  ----------------------
      0 | 0E 24 6F 04 70 B0 0B 01 70 00 0F 6C 98 EE 16 42    0 | .$o.p...p..l...B
      1 | 27 31 18 C0 FE 94 8A C2 07 00 00 00 28 28 64 00    1 | '1..........((d.
      2 | 01 83 00 00 00 0F 00 00 00 00 00 00 00 00 00 00    2 | ................
      3 | 00 00 3D 04 56 61 6E 67 75 61 72 64 50 72 65 6C    3 | ..=.VanguardPrel
      4 | 61 74 00 00 00 00 00 00 -- -- -- -- -- -- -- --    4 | at......--------

NPC ID: 17543311
  Name: Vanguard'sCrow
  POLUtils_Name: Vanguard's Crow
  Type: Simple NPC
  XYZR: -6.776, -8.928, 0.710, 62
  Mask: 00001111
        |  0  1  2  3  4  5  6  7  8  9  A  B  C  D  E  F      | 0123456789ABCDEF
    -----------------------------------------------------  ----------------------
      0 | 0E 24 74 04 8F B0 0B 01 8F 00 0F 3E FE D4 D8 C0    0 | .$t........>....
      1 | 17 D9 0E C1 8F C2 35 3F 8A 00 00 00 28 28 64 00    1 | ......5?....((d.
      2 | 01 83 00 00 00 14 00 00 00 00 08 00 00 00 00 00    2 | ................
      3 | 00 00 BD 01 56 61 6E 67 75 61 72 64 27 73 43 72    3 | ....Vanguard'sCr
      4 | 6F 77 00 00 00 00 00 00 -- -- -- -- -- -- -- --    4 | ow......--------

NPC ID: 17543310
  Name: VanguardOgreso
  POLUtils_Name: Vanguard Ogresoother
  Type: Simple NPC
  XYZR: -2.989, -9.281, -0.669, 34
  Mask: 00001111
        |  0  1  2  3  4  5  6  7  8  9  A  B  C  D  E  F      | 0123456789ABCDEF
    -----------------------------------------------------  ----------------------
      0 | 0E 24 74 04 8E B0 0B 01 8E 00 0F 22 C7 4B 3F C0    0 | .$t........".K?.
      1 | FA 7E 14 C1 96 43 2B BF 99 00 00 00 28 28 64 00    1 | .~...C+.....((d.
      2 | 01 83 00 00 00 0F 00 00 00 00 00 00 00 00 00 00    2 | ................
      3 | 00 00 39 04 56 61 6E 67 75 61 72 64 4F 67 72 65    3 | ..9.VanguardOgre
      4 | 73 6F 00 00 00 00 00 00 -- -- -- -- -- -- -- --    4 | so......--------

NPC ID: 17543292
  Name: VanguardVision
  POLUtils_Name: Vanguard Visionary
  Type: Simple NPC
  XYZR: 42.466, -7.957, -53.952, 29
  Mask: 00001111
        |  0  1  2  3  4  5  6  7  8  9  A  B  C  D  E  F      | 0123456789ABCDEF
    -----------------------------------------------------  ----------------------
      0 | 0E 24 74 04 7C B0 0B 01 7C 00 0F 1D 2F DD 29 42    0 | .$t.|...|.../.)B
      1 | BE 9F FE C0 D9 CE 57 C2 DA 00 00 00 28 28 64 00    1 | ......W.....((d.
      2 | 01 83 00 00 00 0F 00 00 00 00 00 00 00 00 00 00    2 | ................
      3 | 00 00 3D 04 56 61 6E 67 75 61 72 64 56 69 73 69    3 | ..=.VanguardVisi
      4 | 6F 6E 00 00 00 00 00 00 -- -- -- -- -- -- -- --    4 | on......--------

NPC ID: 17543294
  Name: HaaPevitheSt
  POLUtils_Name: Haa Pevi the Stentorian
  Type: Simple NPC
  XYZR: 43.373, -7.813, -51.103, 180
  Mask: 00001111
        |  0  1  2  3  4  5  6  7  8  9  A  B  C  D  E  F      | 0123456789ABCDEF
    -----------------------------------------------------  ----------------------
      0 | 0E 22 74 04 7E B0 0B 01 7E 00 0F B4 F4 7D 2D 42    0 | ."t.~...~....}-B
      1 | 19 04 FA C0 79 69 4C C2 8A 00 00 00 28 28 64 00    1 | ....yiL.....((d.
      2 | 01 9F 00 00 00 14 00 20 00 00 00 00 00 00 00 00    2 | ....... ........
      3 | 00 00 3C 04 48 61 61 50 65 76 69 74 68 65 53 74    3 | ..<.HaaPevitheSt
      4 | 00 00 00 00 -- -- -- -- -- -- -- -- -- -- -- --    4 | ....------------

NPC ID: 17543484
  Name: blank
  POLUtils_Name:      
  Type: Decoration
  XYZR: 0.000, 0.000, 0.000, 0
  Mask: 00001111
        |  0  1  2  3  4  5  6  7  8  9  A  B  C  D  E  F      | 0123456789ABCDEF
    -----------------------------------------------------  ----------------------
      0 | 0E 1C 75 04 3C B1 0B 01 3C 01 0F 00 00 00 00 00    0 | ..u.<...<.......
      1 | 00 00 00 00 00 00 00 00 01 00 00 00 32 32 64 00    1 | ............22d.
      2 | 02 03 08 00 00 00 00 00 00 00 00 00 00 00 00 00    2 | ................
      3 | 00 00 32 00 00 00 00 00 -- -- -- -- -- -- -- --    3 | ..2.....--------

NPC ID: 17543493
  Name: Moogle
  POLUtils_Name: Moogle
  Type: Simple NPC
  XYZR: 0.000, 0.000, 0.000, 0
  Mask: 00001111
        |  0  1  2  3  4  5  6  7  8  9  A  B  C  D  E  F      | 0123456789ABCDEF
    -----------------------------------------------------  ----------------------
      0 | 0E 20 75 04 45 B1 0B 01 45 01 0F 00 00 00 00 00    0 | . u.E...E.......
      1 | 00 00 00 00 00 00 00 00 00 00 00 00 32 32 64 00    1 | ............22d.
      2 | 02 03 00 40 00 00 00 00 00 00 00 00 00 00 00 00    2 | ...@............
      3 | 00 00 52 00 4D 6F 6F 67 6C 65 00 00 00 00 00 00    3 | ..R.Moogle......

NPC ID: 17543290
  Name: VanguardSkirmi
  POLUtils_Name: Vanguard Skirmisher
  Type: Simple NPC
  XYZR: 40.831, -7.899, -52.383, 74
  Mask: 00001111
        |  0  1  2  3  4  5  6  7  8  9  A  B  C  D  E  F      | 0123456789ABCDEF
    -----------------------------------------------------  ----------------------
      0 | 0E 24 75 04 7A B0 0B 01 7A 00 0F 4A F2 52 23 42    0 | .$u.z...z..J.R#B
      1 | 9C C4 FC C0 31 88 51 C2 B2 00 00 00 28 28 00 03    1 | ....1.Q.....((..
      2 | 07 83 00 00 00 0F 00 00 00 00 00 00 00 00 00 00    2 | ................
      3 | 00 00 3A 04 56 61 6E 67 75 61 72 64 53 6B 69 72    3 | ..:.VanguardSkir
      4 | 6D 69 00 00 00 00 00 00 -- -- -- -- -- -- -- --    4 | mi......--------

NPC ID: 17543471
  Name: AchieveMaster
  POLUtils_Name: Achieve Master
  Type: Simple NPC
  XYZR: 0.000, 0.000, 0.000, 0
  Mask: 00001111
        |  0  1  2  3  4  5  6  7  8  9  A  B  C  D  E  F      | 0123456789ABCDEF
    -----------------------------------------------------  ----------------------
      0 | 0E 24 75 04 2F B1 0B 01 2F 01 0F 00 00 00 00 00    0 | .$u./.../.......
      1 | 00 00 00 00 00 00 00 00 00 00 00 00 32 32 64 00    1 | ............22d.
      2 | 02 03 00 00 00 00 00 00 00 00 00 00 00 00 00 00    2 | ................
      3 | 00 00 32 00 41 63 68 69 65 76 65 4D 61 73 74 65    3 | ..2.AchieveMaste
      4 | 72 00 00 00 00 00 00 00 -- -- -- -- -- -- -- --    4 | r.......--------

NPC ID: 17543492
  Name: Moogle
  POLUtils_Name: Moogle
  Type: Simple NPC
  XYZR: 0.000, 0.000, 0.000, 0
  Mask: 00001111
        |  0  1  2  3  4  5  6  7  8  9  A  B  C  D  E  F      | 0123456789ABCDEF
    -----------------------------------------------------  ----------------------
      0 | 0E 20 75 04 44 B1 0B 01 44 01 0F 00 00 00 00 00    0 | . u.D...D.......
      1 | 00 00 00 00 00 00 00 00 00 00 00 00 32 32 64 00    1 | ............22d.
      2 | 02 03 00 40 00 00 00 00 00 00 00 00 00 00 00 00    2 | ...@............
      3 | 00 00 52 00 4D 6F 6F 67 6C 65 00 00 00 00 00 00    3 | ..R.Moogle......

NPC ID: 17543491
  Name: Moogle
  POLUtils_Name: Moogle
  Type: Simple NPC
  XYZR: 0.000, 0.000, 0.000, 0
  Mask: 00001111
        |  0  1  2  3  4  5  6  7  8  9  A  B  C  D  E  F      | 0123456789ABCDEF
    -----------------------------------------------------  ----------------------
      0 | 0E 20 75 04 43 B1 0B 01 43 01 0F 00 00 00 00 00    0 | . u.C...C.......
      1 | 00 00 00 00 00 00 00 00 00 00 00 00 32 32 64 00    1 | ............22d.
      2 | 02 03 00 40 00 00 00 00 00 00 00 00 00 00 00 00    2 | ...@............
      3 | 00 00 52 00 4D 6F 6F 67 6C 65 00 00 00 00 00 00    3 | ..R.Moogle......

NPC ID: 17543488
  Name: Moogle
  POLUtils_Name: Moogle
  Type: Simple NPC
  XYZR: 0.000, 0.000, 0.000, 0
  Mask: 00001111
        |  0  1  2  3  4  5  6  7  8  9  A  B  C  D  E  F      | 0123456789ABCDEF
    -----------------------------------------------------  ----------------------
      0 | 0E 20 75 04 40 B1 0B 01 40 01 0F 00 00 00 00 00    0 | . u.@...@.......
      1 | 00 00 00 00 00 00 00 00 00 00 00 00 32 32 64 00    1 | ............22d.
      2 | 02 03 00 40 00 00 00 00 00 00 00 00 00 00 00 00    2 | ...@............
      3 | 00 00 52 00 4D 6F 6F 67 6C 65 00 00 00 00 00 00    3 | ..R.Moogle......

NPC ID: 17543489
  Name: Moogle
  POLUtils_Name: Moogle
  Type: Simple NPC
  XYZR: 0.000, 0.000, 0.000, 0
  Mask: 00001111
        |  0  1  2  3  4  5  6  7  8  9  A  B  C  D  E  F      | 0123456789ABCDEF
    -----------------------------------------------------  ----------------------
      0 | 0E 20 75 04 41 B1 0B 01 41 01 0F 00 00 00 00 00    0 | . u.A...A.......
      1 | 00 00 00 00 00 00 00 00 00 00 00 00 32 32 64 00    1 | ............22d.
      2 | 02 03 00 40 00 00 00 00 00 00 00 00 00 00 00 00    2 | ...@............
      3 | 00 00 52 00 4D 6F 6F 67 6C 65 00 00 00 00 00 00    3 | ..R.Moogle......

NPC ID: 17543490
  Name: Moogle
  POLUtils_Name: Moogle
  Type: Simple NPC
  XYZR: 0.000, 0.000, 0.000, 0
  Mask: 00001111
        |  0  1  2  3  4  5  6  7  8  9  A  B  C  D  E  F      | 0123456789ABCDEF
    -----------------------------------------------------  ----------------------
      0 | 0E 20 75 04 42 B1 0B 01 42 01 0F 00 00 00 00 00    0 | . u.B...B.......
      1 | 00 00 00 00 00 00 00 00 00 00 00 00 32 32 64 00    1 | ............22d.
      2 | 02 03 00 40 00 00 00 00 00 00 00 00 00 00 00 00    2 | ...@............
      3 | 00 00 52 00 4D 6F 6F 67 6C 65 00 00 00 00 00 00    3 | ..R.Moogle......

NPC ID: 17543487
  Name: Moogle
  POLUtils_Name: Moogle
  Type: Simple NPC
  XYZR: 0.000, 0.000, 0.000, 0
  Mask: 00001111
        |  0  1  2  3  4  5  6  7  8  9  A  B  C  D  E  F      | 0123456789ABCDEF
    -----------------------------------------------------  ----------------------
      0 | 0E 20 75 04 3F B1 0B 01 3F 01 0F 00 00 00 00 00    0 | . u.?...?.......
      1 | 00 00 00 00 00 00 00 00 00 00 00 00 32 32 64 00    1 | ............22d.
      2 | 02 03 00 40 00 00 00 00 00 00 00 00 00 00 00 00    2 | ...@............
      3 | 00 00 52 00 4D 6F 6F 67 6C 65 00 00 00 00 00 00    3 | ..R.Moogle......

NPC ID: 17543477
  Name: blank
  POLUtils_Name:      
  Type: Decoration
  XYZR: 0.000, 0.000, 0.000, 0
  Mask: 00001111
        |  0  1  2  3  4  5  6  7  8  9  A  B  C  D  E  F      | 0123456789ABCDEF
    -----------------------------------------------------  ----------------------
      0 | 0E 1C 75 04 35 B1 0B 01 35 01 0F 00 00 00 00 00    0 | ..u.5...5.......
      1 | 00 00 00 00 00 00 00 00 00 00 00 00 32 32 64 00    1 | ............22d.
      2 | 02 03 08 00 00 00 00 00 00 00 00 00 00 00 00 00    2 | ................
      3 | 00 00 32 00 00 00 00 00 -- -- -- -- -- -- -- --    3 | ..2.....--------

NPC ID: 17543485
  Name: NPC[13d]
  POLUtils_Name: NPC
  Type: Simple NPC
  XYZR: 0.000, 0.000, 0.000, 0
  Mask: 00001111
        |  0  1  2  3  4  5  6  7  8  9  A  B  C  D  E  F      | 0123456789ABCDEF
    -----------------------------------------------------  ----------------------
      0 | 0E 20 75 04 3D B1 0B 01 3D 01 0F 00 00 00 00 00    0 | . u.=...=.......
      1 | 00 00 00 00 00 00 00 00 00 00 00 00 32 32 64 00    1 | ............22d.
      2 | 02 03 00 00 00 00 00 00 00 00 00 00 00 00 00 00    2 | ................
      3 | 00 00 32 00 4E 50 43 5B 31 33 64 5D 00 00 00 00    3 | ..2.NPC[13d]....

NPC ID: 17543486
  Name: Moogle
  POLUtils_Name: Moogle
  Type: Simple NPC
  XYZR: 0.000, 0.000, 0.000, 0
  Mask: 00001111
        |  0  1  2  3  4  5  6  7  8  9  A  B  C  D  E  F      | 0123456789ABCDEF
    -----------------------------------------------------  ----------------------
      0 | 0E 20 75 04 3E B1 0B 01 3E 01 0F 00 00 00 00 00    0 | . u.>...>.......
      1 | 00 00 00 00 00 00 00 00 00 00 00 00 32 32 64 00    1 | ............22d.
      2 | 02 03 00 40 00 00 00 00 00 00 00 00 00 00 00 00    2 | ...@............
      3 | 00 00 52 00 4D 6F 6F 67 6C 65 00 00 00 00 00 00    3 | ..R.Moogle......

NPC ID: 17543476
  Name: NPC[134]
  POLUtils_Name: NPC
  Type: Simple NPC
  XYZR: 0.000, 0.000, 0.000, 0
  Mask: 00001111
        |  0  1  2  3  4  5  6  7  8  9  A  B  C  D  E  F      | 0123456789ABCDEF
    -----------------------------------------------------  ----------------------
      0 | 0E 20 75 04 34 B1 0B 01 34 01 0F 00 00 00 00 00    0 | . u.4...4.......
      1 | 00 00 00 00 00 00 00 00 00 00 00 00 32 32 64 00    1 | ............22d.
      2 | 02 03 00 00 00 00 00 00 00 00 00 04 00 00 00 00    2 | ................
      3 | 00 00 32 00 4E 50 43 5B 31 33 34 5D 00 00 00 00    3 | ..2.NPC[134]....

NPC ID: 17543472
  Name: UnityMaster
  POLUtils_Name: Unity Master
  Type: Simple NPC
  XYZR: 0.000, 0.000, 0.000, 0
  Mask: 00001111
        |  0  1  2  3  4  5  6  7  8  9  A  B  C  D  E  F      | 0123456789ABCDEF
    -----------------------------------------------------  ----------------------
      0 | 0E 22 75 04 30 B1 0B 01 30 01 0F 00 00 00 00 00    0 | ."u.0...0.......
      1 | 00 00 00 00 00 00 00 00 00 00 00 00 32 32 64 00    1 | ............22d.
      2 | 02 03 08 00 00 00 00 00 00 00 00 60 00 00 00 00    2 | ...........`....
      3 | 00 00 34 00 55 6E 69 74 79 4D 61 73 74 65 72 00    3 | ..4.UnityMaster.
      4 | 00 00 00 00 -- -- -- -- -- -- -- -- -- -- -- --    4 | ....------------

NPC ID: 17543475
  Name: NPC[133]
  POLUtils_Name: NPC
  Type: Simple NPC
  XYZR: 0.000, -9.561, 0.000, 0
  Mask: 00001111
        |  0  1  2  3  4  5  6  7  8  9  A  B  C  D  E  F      | 0123456789ABCDEF
    -----------------------------------------------------  ----------------------
      0 | 0E 20 75 04 33 B1 0B 01 33 01 0F 00 00 00 00 00    0 | . u.3...3.......
      1 | DB F9 18 C1 00 00 00 00 00 00 00 00 28 28 64 00    1 | ............((d.
      2 | 02 81 00 00 00 0C 00 00 00 00 10 20 00 00 00 00    2 | ........... ....
      3 | 00 00 2C 09 4E 50 43 5B 31 33 33 5D 00 00 00 00    3 | ..,.NPC[133]....

NPC ID: 17543474
  Name: NPC[132]
  POLUtils_Name: NPC
  Type: Simple NPC
  XYZR: 0.000, -9.561, 0.000, 0
  Mask: 00001111
        |  0  1  2  3  4  5  6  7  8  9  A  B  C  D  E  F      | 0123456789ABCDEF
    -----------------------------------------------------  ----------------------
      0 | 0E 20 75 04 32 B1 0B 01 32 01 0F 00 00 00 00 00    0 | . u.2...2.......
      1 | DB F9 18 C1 00 00 00 00 00 00 00 00 32 32 64 00    1 | ............22d.
      2 | 02 01 00 00 00 00 00 00 00 00 00 00 00 00 00 00    2 | ................
      3 | 00 00 32 00 4E 50 43 5B 31 33 32 5D 00 00 00 00    3 | ..2.NPC[132]....

NPC ID: 17543470
  Name: NPC[12e]
  POLUtils_Name: NPC
  Type: Simple NPC
  XYZR: 0.000, 0.000, 0.000, 0
  Mask: 00001111
        |  0  1  2  3  4  5  6  7  8  9  A  B  C  D  E  F      | 0123456789ABCDEF
    -----------------------------------------------------  ----------------------
      0 | 0E 20 75 04 2E B1 0B 01 2E 01 0F 00 00 00 00 00    0 | . u.............
      1 | 00 00 00 00 00 00 00 00 00 00 00 00 32 32 64 00    1 | ............22d.
      2 | 02 03 00 00 00 00 00 00 00 00 00 00 00 00 00 00    2 | ................
      3 | 00 00 32 00 4E 50 43 5B 31 32 65 5D 00 00 00 00    3 | ..2.NPC[12e]....

NPC ID: 17543291
  Name: VanguardSentin
  POLUtils_Name: Vanguard Sentinel
  Type: Simple NPC
  XYZR: 51.707, -7.821, -51.766, 174
  Mask: 00001111
        |  0  1  2  3  4  5  6  7  8  9  A  B  C  D  E  F      | 0123456789ABCDEF
    -----------------------------------------------------  ----------------------
      0 | 0E 24 8A 04 7B B0 0B 01 7B 00 0F AE F8 D3 4E 42    0 | .$..{...{.....NB
      1 | A2 45 FA C0 62 10 4F C2 97 00 00 00 28 28 64 00    1 | .E..b.O.....((d.
      2 | 01 83 00 00 00 0F 00 00 00 00 00 00 00 00 00 00    2 | ................
      3 | 00 00 39 04 56 61 6E 67 75 61 72 64 53 65 6E 74    3 | ..9.VanguardSent
      4 | 69 6E 00 00 00 00 00 00 -- -- -- -- -- -- -- --    4 | in......--------

NPC ID: 17543295
  Name: Vanguard'sAvat
  POLUtils_Name: Vanguard's Avatar
  Type: Simple NPC
  XYZR: 48.460, -7.903, -51.857, 93
  Mask: 00001111
        |  0  1  2  3  4  5  6  7  8  9  A  B  C  D  E  F      | 0123456789ABCDEF
    -----------------------------------------------------  ----------------------
      0 | 0E 24 8A 04 7F B0 0B 01 7F 00 0F 5D 0A D7 41 42    0 | .$.........]..AB
      1 | 60 E5 FC C0 91 6D 4F C2 01 01 00 00 28 28 64 00    1 | `....mO.....((d.
      2 | 01 83 00 00 00 18 00 00 00 00 00 00 00 00 00 00    2 | ................
      3 | 00 00 1E 03 56 61 6E 67 75 61 72 64 27 73 41 76    3 | ....Vanguard'sAv
      4 | 61 74 00 00 00 00 00 00 -- -- -- -- -- -- -- --    4 | at......--------

NPC ID: 17543281
  Name: VanguardExempl
  POLUtils_Name: Vanguard Exemplar
  Type: Simple NPC
  XYZR: 61.592, -2.997, -65.087, 163
  Mask: 00001111
        |  0  1  2  3  4  5  6  7  8  9  A  B  C  D  E  F      | 0123456789ABCDEF
    -----------------------------------------------------  ----------------------
      0 | 0E 24 8B 04 71 B0 0B 01 71 00 0F A3 35 5E 76 42    0 | .$..q...q...5^vB
      1 | D9 CE 3F C0 8B 2C 82 C2 01 01 00 00 28 28 64 00    1 | ..?..,......((d.
      2 | 01 83 00 00 00 0F 00 00 00 00 10 00 00 00 00 00    2 | ................
      3 | 00 00 3A 04 56 61 6E 67 75 61 72 64 45 78 65 6D    3 | ..:.VanguardExem
      4 | 70 6C 00 00 00 00 00 00 -- -- -- -- -- -- -- --    4 | pl......--------

NPC ID: 17543297
  Name: VanguardIncite
  POLUtils_Name: Vanguard Inciter
  Type: Simple NPC
  XYZR: 64.457, -7.949, -55.765, 0
  Mask: 00001111
        |  0  1  2  3  4  5  6  7  8  9  A  B  C  D  E  F      | 0123456789ABCDEF
    -----------------------------------------------------  ----------------------
      0 | 0E 24 8B 04 81 B0 0B 01 81 00 0F 00 FC E9 80 42    0 | .$.............B
      1 | 35 5E FE C0 5C 0F 5F C2 64 00 00 00 28 28 64 00    1 | 5^..\\._.d...((d.
      2 | 01 83 00 00 00 0F 00 00 00 00 00 00 00 00 00 00    2 | ................
      3 | 00 00 3A 04 56 61 6E 67 75 61 72 64 49 6E 63 69    3 | ..:.VanguardInci
      4 | 74 65 00 00 00 00 00 00 -- -- -- -- -- -- -- --    4 | te......--------

NPC ID: 17543205
  Name: VanguardChante
  POLUtils_Name: Vanguard Chanter
  Type: Simple NPC
  XYZR: 64.377, -8.000, -52.467, 127
  Mask: 00001111
        |  0  1  2  3  4  5  6  7  8  9  A  B  C  D  E  F      | 0123456789ABCDEF
    -----------------------------------------------------  ----------------------
      0 | 0E 24 8B 04 25 B0 0B 01 25 00 0F 7F 06 C1 80 42    0 | .$..%...%......B
      1 | 00 00 00 C1 35 DE 51 C2 9F 09 00 00 28 28 00 03    1 | ....5.Q.....((..
      2 | 07 83 00 00 00 0F 00 00 00 00 00 00 00 00 00 00    2 | ................
      3 | 00 00 3D 04 56 61 6E 67 75 61 72 64 43 68 61 6E    3 | ..=.VanguardChan
      4 | 74 65 00 00 00 00 00 00 -- -- -- -- -- -- -- --    4 | te......--------

NPC ID: 17543282
  Name: VanguardExempl
  POLUtils_Name: Vanguard Exemplar
  Type: Simple NPC
  XYZR: 64.919, -2.991, -65.699, 230
  Mask: 00001111
        |  0  1  2  3  4  5  6  7  8  9  A  B  C  D  E  F      | 0123456789ABCDEF
    -----------------------------------------------------  ----------------------
      0 | 0E 24 8C 04 72 B0 0B 01 72 00 0F E6 87 D6 81 42    0 | .$..r...r......B
      1 | 8B 6C 3F C0 E3 65 83 C2 78 01 00 00 28 28 64 00    1 | .l?..e..x...((d.
      2 | 01 83 00 00 00 0F 00 00 00 00 10 00 00 00 00 00    2 | ................
      3 | 00 00 3A 04 56 61 6E 67 75 61 72 64 45 78 65 6D    3 | ..:.VanguardExem
      4 | 70 6C 00 00 00 00 00 00 -- -- -- -- -- -- -- --    4 | pl......--------

NPC ID: 17543284
  Name: VanguardIncite
  POLUtils_Name: Vanguard Inciter
  Type: Simple NPC
  XYZR: 64.488, -2.907, -72.961, 149
  Mask: 00001111
        |  0  1  2  3  4  5  6  7  8  9  A  B  C  D  E  F      | 0123456789ABCDEF
    -----------------------------------------------------  ----------------------
      0 | 0E 24 8C 04 74 B0 0B 01 74 00 0F 95 DB F9 80 42    0 | .$..t...t......B
      1 | 4A 0C 3A C0 08 EC 91 C2 DB 05 00 00 28 28 00 03    1 | J.:.........((..
      2 | 07 83 00 00 00 0F 00 00 00 00 00 00 EF D8 0A 00    2 | ................
      3 | 00 00 3A 04 56 61 6E 67 75 61 72 64 49 6E 63 69    3 | ..:.VanguardInci
      4 | 74 65 00 00 00 00 00 00 -- -- -- -- -- -- -- --    4 | te......--------

NPC ID: 17543296
  Name: VanguardExempl
  POLUtils_Name: Vanguard Exemplar
  Type: Simple NPC
  XYZR: 67.268, -7.998, -50.232, 250
  Mask: 00001111
        |  0  1  2  3  4  5  6  7  8  9  A  B  C  D  E  F      | 0123456789ABCDEF
    -----------------------------------------------------  ----------------------
      0 | 0E 24 8D 04 80 B0 0B 01 80 00 0F FA 37 89 86 42    0 | .$..........7..B
      1 | 9E EF FF C0 91 ED 48 C2 8B 00 00 00 28 28 64 00    1 | ......H.....((d.
      2 | 01 83 00 00 00 0F 00 00 00 00 10 00 00 00 00 00    2 | ................
      3 | 00 00 3A 04 56 61 6E 67 75 61 72 64 45 78 65 6D    3 | ..:.VanguardExem
      4 | 70 6C 00 00 00 00 00 00 -- -- -- -- -- -- -- --    4 | pl......--------

NPC ID: 17543203
  Name: VanguardOgreso
  POLUtils_Name: Vanguard Ogresoother
  Type: Simple NPC
  XYZR: 83.759, -3.687, -90.959, 232
  Mask: 00001111
        |  0  1  2  3  4  5  6  7  8  9  A  B  C  D  E  F      | 0123456789ABCDEF
    -----------------------------------------------------  ----------------------
      0 | 0E 24 E5 04 23 B0 0B 01 23 00 0F E8 9C 84 A7 42    0 | .$..#...#......B
      1 | CF F7 6B C0 02 EB B5 C2 B3 00 00 00 28 28 64 00    1 | ..k.........((d.
      2 | 01 83 00 00 00 0F 00 00 00 00 00 00 00 00 00 00    2 | ................
      3 | 00 00 39 04 56 61 6E 67 75 61 72 64 4F 67 72 65    3 | ..9.VanguardOgre
      4 | 73 6F 00 00 00 00 00 00 -- -- -- -- -- -- -- --    4 | so......--------

NPC ID: 17543204
  Name: Vanguard'sCrow
  POLUtils_Name: Vanguard's Crow
  Type: Simple NPC
  XYZR: 83.359, -3.687, -92.756, 210
  Mask: 00001111
        |  0  1  2  3  4  5  6  7  8  9  A  B  C  D  E  F      | 0123456789ABCDEF
    -----------------------------------------------------  ----------------------
      0 | 0E 24 E5 04 24 B0 0B 01 24 00 0F D2 CF B7 A6 42    0 | .$..$...$......B
      1 | CF F7 6B C0 12 83 B9 C2 13 00 00 00 28 28 64 00    1 | ..k.........((d.
      2 | 01 83 00 00 00 14 00 00 00 00 08 00 00 00 00 00    2 | ................
      3 | 00 00 BD 01 56 61 6E 67 75 61 72 64 27 73 43 72    3 | ....Vanguard'sCr
      4 | 6F 77 00 00 00 00 00 00 -- -- -- -- -- -- -- --    4 | ow......--------

NPC ID: 17543308
  Name: VanguardExempl
  POLUtils_Name: Vanguard Exemplar
  Type: Simple NPC
  XYZR: 0.746, -9.759, -0.300, 174
  Mask: 00001111
        |  0  1  2  3  4  5  6  7  8  9  A  B  C  D  E  F      | 0123456789ABCDEF
    -----------------------------------------------------  ----------------------
      0 | 0E 24 62 06 8C B0 0B 01 8C 00 0F AE DB F9 3E 3F    0 | .$b...........>?
      1 | DD 24 1C C1 9A 99 99 BE 21 00 00 00 28 28 64 00    1 | .$......!...((d.
      2 | 01 83 00 00 00 0F 00 00 00 00 10 00 00 00 00 00    2 | ................
      3 | 00 00 3A 04 56 61 6E 67 75 61 72 64 45 78 65 6D    3 | ..:.VanguardExem
      4 | 70 6C 00 00 00 00 00 00 -- -- -- -- -- -- -- --    4 | pl......--------

NPC ID: 17543210
  Name: VanguardSkirmi
  POLUtils_Name: Vanguard Skirmisher
  Type: Simple NPC
  XYZR: 21.614, -11.364, 6.875, 92
  Mask: 00001111
        |  0  1  2  3  4  5  6  7  8  9  A  B  C  D  E  F      | 0123456789ABCDEF
    -----------------------------------------------------  ----------------------
      0 | 0E 24 66 06 2A B0 0B 01 2A 00 0F 5C 79 E9 AC 41    0 | .$f.*...*..\\y..A
      1 | F2 D2 35 C1 00 00 DC 40 1E 08 00 00 28 28 00 03    1 | ..5....@....((..
      2 | 07 83 00 00 00 0F 00 00 00 00 00 00 E6 BC 09 00    2 | ................
      3 | 00 00 3A 04 56 61 6E 67 75 61 72 64 53 6B 69 72    3 | ..:.VanguardSkir
      4 | 6D 69 00 00 00 00 00 00 -- -- -- -- -- -- -- --    4 | mi......--------

NPC ID: 17543309
  Name: VanguardAssass
  POLUtils_Name: Vanguard Assassin
  Type: Simple NPC
  XYZR: -1.551, -9.650, 2.458, 6
  Mask: 00001111
        |  0  1  2  3  4  5  6  7  8  9  A  B  C  D  E  F      | 0123456789ABCDEF
    -----------------------------------------------------  ----------------------
      0 | 0E 24 66 06 8D B0 0B 01 8D 00 0F 06 2B 87 C6 BF    0 | .$f.........+...
      1 | 66 66 1A C1 DF 4F 1D 40 97 00 00 00 28 28 64 00    1 | ff...O.@....((d.
      2 | 01 83 00 00 00 0F 00 00 00 00 00 00 00 00 00 00    2 | ................
      3 | 00 00 3B 04 56 61 6E 67 75 61 72 64 41 73 73 61    3 | ..;.VanguardAssa
      4 | 73 73 00 00 00 00 00 00 -- -- -- -- -- -- -- --    4 | ss......--------

NPC ID: 17543209
  Name: VanguardSalvag
  POLUtils_Name: Vanguard Salvager
  Type: Simple NPC
  XYZR: 24.561, -11.364, 8.513, 108
  Mask: 00001111
        |  0  1  2  3  4  5  6  7  8  9  A  B  C  D  E  F      | 0123456789ABCDEF
    -----------------------------------------------------  ----------------------
      0 | 0E 24 67 06 29 B0 0B 01 29 00 0F 6C EE 7C C4 41    0 | .$g.)...)..l.|.A
      1 | F2 D2 35 C1 3F 35 08 41 62 00 00 00 28 28 64 00    1 | ..5.?5.Ab...((d.
      2 | 01 83 00 00 00 0F 00 00 00 00 00 00 00 00 00 00    2 | ................
      3 | 00 00 3B 04 56 61 6E 67 75 61 72 64 53 61 6C 76    3 | ..;.VanguardSalv
      4 | 61 67 00 00 00 00 00 00 -- -- -- -- -- -- -- --    4 | ag......--------

NPC ID: 17543240
  Name: Vanguard'sCrow
  POLUtils_Name: Vanguard's Crow
  Type: Simple NPC
  XYZR: -31.032, -5.821, 1.016, 143
  Mask: 00001111
        |  0  1  2  3  4  5  6  7  8  9  A  B  C  D  E  F      | 0123456789ABCDEF
    -----------------------------------------------------  ----------------------
      0 | 0E 24 69 06 48 B0 0B 01 48 00 0F 8F 89 41 F8 C1    0 | .$i.H...H....A..
      1 | A2 45 BA C0 4A 0C 82 3F 8A 00 00 00 28 28 64 00    1 | .E..J..?....((d.
      2 | 01 83 00 00 00 14 00 00 00 00 08 00 00 00 00 00    2 | ................
      3 | 00 00 BD 01 56 61 6E 67 75 61 72 64 27 73 43 72    3 | ....Vanguard'sCr
      4 | 6F 77 00 00 00 00 00 00 -- -- -- -- -- -- -- --    4 | ow......--------

NPC ID: 17543237
  Name: VanguardPartis
  POLUtils_Name: Vanguard Partisan
  Type: Simple NPC
  XYZR: -36.836, -3.688, 1.700, 33
  Mask: 00001111
        |  0  1  2  3  4  5  6  7  8  9  A  B  C  D  E  F      | 0123456789ABCDEF
    -----------------------------------------------------  ----------------------
      0 | 0E 24 6C 06 45 B0 0B 01 45 00 0F 21 10 58 13 C2    0 | .$l.E...E..!.X..
      1 | 31 08 6C C0 9A 99 D9 3F EF 01 00 00 28 28 00 03    1 | 1.l....?....((..
      2 | 07 83 00 00 00 0F 00 00 00 00 00 00 EF D8 0A 00    2 | ................
      3 | 00 00 39 04 56 61 6E 67 75 61 72 64 50 61 72 74    3 | ..9.VanguardPart
      4 | 69 73 00 00 00 00 00 00 -- -- -- -- -- -- -- --    4 | is......--------

NPC ID: 17543238
  Name: Vanguard'sWyve
  POLUtils_Name: Vanguard's Wyvern
  Type: Simple NPC
  XYZR: -35.779, -3.000, 1.906, 48
  Mask: 00001111
        |  0  1  2  3  4  5  6  7  8  9  A  B  C  D  E  F      | 0123456789ABCDEF
    -----------------------------------------------------  ----------------------
      0 | 0E 24 6C 06 46 B0 0B 01 46 00 0F 30 B2 1D 0F C2    0 | .$l.F...F..0....
      1 | 00 00 40 C0 CF F7 F3 3F 16 02 00 00 00 28 40 00    1 | ..@....?.....(@.
      2 | 07 83 00 00 00 11 00 00 00 00 00 00 00 00 00 00    2 | ................
      3 | 00 00 F9 02 56 61 6E 67 75 61 72 64 27 73 57 79    3 | ....Vanguard'sWy
      4 | 76 65 00 00 00 00 00 00 -- -- -- -- -- -- -- --    4 | ve......--------

NPC ID: 17543242
  Name: Vanguard'sWyve
  POLUtils_Name: Vanguard's Wyvern
  Type: Simple NPC
  XYZR: -39.513, -3.000, 3.082, 103
  Mask: 00001111
        |  0  1  2  3  4  5  6  7  8  9  A  B  C  D  E  F      | 0123456789ABCDEF
    -----------------------------------------------------  ----------------------
      0 | 0E 24 6E 06 4A B0 0B 01 4A 00 0F 67 50 0D 1E C2    0 | .$n.J...J..gP...
      1 | 00 00 40 C0 7D 3F 45 40 FA 09 00 00 00 28 64 00    1 | ..@.}?E@.....(d.
      2 | 07 83 00 00 00 11 00 00 00 00 00 00 00 00 00 00    2 | ................
      3 | 00 00 F9 02 56 61 6E 67 75 61 72 64 27 73 57 79    3 | ....Vanguard'sWy
      4 | 76 65 00 00 00 00 00 00 -- -- -- -- -- -- -- --    4 | ve......--------

NPC ID: 17543241
  Name: VanguardPartis
  POLUtils_Name: Vanguard Partisan
  Type: Simple NPC
  XYZR: -40.157, -4.410, 3.339, 94
  Mask: 00001111
        |  0  1  2  3  4  5  6  7  8  9  A  B  C  D  E  F      | 0123456789ABCDEF
    -----------------------------------------------------  ----------------------
      0 | 0E 24 6F 06 49 B0 0B 01 49 00 0F 5E C5 A0 20 C2    0 | .$o.I...I..^.. .
      1 | B8 1E 8D C0 2D B2 55 40 D3 09 00 00 28 28 00 03    1 | ....-.U@....((..
      2 | 07 83 00 00 00 0F 00 00 00 00 00 00 EF D8 0A 00    2 | ................
      3 | 00 00 39 04 56 61 6E 67 75 61 72 64 50 61 72 74    3 | ..9.VanguardPart
      4 | 69 73 00 00 00 00 00 00 -- -- -- -- -- -- -- --    4 | is......--------

NPC ID: 17543211
  Name: VanguardExempl
  POLUtils_Name: Vanguard Exemplar
  Type: Simple NPC
  XYZR: 38.359, -10.500, 16.562, 97
  Mask: 00001111
        |  0  1  2  3  4  5  6  7  8  9  A  B  C  D  E  F      | 0123456789ABCDEF
    -----------------------------------------------------  ----------------------
      0 | 0E 24 71 06 2B B0 0B 01 2B 00 0F 61 9E 6F 19 42    0 | .$q.+...+..a.o.B
      1 | 00 00 28 C1 FA 7E 84 41 15 00 00 00 28 28 00 03    1 | ..(..~.A....((..
      2 | 07 83 00 00 00 0F 00 00 00 00 10 00 E6 BC 09 00    2 | ................
      3 | 00 00 3A 04 56 61 6E 67 75 61 72 64 45 78 65 6D    3 | ..:.VanguardExem
      4 | 70 6C 00 00 00 00 00 00 -- -- -- -- -- -- -- --    4 | pl......--------

NPC ID: 17543236
  Name: Vanguard'sCrow
  POLUtils_Name: Vanguard's Crow
  Type: Simple NPC
  XYZR: -43.686, -4.187, 5.661, 22
  Mask: 00001111
        |  0  1  2  3  4  5  6  7  8  9  A  B  C  D  E  F      | 0123456789ABCDEF
    -----------------------------------------------------  ----------------------
      0 | 0E 24 72 06 44 B0 0B 01 44 00 0F 16 77 BE 2E C2    0 | .$r.D...D...w...
      1 | E7 FB 85 C0 E9 26 B5 40 A6 00 00 00 28 28 64 00    1 | .....&.@....((d.
      2 | 01 83 00 00 00 14 00 00 00 00 08 00 00 00 00 00    2 | ................
      3 | 00 00 BD 01 56 61 6E 67 75 61 72 64 27 73 43 72    3 | ....Vanguard'sCr
      4 | 6F 77 00 00 00 00 00 00 -- -- -- -- -- -- -- --    4 | ow......--------

NPC ID: 17543212
  Name: VanguardSkirmi
  POLUtils_Name: Vanguard Skirmisher
  Type: Simple NPC
  XYZR: 40.907, -11.364, 17.982, 107
  Mask: 00001111
        |  0  1  2  3  4  5  6  7  8  9  A  B  C  D  E  F      | 0123456789ABCDEF
    -----------------------------------------------------  ----------------------
      0 | 0E 24 73 06 2C B0 0B 01 2C 00 0F 6B C5 A0 23 42    0 | .$s.,...,..k..#B
      1 | F2 D2 35 C1 23 DB 8F 41 64 00 00 00 28 28 64 00    1 | ..5.#..Ad...((d.
      2 | 01 83 00 00 00 0F 00 00 00 00 00 00 00 00 00 00    2 | ................
      3 | 00 00 3A 04 56 61 6E 67 75 61 72 64 53 6B 69 72    3 | ..:.VanguardSkir
      4 | 6D 69 00 00 00 00 00 00 -- -- -- -- -- -- -- --    4 | mi......--------

NPC ID: 17543235
  Name: VanguardOgreso
  POLUtils_Name: Vanguard Ogresoother
  Type: Simple NPC
  XYZR: -50.288, -4.187, 7.410, 143
  Mask: 00001111
        |  0  1  2  3  4  5  6  7  8  9  A  B  C  D  E  F      | 0123456789ABCDEF
    -----------------------------------------------------  ----------------------
      0 | 0E 24 85 06 43 B0 0B 01 43 00 0F 8F E9 26 49 C2    0 | .$..C...C....&I.
      1 | E7 FB 85 C0 B8 1E ED 40 44 01 00 00 28 28 64 00    1 | .......@D...((d.
      2 | 01 83 00 00 00 0F 00 00 00 00 00 00 00 00 00 00    2 | ................
      3 | 00 00 39 04 56 61 6E 67 75 61 72 64 4F 67 72 65    3 | ..9.VanguardOgre
      4 | 73 6F 00 00 00 00 00 00 -- -- -- -- -- -- -- --    4 | so......--------

NPC ID: 17543234
  Name: VanguardIncite
  POLUtils_Name: Vanguard Inciter
  Type: Simple NPC
  XYZR: -57.530, -4.187, 11.806, 33
  Mask: 00001111
        |  0  1  2  3  4  5  6  7  8  9  A  B  C  D  E  F      | 0123456789ABCDEF
    -----------------------------------------------------  ----------------------
      0 | 0E 24 91 06 42 B0 0B 01 42 00 0F 21 B8 1E 66 C2    0 | .$..B...B..!..f.
      1 | E7 FB 85 C0 60 E5 3C 41 43 01 00 00 28 28 64 00    1 | ....`.<AC...((d.
      2 | 01 83 00 00 00 0F 00 00 00 00 00 00 00 00 00 00    2 | ................
      3 | 00 00 3A 04 56 61 6E 67 75 61 72 64 49 6E 63 69    3 | ..:.VanguardInci
      4 | 74 65 00 00 00 00 00 00 -- -- -- -- -- -- -- --    4 | te......--------

NPC ID: 17543265
  Name: VanguardLibera
  POLUtils_Name: Vanguard Liberator
  Type: Simple NPC
  XYZR: -2.094, -4.499, -56.299, 122
  Mask: 00001111
        |  0  1  2  3  4  5  6  7  8  9  A  B  C  D  E  F      | 0123456789ABCDEF
    -----------------------------------------------------  ----------------------
      0 | 0E 24 8D 07 61 B0 0B 01 61 00 0F 7A 19 04 06 C0    0 | .$..a...a..z....
      1 | CF F7 8F C0 2D 32 61 C2 14 00 00 00 28 28 64 00    1 | ....-2a.....((d.
      2 | 01 83 00 00 00 0F 00 00 00 00 00 00 00 00 00 00    2 | ................
      3 | 00 00 39 04 56 61 6E 67 75 61 72 64 4C 69 62 65    3 | ..9.VanguardLibe
      4 | 72 61 00 00 00 00 00 00 -- -- -- -- -- -- -- --    4 | ra......--------

