NPC ID: 17830104
  Name: Risen Hackles
  POLUtils_Name: Risen Hackles
  Type: Equipped NPC
  XYZR: -58.802, -0.150, 37.932, 64
  Mask: 01010111
        |  0  1  2  3  4  5  6  7  8  9  A  B  C  D  E  F      | 0123456789ABCDEF
    -----------------------------------------------------  ----------------------
      0 | 0E 2A 0A 00 D8 10 10 01 D8 00 57 40 3F 35 6B C2    0 | .*........W@?5k.
      1 | 9A 99 19 BE 5E BA 17 42 95 0D 00 00 0D 32 64 00    1 | ....^..B.....2d.
      2 | 00 1B 00 40 00 00 00 20 00 00 01 00 00 00 00 00    2 | ...@... ........
      3 | 01 00 08 08 56 11 56 21 40 31 56 41 EF 50 00 60    3 | ....V.V!@1VA.P.`
      4 | 00 70 00 00 00 00 00 00 00 00 00 00 00 00 00 00    4 | .p..............
      5 | 00 00 00 00 -- -- -- -- -- -- -- -- -- -- -- --    5 | ....------------

NPC ID: 17830108
  Name: Tallula
  POLUtils_Name: Tallula
  Type: Simple NPC
  XYZR: -50.294, -0.650, 69.912, 135
  Mask: 00001111
        |  0  1  2  3  4  5  6  7  8  9  A  B  C  D  E  F      | 0123456789ABCDEF
    -----------------------------------------------------  ----------------------
      0 | 0E 20 0A 00 DC 10 10 01 DC 00 0F 87 0E 2D 49 C2    0 | . ...........-I.
      1 | 66 66 26 BF F2 D2 8B 42 08 00 00 00 32 32 64 00    1 | ff&....B....22d.
      2 | 00 1B 00 00 00 00 00 20 00 00 00 00 00 00 00 00    2 | ....... ........
      3 | 00 00 6A 03 54 61 6C 6C 75 6C 61 00 00 00 00 00    3 | ..j.Tallula.....

NPC ID: 17830192
  Name: BhevaGrantih
  POLUtils_Name: Bheva Grantih
  Type: Simple NPC
  XYZR: -64.918, -0.649, 60.276, 222
  Mask: 00001111
        |  0  1  2  3  4  5  6  7  8  9  A  B  C  D  E  F      | 0123456789ABCDEF
    -----------------------------------------------------  ----------------------
      0 | 0E 22 0B 00 30 11 10 01 30 01 0F DE 04 D6 81 C2    0 | ."..0...0.......
      1 | DD 24 26 BF A0 1A 71 42 15 00 00 00 32 32 64 22    1 | .$&...qB....22d"
      2 | 00 1B 00 00 00 00 00 20 00 00 00 00 00 00 00 00    2 | ....... ........
      3 | 00 00 2A 03 42 68 65 76 61 47 72 61 6E 74 69 68    3 | ..*.BhevaGrantih
      4 | 00 00 00 00 -- -- -- -- -- -- -- -- -- -- -- --    4 | ....------------

NPC ID: 17830148
  Name: Greebly
  POLUtils_Name: Greebly
  Type: Simple NPC
  XYZR: -50.576, -0.649, 73.974, 129
  Mask: 00001111
        |  0  1  2  3  4  5  6  7  8  9  A  B  C  D  E  F      | 0123456789ABCDEF
    -----------------------------------------------------  ----------------------
      0 | 0E 20 0B 00 04 11 10 01 04 01 0F 81 D3 4D 4A C2    0 | . ...........MJ.
      1 | DD 24 26 BF B0 F2 93 42 15 00 00 00 32 32 64 00    1 | .$&....B....22d.
      2 | 00 1B 00 00 00 00 00 20 00 00 00 00 00 00 00 00    2 | ....... ........
      3 | 00 00 64 03 47 72 65 65 62 6C 79 00 00 00 00 00    3 | ..d.Greebly.....

NPC ID: 17830185
  Name: Quiri-Aliri
  POLUtils_Name: Quiri-Aliri
  Type: Equipped NPC
  XYZR: -53.000, -0.150, 85.000, 128
  Mask: 01010111
        |  0  1  2  3  4  5  6  7  8  9  A  B  C  D  E  F      | 0123456789ABCDEF
    -----------------------------------------------------  ----------------------
      0 | 0E 2A 0B 00 29 11 10 01 29 01 57 80 00 00 54 C2    0 | .*..)...).W...T.
      1 | 9A 99 19 BE 00 00 AA 42 0E 00 00 00 32 32 64 00    1 | .......B....22d.
      2 | 00 1B 00 00 00 00 00 20 00 00 00 00 00 00 00 00    2 | ....... ........
      3 | 01 00 03 05 00 10 58 21 58 31 58 41 58 51 00 60    3 | ......X!X1XAXQ.`
      4 | 00 70 00 00 00 00 00 00 00 00 00 00 00 00 00 00    4 | .p..............
      5 | 00 00 00 00 -- -- -- -- -- -- -- -- -- -- -- --    5 | ....------------

NPC ID: 17830117
  Name: Glowing Hearth
  POLUtils_Name: Glowing Hearth
  Type: Equipped NPC
  XYZR: -46.033, -0.150, 53.512, 192
  Mask: 01010111
        |  0  1  2  3  4  5  6  7  8  9  A  B  C  D  E  F      | 0123456789ABCDEF
    -----------------------------------------------------  ----------------------
      0 | 0E 2C 0B 00 E5 10 10 01 E5 00 57 C0 CB 21 38 C2    0 | .,........W..!8.
      1 | 9A 99 19 BE 4A 0C 56 42 0E 00 00 00 32 32 64 00    1 | ....J.VB....22d.
      2 | 00 1B 00 00 00 00 00 20 00 00 01 00 00 00 00 00    2 | ....... ........
      3 | 01 00 00 08 59 11 EB 20 EB 30 EB 40 EB 50 00 60    3 | ....Y.. .0.@.P.`
      4 | 00 70 00 00 00 00 00 00 00 00 00 00 00 00 00 00    4 | .p..............
      5 | 00 00 00 00 00 00 00 00 -- -- -- -- -- -- -- --    5 | ........--------

NPC ID: 17830118
  Name: Krepol
  POLUtils_Name: Krepol
  Type: Equipped NPC
  XYZR: -33.984, -0.150, 53.707, 192
  Mask: 01010111
        |  0  1  2  3  4  5  6  7  8  9  A  B  C  D  E  F      | 0123456789ABCDEF
    -----------------------------------------------------  ----------------------
      0 | 0E 28 0B 00 E6 10 10 01 E6 00 57 C0 9E EF 07 C2    0 | .(........W.....
      1 | 9A 99 19 BE F8 D3 56 42 08 00 00 00 32 32 64 00    1 | ......VB....22d.
      2 | 00 1B 00 00 00 00 00 20 00 00 01 00 00 00 00 00    2 | ....... ........
      3 | 01 00 0C 01 59 11 EB 20 EB 30 EB 40 EB 50 00 60    3 | ....Y.. .0.@.P.`
      4 | 00 70 00 00 00 00 00 00 00 00 00 00 00 00 00 00    4 | .p..............

NPC ID: 17830106
  Name: Ysadel
  POLUtils_Name: Ysadel
  Type: Equipped NPC
  XYZR: -89.394, -0.150, 71.078, 64
  Mask: 01010111
        |  0  1  2  3  4  5  6  7  8  9  A  B  C  D  E  F      | 0123456789ABCDEF
    -----------------------------------------------------  ----------------------
      0 | 0E 28 0B 00 DA 10 10 01 DA 00 57 40 BA C9 B2 C2    0 | .(........W@....
      1 | 9A 99 19 BE F0 27 8E 42 08 00 00 00 32 32 64 00    1 | .....'.B....22d.
      2 | 00 1B 00 00 00 00 00 20 00 00 00 00 00 00 00 00    2 | ....... ........
      3 | 01 00 04 02 14 10 8E 20 00 30 39 40 39 50 00 60    3 | ....... .09@9P.`
      4 | 00 70 00 00 00 00 00 00 00 00 00 00 00 00 00 00    4 | .p..............

NPC ID: 17830102
  Name: Oscairn
  POLUtils_Name: Oscairn
  Type: Equipped NPC
  XYZR: -80.214, -0.150, 30.717, 64
  Mask: 01010111
        |  0  1  2  3  4  5  6  7  8  9  A  B  C  D  E  F      | 0123456789ABCDEF
    -----------------------------------------------------  ----------------------
      0 | 0E 28 0B 00 D6 10 10 01 D6 00 57 40 91 6D A0 C2    0 | .(........W@.m..
      1 | 9A 99 19 BE 6A BC F5 41 08 00 00 00 32 32 64 00    1 | ....j..A....22d.
      2 | 00 1B 00 00 00 00 00 20 00 00 01 00 00 00 00 00    2 | ....... ........
      3 | 01 00 09 01 56 11 56 21 40 31 56 41 EF 50 00 60    3 | ....V.V!@1VA.P.`
      4 | 00 70 00 00 00 00 00 00 00 00 00 00 00 00 00 00    4 | .p..............

NPC ID: 17829974
  Name: Maudilyonne
  POLUtils_Name: Maudilyonne
  Type: Simple NPC
  XYZR: -63.952, -0.649, 59.250, 222
  Mask: 00001111
        |  0  1  2  3  4  5  6  7  8  9  A  B  C  D  E  F      | 0123456789ABCDEF
    -----------------------------------------------------  ----------------------
      0 | 0E 22 0B 00 56 10 10 01 56 00 0F DE D9 CE 7F C2    0 | ."..V...V.......
      1 | DD 24 26 BF 00 00 6D 42 08 00 00 00 32 32 64 22    1 | .$&...mB....22d"
      2 | 00 1B 00 00 00 00 00 20 00 00 00 00 00 00 00 00    2 | ....... ........
      3 | 00 00 CD 03 4D 61 75 64 69 6C 79 6F 6E 6E 65 00    3 | ....Maudilyonne.
      4 | 00 00 00 00 -- -- -- -- -- -- -- -- -- -- -- --    4 | ....------------

NPC ID: 17830107
  Name: Lamaron
  POLUtils_Name: Lamaron
  Type: Simple NPC
  XYZR: -52.352, -0.650, 96.708, 128
  Mask: 00001111
        |  0  1  2  3  4  5  6  7  8  9  A  B  C  D  E  F      | 0123456789ABCDEF
    -----------------------------------------------------  ----------------------
      0 | 0E 20 0B 00 DB 10 10 01 DB 00 0F 80 73 68 51 C2    0 | . ..........shQ.
      1 | 66 66 26 BF 7F 6A C1 42 01 00 00 00 32 32 64 00    1 | ff&..j.B....22d.
      2 | 00 1B 00 00 00 00 00 20 00 00 00 00 00 00 00 00    2 | ....... ........
      3 | 00 00 64 00 4C 61 6D 61 72 6F 6E 00 00 00 00 00    3 | ..d.Lamaron.....

NPC ID: 17830011
  Name: Felmsy
  POLUtils_Name: Felmsy
  Type: Simple NPC
  XYZR: -53.111, -0.150, 88.456, 128
  Mask: 00001111
        |  0  1  2  3  4  5  6  7  8  9  A  B  C  D  E  F      | 0123456789ABCDEF
    -----------------------------------------------------  ----------------------
      0 | 0E 20 0C 00 7B 10 10 01 7B 00 0F 80 AA 71 54 C2    0 | . ..{...{....qT.
      1 | 9A 99 19 BE 79 E9 B0 42 01 00 00 00 32 32 64 00    1 | ....y..B....22d.
      2 | 00 1B 00 00 00 00 00 20 00 00 00 00 00 00 00 00    2 | ....... ........
      3 | 00 00 5C 03 46 65 6C 6D 73 79 00 00 00 00 00 00    3 | ..\\.Felmsy......

NPC ID: 17830017
  Name: Waypoint
  POLUtils_Name: Waypoint
  Type: Simple NPC
  XYZR: -58.773, -0.150, 85.237, 0
  Mask: 00001111
        |  0  1  2  3  4  5  6  7  8  9  A  B  C  D  E  F      | 0123456789ABCDEF
    -----------------------------------------------------  ----------------------
      0 | 0E 20 0C 00 81 10 10 01 81 00 0F 00 8D 17 6B C2    0 | . ............k.
      1 | 9A 99 19 BE 58 79 AA 42 01 80 00 00 32 32 64 00    1 | ....Xy.B....22d.
      2 | 00 03 00 00 00 00 00 02 20 00 00 20 00 00 00 00    2 | ........ .. ....
      3 | 00 00 74 09 57 61 79 70 6F 69 6E 74 00 00 00 00    3 | ..t.Waypoint....

NPC ID: 17829975
  Name: HomePoint#1
  POLUtils_Name: Home Point #1
  Type: Simple NPC
  XYZR: -51.857, -0.150, 59.877, 0
  Mask: 00001111
        |  0  1  2  3  4  5  6  7  8  9  A  B  C  D  E  F      | 0123456789ABCDEF
    -----------------------------------------------------  ----------------------
      0 | 0E 22 0C 00 57 10 10 01 57 00 0F 00 91 6D 4F C2    0 | ."..W...W....mO.
      1 | 9A 99 19 BE 0C 82 6F 42 01 00 00 00 32 32 64 00    1 | ......oB....22d.
      2 | 00 03 00 00 00 00 00 00 00 00 00 00 00 00 00 00    2 | ................
      3 | 00 00 33 00 48 6F 6D 65 50 6F 69 6E 74 23 31 00    3 | ..3.HomePoint#1.
      4 | 00 00 00 00 -- -- -- -- -- -- -- -- -- -- -- --    4 | ....------------

NPC ID: 17829963
  Name: _757
  POLUtils_Name: NPC
  Type: Simple NPC
  XYZR: -102.000, -13.425, -54.000, 0
  Mask: 00000111
        |  0  1  2  3  4  5  6  7  8  9  A  B  C  D  E  F      | 0123456789ABCDEF
    -----------------------------------------------------  ----------------------
      0 | 0E 20 0C 00 4B 10 10 01 4B 00 07 00 00 00 CC C2    0 | . ..K...K.......
      1 | CD CC 56 C1 00 00 58 C2 01 00 00 00 32 32 64 08    1 | ..V...X.....22d.
      2 | 00 03 18 00 00 00 00 00 A0 00 00 00 00 00 00 00    2 | ................
      3 | 02 00 00 00 5F 37 35 37 00 00 00 00 00 00 00 00    3 | ...._757........

NPC ID: 17829960
  Name: _754
  POLUtils_Name: NPC
  Type: Simple NPC
  XYZR: -102.000, -12.862, -54.000, 0
  Mask: 00000111
        |  0  1  2  3  4  5  6  7  8  9  A  B  C  D  E  F      | 0123456789ABCDEF
    -----------------------------------------------------  ----------------------
      0 | 0E 20 0C 00 48 10 10 01 48 00 07 00 00 00 CC C2    0 | . ..H...H.......
      1 | C1 CA 4D C1 00 00 58 C2 01 00 00 00 32 32 64 08    1 | ..M...X.....22d.
      2 | 00 03 18 00 00 00 00 00 20 00 00 00 00 00 00 00    2 | ........ .......
      3 | 02 00 00 00 5F 37 35 34 00 00 00 00 00 00 00 00    3 | ...._754........

NPC ID: 17829959
  Name: _753
  POLUtils_Name: NPC
  Type: Simple NPC
  XYZR: -102.000, -14.900, -54.000, 0
  Mask: 00000111
        |  0  1  2  3  4  5  6  7  8  9  A  B  C  D  E  F      | 0123456789ABCDEF
    -----------------------------------------------------  ----------------------
      0 | 0E 20 0C 00 47 10 10 01 47 00 07 00 00 00 CC C2    0 | . ..G...G.......
      1 | 66 66 6E C1 00 00 58 C2 01 00 00 00 32 32 64 08    1 | ffn...X.....22d.
      2 | 00 03 18 00 00 00 00 00 20 00 00 00 00 00 00 00    2 | ........ .......
      3 | 02 00 00 00 5F 37 35 33 00 00 00 00 00 00 00 00    3 | ...._753........

NPC ID: 17829968
  Name: _75c
  POLUtils_Name: NPC
  Type: Simple NPC
  XYZR: -102.000, -12.862, 14.000, 0
  Mask: 00000111
        |  0  1  2  3  4  5  6  7  8  9  A  B  C  D  E  F      | 0123456789ABCDEF
    -----------------------------------------------------  ----------------------
      0 | 0E 20 0C 00 50 10 10 01 50 00 07 00 00 00 CC C2    0 | . ..P...P.......
      1 | C1 CA 4D C1 00 00 60 41 01 00 00 00 32 32 64 08    1 | ..M...`A....22d.
      2 | 00 03 18 00 00 00 00 00 A0 00 00 00 00 00 00 00    2 | ................
      3 | 02 00 00 00 5F 37 35 63 00 00 00 00 00 00 00 00    3 | ...._75c........

NPC ID: 17829971
  Name: _75f
  POLUtils_Name: NPC
  Type: Simple NPC
  XYZR: -102.000, -13.425, 14.000, 0
  Mask: 00000111
        |  0  1  2  3  4  5  6  7  8  9  A  B  C  D  E  F      | 0123456789ABCDEF
    -----------------------------------------------------  ----------------------
      0 | 0E 20 0C 00 53 10 10 01 53 00 07 00 00 00 CC C2    0 | . ..S...S.......
      1 | CD CC 56 C1 00 00 60 41 01 00 00 00 32 32 64 08    1 | ..V...`A....22d.
      2 | 00 03 18 00 00 00 00 00 A0 00 00 00 00 00 00 00    2 | ................
      3 | 02 00 00 00 5F 37 35 66 00 00 00 00 00 00 00 00    3 | ...._75f........

NPC ID: 17829967
  Name: _75b
  POLUtils_Name: NPC
  Type: Simple NPC
  XYZR: -102.000, -14.900, 14.000, 0
  Mask: 00000111
        |  0  1  2  3  4  5  6  7  8  9  A  B  C  D  E  F      | 0123456789ABCDEF
    -----------------------------------------------------  ----------------------
      0 | 0E 20 0C 00 4F 10 10 01 4F 00 07 00 00 00 CC C2    0 | . ..O...O.......
      1 | 66 66 6E C1 00 00 60 41 01 00 00 00 32 32 64 08    1 | ffn...`A....22d.
      2 | 00 03 18 00 00 00 00 00 A0 00 00 00 00 00 00 00    2 | ................
      3 | 02 00 00 00 5F 37 35 62 00 00 00 00 00 00 00 00    3 | ...._75b........

NPC ID: 17830012
  Name: Pudith
  POLUtils_Name: Pudith
  Type: Simple NPC
  XYZR: -109.533, -0.150, 56.939, 192
  Mask: 00001111
        |  0  1  2  3  4  5  6  7  8  9  A  B  C  D  E  F      | 0123456789ABCDEF
    -----------------------------------------------------  ----------------------
      0 | 0E 20 19 00 7C 10 10 01 7C 00 0F C0 E5 10 DB C2    0 | . ..|...|.......
      1 | 9A 99 19 BE 89 C1 63 42 15 00 00 00 32 32 64 00    1 | ......cB....22d.
      2 | 00 1B 00 00 00 00 00 20 00 00 00 00 00 00 00 00    2 | ....... ........
      3 | 00 00 6A 03 50 75 64 69 74 68 00 00 00 00 00 00    3 | ..j.Pudith......

NPC ID: 17830175
  Name: CraggyBluff
  POLUtils_Name: Craggy Bluff
  Type: Simple NPC
  XYZR: -95.610, -0.650, 22.032, 93
  Mask: 00001111
        |  0  1  2  3  4  5  6  7  8  9  A  B  C  D  E  F      | 0123456789ABCDEF
    -----------------------------------------------------  ----------------------
      0 | 0E 22 21 00 1F 11 10 01 1F 01 0F 5D 52 38 BF C2    0 | ."!........]R8..
      1 | 66 66 26 BF 89 41 B0 41 01 00 00 00 32 32 64 00    1 | ff&..A.A....22d.
      2 | 00 1B 00 00 00 00 00 20 20 00 03 00 00 00 00 00    2 | .......  .......
      3 | 00 00 A0 0A 43 72 61 67 67 79 42 6C 75 66 66 00    3 | ....CraggyBluff.
      4 | 00 00 00 00 -- -- -- -- -- -- -- -- -- -- -- --    4 | ....------------

NPC ID: 17830004
  Name: Dimmian
  POLUtils_Name: Dimmian
  Type: Equipped NPC
  XYZR: -131.106, 0.149, 63.057, 129
  Mask: 01010111
        |  0  1  2  3  4  5  6  7  8  9  A  B  C  D  E  F      | 0123456789ABCDEF
    -----------------------------------------------------  ----------------------
      0 | 0E 28 25 00 74 10 10 01 74 00 57 81 23 1B 03 C3    0 | .(%.t...t.W.#...
      1 | 75 93 18 3E 5E 3A 7C 42 15 00 00 00 32 32 64 00    1 | u..>^:|B....22d.
      2 | 00 1B 00 00 00 00 00 20 20 00 01 00 00 00 00 00    2 | .......  .......
      3 | 01 00 0D 01 77 10 83 20 02 30 84 40 89 50 00 60    3 | ....w.. .0.@.P.`
      4 | 00 70 00 00 00 00 00 00 00 00 00 00 00 00 00 00    4 | .p..............

NPC ID: 17829946
  Name: Civil Registrar
  POLUtils_Name: Civil Registrar
  Type: Equipped NPC
  XYZR: -102.938, -0.650, 20.734, 64
  Mask: 01010111
        |  0  1  2  3  4  5  6  7  8  9  A  B  C  D  E  F      | 0123456789ABCDEF
    -----------------------------------------------------  ----------------------
      0 | 0E 2C 25 00 3A 10 10 01 3A 00 57 40 42 E0 CD C2    0 | .,%.:...:.W@B...
      1 | 66 66 26 BF 3B DF A5 41 08 00 00 00 32 32 64 00    1 | ff&.;..A....22d.
      2 | 00 03 00 00 00 00 00 00 00 00 01 00 00 00 00 00    2 | ................
      3 | 01 00 0A 01 56 11 56 21 40 31 56 41 EF 50 00 60    3 | ....V.V!@1VA.P.`
      4 | 00 70 00 00 00 00 00 00 00 00 00 00 00 00 00 00    4 | .p..............
      5 | 00 00 00 00 00 00 00 00 -- -- -- -- -- -- -- --    5 | ........--------

NPC ID: 17830070
  Name: Corpo-Vorpo
  POLUtils_Name: Corpo-Vorpo
  Type: Equipped NPC
  XYZR: -108.738, -0.649, 21.742, 38
  Mask: 01010111
        |  0  1  2  3  4  5  6  7  8  9  A  B  C  D  E  F      | 0123456789ABCDEF
    -----------------------------------------------------  ----------------------
      0 | 0E 2A 27 00 B6 10 10 01 B6 00 57 26 DB 79 D9 C2    0 | .*'.......W&.y..
      1 | DD 24 26 BF 9E EF AD 41 08 00 00 00 32 32 64 00    1 | .$&....A....22d.
      2 | 00 1B 00 00 00 00 00 20 00 00 00 00 00 00 00 00    2 | ....... ........
      3 | 01 00 04 05 56 11 56 21 40 31 56 41 EF 50 00 60    3 | ....V.V!@1VA.P.`
      4 | 00 70 00 00 00 00 00 00 00 00 00 00 00 00 00 00    4 | .p..............
      5 | 00 00 00 00 -- -- -- -- -- -- -- -- -- -- -- --    5 | ....------------

NPC ID: 17829944
  Name: Task Delegator
  POLUtils_Name: Task Delegator
  Type: Equipped NPC
  XYZR: -113.550, -0.691, 21.595, 64
  Mask: 01010111
        |  0  1  2  3  4  5  6  7  8  9  A  B  C  D  E  F      | 0123456789ABCDEF
    -----------------------------------------------------  ----------------------
      0 | 0E 2C 29 00 38 10 10 01 38 00 57 40 9A 19 E3 C2    0 | .,).8...8.W@....
      1 | 60 E5 30 BF 8F C2 AC 41 15 00 00 00 32 32 64 00    1 | `.0....A....22d.
      2 | 00 03 00 00 00 00 00 00 20 00 01 00 00 00 00 00    2 | ........ .......
      3 | 01 00 0A 08 56 11 56 21 40 31 56 41 EF 50 00 60    3 | ....V.V!@1VA.P.`
      4 | 00 70 00 00 00 00 00 00 00 00 00 00 00 00 00 00    4 | .p..............
      5 | 00 00 00 00 00 00 00 00 -- -- -- -- -- -- -- --    5 | ........--------

NPC ID: 17830174
  Name: Vesca
  POLUtils_Name: Vesca
  Type: Equipped NPC
  XYZR: -94.148, -0.650, 17.097, 126
  Mask: 01010111
        |  0  1  2  3  4  5  6  7  8  9  A  B  C  D  E  F      | 0123456789ABCDEF
    -----------------------------------------------------  ----------------------
      0 | 0E 28 2A 00 1E 11 10 01 1E 01 57 7E C7 4B BC C2    0 | .(*.......W~.K..
      1 | 66 66 26 BF A8 C6 88 41 08 00 00 00 32 32 64 00    1 | ff&....A....22d.
      2 | 00 1B 00 00 00 00 00 20 20 00 00 00 00 00 00 00    2 | .......  .......
      3 | 01 00 03 02 56 11 56 21 40 31 56 41 EF 50 00 60    3 | ....V.V!@1VA.P.`
      4 | 00 70 00 00 00 00 00 00 00 00 00 00 00 00 00 00    4 | .p..............

NPC ID: 17830177
  Name: Ujlei Zelekko
  POLUtils_Name: Ujlei Zelekko
  Type: Equipped NPC
  XYZR: -102.755, -0.650, 16.161, 112
  Mask: 01010111
        |  0  1  2  3  4  5  6  7  8  9  A  B  C  D  E  F      | 0123456789ABCDEF
    -----------------------------------------------------  ----------------------
      0 | 0E 2A 2E 00 21 11 10 01 21 01 57 70 8F 82 CD C2    0 | .*..!...!.Wp....
      1 | 66 66 26 BF BA 49 81 41 0E 00 00 00 32 32 64 00    1 | ff&..I.A....22d.
      2 | 00 1B 00 00 00 00 00 20 00 00 00 00 00 00 00 00    2 | ....... ........
      3 | 01 00 07 07 43 11 56 21 40 31 56 41 43 51 00 60    3 | ....C.V!@1VACQ.`
      4 | 00 70 00 00 00 00 00 00 00 00 00 00 00 00 00 00    4 | .p..............
      5 | 00 00 00 00 -- -- -- -- -- -- -- -- -- -- -- --    5 | ....------------

NPC ID: 17830176
  Name: Reffen-Geppen
  POLUtils_Name: Reffen-Geppen
  Type: Equipped NPC
  XYZR: -115.390, -0.650, 16.708, 0
  Mask: 01010111
        |  0  1  2  3  4  5  6  7  8  9  A  B  C  D  E  F      | 0123456789ABCDEF
    -----------------------------------------------------  ----------------------
      0 | 0E 2C 2F 00 20 11 10 01 20 01 57 00 AE C7 E6 C2    0 | .,/. ... .W.....
      1 | 66 66 26 BF FC A9 85 41 15 00 00 00 32 32 64 00    1 | ff&....A....22d.
      2 | 02 1B 00 00 00 00 00 20 20 00 00 00 00 00 00 00    2 | .......  .......
      3 | 01 00 01 05 56 11 56 21 41 30 56 41 48 51 00 60    3 | ....V.V!A0VAHQ.`
      4 | 00 70 00 00 00 00 00 00 00 00 00 00 00 00 00 00    4 | .p..............
      5 | 00 00 00 00 00 00 00 00 -- -- -- -- -- -- -- --    5 | ........--------

NPC ID: 17829970
  Name: _75e
  POLUtils_Name: NPC
  Type: Simple NPC
  XYZR: -102.000, -9.728, 14.000, 0
  Mask: 00000111
        |  0  1  2  3  4  5  6  7  8  9  A  B  C  D  E  F      | 0123456789ABCDEF
    -----------------------------------------------------  ----------------------
      0 | 0E 20 2F 00 52 10 10 01 52 00 07 00 00 00 CC C2    0 | . /.R...R.......
      1 | E3 A5 1B C1 00 00 60 41 01 00 00 00 32 32 64 08    1 | ......`A....22d.
      2 | 00 03 18 00 00 00 00 00 A0 00 00 00 00 00 00 00    2 | ................
      3 | 02 00 00 00 5F 37 35 65 00 00 00 00 00 00 00 00    3 | ...._75e........

NPC ID: 17829969
  Name: _75d
  POLUtils_Name: NPC
  Type: Simple NPC
  XYZR: -102.000, -13.191, 14.000, 0
  Mask: 00000111
        |  0  1  2  3  4  5  6  7  8  9  A  B  C  D  E  F      | 0123456789ABCDEF
    -----------------------------------------------------  ----------------------
      0 | 0E 20 2F 00 51 10 10 01 51 00 07 00 00 00 CC C2    0 | . /.Q...Q.......
      1 | 56 0E 53 C1 00 00 60 41 01 00 00 00 32 32 64 08    1 | V.S...`A....22d.
      2 | 00 03 18 00 00 00 00 00 A0 00 00 00 00 00 00 00    2 | ................
      3 | 02 00 00 00 5F 37 35 64 00 00 00 00 00 00 00 00    3 | ...._75d........

NPC ID: 17829966
  Name: _75a
  POLUtils_Name: NPC
  Type: Simple NPC
  XYZR: -102.000, -3.200, 14.000, 0
  Mask: 00000111
        |  0  1  2  3  4  5  6  7  8  9  A  B  C  D  E  F      | 0123456789ABCDEF
    -----------------------------------------------------  ----------------------
      0 | 0E 20 2F 00 4E 10 10 01 4E 00 07 00 00 00 CC C2    0 | . /.N...N.......
      1 | CD CC 4C C0 00 00 60 41 01 00 00 00 32 32 64 08    1 | ..L...`A....22d.
      2 | 00 03 18 00 00 00 00 00 A0 00 00 00 00 00 00 00    2 | ................
      3 | 02 00 00 00 5F 37 35 61 00 00 00 00 00 00 00 00    3 | ...._75a........

NPC ID: 17829965
  Name: _759
  POLUtils_Name: NPC
  Type: Simple NPC
  XYZR: -102.000, -5.225, 14.000, 0
  Mask: 00000111
        |  0  1  2  3  4  5  6  7  8  9  A  B  C  D  E  F      | 0123456789ABCDEF
    -----------------------------------------------------  ----------------------
      0 | 0E 20 2F 00 4D 10 10 01 4D 00 07 00 00 00 CC C2    0 | . /.M...M.......
      1 | 33 33 A7 C0 00 00 60 41 01 00 00 00 32 32 64 08    1 | 33....`A....22d.
      2 | 00 03 18 00 00 00 00 00 A0 00 00 00 00 00 00 00    2 | ................
      3 | 02 00 00 00 5F 37 35 39 00 00 00 00 00 00 00 00    3 | ...._759........

NPC ID: 17830100
  Name: Garembert
  POLUtils_Name: Garembert
  Type: Equipped NPC
  XYZR: -112.528, -0.650, 7.333, 0
  Mask: 01010111
        |  0  1  2  3  4  5  6  7  8  9  A  B  C  D  E  F      | 0123456789ABCDEF
    -----------------------------------------------------  ----------------------
      0 | 0E 2A 35 00 D4 10 10 01 D4 00 57 00 56 0E E1 C2    0 | .*5.......W.V...
      1 | 66 66 26 BF F0 A7 EA 40 15 00 00 00 32 32 64 00    1 | ff&....@....22d.
      2 | 00 1B 00 00 00 00 00 20 00 00 00 00 00 00 00 00    2 | ....... ........
      3 | 01 00 08 03 56 11 56 21 40 31 44 41 EF 50 00 60    3 | ....V.V!@1DA.P.`
      4 | 00 70 00 00 00 00 00 00 00 00 00 00 00 00 00 00    4 | .p..............
      5 | 00 00 00 00 -- -- -- -- -- -- -- -- -- -- -- --    5 | ....------------

NPC ID: 17829964
  Name: _758
  POLUtils_Name: NPC
  Type: Simple NPC
  XYZR: -86.054, -6.350, 14.000, 0
  Mask: 00000111
        |  0  1  2  3  4  5  6  7  8  9  A  B  C  D  E  F      | 0123456789ABCDEF
    -----------------------------------------------------  ----------------------
      0 | 0E 20 39 00 4C 10 10 01 4C 00 07 00 A6 1B AC C2    0 | . 9.L...L.......
      1 | 33 33 CB C0 00 00 60 41 01 00 00 00 32 32 64 08    1 | 33....`A....22d.
      2 | 00 03 18 00 00 00 00 00 A0 00 00 00 00 00 00 00    2 | ................
      3 | 02 00 00 00 5F 37 35 38 00 00 00 00 00 00 00 00    3 | ...._758........

NPC ID: 17830099
  Name: Fostaig
  POLUtils_Name: Fostaig
  Type: Equipped NPC
  XYZR: -84.806, -0.150, 14.079, 0
  Mask: 01010111
        |  0  1  2  3  4  5  6  7  8  9  A  B  C  D  E  F      | 0123456789ABCDEF
    -----------------------------------------------------  ----------------------
      0 | 0E 28 3A 00 D3 10 10 01 D3 00 57 00 AC 9C A9 C2    0 | .(:.......W.....
      1 | 9A 99 19 BE 96 43 61 41 01 00 00 00 32 32 64 00    1 | .....CaA....22d.
      2 | 00 1B 00 00 00 00 00 20 00 00 01 00 00 00 00 00    2 | ....... ........
      3 | 01 00 06 01 56 11 56 21 40 31 56 41 EF 50 00 60    3 | ....V.V!@1VA.P.`
      4 | 00 70 00 00 00 00 00 00 00 00 00 00 00 00 00 00    4 | .p..............

NPC ID: 17830112
  Name: Malgrom
  POLUtils_Name: Malgrom
  Type: Equipped NPC
  XYZR: -131.978, 0.000, -5.342, 238
  Mask: 01010111
        |  0  1  2  3  4  5  6  7  8  9  A  B  C  D  E  F      | 0123456789ABCDEF
    -----------------------------------------------------  ----------------------
      0 | 0E 28 3E 00 E0 10 10 01 E0 00 57 EE 5E FA 03 C3    0 | .(>.......W.^...
      1 | 00 00 00 00 AA F1 AA C0 07 00 00 00 32 32 64 00    1 | ............22d.
      2 | 00 1B 00 00 00 00 00 20 00 00 01 00 00 00 00 00    2 | ....... ........
      3 | 01 00 0B 08 00 10 15 20 00 30 12 40 13 50 00 60    3 | ....... .0.@.P.`
      4 | 00 70 00 00 00 00 00 00 00 00 00 00 00 00 00 00    4 | .p..............

NPC ID: 17830093
  Name: Vastran
  POLUtils_Name: Vastran
  Type: Equipped NPC
  XYZR: -118.930, -0.150, -8.813, 115
  Mask: 01010111
        |  0  1  2  3  4  5  6  7  8  9  A  B  C  D  E  F      | 0123456789ABCDEF
    -----------------------------------------------------  ----------------------
      0 | 0E 28 3F 00 CD 10 10 01 CD 00 57 73 29 DC ED C2    0 | .(?.......Ws)...
      1 | 9A 99 19 BE 0C 02 0D C1 0E 00 00 00 32 32 64 00    1 | ............22d.
      2 | 00 1B 00 00 00 00 00 20 00 00 01 00 00 00 00 00    2 | ....... ........
      3 | 01 00 02 01 56 11 56 21 40 31 56 41 EF 50 00 60    3 | ....V.V!@1VA.P.`
      4 | 00 70 00 00 00 00 00 00 00 00 00 00 00 00 00 00    4 | .p..............

NPC ID: 17830014
  Name: Waypoint
  POLUtils_Name: Waypoint
  Type: Simple NPC
  XYZR: -101.274, -0.150, -9.726, 0
  Mask: 00001111
        |  0  1  2  3  4  5  6  7  8  9  A  B  C  D  E  F      | 0123456789ABCDEF
    -----------------------------------------------------  ----------------------
      0 | 0E 20 41 00 7E 10 10 01 7E 00 0F 00 4A 8C CA C2    0 | . A.~...~...J...
      1 | 9A 99 19 BE B2 9D 1B C1 01 80 00 00 32 32 64 00    1 | ............22d.
      2 | 00 03 00 00 00 00 00 02 20 00 00 20 00 00 00 00    2 | ........ .. ....
      3 | 00 00 74 09 57 61 79 70 6F 69 6E 74 00 00 00 00    3 | ..t.Waypoint....

NPC ID: 17830010
  Name: Sharuru
  POLUtils_Name: Sharuru
  Type: Equipped NPC
  XYZR: -99.870, -0.150, -9.866, 128
  Mask: 01010111
        |  0  1  2  3  4  5  6  7  8  9  A  B  C  D  E  F      | 0123456789ABCDEF
    -----------------------------------------------------  ----------------------
      0 | 0E 28 41 00 7A 10 10 01 7A 00 57 80 71 BD C7 C2    0 | .(A.z...z.W.q...
      1 | 9A 99 19 BE 23 DB 1D C1 08 00 00 00 32 32 64 00    1 | ....#.......22d.
      2 | 00 1B 00 00 00 00 00 20 00 00 01 00 00 00 00 00    2 | ....... ........
      3 | 01 00 04 06 00 10 17 20 00 30 02 40 02 50 00 60    3 | ....... .0.@.P.`
      4 | 00 70 00 00 00 00 00 00 00 00 00 00 00 00 00 00    4 | .p..............

NPC ID: 17830092
  Name: Huss
  POLUtils_Name: Huss
  Type: Simple NPC
  XYZR: -134.619, 0.000, -17.626, 128
  Mask: 00001111
        |  0  1  2  3  4  5  6  7  8  9  A  B  C  D  E  F      | 0123456789ABCDEF
    -----------------------------------------------------  ----------------------
      0 | 0E 1E 44 00 CC 10 10 01 CC 00 0F 80 77 9E 06 C3    0 | ..D.........w...
      1 | 00 00 00 00 0C 02 8D C1 E4 02 00 00 28 32 64 00    1 | ............(2d.
      2 | 00 1B 00 40 00 00 00 20 00 00 00 00 00 00 00 00    2 | ...@... ........
      3 | 00 00 72 00 48 75 73 73 00 00 00 00 -- -- -- --    3 | ..r.Huss....----

NPC ID: 17829948
  Name: GLD_BUILD_MASTE
  POLUtils_Name: GLD_BUILD_MASTER
  Type: Simple NPC
  XYZR: -108.000, -0.500, -20.000, 0
  Mask: 00001111
        |  0  1  2  3  4  5  6  7  8  9  A  B  C  D  E  F      | 0123456789ABCDEF
    -----------------------------------------------------  ----------------------
      0 | 0E 24 45 00 3C 10 10 01 3C 00 0F 00 00 00 D8 C2    0 | .$E.<...<.......
      1 | 00 00 00 BF 00 00 A0 C1 01 00 00 00 32 32 64 00    1 | ............22d.
      2 | 02 03 08 00 00 00 00 00 00 00 00 00 00 00 00 00    2 | ................
      3 | 00 00 32 00 47 4C 44 5F 42 55 49 4C 44 5F 4D 41    3 | ..2.GLD_BUILD_MA
      4 | 53 54 45 00 00 00 00 00 -- -- -- -- -- -- -- --    4 | STE.....--------

NPC ID: 17830111
  Name: Bernegeois
  POLUtils_Name: Bernegeois
  Type: Equipped NPC
  XYZR: -70.618, -0.150, -5.839, 121
  Mask: 01010111
        |  0  1  2  3  4  5  6  7  8  9  A  B  C  D  E  F      | 0123456789ABCDEF
    -----------------------------------------------------  ----------------------
      0 | 0E 2A 58 00 DF 10 10 01 DF 00 57 79 6A 3C 8D C2    0 | .*X.......Wyj<..
      1 | 9A 99 19 BE 17 D9 BA C0 08 00 00 00 32 32 64 00    1 | ............22d.
      2 | 00 1B 00 00 00 00 00 20 00 00 01 00 00 00 00 00    2 | ....... ........
      3 | 01 00 02 03 00 10 E6 20 E6 30 E6 40 E6 50 00 60    3 | ....... .0.@.P.`
      4 | 00 70 00 00 00 00 00 00 00 00 00 00 00 00 00 00    4 | .p..............
      5 | 00 00 00 00 -- -- -- -- -- -- -- -- -- -- -- --    5 | ....------------

NPC ID: 17830184
  Name: Inthius
  POLUtils_Name: Inthius
  Type: Equipped NPC
  XYZR: -97.145, 0.000, -36.711, 193
  Mask: 01010111
        |  0  1  2  3  4  5  6  7  8  9  A  B  C  D  E  F      | 0123456789ABCDEF
    -----------------------------------------------------  ----------------------
      0 | 0E 28 59 00 28 11 10 01 28 01 57 C1 3D 4A C2 C2    0 | .(Y.(...(.W.=J..
      1 | 00 00 00 00 10 D8 12 C2 15 00 00 00 32 32 64 00    1 | ............22d.
      2 | 00 1B 00 00 00 00 00 20 00 00 01 00 00 00 00 00    2 | ....... ........
      3 | 01 00 08 01 00 10 60 20 00 30 58 41 39 50 00 60    3 | ......` .0XA9P.`
      4 | 00 70 00 00 00 00 00 00 00 00 00 00 00 00 00 00    4 | .p..............

NPC ID: 17829945
  Name: Task Delegator
  POLUtils_Name: Task Delegator
  Type: Equipped NPC
  XYZR: -113.242, -0.697, -46.434, 64
  Mask: 01010111
        |  0  1  2  3  4  5  6  7  8  9  A  B  C  D  E  F      | 0123456789ABCDEF
    -----------------------------------------------------  ----------------------
      0 | 0E 2C 5B 00 39 10 10 01 39 00 57 40 E7 7B E2 C2    0 | .,[.9...9.W@.{..
      1 | 98 6E 32 BF 6A BC 39 C2 0E 00 00 00 32 32 64 00    1 | .n2.j.9.....22d.
      2 | 00 03 00 00 00 00 00 00 20 00 01 00 00 00 00 00    2 | ........ .......
      3 | 01 00 0A 02 00 10 58 21 00 30 58 41 39 50 00 60    3 | ......X!.0XA9P.`
      4 | 00 70 00 00 00 00 00 00 00 00 00 00 00 00 00 00    4 | .p..............
      5 | 00 00 00 00 00 00 00 00 -- -- -- -- -- -- -- --    5 | ........--------

NPC ID: 17830182
  Name: Xavinien
  POLUtils_Name: Xavinien
  Type: Equipped NPC
  XYZR: -101.866, -0.650, -47.283, 64
  Mask: 01010111
        |  0  1  2  3  4  5  6  7  8  9  A  B  C  D  E  F      | 0123456789ABCDEF
    -----------------------------------------------------  ----------------------
      0 | 0E 28 5C 00 26 11 10 01 26 01 57 40 64 BB CB C2    0 | .(\\.&...&.W@d...
      1 | 66 66 26 BF CB 21 3D C2 08 00 00 00 32 32 64 00    1 | ff&..!=.....22d.
      2 | 00 1B 00 00 00 00 00 20 00 00 00 00 00 00 00 00    2 | ....... ........
      3 | 01 00 08 03 00 10 58 21 00 30 58 41 39 50 00 60    3 | ......X!.0XA9P.`
      4 | 00 70 00 00 00 00 00 00 00 00 00 00 00 00 00 00    4 | .p..............

NPC ID: 17830088
  Name: ???
  POLUtils_Name: ???
  Type: Simple NPC
  XYZR: -101.200, -1.200, -45.300, 0
  Mask: 00001111
        |  0  1  2  3  4  5  6  7  8  9  A  B  C  D  E  F      | 0123456789ABCDEF
    -----------------------------------------------------  ----------------------
      0 | 0E 1E 5C 00 C8 10 10 01 C8 00 0F 00 66 66 CA C2    0 | ..\\.........ff..
      1 | 9A 99 99 BF 33 33 35 C2 01 80 00 00 32 32 64 00    1 | ....335.....22d.
      2 | 00 19 00 00 00 00 00 20 00 00 00 60 00 00 00 00    2 | ....... ...`....
      3 | 00 00 EC 0A 3F 3F 3F 00 00 00 00 00 -- -- -- --    3 | ....???.....----

NPC ID: 17830097
  Name: Ndah Tolohjin
  POLUtils_Name: Ndah Tolohjin
  Type: Equipped NPC
  XYZR: -86.808, 0.000, -36.867, 6
  Mask: 01010111
        |  0  1  2  3  4  5  6  7  8  9  A  B  C  D  E  F      | 0123456789ABCDEF
    -----------------------------------------------------  ----------------------
      0 | 0E 2A 5C 00 D1 10 10 01 D1 00 57 06 B2 9D AD C2    0 | .*\\.......W.....
      1 | 00 00 00 00 CF 77 13 C2 0E 00 00 00 32 32 64 00    1 | .....w......22d.
      2 | 00 1B 00 00 00 00 00 20 00 00 01 00 00 00 00 00    2 | ....... ........
      3 | 01 00 0D 07 77 10 58 21 00 30 58 41 39 50 00 60    3 | ....w.X!.0XA9P.`
      4 | 00 70 00 00 00 00 00 00 00 00 00 00 00 00 00 00    4 | .p..............
      5 | 00 00 00 00 -- -- -- -- -- -- -- -- -- -- -- --    5 | ....------------

NPC ID: 17829947
  Name: Civil Registrar
  POLUtils_Name: Civil Registrar
  Type: Equipped NPC
  XYZR: -105.990, -0.650, -46.294, 18
  Mask: 01010111
        |  0  1  2  3  4  5  6  7  8  9  A  B  C  D  E  F      | 0123456789ABCDEF
    -----------------------------------------------------  ----------------------
      0 | 0E 2C 5C 00 3B 10 10 01 3B 00 57 12 E1 FA D3 C2    0 | .,\\.;...;.W.....
      1 | 66 66 26 BF 0E 2D 39 C2 01 00 00 00 32 32 64 00    1 | ff&..-9.....22d.
      2 | 00 03 00 00 00 00 00 00 00 00 01 00 00 00 00 00    2 | ................
      3 | 01 00 0A 06 00 10 58 21 00 30 58 41 39 50 00 60    3 | ......X!.0XA9P.`
      4 | 00 70 00 00 00 00 00 00 00 00 00 00 00 00 00 00    4 | .p..............
      5 | 00 00 00 00 00 00 00 00 -- -- -- -- -- -- -- --    5 | ........--------

NPC ID: 17830181
  Name: Chamulele
  POLUtils_Name: Chamulele
  Type: Equipped NPC
  XYZR: -115.217, -0.650, -51.381, 0
  Mask: 01010111
        |  0  1  2  3  4  5  6  7  8  9  A  B  C  D  E  F      | 0123456789ABCDEF
    -----------------------------------------------------  ----------------------
      0 | 0E 2A 5D 00 25 11 10 01 25 01 57 00 1B 6F E6 C2    0 | .*].%...%.W..o..
      1 | 66 66 26 BF 25 86 4D C2 0E 00 00 00 32 32 64 00    1 | ff&.%.M.....22d.
      2 | 00 1B 00 00 00 00 00 20 00 00 00 00 00 00 00 00    2 | ....... ........
      3 | 01 00 08 06 12 10 58 21 00 30 58 41 51 51 00 60    3 | ......X!.0XAQQ.`
      4 | 00 70 00 00 00 00 00 00 00 00 00 00 00 00 00 00    4 | .p..............
      5 | 00 00 00 00 -- -- -- -- -- -- -- -- -- -- -- --    5 | ....------------

NPC ID: 17830178
  Name: Sifa Alani
  POLUtils_Name: Sifa Alani
  Type: Equipped NPC
  XYZR: -103.834, -0.650, -50.226, 192
  Mask: 01010111
        |  0  1  2  3  4  5  6  7  8  9  A  B  C  D  E  F      | 0123456789ABCDEF
    -----------------------------------------------------  ----------------------
      0 | 0E 2A 5D 00 22 11 10 01 22 01 57 C0 02 AB CF C2    0 | .*]."...".W.....
      1 | 66 66 26 BF 6D E7 48 C2 08 00 00 00 32 32 64 00    1 | ff&.m.H.....22d.
      2 | 00 1B 00 00 00 00 00 20 00 00 00 00 00 00 00 00    2 | ....... ........
      3 | 01 00 00 07 00 10 60 20 00 30 58 41 39 50 00 60    3 | ......` .0XA9P.`
      4 | 00 70 00 00 00 00 00 00 00 00 00 00 00 00 00 00    4 | .p..............
      5 | 00 00 00 00 -- -- -- -- -- -- -- -- -- -- -- --    5 | ....------------

NPC ID: 17830069
  Name: Audibert
  POLUtils_Name: Audibert
  Type: Equipped NPC
  XYZR: -97.142, -0.649, -46.111, 194
  Mask: 01010111
        |  0  1  2  3  4  5  6  7  8  9  A  B  C  D  E  F      | 0123456789ABCDEF
    -----------------------------------------------------  ----------------------
      0 | 0E 28 5D 00 B5 10 10 01 B5 00 57 C2 B4 48 C2 C2    0 | .(].......W..H..
      1 | DD 24 26 BF AA 71 38 C2 0E 00 00 00 32 32 64 00    1 | .$&..q8.....22d.
      2 | 00 1B 00 00 00 00 00 20 00 00 01 00 00 00 00 00    2 | ....... ........
      3 | 01 00 06 03 00 10 58 21 00 30 58 41 39 50 00 60    3 | ......X!.0XA9P.`
      4 | 00 70 00 00 00 00 00 00 00 00 00 00 00 00 00 00    4 | .p..............

NPC ID: 17830180
  Name: Soppopo
  POLUtils_Name: Soppopo
  Type: Equipped NPC
  XYZR: -94.280, -0.650, -47.820, 126
  Mask: 01010111
        |  0  1  2  3  4  5  6  7  8  9  A  B  C  D  E  F      | 0123456789ABCDEF
    -----------------------------------------------------  ----------------------
      0 | 0E 28 5E 00 24 11 10 01 24 01 57 7E 5C 8F BC C2    0 | .(^.$...$.W~\\...
      1 | 66 66 26 BF AE 47 3F C2 15 00 00 00 32 32 64 00    1 | ff&..G?.....22d.
      2 | 00 1B 00 00 00 00 00 20 00 00 00 00 00 00 00 00    2 | ....... ........
      3 | 01 00 08 06 B5 10 58 21 57 31 58 41 52 51 00 60    3 | ......X!W1XARQ.`
      4 | 00 70 00 00 00 00 00 00 00 00 00 00 00 00 00 00    4 | .p..............

NPC ID: 17830096
  Name: Alphonserme
  POLUtils_Name: Alphonserme
  Type: Equipped NPC
  XYZR: -66.946, -0.150, -5.284, 112
  Mask: 01010111
        |  0  1  2  3  4  5  6  7  8  9  A  B  C  D  E  F      | 0123456789ABCDEF
    -----------------------------------------------------  ----------------------
      0 | 0E 2A 5F 00 D0 10 10 01 D0 00 57 70 5A E4 85 C2    0 | .*_.......WpZ...
      1 | 9A 99 19 BE 87 16 A9 C0 15 00 00 00 32 32 64 00    1 | ............22d.
      2 | 00 1B 00 00 00 00 00 20 00 00 01 00 00 00 00 00    2 | ....... ........
      3 | 01 00 0F 03 00 10 3D 20 3D 30 3D 40 3D 50 00 60    3 | ......= =0=@=P.`
      4 | 00 70 00 00 00 00 00 00 00 00 00 00 00 00 00 00    4 | .p..............
      5 | 00 00 00 00 -- -- -- -- -- -- -- -- -- -- -- --    5 | ....------------

NPC ID: 17830110
  Name: Stavalian
  POLUtils_Name: Stavalian
  Type: Equipped NPC
  XYZR: -66.027, -0.075, -16.735, 106
  Mask: 01010111
        |  0  1  2  3  4  5  6  7  8  9  A  B  C  D  E  F      | 0123456789ABCDEF
    -----------------------------------------------------  ----------------------
      0 | 0E 2A 5F 00 DE 10 10 01 DE 00 57 6A D3 0D 84 C2    0 | .*_.......Wj....
      1 | 9A 99 99 BD 48 E1 85 C1 08 00 00 00 32 32 64 2F    1 | ....H.......22d/
      2 | 00 1B 00 00 00 00 00 20 00 00 00 00 00 00 00 00    2 | ....... ........
      3 | 01 00 0B 01 73 10 5B 21 00 30 5B 41 5B 51 00 60    3 | ....s.[!.0[A[Q.`
      4 | 00 70 00 00 00 00 00 00 00 00 00 00 00 00 00 00    4 | .p..............
      5 | 00 00 00 00 -- -- -- -- -- -- -- -- -- -- -- --    5 | ....------------

NPC ID: 17830109
  Name: Jampiaire
  POLUtils_Name: Jampiaire
  Type: Equipped NPC
  XYZR: -65.432, 0.000, 1.230, 64
  Mask: 01010111
        |  0  1  2  3  4  5  6  7  8  9  A  B  C  D  E  F      | 0123456789ABCDEF
    -----------------------------------------------------  ----------------------
      0 | 0E 2A 5F 00 DD 10 10 01 DD 00 57 40 2F DD 82 C2    0 | .*_.......W@/...
      1 | 00 00 00 00 A4 70 9D 3F 0E 00 00 00 32 32 64 00    1 | .....p.?....22d.
      2 | 00 1B 00 00 00 00 00 20 00 00 01 00 00 00 00 00    2 | ....... ........
      3 | 01 00 0E 03 00 10 EB 20 EB 30 EB 40 EB 50 00 60    3 | ....... .0.@.P.`
      4 | 00 70 00 00 00 00 00 00 00 00 00 00 00 00 00 00    4 | .p..............
      5 | 00 00 00 00 -- -- -- -- -- -- -- -- -- -- -- --    5 | ....------------

NPC ID: 17830094
  Name: Irate Destrier
  POLUtils_Name: Irate Destrier
  Type: Equipped NPC
  XYZR: -72.986, -0.150, -34.960, 192
  Mask: 01010111
        |  0  1  2  3  4  5  6  7  8  9  A  B  C  D  E  F      | 0123456789ABCDEF
    -----------------------------------------------------  ----------------------
      0 | 0E 2C 60 00 CE 10 10 01 CE 00 57 C0 D5 F8 91 C2    0 | .,`.......W.....
      1 | 9A 99 19 BE 0A D7 0B C2 08 00 00 00 32 32 64 00    1 | ............22d.
      2 | 00 1B 00 00 00 00 00 20 00 00 01 00 00 00 00 00    2 | ....... ........
      3 | 01 00 03 08 56 11 56 21 40 31 56 41 EF 50 00 60    3 | ....V.V!@1VA.P.`
      4 | 00 70 00 00 00 00 00 00 00 00 00 00 00 00 00 00    4 | .p..............
      5 | 00 00 00 00 00 00 00 00 -- -- -- -- -- -- -- --    5 | ........--------

NPC ID: 17830028
  Name: Iyvah Halohm
  POLUtils_Name: Iyvah Halohm
  Type: Equipped NPC
  XYZR: -61.044, -0.150, -5.239, 31
  Mask: 01010111
        |  0  1  2  3  4  5  6  7  8  9  A  B  C  D  E  F      | 0123456789ABCDEF
    -----------------------------------------------------  ----------------------
      0 | 0E 2A 61 00 8C 10 10 01 8C 00 57 1F 0E 2D 74 C2    0 | .*a.......W..-t.
      1 | 9A 99 19 BE E3 A5 A7 C0 15 00 00 00 32 32 64 00    1 | ............22d.
      2 | 00 1B 00 00 00 00 00 20 00 00 00 00 00 00 00 00    2 | ....... ........
      3 | 01 00 0A 07 00 10 E1 20 E1 30 5C 41 5C 51 00 60    3 | ....... .0\\A\\Q.`
      4 | 00 70 00 00 00 00 00 00 00 00 00 00 00 00 00 00    4 | .p..............
      5 | 00 00 00 00 -- -- -- -- -- -- -- -- -- -- -- --    5 | ....------------

NPC ID: 17830013
  Name: Yocile
  POLUtils_Name: Yocile
  Type: Equipped NPC
  XYZR: -62.721, 0.000, 0.930, 64
  Mask: 01010111
        |  0  1  2  3  4  5  6  7  8  9  A  B  C  D  E  F      | 0123456789ABCDEF
    -----------------------------------------------------  ----------------------
      0 | 0E 28 61 00 7D 10 10 01 7D 00 57 40 4E E2 7A C2    0 | .(a.}...}.W@N.z.
      1 | 00 00 00 00 7B 14 6E 3F 0E 00 00 00 32 32 64 00    1 | ....{.n?....22d.
      2 | 00 1B 00 00 00 00 00 20 00 00 00 00 00 00 00 00    2 | ....... ........
      3 | 01 00 01 02 00 10 7C 20 00 30 0A 40 0A 50 00 60    3 | ......| .0.@.P.`
      4 | 00 70 00 00 00 00 00 00 00 00 00 00 00 00 00 00    4 | .p..............

NPC ID: 17830188
  Name: Oston
  POLUtils_Name: Oston
  Type: Simple NPC
  XYZR: -53.000, 0.000, -6.000, 0
  Mask: 00001111
        |  0  1  2  3  4  5  6  7  8  9  A  B  C  D  E  F      | 0123456789ABCDEF
    -----------------------------------------------------  ----------------------
      0 | 0E 20 65 00 2C 11 10 01 2C 01 0F 00 00 00 54 C2    0 | . e.,...,.....T.
      1 | 00 00 00 00 00 00 C0 C0 15 00 00 00 32 32 64 00    1 | ............22d.
      2 | 00 1B 00 00 00 00 00 20 20 00 00 00 00 00 00 00    2 | .......  .......
      3 | 00 00 5D 00 4F 73 74 6F 6E 00 00 00 00 00 00 00    3 | ..].Oston.......

NPC ID: 17830189
  Name: Lola
  POLUtils_Name: Lola
  Type: Simple NPC
  XYZR: -51.000, 0.000, -6.000, 128
  Mask: 00001111
        |  0  1  2  3  4  5  6  7  8  9  A  B  C  D  E  F      | 0123456789ABCDEF
    -----------------------------------------------------  ----------------------
      0 | 0E 1E 66 00 2D 11 10 01 2D 01 0F 80 00 00 4C C2    0 | ..f.-...-.....L.
      1 | 00 00 00 00 00 00 C0 C0 0E 00 00 00 32 32 64 00    1 | ............22d.
      2 | 00 1B 00 00 00 00 00 20 20 00 00 00 00 00 00 00    2 | .......  .......
      3 | 00 00 57 03 4C 6F 6C 61 00 00 00 00 -- -- -- --    3 | ..W.Lola....----

NPC ID: 17830095
  Name: Celine
  POLUtils_Name: Celine
  Type: Simple NPC
  XYZR: -57.552, -0.075, -23.152, 224
  Mask: 00001111
        |  0  1  2  3  4  5  6  7  8  9  A  B  C  D  E  F      | 0123456789ABCDEF
    -----------------------------------------------------  ----------------------
      0 | 0E 20 66 00 CF 10 10 01 CF 00 0F E0 3F 35 66 C2    0 | . f.........?5f.
      1 | 9A 99 99 BD 4C 37 B9 C1 01 00 00 00 32 32 64 00    1 | ....L7......22d.
      2 | 00 1B 00 00 00 00 00 20 00 00 00 00 00 00 00 00    2 | ....... ........
      3 | 00 00 6B 00 43 65 6C 69 6E 65 00 00 00 00 00 00    3 | ..k.Celine......

NPC ID: 17830016
  Name: Waypoint
  POLUtils_Name: Waypoint
  Type: Simple NPC
  XYZR: -46.838, -0.075, -13.767, 0
  Mask: 00001111
        |  0  1  2  3  4  5  6  7  8  9  A  B  C  D  E  F      | 0123456789ABCDEF
    -----------------------------------------------------  ----------------------
      0 | 0E 20 99 00 80 10 10 01 80 00 0F 00 1D 5A 3B C2    0 | . ...........Z;.
      1 | 9A 99 99 BD A2 45 5C C1 01 80 00 00 32 32 64 00    1 | .....E\\.....22d.
      2 | 00 03 00 00 00 00 00 02 20 00 00 20 00 00 00 00    2 | ........ .. ....
      3 | 00 00 74 09 57 61 79 70 6F 69 6E 74 00 00 00 00    3 | ..t.Waypoint....

NPC ID: 17830098
  Name: Jozhud
  POLUtils_Name: Jozhud
  Type: Simple NPC
  XYZR: -63.951, -0.150, -42.629, 192
  Mask: 00001111
        |  0  1  2  3  4  5  6  7  8  9  A  B  C  D  E  F      | 0123456789ABCDEF
    -----------------------------------------------------  ----------------------
      0 | 0E 20 9B 00 D2 10 10 01 D2 00 0F C0 D3 CD 7F C2    0 | . ..............
      1 | 9A 99 19 BE 19 84 2A C2 08 00 00 00 32 32 64 00    1 | ......*.....22d.
      2 | 00 1B 00 00 00 00 00 20 00 00 00 00 00 00 00 00    2 | ....... ........
      3 | 00 00 B5 00 4A 6F 7A 68 75 64 00 00 00 00 00 00    3 | ....Jozhud......

NPC ID: 17830085
  Name: Finnigor
  POLUtils_Name: Finnigor
  Type: Simple NPC
  XYZR: -51.923, -0.150, -37.988, 125
  Mask: 00001111
        |  0  1  2  3  4  5  6  7  8  9  A  B  C  D  E  F      | 0123456789ABCDEF
    -----------------------------------------------------  ----------------------
      0 | 0E 20 93 05 C5 10 10 01 C5 00 0F 7D 27 B1 4F C2    0 | . .........}'.O.
      1 | 9A 99 19 BE B6 F3 17 C2 0E 00 00 00 32 32 64 00    1 | ............22d.
      2 | 00 1B 00 00 00 00 00 20 00 00 00 00 00 00 00 00    2 | ....... ........
      3 | 00 00 51 03 46 69 6E 6E 69 67 6F 72 00 00 00 00    3 | ..Q.Finnigor....

NPC ID: 17830086
  Name: Wegellion
  POLUtils_Name: Wegellion
  Type: Equipped NPC
  XYZR: -94.478, -0.650, -51.173, 137
  Mask: 01010111
        |  0  1  2  3  4  5  6  7  8  9  A  B  C  D  E  F      | 0123456789ABCDEF
    -----------------------------------------------------  ----------------------
      0 | 0E 2A 95 05 C6 10 10 01 C6 00 57 89 BC F4 BC C2    0 | .*........W.....
      1 | 66 66 26 BF 27 B1 4C C2 08 00 00 00 32 32 64 00    1 | ff&.'.L.....22d.
      2 | 00 1B 00 00 00 00 00 20 00 00 01 00 00 00 00 00    2 | ....... ........
      3 | 01 00 0C 01 00 10 58 21 00 30 58 41 39 50 00 60    3 | ......X!.0XA9P.`
      4 | 00 70 00 00 00 00 00 00 00 00 00 00 00 00 00 00    4 | .p..............
      5 | 00 00 00 00 -- -- -- -- -- -- -- -- -- -- -- --    5 | ....------------

NPC ID: 17830089
  Name: ???
  POLUtils_Name: ???
  Type: Simple NPC
  XYZR: -96.575, -0.720, -52.600, 0
  Mask: 00001111
        |  0  1  2  3  4  5  6  7  8  9  A  B  C  D  E  F      | 0123456789ABCDEF
    -----------------------------------------------------  ----------------------
      0 | 0E 1E 96 05 C9 10 10 01 C9 00 0F 00 66 26 C1 C2    0 | ............f&..
      1 | EC 51 38 BF 66 66 52 C2 01 80 00 00 32 32 64 00    1 | .Q8.ffR.....22d.
      2 | 00 19 00 00 00 00 00 20 00 00 00 60 00 00 00 00    2 | ....... ...`....
      3 | 00 00 EC 0A 3F 3F 3F 00 00 00 00 00 -- -- -- --    3 | ....???.....----

NPC ID: 17830087
  Name: Palomel
  POLUtils_Name: Palomel
  Type: Equipped NPC
  XYZR: -73.618, -0.650, -53.546, 200
  Mask: 01010111
        |  0  1  2  3  4  5  6  7  8  9  A  B  C  D  E  F      | 0123456789ABCDEF
    -----------------------------------------------------  ----------------------
      0 | 0E 28 96 05 C7 10 10 01 C7 00 57 C8 6A 3C 93 C2    0 | .(........W.j<..
      1 | 66 66 26 BF 1B 2F 56 C2 01 00 00 00 32 32 64 00    1 | ff&../V.....22d.
      2 | 00 1B 00 00 00 00 00 20 00 00 01 00 00 00 00 00    2 | ....... ........
      3 | 01 00 07 02 00 10 58 21 00 30 58 41 39 50 00 60    3 | ......X!.0XA9P.`
      4 | 00 70 00 00 00 00 00 00 00 00 00 00 00 00 00 00    4 | .p..............

NPC ID: 17830083
  Name: blank
  POLUtils_Name:      
  Type: Decoration
  XYZR: -38.350, -2.000, -27.130, 0
  Mask: 00001111
        |  0  1  2  3  4  5  6  7  8  9  A  B  C  D  E  F      | 0123456789ABCDEF
    -----------------------------------------------------  ----------------------
      0 | 0E 1C 96 05 C3 10 10 01 C3 00 0F 00 66 66 19 C2    0 | ............ff..
      1 | 00 00 00 C0 3D 0A D9 C1 00 80 00 00 32 32 64 00    1 | ....=.......22d.
      2 | 06 19 08 00 00 00 00 22 00 00 00 40 00 00 00 00    2 | ......."...@....
      3 | 00 00 EC 0A 00 00 00 00 -- -- -- -- -- -- -- --    3 | ........--------

NPC ID: 17829956
  Name: _750
  POLUtils_Name: NPC
  Type: Simple NPC
  XYZR: -86.054, -6.350, -54.000, 0
  Mask: 00000111
        |  0  1  2  3  4  5  6  7  8  9  A  B  C  D  E  F      | 0123456789ABCDEF
    -----------------------------------------------------  ----------------------
      0 | 0E 20 96 05 44 10 10 01 44 00 07 00 A6 1B AC C2    0 | . ..D...D.......
      1 | 33 33 CB C0 00 00 58 C2 01 00 00 00 32 32 64 08    1 | 33....X.....22d.
      2 | 00 03 18 00 00 00 00 00 20 00 00 00 00 00 00 00    2 | ........ .......
      3 | 02 00 00 00 5F 37 35 30 00 00 00 00 00 00 00 00    3 | ...._750........

NPC ID: 17829961
  Name: _755
  POLUtils_Name: NPC
  Type: Simple NPC
  XYZR: -102.000, -13.191, -54.000, 0
  Mask: 00000111
        |  0  1  2  3  4  5  6  7  8  9  A  B  C  D  E  F      | 0123456789ABCDEF
    -----------------------------------------------------  ----------------------
      0 | 0E 20 97 05 49 10 10 01 49 00 07 00 00 00 CC C2    0 | . ..I...I.......
      1 | 56 0E 53 C1 00 00 58 C2 01 00 00 00 32 32 64 08    1 | V.S...X.....22d.
      2 | 00 03 18 00 00 00 00 00 20 00 00 00 00 00 00 00    2 | ........ .......
      3 | 02 00 00 00 5F 37 35 35 00 00 00 00 00 00 00 00    3 | ...._755........

NPC ID: 17829962
  Name: _756
  POLUtils_Name: NPC
  Type: Simple NPC
  XYZR: -102.000, -9.728, -54.000, 0
  Mask: 00000111
        |  0  1  2  3  4  5  6  7  8  9  A  B  C  D  E  F      | 0123456789ABCDEF
    -----------------------------------------------------  ----------------------
      0 | 0E 20 97 05 4A 10 10 01 4A 00 07 00 00 00 CC C2    0 | . ..J...J.......
      1 | E3 A5 1B C1 00 00 58 C2 01 00 00 00 32 32 64 08    1 | ......X.....22d.
      2 | 00 03 18 00 00 00 00 00 A0 00 00 00 00 00 00 00    2 | ................
      3 | 02 00 00 00 5F 37 35 36 00 00 00 00 00 00 00 00    3 | ...._756........

NPC ID: 17829958
  Name: _752
  POLUtils_Name: NPC
  Type: Simple NPC
  XYZR: -102.000, -3.200, -54.000, 0
  Mask: 00000111
        |  0  1  2  3  4  5  6  7  8  9  A  B  C  D  E  F      | 0123456789ABCDEF
    -----------------------------------------------------  ----------------------
      0 | 0E 20 97 05 46 10 10 01 46 00 07 00 00 00 CC C2    0 | . ..F...F.......
      1 | CD CC 4C C0 00 00 58 C2 01 00 00 00 32 32 64 08    1 | ..L...X.....22d.
      2 | 00 03 18 00 00 00 00 00 20 00 00 00 00 00 00 00    2 | ........ .......
      3 | 02 00 00 00 5F 37 35 32 00 00 00 00 00 00 00 00    3 | ...._752........

NPC ID: 17829957
  Name: _751
  POLUtils_Name: NPC
  Type: Simple NPC
  XYZR: -102.000, -5.225, -54.000, 0
  Mask: 00000111
        |  0  1  2  3  4  5  6  7  8  9  A  B  C  D  E  F      | 0123456789ABCDEF
    -----------------------------------------------------  ----------------------
      0 | 0E 20 97 05 45 10 10 01 45 00 07 00 00 00 CC C2    0 | . ..E...E.......
      1 | 33 33 A7 C0 00 00 58 C2 01 00 00 00 32 32 64 08    1 | 33....X.....22d.
      2 | 00 03 18 00 00 00 00 00 20 00 00 00 00 00 00 00    2 | ........ .......
      3 | 02 00 00 00 5F 37 35 31 00 00 00 00 00 00 00 00    3 | ...._751........

NPC ID: 17830082
  Name: Roskin
  POLUtils_Name: Roskin
  Type: Equipped NPC
  XYZR: -34.950, -0.150, -25.140, 56
  Mask: 01010111
        |  0  1  2  3  4  5  6  7  8  9  A  B  C  D  E  F      | 0123456789ABCDEF
    -----------------------------------------------------  ----------------------
      0 | 0E 28 98 05 C2 10 10 01 C2 00 57 38 CD CC 0B C2    0 | .(........W8....
      1 | 9A 99 19 BE B8 1E C9 C1 08 00 00 00 32 32 64 00    1 | ............22d.
      2 | 00 1B 00 00 00 00 00 20 00 00 00 00 00 00 00 00    2 | ....... ........
      3 | 01 00 07 01 77 10 73 20 00 30 18 40 73 50 00 60    3 | ....w.s .0.@sP.`
      4 | 00 70 00 00 00 00 00 00 00 00 00 00 00 00 00 00    4 | .p..............

NPC ID: 17830027
  Name: Door:Boarding
  POLUtils_Name: Door: Boarding House
  Type: Simple NPC
  XYZR: -38.944, -1.950, -37.994, 246
  Mask: 00001111
        |  0  1  2  3  4  5  6  7  8  9  A  B  C  D  E  F      | 0123456789ABCDEF
    -----------------------------------------------------  ----------------------
      0 | 0E 24 9A 05 8B 10 10 01 8B 00 0F F6 A8 C6 1B C2    0 | .$..............
      1 | 9A 99 F9 BF DB F9 17 C2 01 80 00 00 32 32 64 00    1 | ............22d.
      2 | 00 03 02 00 00 00 00 00 00 00 08 00 00 00 00 00    2 | ................
      3 | 00 00 34 00 44 6F 6F 72 3A 42 6F 61 72 64 69 6E    3 | ..4.Door:Boardin
      4 | 67 00 00 00 00 00 00 00 -- -- -- -- -- -- -- --    4 | g.......--------

NPC ID: 17830179
  Name: Fariska Lokhmi
  POLUtils_Name: Fariska Lokhmi
  Type: Equipped NPC
  XYZR: -84.674, -0.150, -63.838, 0
  Mask: 01010111
        |  0  1  2  3  4  5  6  7  8  9  A  B  C  D  E  F      | 0123456789ABCDEF
    -----------------------------------------------------  ----------------------
      0 | 0E 2C 9B 05 23 11 10 01 23 01 57 00 17 59 A9 C2    0 | .,..#...#.W..Y..
      1 | 9A 99 19 BE 1D 5A 7F C2 01 00 00 00 32 32 64 00    1 | .....Z......22d.
      2 | 00 1B 00 00 00 00 00 20 00 00 00 00 00 00 00 00    2 | ....... ........
      3 | 01 00 0B 07 00 10 60 20 00 30 58 41 52 51 00 60    3 | ......` .0XARQ.`
      4 | 00 70 00 00 00 00 00 00 00 00 00 00 00 00 00 00    4 | .p..............
      5 | 00 00 00 00 00 00 00 00 -- -- -- -- -- -- -- --    5 | ........--------

NPC ID: 17830015
  Name: Waypoint
  POLUtils_Name: Waypoint
  Type: Simple NPC
  XYZR: -76.944, -0.150, -63.926, 0
  Mask: 00001111
        |  0  1  2  3  4  5  6  7  8  9  A  B  C  D  E  F      | 0123456789ABCDEF
    -----------------------------------------------------  ----------------------
      0 | 0E 20 9B 05 7F 10 10 01 7F 00 0F 00 54 E3 99 C2    0 | . ..........T...
      1 | 9A 99 19 BE 39 B4 7F C2 01 80 00 00 32 32 64 00    1 | ....9.......22d.
      2 | 00 03 00 00 00 00 00 02 20 00 00 20 00 00 00 00    2 | ........ .. ....
      3 | 00 00 74 09 57 61 79 70 6F 69 6E 74 00 00 00 00    3 | ..t.Waypoint....

NPC ID: 17830183
  Name: Patient Snake
  POLUtils_Name: Patient Snake
  Type: Equipped NPC
  XYZR: -112.582, -0.650, -60.637, 243
  Mask: 01010111
        |  0  1  2  3  4  5  6  7  8  9  A  B  C  D  E  F      | 0123456789ABCDEF
    -----------------------------------------------------  ----------------------
      0 | 0E 2A 9E 05 27 11 10 01 27 01 57 F3 FC 29 E1 C2    0 | .*..'...'.W..)..
      1 | 66 66 26 BF 4A 8C 72 C2 01 00 00 00 32 32 64 00    1 | ff&.J.r.....22d.
      2 | 00 1B 00 00 00 00 00 20 00 00 00 00 00 00 00 00    2 | ....... ........
      3 | 01 00 08 08 00 10 60 20 00 30 58 41 39 50 00 60    3 | ......` .0XA9P.`
      4 | 00 70 00 00 00 00 00 00 00 00 00 00 00 00 00 00    4 | .p..............
      5 | 00 00 00 00 -- -- -- -- -- -- -- -- -- -- -- --    5 | ....------------

NPC ID: 17830101
  Name: Eppel-Treppel
  POLUtils_Name: Eppel-Treppel
  Type: Equipped NPC
  XYZR: -90.922, -2.650, -80.891, 224
  Mask: 01010111
        |  0  1  2  3  4  5  6  7  8  9  A  B  C  D  E  F      | 0123456789ABCDEF
    -----------------------------------------------------  ----------------------
      0 | 0E 2C A2 05 D5 10 10 01 D5 00 57 E0 10 D8 B5 C2    0 | .,........W.....
      1 | 9A 99 29 C0 31 C8 A1 C2 0E 00 00 00 32 32 64 00    1 | ..).1.......22d.
      2 | 00 1B 00 00 00 00 00 20 00 00 00 00 00 00 00 00    2 | ....... ........
      3 | 01 00 0E 05 56 11 56 21 40 31 56 41 EF 50 00 60    3 | ....V.V!@1VA.P.`
      4 | 00 70 00 00 00 00 00 00 00 00 00 00 00 00 00 00    4 | .p..............
      5 | 00 00 00 00 00 00 00 00 -- -- -- -- -- -- -- --    5 | ........--------

NPC ID: 17830150
  Name: Estelle
  POLUtils_Name: Estelle
  Type: Equipped NPC
  XYZR: -118.922, -0.148, -64.022, 128
  Mask: 01010111
        |  0  1  2  3  4  5  6  7  8  9  A  B  C  D  E  F      | 0123456789ABCDEF
    -----------------------------------------------------  ----------------------
      0 | 0E 28 A2 05 06 11 10 01 06 01 57 80 10 D8 ED C2    0 | .(........W.....
      1 | 50 8D 17 BE 44 0B 80 C2 08 00 00 00 32 32 64 00    1 | P...D.......22d.
      2 | 00 1B 00 00 00 00 00 20 00 00 00 00 00 00 00 00    2 | ....... ........
      3 | 01 00 0B 02 77 10 58 21 00 30 AB 40 39 50 00 60    3 | ....w.X!.0.@9P.`
      4 | 00 70 00 00 00 00 00 00 00 00 00 00 00 00 00 00    4 | .p..............

NPC ID: 17830190
  Name: Anomaly Expert
  POLUtils_Name: Anomaly Expert
  Type: Equipped NPC
  XYZR: -87.000, 0.000, -83.000, 234
  Mask: 01010111
        |  0  1  2  3  4  5  6  7  8  9  A  B  C  D  E  F      | 0123456789ABCDEF
    -----------------------------------------------------  ----------------------
      0 | 0E 2C A3 05 2E 11 10 01 2E 01 57 EA 00 00 AE C2    0 | .,........W.....
      1 | 00 00 00 00 00 00 A6 C2 08 00 00 00 32 32 64 00    1 | ............22d.
      2 | 00 1B 06 00 00 00 00 20 00 00 08 00 00 00 00 00    2 | ....... ........
      3 | 01 00 1E 07 57 11 40 21 00 30 57 41 60 50 00 60    3 | ....W.@!.0WA`P.`
      4 | 00 70 00 00 00 00 00 00 00 00 00 00 00 00 00 00    4 | .p..............
      5 | 00 00 00 00 00 00 00 00 -- -- -- -- -- -- -- --    5 | ........--------

NPC ID: 17829972
  Name: _75g
  POLUtils_Name: NPC
  Type: Simple NPC
  XYZR: -92.102, -4.189, -82.102, 0
  Mask: 00000111
        |  0  1  2  3  4  5  6  7  8  9  A  B  C  D  E  F      | 0123456789ABCDEF
    -----------------------------------------------------  ----------------------
      0 | 0E 20 A3 05 54 10 10 01 54 00 07 00 39 34 B8 C2    0 | . ..T...T...94..
      1 | 4A 0C 86 C0 39 34 A4 C2 01 00 00 00 32 32 64 09    1 | J...94......22d.
      2 | 02 03 18 00 00 00 00 00 20 00 00 00 00 00 00 00    2 | ........ .......
      3 | 02 00 00 00 5F 37 35 67 00 00 00 00 00 00 00 00    3 | ...._75g........

NPC ID: 17830186
  Name: Winrix
  POLUtils_Name: Winrix
  Type: Simple NPC
  XYZR: -84.330, -0.150, -94.930, 192
  Mask: 00001111
        |  0  1  2  3  4  5  6  7  8  9  A  B  C  D  E  F      | 0123456789ABCDEF
    -----------------------------------------------------  ----------------------
      0 | 0E 20 A8 05 2A 11 10 01 2A 01 0F C0 F6 A8 A8 C2    0 | . ..*...*.......
      1 | 9A 99 19 BE 29 DC BD C2 08 80 00 00 32 32 64 00    1 | ....).......22d.
      2 | 00 1B 00 00 00 00 00 20 20 00 00 00 00 00 00 00    2 | .......  .......
      3 | 00 00 55 00 57 69 6E 72 69 78 00 00 00 00 00 00    3 | ..U.Winrix......

NPC ID: 17830187
  Name: TreasureCoffer
  POLUtils_Name: Treasure Coffer
  Type: Simple NPC
  XYZR: -83.140, -0.150, -94.930, 192
  Mask: 00001111
        |  0  1  2  3  4  5  6  7  8  9  A  B  C  D  E  F      | 0123456789ABCDEF
    -----------------------------------------------------  ----------------------
      0 | 0E 24 A8 05 2B 11 10 01 2B 01 0F C0 AE 47 A6 C2    0 | .$..+...+....G..
      1 | 9A 99 19 BE 29 DC BD C2 01 00 00 00 32 32 64 00    1 | ....).......22d.
      2 | 00 03 08 00 00 00 00 00 00 00 04 24 00 00 00 00    2 | ...........$....
      3 | 00 00 C2 03 54 72 65 61 73 75 72 65 43 6F 66 66    3 | ....TreasureCoff
      4 | 65 72 00 00 00 00 00 00 -- -- -- -- -- -- -- --    4 | er......--------

NPC ID: 17830134
  Name: DIRECTORbyyae
  POLUtils_Name: DIRECTOR by yaeko
  Type: Simple NPC
  XYZR: -99.560, -0.002, -104.327, 224
  Mask: 00001111
        |  0  1  2  3  4  5  6  7  8  9  A  B  C  D  E  F      | 0123456789ABCDEF
    -----------------------------------------------------  ----------------------
      0 | 0E 24 AE 05 F6 10 10 01 F6 00 0F E0 B8 1E C7 C2    0 | .$..............
      1 | 6F 12 03 BB 6D A7 D0 C2 00 00 00 00 32 32 64 00    1 | o...m.......22d.
      2 | 06 03 00 00 00 00 00 00 00 00 01 00 00 00 00 00    2 | ................
      3 | 00 00 32 00 44 49 52 45 43 54 4F 52 62 79 79 61    3 | ..2.DIRECTORbyya
      4 | 65 00 00 00 00 00 00 00 -- -- -- -- -- -- -- --    4 | e.......--------

NPC ID: 17830091
  Name: Boffin
  POLUtils_Name: Boffin
  Type: Equipped NPC
  XYZR: -157.635, 0.000, -35.379, 192
  Mask: 01010111
        |  0  1  2  3  4  5  6  7  8  9  A  B  C  D  E  F      | 0123456789ABCDEF
    -----------------------------------------------------  ----------------------
      0 | 0E 28 BC 05 CB 10 10 01 CB 00 57 C0 8F A2 1D C3    0 | .(........W.....
      1 | 00 00 00 00 19 84 0D C2 01 00 00 00 32 32 64 00    1 | ............22d.
      2 | 00 1B 00 00 00 00 00 20 00 00 01 00 00 00 00 00    2 | ....... ........
      3 | 01 00 05 01 00 10 08 20 08 30 08 40 08 50 00 60    3 | ....... .0.@.P.`
      4 | 00 70 00 00 00 00 00 00 00 00 00 00 00 00 00 00    4 | .p..............

NPC ID: 17830019
  Name: Waypoint
  POLUtils_Name: Waypoint
  Type: Simple NPC
  XYZR: -42.065, -0.150, -88.979, 0
  Mask: 00001111
        |  0  1  2  3  4  5  6  7  8  9  A  B  C  D  E  F      | 0123456789ABCDEF
    -----------------------------------------------------  ----------------------
      0 | 0E 20 D3 06 83 10 10 01 83 00 0F 00 8F 42 28 C2    0 | . ...........B(.
      1 | 9A 99 19 BE 3F F5 B1 C2 01 80 00 00 32 32 64 00    1 | ....?.......22d.
      2 | 00 03 00 00 00 00 00 02 20 00 00 20 00 00 00 00    2 | ........ .. ....
      3 | 00 00 74 09 57 61 79 70 6F 69 6E 74 00 00 00 00    3 | ..t.Waypoint....

NPC ID: 17829976
  Name: HomePoint#2
  POLUtils_Name: Home Point #2
  Type: Simple NPC
  XYZR: -51.500, -0.150, -96.500, 96
  Mask: 00001111
        |  0  1  2  3  4  5  6  7  8  9  A  B  C  D  E  F      | 0123456789ABCDEF
    -----------------------------------------------------  ----------------------
      0 | 0E 22 D3 06 58 10 10 01 58 00 0F 60 00 00 4E C2    0 | ."..X...X..`..N.
      1 | 9A 99 19 BE 00 00 C1 C2 01 00 00 00 32 32 64 00    1 | ............22d.
      2 | 00 03 00 00 00 00 00 00 00 00 00 00 00 00 00 00    2 | ................
      3 | 00 00 33 00 48 6F 6D 65 50 6F 69 6E 74 23 32 00    3 | ..3.HomePoint#2.
      4 | 00 00 00 00 -- -- -- -- -- -- -- -- -- -- -- --    4 | ....------------

NPC ID: 17830032
  Name: Arciela
  POLUtils_Name: Arciela
  Type: Simple NPC
  XYZR: -14.500, 0.000, -29.000, 0
  Mask: 00001111
        |  0  1  2  3  4  5  6  7  8  9  A  B  C  D  E  F      | 0123456789ABCDEF
    -----------------------------------------------------  ----------------------
      0 | 0E 20 72 00 90 10 10 01 90 00 0F 00 00 00 68 C1    0 | . r...........h.
      1 | 00 00 00 00 00 00 E8 C1 00 00 00 00 32 32 64 00    1 | ............22d.
      2 | 06 1B 00 00 00 00 00 20 00 00 05 04 00 00 00 00    2 | ....... ........
      3 | 00 00 8C 0A 41 72 63 69 65 6C 61 00 00 00 00 00    3 | ....Arciela.....

NPC ID: 17830031
  Name: Arciela
  POLUtils_Name: Arciela
  Type: Simple NPC
  XYZR: -14.500, 0.000, -29.000, 0
  Mask: 00001111
        |  0  1  2  3  4  5  6  7  8  9  A  B  C  D  E  F      | 0123456789ABCDEF
    -----------------------------------------------------  ----------------------
      0 | 0E 20 72 00 8F 10 10 01 8F 00 0F 00 00 00 68 C1    0 | . r...........h.
      1 | 00 00 00 00 00 00 E8 C1 00 00 00 00 32 32 64 00    1 | ............22d.
      2 | 06 1B 00 00 00 00 00 20 00 00 05 04 00 00 00 00    2 | ....... ........
      3 | 00 00 8C 0A 41 72 63 69 65 6C 61 00 00 00 00 00    3 | ....Arciela.....

