NPC ID: 17253105
  Name: blank
  POLUtils_Name:      
  Type: Decoration
  XYZR: -135.416, -12.156, -525.296, 200
  Mask: 00001111
        |  0  1  2  3  4  5  6  7  8  9  A  B  C  D  E  F      | 0123456789ABCDEF
    -----------------------------------------------------  ----------------------
      0 | 0E 1C 0B 00 F1 42 07 01 F1 02 0F C8 7F 6A 07 C3    0 | .....B.......j..
      1 | FA 7E 42 C1 F2 52 03 C4 01 80 01 00 32 32 64 00    1 | .~B..R......22d.
      2 | 00 1B 08 00 00 00 00 20 A0 00 00 00 00 00 00 00    2 | ....... ........
      3 | 00 00 47 01 00 00 00 00 -- -- -- -- -- -- -- --    3 | ..G.....--------

NPC ID: 17252370
  Name: TinyMandragora
  POLUtils_Name: Tiny Mandragora
  Type: Simple NPC
  XYZR: -46.184, -5.167, -419.292, 246
  Mask: 00001111
        |  0  1  2  3  4  5  6  7  8  9  A  B  C  D  E  F      | 0123456789ABCDEF
    -----------------------------------------------------  ----------------------
      0 | 0E 24 0B 00 12 40 07 01 12 00 0F F6 6A BC 38 C2    0 | .$...@......j.8.
      1 | 10 58 A5 C0 60 A5 D1 C3 53 03 00 00 28 28 64 00    1 | .X..`...S...((d.
      2 | 01 81 02 00 00 06 00 00 00 00 08 00 00 00 00 00    2 | ................
      3 | 00 00 2C 01 54 69 6E 79 4D 61 6E 64 72 61 67 6F    3 | ..,.TinyMandrago
      4 | 72 61 00 00 00 00 00 00 -- -- -- -- -- -- -- --    4 | ra......--------

NPC ID: 17252375
  Name: Bumblebee
  POLUtils_Name: Bumblebee
  Type: Simple NPC
  XYZR: -76.984, -3.747, -415.893, 5
  Mask: 00001111
        |  0  1  2  3  4  5  6  7  8  9  A  B  C  D  E  F      | 0123456789ABCDEF
    -----------------------------------------------------  ----------------------
      0 | 0E 22 0B 00 17 40 07 01 17 00 0F 05 CF F7 99 C2    0 | ."...@..........
      1 | D9 CE 6F C0 4E F2 CF C3 FD 01 00 00 28 28 64 00    1 | ..o.N.......((d.
      2 | 01 81 02 00 00 08 00 00 00 00 08 00 00 00 00 00    2 | ................
      3 | 00 00 11 01 42 75 6D 62 6C 65 62 65 65 00 00 00    3 | ....Bumblebee...
      4 | 00 00 00 00 -- -- -- -- -- -- -- -- -- -- -- --    4 | ....------------

NPC ID: 17252376
  Name: Bumblebee
  POLUtils_Name: Bumblebee
  Type: Simple NPC
  XYZR: -49.488, -5.084, -411.390, 105
  Mask: 00001111
        |  0  1  2  3  4  5  6  7  8  9  A  B  C  D  E  F      | 0123456789ABCDEF
    -----------------------------------------------------  ----------------------
      0 | 0E 22 0B 00 18 40 07 01 18 00 0F 69 B6 F3 45 C2    0 | ."...@.....i..E.
      1 | 21 B0 A2 C0 EC B1 CD C3 AD 01 00 00 28 28 64 00    1 | !...........((d.
      2 | 01 81 02 00 00 08 00 00 00 00 08 00 00 00 00 00    2 | ................
      3 | 00 00 11 01 42 75 6D 62 6C 65 62 65 65 00 00 00    3 | ....Bumblebee...
      4 | 00 00 00 00 -- -- -- -- -- -- -- -- -- -- -- --    4 | ....------------

NPC ID: 17252371
  Name: TinyMandragora
  POLUtils_Name: Tiny Mandragora
  Type: Simple NPC
  XYZR: -81.989, -5.314, -427.246, 254
  Mask: 00001111
        |  0  1  2  3  4  5  6  7  8  9  A  B  C  D  E  F      | 0123456789ABCDEF
    -----------------------------------------------------  ----------------------
      0 | 0E 24 0B 00 13 40 07 01 13 00 0F FE 5E FA A3 C2    0 | .$...@......^...
      1 | 4A 0C AA C0 7D 9F D5 C3 88 03 00 00 28 28 64 00    1 | J...}.......((d.
      2 | 01 81 02 00 00 06 00 00 00 00 08 00 00 00 00 00    2 | ................
      3 | 00 00 2C 01 54 69 6E 79 4D 61 6E 64 72 61 67 6F    3 | ..,.TinyMandrago
      4 | 72 61 00 00 00 00 00 00 -- -- -- -- -- -- -- --    4 | ra......--------

NPC ID: 17252378
  Name: SavannaRarab
  POLUtils_Name: Savanna Rarab
  Type: Simple NPC
  XYZR: -43.829, -4.769, -448.118, 52
  Mask: 00001111
        |  0  1  2  3  4  5  6  7  8  9  A  B  C  D  E  F      | 0123456789ABCDEF
    -----------------------------------------------------  ----------------------
      0 | 0E 22 0B 00 1A 40 07 01 1A 00 0F 34 E5 50 2F C2    0 | ."...@.....4.P/.
      1 | A6 9B 98 C0 1B 0F E0 C3 F8 02 00 00 28 28 64 00    1 | ............((d.
      2 | 01 81 00 00 00 0B 00 00 00 00 00 00 00 00 00 00    2 | ................
      3 | 00 00 0D 01 53 61 76 61 6E 6E 61 52 61 72 61 62    3 | ....SavannaRarab
      4 | 00 00 00 00 -- -- -- -- -- -- -- -- -- -- -- --    4 | ....------------

NPC ID: 17252369
  Name: TinyMandragora
  POLUtils_Name: Tiny Mandragora
  Type: Simple NPC
  XYZR: -61.701, -5.123, -410.275, 5
  Mask: 00001111
        |  0  1  2  3  4  5  6  7  8  9  A  B  C  D  E  F      | 0123456789ABCDEF
    -----------------------------------------------------  ----------------------
      0 | 0E 24 0B 00 11 40 07 01 11 00 0F 05 D3 CD 76 C2    0 | .$...@........v.
      1 | 9E EF A3 C0 33 23 CD C3 59 02 00 00 28 28 64 00    1 | ....3#..Y...((d.
      2 | 01 81 02 00 00 06 00 00 00 00 08 00 00 00 00 00    2 | ................
      3 | 00 00 2C 01 54 69 6E 79 4D 61 6E 64 72 61 67 6F    3 | ..,.TinyMandrago
      4 | 72 61 00 00 00 00 00 00 -- -- -- -- -- -- -- --    4 | ra......--------

NPC ID: 17252403
  Name: YagudoInitiate
  POLUtils_Name: Yagudo Initiate
  Type: Simple NPC
  XYZR: -92.310, -4.880, -395.893, 92
  Mask: 00001111
        |  0  1  2  3  4  5  6  7  8  9  A  B  C  D  E  F      | 0123456789ABCDEF
    -----------------------------------------------------  ----------------------
      0 | 0E 24 0C 00 33 40 07 01 33 00 0F 5C B8 9E B8 C2    0 | .$..3@..3..\\....
      1 | F6 28 9C C0 4E F2 C5 C3 59 02 00 00 28 28 64 00    1 | .(..N...Y...((d.
      2 | 01 81 00 00 00 0C 00 00 00 00 00 00 00 00 00 00    2 | ................
      3 | 00 00 44 02 59 61 67 75 64 6F 49 6E 69 74 69 61    3 | ..D.YagudoInitia
      4 | 74 65 00 00 00 00 00 00 -- -- -- -- -- -- -- --    4 | te......--------

NPC ID: 17252377
  Name: SavannaRarab
  POLUtils_Name: Savanna Rarab
  Type: Simple NPC
  XYZR: -48.925, -5.052, -411.145, 103
  Mask: 00001111
        |  0  1  2  3  4  5  6  7  8  9  A  B  C  D  E  F      | 0123456789ABCDEF
    -----------------------------------------------------  ----------------------
      0 | 0E 22 0D 00 19 40 07 01 19 00 0F 67 33 B3 43 C2    0 | ."...@.....g3.C.
      1 | FC A9 A1 C0 8F 92 CD C3 6B 01 00 00 28 28 64 00    1 | ........k...((d.
      2 | 01 81 00 00 00 0B 00 00 00 00 00 00 00 00 00 00    2 | ................
      3 | 00 00 0D 01 53 61 76 61 6E 6E 61 52 61 72 61 62    3 | ....SavannaRarab
      4 | 00 00 00 00 -- -- -- -- -- -- -- -- -- -- -- --    4 | ....------------

NPC ID: 17253013
  Name: TreasureCasket
  POLUtils_Name: Treasure Casket
  Type: Simple NPC
  XYZR: -33.884, -4.926, -451.751, 139
  Mask: 00001111
        |  0  1  2  3  4  5  6  7  8  9  A  B  C  D  E  F      | 0123456789ABCDEF
    -----------------------------------------------------  ----------------------
      0 | 0E 24 11 00 95 42 07 01 95 02 0F 8B 37 89 07 C2    0 | .$...B......7...
      1 | CB A1 9D C0 21 E0 E1 C3 07 00 00 00 32 32 64 00    1 | ....!.......22d.
      2 | 02 03 08 00 00 00 00 00 00 00 04 0C 00 00 00 00    2 | ................
      3 | 00 00 C5 03 54 72 65 61 73 75 72 65 43 61 73 6B    3 | ....TreasureCask
      4 | 65 74 00 00 00 00 00 00 -- -- -- -- -- -- -- --    4 | et......--------

NPC ID: 17253075
  Name: FieldManual
  POLUtils_Name: Field Manual
  Type: Simple NPC
  XYZR: -400.403, -25.063, 608.558, 189
  Mask: 00001111
        |  0  1  2  3  4  5  6  7  8  9  A  B  C  D  E  F      | 0123456789ABCDEF
    -----------------------------------------------------  ----------------------
      0 | 0E 22 0A 00 D3 42 07 01 D3 02 0F BD 96 33 C8 C3    0 | ."...B.......3..
      1 | 06 81 C8 C1 B6 23 18 44 01 00 00 00 32 32 64 00    1 | .....#.D....22d.
      2 | 00 03 00 00 00 00 00 00 00 00 08 20 00 00 00 00    2 | ........... ....
      3 | 00 00 F2 08 46 69 65 6C 64 4D 61 6E 75 61 6C 00    3 | ....FieldManual.
      4 | 00 00 00 00 -- -- -- -- -- -- -- -- -- -- -- --    4 | ....------------

NPC ID: 17252720
  Name: GoblinWeaver
  POLUtils_Name: Goblin Weaver
  Type: Simple NPC
  XYZR: -355.334, -22.888, 540.941, 198
  Mask: 00001111
        |  0  1  2  3  4  5  6  7  8  9  A  B  C  D  E  F      | 0123456789ABCDEF
    -----------------------------------------------------  ----------------------
      0 | 0E 22 26 00 70 41 07 01 70 01 0F C6 C1 AA B1 C3    0 | ."&.pA..p.......
      1 | A0 1A B7 C1 39 3C 07 44 8C 01 00 00 28 28 64 00    1 | ....9<.D....((d.
      2 | 01 81 00 00 00 0A 00 00 00 00 00 00 00 00 00 00    2 | ................
      3 | 00 00 E9 01 47 6F 62 6C 69 6E 57 65 61 76 65 72    3 | ....GoblinWeaver
      4 | 00 00 00 00 -- -- -- -- -- -- -- -- -- -- -- --    4 | ....------------

NPC ID: 17252714
  Name: Mandragora
  POLUtils_Name: Mandragora
  Type: Simple NPC
  XYZR: -335.662, -21.398, 526.730, 146
  Mask: 00001111
        |  0  1  2  3  4  5  6  7  8  9  A  B  C  D  E  F      | 0123456789ABCDEF
    -----------------------------------------------------  ----------------------
      0 | 0E 22 34 00 6A 41 07 01 6A 01 0F 92 BC D4 A7 C3    0 | ."4.jA..j.......
      1 | 1B 2F AB C1 B8 AE 03 44 93 01 00 00 28 28 64 00    1 | ./.....D....((d.
      2 | 01 81 02 00 00 06 00 00 00 00 08 00 00 00 00 00    2 | ................
      3 | 00 00 2C 01 4D 61 6E 64 72 61 67 6F 72 61 00 00    3 | ..,.Mandragora..
      4 | 00 00 00 00 -- -- -- -- -- -- -- -- -- -- -- --    4 | ....------------

NPC ID: 17252719
  Name: GoblinFisher
  POLUtils_Name: Goblin Fisher
  Type: Simple NPC
  XYZR: -337.014, -21.415, 520.181, 43
  Mask: 00001111
        |  0  1  2  3  4  5  6  7  8  9  A  B  C  D  E  F      | 0123456789ABCDEF
    -----------------------------------------------------  ----------------------
      0 | 0E 22 36 00 6F 41 07 01 6F 01 0F 2B CB 81 A8 C3    0 | ."6.oA..o..+....
      1 | EC 51 AB C1 96 0B 02 44 37 01 00 00 28 28 64 00    1 | .Q.....D7...((d.
      2 | 01 81 00 00 00 0A 00 00 00 00 00 00 00 00 00 00    2 | ................
      3 | 00 00 EC 01 47 6F 62 6C 69 6E 46 69 73 68 65 72    3 | ....GoblinFisher
      4 | 00 00 00 00 -- -- -- -- -- -- -- -- -- -- -- --    4 | ....------------

NPC ID: 17252718
  Name: SavannaRarab
  POLUtils_Name: Savanna Rarab
  Type: Simple NPC
  XYZR: -329.836, -20.935, 514.758, 28
  Mask: 00001111
        |  0  1  2  3  4  5  6  7  8  9  A  B  C  D  E  F      | 0123456789ABCDEF
    -----------------------------------------------------  ----------------------
      0 | 0E 22 3A 00 6E 41 07 01 6E 01 0F 1C 02 EB A4 C3    0 | .":.nA..n.......
      1 | E1 7A A7 C1 83 B0 00 44 8B 01 00 00 28 28 64 00    1 | .z.....D....((d.
      2 | 01 81 00 00 00 0B 00 00 00 00 00 00 00 00 00 00    2 | ................
      3 | 00 00 0D 01 53 61 76 61 6E 6E 61 52 61 72 61 62    3 | ....SavannaRarab
      4 | 00 00 00 00 -- -- -- -- -- -- -- -- -- -- -- --    4 | ....------------

NPC ID: 17252712
  Name: Mandragora
  POLUtils_Name: Mandragora
  Type: Simple NPC
  XYZR: -319.810, -20.533, 509.204, 239
  Mask: 00001111
        |  0  1  2  3  4  5  6  7  8  9  A  B  C  D  E  F      | 0123456789ABCDEF
    -----------------------------------------------------  ----------------------
      0 | 0E 22 3F 00 68 41 07 01 68 01 0F EF AE E7 9F C3    0 | ."?.hA..h.......
      1 | 96 43 A4 C1 1D 9A FE 43 80 02 00 00 28 28 64 00    1 | .C.....C....((d.
      2 | 01 81 02 00 00 06 00 00 00 00 08 00 00 00 00 00    2 | ................
      3 | 00 00 2C 01 4D 61 6E 64 72 61 67 6F 72 61 00 00    3 | ..,.Mandragora..
      4 | 00 00 00 00 -- -- -- -- -- -- -- -- -- -- -- --    4 | ....------------

NPC ID: 17252716
  Name: Crawler
  POLUtils_Name: Crawler
  Type: Simple NPC
  XYZR: -308.652, -19.423, 522.213, 153
  Mask: 00001111
        |  0  1  2  3  4  5  6  7  8  9  A  B  C  D  E  F      | 0123456789ABCDEF
    -----------------------------------------------------  ----------------------
      0 | 0E 20 40 00 6C 41 07 01 6C 01 0F 99 75 53 9A C3    0 | . @.lA..l...uS..
      1 | 4E 62 9B C1 A2 8D 02 44 E2 01 00 00 28 28 64 00    1 | Nb.....D....((d.
      2 | 01 81 00 00 00 0C 00 00 00 00 00 00 00 00 00 00    2 | ................
      3 | 00 00 8C 01 43 72 61 77 6C 65 72 00 00 00 00 00    3 | ....Crawler.....

NPC ID: 17252715
  Name: Crawler
  POLUtils_Name: Crawler
  Type: Simple NPC
  XYZR: -342.857, -21.645, 486.610, 132
  Mask: 00001111
        |  0  1  2  3  4  5  6  7  8  9  A  B  C  D  E  F      | 0123456789ABCDEF
    -----------------------------------------------------  ----------------------
      0 | 0E 20 46 00 6B 41 07 01 6B 01 0F 84 B2 6D AB C3    0 | . F.kA..k....m..
      1 | F6 28 AD C1 14 4E F3 43 78 01 00 00 28 28 64 00    1 | .(...N.Cx...((d.
      2 | 01 81 00 00 00 0C 00 00 00 00 00 00 00 00 00 00    2 | ................
      3 | 00 00 8C 01 43 72 61 77 6C 65 72 00 00 00 00 00    3 | ....Crawler.....

NPC ID: 17252711
  Name: Mandragora
  POLUtils_Name: Mandragora
  Type: Simple NPC
  XYZR: -307.765, -19.531, 483.934, 126
  Mask: 00001111
        |  0  1  2  3  4  5  6  7  8  9  A  B  C  D  E  F      | 0123456789ABCDEF
    -----------------------------------------------------  ----------------------
      0 | 0E 22 4C 00 67 41 07 01 67 01 0F 7E EC E1 99 C3    0 | ."L.gA..g..~....
      1 | 7D 3F 9C C1 8D F7 F1 43 CC 00 00 00 28 28 64 00    1 | }?.....C....((d.
      2 | 01 81 02 00 00 06 00 00 00 00 08 00 00 00 00 00    2 | ................
      3 | 00 00 2C 01 4D 61 6E 64 72 61 67 6F 72 61 00 00    3 | ..,.Mandragora..
      4 | 00 00 00 00 -- -- -- -- -- -- -- -- -- -- -- --    4 | ....------------

NPC ID: 17252713
  Name: Mandragora
  POLUtils_Name: Mandragora
  Type: Simple NPC
  XYZR: -274.218, -16.961, 490.854, 28
  Mask: 00001111
        |  0  1  2  3  4  5  6  7  8  9  A  B  C  D  E  F      | 0123456789ABCDEF
    -----------------------------------------------------  ----------------------
      0 | 0E 22 57 00 69 41 07 01 69 01 0F 1C E7 1B 89 C3    0 | ."W.iA..i.......
      1 | 21 B0 87 C1 50 6D F5 43 65 02 00 00 28 28 64 00    1 | !...Pm.Ce...((d.
      2 | 01 81 02 00 00 06 00 00 00 00 08 00 00 00 00 00    2 | ................
      3 | 00 00 2C 01 4D 61 6E 64 72 61 67 6F 72 61 00 00    3 | ..,.Mandragora..
      4 | 00 00 00 00 -- -- -- -- -- -- -- -- -- -- -- --    4 | ....------------

NPC ID: 17252717
  Name: SavannaRarab
  POLUtils_Name: Savanna Rarab
  Type: Simple NPC
  XYZR: -252.604, -16.972, 485.093, 229
  Mask: 00001111
        |  0  1  2  3  4  5  6  7  8  9  A  B  C  D  E  F      | 0123456789ABCDEF
    -----------------------------------------------------  ----------------------
      0 | 0E 22 62 00 6D 41 07 01 6D 01 0F E5 A0 9A 7C C3    0 | ."b.mA..m.....|.
      1 | A8 C6 87 C1 E7 8B F2 43 8B 00 00 00 28 28 64 00    1 | .......C....((d.
      2 | 01 81 00 00 00 0B 00 00 00 00 00 00 00 00 00 00    2 | ................
      3 | 00 00 0D 01 53 61 76 61 6E 6E 61 52 61 72 61 62    3 | ....SavannaRarab
      4 | 00 00 00 00 -- -- -- -- -- -- -- -- -- -- -- --    4 | ....------------

NPC ID: 17252700
  Name: PugPugil
  POLUtils_Name: Pug Pugil
  Type: Simple NPC
  XYZR: -225.228, -14.504, 494.844, 137
  Mask: 00001111
        |  0  1  2  3  4  5  6  7  8  9  A  B  C  D  E  F      | 0123456789ABCDEF
    -----------------------------------------------------  ----------------------
      0 | 0E 20 6C 00 5C 41 07 01 5C 01 0F 89 5E 3A 61 C3    0 | . l.\\A..\\...^:a.
      1 | 62 10 68 C1 08 6C F7 43 35 01 00 00 28 28 64 00    1 | b.h..l.C5...((d.
      2 | 01 81 00 00 00 17 00 00 00 00 00 00 00 00 00 00    2 | ................
      3 | 00 00 5C 01 50 75 67 50 75 67 69 6C 00 00 00 00    3 | ..\\.PugPugil....

NPC ID: 17252729
  Name: PugPugil
  POLUtils_Name: Pug Pugil
  Type: Simple NPC
  XYZR: -218.193, -14.697, 529.450, 58
  Mask: 00001111
        |  0  1  2  3  4  5  6  7  8  9  A  B  C  D  E  F      | 0123456789ABCDEF
    -----------------------------------------------------  ----------------------
      0 | 0E 20 70 00 79 41 07 01 79 01 0F 3A 68 31 5A C3    0 | . p.yA..y..:h1Z.
      1 | E9 26 6B C1 CD 5C 04 44 0A 02 00 00 28 28 64 00    1 | .&k..\\.D....((d.
      2 | 01 81 00 00 00 17 00 00 00 00 00 00 00 00 00 00    2 | ................
      3 | 00 00 5C 01 50 75 67 50 75 67 69 6C 00 00 00 00    3 | ..\\.PugPugil....

NPC ID: 17252699
  Name: RiverCrab
  POLUtils_Name: River Crab
  Type: Simple NPC
  XYZR: -218.044, -15.000, 481.192, 128
  Mask: 00001111
        |  0  1  2  3  4  5  6  7  8  9  A  B  C  D  E  F      | 0123456789ABCDEF
    -----------------------------------------------------  ----------------------
      0 | 0E 22 72 00 5B 41 07 01 5B 01 0F 80 44 0B 5A C3    0 | ."r.[A..[...D.Z.
      1 | 00 00 70 C1 93 98 F0 43 0B 12 00 00 28 28 00 03    1 | ..p....C....((..
      2 | 07 81 00 00 00 0B 00 00 00 00 08 00 D4 6F 05 00    2 | .............o..
      3 | 00 00 64 01 52 69 76 65 72 43 72 61 62 00 00 00    3 | ..d.RiverCrab...
      4 | 00 00 00 00 -- -- -- -- -- -- -- -- -- -- -- --    4 | ....------------

NPC ID: 17252728
  Name: RiverCrab
  POLUtils_Name: River Crab
  Type: Simple NPC
  XYZR: -214.946, -15.000, 541.257, 232
  Mask: 00001111
        |  0  1  2  3  4  5  6  7  8  9  A  B  C  D  E  F      | 0123456789ABCDEF
    -----------------------------------------------------  ----------------------
      0 | 0E 22 75 00 78 41 07 01 78 01 0F E8 2D F2 56 C3    0 | ."u.xA..x...-.V.
      1 | 00 00 70 C1 73 50 07 44 C9 08 00 00 28 28 00 03    1 | ..p.sP.D....((..
      2 | 07 81 00 00 00 0B 00 00 00 00 08 00 D4 6F 05 00    2 | .............o..
      3 | 00 00 64 01 52 69 76 65 72 43 72 61 62 00 00 00    3 | ..d.RiverCrab...
      4 | 00 00 00 00 -- -- -- -- -- -- -- -- -- -- -- --    4 | ....------------

NPC ID: 17252688
  Name: GoblinFisher
  POLUtils_Name: Goblin Fisher
  Type: Simple NPC
  XYZR: -200.505, -16.832, 502.029, 43
  Mask: 00001111
        |  0  1  2  3  4  5  6  7  8  9  A  B  C  D  E  F      | 0123456789ABCDEF
    -----------------------------------------------------  ----------------------
      0 | 0E 22 77 00 50 41 07 01 50 01 0F 2B 48 81 48 C3    0 | ."w.PA..P..+H.H.
      1 | F0 A7 86 C1 B6 03 FB 43 29 01 00 00 28 28 64 00    1 | .......C)...((d.
      2 | 01 81 00 00 00 0A 00 00 00 00 00 00 00 00 00 00    2 | ................
      3 | 00 00 EC 01 47 6F 62 6C 69 6E 46 69 73 68 65 72    3 | ....GoblinFisher
      4 | 00 00 00 00 -- -- -- -- -- -- -- -- -- -- -- --    4 | ....------------

NPC ID: 17252687
  Name: GoblinFisher
  POLUtils_Name: Goblin Fisher
  Type: Simple NPC
  XYZR: -191.019, -17.746, 520.708, 39
  Mask: 00001111
        |  0  1  2  3  4  5  6  7  8  9  A  B  C  D  E  F      | 0123456789ABCDEF
    -----------------------------------------------------  ----------------------
      0 | 0E 22 7C 00 4F 41 07 01 4F 01 0F 27 DD 04 3F C3    0 | ."|.OA..O..'..?.
      1 | CF F7 8D C1 50 2D 02 44 F6 01 00 00 28 28 64 00    1 | ....P-.D....((d.
      2 | 01 81 00 00 00 0A 00 00 00 00 00 00 00 00 00 00    2 | ................
      3 | 00 00 EC 01 47 6F 62 6C 69 6E 46 69 73 68 65 72    3 | ....GoblinFisher
      4 | 00 00 00 00 -- -- -- -- -- -- -- -- -- -- -- --    4 | ....------------

NPC ID: 17252731
  Name: Mandragora
  POLUtils_Name: Mandragora
  Type: Simple NPC
  XYZR: -168.736, -19.421, 514.062, 128
  Mask: 00001111
        |  0  1  2  3  4  5  6  7  8  9  A  B  C  D  E  F      | 0123456789ABCDEF
    -----------------------------------------------------  ----------------------
      0 | 0E 22 88 00 7B 41 07 01 7B 01 0F 80 6A BC 28 C3    0 | ."..{A..{...j.(.
      1 | 35 5E 9B C1 F8 83 00 44 11 03 00 00 28 28 64 00    1 | 5^.....D....((d.
      2 | 01 81 02 00 00 06 00 00 00 00 08 00 00 00 00 00    2 | ................
      3 | 00 00 2C 01 4D 61 6E 64 72 61 67 6F 72 61 00 00    3 | ..,.Mandragora..
      4 | 00 00 00 00 -- -- -- -- -- -- -- -- -- -- -- --    4 | ....------------

NPC ID: 17252736
  Name: CarrionCrow
  POLUtils_Name: Carrion Crow
  Type: Simple NPC
  XYZR: -147.597, -20.952, 504.561, 5
  Mask: 00001111
        |  0  1  2  3  4  5  6  7  8  9  A  B  C  D  E  F      | 0123456789ABCDEF
    -----------------------------------------------------  ----------------------
      0 | 0E 22 91 00 80 41 07 01 80 01 0F 05 D5 98 13 C3    0 | ."...A..........
      1 | B2 9D A7 C1 CF 47 FC 43 35 04 00 00 28 28 64 00    1 | .....G.C5...((d.
      2 | 01 81 00 00 00 11 00 00 00 00 08 00 00 00 00 00    2 | ................
      3 | 00 00 BD 01 43 61 72 72 69 6F 6E 43 72 6F 77 00    3 | ....CarrionCrow.
      4 | 00 00 00 00 -- -- -- -- -- -- -- -- -- -- -- --    4 | ....------------

NPC ID: 17252684
  Name: SavannaRarab
  POLUtils_Name: Savanna Rarab
  Type: Simple NPC
  XYZR: -138.631, -21.269, 482.361, 5
  Mask: 00001111
        |  0  1  2  3  4  5  6  7  8  9  A  B  C  D  E  F      | 0123456789ABCDEF
    -----------------------------------------------------  ----------------------
      0 | 0E 22 97 00 4C 41 07 01 4C 01 0F 05 89 A1 0A C3    0 | ."..LA..L.......
      1 | E9 26 AA C1 35 2E F1 43 59 02 00 00 28 28 64 00    1 | .&..5..CY...((d.
      2 | 01 81 00 00 00 0B 00 00 00 00 00 00 00 00 00 00    2 | ................
      3 | 00 00 0D 01 53 61 76 61 6E 6E 61 52 61 72 61 62    3 | ....SavannaRarab
      4 | 00 00 00 00 -- -- -- -- -- -- -- -- -- -- -- --    4 | ....------------

NPC ID: 17252732
  Name: Mandragora
  POLUtils_Name: Mandragora
  Type: Simple NPC
  XYZR: -158.292, -22.703, 458.669, 201
  Mask: 00001111
        |  0  1  2  3  4  5  6  7  8  9  A  B  C  D  E  F      | 0123456789ABCDEF
    -----------------------------------------------------  ----------------------
      0 | 0E 22 99 00 7C 41 07 01 7C 01 0F C9 C1 4A 1E C3    0 | ."..|A..|....J..
      1 | BE 9F B5 C1 A2 55 E5 43 36 01 00 00 28 28 64 00    1 | .....U.C6...((d.
      2 | 01 81 02 00 00 06 00 00 00 00 08 00 00 00 00 00    2 | ................
      3 | 00 00 2C 01 4D 61 6E 64 72 61 67 6F 72 61 00 00    3 | ..,.Mandragora..
      4 | 00 00 00 00 -- -- -- -- -- -- -- -- -- -- -- --    4 | ....------------

NPC ID: 17252739
  Name: SavannaRarab
  POLUtils_Name: Savanna Rarab
  Type: Simple NPC
  XYZR: -113.710, -20.069, 493.034, 175
  Mask: 00001111
        |  0  1  2  3  4  5  6  7  8  9  A  B  C  D  E  F      | 0123456789ABCDEF
    -----------------------------------------------------  ----------------------
      0 | 0E 22 A2 00 83 41 07 01 83 01 0F AF 85 6B E3 C2    0 | ."...A.......k..
      1 | 50 8D A0 C1 5A 84 F6 43 D5 01 00 00 28 28 64 00    1 | P...Z..C....((d.
      2 | 01 81 00 00 00 0B 00 00 00 00 00 00 00 00 00 00    2 | ................
      3 | 00 00 0D 01 53 61 76 61 6E 6E 61 52 61 72 61 62    3 | ....SavannaRarab
      4 | 00 00 00 00 -- -- -- -- -- -- -- -- -- -- -- --    4 | ....------------

NPC ID: 17252738
  Name: CarrionCrow
  POLUtils_Name: Carrion Crow
  Type: Simple NPC
  XYZR: -89.506, -21.463, 496.342, 193
  Mask: 00001111
        |  0  1  2  3  4  5  6  7  8  9  A  B  C  D  E  F      | 0123456789ABCDEF
    -----------------------------------------------------  ----------------------
      0 | 0E 22 AD 00 82 41 07 01 82 01 0F C1 12 03 B3 C2    0 | ."...A..........
      1 | 39 B4 AB C1 C7 2B F8 43 BA 01 00 00 28 28 64 00    1 | 9....+.C....((d.
      2 | 01 81 00 00 00 11 00 00 00 00 08 00 00 00 00 00    2 | ................
      3 | 00 00 BD 01 43 61 72 72 69 6F 6E 43 72 6F 77 00    3 | ....CarrionCrow.
      4 | 00 00 00 00 -- -- -- -- -- -- -- -- -- -- -- --    4 | ....------------

NPC ID: 17252733
  Name: Crawler
  POLUtils_Name: Crawler
  Type: Simple NPC
  XYZR: -88.910, -21.611, 496.676, 162
  Mask: 00001111
        |  0  1  2  3  4  5  6  7  8  9  A  B  C  D  E  F      | 0123456789ABCDEF
    -----------------------------------------------------  ----------------------
      0 | 0E 20 AE 00 7D 41 07 01 7D 01 0F A2 EC D1 B1 C2    0 | . ..}A..}.......
      1 | 54 E3 AC C1 87 56 F8 43 94 02 00 00 28 28 64 00    1 | T....V.C....((d.
      2 | 01 81 00 00 00 0C 00 00 00 00 00 00 00 00 00 00    2 | ................
      3 | 00 00 8C 01 43 72 61 77 6C 65 72 00 00 00 00 00    3 | ....Crawler.....

NPC ID: 17252741
  Name: YagudoInitiate
  POLUtils_Name: Yagudo Initiate
  Type: Simple NPC
  XYZR: -78.846, -20.741, 487.435, 187
  Mask: 00001111
        |  0  1  2  3  4  5  6  7  8  9  A  B  C  D  E  F      | 0123456789ABCDEF
    -----------------------------------------------------  ----------------------
      0 | 0E 24 B3 00 85 41 07 01 85 01 0F BB 27 B1 9D C2    0 | .$...A......'...
      1 | 91 ED A5 C1 AE B7 F3 43 B5 02 00 00 28 28 64 00    1 | .......C....((d.
      2 | 01 81 00 00 00 0C 00 00 00 00 00 00 00 00 00 00    2 | ................
      3 | 00 00 44 02 59 61 67 75 64 6F 49 6E 69 74 69 61    3 | ..D.YagudoInitia
      4 | 74 65 00 00 00 00 00 00 -- -- -- -- -- -- -- --    4 | te......--------

NPC ID: 17252815
  Name: Bolster
  POLUtils_Name: Bolster
  Type: Simple NPC
  XYZR: -80.000, -20.500, 520.000, 38
  Mask: 00001111
        |  0  1  2  3  4  5  6  7  8  9  A  B  C  D  E  F      | 0123456789ABCDEF
    -----------------------------------------------------  ----------------------
      0 | 0E 20 B3 00 CF 41 07 01 CF 01 0F 26 00 00 A0 C2    0 | . ...A.....&....
      1 | 00 00 A4 C1 00 00 02 44 39 0D 00 00 28 28 00 03    1 | .......D9...((..
      2 | 07 85 00 00 00 11 50 00 00 00 00 00 C0 8A 03 00    2 | ......P.........
      3 | 00 00 8C 01 42 6F 6C 73 74 65 72 00 00 00 00 00    3 | ....Bolster.....

NPC ID: 17253077
  Name: FieldParchment
  POLUtils_Name: Field Parchment
  Type: Simple NPC
  XYZR: -80.000, -20.500, 520.000, 96
  Mask: 00001111
        |  0  1  2  3  4  5  6  7  8  9  A  B  C  D  E  F      | 0123456789ABCDEF
    -----------------------------------------------------  ----------------------
      0 | 0E 24 B3 00 D5 42 07 01 D5 02 0F 60 00 00 A0 C2    0 | .$...B.....`....
      1 | 00 00 A4 C1 00 00 02 44 01 00 00 00 32 32 64 00    1 | .......D....22d.
      2 | 00 03 00 00 00 00 00 00 00 00 00 00 00 00 00 00    2 | ................
      3 | 00 00 34 00 46 69 65 6C 64 50 61 72 63 68 6D 65    3 | ..4.FieldParchme
      4 | 6E 74 00 00 00 00 00 00 -- -- -- -- -- -- -- --    4 | nt......--------

NPC ID: 17253022
  Name: TreasureCoffer
  POLUtils_Name: Treasure Coffer
  Type: Simple NPC
  XYZR: -79.932, -20.500, 520.055, 96
  Mask: 00001111
        |  0  1  2  3  4  5  6  7  8  9  A  B  C  D  E  F      | 0123456789ABCDEF
    -----------------------------------------------------  ----------------------
      0 | 0E 24 B3 00 9E 42 07 01 9E 02 0F 60 2F DD 9F C2    0 | .$...B.....`/...
      1 | 00 00 A4 C1 85 03 02 44 07 00 00 00 32 32 64 00    1 | .......D....22d.
      2 | 02 03 08 00 00 00 00 00 00 00 04 0C 00 00 00 00    2 | ................
      3 | 00 00 C5 03 54 72 65 61 73 75 72 65 43 6F 66 66    3 | ....TreasureCoff
      4 | 65 72 00 00 00 00 00 00 -- -- -- -- -- -- -- --    4 | er......--------

NPC ID: 17252742
  Name: YagudoAcolyte
  POLUtils_Name: Yagudo Acolyte
  Type: Simple NPC
  XYZR: -100.684, -21.394, 453.584, 251
  Mask: 00001111
        |  0  1  2  3  4  5  6  7  8  9  A  B  C  D  E  F      | 0123456789ABCDEF
    -----------------------------------------------------  ----------------------
      0 | 0E 24 B7 00 86 41 07 01 86 01 0F FB 35 5E C9 C2    0 | .$...A......5^..
      1 | E9 26 AB C1 C1 CA E2 43 86 01 00 00 28 28 64 00    1 | .&.....C....((d.
      2 | 01 81 00 00 00 0C 00 00 00 00 00 00 00 00 00 00    2 | ................
      3 | 00 00 47 02 59 61 67 75 64 6F 41 63 6F 6C 79 74    3 | ..G.YagudoAcolyt
      4 | 65 00 00 00 00 00 00 00 -- -- -- -- -- -- -- --    4 | e.......--------

NPC ID: 17252753
  Name: CarrionCrow
  POLUtils_Name: Carrion Crow
  Type: Simple NPC
  XYZR: -53.438, -23.266, 479.178, 133
  Mask: 00001111
        |  0  1  2  3  4  5  6  7  8  9  A  B  C  D  E  F      | 0123456789ABCDEF
    -----------------------------------------------------  ----------------------
      0 | 0E 22 C0 00 91 41 07 01 91 01 0F 85 83 C0 55 C2    0 | ."...A........U.
      1 | C5 20 BA C1 C9 96 EF 43 8F 04 00 00 28 28 64 00    1 | . .....C....((d.
      2 | 01 81 00 00 00 11 00 00 00 00 08 00 00 00 00 00    2 | ................
      3 | 00 00 BD 01 43 61 72 72 69 6F 6E 43 72 6F 77 00    3 | ....CarrionCrow.
      4 | 00 00 00 00 -- -- -- -- -- -- -- -- -- -- -- --    4 | ....------------

NPC ID: 17252740
  Name: SavannaRarab
  POLUtils_Name: Savanna Rarab
  Type: Simple NPC
  XYZR: -75.681, -20.412, 455.890, 41
  Mask: 00001111
        |  0  1  2  3  4  5  6  7  8  9  A  B  C  D  E  F      | 0123456789ABCDEF
    -----------------------------------------------------  ----------------------
      0 | 0E 22 C0 00 84 41 07 01 84 01 0F 29 AC 5C 97 C2    0 | ."...A.....).\\..
      1 | C7 4B A3 C1 EC F1 E3 43 81 02 00 00 28 28 64 00    1 | .K.....C....((d.
      2 | 01 81 00 00 00 0B 00 00 00 00 00 00 00 00 00 00    2 | ................
      3 | 00 00 0D 01 53 61 76 61 6E 6E 61 52 61 72 61 62    3 | ....SavannaRarab
      4 | 00 00 00 00 -- -- -- -- -- -- -- -- -- -- -- --    4 | ....------------

NPC ID: 17253054
  Name: Signpost
  POLUtils_Name: Signpost
  Type: Simple NPC
  XYZR: -74.500, -21.800, 448.875, 152
  Mask: 00001111
        |  0  1  2  3  4  5  6  7  8  9  A  B  C  D  E  F      | 0123456789ABCDEF
    -----------------------------------------------------  ----------------------
      0 | 0E 20 CC 00 BE 42 07 01 BE 02 0F 98 00 00 95 C2    0 | . ...B..........
      1 | 66 66 AE C1 00 70 E0 43 01 80 00 00 32 32 64 00    1 | ff...p.C....22d.
      2 | 00 03 00 00 00 00 00 00 00 00 00 00 00 00 00 00    2 | ................
      3 | 00 00 34 00 53 69 67 6E 70 6F 73 74 00 00 00 00    3 | ..4.Signpost....

NPC ID: 17253055
  Name: Signpost
  POLUtils_Name: Signpost
  Type: Simple NPC
  XYZR: -73.500, -21.800, 448.875, 152
  Mask: 00001111
        |  0  1  2  3  4  5  6  7  8  9  A  B  C  D  E  F      | 0123456789ABCDEF
    -----------------------------------------------------  ----------------------
      0 | 0E 20 CC 00 BF 42 07 01 BF 02 0F 98 00 00 93 C2    0 | . ...B..........
      1 | 66 66 AE C1 00 70 E0 43 01 80 00 00 32 32 64 00    1 | ff...p.C....22d.
      2 | 00 03 00 00 00 00 00 00 00 00 00 00 00 00 00 00    2 | ................
      3 | 00 00 34 00 53 69 67 6E 70 6F 73 74 00 00 00 00    3 | ..4.Signpost....

NPC ID: 17252746
  Name: Mandragora
  POLUtils_Name: Mandragora
  Type: Simple NPC
  XYZR: -25.494, -25.364, 472.838, 47
  Mask: 00001111
        |  0  1  2  3  4  5  6  7  8  9  A  B  C  D  E  F      | 0123456789ABCDEF
    -----------------------------------------------------  ----------------------
      0 | 0E 22 CF 00 8A 41 07 01 8A 01 0F 2F B6 F3 CB C1    0 | ."...A...../....
      1 | 79 E9 CA C1 44 6B EC 43 6A 01 00 00 28 28 64 00    1 | y...Dk.Cj...((d.
      2 | 01 81 02 00 00 06 00 00 00 00 08 00 00 00 00 00    2 | ................
      3 | 00 00 2C 01 4D 61 6E 64 72 61 67 6F 72 61 00 00    3 | ..,.Mandragora..
      4 | 00 00 00 00 -- -- -- -- -- -- -- -- -- -- -- --    4 | ....------------

NPC ID: 17252750
  Name: Crawler
  POLUtils_Name: Crawler
  Type: Simple NPC
  XYZR: 19.329, -25.240, 477.902, 92
  Mask: 00001111
        |  0  1  2  3  4  5  6  7  8  9  A  B  C  D  E  F      | 0123456789ABCDEF
    -----------------------------------------------------  ----------------------
      0 | 0E 20 E4 00 8E 41 07 01 8E 01 0F 5C CB A1 9A 41    0 | . ...A.....\\...A
      1 | 85 EB C9 C1 75 F3 EE 43 EF 01 00 00 28 28 64 00    1 | ....u..C....((d.
      2 | 01 81 00 00 00 0C 00 00 00 00 00 00 00 00 00 00    2 | ................
      3 | 00 00 8C 01 43 72 61 77 6C 65 72 00 00 00 00 00    3 | ....Crawler.....

NPC ID: 17252760
  Name: YagudoScribe
  POLUtils_Name: Yagudo Scribe
  Type: Simple NPC
  XYZR: 23.408, -25.007, 465.828, 154
  Mask: 00001111
        |  0  1  2  3  4  5  6  7  8  9  A  B  C  D  E  F      | 0123456789ABCDEF
    -----------------------------------------------------  ----------------------
      0 | 0E 22 E7 00 98 41 07 01 98 01 0F 9A 96 43 BB 41    0 | ."...A.......C.A
      1 | 56 0E C8 C1 FC E9 E8 43 57 01 00 00 28 28 64 00    1 | V......CW...((d.
      2 | 01 81 00 00 00 0C 00 00 00 00 00 00 00 00 00 00    2 | ................
      3 | 00 00 48 02 59 61 67 75 64 6F 53 63 72 69 62 65    3 | ..H.YagudoScribe
      4 | 00 00 00 00 -- -- -- -- -- -- -- -- -- -- -- --    4 | ....------------

NPC ID: 17252759
  Name: YagudoAcolyte
  POLUtils_Name: Yagudo Acolyte
  Type: Simple NPC
  XYZR: 67.365, -24.428, 464.734, 140
  Mask: 00001111
        |  0  1  2  3  4  5  6  7  8  9  A  B  C  D  E  F      | 0123456789ABCDEF
    -----------------------------------------------------  ----------------------
      0 | 0E 24 FC 00 97 41 07 01 97 01 0F 8C E1 BA 86 42    0 | .$...A.........B
      1 | 8B 6C C3 C1 F4 5D E8 43 1E 03 00 00 28 28 64 00    1 | .l...].C....((d.
      2 | 01 81 00 00 00 0C 00 00 00 00 00 00 00 00 00 00    2 | ................
      3 | 00 00 47 02 59 61 67 75 64 6F 41 63 6F 6C 79 74    3 | ..G.YagudoAcolyt
      4 | 65 00 00 00 00 00 00 00 -- -- -- -- -- -- -- --    4 | e.......--------

NPC ID: 17252752
  Name: SavannaRarab
  POLUtils_Name: Savanna Rarab
  Type: Simple NPC
  XYZR: 73.498, -24.707, 447.036, 49
  Mask: 00001111
        |  0  1  2  3  4  5  6  7  8  9  A  B  C  D  E  F      | 0123456789ABCDEF
    -----------------------------------------------------  ----------------------
      0 | 0E 22 02 01 90 41 07 01 90 01 0F 31 FA FE 92 42    0 | ."...A.....1...B
      1 | F0 A7 C5 C1 9C 84 DF 43 78 01 00 00 28 28 64 00    1 | .......Cx...((d.
      2 | 01 81 00 00 00 0B 00 00 00 00 00 00 00 00 00 00    2 | ................
      3 | 00 00 0D 01 53 61 76 61 6E 6E 61 52 61 72 61 62    3 | ....SavannaRarab
      4 | 00 00 00 00 -- -- -- -- -- -- -- -- -- -- -- --    4 | ....------------

NPC ID: 17252751
  Name: SavannaRarab
  POLUtils_Name: Savanna Rarab
  Type: Simple NPC
  XYZR: 81.076, -24.234, 463.398, 11
  Mask: 00001111
        |  0  1  2  3  4  5  6  7  8  9  A  B  C  D  E  F      | 0123456789ABCDEF
    -----------------------------------------------------  ----------------------
      0 | 0E 22 03 01 8F 41 07 01 8F 01 0F 0B E9 26 A2 42    0 | ."...A.......&.B
      1 | 3B DF C1 C1 F2 B2 E7 43 A2 03 00 00 28 28 64 00    1 | ;......C....((d.
      2 | 01 81 00 00 00 0B 00 00 00 00 00 00 00 00 00 00    2 | ................
      3 | 00 00 0D 01 53 61 76 61 6E 6E 61 52 61 72 61 62    3 | ....SavannaRarab
      4 | 00 00 00 00 -- -- -- -- -- -- -- -- -- -- -- --    4 | ....------------

NPC ID: 17252758
  Name: YagudoInitiate
  POLUtils_Name: Yagudo Initiate
  Type: Simple NPC
  XYZR: 62.641, -25.361, 426.813, 50
  Mask: 00001111
        |  0  1  2  3  4  5  6  7  8  9  A  B  C  D  E  F      | 0123456789ABCDEF
    -----------------------------------------------------  ----------------------
      0 | 0E 24 05 01 96 41 07 01 96 01 0F 32 62 90 7A 42    0 | .$...A.....2b.zB
      1 | 54 E3 CA C1 10 68 D5 43 D5 01 00 00 28 28 64 00    1 | T....h.C....((d.
      2 | 01 81 00 00 00 0C 00 00 00 00 00 00 00 00 00 00    2 | ................
      3 | 00 00 44 02 59 61 67 75 64 6F 49 6E 69 74 69 61    3 | ..D.YagudoInitia
      4 | 74 65 00 00 00 00 00 00 -- -- -- -- -- -- -- --    4 | te......--------

NPC ID: 17252754
  Name: CarrionCrow
  POLUtils_Name: Carrion Crow
  Type: Simple NPC
  XYZR: 80.562, -24.672, 433.607, 228
  Mask: 00001111
        |  0  1  2  3  4  5  6  7  8  9  A  B  C  D  E  F      | 0123456789ABCDEF
    -----------------------------------------------------  ----------------------
      0 | 0E 22 08 01 92 41 07 01 92 01 0F E4 BE 1F A1 42    0 | ."...A.........B
      1 | 42 60 C5 C1 B2 CD D8 43 E9 02 00 00 28 28 64 00    1 | B`.....C....((d.
      2 | 01 81 00 00 00 11 00 00 00 00 08 00 00 00 00 00    2 | ................
      3 | 00 00 BD 01 43 61 72 72 69 6F 6E 43 72 6F 77 00    3 | ....CarrionCrow.
      4 | 00 00 00 00 -- -- -- -- -- -- -- -- -- -- -- --    4 | ....------------

NPC ID: 17252749
  Name: Crawler
  POLUtils_Name: Crawler
  Type: Simple NPC
  XYZR: 82.887, -24.572, 440.050, 64
  Mask: 00001111
        |  0  1  2  3  4  5  6  7  8  9  A  B  C  D  E  F      | 0123456789ABCDEF
    -----------------------------------------------------  ----------------------
      0 | 0E 20 08 01 8D 41 07 01 8D 01 0F 40 25 C6 A5 42    0 | . ...A.....@%..B
      1 | 75 93 C4 C1 66 06 DC 43 58 01 00 00 28 28 64 00    1 | u...f..CX...((d.
      2 | 01 81 00 00 00 0C 00 00 00 00 00 00 00 00 00 00    2 | ................
      3 | 00 00 8C 01 43 72 61 77 6C 65 72 00 00 00 00 00    3 | ....Crawler.....

NPC ID: 17252755
  Name: CarrionCrow
  POLUtils_Name: Carrion Crow
  Type: Simple NPC
  XYZR: 94.636, -24.505, 455.780, 100
  Mask: 00001111
        |  0  1  2  3  4  5  6  7  8  9  A  B  C  D  E  F      | 0123456789ABCDEF
    -----------------------------------------------------  ----------------------
      0 | 0E 22 0B 01 93 41 07 01 93 01 0F 64 A2 45 BD 42    0 | ."...A.....d.E.B
      1 | 3D 0A C4 C1 D7 E3 E3 43 66 02 00 00 28 28 64 00    1 | =......Cf...((d.
      2 | 01 81 00 00 00 11 00 00 00 00 08 00 00 00 00 00    2 | ................
      3 | 00 00 BD 01 43 61 72 72 69 6F 6E 43 72 6F 77 00    3 | ....CarrionCrow.
      4 | 00 00 00 00 -- -- -- -- -- -- -- -- -- -- -- --    4 | ....------------

NPC ID: 17252764
  Name: Balloon
  POLUtils_Name: Balloon
  Type: Simple NPC
  XYZR: 101.713, -25.126, 430.882, 105
  Mask: 00001111
        |  0  1  2  3  4  5  6  7  8  9  A  B  C  D  E  F      | 0123456789ABCDEF
    -----------------------------------------------------  ----------------------
      0 | 0E 20 12 01 9C 41 07 01 9C 01 0F 69 0E 6D CB 42    0 | . ...A.....i.m.B
      1 | 0C 02 C9 C1 E5 70 D7 43 C1 01 00 00 28 28 64 00    1 | .....p.C....((d.
      2 | 07 81 00 00 00 0A 00 00 00 00 00 00 00 00 00 00    2 | ................
      3 | 00 00 18 01 42 61 6C 6C 6F 6F 6E 00 00 00 00 00    3 | ....Balloon.....

NPC ID: 17252780
  Name: Mandragora
  POLUtils_Name: Mandragora
  Type: Simple NPC
  XYZR: 126.315, -25.016, 413.671, 231
  Mask: 00001111
        |  0  1  2  3  4  5  6  7  8  9  A  B  C  D  E  F      | 0123456789ABCDEF
    -----------------------------------------------------  ----------------------
      0 | 0E 22 21 01 AC 41 07 01 AC 01 0F E7 48 A1 FC 42    0 | ."!..A......H..B
      1 | C5 20 C8 C1 E3 D5 CE 43 A0 01 00 00 28 28 64 00    1 | . .....C....((d.
      2 | 01 81 02 00 00 06 00 00 00 00 08 00 00 00 00 00    2 | ................
      3 | 00 00 2C 01 4D 61 6E 64 72 61 67 6F 72 61 00 00    3 | ..,.Mandragora..
      4 | 00 00 00 00 -- -- -- -- -- -- -- -- -- -- -- --    4 | ....------------

NPC ID: 17252783
  Name: GiantBee
  POLUtils_Name: Giant Bee
  Type: Simple NPC
  XYZR: 105.655, -25.005, 398.169, 25
  Mask: 00001111
        |  0  1  2  3  4  5  6  7  8  9  A  B  C  D  E  F      | 0123456789ABCDEF
    -----------------------------------------------------  ----------------------
      0 | 0E 20 21 01 AF 41 07 01 AF 01 0F 19 5C 4F D3 42    0 | . !..A......\\O.B
      1 | 3D 0A C8 C1 A2 15 C7 43 6B 01 00 00 28 28 64 00    1 | =......Ck...((d.
      2 | 01 81 02 00 00 08 00 00 00 00 08 00 00 00 00 00    2 | ................
      3 | 00 00 11 01 47 69 61 6E 74 42 65 65 00 00 00 00    3 | ....GiantBee....

NPC ID: 17252786
  Name: SavannaRarab
  POLUtils_Name: Savanna Rarab
  Type: Simple NPC
  XYZR: 105.485, -24.881, 396.009, 4
  Mask: 00001111
        |  0  1  2  3  4  5  6  7  8  9  A  B  C  D  E  F      | 0123456789ABCDEF
    -----------------------------------------------------  ----------------------
      0 | 0E 22 22 01 B2 41 07 01 B2 01 0F 04 52 F8 D2 42    0 | .""..A......R..B
      1 | 4A 0C C7 C1 27 01 C6 43 46 02 00 00 28 28 64 00    1 | J...'..CF...((d.
      2 | 01 81 00 00 00 0B 00 00 00 00 00 00 00 00 00 00    2 | ................
      3 | 00 00 0D 01 53 61 76 61 6E 6E 61 52 61 72 61 62    3 | ....SavannaRarab
      4 | 00 00 00 00 -- -- -- -- -- -- -- -- -- -- -- --    4 | ....------------

NPC ID: 17252788
  Name: YagudoInitiate
  POLUtils_Name: Yagudo Initiate
  Type: Simple NPC
  XYZR: 125.620, -24.927, 403.868, 150
  Mask: 00001111
        |  0  1  2  3  4  5  6  7  8  9  A  B  C  D  E  F      | 0123456789ABCDEF
    -----------------------------------------------------  ----------------------
      0 | 0E 24 24 01 B4 41 07 01 B4 01 0F 96 71 3D FB 42    0 | .$$..A......q=.B
      1 | 7F 6A C7 C1 1B EF C9 43 CA 03 00 00 28 28 64 00    1 | .j.....C....((d.
      2 | 01 81 00 00 00 0C 00 00 00 00 00 00 00 00 00 00    2 | ................
      3 | 00 00 44 02 59 61 67 75 64 6F 49 6E 69 74 69 61    3 | ..D.YagudoInitia
      4 | 74 65 00 00 00 00 00 00 -- -- -- -- -- -- -- --    4 | te......--------

NPC ID: 17252789
  Name: YagudoAcolyte
  POLUtils_Name: Yagudo Acolyte
  Type: Simple NPC
  XYZR: 120.157, -24.644, 394.349, 252
  Mask: 00001111
        |  0  1  2  3  4  5  6  7  8  9  A  B  C  D  E  F      | 0123456789ABCDEF
    -----------------------------------------------------  ----------------------
      0 | 0E 24 27 01 B5 41 07 01 B5 01 0F FC 62 50 F0 42    0 | .$'..A......bP.B
      1 | E9 26 C5 C1 AC 2C C5 43 3B 00 00 00 28 28 64 00    1 | .&...,.C;...((d.
      2 | 01 81 00 00 00 0C 00 00 00 00 00 00 00 00 00 00    2 | ................
      3 | 00 00 47 02 59 61 67 75 64 6F 41 63 6F 6C 79 74    3 | ..G.YagudoAcolyt
      4 | 65 00 00 00 00 00 00 00 -- -- -- -- -- -- -- --    4 | e.......--------

NPC ID: 17252787
  Name: SavannaRarab
  POLUtils_Name: Savanna Rarab
  Type: Simple NPC
  XYZR: 115.494, -24.239, 387.555, 26
  Mask: 00001111
        |  0  1  2  3  4  5  6  7  8  9  A  B  C  D  E  F      | 0123456789ABCDEF
    -----------------------------------------------------  ----------------------
      0 | 0E 22 29 01 B3 41 07 01 B3 01 0F 1A EE FC E6 42    0 | .")..A.........B
      1 | 79 E9 C1 C1 0A C7 C1 43 2B 02 00 00 28 28 64 00    1 | y......C+...((d.
      2 | 01 81 00 00 00 0B 00 00 00 00 00 00 00 00 00 00    2 | ................
      3 | 00 00 0D 01 53 61 76 61 6E 6E 61 52 61 72 61 62    3 | ....SavannaRarab
      4 | 00 00 00 00 -- -- -- -- -- -- -- -- -- -- -- --    4 | ....------------

NPC ID: 17252785
  Name: Crawler
  POLUtils_Name: Crawler
  Type: Simple NPC
  XYZR: 97.541, -25.078, 380.584, 113
  Mask: 00001111
        |  0  1  2  3  4  5  6  7  8  9  A  B  C  D  E  F      | 0123456789ABCDEF
    -----------------------------------------------------  ----------------------
      0 | 0E 20 35 01 B1 41 07 01 B1 01 0F 71 FE 14 C3 42    0 | . 5..A.....q...B
      1 | BE 9F C8 C1 C1 4A BE 43 E5 03 00 00 28 28 64 00    1 | .....J.C....((d.
      2 | 01 81 00 00 00 0C 00 00 00 00 00 00 00 00 00 00    2 | ................
      3 | 00 00 8C 01 43 72 61 77 6C 65 72 00 00 00 00 00    3 | ....Crawler.....

NPC ID: 17253057
  Name: Signpost
  POLUtils_Name: Signpost
  Type: Simple NPC
  XYZR: 150.218, -26.000, 380.729, 87
  Mask: 00001111
        |  0  1  2  3  4  5  6  7  8  9  A  B  C  D  E  F      | 0123456789ABCDEF
    -----------------------------------------------------  ----------------------
      0 | 0E 20 36 01 C1 42 07 01 C1 02 0F 57 CF 37 16 43    0 | . 6..B.....W.7.C
      1 | 00 00 D0 C1 50 5D BE 43 01 80 00 00 32 32 64 00    1 | ....P].C....22d.
      2 | 00 03 00 00 00 00 00 00 00 00 00 00 00 00 00 00    2 | ................
      3 | 00 00 34 00 53 69 67 6E 70 6F 73 74 00 00 00 00    3 | ..4.Signpost....

NPC ID: 17253056
  Name: Signpost
  POLUtils_Name: Signpost
  Type: Simple NPC
  XYZR: 151.218, -26.000, 380.729, 87
  Mask: 00001111
        |  0  1  2  3  4  5  6  7  8  9  A  B  C  D  E  F      | 0123456789ABCDEF
    -----------------------------------------------------  ----------------------
      0 | 0E 20 36 01 C0 42 07 01 C0 02 0F 57 CF 37 17 43    0 | . 6..B.....W.7.C
      1 | 00 00 D0 C1 50 5D BE 43 01 80 00 00 32 32 64 00    1 | ....P].C....22d.
      2 | 00 03 00 00 00 00 00 00 00 00 00 00 00 00 00 00    2 | ................
      3 | 00 00 34 00 53 69 67 6E 70 6F 73 74 00 00 00 00    3 | ..4.Signpost....

NPC ID: 17252782
  Name: GiantBee
  POLUtils_Name: Giant Bee
  Type: Simple NPC
  XYZR: 182.039, -22.326, 408.717, 111
  Mask: 00001111
        |  0  1  2  3  4  5  6  7  8  9  A  B  C  D  E  F      | 0123456789ABCDEF
    -----------------------------------------------------  ----------------------
      0 | 0E 20 3B 01 AE 41 07 01 AE 01 0F 6F FC 09 36 43    0 | . ;..A.....o..6C
      1 | A6 9B B2 C1 C7 5B CC 43 93 01 00 00 28 28 64 00    1 | .....[.C....((d.
      2 | 01 81 02 00 00 08 00 00 00 00 08 00 00 00 00 00    2 | ................
      3 | 00 00 11 01 47 69 61 6E 74 42 65 65 00 00 00 00    3 | ....GiantBee....

NPC ID: 17252802
  Name: SavannaRarab
  POLUtils_Name: Savanna Rarab
  Type: Simple NPC
  XYZR: 211.521, -21.038, 449.641, 61
  Mask: 00001111
        |  0  1  2  3  4  5  6  7  8  9  A  B  C  D  E  F      | 0123456789ABCDEF
    -----------------------------------------------------  ----------------------
      0 | 0E 22 55 01 C2 41 07 01 C2 01 0F 3D 60 85 53 43    0 | ."U..A.....=`.SC
      1 | D3 4D A8 C1 0C D2 E0 43 53 03 00 00 28 28 64 00    1 | .M.....CS...((d.
      2 | 01 81 00 00 00 0B 00 00 00 00 00 00 00 00 00 00    2 | ................
      3 | 00 00 0D 01 53 61 76 61 6E 6E 61 52 61 72 61 62    3 | ....SavannaRarab
      4 | 00 00 00 00 -- -- -- -- -- -- -- -- -- -- -- --    4 | ....------------

NPC ID: 17252793
  Name: Balloon
  POLUtils_Name: Balloon
  Type: Simple NPC
  XYZR: 227.816, -20.586, 390.481, 162
  Mask: 00001111
        |  0  1  2  3  4  5  6  7  8  9  A  B  C  D  E  F      | 0123456789ABCDEF
    -----------------------------------------------------  ----------------------
      0 | 0E 20 59 01 B9 41 07 01 B9 01 0F A2 E5 D0 63 43    0 | . Y..A........cC
      1 | 21 B0 A4 C1 91 3D C3 43 33 03 00 00 28 28 64 00    1 | !....=.C3...((d.
      2 | 07 81 00 00 00 0A 00 00 00 00 00 00 00 00 00 00    2 | ................
      3 | 00 00 18 01 42 61 6C 6C 6F 6F 6E 00 00 00 00 00    3 | ....Balloon.....

NPC ID: 17252799
  Name: Crawler
  POLUtils_Name: Crawler
  Type: Simple NPC
  XYZR: 203.765, -21.178, 465.265, 188
  Mask: 00001111
        |  0  1  2  3  4  5  6  7  8  9  A  B  C  D  E  F      | 0123456789ABCDEF
    -----------------------------------------------------  ----------------------
      0 | 0E 20 5A 01 BF 41 07 01 BF 01 0F BC D7 C3 4B 43    0 | . Z..A........KC
      1 | 8B 6C A9 C1 EC A1 E8 43 94 02 00 00 28 28 64 00    1 | .l.....C....((d.
      2 | 01 81 00 00 00 0C 00 00 00 00 00 00 00 00 00 00    2 | ................
      3 | 00 00 8C 01 43 72 61 77 6C 65 72 00 00 00 00 00    3 | ....Crawler.....

NPC ID: 17252800
  Name: Crawler
  POLUtils_Name: Crawler
  Type: Simple NPC
  XYZR: 236.574, -20.735, 481.364, 0
  Mask: 00001111
        |  0  1  2  3  4  5  6  7  8  9  A  B  C  D  E  F      | 0123456789ABCDEF
    -----------------------------------------------------  ----------------------
      0 | 0E 20 68 01 C0 41 07 01 C0 01 0F 00 F2 92 6C 43    0 | . h..A........lC
      1 | 48 E1 A5 C1 98 AE F0 43 A6 00 00 00 28 28 64 00    1 | H......C....((d.
      2 | 01 81 00 00 00 0C 00 00 00 00 00 00 00 00 00 00    2 | ................
      3 | 00 00 8C 01 43 72 61 77 6C 65 72 00 00 00 00 00    3 | ....Crawler.....

NPC ID: 17252801
  Name: SavannaRarab
  POLUtils_Name: Savanna Rarab
  Type: Simple NPC
  XYZR: 227.706, -22.637, 495.175, 224
  Mask: 00001111
        |  0  1  2  3  4  5  6  7  8  9  A  B  C  D  E  F      | 0123456789ABCDEF
    -----------------------------------------------------  ----------------------
      0 | 0E 22 6D 01 C1 41 07 01 C1 01 0F E0 BC B4 63 43    0 | ."m..A........cC
      1 | 93 18 B5 C1 66 96 F7 43 81 02 00 00 28 28 64 00    1 | ....f..C....((d.
      2 | 01 81 00 00 00 0B 00 00 00 00 00 00 00 00 00 00    2 | ................
      3 | 00 00 0D 01 53 61 76 61 6E 6E 61 52 61 72 61 62    3 | ....SavannaRarab
      4 | 00 00 00 00 -- -- -- -- -- -- -- -- -- -- -- --    4 | ....------------

NPC ID: 17252797
  Name: GiantBee
  POLUtils_Name: Giant Bee
  Type: Simple NPC
  XYZR: 262.558, -20.045, 468.682, 129
  Mask: 00001111
        |  0  1  2  3  4  5  6  7  8  9  A  B  C  D  E  F      | 0123456789ABCDEF
    -----------------------------------------------------  ----------------------
      0 | 0E 20 70 01 BD 41 07 01 BD 01 0F 81 6D 47 83 43    0 | . p..A......mG.C
      1 | 29 5C A0 C1 4C 57 EA 43 27 04 00 00 28 28 64 00    1 | )\\..LW.C'...((d.
      2 | 01 81 02 00 00 08 00 00 00 00 08 00 00 00 00 00    2 | ................
      3 | 00 00 11 01 47 69 61 6E 74 42 65 65 00 00 00 00    3 | ....GiantBee....

NPC ID: 17252798
  Name: GiantBee
  POLUtils_Name: Giant Bee
  Type: Simple NPC
  XYZR: 260.932, -21.067, 479.287, 188
  Mask: 00001111
        |  0  1  2  3  4  5  6  7  8  9  A  B  C  D  E  F      | 0123456789ABCDEF
    -----------------------------------------------------  ----------------------
      0 | 0E 20 72 01 BE 41 07 01 BE 01 0F BC 4C 77 82 43    0 | . r..A......Lw.C
      1 | 37 89 A8 C1 BC A4 EF 43 BA 01 00 00 28 28 64 00    1 | 7......C....((d.
      2 | 01 81 02 00 00 08 00 00 00 00 08 00 00 00 00 00    2 | ................
      3 | 00 00 11 01 47 69 61 6E 74 42 65 65 00 00 00 00    3 | ....GiantBee....

NPC ID: 17252804
  Name: YagudoAcolyte
  POLUtils_Name: Yagudo Acolyte
  Type: Simple NPC
  XYZR: 246.040, -25.707, 541.050, 139
  Mask: 00001111
        |  0  1  2  3  4  5  6  7  8  9  A  B  C  D  E  F      | 0123456789ABCDEF
    -----------------------------------------------------  ----------------------
      0 | 0E 24 85 01 C4 41 07 01 C4 01 0F 8B 3D 0A 76 43    0 | .$...A......=.vC
      1 | F0 A7 CD C1 33 43 07 44 89 03 00 00 28 28 64 00    1 | ....3C.D....((d.
      2 | 01 81 00 00 00 0C 00 00 00 00 00 00 00 00 00 00    2 | ................
      3 | 00 00 47 02 59 61 67 75 64 6F 41 63 6F 6C 79 74    3 | ..G.YagudoAcolyt
      4 | 65 00 00 00 00 00 00 00 -- -- -- -- -- -- -- --    4 | e.......--------

NPC ID: 17252795
  Name: Mandragora
  POLUtils_Name: Mandragora
  Type: Simple NPC
  XYZR: 267.975, -24.694, 530.004, 98
  Mask: 00001111
        |  0  1  2  3  4  5  6  7  8  9  A  B  C  D  E  F      | 0123456789ABCDEF
    -----------------------------------------------------  ----------------------
      0 | 0E 22 87 01 BB 41 07 01 BB 01 0F 62 CD FC 85 43    0 | ."...A.....b...C
      1 | 50 8D C5 C1 42 80 04 44 93 01 00 00 28 28 64 00    1 | P...B..D....((d.
      2 | 01 81 02 00 00 06 00 00 00 00 08 00 00 00 00 00    2 | ................
      3 | 00 00 2C 01 4D 61 6E 64 72 61 67 6F 72 61 00 00    3 | ..,.Mandragora..
      4 | 00 00 00 00 -- -- -- -- -- -- -- -- -- -- -- --    4 | ....------------

NPC ID: 17253093
  Name: PlanarRift
  POLUtils_Name: Planar Rift
  Type: Simple NPC
  XYZR: 240.000, -24.000, 560.000, 0
  Mask: 00001111
        |  0  1  2  3  4  5  6  7  8  9  A  B  C  D  E  F      | 0123456789ABCDEF
    -----------------------------------------------------  ----------------------
      0 | 0E 22 8E 01 E5 42 07 01 E5 02 0F 00 00 00 70 43    0 | ."...B........pC
      1 | 00 00 C0 C1 00 00 0C 44 01 00 00 00 32 32 64 00    1 | .......D....22d.
      2 | 00 03 00 00 00 00 00 02 A0 00 05 64 00 00 00 00    2 | ...........d....
      3 | 00 00 6F 09 50 6C 61 6E 61 72 52 69 66 74 00 00    3 | ..o.PlanarRift..
      4 | 00 00 00 00 -- -- -- -- -- -- -- -- -- -- -- --    4 | ....------------

NPC ID: 17253096
  Name: RiftwornPyxis
  POLUtils_Name: Riftworn Pyxis
  Type: Simple NPC
  XYZR: 240.100, -24.000, 560.000, 0
  Mask: 00001111
        |  0  1  2  3  4  5  6  7  8  9  A  B  C  D  E  F      | 0123456789ABCDEF
    -----------------------------------------------------  ----------------------
      0 | 0E 24 8E 01 E8 42 07 01 E8 02 0F 00 9A 19 70 43    0 | .$...B........pC
      1 | 00 00 C0 C1 00 00 0C 44 01 00 00 00 32 32 64 00    1 | .......D....22d.
      2 | 02 03 00 00 00 00 00 02 A0 00 04 64 00 00 00 00    2 | ...........d....
      3 | 00 00 C9 03 52 69 66 74 77 6F 72 6E 50 79 78 69    3 | ....RiftwornPyxi
      4 | 73 00 00 00 00 00 00 00 -- -- -- -- -- -- -- --    4 | s.......--------

NPC ID: 17252805
  Name: YagudoScribe
  POLUtils_Name: Yagudo Scribe
  Type: Simple NPC
  XYZR: 275.335, -24.672, 559.933, 18
  Mask: 00001111
        |  0  1  2  3  4  5  6  7  8  9  A  B  C  D  E  F      | 0123456789ABCDEF
    -----------------------------------------------------  ----------------------
      0 | 0E 22 94 01 C5 41 07 01 C5 01 0F 12 E1 AA 89 43    0 | ."...A.........C
      1 | 42 60 C5 C1 B6 FB 0B 44 F8 02 00 00 28 28 64 00    1 | B`.....D....((d.
      2 | 01 81 00 00 00 0C 00 00 00 00 00 00 00 00 00 00    2 | ................
      3 | 00 00 48 02 59 61 67 75 64 6F 53 63 72 69 62 65    3 | ..H.YagudoScribe
      4 | 00 00 00 00 -- -- -- -- -- -- -- -- -- -- -- --    4 | ....------------

NPC ID: 17252796
  Name: GiantBee
  POLUtils_Name: Giant Bee
  Type: Simple NPC
  XYZR: 272.936, -27.161, 580.447, 113
  Mask: 00001111
        |  0  1  2  3  4  5  6  7  8  9  A  B  C  D  E  F      | 0123456789ABCDEF
    -----------------------------------------------------  ----------------------
      0 | 0E 20 9C 01 BC 41 07 01 BC 01 0F 71 CF 77 88 43    0 | . ...A.....q.w.C
      1 | BA 49 D9 C1 9C 1C 11 44 86 01 00 00 28 28 64 00    1 | .I.....D....((d.
      2 | 01 81 02 00 00 08 00 00 00 00 08 00 00 00 00 00    2 | ................
      3 | 00 00 11 01 47 69 61 6E 74 42 65 65 00 00 00 00    3 | ....GiantBee....

