NPC ID: 16924797
  Name: ResumePoint
  POLUtils_Name: Resume Point
  Type: Simple NPC
  XYZR: 548.347, -0.125, -517.280, 161
  Mask: 00001111
        |  0  1  2  3  4  5  6  7  8  9  A  B  C  D  E  F      | 0123456789ABCDEF
    -----------------------------------------------------  ----------------------
      0 | 0E 22 0A 00 7D 40 02 01 7D 00 0F A1 35 16 09 44    0 | ."..}@..}...5..D
      1 | 00 00 00 BE EC 51 01 C4 01 80 00 00 32 32 64 00    1 | .....Q......22d.
      2 | 00 1B 00 00 00 00 00 22 A0 00 00 60 00 00 00 00    2 | ......."...`....
      3 | 00 00 16 09 52 65 73 75 6D 65 50 6F 69 6E 74 00    3 | ....ResumePoint.
      4 | 00 00 00 00 -- -- -- -- -- -- -- -- -- -- -- --    4 | ....------------

NPC ID: 16924750
  Name: GoblinFootprin
  POLUtils_Name: Goblin Footprint
  Type: Simple NPC
  XYZR: 531.961, -0.125, -516.612, 216
  Mask: 00001111
        |  0  1  2  3  4  5  6  7  8  9  A  B  C  D  E  F      | 0123456789ABCDEF
    -----------------------------------------------------  ----------------------
      0 | 0E 24 0A 00 4E 40 02 01 4E 00 0F D8 81 FD 04 44    0 | .$..N@..N......D
      1 | 00 00 00 BE 2B 27 01 C4 01 00 00 00 32 32 64 00    1 | ....+'......22d.
      2 | 00 03 00 00 00 00 00 00 00 00 00 00 00 00 00 00    2 | ................
      3 | 00 00 34 00 47 6F 62 6C 69 6E 46 6F 6F 74 70 72    3 | ..4.GoblinFootpr
      4 | 69 6E 00 00 00 00 00 00 -- -- -- -- -- -- -- --    4 | in......--------

NPC ID: 16924748
  Name: WARP
  POLUtils_Name: WARP
  Type: Simple NPC
  XYZR: 540.000, -1.750, -500.000, 0
  Mask: 00001111
        |  0  1  2  3  4  5  6  7  8  9  A  B  C  D  E  F      | 0123456789ABCDEF
    -----------------------------------------------------  ----------------------
      0 | 0E 1E 0A 00 4C 40 02 01 4C 00 0F 00 00 00 07 44    0 | ....L@..L......D
      1 | 00 00 E0 BF 00 00 FA C3 00 00 00 00 32 32 64 00    1 | ............22d.
      2 | 06 03 00 00 00 00 00 00 00 00 00 00 00 00 00 00    2 | ................
      3 | 00 00 34 00 57 41 52 50 00 00 00 00 -- -- -- --    3 | ..4.WARP....----

NPC ID: 16924749
  Name: Trailmix
  POLUtils_Name: Trailmix
  Type: Simple NPC
  XYZR: 531.961, -0.125, -516.612, 216
  Mask: 00001111
        |  0  1  2  3  4  5  6  7  8  9  A  B  C  D  E  F      | 0123456789ABCDEF
    -----------------------------------------------------  ----------------------
      0 | 0E 20 0A 00 4D 40 02 01 4D 00 0F D8 81 FD 04 44    0 | . ..M@..M......D
      1 | 00 00 00 BE 2B 27 01 C4 00 00 00 00 32 32 64 00    1 | ....+'......22d.
      2 | 06 1B 00 00 00 00 00 20 00 00 00 00 00 00 00 00    2 | ....... ........
      3 | 00 00 55 00 54 72 61 69 6C 6D 69 78 00 00 00 00    3 | ..U.Trailmix....

NPC ID: 16924796
  Name: DimensionalPor
  POLUtils_Name: Dimensional Portal
  Type: Simple NPC
  XYZR: 531.932, 0.000, -561.766, 35
  Mask: 00001111
        |  0  1  2  3  4  5  6  7  8  9  A  B  C  D  E  F      | 0123456789ABCDEF
    -----------------------------------------------------  ----------------------
      0 | 0E 24 10 00 7C 40 02 01 7C 00 0F 23 A6 FB 04 44    0 | .$..|@..|..#...D
      1 | 00 00 00 00 06 71 0C C4 15 00 00 00 32 32 64 00    1 | .....q......22d.
      2 | 00 03 00 00 00 00 00 00 00 00 00 60 00 00 00 00    2 | ...........`....
      3 | 00 00 3B 05 44 69 6D 65 6E 73 69 6F 6E 61 6C 50    3 | ..;.DimensionalP
      4 | 6F 72 00 00 00 00 00 00 -- -- -- -- -- -- -- --    4 | or......--------

NPC ID: 16924814
  Name: MysticRetrieve
  POLUtils_Name: Mystic Retriever
  Type: Simple NPC
  XYZR: 529.082, -0.125, -561.501, 136
  Mask: 00001111
        |  0  1  2  3  4  5  6  7  8  9  A  B  C  D  E  F      | 0123456789ABCDEF
    -----------------------------------------------------  ----------------------
      0 | 0E 24 11 00 8E 40 02 01 8E 00 0F 88 3F 45 04 44    0 | .$...@......?E.D
      1 | 00 00 00 BE 10 60 0C C4 01 80 00 00 32 32 64 00    1 | .....`......22d.
      2 | 00 03 00 00 00 00 00 02 A0 00 00 60 00 00 00 00    2 | ...........`....
      3 | 00 00 16 09 4D 79 73 74 69 63 52 65 74 72 69 65    3 | ....MysticRetrie
      4 | 76 65 00 00 00 00 00 00 -- -- -- -- -- -- -- --    4 | ve......--------

NPC ID: 16924790
  Name: ???
  POLUtils_Name: ???
  Type: Simple NPC
  XYZR: 533.148, -0.999, -592.166, 128
  Mask: 00001111
        |  0  1  2  3  4  5  6  7  8  9  A  B  C  D  E  F      | 0123456789ABCDEF
    -----------------------------------------------------  ----------------------
      0 | 0E 1E 1F 00 76 40 02 01 76 00 0F 80 79 49 05 44    0 | ....v@..v...yI.D
      1 | 77 BE 7F BF A0 0A 14 C4 01 80 00 00 32 32 64 00    1 | w...........22d.
      2 | 00 03 00 00 00 00 00 00 00 00 00 00 00 00 00 00    2 | ................
      3 | 00 00 34 00 3F 3F 3F 00 00 00 00 00 -- -- -- --    3 | ..4.???.....----

NPC ID: 16924739
  Name: Transcendental
  POLUtils_Name: Transcendental Radiance
  Type: Simple NPC
  XYZR: 540.042, -1.181, -597.685, 0
  Mask: 00001111
        |  0  1  2  3  4  5  6  7  8  9  A  B  C  D  E  F      | 0123456789ABCDEF
    -----------------------------------------------------  ----------------------
      0 | 0E 24 21 00 43 40 02 01 43 00 0F 00 B0 02 07 44    0 | .$!.C@..C......D
      1 | 02 2B 97 BF D7 6B 15 C4 01 00 00 00 32 32 64 00    1 | .+...k......22d.
      2 | 00 03 02 00 00 00 00 00 00 00 08 00 00 00 00 00    2 | ................
      3 | 00 00 34 00 54 72 61 6E 73 63 65 6E 64 65 6E 74    3 | ..4.Transcendent
      4 | 61 6C 00 00 00 00 00 00 -- -- -- -- -- -- -- --    4 | al......--------

