NPC ID: 17612918
  Name: Balayang
  POLUtils_Name: Balayang
  Type: Simple NPC
  XYZR: 221.579, -23.717, 91.017, 158
  Mask: 00001111
        |  0  1  2  3  4  5  6  7  8  9  A  B  C  D  E  F      | 0123456789ABCDEF
    -----------------------------------------------------  ----------------------
      0 | 0E 20 0A 00 76 C0 0C 01 76 00 0F 9E 39 94 5D 43    0 | . ..v...v...9.]C
      1 | 6A BC BD C1 B4 08 B6 42 13 00 00 00 28 28 64 00    1 | j......B....((d.
      2 | 01 85 02 00 00 0E 00 00 00 00 00 00 00 00 00 00    2 | ................
      3 | 00 00 00 01 42 61 6C 61 79 61 6E 67 00 00 00 00    3 | ....Balayang....

NPC ID: 17612919
  Name: Balayang
  POLUtils_Name: Balayang
  Type: Simple NPC
  XYZR: 222.014, -23.742, 89.533, 134
  Mask: 00001111
        |  0  1  2  3  4  5  6  7  8  9  A  B  C  D  E  F      | 0123456789ABCDEF
    -----------------------------------------------------  ----------------------
      0 | 0E 20 0A 00 77 C0 0C 01 77 00 0F 86 96 03 5E 43    0 | . ..w...w.....^C
      1 | 9E EF BD C1 E5 10 B3 42 EE 00 00 00 28 28 64 00    1 | .......B....((d.
      2 | 01 85 02 00 00 0E 00 00 00 00 00 00 00 00 00 00    2 | ................
      3 | 00 00 00 01 42 61 6C 61 79 61 6E 67 00 00 00 00    3 | ....Balayang....

NPC ID: 17612916
  Name: Wekufe
  POLUtils_Name: Wekufe
  Type: Simple NPC
  XYZR: 220.276, -23.713, 19.778, 180
  Mask: 00001111
        |  0  1  2  3  4  5  6  7  8  9  A  B  C  D  E  F      | 0123456789ABCDEF
    -----------------------------------------------------  ----------------------
      0 | 0E 20 0A 00 74 C0 0C 01 74 00 0F B4 A8 46 5C 43    0 | . ..t...t....F\\C
      1 | 39 B4 BD C1 58 39 9E 41 ED 00 00 00 28 28 64 00    1 | 9...X9.A....((d.
      2 | 01 85 00 00 00 09 00 00 00 00 00 00 00 00 00 00    2 | ................
      3 | 00 00 70 01 57 65 6B 75 66 65 00 00 00 00 00 00    3 | ..p.Wekufe......

NPC ID: 17612864
  Name: Drone
  POLUtils_Name: Drone
  Type: Simple NPC
  XYZR: 220.312, -24.111, 60.446, 91
  Mask: 00001111
        |  0  1  2  3  4  5  6  7  8  9  A  B  C  D  E  F      | 0123456789ABCDEF
    -----------------------------------------------------  ----------------------
      0 | 0E 20 0A 00 40 C0 0C 01 40 00 0F 5B DF 4F 5C 43    0 | . ..@...@..[.O\\C
      1 | 54 E3 C0 C1 B4 C8 71 42 58 01 00 00 28 28 64 00    1 | T.....qBX...((d.
      2 | 01 83 00 00 00 1E 00 00 00 00 0C 00 00 00 00 00    2 | ................
      3 | 00 00 30 01 44 72 6F 6E 65 00 00 00 00 00 00 00    3 | ..0.Drone.......

NPC ID: 17612865
  Name: Drone
  POLUtils_Name: Drone
  Type: Simple NPC
  XYZR: 224.156, -24.092, 66.126, 251
  Mask: 00001111
        |  0  1  2  3  4  5  6  7  8  9  A  B  C  D  E  F      | 0123456789ABCDEF
    -----------------------------------------------------  ----------------------
      0 | 0E 20 0A 00 41 C0 0C 01 41 00 0F FB F0 27 60 43    0 | . ..A...A....'`C
      1 | 6A BC C0 C1 83 40 84 42 EE 00 00 00 28 28 64 00    1 | j....@.B....((d.
      2 | 01 83 00 00 00 1E 00 00 00 00 0C 00 00 00 00 00    2 | ................
      3 | 00 00 30 01 44 72 6F 6E 65 00 00 00 00 00 00 00    3 | ..0.Drone.......

NPC ID: 17612920
  Name: Balayang
  POLUtils_Name: Balayang
  Type: Simple NPC
  XYZR: 221.018, -24.099, 86.055, 91
  Mask: 00001111
        |  0  1  2  3  4  5  6  7  8  9  A  B  C  D  E  F      | 0123456789ABCDEF
    -----------------------------------------------------  ----------------------
      0 | 0E 20 0A 00 78 C0 0C 01 78 00 0F 5B 9C 04 5D 43    0 | . ..x...x..[..]C
      1 | C1 CA C0 C1 29 1C AC 42 B2 00 00 00 28 28 00 03    1 | ....)..B....((..
      2 | 07 85 02 00 00 0E 00 00 00 00 00 00 00 00 00 00    2 | ................
      3 | 00 00 00 01 42 61 6C 61 79 61 6E 67 00 00 00 00    3 | ....Balayang....

NPC ID: 17613156
  Name: TreasureCasket
  POLUtils_Name: Treasure Casket
  Type: Simple NPC
  XYZR: 217.903, -23.713, 96.426, 196
  Mask: 00001111
        |  0  1  2  3  4  5  6  7  8  9  A  B  C  D  E  F      | 0123456789ABCDEF
    -----------------------------------------------------  ----------------------
      0 | 0E 24 0A 00 64 C1 0C 01 64 01 0F C4 2B E7 59 43    0 | .$..d...d...+.YC
      1 | 39 B4 BD C1 1D DA C0 42 07 00 00 00 32 32 64 00    1 | 9......B....22d.
      2 | 02 03 00 00 00 00 00 00 00 00 04 04 00 00 00 00    2 | ................
      3 | 00 00 C5 03 54 72 65 61 73 75 72 65 43 61 73 6B    3 | ....TreasureCask
      4 | 65 74 00 00 00 00 00 00 -- -- -- -- -- -- -- --    4 | et......--------

NPC ID: 17612917
  Name: Wekufe
  POLUtils_Name: Wekufe
  Type: Simple NPC
  XYZR: 230.331, -24.099, 21.041, 26
  Mask: 00001111
        |  0  1  2  3  4  5  6  7  8  9  A  B  C  D  E  F      | 0123456789ABCDEF
    -----------------------------------------------------  ----------------------
      0 | 0E 20 0A 00 75 C0 0C 01 75 00 0F 1A BC 54 66 43    0 | . ..u...u....TfC
      1 | C1 CA C0 C1 F8 53 A8 41 67 06 00 00 28 28 00 03    1 | .....S.Ag...((..
      2 | 07 85 00 00 00 09 00 00 00 00 00 00 00 00 00 00    2 | ................
      3 | 00 00 70 01 57 65 6B 75 66 65 00 00 00 00 00 00    3 | ..p.Wekufe......

NPC ID: 17613181
  Name: _5o0
  POLUtils_Name: Cermet Portal
  Type: Simple NPC
  XYZR: 231.475, -25.280, 60.000, 0
  Mask: 00000111
        |  0  1  2  3  4  5  6  7  8  9  A  B  C  D  E  F      | 0123456789ABCDEF
    -----------------------------------------------------  ----------------------
      0 | 0E 20 0A 00 7D C1 0C 01 7D 01 07 00 9A 79 67 43    0 | . ..}...}....ygC
      1 | 71 3D CA C1 00 00 70 42 01 00 00 00 32 32 64 09    1 | q=....pB....22d.
      2 | 00 03 10 00 00 00 00 00 00 00 00 00 00 00 00 00    2 | ................
      3 | 02 00 00 00 5F 35 6F 30 00 00 00 00 00 00 00 00    3 | ...._5o0........

NPC ID: 17613276
  Name: HomePoint#1
  POLUtils_Name: Home Point #1
  Type: Simple NPC
  XYZR: 243.000, -24.500, 62.000, 0
  Mask: 00001111
        |  0  1  2  3  4  5  6  7  8  9  A  B  C  D  E  F      | 0123456789ABCDEF
    -----------------------------------------------------  ----------------------
      0 | 0E 22 0A 00 DC C1 0C 01 DC 01 0F 00 00 00 73 43    0 | ."............sC
      1 | 00 00 C4 C1 00 00 78 42 01 00 00 00 32 32 64 00    1 | ......xB....22d.
      2 | 00 03 00 00 00 00 00 00 00 00 00 00 00 00 00 00    2 | ................
      3 | 00 00 33 00 48 6F 6D 65 50 6F 69 6E 74 23 31 00    3 | ..3.HomePoint#1.
      4 | 00 00 00 00 -- -- -- -- -- -- -- -- -- -- -- --    4 | ....------------

NPC ID: 17612923
  Name: Balayang
  POLUtils_Name: Balayang
  Type: Simple NPC
  XYZR: 218.791, -23.714, 101.200, 175
  Mask: 00001111
        |  0  1  2  3  4  5  6  7  8  9  A  B  C  D  E  F      | 0123456789ABCDEF
    -----------------------------------------------------  ----------------------
      0 | 0E 20 0A 00 7B C0 0C 01 7B 00 0F AF 7F CA 5A 43    0 | . ..{...{.....ZC
      1 | 46 B6 BD C1 66 66 CA 42 57 00 00 00 28 28 64 00    1 | F...ff.BW...((d.
      2 | 01 85 02 00 00 0E 00 00 00 00 00 00 00 00 00 00    2 | ................
      3 | 00 00 00 01 42 61 6C 61 79 61 6E 67 00 00 00 00    3 | ....Balayang....

NPC ID: 17612922
  Name: Balayang
  POLUtils_Name: Balayang
  Type: Simple NPC
  XYZR: 226.958, -23.713, 100.058, 231
  Mask: 00001111
        |  0  1  2  3  4  5  6  7  8  9  A  B  C  D  E  F      | 0123456789ABCDEF
    -----------------------------------------------------  ----------------------
      0 | 0E 20 0A 00 7A C0 0C 01 7A 00 0F E7 3F F5 62 43    0 | . ..z...z...?.bC
      1 | 39 B4 BD C1 B2 1D C8 42 EE 00 00 00 28 28 64 00    1 | 9......B....((d.
      2 | 01 85 02 00 00 0E 00 00 00 00 00 00 00 00 00 00    2 | ................
      3 | 00 00 00 01 42 61 6C 61 79 61 6E 67 00 00 00 00    3 | ....Balayang....

NPC ID: 17612921
  Name: Balayang
  POLUtils_Name: Balayang
  Type: Simple NPC
  XYZR: 216.803, -23.757, 105.917, 12
  Mask: 00001111
        |  0  1  2  3  4  5  6  7  8  9  A  B  C  D  E  F      | 0123456789ABCDEF
    -----------------------------------------------------  ----------------------
      0 | 0E 20 1B 00 79 C0 0C 01 79 00 0F 0C 91 CD 58 43    0 | . ..y...y.....XC
      1 | 56 0E BE C1 81 D5 D3 42 8B 00 00 00 28 28 64 00    1 | V......B....((d.
      2 | 01 85 02 00 00 0E 00 00 00 00 00 00 00 00 00 00    2 | ................
      3 | 00 00 00 01 42 61 6C 61 79 61 6E 67 00 00 00 00    3 | ....Balayang....

NPC ID: 17612915
  Name: Wekufe
  POLUtils_Name: Wekufe
  Type: Simple NPC
  XYZR: 211.907, -23.794, 22.406, 11
  Mask: 00001111
        |  0  1  2  3  4  5  6  7  8  9  A  B  C  D  E  F      | 0123456789ABCDEF
    -----------------------------------------------------  ----------------------
      0 | 0E 20 0A 00 73 C0 0C 01 73 00 0F 0B 31 E8 53 43    0 | . ..s...s...1.SC
      1 | 1D 5A BE C1 7D 3F B3 41 B8 00 00 00 28 28 64 00    1 | .Z..}?.A....((d.
      2 | 01 85 00 00 00 09 00 00 00 00 00 00 00 00 00 00    2 | ................
      3 | 00 00 70 01 57 65 6B 75 66 65 00 00 00 00 00 00    3 | ..p.Wekufe......

NPC ID: 17612914
  Name: Wekufe
  POLUtils_Name: Wekufe
  Type: Simple NPC
  XYZR: 210.734, -24.112, 28.891, 212
  Mask: 00001111
        |  0  1  2  3  4  5  6  7  8  9  A  B  C  D  E  F      | 0123456789ABCDEF
    -----------------------------------------------------  ----------------------
      0 | 0E 20 0A 00 72 C0 0C 01 72 00 0F D4 E7 BB 52 43    0 | . ..r...r.....RC
      1 | 60 E5 C0 C1 C5 20 E7 41 57 01 00 00 28 28 64 00    1 | `.... .AW...((d.
      2 | 01 85 00 00 00 09 00 00 00 00 00 00 00 00 00 00    2 | ................
      3 | 00 00 70 01 57 65 6B 75 66 65 00 00 00 00 00 00    3 | ..p.Wekufe......

NPC ID: 17613157
  Name: TreasureCasket
  POLUtils_Name: Treasure Casket
  Type: Simple NPC
  XYZR: 218.401, -23.871, 107.127, 22
  Mask: 00001111
        |  0  1  2  3  4  5  6  7  8  9  A  B  C  D  E  F      | 0123456789ABCDEF
    -----------------------------------------------------  ----------------------
      0 | 0E 24 0B 00 65 C1 0C 01 65 01 0F 16 A8 66 5A 43    0 | .$..e...e....fZC
      1 | CF F7 BE C1 06 41 D6 42 06 00 00 00 32 32 64 00    1 | .....A.B....22d.
      2 | 02 03 08 00 00 00 00 00 00 00 04 0C 00 00 00 00    2 | ................
      3 | 00 00 C5 03 54 72 65 61 73 75 72 65 43 61 73 6B    3 | ....TreasureCask
      4 | 65 74 00 00 00 00 00 00 -- -- -- -- -- -- -- --    4 | et......--------

