NPC ID: 17852551
  Name: X-32
  POLUtils_Name: X-32
  Type: Simple NPC
  XYZR: -190.630, -0.932, -248.776, 128
  Mask: 00001111
        |  0  1  2  3  4  5  6  7  8  9  A  B  C  D  E  F      | 0123456789ABCDEF
    -----------------------------------------------------  ----------------------
      0 | 0E 1E 0A 00 87 68 10 01 87 07 0F 80 48 A1 3E C3    0 | .....h......H.>.
      1 | 8D 97 6E BF A8 C6 78 C3 00 00 00 00 00 32 64 00    1 | ..n...x......2d.
      2 | 00 99 00 00 00 08 00 28 00 01 00 00 00 00 00 00    2 | .......(........
      3 | 06 00 CA 07 58 2D 33 32 00 00 00 00 -- -- -- --    3 | ....X-32....----

NPC ID: 17850979
  Name: HomePoint#1
  POLUtils_Name: Home Point #1
  Type: Simple NPC
  XYZR: -193.000, -0.500, -252.000, 128
  Mask: 00001111
        |  0  1  2  3  4  5  6  7  8  9  A  B  C  D  E  F      | 0123456789ABCDEF
    -----------------------------------------------------  ----------------------
      0 | 0E 22 0A 00 63 62 10 01 63 02 0F 80 00 00 41 C3    0 | ."..cb..c.....A.
      1 | 00 00 00 BF 00 00 7C C3 01 00 00 00 32 32 64 00    1 | ......|.....22d.
      2 | 00 03 00 00 00 00 00 00 00 00 00 00 00 00 00 00    2 | ................
      3 | 00 00 33 00 48 6F 6D 65 50 6F 69 6E 74 23 31 00    3 | ..3.HomePoint#1.
      4 | 00 00 00 00 -- -- -- -- -- -- -- -- -- -- -- --    4 | ....------------

NPC ID: 17850899
  Name: ???
  POLUtils_Name: ???
  Type: Simple NPC
  XYZR: -180.000, 0.781, -254.000, 0
  Mask: 00001111
        |  0  1  2  3  4  5  6  7  8  9  A  B  C  D  E  F      | 0123456789ABCDEF
    -----------------------------------------------------  ----------------------
      0 | 0E 1E 0A 00 13 62 10 01 13 02 0F 00 00 00 34 C3    0 | .....b........4.
      1 | 9E EF 47 3F 00 00 7E C3 01 80 00 00 32 32 64 00    1 | ..G?..~.....22d.
      2 | 00 03 00 00 00 00 00 00 00 00 00 00 00 00 00 00    2 | ................
      3 | 00 00 32 00 3F 3F 3F 00 00 00 00 00 -- -- -- --    3 | ..2.???.....----

NPC ID: 17850706
  Name: VampireLeech
  POLUtils_Name: Vampire Leech
  Type: Simple NPC
  XYZR: -202.806, -6.756, -180.471, 129
  Mask: 00001111
        |  0  1  2  3  4  5  6  7  8  9  A  B  C  D  E  F      | 0123456789ABCDEF
    -----------------------------------------------------  ----------------------
      0 | 0E 22 59 00 52 61 10 01 52 01 0F 81 56 CE 4A C3    0 | ."Y.Ra..R...V.J.
      1 | 27 31 D8 C0 93 78 34 C3 4F 01 00 00 28 28 64 00    1 | '1...x4.O...((d.
      2 | 01 81 02 00 00 09 00 00 00 00 00 00 00 00 00 00    2 | ................
      3 | 00 00 14 01 56 61 6D 70 69 72 65 4C 65 65 63 68    3 | ....VampireLeech
      4 | 00 00 00 00 -- -- -- -- -- -- -- -- -- -- -- --    4 | ....------------

NPC ID: 17850611
  Name: VampireLeech
  POLUtils_Name: Vampire Leech
  Type: Simple NPC
  XYZR: -237.307, -2.667, -204.988, 153
  Mask: 00001111
        |  0  1  2  3  4  5  6  7  8  9  A  B  C  D  E  F      | 0123456789ABCDEF
    -----------------------------------------------------  ----------------------
      0 | 0E 22 5B 00 F3 60 10 01 F3 00 0F 99 98 4E 6D C3    0 | ."[..`.......Nm.
      1 | 21 B0 2A C0 EE FC 4C C3 58 01 00 00 28 28 64 00    1 | !.*...L.X...((d.
      2 | 01 81 02 00 00 09 00 00 00 00 00 00 00 00 00 00    2 | ................
      3 | 00 00 14 01 56 61 6D 70 69 72 65 4C 65 65 63 68    3 | ....VampireLeech
      4 | 00 00 00 00 -- -- -- -- -- -- -- -- -- -- -- --    4 | ....------------

NPC ID: 17850610
  Name: VampireLeech
  POLUtils_Name: Vampire Leech
  Type: Simple NPC
  XYZR: -238.960, -2.529, -199.036, 189
  Mask: 00001111
        |  0  1  2  3  4  5  6  7  8  9  A  B  C  D  E  F      | 0123456789ABCDEF
    -----------------------------------------------------  ----------------------
      0 | 0E 22 5D 00 F2 60 10 01 F2 00 0F BD C3 F5 6E C3    0 | ."]..`........n.
      1 | 23 DB 21 C0 37 09 47 C3 52 01 00 00 28 28 64 00    1 | #.!.7.G.R...((d.
      2 | 01 81 02 00 00 09 00 00 00 00 00 00 00 00 00 00    2 | ................
      3 | 00 00 14 01 56 61 6D 70 69 72 65 4C 65 65 63 68    3 | ....VampireLeech
      4 | 00 00 00 00 -- -- -- -- -- -- -- -- -- -- -- --    4 | ....------------

NPC ID: 17850612
  Name: NumbingBlossom
  POLUtils_Name: Numbing Blossom
  Type: Simple NPC
  XYZR: -245.128, -2.513, -201.359, 100
  Mask: 00001111
        |  0  1  2  3  4  5  6  7  8  9  A  B  C  D  E  F      | 0123456789ABCDEF
    -----------------------------------------------------  ----------------------
      0 | 0E 24 5E 00 F4 60 10 01 F4 00 0F 64 C5 20 75 C3    0 | .$^..`.....d. u.
      1 | FE D4 20 C0 E7 5B 49 C3 07 00 00 00 28 28 64 00    1 | .. ..[I.....((d.
      2 | 01 81 02 00 00 03 00 00 00 00 08 00 00 00 00 00    2 | ................
      3 | 00 00 D8 0A 4E 75 6D 62 69 6E 67 42 6C 6F 73 73    3 | ....NumbingBloss
      4 | 6F 6D 00 00 00 00 00 00 -- -- -- -- -- -- -- --    4 | om......--------

NPC ID: 17850607
  Name: VampireLeech
  POLUtils_Name: Vampire Leech
  Type: Simple NPC
  XYZR: -247.259, -2.593, -197.478, 225
  Mask: 00001111
        |  0  1  2  3  4  5  6  7  8  9  A  B  C  D  E  F      | 0123456789ABCDEF
    -----------------------------------------------------  ----------------------
      0 | 0E 22 5F 00 EF 60 10 01 EF 00 0F E1 4E 42 77 C3    0 | ."_..`......NBw.
      1 | B6 F3 25 C0 5E 7A 45 C3 A4 00 00 00 28 28 64 00    1 | ..%.^zE.....((d.
      2 | 01 81 02 00 00 09 00 00 00 00 00 00 00 00 00 00    2 | ................
      3 | 00 00 14 01 56 61 6D 70 69 72 65 4C 65 65 63 68    3 | ....VampireLeech
      4 | 00 00 00 00 -- -- -- -- -- -- -- -- -- -- -- --    4 | ....------------

NPC ID: 17850609
  Name: Phantasmagoric
  POLUtils_Name: Phantasmagoric Umbril
  Type: Simple NPC
  XYZR: -249.891, -3.213, -192.127, 171
  Mask: 00001111
        |  0  1  2  3  4  5  6  7  8  9  A  B  C  D  E  F      | 0123456789ABCDEF
    -----------------------------------------------------  ----------------------
      0 | 0E 24 61 00 F1 60 10 01 F1 00 0F AB 19 E4 79 C3    0 | .$a..`........y.
      1 | CB A1 4D C0 83 20 40 C3 ED 00 00 00 28 28 64 00    1 | ..M.. @.....((d.
      2 | 01 81 00 00 00 06 00 02 00 00 05 00 00 00 00 00    2 | ................
      3 | 00 00 05 0A 50 68 61 6E 74 61 73 6D 61 67 6F 72    3 | ....Phantasmagor
      4 | 69 63 00 00 00 00 00 00 -- -- -- -- -- -- -- --    4 | ic......--------

NPC ID: 17850608
  Name: VampireLeech
  POLUtils_Name: Vampire Leech
  Type: Simple NPC
  XYZR: -255.165, -4.034, -191.639, 147
  Mask: 00001111
        |  0  1  2  3  4  5  6  7  8  9  A  B  C  D  E  F      | 0123456789ABCDEF
    -----------------------------------------------------  ----------------------
      0 | 0E 22 62 00 F0 60 10 01 F0 00 0F 93 3D 2A 7F C3    0 | ."b..`......=*..
      1 | 87 16 81 C0 96 A3 3F C3 07 01 00 00 28 28 64 00    1 | ......?.....((d.
      2 | 01 81 02 00 00 09 00 00 00 00 00 00 00 00 00 00    2 | ................
      3 | 00 00 14 01 56 61 6D 70 69 72 65 4C 65 65 63 68    3 | ....VampireLeech
      4 | 00 00 00 00 -- -- -- -- -- -- -- -- -- -- -- --    4 | ....------------

NPC ID: 17850618
  Name: VampireLeech
  POLUtils_Name: Vampire Leech
  Type: Simple NPC
  XYZR: -278.237, -2.576, -166.333, 226
  Mask: 00001111
        |  0  1  2  3  4  5  6  7  8  9  A  B  C  D  E  F      | 0123456789ABCDEF
    -----------------------------------------------------  ----------------------
      0 | 0E 22 6D 00 FA 60 10 01 FA 00 0F E2 56 1E 8B C3    0 | ."m..`......V...
      1 | 2F DD 24 C0 3F 55 26 C3 FD 00 00 00 28 28 64 00    1 | /.$.?U&.....((d.
      2 | 01 81 02 00 00 09 00 00 00 00 00 00 00 00 00 00    2 | ................
      3 | 00 00 14 01 56 61 6D 70 69 72 65 4C 65 65 63 68    3 | ....VampireLeech
      4 | 00 00 00 00 -- -- -- -- -- -- -- -- -- -- -- --    4 | ....------------

NPC ID: 17850620
  Name: VampireLeech
  POLUtils_Name: Vampire Leech
  Type: Simple NPC
  XYZR: -277.845, -2.511, -163.789, 24
  Mask: 00001111
        |  0  1  2  3  4  5  6  7  8  9  A  B  C  D  E  F      | 0123456789ABCDEF
    -----------------------------------------------------  ----------------------
      0 | 0E 22 6D 00 FC 60 10 01 FC 00 0F 18 29 EC 8A C3    0 | ."m..`......)...
      1 | 39 B4 20 C0 FC C9 23 C3 8B 01 00 00 28 28 64 00    1 | 9. ...#.....((d.
      2 | 01 81 02 00 00 09 00 00 00 00 00 00 00 00 00 00    2 | ................
      3 | 00 00 14 01 56 61 6D 70 69 72 65 4C 65 65 63 68    3 | ....VampireLeech
      4 | 00 00 00 00 -- -- -- -- -- -- -- -- -- -- -- --    4 | ....------------

NPC ID: 17850621
  Name: HoaryCraklaw
  POLUtils_Name: Hoary Craklaw
  Type: Simple NPC
  XYZR: -264.325, -4.197, -152.079, 194
  Mask: 00001111
        |  0  1  2  3  4  5  6  7  8  9  A  B  C  D  E  F      | 0123456789ABCDEF
    -----------------------------------------------------  ----------------------
      0 | 0E 22 6F 00 FD 60 10 01 FD 00 0F C2 9A 29 84 C3    0 | ."o..`.......)..
      1 | D3 4D 86 C0 39 14 18 C3 7D 01 00 00 28 28 00 03    1 | .M..9...}...((..
      2 | 07 81 00 00 00 0D 00 00 00 00 00 00 12 F1 09 00    2 | ................
      3 | 00 00 FB 09 48 6F 61 72 79 43 72 61 6B 6C 61 77    3 | ....HoaryCraklaw
      4 | 00 00 00 00 -- -- -- -- -- -- -- -- -- -- -- --    4 | ....------------

NPC ID: 17850619
  Name: VampireLeech
  POLUtils_Name: Vampire Leech
  Type: Simple NPC
  XYZR: -284.384, -2.571, -159.416, 204
  Mask: 00001111
        |  0  1  2  3  4  5  6  7  8  9  A  B  C  D  E  F      | 0123456789ABCDEF
    -----------------------------------------------------  ----------------------
      0 | 0E 22 70 00 FB 60 10 01 FB 00 0F CC 27 31 8E C3    0 | ."p..`......'1..
      1 | 44 8B 24 C0 7F 6A 1F C3 26 01 00 00 28 28 64 00    1 | D.$..j..&...((d.
      2 | 01 81 02 00 00 09 00 00 00 00 00 00 00 00 00 00    2 | ................
      3 | 00 00 14 01 56 61 6D 70 69 72 65 4C 65 65 63 68    3 | ....VampireLeech
      4 | 00 00 00 00 -- -- -- -- -- -- -- -- -- -- -- --    4 | ....------------

NPC ID: 17850622
  Name: Phantasmagoric
  POLUtils_Name: Phantasmagoric Umbril
  Type: Simple NPC
  XYZR: -269.215, -3.767, -149.583, 210
  Mask: 00001111
        |  0  1  2  3  4  5  6  7  8  9  A  B  C  D  E  F      | 0123456789ABCDEF
    -----------------------------------------------------  ----------------------
      0 | 0E 24 70 00 FE 60 10 01 FE 00 0F D2 85 9B 86 C3    0 | .$p..`..........
      1 | 87 16 71 C0 3F 95 15 C3 66 0A 00 00 28 28 00 03    1 | ..q.?...f...((..
      2 | 07 81 00 00 00 06 00 02 00 00 04 00 12 F1 09 00    2 | ................
      3 | 00 00 05 0A 50 68 61 6E 74 61 73 6D 61 67 6F 72    3 | ....Phantasmagor
      4 | 69 63 00 00 00 00 00 00 -- -- -- -- -- -- -- --    4 | ic......--------

NPC ID: 17850722
  Name: ZoldeffJagil
  POLUtils_Name: Zoldeff Jagil
  Type: Simple NPC
  XYZR: -288.773, -2.097, -150.810, 167
  Mask: 00001111
        |  0  1  2  3  4  5  6  7  8  9  A  B  C  D  E  F      | 0123456789ABCDEF
    -----------------------------------------------------  ----------------------
      0 | 0E 22 73 00 62 61 10 01 62 01 0F A7 F2 62 90 C3    0 | ."s.ba..b....b..
      1 | 3F 35 06 C0 5C CF 16 C3 7A 00 00 00 28 28 64 00    1 | ?5..\\...z...((d.
      2 | 03 83 00 00 00 1B 00 00 00 00 00 00 00 00 00 00    2 | ................
      3 | 00 00 5D 01 5A 6F 6C 64 65 66 66 4A 61 67 69 6C    3 | ..].ZoldeffJagil
      4 | 00 00 00 00 -- -- -- -- -- -- -- -- -- -- -- --    4 | ....------------

NPC ID: 17850707
  Name: VampireLeech
  POLUtils_Name: Vampire Leech
  Type: Simple NPC
  XYZR: -236.053, -6.755, -140.970, 127
  Mask: 00001111
        |  0  1  2  3  4  5  6  7  8  9  A  B  C  D  E  F      | 0123456789ABCDEF
    -----------------------------------------------------  ----------------------
      0 | 0E 22 74 00 53 61 10 01 53 01 0F 7F 91 0D 6C C3    0 | ."t.Sa..S.....l.
      1 | F6 28 D8 C0 52 F8 0C C3 B3 00 00 00 28 28 64 00    1 | .(..R.......((d.
      2 | 01 81 02 00 00 09 00 00 00 00 00 00 00 00 00 00    2 | ................
      3 | 00 00 14 01 56 61 6D 70 69 72 65 4C 65 65 63 68    3 | ....VampireLeech
      4 | 00 00 00 00 -- -- -- -- -- -- -- -- -- -- -- --    4 | ....------------

NPC ID: 17850897
  Name: _7al
  POLUtils_Name: NPC
  Type: Simple NPC
  XYZR: -427.220, -2.939, -259.488, 0
  Mask: 00000111
        |  0  1  2  3  4  5  6  7  8  9  A  B  C  D  E  F      | 0123456789ABCDEF
    -----------------------------------------------------  ----------------------
      0 | 0E 20 90 00 11 62 10 01 11 02 07 00 29 9C D5 C3    0 | . ...b......)...
      1 | 93 18 3C C0 77 BE 81 C3 01 00 00 00 32 32 64 08    1 | ..<.w.......22d.
      2 | 00 03 18 00 00 00 00 00 00 00 00 00 00 00 00 00    2 | ................
      3 | 02 00 00 00 5F 37 61 6C 00 00 00 00 00 00 00 00    3 | ...._7al........

NPC ID: 17850708
  Name: GlutinousClot
  POLUtils_Name: Glutinous Clot
  Type: Simple NPC
  XYZR: -380.834, -6.760, -162.597, 64
  Mask: 00001111
        |  0  1  2  3  4  5  6  7  8  9  A  B  C  D  E  F      | 0123456789ABCDEF
    -----------------------------------------------------  ----------------------
      0 | 0E 24 A0 00 54 61 10 01 54 01 0F 40 C1 6A BE C3    0 | .$..Ta..T..@.j..
      1 | EC 51 D8 C0 D5 98 22 C3 7B 00 00 00 28 28 64 00    1 | .Q....".{...((d.
      2 | 01 81 00 00 00 14 00 00 00 00 00 00 00 00 00 00    2 | ................
      3 | 00 00 26 01 47 6C 75 74 69 6E 6F 75 73 43 6C 6F    3 | ..&.GlutinousClo
      4 | 74 00 00 00 00 00 00 00 -- -- -- -- -- -- -- --    4 | t.......--------

NPC ID: 17850709
  Name: NumbingBlossom
  POLUtils_Name: Numbing Blossom
  Type: Simple NPC
  XYZR: -378.087, -6.823, -165.125, 42
  Mask: 00001111
        |  0  1  2  3  4  5  6  7  8  9  A  B  C  D  E  F      | 0123456789ABCDEF
    -----------------------------------------------------  ----------------------
      0 | 0E 24 A0 00 55 61 10 01 55 01 0F 2A 23 0B BD C3    0 | .$..Ua..U..*#...
      1 | 04 56 DA C0 00 20 25 C3 06 00 00 00 28 28 00 03    1 | .V... %.....((..
      2 | 07 81 02 00 00 03 00 00 00 00 08 00 B4 3B 07 00    2 | .............;..
      3 | 00 00 D8 0A 4E 75 6D 62 69 6E 67 42 6C 6F 73 73    3 | ....NumbingBloss
      4 | 6F 6D 00 00 00 00 00 00 -- -- -- -- -- -- -- --    4 | om......--------

NPC ID: 17850639
  Name: GlutinousClot
  POLUtils_Name: Glutinous Clot
  Type: Simple NPC
  XYZR: -392.111, -2.665, -205.258, 196
  Mask: 00001111
        |  0  1  2  3  4  5  6  7  8  9  A  B  C  D  E  F      | 0123456789ABCDEF
    -----------------------------------------------------  ----------------------
      0 | 0E 24 C7 00 0F 61 10 01 0F 01 0F C4 35 0E C4 C3    0 | .$...a......5...
      1 | 5C 8F 2A C0 0C 42 4D C3 19 01 00 00 28 28 64 00    1 | \\.*..BM.....((d.
      2 | 01 81 00 00 00 14 00 00 00 00 00 00 00 00 00 00    2 | ................
      3 | 00 00 26 01 47 6C 75 74 69 6E 6F 75 73 43 6C 6F    3 | ..&.GlutinousClo
      4 | 74 00 00 00 00 00 00 00 -- -- -- -- -- -- -- --    4 | t.......--------

NPC ID: 17850638
  Name: VelkkSage
  POLUtils_Name: Velkk Sage
  Type: Simple NPC
  XYZR: -394.185, -2.625, -204.276, 141
  Mask: 00001111
        |  0  1  2  3  4  5  6  7  8  9  A  B  C  D  E  F      | 0123456789ABCDEF
    -----------------------------------------------------  ----------------------
      0 | 0E 22 C8 00 0E 61 10 01 0E 01 0F 8D AE 17 C5 C3    0 | ."...a..........
      1 | 00 00 28 C0 A8 46 4C C3 5D 00 00 00 28 28 64 00    1 | ..(..FL.]...((d.
      2 | 01 81 00 00 00 0A 00 00 00 00 00 00 00 00 00 00    2 | ................
      3 | 00 00 DD 09 56 65 6C 6B 6B 53 61 67 65 00 00 00    3 | ....VelkkSage...
      4 | 00 00 00 00 -- -- -- -- -- -- -- -- -- -- -- --    4 | ....------------

NPC ID: 17850637
  Name: VelkkSage
  POLUtils_Name: Velkk Sage
  Type: Simple NPC
  XYZR: -396.891, -1.915, -213.205, 89
  Mask: 00001111
        |  0  1  2  3  4  5  6  7  8  9  A  B  C  D  E  F      | 0123456789ABCDEF
    -----------------------------------------------------  ----------------------
      0 | 0E 22 CA 00 0D 61 10 01 0D 01 0F 59 0C 72 C6 C3    0 | ."...a.....Y.r..
      1 | B8 1E F5 BF 7B 34 55 C3 17 01 00 00 28 28 64 00    1 | ....{4U.....((d.
      2 | 01 81 00 00 00 0A 00 00 00 00 00 00 00 00 00 00    2 | ................
      3 | 00 00 DD 09 56 65 6C 6B 6B 53 61 67 65 00 00 00    3 | ....VelkkSage...
      4 | 00 00 00 00 -- -- -- -- -- -- -- -- -- -- -- --    4 | ....------------

NPC ID: 17850640
  Name: GlutinousClot
  POLUtils_Name: Glutinous Clot
  Type: Simple NPC
  XYZR: -399.922, -1.774, -215.272, 6
  Mask: 00001111
        |  0  1  2  3  4  5  6  7  8  9  A  B  C  D  E  F      | 0123456789ABCDEF
    -----------------------------------------------------  ----------------------
      0 | 0E 24 CC 00 10 61 10 01 10 01 0F 06 04 F6 C7 C3    0 | .$...a..........
      1 | 6F 12 E3 BF A2 45 57 C3 53 01 00 00 28 28 64 00    1 | o....EW.S...((d.
      2 | 01 81 00 00 00 14 00 00 00 00 00 00 00 00 00 00    2 | ................
      3 | 00 00 26 01 47 6C 75 74 69 6E 6F 75 73 43 6C 6F    3 | ..&.GlutinousClo
      4 | 74 00 00 00 00 00 00 00 -- -- -- -- -- -- -- --    4 | t.......--------

NPC ID: 17850641
  Name: GlutinousClot
  POLUtils_Name: Glutinous Clot
  Type: Simple NPC
  XYZR: -396.679, -1.719, -223.974, 161
  Mask: 00001111
        |  0  1  2  3  4  5  6  7  8  9  A  B  C  D  E  F      | 0123456789ABCDEF
    -----------------------------------------------------  ----------------------
      0 | 0E 24 CE 00 11 61 10 01 11 01 0F A1 E9 56 C6 C3    0 | .$...a.......V..
      1 | 31 08 DC BF 58 F9 5F C3 51 01 00 00 28 28 64 00    1 | 1...X._.Q...((d.
      2 | 01 81 00 00 00 14 00 00 00 00 00 00 00 00 00 00    2 | ................
      3 | 00 00 26 01 47 6C 75 74 69 6E 6F 75 73 43 6C 6F    3 | ..&.GlutinousClo
      4 | 74 00 00 00 00 00 00 00 -- -- -- -- -- -- -- --    4 | t.......--------

NPC ID: 17850642
  Name: GlutinousClot
  POLUtils_Name: Glutinous Clot
  Type: Simple NPC
  XYZR: -399.636, -2.196, -230.348, 247
  Mask: 00001111
        |  0  1  2  3  4  5  6  7  8  9  A  B  C  D  E  F      | 0123456789ABCDEF
    -----------------------------------------------------  ----------------------
      0 | 0E 24 D0 00 12 61 10 01 12 01 0F F7 68 D1 C7 C3    0 | .$...a......h...
      1 | 44 8B 0C C0 17 59 66 C3 19 01 00 00 28 28 64 00    1 | D....Yf.....((d.
      2 | 01 81 00 00 00 14 00 00 00 00 00 00 00 00 00 00    2 | ................
      3 | 00 00 26 01 47 6C 75 74 69 6E 6F 75 73 43 6C 6F    3 | ..&.GlutinousClo
      4 | 74 00 00 00 00 00 00 00 -- -- -- -- -- -- -- --    4 | t.......--------

NPC ID: 17850645
  Name: ScummySlug
  POLUtils_Name: Scummy Slug
  Type: Simple NPC
  XYZR: -364.678, -2.693, -233.877, 202
  Mask: 00001111
        |  0  1  2  3  4  5  6  7  8  9  A  B  C  D  E  F      | 0123456789ABCDEF
    -----------------------------------------------------  ----------------------
      0 | 0E 22 D2 00 15 61 10 01 15 01 0F CA C9 56 B6 C3    0 | ."...a.......V..
      1 | 1D 5A 2C C0 83 E0 69 C3 0B 01 00 00 28 28 64 00    1 | .Z,...i.....((d.
      2 | 01 81 02 00 00 0F 00 00 00 00 08 00 00 00 00 00    2 | ................
      3 | 00 00 E5 07 53 63 75 6D 6D 79 53 6C 75 67 00 00    3 | ....ScummySlug..
      4 | 00 00 00 00 -- -- -- -- -- -- -- -- -- -- -- --    4 | ....------------

NPC ID: 17850643
  Name: GlutinousClot
  POLUtils_Name: Glutinous Clot
  Type: Simple NPC
  XYZR: -405.136, -2.549, -238.634, 210
  Mask: 00001111
        |  0  1  2  3  4  5  6  7  8  9  A  B  C  D  E  F      | 0123456789ABCDEF
    -----------------------------------------------------  ----------------------
      0 | 0E 24 D3 00 13 61 10 01 13 01 0F D2 68 91 CA C3    0 | .$...a......h...
      1 | D1 22 23 C0 4E A2 6E C3 51 01 00 00 28 28 64 00    1 | ."#.N.n.Q...((d.
      2 | 01 81 00 00 00 14 00 00 00 00 00 00 00 00 00 00    2 | ................
      3 | 00 00 26 01 47 6C 75 74 69 6E 6F 75 73 43 6C 6F    3 | ..&.GlutinousClo
      4 | 74 00 00 00 00 00 00 00 -- -- -- -- -- -- -- --    4 | t.......--------

NPC ID: 17850648
  Name: GlutinousClot
  POLUtils_Name: Glutinous Clot
  Type: Simple NPC
  XYZR: -378.867, -1.652, -239.744, 218
  Mask: 00001111
        |  0  1  2  3  4  5  6  7  8  9  A  B  C  D  E  F      | 0123456789ABCDEF
    -----------------------------------------------------  ----------------------
      0 | 0E 24 D3 00 18 61 10 01 18 01 0F DA FA 6E BD C3    0 | .$...a.......n..
      1 | BC 74 D3 BF 77 BE 6F C3 B8 01 00 00 28 28 64 00    1 | .t..w.o.....((d.
      2 | 01 81 00 00 00 14 00 00 00 00 00 00 00 00 00 00    2 | ................
      3 | 00 00 26 01 47 6C 75 74 69 6E 6F 75 73 43 6C 6F    3 | ..&.GlutinousClo
      4 | 74 00 00 00 00 00 00 00 -- -- -- -- -- -- -- --    4 | t.......--------

NPC ID: 17850647
  Name: GlutinousClot
  POLUtils_Name: Glutinous Clot
  Type: Simple NPC
  XYZR: -379.245, -1.643, -239.704, 220
  Mask: 00001111
        |  0  1  2  3  4  5  6  7  8  9  A  B  C  D  E  F      | 0123456789ABCDEF
    -----------------------------------------------------  ----------------------
      0 | 0E 24 D3 00 17 61 10 01 17 01 0F DC 5C 9F BD C3    0 | .$...a......\\...
      1 | D3 4D D2 BF 39 B4 6F C3 43 01 00 00 28 28 64 00    1 | .M..9.o.C...((d.
      2 | 01 81 00 00 00 14 00 00 00 00 00 00 00 00 00 00    2 | ................
      3 | 00 00 26 01 47 6C 75 74 69 6E 6F 75 73 43 6C 6F    3 | ..&.GlutinousClo
      4 | 74 00 00 00 00 00 00 00 -- -- -- -- -- -- -- --    4 | t.......--------

NPC ID: 17850646
  Name: ScummySlug
  POLUtils_Name: Scummy Slug
  Type: Simple NPC
  XYZR: -379.505, -1.644, -239.642, 219
  Mask: 00001111
        |  0  1  2  3  4  5  6  7  8  9  A  B  C  D  E  F      | 0123456789ABCDEF
    -----------------------------------------------------  ----------------------
      0 | 0E 22 D3 00 16 61 10 01 16 01 0F DB A4 C0 BD C3    0 | ."...a..........
      1 | 98 6E D2 BF 5A A4 6F C3 51 01 00 00 28 28 64 00    1 | .n..Z.o.Q...((d.
      2 | 01 81 02 00 00 0F 00 00 00 00 08 00 00 00 00 00    2 | ................
      3 | 00 00 E5 07 53 63 75 6D 6D 79 53 6C 75 67 00 00    3 | ....ScummySlug..
      4 | 00 00 00 00 -- -- -- -- -- -- -- -- -- -- -- --    4 | ....------------

NPC ID: 17850644
  Name: VelkkDestructe
  POLUtils_Name: Velkk Destructeur
  Type: Simple NPC
  XYZR: -408.948, -2.731, -238.256, 161
  Mask: 00001111
        |  0  1  2  3  4  5  6  7  8  9  A  B  C  D  E  F      | 0123456789ABCDEF
    -----------------------------------------------------  ----------------------
      0 | 0E 24 D4 00 14 61 10 01 14 01 0F A1 58 79 CC C3    0 | .$...a......Xy..
      1 | B4 C8 2E C0 89 41 6E C3 F1 01 00 00 28 28 64 00    1 | .....An.....((d.
      2 | 01 81 00 00 00 0A 00 00 00 00 00 00 00 00 00 00    2 | ................
      3 | 00 00 D8 09 56 65 6C 6B 6B 44 65 73 74 72 75 63    3 | ....VelkkDestruc
      4 | 74 65 00 00 00 00 00 00 -- -- -- -- -- -- -- --    4 | te......--------

NPC ID: 17850649
  Name: NumbingBlossom
  POLUtils_Name: Numbing Blossom
  Type: Simple NPC
  XYZR: -362.297, -2.544, -244.714, 115
  Mask: 00001111
        |  0  1  2  3  4  5  6  7  8  9  A  B  C  D  E  F      | 0123456789ABCDEF
    -----------------------------------------------------  ----------------------
      0 | 0E 24 E8 00 19 61 10 01 19 01 0F 73 04 26 B5 C3    0 | .$...a.....s.&..
      1 | E5 D0 22 C0 C9 B6 74 C3 07 00 00 00 28 28 64 00    1 | .."...t.....((d.
      2 | 01 81 02 00 00 03 00 00 00 00 08 00 00 00 00 00    2 | ................
      3 | 00 00 D8 0A 4E 75 6D 62 69 6E 67 42 6C 6F 73 73    3 | ....NumbingBloss
      4 | 6F 6D 00 00 00 00 00 00 -- -- -- -- -- -- -- --    4 | om......--------

