NPC ID: 17353179
  Name: X-32
  POLUtils_Name: X-32
  Type: Simple NPC
  XYZR: 100.083, -0.228, -37.216, 214
  Mask: 00001111
        |  0  1  2  3  4  5  6  7  8  9  A  B  C  D  E  F      | 0123456789ABCDEF
    -----------------------------------------------------  ----------------------
      0 | 0E 1E 0A 00 DB C9 08 01 DB 08 0F D6 7F 2A C8 42    0 | .............*.B
      1 | D5 78 69 BE 2F DD 14 C2 00 00 00 00 00 32 64 00    1 | .xi./........2d.
      2 | 00 99 00 00 00 08 00 28 00 01 00 00 00 00 00 00    2 | .......(........
      3 | 06 00 BF 07 58 2D 33 32 00 00 00 00 -- -- -- --    3 | ....X-32....----

NPC ID: 17350983
  Name: Ramblix
  POLUtils_Name: Ramblix
  Type: Simple NPC
  XYZR: 100.195, 0.010, 3.197, 230
  Mask: 00001111
        |  0  1  2  3  4  5  6  7  8  9  A  B  C  D  E  F      | 0123456789ABCDEF
    -----------------------------------------------------  ----------------------
      0 | 0E 20 0A 00 47 C1 08 01 47 01 0F E6 D7 63 C8 42    0 | . ..G...G....c.B
      1 | 0A D7 23 3C A6 9B 4C 40 00 00 00 00 32 32 64 00    1 | ..#<..L@....22d.
      2 | 06 1B 00 00 00 00 00 20 00 00 00 00 00 00 00 00    2 | ....... ........
      3 | 00 00 55 00 52 61 6D 62 6C 69 78 00 00 00 00 00    3 | ..U.Ramblix.....

NPC ID: 17350690
  Name: OrcishGrunt
  POLUtils_Name: Orcish Grunt
  Type: Simple NPC
  XYZR: 60.389, 0.016, -37.399, 198
  Mask: 00001111
        |  0  1  2  3  4  5  6  7  8  9  A  B  C  D  E  F      | 0123456789ABCDEF
    -----------------------------------------------------  ----------------------
      0 | 0E 22 0A 00 22 C0 08 01 22 00 0F C6 56 8E 71 42    0 | .".."..."...V.qB
      1 | 6F 12 83 3C 93 98 15 C2 58 01 00 00 28 28 64 00    1 | o..<....X...((d.
      2 | 01 83 04 00 00 0F 00 00 00 00 00 00 00 00 00 00    2 | ................
      3 | 00 00 64 02 4F 72 63 69 73 68 47 72 75 6E 74 00    3 | ..d.OrcishGrunt.
      4 | 00 00 00 00 -- -- -- -- -- -- -- -- -- -- -- --    4 | ....------------

NPC ID: 17350984
  Name: GoblinFootprin
  POLUtils_Name: Goblin Footprint
  Type: Simple NPC
  XYZR: 100.195, 0.010, 3.197, 230
  Mask: 00001111
        |  0  1  2  3  4  5  6  7  8  9  A  B  C  D  E  F      | 0123456789ABCDEF
    -----------------------------------------------------  ----------------------
      0 | 0E 24 0A 00 48 C1 08 01 48 01 0F E6 D7 63 C8 42    0 | .$..H...H....c.B
      1 | 0A D7 23 3C A6 9B 4C 40 01 00 00 00 32 32 64 00    1 | ..#<..L@....22d.
      2 | 00 03 00 00 00 00 00 00 00 00 00 00 00 00 00 00    2 | ................
      3 | 00 00 34 00 47 6F 62 6C 69 6E 46 6F 6F 74 70 72    3 | ..4.GoblinFootpr
      4 | 69 6E 00 00 00 00 00 00 -- -- -- -- -- -- -- --    4 | in......--------

NPC ID: 17351018
  Name: ClandestineMar
  POLUtils_Name: Clandestine Marking
  Type: Simple NPC
  XYZR: 55.474, -2.046, 36.147, 166
  Mask: 00001111
        |  0  1  2  3  4  5  6  7  8  9  A  B  C  D  E  F      | 0123456789ABCDEF
    -----------------------------------------------------  ----------------------
      0 | 0E 24 12 00 6A C1 08 01 6A 01 0F A6 60 E5 5D 42    0 | .$..j...j...`.]B
      1 | AA F1 02 C0 87 96 10 42 01 00 00 00 32 32 64 00    1 | .......B....22d.
      2 | 00 03 00 00 00 00 00 00 00 00 10 00 00 00 00 00    2 | ................
      3 | 00 00 34 00 43 6C 61 6E 64 65 73 74 69 6E 65 4D    3 | ..4.ClandestineM
      4 | 61 72 00 00 00 00 00 00 -- -- -- -- -- -- -- --    4 | ar......--------

NPC ID: 17350974
  Name: LoggingPoint
  POLUtils_Name: Logging Point
  Type: Simple NPC
  XYZR: 11.311, 0.035, 47.594, 0
  Mask: 00001111
        |  0  1  2  3  4  5  6  7  8  9  A  B  C  D  E  F      | 0123456789ABCDEF
    -----------------------------------------------------  ----------------------
      0 | 0E 22 2F 00 3E C1 08 01 3E 01 0F 00 DB F9 34 41    0 | ."/.>...>.....4A
      1 | 29 5C 0F 3D 42 60 3E 42 07 80 00 00 32 32 64 00    1 | )\\.=B`>B....22d.
      2 | 00 03 00 00 00 00 00 00 00 00 00 00 00 00 00 00    2 | ................
      3 | 00 00 77 09 4C 6F 67 67 69 6E 67 50 6F 69 6E 74    3 | ..w.LoggingPoint
      4 | 00 00 00 00 -- -- -- -- -- -- -- -- -- -- -- --    4 | ....------------

NPC ID: 17350673
  Name: SpectacledBats
  POLUtils_Name: Spectacled Bats
  Type: Simple NPC
  XYZR: -2.103, 0.000, 55.305, 206
  Mask: 00001111
        |  0  1  2  3  4  5  6  7  8  9  A  B  C  D  E  F      | 0123456789ABCDEF
    -----------------------------------------------------  ----------------------
      0 | 0E 24 38 00 11 C0 08 01 11 00 0F CE 8D 97 06 C0    0 | .$8.............
      1 | 00 00 00 00 52 38 5D 42 93 01 00 00 28 28 64 00    1 | ....R8]B....((d.
      2 | 01 81 02 00 00 0D 00 40 00 00 08 00 00 00 00 00    2 | .......@........
      3 | 00 00 04 01 53 70 65 63 74 61 63 6C 65 64 42 61    3 | ....SpectacledBa
      4 | 74 73 00 00 00 00 00 00 -- -- -- -- -- -- -- --    4 | ts......--------

NPC ID: 17350672
  Name: SpectacledBats
  POLUtils_Name: Spectacled Bats
  Type: Simple NPC
  XYZR: 9.645, -0.025, 86.625, 8
  Mask: 00001111
        |  0  1  2  3  4  5  6  7  8  9  A  B  C  D  E  F      | 0123456789ABCDEF
    -----------------------------------------------------  ----------------------
      0 | 0E 24 38 00 10 C0 08 01 10 00 0F 08 EC 51 1A 41    0 | .$8..........Q.A
      1 | CD CC CC BC 00 40 AD 42 36 01 00 00 28 28 64 00    1 | .....@.B6...((d.
      2 | 01 81 02 00 00 0D 00 40 00 00 08 00 00 00 00 00    2 | .......@........
      3 | 00 00 04 01 53 70 65 63 74 61 63 6C 65 64 42 61    3 | ....SpectacledBa
      4 | 74 73 00 00 00 00 00 00 -- -- -- -- -- -- -- --    4 | ts......--------

NPC ID: 17350975
  Name: LoggingPoint
  POLUtils_Name: Logging Point
  Type: Simple NPC
  XYZR: 3.029, -0.016, 82.753, 0
  Mask: 00001111
        |  0  1  2  3  4  5  6  7  8  9  A  B  C  D  E  F      | 0123456789ABCDEF
    -----------------------------------------------------  ----------------------
      0 | 0E 22 39 00 3F C1 08 01 3F 01 0F 00 23 DB 41 40    0 | ."9.?...?...#.A@
      1 | 6F 12 83 BC 89 81 A5 42 07 80 00 00 32 32 64 00    1 | o......B....22d.
      2 | 00 03 00 00 00 00 00 00 00 00 00 00 00 00 00 00    2 | ................
      3 | 00 00 77 09 4C 6F 67 67 69 6E 67 50 6F 69 6E 74    3 | ..w.LoggingPoint
      4 | 00 00 00 00 -- -- -- -- -- -- -- -- -- -- -- --    4 | ....------------

NPC ID: 17350670
  Name: OrcishMesmeriz
  POLUtils_Name: Orcish Mesmerizer
  Type: Simple NPC
  XYZR: 5.773, -0.500, 86.591, 248
  Mask: 00001111
        |  0  1  2  3  4  5  6  7  8  9  A  B  C  D  E  F      | 0123456789ABCDEF
    -----------------------------------------------------  ----------------------
      0 | 0E 24 39 00 0E C0 08 01 0E 00 0F F8 6A BC B8 40    0 | .$9.........j..@
      1 | 00 00 00 BF 98 2E AD 42 07 00 00 00 28 28 00 03    1 | .......B....((..
      2 | 07 81 04 00 00 0C 00 00 00 00 00 00 00 00 00 00    2 | ................
      3 | 00 00 6D 02 4F 72 63 69 73 68 4D 65 73 6D 65 72    3 | ..m.OrcishMesmer
      4 | 69 7A 00 00 00 00 00 00 -- -- -- -- -- -- -- --    4 | iz......--------

NPC ID: 17350668
  Name: OrcishFodder
  POLUtils_Name: Orcish Fodder
  Type: Simple NPC
  XYZR: -11.092, -0.120, 62.642, 40
  Mask: 00001111
        |  0  1  2  3  4  5  6  7  8  9  A  B  C  D  E  F      | 0123456789ABCDEF
    -----------------------------------------------------  ----------------------
      0 | 0E 22 3D 00 0C C0 08 01 0C 00 0F 28 D5 78 31 C1    0 | ."=........(.x1.
      1 | 8F C2 F5 BD 68 91 7A 42 92 01 00 00 28 28 64 00    1 | ....h.zB....((d.
      2 | 01 81 04 00 00 0C 00 00 00 00 00 00 00 00 00 00    2 | ................
      3 | 00 00 66 02 4F 72 63 69 73 68 46 6F 64 64 65 72    3 | ..f.OrcishFodder
      4 | 00 00 00 00 -- -- -- -- -- -- -- -- -- -- -- --    4 | ....------------

NPC ID: 17350671
  Name: OrcishGrappler
  POLUtils_Name: Orcish Grappler
  Type: Simple NPC
  XYZR: -4.503, 0.078, 82.630, 42
  Mask: 00001111
        |  0  1  2  3  4  5  6  7  8  9  A  B  C  D  E  F      | 0123456789ABCDEF
    -----------------------------------------------------  ----------------------
      0 | 0E 24 3D 00 0F C0 08 01 0F 00 0F 2A 93 18 90 C0    0 | .$=........*....
      1 | 77 BE 9F 3D 8F 42 A5 42 63 00 00 00 28 28 64 00    1 | w..=.B.Bc...((d.
      2 | 01 81 04 00 00 0C 00 00 00 00 00 00 00 00 00 00    2 | ................
      3 | 00 00 70 02 4F 72 63 69 73 68 47 72 61 70 70 6C    3 | ..p.OrcishGrappl
      4 | 65 72 00 00 00 00 00 00 -- -- -- -- -- -- -- --    4 | er......--------

NPC ID: 17350676
  Name: OrcishMesmeriz
  POLUtils_Name: Orcish Mesmerizer
  Type: Simple NPC
  XYZR: -6.575, -0.339, 32.297, 174
  Mask: 00001111
        |  0  1  2  3  4  5  6  7  8  9  A  B  C  D  E  F      | 0123456789ABCDEF
    -----------------------------------------------------  ----------------------
      0 | 0E 24 3F 00 14 C0 08 01 14 00 0F AE 66 66 D2 C0    0 | .$?.........ff..
      1 | 68 91 AD BE 21 30 01 42 56 00 00 00 28 28 00 03    1 | h...!0.BV...((..
      2 | 07 81 04 00 00 0C 00 00 00 00 00 00 01 05 0B 00    2 | ................
      3 | 00 00 6D 02 4F 72 63 69 73 68 4D 65 73 6D 65 72    3 | ..m.OrcishMesmer
      4 | 69 7A 00 00 00 00 00 00 -- -- -- -- -- -- -- --    4 | iz......--------

NPC ID: 17350683
  Name: OrcishGrappler
  POLUtils_Name: Orcish Grappler
  Type: Simple NPC
  XYZR: -15.558, -0.004, 41.561, 179
  Mask: 00001111
        |  0  1  2  3  4  5  6  7  8  9  A  B  C  D  E  F      | 0123456789ABCDEF
    -----------------------------------------------------  ----------------------
      0 | 0E 24 41 00 1B C0 08 01 1B 00 0F B3 91 ED 78 C1    0 | .$A...........x.
      1 | 6F 12 83 BB 77 3E 26 42 78 01 00 00 28 28 64 00    1 | o...w>&Bx...((d.
      2 | 01 81 04 00 00 0C 00 00 00 00 00 00 00 00 00 00    2 | ................
      3 | 00 00 70 02 4F 72 63 69 73 68 47 72 61 70 70 6C    3 | ..p.OrcishGrappl
      4 | 65 72 00 00 00 00 00 00 -- -- -- -- -- -- -- --    4 | er......--------

NPC ID: 17350669
  Name: OrcishFodder
  POLUtils_Name: Orcish Fodder
  Type: Simple NPC
  XYZR: -17.515, 0.004, 82.051, 198
  Mask: 00001111
        |  0  1  2  3  4  5  6  7  8  9  A  B  C  D  E  F      | 0123456789ABCDEF
    -----------------------------------------------------  ----------------------
      0 | 0E 22 42 00 0D C0 08 01 0D 00 0F C6 B8 1E 8C C1    0 | ."B.............
      1 | 6F 12 83 3B 1D 1A A4 42 79 01 00 00 28 28 64 00    1 | o..;...By...((d.
      2 | 01 81 04 00 00 0C 00 00 00 00 00 00 00 00 00 00    2 | ................
      3 | 00 00 66 02 4F 72 63 69 73 68 46 6F 64 64 65 72    3 | ..f.OrcishFodder
      4 | 00 00 00 00 -- -- -- -- -- -- -- -- -- -- -- --    4 | ....------------

NPC ID: 17350680
  Name: OrcishStonelau
  POLUtils_Name: Orcish Stonelauncher
  Type: Simple NPC
  XYZR: -16.736, -1.390, 116.545, 174
  Mask: 00001111
        |  0  1  2  3  4  5  6  7  8  9  A  B  C  D  E  F      | 0123456789ABCDEF
    -----------------------------------------------------  ----------------------
      0 | 0E 24 4D 00 18 C0 08 01 18 00 0F AE 54 E3 85 C1    0 | .$M.........T...
      1 | 85 EB B1 BF 0A 17 E9 42 FD 01 00 00 28 28 64 00    1 | .......B....((d.
      2 | 01 83 04 00 00 19 00 00 00 00 00 00 00 00 00 00    2 | ................
      3 | 00 00 AC 01 4F 72 63 69 73 68 53 74 6F 6E 65 6C    3 | ....OrcishStonel
      4 | 61 75 00 00 00 00 00 00 -- -- -- -- -- -- -- --    4 | au......--------

NPC ID: 17350686
  Name: OrcishGrappler
  POLUtils_Name: Orcish Grappler
  Type: Simple NPC
  XYZR: -36.694, -0.389, 48.549, 190
  Mask: 00001111
        |  0  1  2  3  4  5  6  7  8  9  A  B  C  D  E  F      | 0123456789ABCDEF
    -----------------------------------------------------  ----------------------
      0 | 0E 24 4E 00 1E C0 08 01 1E 00 0F BE A8 C6 12 C2    0 | .$N.............
      1 | 02 2B C7 BE 2D 32 42 42 01 01 00 00 28 28 64 00    1 | .+..-2BB....((d.
      2 | 01 81 04 00 00 0C 00 00 00 00 00 00 00 00 00 00    2 | ................
      3 | 00 00 70 02 4F 72 63 69 73 68 47 72 61 70 70 6C    3 | ..p.OrcishGrappl
      4 | 65 72 00 00 00 00 00 00 -- -- -- -- -- -- -- --    4 | er......--------

NPC ID: 17350693
  Name: OrcishGrappler
  POLUtils_Name: Orcish Grappler
  Type: Simple NPC
  XYZR: -40.788, -0.135, 100.797, 59
  Mask: 00001111
        |  0  1  2  3  4  5  6  7  8  9  A  B  C  D  E  F      | 0123456789ABCDEF
    -----------------------------------------------------  ----------------------
      0 | 0E 24 50 00 25 C0 08 01 25 00 0F 3B E9 26 23 C2    0 | .$P.%...%..;.&#.
      1 | 71 3D 0A BE 10 98 C9 42 0F 06 00 00 28 28 00 03    1 | q=.....B....((..
      2 | 07 81 04 00 00 0C 00 00 00 00 00 00 DD D2 02 00    2 | ................
      3 | 00 00 70 02 4F 72 63 69 73 68 47 72 61 70 70 6C    3 | ..p.OrcishGrappl
      4 | 65 72 00 00 00 00 00 00 -- -- -- -- -- -- -- --    4 | er......--------

NPC ID: 17350692
  Name: OrcishFodder
  POLUtils_Name: Orcish Fodder
  Type: Simple NPC
  XYZR: -54.940, -3.881, 101.403, 127
  Mask: 00001111
        |  0  1  2  3  4  5  6  7  8  9  A  B  C  D  E  F      | 0123456789ABCDEF
    -----------------------------------------------------  ----------------------
      0 | 0E 22 56 00 24 C0 08 01 24 00 0F 7F 8F C2 5B C2    0 | ."V.$...$.....[.
      1 | 4E 62 78 C0 56 CE CA 42 37 01 00 00 28 28 64 00    1 | Nbx.V..B7...((d.
      2 | 01 81 04 00 00 0C 00 00 00 00 00 00 00 00 00 00    2 | ................
      3 | 00 00 66 02 4F 72 63 69 73 68 46 6F 64 64 65 72    3 | ..f.OrcishFodder
      4 | 00 00 00 00 -- -- -- -- -- -- -- -- -- -- -- --    4 | ....------------

NPC ID: 17350712
  Name: OrcishStonelau
  POLUtils_Name: Orcish Stonelauncher
  Type: Simple NPC
  XYZR: -90.039, -11.817, 131.810, 109
  Mask: 00001111
        |  0  1  2  3  4  5  6  7  8  9  A  B  C  D  E  F      | 0123456789ABCDEF
    -----------------------------------------------------  ----------------------
      0 | 0E 24 6E 00 38 C0 08 01 38 00 0F 6D F8 13 B4 C2    0 | .$n.8...8..m....
      1 | 6F 12 3D C1 5C CF 03 43 07 00 00 00 28 28 00 02    1 | o.=.\\..C....((..
      2 | 07 83 04 00 00 19 00 00 00 00 00 00 B6 74 07 00    2 | .............t..
      3 | 00 00 AC 01 4F 72 63 69 73 68 53 74 6F 6E 65 6C    3 | ....OrcishStonel
      4 | 61 75 00 00 00 00 00 00 -- -- -- -- -- -- -- --    4 | au......--------

NPC ID: 17350701
  Name: OrcishGrappler
  POLUtils_Name: Orcish Grappler
  Type: Simple NPC
  XYZR: -110.677, -9.777, 130.151, 51
  Mask: 00001111
        |  0  1  2  3  4  5  6  7  8  9  A  B  C  D  E  F      | 0123456789ABCDEF
    -----------------------------------------------------  ----------------------
      0 | 0E 24 7A 00 2D C0 08 01 2D 00 0F 33 A0 5A DD C2    0 | .$z.-...-..3.Z..
      1 | 98 6E 1C C1 A8 26 02 43 E6 00 00 00 28 28 64 00    1 | .n...&.C....((d.
      2 | 01 81 04 00 00 0C 00 00 00 00 00 00 00 00 00 00    2 | ................
      3 | 00 00 70 02 4F 72 63 69 73 68 47 72 61 70 70 6C    3 | ..p.OrcishGrappl
      4 | 65 72 00 00 00 00 00 00 -- -- -- -- -- -- -- --    4 | er......--------

NPC ID: 17350707
  Name: OrcishFodder
  POLUtils_Name: Orcish Fodder
  Type: Simple NPC
  XYZR: -126.963, -10.026, 91.979, 153
  Mask: 00001111
        |  0  1  2  3  4  5  6  7  8  9  A  B  C  D  E  F      | 0123456789ABCDEF
    -----------------------------------------------------  ----------------------
      0 | 0E 22 7C 00 33 C0 08 01 33 00 0F 99 0E ED FD C2    0 | ."|.3...3.......
      1 | 7F 6A 20 C1 3F F5 B7 42 B3 00 00 00 28 28 64 00    1 | .j .?..B....((d.
      2 | 01 81 04 00 00 0C 00 00 00 00 00 00 00 00 00 00    2 | ................
      3 | 00 00 66 02 4F 72 63 69 73 68 46 6F 64 64 65 72    3 | ..f.OrcishFodder
      4 | 00 00 00 00 -- -- -- -- -- -- -- -- -- -- -- --    4 | ....------------

NPC ID: 17350708
  Name: OrcishMesmeriz
  POLUtils_Name: Orcish Mesmerizer
  Type: Simple NPC
  XYZR: -126.388, -10.548, 90.819, 78
  Mask: 00001111
        |  0  1  2  3  4  5  6  7  8  9  A  B  C  D  E  F      | 0123456789ABCDEF
    -----------------------------------------------------  ----------------------
      0 | 0E 24 7C 00 34 C0 08 01 34 00 0F 4E A8 C6 FC C2    0 | .$|.4...4..N....
      1 | 9C C4 28 C1 54 A3 B5 42 15 05 00 00 28 28 00 03    1 | ..(.T..B....((..
      2 | 07 81 04 00 00 0C 00 00 00 00 00 00 00 00 00 00    2 | ................
      3 | 00 00 6D 02 4F 72 63 69 73 68 4D 65 73 6D 65 72    3 | ..m.OrcishMesmer
      4 | 69 7A 00 00 00 00 00 00 -- -- -- -- -- -- -- --    4 | iz......--------

NPC ID: 17350697
  Name: OrcishMesmeriz
  POLUtils_Name: Orcish Mesmerizer
  Type: Simple NPC
  XYZR: -114.061, -9.756, 132.753, 0
  Mask: 00001111
        |  0  1  2  3  4  5  6  7  8  9  A  B  C  D  E  F      | 0123456789ABCDEF
    -----------------------------------------------------  ----------------------
      0 | 0E 24 7C 00 29 C0 08 01 29 00 0F 00 3B 1F E4 C2    0 | .$|.)...)...;...
      1 | 93 18 1C C1 C5 C0 04 43 5F 02 00 00 28 28 64 00    1 | .......C_...((d.
      2 | 01 81 04 00 00 0C 00 00 00 00 00 00 00 00 00 00    2 | ................
      3 | 00 00 6D 02 4F 72 63 69 73 68 4D 65 73 6D 65 72    3 | ..m.OrcishMesmer
      4 | 69 7A 00 00 00 00 00 00 -- -- -- -- -- -- -- --    4 | iz......--------

NPC ID: 17350706
  Name: OrcishGrappler
  POLUtils_Name: Orcish Grappler
  Type: Simple NPC
  XYZR: -120.694, -9.994, 72.672, 219
  Mask: 00001111
        |  0  1  2  3  4  5  6  7  8  9  A  B  C  D  E  F      | 0123456789ABCDEF
    -----------------------------------------------------  ----------------------
      0 | 0E 24 7D 00 32 C0 08 01 32 00 0F DB 54 63 F1 C2    0 | .$}.2...2...Tc..
      1 | 6D E7 1F C1 10 58 91 42 B3 01 00 00 28 28 64 00    1 | m....X.B....((d.
      2 | 01 81 04 00 00 0C 00 00 00 00 00 00 00 00 00 00    2 | ................
      3 | 00 00 70 02 4F 72 63 69 73 68 47 72 61 70 70 6C    3 | ..p.OrcishGrappl
      4 | 65 72 00 00 00 00 00 00 -- -- -- -- -- -- -- --    4 | er......--------

NPC ID: 17350698
  Name: OrcishGrappler
  POLUtils_Name: Orcish Grappler
  Type: Simple NPC
  XYZR: -137.314, -10.287, 113.314, 82
  Mask: 00001111
        |  0  1  2  3  4  5  6  7  8  9  A  B  C  D  E  F      | 0123456789ABCDEF
    -----------------------------------------------------  ----------------------
      0 | 0E 24 82 00 2A C0 08 01 2A 00 0F 52 62 50 09 C3    0 | .$..*...*..RbP..
      1 | 8D 97 24 C1 C5 A0 E2 42 8B 01 00 00 28 28 64 00    1 | ..$....B....((d.
      2 | 01 81 04 00 00 0C 00 00 00 00 00 00 00 00 00 00    2 | ................
      3 | 00 00 70 02 4F 72 63 69 73 68 47 72 61 70 70 6C    3 | ..p.OrcishGrappl
      4 | 65 72 00 00 00 00 00 00 -- -- -- -- -- -- -- --    4 | er......--------

NPC ID: 17350709
  Name: OrcishGrappler
  POLUtils_Name: Orcish Grappler
  Type: Simple NPC
  XYZR: -120.158, -10.003, 56.207, 35
  Mask: 00001111
        |  0  1  2  3  4  5  6  7  8  9  A  B  C  D  E  F      | 0123456789ABCDEF
    -----------------------------------------------------  ----------------------
      0 | 0E 24 84 00 35 C0 08 01 35 00 0F 23 E5 50 F0 C2    0 | .$..5...5..#.P..
      1 | 4A 0C 20 C1 F8 D3 60 42 AD 01 00 00 28 28 00 02    1 | J. ...`B....((..
      2 | 07 81 04 00 00 0C 00 00 00 00 00 00 00 00 00 00    2 | ................
      3 | 00 00 70 02 4F 72 63 69 73 68 47 72 61 70 70 6C    3 | ..p.OrcishGrappl
      4 | 65 72 00 00 00 00 00 00 -- -- -- -- -- -- -- --    4 | er......--------

NPC ID: 17350700
  Name: OrcishMesmeriz
  POLUtils_Name: Orcish Mesmerizer
  Type: Simple NPC
  XYZR: -137.340, -10.779, 128.596, 18
  Mask: 00001111
        |  0  1  2  3  4  5  6  7  8  9  A  B  C  D  E  F      | 0123456789ABCDEF
    -----------------------------------------------------  ----------------------
      0 | 0E 24 85 00 2C C0 08 01 2C 00 0F 12 0A 57 09 C3    0 | .$..,...,....W..
      1 | C9 76 2C C1 93 98 00 43 93 01 00 00 28 28 00 03    1 | .v,....C....((..
      2 | 07 81 04 00 00 0C 00 00 00 00 00 00 01 05 0B 00    2 | ................
      3 | 00 00 6D 02 4F 72 63 69 73 68 4D 65 73 6D 65 72    3 | ..m.OrcishMesmer
      4 | 69 7A 00 00 00 00 00 00 -- -- -- -- -- -- -- --    4 | iz......--------

NPC ID: 17350705
  Name: OrcishMesmeriz
  POLUtils_Name: Orcish Mesmerizer
  Type: Simple NPC
  XYZR: -136.790, -10.154, 61.852, 15
  Mask: 00001111
        |  0  1  2  3  4  5  6  7  8  9  A  B  C  D  E  F      | 0123456789ABCDEF
    -----------------------------------------------------  ----------------------
      0 | 0E 24 89 00 31 C0 08 01 31 00 0F 0F 3D CA 08 C3    0 | .$..1...1...=...
      1 | C9 76 22 C1 73 68 77 42 CD 00 00 00 28 28 64 00    1 | .v".shwB....((d.
      2 | 01 81 04 00 00 0C 00 00 00 00 00 00 00 00 00 00    2 | ................
      3 | 00 00 6D 02 4F 72 63 69 73 68 4D 65 73 6D 65 72    3 | ..m.OrcishMesmer
      4 | 69 7A 00 00 00 00 00 00 -- -- -- -- -- -- -- --    4 | iz......--------

NPC ID: 17350703
  Name: SpectacledBats
  POLUtils_Name: Spectacled Bats
  Type: Simple NPC
  XYZR: -140.047, -10.328, 137.373, 255
  Mask: 00001111
        |  0  1  2  3  4  5  6  7  8  9  A  B  C  D  E  F      | 0123456789ABCDEF
    -----------------------------------------------------  ----------------------
      0 | 0E 24 8A 00 2F C0 08 01 2F 00 0F FF 08 0C 0C C3    0 | .$../.../.......
      1 | 7D 3F 25 C1 7D 5F 09 43 8A 00 00 00 28 28 64 00    1 | }?%.}_.C....((d.
      2 | 01 81 02 00 00 0D 00 40 00 00 08 00 00 00 00 00    2 | .......@........
      3 | 00 00 04 01 53 70 65 63 74 61 63 6C 65 64 42 61    3 | ....SpectacledBa
      4 | 74 73 00 00 00 00 00 00 -- -- -- -- -- -- -- --    4 | ts......--------

NPC ID: 17350981
  Name: Kishi02
  POLUtils_Name: Kishi02
  Type: Equipped NPC
  XYZR: -159.260, -10.000, 93.510, 57
  Mask: 01010111
        |  0  1  2  3  4  5  6  7  8  9  A  B  C  D  E  F      | 0123456789ABCDEF
    -----------------------------------------------------  ----------------------
      0 | 0E 28 8C 00 45 C1 08 01 45 01 57 39 8F 42 1F C3    0 | .(..E...E.W9.B..
      1 | 00 00 20 C1 1F 05 BB 42 00 00 00 00 32 32 64 00    1 | .. ....B....22d.
      2 | 06 1B 00 00 00 00 00 20 00 00 01 00 00 00 00 00    2 | ....... ........
      3 | 01 00 02 03 0C 10 0C 20 0C 30 0C 40 0C 50 00 60    3 | ....... .0.@.P.`
      4 | 00 70 00 00 00 00 00 00 00 00 00 00 00 00 00 00    4 | .p..............

NPC ID: 17350979
  Name: Trion
  POLUtils_Name: Trion
  Type: Simple NPC
  XYZR: -160.293, -10.000, 91.790, 49
  Mask: 00001111
        |  0  1  2  3  4  5  6  7  8  9  A  B  C  D  E  F      | 0123456789ABCDEF
    -----------------------------------------------------  ----------------------
      0 | 0E 20 8C 00 43 C1 08 01 43 01 0F 31 02 4B 20 C3    0 | . ..C...C..1.K .
      1 | 00 00 20 C1 7B 94 B7 42 00 00 00 00 32 32 64 00    1 | .. .{..B....22d.
      2 | 06 1B 00 00 00 00 00 20 00 00 00 00 00 00 00 00    2 | ....... ........
      3 | 00 00 40 00 54 72 69 6F 6E 00 00 00 00 00 00 00    3 | ..@.Trion.......

NPC ID: 17350980
  Name: Kishi01
  POLUtils_Name: Kishi01
  Type: Equipped NPC
  XYZR: -161.886, -10.000, 93.005, 48
  Mask: 01010111
        |  0  1  2  3  4  5  6  7  8  9  A  B  C  D  E  F      | 0123456789ABCDEF
    -----------------------------------------------------  ----------------------
      0 | 0E 28 8D 00 44 C1 08 01 44 01 57 30 D1 E2 21 C3    0 | .(..D...D.W0..!.
      1 | 00 00 20 C1 8F 02 BA 42 00 00 00 00 32 32 64 00    1 | .. ....B....22d.
      2 | 06 1B 00 00 00 00 00 20 00 00 01 00 00 00 00 00    2 | ....... ........
      3 | 01 00 02 03 0C 10 0C 20 0C 30 0C 40 0C 50 00 60    3 | ....... .0.@.P.`
      4 | 00 70 00 00 00 00 00 00 00 00 00 00 00 00 00 00    4 | .p..............

NPC ID: 17350704
  Name: OrcishFodder
  POLUtils_Name: Orcish Fodder
  Type: Simple NPC
  XYZR: -141.372, -10.285, 57.724, 179
  Mask: 00001111
        |  0  1  2  3  4  5  6  7  8  9  A  B  C  D  E  F      | 0123456789ABCDEF
    -----------------------------------------------------  ----------------------
      0 | 0E 22 8F 00 30 C0 08 01 30 00 0F B3 3B 5F 0D C3    0 | ."..0...0...;_..
      1 | 5C 8F 24 C1 60 E5 66 42 57 01 00 00 28 28 64 00    1 | \\.$.`.fBW...((d.
      2 | 01 81 04 00 00 0C 00 00 00 00 00 00 00 00 00 00    2 | ................
      3 | 00 00 66 02 4F 72 63 69 73 68 46 6F 64 64 65 72    3 | ..f.OrcishFodder
      4 | 00 00 00 00 -- -- -- -- -- -- -- -- -- -- -- --    4 | ....------------

NPC ID: 17350696
  Name: OrcishFodder
  POLUtils_Name: Orcish Fodder
  Type: Simple NPC
  XYZR: -155.499, -10.112, 136.045, 118
  Mask: 00001111
        |  0  1  2  3  4  5  6  7  8  9  A  B  C  D  E  F      | 0123456789ABCDEF
    -----------------------------------------------------  ----------------------
      0 | 0E 22 90 00 28 C0 08 01 28 00 0F 76 BE 7F 1B C3    0 | ."..(...(..v....
      1 | C1 CA 21 C1 85 0B 08 43 D5 01 00 00 28 28 64 00    1 | ..!....C....((d.
      2 | 01 81 04 00 00 0C 00 00 00 00 00 00 00 00 00 00    2 | ................
      3 | 00 00 66 02 4F 72 63 69 73 68 46 6F 64 64 65 72    3 | ..f.OrcishFodder
      4 | 00 00 00 00 -- -- -- -- -- -- -- -- -- -- -- --    4 | ....------------

NPC ID: 17350978
  Name: EVENTER
  POLUtils_Name: EVENTER
  Type: Equipped NPC
  XYZR: -163.775, -11.672, 78.155, 8
  Mask: 01010111
        |  0  1  2  3  4  5  6  7  8  9  A  B  C  D  E  F      | 0123456789ABCDEF
    -----------------------------------------------------  ----------------------
      0 | 0E 28 90 00 42 C1 08 01 42 01 57 08 66 C6 23 C3    0 | .(..B...B.W.f.#.
      1 | 83 C0 3A C1 5C 4F 9C 42 00 00 00 00 32 32 64 00    1 | ..:.\\O.B....22d.
      2 | 06 1B 00 00 00 00 00 20 00 00 01 00 00 00 00 00    2 | ....... ........
      3 | 01 00 03 05 00 10 20 20 1F 30 1F 40 1F 50 00 60    3 | ......  .0.@.P.`
      4 | 00 70 00 00 00 00 00 00 00 00 00 00 00 00 00 00    4 | .p..............

NPC ID: 17350950
  Name: HutDoor
  POLUtils_Name: Hut Door
  Type: Simple NPC
  XYZR: -165.357, -11.672, 77.771, 124
  Mask: 00001111
        |  0  1  2  3  4  5  6  7  8  9  A  B  C  D  E  F      | 0123456789ABCDEF
    -----------------------------------------------------  ----------------------
      0 | 0E 20 91 00 26 C1 08 01 26 01 0F 7C 64 5B 25 C3    0 | . ..&...&..|d[%.
      1 | 83 C0 3A C1 C1 8A 9B 42 01 00 00 00 32 32 64 00    1 | ..:....B....22d.
      2 | 00 03 00 00 00 00 00 00 00 00 00 00 00 00 00 00    2 | ................
      3 | 00 00 32 00 48 75 74 44 6F 6F 72 00 00 00 00 00    3 | ..2.HutDoor.....

NPC ID: 17350958
  Name: Albere
  POLUtils_Name: Albere
  Type: Equipped NPC
  XYZR: -168.899, -11.672, 71.356, 195
  Mask: 01010111
        |  0  1  2  3  4  5  6  7  8  9  A  B  C  D  E  F      | 0123456789ABCDEF
    -----------------------------------------------------  ----------------------
      0 | 0E 28 94 00 2E C1 08 01 2E 01 57 C3 25 E6 28 C3    0 | .(........W.%.(.
      1 | 83 C0 3A C1 46 B6 8E 42 00 00 00 00 32 32 64 00    1 | ..:.F..B....22d.
      2 | 06 1B 00 00 00 00 00 20 00 00 01 00 00 00 00 00    2 | ....... ........
      3 | 01 00 16 1F 00 10 14 20 14 30 14 40 15 50 00 60    3 | ....... .0.@.P.`
      4 | 00 70 00 00 00 00 00 00 00 00 00 00 00 00 00 00    4 | .p..............

NPC ID: 17350960
  Name: Vaseradoul
  POLUtils_Name: Vaseradoul
  Type: Simple NPC
  XYZR: -169.961, -11.672, 74.458, 233
  Mask: 00001111
        |  0  1  2  3  4  5  6  7  8  9  A  B  C  D  E  F      | 0123456789ABCDEF
    -----------------------------------------------------  ----------------------
      0 | 0E 22 94 00 30 C1 08 01 30 01 0F E9 04 F6 29 C3    0 | ."..0...0.....).
      1 | 83 C0 3A C1 7F EA 94 42 00 00 00 00 32 32 64 00    1 | ..:....B....22d.
      2 | 06 1B 00 00 00 00 00 20 00 00 00 00 00 00 00 00    2 | ....... ........
      3 | 00 00 2A 00 56 61 73 65 72 61 64 6F 75 6C 00 00    3 | ..*.Vaseradoul..
      4 | 00 00 00 00 -- -- -- -- -- -- -- -- -- -- -- --    4 | ....------------

NPC ID: 17350702
  Name: SpectacledBats
  POLUtils_Name: Spectacled Bats
  Type: Simple NPC
  XYZR: -169.628, -9.786, 127.331, 161
  Mask: 00001111
        |  0  1  2  3  4  5  6  7  8  9  A  B  C  D  E  F      | 0123456789ABCDEF
    -----------------------------------------------------  ----------------------
      0 | 0E 24 94 00 2E C0 08 01 2E 00 0F A1 C5 A0 29 C3    0 | .$............).
      1 | 75 93 1C C1 79 A9 FE 42 A7 02 00 00 28 28 64 00    1 | u...y..B....((d.
      2 | 01 81 02 00 00 0D 00 40 00 00 08 00 00 00 00 00    2 | .......@........
      3 | 00 00 04 01 53 70 65 63 74 61 63 6C 65 64 42 61    3 | ....SpectacledBa
      4 | 74 73 00 00 00 00 00 00 -- -- -- -- -- -- -- --    4 | ts......--------

NPC ID: 17350959
  Name: Beautefier
  POLUtils_Name: Beautefier
  Type: Equipped NPC
  XYZR: -169.844, -11.672, 70.766, 204
  Mask: 01010111
        |  0  1  2  3  4  5  6  7  8  9  A  B  C  D  E  F      | 0123456789ABCDEF
    -----------------------------------------------------  ----------------------
      0 | 0E 2A 95 00 2F C1 08 01 2F 01 57 CC 10 D8 29 C3    0 | .*../.../.W...).
      1 | 83 C0 3A C1 31 88 8D 42 00 00 00 00 32 32 64 00    1 | ..:.1..B....22d.
      2 | 06 1B 00 00 00 00 00 20 00 00 01 00 00 00 00 00    2 | ....... ........
      3 | 01 00 14 1F 02 10 15 20 14 30 15 40 14 50 00 60    3 | ....... .0.@.P.`
      4 | 00 70 00 00 00 00 00 00 00 00 00 00 00 00 00 00    4 | .p..............
      5 | 00 00 00 00 -- -- -- -- -- -- -- -- -- -- -- --    5 | ....------------

NPC ID: 17350710
  Name: SpectacledBats
  POLUtils_Name: Spectacled Bats
  Type: Simple NPC
  XYZR: -133.026, -10.000, 49.147, 204
  Mask: 00001111
        |  0  1  2  3  4  5  6  7  8  9  A  B  C  D  E  F      | 0123456789ABCDEF
    -----------------------------------------------------  ----------------------
      0 | 0E 24 97 00 36 C0 08 01 36 00 0F CC A8 06 05 C3    0 | .$..6...6.......
      1 | 00 00 20 C1 87 96 44 42 49 00 00 00 28 28 64 00    1 | .. ...DBI...((d.
      2 | 01 81 02 00 00 0D 00 40 00 00 08 00 00 00 00 00    2 | .......@........
      3 | 00 00 04 01 53 70 65 63 74 61 63 6C 65 64 42 61    3 | ....SpectacledBa
      4 | 74 73 00 00 00 00 00 00 -- -- -- -- -- -- -- --    4 | ts......--------

NPC ID: 17350982
  Name: Tedimout
  POLUtils_Name: Tedimout
  Type: Simple NPC
  XYZR: -175.236, -11.672, 72.523, 240
  Mask: 00001111
        |  0  1  2  3  4  5  6  7  8  9  A  B  C  D  E  F      | 0123456789ABCDEF
    -----------------------------------------------------  ----------------------
      0 | 0E 20 97 00 46 C1 08 01 46 01 0F F0 6A 3C 2F C3    0 | . ..F...F...j</.
      1 | 83 C0 3A C1 C7 0B 91 42 00 00 00 00 32 32 64 00    1 | ..:....B....22d.
      2 | 06 1B 00 00 00 00 00 20 00 00 00 00 00 00 00 00    2 | ....... ........
      3 | 00 00 9A 00 54 65 64 69 6D 6F 75 74 00 00 00 00    3 | ....Tedimout....

NPC ID: 17350699
  Name: OrcishFodder
  POLUtils_Name: Orcish Fodder
  Type: Simple NPC
  XYZR: -169.881, -9.923, 135.281, 78
  Mask: 00001111
        |  0  1  2  3  4  5  6  7  8  9  A  B  C  D  E  F      | 0123456789ABCDEF
    -----------------------------------------------------  ----------------------
      0 | 0E 22 98 00 2B C0 08 01 2B 00 0F 4E 89 E1 29 C3    0 | ."..+...+..N..).
      1 | 9C C4 1E C1 F0 47 07 43 8B 01 00 00 28 28 64 00    1 | .....G.C....((d.
      2 | 01 81 04 00 00 0C 00 00 00 00 00 00 00 00 00 00    2 | ................
      3 | 00 00 66 02 4F 72 63 69 73 68 46 6F 64 64 65 72    3 | ..f.OrcishFodder
      4 | 00 00 00 00 -- -- -- -- -- -- -- -- -- -- -- --    4 | ....------------

NPC ID: 17350713
  Name: OrcishStonelau
  POLUtils_Name: Orcish Stonelauncher
  Type: Simple NPC
  XYZR: -171.985, -10.848, 139.514, 100
  Mask: 00001111
        |  0  1  2  3  4  5  6  7  8  9  A  B  C  D  E  F      | 0123456789ABCDEF
    -----------------------------------------------------  ----------------------
      0 | 0E 24 9C 00 39 C0 08 01 39 00 0F 64 29 FC 2B C3    0 | .$..9...9..d).+.
      1 | 68 91 2D C1 96 83 0B 43 F7 0F 00 00 28 28 00 03    1 | h.-....C....((..
      2 | 07 83 04 00 00 19 00 00 00 00 00 00 B8 B0 0A 00    2 | ................
      3 | 00 00 AC 01 4F 72 63 69 73 68 53 74 6F 6E 65 6C    3 | ....OrcishStonel
      4 | 61 75 00 00 00 00 00 00 -- -- -- -- -- -- -- --    4 | au......--------

NPC ID: 17350951
  Name: Ropchop
  POLUtils_Name: Ropchop
  Type: Simple NPC
  XYZR: -174.669, -10.511, 56.850, 112
  Mask: 00001111
        |  0  1  2  3  4  5  6  7  8  9  A  B  C  D  E  F      | 0123456789ABCDEF
    -----------------------------------------------------  ----------------------
      0 | 0E 20 9D 00 27 C1 08 01 27 01 0F 70 44 AB 2E C3    0 | . ..'...'..pD...
      1 | 0E 2D 28 C1 66 66 63 42 01 00 00 00 28 28 64 00    1 | .-(.ffcB....((d.
      2 | 02 9B 00 00 00 0F 00 20 00 00 00 00 00 00 00 00    2 | ....... ........
      3 | 00 00 E9 03 52 6F 70 63 68 6F 70 00 00 00 00 00    3 | ....Ropchop.....

NPC ID: 17350952
  Name: ???
  POLUtils_Name: ???
  Type: Simple NPC
  XYZR: -187.819, -10.089, 69.347, 67
  Mask: 00001111
        |  0  1  2  3  4  5  6  7  8  9  A  B  C  D  E  F      | 0123456789ABCDEF
    -----------------------------------------------------  ----------------------
      0 | 0E 1E 9E 00 28 C1 08 01 28 01 0F 43 AA D1 3B C3    0 | ....(...(..C..;.
      1 | 8B 6C 21 C1 AA B1 8A 42 01 00 00 00 32 32 64 00    1 | .l!....B....22d.
      2 | 00 03 00 00 00 00 00 00 00 00 00 00 00 00 00 00    2 | ................
      3 | 00 00 34 00 3F 3F 3F 00 00 00 00 00 -- -- -- --    3 | ..4.???.....----

NPC ID: 17350663
  Name: SureshotSnatga
  POLUtils_Name: Sureshot Snatgat
  Type: Simple NPC
  XYZR: -186.464, -10.589, 47.295, 89
  Mask: 00001111
        |  0  1  2  3  4  5  6  7  8  9  A  B  C  D  E  F      | 0123456789ABCDEF
    -----------------------------------------------------  ----------------------
      0 | 0E 24 A5 00 07 C0 08 01 07 00 0F 59 C9 76 3A C3    0 | .$.........Y.v:.
      1 | 8B 6C 29 C1 14 2E 3D 42 57 05 00 00 28 28 00 03    1 | .l)...=BW...((..
      2 | 07 9B 00 00 00 0F 10 20 00 00 00 00 05 50 09 00    2 | ....... .....P..
      3 | 00 00 E9 03 53 75 72 65 73 68 6F 74 53 6E 61 74    3 | ....SureshotSnat
      4 | 67 61 00 00 00 00 00 00 -- -- -- -- -- -- -- --    4 | ga......--------

NPC ID: 17350664
  Name: StrongarmZodva
  POLUtils_Name: Strongarm Zodvad
  Type: Simple NPC
  XYZR: -189.518, -10.533, 47.386, 102
  Mask: 00001111
        |  0  1  2  3  4  5  6  7  8  9  A  B  C  D  E  F      | 0123456789ABCDEF
    -----------------------------------------------------  ----------------------
      0 | 0E 24 A7 00 08 C0 08 01 08 00 0F 66 9C 84 3D C3    0 | .$.........f..=.
      1 | 2B 87 28 C1 44 8B 3D 42 E4 03 00 00 28 28 00 03    1 | +.(.D.=B....((..
      2 | 07 9B 00 00 00 0F 10 20 00 00 00 00 00 00 00 00    2 | ....... ........
      3 | 00 00 EA 03 53 74 72 6F 6E 67 61 72 6D 5A 6F 64    3 | ....StrongarmZod
      4 | 76 61 00 00 00 00 00 00 -- -- -- -- -- -- -- --    4 | va......--------

NPC ID: 17350932
  Name: ArmouryCrate
  POLUtils_Name: Armoury Crate
  Type: Simple NPC
  XYZR: -188.704, -10.547, 45.326, 112
  Mask: 00001111
        |  0  1  2  3  4  5  6  7  8  9  A  B  C  D  E  F      | 0123456789ABCDEF
    -----------------------------------------------------  ----------------------
      0 | 0E 22 A7 00 14 C1 08 01 14 01 0F 70 39 B4 3C C3    0 | .".........p9.<.
      1 | 83 C0 28 C1 D3 4D 35 42 07 00 00 00 28 28 64 00    1 | ..(..M5B....((d.
      2 | 06 83 04 00 00 0C 10 00 00 00 08 00 00 00 00 00    2 | ................
      3 | 00 00 C0 03 41 72 6D 6F 75 72 79 43 72 61 74 65    3 | ....ArmouryCrate
      4 | 00 00 00 00 -- -- -- -- -- -- -- -- -- -- -- --    4 | ....------------

NPC ID: 17350930
  Name: Furies
  POLUtils_Name: Furies
  Type: Simple NPC
  XYZR: -182.543, -10.500, 37.437, 116
  Mask: 00001111
        |  0  1  2  3  4  5  6  7  8  9  A  B  C  D  E  F      | 0123456789ABCDEF
    -----------------------------------------------------  ----------------------
      0 | 0E 20 A9 00 12 C1 08 01 12 01 0F 74 02 8B 36 C3    0 | . .........t..6.
      1 | 00 00 28 C1 7D BF 15 42 43 13 00 00 28 28 00 03    1 | ..(.}..BC...((..
      2 | 07 83 02 00 00 10 10 40 00 00 08 00 1F F3 0A 00    2 | .......@........
      3 | 00 00 04 01 46 75 72 69 65 73 00 00 00 00 00 00    3 | ....Furies......

NPC ID: 17350942
  Name: CarrionDragon
  POLUtils_Name: Carrion Dragon
  Type: Simple NPC
  XYZR: -189.051, -10.500, 40.948, 180
  Mask: 00001111
        |  0  1  2  3  4  5  6  7  8  9  A  B  C  D  E  F      | 0123456789ABCDEF
    -----------------------------------------------------  ----------------------
      0 | 0E 24 A9 00 1E C1 08 01 1E 01 0F B4 0E 0D 3D C3    0 | .$............=.
      1 | 00 00 28 C1 C1 CA 23 42 F4 00 00 00 28 28 00 03    1 | ..(...#B....((..
      2 | 07 83 00 00 00 22 10 00 00 00 00 00 15 32 08 00    2 | .....".......2..
      3 | 00 00 A4 01 43 61 72 72 69 6F 6E 44 72 61 67 6F    3 | ....CarrionDrago
      4 | 6E 00 00 00 00 00 00 00 -- -- -- -- -- -- -- --    4 | n.......--------

NPC ID: 17350941
  Name: CarrionDragon
  POLUtils_Name: Carrion Dragon
  Type: Simple NPC
  XYZR: -191.344, -10.131, 39.024, 118
  Mask: 00001111
        |  0  1  2  3  4  5  6  7  8  9  A  B  C  D  E  F      | 0123456789ABCDEF
    -----------------------------------------------------  ----------------------
      0 | 0E 24 AA 00 1D C1 08 01 1D 01 0F 76 10 58 3F C3    0 | .$.........v.X?.
      1 | 93 18 22 C1 93 18 1C 42 BF 00 00 00 28 28 40 01    1 | .."....B....((@.
      2 | 07 83 00 00 00 22 10 00 00 00 00 00 00 00 00 00    2 | ....."..........
      3 | 00 00 A4 01 43 61 72 72 69 6F 6E 44 72 61 67 6F    3 | ....CarrionDrago
      4 | 6E 00 00 00 00 00 00 00 -- -- -- -- -- -- -- --    4 | n.......--------

NPC ID: 17350662
  Name: FodderchiefVok
  POLUtils_Name: Fodderchief Vokdek
  Type: Simple NPC
  XYZR: -195.155, -10.112, 40.580, 99
  Mask: 00001111
        |  0  1  2  3  4  5  6  7  8  9  A  B  C  D  E  F      | 0123456789ABCDEF
    -----------------------------------------------------  ----------------------
      0 | 0E 24 AB 00 06 C0 08 01 06 00 0F 63 AE 27 43 C3    0 | .$.........c.'C.
      1 | C1 CA 21 C1 EC 51 22 42 C8 01 00 00 28 28 00 03    1 | ..!..Q"B....((..
      2 | 07 9D 00 00 00 11 10 20 00 00 00 00 00 00 00 00    2 | ....... ........
      3 | 00 00 66 02 46 6F 64 64 65 72 63 68 69 65 66 56    3 | ..f.FodderchiefV
      4 | 6F 6B 00 00 00 00 00 00 -- -- -- -- -- -- -- --    4 | ok......--------

NPC ID: 17350955
  Name: FodderchiefVok
  POLUtils_Name: Fodderchief Vokdek
  Type: Simple NPC
  XYZR: 0.000, 0.000, 0.000, 0
  Mask: 00001111
        |  0  1  2  3  4  5  6  7  8  9  A  B  C  D  E  F      | 0123456789ABCDEF
    -----------------------------------------------------  ----------------------
      0 | 0E 24 B0 00 2B C1 08 01 2B 01 0F 00 00 00 00 00    0 | .$..+...+.......
      1 | 00 00 00 00 00 00 00 00 00 00 00 00 28 28 64 00    1 | ............((d.
      2 | 06 9B 00 00 00 0F 00 20 00 00 00 00 00 00 00 00    2 | ....... ........
      3 | 00 00 66 02 46 6F 64 64 65 72 63 68 69 65 66 56    3 | ..f.FodderchiefV
      4 | 6F 6B 00 00 00 00 00 00 -- -- -- -- -- -- -- --    4 | ok......--------

NPC ID: 17350956
  Name: SureshotSnatga
  POLUtils_Name: Sureshot Snatgat
  Type: Simple NPC
  XYZR: 0.000, 0.000, 0.000, 0
  Mask: 00001111
        |  0  1  2  3  4  5  6  7  8  9  A  B  C  D  E  F      | 0123456789ABCDEF
    -----------------------------------------------------  ----------------------
      0 | 0E 24 B1 00 2C C1 08 01 2C 01 0F 00 00 00 00 00    0 | .$..,...,.......
      1 | 00 00 00 00 00 00 00 00 00 00 00 00 28 28 64 00    1 | ............((d.
      2 | 06 9B 00 00 00 0F 00 20 00 00 00 00 00 00 00 00    2 | ....... ........
      3 | 00 00 EA 03 53 75 72 65 73 68 6F 74 53 6E 61 74    3 | ....SureshotSnat
      4 | 67 61 00 00 00 00 00 00 -- -- -- -- -- -- -- --    4 | ga......--------

NPC ID: 17350957
  Name: NPC[12d]
  POLUtils_Name: NPC
  Type: Simple NPC
  XYZR: 0.000, 0.000, 0.000, 0
  Mask: 00001111
        |  0  1  2  3  4  5  6  7  8  9  A  B  C  D  E  F      | 0123456789ABCDEF
    -----------------------------------------------------  ----------------------
      0 | 0E 20 B2 00 2D C1 08 01 2D 01 0F 00 00 00 00 00    0 | . ..-...-.......
      1 | 00 00 00 00 00 00 00 00 00 00 00 00 4B 4B 64 00    1 | ............KKd.
      2 | 06 9B 00 00 00 20 00 20 00 00 00 00 00 00 00 00    2 | ..... . ........
      3 | 00 00 3E 01 4E 50 43 5B 31 32 64 5D 00 00 00 00    3 | ..>.NPC[12d]....

NPC ID: 17350961
  Name: Cyranuce
  POLUtils_Name: Cyranuce
  Type: Equipped NPC
  XYZR: 0.000, 0.000, 0.000, 0
  Mask: 01010111
        |  0  1  2  3  4  5  6  7  8  9  A  B  C  D  E  F      | 0123456789ABCDEF
    -----------------------------------------------------  ----------------------
      0 | 0E 28 B3 00 31 C1 08 01 31 01 57 00 00 00 00 00    0 | .(..1...1.W.....
      1 | 00 00 00 00 00 00 00 00 00 00 00 00 32 32 64 00    1 | ............22d.
      2 | 06 1B 00 00 00 00 00 20 00 00 00 00 00 00 00 00    2 | ....... ........
      3 | 01 00 03 03 16 10 08 20 08 30 08 40 08 50 05 60    3 | ....... .0.@.P.`
      4 | 00 70 00 00 00 00 00 00 00 00 00 00 00 00 00 00    4 | .p..............

NPC ID: 17350962
  Name: Rahal
  POLUtils_Name: Rahal
  Type: Equipped NPC
  XYZR: 0.000, 0.000, 0.000, 0
  Mask: 01010111
        |  0  1  2  3  4  5  6  7  8  9  A  B  C  D  E  F      | 0123456789ABCDEF
    -----------------------------------------------------  ----------------------
      0 | 0E 28 B4 00 32 C1 08 01 32 01 57 00 00 00 00 00    0 | .(..2...2.W.....
      1 | 00 00 00 00 00 00 00 00 00 00 00 00 32 32 64 00    1 | ............22d.
      2 | 06 1B 00 00 00 00 00 20 00 00 00 00 00 00 00 00    2 | ....... ........
      3 | 01 00 06 03 00 10 0C 20 0C 30 0C 40 0C 50 05 60    3 | ....... .0.@.P.`
      4 | 00 70 00 00 00 00 00 00 00 00 00 00 00 00 00 00    4 | .p..............

NPC ID: 17350963
  Name: blank
  POLUtils_Name:      
  Type: Decoration
  XYZR: 0.000, 0.000, 0.000, 0
  Mask: 00001111
        |  0  1  2  3  4  5  6  7  8  9  A  B  C  D  E  F      | 0123456789ABCDEF
    -----------------------------------------------------  ----------------------
      0 | 0E 1C B5 00 33 C1 08 01 33 01 0F 00 00 00 00 00    0 | ....3...3.......
      1 | 00 00 00 00 00 00 00 00 00 00 00 00 32 32 64 00    1 | ............22d.
      2 | 06 1B 00 00 00 00 00 20 00 00 00 00 00 00 00 00    2 | ....... ........
      3 | 00 00 18 00 00 00 00 00 -- -- -- -- -- -- -- --    3 | ........--------

NPC ID: 17350986
  Name: blank
  POLUtils_Name:      
  Type: Decoration
  XYZR: 0.000, 0.000, 0.000, 0
  Mask: 00001111
        |  0  1  2  3  4  5  6  7  8  9  A  B  C  D  E  F      | 0123456789ABCDEF
    -----------------------------------------------------  ----------------------
      0 | 0E 1C B6 00 4A C1 08 01 4A 01 0F 00 00 00 00 00    0 | ....J...J.......
      1 | 00 00 00 00 00 00 00 00 00 00 00 00 32 32 64 00    1 | ............22d.
      2 | 06 1B 00 00 00 00 00 20 00 00 00 00 00 00 00 00    2 | ....... ........
      3 | 00 00 65 02 00 00 00 00 -- -- -- -- -- -- -- --    3 | ..e.....--------

NPC ID: 17350987
  Name: blank
  POLUtils_Name:      
  Type: Decoration
  XYZR: 0.000, 0.000, 0.000, 0
  Mask: 00001111
        |  0  1  2  3  4  5  6  7  8  9  A  B  C  D  E  F      | 0123456789ABCDEF
    -----------------------------------------------------  ----------------------
      0 | 0E 1C B7 00 4B C1 08 01 4B 01 0F 00 00 00 00 00    0 | ....K...K.......
      1 | 00 00 00 00 00 00 00 00 00 00 00 00 32 32 64 00    1 | ............22d.
      2 | 06 1B 00 00 00 00 00 20 00 00 00 00 00 00 00 00    2 | ....... ........
      3 | 00 00 A4 01 00 00 00 00 -- -- -- -- -- -- -- --    3 | ........--------

NPC ID: 17350988
  Name: kagami_test
  POLUtils_Name: kagami_test
  Type: Simple NPC
  XYZR: 0.000, 0.000, 0.000, 0
  Mask: 00001111
        |  0  1  2  3  4  5  6  7  8  9  A  B  C  D  E  F      | 0123456789ABCDEF
    -----------------------------------------------------  ----------------------
      0 | 0E 22 B8 00 4C C1 08 01 4C 01 0F 00 00 00 00 00    0 | ."..L...L.......
      1 | 00 00 00 00 00 00 00 00 00 00 00 00 32 32 64 00    1 | ............22d.
      2 | 06 03 00 00 00 00 00 00 00 00 00 00 00 00 00 00    2 | ................
      3 | 00 00 34 00 6B 61 67 61 6D 69 5F 74 65 73 74 00    3 | ..4.kagami_test.
      4 | 00 00 00 00 -- -- -- -- -- -- -- -- -- -- -- --    4 | ....------------

NPC ID: 17350931
  Name: Furies
  POLUtils_Name: Furies
  Type: Simple NPC
  XYZR: -202.319, -10.500, 33.382, 69
  Mask: 00001111
        |  0  1  2  3  4  5  6  7  8  9  A  B  C  D  E  F      | 0123456789ABCDEF
    -----------------------------------------------------  ----------------------
      0 | 0E 20 C3 00 13 C1 08 01 13 01 0F 45 AA 51 4A C3    0 | . .........E.QJ.
      1 | 00 00 28 C1 2B 87 05 42 87 06 00 00 28 28 00 03    1 | ..(.+..B....((..
      2 | 07 83 02 00 00 10 10 40 00 00 08 00 1F F3 0A 00    2 | .......@........
      3 | 00 00 04 01 46 75 72 69 65 73 00 00 00 00 00 00    3 | ....Furies......

NPC ID: 17350928
  Name: CyranuceMCuta
  POLUtils_Name: Cyranuce M Cutauleon
  Type: Simple NPC
  XYZR: -197.652, -10.098, 39.569, 247
  Mask: 00001111
        |  0  1  2  3  4  5  6  7  8  9  A  B  C  D  E  F      | 0123456789ABCDEF
    -----------------------------------------------------  ----------------------
      0 | 0E 24 C3 00 10 C1 08 01 10 01 0F F7 E9 A6 45 C3    0 | .$............E.
      1 | 68 91 21 C1 A8 46 1E 42 C7 01 00 00 4B 4B 00 03    1 | h.!..F.B....KK..
      2 | 07 9B 00 00 00 20 10 20 00 00 00 00 05 50 09 00    2 | ..... . .....P..
      3 | 00 00 3E 01 43 79 72 61 6E 75 63 65 4D 43 75 74    3 | ..>.CyranuceMCut
      4 | 61 00 00 00 00 00 00 00 -- -- -- -- -- -- -- --    4 | a.......--------

NPC ID: 17350929
  Name: Colo-colo
  POLUtils_Name: Colo-colo
  Type: Simple NPC
  XYZR: -188.824, -10.500, 32.488, 174
  Mask: 00001111
        |  0  1  2  3  4  5  6  7  8  9  A  B  C  D  E  F      | 0123456789ABCDEF
    -----------------------------------------------------  ----------------------
      0 | 0E 22 C3 00 11 C1 08 01 11 01 0F AE F2 D2 3C C3    0 | ."............<.
      1 | 00 00 28 C1 B6 F3 01 42 C6 04 00 00 28 28 00 03    1 | ..(....B....((..
      2 | 07 9D 00 00 00 0E 10 20 00 00 00 00 1F F3 0A 00    2 | ....... ........
      3 | 00 00 01 01 43 6F 6C 6F 2D 63 6F 6C 6F 00 00 00    3 | ....Colo-colo...
      4 | 00 00 00 00 -- -- -- -- -- -- -- -- -- -- -- --    4 | ....------------

NPC ID: 17350985
  Name: csnpc
  POLUtils_Name:      
  Type: CS NPC
  XYZR: 0.000, 0.000, 0.000, 0
  Mask: 01010111
        |  0  1  2  3  4  5  6  7  8  9  A  B  C  D  E  F      | 0123456789ABCDEF
    -----------------------------------------------------  ----------------------
      0 | 0E 24 D5 01 49 C1 08 01 49 01 57 00 00 00 00 00    0 | .$..I...I.W.....
      1 | 00 00 00 00 00 00 00 00 00 00 00 00 32 32 64 00    1 | ............22d.
      2 | 06 1B 00 00 00 00 00 20 00 00 00 00 00 00 00 00    2 | ....... ........
      3 | 01 00 00 00 05 10 05 20 05 30 05 40 00 50 00 60    3 | ....... .0.@.P.`
      4 | 00 70 00 00 00 00 00 00 -- -- -- -- -- -- -- --    4 | .p......--------

NPC ID: 17353180
  Name: Raka
  POLUtils_Name: Raka
  Type: Equipped NPC
  XYZR: -195.988, -10.500, 40.993, 238
  Mask: 01010111
        |  0  1  2  3  4  5  6  7  8  9  A  B  C  D  E  F      | 0123456789ABCDEF
    -----------------------------------------------------  ----------------------
      0 | 0E 26 25 02 DC C9 08 01 DC 08 57 EE EE FC 43 C3    0 | .&%.......W...C.
      1 | 00 00 28 C1 D5 F8 23 42 06 00 00 00 00 32 64 00    1 | ..(...#B.....2d.
      2 | 00 1D 00 00 00 0C 10 28 44 01 00 02 00 00 00 00    2 | .......(D.......
      3 | 01 00 00 07 00 10 1C 20 1C 30 1C 40 1C 50 08 61    3 | ....... .0.@.P.a
      4 | 25 70 00 00 52 61 6B 61 00 00 00 00 -- -- -- --    4 | %p..Raka....----

