NPC ID: 17580409
  Name: GoblinFootprin
  POLUtils_Name: Goblin Footprint
  Type: Simple NPC
  XYZR: 59.059, -67.875, -318.033, 11
  Mask: 00001111
        |  0  1  2  3  4  5  6  7  8  9  A  B  C  D  E  F      | 0123456789ABCDEF
    -----------------------------------------------------  ----------------------
      0 | 0E 24 0A 00 79 41 0C 01 79 01 0F 0B 6A 3C 6C 42    0 | .$..yA..y...j<lB
      1 | 00 C0 87 C2 39 04 9F C3 01 00 00 00 32 32 64 00    1 | ....9.......22d.
      2 | 00 03 00 00 00 00 00 00 00 00 00 00 00 00 00 00    2 | ................
      3 | 00 00 34 00 47 6F 62 6C 69 6E 46 6F 6F 74 70 72    3 | ..4.GoblinFootpr
      4 | 69 6E 00 00 00 00 00 00 -- -- -- -- -- -- -- --    4 | in......--------

NPC ID: 17580408
  Name: Ramblix
  POLUtils_Name: Ramblix
  Type: Simple NPC
  XYZR: 59.059, -67.875, -318.033, 11
  Mask: 00001111
        |  0  1  2  3  4  5  6  7  8  9  A  B  C  D  E  F      | 0123456789ABCDEF
    -----------------------------------------------------  ----------------------
      0 | 0E 20 0A 00 78 41 0C 01 78 01 0F 0B 6A 3C 6C 42    0 | . ..xA..x...j<lB
      1 | 00 C0 87 C2 39 04 9F C3 00 00 00 00 32 32 64 00    1 | ....9.......22d.
      2 | 06 1B 00 00 00 00 00 20 00 00 00 00 00 00 00 00    2 | ....... ........
      3 | 00 00 55 00 52 61 6D 62 6C 69 78 00 00 00 00 00    3 | ..U.Ramblix.....

NPC ID: 17580416
  Name: GroundsTome
  POLUtils_Name: Grounds Tome
  Type: Simple NPC
  XYZR: 62.087, -68.072, -276.110, 0
  Mask: 00001111
        |  0  1  2  3  4  5  6  7  8  9  A  B  C  D  E  F      | 0123456789ABCDEF
    -----------------------------------------------------  ----------------------
      0 | 0E 22 0A 00 80 41 0C 01 80 01 0F 00 17 59 78 42    0 | ."...A.......YxB
      1 | DD 24 88 C2 14 0E 8A C3 16 00 00 00 32 32 64 00    1 | .$..........22d.
      2 | 00 03 00 00 00 00 00 00 00 00 08 20 00 00 00 00    2 | ........... ....
      3 | 00 00 F2 08 47 72 6F 75 6E 64 73 54 6F 6D 65 00    3 | ....GroundsTome.
      4 | 00 00 00 00 -- -- -- -- -- -- -- -- -- -- -- --    4 | ....------------

NPC ID: 17580428
  Name: SurvivalGuide
  POLUtils_Name: Survival Guide
  Type: Simple NPC
  XYZR: 60.000, -68.000, -266.000, 192
  Mask: 00001111
        |  0  1  2  3  4  5  6  7  8  9  A  B  C  D  E  F      | 0123456789ABCDEF
    -----------------------------------------------------  ----------------------
      0 | 0E 24 0E 00 8C 41 0C 01 8C 01 0F C0 00 00 70 42    0 | .$...A........pB
      1 | 00 00 88 C2 00 00 85 C3 16 00 00 00 32 32 64 00    1 | ............22d.
      2 | 00 03 00 00 00 00 00 00 00 00 11 20 00 00 00 00    2 | ........... ....
      3 | 00 00 81 09 53 75 72 76 69 76 61 6C 47 75 69 64    3 | ....SurvivalGuid
      4 | 65 00 00 00 00 00 00 00 -- -- -- -- -- -- -- --    4 | e.......--------

NPC ID: 17580406
  Name: Degga
  POLUtils_Name: Degga
  Type: Equipped NPC
  XYZR: 40.224, -68.105, -257.831, 64
  Mask: 01010111
        |  0  1  2  3  4  5  6  7  8  9  A  B  C  D  E  F      | 0123456789ABCDEF
    -----------------------------------------------------  ----------------------
      0 | 0E 28 14 00 76 41 0C 01 76 01 57 40 60 E5 20 42    0 | .(..vA..v.W@`. B
      1 | C3 35 88 C2 5E EA 80 C3 07 00 00 00 32 32 64 00    1 | .5..^.......22d.
      2 | 00 1B 00 00 00 00 00 20 00 00 00 00 00 00 00 00    2 | ....... ........
      3 | 01 00 0D 08 11 10 09 20 09 30 09 40 09 50 00 60    3 | ....... .0.@.P.`
      4 | 00 70 00 00 00 00 00 00 00 00 00 00 00 00 00 00    4 | .p..............

NPC ID: 17580350
  Name: TreasureCasket
  POLUtils_Name: Treasure Casket
  Type: Simple NPC
  XYZR: 19.159, -61.012, -244.666, 85
  Mask: 00001111
        |  0  1  2  3  4  5  6  7  8  9  A  B  C  D  E  F      | 0123456789ABCDEF
    -----------------------------------------------------  ----------------------
      0 | 0E 24 32 00 3E 41 0C 01 3E 01 0F 55 A2 45 99 41    0 | .$2.>A..>..U.E.A
      1 | 4A 0C 74 C2 7F AA 74 C3 07 00 00 00 32 32 64 00    1 | J.t...t.....22d.
      2 | 02 03 00 00 00 00 00 00 00 00 04 04 00 00 00 00    2 | ................
      3 | 00 00 C6 03 54 72 65 61 73 75 72 65 43 61 73 6B    3 | ....TreasureCask
      4 | 65 74 00 00 00 00 00 00 -- -- -- -- -- -- -- --    4 | et......--------

NPC ID: 17580045
  Name: SkeletonWarrio
  POLUtils_Name: Skeleton Warrior
  Type: Simple NPC
  XYZR: 21.677, -59.880, -229.203, 1
  Mask: 00001111
        |  0  1  2  3  4  5  6  7  8  9  A  B  C  D  E  F      | 0123456789ABCDEF
    -----------------------------------------------------  ----------------------
      0 | 0E 24 49 00 0D 40 0C 01 0D 00 0F 01 7F 6A AD 41    0 | .$I..@.......j.A
      1 | 1F 85 6F C2 F8 33 65 C3 E7 00 00 00 28 28 64 00    1 | ..o..3e.....((d.
      2 | 01 81 00 00 00 0A 00 00 00 00 00 00 00 00 00 00    2 | ................
      3 | 00 00 3C 02 53 6B 65 6C 65 74 6F 6E 57 61 72 72    3 | ..<.SkeletonWarr
      4 | 69 6F 00 00 00 00 00 00 -- -- -- -- -- -- -- --    4 | io......--------

NPC ID: 17580107
  Name: SkeletonWarrio
  POLUtils_Name: Skeleton Warrior
  Type: Simple NPC
  XYZR: 28.448, -59.877, -220.675, 108
  Mask: 00001111
        |  0  1  2  3  4  5  6  7  8  9  A  B  C  D  E  F      | 0123456789ABCDEF
    -----------------------------------------------------  ----------------------
      0 | 0E 24 4A 00 4B 40 0C 01 4B 00 0F 6C 81 95 E3 41    0 | .$J.K@..K..l...A
      1 | 0C 82 6F C2 CD AC 5C C3 8B 00 00 00 28 28 64 00    1 | ..o...\\.....((d.
      2 | 01 81 00 00 00 0A 00 00 00 00 00 00 00 00 00 00    2 | ................
      3 | 00 00 3C 02 53 6B 65 6C 65 74 6F 6E 57 61 72 72    3 | ..<.SkeletonWarr
      4 | 69 6F 00 00 00 00 00 00 -- -- -- -- -- -- -- --    4 | io......--------

NPC ID: 17580106
  Name: SkeletonWarrio
  POLUtils_Name: Skeleton Warrior
  Type: Simple NPC
  XYZR: 29.152, -59.874, -218.973, 10
  Mask: 00001111
        |  0  1  2  3  4  5  6  7  8  9  A  B  C  D  E  F      | 0123456789ABCDEF
    -----------------------------------------------------  ----------------------
      0 | 0E 24 4B 00 4A 40 0C 01 4A 00 0F 0A 4C 37 E9 41    0 | .$K.J@..J...L7.A
      1 | FA 7E 6F C2 17 F9 5A C3 56 00 00 00 28 28 64 00    1 | .~o...Z.V...((d.
      2 | 01 81 00 00 00 0A 00 00 00 00 00 00 00 00 00 00    2 | ................
      3 | 00 00 3C 02 53 6B 65 6C 65 74 6F 6E 57 61 72 72    3 | ..<.SkeletonWarr
      4 | 69 6F 00 00 00 00 00 00 -- -- -- -- -- -- -- --    4 | io......--------

NPC ID: 17580047
  Name: SkeletonWarrio
  POLUtils_Name: Skeleton Warrior
  Type: Simple NPC
  XYZR: 28.572, -60.246, -216.572, 183
  Mask: 00001111
        |  0  1  2  3  4  5  6  7  8  9  A  B  C  D  E  F      | 0123456789ABCDEF
    -----------------------------------------------------  ----------------------
      0 | 0E 24 4C 00 0F 40 0C 01 0F 00 0F B7 75 93 E4 41    0 | .$L..@......u..A
      1 | E7 FB 70 C2 6F 92 58 C3 D9 00 00 00 28 28 64 00    1 | ..p.o.X.....((d.
      2 | 01 81 00 00 00 0A 00 00 00 00 00 00 00 00 00 00    2 | ................
      3 | 00 00 3C 02 53 6B 65 6C 65 74 6F 6E 57 61 72 72    3 | ..<.SkeletonWarr
      4 | 69 6F 00 00 00 00 00 00 -- -- -- -- -- -- -- --    4 | io......--------

NPC ID: 17580349
  Name: TreasureCasket
  POLUtils_Name: Treasure Casket
  Type: Simple NPC
  XYZR: 18.000, -60.011, -212.926, 20
  Mask: 00001111
        |  0  1  2  3  4  5  6  7  8  9  A  B  C  D  E  F      | 0123456789ABCDEF
    -----------------------------------------------------  ----------------------
      0 | 0E 24 53 00 3D 41 0C 01 3D 01 0F 14 00 00 90 41    0 | .$S.=A..=......A
      1 | 44 0B 70 C2 0E ED 54 C3 07 00 00 00 32 32 64 00    1 | D.p...T.....22d.
      2 | 02 03 00 00 00 00 00 00 00 00 04 04 00 00 00 00    2 | ................
      3 | 00 00 C6 03 54 72 65 61 73 75 72 65 43 61 73 6B    3 | ....TreasureCask
      4 | 65 74 00 00 00 00 00 00 -- -- -- -- -- -- -- --    4 | et......--------

NPC ID: 17580046
  Name: SkeletonWarrio
  POLUtils_Name: Skeleton Warrior
  Type: Simple NPC
  XYZR: 17.913, -59.877, -210.038, 131
  Mask: 00001111
        |  0  1  2  3  4  5  6  7  8  9  A  B  C  D  E  F      | 0123456789ABCDEF
    -----------------------------------------------------  ----------------------
      0 | 0E 24 55 00 0E 40 0C 01 0E 00 0F 83 D3 4D 8F 41    0 | .$U..@.......M.A
      1 | 0C 82 6F C2 BA 09 52 C3 A5 00 00 00 28 28 64 00    1 | ..o...R.....((d.
      2 | 01 81 00 00 00 0A 00 00 00 00 00 00 00 00 00 00    2 | ................
      3 | 00 00 3C 02 53 6B 65 6C 65 74 6F 6E 57 61 72 72    3 | ..<.SkeletonWarr
      4 | 69 6F 00 00 00 00 00 00 -- -- -- -- -- -- -- --    4 | io......--------

NPC ID: 17580352
  Name: TreasureCasket
  POLUtils_Name: Treasure Casket
  Type: Simple NPC
  XYZR: 19.339, -60.375, -201.865, 54
  Mask: 00001111
        |  0  1  2  3  4  5  6  7  8  9  A  B  C  D  E  F      | 0123456789ABCDEF
    -----------------------------------------------------  ----------------------
      0 | 0E 24 5C 00 40 41 0C 01 40 01 0F 36 46 B6 9A 41    0 | .$\\.@A..@..6F..A
      1 | 00 80 71 C2 71 DD 49 C3 07 00 00 00 32 32 64 00    1 | ..q.q.I.....22d.
      2 | 02 03 08 00 00 00 00 00 00 00 04 0C 00 00 00 00    2 | ................
      3 | 00 00 C6 03 54 72 65 61 73 75 72 65 43 61 73 6B    3 | ....TreasureCask
      4 | 65 74 00 00 00 00 00 00 -- -- -- -- -- -- -- --    4 | et......--------

NPC ID: 17580348
  Name: TreasureCasket
  POLUtils_Name: Treasure Casket
  Type: Simple NPC
  XYZR: -22.607, -60.375, -219.993, 249
  Mask: 00001111
        |  0  1  2  3  4  5  6  7  8  9  A  B  C  D  E  F      | 0123456789ABCDEF
    -----------------------------------------------------  ----------------------
      0 | 0E 24 5E 00 3C 41 0C 01 3C 01 0F F9 23 DB B4 C1    0 | .$^.<A..<...#...
      1 | 00 80 71 C2 35 FE 5B C3 06 00 00 00 32 32 64 00    1 | ..q.5.[.....22d.
      2 | 02 03 08 00 00 00 00 00 00 00 04 0C 00 00 00 00    2 | ................
      3 | 00 00 C6 03 54 72 65 61 73 75 72 65 43 61 73 6B    3 | ....TreasureCask
      4 | 65 74 00 00 00 00 00 00 -- -- -- -- -- -- -- --    4 | et......--------

NPC ID: 17580048
  Name: SkeletonWarrio
  POLUtils_Name: Skeleton Warrior
  Type: Simple NPC
  XYZR: 18.214, -60.231, -177.432, 88
  Mask: 00001111
        |  0  1  2  3  4  5  6  7  8  9  A  B  C  D  E  F      | 0123456789ABCDEF
    -----------------------------------------------------  ----------------------
      0 | 0E 24 6A 00 10 40 0C 01 10 00 0F 58 46 B6 91 41    0 | .$j..@.....XF..A
      1 | 8B EC 70 C2 98 6E 31 C3 7E 00 00 00 28 28 64 00    1 | ..p..n1.~...((d.
      2 | 01 81 00 00 00 0A 00 00 00 00 00 00 00 00 00 00    2 | ................
      3 | 00 00 3C 02 53 6B 65 6C 65 74 6F 6E 57 61 72 72    3 | ..<.SkeletonWarr
      4 | 69 6F 00 00 00 00 00 00 -- -- -- -- -- -- -- --    4 | io......--------

NPC ID: 17580050
  Name: SkeletonWarrio
  POLUtils_Name: Skeleton Warrior
  Type: Simple NPC
  XYZR: 26.102, -59.879, -176.730, 149
  Mask: 00001111
        |  0  1  2  3  4  5  6  7  8  9  A  B  C  D  E  F      | 0123456789ABCDEF
    -----------------------------------------------------  ----------------------
      0 | 0E 24 6A 00 12 40 0C 01 12 00 0F 95 E5 D0 D0 41    0 | .$j..@.........A
      1 | 19 84 6F C2 E1 BA 30 C3 7E 00 00 00 28 28 64 00    1 | ..o...0.~...((d.
      2 | 01 81 00 00 00 0A 00 00 00 00 00 00 00 00 00 00    2 | ................
      3 | 00 00 3C 02 53 6B 65 6C 65 74 6F 6E 57 61 72 72    3 | ..<.SkeletonWarr
      4 | 69 6F 00 00 00 00 00 00 -- -- -- -- -- -- -- --    4 | io......--------

NPC ID: 17580049
  Name: SkeletonWarrio
  POLUtils_Name: Skeleton Warrior
  Type: Simple NPC
  XYZR: 19.816, -59.875, -174.938, 81
  Mask: 00001111
        |  0  1  2  3  4  5  6  7  8  9  A  B  C  D  E  F      | 0123456789ABCDEF
    -----------------------------------------------------  ----------------------
      0 | 0E 24 6B 00 11 40 0C 01 11 00 0F 51 2B 87 9E 41    0 | .$k..@.....Q+..A
      1 | 00 80 6F C2 21 F0 2E C3 97 00 00 00 28 28 64 00    1 | ..o.!.......((d.
      2 | 01 81 00 00 00 0A 00 00 00 00 00 00 00 00 00 00    2 | ................
      3 | 00 00 3C 02 53 6B 65 6C 65 74 6F 6E 57 61 72 72    3 | ..<.SkeletonWarr
      4 | 69 6F 00 00 00 00 00 00 -- -- -- -- -- -- -- --    4 | io......--------

NPC ID: 17580058
  Name: FlyAgaric
  POLUtils_Name: Fly Agaric
  Type: Simple NPC
  XYZR: 56.180, -59.702, -181.572, 62
  Mask: 00001111
        |  0  1  2  3  4  5  6  7  8  9  A  B  C  D  E  F      | 0123456789ABCDEF
    -----------------------------------------------------  ----------------------
      0 | 0E 22 6E 00 1A 40 0C 01 1A 00 0F 3E 52 B8 60 42    0 | ."n..@.....>R.`B
      1 | D9 CE 6E C2 6F 92 35 C3 97 00 00 00 28 28 64 00    1 | ..n.o.5.....((d.
      2 | 01 81 00 00 00 0C 00 00 00 00 00 00 00 00 00 00    2 | ................
      3 | 00 00 78 01 46 6C 79 41 67 61 72 69 63 00 00 00    3 | ..x.FlyAgaric...
      4 | 00 00 00 00 -- -- -- -- -- -- -- -- -- -- -- --    4 | ....------------

NPC ID: 17580057
  Name: FlyAgaric
  POLUtils_Name: Fly Agaric
  Type: Simple NPC
  XYZR: 69.660, -59.503, -185.775, 70
  Mask: 00001111
        |  0  1  2  3  4  5  6  7  8  9  A  B  C  D  E  F      | 0123456789ABCDEF
    -----------------------------------------------------  ----------------------
      0 | 0E 22 72 00 19 40 0C 01 19 00 0F 46 EC 51 8B 42    0 | ."r..@.....F.Q.B
      1 | 12 03 6E C2 66 C6 39 C3 F3 00 00 00 28 28 64 00    1 | ..n.f.9.....((d.
      2 | 01 81 00 00 00 0C 00 00 00 00 00 00 00 00 00 00    2 | ................
      3 | 00 00 78 01 46 6C 79 41 67 61 72 69 63 00 00 00    3 | ..x.FlyAgaric...
      4 | 00 00 00 00 -- -- -- -- -- -- -- -- -- -- -- --    4 | ....------------

NPC ID: 17580056
  Name: FlyAgaric
  POLUtils_Name: Fly Agaric
  Type: Simple NPC
  XYZR: 65.118, -59.695, -180.404, 10
  Mask: 00001111
        |  0  1  2  3  4  5  6  7  8  9  A  B  C  D  E  F      | 0123456789ABCDEF
    -----------------------------------------------------  ----------------------
      0 | 0E 22 72 00 18 40 0C 01 18 00 0F 0A 6A 3C 82 42    0 | ."r..@......j<.B
      1 | AE C7 6E C2 6D 67 34 C3 CD 00 00 00 28 28 64 00    1 | ..n.mg4.....((d.
      2 | 01 81 00 00 00 0C 00 00 00 00 00 00 00 00 00 00    2 | ................
      3 | 00 00 78 01 46 6C 79 41 67 61 72 69 63 00 00 00    3 | ..x.FlyAgaric...
      4 | 00 00 00 00 -- -- -- -- -- -- -- -- -- -- -- --    4 | ....------------

NPC ID: 17580055
  Name: FlyAgaric
  POLUtils_Name: Fly Agaric
  Type: Simple NPC
  XYZR: 64.969, -59.725, -176.045, 9
  Mask: 00001111
        |  0  1  2  3  4  5  6  7  8  9  A  B  C  D  E  F      | 0123456789ABCDEF
    -----------------------------------------------------  ----------------------
      0 | 0E 22 77 00 17 40 0C 01 17 00 0F 09 21 F0 81 42    0 | ."w..@......!..B
      1 | 66 E6 6E C2 85 0B 30 C3 CD 00 00 00 28 28 64 00    1 | f.n...0.....((d.
      2 | 01 81 00 00 00 0C 00 00 00 00 00 00 00 00 00 00    2 | ................
      3 | 00 00 78 01 46 6C 79 41 67 61 72 69 63 00 00 00    3 | ..x.FlyAgaric...
      4 | 00 00 00 00 -- -- -- -- -- -- -- -- -- -- -- --    4 | ....------------

NPC ID: 17580399
  Name: MiningPoint
  POLUtils_Name: Mining Point
  Type: Simple NPC
  XYZR: 94.857, -61.015, -229.651, 0
  Mask: 00001111
        |  0  1  2  3  4  5  6  7  8  9  A  B  C  D  E  F      | 0123456789ABCDEF
    -----------------------------------------------------  ----------------------
      0 | 0E 22 78 00 6F 41 0C 01 6F 01 0F 00 C9 B6 BD 42    0 | ."x.oA..o......B
      1 | 5C 0F 74 C2 A8 A6 65 C3 07 80 00 00 32 32 64 00    1 | \\.t...e.....22d.
      2 | 00 03 00 00 00 00 00 00 00 00 00 00 00 00 00 00    2 | ................
      3 | 00 00 78 09 4D 69 6E 69 6E 67 50 6F 69 6E 74 00    3 | ..x.MiningPoint.
      4 | 00 00 00 00 -- -- -- -- -- -- -- -- -- -- -- --    4 | ....------------

NPC ID: 17580401
  Name: MiningPoint
  POLUtils_Name: Mining Point
  Type: Simple NPC
  XYZR: 94.857, -61.015, -229.651, 0
  Mask: 00001111
        |  0  1  2  3  4  5  6  7  8  9  A  B  C  D  E  F      | 0123456789ABCDEF
    -----------------------------------------------------  ----------------------
      0 | 0E 22 78 00 71 41 0C 01 71 01 0F 00 C9 B6 BD 42    0 | ."x.qA..q......B
      1 | 5C 0F 74 C2 A8 A6 65 C3 06 80 00 00 32 32 64 00    1 | \\.t...e.....22d.
      2 | 00 03 00 00 00 00 00 00 00 00 00 00 00 00 00 00    2 | ................
      3 | 00 00 78 09 4D 69 6E 69 6E 67 50 6F 69 6E 74 00    3 | ..x.MiningPoint.
      4 | 00 00 00 00 -- -- -- -- -- -- -- -- -- -- -- --    4 | ....------------

NPC ID: 17580101
  Name: Bandersnatch
  POLUtils_Name: Bandersnatch
  Type: Simple NPC
  XYZR: 102.835, -60.121, -179.316, 63
  Mask: 00001111
        |  0  1  2  3  4  5  6  7  8  9  A  B  C  D  E  F      | 0123456789ABCDEF
    -----------------------------------------------------  ----------------------
      0 | 0E 22 86 00 45 40 0C 01 45 00 0F 3F 85 AB CD 42    0 | ."..E@..E..?...B
      1 | E7 7B 70 C2 E5 50 33 C3 BF 00 00 00 28 28 64 00    1 | .{p..P3.....((d.
      2 | 01 83 00 00 00 19 00 00 00 00 00 00 00 00 00 00    2 | ................
      3 | 00 00 6C 01 42 61 6E 64 65 72 73 6E 61 74 63 68    3 | ..l.Bandersnatch
      4 | 00 00 00 00 -- -- -- -- -- -- -- -- -- -- -- --    4 | ....------------

NPC ID: 17580098
  Name: Ghoul
  POLUtils_Name: Ghoul
  Type: Simple NPC
  XYZR: 102.652, -60.505, -176.865, 41
  Mask: 00001111
        |  0  1  2  3  4  5  6  7  8  9  A  B  C  D  E  F      | 0123456789ABCDEF
    -----------------------------------------------------  ----------------------
      0 | 0E 20 87 00 42 40 0C 01 42 00 0F 29 D3 4D CD 42    0 | . ..B@..B..).M.B
      1 | 1F 05 72 C2 71 DD 30 C3 43 09 00 00 28 28 00 03    1 | ..r.q.0.C...((..
      2 | 07 81 00 00 00 0A 00 00 00 00 00 00 00 00 00 00    2 | ................
      3 | 00 00 3C 02 47 68 6F 75 6C 00 00 00 00 00 00 00    3 | ..<.Ghoul.......

