NPC ID: 17768500
  Name: Sheelala
  POLUtils_Name: Sheelala
  Type: Equipped NPC
  XYZR: 4.450, 0.749, -8.666, 141
  Mask: 01010111
        |  0  1  2  3  4  5  6  7  8  9  A  B  C  D  E  F      | 0123456789ABCDEF
    -----------------------------------------------------  ----------------------
      0 | 0E 28 0A 00 34 20 0F 01 34 00 57 8D 66 66 8E 40    0 | .(..4 ..4.W.ff.@
      1 | 77 BE 3F 3F F0 A7 0A C1 15 00 00 00 32 32 64 00    1 | w.??........22d.
      2 | 00 1B 00 00 00 00 00 20 00 00 00 00 00 00 00 00    2 | ....... ........
      3 | 01 00 02 06 00 10 08 20 08 30 08 40 08 50 00 60    3 | ....... .0.@.P.`
      4 | 00 70 00 00 00 00 00 00 00 00 00 00 00 00 00 00    4 | .p..............

NPC ID: 17768501
  Name: Parara
  POLUtils_Name: Parara
  Type: Equipped NPC
  XYZR: 16.972, 0.499, -16.564, 171
  Mask: 01010111
        |  0  1  2  3  4  5  6  7  8  9  A  B  C  D  E  F      | 0123456789ABCDEF
    -----------------------------------------------------  ----------------------
      0 | 0E 28 0A 00 35 20 0F 01 35 00 57 AB A8 C6 87 41    0 | .(..5 ..5.W....A
      1 | EE 7C FF 3E 12 83 84 C1 0E 00 00 00 32 32 64 00    1 | .|.>........22d.
      2 | 00 1B 00 00 00 00 00 20 00 00 00 00 00 00 00 00    2 | ....... ........
      3 | 01 00 03 06 00 10 08 20 08 30 08 40 08 50 00 60    3 | ....... .0.@.P.`
      4 | 00 70 00 00 00 00 00 00 00 00 00 00 00 00 00 00    4 | .p..............

NPC ID: 17768505
  Name: LinMegomifu
  POLUtils_Name: Lin Megomifu
  Type: Simple NPC
  XYZR: 21.862, 0.499, -0.126, 209
  Mask: 00001111
        |  0  1  2  3  4  5  6  7  8  9  A  B  C  D  E  F      | 0123456789ABCDEF
    -----------------------------------------------------  ----------------------
      0 | 0E 22 0A 00 39 20 0F 01 39 00 0F D1 60 E5 AE 41    0 | ."..9 ..9...`..A
      1 | EE 7C FF 3E 25 06 01 BE 0E 00 00 00 32 32 64 00    1 | .|.>%.......22d.
      2 | 00 1B 00 00 00 00 00 20 00 00 00 00 00 00 00 00    2 | ....... ........
      3 | 00 00 B6 00 4C 69 6E 4D 65 67 6F 6D 69 66 75 00    3 | ....LinMegomifu.
      4 | 00 00 00 00 -- -- -- -- -- -- -- -- -- -- -- --    4 | ....------------

NPC ID: 17768506
  Name: Zubu-Abibu
  POLUtils_Name: Zubu-Abibu
  Type: Equipped NPC
  XYZR: 3.943, 0.000, -22.526, 164
  Mask: 01010111
        |  0  1  2  3  4  5  6  7  8  9  A  B  C  D  E  F      | 0123456789ABCDEF
    -----------------------------------------------------  ----------------------
      0 | 0E 2A 0A 00 3A 20 0F 01 3A 00 57 A4 1D 5A 7C 40    0 | .*..: ..:.W..Z|@
      1 | 00 00 00 00 3F 35 B4 C1 07 00 00 00 32 32 64 00    1 | ....?5......22d.
      2 | 00 1B 00 00 00 00 00 20 00 00 01 00 00 00 00 00    2 | ....... ........
      3 | 01 00 00 05 00 10 05 20 05 30 05 40 05 50 00 60    3 | ....... .0.@.P.`
      4 | 00 70 00 00 00 00 00 00 00 00 00 00 00 00 00 00    4 | .p..............
      5 | 00 00 00 00 -- -- -- -- -- -- -- -- -- -- -- --    5 | ....------------

NPC ID: 17768499
  Name: Ritoto
  POLUtils_Name: Ritoto
  Type: Equipped NPC
  XYZR: 0.343, 0.250, -8.561, 180
  Mask: 01010111
        |  0  1  2  3  4  5  6  7  8  9  A  B  C  D  E  F      | 0123456789ABCDEF
    -----------------------------------------------------  ----------------------
      0 | 0E 28 0A 00 33 20 0F 01 33 00 57 B4 B2 9D AF 3E    0 | .(..3 ..3.W....>
      1 | 00 00 80 3E DB F9 08 C1 01 00 00 00 32 32 64 00    1 | ...>........22d.
      2 | 00 1B 00 00 00 00 00 20 00 00 01 00 00 00 00 00    2 | ....... ........
      3 | 01 00 01 06 00 10 08 20 08 30 08 40 08 50 00 60    3 | ....... .0.@.P.`
      4 | 00 70 00 00 00 00 00 00 00 00 00 00 00 00 00 00    4 | .p..............

NPC ID: 17768472
  Name: Lion
  POLUtils_Name: Lion
  Type: Simple NPC
  XYZR: 19.205, 0.500, -9.772, 211
  Mask: 00001111
        |  0  1  2  3  4  5  6  7  8  9  A  B  C  D  E  F      | 0123456789ABCDEF
    -----------------------------------------------------  ----------------------
      0 | 0E 1E 0A 00 18 20 0F 01 18 00 0F D3 D7 A3 99 41    0 | ..... .........A
      1 | 00 00 00 3F 1D 5A 1C C1 00 00 00 00 32 32 64 00    1 | ...?.Z......22d.
      2 | 06 1B 00 00 00 00 00 20 00 00 00 00 00 00 00 00    2 | ....... ........
      3 | 00 00 3C 00 4C 69 6F 6E 00 00 00 00 -- -- -- --    3 | ..<.Lion....----

NPC ID: 17768504
  Name: Chuqui-Chanqui
  POLUtils_Name: Chuqui-Chanqui
  Type: Equipped NPC
  XYZR: -20.847, 0.500, -2.002, 184
  Mask: 01010111
        |  0  1  2  3  4  5  6  7  8  9  A  B  C  D  E  F      | 0123456789ABCDEF
    -----------------------------------------------------  ----------------------
      0 | 0E 2C 0A 00 38 20 0F 01 38 00 57 B8 A8 C6 A6 C1    0 | .,..8 ..8.W.....
      1 | 00 00 00 3F C5 20 00 C0 54 03 00 00 0D 32 64 00    1 | ...?. ..T....2d.
      2 | 00 1B 00 40 00 00 00 20 00 00 01 00 00 00 00 00    2 | ...@... ........
      3 | 01 00 02 05 00 10 08 20 08 30 08 40 08 50 00 60    3 | ....... .0.@.P.`
      4 | 00 70 00 00 00 00 00 00 00 00 00 00 00 00 00 00    4 | .p..............
      5 | 00 00 00 00 00 00 00 00 -- -- -- -- -- -- -- --    5 | ........--------

NPC ID: 17768449
  Name: DIRECTOR
  POLUtils_Name: DIRECTOR
  Type: Simple NPC
  XYZR: 11.132, 0.499, -19.497, 117
  Mask: 00001111
        |  0  1  2  3  4  5  6  7  8  9  A  B  C  D  E  F      | 0123456789ABCDEF
    -----------------------------------------------------  ----------------------
      0 | 0E 20 0A 00 01 20 0F 01 01 00 0F 75 AC 1C 32 41    0 | . ... .....u..2A
      1 | EE 7C FF 3E DB F9 9B C1 00 00 00 00 32 32 64 00    1 | .|.>........22d.
      2 | 06 03 00 00 00 00 00 00 00 00 00 00 00 00 00 00    2 | ................
      3 | 00 00 32 00 44 49 52 45 43 54 4F 52 00 00 00 00    3 | ..2.DIRECTOR....

NPC ID: 17768568
  Name: Kierron
  POLUtils_Name: Kierron
  Type: Equipped NPC
  XYZR: -7.154, 0.500, -4.474, 236
  Mask: 01010111
        |  0  1  2  3  4  5  6  7  8  9  A  B  C  D  E  F      | 0123456789ABCDEF
    -----------------------------------------------------  ----------------------
      0 | 0E 28 0A 00 78 20 0F 01 78 00 57 EC 91 ED E4 C0    0 | .(..x ..x.W.....
      1 | 00 00 00 3F 02 2B 8F C0 15 00 00 00 32 32 64 00    1 | ...?.+......22d.
      2 | 00 1B 00 00 00 00 00 20 00 00 00 00 00 00 00 00    2 | ....... ........
      3 | 01 00 08 01 00 10 04 21 C9 30 B9 40 02 51 00 60    3 | .......!.0.@.Q.`
      4 | 00 70 00 00 00 00 00 00 00 00 00 00 00 00 00 00    4 | .p..............

NPC ID: 17768567
  Name: Jerrett
  POLUtils_Name: Jerrett
  Type: Equipped NPC
  XYZR: -7.847, 0.500, -3.441, 236
  Mask: 01010111
        |  0  1  2  3  4  5  6  7  8  9  A  B  C  D  E  F      | 0123456789ABCDEF
    -----------------------------------------------------  ----------------------
      0 | 0E 28 0A 00 77 20 0F 01 77 00 57 EC A0 1A FB C0    0 | .(..w ..w.W.....
      1 | 00 00 00 3F 58 39 5C C0 01 00 00 00 32 32 64 00    1 | ...?X9\\.....22d.
      2 | 00 1B 00 00 00 00 00 20 00 00 00 00 00 00 00 00    2 | ....... ........
      3 | 01 00 04 01 00 10 04 21 C9 30 B9 40 02 51 00 60    3 | .......!.0.@.Q.`
      4 | 00 70 00 00 00 00 00 00 00 00 00 00 00 00 00 00    4 | .p..............

NPC ID: 17768507
  Name: Wabble-Mopple
  POLUtils_Name: Wabble-Mopple
  Type: Equipped NPC
  XYZR: -3.267, 0.000, -22.209, 201
  Mask: 01010111
        |  0  1  2  3  4  5  6  7  8  9  A  B  C  D  E  F      | 0123456789ABCDEF
    -----------------------------------------------------  ----------------------
      0 | 0E 2C 0A 00 3B 20 0F 01 3B 00 57 C9 87 16 51 C0    0 | .,..; ..;.W...Q.
      1 | 00 00 00 00 08 AC B1 C1 01 00 00 00 32 32 64 00    1 | ............22d.
      2 | 00 1B 00 00 00 00 00 20 00 00 01 00 00 00 00 00    2 | ....... ........
      3 | 01 00 01 05 00 10 05 20 05 30 05 40 05 50 00 60    3 | ....... .0.@.P.`
      4 | 00 70 00 00 00 00 00 00 00 00 00 00 00 00 00 00    4 | .p..............
      5 | 00 00 00 00 00 00 00 00 -- -- -- -- -- -- -- --    5 | ........--------

NPC ID: 17768503
  Name: Habida-Jubida
  POLUtils_Name: Habida-Jubida
  Type: Equipped NPC
  XYZR: -16.299, 0.500, -15.847, 224
  Mask: 01010111
        |  0  1  2  3  4  5  6  7  8  9  A  B  C  D  E  F      | 0123456789ABCDEF
    -----------------------------------------------------  ----------------------
      0 | 0E 2C 0A 00 37 20 0F 01 37 00 57 E0 5A 64 82 C1    0 | .,..7 ..7.W.Zd..
      1 | 00 00 00 3F 50 8D 7D C1 01 00 00 00 32 32 64 00    1 | ...?P.}.....22d.
      2 | 00 1B 00 00 00 00 00 20 00 00 01 00 00 00 00 00    2 | ....... ........
      3 | 01 00 01 05 00 10 08 20 08 30 08 40 08 50 00 60    3 | ....... .0.@.P.`
      4 | 00 70 00 00 00 00 00 00 00 00 00 00 00 00 00 00    4 | .p..............
      5 | 00 00 00 00 00 00 00 00 -- -- -- -- -- -- -- --    5 | ........--------

NPC ID: 17768560
  Name: Pompi-Rompi
  POLUtils_Name: Pompi-Rompi
  Type: Equipped NPC
  XYZR: -6.719, 0.249, 24.768, 212
  Mask: 01010111
        |  0  1  2  3  4  5  6  7  8  9  A  B  C  D  E  F      | 0123456789ABCDEF
    -----------------------------------------------------  ----------------------
      0 | 0E 2A 0B 00 70 20 0F 01 70 00 57 D4 0C 02 D7 C0    0 | .*..p ..p.W.....
      1 | DB F9 7E 3E DD 24 C6 41 15 00 00 00 32 32 64 00    1 | ..~>.$.A....22d.
      2 | 00 1B 00 00 00 00 00 20 00 00 00 00 00 00 00 00    2 | ....... ........
      3 | 01 00 07 05 14 10 2D 20 5C 30 5C 40 5C 50 F0 60    3 | ......- \\0\\@\\P.`
      4 | 00 70 00 00 00 00 00 00 00 00 00 00 00 00 00 00    4 | .p..............
      5 | 00 00 00 00 -- -- -- -- -- -- -- -- -- -- -- --    5 | ....------------

NPC ID: 17768544
  Name: Mashua
  POLUtils_Name: Mashua
  Type: Simple NPC
  XYZR: -7.399, 0.500, 4.580, 149
  Mask: 00001111
        |  0  1  2  3  4  5  6  7  8  9  A  B  C  D  E  F      | 0123456789ABCDEF
    -----------------------------------------------------  ----------------------
      0 | 0E 20 0B 00 60 20 0F 01 60 00 0F 95 9C C4 EC C0    0 | . ..` ..`.......
      1 | 00 00 00 3F 5C 8F 92 40 15 00 00 00 32 32 64 22    1 | ...?\\..@....22d"
      2 | 00 1B 00 00 00 00 00 20 00 00 00 00 00 00 00 00    2 | ....... ........
      3 | 00 00 CD 03 4D 61 73 68 75 61 00 00 00 00 00 00    3 | ....Mashua......

NPC ID: 17768552
  Name: Mhabi Molkot
  POLUtils_Name: Mhabi Molkot
  Type: Equipped NPC
  XYZR: -3.767, 0.499, 23.920, 194
  Mask: 01010111
        |  0  1  2  3  4  5  6  7  8  9  A  B  C  D  E  F      | 0123456789ABCDEF
    -----------------------------------------------------  ----------------------
      0 | 0E 2A 0B 00 68 20 0F 01 68 00 57 C2 87 16 71 C0    0 | .*..h ..h.W...q.
      1 | EE 7C FF 3E 29 5C BF 41 15 00 00 00 32 32 64 00    1 | .|.>)\\.A....22d.
      2 | 00 1B 00 00 00 00 00 20 00 00 00 00 00 00 00 00    2 | ....... ........
      3 | 01 00 03 07 00 10 58 20 09 30 58 40 09 50 00 61    3 | ......X .0X@.P.a
      4 | 39 71 00 00 00 00 00 00 00 00 00 00 00 00 00 00    4 | 9q..............
      5 | 00 00 00 00 -- -- -- -- -- -- -- -- -- -- -- --    5 | ....------------

NPC ID: 17768508
  Name: Tamil-Hamel
  POLUtils_Name: Tamil-Hamel
  Type: Equipped NPC
  XYZR: -2.282, 0.500, 18.788, 52
  Mask: 01010111
        |  0  1  2  3  4  5  6  7  8  9  A  B  C  D  E  F      | 0123456789ABCDEF
    -----------------------------------------------------  ----------------------
      0 | 0E 2A 0B 00 3C 20 0F 01 3C 00 57 34 4A 0C 12 C0    0 | .*..< ..<.W4J...
      1 | 00 00 00 3F D3 4D 96 41 15 00 00 00 32 32 64 00    1 | ...?.M.A....22d.
      2 | 00 1B 00 00 00 00 00 20 00 00 01 00 00 00 00 00    2 | ....... ........
      3 | 01 00 02 05 00 10 05 20 05 30 05 40 05 50 00 60    3 | ....... .0.@.P.`
      4 | 00 70 00 00 00 00 00 00 00 00 00 00 00 00 00 00    4 | .p..............
      5 | 00 00 00 00 -- -- -- -- -- -- -- -- -- -- -- --    5 | ....------------

NPC ID: 17768562
  Name: CelebratoryChe
  POLUtils_Name: Celebratory Chest
  Type: Simple NPC
  XYZR: -7.600, 0.249, 25.239, 216
  Mask: 00001111
        |  0  1  2  3  4  5  6  7  8  9  A  B  C  D  E  F      | 0123456789ABCDEF
    -----------------------------------------------------  ----------------------
      0 | 0E 24 0B 00 72 20 0F 01 72 00 0F D8 33 33 F3 C0    0 | .$..r ..r...33..
      1 | DB F9 7E 3E 79 E9 C9 41 01 00 00 00 32 32 64 00    1 | ..~>y..A....22d.
      2 | 00 03 00 00 00 00 00 00 00 00 08 00 00 00 00 00    2 | ................
      3 | 00 00 C0 03 43 65 6C 65 62 72 61 74 6F 72 79 43    3 | ....CelebratoryC
      4 | 68 65 00 00 00 00 00 00 -- -- -- -- -- -- -- --    4 | he......--------

NPC ID: 17768561
  Name: MatrimonialCof
  POLUtils_Name: Matrimonial Coffer
  Type: Simple NPC
  XYZR: -5.955, 0.249, 24.360, 210
  Mask: 00001111
        |  0  1  2  3  4  5  6  7  8  9  A  B  C  D  E  F      | 0123456789ABCDEF
    -----------------------------------------------------  ----------------------
      0 | 0E 24 0B 00 71 20 0F 01 71 00 0F D2 5C 8F BE C0    0 | .$..q ..q...\\...
      1 | DB F9 7E 3E 48 E1 C2 41 01 00 00 00 32 32 64 00    1 | ..~>H..A....22d.
      2 | 00 03 00 00 00 00 00 00 00 00 00 00 00 00 00 00    2 | ................
      3 | 00 00 C1 03 4D 61 74 72 69 6D 6F 6E 69 61 6C 43    3 | ....MatrimonialC
      4 | 6F 66 00 00 00 00 00 00 -- -- -- -- -- -- -- --    4 | of......--------

NPC ID: 17768465
  Name: CelebratoryChe
  POLUtils_Name: Celebratory Chest
  Type: Simple NPC
  XYZR: -7.600, 0.249, 25.239, 216
  Mask: 00001111
        |  0  1  2  3  4  5  6  7  8  9  A  B  C  D  E  F      | 0123456789ABCDEF
    -----------------------------------------------------  ----------------------
      0 | 0E 24 0B 00 11 20 0F 01 11 00 0F D8 33 33 F3 C0    0 | .$... ......33..
      1 | DB F9 7E 3E 79 E9 C9 41 00 00 00 00 32 32 64 00    1 | ..~>y..A....22d.
      2 | 06 03 00 00 00 00 00 00 00 00 00 00 00 00 00 00    2 | ................
      3 | 00 00 C0 03 43 65 6C 65 62 72 61 74 6F 72 79 43    3 | ....CelebratoryC
      4 | 68 65 00 00 00 00 00 00 -- -- -- -- -- -- -- --    4 | he......--------

NPC ID: 17768464
  Name: MatrimonialCof
  POLUtils_Name: Matrimonial Coffer
  Type: Simple NPC
  XYZR: -5.955, 0.249, 24.360, 210
  Mask: 00001111
        |  0  1  2  3  4  5  6  7  8  9  A  B  C  D  E  F      | 0123456789ABCDEF
    -----------------------------------------------------  ----------------------
      0 | 0E 24 0B 00 10 20 0F 01 10 00 0F D2 5C 8F BE C0    0 | .$... ......\\...
      1 | DB F9 7E 3E 48 E1 C2 41 00 00 00 00 32 32 64 00    1 | ..~>H..A....22d.
      2 | 06 03 00 00 00 00 00 00 00 00 00 00 00 00 00 00    2 | ................
      3 | 00 00 C1 03 4D 61 74 72 69 6D 6F 6E 69 61 6C 43    3 | ....MatrimonialC
      4 | 6F 66 00 00 00 00 00 00 -- -- -- -- -- -- -- --    4 | of......--------

NPC ID: 17768463
  Name: Mhabi Molkot
  POLUtils_Name: Mhabi Molkot
  Type: Equipped NPC
  XYZR: -3.767, 0.499, 23.920, 194
  Mask: 01010111
        |  0  1  2  3  4  5  6  7  8  9  A  B  C  D  E  F      | 0123456789ABCDEF
    -----------------------------------------------------  ----------------------
      0 | 0E 2A 0B 00 0F 20 0F 01 0F 00 57 C2 87 16 71 C0    0 | .*... ....W...q.
      1 | EE 7C FF 3E 29 5C BF 41 00 00 00 00 32 32 64 00    1 | .|.>)\\.A....22d.
      2 | 06 1B 00 00 00 00 00 20 00 00 00 00 00 00 00 00    2 | ....... ........
      3 | 01 00 03 07 00 10 58 20 09 30 58 40 09 50 00 61    3 | ......X .0X@.P.a
      4 | 39 71 00 00 00 00 00 00 00 00 00 00 00 00 00 00    4 | 9q..............
      5 | 00 00 00 00 -- -- -- -- -- -- -- -- -- -- -- --    5 | ....------------

NPC ID: 17768458
  Name: csnpc
  POLUtils_Name:      
  Type: CS NPC
  XYZR: -2.557, 0.500, 8.598, 82
  Mask: 01010111
        |  0  1  2  3  4  5  6  7  8  9  A  B  C  D  E  F      | 0123456789ABCDEF
    -----------------------------------------------------  ----------------------
      0 | 0E 24 0B 00 0A 20 0F 01 0A 00 57 52 E3 A5 23 C0    0 | .$... ....WR..#.
      1 | 00 00 00 3F 68 91 09 41 00 00 00 00 32 32 64 00    1 | ...?h..A....22d.
      2 | 06 1B 00 00 00 00 00 20 00 00 00 00 00 00 00 00    2 | ....... ........
      3 | 01 00 00 06 00 10 11 20 11 30 11 40 11 50 00 60    3 | ....... .0.@.P.`
      4 | 00 70 00 00 00 00 00 00 -- -- -- -- -- -- -- --    4 | .p......--------

NPC ID: 17768462
  Name: Pompi-Rompi
  POLUtils_Name: Pompi-Rompi
  Type: Equipped NPC
  XYZR: -6.719, 0.249, 24.768, 212
  Mask: 01010111
        |  0  1  2  3  4  5  6  7  8  9  A  B  C  D  E  F      | 0123456789ABCDEF
    -----------------------------------------------------  ----------------------
      0 | 0E 2A 0B 00 0E 20 0F 01 0E 00 57 D4 0C 02 D7 C0    0 | .*... ....W.....
      1 | DB F9 7E 3E DD 24 C6 41 00 00 00 00 32 32 64 00    1 | ..~>.$.A....22d.
      2 | 06 1B 00 00 00 00 00 20 00 00 00 00 00 00 00 00    2 | ....... ........
      3 | 01 00 07 05 14 10 2D 20 5C 30 5C 40 5C 50 F0 60    3 | ......- \\0\\@\\P.`
      4 | 00 70 00 00 00 00 00 00 00 00 00 00 00 00 00 00    4 | .p..............
      5 | 00 00 00 00 -- -- -- -- -- -- -- -- -- -- -- --    5 | ....------------

NPC ID: 17768509
  Name: Sassa-Kotassa
  POLUtils_Name: Sassa-Kotassa
  Type: Equipped NPC
  XYZR: 2.329, 0.499, 19.017, 72
  Mask: 01010111
        |  0  1  2  3  4  5  6  7  8  9  A  B  C  D  E  F      | 0123456789ABCDEF
    -----------------------------------------------------  ----------------------
      0 | 0E 2C 0B 00 3D 20 0F 01 3D 00 57 48 56 0E 15 40    0 | .,..= ..=.WHV..@
      1 | EE 7C FF 3E D1 22 98 41 0E 00 00 00 32 32 64 00    1 | .|.>.".A....22d.
      2 | 00 1B 00 00 00 00 00 20 00 00 01 00 00 00 00 00    2 | ....... ........
      3 | 01 00 03 05 00 10 05 20 05 30 05 40 05 50 00 60    3 | ....... .0.@.P.`
      4 | 00 70 00 00 00 00 00 00 00 00 00 00 00 00 00 00    4 | .p..............
      5 | 00 00 00 00 00 00 00 00 -- -- -- -- -- -- -- --    5 | ........--------

NPC ID: 17768510
  Name: Rayjin-Ojin
  POLUtils_Name: Rayjin-Ojin
  Type: Equipped NPC
  XYZR: 17.406, 0.334, 6.345, 85
  Mask: 01010111
        |  0  1  2  3  4  5  6  7  8  9  A  B  C  D  E  F      | 0123456789ABCDEF
    -----------------------------------------------------  ----------------------
      0 | 0E 2A 0C 00 3E 20 0F 01 3E 00 57 55 7D 3F 8B 41    0 | .*..> ..>.WU}?.A
      1 | 0C 02 AB 3E 3D 0A CB 40 07 00 00 00 32 32 64 00    1 | ...>=..@....22d.
      2 | 00 1D 00 00 00 00 00 20 00 00 01 00 00 00 00 00    2 | ....... ........
      3 | 01 00 04 05 00 10 05 20 05 30 05 40 05 50 00 60    3 | ....... .0.@.P.`
      4 | 00 70 00 00 00 00 00 00 00 00 00 00 00 00 00 00    4 | .p..............
      5 | 00 00 00 00 -- -- -- -- -- -- -- -- -- -- -- --    5 | ....------------

NPC ID: 17768502
  Name: Jatata
  POLUtils_Name: Jatata
  Type: Equipped NPC
  XYZR: 1.501, 0.500, 8.268, 78
  Mask: 01010111
        |  0  1  2  3  4  5  6  7  8  9  A  B  C  D  E  F      | 0123456789ABCDEF
    -----------------------------------------------------  ----------------------
      0 | 0E 28 0C 00 36 20 0F 01 36 00 57 4E C5 20 C0 3F    0 | .(..6 ..6.WN. .?
      1 | 00 00 00 3F BA 49 04 41 07 00 00 00 32 32 64 00    1 | ...?.I.A....22d.
      2 | 00 1B 00 00 00 00 00 20 00 00 00 00 00 00 00 00    2 | ....... ........
      3 | 01 00 04 06 00 10 08 20 08 30 08 40 08 50 00 60    3 | ....... .0.@.P.`
      4 | 00 70 00 00 00 00 00 00 00 00 00 00 00 00 00 00    4 | .p..............

NPC ID: 17768535
  Name: Rasusu
  POLUtils_Name: Rasusu
  Type: Equipped NPC
  XYZR: 0.000, 0.000, 0.000, 0
  Mask: 01010111
        |  0  1  2  3  4  5  6  7  8  9  A  B  C  D  E  F      | 0123456789ABCDEF
    -----------------------------------------------------  ----------------------
      0 | 0E 28 0C 00 57 20 0F 01 57 00 57 00 00 00 00 00    0 | .(..W ..W.W.....
      1 | 00 00 00 00 00 00 00 00 00 00 00 00 32 32 64 00    1 | ............22d.
      2 | 06 1B 00 00 00 00 00 20 00 00 01 00 00 00 00 00    2 | ....... ........
      3 | 01 00 04 06 00 10 11 20 11 30 11 40 11 50 00 60    3 | ....... .0.@.P.`
      4 | 00 70 00 00 00 00 00 00 00 00 00 00 00 00 00 00    4 | .p..............

NPC ID: 17768519
  Name: _6q0
  POLUtils_Name: Door:Clerical Chamber
  Type: Simple NPC
  XYZR: 0.000, -1.814, 22.337, 0
  Mask: 00000111
        |  0  1  2  3  4  5  6  7  8  9  A  B  C  D  E  F      | 0123456789ABCDEF
    -----------------------------------------------------  ----------------------
      0 | 0E 20 0C 00 47 20 0F 01 47 00 07 00 00 00 00 00    0 | . ..G ..G.......
      1 | 27 31 E8 BF 2D B2 B2 41 01 00 00 00 32 32 64 09    1 | '1..-..A....22d.
      2 | 00 03 10 00 00 00 00 00 00 00 00 00 00 00 00 00    2 | ................
      3 | 02 00 00 00 5F 36 71 30 00 00 00 00 00 00 00 00    3 | ...._6q0........

NPC ID: 17768530
  Name: blank
  POLUtils_Name:      
  Type: Decoration
  XYZR: 0.000, 0.000, 0.000, 0
  Mask: 00001111
        |  0  1  2  3  4  5  6  7  8  9  A  B  C  D  E  F      | 0123456789ABCDEF
    -----------------------------------------------------  ----------------------
      0 | 0E 1C 0C 00 52 20 0F 01 52 00 0F 00 00 00 00 00    0 | ....R ..R.......
      1 | 00 00 00 00 00 00 00 00 01 00 00 00 32 32 64 00    1 | ............22d.
      2 | 02 03 08 00 00 00 00 00 00 00 00 00 00 00 00 00    2 | ................
      3 | 00 00 32 00 00 00 00 00 -- -- -- -- -- -- -- --    3 | ..2.....--------

NPC ID: 17768571
  Name: blank
  POLUtils_Name:      
  Type: Decoration
  XYZR: 0.000, 0.000, 0.000, 0
  Mask: 00001111
        |  0  1  2  3  4  5  6  7  8  9  A  B  C  D  E  F      | 0123456789ABCDEF
    -----------------------------------------------------  ----------------------
      0 | 0E 1C 0C 00 7B 20 0F 01 7B 00 0F 00 00 00 00 00    0 | ....{ ..{.......
      1 | 00 00 00 00 00 00 00 00 00 00 00 00 32 32 64 00    1 | ............22d.
      2 | 02 03 08 00 00 00 00 00 00 00 00 70 00 00 00 00    2 | ...........p....
      3 | 00 00 34 00 00 00 00 00 -- -- -- -- -- -- -- --    3 | ..4.....--------

NPC ID: 17768457
  Name: PRODUCER
  POLUtils_Name: PRODUCER
  Type: Simple NPC
  XYZR: 0.107, 0.749, 12.291, 125
  Mask: 00001111
        |  0  1  2  3  4  5  6  7  8  9  A  B  C  D  E  F      | 0123456789ABCDEF
    -----------------------------------------------------  ----------------------
      0 | 0E 20 0C 00 09 20 0F 01 09 00 0F 7D D1 22 DB 3D    0 | . ... .....}.".=
      1 | 77 BE 3F 3F F0 A7 44 41 00 00 00 00 32 32 64 00    1 | w.??..DA....22d.
      2 | 06 03 00 00 00 00 00 00 00 00 00 00 00 00 00 00    2 | ................
      3 | 00 00 32 00 50 52 4F 44 55 43 45 52 00 00 00 00    3 | ..2.PRODUCER....

NPC ID: 17768570
  Name: UnityMaster
  POLUtils_Name: Unity Master
  Type: Simple NPC
  XYZR: 0.000, 0.000, 0.000, 0
  Mask: 00001111
        |  0  1  2  3  4  5  6  7  8  9  A  B  C  D  E  F      | 0123456789ABCDEF
    -----------------------------------------------------  ----------------------
      0 | 0E 22 0C 00 7A 20 0F 01 7A 00 0F 00 00 00 00 00    0 | ."..z ..z.......
      1 | 00 00 00 00 00 00 00 00 00 00 00 00 32 32 64 00    1 | ............22d.
      2 | 02 03 08 00 00 00 00 00 00 00 00 60 00 00 00 00    2 | ...........`....
      3 | 00 00 34 00 55 6E 69 74 79 4D 61 73 74 65 72 00    3 | ..4.UnityMaster.
      4 | 00 00 00 00 -- -- -- -- -- -- -- -- -- -- -- --    4 | ....------------

NPC ID: 17768569
  Name: AchieveMaster
  POLUtils_Name: Achieve Master
  Type: Simple NPC
  XYZR: 0.000, 0.000, 0.000, 0
  Mask: 00001111
        |  0  1  2  3  4  5  6  7  8  9  A  B  C  D  E  F      | 0123456789ABCDEF
    -----------------------------------------------------  ----------------------
      0 | 0E 24 0C 00 79 20 0F 01 79 00 0F 00 00 00 00 00    0 | .$..y ..y.......
      1 | 00 00 00 00 00 00 00 00 00 00 00 00 32 32 64 00    1 | ............22d.
      2 | 02 03 00 00 00 00 00 00 00 00 00 00 00 00 00 00    2 | ................
      3 | 00 00 32 00 41 63 68 69 65 76 65 4D 61 73 74 65    3 | ..2.AchieveMaste
      4 | 72 00 00 00 00 00 00 00 -- -- -- -- -- -- -- --    4 | r.......--------

NPC ID: 17768566
  Name: blank
  POLUtils_Name:      
  Type: Decoration
  XYZR: 0.000, 0.000, 0.000, 0
  Mask: 00001111
        |  0  1  2  3  4  5  6  7  8  9  A  B  C  D  E  F      | 0123456789ABCDEF
    -----------------------------------------------------  ----------------------
      0 | 0E 1C 0C 00 76 20 0F 01 76 00 0F 00 00 00 00 00    0 | ....v ..v.......
      1 | 00 00 00 00 00 00 00 00 00 00 00 00 32 32 64 00    1 | ............22d.
      2 | 06 03 00 00 00 00 00 00 00 00 00 00 00 00 00 00    2 | ................
      3 | 00 00 34 00 00 00 00 00 -- -- -- -- -- -- -- --    3 | ..4.....--------

NPC ID: 17768565
  Name: KingofHearts
  POLUtils_Name: King of Hearts
  Type: Simple NPC
  XYZR: 0.000, 0.000, 0.000, 0
  Mask: 00001111
        |  0  1  2  3  4  5  6  7  8  9  A  B  C  D  E  F      | 0123456789ABCDEF
    -----------------------------------------------------  ----------------------
      0 | 0E 22 0C 00 75 20 0F 01 75 00 0F 00 00 00 00 00    0 | ."..u ..u.......
      1 | 00 00 00 00 00 00 00 00 00 00 00 00 32 32 64 00    1 | ............22d.
      2 | 06 1B 00 00 00 00 00 20 00 00 02 00 00 00 00 00    2 | ....... ........
      3 | 00 00 48 03 4B 69 6E 67 6F 66 48 65 61 72 74 73    3 | ..H.KingofHearts
      4 | 00 00 00 00 -- -- -- -- -- -- -- -- -- -- -- --    4 | ....------------

NPC ID: 17768564
  Name: Karababa
  POLUtils_Name: Karababa
  Type: Equipped NPC
  XYZR: 0.000, 0.000, 0.000, 0
  Mask: 01010111
        |  0  1  2  3  4  5  6  7  8  9  A  B  C  D  E  F      | 0123456789ABCDEF
    -----------------------------------------------------  ----------------------
      0 | 0E 28 0C 00 74 20 0F 01 74 00 57 00 00 00 00 00    0 | .(..t ..t.W.....
      1 | 00 00 00 00 00 00 00 00 00 00 00 00 32 32 64 00    1 | ............22d.
      2 | 06 1B 00 00 00 00 00 20 00 00 01 00 00 00 00 00    2 | ....... ........
      3 | 01 00 06 06 77 10 13 20 13 30 13 40 13 50 00 60    3 | ....w.. .0.@.P.`
      4 | 00 70 00 00 00 00 00 00 00 00 00 00 00 00 00 00    4 | .p..............

NPC ID: 17768563
  Name: blank
  POLUtils_Name:      
  Type: Decoration
  XYZR: 0.000, 0.000, 0.000, 0
  Mask: 00001111
        |  0  1  2  3  4  5  6  7  8  9  A  B  C  D  E  F      | 0123456789ABCDEF
    -----------------------------------------------------  ----------------------
      0 | 0E 1C 0C 00 73 20 0F 01 73 00 0F 00 00 00 00 00    0 | ....s ..s.......
      1 | 00 00 00 00 00 00 00 00 00 00 00 00 32 32 64 00    1 | ............22d.
      2 | 02 03 08 00 00 00 00 00 00 00 00 00 00 00 00 00    2 | ................
      3 | 00 00 34 00 00 00 00 00 -- -- -- -- -- -- -- --    3 | ..4.....--------

NPC ID: 17768559
  Name: Ayame
  POLUtils_Name: Ayame
  Type: Equipped NPC
  XYZR: 0.000, 0.000, 0.000, 0
  Mask: 01010111
        |  0  1  2  3  4  5  6  7  8  9  A  B  C  D  E  F      | 0123456789ABCDEF
    -----------------------------------------------------  ----------------------
      0 | 0E 28 0D 00 6F 20 0F 01 6F 00 57 00 00 00 00 00    0 | .(..o ..o.W.....
      1 | 00 00 00 00 00 00 00 00 00 00 00 00 32 32 64 00    1 | ............22d.
      2 | 06 1B 00 00 00 00 00 20 00 00 01 00 00 00 00 00    2 | ....... ........
      3 | 01 00 03 02 11 10 09 20 00 30 09 40 09 50 00 60    3 | ....... .0.@.P.`
      4 | 00 70 00 00 00 00 00 00 00 00 00 00 00 00 00 00    4 | .p..............

NPC ID: 17768557
  Name: Rahal
  POLUtils_Name: Rahal
  Type: Equipped NPC
  XYZR: 0.000, 0.000, 0.000, 0
  Mask: 01010111
        |  0  1  2  3  4  5  6  7  8  9  A  B  C  D  E  F      | 0123456789ABCDEF
    -----------------------------------------------------  ----------------------
      0 | 0E 28 0D 00 6D 20 0F 01 6D 00 57 00 00 00 00 00    0 | .(..m ..m.W.....
      1 | 00 00 00 00 00 00 00 00 00 00 00 00 32 32 64 00    1 | ............22d.
      2 | 06 1B 00 00 00 00 00 20 00 00 01 00 00 00 00 00    2 | ....... ........
      3 | 01 00 06 03 00 10 0C 20 0C 30 0C 40 0C 50 00 60    3 | ....... .0.@.P.`
      4 | 00 70 00 00 00 00 00 00 00 00 00 00 00 00 00 00    4 | .p..............

NPC ID: 17768558
  Name: Volker
  POLUtils_Name: Volker
  Type: Simple NPC
  XYZR: 0.000, 0.000, 0.000, 0
  Mask: 00001111
        |  0  1  2  3  4  5  6  7  8  9  A  B  C  D  E  F      | 0123456789ABCDEF
    -----------------------------------------------------  ----------------------
      0 | 0E 20 0D 00 6E 20 0F 01 6E 00 0F 00 00 00 00 00    0 | . ..n ..n.......
      1 | 00 00 00 00 00 00 00 00 00 00 00 00 32 32 64 00    1 | ............22d.
      2 | 06 1B 00 00 00 00 00 20 00 00 00 00 00 00 00 00    2 | ....... ........
      3 | 00 00 51 00 56 6F 6C 6B 65 72 00 00 00 00 00 00    3 | ..Q.Volker......

NPC ID: 17768556
  Name: Trion
  POLUtils_Name: Trion
  Type: Simple NPC
  XYZR: 0.000, 0.000, 0.000, 0
  Mask: 00001111
        |  0  1  2  3  4  5  6  7  8  9  A  B  C  D  E  F      | 0123456789ABCDEF
    -----------------------------------------------------  ----------------------
      0 | 0E 20 0D 00 6C 20 0F 01 6C 00 0F 00 00 00 00 00    0 | . ..l ..l.......
      1 | 00 00 00 00 00 00 00 00 00 00 00 00 32 32 64 00    1 | ............22d.
      2 | 06 1B 00 00 00 00 00 20 00 00 00 00 00 00 00 00    2 | ....... ........
      3 | 00 00 40 00 54 72 69 6F 6E 00 00 00 00 00 00 00    3 | ..@.Trion.......

NPC ID: 17768555
  Name: Falreze
  POLUtils_Name: Falreze
  Type: Simple NPC
  XYZR: 0.000, 0.000, 0.000, 0
  Mask: 00001111
        |  0  1  2  3  4  5  6  7  8  9  A  B  C  D  E  F      | 0123456789ABCDEF
    -----------------------------------------------------  ----------------------
      0 | 0E 20 0D 00 6B 20 0F 01 6B 00 0F 00 00 00 00 00    0 | . ..k ..k.......
      1 | 00 00 00 00 00 00 00 00 00 00 00 00 32 32 64 00    1 | ............22d.
      2 | 06 1B 00 00 00 00 00 20 00 00 00 00 00 00 00 00    2 | ....... ........
      3 | 00 00 7A 00 46 61 6C 72 65 7A 65 00 00 00 00 00    3 | ..z.Falreze.....

NPC ID: 17768529
  Name: Moogle
  POLUtils_Name: Moogle
  Type: Simple NPC
  XYZR: 0.000, 0.000, 0.000, 0
  Mask: 00001111
        |  0  1  2  3  4  5  6  7  8  9  A  B  C  D  E  F      | 0123456789ABCDEF
    -----------------------------------------------------  ----------------------
      0 | 0E 20 0D 00 51 20 0F 01 51 00 0F 00 00 00 00 00    0 | . ..Q ..Q.......
      1 | 00 00 00 00 00 00 00 00 00 00 00 00 32 32 64 00    1 | ............22d.
      2 | 02 03 00 40 00 00 00 00 00 00 00 00 00 00 00 00    2 | ...@............
      3 | 00 00 52 00 4D 6F 6F 67 6C 65 00 00 00 00 00 00    3 | ..R.Moogle......

NPC ID: 17768553
  Name: Wolfgang
  POLUtils_Name: Wolfgang
  Type: Equipped NPC
  XYZR: 0.000, 0.000, 0.000, 0
  Mask: 01010111
        |  0  1  2  3  4  5  6  7  8  9  A  B  C  D  E  F      | 0123456789ABCDEF
    -----------------------------------------------------  ----------------------
      0 | 0E 28 0D 00 69 20 0F 01 69 00 57 00 00 00 00 00    0 | .(..i ..i.W.....
      1 | 00 00 00 00 00 00 00 00 00 00 00 00 32 32 64 00    1 | ............22d.
      2 | 06 1B 00 00 00 00 00 20 00 00 01 00 00 00 00 00    2 | ....... ........
      3 | 01 00 02 01 14 10 19 20 19 30 19 40 19 50 00 60    3 | ....... .0.@.P.`
      4 | 00 70 00 00 00 00 00 00 00 00 00 00 00 00 00 00    4 | .p..............

NPC ID: 17768528
  Name: Moogle
  POLUtils_Name: Moogle
  Type: Simple NPC
  XYZR: 0.000, 0.000, 0.000, 0
  Mask: 00001111
        |  0  1  2  3  4  5  6  7  8  9  A  B  C  D  E  F      | 0123456789ABCDEF
    -----------------------------------------------------  ----------------------
      0 | 0E 20 0D 00 50 20 0F 01 50 00 0F 00 00 00 00 00    0 | . ..P ..P.......
      1 | 00 00 00 00 00 00 00 00 00 00 00 00 32 32 64 00    1 | ............22d.
      2 | 02 03 00 40 00 00 00 00 00 00 00 00 00 00 00 00    2 | ...@............
      3 | 00 00 52 00 4D 6F 6F 67 6C 65 00 00 00 00 00 00    3 | ..R.Moogle......

NPC ID: 17768527
  Name: Moogle
  POLUtils_Name: Moogle
  Type: Simple NPC
  XYZR: 0.000, 0.000, 0.000, 0
  Mask: 00001111
        |  0  1  2  3  4  5  6  7  8  9  A  B  C  D  E  F      | 0123456789ABCDEF
    -----------------------------------------------------  ----------------------
      0 | 0E 20 0D 00 4F 20 0F 01 4F 00 0F 00 00 00 00 00    0 | . ..O ..O.......
      1 | 00 00 00 00 00 00 00 00 00 00 00 00 32 32 64 00    1 | ............22d.
      2 | 02 03 00 40 00 00 00 00 00 00 00 00 00 00 00 00    2 | ...@............
      3 | 00 00 52 00 4D 6F 6F 67 6C 65 00 00 00 00 00 00    3 | ..R.Moogle......

NPC ID: 17768526
  Name: Moogle
  POLUtils_Name: Moogle
  Type: Simple NPC
  XYZR: 0.000, 0.000, 0.000, 0
  Mask: 00001111
        |  0  1  2  3  4  5  6  7  8  9  A  B  C  D  E  F      | 0123456789ABCDEF
    -----------------------------------------------------  ----------------------
      0 | 0E 20 0D 00 4E 20 0F 01 4E 00 0F 00 00 00 00 00    0 | . ..N ..N.......
      1 | 00 00 00 00 00 00 00 00 00 00 00 00 32 32 64 00    1 | ............22d.
      2 | 02 03 00 40 00 00 00 00 00 00 00 00 00 00 00 00    2 | ...@............
      3 | 00 00 52 00 4D 6F 6F 67 6C 65 00 00 00 00 00 00    3 | ..R.Moogle......

NPC ID: 17768525
  Name: Moogle
  POLUtils_Name: Moogle
  Type: Simple NPC
  XYZR: 0.000, 0.000, 0.000, 0
  Mask: 00001111
        |  0  1  2  3  4  5  6  7  8  9  A  B  C  D  E  F      | 0123456789ABCDEF
    -----------------------------------------------------  ----------------------
      0 | 0E 20 0D 00 4D 20 0F 01 4D 00 0F 00 00 00 00 00    0 | . ..M ..M.......
      1 | 00 00 00 00 00 00 00 00 00 00 00 00 32 32 64 00    1 | ............22d.
      2 | 02 03 00 40 00 00 00 00 00 00 00 00 00 00 00 00    2 | ...@............
      3 | 00 00 52 00 4D 6F 6F 67 6C 65 00 00 00 00 00 00    3 | ..R.Moogle......

NPC ID: 17768524
  Name: Moogle
  POLUtils_Name: Moogle
  Type: Simple NPC
  XYZR: 0.000, 0.000, 0.000, 0
  Mask: 00001111
        |  0  1  2  3  4  5  6  7  8  9  A  B  C  D  E  F      | 0123456789ABCDEF
    -----------------------------------------------------  ----------------------
      0 | 0E 20 0E 00 4C 20 0F 01 4C 00 0F 00 00 00 00 00    0 | . ..L ..L.......
      1 | 00 00 00 00 00 00 00 00 00 00 00 00 32 32 64 00    1 | ............22d.
      2 | 02 03 00 40 00 00 00 00 00 00 00 00 00 00 00 00    2 | ...@............
      3 | 00 00 52 00 4D 6F 6F 67 6C 65 00 00 00 00 00 00    3 | ..R.Moogle......

NPC ID: 17768523
  Name: Moogle
  POLUtils_Name: Moogle
  Type: Simple NPC
  XYZR: 0.000, 0.000, 0.000, 0
  Mask: 00001111
        |  0  1  2  3  4  5  6  7  8  9  A  B  C  D  E  F      | 0123456789ABCDEF
    -----------------------------------------------------  ----------------------
      0 | 0E 20 0E 00 4B 20 0F 01 4B 00 0F 00 00 00 00 00    0 | . ..K ..K.......
      1 | 00 00 00 00 00 00 00 00 00 00 00 00 32 32 64 00    1 | ............22d.
      2 | 02 03 00 40 00 00 00 00 00 00 00 00 00 00 00 00    2 | ...@............
      3 | 00 00 52 00 4D 6F 6F 67 6C 65 00 00 00 00 00 00    3 | ..R.Moogle......

NPC ID: 17768522
  Name: Moogle
  POLUtils_Name: Moogle
  Type: Simple NPC
  XYZR: 0.000, 0.000, 0.000, 0
  Mask: 00001111
        |  0  1  2  3  4  5  6  7  8  9  A  B  C  D  E  F      | 0123456789ABCDEF
    -----------------------------------------------------  ----------------------
      0 | 0E 20 0E 00 4A 20 0F 01 4A 00 0F 00 00 00 00 00    0 | . ..J ..J.......
      1 | 00 00 00 00 00 00 00 00 00 00 00 00 32 32 64 00    1 | ............22d.
      2 | 02 03 00 40 00 00 00 00 00 00 00 00 00 00 00 00    2 | ...@............
      3 | 00 00 52 00 4D 6F 6F 67 6C 65 00 00 00 00 00 00    3 | ..R.Moogle......

NPC ID: 17768521
  Name: NPC[49]
  POLUtils_Name: NPC
  Type: Simple NPC
  XYZR: 0.000, 0.000, 0.000, 0
  Mask: 00001111
        |  0  1  2  3  4  5  6  7  8  9  A  B  C  D  E  F      | 0123456789ABCDEF
    -----------------------------------------------------  ----------------------
      0 | 0E 20 0E 00 49 20 0F 01 49 00 0F 00 00 00 00 00    0 | . ..I ..I.......
      1 | 00 00 00 00 00 00 00 00 00 00 00 00 32 32 64 00    1 | ............22d.
      2 | 02 03 00 00 00 00 00 00 00 00 00 00 00 00 00 00    2 | ................
      3 | 00 00 32 00 4E 50 43 5B 34 39 5D 00 00 00 00 00    3 | ..2.NPC[49].....

NPC ID: 17768470
  Name: SemihLafihna
  POLUtils_Name: Semih Lafihna
  Type: Simple NPC
  XYZR: -9.158, 0.000, 28.328, 4
  Mask: 00001111
        |  0  1  2  3  4  5  6  7  8  9  A  B  C  D  E  F      | 0123456789ABCDEF
    -----------------------------------------------------  ----------------------
      0 | 0E 22 D3 02 16 20 0F 01 16 00 0F 04 2B 87 12 C1    0 | ."... ......+...
      1 | 00 00 00 00 BE 9F E2 41 00 00 00 00 32 32 64 00    1 | .......A....22d.
      2 | 06 1D 00 00 00 00 00 20 00 00 02 00 00 00 00 00    2 | ....... ........
      3 | 00 00 F9 00 53 65 6D 69 68 4C 61 66 69 68 6E 61    3 | ....SemihLafihna
      4 | 00 00 00 00 -- -- -- -- -- -- -- -- -- -- -- --    4 | ....------------

NPC ID: 17768511
  Name: Nului-Nlui
  POLUtils_Name: Nului-Nlui
  Type: Equipped NPC
  XYZR: 26.391, 0.000, 21.002, 104
  Mask: 01010111
        |  0  1  2  3  4  5  6  7  8  9  A  B  C  D  E  F      | 0123456789ABCDEF
    -----------------------------------------------------  ----------------------
      0 | 0E 2A D3 02 3F 20 0F 01 3F 00 57 68 C5 20 D3 41    0 | .*..? ..?.Wh. .A
      1 | 00 00 00 00 19 04 A8 41 01 00 00 00 32 32 64 00    1 | .......A....22d.
      2 | 00 1D 00 00 00 00 00 20 00 00 01 00 00 00 00 00    2 | ....... ........
      3 | 01 00 05 05 00 10 05 20 05 30 05 40 05 50 00 60    3 | ....... .0.@.P.`
      4 | 00 70 00 00 00 00 00 00 00 00 00 00 00 00 00 00    4 | .p..............
      5 | 00 00 00 00 -- -- -- -- -- -- -- -- -- -- -- --    5 | ....------------

NPC ID: 17768475
  Name: _6q1
  POLUtils_Name: Door:Starway Stairway
  Type: Simple NPC
  XYZR: -13.695, -1.504, 28.938, 0
  Mask: 00000111
        |  0  1  2  3  4  5  6  7  8  9  A  B  C  D  E  F      | 0123456789ABCDEF
    -----------------------------------------------------  ----------------------
      0 | 0E 20 D4 02 1B 20 0F 01 1B 00 07 00 B8 1E 5B C1    0 | . ... ........[.
      1 | 12 83 C0 BF 06 81 E7 41 01 00 00 00 32 32 64 09    1 | .......A....22d.
      2 | 00 03 00 00 00 00 00 00 00 00 00 00 00 00 00 00    2 | ................
      3 | 02 00 00 00 5F 36 71 31 00 00 00 00 00 00 00 00    3 | ...._6q1........

NPC ID: 17768469
  Name: Urubero-Mohbero
  POLUtils_Name: Urubero-Mohbero
  Type: Equipped NPC
  XYZR: 7.075, 0.499, 29.333, 183
  Mask: 01010111
        |  0  1  2  3  4  5  6  7  8  9  A  B  C  D  E  F      | 0123456789ABCDEF
    -----------------------------------------------------  ----------------------
      0 | 0E 2C D4 02 15 20 0F 01 15 00 57 B7 66 66 E2 40    0 | .,... ....W.ff.@
      1 | EE 7C FF 3E FC A9 EA 41 0E 00 00 00 32 32 64 00    1 | .|.>...A....22d.
      2 | 00 1B 00 00 00 00 00 20 00 00 01 00 00 00 00 00    2 | ....... ........
      3 | 01 00 01 05 00 10 14 20 14 30 14 40 14 50 00 60    3 | ....... .0.@.P.`
      4 | 00 70 00 00 00 00 00 00 00 00 00 00 00 00 00 00    4 | .p..............
      5 | 00 00 00 00 00 00 00 00 -- -- -- -- -- -- -- --    5 | ........--------

NPC ID: 17768473
  Name: Gamimi
  POLUtils_Name: Gamimi
  Type: Equipped NPC
  XYZR: 4.190, 0.000, 32.576, 81
  Mask: 01010111
        |  0  1  2  3  4  5  6  7  8  9  A  B  C  D  E  F      | 0123456789ABCDEF
    -----------------------------------------------------  ----------------------
      0 | 0E 28 D5 02 19 20 0F 01 19 00 57 51 7B 14 86 40    0 | .(... ....WQ{..@
      1 | 00 00 00 00 D3 4D 02 42 0E 00 00 00 32 32 64 00    1 | .....M.B....22d.
      2 | 00 1D 00 00 00 00 00 20 00 00 01 00 00 00 00 00    2 | ....... ........
      3 | 01 00 02 06 00 10 03 20 03 30 03 40 03 50 00 60    3 | ....... .0.@.P.`
      4 | 00 70 00 00 00 00 00 00 00 00 00 00 00 00 00 00    4 | .p..............

NPC ID: 17768474
  Name: Rakano-Marukano
  POLUtils_Name: Rakano-Marukano
  Type: Equipped NPC
  XYZR: 6.174, 0.000, 32.285, 68
  Mask: 01010111
        |  0  1  2  3  4  5  6  7  8  9  A  B  C  D  E  F      | 0123456789ABCDEF
    -----------------------------------------------------  ----------------------
      0 | 0E 2C D5 02 1A 20 0F 01 1A 00 57 44 68 91 C5 40    0 | .,... ....WDh..@
      1 | 00 00 00 00 D7 23 01 42 07 00 00 00 32 32 64 00    1 | .....#.B....22d.
      2 | 00 1D 00 00 00 00 00 20 00 00 01 00 00 00 00 00    2 | ....... ........
      3 | 01 00 02 05 00 10 03 20 03 30 03 40 03 50 00 60    3 | ....... .0.@.P.`
      4 | 00 70 00 00 00 00 00 00 00 00 00 00 00 00 00 00    4 | .p..............
      5 | 00 00 00 00 00 00 00 00 -- -- -- -- -- -- -- --    5 | ........--------

NPC ID: 17768467
  Name: Kupipi
  POLUtils_Name: Kupipi
  Type: Equipped NPC
  XYZR: 2.050, 0.000, 32.400, 64
  Mask: 01010111
        |  0  1  2  3  4  5  6  7  8  9  A  B  C  D  E  F      | 0123456789ABCDEF
    -----------------------------------------------------  ----------------------
      0 | 0E 28 D5 02 13 20 0F 01 13 00 57 40 33 33 03 40    0 | .(... ....W@33.@
      1 | 00 00 00 00 9A 99 01 42 01 00 00 00 32 32 64 00    1 | .......B....22d.
      2 | 00 1D 00 00 00 00 00 20 00 00 01 00 00 00 00 00    2 | ....... ........
      3 | 01 00 00 06 00 10 13 20 13 30 13 40 13 50 00 60    3 | ....... .0.@.P.`
      4 | 00 70 00 00 00 00 00 00 00 00 00 00 00 00 00 00    4 | .p..............

NPC ID: 17768466
  Name: Kupipi
  POLUtils_Name: Kupipi
  Type: Equipped NPC
  XYZR: 2.050, 0.000, 32.400, 64
  Mask: 01010111
        |  0  1  2  3  4  5  6  7  8  9  A  B  C  D  E  F      | 0123456789ABCDEF
    -----------------------------------------------------  ----------------------
      0 | 0E 28 D5 02 12 20 0F 01 12 00 57 40 33 33 03 40    0 | .(... ....W@33.@
      1 | 00 00 00 00 9A 99 01 42 00 00 00 00 32 32 64 00    1 | .......B....22d.
      2 | 06 1D 00 00 00 00 00 20 00 00 01 00 00 00 00 00    2 | ....... ........
      3 | 01 00 00 06 00 10 13 20 13 30 13 40 13 50 00 60    3 | ....... .0.@.P.`
      4 | 00 70 00 00 00 00 00 00 00 00 00 00 00 00 00 00    4 | .p..............

NPC ID: 17768468
  Name: Tayaya
  POLUtils_Name: Tayaya
  Type: Equipped NPC
  XYZR: -8.458, 0.249, 36.934, 149
  Mask: 01010111
        |  0  1  2  3  4  5  6  7  8  9  A  B  C  D  E  F      | 0123456789ABCDEF
    -----------------------------------------------------  ----------------------
      0 | 0E 28 D8 02 14 20 0F 01 14 00 57 95 F8 53 07 C1    0 | .(... ....W..S..
      1 | DB F9 7E 3E 6A BC 13 42 15 00 00 00 32 32 64 00    1 | ..~>j..B....22d.
      2 | 00 1B 00 00 00 00 00 20 00 00 01 00 00 00 00 00    2 | ....... ........
      3 | 01 00 01 06 00 10 14 20 14 30 14 40 14 50 00 60    3 | ....... .0.@.P.`
      4 | 00 70 00 00 00 00 00 00 00 00 00 00 00 00 00 00    4 | .p..............

NPC ID: 17768541
  Name: _4i5
  POLUtils_Name: Ore Door
  Type: Simple NPC
  XYZR: -18.750, -3.000, 70.000, 0
  Mask: 00000111
        |  0  1  2  3  4  5  6  7  8  9  A  B  C  D  E  F      | 0123456789ABCDEF
    -----------------------------------------------------  ----------------------
      0 | 0E 20 EF 02 5D 20 0F 01 5D 00 07 00 00 00 96 C1    0 | . ..] ..].......
      1 | 00 00 40 C0 00 00 8C 42 01 00 00 00 32 32 64 09    1 | ..@....B....22d.
      2 | 00 03 10 00 00 00 00 00 00 00 00 00 00 00 00 00    2 | ................
      3 | 02 00 00 00 5F 34 69 35 00 00 00 00 00 00 00 00    3 | ...._4i5........

NPC ID: 17768538
  Name: Rakocha-Mukocha
  POLUtils_Name: Rakocha-Mukocha
  Type: Equipped NPC
  XYZR: -26.813, 0.601, 68.768, 246
  Mask: 01010111
        |  0  1  2  3  4  5  6  7  8  9  A  B  C  D  E  F      | 0123456789ABCDEF
    -----------------------------------------------------  ----------------------
      0 | 0E 2C F1 02 5A 20 0F 01 5A 00 57 F6 06 81 D6 C1    0 | .,..Z ..Z.W.....
      1 | 23 DB 19 3F 37 89 89 42 00 00 00 00 32 32 64 00    1 | #..?7..B....22d.
      2 | 06 1B 00 00 00 00 00 20 00 00 01 00 00 00 00 00    2 | ....... ........
      3 | 01 00 04 05 19 10 19 20 19 30 16 40 16 50 00 60    3 | ....... .0.@.P.`
      4 | 00 70 00 00 00 00 00 00 00 00 00 00 00 00 00 00    4 | .p..............
      5 | 00 00 00 00 00 00 00 00 -- -- -- -- -- -- -- --    5 | ........--------

NPC ID: 17768554
  Name: Arenuel
  POLUtils_Name: Arenuel
  Type: Simple NPC
  XYZR: 30.010, 2.000, 68.811, 232
  Mask: 00001111
        |  0  1  2  3  4  5  6  7  8  9  A  B  C  D  E  F      | 0123456789ABCDEF
    -----------------------------------------------------  ----------------------
      0 | 0E 20 F2 02 6A 20 0F 01 6A 00 0F E8 7B 14 F0 41    0 | . ..j ..j...{..A
      1 | 00 00 00 40 3B 9F 89 42 00 00 00 00 32 32 64 00    1 | ...@;..B....22d.
      2 | 06 1B 00 00 00 00 00 20 00 00 00 00 00 00 00 00    2 | ....... ........
      3 | 00 00 7A 00 41 72 65 6E 75 65 6C 00 00 00 00 00    3 | ..z.Arenuel.....

NPC ID: 17768542
  Name: _4i6
  POLUtils_Name: Iron Bar Gate
  Type: Simple NPC
  XYZR: -10.000, -3.436, 78.750, 0
  Mask: 00000111
        |  0  1  2  3  4  5  6  7  8  9  A  B  C  D  E  F      | 0123456789ABCDEF
    -----------------------------------------------------  ----------------------
      0 | 0E 20 F3 02 5E 20 0F 01 5E 00 07 00 00 00 20 C1    0 | . ..^ ..^..... .
      1 | 6D E7 5B C0 00 80 9D 42 01 00 00 00 32 32 64 09    1 | m.[....B....22d.
      2 | 00 03 10 00 00 00 00 00 00 00 00 00 00 00 00 00    2 | ................
      3 | 02 00 00 00 5F 34 69 36 00 00 00 00 00 00 00 00    3 | ...._4i6........

