NPC ID: 17617213
  Name: _5p4
  POLUtils_Name: NPC
  Type: Simple NPC
  XYZR: 0.000, 0.000, 0.000, 0
  Mask: 00000111
        |  0  1  2  3  4  5  6  7  8  9  A  B  C  D  E  F      | 0123456789ABCDEF
    -----------------------------------------------------  ----------------------
      0 | 0E 20 0B 00 3D D1 0C 01 3D 01 07 00 00 00 00 00    0 | . ..=...=.......
      1 | 00 00 00 00 00 00 00 00 01 00 01 00 32 32 64 08    1 | ............22d.
      2 | 00 03 18 00 00 00 00 00 00 00 00 00 00 00 00 00    2 | ................
      3 | 02 00 00 00 5F 35 70 34 00 00 00 00 00 00 00 00    3 | ...._5p4........

NPC ID: 17617209
  Name: _5p0
  POLUtils_Name: NPC
  Type: Simple NPC
  XYZR: 193.895, -1.355, 20.736, 0
  Mask: 00000111
        |  0  1  2  3  4  5  6  7  8  9  A  B  C  D  E  F      | 0123456789ABCDEF
    -----------------------------------------------------  ----------------------
      0 | 0E 20 0B 00 39 D1 0C 01 39 01 07 00 1F E5 41 43    0 | . ..9...9.....AC
      1 | A4 70 AD BF 54 E3 A5 41 01 00 01 00 32 32 64 09    1 | .p..T..A....22d.
      2 | 00 03 18 00 00 00 00 00 00 00 00 00 00 00 00 00    2 | ................
      3 | 02 00 00 00 5F 35 70 30 00 00 00 00 00 00 00 00    3 | ...._5p0........

NPC ID: 17617210
  Name: _5p1
  POLUtils_Name: NPC
  Type: Simple NPC
  XYZR: -206.184, -1.537, -59.797, 0
  Mask: 00000111
        |  0  1  2  3  4  5  6  7  8  9  A  B  C  D  E  F      | 0123456789ABCDEF
    -----------------------------------------------------  ----------------------
      0 | 0E 20 0B 00 3A D1 0C 01 3A 01 07 00 1B 2F 4E C3    0 | . ..:...:..../N.
      1 | 6A BC C4 BF 21 30 6F C2 01 00 01 00 32 32 64 09    1 | j...!0o.....22d.
      2 | 00 03 18 00 00 00 00 00 00 00 00 00 00 00 00 00    2 | ................
      3 | 02 00 00 00 5F 35 70 31 00 00 00 00 00 00 00 00    3 | ...._5p1........

NPC ID: 17617139
  Name: AshLizard
  POLUtils_Name: Ash Lizard
  Type: Simple NPC
  XYZR: -146.619, 39.926, 63.582, 54
  Mask: 00001111
        |  0  1  2  3  4  5  6  7  8  9  A  B  C  D  E  F      | 0123456789ABCDEF
    -----------------------------------------------------  ----------------------
      0 | 0E 22 0B 00 F3 D0 0C 01 F3 00 0F 36 77 9E 12 C3    0 | .".........6w...
      1 | 39 B4 1F 42 F8 53 7E 42 E6 00 00 00 28 28 64 00    1 | 9..B.S~B....((d.
      2 | 01 83 04 00 00 10 00 00 00 00 00 00 00 00 00 00    2 | ................
      3 | 00 00 49 01 41 73 68 4C 69 7A 61 72 64 00 00 00    3 | ..I.AshLizard...
      4 | 00 00 00 00 -- -- -- -- -- -- -- -- -- -- -- --    4 | ....------------

NPC ID: 17617136
  Name: VolcanicBomb
  POLUtils_Name: Volcanic Bomb
  Type: Simple NPC
  XYZR: -136.792, 38.938, 88.693, 45
  Mask: 00001111
        |  0  1  2  3  4  5  6  7  8  9  A  B  C  D  E  F      | 0123456789ABCDEF
    -----------------------------------------------------  ----------------------
      0 | 0E 22 0B 00 F0 D0 0C 01 F0 00 0F 2D C1 CA 08 C3    0 | .".........-....
      1 | 83 C0 1B 42 D1 62 B1 42 23 01 00 00 28 28 64 00    1 | ...B.b.B#...((d.
      2 | 01 85 02 00 00 0D 00 00 00 00 08 00 00 00 00 00    2 | ................
      3 | 00 00 19 01 56 6F 6C 63 61 6E 69 63 42 6F 6D 62    3 | ....VolcanicBomb
      4 | 00 00 00 00 -- -- -- -- -- -- -- -- -- -- -- --    4 | ....------------

NPC ID: 17617137
  Name: AshLizard
  POLUtils_Name: Ash Lizard
  Type: Simple NPC
  XYZR: -140.918, 41.056, 77.475, 225
  Mask: 00001111
        |  0  1  2  3  4  5  6  7  8  9  A  B  C  D  E  F      | 0123456789ABCDEF
    -----------------------------------------------------  ----------------------
      0 | 0E 22 0B 00 F1 D0 0C 01 F1 00 0F E1 02 EB 0C C3    0 | ."..............
      1 | 58 39 24 42 33 F3 9A 42 B8 00 00 00 28 28 64 00    1 | X9$B3..B....((d.
      2 | 01 83 04 00 00 10 00 00 00 00 00 00 00 00 00 00    2 | ................
      3 | 00 00 49 01 41 73 68 4C 69 7A 61 72 64 00 00 00    3 | ..I.AshLizard...
      4 | 00 00 00 00 -- -- -- -- -- -- -- -- -- -- -- --    4 | ....------------

NPC ID: 17617146
  Name: AshLizard
  POLUtils_Name: Ash Lizard
  Type: Simple NPC
  XYZR: -249.758, 40.269, 112.822, 122
  Mask: 00001111
        |  0  1  2  3  4  5  6  7  8  9  A  B  C  D  E  F      | 0123456789ABCDEF
    -----------------------------------------------------  ----------------------
      0 | 0E 22 0A 00 FA D0 0C 01 FA 00 0F 7A 0C C2 79 C3    0 | .".........z..y.
      1 | 75 13 21 42 DD A4 E1 42 57 01 00 00 28 28 64 00    1 | u.!B...BW...((d.
      2 | 01 83 04 00 00 10 00 00 00 00 00 00 00 00 00 00    2 | ................
      3 | 00 00 49 01 41 73 68 4C 69 7A 61 72 64 00 00 00    3 | ..I.AshLizard...
      4 | 00 00 00 00 -- -- -- -- -- -- -- -- -- -- -- --    4 | ....------------

NPC ID: 17617144
  Name: VolcanicBomb
  POLUtils_Name: Volcanic Bomb
  Type: Simple NPC
  XYZR: -238.339, 39.978, 127.512, 199
  Mask: 00001111
        |  0  1  2  3  4  5  6  7  8  9  A  B  C  D  E  F      | 0123456789ABCDEF
    -----------------------------------------------------  ----------------------
      0 | 0E 22 0A 00 F8 D0 0C 01 F8 00 0F C7 C9 56 6E C3    0 | ."...........Vn.
      1 | 79 E9 1F 42 25 06 FF 42 CD 00 00 00 28 28 64 00    1 | y..B%..B....((d.
      2 | 01 85 02 00 00 0D 00 00 00 00 08 00 00 00 00 00    2 | ................
      3 | 00 00 19 01 56 6F 6C 63 61 6E 69 63 42 6F 6D 62    3 | ....VolcanicBomb
      4 | 00 00 00 00 -- -- -- -- -- -- -- -- -- -- -- --    4 | ....------------

NPC ID: 17617145
  Name: AshLizard
  POLUtils_Name: Ash Lizard
  Type: Simple NPC
  XYZR: -252.807, 40.638, 118.415, 105
  Mask: 00001111
        |  0  1  2  3  4  5  6  7  8  9  A  B  C  D  E  F      | 0123456789ABCDEF
    -----------------------------------------------------  ----------------------
      0 | 0E 22 0A 00 F9 D0 0C 01 F9 00 0F 69 98 CE 7C C3    0 | .".........i..|.
      1 | 50 8D 22 42 7B D4 EC 42 EE 00 00 00 28 28 64 00    1 | P."B{..B....((d.
      2 | 01 83 04 00 00 10 00 00 00 00 00 00 00 00 00 00    2 | ................
      3 | 00 00 49 01 41 73 68 4C 69 7A 61 72 64 00 00 00    3 | ..I.AshLizard...
      4 | 00 00 00 00 -- -- -- -- -- -- -- -- -- -- -- --    4 | ....------------

NPC ID: 17617150
  Name: VolcanicBomb
  POLUtils_Name: Volcanic Bomb
  Type: Simple NPC
  XYZR: -257.177, 41.546, 103.591, 152
  Mask: 00001111
        |  0  1  2  3  4  5  6  7  8  9  A  B  C  D  E  F      | 0123456789ABCDEF
    -----------------------------------------------------  ----------------------
      0 | 0E 22 0A 00 FE D0 0C 01 FE 00 0F 98 A8 96 80 C3    0 | ."..............
      1 | 1B 2F 26 42 98 2E CF 42 23 01 00 00 28 28 64 00    1 | ./&B...B#...((d.
      2 | 01 85 02 00 00 0D 00 00 00 00 08 00 00 00 00 00    2 | ................
      3 | 00 00 19 01 56 6F 6C 63 61 6E 69 63 42 6F 6D 62    3 | ....VolcanicBomb
      4 | 00 00 00 00 -- -- -- -- -- -- -- -- -- -- -- --    4 | ....------------

NPC ID: 17617148
  Name: VolcanicBomb
  POLUtils_Name: Volcanic Bomb
  Type: Simple NPC
  XYZR: -281.555, 39.981, 121.545, 90
  Mask: 00001111
        |  0  1  2  3  4  5  6  7  8  9  A  B  C  D  E  F      | 0123456789ABCDEF
    -----------------------------------------------------  ----------------------
      0 | 0E 22 0A 00 FC D0 0C 01 FC 00 0F 5A 0A C7 8C C3    0 | .".........Z....
      1 | 8B EC 1F 42 0A 17 F3 42 C0 01 00 00 28 28 64 00    1 | ...B...B....((d.
      2 | 01 85 02 00 00 0D 00 00 00 00 08 00 00 00 00 00    2 | ................
      3 | 00 00 19 01 56 6F 6C 63 61 6E 69 63 42 6F 6D 62    3 | ....VolcanicBomb
      4 | 00 00 00 00 -- -- -- -- -- -- -- -- -- -- -- --    4 | ....------------

NPC ID: 17617226
  Name: MiningPoint
  POLUtils_Name: Mining Point
  Type: Simple NPC
  XYZR: -228.200, 37.722, 130.321, 0
  Mask: 00001111
        |  0  1  2  3  4  5  6  7  8  9  A  B  C  D  E  F      | 0123456789ABCDEF
    -----------------------------------------------------  ----------------------
      0 | 0E 22 0A 00 4A D1 0C 01 4A 01 0F 00 33 33 64 C3    0 | ."..J...J...33d.
      1 | 54 E3 16 42 2D 52 02 43 07 80 00 00 32 32 64 00    1 | T..B-R.C....22d.
      2 | 00 03 00 00 00 00 00 00 00 00 00 00 00 00 00 00    2 | ................
      3 | 00 00 78 09 4D 69 6E 69 6E 67 50 6F 69 6E 74 00    3 | ..x.MiningPoint.
      4 | 00 00 00 00 -- -- -- -- -- -- -- -- -- -- -- --    4 | ....------------

NPC ID: 17617149
  Name: VolcanicBomb
  POLUtils_Name: Volcanic Bomb
  Type: Simple NPC
  XYZR: -282.496, 39.985, 121.793, 31
  Mask: 00001111
        |  0  1  2  3  4  5  6  7  8  9  A  B  C  D  E  F      | 0123456789ABCDEF
    -----------------------------------------------------  ----------------------
      0 | 0E 22 0A 00 FD D0 0C 01 FD 00 0F 1F 7D 3F 8D C3    0 | ."..........}?..
      1 | A4 F0 1F 42 04 96 F3 42 ED 00 00 00 28 28 64 00    1 | ...B...B....((d.
      2 | 01 85 02 00 00 0D 00 00 00 00 08 00 00 00 00 00    2 | ................
      3 | 00 00 19 01 56 6F 6C 63 61 6E 69 63 42 6F 6D 62    3 | ....VolcanicBomb
      4 | 00 00 00 00 -- -- -- -- -- -- -- -- -- -- -- --    4 | ....------------

NPC ID: 17617147
  Name: AshDragon
  POLUtils_Name: Ash Dragon
  Type: Simple NPC
  XYZR: -271.525, 39.567, 113.295, 162
  Mask: 00001111
        |  0  1  2  3  4  5  6  7  8  9  A  B  C  D  E  F      | 0123456789ABCDEF
    -----------------------------------------------------  ----------------------
      0 | 0E 22 0A 00 FB D0 0C 01 FB 00 0F A2 33 C3 87 C3    0 | ."..........3...
      1 | 9C 44 1E 42 0A 97 E2 42 7E 00 00 00 28 28 00 03    1 | .D.B...B~...((..
      2 | 07 85 04 00 00 27 00 00 00 00 00 00 EA 16 0C 00    2 | .....'..........
      3 | 00 00 A4 01 41 73 68 44 72 61 67 6F 6E 00 00 00    3 | ....AshDragon...
      4 | 00 00 00 00 -- -- -- -- -- -- -- -- -- -- -- --    4 | ....------------

NPC ID: 17617227
  Name: MiningPoint
  POLUtils_Name: Mining Point
  Type: Simple NPC
  XYZR: -228.200, 37.722, 130.321, 0
  Mask: 00001111
        |  0  1  2  3  4  5  6  7  8  9  A  B  C  D  E  F      | 0123456789ABCDEF
    -----------------------------------------------------  ----------------------
      0 | 0E 22 0B 00 4B D1 0C 01 4B 01 0F 00 33 33 64 C3    0 | ."..K...K...33d.
      1 | 54 E3 16 42 2D 52 02 43 06 80 00 00 32 32 64 00    1 | T..B-R.C....22d.
      2 | 00 03 00 00 00 00 00 00 00 00 00 00 00 00 00 00    2 | ................
      3 | 00 00 78 09 4D 69 6E 69 6E 67 50 6F 69 6E 74 00    3 | ..x.MiningPoint.
      4 | 00 00 00 00 -- -- -- -- -- -- -- -- -- -- -- --    4 | ....------------

NPC ID: 17617142
  Name: VolcanicBomb
  POLUtils_Name: Volcanic Bomb
  Type: Simple NPC
  XYZR: -247.746, 40.181, 86.322, 185
  Mask: 00001111
        |  0  1  2  3  4  5  6  7  8  9  A  B  C  D  E  F      | 0123456789ABCDEF
    -----------------------------------------------------  ----------------------
      0 | 0E 22 40 00 F6 D0 0C 01 F6 00 0F B9 FA BE 77 C3    0 | ."@...........w.
      1 | 58 B9 20 42 DD A4 AC 42 14 00 00 00 28 28 64 00    1 | X. B...B....((d.
      2 | 01 85 02 00 00 0D 00 00 00 00 08 00 00 00 00 00    2 | ................
      3 | 00 00 19 01 56 6F 6C 63 61 6E 69 63 42 6F 6D 62    3 | ....VolcanicBomb
      4 | 00 00 00 00 -- -- -- -- -- -- -- -- -- -- -- --    4 | ....------------

