NPC ID: 17203945
  Name: Ardrick
  POLUtils_Name: Ardrick
  Type: Equipped NPC
  XYZR: 62.880, 0.582, -30.473, 65
  Mask: 01010111
        |  0  1  2  3  4  5  6  7  8  9  A  B  C  D  E  F      | 0123456789ABCDEF
    -----------------------------------------------------  ----------------------
      0 | 0E 28 0A 00 E9 82 06 01 E9 02 57 41 1F 85 7B 42    0 | .(........WA..{B
      1 | F4 FD 14 3F B4 C8 F3 C1 0F 00 00 00 32 32 64 00    1 | ...?........22d.
      2 | 00 1B 00 00 00 00 00 20 00 00 01 00 00 00 00 00    2 | ....... ........
      3 | 01 00 09 01 00 10 13 20 13 30 83 40 83 50 00 60    3 | ....... .0.@.P.`
      4 | 00 70 00 00 00 00 00 00 00 00 00 00 00 00 00 00    4 | .p..............

NPC ID: 17203848
  Name: Chaplion, R.K.
  POLUtils_Name: Chaplion, R.K.
  Type: Equipped NPC
  XYZR: 60.087, 0.398, -11.847, 194
  Mask: 01010111
        |  0  1  2  3  4  5  6  7  8  9  A  B  C  D  E  F      | 0123456789ABCDEF
    -----------------------------------------------------  ----------------------
      0 | 0E 2C 0A 00 88 82 06 01 88 02 57 C2 17 59 70 42    0 | .,........W..YpB
      1 | A8 C6 CB 3E 50 8D 3D C1 15 00 00 00 32 32 64 00    1 | ...>P.=.....22d.
      2 | 02 1B 00 00 00 00 00 20 00 00 00 00 00 00 00 00    2 | ....... ........
      3 | 01 00 03 03 0D 10 0C 20 02 30 0C 40 0C 50 FB 60    3 | ....... .0.@.P.`
      4 | 1B 70 00 00 00 00 00 00 00 00 00 00 00 00 00 00    4 | .p..............
      5 | 00 00 00 00 00 00 00 00 -- -- -- -- -- -- -- --    5 | ........--------

NPC ID: 17203648
  Name: GoblinDigger
  POLUtils_Name: Goblin Digger
  Type: Simple NPC
  XYZR: 28.506, -0.800, -31.817, 34
  Mask: 00001111
        |  0  1  2  3  4  5  6  7  8  9  A  B  C  D  E  F      | 0123456789ABCDEF
    -----------------------------------------------------  ----------------------
      0 | 0E 22 0A 00 C0 81 06 01 C0 01 0F 22 4A 0C E4 41    0 | ."........."J..A
      1 | CD CC 4C BF 37 89 FE C1 B9 0D 00 00 28 28 64 00    1 | ..L.7.......((d.
      2 | 01 83 00 00 00 0C 00 00 00 00 00 00 00 00 00 00    2 | ................
      3 | 00 00 E4 01 47 6F 62 6C 69 6E 44 69 67 67 65 72    3 | ....GoblinDigger
      4 | 00 00 00 00 -- -- -- -- -- -- -- -- -- -- -- --    4 | ....------------

NPC ID: 17203826
  Name: Herald
  POLUtils_Name: Herald
  Type: Equipped NPC
  XYZR: 45.258, 0.260, -9.622, 127
  Mask: 01010111
        |  0  1  2  3  4  5  6  7  8  9  A  B  C  D  E  F      | 0123456789ABCDEF
    -----------------------------------------------------  ----------------------
      0 | 0E 28 0A 00 72 82 06 01 72 02 57 7F 31 08 35 42    0 | .(..r...r.W.1.5B
      1 | B8 1E 85 3E B6 F3 19 C1 1A 00 00 00 0D 32 64 00    1 | ...>.........2d.
      2 | 02 03 00 00 00 00 00 00 20 00 40 00 00 00 00 00    2 | ........ .@.....
      3 | 01 00 03 01 60 10 2C 20 3A 30 3A 40 3A 50 30 61    3 | ....`., :0:@:P0a
      4 | 00 70 00 00 00 00 00 00 00 00 00 00 00 00 00 00    4 | .p..............

NPC ID: 17203849
  Name: Takamoto, I.M.
  POLUtils_Name: Takamoto, I.M.
  Type: Equipped NPC
  XYZR: 60.087, 0.398, -11.847, 194
  Mask: 01010111
        |  0  1  2  3  4  5  6  7  8  9  A  B  C  D  E  F      | 0123456789ABCDEF
    -----------------------------------------------------  ----------------------
      0 | 0E 2C 0A 00 89 82 06 01 89 02 57 C2 17 59 70 42    0 | .,........W..YpB
      1 | A8 C6 CB 3E 50 8D 3D C1 0F 00 00 00 32 32 64 00    1 | ...>P.=.....22d.
      2 | 02 1B 00 00 00 00 00 20 00 00 00 00 00 00 00 00    2 | ....... ........
      3 | 01 00 03 01 05 10 05 20 16 30 05 40 05 50 B8 60    3 | ....... .0.@.P.`
      4 | B8 70 00 00 00 00 00 00 00 00 00 00 00 00 00 00    4 | .p..............
      5 | 00 00 00 00 00 00 00 00 -- -- -- -- -- -- -- --    5 | ........--------

NPC ID: 17203929
  Name: Moogle
  POLUtils_Name: Moogle
  Type: Simple NPC
  XYZR: 69.051, 0.345, -2.063, 179
  Mask: 00001111
        |  0  1  2  3  4  5  6  7  8  9  A  B  C  D  E  F      | 0123456789ABCDEF
    -----------------------------------------------------  ----------------------
      0 | 0E 20 0A 00 D9 82 06 01 D9 02 0F B3 1D 1A 8A 42    0 | . .............B
      1 | D7 A3 B0 3E 31 08 04 C0 01 00 00 00 32 32 64 00    1 | ...>1.......22d.
      2 | 02 1B 00 00 00 00 00 20 00 00 00 00 00 00 00 00    2 | ....... ........
      3 | 00 00 52 00 4D 6F 6F 67 6C 65 00 00 00 00 00 00    3 | ..R.Moogle......

NPC ID: 17203947
  Name: SurvivalGuide
  POLUtils_Name: Survival Guide
  Type: Simple NPC
  XYZR: 63.000, 0.400, -14.000, 64
  Mask: 00001111
        |  0  1  2  3  4  5  6  7  8  9  A  B  C  D  E  F      | 0123456789ABCDEF
    -----------------------------------------------------  ----------------------
      0 | 0E 24 0A 00 EB 82 06 01 EB 02 0F 40 00 00 7C 42    0 | .$.........@..|B
      1 | CD CC CC 3E 00 00 60 C1 01 00 00 00 32 32 64 00    1 | ...>..`.....22d.
      2 | 00 03 00 00 00 00 00 00 00 00 11 20 00 00 00 00    2 | ........... ....
      3 | 00 00 81 09 53 75 72 76 69 76 61 6C 47 75 69 64    3 | ....SurvivalGuid
      4 | 65 00 00 00 00 00 00 00 -- -- -- -- -- -- -- --    4 | e.......--------

NPC ID: 17203850
  Name: Bubchu-Bibinchu, W.W.
  POLUtils_Name: Bubchu-Bibinchu, W.W.
  Type: Equipped NPC
  XYZR: 60.087, 0.398, -11.847, 194
  Mask: 01010111
        |  0  1  2  3  4  5  6  7  8  9  A  B  C  D  E  F      | 0123456789ABCDEF
    -----------------------------------------------------  ----------------------
      0 | 0E 2C 0A 00 8A 82 06 01 8A 02 57 C2 17 59 70 42    0 | .,........W..YpB
      1 | A8 C6 CB 3E 50 8D 3D C1 07 00 00 00 32 32 64 00    1 | ...>P.=.....22d.
      2 | 02 1B 00 00 00 00 00 20 00 00 00 00 00 00 00 00    2 | ....... ........
      3 | 01 00 03 05 12 10 13 20 16 30 05 40 07 50 54 60    3 | ....... .0.@.PT`
      4 | 2D 70 00 00 00 00 00 00 00 00 00 00 00 00 00 00    4 | -p..............
      5 | 00 00 00 00 00 00 00 00 -- -- -- -- -- -- -- --    5 | ........--------

NPC ID: 17203858
  Name: Mionie
  POLUtils_Name: Mionie
  Type: Equipped NPC
  XYZR: 53.494, 0.398, -14.272, 201
  Mask: 01010111
        |  0  1  2  3  4  5  6  7  8  9  A  B  C  D  E  F      | 0123456789ABCDEF
    -----------------------------------------------------  ----------------------
      0 | 0E 28 0A 00 92 82 06 01 92 02 57 C9 DB F9 55 42    0 | .(........W...UB
      1 | A8 C6 CB 3E 1D 5A 64 C1 07 00 00 00 32 32 64 00    1 | ...>.Zd.....22d.
      2 | 02 1B 00 00 00 00 00 20 00 00 01 00 00 00 00 00    2 | ....... ........
      3 | 01 00 05 04 12 10 18 20 0F 30 07 40 11 50 00 60    3 | ....... .0.@.P.`
      4 | 00 70 00 00 00 00 00 00 00 00 00 00 00 00 00 00    4 | .p..............

NPC ID: 17203887
  Name: FieldManual
  POLUtils_Name: Field Manual
  Type: Simple NPC
  XYZR: 65.273, 0.398, -14.112, 60
  Mask: 00001111
        |  0  1  2  3  4  5  6  7  8  9  A  B  C  D  E  F      | 0123456789ABCDEF
    -----------------------------------------------------  ----------------------
      0 | 0E 22 0A 00 AF 82 06 01 AF 02 0F 3C C7 8B 82 42    0 | .".........<...B
      1 | A8 C6 CB 3E C1 CA 61 C1 01 00 00 00 32 32 64 00    1 | ...>..a.....22d.
      2 | 00 03 00 00 00 00 00 00 00 00 08 20 00 00 00 00    2 | ........... ....
      3 | 00 00 F2 08 46 69 65 6C 64 4D 61 6E 75 61 6C 00    3 | ....FieldManual.
      4 | 00 00 00 00 -- -- -- -- -- -- -- -- -- -- -- --    4 | ....------------

NPC ID: 17203854
  Name: blank
  POLUtils_Name:      
  Type: Decoration
  XYZR: 60.087, 0.398, -11.847, 194
  Mask: 00001111
        |  0  1  2  3  4  5  6  7  8  9  A  B  C  D  E  F      | 0123456789ABCDEF
    -----------------------------------------------------  ----------------------
      0 | 0E 1C 0A 00 8E 82 06 01 8E 02 0F C2 17 59 70 42    0 | .............YpB
      1 | A8 C6 CB 3E 50 8D 3D C1 01 00 00 00 32 32 64 00    1 | ...>P.=.....22d.
      2 | 00 03 08 00 00 00 00 00 00 00 00 00 00 00 00 00    2 | ................
      3 | 00 00 31 03 00 00 00 00 -- -- -- -- -- -- -- --    3 | ..1.....--------

NPC ID: 17203852
  Name: blank
  POLUtils_Name:      
  Type: Decoration
  XYZR: 61.626, 0.398, -13.266, 187
  Mask: 00001111
        |  0  1  2  3  4  5  6  7  8  9  A  B  C  D  E  F      | 0123456789ABCDEF
    -----------------------------------------------------  ----------------------
      0 | 0E 1C 0B 00 8C 82 06 01 8C 02 0F BB 06 81 76 42    0 | ..............vB
      1 | A8 C6 CB 3E 89 41 54 C1 01 00 00 00 32 32 64 00    1 | ...>.AT.....22d.
      2 | 02 03 08 00 00 00 00 00 00 00 00 00 00 00 00 00    2 | ................
      3 | 00 00 2F 03 00 00 00 00 -- -- -- -- -- -- -- --    3 | ../.....--------

NPC ID: 17203851
  Name: blank
  POLUtils_Name:      
  Type: Decoration
  XYZR: 61.626, 0.398, -13.266, 187
  Mask: 00001111
        |  0  1  2  3  4  5  6  7  8  9  A  B  C  D  E  F      | 0123456789ABCDEF
    -----------------------------------------------------  ----------------------
      0 | 0E 1C 0B 00 8B 82 06 01 8B 02 0F BB 06 81 76 42    0 | ..............vB
      1 | A8 C6 CB 3E 89 41 54 C1 01 00 00 00 32 32 64 00    1 | ...>.AT.....22d.
      2 | 02 03 08 00 00 00 00 00 00 00 00 00 00 00 00 00    2 | ................
      3 | 00 00 2E 03 00 00 00 00 -- -- -- -- -- -- -- --    3 | ........--------

NPC ID: 17203853
  Name: blank
  POLUtils_Name:      
  Type: Decoration
  XYZR: 61.626, 0.398, -13.266, 187
  Mask: 00001111
        |  0  1  2  3  4  5  6  7  8  9  A  B  C  D  E  F      | 0123456789ABCDEF
    -----------------------------------------------------  ----------------------
      0 | 0E 1C 0B 00 8D 82 06 01 8D 02 0F BB 06 81 76 42    0 | ..............vB
      1 | A8 C6 CB 3E 89 41 54 C1 01 00 00 00 32 32 64 00    1 | ...>.AT.....22d.
      2 | 02 03 08 00 00 00 00 00 00 00 00 00 00 00 00 00    2 | ................
      3 | 00 00 30 03 00 00 00 00 -- -- -- -- -- -- -- --    3 | ..0.....--------

NPC ID: 17203359
  Name: WanderingSapli
  POLUtils_Name: Wandering Sapling
  Type: Simple NPC
  XYZR: 104.164, -2.650, -25.631, 144
  Mask: 00001111
        |  0  1  2  3  4  5  6  7  8  9  A  B  C  D  E  F      | 0123456789ABCDEF
    -----------------------------------------------------  ----------------------
      0 | 0E 24 0B 00 9F 80 06 01 9F 00 0F 90 F8 53 D0 42    0 | .$...........S.B
      1 | 9A 99 29 C0 4A 0C CD C1 79 01 00 00 28 28 64 00    1 | ..).J...y...((d.
      2 | 01 83 00 00 00 0C 00 00 00 00 00 00 00 00 00 00    2 | ................
      3 | 00 00 88 01 57 61 6E 64 65 72 69 6E 67 53 61 70    3 | ....WanderingSap
      4 | 6C 69 00 00 00 00 00 00 -- -- -- -- -- -- -- --    4 | li......--------

NPC ID: 17203315
  Name: ForestLeech
  POLUtils_Name: Forest Leech
  Type: Simple NPC
  XYZR: 47.715, 3.939, 11.921, 212
  Mask: 00001111
        |  0  1  2  3  4  5  6  7  8  9  A  B  C  D  E  F      | 0123456789ABCDEF
    -----------------------------------------------------  ----------------------
      0 | 0E 22 0B 00 73 80 06 01 73 00 0F D4 29 DC 3E 42    0 | ."..s...s...).>B
      1 | 93 18 7C 40 6A BC 3E 41 53 0C 00 00 28 28 00 03    1 | ..|@j.>AS...((..
      2 | 07 83 02 00 00 0B 00 00 00 00 00 00 4A 5B 0C 00    2 | ............J[..
      3 | 00 00 14 01 46 6F 72 65 73 74 4C 65 65 63 68 00    3 | ....ForestLeech.
      4 | 00 00 00 00 -- -- -- -- -- -- -- -- -- -- -- --    4 | ....------------

NPC ID: 17203312
  Name: JugnerFunguar
  POLUtils_Name: Jugner Funguar
  Type: Simple NPC
  XYZR: 64.925, 3.591, 23.304, 86
  Mask: 00001111
        |  0  1  2  3  4  5  6  7  8  9  A  B  C  D  E  F      | 0123456789ABCDEF
    -----------------------------------------------------  ----------------------
      0 | 0E 24 0B 00 70 80 06 01 70 00 0F 56 9A D9 81 42    0 | .$..p...p..V...B
      1 | F2 D2 65 40 98 6E BA 41 F6 01 00 00 28 28 64 00    1 | ..e@.n.A....((d.
      2 | 01 83 00 00 00 0F 00 00 00 00 00 00 00 00 00 00    2 | ................
      3 | 00 00 78 01 4A 75 67 6E 65 72 46 75 6E 67 75 61    3 | ..x.JugnerFungua
      4 | 72 00 00 00 00 00 00 00 -- -- -- -- -- -- -- --    4 | r.......--------

NPC ID: 17203314
  Name: JugnerFunguar
  POLUtils_Name: Jugner Funguar
  Type: Simple NPC
  XYZR: 53.650, 3.260, 27.260, 150
  Mask: 00001111
        |  0  1  2  3  4  5  6  7  8  9  A  B  C  D  E  F      | 0123456789ABCDEF
    -----------------------------------------------------  ----------------------
      0 | 0E 24 0B 00 72 80 06 01 72 00 0F 96 9A 99 56 42    0 | .$..r...r.....VB
      1 | D7 A3 50 40 7B 14 DA 41 5E 02 00 00 28 28 64 00    1 | ..P@{..A^...((d.
      2 | 01 83 00 00 00 0F 00 00 00 00 00 00 00 00 00 00    2 | ................
      3 | 00 00 78 01 4A 75 67 6E 65 72 46 75 6E 67 75 61    3 | ..x.JugnerFungua
      4 | 72 00 00 00 00 00 00 00 -- -- -- -- -- -- -- --    4 | r.......--------

NPC ID: 17203366
  Name: ForestLeech
  POLUtils_Name: Forest Leech
  Type: Simple NPC
  XYZR: 100.608, 4.739, 20.492, 122
  Mask: 00001111
        |  0  1  2  3  4  5  6  7  8  9  A  B  C  D  E  F      | 0123456789ABCDEF
    -----------------------------------------------------  ----------------------
      0 | 0E 22 22 00 A6 80 06 01 A6 00 0F 7A 4C 37 C9 42    0 | .""........zL7.B
      1 | E3 A5 97 40 9E EF A3 41 9F 01 00 00 28 28 64 00    1 | ...@...A....((d.
      2 | 01 83 02 00 00 0B 00 00 00 00 00 00 00 00 00 00    2 | ................
      3 | 00 00 14 01 46 6F 72 65 73 74 4C 65 65 63 68 00    3 | ....ForestLeech.
      4 | 00 00 00 00 -- -- -- -- -- -- -- -- -- -- -- --    4 | ....------------

NPC ID: 17203316
  Name: ForestLeech
  POLUtils_Name: Forest Leech
  Type: Simple NPC
  XYZR: 22.542, 6.480, 27.137, 33
  Mask: 00001111
        |  0  1  2  3  4  5  6  7  8  9  A  B  C  D  E  F      | 0123456789ABCDEF
    -----------------------------------------------------  ----------------------
      0 | 0E 22 45 00 74 80 06 01 74 00 0F 21 04 56 B4 41    0 | ."E.t...t..!.V.A
      1 | 29 5C CF 40 93 18 D9 41 DD 02 00 00 28 28 64 00    1 | )\\.@...A....((d.
      2 | 01 83 02 00 00 0B 00 00 00 00 00 00 00 00 00 00    2 | ................
      3 | 00 00 14 01 46 6F 72 65 73 74 4C 65 65 63 68 00    3 | ....ForestLeech.
      4 | 00 00 00 00 -- -- -- -- -- -- -- -- -- -- -- --    4 | ....------------

NPC ID: 17203364
  Name: JugnerFunguar
  POLUtils_Name: Jugner Funguar
  Type: Simple NPC
  XYZR: 109.384, 3.573, 15.935, 115
  Mask: 00001111
        |  0  1  2  3  4  5  6  7  8  9  A  B  C  D  E  F      | 0123456789ABCDEF
    -----------------------------------------------------  ----------------------
      0 | 0E 24 4A 00 A4 80 06 01 A4 00 0F 73 9C C4 DA 42    0 | .$J........s...B
      1 | 08 AC 64 40 C3 F5 7E 41 40 0C 00 00 28 28 00 03    1 | ..d@..~A@...((..
      2 | 07 83 00 00 00 0F 00 00 00 00 00 00 FF 5F 0C 00    2 | ............._..
      3 | 00 00 78 01 4A 75 67 6E 65 72 46 75 6E 67 75 61    3 | ..x.JugnerFungua
      4 | 72 00 00 00 00 00 00 00 -- -- -- -- -- -- -- --    4 | r.......--------

NPC ID: 17203367
  Name: ForestLeech
  POLUtils_Name: Forest Leech
  Type: Simple NPC
  XYZR: 109.928, 6.037, 23.822, 127
  Mask: 00001111
        |  0  1  2  3  4  5  6  7  8  9  A  B  C  D  E  F      | 0123456789ABCDEF
    -----------------------------------------------------  ----------------------
      0 | 0E 22 4C 00 A7 80 06 01 A7 00 0F 7F 23 DB DB 42    0 | ."L.........#..B
      1 | 1B 2F C1 40 75 93 BE 41 DD 02 00 00 28 28 00 03    1 | ./.@u..A....((..
      2 | 07 83 02 00 00 0B 00 00 00 00 00 00 FF 5F 0C 00    2 | ............._..
      3 | 00 00 14 01 46 6F 72 65 73 74 4C 65 65 63 68 00    3 | ....ForestLeech.
      4 | 00 00 00 00 -- -- -- -- -- -- -- -- -- -- -- --    4 | ....------------

NPC ID: 17203365
  Name: JugnerFunguar
  POLUtils_Name: Jugner Funguar
  Type: Simple NPC
  XYZR: 121.283, 5.569, 16.397, 61
  Mask: 00001111
        |  0  1  2  3  4  5  6  7  8  9  A  B  C  D  E  F      | 0123456789ABCDEF
    -----------------------------------------------------  ----------------------
      0 | 0E 24 4F 00 A5 80 06 01 A5 00 0F 3D E5 90 F2 42    0 | .$O........=...B
      1 | 3F 35 B2 40 0E 2D 83 41 43 01 00 00 28 28 64 00    1 | ?5.@.-.AC...((d.
      2 | 01 83 00 00 00 0F 00 00 00 00 00 00 00 00 00 00    2 | ................
      3 | 00 00 78 01 4A 75 67 6E 65 72 46 75 6E 67 75 61    3 | ..x.JugnerFungua
      4 | 72 00 00 00 00 00 00 00 -- -- -- -- -- -- -- --    4 | r.......--------

NPC ID: 17203363
  Name: ScavengingHoun
  POLUtils_Name: Scavenging Hound
  Type: Simple NPC
  XYZR: 119.056, -4.469, -23.079, 2
  Mask: 00001111
        |  0  1  2  3  4  5  6  7  8  9  A  B  C  D  E  F      | 0123456789ABCDEF
    -----------------------------------------------------  ----------------------
      0 | 0E 24 50 00 A3 80 06 01 A3 00 0F 02 AC 1C EE 42    0 | .$P............B
      1 | 0C 02 8F C0 CB A1 B8 C1 11 03 00 00 28 28 64 00    1 | ............((d.
      2 | 07 83 00 00 00 19 00 00 00 00 00 00 00 00 00 00    2 | ................
      3 | 00 00 6C 01 53 63 61 76 65 6E 67 69 6E 67 48 6F    3 | ..l.ScavengingHo
      4 | 75 6E 00 00 00 00 00 00 -- -- -- -- -- -- -- --    4 | un......--------

NPC ID: 17203832
  Name: Rook
  POLUtils_Name: Rook
  Type: Simple NPC
  XYZR: 134.478, 0.180, 42.012, 96
  Mask: 00001111
        |  0  1  2  3  4  5  6  7  8  9  A  B  C  D  E  F      | 0123456789ABCDEF
    -----------------------------------------------------  ----------------------
      0 | 0E 1E 5C 00 78 82 06 01 78 02 0F 60 5E 7A 06 43    0 | ..\\.x...x..`^z.C
      1 | EC 51 38 3E 4A 0C 28 42 07 00 00 00 32 32 64 00    1 | .Q8>J.(B....22d.
      2 | 12 03 08 00 00 00 00 00 20 00 47 24 00 00 00 00    2 | ........ .G$....
      3 | 00 00 42 01 52 6F 6F 6B 00 00 00 00 -- -- -- --    3 | ..B.Rook....----

NPC ID: 17203360
  Name: WanderingSapli
  POLUtils_Name: Wandering Sapling
  Type: Simple NPC
  XYZR: 155.151, -0.333, -30.247, 174
  Mask: 00001111
        |  0  1  2  3  4  5  6  7  8  9  A  B  C  D  E  F      | 0123456789ABCDEF
    -----------------------------------------------------  ----------------------
      0 | 0E 24 61 00 A0 80 06 01 A0 00 0F AE A8 26 1B 43    0 | .$a..........&.C
      1 | FA 7E AA BE DB F9 F1 C1 76 04 00 00 28 28 64 00    1 | .~......v...((d.
      2 | 01 83 00 00 00 0C 00 00 00 00 00 00 00 00 00 00    2 | ................
      3 | 00 00 88 01 57 61 6E 64 65 72 69 6E 67 53 61 70    3 | ....WanderingSap
      4 | 6C 69 00 00 00 00 00 00 -- -- -- -- -- -- -- --    4 | li......--------

NPC ID: 17203357
  Name: Screamer
  POLUtils_Name: Screamer
  Type: Simple NPC
  XYZR: 168.785, 0.497, -1.874, 50
  Mask: 00001111
        |  0  1  2  3  4  5  6  7  8  9  A  B  C  D  E  F      | 0123456789ABCDEF
    -----------------------------------------------------  ----------------------
      0 | 0E 20 62 00 9D 80 06 01 9D 00 0F 32 F6 C8 28 43    0 | . b........2..(C
      1 | C9 76 FE 3E 3B DF EF BF 49 00 00 00 28 28 64 00    1 | .v.>;...I...((d.
      2 | 01 83 00 00 00 14 00 00 00 00 00 00 00 00 00 00    2 | ................
      3 | 00 00 BC 01 53 63 72 65 61 6D 65 72 00 00 00 00    3 | ....Screamer....

NPC ID: 17203362
  Name: BrutalSheep
  POLUtils_Name: Brutal Sheep
  Type: Simple NPC
  XYZR: 170.007, 0.540, 0.634, 190
  Mask: 00001111
        |  0  1  2  3  4  5  6  7  8  9  A  B  C  D  E  F      | 0123456789ABCDEF
    -----------------------------------------------------  ----------------------
      0 | 0E 22 62 00 A2 80 06 01 A2 00 0F BE CB 01 2A 43    0 | ."b...........*C
      1 | 71 3D 0A 3F D3 4D 22 3F 81 02 00 00 28 28 64 00    1 | q=.?.M"?....((d.
      2 | 01 83 00 00 00 18 00 00 00 00 10 00 00 00 00 00    2 | ................
      3 | 00 00 54 01 42 72 75 74 61 6C 53 68 65 65 70 00    3 | ..T.BrutalSheep.
      4 | 00 00 00 00 -- -- -- -- -- -- -- -- -- -- -- --    4 | ....------------

NPC ID: 17203201
  Name: StagCrab
  POLUtils_Name: Stag Crab
  Type: Simple NPC
  XYZR: 172.365, 3.500, -24.784, 0
  Mask: 00001111
        |  0  1  2  3  4  5  6  7  8  9  A  B  C  D  E  F      | 0123456789ABCDEF
    -----------------------------------------------------  ----------------------
      0 | 0E 20 68 00 01 80 06 01 01 00 0F 00 71 5D 2C 43    0 | . h.........q],C
      1 | 00 00 60 40 A2 45 C6 C1 4F 04 00 00 28 28 00 03    1 | ..`@.E..O...((..
      2 | 07 83 00 00 00 0D 00 00 00 00 00 00 FE 53 0B 00    2 | .............S..
      3 | 00 00 64 01 53 74 61 67 43 72 61 62 00 00 00 00    3 | ..d.StagCrab....

NPC ID: 17203202
  Name: SpringPugil
  POLUtils_Name: Spring Pugil
  Type: Simple NPC
  XYZR: 172.059, 4.058, -27.638, 248
  Mask: 00001111
        |  0  1  2  3  4  5  6  7  8  9  A  B  C  D  E  F      | 0123456789ABCDEF
    -----------------------------------------------------  ----------------------
      0 | 0E 22 69 00 02 80 06 01 02 00 0F F8 1B 0F 2C 43    0 | ."i...........,C
      1 | 23 DB 81 40 A0 1A DD C1 14 05 00 00 28 28 00 03    1 | #..@........((..
      2 | 07 83 00 00 00 1B 00 00 00 00 00 00 FE 53 0B 00    2 | .............S..
      3 | 00 00 5C 01 53 70 72 69 6E 67 50 75 67 69 6C 00    3 | ..\\.SpringPugil.
      4 | 00 00 00 00 -- -- -- -- -- -- -- -- -- -- -- --    4 | ....------------

NPC ID: 17203525
  Name: WanderingSapli
  POLUtils_Name: Wandering Sapling
  Type: Simple NPC
  XYZR: 202.865, 0.133, -10.733, 208
  Mask: 00001111
        |  0  1  2  3  4  5  6  7  8  9  A  B  C  D  E  F      | 0123456789ABCDEF
    -----------------------------------------------------  ----------------------
      0 | 0E 24 76 00 45 81 06 01 45 01 0F D0 71 DD 4A 43    0 | .$v.E...E...q.JC
      1 | 27 31 08 3E 5E BA 2B C1 65 02 00 00 28 28 64 00    1 | '1.>^.+.e...((d.
      2 | 01 83 00 00 00 0C 00 00 00 00 00 00 00 00 00 00    2 | ................
      3 | 00 00 88 01 57 61 6E 64 65 72 69 6E 67 53 61 70    3 | ....WanderingSap
      4 | 6C 69 00 00 00 00 00 00 -- -- -- -- -- -- -- --    4 | li......--------

NPC ID: 17203527
  Name: BrutalSheep
  POLUtils_Name: Brutal Sheep
  Type: Simple NPC
  XYZR: 203.651, 0.263, 51.108, 97
  Mask: 00001111
        |  0  1  2  3  4  5  6  7  8  9  A  B  C  D  E  F      | 0123456789ABCDEF
    -----------------------------------------------------  ----------------------
      0 | 0E 22 7B 00 47 81 06 01 47 01 0F 61 A8 A6 4B 43    0 | ."{.G...G..a..KC
      1 | F0 A7 86 3E 98 6E 4C 42 7D 00 00 00 28 28 64 00    1 | ...>.nLB}...((d.
      2 | 01 83 00 00 00 18 00 00 00 00 10 00 00 00 00 00    2 | ................
      3 | 00 00 54 01 42 72 75 74 61 6C 53 68 65 65 70 00    3 | ..T.BrutalSheep.
      4 | 00 00 00 00 -- -- -- -- -- -- -- -- -- -- -- --    4 | ....------------

NPC ID: 17203935
  Name: CavernousMaw
  POLUtils_Name: Cavernous Maw
  Type: Simple NPC
  XYZR: 246.318, -0.709, 5.706, 160
  Mask: 00001111
        |  0  1  2  3  4  5  6  7  8  9  A  B  C  D  E  F      | 0123456789ABCDEF
    -----------------------------------------------------  ----------------------
      0 | 0E 22 8C 00 DF 82 06 01 DF 02 0F A0 68 51 76 43    0 | ."..........hQvC
      1 | 06 81 35 BF 8D 97 B6 40 01 80 00 00 32 32 64 00    1 | ..5....@....22d.
      2 | 00 03 00 00 00 00 00 02 A0 00 00 60 00 00 00 00    2 | ...........`....
      3 | 00 00 15 09 43 61 76 65 72 6E 6F 75 73 4D 61 77    3 | ....CavernousMaw
      4 | 00 00 00 00 -- -- -- -- -- -- -- -- -- -- -- --    4 | ....------------

NPC ID: 17203764
  Name: OverturnedSoil
  POLUtils_Name: Overturned Soil
  Type: Simple NPC
  XYZR: 243.359, -0.209, 50.222, 0
  Mask: 00001111
        |  0  1  2  3  4  5  6  7  8  9  A  B  C  D  E  F      | 0123456789ABCDEF
    -----------------------------------------------------  ----------------------
      0 | 0E 24 92 00 34 82 06 01 34 02 0F 00 E7 5B 73 43    0 | .$..4...4....[sC
      1 | 19 04 56 BE 54 E3 48 42 07 00 00 00 32 32 64 00    1 | ..V.T.HB....22d.
      2 | 00 03 00 00 00 00 00 00 20 00 00 00 00 00 00 00    2 | ........ .......
      3 | 00 00 34 00 4F 76 65 72 74 75 72 6E 65 64 53 6F    3 | ..4.OverturnedSo
      4 | 69 6C 00 00 00 00 00 00 -- -- -- -- -- -- -- --    4 | il......--------

NPC ID: 17203766
  Name: OverturnedSoil
  POLUtils_Name: Overturned Soil
  Type: Simple NPC
  XYZR: 263.962, -2.150, 30.571, 0
  Mask: 00001111
        |  0  1  2  3  4  5  6  7  8  9  A  B  C  D  E  F      | 0123456789ABCDEF
    -----------------------------------------------------  ----------------------
      0 | 0E 24 96 00 36 82 06 01 36 02 0F 00 23 FB 83 43    0 | .$..6...6...#..C
      1 | 9A 99 09 C0 68 91 F4 41 07 00 00 00 32 32 64 00    1 | ....h..A....22d.
      2 | 00 03 00 00 00 00 00 00 20 00 00 00 00 00 00 00    2 | ........ .......
      3 | 00 00 34 00 4F 76 65 72 74 75 72 6E 65 64 53 6F    3 | ..4.OverturnedSo
      4 | 69 6C 00 00 00 00 00 00 -- -- -- -- -- -- -- --    4 | il......--------

NPC ID: 17203567
  Name: GoblinButcher
  POLUtils_Name: Goblin Butcher
  Type: Simple NPC
  XYZR: 259.403, 1.478, 55.519, 66
  Mask: 00001111
        |  0  1  2  3  4  5  6  7  8  9  A  B  C  D  E  F      | 0123456789ABCDEF
    -----------------------------------------------------  ----------------------
      0 | 0E 24 CA 00 6F 81 06 01 6F 01 0F 42 96 B3 81 43    0 | .$..o...o..B...C
      1 | 1B 2F BD 3F 75 13 5E 42 79 01 00 00 28 28 64 00    1 | ./.?u.^By...((d.
      2 | 01 83 00 00 00 0C 00 00 00 00 00 00 00 00 00 00    2 | ................
      3 | 00 00 EF 01 47 6F 62 6C 69 6E 42 75 74 63 68 65    3 | ....GoblinButche
      4 | 72 00 00 00 00 00 00 00 -- -- -- -- -- -- -- --    4 | r.......--------

NPC ID: 17203886
  Name: CavernousMaw
  POLUtils_Name: Cavernous Maw
  Type: Simple NPC
  XYZR: -122.835, -8.000, -519.974, 0
  Mask: 00001111
        |  0  1  2  3  4  5  6  7  8  9  A  B  C  D  E  F      | 0123456789ABCDEF
    -----------------------------------------------------  ----------------------
      0 | 0E 22 CA 00 AE 82 06 01 AE 02 0F 00 85 AB F5 C2    0 | ."..............
      1 | 00 00 00 C1 56 FE 01 C4 01 80 00 00 32 32 64 00    1 | ....V.......22d.
      2 | 00 03 00 00 00 00 00 02 A0 00 00 60 00 00 00 00    2 | ...........`....
      3 | 00 00 13 09 43 61 76 65 72 6E 6F 75 73 4D 61 77    3 | ....CavernousMaw
      4 | 00 00 00 00 -- -- -- -- -- -- -- -- -- -- -- --    4 | ....------------

NPC ID: 17203892
  Name: ???
  POLUtils_Name: ???
  Type: Simple NPC
  XYZR: 0.000, 0.000, 0.000, 0
  Mask: 00001111
        |  0  1  2  3  4  5  6  7  8  9  A  B  C  D  E  F      | 0123456789ABCDEF
    -----------------------------------------------------  ----------------------
      0 | 0E 1E CB 00 B4 82 06 01 B4 02 0F 00 00 00 00 00    0 | ................
      1 | 00 00 00 00 00 00 00 00 00 00 00 00 32 32 64 00    1 | ............22d.
      2 | 02 03 08 00 00 00 00 00 00 00 00 00 00 00 00 00    2 | ................
      3 | 00 00 34 00 3F 3F 3F 00 00 00 00 00 -- -- -- --    3 | ..4.???.....----

NPC ID: 17203893
  Name: blank
  POLUtils_Name:      
  Type: Decoration
  XYZR: 0.000, 0.000, 0.000, 0
  Mask: 00001111
        |  0  1  2  3  4  5  6  7  8  9  A  B  C  D  E  F      | 0123456789ABCDEF
    -----------------------------------------------------  ----------------------
      0 | 0E 1C CC 00 B5 82 06 01 B5 02 0F 00 00 00 00 00    0 | ................
      1 | 00 00 00 00 00 00 00 00 00 00 00 00 32 32 64 00    1 | ............22d.
      2 | 02 03 08 00 00 00 00 00 00 00 00 00 00 00 00 00    2 | ................
      3 | 00 00 34 00 00 00 00 00 -- -- -- -- -- -- -- --    3 | ..4.....--------

NPC ID: 17203936
  Name: blank
  POLUtils_Name:      
  Type: Decoration
  XYZR: 0.000, 0.000, 0.000, 0
  Mask: 00001111
        |  0  1  2  3  4  5  6  7  8  9  A  B  C  D  E  F      | 0123456789ABCDEF
    -----------------------------------------------------  ----------------------
      0 | 0E 1C CD 00 E0 82 06 01 E0 02 0F 00 00 00 00 00    0 | ................
      1 | 00 00 00 00 00 00 00 00 00 00 00 00 32 32 64 00    1 | ............22d.
      2 | 02 03 08 00 00 00 00 00 00 00 00 00 00 00 00 00    2 | ................
      3 | 00 00 34 00 00 00 00 00 -- -- -- -- -- -- -- --    3 | ..4.....--------

NPC ID: 17203937
  Name: ???
  POLUtils_Name: ???
  Type: Equipped NPC
  XYZR: 0.000, 0.000, 0.000, 0
  Mask: 01010111
        |  0  1  2  3  4  5  6  7  8  9  A  B  C  D  E  F      | 0123456789ABCDEF
    -----------------------------------------------------  ----------------------
      0 | 0E 2A CE 00 E1 82 06 01 E1 02 57 00 00 00 00 00    0 | .*........W.....
      1 | 00 00 00 00 00 00 00 00 00 00 00 00 32 32 64 00    1 | ............22d.
      2 | 06 1B 00 00 00 00 00 20 00 00 00 00 00 00 00 00    2 | ....... ........
      3 | 01 00 0F 04 E9 10 EF 20 EF 30 EF 40 EF 50 8F 61    3 | ....... .0.@.P.a
      4 | 30 70 00 00 00 00 00 00 00 00 00 00 00 00 00 00    4 | 0p..............
      5 | 00 00 00 00 -- -- -- -- -- -- -- -- -- -- -- --    5 | ....------------

NPC ID: 17203938
  Name: blank
  POLUtils_Name:      
  Type: Decoration
  XYZR: 0.000, 0.000, 0.000, 0
  Mask: 00001111
        |  0  1  2  3  4  5  6  7  8  9  A  B  C  D  E  F      | 0123456789ABCDEF
    -----------------------------------------------------  ----------------------
      0 | 0E 1C CF 00 E2 82 06 01 E2 02 0F 00 00 00 00 00    0 | ................
      1 | 00 00 00 00 00 00 00 00 00 00 00 00 32 32 64 00    1 | ............22d.
      2 | 02 03 08 00 00 00 00 00 00 00 00 00 00 00 00 00    2 | ................
      3 | 00 00 34 00 00 00 00 00 -- -- -- -- -- -- -- --    3 | ..4.....--------

NPC ID: 17203758
  Name: GoblinRider
  POLUtils_Name: Goblin Rider
  Type: Simple NPC
  XYZR: 276.066, -0.345, 43.377, 114
  Mask: 00001111
        |  0  1  2  3  4  5  6  7  8  9  A  B  C  D  E  F      | 0123456789ABCDEF
    -----------------------------------------------------  ----------------------
      0 | 0E 22 D8 00 2E 82 06 01 2E 02 0F 72 73 08 8A 43    0 | .".........rs..C
      1 | D7 A3 B0 BE 0C 82 2D 42 C4 02 00 00 A0 A0 64 00    1 | ......-B......d.
      2 | 00 81 00 00 00 0A 00 00 20 00 00 00 00 00 00 00    2 | ........ .......
      3 | 00 00 E1 04 47 6F 62 6C 69 6E 52 69 64 65 72 00    3 | ....GoblinRider.
      4 | 00 00 00 00 -- -- -- -- -- -- -- -- -- -- -- --    4 | ....------------

NPC ID: 17203526
  Name: BrutalSheep
  POLUtils_Name: Brutal Sheep
  Type: Simple NPC
  XYZR: 207.814, 0.440, 13.507, 28
  Mask: 00001111
        |  0  1  2  3  4  5  6  7  8  9  A  B  C  D  E  F      | 0123456789ABCDEF
    -----------------------------------------------------  ----------------------
      0 | 0E 22 0B 00 46 81 06 01 46 01 0F 1C 62 D0 4F 43    0 | ."..F...F...b.OC
      1 | AE 47 E1 3E AC 1C 58 41 EF 01 00 00 28 28 64 00    1 | .G.>..XA....((d.
      2 | 01 83 00 00 00 18 00 00 00 00 10 00 00 00 00 00    2 | ................
      3 | 00 00 54 01 42 72 75 74 61 6C 53 68 65 65 70 00    3 | ..T.BrutalSheep.
      4 | 00 00 00 00 -- -- -- -- -- -- -- -- -- -- -- --    4 | ....------------

