NPC ID: 17220121
  Name: TreasureCasket
  POLUtils_Name: Treasure Casket
  Type: Simple NPC
  XYZR: 282.496, 3.454, -20.228, 230
  Mask: 00001111
        |  0  1  2  3  4  5  6  7  8  9  A  B  C  D  E  F      | 0123456789ABCDEF
    -----------------------------------------------------  ----------------------
      0 | 0E 24 92 01 19 C2 06 01 19 02 0F E6 7D 3F 8D 43    0 | .$..........}?.C
      1 | 56 0E 5D 40 F2 D2 A1 C1 07 00 00 00 32 32 64 00    1 | V.]@........22d.
      2 | 02 03 08 00 00 00 00 00 00 00 04 0C 00 00 00 00    2 | ................
      3 | 00 00 C5 03 54 72 65 61 73 75 72 65 43 61 73 6B    3 | ....TreasureCask
      4 | 65 74 00 00 00 00 00 00 -- -- -- -- -- -- -- --    4 | et......--------

NPC ID: 17219636
  Name: HugeWasp
  POLUtils_Name: Huge Wasp
  Type: Simple NPC
  XYZR: 248.326, 13.704, 8.451, 97
  Mask: 00001111
        |  0  1  2  3  4  5  6  7  8  9  A  B  C  D  E  F      | 0123456789ABCDEF
    -----------------------------------------------------  ----------------------
      0 | 0E 20 A1 01 34 C0 06 01 34 00 0F 61 75 53 78 43    0 | . ..4...4..auSxC
      1 | 96 43 5B 41 4C 37 07 41 47 03 00 00 28 28 64 00    1 | .C[AL7.AG...((d.
      2 | 01 83 02 00 00 0A 00 00 00 00 08 00 00 00 00 00    2 | ................
      3 | 00 00 10 01 48 75 67 65 57 61 73 70 00 00 00 00    3 | ....HugeWasp....

NPC ID: 17219635
  Name: MistLizard
  POLUtils_Name: Mist Lizard
  Type: Simple NPC
  XYZR: 382.702, 0.958, 11.428, 139
  Mask: 00001111
        |  0  1  2  3  4  5  6  7  8  9  A  B  C  D  E  F      | 0123456789ABCDEF
    -----------------------------------------------------  ----------------------
      0 | 0E 22 B2 01 33 C0 06 01 33 00 0F 8B DB 59 BF 43    0 | ."..3...3....Y.C
      1 | 7D 3F 75 3F 17 D9 36 41 FE 02 00 00 28 28 64 00    1 | }?u?..6A....((d.
      2 | 01 83 00 00 00 10 00 00 00 00 00 00 00 00 00 00    2 | ................
      3 | 00 00 48 01 4D 69 73 74 4C 69 7A 61 72 64 00 00    3 | ..H.MistLizard..
      4 | 00 00 00 00 -- -- -- -- -- -- -- -- -- -- -- --    4 | ....------------

NPC ID: 17220021
  Name: GwynnapNudd
  POLUtils_Name: Gwynn ap Nudd
  Type: Simple NPC
  XYZR: 391.070, -0.770, -2.954, 234
  Mask: 00001111
        |  0  1  2  3  4  5  6  7  8  9  A  B  C  D  E  F      | 0123456789ABCDEF
    -----------------------------------------------------  ----------------------
      0 | 0E 22 B5 01 B5 C1 06 01 B5 01 0F EA F6 88 C3 43    0 | .".............C
      1 | B8 1E 45 BF 56 0E 3D C0 C3 02 00 00 28 28 00 03    1 | ..E.V.=.....((..
      2 | 07 9F 00 00 00 10 70 20 20 00 00 00 F4 A4 04 00    2 | ......p  .......
      3 | 00 00 15 08 47 77 79 6E 6E 61 70 4E 75 64 64 00    3 | ....GwynnapNudd.
      4 | 00 00 00 00 -- -- -- -- -- -- -- -- -- -- -- --    4 | ....------------

NPC ID: 17220181
  Name: RiftwornPyxis
  POLUtils_Name: Riftworn Pyxis
  Type: Simple NPC
  XYZR: 395.100, 0.007, 0.000, 0
  Mask: 00001111
        |  0  1  2  3  4  5  6  7  8  9  A  B  C  D  E  F      | 0123456789ABCDEF
    -----------------------------------------------------  ----------------------
      0 | 0E 24 B6 01 55 C2 06 01 55 02 0F 00 CD 8C C5 43    0 | .$..U...U......C
      1 | 42 60 E5 3B 00 00 00 00 01 00 00 00 32 32 64 00    1 | B`.;........22d.
      2 | 02 03 00 00 00 00 00 02 A0 00 04 64 00 00 00 00    2 | ...........d....
      3 | 00 00 C9 03 52 69 66 74 77 6F 72 6E 50 79 78 69    3 | ....RiftwornPyxi
      4 | 73 00 00 00 00 00 00 00 -- -- -- -- -- -- -- --    4 | s.......--------

NPC ID: 17220178
  Name: PlanarRift
  POLUtils_Name: Planar Rift
  Type: Simple NPC
  XYZR: 395.000, 0.007, 0.000, 0
  Mask: 00001111
        |  0  1  2  3  4  5  6  7  8  9  A  B  C  D  E  F      | 0123456789ABCDEF
    -----------------------------------------------------  ----------------------
      0 | 0E 22 B6 01 52 C2 06 01 52 02 0F 00 00 80 C5 43    0 | ."..R...R......C
      1 | 42 60 E5 3B 00 00 00 00 01 00 00 00 32 32 64 00    1 | B`.;........22d.
      2 | 00 03 00 00 00 00 00 02 A0 00 05 64 00 00 00 00    2 | ...........d....
      3 | 00 00 6F 09 50 6C 61 6E 61 72 52 69 66 74 00 00    3 | ..o.PlanarRift..
      4 | 00 00 00 00 -- -- -- -- -- -- -- -- -- -- -- --    4 | ....------------

NPC ID: 17219640
  Name: HugeWasp
  POLUtils_Name: Huge Wasp
  Type: Simple NPC
  XYZR: 392.411, 5.728, 30.224, 21
  Mask: 00001111
        |  0  1  2  3  4  5  6  7  8  9  A  B  C  D  E  F      | 0123456789ABCDEF
    -----------------------------------------------------  ----------------------
      0 | 0E 20 B7 01 38 C0 06 01 38 00 0F 15 9C 34 C4 43    0 | . ..8...8....4.C
      1 | C7 4B B7 40 C1 CA F1 41 59 02 00 00 28 28 64 00    1 | .K.@...AY...((d.
      2 | 01 83 02 00 00 0A 00 00 00 00 08 00 00 00 00 00    2 | ................
      3 | 00 00 10 01 48 75 67 65 57 61 73 70 00 00 00 00    3 | ....HugeWasp....

NPC ID: 17219631
  Name: MistLizard
  POLUtils_Name: Mist Lizard
  Type: Simple NPC
  XYZR: 395.166, 6.547, 38.646, 63
  Mask: 00001111
        |  0  1  2  3  4  5  6  7  8  9  A  B  C  D  E  F      | 0123456789ABCDEF
    -----------------------------------------------------  ----------------------
      0 | 0E 22 B9 01 2F C0 06 01 2F 00 0F 3F 3F 95 C5 43    0 | ."../.../..??..C
      1 | 06 81 D1 40 81 95 1A 42 19 04 00 00 28 28 64 00    1 | ...@...B....((d.
      2 | 01 83 00 00 00 10 00 00 00 00 00 00 00 00 00 00    2 | ................
      3 | 00 00 48 01 4D 69 73 74 4C 69 7A 61 72 64 00 00    3 | ..H.MistLizard..
      4 | 00 00 00 00 -- -- -- -- -- -- -- -- -- -- -- --    4 | ....------------

NPC ID: 17219641
  Name: HugeWasp
  POLUtils_Name: Huge Wasp
  Type: Simple NPC
  XYZR: 407.543, 5.431, 38.201, 205
  Mask: 00001111
        |  0  1  2  3  4  5  6  7  8  9  A  B  C  D  E  F      | 0123456789ABCDEF
    -----------------------------------------------------  ----------------------
      0 | 0E 20 BC 01 39 C0 06 01 39 00 0F CD 81 C5 CB 43    0 | . ..9...9......C
      1 | C1 CA AD 40 D3 CD 18 42 60 02 00 00 28 28 64 00    1 | ...@...B`...((d.
      2 | 01 83 02 00 00 0A 00 00 00 00 08 00 00 00 00 00    2 | ................
      3 | 00 00 10 01 48 75 67 65 57 61 73 70 00 00 00 00    3 | ....HugeWasp....

NPC ID: 17219639
  Name: HugeWasp
  POLUtils_Name: Huge Wasp
  Type: Simple NPC
  XYZR: 423.679, 3.023, 44.057, 73
  Mask: 00001111
        |  0  1  2  3  4  5  6  7  8  9  A  B  C  D  E  F      | 0123456789ABCDEF
    -----------------------------------------------------  ----------------------
      0 | 0E 20 C2 01 37 C0 06 01 37 00 0F 49 E9 D6 D3 43    0 | . ..7...7..I...C
      1 | D5 78 41 40 5E 3A 30 42 E1 01 00 00 28 28 64 00    1 | .xA@^:0B....((d.
      2 | 01 83 02 00 00 0A 00 00 00 00 08 00 00 00 00 00    2 | ................
      3 | 00 00 10 01 48 75 67 65 57 61 73 70 00 00 00 00    3 | ....HugeWasp....

NPC ID: 17219632
  Name: MistLizard
  POLUtils_Name: Mist Lizard
  Type: Simple NPC
  XYZR: 413.447, 9.368, 67.069, 110
  Mask: 00001111
        |  0  1  2  3  4  5  6  7  8  9  A  B  C  D  E  F      | 0123456789ABCDEF
    -----------------------------------------------------  ----------------------
      0 | 0E 22 C5 01 30 C0 06 01 30 00 0F 6E 37 B9 CE 43    0 | ."..0...0..n7..C
      1 | 54 E3 15 41 54 23 86 42 89 03 00 00 28 28 64 00    1 | T..AT#.B....((d.
      2 | 01 83 00 00 00 10 00 00 00 00 00 00 00 00 00 00    2 | ................
      3 | 00 00 48 01 4D 69 73 74 4C 69 7A 61 72 64 00 00    3 | ..H.MistLizard..
      4 | 00 00 00 00 -- -- -- -- -- -- -- -- -- -- -- --    4 | ....------------

NPC ID: 17219649
  Name: HugeWasp
  POLUtils_Name: Huge Wasp
  Type: Simple NPC
  XYZR: 414.417, 15.967, 118.034, 104
  Mask: 00001111
        |  0  1  2  3  4  5  6  7  8  9  A  B  C  D  E  F      | 0123456789ABCDEF
    -----------------------------------------------------  ----------------------
      0 | 0E 20 E7 01 41 C0 06 01 41 00 0F 68 60 35 CF 43    0 | . ..A...A..h`5.C
      1 | D5 78 7F 41 68 11 EC 42 D1 02 00 00 28 28 64 00    1 | .x.Ah..B....((d.
      2 | 01 83 02 00 00 0A 00 00 00 00 08 00 00 00 00 00    2 | ................
      3 | 00 00 10 01 48 75 67 65 57 61 73 70 00 00 00 00    3 | ....HugeWasp....

NPC ID: 17219655
  Name: StrollingSapli
  POLUtils_Name: Strolling Sapling
  Type: Simple NPC
  XYZR: 453.007, 15.232, 154.506, 96
  Mask: 00001111
        |  0  1  2  3  4  5  6  7  8  9  A  B  C  D  E  F      | 0123456789ABCDEF
    -----------------------------------------------------  ----------------------
      0 | 0E 24 EF 01 47 C0 06 01 47 00 0F 60 E5 80 E2 43    0 | .$..G...G..`...C
      1 | 46 B6 73 41 89 81 1A 43 3A 03 00 00 28 28 64 00    1 | F.sA...C:...((d.
      2 | 01 83 00 00 00 0C 00 00 00 00 00 00 00 00 00 00    2 | ................
      3 | 00 00 88 01 53 74 72 6F 6C 6C 69 6E 67 53 61 70    3 | ....StrollingSap
      4 | 6C 69 00 00 00 00 00 00 -- -- -- -- -- -- -- --    4 | li......--------

NPC ID: 17219680
  Name: ThunderElement
  POLUtils_Name: Thunder Elemental
  Type: Simple NPC
  XYZR: 450.474, 15.565, 167.395, 249
  Mask: 00001111
        |  0  1  2  3  4  5  6  7  8  9  A  B  C  D  E  F      | 0123456789ABCDEF
    -----------------------------------------------------  ----------------------
      0 | 0E 24 F5 01 60 C0 06 01 60 00 0F F9 AC 3C E1 43    0 | .$..`...`....<.C
      1 | 3D 0A 79 41 1F 65 27 43 06 04 00 00 28 28 64 00    1 | =.yA.e'C....((d.
      2 | 07 83 00 00 00 03 00 00 00 00 10 00 00 00 00 00    2 | ................
      3 | 00 00 B9 01 54 68 75 6E 64 65 72 45 6C 65 6D 65    3 | ....ThunderEleme
      4 | 6E 74 00 00 00 00 00 00 -- -- -- -- -- -- -- --    4 | nt......--------

NPC ID: 17219657
  Name: HugeWasp
  POLUtils_Name: Huge Wasp
  Type: Simple NPC
  XYZR: 530.034, 10.169, 162.285, 92
  Mask: 00001111
        |  0  1  2  3  4  5  6  7  8  9  A  B  C  D  E  F      | 0123456789ABCDEF
    -----------------------------------------------------  ----------------------
      0 | 0E 20 FD 01 49 C0 06 01 49 00 0F 5C 2D 82 04 44    0 | . ..I...I..\\-..D
      1 | 39 B4 22 41 F6 48 22 43 0F 01 00 00 28 28 64 00    1 | 9."A.H"C....((d.
      2 | 01 83 02 00 00 0A 00 00 00 00 08 00 00 00 00 00    2 | ................
      3 | 00 00 10 01 48 75 67 65 57 61 73 70 00 00 00 00    3 | ....HugeWasp....

NPC ID: 17219665
  Name: RockEater
  POLUtils_Name: Rock Eater
  Type: Simple NPC
  XYZR: 558.816, 14.243, 155.825, 125
  Mask: 00001111
        |  0  1  2  3  4  5  6  7  8  9  A  B  C  D  E  F      | 0123456789ABCDEF
    -----------------------------------------------------  ----------------------
      0 | 0E 22 06 02 51 C0 06 01 51 00 0F 7D 39 B4 0B 44    0 | ."..Q...Q..}9..D
      1 | 54 E3 63 41 33 D3 1B 43 31 02 00 00 28 28 64 00    1 | T.cA3..C1...((d.
      2 | 01 83 00 00 00 0C 00 00 00 00 00 00 00 00 00 00    2 | ................
      3 | 00 00 A8 01 52 6F 63 6B 45 61 74 65 72 00 00 00    3 | ....RockEater...
      4 | 00 00 00 00 -- -- -- -- -- -- -- -- -- -- -- --    4 | ....------------

NPC ID: 17219677
  Name: SkeletonWarrio
  POLUtils_Name: Skeleton Warrior
  Type: Simple NPC
  XYZR: 556.879, 22.506, 190.862, 164
  Mask: 00001111
        |  0  1  2  3  4  5  6  7  8  9  A  B  C  D  E  F      | 0123456789ABCDEF
    -----------------------------------------------------  ----------------------
      0 | 0E 24 09 02 5D C0 06 01 5D 00 0F A4 42 38 0B 44    0 | .$..]...]...B8.D
      1 | 4A 0C B4 41 AC DC 3E 43 C8 02 00 00 28 28 64 00    1 | J..A..>C....((d.
      2 | 07 83 00 00 00 0C 00 00 00 00 00 00 00 00 00 00    2 | ................
      3 | 00 00 3C 02 53 6B 65 6C 65 74 6F 6E 57 61 72 72    3 | ..<.SkeletonWarr
      4 | 69 6F 00 00 00 00 00 00 -- -- -- -- -- -- -- --    4 | io......--------

NPC ID: 17219672
  Name: VeteranQuadav
  POLUtils_Name: Veteran Quadav
  Type: Simple NPC
  XYZR: 579.710, 21.501, 173.398, 0
  Mask: 00001111
        |  0  1  2  3  4  5  6  7  8  9  A  B  C  D  E  F      | 0123456789ABCDEF
    -----------------------------------------------------  ----------------------
      0 | 0E 24 0D 02 58 C0 06 01 58 00 0F 00 71 ED 10 44    0 | .$..X...X...q..D
      1 | 0C 02 AC 41 E3 65 2D 43 37 0B 00 00 28 28 00 03    1 | ...A.e-C7...((..
      2 | 07 83 00 00 00 0F 00 00 00 00 00 00 0E AF 07 00    2 | ................
      3 | 00 00 86 02 56 65 74 65 72 61 6E 51 75 61 64 61    3 | ....VeteranQuada
      4 | 76 00 00 00 00 00 00 00 -- -- -- -- -- -- -- --    4 | v.......--------

NPC ID: 17219668
  Name: Ghost
  POLUtils_Name: Ghost
  Type: Simple NPC
  XYZR: 601.689, 23.664, 156.821, 9
  Mask: 00001111
        |  0  1  2  3  4  5  6  7  8  9  A  B  C  D  E  F      | 0123456789ABCDEF
    -----------------------------------------------------  ----------------------
      0 | 0E 20 14 02 54 C0 06 01 54 00 0F 09 19 6C 16 44    0 | . ..T...T....l.D
      1 | DF 4F BD 41 2D D2 1C 43 C2 01 00 00 28 28 64 00    1 | .O.A-..C....((d.
      2 | 07 83 00 00 00 08 00 00 00 00 00 00 00 00 00 00    2 | ................
      3 | 00 00 70 01 47 68 6F 73 74 00 00 00 00 00 00 00    3 | ..p.Ghost.......

NPC ID: 17219674
  Name: OnyxQuadav
  POLUtils_Name: Onyx Quadav
  Type: Simple NPC
  XYZR: 604.793, 23.231, 169.601, 151
  Mask: 00001111
        |  0  1  2  3  4  5  6  7  8  9  A  B  C  D  E  F      | 0123456789ABCDEF
    -----------------------------------------------------  ----------------------
      0 | 0E 22 15 02 5A C0 06 01 5A 00 0F 97 C1 32 17 44    0 | ."..Z...Z....2.D
      1 | 17 D9 B9 41 DB 99 29 43 50 06 00 00 28 28 00 03    1 | ...A..)CP...((..
      2 | 07 83 04 00 00 0F 00 00 00 00 00 00 00 00 00 00    2 | ................
      3 | 00 00 98 02 4F 6E 79 78 51 75 61 64 61 76 00 00    3 | ....OnyxQuadav..
      4 | 00 00 00 00 -- -- -- -- -- -- -- -- -- -- -- --    4 | ....------------

NPC ID: 17219659
  Name: StrollingSapli
  POLUtils_Name: Strolling Sapling
  Type: Simple NPC
  XYZR: 605.659, 19.837, 144.123, 38
  Mask: 00001111
        |  0  1  2  3  4  5  6  7  8  9  A  B  C  D  E  F      | 0123456789ABCDEF
    -----------------------------------------------------  ----------------------
      0 | 0E 24 15 02 4B C0 06 01 4B 00 0F 26 2D 6A 17 44    0 | .$..K...K..&-j.D
      1 | 2D B2 9E 41 7D 1F 10 43 93 01 00 00 28 28 64 00    1 | -..A}..C....((d.
      2 | 01 83 00 00 00 0C 00 00 00 00 00 00 00 00 00 00    2 | ................
      3 | 00 00 88 01 53 74 72 6F 6C 6C 69 6E 67 53 61 70    3 | ....StrollingSap
      4 | 6C 69 00 00 00 00 00 00 -- -- -- -- -- -- -- --    4 | li......--------

NPC ID: 17219679
  Name: SkeletonSorcer
  POLUtils_Name: Skeleton Sorcerer
  Type: Simple NPC
  XYZR: 610.787, 18.958, 137.306, 192
  Mask: 00001111
        |  0  1  2  3  4  5  6  7  8  9  A  B  C  D  E  F      | 0123456789ABCDEF
    -----------------------------------------------------  ----------------------
      0 | 0E 24 18 02 5F C0 06 01 5F 00 0F C0 5E B2 18 44    0 | .$.._..._...^..D
      1 | FC A9 97 41 56 4E 09 43 C2 01 00 00 28 28 64 00    1 | ...AVN.C....((d.
      2 | 07 83 00 00 00 0C 00 00 00 00 00 00 00 00 00 00    2 | ................
      3 | 00 00 34 02 53 6B 65 6C 65 74 6F 6E 53 6F 72 63    3 | ..4.SkeletonSorc
      4 | 65 72 00 00 00 00 00 00 -- -- -- -- -- -- -- --    4 | er......--------

NPC ID: 17219660
  Name: StrollingSapli
  POLUtils_Name: Strolling Sapling
  Type: Simple NPC
  XYZR: 619.934, 22.539, 154.584, 94
  Mask: 00001111
        |  0  1  2  3  4  5  6  7  8  9  A  B  C  D  E  F      | 0123456789ABCDEF
    -----------------------------------------------------  ----------------------
      0 | 0E 24 19 02 4C C0 06 01 4C 00 0F 5E C7 FB 1A 44    0 | .$..L...L..^...D
      1 | DF 4F B4 41 81 95 1A 43 FE 02 00 00 28 28 64 00    1 | .O.A...C....((d.
      2 | 01 83 00 00 00 0C 00 00 00 00 00 00 00 00 00 00    2 | ................
      3 | 00 00 88 01 53 74 72 6F 6C 6C 69 6E 67 53 61 70    3 | ....StrollingSap
      4 | 6C 69 00 00 00 00 00 00 -- -- -- -- -- -- -- --    4 | li......--------

NPC ID: 17219666
  Name: RockEater
  POLUtils_Name: Rock Eater
  Type: Simple NPC
  XYZR: 617.094, 23.007, 165.212, 29
  Mask: 00001111
        |  0  1  2  3  4  5  6  7  8  9  A  B  C  D  E  F      | 0123456789ABCDEF
    -----------------------------------------------------  ----------------------
      0 | 0E 22 19 02 52 C0 06 01 52 00 0F 1D 04 46 1A 44    0 | ."..R...R....F.D
      1 | 56 0E B8 41 46 36 25 43 17 02 00 00 28 28 64 00    1 | V..AF6%C....((d.
      2 | 01 83 00 00 00 0C 00 00 00 00 00 00 00 00 00 00    2 | ................
      3 | 00 00 A8 01 52 6F 63 6B 45 61 74 65 72 00 00 00    3 | ....RockEater...
      4 | 00 00 00 00 -- -- -- -- -- -- -- -- -- -- -- --    4 | ....------------

NPC ID: 17219669
  Name: Ghost
  POLUtils_Name: Ghost
  Type: Simple NPC
  XYZR: 622.902, 21.769, 132.786, 163
  Mask: 00001111
        |  0  1  2  3  4  5  6  7  8  9  A  B  C  D  E  F      | 0123456789ABCDEF
    -----------------------------------------------------  ----------------------
      0 | 0E 20 1C 02 55 C0 06 01 55 00 0F A3 BA B9 1B 44    0 | . ..U...U......D
      1 | E9 26 AE 41 37 C9 04 43 2B 02 00 00 28 28 64 00    1 | .&.A7..C+...((d.
      2 | 07 83 00 00 00 08 00 00 00 00 00 00 00 00 00 00    2 | ................
      3 | 00 00 70 01 47 68 6F 73 74 00 00 00 00 00 00 00    3 | ..p.Ghost.......

NPC ID: 17219662
  Name: RockEater
  POLUtils_Name: Rock Eater
  Type: Simple NPC
  XYZR: 634.426, 23.343, 157.690, 33
  Mask: 00001111
        |  0  1  2  3  4  5  6  7  8  9  A  B  C  D  E  F      | 0123456789ABCDEF
    -----------------------------------------------------  ----------------------
      0 | 0E 22 1E 02 4E C0 06 01 4E 00 0F 21 44 9B 1E 44    0 | ."..N...N..!D..D
      1 | 77 BE BA 41 A4 B0 1D 43 51 01 00 00 28 28 64 00    1 | w..A...CQ...((d.
      2 | 01 83 00 00 00 0C 00 00 00 00 00 00 00 00 00 00    2 | ................
      3 | 00 00 A8 01 52 6F 63 6B 45 61 74 65 72 00 00 00    3 | ....RockEater...
      4 | 00 00 00 00 -- -- -- -- -- -- -- -- -- -- -- --    4 | ....------------

NPC ID: 17219661
  Name: RockEater
  POLUtils_Name: Rock Eater
  Type: Simple NPC
  XYZR: 627.415, 21.606, 127.167, 242
  Mask: 00001111
        |  0  1  2  3  4  5  6  7  8  9  A  B  C  D  E  F      | 0123456789ABCDEF
    -----------------------------------------------------  ----------------------
      0 | 0E 22 1F 02 4D C0 06 01 4D 00 0F F2 8F DA 1C 44    0 | ."..M...M......D
      1 | 17 D9 AC 41 81 55 FE 42 24 02 00 00 28 28 64 00    1 | ...A.U.B$...((d.
      2 | 01 83 00 00 00 0C 00 00 00 00 00 00 00 00 00 00    2 | ................
      3 | 00 00 A8 01 52 6F 63 6B 45 61 74 65 72 00 00 00    3 | ....RockEater...
      4 | 00 00 00 00 -- -- -- -- -- -- -- -- -- -- -- --    4 | ....------------

NPC ID: 17219658
  Name: HugeWasp
  POLUtils_Name: Huge Wasp
  Type: Simple NPC
  XYZR: 660.622, 23.113, 165.528, 176
  Mask: 00001111
        |  0  1  2  3  4  5  6  7  8  9  A  B  C  D  E  F      | 0123456789ABCDEF
    -----------------------------------------------------  ----------------------
      0 | 0E 20 26 02 4A C0 06 01 4A 00 0F B0 CF 27 25 44    0 | . &.J...J....'%D
      1 | 6D E7 B8 41 2B 87 25 43 59 02 00 00 28 28 64 00    1 | m..A+.%CY...((d.
      2 | 01 83 02 00 00 0A 00 00 00 00 08 00 00 00 00 00    2 | ................
      3 | 00 00 10 01 48 75 67 65 57 61 73 70 00 00 00 00    3 | ....HugeWasp....

NPC ID: 17219663
  Name: RockEater
  POLUtils_Name: Rock Eater
  Type: Simple NPC
  XYZR: 677.279, 21.905, 157.801, 87
  Mask: 00001111
        |  0  1  2  3  4  5  6  7  8  9  A  B  C  D  E  F      | 0123456789ABCDEF
    -----------------------------------------------------  ----------------------
      0 | 0E 22 2C 02 4F C0 06 01 4F 00 0F 57 DB 51 29 44    0 | .",.O...O..W.Q)D
      1 | 71 3D AF 41 0E CD 1D 43 92 01 00 00 28 28 64 00    1 | q=.A...C....((d.
      2 | 01 83 00 00 00 0C 00 00 00 00 00 00 00 00 00 00    2 | ................
      3 | 00 00 A8 01 52 6F 63 6B 45 61 74 65 72 00 00 00    3 | ....RockEater...
      4 | 00 00 00 00 -- -- -- -- -- -- -- -- -- -- -- --    4 | ....------------

NPC ID: 17219667
  Name: Ghost
  POLUtils_Name: Ghost
  Type: Simple NPC
  XYZR: 676.104, 24.309, 176.540, 205
  Mask: 00001111
        |  0  1  2  3  4  5  6  7  8  9  A  B  C  D  E  F      | 0123456789ABCDEF
    -----------------------------------------------------  ----------------------
      0 | 0E 20 2C 02 53 C0 06 01 53 00 0F CD A8 06 29 44    0 | . ,.S...S.....)D
      1 | D5 78 C2 41 3D 8A 30 43 CA 02 00 00 28 28 64 00    1 | .x.A=.0C....((d.
      2 | 07 83 00 00 00 08 00 00 00 00 00 00 00 00 00 00    2 | ................
      3 | 00 00 70 01 47 68 6F 73 74 00 00 00 00 00 00 00    3 | ..p.Ghost.......

NPC ID: 17219664
  Name: RockEater
  POLUtils_Name: Rock Eater
  Type: Simple NPC
  XYZR: 671.997, 23.792, 167.550, 67
  Mask: 00001111
        |  0  1  2  3  4  5  6  7  8  9  A  B  C  D  E  F      | 0123456789ABCDEF
    -----------------------------------------------------  ----------------------
      0 | 0E 22 0A 00 50 C0 06 01 50 00 0F 43 CF FF 27 44    0 | ."..P...P..C..'D
      1 | 04 56 BE 41 CD 8C 27 43 09 02 00 00 28 28 64 00    1 | .V.A..'C....((d.
      2 | 01 83 00 00 00 0C 00 00 00 00 00 00 00 00 00 00    2 | ................
      3 | 00 00 A8 01 52 6F 63 6B 45 61 74 65 72 00 00 00    3 | ....RockEater...
      4 | 00 00 00 00 -- -- -- -- -- -- -- -- -- -- -- --    4 | ....------------

NPC ID: 17220114
  Name: TreasureCasket
  POLUtils_Name: Treasure Casket
  Type: Simple NPC
  XYZR: 673.724, 22.958, 177.644, 110
  Mask: 00001111
        |  0  1  2  3  4  5  6  7  8  9  A  B  C  D  E  F      | 0123456789ABCDEF
    -----------------------------------------------------  ----------------------
      0 | 0E 24 0A 00 12 C2 06 01 12 02 0F 6E 56 6E 28 44    0 | .$.........nVn(D
      1 | FC A9 B7 41 DD A4 31 43 07 00 00 00 32 32 64 00    1 | ...A..1C....22d.
      2 | 02 03 00 00 00 00 00 00 00 00 04 04 00 00 00 00    2 | ................
      3 | 00 00 C6 03 54 72 65 61 73 75 72 65 43 61 73 6B    3 | ....TreasureCask
      4 | 65 74 00 00 00 00 00 00 -- -- -- -- -- -- -- --    4 | et......--------

NPC ID: 17219670
  Name: YoungQuadav
  POLUtils_Name: Young Quadav
  Type: Simple NPC
  XYZR: 585.246, 18.725, 143.514, 159
  Mask: 00001111
        |  0  1  2  3  4  5  6  7  8  9  A  B  C  D  E  F      | 0123456789ABCDEF
    -----------------------------------------------------  ----------------------
      0 | 0E 22 26 00 56 C0 06 01 56 00 0F 9F BE 4F 12 44    0 | ."&.V...V....O.D
      1 | CD CC 95 41 96 83 0F 43 39 03 00 00 28 28 64 00    1 | ...A...C9...((d.
      2 | 01 81 00 00 00 0C 00 00 00 00 00 00 00 00 00 00    2 | ................
      3 | 00 00 86 02 59 6F 75 6E 67 51 75 61 64 61 76 00    3 | ....YoungQuadav.
      4 | 00 00 00 00 -- -- -- -- -- -- -- -- -- -- -- --    4 | ....------------

NPC ID: 17222061
  Name: Carbuncle
  POLUtils_Name: Carbuncle
  Type: Simple NPC
  XYZR: 489.719, 22.972, 194.434, 133
  Mask: 00001111
        |  0  1  2  3  4  5  6  7  8  9  A  B  C  D  E  F      | 0123456789ABCDEF
    -----------------------------------------------------  ----------------------
      0 | 0E 22 43 00 AD C9 06 01 AD 08 0F 85 08 DC F4 43    0 | ."C............C
      1 | A8 C6 B7 41 1B 6F 42 43 15 00 00 00 9B 32 00 00    1 | ...A.oBC.....2..
      2 | 00 99 00 00 00 08 00 28 00 00 00 00 00 00 00 00    2 | .......(........
      3 | 00 00 10 00 43 61 72 62 75 6E 63 6C 65 00 00 00    3 | ....Carbuncle...
      4 | 00 00 00 00 -- -- -- -- -- -- -- -- -- -- -- --    4 | ....------------

NPC ID: 17219656
  Name: StrollingSapli
  POLUtils_Name: Strolling Sapling
  Type: Simple NPC
  XYZR: 484.329, 17.644, 180.472, 94
  Mask: 00001111
        |  0  1  2  3  4  5  6  7  8  9  A  B  C  D  E  F      | 0123456789ABCDEF
    -----------------------------------------------------  ----------------------
      0 | 0E 24 44 00 48 C0 06 01 48 00 0F 5E 1D 2A F2 43    0 | .$D.H...H..^.*.C
      1 | E9 26 8D 41 D5 78 34 43 55 00 00 00 28 28 64 00    1 | .&.A.x4CU...((d.
      2 | 01 83 00 00 00 0C 00 00 00 00 00 00 00 00 00 00    2 | ................
      3 | 00 00 88 01 53 74 72 6F 6C 6C 69 6E 67 53 61 70    3 | ....StrollingSap
      4 | 6C 69 00 00 00 00 00 00 -- -- -- -- -- -- -- --    4 | li......--------

NPC ID: 17219650
  Name: HugeWasp
  POLUtils_Name: Huge Wasp
  Type: Simple NPC
  XYZR: 462.756, 15.171, 155.949, 106
  Mask: 00001111
        |  0  1  2  3  4  5  6  7  8  9  A  B  C  D  E  F      | 0123456789ABCDEF
    -----------------------------------------------------  ----------------------
      0 | 0E 20 4B 00 42 C0 06 01 42 00 0F 6A C5 60 E7 43    0 | . K.B...B..j.`.C
      1 | 6A BC 72 41 F2 F2 1B 43 D5 01 00 00 28 28 64 00    1 | j.rA...C....((d.
      2 | 01 83 02 00 00 0A 00 00 00 00 08 00 00 00 00 00    2 | ................
      3 | 00 00 10 01 48 75 67 65 57 61 73 70 00 00 00 00    3 | ....HugeWasp....

NPC ID: 17219654
  Name: StrollingSapli
  POLUtils_Name: Strolling Sapling
  Type: Simple NPC
  XYZR: 444.990, 22.421, 193.839, 229
  Mask: 00001111
        |  0  1  2  3  4  5  6  7  8  9  A  B  C  D  E  F      | 0123456789ABCDEF
    -----------------------------------------------------  ----------------------
      0 | 0E 24 53 00 46 C0 06 01 46 00 0F E5 B8 7E DE 43    0 | .$S.F...F....~.C
      1 | 35 5E B3 41 C9 D6 41 43 FB 01 00 00 28 28 64 00    1 | 5^.A..AC....((d.
      2 | 01 83 00 00 00 0C 00 00 00 00 00 00 00 00 00 00    2 | ................
      3 | 00 00 88 01 53 74 72 6F 6C 6C 69 6E 67 53 61 70    3 | ....StrollingSap
      4 | 6C 69 00 00 00 00 00 00 -- -- -- -- -- -- -- --    4 | li......--------

NPC ID: 17219653
  Name: StrollingSapli
  POLUtils_Name: Strolling Sapling
  Type: Simple NPC
  XYZR: 410.756, 17.037, 151.333, 19
  Mask: 00001111
        |  0  1  2  3  4  5  6  7  8  9  A  B  C  D  E  F      | 0123456789ABCDEF
    -----------------------------------------------------  ----------------------
      0 | 0E 24 5B 00 45 C0 06 01 45 00 0F 13 C5 60 CD 43    0 | .$[.E...E....`.C
      1 | C7 4B 88 41 3F 55 17 43 92 01 00 00 28 28 64 00    1 | .K.A?U.C....((d.
      2 | 01 83 00 00 00 0C 00 00 00 00 00 00 00 00 00 00    2 | ................
      3 | 00 00 88 01 53 74 72 6F 6C 6C 69 6E 67 53 61 70    3 | ....StrollingSap
      4 | 6C 69 00 00 00 00 00 00 -- -- -- -- -- -- -- --    4 | li......--------

NPC ID: 17219652
  Name: StrollingSapli
  POLUtils_Name: Strolling Sapling
  Type: Simple NPC
  XYZR: 396.816, 16.222, 131.696, 96
  Mask: 00001111
        |  0  1  2  3  4  5  6  7  8  9  A  B  C  D  E  F      | 0123456789ABCDEF
    -----------------------------------------------------  ----------------------
      0 | 0E 24 61 00 44 C0 06 01 44 00 0F 60 73 68 C6 43    0 | .$a.D...D..`sh.C
      1 | A8 C6 81 41 2D B2 03 43 EA 02 00 00 28 28 64 00    1 | ...A-..C....((d.
      2 | 01 83 00 00 00 0C 00 00 00 00 00 00 00 00 00 00    2 | ................
      3 | 00 00 88 01 53 74 72 6F 6C 6C 69 6E 67 53 61 70    3 | ....StrollingSap
      4 | 6C 69 00 00 00 00 00 00 -- -- -- -- -- -- -- --    4 | li......--------

NPC ID: 17219647
  Name: HugeWasp
  POLUtils_Name: Huge Wasp
  Type: Simple NPC
  XYZR: 391.481, 17.584, 173.457, 145
  Mask: 00001111
        |  0  1  2  3  4  5  6  7  8  9  A  B  C  D  E  F      | 0123456789ABCDEF
    -----------------------------------------------------  ----------------------
      0 | 0E 20 61 00 3F C0 06 01 3F 00 0F 91 91 BD C3 43    0 | . a.?...?......C
      1 | 08 AC 8C 41 FE 74 2D 43 21 05 00 00 28 28 64 00    1 | ...A.t-C!...((d.
      2 | 01 83 02 00 00 0A 00 00 00 00 08 00 00 00 00 00    2 | ................
      3 | 00 00 10 01 48 75 67 65 57 61 73 70 00 00 00 00    3 | ....HugeWasp....

NPC ID: 17219644
  Name: MistLizard
  POLUtils_Name: Mist Lizard
  Type: Simple NPC
  XYZR: 383.399, 17.659, 116.357, 138
  Mask: 00001111
        |  0  1  2  3  4  5  6  7  8  9  A  B  C  D  E  F      | 0123456789ABCDEF
    -----------------------------------------------------  ----------------------
      0 | 0E 22 68 00 3C C0 06 01 3C 00 0F 8A 12 B3 BF 43    0 | ."h.<...<......C
      1 | A2 45 8D 41 C9 B6 E8 42 29 06 00 00 28 28 64 00    1 | .E.A...B)...((d.
      2 | 01 83 00 00 00 10 00 00 00 00 00 00 00 00 00 00    2 | ................
      3 | 00 00 48 01 4D 69 73 74 4C 69 7A 61 72 64 00 00    3 | ..H.MistLizard..
      4 | 00 00 00 00 -- -- -- -- -- -- -- -- -- -- -- --    4 | ....------------

NPC ID: 17219671
  Name: YoungQuadav
  POLUtils_Name: Young Quadav
  Type: Simple NPC
  XYZR: 301.947, 23.900, 112.466, 228
  Mask: 00001111
        |  0  1  2  3  4  5  6  7  8  9  A  B  C  D  E  F      | 0123456789ABCDEF
    -----------------------------------------------------  ----------------------
      0 | 0E 22 7E 00 57 C0 06 01 57 00 0F E4 37 F9 96 43    0 | ."~.W...W...7..C
      1 | 33 33 BF 41 98 EE E0 42 43 01 00 00 28 28 64 00    1 | 33.A...BC...((d.
      2 | 01 81 00 00 00 0C 00 00 00 00 00 00 00 00 00 00    2 | ................
      3 | 00 00 86 02 59 6F 75 6E 67 51 75 61 64 61 76 00    3 | ....YoungQuadav.
      4 | 00 00 00 00 -- -- -- -- -- -- -- -- -- -- -- --    4 | ....------------

NPC ID: 17220124
  Name: TreasureCasket
  POLUtils_Name: Treasure Casket
  Type: Simple NPC
  XYZR: 293.990, 23.993, 113.621, 163
  Mask: 00001111
        |  0  1  2  3  4  5  6  7  8  9  A  B  C  D  E  F      | 0123456789ABCDEF
    -----------------------------------------------------  ----------------------
      0 | 0E 24 80 00 1C C2 06 01 1C 02 0F A3 B8 FE 92 43    0 | .$.............C
      1 | AA F1 BF 41 F4 3D E3 42 07 00 00 00 32 32 64 00    1 | ...A.=.B....22d.
      2 | 02 03 08 00 00 00 00 00 00 00 04 0C 00 00 00 00    2 | ................
      3 | 00 00 C6 03 54 72 65 61 73 75 72 65 43 61 73 6B    3 | ....TreasureCask
      4 | 65 74 00 00 00 00 00 00 -- -- -- -- -- -- -- --    4 | et......--------

NPC ID: 17219646
  Name: MistLizard
  POLUtils_Name: Mist Lizard
  Type: Simple NPC
  XYZR: 281.607, 23.594, 125.813, 127
  Mask: 00001111
        |  0  1  2  3  4  5  6  7  8  9  A  B  C  D  E  F      | 0123456789ABCDEF
    -----------------------------------------------------  ----------------------
      0 | 0E 22 83 00 3E C0 06 01 3E 00 0F 7F B2 CD 8C 43    0 | ."..>...>......C
      1 | 83 C0 BC 41 42 A0 FB 42 C2 02 00 00 28 28 64 00    1 | ...AB..B....((d.
      2 | 01 83 00 00 00 10 00 00 00 00 00 00 00 00 00 00    2 | ................
      3 | 00 00 48 01 4D 69 73 74 4C 69 7A 61 72 64 00 00    3 | ..H.MistLizard..
      4 | 00 00 00 00 -- -- -- -- -- -- -- -- -- -- -- --    4 | ....------------

NPC ID: 17219651
  Name: StrollingSapli
  POLUtils_Name: Strolling Sapling
  Type: Simple NPC
  XYZR: 271.233, 23.592, 129.662, 2
  Mask: 00001111
        |  0  1  2  3  4  5  6  7  8  9  A  B  C  D  E  F      | 0123456789ABCDEF
    -----------------------------------------------------  ----------------------
      0 | 0E 24 86 00 43 C0 06 01 43 00 0F 02 D3 9D 87 43    0 | .$..C...C......C
      1 | 6A BC BC 41 79 A9 01 43 89 03 00 00 28 28 64 00    1 | j..Ay..C....((d.
      2 | 01 83 00 00 00 0C 00 00 00 00 00 00 00 00 00 00    2 | ................
      3 | 00 00 88 01 53 74 72 6F 6C 6C 69 6E 67 53 61 70    3 | ....StrollingSap
      4 | 6C 69 00 00 00 00 00 00 -- -- -- -- -- -- -- --    4 | li......--------

NPC ID: 17219678
  Name: SkeletonWarrio
  POLUtils_Name: Skeleton Warrior
  Type: Simple NPC
  XYZR: 267.561, 23.635, 139.408, 208
  Mask: 00001111
        |  0  1  2  3  4  5  6  7  8  9  A  B  C  D  E  F      | 0123456789ABCDEF
    -----------------------------------------------------  ----------------------
      0 | 0E 24 87 00 5E C0 06 01 5E 00 0F D0 CF C7 85 43    0 | .$..^...^......C
      1 | 7B 14 BD 41 73 68 0B 43 E7 03 00 00 28 28 64 00    1 | {..Ash.C....((d.
      2 | 07 83 00 00 00 0C 00 00 00 00 00 00 00 00 00 00    2 | ................
      3 | 00 00 3C 02 53 6B 65 6C 65 74 6F 6E 57 61 72 72    3 | ..<.SkeletonWarr
      4 | 69 6F 00 00 00 00 00 00 -- -- -- -- -- -- -- --    4 | io......--------

NPC ID: 17220139
  Name: DimensionalPor
  POLUtils_Name: Dimensional Portal
  Type: Simple NPC
  XYZR: 220.000, 19.104, 140.000, 0
  Mask: 00001111
        |  0  1  2  3  4  5  6  7  8  9  A  B  C  D  E  F      | 0123456789ABCDEF
    -----------------------------------------------------  ----------------------
      0 | 0E 24 96 00 2B C2 06 01 2B 02 0F 00 00 00 5C 43    0 | .$..+...+.....\\C
      1 | FE D4 98 41 00 00 0C 43 01 00 00 00 32 32 64 00    1 | ...A...C....22d.
      2 | 00 03 00 00 00 00 00 00 00 00 00 60 00 00 00 00    2 | ...........`....
      3 | 00 00 3B 05 44 69 6D 65 6E 73 69 6F 6E 61 6C 50    3 | ..;.DimensionalP
      4 | 6F 72 00 00 00 00 00 00 -- -- -- -- -- -- -- --    4 | or......--------

NPC ID: 17219863
  Name: HugeWasp
  POLUtils_Name: Huge Wasp
  Type: Simple NPC
  XYZR: 148.597, 23.992, 124.399, 6
  Mask: 00001111
        |  0  1  2  3  4  5  6  7  8  9  A  B  C  D  E  F      | 0123456789ABCDEF
    -----------------------------------------------------  ----------------------
      0 | 0E 20 AD 00 17 C1 06 01 17 01 0F 06 D5 98 14 43    0 | . .............C
      1 | 9E EF BF 41 4A CC F8 42 9E 04 00 00 28 28 64 00    1 | ...AJ..B....((d.
      2 | 01 83 02 00 00 0A 00 00 00 00 08 00 00 00 00 00    2 | ................
      3 | 00 00 10 01 48 75 67 65 57 61 73 70 00 00 00 00    3 | ....HugeWasp....

NPC ID: 17220202
  Name: Smile Helper
  POLUtils_Name: Smile Helper
  Type: Equipped NPC
  XYZR: 126.969, 24.622, 146.349, 82
  Mask: 01010111
        |  0  1  2  3  4  5  6  7  8  9  A  B  C  D  E  F      | 0123456789ABCDEF
    -----------------------------------------------------  ----------------------
      0 | 0E 2A B5 00 6A C2 06 01 6A 02 57 52 21 F0 FD 42    0 | .*..j...j.WR!..B
      1 | DB F9 C4 41 58 59 12 43 01 00 00 00 32 32 64 00    1 | ...AXY.C....22d.
      2 | 02 03 00 00 00 00 00 00 00 00 01 00 00 00 00 00    2 | ................
      3 | 01 00 07 06 38 10 69 20 00 30 67 40 68 50 00 60    3 | ....8.i .0g@hP.`
      4 | 00 70 00 00 00 00 00 00 00 00 00 00 00 00 00 00    4 | .p..............
      5 | 00 00 00 00 -- -- -- -- -- -- -- -- -- -- -- --    5 | ....------------

NPC ID: 17219891
  Name: OnyxQuadav
  POLUtils_Name: Onyx Quadav
  Type: Simple NPC
  XYZR: 128.784, 23.550, 160.414, 7
  Mask: 00001111
        |  0  1  2  3  4  5  6  7  8  9  A  B  C  D  E  F      | 0123456789ABCDEF
    -----------------------------------------------------  ----------------------
      0 | 0E 22 B6 00 33 C1 06 01 33 01 0F 07 B4 C8 00 43    0 | ."..3...3......C
      1 | 66 66 BC 41 FC 69 20 43 F2 03 00 00 28 28 64 00    1 | ff.A.i C....((d.
      2 | 01 83 04 00 00 0F 00 00 00 00 00 00 00 00 00 00    2 | ................
      3 | 00 00 98 02 4F 6E 79 78 51 75 61 64 61 76 00 00    3 | ....OnyxQuadav..
      4 | 00 00 00 00 -- -- -- -- -- -- -- -- -- -- -- --    4 | ....------------

NPC ID: 17219861
  Name: MistLizard
  POLUtils_Name: Mist Lizard
  Type: Simple NPC
  XYZR: 130.083, 22.951, 116.913, 155
  Mask: 00001111
        |  0  1  2  3  4  5  6  7  8  9  A  B  C  D  E  F      | 0123456789ABCDEF
    -----------------------------------------------------  ----------------------
      0 | 0E 22 B9 00 15 C1 06 01 15 01 0F 9B 3F 15 02 43    0 | ."..........?..C
      1 | A6 9B B7 41 75 D3 E9 42 EA 02 00 00 28 28 64 00    1 | ...Au..B....((d.
      2 | 01 83 00 00 00 10 00 00 00 00 00 00 00 00 00 00    2 | ................
      3 | 00 00 48 01 4D 69 73 74 4C 69 7A 61 72 64 00 00    3 | ..H.MistLizard..
      4 | 00 00 00 00 -- -- -- -- -- -- -- -- -- -- -- --    4 | ....------------

NPC ID: 17220118
  Name: TreasureCasket
  POLUtils_Name: Treasure Casket
  Type: Simple NPC
  XYZR: 121.623, 23.597, 198.872, 74
  Mask: 00001111
        |  0  1  2  3  4  5  6  7  8  9  A  B  C  D  E  F      | 0123456789ABCDEF
    -----------------------------------------------------  ----------------------
      0 | 0E 24 BE 00 16 C2 06 01 16 02 0F 4A FA 3E F3 42    0 | .$.........J.>.B
      1 | A8 C6 BC 41 3B DF 46 43 06 00 00 00 32 32 64 00    1 | ...A;.FC....22d.
      2 | 02 03 00 00 00 00 00 00 00 00 04 04 00 00 00 00    2 | ................
      3 | 00 00 C6 03 54 72 65 61 73 75 72 65 43 61 73 6B    3 | ....TreasureCask
      4 | 65 74 00 00 00 00 00 00 -- -- -- -- -- -- -- --    4 | et......--------

NPC ID: 17220140
  Name: ShatteredTelep
  POLUtils_Name: Shattered Telepoint
  Type: Simple NPC
  XYZR: 140.000, 19.104, 220.000, 0
  Mask: 00001111
        |  0  1  2  3  4  5  6  7  8  9  A  B  C  D  E  F      | 0123456789ABCDEF
    -----------------------------------------------------  ----------------------
      0 | 0E 24 C1 00 2C C2 06 01 2C 02 0F 00 00 00 0C 43    0 | .$..,...,......C
      1 | FE D4 98 41 00 00 5C 43 01 00 00 00 32 32 64 00    1 | ...A..\\C....22d.
      2 | 00 03 00 00 00 00 00 00 00 00 00 00 00 00 00 00    2 | ................
      3 | 00 00 39 00 53 68 61 74 74 65 72 65 64 54 65 6C    3 | ..9.ShatteredTel
      4 | 65 70 00 00 00 00 00 00 -- -- -- -- -- -- -- --    4 | ep......--------

NPC ID: 17220159
  Name: Cid
  POLUtils_Name: Cid
  Type: Simple NPC
  XYZR: 119.068, 24.803, 223.917, 121
  Mask: 00001111
        |  0  1  2  3  4  5  6  7  8  9  A  B  C  D  E  F      | 0123456789ABCDEF
    -----------------------------------------------------  ----------------------
      0 | 0E 1E C4 00 3F C2 06 01 3F 02 0F 79 D1 22 EE 42    0 | ....?...?..y.".B
      1 | 8B 6C C6 41 C1 EA 5F 43 01 00 00 00 32 32 64 00    1 | .l.A.._C....22d.
      2 | 02 1B 00 00 00 00 00 20 00 00 00 00 00 00 00 00    2 | ....... ........
      3 | 00 00 3F 00 43 69 64 00 00 00 00 00 -- -- -- --    3 | ..?.Cid.....----

NPC ID: 17220108
  Name: ???
  POLUtils_Name: ???
  Type: Simple NPC
  XYZR: 141.024, 24.178, 248.831, 0
  Mask: 00001111
        |  0  1  2  3  4  5  6  7  8  9  A  B  C  D  E  F      | 0123456789ABCDEF
    -----------------------------------------------------  ----------------------
      0 | 0E 1E CC 00 0C C2 06 01 0C 02 0F 00 25 06 0D 43    0 | ............%..C
      1 | 8B 6C C1 41 BC D4 78 43 07 00 00 00 32 32 64 00    1 | .l.A..xC....22d.
      2 | 00 03 00 00 00 00 00 00 00 00 00 00 00 00 00 00    2 | ................
      3 | 00 00 34 00 3F 3F 3F 00 00 00 00 00 -- -- -- --    3 | ..4.???.....----

NPC ID: 17219869
  Name: StrollingSapli
  POLUtils_Name: Strolling Sapling
  Type: Simple NPC
  XYZR: 101.161, 23.747, 249.324, 100
  Mask: 00001111
        |  0  1  2  3  4  5  6  7  8  9  A  B  C  D  E  F      | 0123456789ABCDEF
    -----------------------------------------------------  ----------------------
      0 | 0E 24 CE 00 1D C1 06 01 1D 01 0F 64 6F 52 CA 42    0 | .$.........doR.B
      1 | DB F9 BD 41 F2 52 79 43 A3 03 00 00 28 28 64 00    1 | ...A.RyC....((d.
      2 | 01 83 00 00 00 0C 00 00 00 00 00 00 00 00 00 00    2 | ................
      3 | 00 00 88 01 53 74 72 6F 6C 6C 69 6E 67 53 61 70    3 | ....StrollingSap
      4 | 6C 69 00 00 00 00 00 00 -- -- -- -- -- -- -- --    4 | li......--------

NPC ID: 17219870
  Name: StrollingSapli
  POLUtils_Name: Strolling Sapling
  Type: Simple NPC
  XYZR: 80.397, 23.696, 228.309, 221
  Mask: 00001111
        |  0  1  2  3  4  5  6  7  8  9  A  B  C  D  E  F      | 0123456789ABCDEF
    -----------------------------------------------------  ----------------------
      0 | 0E 24 CE 00 1E C1 06 01 1E 01 0F DD 44 CB A0 42    0 | .$..........D..B
      1 | 68 91 BD 41 1B 4F 64 43 39 03 00 00 28 28 64 00    1 | h..A.OdC9...((d.
      2 | 01 83 00 00 00 0C 00 00 00 00 00 00 00 00 00 00    2 | ................
      3 | 00 00 88 01 53 74 72 6F 6C 6C 69 6E 67 53 61 70    3 | ....StrollingSap
      4 | 6C 69 00 00 00 00 00 00 -- -- -- -- -- -- -- --    4 | li......--------

NPC ID: 17219885
  Name: TremorRam
  POLUtils_Name: Tremor Ram
  Type: Simple NPC
  XYZR: 142.832, 23.535, 252.756, 225
  Mask: 00001111
        |  0  1  2  3  4  5  6  7  8  9  A  B  C  D  E  F      | 0123456789ABCDEF
    -----------------------------------------------------  ----------------------
      0 | 0E 22 D0 00 2D C1 06 01 2D 01 0F E1 FE D4 0E 43    0 | ."..-...-......C
      1 | AE 47 BC 41 89 C1 7C 43 72 05 00 00 28 28 00 03    1 | .G.A..|Cr...((..
      2 | 07 81 00 00 00 23 00 00 00 00 00 00 E2 88 06 00    2 | .....#..........
      3 | 00 00 58 01 54 72 65 6D 6F 72 52 61 6D 00 00 00    3 | ..X.TremorRam...
      4 | 00 00 00 00 -- -- -- -- -- -- -- -- -- -- -- --    4 | ....------------

NPC ID: 17219860
  Name: MistLizard
  POLUtils_Name: Mist Lizard
  Type: Simple NPC
  XYZR: 73.834, 23.696, 228.460, 236
  Mask: 00001111
        |  0  1  2  3  4  5  6  7  8  9  A  B  C  D  E  F      | 0123456789ABCDEF
    -----------------------------------------------------  ----------------------
      0 | 0E 22 D0 00 14 C1 06 01 14 01 0F EC 02 AB 93 42    0 | .".............B
      1 | 68 91 BD 41 C3 75 64 43 BB 05 00 00 28 28 64 00    1 | h..A.udC....((d.
      2 | 01 83 00 00 00 10 00 00 00 00 00 00 00 00 00 00    2 | ................
      3 | 00 00 48 01 4D 69 73 74 4C 69 7A 61 72 64 00 00    3 | ..H.MistLizard..
      4 | 00 00 00 00 -- -- -- -- -- -- -- -- -- -- -- --    4 | ....------------

NPC ID: 17219998
  Name: GoblinArchaeol
  POLUtils_Name: Goblin Archaeologist
  Type: Simple NPC
  XYZR: 122.162, 24.257, 259.410, 82
  Mask: 00001111
        |  0  1  2  3  4  5  6  7  8  9  A  B  C  D  E  F      | 0123456789ABCDEF
    -----------------------------------------------------  ----------------------
      0 | 0E 24 D1 00 9E C1 06 01 9E 01 0F 52 F2 52 F4 42    0 | .$.........R.R.B
      1 | 56 0E C2 41 7B B4 81 43 DD 03 00 00 28 28 00 03    1 | V..A{..C....((..
      2 | 07 85 00 00 00 0D 00 00 00 00 00 00 D0 71 00 00    2 | .............q..
      3 | 00 00 A3 02 47 6F 62 6C 69 6E 41 72 63 68 61 65    3 | ....GoblinArchae
      4 | 6F 6C 00 00 00 00 00 00 -- -- -- -- -- -- -- --    4 | ol......--------

