NPC ID: 16875882
  Name: Travonce
  POLUtils_Name: Travonce
  Type: Equipped NPC
  XYZR: -397.880, -0.314, -220.872, 9
  Mask: 01010111
        |  0  1  2  3  4  5  6  7  8  9  A  B  C  D  E  F      | 0123456789ABCDEF
    -----------------------------------------------------  ----------------------
      0 | 0E 28 0C 00 6A 81 01 01 6A 01 57 09 A4 F0 C6 C3    0 | .(..j...j.W.....
      1 | 9C C4 A0 BE 3B DF 5C C3 06 00 00 00 32 32 64 00    1 | ....;.\\.....22d.
      2 | 02 1B 00 00 00 00 00 20 00 00 00 00 00 00 00 00    2 | ....... ........
      3 | 01 00 0E 03 00 10 69 20 67 30 66 40 68 50 00 60    3 | ......i g0f@hP.`
      4 | 00 70 00 00 00 00 00 00 00 00 00 00 00 00 00 00    4 | .p..............

NPC ID: 16878012
  Name: X-32
  POLUtils_Name: X-32
  Type: Simple NPC
  XYZR: -381.276, -6.149, -233.090, 39
  Mask: 00001111
        |  0  1  2  3  4  5  6  7  8  9  A  B  C  D  E  F      | 0123456789ABCDEF
    -----------------------------------------------------  ----------------------
      0 | 0E 1E 0E 00 BC 89 01 01 BC 08 0F 27 54 A3 BE C3    0 | ...........'T...
      1 | 9C C4 C4 C0 0A 17 69 C3 29 01 00 00 9B 32 64 00    1 | ......i.)....2d.
      2 | 00 99 00 00 00 08 00 28 00 01 00 00 00 00 00 00    2 | .......(........
      3 | 06 00 DA 07 58 2D 33 32 00 00 00 00 -- -- -- --    3 | ....X-32....----

NPC ID: 16875533
  Name: MinerBee
  POLUtils_Name: Miner Bee
  Type: Simple NPC
  XYZR: -291.085, -8.032, -249.492, 82
  Mask: 00001111
        |  0  1  2  3  4  5  6  7  8  9  A  B  C  D  E  F      | 0123456789ABCDEF
    -----------------------------------------------------  ----------------------
      0 | 0E 20 1B 00 0D 80 01 01 0D 00 0F 52 E1 8A 91 C3    0 | . .........R....
      1 | 12 83 00 C1 F4 7D 79 C3 3F 02 00 00 28 28 64 00    1 | .....}y.?...((d.
      2 | 01 83 02 00 00 0A 00 00 00 00 08 00 00 00 00 00    2 | ................
      3 | 00 00 10 01 4D 69 6E 65 72 42 65 65 00 00 00 00    3 | ....MinerBee....

NPC ID: 16875535
  Name: MinerBee
  POLUtils_Name: Miner Bee
  Type: Simple NPC
  XYZR: -290.336, -8.022, -250.843, 114
  Mask: 00001111
        |  0  1  2  3  4  5  6  7  8  9  A  B  C  D  E  F      | 0123456789ABCDEF
    -----------------------------------------------------  ----------------------
      0 | 0E 20 1B 00 0F 80 01 01 0F 00 0F 72 02 2B 91 C3    0 | . .........r.+..
      1 | 1D 5A 00 C1 CF D7 7A C3 51 01 00 00 28 28 64 00    1 | .Z....z.Q...((d.
      2 | 01 83 02 00 00 0A 00 00 00 00 08 00 00 00 00 00    2 | ................
      3 | 00 00 10 01 4D 69 6E 65 72 42 65 65 00 00 00 00    3 | ....MinerBee....

NPC ID: 16875534
  Name: MinerBee
  POLUtils_Name: Miner Bee
  Type: Simple NPC
  XYZR: -280.467, -7.732, -250.258, 132
  Mask: 00001111
        |  0  1  2  3  4  5  6  7  8  9  A  B  C  D  E  F      | 0123456789ABCDEF
    -----------------------------------------------------  ----------------------
      0 | 0E 20 1E 00 0E 80 01 01 0E 00 0F 84 C7 3B 8C C3    0 | . ...........;..
      1 | 8B 6C F7 C0 0C 42 7A C3 79 01 00 00 28 28 64 00    1 | .l...Bz.y...((d.
      2 | 01 83 02 00 00 0A 00 00 00 00 08 00 00 00 00 00    2 | ................
      3 | 00 00 10 01 4D 69 6E 65 72 42 65 65 00 00 00 00    3 | ....MinerBee....

NPC ID: 16875536
  Name: TavnazianSheep
  POLUtils_Name: Tavnazian Sheep
  Type: Simple NPC
  XYZR: -275.452, -7.099, -273.140, 210
  Mask: 00001111
        |  0  1  2  3  4  5  6  7  8  9  A  B  C  D  E  F      | 0123456789ABCDEF
    -----------------------------------------------------  ----------------------
      0 | 0E 24 25 00 10 80 01 01 10 00 0F D2 DB B9 89 C3    0 | .$%.............
      1 | 02 2B E3 C0 EC 91 88 C3 C1 01 00 00 28 28 64 00    1 | .+..........((d.
      2 | 01 83 00 00 00 18 00 00 00 00 10 00 00 00 00 00    2 | ................
      3 | 00 00 54 01 54 61 76 6E 61 7A 69 61 6E 53 68 65    3 | ..T.TavnazianShe
      4 | 65 70 00 00 00 00 00 00 -- -- -- -- -- -- -- --    4 | ep......--------

NPC ID: 16875526
  Name: Asrai
  POLUtils_Name: Asrai
  Type: Simple NPC
  XYZR: -236.403, -2.024, -218.073, 106
  Mask: 00001111
        |  0  1  2  3  4  5  6  7  8  9  A  B  C  D  E  F      | 0123456789ABCDEF
    -----------------------------------------------------  ----------------------
      0 | 0E 20 32 00 06 80 01 01 06 00 0F 6A 2B 67 6C C3    0 | . 2........j+gl.
      1 | 37 89 01 C0 B0 12 5A C3 EA 1A 00 00 28 28 00 03    1 | 7.....Z.....((..
      2 | 07 9B 04 00 00 0C 00 20 00 00 00 00 2B F6 09 00    2 | ....... ....+...
      3 | 00 00 41 05 41 73 72 61 69 00 00 00 00 00 00 00    3 | ..A.Asrai.......

NPC ID: 16875537
  Name: MinerBee
  POLUtils_Name: Miner Bee
  Type: Simple NPC
  XYZR: -201.345, -6.888, -205.265, 157
  Mask: 00001111
        |  0  1  2  3  4  5  6  7  8  9  A  B  C  D  E  F      | 0123456789ABCDEF
    -----------------------------------------------------  ----------------------
      0 | 0E 20 3E 00 11 80 01 01 11 00 0F 9D 52 58 49 C3    0 | . >.........RXI.
      1 | 7F 6A DC C0 D7 43 4D C3 DA 00 00 00 28 28 64 00    1 | .j...CM.....((d.
      2 | 01 83 02 00 00 0A 00 00 00 00 08 00 00 00 00 00    2 | ................
      3 | 00 00 10 01 4D 69 6E 65 72 42 65 65 00 00 00 00    3 | ....MinerBee....

NPC ID: 16875539
  Name: MinerBee
  POLUtils_Name: Miner Bee
  Type: Simple NPC
  XYZR: -170.657, -6.495, -183.435, 244
  Mask: 00001111
        |  0  1  2  3  4  5  6  7  8  9  A  B  C  D  E  F      | 0123456789ABCDEF
    -----------------------------------------------------  ----------------------
      0 | 0E 20 49 00 13 80 01 01 13 00 0F F4 31 A8 2A C3    0 | . I.........1.*.
      1 | 0A D7 CF C0 5C 6F 37 C3 21 00 00 00 28 28 64 00    1 | ....\\o7.!...((d.
      2 | 01 83 02 00 00 0A 00 00 00 00 08 00 00 00 00 00    2 | ................
      3 | 00 00 10 01 4D 69 6E 65 72 42 65 65 00 00 00 00    3 | ....MinerBee....

NPC ID: 16875538
  Name: MinerBee
  POLUtils_Name: Miner Bee
  Type: Simple NPC
  XYZR: -162.067, -6.617, -180.569, 117
  Mask: 00001111
        |  0  1  2  3  4  5  6  7  8  9  A  B  C  D  E  F      | 0123456789ABCDEF
    -----------------------------------------------------  ----------------------
      0 | 0E 20 4C 00 12 80 01 01 12 00 0F 75 27 11 22 C3    0 | . L........u'.".
      1 | 77 BE D3 C0 AA 91 34 C3 D5 01 00 00 28 28 64 00    1 | w.....4.....((d.
      2 | 01 83 02 00 00 0A 00 00 00 00 08 00 00 00 00 00    2 | ................
      3 | 00 00 10 01 4D 69 6E 65 72 42 65 65 00 00 00 00    3 | ....MinerBee....

NPC ID: 16875540
  Name: Bugard
  POLUtils_Name: Bugard
  Type: Simple NPC
  XYZR: -101.917, -7.637, -163.323, 172
  Mask: 00001111
        |  0  1  2  3  4  5  6  7  8  9  A  B  C  D  E  F      | 0123456789ABCDEF
    -----------------------------------------------------  ----------------------
      0 | 0E 20 60 00 14 80 01 01 14 00 0F AC 81 D5 CB C2    0 | . `.............
      1 | 4E 62 F4 C0 B0 52 23 C3 E2 01 00 00 3C 3C 64 00    1 | Nb...R#.....<<d.
      2 | 01 83 00 00 00 0C 00 00 00 00 00 00 00 00 00 00    2 | ................
      3 | 00 00 47 05 42 75 67 61 72 64 00 00 00 00 00 00    3 | ..G.Bugard......

NPC ID: 16875541
  Name: TavnazianSheep
  POLUtils_Name: Tavnazian Sheep
  Type: Simple NPC
  XYZR: -97.046, -7.818, -167.690, 24
  Mask: 00001111
        |  0  1  2  3  4  5  6  7  8  9  A  B  C  D  E  F      | 0123456789ABCDEF
    -----------------------------------------------------  ----------------------
      0 | 0E 24 61 00 15 80 01 01 15 00 0F 18 8D 17 C2 C2    0 | .$a.............
      1 | 0E 2D FA C0 A4 B0 27 C3 51 01 00 00 28 28 00 02    1 | .-....'.Q...((..
      2 | 07 83 00 00 00 18 00 00 00 00 10 00 4E CF 08 00    2 | ............N...
      3 | 00 00 54 01 54 61 76 6E 61 7A 69 61 6E 53 68 65    3 | ..T.TavnazianShe
      4 | 65 70 00 00 00 00 00 00 -- -- -- -- -- -- -- --    4 | ep......--------

NPC ID: 16875783
  Name: Abununnu
  POLUtils_Name: Abununnu
  Type: Simple NPC
  XYZR: -74.088, -7.505, -192.813, 237
  Mask: 00001111
        |  0  1  2  3  4  5  6  7  8  9  A  B  C  D  E  F      | 0123456789ABCDEF
    -----------------------------------------------------  ----------------------
      0 | 0E 20 6C 00 07 81 01 01 07 01 0F ED 0E 2D 94 C2    0 | . l..........-..
      1 | F6 28 F0 C0 21 D0 40 C3 E8 05 00 00 46 46 00 03    1 | .(..!.@.....FF..
      2 | 07 9F 04 00 00 19 60 20 20 00 00 00 B0 FB 03 00    2 | ......`  .......
      3 | 00 00 09 08 41 62 75 6E 75 6E 6E 75 00 00 00 00    3 | ....Abununnu....

NPC ID: 16875784
  Name: GloamServitor
  POLUtils_Name: Gloam Servitor
  Type: Simple NPC
  XYZR: -73.198, -7.504, -193.983, 232
  Mask: 00001111
        |  0  1  2  3  4  5  6  7  8  9  A  B  C  D  E  F      | 0123456789ABCDEF
    -----------------------------------------------------  ----------------------
      0 | 0E 24 6C 00 08 81 01 01 08 01 0F E8 60 65 92 C2    0 | .$l.........`e..
      1 | C5 20 F0 C0 A6 FB 41 C3 F5 05 00 00 46 46 00 03    1 | . ....A.....FF..
      2 | 07 83 00 00 00 11 60 00 00 00 00 00 00 00 00 00    2 | ......`.........
      3 | 00 00 E4 02 47 6C 6F 61 6D 53 65 72 76 69 74 6F    3 | ....GloamServito
      4 | 72 00 00 00 00 00 00 00 -- -- -- -- -- -- -- --    4 | r.......--------

NPC ID: 16875785
  Name: GloamServitor
  POLUtils_Name: Gloam Servitor
  Type: Simple NPC
  XYZR: -72.793, -7.507, -195.341, 218
  Mask: 00001111
        |  0  1  2  3  4  5  6  7  8  9  A  B  C  D  E  F      | 0123456789ABCDEF
    -----------------------------------------------------  ----------------------
      0 | 0E 24 6D 00 09 81 01 01 09 01 0F DA 04 96 91 C2    0 | .$m.............
      1 | 58 39 F0 C0 4C 57 43 C3 F5 05 00 00 46 46 00 03    1 | X9..LWC.....FF..
      2 | 07 83 00 00 00 11 60 00 00 00 00 00 00 00 00 00    2 | ......`.........
      3 | 00 00 E5 02 47 6C 6F 61 6D 53 65 72 76 69 74 6F    3 | ....GloamServito
      4 | 72 00 00 00 00 00 00 00 -- -- -- -- -- -- -- --    4 | r.......--------

NPC ID: 16875914
  Name: RiftwornPyxis
  POLUtils_Name: Riftworn Pyxis
  Type: Simple NPC
  XYZR: -68.900, -7.000, -193.000, 0
  Mask: 00001111
        |  0  1  2  3  4  5  6  7  8  9  A  B  C  D  E  F      | 0123456789ABCDEF
    -----------------------------------------------------  ----------------------
      0 | 0E 24 6D 00 8A 81 01 01 8A 01 0F 00 CD CC 89 C2    0 | .$m.............
      1 | 00 00 E0 C0 00 00 41 C3 01 00 00 00 32 32 64 00    1 | ......A.....22d.
      2 | 02 03 00 00 00 00 00 02 A0 00 04 64 00 00 00 00    2 | ...........d....
      3 | 00 00 C9 03 52 69 66 74 77 6F 72 6E 50 79 78 69    3 | ....RiftwornPyxi
      4 | 73 00 00 00 00 00 00 00 -- -- -- -- -- -- -- --    4 | s.......--------

NPC ID: 16875911
  Name: PlanarRift
  POLUtils_Name: Planar Rift
  Type: Simple NPC
  XYZR: -69.000, -7.000, -193.000, 0
  Mask: 00001111
        |  0  1  2  3  4  5  6  7  8  9  A  B  C  D  E  F      | 0123456789ABCDEF
    -----------------------------------------------------  ----------------------
      0 | 0E 22 6D 00 87 81 01 01 87 01 0F 00 00 00 8A C2    0 | ."m.............
      1 | 00 00 E0 C0 00 00 41 C3 01 00 00 00 32 32 64 00    1 | ......A.....22d.
      2 | 00 03 00 00 00 00 00 02 A0 00 05 64 00 00 00 00    2 | ...........d....
      3 | 00 00 6F 09 50 6C 61 6E 61 72 52 69 66 74 00 00    3 | ..o.PlanarRift..
      4 | 00 00 00 00 -- -- -- -- -- -- -- -- -- -- -- --    4 | ....------------

NPC ID: 16875550
  Name: TavnazianSheep
  POLUtils_Name: Tavnazian Sheep
  Type: Simple NPC
  XYZR: -76.372, -8.452, -203.874, 121
  Mask: 00001111
        |  0  1  2  3  4  5  6  7  8  9  A  B  C  D  E  F      | 0123456789ABCDEF
    -----------------------------------------------------  ----------------------
      0 | 0E 24 6E 00 1E 80 01 01 1E 00 0F 79 77 BE 98 C2    0 | .$n........yw...
      1 | 64 3B 07 C1 BE DF 4B C3 BA 01 00 00 28 28 64 00    1 | d;....K.....((d.
      2 | 01 83 00 00 00 18 00 00 00 00 10 00 00 00 00 00    2 | ................
      3 | 00 00 54 01 54 61 76 6E 61 7A 69 61 6E 53 68 65    3 | ..T.TavnazianShe
      4 | 65 70 00 00 00 00 00 00 -- -- -- -- -- -- -- --    4 | ep......--------

NPC ID: 16875547
  Name: OrcishNightrai
  POLUtils_Name: Orcish Nightraider
  Type: Simple NPC
  XYZR: -44.183, -8.416, -200.489, 14
  Mask: 00001111
        |  0  1  2  3  4  5  6  7  8  9  A  B  C  D  E  F      | 0123456789ABCDEF
    -----------------------------------------------------  ----------------------
      0 | 0E 24 75 00 1B 80 01 01 1B 00 0F 0E 64 BB 30 C2    0 | .$u.........d.0.
      1 | F0 A7 06 C1 2F 7D 48 C3 23 02 00 00 28 28 64 00    1 | ..../}H.#...((d.
      2 | 01 83 04 00 00 0F 00 00 00 00 00 00 00 00 00 00    2 | ................
      3 | 00 00 6B 02 4F 72 63 69 73 68 4E 69 67 68 74 72    3 | ..k.OrcishNightr
      4 | 61 69 00 00 00 00 00 00 -- -- -- -- -- -- -- --    4 | ai......--------

NPC ID: 16875549
  Name: TavnazianSheep
  POLUtils_Name: Tavnazian Sheep
  Type: Simple NPC
  XYZR: -66.583, -7.644, -221.918, 60
  Mask: 00001111
        |  0  1  2  3  4  5  6  7  8  9  A  B  C  D  E  F      | 0123456789ABCDEF
    -----------------------------------------------------  ----------------------
      0 | 0E 24 76 00 1D 80 01 01 1D 00 0F 3C 7F 2A 85 C2    0 | .$v........<.*..
      1 | A6 9B F4 C0 02 EB 5D C3 8D 01 00 00 28 28 64 00    1 | ......].....((d.
      2 | 01 83 00 00 00 18 00 00 00 00 10 00 00 00 00 00    2 | ................
      3 | 00 00 54 01 54 61 76 6E 61 7A 69 61 6E 53 68 65    3 | ..T.TavnazianShe
      4 | 65 70 00 00 00 00 00 00 -- -- -- -- -- -- -- --    4 | ep......--------

NPC ID: 16875555
  Name: TavnazianSheep
  POLUtils_Name: Tavnazian Sheep
  Type: Simple NPC
  XYZR: -8.105, -7.950, -187.415, 82
  Mask: 00001111
        |  0  1  2  3  4  5  6  7  8  9  A  B  C  D  E  F      | 0123456789ABCDEF
    -----------------------------------------------------  ----------------------
      0 | 0E 24 80 00 23 80 01 01 23 00 0F 52 14 AE 01 C1    0 | .$..#...#..R....
      1 | 66 66 FE C0 3D 6A 3B C3 79 01 00 00 28 28 00 02    1 | ff..=j;.y...((..
      2 | 07 83 00 00 00 18 00 00 00 00 10 00 DF 6C 09 00    2 | .............l..
      3 | 00 00 54 01 54 61 76 6E 61 7A 69 61 6E 53 68 65    3 | ..T.TavnazianShe
      4 | 65 70 00 00 00 00 00 00 -- -- -- -- -- -- -- --    4 | ep......--------

NPC ID: 16875546
  Name: OrcishBeastrid
  POLUtils_Name: Orcish Beastrider
  Type: Simple NPC
  XYZR: -52.278, -8.049, -246.281, 125
  Mask: 00001111
        |  0  1  2  3  4  5  6  7  8  9  A  B  C  D  E  F      | 0123456789ABCDEF
    -----------------------------------------------------  ----------------------
      0 | 0E 24 80 00 1A 80 01 01 1A 00 0F 7D AC 1C 51 C2    0 | .$.........}..Q.
      1 | B4 C8 00 C1 F0 47 76 C3 29 01 00 00 28 28 64 00    1 | .....Gv.)...((d.
      2 | 01 83 04 00 00 0F 00 00 00 00 00 00 00 00 00 00    2 | ................
      3 | 00 00 76 02 4F 72 63 69 73 68 42 65 61 73 74 72    3 | ..v.OrcishBeastr
      4 | 69 64 00 00 00 00 00 00 -- -- -- -- -- -- -- --    4 | id......--------

NPC ID: 16875548
  Name: OrcishImpaler
  POLUtils_Name: Orcish Impaler
  Type: Simple NPC
  XYZR: -50.392, -8.110, -245.800, 229
  Mask: 00001111
        |  0  1  2  3  4  5  6  7  8  9  A  B  C  D  E  F      | 0123456789ABCDEF
    -----------------------------------------------------  ----------------------
      0 | 0E 24 81 00 1C 80 01 01 1C 00 0F E5 68 91 49 C2    0 | .$..........h.I.
      1 | 8F C2 01 C1 CD CC 75 C3 56 00 00 00 28 28 64 00    1 | ......u.V...((d.
      2 | 01 83 04 00 00 0F 00 00 00 00 00 00 00 00 00 00    2 | ................
      3 | 00 00 7C 02 4F 72 63 69 73 68 49 6D 70 61 6C 65    3 | ..|.OrcishImpale
      4 | 72 00 00 00 00 00 00 00 -- -- -- -- -- -- -- --    4 | r.......--------

NPC ID: 16875543
  Name: Bugard
  POLUtils_Name: Bugard
  Type: Simple NPC
  XYZR: -54.088, -8.019, -246.559, 129
  Mask: 00001111
        |  0  1  2  3  4  5  6  7  8  9  A  B  C  D  E  F      | 0123456789ABCDEF
    -----------------------------------------------------  ----------------------
      0 | 0E 20 81 00 17 80 01 01 17 00 0F 81 1D 5A 58 C2    0 | . ...........ZX.
      1 | D3 4D 00 C1 1B 8F 76 C3 22 01 00 00 3C 3C 64 00    1 | .M....v."...<<d.
      2 | 01 83 00 00 00 0C 00 00 00 00 00 00 00 00 00 00    2 | ................
      3 | 00 00 47 05 42 75 67 61 72 64 00 00 00 00 00 00    3 | ..G.Bugard......

NPC ID: 16875542
  Name: Cluster
  POLUtils_Name: Cluster
  Type: Simple NPC
  XYZR: -7.791, -7.837, -215.375, 177
  Mask: 00001111
        |  0  1  2  3  4  5  6  7  8  9  A  B  C  D  E  F      | 0123456789ABCDEF
    -----------------------------------------------------  ----------------------
      0 | 0E 20 81 00 16 80 01 01 16 00 0F B1 DF 4F F9 C0    0 | . ...........O..
      1 | B4 C8 FA C0 00 60 57 C3 8C 01 00 00 28 28 64 00    1 | .....`W.....((d.
      2 | 07 83 00 00 00 25 00 00 00 00 04 00 00 00 00 00    2 | .....%..........
      3 | 00 00 22 01 43 6C 75 73 74 65 72 00 00 00 00 00    3 | ..".Cluster.....

NPC ID: 16875551
  Name: TavnazianSheep
  POLUtils_Name: Tavnazian Sheep
  Type: Simple NPC
  XYZR: -16.751, -7.620, -237.534, 192
  Mask: 00001111
        |  0  1  2  3  4  5  6  7  8  9  A  B  C  D  E  F      | 0123456789ABCDEF
    -----------------------------------------------------  ----------------------
      0 | 0E 24 83 00 1F 80 01 01 1F 00 0F C0 0C 02 86 C1    0 | .$..............
      1 | 0A D7 F3 C0 B4 88 6D C3 44 01 00 00 28 28 00 03    1 | ......m.D...((..
      2 | 07 83 00 00 00 18 00 00 00 00 10 00 00 00 00 00    2 | ................
      3 | 00 00 54 01 54 61 76 6E 61 7A 69 61 6E 53 68 65    3 | ..T.TavnazianShe
      4 | 65 70 00 00 00 00 00 00 -- -- -- -- -- -- -- --    4 | ep......--------

NPC ID: 16875554
  Name: Bugard
  POLUtils_Name: Bugard
  Type: Simple NPC
  XYZR: -5.464, -7.707, -178.838, 65
  Mask: 00001111
        |  0  1  2  3  4  5  6  7  8  9  A  B  C  D  E  F      | 0123456789ABCDEF
    -----------------------------------------------------  ----------------------
      0 | 0E 20 83 00 22 80 01 01 22 00 0F 41 17 D9 AE C0    0 | . .."..."..A....
      1 | BE 9F F6 C0 87 D6 32 C3 BA 00 00 00 3C 3C 64 00    1 | ......2.....<<d.
      2 | 01 83 00 00 00 0C 00 00 00 00 00 00 00 00 00 00    2 | ................
      3 | 00 00 47 05 42 75 67 61 72 64 00 00 00 00 00 00    3 | ..G.Bugard......

NPC ID: 16875552
  Name: Padfoot
  POLUtils_Name: Padfoot
  Type: Simple NPC
  XYZR: -32.134, -7.434, -249.690, 221
  Mask: 00001111
        |  0  1  2  3  4  5  6  7  8  9  A  B  C  D  E  F      | 0123456789ABCDEF
    -----------------------------------------------------  ----------------------
      0 | 0E 20 84 00 20 80 01 01 20 00 0F DD 37 89 00 C2    0 | . .. ... ...7...
      1 | 54 E3 ED C0 A4 B0 79 C3 B8 09 00 00 28 28 00 03    1 | T.....y.....((..
      2 | 07 87 00 00 00 21 00 00 00 00 00 00 AD 14 09 00    2 | .....!..........
      3 | 00 00 54 01 50 61 64 66 6F 6F 74 00 00 00 00 00    3 | ..T.Padfoot.....

NPC ID: 16875544
  Name: Bugard
  POLUtils_Name: Bugard
  Type: Simple NPC
  XYZR: 7.196, -8.421, -216.892, 37
  Mask: 00001111
        |  0  1  2  3  4  5  6  7  8  9  A  B  C  D  E  F      | 0123456789ABCDEF
    -----------------------------------------------------  ----------------------
      0 | 0E 20 86 00 18 80 01 01 18 00 0F 25 A2 45 E6 40    0 | . .........%.E.@
      1 | 6A BC 06 C1 5A E4 58 C3 B9 00 00 00 3C 3C 64 00    1 | j...Z.X.....<<d.
      2 | 01 83 00 00 00 0C 00 00 00 00 00 00 00 00 00 00    2 | ................
      3 | 00 00 47 05 42 75 67 61 72 64 00 00 00 00 00 00    3 | ..G.Bugard......

NPC ID: 16875545
  Name: OrcishBrawler
  POLUtils_Name: Orcish Brawler
  Type: Simple NPC
  XYZR: 3.938, -8.339, -235.264, 174
  Mask: 00001111
        |  0  1  2  3  4  5  6  7  8  9  A  B  C  D  E  F      | 0123456789ABCDEF
    -----------------------------------------------------  ----------------------
      0 | 0E 24 88 00 19 80 01 01 19 00 0F AE 31 08 7C 40    0 | .$..........1.|@
      1 | 8B 6C 05 C1 96 43 6B C3 D4 01 00 00 28 28 64 00    1 | .l...Ck.....((d.
      2 | 01 83 04 00 00 0F 00 00 00 00 00 00 00 00 00 00    2 | ................
      3 | 00 00 78 02 4F 72 63 69 73 68 42 72 61 77 6C 65    3 | ..x.OrcishBrawle
      4 | 72 00 00 00 00 00 00 00 -- -- -- -- -- -- -- --    4 | r.......--------

NPC ID: 16875568
  Name: TavnazianSheep
  POLUtils_Name: Tavnazian Sheep
  Type: Simple NPC
  XYZR: 2.417, -7.876, -134.470, 128
  Mask: 00001111
        |  0  1  2  3  4  5  6  7  8  9  A  B  C  D  E  F      | 0123456789ABCDEF
    -----------------------------------------------------  ----------------------
      0 | 0E 24 91 00 30 80 01 01 30 00 0F 80 21 B0 1A 40    0 | .$..0...0...!..@
      1 | 31 08 FC C0 52 78 06 C3 F6 01 00 00 28 28 64 00    1 | 1...Rx......((d.
      2 | 01 83 00 00 00 18 00 00 00 00 10 00 00 00 00 00    2 | ................
      3 | 00 00 54 01 54 61 76 6E 61 7A 69 61 6E 53 68 65    3 | ..T.TavnazianShe
      4 | 65 70 00 00 00 00 00 00 -- -- -- -- -- -- -- --    4 | ep......--------

NPC ID: 16875567
  Name: MinerBee
  POLUtils_Name: Miner Bee
  Type: Simple NPC
  XYZR: 4.836, -8.315, -125.143, 162
  Mask: 00001111
        |  0  1  2  3  4  5  6  7  8  9  A  B  C  D  E  F      | 0123456789ABCDEF
    -----------------------------------------------------  ----------------------
      0 | 0E 20 94 00 2F 80 01 01 2F 00 0F A2 83 C0 9A 40    0 | . ../.../......@
      1 | 3D 0A 05 C1 37 49 FA C2 31 02 00 00 28 28 64 00    1 | =...7I..1...((d.
      2 | 01 83 02 00 00 0A 00 00 00 00 08 00 00 00 00 00    2 | ................
      3 | 00 00 10 01 4D 69 6E 65 72 42 65 65 00 00 00 00    3 | ....MinerBee....

NPC ID: 16875566
  Name: MinerBee
  POLUtils_Name: Miner Bee
  Type: Simple NPC
  XYZR: 13.618, -8.079, -122.231, 131
  Mask: 00001111
        |  0  1  2  3  4  5  6  7  8  9  A  B  C  D  E  F      | 0123456789ABCDEF
    -----------------------------------------------------  ----------------------
      0 | 0E 20 96 00 2E 80 01 01 2E 00 0F 83 54 E3 59 41    0 | . ..........T.YA
      1 | 96 43 01 C1 46 76 F4 C2 50 01 00 00 28 28 64 00    1 | .C..Fv..P...((d.
      2 | 01 83 02 00 00 0A 00 00 00 00 08 00 00 00 00 00    2 | ................
      3 | 00 00 10 01 4D 69 6E 65 72 42 65 65 00 00 00 00    3 | ....MinerBee....

NPC ID: 16875569
  Name: Bugard
  POLUtils_Name: Bugard
  Type: Simple NPC
  XYZR: 83.849, -7.896, -67.788, 239
  Mask: 00001111
        |  0  1  2  3  4  5  6  7  8  9  A  B  C  D  E  F      | 0123456789ABCDEF
    -----------------------------------------------------  ----------------------
      0 | 0E 20 B2 00 31 80 01 01 31 00 0F EF B0 B2 A7 42    0 | . ..1...1......B
      1 | 08 AC FC C0 75 93 87 C2 B9 00 00 00 3C 3C 64 00    1 | ....u.......<<d.
      2 | 01 83 00 00 00 0C 00 00 00 00 00 00 00 00 00 00    2 | ................
      3 | 00 00 47 05 42 75 67 61 72 64 00 00 00 00 00 00    3 | ..G.Bugard......

NPC ID: 16875573
  Name: OrcishNightrai
  POLUtils_Name: Orcish Nightraider
  Type: Simple NPC
  XYZR: 102.196, -7.609, -83.995, 233
  Mask: 00001111
        |  0  1  2  3  4  5  6  7  8  9  A  B  C  D  E  F      | 0123456789ABCDEF
    -----------------------------------------------------  ----------------------
      0 | 0E 24 B2 00 35 80 01 01 35 00 0F E9 5A 64 CC 42    0 | .$..5...5...Zd.B
      1 | EE 7C F3 C0 71 FD A7 C2 A9 0C 00 00 28 28 00 03    1 | .|..q.......((..
      2 | 07 83 04 00 00 0F 00 00 00 00 00 00 00 00 00 00    2 | ................
      3 | 00 00 6B 02 4F 72 63 69 73 68 4E 69 67 68 74 72    3 | ..k.OrcishNightr
      4 | 61 69 00 00 00 00 00 00 -- -- -- -- -- -- -- --    4 | ai......--------

NPC ID: 16875576
  Name: TavnazianSheep
  POLUtils_Name: Tavnazian Sheep
  Type: Simple NPC
  XYZR: 79.853, -7.670, -61.206, 189
  Mask: 00001111
        |  0  1  2  3  4  5  6  7  8  9  A  B  C  D  E  F      | 0123456789ABCDEF
    -----------------------------------------------------  ----------------------
      0 | 0E 24 B3 00 38 80 01 01 38 00 0F BD BC B4 9F 42    0 | .$..8...8......B
      1 | A4 70 F5 C0 F2 D2 74 C2 2A 02 00 00 28 28 64 00    1 | .p....t.*...((d.
      2 | 01 83 00 00 00 18 00 00 00 00 10 00 00 00 00 00    2 | ................
      3 | 00 00 54 01 54 61 76 6E 61 7A 69 61 6E 53 68 65    3 | ..T.TavnazianShe
      4 | 65 70 00 00 00 00 00 00 -- -- -- -- -- -- -- --    4 | ep......--------

NPC ID: 16875574
  Name: OrcishImpaler
  POLUtils_Name: Orcish Impaler
  Type: Simple NPC
  XYZR: 119.922, -8.070, -90.959, 66
  Mask: 00001111
        |  0  1  2  3  4  5  6  7  8  9  A  B  C  D  E  F      | 0123456789ABCDEF
    -----------------------------------------------------  ----------------------
      0 | 0E 24 B6 00 36 80 01 01 36 00 0F 42 10 D8 EF 42    0 | .$..6...6..B...B
      1 | B8 1E 01 C1 02 EB B5 C2 5F 02 00 00 28 28 64 00    1 | ........_...((d.
      2 | 01 83 04 00 00 0F 00 00 00 00 00 00 00 00 00 00    2 | ................
      3 | 00 00 7C 02 4F 72 63 69 73 68 49 6D 70 61 6C 65    3 | ..|.OrcishImpale
      4 | 72 00 00 00 00 00 00 00 -- -- -- -- -- -- -- --    4 | r.......--------

NPC ID: 16875593
  Name: Cluster
  POLUtils_Name: Cluster
  Type: Simple NPC
  XYZR: 157.514, -0.302, -88.335, 184
  Mask: 00001111
        |  0  1  2  3  4  5  6  7  8  9  A  B  C  D  E  F      | 0123456789ABCDEF
    -----------------------------------------------------  ----------------------
      0 | 0E 20 C1 00 49 80 01 01 49 00 0F B8 96 83 1D 43    0 | . ..I...I......C
      1 | BE 9F 9A BE 85 AB B0 C2 8C 01 00 00 28 28 64 00    1 | ............((d.
      2 | 07 83 00 00 00 25 00 00 00 00 04 00 00 00 00 00    2 | .....%..........
      3 | 00 00 22 01 43 6C 75 73 74 65 72 00 00 00 00 00    3 | ..".Cluster.....

NPC ID: 16875598
  Name: GigasSlinger
  POLUtils_Name: Gigas Slinger
  Type: Simple NPC
  XYZR: 157.687, -0.454, -78.445, 193
  Mask: 00001111
        |  0  1  2  3  4  5  6  7  8  9  A  B  C  D  E  F      | 0123456789ABCDEF
    -----------------------------------------------------  ----------------------
      0 | 0E 22 C2 00 4E 80 01 01 4E 00 0F C1 DF AF 1D 43    0 | ."..N...N......C
      1 | B0 72 E8 BE D7 E3 9C C2 8C 01 00 00 28 28 64 00    1 | .r..........((d.
      2 | 01 83 00 00 00 1E 00 00 00 00 00 00 00 00 00 00    2 | ................
      3 | 00 00 C7 02 47 69 67 61 73 53 6C 69 6E 67 65 72    3 | ....GigasSlinger
      4 | 00 00 00 00 -- -- -- -- -- -- -- -- -- -- -- --    4 | ....------------

NPC ID: 16875577
  Name: TavnazianSheep
  POLUtils_Name: Tavnazian Sheep
  Type: Simple NPC
  XYZR: 95.828, -7.772, -38.617, 249
  Mask: 00001111
        |  0  1  2  3  4  5  6  7  8  9  A  B  C  D  E  F      | 0123456789ABCDEF
    -----------------------------------------------------  ----------------------
      0 | 0E 24 C3 00 39 80 01 01 39 00 0F F9 F0 A7 BF 42    0 | .$..9...9......B
      1 | 39 B4 F8 C0 CF 77 1A C2 DB 0F 00 00 28 28 00 03    1 | 9....w......((..
      2 | 07 83 00 00 00 18 00 00 00 00 10 00 12 AB 09 00    2 | ................
      3 | 00 00 54 01 54 61 76 6E 61 7A 69 61 6E 53 68 65    3 | ..T.TavnazianShe
      4 | 65 70 00 00 00 00 00 00 -- -- -- -- -- -- -- --    4 | ep......--------

NPC ID: 16875597
  Name: GigasWrestler
  POLUtils_Name: Gigas Wrestler
  Type: Simple NPC
  XYZR: 165.699, 0.235, -93.392, 30
  Mask: 00001111
        |  0  1  2  3  4  5  6  7  8  9  A  B  C  D  E  F      | 0123456789ABCDEF
    -----------------------------------------------------  ----------------------
      0 | 0E 24 C4 00 4D 80 01 01 4D 00 0F 1E F2 B2 25 43    0 | .$..M...M.....%C
      1 | D7 A3 70 3E B4 C8 BA C2 2A 02 00 00 28 28 64 00    1 | ..p>....*...((d.
      2 | 01 83 00 00 00 1E 00 00 00 00 00 00 00 00 00 00    2 | ................
      3 | 00 00 C5 02 47 69 67 61 73 57 72 65 73 74 6C 65    3 | ....GigasWrestle
      4 | 72 00 00 00 00 00 00 00 -- -- -- -- -- -- -- --    4 | r.......--------

NPC ID: 16875596
  Name: GigasFighter
  POLUtils_Name: Gigas Fighter
  Type: Simple NPC
  XYZR: 157.793, -0.416, -114.899, 55
  Mask: 00001111
        |  0  1  2  3  4  5  6  7  8  9  A  B  C  D  E  F      | 0123456789ABCDEF
    -----------------------------------------------------  ----------------------
      0 | 0E 22 C5 00 4C 80 01 01 4C 00 0F 37 02 CB 1D 43    0 | ."..L...L..7...C
      1 | F4 FD D4 BE 4A CC E5 C2 43 01 00 00 28 28 64 00    1 | ....J...C...((d.
      2 | 01 83 00 00 00 1E 00 00 00 00 00 00 00 00 00 00    2 | ................
      3 | 00 00 C4 02 47 69 67 61 73 46 69 67 68 74 65 72    3 | ....GigasFighter
      4 | 00 00 00 00 -- -- -- -- -- -- -- -- -- -- -- --    4 | ....------------

NPC ID: 16875595
  Name: Bugard
  POLUtils_Name: Bugard
  Type: Simple NPC
  XYZR: 161.337, -0.402, -115.751, 101
  Mask: 00001111
        |  0  1  2  3  4  5  6  7  8  9  A  B  C  D  E  F      | 0123456789ABCDEF
    -----------------------------------------------------  ----------------------
      0 | 0E 20 C8 00 4B 80 01 01 4B 00 0F 65 46 56 21 43    0 | . ..K...K..eFV!C
      1 | F2 D2 CD BE 83 80 E7 C2 BB 01 00 00 3C 3C 64 00    1 | ............<<d.
      2 | 01 83 00 00 00 0C 00 00 00 00 00 00 00 00 00 00    2 | ................
      3 | 00 00 47 05 42 75 67 61 72 64 00 00 00 00 00 00    3 | ..G.Bugard......

NPC ID: 16875578
  Name: Padfoot
  POLUtils_Name: Padfoot
  Type: Simple NPC
  XYZR: 126.850, -8.042, -27.462, 17
  Mask: 00001111
        |  0  1  2  3  4  5  6  7  8  9  A  B  C  D  E  F      | 0123456789ABCDEF
    -----------------------------------------------------  ----------------------
      0 | 0E 20 CA 00 3A 80 01 01 3A 00 0F 11 33 B3 FD 42    0 | . ..:...:...3..B
      1 | 08 AC 00 C1 2D B2 DB C1 A3 03 00 00 28 28 00 03    1 | ....-.......((..
      2 | 07 87 00 00 00 21 00 00 00 00 00 00 00 00 00 00    2 | .....!..........
      3 | 00 00 54 01 50 61 64 66 6F 6F 74 00 00 00 00 00    3 | ..T.Padfoot.....

NPC ID: 16875809
  Name: VermillionFish
  POLUtils_Name: Vermillion Fishfly
  Type: Simple NPC
  XYZR: 197.305, -0.210, -84.952, 233
  Mask: 00001111
        |  0  1  2  3  4  5  6  7  8  9  A  B  C  D  E  F      | 0123456789ABCDEF
    -----------------------------------------------------  ----------------------
      0 | 0E 24 CD 00 21 81 01 01 21 01 0F E9 14 4E 45 43    0 | .$..!...!....NEC
      1 | 3D 0A 57 BE 6D E7 A9 C2 07 0F 00 00 28 28 00 03    1 | =.W.m.......((..
      2 | 07 85 00 00 00 11 C0 00 20 00 00 00 00 00 00 00    2 | ........ .......
      3 | 00 00 C1 01 56 65 72 6D 69 6C 6C 69 6F 6E 46 69    3 | ....VermillionFi
      4 | 73 68 00 00 00 00 00 00 -- -- -- -- -- -- -- --    4 | sh......--------

NPC ID: 16875811
  Name: VermillionFish
  POLUtils_Name: Vermillion Fishfly
  Type: Simple NPC
  XYZR: 197.191, -0.028, -88.381, 200
  Mask: 00001111
        |  0  1  2  3  4  5  6  7  8  9  A  B  C  D  E  F      | 0123456789ABCDEF
    -----------------------------------------------------  ----------------------
      0 | 0E 24 CD 00 23 81 01 01 23 01 0F C8 E5 30 45 43    0 | .$..#...#....0EC
      1 | 42 60 E5 BC 12 C3 B0 C2 31 0C 00 00 28 28 00 03    1 | B`......1...((..
      2 | 07 85 00 00 00 11 C0 00 20 00 00 00 00 00 00 00    2 | ........ .......
      3 | 00 00 C1 01 56 65 72 6D 69 6C 6C 69 6F 6E 46 69    3 | ....VermillionFi
      4 | 73 68 00 00 00 00 00 00 -- -- -- -- -- -- -- --    4 | sh......--------

NPC ID: 16875806
  Name: VermillionFish
  POLUtils_Name: Vermillion Fishfly
  Type: Simple NPC
  XYZR: 196.208, -0.234, -83.165, 25
  Mask: 00001111
        |  0  1  2  3  4  5  6  7  8  9  A  B  C  D  E  F      | 0123456789ABCDEF
    -----------------------------------------------------  ----------------------
      0 | 0E 24 CD 00 1E 81 01 01 1E 01 0F 19 3F 35 44 43    0 | .$..........?5DC
      1 | B2 9D 6F BE 7B 54 A6 C2 83 04 00 00 28 28 00 03    1 | ..o.{T......((..
      2 | 07 85 00 00 00 11 C0 00 20 00 00 00 00 00 00 00    2 | ........ .......
      3 | 00 00 C1 01 56 65 72 6D 69 6C 6C 69 6F 6E 46 69    3 | ....VermillionFi
      4 | 73 68 00 00 00 00 00 00 -- -- -- -- -- -- -- --    4 | sh......--------

NPC ID: 16875808
  Name: VermillionFish
  POLUtils_Name: Vermillion Fishfly
  Type: Simple NPC
  XYZR: 195.300, -0.160, -84.171, 4
  Mask: 00001111
        |  0  1  2  3  4  5  6  7  8  9  A  B  C  D  E  F      | 0123456789ABCDEF
    -----------------------------------------------------  ----------------------
      0 | 0E 24 CD 00 20 81 01 01 20 01 0F 04 CD 4C 43 43    0 | .$.. ... ....LCC
      1 | 0A D7 23 BE 8D 57 A8 C2 31 0C 00 00 28 28 00 03    1 | ..#..W..1...((..
      2 | 07 85 00 00 00 11 C0 00 20 00 00 00 00 00 00 00    2 | ........ .......
      3 | 00 00 C1 01 56 65 72 6D 69 6C 6C 69 6F 6E 46 69    3 | ....VermillionFi
      4 | 73 68 00 00 00 00 00 00 -- -- -- -- -- -- -- --    4 | sh......--------

NPC ID: 16875803
  Name: VermillionFish
  POLUtils_Name: Vermillion Fishfly
  Type: Simple NPC
  XYZR: 195.094, -0.072, -86.095, 235
  Mask: 00001111
        |  0  1  2  3  4  5  6  7  8  9  A  B  C  D  E  F      | 0123456789ABCDEF
    -----------------------------------------------------  ----------------------
      0 | 0E 24 CD 00 1B 81 01 01 1B 01 0F EB 10 18 43 43    0 | .$............CC
      1 | BC 74 93 BD A4 30 AC C2 FD 0B 00 00 28 28 00 03    1 | .t...0......((..
      2 | 07 85 00 00 00 11 C0 00 20 00 00 00 00 00 00 00    2 | ........ .......
      3 | 00 00 C1 01 56 65 72 6D 69 6C 6C 69 6F 6E 46 69    3 | ....VermillionFi
      4 | 73 68 00 00 00 00 00 00 -- -- -- -- -- -- -- --    4 | sh......--------

NPC ID: 16875804
  Name: VermillionFish
  POLUtils_Name: Vermillion Fishfly
  Type: Simple NPC
  XYZR: 195.629, 0.007, -87.257, 221
  Mask: 00001111
        |  0  1  2  3  4  5  6  7  8  9  A  B  C  D  E  F      | 0123456789ABCDEF
    -----------------------------------------------------  ----------------------
      0 | 0E 24 CD 00 1C 81 01 01 1C 01 0F DD 06 A1 43 43    0 | .$............CC
      1 | 42 60 E5 3B 96 83 AE C2 05 03 00 00 28 28 00 03    1 | B`.;........((..
      2 | 07 85 00 00 00 11 C0 00 20 00 00 00 00 00 00 00    2 | ........ .......
      3 | 00 00 C1 01 56 65 72 6D 69 6C 6C 69 6F 6E 46 69    3 | ....VermillionFi
      4 | 73 68 00 00 00 00 00 00 -- -- -- -- -- -- -- --    4 | sh......--------

NPC ID: 16875805
  Name: VermillionFish
  POLUtils_Name: Vermillion Fishfly
  Type: Simple NPC
  XYZR: 198.502, -0.357, -84.152, 98
  Mask: 00001111
        |  0  1  2  3  4  5  6  7  8  9  A  B  C  D  E  F      | 0123456789ABCDEF
    -----------------------------------------------------  ----------------------
      0 | 0E 24 CD 00 1D 81 01 01 1D 01 0F 62 83 80 46 43    0 | .$.........b..FC
      1 | B4 C8 B6 BE D3 4D A8 C2 9B 07 00 00 28 28 00 03    1 | .....M......((..
      2 | 07 85 00 00 00 11 C0 00 20 00 00 00 00 00 00 00    2 | ........ .......
      3 | 00 00 C1 01 56 65 72 6D 69 6C 6C 69 6F 6E 46 69    3 | ....VermillionFi
      4 | 73 68 00 00 00 00 00 00 -- -- -- -- -- -- -- --    4 | sh......--------

NPC ID: 16875810
  Name: VermillionFish
  POLUtils_Name: Vermillion Fishfly
  Type: Simple NPC
  XYZR: 197.885, -0.245, -85.299, 183
  Mask: 00001111
        |  0  1  2  3  4  5  6  7  8  9  A  B  C  D  E  F      | 0123456789ABCDEF
    -----------------------------------------------------  ----------------------
      0 | 0E 24 CD 00 22 81 01 01 22 01 0F B7 8F E2 45 43    0 | .$.."...".....EC
      1 | 48 E1 7A BE 17 99 AA C2 CF 07 00 00 28 28 00 03    1 | H.z.........((..
      2 | 07 85 00 00 00 11 C0 00 20 00 00 00 00 00 00 00    2 | ........ .......
      3 | 00 00 C1 01 56 65 72 6D 69 6C 6C 69 6F 6E 46 69    3 | ....VermillionFi
      4 | 73 68 00 00 00 00 00 00 -- -- -- -- -- -- -- --    4 | sh......--------

NPC ID: 16875802
  Name: VermillionFish
  POLUtils_Name: Vermillion Fishfly
  Type: Simple NPC
  XYZR: 197.487, -0.359, -83.046, 49
  Mask: 00001111
        |  0  1  2  3  4  5  6  7  8  9  A  B  C  D  E  F      | 0123456789ABCDEF
    -----------------------------------------------------  ----------------------
      0 | 0E 24 CD 00 1A 81 01 01 1A 01 0F 31 AC 7C 45 43    0 | .$.........1.|EC
      1 | D9 CE B7 BE 8D 17 A6 C2 A9 11 00 00 28 28 00 03    1 | ............((..
      2 | 07 85 00 00 00 11 C0 00 20 00 00 00 10 09 0B 00    2 | ........ .......
      3 | 00 00 C1 01 56 65 72 6D 69 6C 6C 69 6F 6E 46 69    3 | ....VermillionFi
      4 | 73 68 00 00 00 00 00 00 -- -- -- -- -- -- -- --    4 | sh......--------

NPC ID: 16875807
  Name: VermillionFish
  POLUtils_Name: Vermillion Fishfly
  Type: Simple NPC
  XYZR: 198.774, -0.134, -88.530, 184
  Mask: 00001111
        |  0  1  2  3  4  5  6  7  8  9  A  B  C  D  E  F      | 0123456789ABCDEF
    -----------------------------------------------------  ----------------------
      0 | 0E 24 CE 00 1F 81 01 01 1F 01 0F B8 25 C6 46 43    0 | .$..........%.FC
      1 | 4C 37 09 BE 5C 0F B1 C2 05 03 00 00 28 28 00 03    1 | L7..\\.......((..
      2 | 07 85 00 00 00 11 C0 00 20 00 00 00 00 00 00 00    2 | ........ .......
      3 | 00 00 C1 01 56 65 72 6D 69 6C 6C 69 6F 6E 46 69    3 | ....VermillionFi
      4 | 73 68 00 00 00 00 00 00 -- -- -- -- -- -- -- --    4 | sh......--------

NPC ID: 16875918
  Name: EtherealJuncti
  POLUtils_Name: Ethereal Junction
  Type: Simple NPC
  XYZR: 200.020, 0.260, -89.290, 0
  Mask: 00001111
        |  0  1  2  3  4  5  6  7  8  9  A  B  C  D  E  F      | 0123456789ABCDEF
    -----------------------------------------------------  ----------------------
      0 | 0E 24 CE 00 8E 81 01 01 8E 01 0F 00 1F 05 48 43    0 | .$............HC
      1 | B8 1E 85 3E 7B 94 B2 C2 01 80 00 00 32 32 64 00    1 | ...>{.......22d.
      2 | 00 03 00 00 00 00 00 00 20 00 05 74 00 00 00 00    2 | ........ ..t....
      3 | 00 00 8F 09 45 74 68 65 72 65 61 6C 4A 75 6E 63    3 | ....EtherealJunc
      4 | 74 69 00 00 00 00 00 00 -- -- -- -- -- -- -- --    4 | ti......--------

NPC ID: 16875790
  Name: Immanibugard
  POLUtils_Name: Immanibugard
  Type: Simple NPC
  XYZR: 200.020, -0.235, -89.290, 31
  Mask: 00001111
        |  0  1  2  3  4  5  6  7  8  9  A  B  C  D  E  F      | 0123456789ABCDEF
    -----------------------------------------------------  ----------------------
      0 | 0E 22 CE 00 0E 81 01 01 0E 01 0F 1F 1F 05 48 43    0 | ."............HC
      1 | D7 A3 70 BE 7B 94 B2 C2 BD 04 00 00 3C 3C 00 03    1 | ..p.{.......<<..
      2 | 07 85 00 00 00 0D C0 20 20 00 00 00 A6 A2 09 00    2 | .......  .......
      3 | 00 00 47 05 49 6D 6D 61 6E 69 62 75 67 61 72 64    3 | ..G.Immanibugard
      4 | 00 00 00 00 -- -- -- -- -- -- -- -- -- -- -- --    4 | ....------------

NPC ID: 16875599
  Name: TavnazianSheep
  POLUtils_Name: Tavnazian Sheep
  Type: Simple NPC
  XYZR: 185.215, 0.332, -110.482, 140
  Mask: 00001111
        |  0  1  2  3  4  5  6  7  8  9  A  B  C  D  E  F      | 0123456789ABCDEF
    -----------------------------------------------------  ----------------------
      0 | 0E 24 D1 00 4F 80 01 01 4F 00 0F 8C 0A 37 39 43    0 | .$..O...O....79C
      1 | E7 FB A9 3E C9 F6 DC C2 8E 0D 00 00 28 28 00 03    1 | ...>........((..
      2 | 07 83 00 00 00 18 00 00 00 00 10 00 F4 E8 02 00    2 | ................
      3 | 00 00 54 01 54 61 76 6E 61 7A 69 61 6E 53 68 65    3 | ..T.TavnazianShe
      4 | 65 70 00 00 00 00 00 00 -- -- -- -- -- -- -- --    4 | ep......--------

NPC ID: 16875594
  Name: Bugard
  POLUtils_Name: Bugard
  Type: Simple NPC
  XYZR: 204.118, 0.144, -100.531, 223
  Mask: 00001111
        |  0  1  2  3  4  5  6  7  8  9  A  B  C  D  E  F      | 0123456789ABCDEF
    -----------------------------------------------------  ----------------------
      0 | 0E 20 D2 00 4A 80 01 01 4A 00 0F DF 35 1E 4C 43    0 | . ..J...J...5.LC
      1 | BC 74 13 3E DF 0F C9 C2 C8 01 00 00 3C 3C 64 00    1 | .t.>........<<d.
      2 | 01 83 00 00 00 0C 00 00 00 00 00 00 00 00 00 00    2 | ................
      3 | 00 00 47 05 42 75 67 61 72 64 00 00 00 00 00 00    3 | ..G.Bugard......

NPC ID: 16875603
  Name: Bugard
  POLUtils_Name: Bugard
  Type: Simple NPC
  XYZR: 225.351, 1.571, -64.198, 118
  Mask: 00001111
        |  0  1  2  3  4  5  6  7  8  9  A  B  C  D  E  F      | 0123456789ABCDEF
    -----------------------------------------------------  ----------------------
      0 | 0E 20 D4 00 53 80 01 01 53 00 0F 76 DB 59 61 43    0 | . ..S...S..v.YaC
      1 | 87 16 C9 3F 60 65 80 C2 23 01 00 00 3C 3C 64 00    1 | ...?`e..#...<<d.
      2 | 01 83 00 00 00 0C 00 00 00 00 00 00 00 00 00 00    2 | ................
      3 | 00 00 47 05 42 75 67 61 72 64 00 00 00 00 00 00    3 | ..G.Bugard......

NPC ID: 16875600
  Name: Yal-unEke
  POLUtils_Name: Yal-un Eke
  Type: Simple NPC
  XYZR: 197.299, -0.502, -124.173, 171
  Mask: 00001111
        |  0  1  2  3  4  5  6  7  8  9  A  B  C  D  E  F      | 0123456789ABCDEF
    -----------------------------------------------------  ----------------------
      0 | 0E 22 D6 00 50 80 01 01 50 00 0F AB 8B 4C 45 43    0 | ."..P...P....LEC
      1 | 12 83 00 BF 93 58 F8 C2 8D 01 00 00 28 28 64 00    1 | .....X......((d.
      2 | 07 9B 02 00 00 25 00 20 00 00 0C 00 00 00 00 00    2 | .....%. ........
      3 | 00 00 22 01 59 61 6C 2D 75 6E 45 6B 65 00 00 00    3 | ..".Yal-unEke...
      4 | 00 00 00 00 -- -- -- -- -- -- -- -- -- -- -- --    4 | ....------------

NPC ID: 16875629
  Name: Wingrats
  POLUtils_Name: Wingrats
  Type: Simple NPC
  XYZR: 298.813, -8.978, 7.117, 69
  Mask: 00001111
        |  0  1  2  3  4  5  6  7  8  9  A  B  C  D  E  F      | 0123456789ABCDEF
    -----------------------------------------------------  ----------------------
      0 | 0E 20 F8 00 6D 80 01 01 6D 00 0F 45 10 68 95 43    0 | . ..m...m..E.h.C
      1 | E3 A5 0F C1 77 BE E3 40 0F 01 00 00 28 28 64 00    1 | ....w..@....((d.
      2 | 01 83 00 00 00 10 00 40 00 00 08 00 00 00 00 00    2 | .......@........
      3 | 00 00 04 01 57 69 6E 67 72 61 74 73 00 00 00 00    3 | ....Wingrats....

NPC ID: 16875628
  Name: Wingrats
  POLUtils_Name: Wingrats
  Type: Simple NPC
  XYZR: 299.662, -8.953, 12.227, 197
  Mask: 00001111
        |  0  1  2  3  4  5  6  7  8  9  A  B  C  D  E  F      | 0123456789ABCDEF
    -----------------------------------------------------  ----------------------
      0 | 0E 20 FA 00 6C 80 01 01 6C 00 0F C5 BC D4 95 43    0 | . ..l...l......C
      1 | 7D 3F 0F C1 CB A1 43 41 1B 01 00 00 28 28 64 00    1 | }?....CA....((d.
      2 | 01 83 00 00 00 10 00 40 00 00 08 00 00 00 00 00    2 | .......@........
      3 | 00 00 04 01 57 69 6E 67 72 61 74 73 00 00 00 00    3 | ....Wingrats....

NPC ID: 16875626
  Name: VampireBat
  POLUtils_Name: Vampire Bat
  Type: Simple NPC
  XYZR: 298.597, -7.951, 28.618, 180
  Mask: 00001111
        |  0  1  2  3  4  5  6  7  8  9  A  B  C  D  E  F      | 0123456789ABCDEF
    -----------------------------------------------------  ----------------------
      0 | 0E 22 00 01 6A 80 01 01 6A 00 0F B4 6A 4C 95 43    0 | ."..j...j...jL.C
      1 | 98 6E FE C0 AA F1 E4 41 5D 01 00 00 28 28 64 00    1 | .n.....A]...((d.
      2 | 01 83 02 00 00 0C 00 00 00 00 08 00 00 00 00 00    2 | ................
      3 | 00 00 00 01 56 61 6D 70 69 72 65 42 61 74 00 00    3 | ....VampireBat..
      4 | 00 00 00 00 -- -- -- -- -- -- -- -- -- -- -- --    4 | ....------------

NPC ID: 16875632
  Name: Abraxas
  POLUtils_Name: Abraxas
  Type: Simple NPC
  XYZR: 356.559, -8.178, 149.814, 251
  Mask: 00001111
        |  0  1  2  3  4  5  6  7  8  9  A  B  C  D  E  F      | 0123456789ABCDEF
    -----------------------------------------------------  ----------------------
      0 | 0E 20 31 01 70 80 01 01 70 00 0F FB 8D 47 B2 43    0 | . 1.p...p....G.C
      1 | 17 D9 02 C1 62 D0 15 43 BB 01 00 00 3C 3C 64 00    1 | ....b..C....<<d.
      2 | 01 83 04 00 00 20 00 00 00 00 00 00 00 00 00 00    2 | ..... ..........
      3 | 00 00 50 01 41 62 72 61 78 61 73 00 00 00 00 00    3 | ..P.Abraxas.....

NPC ID: 16875631
  Name: Abraxas
  POLUtils_Name: Abraxas
  Type: Simple NPC
  XYZR: 357.861, -8.231, 153.312, 37
  Mask: 00001111
        |  0  1  2  3  4  5  6  7  8  9  A  B  C  D  E  F      | 0123456789ABCDEF
    -----------------------------------------------------  ----------------------
      0 | 0E 20 32 01 6F 80 01 01 6F 00 0F 25 35 EE B2 43    0 | . 2.o...o..%5..C
      1 | 2D B2 03 C1 DF 4F 19 43 2B 02 00 00 3C 3C 64 00    1 | -....O.C+...<<d.
      2 | 01 83 04 00 00 20 00 00 00 00 00 00 00 00 00 00    2 | ..... ..........
      3 | 00 00 50 01 41 62 72 61 78 61 73 00 00 00 00 00    3 | ..P.Abraxas.....

NPC ID: 16875653
  Name: TavnazianRam
  POLUtils_Name: Tavnazian Ram
  Type: Simple NPC
  XYZR: 337.669, -7.773, 162.468, 212
  Mask: 00001111
        |  0  1  2  3  4  5  6  7  8  9  A  B  C  D  E  F      | 0123456789ABCDEF
    -----------------------------------------------------  ----------------------
      0 | 0E 22 36 01 85 80 01 01 85 00 0F D4 A2 D5 A8 43    0 | ."6............C
      1 | 6A BC F8 C0 CF 77 22 43 56 01 00 00 28 28 64 00    1 | j....w"CV...((d.
      2 | 01 85 00 00 00 30 00 00 00 00 00 00 00 00 00 00    2 | .....0..........
      3 | 00 00 58 01 54 61 76 6E 61 7A 69 61 6E 52 61 6D    3 | ..X.TavnazianRam
      4 | 00 00 00 00 -- -- -- -- -- -- -- -- -- -- -- --    4 | ....------------

NPC ID: 16875633
  Name: Abraxas
  POLUtils_Name: Abraxas
  Type: Simple NPC
  XYZR: 347.698, -8.292, 164.674, 161
  Mask: 00001111
        |  0  1  2  3  4  5  6  7  8  9  A  B  C  D  E  F      | 0123456789ABCDEF
    -----------------------------------------------------  ----------------------
      0 | 0E 20 36 01 71 80 01 01 71 00 0F A1 58 D9 AD 43    0 | . 6.q...q...X..C
      1 | 08 AC 04 C1 8B AC 24 43 2B 02 00 00 3C 3C 64 00    1 | ......$C+...<<d.
      2 | 01 83 04 00 00 20 00 00 00 00 00 00 00 00 00 00    2 | ..... ..........
      3 | 00 00 50 01 41 62 72 61 78 61 73 00 00 00 00 00    3 | ..P.Abraxas.....

NPC ID: 16875630
  Name: Abraxas
  POLUtils_Name: Abraxas
  Type: Simple NPC
  XYZR: 336.399, -8.023, 172.266, 170
  Mask: 00001111
        |  0  1  2  3  4  5  6  7  8  9  A  B  C  D  E  F      | 0123456789ABCDEF
    -----------------------------------------------------  ----------------------
      0 | 0E 20 3B 01 6E 80 01 01 6E 00 0F AA 12 33 A8 43    0 | . ;.n...n....3.C
      1 | 35 5E 00 C1 19 44 2C 43 17 02 00 00 3C 3C 64 00    1 | 5^...D,C....<<d.
      2 | 01 83 04 00 00 20 00 00 00 00 00 00 00 00 00 00    2 | ..... ..........
      3 | 00 00 50 01 41 62 72 61 78 61 73 00 00 00 00 00    3 | ..P.Abraxas.....

NPC ID: 16875641
  Name: Abraxas
  POLUtils_Name: Abraxas
  Type: Simple NPC
  XYZR: 327.059, -7.945, 175.394, 201
  Mask: 00001111
        |  0  1  2  3  4  5  6  7  8  9  A  B  C  D  E  F      | 0123456789ABCDEF
    -----------------------------------------------------  ----------------------
      0 | 0E 20 3E 01 79 80 01 01 79 00 0F C9 8D 87 A3 43    0 | . >.y...y......C
      1 | 71 3D FE C0 DD 64 2F 43 8B 01 00 00 3C 3C 64 00    1 | q=...d/C....<<d.
      2 | 01 83 04 00 00 20 00 00 00 00 00 00 00 00 00 00    2 | ..... ..........
      3 | 00 00 50 01 41 62 72 61 78 61 73 00 00 00 00 00    3 | ..P.Abraxas.....

NPC ID: 16875636
  Name: Abraxas
  POLUtils_Name: Abraxas
  Type: Simple NPC
  XYZR: 309.154, -7.684, 175.012, 158
  Mask: 00001111
        |  0  1  2  3  4  5  6  7  8  9  A  B  C  D  E  F      | 0123456789ABCDEF
    -----------------------------------------------------  ----------------------
      0 | 0E 20 41 01 74 80 01 01 74 00 0F 9E B6 93 9A 43    0 | . A.t...t......C
      1 | 54 E3 F5 C0 12 03 2F 43 70 00 00 00 3C 3C 64 00    1 | T...../Cp...<<d.
      2 | 01 83 04 00 00 20 00 00 00 00 00 00 00 00 00 00    2 | ..... ..........
      3 | 00 00 50 01 41 62 72 61 78 61 73 00 00 00 00 00    3 | ..P.Abraxas.....

NPC ID: 16875635
  Name: Abraxas
  POLUtils_Name: Abraxas
  Type: Simple NPC
  XYZR: 293.856, -7.731, 164.347, 61
  Mask: 00001111
        |  0  1  2  3  4  5  6  7  8  9  A  B  C  D  E  F      | 0123456789ABCDEF
    -----------------------------------------------------  ----------------------
      0 | 0E 20 45 01 73 80 01 01 73 00 0F 3D 91 ED 92 43    0 | . E.s...s..=...C
      1 | 5A 64 F7 C0 D5 58 24 43 8C 01 00 00 3C 3C 64 00    1 | Zd...X$C....<<d.
      2 | 01 83 04 00 00 20 00 00 00 00 00 00 00 00 00 00    2 | ..... ..........
      3 | 00 00 50 01 41 62 72 61 78 61 73 00 00 00 00 00    3 | ..P.Abraxas.....

NPC ID: 16875634
  Name: Abraxas
  POLUtils_Name: Abraxas
  Type: Simple NPC
  XYZR: 293.177, -7.895, 177.594, 33
  Mask: 00001111
        |  0  1  2  3  4  5  6  7  8  9  A  B  C  D  E  F      | 0123456789ABCDEF
    -----------------------------------------------------  ----------------------
      0 | 0E 20 46 01 72 80 01 01 72 00 0F 21 A8 96 92 43    0 | . F.r...r..!...C
      1 | D7 A3 FC C0 10 98 31 43 78 01 00 00 3C 3C 64 00    1 | ......1Cx...<<d.
      2 | 01 83 04 00 00 20 00 00 00 00 00 00 00 00 00 00    2 | ..... ..........
      3 | 00 00 50 01 41 62 72 61 78 61 73 00 00 00 00 00    3 | ..P.Abraxas.....

NPC ID: 16875637
  Name: Abraxas
  POLUtils_Name: Abraxas
  Type: Simple NPC
  XYZR: 287.832, -7.486, 179.430, 90
  Mask: 00001111
        |  0  1  2  3  4  5  6  7  8  9  A  B  C  D  E  F      | 0123456789ABCDEF
    -----------------------------------------------------  ----------------------
      0 | 0E 20 48 01 75 80 01 01 75 00 0F 5A 7F EA 8F 43    0 | . H.u...u..Z...C
      1 | 50 8D EF C0 14 6E 33 43 58 01 00 00 3C 3C 64 00    1 | P....n3CX...<<d.
      2 | 01 83 04 00 00 20 00 00 00 00 00 00 00 00 00 00    2 | ..... ..........
      3 | 00 00 50 01 41 62 72 61 78 61 73 00 00 00 00 00    3 | ..P.Abraxas.....

NPC ID: 16875639
  Name: Abraxas
  POLUtils_Name: Abraxas
  Type: Simple NPC
  XYZR: 285.852, -7.596, 175.860, 220
  Mask: 00001111
        |  0  1  2  3  4  5  6  7  8  9  A  B  C  D  E  F      | 0123456789ABCDEF
    -----------------------------------------------------  ----------------------
      0 | 0E 20 48 01 77 80 01 01 77 00 0F DC 0E ED 8E 43    0 | . H.w...w......C
      1 | 6F 12 F3 C0 29 DC 2F 43 0F 01 00 00 3C 3C 64 00    1 | o...)./C....<<d.
      2 | 01 83 04 00 00 20 00 00 00 00 00 00 00 00 00 00    2 | ..... ..........
      3 | 00 00 50 01 41 62 72 61 78 61 73 00 00 00 00 00    3 | ..P.Abraxas.....

NPC ID: 16875642
  Name: Abraxas
  POLUtils_Name: Abraxas
  Type: Simple NPC
  XYZR: 289.187, -8.086, 186.640, 127
  Mask: 00001111
        |  0  1  2  3  4  5  6  7  8  9  A  B  C  D  E  F      | 0123456789ABCDEF
    -----------------------------------------------------  ----------------------
      0 | 0E 20 49 01 7A 80 01 01 7A 00 0F 7F F0 97 90 43    0 | . I.z...z......C
      1 | 42 60 01 C1 D7 A3 3A 43 77 01 00 00 3C 3C 64 00    1 | B`....:Cw...<<d.
      2 | 01 83 04 00 00 20 00 00 00 00 00 00 00 00 00 00    2 | ..... ..........
      3 | 00 00 50 01 41 62 72 61 78 61 73 00 00 00 00 00    3 | ..P.Abraxas.....

NPC ID: 16875640
  Name: Abraxas
  POLUtils_Name: Abraxas
  Type: Simple NPC
  XYZR: 288.529, -8.102, 195.648, 114
  Mask: 00001111
        |  0  1  2  3  4  5  6  7  8  9  A  B  C  D  E  F      | 0123456789ABCDEF
    -----------------------------------------------------  ----------------------
      0 | 0E 20 4A 01 78 80 01 01 78 00 0F 72 B6 43 90 43    0 | . J.x...x..r.C.C
      1 | CB A1 01 C1 E3 A5 43 43 58 01 00 00 3C 3C 64 00    1 | ......CCX...<<d.
      2 | 01 83 04 00 00 20 00 00 00 00 00 00 00 00 00 00    2 | ..... ..........
      3 | 00 00 50 01 41 62 72 61 78 61 73 00 00 00 00 00    3 | ..P.Abraxas.....

NPC ID: 16875661
  Name: FomorWarrior
  POLUtils_Name: Fomor Warrior
  Type: Simple NPC
  XYZR: 241.427, -22.682, 261.034, 7
  Mask: 00001111
        |  0  1  2  3  4  5  6  7  8  9  A  B  C  D  E  F      | 0123456789ABCDEF
    -----------------------------------------------------  ----------------------
      0 | 0E 22 64 01 8D 80 01 01 8D 00 0F 07 50 6D 71 43    0 | ."d.........PmqC
      1 | BC 74 B5 C1 5A 84 82 43 F6 01 00 00 28 28 64 00    1 | .t..Z..C....((d.
      2 | 07 83 00 00 00 14 00 00 00 00 00 00 00 00 00 00    2 | ................
      3 | 05 00 FD 03 46 6F 6D 6F 72 57 61 72 72 69 6F 72    3 | ....FomorWarrior
      4 | 00 00 00 00 -- -- -- -- -- -- -- -- -- -- -- --    4 | ....------------

NPC ID: 16875662
  Name: FomorRedMage
  POLUtils_Name: Fomor Red Mage
  Type: Simple NPC
  XYZR: 239.490, -22.701, 261.483, 11
  Mask: 00001111
        |  0  1  2  3  4  5  6  7  8  9  A  B  C  D  E  F      | 0123456789ABCDEF
    -----------------------------------------------------  ----------------------
      0 | 0E 22 64 01 8E 80 01 01 8E 00 0F 0B 71 7D 6F 43    0 | ."d.........q}oC
      1 | A6 9B B5 C1 D3 BD 82 43 C0 01 00 00 28 28 64 00    1 | .......C....((d.
      2 | 07 03 00 00 00 11 00 00 00 00 00 00 00 00 00 00    2 | ................
      3 | 05 00 09 04 46 6F 6D 6F 72 52 65 64 4D 61 67 65    3 | ....FomorRedMage
      4 | 00 00 00 00 -- -- -- -- -- -- -- -- -- -- -- --    4 | ....------------

NPC ID: 16875659
  Name: FomorSamurai
  POLUtils_Name: Fomor Samurai
  Type: Simple NPC
  XYZR: 232.264, -22.863, 263.291, 19
  Mask: 00001111
        |  0  1  2  3  4  5  6  7  8  9  A  B  C  D  E  F      | 0123456789ABCDEF
    -----------------------------------------------------  ----------------------
      0 | 0E 22 66 01 8B 80 01 01 8B 00 0F 13 96 43 68 43    0 | ."f..........ChC
      1 | 6D E7 B6 C1 3F A5 83 43 C1 01 00 00 28 28 64 00    1 | m...?..C....((d.
      2 | 07 83 00 00 00 11 00 00 00 00 00 00 00 00 00 00    2 | ................
      3 | 05 00 F5 03 46 6F 6D 6F 72 53 61 6D 75 72 61 69    3 | ....FomorSamurai
      4 | 00 00 00 00 -- -- -- -- -- -- -- -- -- -- -- --    4 | ....------------

NPC ID: 16875657
  Name: FomorBard
  POLUtils_Name: Fomor Bard
  Type: Simple NPC
  XYZR: 233.629, -22.889, 262.988, 17
  Mask: 00001111
        |  0  1  2  3  4  5  6  7  8  9  A  B  C  D  E  F      | 0123456789ABCDEF
    -----------------------------------------------------  ----------------------
      0 | 0E 22 66 01 89 80 01 01 89 00 0F 11 06 A1 69 43    0 | ."f...........iC
      1 | AC 1C B7 C1 77 7E 83 43 8D 01 00 00 28 28 64 00    1 | ....w~.C....((d.
      2 | 07 83 00 00 00 14 00 00 00 00 00 00 00 00 00 00    2 | ................
      3 | 05 00 0F 04 46 6F 6D 6F 72 42 61 72 64 00 00 00    3 | ....FomorBard...
      4 | 00 00 00 00 -- -- -- -- -- -- -- -- -- -- -- --    4 | ....------------

NPC ID: 16875658
  Name: FomorRedMage
  POLUtils_Name: Fomor Red Mage
  Type: Simple NPC
  XYZR: 232.055, -22.846, 263.613, 19
  Mask: 00001111
        |  0  1  2  3  4  5  6  7  8  9  A  B  C  D  E  F      | 0123456789ABCDEF
    -----------------------------------------------------  ----------------------
      0 | 0E 22 66 01 8A 80 01 01 8A 00 0F 13 14 0E 68 43    0 | ."f...........hC
      1 | 9C C4 B6 C1 77 CE 83 43 58 01 00 00 28 28 64 00    1 | ....w..CX...((d.
      2 | 07 03 00 00 00 11 00 00 00 00 00 00 00 00 00 00    2 | ................
      3 | 05 00 09 04 46 6F 6D 6F 72 52 65 64 4D 61 67 65    3 | ....FomorRedMage
      4 | 00 00 00 00 -- -- -- -- -- -- -- -- -- -- -- --    4 | ....------------

NPC ID: 16875660
  Name: FomorRedMage
  POLUtils_Name: Fomor Red Mage
  Type: Simple NPC
  XYZR: 231.286, -22.855, 264.070, 26
  Mask: 00001111
        |  0  1  2  3  4  5  6  7  8  9  A  B  C  D  E  F      | 0123456789ABCDEF
    -----------------------------------------------------  ----------------------
      0 | 0E 22 67 01 8C 80 01 01 8C 00 0F 1A 37 49 67 43    0 | ."g.........7IgC
      1 | 0A D7 B6 C1 F6 08 84 43 8C 01 00 00 28 28 64 00    1 | .......C....((d.
      2 | 07 03 00 00 00 11 00 00 00 00 00 00 00 00 00 00    2 | ................
      3 | 05 00 09 04 46 6F 6D 6F 72 52 65 64 4D 61 67 65    3 | ....FomorRedMage
      4 | 00 00 00 00 -- -- -- -- -- -- -- -- -- -- -- --    4 | ....------------

NPC ID: 16875892
  Name: blank
  POLUtils_Name:      
  Type: Decoration
  XYZR: 200.733, -23.870, 324.006, 94
  Mask: 00001111
        |  0  1  2  3  4  5  6  7  8  9  A  B  C  D  E  F      | 0123456789ABCDEF
    -----------------------------------------------------  ----------------------
      0 | 0E 1C 7F 01 74 81 01 01 74 01 0F 5E A6 BB 48 43    0 | ....t...t..^..HC
      1 | C3 F5 BE C1 C5 00 A2 43 01 00 00 00 32 32 64 00    1 | .......C....22d.
      2 | 02 03 08 00 00 00 00 00 00 00 00 00 00 00 00 00    2 | ................
      3 | 00 00 34 00 00 00 00 00 -- -- -- -- -- -- -- --    3 | ..4.....--------

NPC ID: 16875664
  Name: DarkElemental
  POLUtils_Name: Dark Elemental
  Type: Simple NPC
  XYZR: 194.300, -23.806, 330.506, 180
  Mask: 00001111
        |  0  1  2  3  4  5  6  7  8  9  A  B  C  D  E  F      | 0123456789ABCDEF
    -----------------------------------------------------  ----------------------
      0 | 0E 24 81 01 90 80 01 01 90 00 0F B4 CD 4C 42 43    0 | .$...........LBC
      1 | B0 72 BE C1 C5 40 A5 43 B3 00 00 00 28 28 64 00    1 | .r...@.C....((d.
      2 | 01 83 00 00 00 03 00 00 00 00 10 00 00 00 00 00    2 | ................
      3 | 00 00 BB 01 44 61 72 6B 45 6C 65 6D 65 6E 74 61    3 | ....DarkElementa
      4 | 6C 00 00 00 00 00 00 00 -- -- -- -- -- -- -- --    4 | l.......--------

NPC ID: 16875663
  Name: AirElemental
  POLUtils_Name: Air Elemental
  Type: Simple NPC
  XYZR: 203.976, -23.274, 337.200, 35
  Mask: 00001111
        |  0  1  2  3  4  5  6  7  8  9  A  B  C  D  E  F      | 0123456789ABCDEF
    -----------------------------------------------------  ----------------------
      0 | 0E 22 82 01 8F 80 01 01 8F 00 0F 23 DB F9 4B 43    0 | .".........#..KC
      1 | 27 31 BA C1 9A 99 A8 43 57 01 00 00 28 28 64 00    1 | '1.....CW...((d.
      2 | 07 83 04 00 00 03 00 00 00 00 10 00 00 00 00 00    2 | ................
      3 | 00 00 B6 01 41 69 72 45 6C 65 6D 65 6E 74 61 6C    3 | ....AirElemental
      4 | 00 00 00 00 -- -- -- -- -- -- -- -- -- -- -- --    4 | ....------------

NPC ID: 16875678
  Name: FomorDarkKnig
  POLUtils_Name: Fomor Dark Knight
  Type: Simple NPC
  XYZR: 203.000, -23.239, 345.000, 160
  Mask: 00001111
        |  0  1  2  3  4  5  6  7  8  9  A  B  C  D  E  F      | 0123456789ABCDEF
    -----------------------------------------------------  ----------------------
      0 | 0E 24 84 01 9E 80 01 01 9E 00 0F A0 00 00 4B 43    0 | .$............KC
      1 | 79 E9 B9 C1 00 80 AC 43 06 00 00 00 28 28 64 00    1 | y......C....((d.
      2 | 07 03 00 00 00 11 00 00 00 00 00 00 00 00 00 00    2 | ................
      3 | 05 00 0B 04 46 6F 6D 6F 72 44 61 72 6B 4B 6E 69    3 | ....FomorDarkKni
      4 | 67 00 00 00 00 00 00 00 -- -- -- -- -- -- -- --    4 | g.......--------

NPC ID: 16875674
  Name: Fomor'sElement
  POLUtils_Name: Fomor's Elemental
  Type: Simple NPC
  XYZR: 200.001, -23.393, 344.501, 192
  Mask: 00001111
        |  0  1  2  3  4  5  6  7  8  9  A  B  C  D  E  F      | 0123456789ABCDEF
    -----------------------------------------------------  ----------------------
      0 | 0E 24 84 01 9A 80 01 01 9A 00 0F C0 42 00 48 43    0 | .$..........B.HC
      1 | DD 24 BB C1 21 40 AC 43 07 00 00 00 28 28 64 00    1 | .$..!@.C....((d.
      2 | 07 83 00 00 00 08 00 00 00 00 10 00 00 00 00 00    2 | ................
      3 | 00 00 0C 00 46 6F 6D 6F 72 27 73 45 6C 65 6D 65    3 | ....Fomor'sEleme
      4 | 6E 74 00 00 00 00 00 00 -- -- -- -- -- -- -- --    4 | nt......--------

NPC ID: 16875679
  Name: FomorMonk
  POLUtils_Name: Fomor Monk
  Type: Simple NPC
  XYZR: 200.000, -23.394, 344.500, 192
  Mask: 00001111
        |  0  1  2  3  4  5  6  7  8  9  A  B  C  D  E  F      | 0123456789ABCDEF
    -----------------------------------------------------  ----------------------
      0 | 0E 22 84 01 9F 80 01 01 9F 00 0F C0 00 00 48 43    0 | ."............HC
      1 | E9 26 BB C1 00 40 AC 43 06 00 00 00 28 28 64 00    1 | .&...@.C....((d.
      2 | 07 83 00 00 00 0F 00 00 00 00 00 00 00 00 00 00    2 | ................
      3 | 05 00 05 04 46 6F 6D 6F 72 4D 6F 6E 6B 00 00 00    3 | ....FomorMonk...
      4 | 00 00 00 00 -- -- -- -- -- -- -- -- -- -- -- --    4 | ....------------

NPC ID: 16875673
  Name: FomorSummoner
  POLUtils_Name: Fomor Summoner
  Type: Simple NPC
  XYZR: 200.000, -23.394, 344.500, 192
  Mask: 00001111
        |  0  1  2  3  4  5  6  7  8  9  A  B  C  D  E  F      | 0123456789ABCDEF
    -----------------------------------------------------  ----------------------
      0 | 0E 24 84 01 99 80 01 01 99 00 0F C0 00 00 48 43    0 | .$............HC
      1 | E9 26 BB C1 00 40 AC 43 07 00 00 00 28 28 64 00    1 | .&...@.C....((d.
      2 | 07 83 00 00 00 0F 00 00 00 00 00 00 00 00 00 00    2 | ................
      3 | 05 00 03 04 46 6F 6D 6F 72 53 75 6D 6D 6F 6E 65    3 | ....FomorSummone
      4 | 72 00 00 00 00 00 00 00 -- -- -- -- -- -- -- --    4 | r.......--------

NPC ID: 16875672
  Name: FomorDarkKnig
  POLUtils_Name: Fomor Dark Knight
  Type: Simple NPC
  XYZR: 203.000, -23.239, 345.000, 160
  Mask: 00001111
        |  0  1  2  3  4  5  6  7  8  9  A  B  C  D  E  F      | 0123456789ABCDEF
    -----------------------------------------------------  ----------------------
      0 | 0E 24 84 01 98 80 01 01 98 00 0F A0 00 00 4B 43    0 | .$............KC
      1 | 79 E9 B9 C1 00 80 AC 43 07 00 00 00 28 28 64 00    1 | y......C....((d.
      2 | 07 03 00 00 00 11 00 00 00 00 00 00 00 00 00 00    2 | ................
      3 | 05 00 0B 04 46 6F 6D 6F 72 44 61 72 6B 4B 6E 69    3 | ....FomorDarkKni
      4 | 67 00 00 00 00 00 00 00 -- -- -- -- -- -- -- --    4 | g.......--------

NPC ID: 16875668
  Name: FomorDarkKnig
  POLUtils_Name: Fomor Dark Knight
  Type: Simple NPC
  XYZR: 203.000, -23.239, 345.000, 160
  Mask: 00001111
        |  0  1  2  3  4  5  6  7  8  9  A  B  C  D  E  F      | 0123456789ABCDEF
    -----------------------------------------------------  ----------------------
      0 | 0E 24 84 01 94 80 01 01 94 00 0F A0 00 00 4B 43    0 | .$............KC
      1 | 79 E9 B9 C1 00 80 AC 43 07 00 00 00 28 28 64 00    1 | y......C....((d.
      2 | 07 03 00 00 00 11 00 00 00 00 00 00 00 00 00 00    2 | ................
      3 | 05 00 0B 04 46 6F 6D 6F 72 44 61 72 6B 4B 6E 69    3 | ....FomorDarkKni
      4 | 67 00 00 00 00 00 00 00 -- -- -- -- -- -- -- --    4 | g.......--------

NPC ID: 16875669
  Name: FomorBlackMag
  POLUtils_Name: Fomor Black Mage
  Type: Simple NPC
  XYZR: 200.000, -23.394, 344.500, 192
  Mask: 00001111
        |  0  1  2  3  4  5  6  7  8  9  A  B  C  D  E  F      | 0123456789ABCDEF
    -----------------------------------------------------  ----------------------
      0 | 0E 24 84 01 95 80 01 01 95 00 0F C0 00 00 48 43    0 | .$............HC
      1 | E9 26 BB C1 00 40 AC 43 07 00 00 00 28 28 64 00    1 | .&...@.C....((d.
      2 | 07 83 00 00 00 0F 00 00 00 00 00 00 00 00 00 00    2 | ................
      3 | 05 00 07 04 46 6F 6D 6F 72 42 6C 61 63 6B 4D 61    3 | ....FomorBlackMa
      4 | 67 00 00 00 00 00 00 00 -- -- -- -- -- -- -- --    4 | g.......--------

NPC ID: 16875670
  Name: FomorBard
  POLUtils_Name: Fomor Bard
  Type: Simple NPC
  XYZR: 200.000, -22.999, 348.500, 192
  Mask: 00001111
        |  0  1  2  3  4  5  6  7  8  9  A  B  C  D  E  F      | 0123456789ABCDEF
    -----------------------------------------------------  ----------------------
      0 | 0E 22 85 01 96 80 01 01 96 00 0F C0 00 00 48 43    0 | ."............HC
      1 | F4 FD B7 C1 00 40 AE 43 07 00 00 00 28 28 64 00    1 | .....@.C....((d.
      2 | 07 83 00 00 00 14 00 00 00 00 00 00 00 00 00 00    2 | ................
      3 | 05 00 0F 04 46 6F 6D 6F 72 42 61 72 64 00 00 00    3 | ....FomorBard...
      4 | 00 00 00 00 -- -- -- -- -- -- -- -- -- -- -- --    4 | ....------------

NPC ID: 16875676
  Name: Fomor'sBat
  POLUtils_Name: Fomor's Bat
  Type: Simple NPC
  XYZR: 200.001, -22.999, 348.501, 192
  Mask: 00001111
        |  0  1  2  3  4  5  6  7  8  9  A  B  C  D  E  F      | 0123456789ABCDEF
    -----------------------------------------------------  ----------------------
      0 | 0E 22 85 01 9C 80 01 01 9C 00 0F C0 42 00 48 43    0 | ."..........B.HC
      1 | F4 FD B7 C1 21 40 AE 43 06 00 00 00 28 28 64 00    1 | ....!@.C....((d.
      2 | 07 83 02 00 00 0C 00 00 00 00 08 00 00 00 00 00    2 | ................
      3 | 00 00 00 01 46 6F 6D 6F 72 27 73 42 61 74 00 00    3 | ....Fomor'sBat..
      4 | 00 00 00 00 -- -- -- -- -- -- -- -- -- -- -- --    4 | ....------------

NPC ID: 16875671
  Name: FomorRanger
  POLUtils_Name: Fomor Ranger
  Type: Simple NPC
  XYZR: 197.000, -23.239, 345.000, 224
  Mask: 00001111
        |  0  1  2  3  4  5  6  7  8  9  A  B  C  D  E  F      | 0123456789ABCDEF
    -----------------------------------------------------  ----------------------
      0 | 0E 22 85 01 97 80 01 01 97 00 0F E0 00 00 45 43    0 | ."............EC
      1 | 79 E9 B9 C1 00 80 AC 43 07 00 00 00 28 28 64 00    1 | y......C....((d.
      2 | 07 83 00 00 00 11 00 00 00 00 00 00 00 00 00 00    2 | ................
      3 | 05 00 FA 03 46 6F 6D 6F 72 52 61 6E 67 65 72 00    3 | ....FomorRanger.
      4 | 00 00 00 00 -- -- -- -- -- -- -- -- -- -- -- --    4 | ....------------

NPC ID: 16875665
  Name: FomorPaladin
  POLUtils_Name: Fomor Paladin
  Type: Simple NPC
  XYZR: 200.000, -22.999, 348.500, 192
  Mask: 00001111
        |  0  1  2  3  4  5  6  7  8  9  A  B  C  D  E  F      | 0123456789ABCDEF
    -----------------------------------------------------  ----------------------
      0 | 0E 22 85 01 91 80 01 01 91 00 0F C0 00 00 48 43    0 | ."............HC
      1 | F4 FD B7 C1 00 40 AE 43 1A 00 00 00 28 28 64 00    1 | .....@.C....((d.
      2 | 07 83 00 00 00 14 00 00 00 00 00 00 00 00 00 00    2 | ................
      3 | 05 00 11 04 46 6F 6D 6F 72 50 61 6C 61 64 69 6E    3 | ....FomorPaladin
      4 | 00 00 00 00 -- -- -- -- -- -- -- -- -- -- -- --    4 | ....------------

NPC ID: 16875675
  Name: FomorBeastmast
  POLUtils_Name: Fomor Beastmaster
  Type: Simple NPC
  XYZR: 200.000, -22.999, 348.500, 192
  Mask: 00001111
        |  0  1  2  3  4  5  6  7  8  9  A  B  C  D  E  F      | 0123456789ABCDEF
    -----------------------------------------------------  ----------------------
      0 | 0E 24 85 01 9B 80 01 01 9B 00 0F C0 00 00 48 43    0 | .$............HC
      1 | F4 FD B7 C1 00 40 AE 43 06 00 00 00 28 28 64 00    1 | .....@.C....((d.
      2 | 07 83 00 00 00 14 00 00 00 00 00 00 00 00 00 00    2 | ................
      3 | 05 00 13 04 46 6F 6D 6F 72 42 65 61 73 74 6D 61    3 | ....FomorBeastma
      4 | 73 74 00 00 00 00 00 00 -- -- -- -- -- -- -- --    4 | st......--------

NPC ID: 16875666
  Name: FomorDragoon
  POLUtils_Name: Fomor Dragoon
  Type: Simple NPC
  XYZR: 197.000, -23.239, 345.000, 224
  Mask: 00001111
        |  0  1  2  3  4  5  6  7  8  9  A  B  C  D  E  F      | 0123456789ABCDEF
    -----------------------------------------------------  ----------------------
      0 | 0E 22 85 01 92 80 01 01 92 00 0F E0 00 00 45 43    0 | ."............EC
      1 | 79 E9 B9 C1 00 80 AC 43 07 00 00 00 28 28 64 00    1 | y......C....((d.
      2 | 07 83 00 00 00 11 00 00 00 00 00 00 00 00 00 00    2 | ................
      3 | 05 00 F8 03 46 6F 6D 6F 72 44 72 61 67 6F 6F 6E    3 | ....FomorDragoon
      4 | 00 00 00 00 -- -- -- -- -- -- -- -- -- -- -- --    4 | ....------------

NPC ID: 16875677
  Name: FomorSamurai
  POLUtils_Name: Fomor Samurai
  Type: Simple NPC
  XYZR: 197.000, -23.239, 345.000, 224
  Mask: 00001111
        |  0  1  2  3  4  5  6  7  8  9  A  B  C  D  E  F      | 0123456789ABCDEF
    -----------------------------------------------------  ----------------------
      0 | 0E 22 85 01 9D 80 01 01 9D 00 0F E0 00 00 45 43    0 | ."............EC
      1 | 79 E9 B9 C1 00 80 AC 43 06 00 00 00 28 28 64 00    1 | y......C....((d.
      2 | 07 83 00 00 00 11 00 00 00 00 00 00 00 00 00 00    2 | ................
      3 | 05 00 F4 03 46 6F 6D 6F 72 53 61 6D 75 72 61 69    3 | ....FomorSamurai
      4 | 00 00 00 00 -- -- -- -- -- -- -- -- -- -- -- --    4 | ....------------

NPC ID: 16875667
  Name: Fomor'sWyvern
  POLUtils_Name: Fomor's Wyvern
  Type: Simple NPC
  XYZR: 197.001, -23.239, 345.001, 224
  Mask: 00001111
        |  0  1  2  3  4  5  6  7  8  9  A  B  C  D  E  F      | 0123456789ABCDEF
    -----------------------------------------------------  ----------------------
      0 | 0E 24 85 01 93 80 01 01 93 00 0F E0 42 00 45 43    0 | .$..........B.EC
      1 | 79 E9 B9 C1 21 80 AC 43 06 00 00 00 28 28 64 00    1 | y...!..C....((d.
      2 | 07 83 00 00 00 08 00 00 00 00 00 00 00 00 00 00    2 | ................
      3 | 00 00 18 00 46 6F 6D 6F 72 27 73 57 79 76 65 72    3 | ....Fomor'sWyver
      4 | 6E 00 00 00 00 00 00 00 -- -- -- -- -- -- -- --    4 | n.......--------

NPC ID: 16875893
  Name: blank
  POLUtils_Name:      
  Type: Decoration
  XYZR: 0.000, 0.000, 0.000, 0
  Mask: 00001111
        |  0  1  2  3  4  5  6  7  8  9  A  B  C  D  E  F      | 0123456789ABCDEF
    -----------------------------------------------------  ----------------------
      0 | 0E 1C 93 01 75 81 01 01 75 01 0F 00 00 00 00 00    0 | ....u...u.......
      1 | 00 00 00 00 00 00 00 00 00 00 00 00 32 32 64 00    1 | ............22d.
      2 | 02 03 08 00 00 00 00 00 00 00 00 00 00 00 00 00    2 | ................
      3 | 00 00 32 00 00 00 00 00 -- -- -- -- -- -- -- --    3 | ..2.....--------

NPC ID: 16875894
  Name: ???
  POLUtils_Name: ???
  Type: Simple NPC
  XYZR: 0.000, 0.000, 0.000, 0
  Mask: 00001111
        |  0  1  2  3  4  5  6  7  8  9  A  B  C  D  E  F      | 0123456789ABCDEF
    -----------------------------------------------------  ----------------------
      0 | 0E 1E 94 01 76 81 01 01 76 01 0F 00 00 00 00 00    0 | ....v...v.......
      1 | 00 00 00 00 00 00 00 00 00 00 00 00 32 32 64 00    1 | ............22d.
      2 | 02 03 08 00 00 00 00 00 00 00 00 00 00 00 00 00    2 | ................
      3 | 00 00 32 00 3F 3F 3F 00 00 00 00 00 -- -- -- --    3 | ..2.???.....----

NPC ID: 16875895
  Name: Prishe
  POLUtils_Name: Prishe
  Type: Simple NPC
  XYZR: 0.000, 0.000, 0.000, 0
  Mask: 00001111
        |  0  1  2  3  4  5  6  7  8  9  A  B  C  D  E  F      | 0123456789ABCDEF
    -----------------------------------------------------  ----------------------
      0 | 0E 20 95 01 77 81 01 01 77 01 0F 00 00 00 00 00    0 | . ..w...w.......
      1 | 00 00 00 00 00 00 00 00 00 00 00 00 32 36 64 00    1 | ............26d.
      2 | 06 1B 00 00 00 00 00 20 00 00 00 00 00 00 00 00    2 | ....... ........
      3 | 00 00 A6 05 50 72 69 73 68 65 00 00 00 00 00 00    3 | ....Prishe......

NPC ID: 16875896
  Name: Ulmia
  POLUtils_Name: Ulmia
  Type: Simple NPC
  XYZR: 0.000, 0.000, 0.000, 0
  Mask: 00001111
        |  0  1  2  3  4  5  6  7  8  9  A  B  C  D  E  F      | 0123456789ABCDEF
    -----------------------------------------------------  ----------------------
      0 | 0E 20 96 01 78 81 01 01 78 01 0F 00 00 00 00 00    0 | . ..x...x.......
      1 | 00 00 00 00 00 00 00 00 00 00 00 00 32 32 64 00    1 | ............22d.
      2 | 06 1B 00 00 00 00 00 20 00 00 00 00 00 00 00 00    2 | ....... ........
      3 | 00 00 C0 05 55 6C 6D 69 61 00 00 00 00 00 00 00    3 | ....Ulmia.......

NPC ID: 16875897
  Name: Makki-Chebukki
  POLUtils_Name: Makki-Chebukki
  Type: Simple NPC
  XYZR: 0.000, 0.000, 0.000, 0
  Mask: 00001111
        |  0  1  2  3  4  5  6  7  8  9  A  B  C  D  E  F      | 0123456789ABCDEF
    -----------------------------------------------------  ----------------------
      0 | 0E 24 97 01 79 81 01 01 79 01 0F 00 00 00 00 00    0 | .$..y...y.......
      1 | 00 00 00 00 00 00 00 00 00 00 00 00 32 32 64 00    1 | ............22d.
      2 | 06 1B 00 00 00 00 00 20 00 00 00 00 00 00 00 00    2 | ....... ........
      3 | 00 00 A5 05 4D 61 6B 6B 69 2D 43 68 65 62 75 6B    3 | ....Makki-Chebuk
      4 | 6B 69 00 00 00 00 00 00 -- -- -- -- -- -- -- --    4 | ki......--------

NPC ID: 16875898
  Name: Kukki-Chebukki
  POLUtils_Name: Kukki-Chebukki
  Type: Simple NPC
  XYZR: 0.000, 0.000, 0.000, 0
  Mask: 00001111
        |  0  1  2  3  4  5  6  7  8  9  A  B  C  D  E  F      | 0123456789ABCDEF
    -----------------------------------------------------  ----------------------
      0 | 0E 24 98 01 7A 81 01 01 7A 01 0F 00 00 00 00 00    0 | .$..z...z.......
      1 | 00 00 00 00 00 00 00 00 00 00 00 00 32 32 64 00    1 | ............22d.
      2 | 06 1B 00 00 00 00 00 20 00 00 00 00 00 00 00 00    2 | ....... ........
      3 | 00 00 A4 05 4B 75 6B 6B 69 2D 43 68 65 62 75 6B    3 | ....Kukki-Chebuk
      4 | 6B 69 00 00 00 00 00 00 -- -- -- -- -- -- -- --    4 | ki......--------

NPC ID: 16875899
  Name: Cherukiki
  POLUtils_Name: Cherukiki
  Type: Simple NPC
  XYZR: 0.000, 0.000, 0.000, 0
  Mask: 00001111
        |  0  1  2  3  4  5  6  7  8  9  A  B  C  D  E  F      | 0123456789ABCDEF
    -----------------------------------------------------  ----------------------
      0 | 0E 22 99 01 7B 81 01 01 7B 01 0F 00 00 00 00 00    0 | ."..{...{.......
      1 | 00 00 00 00 00 00 00 00 00 00 00 00 32 32 64 00    1 | ............22d.
      2 | 06 1B 00 00 00 00 00 20 00 00 00 00 00 00 00 00    2 | ....... ........
      3 | 00 00 A3 05 43 68 65 72 75 6B 69 6B 69 00 00 00    3 | ....Cherukiki...
      4 | 00 00 00 00 -- -- -- -- -- -- -- -- -- -- -- --    4 | ....------------

NPC ID: 16875900
  Name: Vukki-Chebukki
  POLUtils_Name: Vukki-Chebukki
  Type: Equipped NPC
  XYZR: 0.000, 0.000, 0.000, 0
  Mask: 01010111
        |  0  1  2  3  4  5  6  7  8  9  A  B  C  D  E  F      | 0123456789ABCDEF
    -----------------------------------------------------  ----------------------
      0 | 0E 2C 9A 01 7C 81 01 01 7C 01 57 00 00 00 00 00    0 | .,..|...|.W.....
      1 | 00 00 00 00 00 00 00 00 00 00 00 00 32 32 64 00    1 | ............22d.
      2 | 06 1B 00 00 00 00 00 20 00 00 01 00 00 00 00 00    2 | ....... ........
      3 | 01 00 0C 05 73 10 69 20 17 30 0E 40 11 50 00 60    3 | ....s.i .0.@.P.`
      4 | 00 70 00 00 00 00 00 00 00 00 00 00 00 00 00 00    4 | .p..............
      5 | 00 00 00 00 00 00 00 00 -- -- -- -- -- -- -- --    5 | ........--------

NPC ID: 16875902
  Name: Tenzen
  POLUtils_Name: Tenzen
  Type: Simple NPC
  XYZR: 0.000, 0.000, 0.000, 0
  Mask: 00001111
        |  0  1  2  3  4  5  6  7  8  9  A  B  C  D  E  F      | 0123456789ABCDEF
    -----------------------------------------------------  ----------------------
      0 | 0E 20 9B 01 7E 81 01 01 7E 01 0F 00 00 00 00 00    0 | . ..~...~.......
      1 | 00 00 00 00 00 00 00 00 00 00 00 00 32 32 64 00    1 | ............22d.
      2 | 06 1B 00 00 00 00 00 20 00 00 00 00 00 00 00 00    2 | ....... ........
      3 | 00 00 A2 05 54 65 6E 7A 65 6E 00 00 00 00 00 00    3 | ....Tenzen......

NPC ID: 16875903
  Name: Jabbos
  POLUtils_Name: Jabbos
  Type: Equipped NPC
  XYZR: 0.000, 0.000, 0.000, 0
  Mask: 01010111
        |  0  1  2  3  4  5  6  7  8  9  A  B  C  D  E  F      | 0123456789ABCDEF
    -----------------------------------------------------  ----------------------
      0 | 0E 28 9C 01 7F 81 01 01 7F 01 57 00 00 00 00 00    0 | .(........W.....
      1 | 00 00 00 00 00 00 00 00 00 00 00 00 32 32 64 00    1 | ............22d.
      2 | 06 1B 00 00 00 00 00 20 00 00 00 00 00 00 00 00    2 | ....... ........
      3 | 01 00 08 08 00 10 73 20 02 30 6A 40 00 50 5E 60    3 | ......s .0j@.P^`
      4 | 00 70 00 00 00 00 00 00 00 00 00 00 00 00 00 00    4 | .p..............

NPC ID: 16875904
  Name: Shikaree Z
  POLUtils_Name: Shikaree Z
  Type: Equipped NPC
  XYZR: 0.000, 0.000, 0.000, 0
  Mask: 01010111
        |  0  1  2  3  4  5  6  7  8  9  A  B  C  D  E  F      | 0123456789ABCDEF
    -----------------------------------------------------  ----------------------
      0 | 0E 2A 9D 01 80 81 01 01 80 01 57 00 00 00 00 00    0 | .*........W.....
      1 | 00 00 00 00 00 00 00 00 00 00 00 00 32 32 64 00    1 | ............22d.
      2 | 06 1D 00 00 00 00 00 20 00 00 00 00 00 00 00 00    2 | ....... ........
      3 | 01 00 02 07 3F 10 37 20 3C 30 58 40 3C 50 D8 60    3 | ....?.7 <0X@<P.`
      4 | 00 70 00 00 00 00 00 00 00 00 00 00 00 00 00 00    4 | .p..............
      5 | 00 00 00 00 -- -- -- -- -- -- -- -- -- -- -- --    5 | ....------------

NPC ID: 16875905
  Name: Louverance
  POLUtils_Name: Louverance
  Type: Equipped NPC
  XYZR: 0.000, 0.000, 0.000, 0
  Mask: 01010111
        |  0  1  2  3  4  5  6  7  8  9  A  B  C  D  E  F      | 0123456789ABCDEF
    -----------------------------------------------------  ----------------------
      0 | 0E 2A 9E 01 81 81 01 01 81 01 57 00 00 00 00 00    0 | .*........W.....
      1 | 00 00 00 00 00 00 00 00 00 00 00 00 32 32 64 00    1 | ............22d.
      2 | 06 1B 00 00 00 00 00 20 00 00 00 00 00 00 00 00    2 | ....... ........
      3 | 01 00 02 03 6D 10 15 20 0E 30 09 40 0E 50 08 60    3 | ....m.. .0.@.P.`
      4 | 00 70 00 00 00 00 00 00 00 00 00 00 00 00 00 00    4 | .p..............
      5 | 00 00 00 00 -- -- -- -- -- -- -- -- -- -- -- --    5 | ....------------

NPC ID: 16875906
  Name: Louverance
  POLUtils_Name: Louverance
  Type: Equipped NPC
  XYZR: 0.000, 0.000, 0.000, 0
  Mask: 01010111
        |  0  1  2  3  4  5  6  7  8  9  A  B  C  D  E  F      | 0123456789ABCDEF
    -----------------------------------------------------  ----------------------
      0 | 0E 2A 9F 01 82 81 01 01 82 01 57 00 00 00 00 00    0 | .*........W.....
      1 | 00 00 00 00 00 00 00 00 00 00 00 00 32 32 64 00    1 | ............22d.
      2 | 06 1B 00 00 00 00 00 20 00 00 00 00 00 00 00 00    2 | ....... ........
      3 | 01 00 02 03 3E 10 2C 20 00 30 64 40 64 50 40 60    3 | ....>., .0d@dP@`
      4 | 00 70 00 00 00 00 00 00 00 00 00 00 00 00 00 00    4 | .p..............
      5 | 00 00 00 00 -- -- -- -- -- -- -- -- -- -- -- --    5 | ....------------

NPC ID: 16875907
  Name: blank
  POLUtils_Name:      
  Type: Decoration
  XYZR: 0.000, 0.000, 0.000, 0
  Mask: 00001111
        |  0  1  2  3  4  5  6  7  8  9  A  B  C  D  E  F      | 0123456789ABCDEF
    -----------------------------------------------------  ----------------------
      0 | 0E 1C A0 01 83 81 01 01 83 01 0F 00 00 00 00 00    0 | ................
      1 | 00 00 00 00 00 00 00 00 00 80 00 00 32 32 64 00    1 | ............22d.
      2 | 06 1B 00 00 00 00 00 20 00 00 00 00 00 00 00 00    2 | ....... ........
      3 | 00 00 D1 02 00 00 00 00 -- -- -- -- -- -- -- --    3 | ........--------

NPC ID: 16875908
  Name: blank
  POLUtils_Name:      
  Type: Decoration
  XYZR: 0.000, 0.000, 0.000, 0
  Mask: 00001111
        |  0  1  2  3  4  5  6  7  8  9  A  B  C  D  E  F      | 0123456789ABCDEF
    -----------------------------------------------------  ----------------------
      0 | 0E 1C A1 01 84 81 01 01 84 01 0F 00 00 00 00 00    0 | ................
      1 | 00 00 00 00 00 00 00 00 00 00 00 00 32 32 64 00    1 | ............22d.
      2 | 06 1B 00 00 00 00 00 20 00 00 00 00 00 00 00 00    2 | ....... ........
      3 | 00 00 D7 03 00 00 00 00 -- -- -- -- -- -- -- --    3 | ........--------

NPC ID: 16875909
  Name: Mildaurion
  POLUtils_Name: Mildaurion
  Type: Simple NPC
  XYZR: 0.000, 0.000, 0.000, 0
  Mask: 00001111
        |  0  1  2  3  4  5  6  7  8  9  A  B  C  D  E  F      | 0123456789ABCDEF
    -----------------------------------------------------  ----------------------
      0 | 0E 22 A2 01 85 81 01 01 85 01 0F 00 00 00 00 00    0 | ."..............
      1 | 00 00 00 00 00 00 00 00 00 00 00 00 32 32 64 00    1 | ............22d.
      2 | 06 1B 00 00 00 00 00 20 00 00 00 00 00 00 00 00    2 | ....... ........
      3 | 00 00 A1 05 4D 69 6C 64 61 75 72 69 6F 6E 00 00    3 | ....Mildaurion..
      4 | 00 00 00 00 -- -- -- -- -- -- -- -- -- -- -- --    4 | ....------------

