NPC ID: 17044022
  Name: ???
  POLUtils_Name: ???
  Type: Simple NPC
  XYZR: 216.861, -26.141, -94.554, 69
  Mask: 00001111
        |  0  1  2  3  4  5  6  7  8  9  A  B  C  D  E  F      | 0123456789ABCDEF
    -----------------------------------------------------  ----------------------
      0 | 0E 1E 0A 00 36 12 04 01 36 02 0F 45 6A DC 58 43    0 | ....6...6..Ej.XC
      1 | C5 20 D1 C1 A6 1B BD C2 01 00 00 00 32 32 64 00    1 | . ..........22d.
      2 | 00 03 00 00 00 00 00 00 00 00 00 00 00 00 00 00    2 | ................
      3 | 00 00 34 00 3F 3F 3F 00 00 00 00 00 -- -- -- --    3 | ..4.???.....----

NPC ID: 17043528
  Name: MamoolJaZenis
  POLUtils_Name: Mamool Ja Zenist
  Type: Simple NPC
  XYZR: 179.730, -21.975, -89.720, 180
  Mask: 00001111
        |  0  1  2  3  4  5  6  7  8  9  A  B  C  D  E  F      | 0123456789ABCDEF
    -----------------------------------------------------  ----------------------
      0 | 0E 24 0A 00 48 10 04 01 48 00 0F B4 E1 BA 33 43    0 | .$..H...H.....3C
      1 | CD CC AF C1 A4 70 B3 C2 49 00 00 00 28 28 64 00    1 | .....p..I...((d.
      2 | 01 83 00 00 00 0C 00 00 00 00 04 00 00 00 00 00    2 | ................
      3 | 06 00 53 06 4D 61 6D 6F 6F 6C 4A 61 5A 65 6E 69    3 | ..S.MamoolJaZeni
      4 | 73 00 00 00 00 00 00 00 -- -- -- -- -- -- -- --    4 | s.......--------

NPC ID: 17044041
  Name: GoalPoint
  POLUtils_Name: GoalPoint
  Type: Simple NPC
  XYZR: 177.507, -15.216, -59.407, 0
  Mask: 00001111
        |  0  1  2  3  4  5  6  7  8  9  A  B  C  D  E  F      | 0123456789ABCDEF
    -----------------------------------------------------  ----------------------
      0 | 0E 22 0A 00 49 12 04 01 49 02 0F 00 CB 81 31 43    0 | ."..I...I.....1C
      1 | BC 74 73 C1 C5 A0 6D C2 01 00 00 00 32 32 64 00    1 | .ts...m.....22d.
      2 | 02 03 00 00 00 00 00 00 00 00 00 00 00 00 00 00    2 | ................
      3 | 00 00 34 00 47 6F 61 6C 50 6F 69 6E 74 00 00 00    3 | ..4.GoalPoint...
      4 | 00 00 00 00 -- -- -- -- -- -- -- -- -- -- -- --    4 | ....------------

NPC ID: 17044047
  Name: Moogle
  POLUtils_Name: Moogle
  Type: Simple NPC
  XYZR: 177.507, -15.216, -59.407, 0
  Mask: 00001111
        |  0  1  2  3  4  5  6  7  8  9  A  B  C  D  E  F      | 0123456789ABCDEF
    -----------------------------------------------------  ----------------------
      0 | 0E 20 0A 00 4F 12 04 01 4F 02 0F 00 CB 81 31 43    0 | . ..O...O.....1C
      1 | BC 74 73 C1 C5 A0 6D C2 01 00 00 00 32 32 64 00    1 | .ts...m.....22d.
      2 | 02 03 08 00 00 00 00 00 00 00 00 00 00 00 00 00    2 | ................
      3 | 00 00 52 00 4D 6F 6F 67 6C 65 00 00 00 00 00 00    3 | ..R.Moogle......

NPC ID: 17044058
  Name: SurvivalGuide
  POLUtils_Name: Survival Guide
  Type: Simple NPC
  XYZR: 218.000, -24.000, -104.000, 32
  Mask: 00001111
        |  0  1  2  3  4  5  6  7  8  9  A  B  C  D  E  F      | 0123456789ABCDEF
    -----------------------------------------------------  ----------------------
      0 | 0E 24 0A 00 5A 12 04 01 5A 02 0F 20 00 00 5A 43    0 | .$..Z...Z.. ..ZC
      1 | 00 00 C0 C1 00 00 D0 C2 08 00 00 00 32 32 64 00    1 | ............22d.
      2 | 00 03 00 00 00 00 00 00 00 00 11 20 00 00 00 00    2 | ........... ....
      3 | 00 00 81 09 53 75 72 76 69 76 61 6C 47 75 69 64    3 | ....SurvivalGuid
      4 | 65 00 00 00 00 00 00 00 -- -- -- -- -- -- -- --    4 | e.......--------

NPC ID: 17044039
  Name: Toad'sFootprin
  POLUtils_Name: Toad's Footprint
  Type: Simple NPC
  XYZR: 216.100, -23.818, -102.464, 0
  Mask: 00001111
        |  0  1  2  3  4  5  6  7  8  9  A  B  C  D  E  F      | 0123456789ABCDEF
    -----------------------------------------------------  ----------------------
      0 | 0E 24 0A 00 47 12 04 01 47 02 0F 00 9A 19 58 43    0 | .$..G...G.....XC
      1 | 44 8B BE C1 91 ED CC C2 01 00 00 00 32 32 64 00    1 | D...........22d.
      2 | 00 03 00 00 00 00 00 00 00 00 00 00 00 00 00 00    2 | ................
      3 | 00 00 34 00 54 6F 61 64 27 73 46 6F 6F 74 70 72    3 | ..4.Toad'sFootpr
      4 | 69 6E 00 00 00 00 00 00 -- -- -- -- -- -- -- --    4 | in......--------

NPC ID: 17045514
  Name: Curilla
  POLUtils_Name: Curilla
  Type: Simple NPC
  XYZR: 220.483, -28.144, -89.375, 65
  Mask: 00001111
        |  0  1  2  3  4  5  6  7  8  9  A  B  C  D  E  F      | 0123456789ABCDEF
    -----------------------------------------------------  ----------------------
      0 | 0E 20 11 00 0A 18 04 01 0A 07 0F 41 A6 7B 5C 43    0 | . .........A.{\\C
      1 | E9 26 E1 C1 00 C0 B2 C2 00 00 00 00 3E 32 64 00    1 | .&..........>2d.
      2 | 00 1B 02 00 00 11 00 28 45 01 08 06 00 00 00 00    2 | .......(E.......
      3 | 00 00 BE 0B 43 75 72 69 6C 6C 61 00 00 00 00 00    3 | ....Curilla.....

NPC ID: 17045515
  Name: Cherukiki
  POLUtils_Name: Cherukiki
  Type: Simple NPC
  XYZR: 220.483, -28.144, -89.375, 65
  Mask: 00001111
        |  0  1  2  3  4  5  6  7  8  9  A  B  C  D  E  F      | 0123456789ABCDEF
    -----------------------------------------------------  ----------------------
      0 | 0E 22 1E 00 0B 18 04 01 0B 07 0F 41 A6 7B 5C 43    0 | .".........A.{\\C
      1 | E9 26 E1 C1 00 C0 B2 C2 00 00 00 00 3E 32 64 00    1 | .&..........>2d.
      2 | 00 1D 02 00 00 0B 00 28 45 01 08 06 00 00 00 00    2 | .......(E.......
      3 | 00 00 CC 0B 43 68 65 72 75 6B 69 6B 69 00 00 00    3 | ....Cherukiki...
      4 | 00 00 00 00 -- -- -- -- -- -- -- -- -- -- -- --    4 | ....------------

NPC ID: 17045516
  Name: D.Shantotto
  POLUtils_Name: D.Shantotto
  Type: Simple NPC
  XYZR: 220.483, -28.144, -89.375, 65
  Mask: 00001111
        |  0  1  2  3  4  5  6  7  8  9  A  B  C  D  E  F      | 0123456789ABCDEF
    -----------------------------------------------------  ----------------------
      0 | 0E 22 2B 00 0C 18 04 01 0C 07 0F 41 A6 7B 5C 43    0 | ."+........A.{\\C
      1 | E9 26 E1 C1 00 C0 B2 C2 00 00 00 00 3E 32 64 00    1 | .&..........>2d.
      2 | 00 1B 02 00 00 0F 00 28 45 01 08 06 00 00 00 00    2 | .......(E.......
      3 | 00 00 DE 0B 44 2E 53 68 61 6E 74 6F 74 74 6F 00    3 | ....D.Shantotto.
      4 | 00 00 00 00 -- -- -- -- -- -- -- -- -- -- -- --    4 | ....------------

NPC ID: 17045517
  Name: Cid
  POLUtils_Name: Cid
  Type: Simple NPC
  XYZR: 220.483, -28.144, -89.375, 65
  Mask: 00001111
        |  0  1  2  3  4  5  6  7  8  9  A  B  C  D  E  F      | 0123456789ABCDEF
    -----------------------------------------------------  ----------------------
      0 | 0E 1E 36 00 0D 18 04 01 0D 07 0F 41 A6 7B 5C 43    0 | ..6........A.{\\C
      1 | E9 26 E1 C1 00 C0 B2 C2 00 00 00 00 3E 32 64 00    1 | .&..........>2d.
      2 | 00 9B 00 00 00 11 00 28 45 01 00 06 00 00 00 00    2 | .......(E.......
      3 | 00 00 E1 0B 43 69 64 00 00 00 00 00 -- -- -- --    3 | ....Cid.....----

NPC ID: 17043544
  Name: MamoolJaSophi
  POLUtils_Name: Mamool Ja Sophist
  Type: Simple NPC
  XYZR: 141.938, -12.323, -100.520, 67
  Mask: 00001111
        |  0  1  2  3  4  5  6  7  8  9  A  B  C  D  E  F      | 0123456789ABCDEF
    -----------------------------------------------------  ----------------------
      0 | 0E 24 8C 00 58 10 04 01 58 00 0F 43 21 F0 0D 43    0 | .$..X...X..C!..C
      1 | 02 2B 45 C1 3D 0A C9 C2 F5 00 00 00 28 28 64 00    1 | .+E.=.......((d.
      2 | 01 83 00 00 00 0C 00 00 00 00 04 00 00 00 00 00    2 | ................
      3 | 06 00 5F 06 4D 61 6D 6F 6F 6C 4A 61 53 6F 70 68    3 | .._.MamoolJaSoph
      4 | 69 00 00 00 00 00 00 00 -- -- -- -- -- -- -- --    4 | i.......--------

NPC ID: 17043543
  Name: MamoolJaSavan
  POLUtils_Name: Mamool Ja Savant
  Type: Simple NPC
  XYZR: 140.511, -12.374, -59.558, 41
  Mask: 00001111
        |  0  1  2  3  4  5  6  7  8  9  A  B  C  D  E  F      | 0123456789ABCDEF
    -----------------------------------------------------  ----------------------
      0 | 0E 24 95 00 57 10 04 01 57 00 0F 29 D1 82 0C 43    0 | .$..W...W..)...C
      1 | E7 FB 45 C1 64 3B 6E C2 C0 00 00 00 28 28 64 00    1 | ..E.d;n.....((d.
      2 | 01 83 00 00 00 0C 00 00 00 00 04 00 00 00 00 00    2 | ................
      3 | 06 00 5B 06 4D 61 6D 6F 6F 6C 4A 61 53 61 76 61    3 | ..[.MamoolJaSava
      4 | 6E 00 00 00 00 00 00 00 -- -- -- -- -- -- -- --    4 | n.......--------

NPC ID: 17043531
  Name: Puk
  POLUtils_Name: Puk
  Type: Simple NPC
  XYZR: 130.393, -4.187, -73.496, 243
  Mask: 00001111
        |  0  1  2  3  4  5  6  7  8  9  A  B  C  D  E  F      | 0123456789ABCDEF
    -----------------------------------------------------  ----------------------
      0 | 0E 1E A2 00 4B 10 04 01 4B 00 0F F3 9C 64 02 43    0 | ....K...K....d.C
      1 | E7 FB 85 C0 F4 FD 92 C2 F4 00 00 00 38 38 64 00    1 | ............88d.
      2 | 01 81 00 00 00 0A 00 00 00 00 00 00 00 00 00 00    2 | ................
      3 | 00 00 D0 06 50 75 6B 00 00 00 00 00 -- -- -- --    3 | ....Puk.....----

NPC ID: 17043529
  Name: HuntingRaptor
  POLUtils_Name: Hunting Raptor
  Type: Simple NPC
  XYZR: 109.560, -3.733, -81.266, 172
  Mask: 00001111
        |  0  1  2  3  4  5  6  7  8  9  A  B  C  D  E  F      | 0123456789ABCDEF
    -----------------------------------------------------  ----------------------
      0 | 0E 24 AF 00 49 10 04 01 49 00 0F AC B8 1E DB 42    0 | .$..I...I......B
      1 | 79 E9 6E C0 31 88 A2 C2 62 00 00 00 46 46 64 00    1 | y.n.1...b...FFd.
      2 | 01 83 00 00 00 12 00 00 00 00 00 00 00 00 00 00    2 | ................
      3 | 00 00 3D 01 48 75 6E 74 69 6E 67 52 61 70 74 6F    3 | ..=.HuntingRapto
      4 | 72 00 00 00 00 00 00 00 -- -- -- -- -- -- -- --    4 | r.......--------

NPC ID: 17043530
  Name: HuntingRaptor
  POLUtils_Name: Hunting Raptor
  Type: Simple NPC
  XYZR: 111.565, -3.801, -90.990, 137
  Mask: 00001111
        |  0  1  2  3  4  5  6  7  8  9  A  B  C  D  E  F      | 0123456789ABCDEF
    -----------------------------------------------------  ----------------------
      0 | 0E 24 B0 00 4A 10 04 01 4A 00 0F 89 48 21 DF 42    0 | .$..J...J...H!.B
      1 | 96 43 73 C0 E1 FA B5 C2 7D 00 00 00 46 46 64 00    1 | .Cs.....}...FFd.
      2 | 01 83 00 00 00 12 00 00 00 00 00 00 00 00 00 00    2 | ................
      3 | 00 00 3D 01 48 75 6E 74 69 6E 67 52 61 70 74 6F    3 | ..=.HuntingRapto
      4 | 72 00 00 00 00 00 00 00 -- -- -- -- -- -- -- --    4 | r.......--------

NPC ID: 17043532
  Name: DevoutRadolJa
  POLUtils_Name: Devout Radol Ja
  Type: Simple NPC
  XYZR: 106.061, -3.505, -77.850, 246
  Mask: 00001111
        |  0  1  2  3  4  5  6  7  8  9  A  B  C  D  E  F      | 0123456789ABCDEF
    -----------------------------------------------------  ----------------------
      0 | 0E 24 B0 00 4C 10 04 01 4C 00 0F F6 3B 1F D4 42    0 | .$..L...L...;..B
      1 | EC 51 60 C0 33 B3 9B C2 FB 01 00 00 28 28 00 03    1 | .Q`.3.......((..
      2 | 07 9F 00 00 00 10 00 20 00 00 04 00 F4 8D 06 00    2 | ....... ........
      3 | 06 00 5A 06 44 65 76 6F 75 74 52 61 64 6F 6C 4A    3 | ..Z.DevoutRadolJ
      4 | 61 00 00 00 00 00 00 00 -- -- -- -- -- -- -- --    4 | a.......--------

NPC ID: 17043862
  Name: MamoolJaTreas
  POLUtils_Name: Mamool Ja Treasurer
  Type: Simple NPC
  XYZR: 102.195, -5.443, -69.171, 116
  Mask: 00001111
        |  0  1  2  3  4  5  6  7  8  9  A  B  C  D  E  F      | 0123456789ABCDEF
    -----------------------------------------------------  ----------------------
      0 | 0E 24 B1 00 96 11 04 01 96 01 0F 74 D7 63 CC 42    0 | .$.........t.c.B
      1 | 0E 2D AE C0 8D 57 8A C2 0E 01 00 00 28 28 64 00    1 | .-...W......((d.
      2 | 01 9D 00 00 00 0D 00 20 00 00 04 00 00 00 00 00    2 | ....... ........
      3 | 06 00 5A 06 4D 61 6D 6F 6F 6C 4A 61 54 72 65 61    3 | ..Z.MamoolJaTrea
      4 | 73 00 00 00 00 00 00 00 -- -- -- -- -- -- -- --    4 | s.......--------

NPC ID: 17043861
  Name: MamoolJaConse
  POLUtils_Name: Mamool Ja Conservator
  Type: Simple NPC
  XYZR: 98.152, -5.667, -67.708, 26
  Mask: 00001111
        |  0  1  2  3  4  5  6  7  8  9  A  B  C  D  E  F      | 0123456789ABCDEF
    -----------------------------------------------------  ----------------------
      0 | 0E 24 B3 00 95 11 04 01 95 01 0F 1A D3 4D C4 42    0 | .$...........M.B
      1 | 10 58 B5 C0 7F 6A 87 C2 99 00 00 00 28 28 64 00    1 | .X...j......((d.
      2 | 01 9D 00 00 00 0D 00 20 00 00 04 00 00 00 00 00    2 | ....... ........
      3 | 06 00 53 06 4D 61 6D 6F 6F 6C 4A 61 43 6F 6E 73    3 | ..S.MamoolJaCons
      4 | 65 00 00 00 00 00 00 00 -- -- -- -- -- -- -- --    4 | e.......--------

NPC ID: 17043850
  Name: ArchaicMirror
  POLUtils_Name: Archaic Mirror
  Type: Simple NPC
  XYZR: 95.844, -5.460, -66.730, 42
  Mask: 00001111
        |  0  1  2  3  4  5  6  7  8  9  A  B  C  D  E  F      | 0123456789ABCDEF
    -----------------------------------------------------  ----------------------
      0 | 0E 24 B4 00 8A 11 04 01 8A 01 0F 2A 21 B0 BF 42    0 | .$.........*!..B
      1 | 52 B8 AE C0 C3 75 85 C2 07 00 00 00 28 28 64 00    1 | R....u......((d.
      2 | 01 83 04 00 00 0C 00 00 00 00 04 40 00 00 00 00    2 | ...........@....
      3 | 06 00 17 06 41 72 63 68 61 69 63 4D 69 72 72 6F    3 | ....ArchaicMirro
      4 | 72 00 00 00 00 00 00 00 -- -- -- -- -- -- -- --    4 | r.......--------

NPC ID: 17043539
  Name: MamoolJaMimic
  POLUtils_Name: Mamool Ja Mimicker
  Type: Simple NPC
  XYZR: 94.183, -5.940, -63.676, 35
  Mask: 00001111
        |  0  1  2  3  4  5  6  7  8  9  A  B  C  D  E  F      | 0123456789ABCDEF
    -----------------------------------------------------  ----------------------
      0 | 0E 24 C2 00 53 10 04 01 53 00 0F 23 B2 5D BC 42    0 | .$..S...S..#.].B
      1 | 7B 14 BE C0 39 B4 7E C2 8A 00 00 00 28 28 64 00    1 | {...9.~.....((d.
      2 | 01 83 00 00 00 0C 00 00 00 00 04 00 00 00 00 00    2 | ................
      3 | 06 00 47 06 4D 61 6D 6F 6F 6C 4A 61 4D 69 6D 69    3 | ..G.MamoolJaMimi
      4 | 63 00 00 00 00 00 00 00 -- -- -- -- -- -- -- --    4 | c.......--------

NPC ID: 17043541
  Name: MamoolJaStrap
  POLUtils_Name: Mamool Ja Strapper
  Type: Simple NPC
  XYZR: 94.555, -3.737, -42.879, 38
  Mask: 00001111
        |  0  1  2  3  4  5  6  7  8  9  A  B  C  D  E  F      | 0123456789ABCDEF
    -----------------------------------------------------  ----------------------
      0 | 0E 24 E9 00 55 10 04 01 55 00 0F 26 29 1C BD 42    0 | .$..U...U..&)..B
      1 | 02 2B 6F C0 19 84 2B C2 48 00 00 00 28 28 64 00    1 | .+o...+.H...((d.
      2 | 01 83 00 00 00 0C 00 00 00 00 04 00 00 00 00 00    2 | ................
      3 | 06 00 49 06 4D 61 6D 6F 6F 6C 4A 61 53 74 72 61    3 | ..I.MamoolJaStra
      4 | 70 00 00 00 00 00 00 00 -- -- -- -- -- -- -- --    4 | p.......--------

NPC ID: 17043542
  Name: MamoolJa'sLiz
  POLUtils_Name: Mamool Ja's Lizard
  Type: Simple NPC
  XYZR: 94.277, -3.782, -45.136, 218
  Mask: 00001111
        |  0  1  2  3  4  5  6  7  8  9  A  B  C  D  E  F      | 0123456789ABCDEF
    -----------------------------------------------------  ----------------------
      0 | 0E 24 E9 00 56 10 04 01 56 00 0F DA D3 8D BC 42    0 | .$..V...V......B
      1 | 4A 0C 72 C0 44 8B 34 C2 6F 00 00 00 28 28 64 00    1 | J.r.D.4.o...((d.
      2 | 01 83 00 00 00 10 00 00 00 00 00 00 00 00 00 00    2 | ................
      3 | 00 00 48 01 4D 61 6D 6F 6F 6C 4A 61 27 73 4C 69    3 | ..H.MamoolJa'sLi
      4 | 7A 00 00 00 00 00 00 00 -- -- -- -- -- -- -- --    4 | z.......--------

NPC ID: 17043533
  Name: HuntingRaptor
  POLUtils_Name: Hunting Raptor
  Type: Simple NPC
  XYZR: 95.207, -3.673, -91.550, 163
  Mask: 00001111
        |  0  1  2  3  4  5  6  7  8  9  A  B  C  D  E  F      | 0123456789ABCDEF
    -----------------------------------------------------  ----------------------
      0 | 0E 24 ED 00 4D 10 04 01 4D 00 0F A3 FC 69 BE 42    0 | .$..M...M....i.B
      1 | 6F 12 6B C0 9A 19 B7 C2 63 00 00 00 46 46 64 00    1 | o.k.....c...FFd.
      2 | 01 83 00 00 00 12 00 00 00 00 00 00 00 00 00 00    2 | ................
      3 | 00 00 3D 01 48 75 6E 74 69 6E 67 52 61 70 74 6F    3 | ..=.HuntingRapto
      4 | 72 00 00 00 00 00 00 00 -- -- -- -- -- -- -- --    4 | r.......--------

NPC ID: 17043956
  Name: _1td
  POLUtils_Name: Pot Hatch
  Type: Simple NPC
  XYZR: 89.579, -4.544, -44.749, 0
  Mask: 00000111
        |  0  1  2  3  4  5  6  7  8  9  A  B  C  D  E  F      | 0123456789ABCDEF
    -----------------------------------------------------  ----------------------
      0 | 0E 20 ED 00 F4 11 04 01 F4 01 07 00 73 28 B3 42    0 | . ..........s(.B
      1 | 73 68 91 C0 FA FE 32 C2 01 00 00 00 32 32 64 09    1 | sh....2.....22d.
      2 | 00 03 10 00 00 00 00 00 00 00 00 00 00 00 00 00    2 | ................
      3 | 02 00 00 00 5F 31 74 64 00 00 00 00 00 00 00 00    3 | ...._1td........

NPC ID: 17043535
  Name: HuntingRaptor
  POLUtils_Name: Hunting Raptor
  Type: Simple NPC
  XYZR: 90.622, -3.737, -90.348, 158
  Mask: 00001111
        |  0  1  2  3  4  5  6  7  8  9  A  B  C  D  E  F      | 0123456789ABCDEF
    -----------------------------------------------------  ----------------------
      0 | 0E 24 EE 00 4F 10 04 01 4F 00 0F 9E 77 3E B5 42    0 | .$..O...O...w>.B
      1 | 02 2B 6F C0 2D B2 B4 C2 BF 00 00 00 46 46 64 00    1 | .+o.-.......FFd.
      2 | 01 83 00 00 00 12 00 00 00 00 00 00 00 00 00 00    2 | ................
      3 | 00 00 3D 01 48 75 6E 74 69 6E 67 52 61 70 74 6F    3 | ..=.HuntingRapto
      4 | 72 00 00 00 00 00 00 00 -- -- -- -- -- -- -- --    4 | r.......--------

NPC ID: 17043534
  Name: HuntingRaptor
  POLUtils_Name: Hunting Raptor
  Type: Simple NPC
  XYZR: 83.800, -3.760, -78.196, 72
  Mask: 00001111
        |  0  1  2  3  4  5  6  7  8  9  A  B  C  D  E  F      | 0123456789ABCDEF
    -----------------------------------------------------  ----------------------
      0 | 0E 24 EF 00 4E 10 04 01 4E 00 0F 48 9A 99 A7 42    0 | .$..N...N..H...B
      1 | D7 A3 70 C0 5A 64 9C C2 A4 00 00 00 46 46 64 00    1 | ..p.Zd......FFd.
      2 | 01 83 00 00 00 12 00 00 00 00 00 00 00 00 00 00    2 | ................
      3 | 00 00 3D 01 48 75 6E 74 69 6E 67 52 61 70 74 6F    3 | ..=.HuntingRapto
      4 | 72 00 00 00 00 00 00 00 -- -- -- -- -- -- -- --    4 | r.......--------

NPC ID: 17043957
  Name: _1te
  POLUtils_Name: Pot Hatch
  Type: Simple NPC
  XYZR: 86.056, -4.479, -40.298, 0
  Mask: 00000111
        |  0  1  2  3  4  5  6  7  8  9  A  B  C  D  E  F      | 0123456789ABCDEF
    -----------------------------------------------------  ----------------------
      0 | 0E 20 F4 00 F5 11 04 01 F5 01 07 00 AC 1C AC 42    0 | . .............B
      1 | F8 53 8F C0 27 31 21 C2 01 00 00 00 32 32 64 09    1 | .S..'1!.....22d.
      2 | 00 03 10 00 00 00 00 00 00 00 00 00 00 00 00 00    2 | ................
      3 | 02 00 00 00 5F 31 74 65 00 00 00 00 00 00 00 00    3 | ...._1te........

NPC ID: 17043540
  Name: Colibri
  POLUtils_Name: Colibri
  Type: Simple NPC
  XYZR: 71.592, -4.030, -87.135, 39
  Mask: 00001111
        |  0  1  2  3  4  5  6  7  8  9  A  B  C  D  E  F      | 0123456789ABCDEF
    -----------------------------------------------------  ----------------------
      0 | 0E 20 F6 00 54 10 04 01 54 00 0F 27 1B 2F 8F 42    0 | . ..T...T..'./.B
      1 | C3 F5 80 C0 1F 45 AE C2 8A 00 00 00 40 40 64 00    1 | .....E......@@d.
      2 | 01 83 00 00 00 0C 00 00 00 00 04 00 00 00 00 00    2 | ................
      3 | 00 00 B8 06 43 6F 6C 69 62 72 69 00 00 00 00 00    3 | ....Colibri.....

NPC ID: 17044057
  Name: RiftwornPyxis
  POLUtils_Name: Riftworn Pyxis
  Type: Simple NPC
  XYZR: 62.335, -3.725, -85.492, 233
  Mask: 00001111
        |  0  1  2  3  4  5  6  7  8  9  A  B  C  D  E  F      | 0123456789ABCDEF
    -----------------------------------------------------  ----------------------
      0 | 0E 24 FB 00 59 12 04 01 59 02 0F E9 0A 57 79 42    0 | .$..Y...Y....WyB
      1 | 66 66 6E C0 E7 FB AA C2 01 00 00 00 32 32 64 00    1 | ffn.........22d.
      2 | 02 03 00 00 00 00 00 02 A0 00 04 64 00 00 00 00    2 | ...........d....
      3 | 00 00 C9 03 52 69 66 74 77 6F 72 6E 50 79 78 69    3 | ....RiftwornPyxi
      4 | 73 00 00 00 00 00 00 00 -- -- -- -- -- -- -- --    4 | s.......--------

NPC ID: 17044054
  Name: PlanarRift
  POLUtils_Name: Planar Rift
  Type: Simple NPC
  XYZR: 62.235, -3.725, -85.492, 233
  Mask: 00001111
        |  0  1  2  3  4  5  6  7  8  9  A  B  C  D  E  F      | 0123456789ABCDEF
    -----------------------------------------------------  ----------------------
      0 | 0E 22 FB 00 56 12 04 01 56 02 0F E9 A4 F0 78 42    0 | ."..V...V.....xB
      1 | 66 66 6E C0 E7 FB AA C2 01 00 00 00 32 32 64 00    1 | ffn.........22d.
      2 | 00 03 00 00 00 00 00 02 A0 00 05 64 00 00 00 00    2 | ...........d....
      3 | 00 00 6F 09 50 6C 61 6E 61 72 52 69 66 74 00 00    3 | ..o.PlanarRift..
      4 | 00 00 00 00 -- -- -- -- -- -- -- -- -- -- -- --    4 | ....------------

NPC ID: 17043556
  Name: Puk
  POLUtils_Name: Puk
  Type: Simple NPC
  XYZR: 123.448, 14.098, -146.213, 176
  Mask: 00001111
        |  0  1  2  3  4  5  6  7  8  9  A  B  C  D  E  F      | 0123456789ABCDEF
    -----------------------------------------------------  ----------------------
      0 | 0E 1E 06 01 64 10 04 01 64 00 0F B0 60 E5 F6 42    0 | ....d...d...`..B
      1 | 68 91 61 41 87 36 12 C3 48 00 00 00 38 38 64 00    1 | h.aA.6..H...88d.
      2 | 01 81 00 00 00 0A 00 00 00 00 00 00 00 00 00 00    2 | ................
      3 | 00 00 D0 06 50 75 6B 00 00 00 00 00 -- -- -- --    3 | ....Puk.....----

NPC ID: 17043557
  Name: Ziz
  POLUtils_Name: Ziz
  Type: Simple NPC
  XYZR: 91.082, 14.240, -149.356, 163
  Mask: 00001111
        |  0  1  2  3  4  5  6  7  8  9  A  B  C  D  E  F      | 0123456789ABCDEF
    -----------------------------------------------------  ----------------------
      0 | 0E 1E 06 01 65 10 04 01 65 00 0F A3 FC 29 B6 42    0 | ....e...e....).B
      1 | 0A D7 63 41 23 5B 15 C3 44 01 00 00 28 28 64 00    1 | ..cA#[..D...((d.
      2 | 01 83 00 00 00 25 00 00 00 00 0D 00 00 00 00 00    2 | .....%..........
      3 | 00 00 21 01 5A 69 7A 00 00 00 00 00 -- -- -- --    3 | ..!.Ziz.....----

NPC ID: 17043584
  Name: MamoolJaSavan
  POLUtils_Name: Mamool Ja Savant
  Type: Simple NPC
  XYZR: 60.500, 6.676, -135.994, 192
  Mask: 00001111
        |  0  1  2  3  4  5  6  7  8  9  A  B  C  D  E  F      | 0123456789ABCDEF
    -----------------------------------------------------  ----------------------
      0 | 0E 24 08 01 80 10 04 01 80 00 0F C0 00 00 72 42    0 | .$............rB
      1 | CB A1 D5 40 77 FE 07 C3 B2 00 00 00 28 28 64 00    1 | ...@w.......((d.
      2 | 01 83 00 00 00 0C 00 00 00 00 04 00 00 00 00 00    2 | ................
      3 | 06 00 5B 06 4D 61 6D 6F 6F 6C 4A 61 53 61 76 61    3 | ..[.MamoolJaSava
      4 | 6E 00 00 00 00 00 00 00 -- -- -- -- -- -- -- --    4 | n.......--------

NPC ID: 17043583
  Name: MamoolJaMimic
  POLUtils_Name: Mamool Ja Mimicker
  Type: Simple NPC
  XYZR: 60.276, 6.691, -138.807, 194
  Mask: 00001111
        |  0  1  2  3  4  5  6  7  8  9  A  B  C  D  E  F      | 0123456789ABCDEF
    -----------------------------------------------------  ----------------------
      0 | 0E 24 09 01 7F 10 04 01 7F 00 0F C2 A0 1A 71 42    0 | .$............qB
      1 | AC 1C D6 40 98 CE 0A C3 13 00 00 00 28 28 64 00    1 | ...@........((d.
      2 | 01 83 00 00 00 0C 00 00 00 00 04 00 00 00 00 00    2 | ................
      3 | 06 00 47 06 4D 61 6D 6F 6F 6C 4A 61 4D 69 6D 69    3 | ..G.MamoolJaMimi
      4 | 63 00 00 00 00 00 00 00 -- -- -- -- -- -- -- --    4 | c.......--------

NPC ID: 17043555
  Name: Ziz
  POLUtils_Name: Ziz
  Type: Simple NPC
  XYZR: 124.088, 14.108, -153.273, 90
  Mask: 00001111
        |  0  1  2  3  4  5  6  7  8  9  A  B  C  D  E  F      | 0123456789ABCDEF
    -----------------------------------------------------  ----------------------
      0 | 0E 1E 0A 01 63 10 04 01 63 00 0F 5A 0E 2D F8 42    0 | ....c...c..Z.-.B
      1 | 5E BA 61 41 E3 45 19 C3 A5 00 00 00 28 28 64 00    1 | ^.aA.E......((d.
      2 | 01 83 00 00 00 25 00 00 00 00 0D 00 00 00 00 00    2 | .....%..........
      3 | 00 00 21 01 5A 69 7A 00 00 00 00 00 -- -- -- --    3 | ..!.Ziz.....----

NPC ID: 17043558
  Name: Ziz
  POLUtils_Name: Ziz
  Type: Simple NPC
  XYZR: 102.395, 14.285, -158.656, 5
  Mask: 00001111
        |  0  1  2  3  4  5  6  7  8  9  A  B  C  D  E  F      | 0123456789ABCDEF
    -----------------------------------------------------  ----------------------
      0 | 0E 1E 0A 01 66 10 04 01 66 00 0F 05 3D CA CC 42    0 | ....f...f...=..B
      1 | 5C 8F 64 41 F0 A7 1E C3 43 01 00 00 28 28 64 00    1 | \\.dA....C...((d.
      2 | 01 83 00 00 00 25 00 00 00 00 0D 00 00 00 00 00    2 | .....%..........
      3 | 00 00 21 01 5A 69 7A 00 00 00 00 00 -- -- -- --    3 | ..!.Ziz.....----

NPC ID: 17043559
  Name: Puk
  POLUtils_Name: Puk
  Type: Simple NPC
  XYZR: 78.763, 14.175, -161.489, 159
  Mask: 00001111
        |  0  1  2  3  4  5  6  7  8  9  A  B  C  D  E  F      | 0123456789ABCDEF
    -----------------------------------------------------  ----------------------
      0 | 0E 1E 0D 01 67 10 04 01 67 00 0F 9F A8 86 9D 42    0 | ....g...g......B
      1 | CD CC 62 41 2F 7D 21 C3 A5 00 00 00 38 38 64 00    1 | ..bA/}!.....88d.
      2 | 01 81 00 00 00 0A 00 00 00 00 00 00 00 00 00 00    2 | ................
      3 | 00 00 D0 06 50 75 6B 00 00 00 00 00 -- -- -- --    3 | ....Puk.....----

NPC ID: 17043567
  Name: SuhurMas
  POLUtils_Name: Suhur Mas
  Type: Simple NPC
  XYZR: 67.596, 14.547, -158.595, 29
  Mask: 00001111
        |  0  1  2  3  4  5  6  7  8  9  A  B  C  D  E  F      | 0123456789ABCDEF
    -----------------------------------------------------  ----------------------
      0 | 0E 20 10 01 6F 10 04 01 6F 00 0F 1D 27 31 87 42    0 | . ..o...o...'1.B
      1 | 83 C0 68 41 52 98 1E C3 51 01 00 00 28 28 64 00    1 | ..hAR...Q...((d.
      2 | 01 83 00 00 00 1B 00 00 00 00 00 00 00 00 00 00    2 | ................
      3 | 00 00 5C 01 53 75 68 75 72 4D 61 73 00 00 00 00    3 | ..\\.SuhurMas....

NPC ID: 17043565
  Name: SuhurMas
  POLUtils_Name: Suhur Mas
  Type: Simple NPC
  XYZR: 120.147, 15.693, -179.607, 247
  Mask: 00001111
        |  0  1  2  3  4  5  6  7  8  9  A  B  C  D  E  F      | 0123456789ABCDEF
    -----------------------------------------------------  ----------------------
      0 | 0E 20 16 01 6D 10 04 01 6D 00 0F F7 44 4B F0 42    0 | . ..m...m...DK.B
      1 | 87 16 7B 41 64 9B 33 C3 62 00 00 00 28 28 64 00    1 | ..{Ad.3.b...((d.
      2 | 01 83 00 00 00 1B 00 00 00 00 00 00 00 00 00 00    2 | ................
      3 | 00 00 5C 01 53 75 68 75 72 4D 61 73 00 00 00 00    3 | ..\\.SuhurMas....

NPC ID: 17043585
  Name: MamoolJaZenis
  POLUtils_Name: Mamool Ja Zenist
  Type: Simple NPC
  XYZR: 110.333, 6.655, -182.651, 221
  Mask: 00001111
        |  0  1  2  3  4  5  6  7  8  9  A  B  C  D  E  F      | 0123456789ABCDEF
    -----------------------------------------------------  ----------------------
      0 | 0E 24 16 01 81 10 04 01 81 00 0F DD 7F AA DC 42    0 | .$.............B
      1 | C3 F5 D4 40 A8 A6 36 C3 28 01 00 00 28 28 64 00    1 | ...@..6.(...((d.
      2 | 01 83 00 00 00 0C 00 00 00 00 04 00 00 00 00 00    2 | ................
      3 | 06 00 53 06 4D 61 6D 6F 6F 6C 4A 61 5A 65 6E 69    3 | ..S.MamoolJaZeni
      4 | 73 00 00 00 00 00 00 00 -- -- -- -- -- -- -- --    4 | s.......--------

NPC ID: 17043586
  Name: MamoolJaBound
  POLUtils_Name: Mamool Ja Bounder
  Type: Simple NPC
  XYZR: 92.137, 6.535, -181.743, 165
  Mask: 00001111
        |  0  1  2  3  4  5  6  7  8  9  A  B  C  D  E  F      | 0123456789ABCDEF
    -----------------------------------------------------  ----------------------
      0 | 0E 24 16 01 82 10 04 01 82 00 0F A5 25 46 B8 42    0 | .$..........%F.B
      1 | B8 1E D1 40 35 BE 35 C3 D9 00 00 00 28 28 64 00    1 | ...@5.5.....((d.
      2 | 01 83 00 00 00 0C 00 00 00 00 04 00 00 00 00 00    2 | ................
      3 | 06 00 47 06 4D 61 6D 6F 6F 6C 4A 61 42 6F 75 6E    3 | ..G.MamoolJaBoun
      4 | 64 00 00 00 00 00 00 00 -- -- -- -- -- -- -- --    4 | d.......--------

NPC ID: 17043553
  Name: Ziz
  POLUtils_Name: Ziz
  Type: Simple NPC
  XYZR: 125.664, 15.778, -181.262, 143
  Mask: 00001111
        |  0  1  2  3  4  5  6  7  8  9  A  B  C  D  E  F      | 0123456789ABCDEF
    -----------------------------------------------------  ----------------------
      0 | 0E 1E 18 01 61 10 04 01 61 00 0F 8F F8 53 FB 42    0 | ....a...a....S.B
      1 | B0 72 7C 41 12 43 35 C3 75 11 00 00 28 28 00 03    1 | .r|A.C5.u...((..
      2 | 07 83 00 00 00 25 00 00 00 00 0D 00 F2 B8 03 00    2 | .....%..........
      3 | 00 00 21 01 5A 69 7A 00 00 00 00 00 -- -- -- --    3 | ..!.Ziz.....----

NPC ID: 17043562
  Name: Ziz
  POLUtils_Name: Ziz
  Type: Simple NPC
  XYZR: 75.512, 14.288, -186.921, 239
  Mask: 00001111
        |  0  1  2  3  4  5  6  7  8  9  A  B  C  D  E  F      | 0123456789ABCDEF
    -----------------------------------------------------  ----------------------
      0 | 0E 1E 1B 01 6A 10 04 01 6A 00 0F EF 25 06 97 42    0 | ....j...j...%..B
      1 | A6 9B 64 41 C7 EB 3A C3 63 00 00 00 28 28 64 00    1 | ..dA..:.c...((d.
      2 | 01 83 00 00 00 25 00 00 00 00 0D 00 00 00 00 00    2 | .....%..........
      3 | 00 00 21 01 5A 69 7A 00 00 00 00 00 -- -- -- --    3 | ..!.Ziz.....----

NPC ID: 17043566
  Name: SuhurMas
  POLUtils_Name: Suhur Mas
  Type: Simple NPC
  XYZR: 96.720, 15.618, -195.268, 128
  Mask: 00001111
        |  0  1  2  3  4  5  6  7  8  9  A  B  C  D  E  F      | 0123456789ABCDEF
    -----------------------------------------------------  ----------------------
      0 | 0E 20 1C 01 6E 10 04 01 6E 00 0F 80 A4 70 C1 42    0 | . ..n...n....p.B
      1 | 54 E3 79 41 9C 44 43 C3 F5 00 00 00 28 28 64 00    1 | T.yA.DC.....((d.
      2 | 01 83 00 00 00 1B 00 00 00 00 00 00 00 00 00 00    2 | ................
      3 | 00 00 5C 01 53 75 68 75 72 4D 61 73 00 00 00 00    3 | ..\\.SuhurMas....

NPC ID: 17043560
  Name: Ziz
  POLUtils_Name: Ziz
  Type: Simple NPC
  XYZR: 76.747, 14.129, -193.599, 235
  Mask: 00001111
        |  0  1  2  3  4  5  6  7  8  9  A  B  C  D  E  F      | 0123456789ABCDEF
    -----------------------------------------------------  ----------------------
      0 | 0E 1E 1D 01 68 10 04 01 68 00 0F EB 77 7E 99 42    0 | ....h...h...w~.B
      1 | 62 10 62 41 58 99 41 C3 13 00 00 00 28 28 64 00    1 | b.bAX.A.....((d.
      2 | 01 83 00 00 00 25 00 00 00 00 0D 00 00 00 00 00    2 | .....%..........
      3 | 00 00 21 01 5A 69 7A 00 00 00 00 00 -- -- -- --    3 | ..!.Ziz.....----

NPC ID: 17043959
  Name: _1tg
  POLUtils_Name: Pot Hatch
  Type: Simple NPC
  XYZR: 47.301, 13.555, -159.809, 0
  Mask: 00000111
        |  0  1  2  3  4  5  6  7  8  9  A  B  C  D  E  F      | 0123456789ABCDEF
    -----------------------------------------------------  ----------------------
      0 | 0E 20 1D 01 F7 11 04 01 F7 01 07 00 39 34 3D 42    0 | . ..........94=B
      1 | 48 E1 58 41 1B CF 1F C3 01 00 00 00 32 32 64 09    1 | H.XA........22d.
      2 | 00 03 10 00 00 00 00 00 00 00 00 00 00 00 00 00    2 | ................
      3 | 02 00 00 00 5F 31 74 67 00 00 00 00 00 00 00 00    3 | ...._1tg........

NPC ID: 17043958
  Name: _1tf
  POLUtils_Name: Pot Hatch
  Type: Simple NPC
  XYZR: 41.142, 13.240, -157.748, 0
  Mask: 00000111
        |  0  1  2  3  4  5  6  7  8  9  A  B  C  D  E  F      | 0123456789ABCDEF
    -----------------------------------------------------  ----------------------
      0 | 0E 20 20 01 F6 11 04 01 F6 01 07 00 68 91 24 42    0 | .  .........h.$B
      1 | 0A D7 53 41 7D BF 1D C3 01 00 00 00 32 32 64 09    1 | ..SA}.......22d.
      2 | 00 03 10 00 00 00 00 00 00 00 00 00 00 00 00 00    2 | ................
      3 | 02 00 00 00 5F 31 74 66 00 00 00 00 00 00 00 00    3 | ...._1tf........

NPC ID: 17043851
  Name: ArchaicMirror
  POLUtils_Name: Archaic Mirror
  Type: Simple NPC
  XYZR: 50.939, 6.443, -185.109, 178
  Mask: 00001111
        |  0  1  2  3  4  5  6  7  8  9  A  B  C  D  E  F      | 0123456789ABCDEF
    -----------------------------------------------------  ----------------------
      0 | 0E 24 21 01 8B 11 04 01 8B 01 0F B2 89 C1 4B 42    0 | .$!...........KB
      1 | 0E 2D CE 40 E7 1B 39 C3 07 00 00 00 28 28 00 03    1 | .-.@..9.....((..
      2 | 07 83 04 00 00 0C 00 00 00 00 04 40 A2 F5 05 00    2 | ...........@....
      3 | 06 00 1A 06 41 72 63 68 61 69 63 4D 69 72 72 6F    3 | ....ArchaicMirro
      4 | 72 00 00 00 00 00 00 00 -- -- -- -- -- -- -- --    4 | r.......--------

NPC ID: 17043571
  Name: MamoolJaSpear
  POLUtils_Name: Mamool Ja Spearman
  Type: Simple NPC
  XYZR: 41.513, 14.133, -163.985, 9
  Mask: 00001111
        |  0  1  2  3  4  5  6  7  8  9  A  B  C  D  E  F      | 0123456789ABCDEF
    -----------------------------------------------------  ----------------------
      0 | 0E 24 21 01 73 10 04 01 73 00 0F 09 50 0D 26 42    0 | .$!.s...s...P.&B
      1 | C5 20 62 41 29 FC 23 C3 07 00 00 00 28 28 64 00    1 | . bA).#.....((d.
      2 | 01 83 00 00 00 0C 00 00 00 00 04 00 00 00 00 00    2 | ................
      3 | 06 00 50 06 4D 61 6D 6F 6F 6C 4A 61 53 70 65 61    3 | ..P.MamoolJaSpea
      4 | 72 00 00 00 00 00 00 00 -- -- -- -- -- -- -- --    4 | r.......--------

NPC ID: 17043569
  Name: Colibri
  POLUtils_Name: Colibri
  Type: Simple NPC
  XYZR: 88.841, 14.196, -202.503, 180
  Mask: 00001111
        |  0  1  2  3  4  5  6  7  8  9  A  B  C  D  E  F      | 0123456789ABCDEF
    -----------------------------------------------------  ----------------------
      0 | 0E 20 21 01 71 10 04 01 71 00 0F B4 98 AE B1 42    0 | . !.q...q......B
      1 | D1 22 63 41 C5 80 4A C3 06 00 00 00 40 40 64 00    1 | ."cA..J.....@@d.
      2 | 01 83 00 00 00 0C 00 00 00 00 04 00 00 00 00 00    2 | ................
      3 | 00 00 B8 06 43 6F 6C 69 62 72 69 00 00 00 00 00    3 | ....Colibri.....

NPC ID: 17043572
  Name: MamoolJa'sWyv
  POLUtils_Name: Mamool Ja's Wyvern
  Type: Simple NPC
  XYZR: 38.727, 14.085, -163.388, 9
  Mask: 00001111
        |  0  1  2  3  4  5  6  7  8  9  A  B  C  D  E  F      | 0123456789ABCDEF
    -----------------------------------------------------  ----------------------
      0 | 0E 24 22 01 74 10 04 01 74 00 0F 09 73 E8 1A 42    0 | .$".t...t...s..B
      1 | 29 5C 61 41 54 63 23 C3 8B 00 00 00 28 28 64 00    1 | )\\aATc#.....((d.
      2 | 01 83 00 00 00 08 00 00 00 00 00 00 00 00 00 00    2 | ................
      3 | 00 00 18 00 4D 61 6D 6F 6F 6C 4A 61 27 73 57 79    3 | ....MamoolJa'sWy
      4 | 76 00 00 00 00 00 00 00 -- -- -- -- -- -- -- --    4 | v.......--------

NPC ID: 17043864
  Name: MamoolJaTreas
  POLUtils_Name: Mamool Ja Treasurer
  Type: Simple NPC
  XYZR: 54.471, 6.397, -189.551, 194
  Mask: 00001111
        |  0  1  2  3  4  5  6  7  8  9  A  B  C  D  E  F      | 0123456789ABCDEF
    -----------------------------------------------------  ----------------------
      0 | 0E 24 22 01 98 11 04 01 98 01 0F C2 4E E2 59 42    0 | .$".........N.YB
      1 | 39 B4 CC 40 0E 8D 3D C3 A8 02 00 00 28 28 00 03    1 | 9..@..=.....((..
      2 | 07 9D 00 00 00 0D 00 20 00 00 04 00 8F 46 08 00    2 | ....... .....F..
      3 | 06 00 5A 06 4D 61 6D 6F 6F 6C 4A 61 54 72 65 61    3 | ..Z.MamoolJaTrea
      4 | 73 00 00 00 00 00 00 00 -- -- -- -- -- -- -- --    4 | s.......--------

NPC ID: 17043568
  Name: Colibri
  POLUtils_Name: Colibri
  Type: Simple NPC
  XYZR: 37.450, 14.051, -163.645, 230
  Mask: 00001111
        |  0  1  2  3  4  5  6  7  8  9  A  B  C  D  E  F      | 0123456789ABCDEF
    -----------------------------------------------------  ----------------------
      0 | 0E 20 23 01 70 10 04 01 70 00 0F E6 CD CC 15 42    0 | . #.p...p......B
      1 | E5 D0 60 41 1F A5 23 C3 7D 00 00 00 40 40 64 00    1 | ..`A..#.}...@@d.
      2 | 01 83 00 00 00 0C 00 00 00 00 04 00 00 00 00 00    2 | ................
      3 | 00 00 B8 06 43 6F 6C 69 62 72 69 00 00 00 00 00    3 | ....Colibri.....

NPC ID: 17043554
  Name: ZizzyZillah
  POLUtils_Name: Zizzy Zillah
  Type: Simple NPC
  XYZR: 109.266, 14.329, -202.165, 147
  Mask: 00001111
        |  0  1  2  3  4  5  6  7  8  9  A  B  C  D  E  F      | 0123456789ABCDEF
    -----------------------------------------------------  ----------------------
      0 | 0E 22 24 01 62 10 04 01 62 00 0F 93 31 88 DA 42    0 | ."$.b...b...1..B
      1 | 96 43 65 41 3D 2A 4A C3 43 01 00 00 28 28 64 00    1 | .CeA=*J.C...((d.
      2 | 01 9D 00 00 00 2B 00 20 00 00 0D 00 00 00 00 00    2 | .....+. ........
      3 | 00 00 21 01 5A 69 7A 7A 79 5A 69 6C 6C 61 68 00    3 | ..!.ZizzyZillah.
      4 | 00 00 00 00 -- -- -- -- -- -- -- -- -- -- -- --    4 | ....------------

NPC ID: 17043863
  Name: MamoolJaConse
  POLUtils_Name: Mamool Ja Conservator
  Type: Simple NPC
  XYZR: 56.754, 6.499, -216.245, 155
  Mask: 00001111
        |  0  1  2  3  4  5  6  7  8  9  A  B  C  D  E  F      | 0123456789ABCDEF
    -----------------------------------------------------  ----------------------
      0 | 0E 24 3B 01 97 11 04 01 97 01 0F 9B 19 04 63 42    0 | .$;...........cB
      1 | CF F7 CF 40 B8 3E 58 C3 13 0D 00 00 28 28 00 03    1 | ...@.>X.....((..
      2 | 07 9D 00 00 00 0D 00 20 00 00 04 00 8F 46 08 00    2 | ....... .....F..
      3 | 06 00 53 06 4D 61 6D 6F 6F 6C 4A 61 43 6F 6E 73    3 | ..S.MamoolJaCons
      4 | 65 00 00 00 00 00 00 00 -- -- -- -- -- -- -- --    4 | e.......--------

NPC ID: 17043561
  Name: Ziz
  POLUtils_Name: Ziz
  Type: Simple NPC
  XYZR: 83.977, 14.159, -226.728, 32
  Mask: 00001111
        |  0  1  2  3  4  5  6  7  8  9  A  B  C  D  E  F      | 0123456789ABCDEF
    -----------------------------------------------------  ----------------------
      0 | 0E 1E 3D 01 69 10 04 01 69 00 0F 20 39 F4 A7 42    0 | ..=.i...i.. 9..B
      1 | 44 8B 62 41 5E BA 62 C3 BA 01 00 00 28 28 64 00    1 | D.bA^.b.....((d.
      2 | 01 83 00 00 00 25 00 00 00 00 0D 00 00 00 00 00    2 | .....%..........
      3 | 00 00 21 01 5A 69 7A 00 00 00 00 00 -- -- -- --    3 | ..!.Ziz.....----

NPC ID: 17043552
  Name: Ziz
  POLUtils_Name: Ziz
  Type: Simple NPC
  XYZR: 123.624, 14.149, -206.660, 34
  Mask: 00001111
        |  0  1  2  3  4  5  6  7  8  9  A  B  C  D  E  F      | 0123456789ABCDEF
    -----------------------------------------------------  ----------------------
      0 | 0E 1E 3D 01 60 10 04 01 60 00 0F 22 7D 3F F7 42    0 | ..=.`...`.."}?.B
      1 | 4E 62 62 41 F6 A8 4E C3 EF 01 00 00 28 28 64 00    1 | NbbA..N.....((d.
      2 | 01 83 00 00 00 25 00 00 00 00 0D 00 00 00 00 00    2 | .....%..........
      3 | 00 00 21 01 5A 69 7A 00 00 00 00 00 -- -- -- --    3 | ..!.Ziz.....----

NPC ID: 17043563
  Name: Ziz
  POLUtils_Name: Ziz
  Type: Simple NPC
  XYZR: 87.668, 13.980, -241.576, 16
  Mask: 00001111
        |  0  1  2  3  4  5  6  7  8  9  A  B  C  D  E  F      | 0123456789ABCDEF
    -----------------------------------------------------  ----------------------
      0 | 0E 1E 45 01 6B 10 04 01 6B 00 0F 10 04 56 AF 42    0 | ..E.k...k....V.B
      1 | 14 AE 5F 41 75 93 71 C3 1B 01 00 00 28 28 64 00    1 | .._Au.q.....((d.
      2 | 01 83 00 00 00 25 00 00 00 00 0D 00 00 00 00 00    2 | .....%..........
      3 | 00 00 21 01 5A 69 7A 00 00 00 00 00 -- -- -- --    3 | ..!.Ziz.....----

NPC ID: 17043570
  Name: Colibri
  POLUtils_Name: Colibri
  Type: Simple NPC
  XYZR: 39.810, 14.166, -236.412, 143
  Mask: 00001111
        |  0  1  2  3  4  5  6  7  8  9  A  B  C  D  E  F      | 0123456789ABCDEF
    -----------------------------------------------------  ----------------------
      0 | 0E 20 4C 01 72 10 04 01 72 00 0F 8F 71 3D 1F 42    0 | . L.r...r...q=.B
      1 | F0 A7 62 41 79 69 6C C3 1A 00 00 00 40 40 64 00    1 | ..bAyil.....@@d.
      2 | 01 83 00 00 00 0C 00 00 00 00 04 00 00 00 00 00    2 | ................
      3 | 00 00 B8 06 43 6F 6C 69 62 72 69 00 00 00 00 00    3 | ....Colibri.....

NPC ID: 17043576
  Name: MamoolJaMimic
  POLUtils_Name: Mamool Ja Mimicker
  Type: Simple NPC
  XYZR: 101.729, 5.662, -261.315, 193
  Mask: 00001111
        |  0  1  2  3  4  5  6  7  8  9  A  B  C  D  E  F      | 0123456789ABCDEF
    -----------------------------------------------------  ----------------------
      0 | 0E 24 51 01 78 10 04 01 78 00 0F C1 3F 75 CB 42    0 | .$Q.x...x...?u.B
      1 | 1B 2F B5 40 52 A8 82 C3 56 00 00 00 28 28 64 00    1 | ./.@R...V...((d.
      2 | 01 83 00 00 00 0C 00 00 00 00 04 00 00 00 00 00    2 | ................
      3 | 06 00 47 06 4D 61 6D 6F 6F 6C 4A 61 4D 69 6D 69    3 | ..G.MamoolJaMimi
      4 | 63 00 00 00 00 00 00 00 -- -- -- -- -- -- -- --    4 | c.......--------

NPC ID: 17043578
  Name: MamoolJaSavan
  POLUtils_Name: Mamool Ja Savant
  Type: Simple NPC
  XYZR: 58.835, 6.666, -264.821, 255
  Mask: 00001111
        |  0  1  2  3  4  5  6  7  8  9  A  B  C  D  E  F      | 0123456789ABCDEF
    -----------------------------------------------------  ----------------------
      0 | 0E 24 52 01 7A 10 04 01 7A 00 0F FF 0A 57 6B 42    0 | .$R.z...z....WkB
      1 | DF 4F D5 40 17 69 84 C3 7E 00 00 00 28 28 64 00    1 | .O.@.i..~...((d.
      2 | 01 83 00 00 00 0C 00 00 00 00 04 00 00 00 00 00    2 | ................
      3 | 06 00 5B 06 4D 61 6D 6F 6F 6C 4A 61 53 61 76 61    3 | ..[.MamoolJaSava
      4 | 6E 00 00 00 00 00 00 00 -- -- -- -- -- -- -- --    4 | n.......--------

NPC ID: 17043577
  Name: MamoolJaZenis
  POLUtils_Name: Mamool Ja Zenist
  Type: Simple NPC
  XYZR: 70.694, 6.539, -267.595, 93
  Mask: 00001111
        |  0  1  2  3  4  5  6  7  8  9  A  B  C  D  E  F      | 0123456789ABCDEF
    -----------------------------------------------------  ----------------------
      0 | 0E 24 52 01 79 10 04 01 79 00 0F 5D 54 63 8D 42    0 | .$R.y...y..]Tc.B
      1 | 7D 3F D1 40 29 CC 85 C3 A7 00 00 00 28 28 64 00    1 | }?.@).......((d.
      2 | 01 83 00 00 00 0C 00 00 00 00 04 00 00 00 00 00    2 | ................
      3 | 06 00 53 06 4D 61 6D 6F 6F 6C 4A 61 5A 65 6E 69    3 | ..S.MamoolJaZeni
      4 | 73 00 00 00 00 00 00 00 -- -- -- -- -- -- -- --    4 | s.......--------

NPC ID: 17043564
  Name: Ziz
  POLUtils_Name: Ziz
  Type: Simple NPC
  XYZR: 28.318, 14.103, -237.012, 210
  Mask: 00001111
        |  0  1  2  3  4  5  6  7  8  9  A  B  C  D  E  F      | 0123456789ABCDEF
    -----------------------------------------------------  ----------------------
      0 | 0E 1E 54 01 6C 10 04 01 6C 00 0F D2 44 8B E2 41    0 | ..T.l...l...D..A
      1 | E3 A5 61 41 12 03 6D C3 F5 00 00 00 28 28 64 00    1 | ..aA..m.....((d.
      2 | 01 83 00 00 00 25 00 00 00 00 0D 00 00 00 00 00    2 | .....%..........
      3 | 00 00 21 01 5A 69 7A 00 00 00 00 00 -- -- -- --    3 | ..!.Ziz.....----

NPC ID: 17043712
  Name: MamoolJaLurke
  POLUtils_Name: Mamool Ja Lurker
  Type: Simple NPC
  XYZR: 67.672, 1.513, -300.135, 125
  Mask: 00001111
        |  0  1  2  3  4  5  6  7  8  9  A  B  C  D  E  F      | 0123456789ABCDEF
    -----------------------------------------------------  ----------------------
      0 | 0E 24 62 01 00 11 04 01 00 01 0F 7D 10 58 87 42    0 | .$b........}.X.B
      1 | FC A9 C1 3F 48 11 96 C3 D9 00 00 00 28 28 64 00    1 | ...?H.......((d.
      2 | 01 85 00 00 00 0D 00 00 00 00 04 00 00 00 00 00    2 | ................
      3 | 06 00 43 06 4D 61 6D 6F 6F 6C 4A 61 4C 75 72 6B    3 | ..C.MamoolJaLurk
      4 | 65 00 00 00 00 00 00 00 -- -- -- -- -- -- -- --    4 | e.......--------

NPC ID: 17043579
  Name: MamoolJaSophi
  POLUtils_Name: Mamool Ja Sophist
  Type: Simple NPC
  XYZR: 16.419, 5.592, -258.931, 138
  Mask: 00001111
        |  0  1  2  3  4  5  6  7  8  9  A  B  C  D  E  F      | 0123456789ABCDEF
    -----------------------------------------------------  ----------------------
      0 | 0E 24 63 01 7B 10 04 01 7B 00 0F 8A 1D 5A 83 41    0 | .$c.{...{....Z.A
      1 | AA F1 B2 40 2B 77 81 C3 B1 00 00 00 28 28 64 00    1 | ...@+w......((d.
      2 | 01 83 00 00 00 0C 00 00 00 00 04 00 00 00 00 00    2 | ................
      3 | 06 00 5F 06 4D 61 6D 6F 6F 6C 4A 61 53 6F 70 68    3 | .._.MamoolJaSoph
      4 | 69 00 00 00 00 00 00 00 -- -- -- -- -- -- -- --    4 | i.......--------

NPC ID: 17043713
  Name: Spinner
  POLUtils_Name: Spinner
  Type: Simple NPC
  XYZR: 63.142, 1.554, -302.312, 69
  Mask: 00001111
        |  0  1  2  3  4  5  6  7  8  9  A  B  C  D  E  F      | 0123456789ABCDEF
    -----------------------------------------------------  ----------------------
      0 | 0E 20 64 01 01 11 04 01 01 01 0F 45 68 91 7C 42    0 | . d........Eh.|B
      1 | 79 E9 C6 3F F0 27 97 C3 3B 00 00 00 28 28 64 00    1 | y..?.'..;...((d.
      2 | 01 85 02 00 00 10 00 00 00 00 08 00 00 00 00 00    2 | ................
      3 | 00 00 38 01 53 70 69 6E 6E 65 72 00 00 00 00 00    3 | ..8.Spinner.....

NPC ID: 17043580
  Name: MamoolJaBound
  POLUtils_Name: Mamool Ja Bounder
  Type: Simple NPC
  XYZR: 24.419, 5.723, -217.854, 102
  Mask: 00001111
        |  0  1  2  3  4  5  6  7  8  9  A  B  C  D  E  F      | 0123456789ABCDEF
    -----------------------------------------------------  ----------------------
      0 | 0E 24 66 01 7C 10 04 01 7C 00 0F 66 1D 5A C3 41    0 | .$f.|...|..f.Z.A
      1 | D1 22 B7 40 A0 DA 59 C3 63 00 00 00 28 28 64 00    1 | .".@..Y.c...((d.
      2 | 01 83 00 00 00 0C 00 00 00 00 04 00 00 00 00 00    2 | ................
      3 | 06 00 47 06 4D 61 6D 6F 6F 6C 4A 61 42 6F 75 6E    3 | ..G.MamoolJaBoun
      4 | 64 00 00 00 00 00 00 00 -- -- -- -- -- -- -- --    4 | d.......--------

NPC ID: 17043711
  Name: Spinner
  POLUtils_Name: Spinner
  Type: Simple NPC
  XYZR: 18.392, 6.788, -304.192, 121
  Mask: 00001111
        |  0  1  2  3  4  5  6  7  8  9  A  B  C  D  E  F      | 0123456789ABCDEF
    -----------------------------------------------------  ----------------------
      0 | 0E 20 AA 01 FF 10 04 01 FF 00 0F 79 D1 22 93 41    0 | . .........y.".A
      1 | 4C 37 D9 40 93 18 98 C3 C0 00 00 00 28 28 64 00    1 | L7.@........((d.
      2 | 01 85 02 00 00 10 00 00 00 00 08 00 00 00 00 00    2 | ................
      3 | 00 00 38 01 53 70 69 6E 6E 65 72 00 00 00 00 00    3 | ..8.Spinner.....

NPC ID: 17043710
  Name: Spinner
  POLUtils_Name: Spinner
  Type: Simple NPC
  XYZR: 18.760, 6.419, -303.466, 208
  Mask: 00001111
        |  0  1  2  3  4  5  6  7  8  9  A  B  C  D  E  F      | 0123456789ABCDEF
    -----------------------------------------------------  ----------------------
      0 | 0E 20 AA 01 FE 10 04 01 FE 00 0F D0 7B 14 96 41    0 | . ..........{..A
      1 | 73 68 CD 40 A6 BB 97 C3 56 00 00 00 28 28 64 00    1 | sh.@....V...((d.
      2 | 01 85 02 00 00 10 00 00 00 00 08 00 00 00 00 00    2 | ................
      3 | 00 00 38 01 53 70 69 6E 6E 65 72 00 00 00 00 00    3 | ..8.Spinner.....

NPC ID: 17043707
  Name: Spinner
  POLUtils_Name: Spinner
  Type: Simple NPC
  XYZR: -19.246, 1.946, -247.256, 64
  Mask: 00001111
        |  0  1  2  3  4  5  6  7  8  9  A  B  C  D  E  F      | 0123456789ABCDEF
    -----------------------------------------------------  ----------------------
      0 | 0E 20 B3 01 FB 10 04 01 FB 00 0F 40 CF F7 99 C1    0 | . .........@....
      1 | 87 16 F9 3F 89 41 77 C3 B2 00 00 00 28 28 64 00    1 | ...?.Aw.....((d.
      2 | 01 85 02 00 00 10 00 00 00 00 08 00 00 00 00 00    2 | ................
      3 | 00 00 38 01 53 70 69 6E 6E 65 72 00 00 00 00 00    3 | ..8.Spinner.....

NPC ID: 17043706
  Name: Spinner
  POLUtils_Name: Spinner
  Type: Simple NPC
  XYZR: -19.448, 2.228, -244.184, 192
  Mask: 00001111
        |  0  1  2  3  4  5  6  7  8  9  A  B  C  D  E  F      | 0123456789ABCDEF
    -----------------------------------------------------  ----------------------
      0 | 0E 20 B4 01 FA 10 04 01 FA 00 0F C0 81 95 9B C1    0 | . ..............
      1 | 8D 97 0E 40 1B 2F 74 C3 44 01 00 00 28 28 64 00    1 | ...@./t.D...((d.
      2 | 01 85 02 00 00 10 00 00 00 00 08 00 00 00 00 00    2 | ................
      3 | 00 00 38 01 53 70 69 6E 6E 65 72 00 00 00 00 00    3 | ..8.Spinner.....

NPC ID: 17043764
  Name: MamoolJaPhilo
  POLUtils_Name: Mamool Ja Philosopher
  Type: Simple NPC
  XYZR: 17.480, 8.626, -339.215, 134
  Mask: 00001111
        |  0  1  2  3  4  5  6  7  8  9  A  B  C  D  E  F      | 0123456789ABCDEF
    -----------------------------------------------------  ----------------------
      0 | 0E 24 C2 01 34 11 04 01 34 01 0F 86 0A D7 8B 41    0 | .$..4...4......A
      1 | 19 04 0A 41 85 9B A9 C3 B3 00 00 00 28 28 64 00    1 | ...A........((d.
      2 | 01 85 00 00 00 0D 00 00 00 00 04 00 00 00 00 00    2 | ................
      3 | 06 00 5A 06 4D 61 6D 6F 6F 6C 4A 61 50 68 69 6C    3 | ..Z.MamoolJaPhil
      4 | 6F 00 00 00 00 00 00 00 -- -- -- -- -- -- -- --    4 | o.......--------

NPC ID: 17043763
  Name: MamoolJaInfil
  POLUtils_Name: Mamool Ja Infiltrator
  Type: Simple NPC
  XYZR: 24.197, 8.526, -340.881, 198
  Mask: 00001111
        |  0  1  2  3  4  5  6  7  8  9  A  B  C  D  E  F      | 0123456789ABCDEF
    -----------------------------------------------------  ----------------------
      0 | 0E 24 C3 01 33 11 04 01 33 01 0F C6 75 93 C1 41    0 | .$..3...3...u..A
      1 | 7F 6A 08 41 C5 70 AA C3 63 00 00 00 28 28 64 00    1 | .j.A.p..c...((d.
      2 | 01 85 00 00 00 0D 00 00 00 00 04 00 00 00 00 00    2 | ................
      3 | 06 00 53 06 4D 61 6D 6F 6F 6C 4A 61 49 6E 66 69    3 | ..S.MamoolJaInfi
      4 | 6C 00 00 00 00 00 00 00 -- -- -- -- -- -- -- --    4 | l.......--------

NPC ID: 17043762
  Name: MamoolJaMimer
  POLUtils_Name: Mamool Ja Mimer
  Type: Simple NPC
  XYZR: -22.172, 8.661, -342.667, 80
  Mask: 00001111
        |  0  1  2  3  4  5  6  7  8  9  A  B  C  D  E  F      | 0123456789ABCDEF
    -----------------------------------------------------  ----------------------
      0 | 0E 24 CD 01 32 11 04 01 32 01 0F 50 42 60 B1 C1    0 | .$..2...2..PB`..
      1 | 75 93 0A 41 60 55 AB C3 DA 00 00 00 28 28 64 00    1 | u..A`U......((d.
      2 | 01 85 00 00 00 0D 00 00 00 00 04 00 00 00 00 00    2 | ................
      3 | 06 00 43 06 4D 61 6D 6F 6F 6C 4A 61 4D 69 6D 65    3 | ..C.MamoolJaMime
      4 | 72 00 00 00 00 00 00 00 -- -- -- -- -- -- -- --    4 | r.......--------

NPC ID: 17043755
  Name: MamoolJaPikem
  POLUtils_Name: Mamool Ja Pikeman
  Type: Simple NPC
  XYZR: -1.866, 17.169, -350.754, 162
  Mask: 00001111
        |  0  1  2  3  4  5  6  7  8  9  A  B  C  D  E  F      | 0123456789ABCDEF
    -----------------------------------------------------  ----------------------
      0 | 0E 24 D0 01 2B 11 04 01 2B 01 0F A2 17 D9 EE BF    0 | .$..+...+.......
      1 | 1D 5A 89 41 83 60 AF C3 E7 00 00 00 28 28 64 00    1 | .Z.A.`......((d.
      2 | 01 85 00 00 00 0D 00 00 00 00 04 00 00 00 00 00    2 | ................
      3 | 06 00 52 06 4D 61 6D 6F 6F 6C 4A 61 50 69 6B 65    3 | ..R.MamoolJaPike
      4 | 6D 00 00 00 00 00 00 00 -- -- -- -- -- -- -- --    4 | m.......--------

NPC ID: 17043705
  Name: Spinner
  POLUtils_Name: Spinner
  Type: Simple NPC
  XYZR: -58.791, 1.959, -255.029, 79
  Mask: 00001111
        |  0  1  2  3  4  5  6  7  8  9  A  B  C  D  E  F      | 0123456789ABCDEF
    -----------------------------------------------------  ----------------------
      0 | 0E 20 DD 01 F9 10 04 01 F9 00 0F 4F FC 29 6B C2    0 | . .........O.)k.
      1 | 83 C0 FA 3F 6D 07 7F C3 BF 00 00 00 28 28 64 00    1 | ...?m.......((d.
      2 | 01 85 02 00 00 10 00 00 00 00 08 00 00 00 00 00    2 | ................
      3 | 00 00 38 01 53 70 69 6E 6E 65 72 00 00 00 00 00    3 | ..8.Spinner.....

NPC ID: 17043703
  Name: Spinner
  POLUtils_Name: Spinner
  Type: Simple NPC
  XYZR: -57.254, 1.950, -253.481, 35
  Mask: 00001111
        |  0  1  2  3  4  5  6  7  8  9  A  B  C  D  E  F      | 0123456789ABCDEF
    -----------------------------------------------------  ----------------------
      0 | 0E 20 DE 01 F7 10 04 01 F7 00 0F 23 19 04 65 C2    0 | . .........#..e.
      1 | 9A 99 F9 3F 23 7B 7D C3 6F 00 00 00 28 28 64 00    1 | ...?#{}.o...((d.
      2 | 01 85 02 00 00 10 00 00 00 00 08 00 00 00 00 00    2 | ................
      3 | 00 00 38 01 53 70 69 6E 6E 65 72 00 00 00 00 00    3 | ..8.Spinner.....

NPC ID: 17043704
  Name: Spinner
  POLUtils_Name: Spinner
  Type: Simple NPC
  XYZR: -57.461, 1.900, -251.569, 170
  Mask: 00001111
        |  0  1  2  3  4  5  6  7  8  9  A  B  C  D  E  F      | 0123456789ABCDEF
    -----------------------------------------------------  ----------------------
      0 | 0E 20 DF 01 F8 10 04 01 F8 00 0F AA 10 D8 65 C2    0 | . ............e.
      1 | 33 33 F3 3F AA 91 7B C3 51 01 00 00 28 28 64 00    1 | 33.?..{.Q...((d.
      2 | 01 85 02 00 00 10 00 00 00 00 08 00 00 00 00 00    2 | ................
      3 | 00 00 38 01 53 70 69 6E 6E 65 72 00 00 00 00 00    3 | ..8.Spinner.....

NPC ID: 17043708
  Name: Spinner
  POLUtils_Name: Spinner
  Type: Simple NPC
  XYZR: -53.836, 5.020, -218.312, 142
  Mask: 00001111
        |  0  1  2  3  4  5  6  7  8  9  A  B  C  D  E  F      | 0123456789ABCDEF
    -----------------------------------------------------  ----------------------
      0 | 0E 20 F1 01 FC 10 04 01 FC 00 0F 8E 10 58 57 C2    0 | . ...........XW.
      1 | D7 A3 A0 40 DF 4F 5A C3 13 00 00 00 28 28 64 00    1 | ...@.OZ.....((d.
      2 | 01 85 02 00 00 10 00 00 00 00 08 00 00 00 00 00    2 | ................
      3 | 00 00 38 01 53 70 69 6E 6E 65 72 00 00 00 00 00    3 | ..8.Spinner.....

NPC ID: 17043709
  Name: Spinner
  POLUtils_Name: Spinner
  Type: Simple NPC
  XYZR: -54.326, 5.041, -219.458, 48
  Mask: 00001111
        |  0  1  2  3  4  5  6  7  8  9  A  B  C  D  E  F      | 0123456789ABCDEF
    -----------------------------------------------------  ----------------------
      0 | 0E 20 F1 01 FD 10 04 01 FD 00 0F 30 D3 4D 59 C2    0 | . .........0.MY.
      1 | DF 4F A1 40 3F 75 5B C3 01 01 00 00 28 28 64 00    1 | .O.@?u[.....((d.
      2 | 01 85 02 00 00 10 00 00 00 00 08 00 00 00 00 00    2 | ................
      3 | 00 00 38 01 53 70 69 6E 6E 65 72 00 00 00 00 00    3 | ..8.Spinner.....

NPC ID: 17043702
  Name: Spinner
  POLUtils_Name: Spinner
  Type: Simple NPC
  XYZR: -62.496, 1.275, -226.654, 34
  Mask: 00001111
        |  0  1  2  3  4  5  6  7  8  9  A  B  C  D  E  F      | 0123456789ABCDEF
    -----------------------------------------------------  ----------------------
      0 | 0E 20 F1 01 F6 10 04 01 F6 00 0F 22 E7 FB 79 C2    0 | . ........."..y.
      1 | 33 33 A3 3F 6D A7 62 C3 6C 01 00 00 28 28 64 00    1 | 33.?m.b.l...((d.
      2 | 01 85 02 00 00 10 00 00 00 00 08 00 00 00 00 00    2 | ................
      3 | 00 00 38 01 53 70 69 6E 6E 65 72 00 00 00 00 00    3 | ..8.Spinner.....

NPC ID: 17043700
  Name: Spinner
  POLUtils_Name: Spinner
  Type: Simple NPC
  XYZR: -88.499, -0.219, -260.959, 255
  Mask: 00001111
        |  0  1  2  3  4  5  6  7  8  9  A  B  C  D  E  F      | 0123456789ABCDEF
    -----------------------------------------------------  ----------------------
      0 | 0E 20 FC 01 F4 10 04 01 F4 00 0F FF 7D FF B0 C2    0 | . ..........}...
      1 | 89 41 60 BE C1 7A 82 C3 92 01 00 00 28 28 64 00    1 | .A`..z......((d.
      2 | 01 85 02 00 00 10 00 00 00 00 08 00 00 00 00 00    2 | ................
      3 | 00 00 38 01 53 70 69 6E 6E 65 72 00 00 00 00 00    3 | ..8.Spinner.....

NPC ID: 17043699
  Name: Spinner
  POLUtils_Name: Spinner
  Type: Simple NPC
  XYZR: -88.843, -0.155, -260.881, 253
  Mask: 00001111
        |  0  1  2  3  4  5  6  7  8  9  A  B  C  D  E  F      | 0123456789ABCDEF
    -----------------------------------------------------  ----------------------
      0 | 0E 20 FC 01 F3 10 04 01 F3 00 0F FD 9E AF B1 C2    0 | . ..............
      1 | 52 B8 1E BE C5 70 82 C3 E6 00 00 00 28 28 64 00    1 | R....p......((d.
      2 | 01 85 02 00 00 10 00 00 00 00 08 00 00 00 00 00    2 | ................
      3 | 00 00 38 01 53 70 69 6E 6E 65 72 00 00 00 00 00    3 | ..8.Spinner.....

NPC ID: 17043701
  Name: Spinner
  POLUtils_Name: Spinner
  Type: Simple NPC
  XYZR: -77.246, 2.103, -221.385, 124
  Mask: 00001111
        |  0  1  2  3  4  5  6  7  8  9  A  B  C  D  E  F      | 0123456789ABCDEF
    -----------------------------------------------------  ----------------------
      0 | 0E 20 FE 01 F5 10 04 01 F5 00 0F 7C F4 7D 9A C2    0 | . .........|.}..
      1 | 8D 97 06 40 8F 62 5D C3 BF 00 00 00 28 28 64 00    1 | ...@.b].....((d.
      2 | 01 85 02 00 00 10 00 00 00 00 08 00 00 00 00 00    2 | ................
      3 | 00 00 38 01 53 70 69 6E 6E 65 72 00 00 00 00 00    3 | ..8.Spinner.....

NPC ID: 17044021
  Name: ???
  POLUtils_Name: ???
  Type: Simple NPC
  XYZR: -99.467, 6.298, -181.480, 33
  Mask: 00001111
        |  0  1  2  3  4  5  6  7  8  9  A  B  C  D  E  F      | 0123456789ABCDEF
    -----------------------------------------------------  ----------------------
      0 | 0E 1E 1C 02 35 12 04 01 35 02 0F 21 1B EF C6 C2    0 | ....5...5..!....
      1 | 37 89 C9 40 E1 7A 35 C3 01 00 00 00 32 32 64 00    1 | 7..@.z5.....22d.
      2 | 00 03 00 00 00 00 00 00 00 00 00 00 00 00 00 00    2 | ................
      3 | 00 00 34 00 3F 3F 3F 00 00 00 00 00 -- -- -- --    3 | ..4.???.....----

NPC ID: 17043794
  Name: MamoolJaPikem
  POLUtils_Name: Mamool Ja Pikeman
  Type: Simple NPC
  XYZR: -101.407, 8.672, -340.240, 202
  Mask: 00001111
        |  0  1  2  3  4  5  6  7  8  9  A  B  C  D  E  F      | 0123456789ABCDEF
    -----------------------------------------------------  ----------------------
      0 | 0E 24 67 02 52 11 04 01 52 01 0F CA 62 D0 CA C2    0 | .$g.R...R...b...
      1 | 83 C0 0A 41 B8 1E AA C3 97 00 00 00 28 28 64 00    1 | ...A........((d.
      2 | 01 85 00 00 00 0D 00 00 00 00 04 00 00 00 00 00    2 | ................
      3 | 06 00 52 06 4D 61 6D 6F 6F 6C 4A 61 50 69 6B 65    3 | ..R.MamoolJaPike
      4 | 6D 00 00 00 00 00 00 00 -- -- -- -- -- -- -- --    4 | m.......--------

NPC ID: 17043795
  Name: MamoolJa'sWyv
  POLUtils_Name: Mamool Ja's Wyvern
  Type: Simple NPC
  XYZR: -100.774, 8.645, -342.052, 110
  Mask: 00001111
        |  0  1  2  3  4  5  6  7  8  9  A  B  C  D  E  F      | 0123456789ABCDEF
    -----------------------------------------------------  ----------------------
      0 | 0E 24 68 02 53 11 04 01 53 01 0F 6E 4A 8C C9 C2    0 | .$h.S...S..nJ...
      1 | EC 51 0A 41 A8 06 AB C3 22 00 00 00 28 28 64 00    1 | .Q.A...."...((d.
      2 | 01 83 00 00 00 08 00 00 00 00 00 00 00 00 00 00    2 | ................
      3 | 00 00 18 00 4D 61 6D 6F 6F 6C 4A 61 27 73 57 79    3 | ....MamoolJa'sWy
      4 | 76 00 00 00 00 00 00 00 -- -- -- -- -- -- -- --    4 | v.......--------

NPC ID: 17045666
  Name: X-32
  POLUtils_Name: X-32
  Type: Simple NPC
  XYZR: -106.944, -15.178, -301.480, 0
  Mask: 00001111
        |  0  1  2  3  4  5  6  7  8  9  A  B  C  D  E  F      | 0123456789ABCDEF
    -----------------------------------------------------  ----------------------
      0 | 0E 1E 0A 00 A2 18 04 01 A2 07 0F 00 54 E3 D5 C2    0 | ............T...
      1 | 17 D9 72 C1 71 BD 96 C3 00 00 00 00 00 32 64 00    1 | ..r.q........2d.
      2 | 00 99 00 00 00 08 00 28 00 01 00 00 00 00 00 00    2 | .......(........
      3 | 06 00 BF 07 58 2D 33 32 00 00 00 00 -- -- -- --    3 | ....X-32....----

