NPC ID: 16789528
  Name: blank
  POLUtils_Name:      
  Type: Decoration
  XYZR: 0.000, -3.000, 0.000, 0
  Mask: 00001111
        |  0  1  2  3  4  5  6  7  8  9  A  B  C  D  E  F      | 0123456789ABCDEF
    -----------------------------------------------------  ----------------------
      0 | 0E 1C 09 00 18 30 00 01 18 00 0F 00 00 00 00 00    0 | .....0..........
      1 | 00 00 40 C0 00 00 00 00 01 00 01 00 32 32 64 00    1 | ..@.........22d.
      2 | 00 03 08 00 00 00 00 00 00 00 00 00 00 00 00 00    2 | ................
      3 | 00 00 32 00 00 00 00 00 -- -- -- -- -- -- -- --    3 | ..2.....--------

NPC ID: 16789506
  Name: GhostCrab
  POLUtils_Name: Ghost Crab
  Type: Simple NPC
  XYZR: 18.139, -3.500, 1.669, 3
  Mask: 00001111
        |  0  1  2  3  4  5  6  7  8  9  A  B  C  D  E  F      | 0123456789ABCDEF
    -----------------------------------------------------  ----------------------
      0 | 0E 22 09 00 02 30 00 01 02 00 0F 03 AC 1C 91 41    0 | ."...0.........A
      1 | 00 00 60 C0 CB A1 D5 3F ED 04 00 00 28 28 00 03    1 | ..`....?....((..
      2 | 07 83 00 00 00 0D 00 00 00 00 08 00 FE 53 0A 00    2 | .............S..
      3 | 00 00 64 01 47 68 6F 73 74 43 72 61 62 00 00 00    3 | ..d.GhostCrab...
      4 | 00 00 00 00 -- -- -- -- -- -- -- -- -- -- -- --    4 | ....------------

NPC ID: 16791625
  Name: Carbuncle
  POLUtils_Name: Carbuncle
  Type: Simple NPC
  XYZR: 17.621, -3.500, 1.953, 128
  Mask: 00001111
        |  0  1  2  3  4  5  6  7  8  9  A  B  C  D  E  F      | 0123456789ABCDEF
    -----------------------------------------------------  ----------------------
      0 | 0E 22 09 00 49 38 00 01 49 07 0F 80 CF F7 8C 41    0 | ."..I8..I......A
      1 | 00 00 60 C0 E7 FB F9 3F 00 00 00 00 00 32 64 00    1 | ..`....?.....2d.
      2 | 00 99 00 00 00 08 00 28 00 01 00 00 00 00 00 00    2 | .......(........
      3 | 00 00 10 00 43 61 72 62 75 6E 63 6C 65 00 00 00    3 | ....Carbuncle...
      4 | 00 00 00 00 -- -- -- -- -- -- -- -- -- -- -- --    4 | ....------------

NPC ID: 16789505
  Name: GhostCrab
  POLUtils_Name: Ghost Crab
  Type: Simple NPC
  XYZR: 18.319, -3.500, 1.809, 244
  Mask: 00001111
        |  0  1  2  3  4  5  6  7  8  9  A  B  C  D  E  F      | 0123456789ABCDEF
    -----------------------------------------------------  ----------------------
      0 | 0E 22 09 00 01 30 00 01 01 00 0F F4 50 8D 92 41    0 | ."...0......P..A
      1 | 00 00 60 C0 50 8D E7 3F 78 06 00 00 28 28 00 03    1 | ..`.P..?x...((..
      2 | 07 83 00 00 00 0D 00 00 00 00 08 00 FE 53 0A 00    2 | .............S..
      3 | 00 00 64 01 47 68 6F 73 74 43 72 61 62 00 00 00    3 | ..d.GhostCrab...
      4 | 00 00 00 00 -- -- -- -- -- -- -- -- -- -- -- --    4 | ....------------

NPC ID: 16789529
  Name: Gniyah Mischatt
  POLUtils_Name: Gniyah Mischatt
  Type: Equipped NPC
  XYZR: 0.033, -3.000, 2.725, 64
  Mask: 01010111
        |  0  1  2  3  4  5  6  7  8  9  A  B  C  D  E  F      | 0123456789ABCDEF
    -----------------------------------------------------  ----------------------
      0 | 0E 2C 09 00 19 30 00 01 19 00 57 40 02 2B 07 3D    0 | .,...0....W@.+.=
      1 | 00 00 40 C0 66 66 2E 40 0F 00 00 00 32 32 64 00    1 | ..@.ff.@....22d.
      2 | 00 1B 00 00 00 00 00 20 00 00 01 00 00 00 00 00    2 | ....... ........
      3 | 01 00 0D 07 74 10 87 20 00 30 08 40 08 50 00 60    3 | ....t.. .0.@.P.`
      4 | 00 70 00 00 00 00 00 00 00 00 00 00 00 00 00 00    4 | .p..............
      5 | 00 00 00 00 00 00 00 00 -- -- -- -- -- -- -- --    5 | ........--------

NPC ID: 16789507
  Name: GreaterPugil
  POLUtils_Name: Greater Pugil
  Type: Simple NPC
  XYZR: 18.236, -3.500, 1.881, 0
  Mask: 00001111
        |  0  1  2  3  4  5  6  7  8  9  A  B  C  D  E  F      | 0123456789ABCDEF
    -----------------------------------------------------  ----------------------
      0 | 0E 22 09 00 03 30 00 01 03 00 0F 00 54 E3 91 41    0 | ."...0......T..A
      1 | 00 00 60 C0 9C C4 F0 3F 18 07 00 00 28 28 00 03    1 | ..`....?....((..
      2 | 07 83 00 00 00 1B 00 00 00 00 00 00 FE 53 0A 00    2 | .............S..
      3 | 00 00 5C 01 47 72 65 61 74 65 72 50 75 67 69 6C    3 | ..\\.GreaterPugil
      4 | 00 00 00 00 -- -- -- -- -- -- -- -- -- -- -- --    4 | ....------------

NPC ID: 16789531
  Name: _030
  POLUtils_Name: Test Actor
  Type: Simple NPC
  XYZR: 0.000, -3.000, 0.000, 0
  Mask: 00000111
        |  0  1  2  3  4  5  6  7  8  9  A  B  C  D  E  F      | 0123456789ABCDEF
    -----------------------------------------------------  ----------------------
      0 | 0E 20 09 00 1B 30 00 01 1B 00 07 00 00 00 00 00    0 | . ...0..........
      1 | 00 00 40 C0 00 00 00 00 01 00 00 00 32 32 64 09    1 | ..@.........22d.
      2 | 00 03 18 00 00 00 00 00 00 00 00 00 00 00 00 00    2 | ................
      3 | 02 00 00 00 5F 30 33 30 00 00 00 00 00 00 00 00    3 | ...._030........

NPC ID: 16789532
  Name: blank
  POLUtils_Name:      
  Type: Decoration
  XYZR: 0.000, 0.000, 0.000, 0
  Mask: 00001111
        |  0  1  2  3  4  5  6  7  8  9  A  B  C  D  E  F      | 0123456789ABCDEF
    -----------------------------------------------------  ----------------------
      0 | 0E 1C 09 00 1C 30 00 01 1C 00 0F 00 00 00 00 00    0 | .....0..........
      1 | 00 00 00 00 00 00 00 00 01 00 00 00 32 32 64 00    1 | ............22d.
      2 | 02 03 08 00 00 00 00 00 00 00 00 00 00 00 00 00    2 | ................
      3 | 00 00 32 00 00 00 00 00 -- -- -- -- -- -- -- --    3 | ..2.....--------

NPC ID: 16789542
  Name: Moogle
  POLUtils_Name: Moogle
  Type: Simple NPC
  XYZR: 0.000, 0.000, 0.000, 0
  Mask: 00001111
        |  0  1  2  3  4  5  6  7  8  9  A  B  C  D  E  F      | 0123456789ABCDEF
    -----------------------------------------------------  ----------------------
      0 | 0E 20 09 00 26 30 00 01 26 00 0F 00 00 00 00 00    0 | . ..&0..&.......
      1 | 00 00 00 00 00 00 00 00 00 00 00 00 32 32 64 00    1 | ............22d.
      2 | 02 03 00 40 00 00 00 00 00 00 00 00 00 00 00 00    2 | ...@............
      3 | 00 00 52 00 4D 6F 6F 67 6C 65 00 00 00 00 00 00    3 | ..R.Moogle......

NPC ID: 16789540
  Name: Moogle
  POLUtils_Name: Moogle
  Type: Simple NPC
  XYZR: 0.000, 0.000, 0.000, 0
  Mask: 00001111
        |  0  1  2  3  4  5  6  7  8  9  A  B  C  D  E  F      | 0123456789ABCDEF
    -----------------------------------------------------  ----------------------
      0 | 0E 20 09 00 24 30 00 01 24 00 0F 00 00 00 00 00    0 | . ..$0..$.......
      1 | 00 00 00 00 00 00 00 00 00 00 00 00 32 32 64 00    1 | ............22d.
      2 | 02 03 00 40 00 00 00 00 00 00 00 00 00 00 00 00    2 | ...@............
      3 | 00 00 52 00 4D 6F 6F 67 6C 65 00 00 00 00 00 00    3 | ..R.Moogle......

NPC ID: 16789541
  Name: Moogle
  POLUtils_Name: Moogle
  Type: Simple NPC
  XYZR: 0.000, 0.000, 0.000, 0
  Mask: 00001111
        |  0  1  2  3  4  5  6  7  8  9  A  B  C  D  E  F      | 0123456789ABCDEF
    -----------------------------------------------------  ----------------------
      0 | 0E 20 09 00 25 30 00 01 25 00 0F 00 00 00 00 00    0 | . ..%0..%.......
      1 | 00 00 00 00 00 00 00 00 00 00 00 00 32 32 64 00    1 | ............22d.
      2 | 02 03 00 40 00 00 00 00 00 00 00 00 00 00 00 00    2 | ...@............
      3 | 00 00 52 00 4D 6F 6F 67 6C 65 00 00 00 00 00 00    3 | ..R.Moogle......

NPC ID: 16789538
  Name: Moogle
  POLUtils_Name: Moogle
  Type: Simple NPC
  XYZR: 0.000, 0.000, 0.000, 0
  Mask: 00001111
        |  0  1  2  3  4  5  6  7  8  9  A  B  C  D  E  F      | 0123456789ABCDEF
    -----------------------------------------------------  ----------------------
      0 | 0E 20 09 00 22 30 00 01 22 00 0F 00 00 00 00 00    0 | . .."0..".......
      1 | 00 00 00 00 00 00 00 00 00 00 00 00 32 32 64 00    1 | ............22d.
      2 | 02 03 00 40 00 00 00 00 00 00 00 00 00 00 00 00    2 | ...@............
      3 | 00 00 52 00 4D 6F 6F 67 6C 65 00 00 00 00 00 00    3 | ..R.Moogle......

NPC ID: 16789539
  Name: Moogle
  POLUtils_Name: Moogle
  Type: Simple NPC
  XYZR: 0.000, 0.000, 0.000, 0
  Mask: 00001111
        |  0  1  2  3  4  5  6  7  8  9  A  B  C  D  E  F      | 0123456789ABCDEF
    -----------------------------------------------------  ----------------------
      0 | 0E 20 09 00 23 30 00 01 23 00 0F 00 00 00 00 00    0 | . ..#0..#.......
      1 | 00 00 00 00 00 00 00 00 00 00 00 00 32 32 64 00    1 | ............22d.
      2 | 02 03 00 40 00 00 00 00 00 00 00 00 00 00 00 00    2 | ...@............
      3 | 00 00 52 00 4D 6F 6F 67 6C 65 00 00 00 00 00 00    3 | ..R.Moogle......

NPC ID: 16789536
  Name: Moogle
  POLUtils_Name: Moogle
  Type: Simple NPC
  XYZR: 0.000, 0.000, 0.000, 0
  Mask: 00001111
        |  0  1  2  3  4  5  6  7  8  9  A  B  C  D  E  F      | 0123456789ABCDEF
    -----------------------------------------------------  ----------------------
      0 | 0E 20 09 00 20 30 00 01 20 00 0F 00 00 00 00 00    0 | . .. 0.. .......
      1 | 00 00 00 00 00 00 00 00 00 00 00 00 32 32 64 00    1 | ............22d.
      2 | 02 03 00 40 00 00 00 00 00 00 00 00 00 00 00 00    2 | ...@............
      3 | 00 00 52 00 4D 6F 6F 67 6C 65 00 00 00 00 00 00    3 | ..R.Moogle......

NPC ID: 16789537
  Name: Moogle
  POLUtils_Name: Moogle
  Type: Simple NPC
  XYZR: 0.000, 0.000, 0.000, 0
  Mask: 00001111
        |  0  1  2  3  4  5  6  7  8  9  A  B  C  D  E  F      | 0123456789ABCDEF
    -----------------------------------------------------  ----------------------
      0 | 0E 20 09 00 21 30 00 01 21 00 0F 00 00 00 00 00    0 | . ..!0..!.......
      1 | 00 00 00 00 00 00 00 00 00 00 00 00 32 32 64 00    1 | ............22d.
      2 | 02 03 00 40 00 00 00 00 00 00 00 00 00 00 00 00    2 | ...@............
      3 | 00 00 52 00 4D 6F 6F 67 6C 65 00 00 00 00 00 00    3 | ..R.Moogle......

NPC ID: 16789535
  Name: Moogle
  POLUtils_Name: Moogle
  Type: Simple NPC
  XYZR: 0.000, 0.000, 0.000, 0
  Mask: 00001111
        |  0  1  2  3  4  5  6  7  8  9  A  B  C  D  E  F      | 0123456789ABCDEF
    -----------------------------------------------------  ----------------------
      0 | 0E 20 09 00 1F 30 00 01 1F 00 0F 00 00 00 00 00    0 | . ...0..........
      1 | 00 00 00 00 00 00 00 00 00 00 00 00 32 32 64 00    1 | ............22d.
      2 | 02 03 00 40 00 00 00 00 00 00 00 00 00 00 00 00    2 | ...@............
      3 | 00 00 52 00 4D 6F 6F 67 6C 65 00 00 00 00 00 00    3 | ..R.Moogle......

NPC ID: 16789534
  Name: NPC[1e]
  POLUtils_Name: NPC
  Type: Simple NPC
  XYZR: 0.000, 0.000, 0.000, 0
  Mask: 00001111
        |  0  1  2  3  4  5  6  7  8  9  A  B  C  D  E  F      | 0123456789ABCDEF
    -----------------------------------------------------  ----------------------
      0 | 0E 20 0A 00 1E 30 00 01 1E 00 0F 00 00 00 00 00    0 | . ...0..........
      1 | 00 00 00 00 00 00 00 00 00 00 00 00 32 32 64 00    1 | ............22d.
      2 | 02 03 00 00 00 00 00 00 00 00 00 00 00 00 00 00    2 | ................
      3 | 00 00 32 00 4E 50 43 5B 31 65 5D 00 00 00 00 00    3 | ..2.NPC[1e].....

NPC ID: 16789530
  Name: NPC[1a]
  POLUtils_Name: NPC
  Type: Simple NPC
  XYZR: 0.000, 0.000, 0.000, 0
  Mask: 00001111
        |  0  1  2  3  4  5  6  7  8  9  A  B  C  D  E  F      | 0123456789ABCDEF
    -----------------------------------------------------  ----------------------
      0 | 0E 20 0A 00 1A 30 00 01 1A 00 0F 00 00 00 00 00    0 | . ...0..........
      1 | 00 00 00 00 00 00 00 00 00 00 00 00 32 32 64 00    1 | ............22d.
      2 | 02 03 00 00 00 00 00 00 00 00 00 00 00 00 00 00    2 | ................
      3 | 00 00 32 00 4E 50 43 5B 31 61 5D 00 00 00 00 00    3 | ..2.NPC[1a].....

NPC ID: 16789527
  Name: NPC[17]
  POLUtils_Name: NPC
  Type: Simple NPC
  XYZR: 0.000, 0.000, 0.000, 0
  Mask: 00001111
        |  0  1  2  3  4  5  6  7  8  9  A  B  C  D  E  F      | 0123456789ABCDEF
    -----------------------------------------------------  ----------------------
      0 | 0E 20 0A 00 17 30 00 01 17 00 0F 00 00 00 00 00    0 | . ...0..........
      1 | 00 00 00 00 00 00 00 00 00 00 00 00 32 32 64 00    1 | ............22d.
      2 | 02 03 00 00 00 00 00 00 00 00 00 00 00 00 00 00    2 | ................
      3 | 00 00 32 00 4E 50 43 5B 31 37 5D 00 00 00 00 00    3 | ..2.NPC[17].....

NPC ID: 16789526
  Name: NPC[16]
  POLUtils_Name: NPC
  Type: Simple NPC
  XYZR: 0.000, 0.000, 0.000, 0
  Mask: 00001111
        |  0  1  2  3  4  5  6  7  8  9  A  B  C  D  E  F      | 0123456789ABCDEF
    -----------------------------------------------------  ----------------------
      0 | 0E 20 0A 00 16 30 00 01 16 00 0F 00 00 00 00 00    0 | . ...0..........
      1 | 00 00 00 00 00 00 00 00 00 00 00 00 32 32 64 00    1 | ............22d.
      2 | 02 03 00 00 00 00 00 00 00 00 00 04 00 00 00 00    2 | ................
      3 | 00 00 32 00 4E 50 43 5B 31 36 5D 00 00 00 00 00    3 | ..2.NPC[16].....

NPC ID: 16789525
  Name: NPC[15]
  POLUtils_Name: NPC
  Type: Simple NPC
  XYZR: 0.000, 3.900, 0.000, 0
  Mask: 00001111
        |  0  1  2  3  4  5  6  7  8  9  A  B  C  D  E  F      | 0123456789ABCDEF
    -----------------------------------------------------  ----------------------
      0 | 0E 20 0A 00 15 30 00 01 15 00 0F 00 00 00 00 00    0 | . ...0..........
      1 | 9A 99 79 40 00 00 00 00 00 00 00 00 28 28 64 00    1 | ..y@........((d.
      2 | 02 81 00 00 00 0C 00 00 00 00 10 20 00 00 00 00    2 | ........... ....
      3 | 00 00 2C 09 4E 50 43 5B 31 35 5D 00 00 00 00 00    3 | ..,.NPC[15].....

NPC ID: 16789524
  Name: NPC[14]
  POLUtils_Name: NPC
  Type: Simple NPC
  XYZR: 0.000, 3.900, 0.000, 0
  Mask: 00001111
        |  0  1  2  3  4  5  6  7  8  9  A  B  C  D  E  F      | 0123456789ABCDEF
    -----------------------------------------------------  ----------------------
      0 | 0E 20 0A 00 14 30 00 01 14 00 0F 00 00 00 00 00    0 | . ...0..........
      1 | 9A 99 79 40 00 00 00 00 00 00 00 00 32 32 64 00    1 | ..y@........22d.
      2 | 02 01 00 00 00 00 00 00 00 00 00 00 00 00 00 00    2 | ................
      3 | 00 00 32 00 4E 50 43 5B 31 34 5D 00 00 00 00 00    3 | ..2.NPC[14].....

NPC ID: 16789521
  Name: AchieveMaster
  POLUtils_Name: Achieve Master
  Type: Simple NPC
  XYZR: 0.000, 0.000, 0.000, 0
  Mask: 00001111
        |  0  1  2  3  4  5  6  7  8  9  A  B  C  D  E  F      | 0123456789ABCDEF
    -----------------------------------------------------  ----------------------
      0 | 0E 24 0A 00 11 30 00 01 11 00 0F 00 00 00 00 00    0 | .$...0..........
      1 | 00 00 00 00 00 00 00 00 00 00 00 00 32 32 64 00    1 | ............22d.
      2 | 02 03 00 00 00 00 00 00 00 00 00 00 00 00 00 00    2 | ................
      3 | 00 00 32 00 41 63 68 69 65 76 65 4D 61 73 74 65    3 | ..2.AchieveMaste
      4 | 72 00 00 00 00 00 00 00 -- -- -- -- -- -- -- --    4 | r.......--------

NPC ID: 16789522
  Name: UnityMaster
  POLUtils_Name: Unity Master
  Type: Simple NPC
  XYZR: 0.000, 0.000, 0.000, 0
  Mask: 00001111
        |  0  1  2  3  4  5  6  7  8  9  A  B  C  D  E  F      | 0123456789ABCDEF
    -----------------------------------------------------  ----------------------
      0 | 0E 22 0A 00 12 30 00 01 12 00 0F 00 00 00 00 00    0 | ."...0..........
      1 | 00 00 00 00 00 00 00 00 00 00 00 00 32 32 64 00    1 | ............22d.
      2 | 02 03 08 00 00 00 00 00 00 00 00 60 00 00 00 00    2 | ...........`....
      3 | 00 00 34 00 55 6E 69 74 79 4D 61 73 74 65 72 00    3 | ..4.UnityMaster.
      4 | 00 00 00 00 -- -- -- -- -- -- -- -- -- -- -- --    4 | ....------------

NPC ID: 16789519
  Name: NPC[f]
  POLUtils_Name: NPC
  Type: Simple NPC
  XYZR: 0.000, 0.000, 0.000, 0
  Mask: 00001111
        |  0  1  2  3  4  5  6  7  8  9  A  B  C  D  E  F      | 0123456789ABCDEF
    -----------------------------------------------------  ----------------------
      0 | 0E 20 0A 00 0F 30 00 01 0F 00 0F 00 00 00 00 00    0 | . ...0..........
      1 | 00 00 00 00 00 00 00 00 00 00 00 00 32 32 64 00    1 | ............22d.
      2 | 02 03 00 00 00 00 00 00 00 00 00 00 00 00 00 00    2 | ................
      3 | 00 00 32 00 4E 50 43 5B 66 5D 00 00 00 00 00 00    3 | ..2.NPC[f]......

NPC ID: 16789520
  Name: NPC[10]
  POLUtils_Name: NPC
  Type: Simple NPC
  XYZR: 0.000, 0.000, 0.000, 0
  Mask: 00001111
        |  0  1  2  3  4  5  6  7  8  9  A  B  C  D  E  F      | 0123456789ABCDEF
    -----------------------------------------------------  ----------------------
      0 | 0E 20 0A 00 10 30 00 01 10 00 0F 00 00 00 00 00    0 | . ...0..........
      1 | 00 00 00 00 00 00 00 00 00 00 00 00 32 32 64 00    1 | ............22d.
      2 | 02 03 00 00 00 00 00 00 00 00 00 00 00 00 00 00    2 | ................
      3 | 00 00 32 00 4E 50 43 5B 31 30 5D 00 00 00 00 00    3 | ..2.NPC[10].....

NPC ID: 16789516
  Name: Clot
  POLUtils_Name: Clot
  Type: Simple NPC
  XYZR: -7.133, -3.092, -4.852, 159
  Mask: 00001111
        |  0  1  2  3  4  5  6  7  8  9  A  B  C  D  E  F      | 0123456789ABCDEF
    -----------------------------------------------------  ----------------------
      0 | 0E 1E 0B 00 0C 30 00 01 0C 00 0F 9F 89 41 E4 C0    0 | .....0.......A..
      1 | 54 E3 45 C0 96 43 9B C0 EF 01 00 00 28 28 64 00    1 | T.E..C......((d.
      2 | 01 83 00 00 00 18 00 00 00 00 00 00 00 00 00 00    2 | ................
      3 | 00 00 26 01 43 6C 6F 74 00 00 00 00 -- -- -- --    3 | ..&.Clot....----

NPC ID: 16789517
  Name: ColossalCalama
  POLUtils_Name: Colossal Calamari
  Type: Simple NPC
  XYZR: -0.127, -3.599, -11.576, 107
  Mask: 00001111
        |  0  1  2  3  4  5  6  7  8  9  A  B  C  D  E  F      | 0123456789ABCDEF
    -----------------------------------------------------  ----------------------
      0 | 0E 24 0B 00 0D 30 00 01 0D 00 0F 6B 4A 0C 02 BE    0 | .$...0.....kJ...
      1 | 04 56 66 C0 4C 37 39 C1 22 01 00 00 28 28 64 00    1 | .Vf.L79."...((d.
      2 | 07 83 00 00 00 11 00 00 00 00 00 00 00 00 00 00    2 | ................
      3 | 00 00 60 01 43 6F 6C 6F 73 73 61 6C 43 61 6C 61    3 | ..`.ColossalCala
      4 | 6D 61 00 00 00 00 00 00 -- -- -- -- -- -- -- --    4 | ma......--------

NPC ID: 16789512
  Name: FattyPugil
  POLUtils_Name: Fatty Pugil
  Type: Simple NPC
  XYZR: -6.742, -3.465, -7.668, 66
  Mask: 00001111
        |  0  1  2  3  4  5  6  7  8  9  A  B  C  D  E  F      | 0123456789ABCDEF
    -----------------------------------------------------  ----------------------
      0 | 0E 22 0B 00 08 30 00 01 08 00 0F 42 77 BE D7 C0    0 | ."...0.....Bw...
      1 | 8F C2 5D C0 42 60 F5 C0 EE 00 00 00 28 28 64 00    1 | ..].B`......((d.
      2 | 07 83 00 00 00 1B 00 00 00 00 00 00 00 00 00 00    2 | ................
      3 | 00 00 5C 01 46 61 74 74 79 50 75 67 69 6C 00 00    3 | ..\\.FattyPugil..
      4 | 00 00 00 00 -- -- -- -- -- -- -- -- -- -- -- --    4 | ....------------

NPC ID: 16789513
  Name: Uragnite
  POLUtils_Name: Uragnite
  Type: Simple NPC
  XYZR: -5.688, -3.595, -14.335, 115
  Mask: 00001111
        |  0  1  2  3  4  5  6  7  8  9  A  B  C  D  E  F      | 0123456789ABCDEF
    -----------------------------------------------------  ----------------------
      0 | 0E 20 0B 00 09 30 00 01 09 00 0F 73 19 04 B6 C0    0 | . ...0.....s....
      1 | 7B 14 66 C0 29 5C 65 C1 8C 01 00 00 28 28 64 00    1 | {.f.)\\e.....((d.
      2 | 07 83 06 00 00 0C 00 00 00 00 0C 00 00 00 00 00    2 | ................
      3 | 00 00 51 05 55 72 61 67 6E 69 74 65 00 00 00 00    3 | ..Q.Uragnite....

NPC ID: 16789514
  Name: Uragnite
  POLUtils_Name: Uragnite
  Type: Simple NPC
  XYZR: -6.046, -3.598, -14.444, 115
  Mask: 00001111
        |  0  1  2  3  4  5  6  7  8  9  A  B  C  D  E  F      | 0123456789ABCDEF
    -----------------------------------------------------  ----------------------
      0 | 0E 20 0B 00 0A 30 00 01 0A 00 0F 73 D5 78 C1 C0    0 | . ...0.....s.x..
      1 | A2 45 66 C0 A0 1A 67 C1 8C 01 00 00 28 28 64 00    1 | .Ef...g.....((d.
      2 | 07 83 06 00 00 0C 00 00 00 00 0C 00 00 00 00 00    2 | ................
      3 | 00 00 51 05 55 72 61 67 6E 69 74 65 00 00 00 00    3 | ..Q.Uragnite....

NPC ID: 16789510
  Name: CyclopeanConch
  POLUtils_Name: Cyclopean Conch
  Type: Simple NPC
  XYZR: -18.125, -3.500, 1.733, 126
  Mask: 00001111
        |  0  1  2  3  4  5  6  7  8  9  A  B  C  D  E  F      | 0123456789ABCDEF
    -----------------------------------------------------  ----------------------
      0 | 0E 24 0B 00 06 30 00 01 06 00 0F 7E 00 00 91 C1    0 | .$...0.....~....
      1 | 00 00 60 C0 F2 D2 DD 3F AC 01 00 00 28 28 00 03    1 | ..`....?....((..
      2 | 07 85 02 00 00 0D 00 00 00 00 0D 00 FE 53 0A 00    2 | .............S..
      3 | 00 00 51 05 43 79 63 6C 6F 70 65 61 6E 43 6F 6E    3 | ..Q.CyclopeanCon
      4 | 63 68 00 00 00 00 00 00 -- -- -- -- -- -- -- --    4 | ch......--------

NPC ID: 16789511
  Name: Cutter
  POLUtils_Name: Cutter
  Type: Simple NPC
  XYZR: 6.058, -3.586, -8.620, 20
  Mask: 00001111
        |  0  1  2  3  4  5  6  7  8  9  A  B  C  D  E  F      | 0123456789ABCDEF
    -----------------------------------------------------  ----------------------
      0 | 0E 20 0B 00 07 30 00 01 07 00 0F 14 23 DB C1 40    0 | . ...0......#..@
      1 | 06 81 65 C0 85 EB 09 C1 C1 01 00 00 28 28 64 00    1 | ..e.........((d.
      2 | 07 83 00 00 00 0D 00 00 00 00 00 00 00 00 00 00    2 | ................
      3 | 00 00 64 01 43 75 74 74 65 72 00 00 00 00 00 00    3 | ..d.Cutter......

NPC ID: 16789515
  Name: Clot
  POLUtils_Name: Clot
  Type: Simple NPC
  XYZR: 4.984, -3.597, -8.959, 12
  Mask: 00001111
        |  0  1  2  3  4  5  6  7  8  9  A  B  C  D  E  F      | 0123456789ABCDEF
    -----------------------------------------------------  ----------------------
      0 | 0E 1E 0B 00 0B 30 00 01 0B 00 0F 0C EE 7C 9F 40    0 | .....0.......|.@
      1 | 3F 35 66 C0 10 58 0F C1 57 01 00 00 28 28 64 00    1 | ?5f..X..W...((d.
      2 | 07 83 00 00 00 18 00 00 00 00 00 00 00 00 00 00    2 | ................
      3 | 00 00 26 01 43 6C 6F 74 00 00 00 00 -- -- -- --    3 | ..&.Clot....----

NPC ID: 16789518
  Name: Zoredonite
  POLUtils_Name: Zoredonite
  Type: Simple NPC
  XYZR: 5.708, -3.518, -9.341, 60
  Mask: 00001111
        |  0  1  2  3  4  5  6  7  8  9  A  B  C  D  E  F      | 0123456789ABCDEF
    -----------------------------------------------------  ----------------------
      0 | 0E 22 0B 00 0E 30 00 01 0E 00 0F 3C F0 A7 B6 40    0 | ."...0.....<...@
      1 | E9 26 61 C0 BC 74 15 C1 EE 00 00 00 28 28 64 00    1 | .&a..t......((d.
      2 | 07 87 02 00 00 10 00 00 00 00 0C 00 00 00 00 00    2 | ................
      3 | 00 00 51 05 5A 6F 72 65 64 6F 6E 69 74 65 00 00    3 | ..Q.Zoredonite..
      4 | 00 00 00 00 -- -- -- -- -- -- -- -- -- -- -- --    4 | ....------------

NPC ID: 16789508
  Name: Kraken
  POLUtils_Name: Kraken
  Type: Simple NPC
  XYZR: 9.490, -3.275, -15.417, 130
  Mask: 00001111
        |  0  1  2  3  4  5  6  7  8  9  A  B  C  D  E  F      | 0123456789ABCDEF
    -----------------------------------------------------  ----------------------
      0 | 0E 20 0B 00 04 30 00 01 04 00 0F 82 0A D7 17 41    0 | . ...0.........A
      1 | 9A 99 51 C0 08 AC 76 C1 A0 06 00 00 28 28 00 03    1 | ..Q...v.....((..
      2 | 07 83 00 00 00 11 00 00 00 00 00 00 37 18 00 00    2 | ............7...
      3 | 00 00 60 01 4B 72 61 6B 65 6E 00 00 00 00 00 00    3 | ..`.Kraken......

NPC ID: 16789533
  Name: Khots Chalahko
  POLUtils_Name: Khots Chalahko
  Type: Equipped NPC
  XYZR: 0.019, -3.674, -18.782, 192
  Mask: 01010111
        |  0  1  2  3  4  5  6  7  8  9  A  B  C  D  E  F      | 0123456789ABCDEF
    -----------------------------------------------------  ----------------------
      0 | 0E 2C 0B 00 1D 30 00 01 1D 00 57 C0 E3 A5 9B 3C    0 | .,...0....W....<
      1 | D1 22 6B C0 89 41 96 C1 0F 00 00 00 32 32 64 2F    1 | ."k..A......22d/
      2 | 00 1B 00 00 00 00 00 20 00 00 00 00 00 00 00 00    2 | ....... ........
      3 | 01 00 06 07 00 10 66 20 66 30 66 40 66 50 00 60    3 | ......f f0f@fP.`
      4 | 00 70 00 00 00 00 00 00 00 00 00 00 00 00 00 00    4 | .p..............
      5 | 00 00 00 00 00 00 00 00 -- -- -- -- -- -- -- --    5 | ........--------

