NPC ID: 17868994
  Name: X-32
  POLUtils_Name: X-32
  Type: Simple NPC
  XYZR: 440.140, -60.500, 300.053, 128
  Mask: 00001111
        |  0  1  2  3  4  5  6  7  8  9  A  B  C  D  E  F      | 0123456789ABCDEF
    -----------------------------------------------------  ----------------------
      0 | 0E 1E 0A 00 C2 A8 10 01 C2 07 0F 80 EC 11 DC 43    0 | ...............C
      1 | 00 00 72 C2 C9 06 96 43 00 00 00 00 00 32 64 00    1 | ..r....C.....2d.
      2 | 00 99 00 00 00 08 00 28 00 01 00 00 00 00 00 00    2 | .......(........
      3 | 06 00 CA 07 58 2D 33 32 00 00 00 00 -- -- -- --    3 | ....X-32....----

NPC ID: 17867205
  Name: GoblinFootprin
  POLUtils_Name: Goblin Footprint
  Type: Simple NPC
  XYZR: 422.736, -60.212, 278.370, 128
  Mask: 00001111
        |  0  1  2  3  4  5  6  7  8  9  A  B  C  D  E  F      | 0123456789ABCDEF
    -----------------------------------------------------  ----------------------
      0 | 0E 24 0A 00 C5 A1 10 01 C5 01 0F 80 35 5E D3 43    0 | .$..........5^.C
      1 | 17 D9 70 C2 5C 2F 8B 43 01 00 00 00 32 32 64 00    1 | ..p.\\/.C....22d.
      2 | 00 03 00 00 00 00 00 00 00 00 00 00 00 00 00 00    2 | ................
      3 | 00 00 34 00 47 6F 62 6C 69 6E 46 6F 6F 74 70 72    3 | ..4.GoblinFootpr
      4 | 69 6E 00 00 00 00 00 00 -- -- -- -- -- -- -- --    4 | in......--------

NPC ID: 17867204
  Name: Ramblix
  POLUtils_Name: Ramblix
  Type: Simple NPC
  XYZR: 422.736, -60.212, 278.370, 128
  Mask: 00001111
        |  0  1  2  3  4  5  6  7  8  9  A  B  C  D  E  F      | 0123456789ABCDEF
    -----------------------------------------------------  ----------------------
      0 | 0E 20 0A 00 C4 A1 10 01 C4 01 0F 80 35 5E D3 43    0 | . ..........5^.C
      1 | 17 D9 70 C2 5C 2F 8B 43 00 00 00 00 32 32 64 00    1 | ..p.\\/.C....22d.
      2 | 06 1B 00 00 00 00 00 20 00 00 00 00 00 00 00 00    2 | ....... ........
      3 | 00 00 55 00 52 61 6D 62 6C 69 78 00 00 00 00 00    3 | ..U.Ramblix.....

NPC ID: 17867140
  Name: _7e8
  POLUtils_Name: NPC
  Type: Simple NPC
  XYZR: 356.430, -62.620, 156.848, 0
  Mask: 00000111
        |  0  1  2  3  4  5  6  7  8  9  A  B  C  D  E  F      | 0123456789ABCDEF
    -----------------------------------------------------  ----------------------
      0 | 0E 20 91 00 84 A1 10 01 84 01 07 00 0A 37 B2 43    0 | . ...........7.C
      1 | E1 7A 7A C2 17 D9 1C 43 01 00 00 00 32 32 64 09    1 | .zz....C....22d.
      2 | 00 03 18 00 00 00 00 00 A0 00 00 00 00 00 00 00    2 | ................
      3 | 02 00 00 00 5F 37 65 38 00 00 00 00 00 00 00 00    3 | ...._7e8........

NPC ID: 17867093
  Name: NPC[155]
  POLUtils_Name: NPC
  Type: Simple NPC
  XYZR: 366.430, -62.620, 154.848, 0
  Mask: 00001111
        |  0  1  2  3  4  5  6  7  8  9  A  B  C  D  E  F      | 0123456789ABCDEF
    -----------------------------------------------------  ----------------------
      0 | 0E 20 C6 00 55 A1 10 01 55 01 0F 00 0A 37 B7 43    0 | . ..U...U....7.C
      1 | E1 7A 7A C2 17 D9 1A 43 01 00 00 00 32 32 64 00    1 | .zz....C....22d.
      2 | 00 1B 08 00 00 00 00 22 00 00 00 68 00 00 00 00    2 | ......."...h....
      3 | 00 00 DB 0A 4E 50 43 5B 31 35 35 5D 00 00 00 00    3 | ....NPC[155]....

NPC ID: 17867092
  Name: NPC[154]
  POLUtils_Name: NPC
  Type: Simple NPC
  XYZR: 366.430, -62.620, 158.848, 0
  Mask: 00001111
        |  0  1  2  3  4  5  6  7  8  9  A  B  C  D  E  F      | 0123456789ABCDEF
    -----------------------------------------------------  ----------------------
      0 | 0E 20 C6 00 54 A1 10 01 54 01 0F 00 0A 37 B7 43    0 | . ..T...T....7.C
      1 | E1 7A 7A C2 17 D9 1E 43 01 00 00 00 32 32 64 00    1 | .zz....C....22d.
      2 | 00 1B 08 00 00 00 00 22 00 00 00 68 00 00 00 00    2 | ......."...h....
      3 | 00 00 DB 0A 4E 50 43 5B 31 35 34 5D 00 00 00 00    3 | ....NPC[154]....

NPC ID: 17867091
  Name: NPC[153]
  POLUtils_Name: NPC
  Type: Simple NPC
  XYZR: 364.430, -62.620, 162.848, 224
  Mask: 00001111
        |  0  1  2  3  4  5  6  7  8  9  A  B  C  D  E  F      | 0123456789ABCDEF
    -----------------------------------------------------  ----------------------
      0 | 0E 20 C6 00 53 A1 10 01 53 01 0F E0 0A 37 B6 43    0 | . ..S...S....7.C
      1 | E1 7A 7A C2 17 D9 22 43 01 00 00 00 32 32 64 00    1 | .zz..."C....22d.
      2 | 00 1B 08 00 00 00 00 22 00 00 00 68 00 00 00 00    2 | ......."...h....
      3 | 00 00 DB 0A 4E 50 43 5B 31 35 33 5D 00 00 00 00    3 | ....NPC[153]....

NPC ID: 17867094
  Name: NPC[156]
  POLUtils_Name: NPC
  Type: Simple NPC
  XYZR: 364.430, -62.620, 150.848, 32
  Mask: 00001111
        |  0  1  2  3  4  5  6  7  8  9  A  B  C  D  E  F      | 0123456789ABCDEF
    -----------------------------------------------------  ----------------------
      0 | 0E 20 C7 00 56 A1 10 01 56 01 0F 20 0A 37 B6 43    0 | . ..V...V.. .7.C
      1 | E1 7A 7A C2 17 D9 16 43 01 00 00 00 32 32 64 00    1 | .zz....C....22d.
      2 | 00 1B 08 00 00 00 00 22 00 00 00 68 00 00 00 00    2 | ......."...h....
      3 | 00 00 DB 0A 4E 50 43 5B 31 35 36 5D 00 00 00 00    3 | ....NPC[156]....

NPC ID: 17867141
  Name: Station Administrator
  POLUtils_Name: Station Administrator
  Type: Equipped NPC
  XYZR: 363.000, -60.000, 158.000, 0
  Mask: 01010111
        |  0  1  2  3  4  5  6  7  8  9  A  B  C  D  E  F      | 0123456789ABCDEF
    -----------------------------------------------------  ----------------------
      0 | 0E 2C C7 00 85 A1 10 01 85 01 57 00 00 80 B5 43    0 | .,........W....C
      1 | 00 00 70 C2 00 00 1E 43 0F 00 00 00 32 32 64 00    1 | ..p....C....22d.
      2 | 00 03 00 00 00 00 00 00 00 00 00 00 00 00 00 00    2 | ................
      3 | 01 00 04 07 18 10 31 20 00 30 AB 40 63 50 00 60    3 | ......1 .0.@cP.`
      4 | 00 70 00 00 00 00 00 00 00 00 00 00 00 00 00 00    4 | .p..............
      5 | 00 00 00 00 00 00 00 00 -- -- -- -- -- -- -- --    5 | ........--------

NPC ID: 17867174
  Name: Udip Ferawoh
  POLUtils_Name: Udip Ferawoh
  Type: Equipped NPC
  XYZR: 369.946, -58.927, 139.689, 193
  Mask: 01010111
        |  0  1  2  3  4  5  6  7  8  9  A  B  C  D  E  F      | 0123456789ABCDEF
    -----------------------------------------------------  ----------------------
      0 | 0E 2A C8 00 A6 A1 10 01 A6 01 57 C1 17 F9 B8 43    0 | .*........W....C
      1 | 3F B5 6B C2 62 B0 0B 43 08 00 00 00 32 32 64 00    1 | ?.k.b..C....22d.
      2 | 00 1B 00 00 00 00 00 20 00 00 00 00 00 00 00 00    2 | ....... ........
      3 | 01 00 06 07 00 10 58 21 00 30 58 41 39 50 00 60    3 | ......X!.0XA9P.`
      4 | 00 70 00 00 00 00 00 00 00 00 00 00 00 00 00 00    4 | .p..............
      5 | 00 00 00 00 -- -- -- -- -- -- -- -- -- -- -- --    5 | ....------------

NPC ID: 17867090
  Name: NPC[152]
  POLUtils_Name: NPC
  Type: Simple NPC
  XYZR: 360.430, -62.620, 164.848, 192
  Mask: 00001111
        |  0  1  2  3  4  5  6  7  8  9  A  B  C  D  E  F      | 0123456789ABCDEF
    -----------------------------------------------------  ----------------------
      0 | 0E 20 C8 00 52 A1 10 01 52 01 0F C0 0A 37 B4 43    0 | . ..R...R....7.C
      1 | E1 7A 7A C2 17 D9 24 43 01 00 00 00 32 32 64 00    1 | .zz...$C....22d.
      2 | 00 1B 08 00 00 00 00 22 00 00 00 68 00 00 00 00    2 | ......."...h....
      3 | 00 00 DB 0A 4E 50 43 5B 31 35 32 5D 00 00 00 00    3 | ....NPC[152]....

NPC ID: 17867154
  Name: Delivery Specialist
  POLUtils_Name: Delivery Specialist
  Type: Equipped NPC
  XYZR: 358.000, -60.000, 162.700, 158
  Mask: 01010111
        |  0  1  2  3  4  5  6  7  8  9  A  B  C  D  E  F      | 0123456789ABCDEF
    -----------------------------------------------------  ----------------------
      0 | 0E 2C C9 00 92 A1 10 01 92 01 57 9E 00 00 B3 43    0 | .,........W....C
      1 | 00 00 70 C2 33 B3 22 43 07 00 00 00 32 32 64 00    1 | ..p.3."C....22d.
      2 | 00 03 00 00 00 00 00 00 00 00 01 00 00 00 00 00    2 | ................
      3 | 01 00 07 03 00 10 17 20 00 30 02 40 02 50 00 60    3 | ....... .0.@.P.`
      4 | 00 70 00 00 00 00 00 00 00 00 00 00 00 00 00 00    4 | .p..............
      5 | 00 00 00 00 00 00 00 00 -- -- -- -- -- -- -- --    5 | ........--------

NPC ID: 17867166
  Name: Waypoint
  POLUtils_Name: Waypoint
  Type: Simple NPC
  XYZR: 358.000, -60.000, 164.000, 0
  Mask: 00001111
        |  0  1  2  3  4  5  6  7  8  9  A  B  C  D  E  F      | 0123456789ABCDEF
    -----------------------------------------------------  ----------------------
      0 | 0E 20 C9 00 9E A1 10 01 9E 01 0F 00 00 00 B3 43    0 | . .............C
      1 | 00 00 70 C2 00 00 24 43 01 80 00 00 32 32 64 00    1 | ..p...$C....22d.
      2 | 00 03 00 00 00 00 00 02 20 00 00 20 00 00 00 00    2 | ........ .. ....
      3 | 00 00 74 09 57 61 79 70 6F 69 6E 74 00 00 00 00    3 | ..t.Waypoint....

NPC ID: 17867153
  Name: Station Worker
  POLUtils_Name: Station Worker
  Type: Equipped NPC
  XYZR: 359.000, -59.000, 143.000, 0
  Mask: 01010111
        |  0  1  2  3  4  5  6  7  8  9  A  B  C  D  E  F      | 0123456789ABCDEF
    -----------------------------------------------------  ----------------------
      0 | 0E 2C CA 00 91 A1 10 01 91 01 57 00 00 80 B3 43    0 | .,........W....C
      1 | 00 00 6C C2 00 00 0F 43 0F 00 00 00 32 32 64 00    1 | ..l....C....22d.
      2 | 00 03 00 00 00 00 00 00 00 00 00 00 00 00 00 00    2 | ................
      3 | 01 00 04 05 00 10 A2 20 18 30 57 41 57 51 00 60    3 | ....... .0WAWQ.`
      4 | 00 70 00 00 00 00 00 00 00 00 00 00 00 00 00 00    4 | .p..............
      5 | 00 00 00 00 00 00 00 00 -- -- -- -- -- -- -- --    5 | ........--------

NPC ID: 17867079
  Name: JGL_BUILD_MASTE
  POLUtils_Name: JGL_BUILD_MASTER_0
  Type: Simple NPC
  XYZR: 356.430, -62.620, 156.848, 0
  Mask: 00001111
        |  0  1  2  3  4  5  6  7  8  9  A  B  C  D  E  F      | 0123456789ABCDEF
    -----------------------------------------------------  ----------------------
      0 | 0E 24 CA 00 47 A1 10 01 47 01 0F 00 0A 37 B2 43    0 | .$..G...G....7.C
      1 | E1 7A 7A C2 17 D9 1C 43 01 00 00 00 32 32 64 00    1 | .zz....C....22d.
      2 | 02 03 00 00 00 00 00 00 00 00 00 00 00 00 00 00    2 | ................
      3 | 00 00 32 00 4A 47 4C 5F 42 55 49 4C 44 5F 4D 41    3 | ..2.JGL_BUILD_MA
      4 | 53 54 45 00 00 00 00 00 -- -- -- -- -- -- -- --    4 | STE.....--------

NPC ID: 17867172
  Name: Toppled Tree
  POLUtils_Name: Toppled Tree
  Type: Equipped NPC
  XYZR: 356.272, -59.701, 149.993, 0
  Mask: 01010111
        |  0  1  2  3  4  5  6  7  8  9  A  B  C  D  E  F      | 0123456789ABCDEF
    -----------------------------------------------------  ----------------------
      0 | 0E 2A CB 00 A4 A1 10 01 A4 01 57 00 D1 22 B2 43    0 | .*........W..".C
      1 | D3 CD 6E C2 35 FE 15 43 16 00 00 00 32 32 64 00    1 | ..n.5..C....22d.
      2 | 00 1B 00 00 00 00 00 20 00 00 00 00 00 00 00 00    2 | ....... ........
      3 | 01 00 0F 08 00 10 06 20 06 30 06 40 06 50 00 60    3 | ....... .0.@.P.`
      4 | 00 70 00 00 00 00 00 00 00 00 00 00 00 00 00 00    4 | .p..............
      5 | 00 00 00 00 -- -- -- -- -- -- -- -- -- -- -- --    5 | ....------------

NPC ID: 17867200
  Name: Veldeth
  POLUtils_Name: Veldeth
  Type: Equipped NPC
  XYZR: 350.587, -61.447, 137.522, 128
  Mask: 01010111
        |  0  1  2  3  4  5  6  7  8  9  A  B  C  D  E  F      | 0123456789ABCDEF
    -----------------------------------------------------  ----------------------
      0 | 0E 28 03 01 C0 A1 10 01 C0 01 57 80 23 4B AF 43    0 | .(........W.#K.C
      1 | BA C9 75 C2 A2 85 09 43 16 00 00 00 32 32 64 00    1 | ..u....C....22d.
      2 | 00 1B 00 00 00 00 00 20 00 00 00 00 00 00 00 00    2 | ....... ........
      3 | 01 00 08 03 56 11 56 21 40 31 56 41 EF 50 00 60    3 | ....V.V!@1VA.P.`
      4 | 00 70 00 00 00 00 00 00 00 00 00 00 00 00 00 00    4 | .p..............

NPC ID: 17867095
  Name: NPC[157]
  POLUtils_Name: NPC
  Type: Simple NPC
  XYZR: 352.430, -62.620, 164.848, 64
  Mask: 00001111
        |  0  1  2  3  4  5  6  7  8  9  A  B  C  D  E  F      | 0123456789ABCDEF
    -----------------------------------------------------  ----------------------
      0 | 0E 20 07 01 57 A1 10 01 57 01 0F 40 0A 37 B0 43    0 | . ..W...W..@.7.C
      1 | E1 7A 7A C2 17 D9 24 43 01 00 00 00 32 32 64 00    1 | .zz...$C....22d.
      2 | 00 1B 08 00 00 00 00 22 00 00 00 68 00 00 00 00    2 | ......."...h....
      3 | 00 00 DB 0A 4E 50 43 5B 31 35 37 5D 00 00 00 00    3 | ....NPC[157]....

NPC ID: 17867170
  Name: Waypoint
  POLUtils_Name: Waypoint
  Type: Simple NPC
  XYZR: -326.022, -40.023, 202.096, 0
  Mask: 00001111
        |  0  1  2  3  4  5  6  7  8  9  A  B  C  D  E  F      | 0123456789ABCDEF
    -----------------------------------------------------  ----------------------
      0 | 0E 20 65 01 A2 A1 10 01 A2 01 0F 00 D1 02 A3 C3    0 | . e.............
      1 | 8D 17 20 C2 93 18 4A 43 01 80 00 00 32 32 64 00    1 | .. ...JC....22d.
      2 | 00 03 00 00 00 00 00 02 20 00 00 20 00 00 00 00    2 | ........ .. ....
      3 | 00 00 74 09 57 61 79 70 6F 69 6E 74 00 00 00 00    3 | ..t.Waypoint....

NPC ID: 17866901
  Name: Tulfaire
  POLUtils_Name: Tulfaire
  Type: Simple NPC
  XYZR: -332.230, -39.560, 165.291, 236
  Mask: 00001111
        |  0  1  2  3  4  5  6  7  8  9  A  B  C  D  E  F      | 0123456789ABCDEF
    -----------------------------------------------------  ----------------------
      0 | 0E 20 65 01 95 A0 10 01 95 00 0F EC 71 1D A6 C3    0 | . e.........q...
      1 | 71 3D 1E C2 7F 4A 25 43 1B 00 00 00 28 28 64 00    1 | q=...J%C....((d.
      2 | 01 81 00 00 00 0A 00 00 00 00 08 00 00 00 00 00    2 | ................
      3 | 00 00 23 0A 54 75 6C 66 61 69 72 65 00 00 00 00    3 | ..#.Tulfaire....

NPC ID: 17867111
  Name: NPC[167]
  POLUtils_Name: NPC
  Type: Simple NPC
  XYZR: -329.000, -40.000, 203.000, 0
  Mask: 00001111
        |  0  1  2  3  4  5  6  7  8  9  A  B  C  D  E  F      | 0123456789ABCDEF
    -----------------------------------------------------  ----------------------
      0 | 0E 20 65 01 67 A1 10 01 67 01 0F 00 00 80 A4 C3    0 | . e.g...g.......
      1 | 00 00 20 C2 00 00 4B 43 01 00 00 00 32 32 64 00    1 | .. ...KC....22d.
      2 | 00 1B 08 00 00 00 00 22 00 00 05 68 00 00 00 00    2 | ......."...h....
      3 | 00 00 6B 09 4E 50 43 5B 31 36 37 5D 00 00 00 00    3 | ..k.NPC[167]....

NPC ID: 17866900
  Name: Tulfaire
  POLUtils_Name: Tulfaire
  Type: Simple NPC
  XYZR: -351.477, -39.800, 162.802, 113
  Mask: 00001111
        |  0  1  2  3  4  5  6  7  8  9  A  B  C  D  E  F      | 0123456789ABCDEF
    -----------------------------------------------------  ----------------------
      0 | 0E 20 65 01 94 A0 10 01 94 00 0F 71 0E BD AF C3    0 | . e........q....
      1 | 33 33 1F C2 50 CD 22 43 F6 01 00 00 28 28 64 00    1 | 33..P."C....((d.
      2 | 01 81 00 00 00 0A 00 00 00 00 08 00 00 00 00 00    2 | ................
      3 | 00 00 23 0A 54 75 6C 66 61 69 72 65 00 00 00 00    3 | ..#.Tulfaire....

NPC ID: 17867145
  Name: Bivouac#4 Administrator
  POLUtils_Name: Bivouac#4 Administrator
  Type: Equipped NPC
  XYZR: -327.000, -40.000, 196.000, 32
  Mask: 01010111
        |  0  1  2  3  4  5  6  7  8  9  A  B  C  D  E  F      | 0123456789ABCDEF
    -----------------------------------------------------  ----------------------
      0 | 0E 2C 65 01 89 A1 10 01 89 01 57 20 00 80 A3 C3    0 | .,e.......W ....
      1 | 00 00 20 C2 00 00 44 43 0F 00 00 00 32 32 64 00    1 | .. ...DC....22d.
      2 | 00 03 00 00 00 00 00 00 00 00 00 00 00 00 00 00    2 | ................
      3 | 01 00 01 01 18 10 31 20 00 30 AB 40 63 50 00 60    3 | ......1 .0.@cP.`
      4 | 00 70 00 00 00 00 00 00 00 00 00 00 00 00 00 00    4 | .p..............
      5 | 00 00 00 00 00 00 00 00 -- -- -- -- -- -- -- --    5 | ........--------

NPC ID: 17866899
  Name: Tulfaire
  POLUtils_Name: Tulfaire
  Type: Simple NPC
  XYZR: -329.397, -39.722, 159.703, 51
  Mask: 00001111
        |  0  1  2  3  4  5  6  7  8  9  A  B  C  D  E  F      | 0123456789ABCDEF
    -----------------------------------------------------  ----------------------
      0 | 0E 20 65 01 93 A0 10 01 93 00 0F 33 D1 B2 A4 C3    0 | . e........3....
      1 | 54 E3 1E C2 F8 B3 1F 43 8D 01 00 00 28 28 64 00    1 | T......C....((d.
      2 | 01 81 00 00 00 0A 00 00 00 00 08 00 00 00 00 00    2 | ................
      3 | 00 00 23 0A 54 75 6C 66 61 69 72 65 00 00 00 00    3 | ..#.Tulfaire....

NPC ID: 17867103
  Name: NPC[15f]
  POLUtils_Name: NPC
  Type: Simple NPC
  XYZR: -329.000, -40.000, 194.000, 64
  Mask: 00001111
        |  0  1  2  3  4  5  6  7  8  9  A  B  C  D  E  F      | 0123456789ABCDEF
    -----------------------------------------------------  ----------------------
      0 | 0E 20 65 01 5F A1 10 01 5F 01 0F 40 00 80 A4 C3    0 | . e._..._..@....
      1 | 00 00 20 C2 00 00 42 43 01 00 00 00 32 32 64 00    1 | .. ...BC....22d.
      2 | 00 1B 08 00 00 00 00 22 00 00 00 68 00 00 00 00    2 | ......."...h....
      3 | 00 00 DB 0A 4E 50 43 5B 31 35 66 5D 00 00 00 00    3 | ....NPC[15f]....

NPC ID: 17867102
  Name: NPC[15e]
  POLUtils_Name: NPC
  Type: Simple NPC
  XYZR: -324.000, -40.000, 197.000, 0
  Mask: 00001111
        |  0  1  2  3  4  5  6  7  8  9  A  B  C  D  E  F      | 0123456789ABCDEF
    -----------------------------------------------------  ----------------------
      0 | 0E 20 65 01 5E A1 10 01 5E 01 0F 00 00 00 A2 C3    0 | . e.^...^.......
      1 | 00 00 20 C2 00 00 45 43 01 00 00 00 32 32 64 00    1 | .. ...EC....22d.
      2 | 00 1B 08 00 00 00 00 22 00 00 00 68 00 00 00 00    2 | ......."...h....
      3 | 00 00 DB 0A 4E 50 43 5B 31 35 65 5D 00 00 00 00    3 | ....NPC[15e]....

NPC ID: 17867088
  Name: NPC[150]
  POLUtils_Name: NPC
  Type: Simple NPC
  XYZR: -330.000, -40.000, 199.000, 0
  Mask: 00001111
        |  0  1  2  3  4  5  6  7  8  9  A  B  C  D  E  F      | 0123456789ABCDEF
    -----------------------------------------------------  ----------------------
      0 | 0E 20 65 01 50 A1 10 01 50 01 0F 00 00 00 A5 C3    0 | . e.P...P.......
      1 | 00 00 20 C2 00 00 47 43 01 00 00 00 32 32 64 00    1 | .. ...GC....22d.
      2 | 00 1B 08 00 00 00 00 22 20 00 00 68 00 00 00 00    2 | ......." ..h....
      3 | 00 00 DA 0A 4E 50 43 5B 31 35 30 5D 00 00 00 00    3 | ....NPC[150]....

NPC ID: 17867139
  Name: _7e6
  POLUtils_Name: NPC
  Type: Simple NPC
  XYZR: -300.000, -23.370, 100.000, 128
  Mask: 00000111
        |  0  1  2  3  4  5  6  7  8  9  A  B  C  D  E  F      | 0123456789ABCDEF
    -----------------------------------------------------  ----------------------
      0 | 0E 20 65 01 83 A1 10 01 83 01 07 80 00 00 96 C3    0 | . e.............
      1 | C3 F5 BA C1 00 00 C8 42 01 00 00 00 32 32 64 09    1 | .......B....22d.
      2 | 00 03 18 00 00 00 00 00 A0 00 00 00 00 00 00 00    2 | ................
      3 | 02 00 00 00 5F 37 65 36 00 00 00 00 00 00 00 00    3 | ...._7e6........

NPC ID: 17867083
  Name: JGL_BUILD_MASTE
  POLUtils_Name: JGL_BUILD_MASTER_4
  Type: Simple NPC
  XYZR: -330.000, -40.000, 199.000, 0
  Mask: 00001111
        |  0  1  2  3  4  5  6  7  8  9  A  B  C  D  E  F      | 0123456789ABCDEF
    -----------------------------------------------------  ----------------------
      0 | 0E 24 65 01 4B A1 10 01 4B 01 0F 00 00 00 A5 C3    0 | .$e.K...K.......
      1 | 00 00 20 C2 00 00 47 43 01 00 00 00 32 32 64 00    1 | .. ...GC....22d.
      2 | 02 03 00 00 00 00 00 00 00 00 00 00 00 00 00 00    2 | ................
      3 | 00 00 32 00 4A 47 4C 5F 42 55 49 4C 44 5F 4D 41    3 | ..2.JGL_BUILD_MA
      4 | 53 54 45 00 00 00 00 00 -- -- -- -- -- -- -- --    4 | STE.....--------

NPC ID: 17866902
  Name: CracklingUngew
  POLUtils_Name: Crackling Ungeweder
  Type: Simple NPC
  XYZR: -334.226, -39.586, 150.998, 8
  Mask: 00001111
        |  0  1  2  3  4  5  6  7  8  9  A  B  C  D  E  F      | 0123456789ABCDEF
    -----------------------------------------------------  ----------------------
      0 | 0E 24 70 01 96 A0 10 01 96 00 0F 08 EE 1C A7 C3    0 | .$p.............
      1 | 10 58 1E C2 7D FF 16 43 2C 01 00 00 28 28 64 00    1 | .X..}..C,...((d.
      2 | 07 81 00 00 00 0F 00 00 00 00 00 00 00 00 00 00    2 | ................
      3 | 00 00 66 08 43 72 61 63 6B 6C 69 6E 67 55 6E 67    3 | ..f.CracklingUng
      4 | 65 77 00 00 00 00 00 00 -- -- -- -- -- -- -- --    4 | ew......--------

NPC ID: 17866995
  Name: AvianRoost
  POLUtils_Name: Avian Roost
  Type: Simple NPC
  XYZR: -398.000, -40.500, 122.000, 61
  Mask: 00001111
        |  0  1  2  3  4  5  6  7  8  9  A  B  C  D  E  F      | 0123456789ABCDEF
    -----------------------------------------------------  ----------------------
      0 | 0E 22 C1 01 F3 A0 10 01 F3 00 0F 3D 00 00 C7 C3    0 | .".........=....
      1 | 00 00 22 C2 00 00 F4 42 06 00 00 00 28 28 64 00    1 | .."....B....((d.
      2 | 01 81 04 00 00 08 50 00 A0 00 00 00 00 00 00 00    2 | ......P.........
      3 | 00 00 F5 0A 41 76 69 61 6E 52 6F 6F 73 74 00 00    3 | ....AvianRoost..
      4 | 00 00 00 00 -- -- -- -- -- -- -- -- -- -- -- --    4 | ....------------

NPC ID: 17866999
  Name: GorgeVulture
  POLUtils_Name: Gorge Vulture
  Type: Simple NPC
  XYZR: -394.635, -40.009, 118.373, 50
  Mask: 00001111
        |  0  1  2  3  4  5  6  7  8  9  A  B  C  D  E  F      | 0123456789ABCDEF
    -----------------------------------------------------  ----------------------
      0 | 0E 22 C2 01 F7 A0 10 01 F7 00 0F 32 48 51 C5 C3    0 | .".........2HQ..
      1 | 37 09 20 C2 FA BE EC 42 70 00 00 00 28 28 64 00    1 | 7. ....Bp...((d.
      2 | 01 83 00 00 00 14 50 00 20 00 08 00 00 00 00 00    2 | ......P. .......
      3 | 00 00 BD 01 47 6F 72 67 65 56 75 6C 74 75 72 65    3 | ....GorgeVulture
      4 | 00 00 00 00 -- -- -- -- -- -- -- -- -- -- -- --    4 | ....------------

NPC ID: 17866997
  Name: UndauntedColib
  POLUtils_Name: Undaunted Colibri
  Type: Simple NPC
  XYZR: -395.504, -40.011, 116.483, 232
  Mask: 00001111
        |  0  1  2  3  4  5  6  7  8  9  A  B  C  D  E  F      | 0123456789ABCDEF
    -----------------------------------------------------  ----------------------
      0 | 0E 24 C3 01 F5 A0 10 01 F5 00 0F E8 83 C0 C5 C3    0 | .$..............
      1 | 44 0B 20 C2 4C F7 E8 42 98 00 00 00 40 40 64 00    1 | D. .L..B....@@d.
      2 | 01 83 00 00 00 0C 50 00 20 00 04 00 00 00 00 00    2 | ......P. .......
      3 | 00 00 B8 06 55 6E 64 61 75 6E 74 65 64 43 6F 6C    3 | ....UndauntedCol
      4 | 69 62 00 00 00 00 00 00 -- -- -- -- -- -- -- --    4 | ib......--------

NPC ID: 17866996
  Name: UndauntedColib
  POLUtils_Name: Undaunted Colibri
  Type: Simple NPC
  XYZR: -404.055, -40.000, 120.791, 246
  Mask: 00001111
        |  0  1  2  3  4  5  6  7  8  9  A  B  C  D  E  F      | 0123456789ABCDEF
    -----------------------------------------------------  ----------------------
      0 | 0E 24 C4 01 F4 A0 10 01 F4 00 0F F6 0A 07 CA C3    0 | .$..............
      1 | 00 00 20 C2 FE 94 F1 42 55 00 00 00 40 40 64 00    1 | .. ....BU...@@d.
      2 | 01 83 00 00 00 0C 50 00 20 00 04 00 00 00 00 00    2 | ......P. .......
      3 | 00 00 B8 06 55 6E 64 61 75 6E 74 65 64 43 6F 6C    3 | ....UndauntedCol
      4 | 69 62 00 00 00 00 00 00 -- -- -- -- -- -- -- --    4 | ib......--------

NPC ID: 17866998
  Name: GorgeVulture
  POLUtils_Name: Gorge Vulture
  Type: Simple NPC
  XYZR: -395.249, -40.227, 113.940, 18
  Mask: 00001111
        |  0  1  2  3  4  5  6  7  8  9  A  B  C  D  E  F      | 0123456789ABCDEF
    -----------------------------------------------------  ----------------------
      0 | 0E 22 C5 01 F6 A0 10 01 F6 00 0F 12 DF 9F C5 C3    0 | ."..............
      1 | 73 E8 20 C2 48 E1 E3 42 E7 00 00 00 28 28 64 00    1 | s. .H..B....((d.
      2 | 01 83 00 00 00 14 50 00 20 00 08 00 00 00 00 00    2 | ......P. .......
      3 | 00 00 BD 01 47 6F 72 67 65 56 75 6C 74 75 72 65    3 | ....GorgeVulture
      4 | 00 00 00 00 -- -- -- -- -- -- -- -- -- -- -- --    4 | ....------------

NPC ID: 17867000
  Name: GorgeVulture
  POLUtils_Name: Gorge Vulture
  Type: Simple NPC
  XYZR: -398.305, -40.000, 115.595, 203
  Mask: 00001111
        |  0  1  2  3  4  5  6  7  8  9  A  B  C  D  E  F      | 0123456789ABCDEF
    -----------------------------------------------------  ----------------------
      0 | 0E 22 C5 01 F8 A0 10 01 F8 00 0F CB 0A 27 C7 C3    0 | ."...........'..
      1 | 00 00 20 C2 A4 30 E7 42 55 00 00 00 28 28 64 00    1 | .. ..0.BU...((d.
      2 | 01 83 00 00 00 14 50 00 20 00 08 00 00 00 00 00    2 | ......P. .......
      3 | 00 00 BD 01 47 6F 72 67 65 56 75 6C 74 75 72 65    3 | ....GorgeVulture
      4 | 00 00 00 00 -- -- -- -- -- -- -- -- -- -- -- --    4 | ....------------

NPC ID: 17866960
  Name: Tulfaire
  POLUtils_Name: Tulfaire
  Type: Simple NPC
  XYZR: -421.721, -40.464, 199.614, 58
  Mask: 00001111
        |  0  1  2  3  4  5  6  7  8  9  A  B  C  D  E  F      | 0123456789ABCDEF
    -----------------------------------------------------  ----------------------
      0 | 0E 20 CE 01 D0 A0 10 01 D0 00 0F 3A 4A DC D2 C3    0 | . .........:J...
      1 | 23 DB 21 C2 2F 9D 47 43 07 00 00 00 28 28 64 00    1 | #.!./.GC....((d.
      2 | 01 81 00 00 00 0A 00 00 00 00 08 00 00 00 00 00    2 | ................
      3 | 00 00 23 0A 54 75 6C 66 61 69 72 65 00 00 00 00    3 | ..#.Tulfaire....

