NPC ID: 17266855
  Name: X-32
  POLUtils_Name: X-32
  Type: Simple NPC
  XYZR: -455.867, 29.737, 664.585, 64
  Mask: 00001111
        |  0  1  2  3  4  5  6  7  8  9  A  B  C  D  E  F      | 0123456789ABCDEF
    -----------------------------------------------------  ----------------------
      0 | 0E 1E 0A 00 A7 78 07 01 A7 07 0F 40 FA EE E3 C3    0 | .....x.....@....
      1 | 60 E5 ED 41 71 25 26 44 00 00 00 00 00 32 64 00    1 | `..Aq%&D.....2d.
      2 | 00 99 00 00 00 08 00 28 00 01 00 00 00 00 00 00    2 | .......(........
      3 | 06 00 BF 07 58 2D 33 32 00 00 00 00 -- -- -- --    3 | ....X-32....----

NPC ID: 17265053
  Name: WanderingSapli
  POLUtils_Name: Wandering Sapling
  Type: Simple NPC
  XYZR: -426.840, 23.891, 548.410, 208
  Mask: 00001111
        |  0  1  2  3  4  5  6  7  8  9  A  B  C  D  E  F      | 0123456789ABCDEF
    -----------------------------------------------------  ----------------------
      0 | 0E 24 18 00 9D 71 07 01 9D 01 0F D0 85 6B D5 C3    0 | .$...q.......k..
      1 | C5 20 BF 41 3D 1A 09 44 DD 02 00 00 28 28 64 00    1 | . .A=..D....((d.
      2 | 01 83 00 00 00 0C 00 00 00 00 00 00 00 00 00 00    2 | ................
      3 | 00 00 88 01 57 61 6E 64 65 72 69 6E 67 53 61 70    3 | ....WanderingSap
      4 | 6C 69 00 00 00 00 00 00 -- -- -- -- -- -- -- --    4 | li......--------

NPC ID: 17265052
  Name: WanderingSapli
  POLUtils_Name: Wandering Sapling
  Type: Simple NPC
  XYZR: -439.076, 23.273, 529.762, 150
  Mask: 00001111
        |  0  1  2  3  4  5  6  7  8  9  A  B  C  D  E  F      | 0123456789ABCDEF
    -----------------------------------------------------  ----------------------
      0 | 0E 24 1E 00 9C 71 07 01 9C 01 0F 96 BA 89 DB C3    0 | .$...q..........
      1 | 1B 2F BA 41 C5 70 04 44 4C 02 00 00 28 28 64 00    1 | ./.A.p.DL...((d.
      2 | 01 83 00 00 00 0C 00 00 00 00 00 00 00 00 00 00    2 | ................
      3 | 00 00 88 01 57 61 6E 64 65 72 69 6E 67 53 61 70    3 | ....WanderingSap
      4 | 6C 69 00 00 00 00 00 00 -- -- -- -- -- -- -- --    4 | li......--------

NPC ID: 17265056
  Name: CraneFly
  POLUtils_Name: Crane Fly
  Type: Simple NPC
  XYZR: -386.664, 20.832, 504.233, 101
  Mask: 00001111
        |  0  1  2  3  4  5  6  7  8  9  A  B  C  D  E  F      | 0123456789ABCDEF
    -----------------------------------------------------  ----------------------
      0 | 0E 20 2A 00 A0 71 07 01 A0 01 0F 65 FE 54 C1 C3    0 | . *..q.....e.T..
      1 | F0 A7 A6 41 D3 1D FC 43 BA 01 00 00 28 28 64 00    1 | ...A...C....((d.
      2 | 01 83 02 00 00 0F 00 00 00 00 08 00 00 00 00 00    2 | ................
      3 | 00 00 C0 01 43 72 61 6E 65 46 6C 79 00 00 00 00    3 | ....CraneFly....

NPC ID: 17265057
  Name: CraneFly
  POLUtils_Name: Crane Fly
  Type: Simple NPC
  XYZR: -368.458, 19.873, 503.030, 23
  Mask: 00001111
        |  0  1  2  3  4  5  6  7  8  9  A  B  C  D  E  F      | 0123456789ABCDEF
    -----------------------------------------------------  ----------------------
      0 | 0E 20 2D 00 A1 71 07 01 A1 01 0F 17 A0 3A B8 C3    0 | . -..q.......:..
      1 | E7 FB 9E 41 D7 83 FB 43 A7 02 00 00 28 28 64 00    1 | ...A...C....((d.
      2 | 01 83 02 00 00 0F 00 00 00 00 08 00 00 00 00 00    2 | ................
      3 | 00 00 C0 01 43 72 61 6E 65 46 6C 79 00 00 00 00    3 | ....CraneFly....

NPC ID: 17265054
  Name: WanderingSapli
  POLUtils_Name: Wandering Sapling
  Type: Simple NPC
  XYZR: -330.391, 15.445, 510.372, 233
  Mask: 00001111
        |  0  1  2  3  4  5  6  7  8  9  A  B  C  D  E  F      | 0123456789ABCDEF
    -----------------------------------------------------  ----------------------
      0 | 0E 24 36 00 9E 71 07 01 9E 01 0F E9 0C 32 A5 C3    0 | .$6..q.......2..
      1 | B8 1E 77 41 9E 2F FF 43 51 01 00 00 28 28 64 00    1 | ..wA./.CQ...((d.
      2 | 01 83 00 00 00 0C 00 00 00 00 00 00 00 00 00 00    2 | ................
      3 | 00 00 88 01 57 61 6E 64 65 72 69 6E 67 53 61 70    3 | ....WanderingSap
      4 | 6C 69 00 00 00 00 00 00 -- -- -- -- -- -- -- --    4 | li......--------

NPC ID: 17265062
  Name: GoblinAmbusher
  POLUtils_Name: Goblin Ambusher
  Type: Simple NPC
  XYZR: -301.151, 14.587, 503.188, 35
  Mask: 00001111
        |  0  1  2  3  4  5  6  7  8  9  A  B  C  D  E  F      | 0123456789ABCDEF
    -----------------------------------------------------  ----------------------
      0 | 0E 24 48 00 A6 71 07 01 A6 01 0F 23 54 93 96 C3    0 | .$H..q.....#T...
      1 | 5A 64 69 41 10 98 FB 43 5D 01 00 00 28 28 64 00    1 | ZdiA...C]...((d.
      2 | 01 83 00 00 00 0C 00 00 00 00 00 00 00 00 00 00    2 | ................
      3 | 00 00 E6 01 47 6F 62 6C 69 6E 41 6D 62 75 73 68    3 | ....GoblinAmbush
      4 | 65 72 00 00 00 00 00 00 -- -- -- -- -- -- -- --    4 | er......--------

NPC ID: 17265309
  Name: Moogle
  POLUtils_Name: Moogle
  Type: Simple NPC
  XYZR: -304.455, 17.521, 424.452, 71
  Mask: 00001111
        |  0  1  2  3  4  5  6  7  8  9  A  B  C  D  E  F      | 0123456789ABCDEF
    -----------------------------------------------------  ----------------------
      0 | 0E 20 51 00 9D 72 07 01 9D 02 0F 47 3D 3A 98 C3    0 | . Q..r.....G=:..
      1 | 02 2B 8C 41 DB 39 D4 43 01 00 00 00 32 32 64 00    1 | .+.A.9.C....22d.
      2 | 02 1B 00 00 00 00 00 20 00 00 00 00 00 00 00 00    2 | ....... ........
      3 | 00 00 52 00 4D 6F 6F 67 6C 65 00 00 00 00 00 00    3 | ..R.Moogle......

NPC ID: 17265295
  Name: FieldManual
  POLUtils_Name: Field Manual
  Type: Simple NPC
  XYZR: -298.685, 17.047, 425.156, 219
  Mask: 00001111
        |  0  1  2  3  4  5  6  7  8  9  A  B  C  D  E  F      | 0123456789ABCDEF
    -----------------------------------------------------  ----------------------
      0 | 0E 22 52 00 8F 72 07 01 8F 02 0F DB AE 57 95 C3    0 | ."R..r.......W..
      1 | 42 60 88 41 F8 93 D4 43 01 00 00 00 32 32 64 00    1 | B`.A...C....22d.
      2 | 00 03 00 00 00 00 00 00 00 00 08 20 00 00 00 00    2 | ........... ....
      3 | 00 00 F2 08 46 69 65 6C 64 4D 61 6E 75 61 6C 00    3 | ....FieldManual.
      4 | 00 00 00 00 -- -- -- -- -- -- -- -- -- -- -- --    4 | ....------------

NPC ID: 17265322
  Name: SurvivalGuide
  POLUtils_Name: Survival Guide
  Type: Simple NPC
  XYZR: -297.000, 16.852, 423.000, 224
  Mask: 00001111
        |  0  1  2  3  4  5  6  7  8  9  A  B  C  D  E  F      | 0123456789ABCDEF
    -----------------------------------------------------  ----------------------
      0 | 0E 24 53 00 AA 72 07 01 AA 02 0F E0 00 80 94 C3    0 | .$S..r..........
      1 | E5 D0 86 41 00 80 D3 43 07 00 00 00 32 32 64 00    1 | ...A...C....22d.
      2 | 00 03 00 00 00 00 00 00 00 00 11 20 00 00 00 00    2 | ........... ....
      3 | 00 00 81 09 53 75 72 76 69 76 61 6C 47 75 69 64    3 | ....SurvivalGuid
      4 | 65 00 00 00 00 00 00 00 -- -- -- -- -- -- -- --    4 | e.......--------

NPC ID: 17265275
  Name: blank
  POLUtils_Name:      
  Type: Decoration
  XYZR: -293.968, 16.751, 422.272, 94
  Mask: 00001111
        |  0  1  2  3  4  5  6  7  8  9  A  B  C  D  E  F      | 0123456789ABCDEF
    -----------------------------------------------------  ----------------------
      0 | 0E 1C 54 00 7B 72 07 01 7B 02 0F 5E E7 FB 92 C3    0 | ..T.{r..{..^....
      1 | 0C 02 86 41 D1 22 D3 43 01 00 00 00 32 32 64 00    1 | ...A.".C....22d.
      2 | 00 03 08 00 00 00 00 00 00 00 00 00 00 00 00 00    2 | ................
      3 | 00 00 2F 03 00 00 00 00 -- -- -- -- -- -- -- --    3 | ../.....--------

NPC ID: 17265276
  Name: blank
  POLUtils_Name:      
  Type: Decoration
  XYZR: -293.968, 16.751, 422.272, 94
  Mask: 00001111
        |  0  1  2  3  4  5  6  7  8  9  A  B  C  D  E  F      | 0123456789ABCDEF
    -----------------------------------------------------  ----------------------
      0 | 0E 1C 54 00 7C 72 07 01 7C 02 0F 5E E7 FB 92 C3    0 | ..T.|r..|..^....
      1 | 0C 02 86 41 D1 22 D3 43 01 00 00 00 32 32 64 00    1 | ...A.".C....22d.
      2 | 02 03 08 00 00 00 00 00 00 00 00 00 00 00 00 00    2 | ................
      3 | 00 00 30 03 00 00 00 00 -- -- -- -- -- -- -- --    3 | ..0.....--------

NPC ID: 17265277
  Name: blank
  POLUtils_Name:      
  Type: Decoration
  XYZR: -294.470, 16.806, 420.117, 97
  Mask: 00001111
        |  0  1  2  3  4  5  6  7  8  9  A  B  C  D  E  F      | 0123456789ABCDEF
    -----------------------------------------------------  ----------------------
      0 | 0E 1C 54 00 7D 72 07 01 7D 02 0F 61 29 3C 93 C3    0 | ..T.}r..}..a)<..
      1 | B0 72 86 41 FA 0E D2 43 01 00 00 00 32 32 64 00    1 | .r.A...C....22d.
      2 | 02 03 08 00 00 00 00 00 00 00 00 00 00 00 00 00    2 | ................
      3 | 00 00 31 03 00 00 00 00 -- -- -- -- -- -- -- --    3 | ..1.....--------

NPC ID: 17265272
  Name: Akane, I.M.
  POLUtils_Name: Akane, I.M.
  Type: Equipped NPC
  XYZR: -294.470, 16.806, 420.117, 97
  Mask: 01010111
        |  0  1  2  3  4  5  6  7  8  9  A  B  C  D  E  F      | 0123456789ABCDEF
    -----------------------------------------------------  ----------------------
      0 | 0E 2A 54 00 78 72 07 01 78 02 57 61 29 3C 93 C3    0 | .*T.xr..x.Wa)<..
      1 | B0 72 86 41 FA 0E D2 43 16 00 00 00 32 32 64 00    1 | .r.A...C....22d.
      2 | 00 1B 00 00 00 00 00 20 00 00 00 00 00 00 00 00    2 | ....... ........
      3 | 01 00 01 02 00 10 05 20 05 30 05 40 07 50 00 61    3 | ....... .0.@.P.a
      4 | B7 70 00 00 00 00 00 00 00 00 00 00 00 00 00 00    4 | .p..............
      5 | 00 00 00 00 -- -- -- -- -- -- -- -- -- -- -- --    5 | ....------------

NPC ID: 17265273
  Name: Donmo-Boronmo, W.W.
  POLUtils_Name: Donmo-Boronmo, W.W.
  Type: Equipped NPC
  XYZR: -294.470, 16.806, 420.117, 97
  Mask: 01010111
        |  0  1  2  3  4  5  6  7  8  9  A  B  C  D  E  F      | 0123456789ABCDEF
    -----------------------------------------------------  ----------------------
      0 | 0E 2C 54 00 79 72 07 01 79 02 57 61 29 3C 93 C3    0 | .,T.yr..y.Wa)<..
      1 | B0 72 86 41 FA 0E D2 43 10 00 00 00 32 32 64 00    1 | .r.A...C....22d.
      2 | 02 1B 00 00 00 00 00 20 00 00 00 00 00 00 00 00    2 | ....... ........
      3 | 01 00 08 05 13 10 13 20 05 30 05 40 07 50 71 60    3 | ....... .0.@.Pq`
      4 | 21 70 00 00 00 00 00 00 00 00 00 00 00 00 00 00    4 | !p..............
      5 | 00 00 00 00 00 00 00 00 -- -- -- -- -- -- -- --    5 | ........--------

NPC ID: 17265271
  Name: Chegourt, R.K.
  POLUtils_Name: Chegourt, R.K.
  Type: Equipped NPC
  XYZR: -294.470, 16.806, 420.117, 97
  Mask: 01010111
        |  0  1  2  3  4  5  6  7  8  9  A  B  C  D  E  F      | 0123456789ABCDEF
    -----------------------------------------------------  ----------------------
      0 | 0E 2C 54 00 77 72 07 01 77 02 57 61 29 3C 93 C3    0 | .,T.wr..w.Wa)<..
      1 | B0 72 86 41 FA 0E D2 43 01 00 00 00 32 32 64 00    1 | .r.A...C....22d.
      2 | 02 1B 00 00 00 00 00 20 00 00 00 00 00 00 00 00    2 | ....... ........
      3 | 01 00 08 03 00 10 0C 20 09 30 0C 40 02 50 FA 60    3 | ....... .0.@.P.`
      4 | 1B 70 00 00 00 00 00 00 00 00 00 00 00 00 00 00    4 | .p..............
      5 | 00 00 00 00 00 00 00 00 -- -- -- -- -- -- -- --    5 | ........--------

NPC ID: 17265274
  Name: blank
  POLUtils_Name:      
  Type: Decoration
  XYZR: -293.968, 16.751, 422.272, 94
  Mask: 00001111
        |  0  1  2  3  4  5  6  7  8  9  A  B  C  D  E  F      | 0123456789ABCDEF
    -----------------------------------------------------  ----------------------
      0 | 0E 1C 54 00 7A 72 07 01 7A 02 0F 5E E7 FB 92 C3    0 | ..T.zr..z..^....
      1 | 0C 02 86 41 D1 22 D3 43 01 00 00 00 32 32 64 00    1 | ...A.".C....22d.
      2 | 02 03 08 00 00 00 00 00 00 00 00 00 00 00 00 00    2 | ................
      3 | 00 00 2E 03 00 00 00 00 -- -- -- -- -- -- -- --    3 | ........--------

NPC ID: 17265281
  Name: Mushosho
  POLUtils_Name: Mushosho
  Type: Equipped NPC
  XYZR: -289.195, 16.247, 415.901, 122
  Mask: 01010111
        |  0  1  2  3  4  5  6  7  8  9  A  B  C  D  E  F      | 0123456789ABCDEF
    -----------------------------------------------------  ----------------------
      0 | 0E 28 57 00 81 72 07 01 81 02 57 7A F6 98 90 C3    0 | .(W..r....Wz....
      1 | DB F9 81 41 54 F3 CF 43 07 00 00 00 32 32 64 00    1 | ...AT..C....22d.
      2 | 00 1B 00 00 00 00 00 20 00 00 01 00 00 00 00 00    2 | ....... ........
      3 | 01 00 0B 06 12 10 18 20 0F 30 07 40 11 50 00 60    3 | ....... .0.@.P.`
      4 | 00 70 00 00 00 00 00 00 00 00 00 00 00 00 00 00    4 | .p..............

NPC ID: 17265013
  Name: CraneFly
  POLUtils_Name: Crane Fly
  Type: Simple NPC
  XYZR: -243.651, 7.068, 391.395, 122
  Mask: 00001111
        |  0  1  2  3  4  5  6  7  8  9  A  B  C  D  E  F      | 0123456789ABCDEF
    -----------------------------------------------------  ----------------------
      0 | 0E 20 69 00 75 71 07 01 75 01 0F 7A A8 A6 73 C3    0 | . i.uq..u..z..s.
      1 | 0E 2D E2 40 8F B2 C3 43 C1 00 00 00 28 28 64 00    1 | .-.@...C....((d.
      2 | 01 83 02 00 00 0F 00 00 00 00 08 00 00 00 00 00    2 | ................
      3 | 00 00 C0 01 43 72 61 6E 65 46 6C 79 00 00 00 00    3 | ....CraneFly....

NPC ID: 17265011
  Name: WanderingSapli
  POLUtils_Name: Wandering Sapling
  Type: Simple NPC
  XYZR: -244.891, 2.459, 378.393, 224
  Mask: 00001111
        |  0  1  2  3  4  5  6  7  8  9  A  B  C  D  E  F      | 0123456789ABCDEF
    -----------------------------------------------------  ----------------------
      0 | 0E 24 6A 00 73 71 07 01 73 01 0F E0 19 E4 74 C3    0 | .$j.sq..s.....t.
      1 | 42 60 1D 40 4E 32 BD 43 13 00 00 00 28 28 64 00    1 | B`.@N2.C....((d.
      2 | 01 83 00 00 00 0C 00 00 00 00 00 00 00 00 00 00    2 | ................
      3 | 00 00 88 01 57 61 6E 64 65 72 69 6E 67 53 61 70    3 | ....WanderingSap
      4 | 6C 69 00 00 00 00 00 00 -- -- -- -- -- -- -- --    4 | li......--------

NPC ID: 17265009
  Name: WanderingSapli
  POLUtils_Name: Wandering Sapling
  Type: Simple NPC
  XYZR: -234.441, 2.952, 379.768, 212
  Mask: 00001111
        |  0  1  2  3  4  5  6  7  8  9  A  B  C  D  E  F      | 0123456789ABCDEF
    -----------------------------------------------------  ----------------------
      0 | 0E 24 6E 00 71 71 07 01 71 01 0F D4 E5 70 6A C3    0 | .$n.qq..q....pj.
      1 | 91 ED 3C 40 4E E2 BD 43 09 02 00 00 28 28 64 00    1 | ..<@N..C....((d.
      2 | 01 83 00 00 00 0C 00 00 00 00 00 00 00 00 00 00    2 | ................
      3 | 00 00 88 01 57 61 6E 64 65 72 69 6E 67 53 61 70    3 | ....WanderingSap
      4 | 6C 69 00 00 00 00 00 00 -- -- -- -- -- -- -- --    4 | li......--------

NPC ID: 17265010
  Name: WanderingSapli
  POLUtils_Name: Wandering Sapling
  Type: Simple NPC
  XYZR: -212.655, -0.997, 365.204, 217
  Mask: 00001111
        |  0  1  2  3  4  5  6  7  8  9  A  B  C  D  E  F      | 0123456789ABCDEF
    -----------------------------------------------------  ----------------------
      0 | 0E 24 79 00 72 71 07 01 72 01 0F D9 AE A7 54 C3    0 | .$y.rq..r.....T.
      1 | 64 3B 7F BF 1D 9A B6 43 F8 02 00 00 28 28 64 00    1 | d;.....C....((d.
      2 | 01 83 00 00 00 0C 00 00 00 00 00 00 00 00 00 00    2 | ................
      3 | 00 00 88 01 57 61 6E 64 65 72 69 6E 67 53 61 70    3 | ....WanderingSap
      4 | 6C 69 00 00 00 00 00 00 -- -- -- -- -- -- -- --    4 | li......--------

NPC ID: 17265015
  Name: HillLizard
  POLUtils_Name: Hill Lizard
  Type: Simple NPC
  XYZR: -211.322, -0.791, 367.786, 34
  Mask: 00001111
        |  0  1  2  3  4  5  6  7  8  9  A  B  C  D  E  F      | 0123456789ABCDEF
    -----------------------------------------------------  ----------------------
      0 | 0E 22 7A 00 77 71 07 01 77 01 0F 22 6F 52 53 C3    0 | ."z.wq..w.."oRS.
      1 | FA 7E 4A BF 9C E4 B7 43 E6 00 00 00 28 28 64 00    1 | .~J....C....((d.
      2 | 01 83 00 00 00 10 00 00 00 00 00 00 00 00 00 00    2 | ................
      3 | 00 00 48 01 48 69 6C 6C 4C 69 7A 61 72 64 00 00    3 | ..H.HillLizard..
      4 | 00 00 00 00 -- -- -- -- -- -- -- -- -- -- -- --    4 | ....------------

NPC ID: 17265016
  Name: HillLizard
  POLUtils_Name: Hill Lizard
  Type: Simple NPC
  XYZR: -204.315, 5.168, 387.810, 193
  Mask: 00001111
        |  0  1  2  3  4  5  6  7  8  9  A  B  C  D  E  F      | 0123456789ABCDEF
    -----------------------------------------------------  ----------------------
      0 | 0E 22 80 00 78 71 07 01 78 01 0F C1 A4 50 4C C3    0 | ."..xq..x....PL.
      1 | 42 60 A5 40 AE E7 C1 43 E3 01 00 00 28 28 64 00    1 | B`.@...C....((d.
      2 | 01 83 00 00 00 10 00 00 00 00 00 00 00 00 00 00    2 | ................
      3 | 00 00 48 01 48 69 6C 6C 4C 69 7A 61 72 64 00 00    3 | ..H.HillLizard..
      4 | 00 00 00 00 -- -- -- -- -- -- -- -- -- -- -- --    4 | ....------------

NPC ID: 17265022
  Name: GoblinButcher
  POLUtils_Name: Goblin Butcher
  Type: Simple NPC
  XYZR: -200.834, 7.901, 399.099, 154
  Mask: 00001111
        |  0  1  2  3  4  5  6  7  8  9  A  B  C  D  E  F      | 0123456789ABCDEF
    -----------------------------------------------------  ----------------------
      0 | 0E 24 87 00 7E 71 07 01 7E 01 0F 9A 81 D5 48 C3    0 | .$..~q..~.....H.
      1 | FE D4 FC 40 AC 8C C7 43 DC 02 00 00 28 28 64 00    1 | ...@...C....((d.
      2 | 01 83 00 00 00 0C 00 00 00 00 00 00 00 00 00 00    2 | ................
      3 | 00 00 EF 01 47 6F 62 6C 69 6E 42 75 74 63 68 65    3 | ....GoblinButche
      4 | 72 00 00 00 00 00 00 00 -- -- -- -- -- -- -- --    4 | r.......--------

NPC ID: 17265225
  Name: TreasureCasket
  POLUtils_Name: Treasure Casket
  Type: Simple NPC
  XYZR: -172.195, 0.917, 356.525, 41
  Mask: 00001111
        |  0  1  2  3  4  5  6  7  8  9  A  B  C  D  E  F      | 0123456789ABCDEF
    -----------------------------------------------------  ----------------------
      0 | 0E 24 87 00 49 72 07 01 49 02 0F 29 EC 31 2C C3    0 | .$..Ir..I..).1,.
      1 | 83 C0 6A 3F 33 43 B2 43 07 00 00 00 32 32 64 00    1 | ..j?3C.C....22d.
      2 | 02 03 00 00 00 00 00 00 00 00 04 04 00 00 00 00    2 | ................
      3 | 00 00 C6 03 54 72 65 61 73 75 72 65 43 61 73 6B    3 | ....TreasureCask
      4 | 65 74 00 00 00 00 00 00 -- -- -- -- -- -- -- --    4 | et......--------

NPC ID: 17265033
  Name: WanderingSapli
  POLUtils_Name: Wandering Sapling
  Type: Simple NPC
  XYZR: -180.294, -0.030, 323.652, 181
  Mask: 00001111
        |  0  1  2  3  4  5  6  7  8  9  A  B  C  D  E  F      | 0123456789ABCDEF
    -----------------------------------------------------  ----------------------
      0 | 0E 24 89 00 89 71 07 01 89 01 0F B5 44 4B 34 C3    0 | .$...q......DK4.
      1 | 8F C2 F5 BC 75 D3 A1 43 B3 00 00 00 28 28 64 00    1 | ....u..C....((d.
      2 | 01 83 00 00 00 0C 00 00 00 00 00 00 00 00 00 00    2 | ................
      3 | 00 00 88 01 57 61 6E 64 65 72 69 6E 67 53 61 70    3 | ....WanderingSap
      4 | 6C 69 00 00 00 00 00 00 -- -- -- -- -- -- -- --    4 | li......--------

NPC ID: 17265038
  Name: HillLizard
  POLUtils_Name: Hill Lizard
  Type: Simple NPC
  XYZR: -151.011, -0.225, 361.123, 211
  Mask: 00001111
        |  0  1  2  3  4  5  6  7  8  9  A  B  C  D  E  F      | 0123456789ABCDEF
    -----------------------------------------------------  ----------------------
      0 | 0E 22 90 00 8E 71 07 01 8E 01 0F D3 D1 02 17 C3    0 | ."...q..........
      1 | 66 66 66 BE BE 8F B4 43 58 01 00 00 28 28 64 00    1 | fff....CX...((d.
      2 | 01 83 00 00 00 10 00 00 00 00 00 00 00 00 00 00    2 | ................
      3 | 00 00 48 01 48 69 6C 6C 4C 69 7A 61 72 64 00 00    3 | ..H.HillLizard..
      4 | 00 00 00 00 -- -- -- -- -- -- -- -- -- -- -- --    4 | ....------------

NPC ID: 17265014
  Name: CraneFly
  POLUtils_Name: Crane Fly
  Type: Simple NPC
  XYZR: -156.756, 7.867, 407.396, 148
  Mask: 00001111
        |  0  1  2  3  4  5  6  7  8  9  A  B  C  D  E  F      | 0123456789ABCDEF
    -----------------------------------------------------  ----------------------
      0 | 0E 20 91 00 76 71 07 01 76 01 0F 94 89 C1 1C C3    0 | . ..vq..v.......
      1 | 77 BE FB 40 B0 B2 CB 43 EE 01 00 00 28 28 64 00    1 | w..@...C....((d.
      2 | 01 83 02 00 00 0F 00 00 00 00 08 00 00 00 00 00    2 | ................
      3 | 00 00 C0 01 43 72 61 6E 65 46 6C 79 00 00 00 00    3 | ....CraneFly....

NPC ID: 17265012
  Name: CraneFly
  POLUtils_Name: Crane Fly
  Type: Simple NPC
  XYZR: -163.454, 7.476, 434.361, 109
  Mask: 00001111
        |  0  1  2  3  4  5  6  7  8  9  A  B  C  D  E  F      | 0123456789ABCDEF
    -----------------------------------------------------  ----------------------
      0 | 0E 20 97 00 74 71 07 01 74 01 0F 6D 39 74 23 C3    0 | . ..tq..t..m9t#.
      1 | 64 3B EF 40 35 2E D9 43 6B 01 00 00 28 28 64 00    1 | d;.@5..Ck...((d.
      2 | 01 83 02 00 00 0F 00 00 00 00 08 00 00 00 00 00    2 | ................
      3 | 00 00 C0 01 43 72 61 6E 65 46 6C 79 00 00 00 00    3 | ....CraneFly....

NPC ID: 17265018
  Name: GoblinAmbusher
  POLUtils_Name: Goblin Ambusher
  Type: Simple NPC
  XYZR: -49.306, 5.019, 465.936, 154
  Mask: 00001111
        |  0  1  2  3  4  5  6  7  8  9  A  B  C  D  E  F      | 0123456789ABCDEF
    -----------------------------------------------------  ----------------------
      0 | 0E 24 B7 00 7A 71 07 01 7A 01 0F 9A 58 39 45 C2    0 | .$..zq..z...X9E.
      1 | A6 9B A0 40 CF F7 E8 43 93 01 00 00 28 28 64 00    1 | ...@...C....((d.
      2 | 01 83 00 00 00 0C 00 00 00 00 00 00 00 00 00 00    2 | ................
      3 | 00 00 E6 01 47 6F 62 6C 69 6E 41 6D 62 75 73 68    3 | ....GoblinAmbush
      4 | 65 72 00 00 00 00 00 00 -- -- -- -- -- -- -- --    4 | er......--------

NPC ID: 17265007
  Name: HillLizard
  POLUtils_Name: Hill Lizard
  Type: Simple NPC
  XYZR: -41.536, 6.436, 474.829, 132
  Mask: 00001111
        |  0  1  2  3  4  5  6  7  8  9  A  B  C  D  E  F      | 0123456789ABCDEF
    -----------------------------------------------------  ----------------------
      0 | 0E 22 BB 00 6F 71 07 01 6F 01 0F 84 DD 24 26 C2    0 | ."..oq..o....$&.
      1 | B6 F3 CD 40 1D 6A ED 43 E2 01 00 00 28 28 64 00    1 | ...@.j.C....((d.
      2 | 01 83 00 00 00 10 00 00 00 00 00 00 00 00 00 00    2 | ................
      3 | 00 00 48 01 48 69 6C 6C 4C 69 7A 61 72 64 00 00    3 | ..H.HillLizard..
      4 | 00 00 00 00 -- -- -- -- -- -- -- -- -- -- -- --    4 | ....------------

NPC ID: 17265003
  Name: CraneFly
  POLUtils_Name: Crane Fly
  Type: Simple NPC
  XYZR: -30.562, 5.520, 473.094, 149
  Mask: 00001111
        |  0  1  2  3  4  5  6  7  8  9  A  B  C  D  E  F      | 0123456789ABCDEF
    -----------------------------------------------------  ----------------------
      0 | 0E 20 BE 00 6B 71 07 01 6B 01 0F 95 FA 7E F4 C1    0 | . ..kq..k....~..
      1 | D7 A3 B0 40 08 8C EC 43 FB 01 00 00 28 28 64 00    1 | ...@...C....((d.
      2 | 01 83 02 00 00 0F 00 00 00 00 08 00 00 00 00 00    2 | ................
      3 | 00 00 C0 01 43 72 61 6E 65 46 6C 79 00 00 00 00    3 | ....CraneFly....

NPC ID: 17265001
  Name: WanderingSapli
  POLUtils_Name: Wandering Sapling
  Type: Simple NPC
  XYZR: -29.056, -0.479, 437.946, 90
  Mask: 00001111
        |  0  1  2  3  4  5  6  7  8  9  A  B  C  D  E  F      | 0123456789ABCDEF
    -----------------------------------------------------  ----------------------
      0 | 0E 24 C0 00 69 71 07 01 69 01 0F 5A B0 72 E8 C1    0 | .$..iq..i..Z.r..
      1 | 7D 3F F5 BE 17 F9 DA 43 93 01 00 00 28 28 64 00    1 | }?.....C....((d.
      2 | 01 83 00 00 00 0C 00 00 00 00 00 00 00 00 00 00    2 | ................
      3 | 00 00 88 01 57 61 6E 64 65 72 69 6E 67 53 61 70    3 | ....WanderingSap
      4 | 6C 69 00 00 00 00 00 00 -- -- -- -- -- -- -- --    4 | li......--------

NPC ID: 17264999
  Name: WanderingSapli
  POLUtils_Name: Wandering Sapling
  Type: Simple NPC
  XYZR: -19.856, 7.604, 483.873, 255
  Mask: 00001111
        |  0  1  2  3  4  5  6  7  8  9  A  B  C  D  E  F      | 0123456789ABCDEF
    -----------------------------------------------------  ----------------------
      0 | 0E 24 C2 00 67 71 07 01 67 01 0F FF 17 D9 9E C1    0 | .$..gq..g.......
      1 | F8 53 F3 40 BE EF F1 43 80 02 00 00 28 28 64 00    1 | .S.@...C....((d.
      2 | 01 83 00 00 00 0C 00 00 00 00 00 00 00 00 00 00    2 | ................
      3 | 00 00 88 01 57 61 6E 64 65 72 69 6E 67 53 61 70    3 | ....WanderingSap
      4 | 6C 69 00 00 00 00 00 00 -- -- -- -- -- -- -- --    4 | li......--------

NPC ID: 17265005
  Name: CraneFly
  POLUtils_Name: Crane Fly
  Type: Simple NPC
  XYZR: 19.072, -7.283, 503.620, 4
  Mask: 00001111
        |  0  1  2  3  4  5  6  7  8  9  A  B  C  D  E  F      | 0123456789ABCDEF
    -----------------------------------------------------  ----------------------
      0 | 0E 20 CF 00 6D 71 07 01 6D 01 0F 04 75 93 98 41    0 | . ..mq..m...u..A
      1 | 56 0E E9 C0 5C CF FB 43 AF 01 00 00 28 28 64 00    1 | V...\\..C....((d.
      2 | 01 83 02 00 00 0F 00 00 00 00 08 00 00 00 00 00    2 | ................
      3 | 00 00 C0 01 43 72 61 6E 65 46 6C 79 00 00 00 00    3 | ....CraneFly....

NPC ID: 17265004
  Name: CraneFly
  POLUtils_Name: Crane Fly
  Type: Simple NPC
  XYZR: 25.177, -8.881, 483.191, 200
  Mask: 00001111
        |  0  1  2  3  4  5  6  7  8  9  A  B  C  D  E  F      | 0123456789ABCDEF
    -----------------------------------------------------  ----------------------
      0 | 0E 20 D0 00 6C 71 07 01 6C 01 0F C8 7F 6A C9 41    0 | . ..lq..l....j.A
      1 | 93 18 0E C1 73 98 F1 43 9C 03 00 00 28 28 64 00    1 | ....s..C....((d.
      2 | 01 83 02 00 00 0F 00 00 00 00 08 00 00 00 00 00    2 | ................
      3 | 00 00 C0 01 43 72 61 6E 65 46 6C 79 00 00 00 00    3 | ....CraneFly....

NPC ID: 17265021
  Name: GoblinGambler
  POLUtils_Name: Goblin Gambler
  Type: Simple NPC
  XYZR: 35.381, -9.095, 518.211, 130
  Mask: 00001111
        |  0  1  2  3  4  5  6  7  8  9  A  B  C  D  E  F      | 0123456789ABCDEF
    -----------------------------------------------------  ----------------------
      0 | 0E 24 D7 00 7D 71 07 01 7D 01 0F 82 25 86 0D 42    0 | .$..}q..}...%..B
      1 | 1F 85 11 C1 81 8D 01 44 08 05 00 00 28 28 64 00    1 | .......D....((d.
      2 | 01 83 00 00 00 0C 00 00 00 00 00 00 00 00 00 00    2 | ................
      3 | 00 00 EE 01 47 6F 62 6C 69 6E 47 61 6D 62 6C 65    3 | ....GoblinGamble
      4 | 72 00 00 00 00 00 00 00 -- -- -- -- -- -- -- --    4 | r.......--------

NPC ID: 17265232
  Name: TreasureCasket
  POLUtils_Name: Treasure Casket
  Type: Simple NPC
  XYZR: 44.203, -8.324, 473.305, 72
  Mask: 00001111
        |  0  1  2  3  4  5  6  7  8  9  A  B  C  D  E  F      | 0123456789ABCDEF
    -----------------------------------------------------  ----------------------
      0 | 0E 24 D9 00 50 72 07 01 50 02 0F 48 DF CF 30 42    0 | .$..Pr..P..H..0B
      1 | 1B 2F 05 C1 0A A7 EC 43 06 00 00 00 32 32 64 00    1 | ./.....C....22d.
      2 | 02 03 08 00 00 00 00 00 00 00 04 0C 00 00 00 00    2 | ................
      3 | 00 00 C6 03 54 72 65 61 73 75 72 65 43 61 73 6B    3 | ....TreasureCask
      4 | 65 74 00 00 00 00 00 00 -- -- -- -- -- -- -- --    4 | et......--------

NPC ID: 17265000
  Name: WanderingSapli
  POLUtils_Name: Wandering Sapling
  Type: Simple NPC
  XYZR: 43.040, -9.358, 507.075, 32
  Mask: 00001111
        |  0  1  2  3  4  5  6  7  8  9  A  B  C  D  E  F      | 0123456789ABCDEF
    -----------------------------------------------------  ----------------------
      0 | 0E 24 D9 00 68 71 07 01 68 01 0F 20 F6 28 2C 42    0 | .$..hq..h.. .(,B
      1 | 5E BA 15 C1 9A 89 FD 43 F4 03 00 00 28 28 64 00    1 | ^......C....((d.
      2 | 01 83 00 00 00 0C 00 00 00 00 00 00 00 00 00 00    2 | ................
      3 | 00 00 88 01 57 61 6E 64 65 72 69 6E 67 53 61 70    3 | ....WanderingSap
      4 | 6C 69 00 00 00 00 00 00 -- -- -- -- -- -- -- --    4 | li......--------

NPC ID: 17265230
  Name: TreasureCasket
  POLUtils_Name: Treasure Casket
  Type: Simple NPC
  XYZR: 44.164, -8.521, 466.519, 181
  Mask: 00001111
        |  0  1  2  3  4  5  6  7  8  9  A  B  C  D  E  F      | 0123456789ABCDEF
    -----------------------------------------------------  ----------------------
      0 | 0E 24 DA 00 4E 72 07 01 4E 02 0F B5 F0 A7 30 42    0 | .$..Nr..N.....0B
      1 | 04 56 08 C1 6F 42 E9 43 06 00 00 00 32 32 64 00    1 | .V..oB.C....22d.
      2 | 02 03 08 00 00 00 00 00 00 00 04 0C 00 00 00 00    2 | ................
      3 | 00 00 C6 03 54 72 65 61 73 75 72 65 43 61 73 6B    3 | ....TreasureCask
      4 | 65 74 00 00 00 00 00 00 -- -- -- -- -- -- -- --    4 | et......--------

NPC ID: 17265233
  Name: TreasureCasket
  POLUtils_Name: Treasure Casket
  Type: Simple NPC
  XYZR: 39.735, -9.375, 460.995, 156
  Mask: 00001111
        |  0  1  2  3  4  5  6  7  8  9  A  B  C  D  E  F      | 0123456789ABCDEF
    -----------------------------------------------------  ----------------------
      0 | 0E 24 DA 00 51 72 07 01 51 02 0F 9C A4 F0 1E 42    0 | .$..Qr..Q......B
      1 | 00 00 16 C1 5C 7F E6 43 06 00 00 00 32 32 64 00    1 | ....\\..C....22d.
      2 | 02 03 08 00 00 00 00 00 00 00 04 0C 00 00 00 00    2 | ................
      3 | 00 00 C5 03 54 72 65 61 73 75 72 65 43 61 73 6B    3 | ....TreasureCask
      4 | 65 74 00 00 00 00 00 00 -- -- -- -- -- -- -- --    4 | et......--------

NPC ID: 17265231
  Name: TreasureCasket
  POLUtils_Name: Treasure Casket
  Type: Simple NPC
  XYZR: 46.033, -8.184, 472.692, 84
  Mask: 00001111
        |  0  1  2  3  4  5  6  7  8  9  A  B  C  D  E  F      | 0123456789ABCDEF
    -----------------------------------------------------  ----------------------
      0 | 0E 24 DA 00 4F 72 07 01 4F 02 0F 54 CB 21 38 42    0 | .$..Or..O..T.!8B
      1 | AA F1 02 C1 93 58 EC 43 06 00 00 00 32 32 64 00    1 | .....X.C....22d.
      2 | 02 03 08 00 00 00 00 00 00 00 04 0C 00 00 00 00    2 | ................
      3 | 00 00 C6 03 54 72 65 61 73 75 72 65 43 61 73 6B    3 | ....TreasureCask
      4 | 65 74 00 00 00 00 00 00 -- -- -- -- -- -- -- --    4 | et......--------

NPC ID: 17265008
  Name: HillLizard
  POLUtils_Name: Hill Lizard
  Type: Simple NPC
  XYZR: 46.238, -8.699, 451.403, 15
  Mask: 00001111
        |  0  1  2  3  4  5  6  7  8  9  A  B  C  D  E  F      | 0123456789ABCDEF
    -----------------------------------------------------  ----------------------
      0 | 0E 22 DD 00 70 71 07 01 70 01 0F 0F B6 F3 38 42    0 | ."..pq..p.....8B
      1 | 1B 2F 0B C1 96 B3 E1 43 67 03 00 00 28 28 64 00    1 | ./.....Cg...((d.
      2 | 01 83 00 00 00 10 00 00 00 00 00 00 00 00 00 00    2 | ................
      3 | 00 00 48 01 48 69 6C 6C 4C 69 7A 61 72 64 00 00    3 | ..H.HillLizard..
      4 | 00 00 00 00 -- -- -- -- -- -- -- -- -- -- -- --    4 | ....------------

NPC ID: 17265002
  Name: WanderingSapli
  POLUtils_Name: Wandering Sapling
  Type: Simple NPC
  XYZR: 111.372, -8.398, 403.226, 216
  Mask: 00001111
        |  0  1  2  3  4  5  6  7  8  9  A  B  C  D  E  F      | 0123456789ABCDEF
    -----------------------------------------------------  ----------------------
      0 | 0E 24 1D 01 6A 71 07 01 6A 01 0F D8 77 BE DE 42    0 | .$..jq..j...w..B
      1 | 35 5E 06 C1 EE 9C C9 43 1E 03 00 00 28 28 64 00    1 | 5^.....C....((d.
      2 | 01 83 00 00 00 0C 00 00 00 00 00 00 00 00 00 00    2 | ................
      3 | 00 00 88 01 57 61 6E 64 65 72 69 6E 67 53 61 70    3 | ....WanderingSap
      4 | 6C 69 00 00 00 00 00 00 -- -- -- -- -- -- -- --    4 | li......--------

NPC ID: 17265017
  Name: GoblinMugger
  POLUtils_Name: Goblin Mugger
  Type: Simple NPC
  XYZR: 118.560, -12.199, 375.136, 44
  Mask: 00001111
        |  0  1  2  3  4  5  6  7  8  9  A  B  C  D  E  F      | 0123456789ABCDEF
    -----------------------------------------------------  ----------------------
      0 | 0E 22 27 01 79 71 07 01 79 01 0F 2C B8 1E ED 42    0 | ."'.yq..y..,...B
      1 | 1B 2F 43 C1 68 91 BB 43 58 02 00 00 28 28 64 00    1 | ./C.h..CX...((d.
      2 | 01 83 00 00 00 0C 00 00 00 00 00 00 00 00 00 00    2 | ................
      3 | 00 00 E5 01 47 6F 62 6C 69 6E 4D 75 67 67 65 72    3 | ....GoblinMugger
      4 | 00 00 00 00 -- -- -- -- -- -- -- -- -- -- -- --    4 | ....------------

NPC ID: 17265019
  Name: GoblinLeecher
  POLUtils_Name: Goblin Leecher
  Type: Simple NPC
  XYZR: 85.603, -15.429, 332.943, 16
  Mask: 00001111
        |  0  1  2  3  4  5  6  7  8  9  A  B  C  D  E  F      | 0123456789ABCDEF
    -----------------------------------------------------  ----------------------
      0 | 0E 24 2C 01 7B 71 07 01 7B 01 0F 10 BC 34 AB 42    0 | .$,.{q..{....4.B
      1 | 2F DD 76 C1 B4 78 A6 43 16 02 00 00 28 28 64 00    1 | /.v..x.C....((d.
      2 | 01 83 00 00 00 0C 00 00 00 00 00 00 00 00 00 00    2 | ................
      3 | 00 00 E8 01 47 6F 62 6C 69 6E 4C 65 65 63 68 65    3 | ....GoblinLeeche
      4 | 72 00 00 00 00 00 00 00 -- -- -- -- -- -- -- --    4 | r.......--------

NPC ID: 17265006
  Name: CraneFly
  POLUtils_Name: Crane Fly
  Type: Simple NPC
  XYZR: 85.029, -16.555, 324.280, 111
  Mask: 00001111
        |  0  1  2  3  4  5  6  7  8  9  A  B  C  D  E  F      | 0123456789ABCDEF
    -----------------------------------------------------  ----------------------
      0 | 0E 20 2E 01 6E 71 07 01 6E 01 0F 6F D9 0E AA 42    0 | . ..nq..n..o...B
      1 | A4 70 84 C1 D7 23 A2 43 F4 00 00 00 28 28 64 00    1 | .p...#.C....((d.
      2 | 01 83 02 00 00 0F 00 00 00 00 08 00 00 00 00 00    2 | ................
      3 | 00 00 C0 01 43 72 61 6E 65 46 6C 79 00 00 00 00    3 | ....CraneFly....

NPC ID: 17265251
  Name: San d'Orian Pursuivant
  POLUtils_Name: San d'Orian Pursuivant
  Type: Equipped NPC
  XYZR: 94.924, -15.708, 322.449, 209
  Mask: 01010111
        |  0  1  2  3  4  5  6  7  8  9  A  B  C  D  E  F      | 0123456789ABCDEF
    -----------------------------------------------------  ----------------------
      0 | 0E 2C 30 01 63 72 07 01 63 02 57 D1 17 D9 BD 42    0 | .,0.cr..c.W....B
      1 | F8 53 7B C1 79 39 A1 43 07 00 00 00 32 32 64 00    1 | .S{.y9.C....22d.
      2 | 02 03 00 00 00 00 00 00 00 00 40 00 00 00 00 00    2 | ..........@.....
      3 | 01 00 05 03 0C 10 6F 20 0C 30 0C 40 0C 50 09 61    3 | ......o .0.@.P.a
      4 | 25 70 00 00 00 00 00 00 00 00 00 00 00 00 00 00    4 | %p..............
      5 | 00 00 00 00 00 00 00 00 -- -- -- -- -- -- -- --    5 | ........--------

NPC ID: 17265259
  Name: Rook
  POLUtils_Name: Rook
  Type: Simple NPC
  XYZR: 59.470, -12.000, 315.004, 192
  Mask: 00001111
        |  0  1  2  3  4  5  6  7  8  9  A  B  C  D  E  F      | 0123456789ABCDEF
    -----------------------------------------------------  ----------------------
      0 | 0E 1E 32 01 6B 72 07 01 6B 02 0F C0 48 E1 6D 42    0 | ..2.kr..k...H.mB
      1 | 00 00 40 C1 83 80 9D 43 00 00 00 00 32 32 64 00    1 | ..@....C....22d.
      2 | 12 03 00 00 00 00 00 00 20 00 40 24 00 00 00 00    2 | ........ .@$....
      3 | 00 00 32 00 52 6F 6F 6B 00 00 00 00 -- -- -- --    3 | ..2.Rook....----

NPC ID: 17265020
  Name: GoblinTinkerer
  POLUtils_Name: Goblin Tinkerer
  Type: Simple NPC
  XYZR: 74.894, -20.360, 296.585, 162
  Mask: 00001111
        |  0  1  2  3  4  5  6  7  8  9  A  B  C  D  E  F      | 0123456789ABCDEF
    -----------------------------------------------------  ----------------------
      0 | 0E 24 37 01 7C 71 07 01 7C 01 0F A2 BA C9 95 42    0 | .$7.|q..|......B
      1 | 48 E1 A2 C1 E1 4A 94 43 A8 02 00 00 28 28 64 00    1 | H....J.C....((d.
      2 | 01 83 00 00 00 0C 00 00 00 00 00 00 00 00 00 00    2 | ................
      3 | 00 00 EB 01 47 6F 62 6C 69 6E 54 69 6E 6B 65 72    3 | ....GoblinTinker
      4 | 65 72 00 00 00 00 00 00 -- -- -- -- -- -- -- --    4 | er......--------

NPC ID: 17264898
  Name: StagBeetle
  POLUtils_Name: Stag Beetle
  Type: Simple NPC
  XYZR: 247.144, -10.648, 346.925, 209
  Mask: 00001111
        |  0  1  2  3  4  5  6  7  8  9  A  B  C  D  E  F      | 0123456789ABCDEF
    -----------------------------------------------------  ----------------------
      0 | 0E 22 75 01 02 71 07 01 02 01 0F D1 DD 24 77 43    0 | ."u..q.......$wC
      1 | 35 5E 2A C1 66 76 AD 43 5F 02 00 00 28 28 64 00    1 | 5^*.fv.C_...((d.
      2 | 01 83 00 00 00 0C 00 00 00 00 00 00 00 00 00 00    2 | ................
      3 | 00 00 98 01 53 74 61 67 42 65 65 74 6C 65 00 00    3 | ....StagBeetle..
      4 | 00 00 00 00 -- -- -- -- -- -- -- -- -- -- -- --    4 | ....------------

NPC ID: 17265287
  Name: Beastmen'sBann
  POLUtils_Name: Beastmen's Banner
  Type: Simple NPC
  XYZR: 342.918, -1.204, 529.219, 226
  Mask: 00001111
        |  0  1  2  3  4  5  6  7  8  9  A  B  C  D  E  F      | 0123456789ABCDEF
    -----------------------------------------------------  ----------------------
      0 | 0E 24 B8 01 87 72 07 01 87 02 0F E2 81 75 AB 43    0 | .$...r.......u.C
      1 | AC 1C 9A BF 04 4E 04 44 01 00 00 00 32 32 64 00    1 | .....N.D....22d.
      2 | 00 03 00 00 00 00 00 00 00 00 00 00 00 00 00 00    2 | ................
      3 | 00 00 31 03 42 65 61 73 74 6D 65 6E 27 73 42 61    3 | ..1.Beastmen'sBa
      4 | 6E 6E 00 00 00 00 00 00 -- -- -- -- -- -- -- --    4 | nn......--------

NPC ID: 17264893
  Name: WanderingSapli
  POLUtils_Name: Wandering Sapling
  Type: Simple NPC
  XYZR: 300.219, -15.673, 281.344, 174
  Mask: 00001111
        |  0  1  2  3  4  5  6  7  8  9  A  B  C  D  E  F      | 0123456789ABCDEF
    -----------------------------------------------------  ----------------------
      0 | 0E 24 09 02 FD 70 07 01 FD 00 0F AE 08 1C 96 43    0 | .$...p.........C
      1 | 9C C4 7A C1 08 AC 8C 43 D9 00 00 00 28 28 64 00    1 | ..z....C....((d.
      2 | 01 83 00 00 00 0C 00 00 00 00 00 00 00 00 00 00    2 | ................
      3 | 00 00 88 01 57 61 6E 64 65 72 69 6E 67 53 61 70    3 | ....WanderingSap
      4 | 6C 69 00 00 00 00 00 00 -- -- -- -- -- -- -- --    4 | li......--------

NPC ID: 17264896
  Name: CraneFly
  POLUtils_Name: Crane Fly
  Type: Simple NPC
  XYZR: 322.874, -16.833, 243.338, 153
  Mask: 00001111
        |  0  1  2  3  4  5  6  7  8  9  A  B  C  D  E  F      | 0123456789ABCDEF
    -----------------------------------------------------  ----------------------
      0 | 0E 20 17 02 00 71 07 01 00 01 0F 99 DF 6F A1 43    0 | . ...q.......o.C
      1 | FC A9 86 C1 87 56 73 43 9E 04 00 00 28 28 64 00    1 | .....VsC....((d.
      2 | 01 83 02 00 00 0F 00 00 00 00 08 00 00 00 00 00    2 | ................
      3 | 00 00 C0 01 43 72 61 6E 65 46 6C 79 00 00 00 00    3 | ....CraneFly....

NPC ID: 17264895
  Name: CraneFly
  POLUtils_Name: Crane Fly
  Type: Simple NPC
  XYZR: 304.321, -15.088, 209.090, 226
  Mask: 00001111
        |  0  1  2  3  4  5  6  7  8  9  A  B  C  D  E  F      | 0123456789ABCDEF
    -----------------------------------------------------  ----------------------
      0 | 0E 20 26 02 FF 70 07 01 FF 00 0F E2 17 29 98 43    0 | . &..p.......).C
      1 | 73 68 71 C1 0A 17 51 43 CC 00 00 00 28 28 64 00    1 | shq...QC....((d.
      2 | 01 83 02 00 00 0F 00 00 00 00 08 00 00 00 00 00    2 | ................
      3 | 00 00 C0 01 43 72 61 6E 65 46 6C 79 00 00 00 00    3 | ....CraneFly....

NPC ID: 17264894
  Name: CraneFly
  POLUtils_Name: Crane Fly
  Type: Simple NPC
  XYZR: 324.996, -9.001, 197.883, 170
  Mask: 00001111
        |  0  1  2  3  4  5  6  7  8  9  A  B  C  D  E  F      | 0123456789ABCDEF
    -----------------------------------------------------  ----------------------
      0 | 0E 20 28 02 FE 70 07 01 FE 00 0F AA 7D 7F A2 43    0 | . (..p......}..C
      1 | 19 04 10 C1 0C E2 45 43 58 01 00 00 28 28 64 00    1 | ......ECX...((d.
      2 | 01 83 02 00 00 0F 00 00 00 00 08 00 00 00 00 00    2 | ................
      3 | 00 00 C0 01 43 72 61 6E 65 46 6C 79 00 00 00 00    3 | ....CraneFly....

NPC ID: 17264923
  Name: YagudoPersecut
  POLUtils_Name: Yagudo Persecutor
  Type: Simple NPC
  XYZR: 369.391, -16.217, 192.492, 209
  Mask: 00001111
        |  0  1  2  3  4  5  6  7  8  9  A  B  C  D  E  F      | 0123456789ABCDEF
    -----------------------------------------------------  ----------------------
      0 | 0E 24 2C 02 1B 71 07 01 1B 01 0F D1 0C B2 B8 43    0 | .$,..q.........C
      1 | 6A BC 81 C1 F4 7D 40 43 3B 06 00 00 28 28 00 03    1 | j....}@C;...((..
      2 | 07 83 00 00 00 0F 00 00 00 00 00 00 0F 94 0A 00    2 | ................
      3 | 00 00 56 02 59 61 67 75 64 6F 50 65 72 73 65 63    3 | ..V.YagudoPersec
      4 | 75 74 00 00 00 00 00 00 -- -- -- -- -- -- -- --    4 | ut......--------

NPC ID: 17264921
  Name: YagudoTheologi
  POLUtils_Name: Yagudo Theologist
  Type: Simple NPC
  XYZR: 367.912, -16.042, 182.021, 192
  Mask: 00001111
        |  0  1  2  3  4  5  6  7  8  9  A  B  C  D  E  F      | 0123456789ABCDEF
    -----------------------------------------------------  ----------------------
      0 | 0E 24 2E 02 19 71 07 01 19 01 0F C0 BC F4 B7 43    0 | .$...q.........C
      1 | 04 56 80 C1 60 05 36 43 C5 04 00 00 28 28 00 03    1 | .V..`.6C....((..
      2 | 07 83 00 00 00 0F 00 00 00 00 00 00 00 00 00 00    2 | ................
      3 | 00 00 4D 02 59 61 67 75 64 6F 54 68 65 6F 6C 6F    3 | ..M.YagudoTheolo
      4 | 67 69 00 00 00 00 00 00 -- -- -- -- -- -- -- --    4 | gi......--------

NPC ID: 17264903
  Name: CraneFly
  POLUtils_Name: Crane Fly
  Type: Simple NPC
  XYZR: 390.009, -16.269, 199.505, 159
  Mask: 00001111
        |  0  1  2  3  4  5  6  7  8  9  A  B  C  D  E  F      | 0123456789ABCDEF
    -----------------------------------------------------  ----------------------
      0 | 0E 20 2E 02 07 71 07 01 07 01 0F 9F 27 01 C3 43    0 | . ...q......'..C
      1 | E9 26 82 C1 48 81 47 43 13 00 00 00 28 28 64 00    1 | .&..H.GC....((d.
      2 | 01 83 02 00 00 0F 00 00 00 00 08 00 00 00 00 00    2 | ................
      3 | 00 00 C0 01 43 72 61 6E 65 46 6C 79 00 00 00 00    3 | ....CraneFly....

NPC ID: 17264922
  Name: YagudoPriest
  POLUtils_Name: Yagudo Priest
  Type: Simple NPC
  XYZR: 372.209, -16.810, 180.690, 125
  Mask: 00001111
        |  0  1  2  3  4  5  6  7  8  9  A  B  C  D  E  F      | 0123456789ABCDEF
    -----------------------------------------------------  ----------------------
      0 | 0E 22 2F 02 1A 71 07 01 1A 01 0F 7D C1 1A BA 43    0 | ."/..q.....}...C
      1 | E1 7A 86 C1 A4 B0 34 43 06 00 00 00 28 28 64 00    1 | .z....4C....((d.
      2 | 01 83 00 00 00 0F 00 00 00 00 00 00 00 00 00 00    2 | ................
      3 | 00 00 55 02 59 61 67 75 64 6F 50 72 69 65 73 74    3 | ..U.YagudoPriest
      4 | 00 00 00 00 -- -- -- -- -- -- -- -- -- -- -- --    4 | ....------------

NPC ID: 17264920
  Name: YagudoVotary
  POLUtils_Name: Yagudo Votary
  Type: Simple NPC
  XYZR: 376.563, -16.328, 184.598, 230
  Mask: 00001111
        |  0  1  2  3  4  5  6  7  8  9  A  B  C  D  E  F      | 0123456789ABCDEF
    -----------------------------------------------------  ----------------------
      0 | 0E 22 2F 02 18 71 07 01 18 01 0F E6 10 48 BC 43    0 | ."/..q.......H.C
      1 | BE 9F 82 C1 17 99 38 43 58 01 00 00 28 28 64 00    1 | ......8CX...((d.
      2 | 01 83 00 00 00 0F 00 00 00 00 00 00 00 00 00 00    2 | ................
      3 | 00 00 45 02 59 61 67 75 64 6F 56 6F 74 61 72 79    3 | ..E.YagudoVotary
      4 | 00 00 00 00 -- -- -- -- -- -- -- -- -- -- -- --    4 | ....------------

NPC ID: 17264902
  Name: CraneFly
  POLUtils_Name: Crane Fly
  Type: Simple NPC
  XYZR: 377.002, -15.721, 171.962, 150
  Mask: 00001111
        |  0  1  2  3  4  5  6  7  8  9  A  B  C  D  E  F      | 0123456789ABCDEF
    -----------------------------------------------------  ----------------------
      0 | 0E 20 33 02 06 71 07 01 06 01 0F 96 42 80 BC 43    0 | . 3..q......B..C
      1 | 37 89 7B C1 46 F6 2B 43 60 03 00 00 28 28 64 00    1 | 7.{.F.+C`...((d.
      2 | 01 83 02 00 00 0F 00 00 00 00 08 00 00 00 00 00    2 | ................
      3 | 00 00 C0 01 43 72 61 6E 65 46 6C 79 00 00 00 00    3 | ....CraneFly....

NPC ID: 17264907
  Name: Coeurl
  POLUtils_Name: Coeurl
  Type: Simple NPC
  XYZR: 401.751, -16.740, 159.261, 202
  Mask: 00001111
        |  0  1  2  3  4  5  6  7  8  9  A  B  C  D  E  F      | 0123456789ABCDEF
    -----------------------------------------------------  ----------------------
      0 | 0E 20 3B 02 0B 71 07 01 0B 01 0F CA 21 E0 C8 43    0 | . ;..q......!..C
      1 | 85 EB 85 C1 D1 42 1F 43 EF 01 00 00 3C 3C 64 00    1 | .....B.C....<<d.
      2 | 01 83 00 00 00 10 00 00 00 00 00 00 00 00 00 00    2 | ................
      3 | 00 00 6F 01 43 6F 65 75 72 6C 00 00 00 00 00 00    3 | ..o.Coeurl......

NPC ID: 17264904
  Name: CraneFly
  POLUtils_Name: Crane Fly
  Type: Simple NPC
  XYZR: 476.369, -23.657, 220.490, 98
  Mask: 00001111
        |  0  1  2  3  4  5  6  7  8  9  A  B  C  D  E  F      | 0123456789ABCDEF
    -----------------------------------------------------  ----------------------
      0 | 0E 20 4B 02 08 71 07 01 08 01 0F 62 3B 2F EE 43    0 | . K..q.....b;/.C
      1 | 89 41 BD C1 71 7D 5C 43 95 03 00 00 28 28 64 00    1 | .A..q}\\C....((d.
      2 | 01 83 02 00 00 0F 00 00 00 00 08 00 00 00 00 00    2 | ................
      3 | 00 00 C0 01 43 72 61 6E 65 46 6C 79 00 00 00 00    3 | ....CraneFly....

NPC ID: 17264901
  Name: WanderingSapli
  POLUtils_Name: Wandering Sapling
  Type: Simple NPC
  XYZR: 483.669, -23.640, 221.788, 232
  Mask: 00001111
        |  0  1  2  3  4  5  6  7  8  9  A  B  C  D  E  F      | 0123456789ABCDEF
    -----------------------------------------------------  ----------------------
      0 | 0E 24 4D 02 05 71 07 01 05 01 0F E8 A2 D5 F1 43    0 | .$M..q.........C
      1 | B8 1E BD C1 BA C9 5D 43 E9 05 00 00 28 28 64 00    1 | ......]C....((d.
      2 | 01 83 00 00 00 0C 00 00 00 00 00 00 00 00 00 00    2 | ................
      3 | 00 00 88 01 57 61 6E 64 65 72 69 6E 67 53 61 70    3 | ....WanderingSap
      4 | 6C 69 00 00 00 00 00 00 -- -- -- -- -- -- -- --    4 | li......--------

NPC ID: 17264952
  Name: CraneFly
  POLUtils_Name: Crane Fly
  Type: Simple NPC
  XYZR: 515.979, -29.504, 255.997, 184
  Mask: 00001111
        |  0  1  2  3  4  5  6  7  8  9  A  B  C  D  E  F      | 0123456789ABCDEF
    -----------------------------------------------------  ----------------------
      0 | 0E 20 5C 02 38 71 07 01 38 01 0F B8 A8 FE 00 44    0 | . \\.8q..8......D
      1 | 31 08 EC C1 3B FF 7F 43 D7 03 00 00 28 28 64 00    1 | 1...;..C....((d.
      2 | 01 83 02 00 00 0F 00 00 00 00 08 00 00 00 00 00    2 | ................
      3 | 00 00 C0 01 43 72 61 6E 65 46 6C 79 00 00 00 00    3 | ....CraneFly....

NPC ID: 17264959
  Name: Coeurl
  POLUtils_Name: Coeurl
  Type: Simple NPC
  XYZR: 537.630, -29.781, 254.515, 98
  Mask: 00001111
        |  0  1  2  3  4  5  6  7  8  9  A  B  C  D  E  F      | 0123456789ABCDEF
    -----------------------------------------------------  ----------------------
      0 | 0E 20 60 02 3F 71 07 01 3F 01 0F 62 52 68 06 44    0 | . `.?q..?..bRh.D
      1 | 7D 3F EE C1 D7 83 7E 43 0E 01 00 00 3C 3C 64 00    1 | }?....~C....<<d.
      2 | 01 83 00 00 00 10 00 00 00 00 00 00 00 00 00 00    2 | ................
      3 | 00 00 6F 01 43 6F 65 75 72 6C 00 00 00 00 00 00    3 | ..o.Coeurl......

NPC ID: 17264957
  Name: StagBeetle
  POLUtils_Name: Stag Beetle
  Type: Simple NPC
  XYZR: 556.208, -32.557, 266.650, 0
  Mask: 00001111
        |  0  1  2  3  4  5  6  7  8  9  A  B  C  D  E  F      | 0123456789ABCDEF
    -----------------------------------------------------  ----------------------
      0 | 0E 22 67 02 3D 71 07 01 3D 01 0F 00 50 0D 0B 44    0 | ."g.=q..=...P..D
      1 | 5E 3A 02 C2 33 53 85 43 8C 01 00 00 28 28 64 00    1 | ^:..3S.C....((d.
      2 | 01 83 00 00 00 0C 00 00 00 00 00 00 00 00 00 00    2 | ................
      3 | 00 00 98 01 53 74 61 67 42 65 65 74 6C 65 00 00    3 | ....StagBeetle..
      4 | 00 00 00 00 -- -- -- -- -- -- -- -- -- -- -- --    4 | ....------------

NPC ID: 17264953
  Name: CraneFly
  POLUtils_Name: Crane Fly
  Type: Simple NPC
  XYZR: 551.567, -35.362, 323.364, 88
  Mask: 00001111
        |  0  1  2  3  4  5  6  7  8  9  A  B  C  D  E  F      | 0123456789ABCDEF
    -----------------------------------------------------  ----------------------
      0 | 0E 20 74 02 39 71 07 01 39 01 0F 58 4A E4 09 44    0 | . t.9q..9..XJ..D
      1 | B0 72 0D C2 98 AE A1 43 8E 02 00 00 28 28 64 00    1 | .r.....C....((d.
      2 | 01 83 02 00 00 0F 00 00 00 00 08 00 00 00 00 00    2 | ................
      3 | 00 00 C0 01 43 72 61 6E 65 46 6C 79 00 00 00 00    3 | ....CraneFly....

NPC ID: 17264956
  Name: StagBeetle
  POLUtils_Name: Stag Beetle
  Type: Simple NPC
  XYZR: 519.626, -41.025, 339.078, 159
  Mask: 00001111
        |  0  1  2  3  4  5  6  7  8  9  A  B  C  D  E  F      | 0123456789ABCDEF
    -----------------------------------------------------  ----------------------
      0 | 0E 22 77 02 3C 71 07 01 3C 01 0F 9F 10 E8 01 44    0 | ."w.<q..<......D
      1 | 9A 19 24 C2 FC 89 A9 43 A8 02 00 00 28 28 64 00    1 | ..$....C....((d.
      2 | 01 83 00 00 00 0C 00 00 00 00 00 00 00 00 00 00    2 | ................
      3 | 00 00 98 01 53 74 61 67 42 65 65 74 6C 65 00 00    3 | ....StagBeetle..
      4 | 00 00 00 00 -- -- -- -- -- -- -- -- -- -- -- --    4 | ....------------

NPC ID: 17264950
  Name: WanderingSapli
  POLUtils_Name: Wandering Sapling
  Type: Simple NPC
  XYZR: 521.563, -40.310, 405.742, 239
  Mask: 00001111
        |  0  1  2  3  4  5  6  7  8  9  A  B  C  D  E  F      | 0123456789ABCDEF
    -----------------------------------------------------  ----------------------
      0 | 0E 24 8B 02 36 71 07 01 36 01 0F EF 08 64 02 44    0 | .$..6q..6....d.D
      1 | 71 3D 21 C2 FA DE CA 43 60 02 00 00 28 28 64 00    1 | q=!....C`...((d.
      2 | 01 83 00 00 00 0C 00 00 00 00 00 00 00 00 00 00    2 | ................
      3 | 00 00 88 01 57 61 6E 64 65 72 69 6E 67 53 61 70    3 | ....WanderingSap
      4 | 6C 69 00 00 00 00 00 00 -- -- -- -- -- -- -- --    4 | li......--------

NPC ID: 17264954
  Name: CraneFly
  POLUtils_Name: Crane Fly
  Type: Simple NPC
  XYZR: 521.389, -40.480, 433.718, 184
  Mask: 00001111
        |  0  1  2  3  4  5  6  7  8  9  A  B  C  D  E  F      | 0123456789ABCDEF
    -----------------------------------------------------  ----------------------
      0 | 0E 20 94 02 3A 71 07 01 3A 01 0F B8 E5 58 02 44    0 | . ..:q..:....X.D
      1 | 85 EB 21 C2 E7 DB D8 43 21 05 00 00 28 28 64 00    1 | ..!....C!...((d.
      2 | 01 83 02 00 00 0F 00 00 00 00 08 00 00 00 00 00    2 | ................
      3 | 00 00 C0 01 43 72 61 6E 65 46 6C 79 00 00 00 00    3 | ....CraneFly....

NPC ID: 17264949
  Name: WanderingSapli
  POLUtils_Name: Wandering Sapling
  Type: Simple NPC
  XYZR: 586.927, -39.930, 436.595, 108
  Mask: 00001111
        |  0  1  2  3  4  5  6  7  8  9  A  B  C  D  E  F      | 0123456789ABCDEF
    -----------------------------------------------------  ----------------------
      0 | 0E 24 A2 02 35 71 07 01 35 01 0F 6C 54 BB 12 44    0 | .$..5q..5..lT..D
      1 | 52 B8 1F C2 29 4C DA 43 59 02 00 00 28 28 64 00    1 | R...)L.CY...((d.
      2 | 01 83 00 00 00 0C 00 00 00 00 00 00 00 00 00 00    2 | ................
      3 | 00 00 88 01 57 61 6E 64 65 72 69 6E 67 53 61 70    3 | ....WanderingSap
      4 | 6C 69 00 00 00 00 00 00 -- -- -- -- -- -- -- --    4 | li......--------

NPC ID: 17264951
  Name: WanderingSapli
  POLUtils_Name: Wandering Sapling
  Type: Simple NPC
  XYZR: 593.834, -35.563, 461.309, 162
  Mask: 00001111
        |  0  1  2  3  4  5  6  7  8  9  A  B  C  D  E  F      | 0123456789ABCDEF
    -----------------------------------------------------  ----------------------
      0 | 0E 24 A7 02 37 71 07 01 37 01 0F A2 60 75 14 44    0 | .$..7q..7...`u.D
      1 | 83 40 0E C2 8D A7 E6 43 3E 02 00 00 28 28 64 00    1 | .@.....C>...((d.
      2 | 01 83 00 00 00 0C 00 00 00 00 00 00 00 00 00 00    2 | ................
      3 | 00 00 88 01 57 61 6E 64 65 72 69 6E 67 53 61 70    3 | ....WanderingSap
      4 | 6C 69 00 00 00 00 00 00 -- -- -- -- -- -- -- --    4 | li......--------

NPC ID: 17264958
  Name: Coeurl
  POLUtils_Name: Coeurl
  Type: Simple NPC
  XYZR: 645.848, -32.206, 484.492, 235
  Mask: 00001111
        |  0  1  2  3  4  5  6  7  8  9  A  B  C  D  E  F      | 0123456789ABCDEF
    -----------------------------------------------------  ----------------------
      0 | 0E 20 B9 02 3E 71 07 01 3E 01 0F EB 46 76 21 44    0 | . ..>q..>...Fv!D
      1 | F2 D2 00 C2 FA 3E F2 43 D5 01 00 00 3C 3C 64 00    1 | .....>.C....<<d.
      2 | 01 83 00 00 00 10 00 00 00 00 00 00 00 00 00 00    2 | ................
      3 | 00 00 6F 01 43 6F 65 75 72 6C 00 00 00 00 00 00    3 | ..o.Coeurl......

NPC ID: 17264955
  Name: StagBeetle
  POLUtils_Name: Stag Beetle
  Type: Simple NPC
  XYZR: 681.232, -24.176, 494.887, 10
  Mask: 00001111
        |  0  1  2  3  4  5  6  7  8  9  A  B  C  D  E  F      | 0123456789ABCDEF
    -----------------------------------------------------  ----------------------
      0 | 0E 22 C6 02 3B 71 07 01 3B 01 0F 0A D9 4E 2A 44    0 | ."..;q..;....N*D
      1 | 73 68 C1 C1 89 71 F7 43 D0 03 00 00 28 28 64 00    1 | sh...q.C....((d.
      2 | 01 83 00 00 00 0C 00 00 00 00 00 00 00 00 00 00    2 | ................
      3 | 00 00 98 01 53 74 61 67 42 65 65 74 6C 65 00 00    3 | ....StagBeetle..
      4 | 00 00 00 00 -- -- -- -- -- -- -- -- -- -- -- --    4 | ....------------

