NPC ID: 17924127
  Name: GardenFurrow
  POLUtils_Name: Garden Furrow
  Type: Simple NPC
  XYZR: 5.136, 0.100, 2.053, 0
  Mask: 00001111
        |  0  1  2  3  4  5  6  7  8  9  A  B  C  D  E  F      | 0123456789ABCDEF
    -----------------------------------------------------  ----------------------
      0 | 0E 22 06 00 1F 80 11 01 1F 00 0F 00 1D 5A A4 40    0 | ."...........Z.@
      1 | CD CC CC 3D 5A 64 03 40 01 80 00 00 32 32 64 00    1 | ...=Zd.@....22d.
      2 | 00 03 00 00 00 00 00 02 00 00 08 60 00 00 00 00    2 | ...........`....
      3 | 00 00 E8 0A 47 61 72 64 65 6E 46 75 72 72 6F 77    3 | ....GardenFurrow
      4 | 00 00 00 00 -- -- -- -- -- -- -- -- -- -- -- --    4 | ....------------

NPC ID: 17924128
  Name: GardenFurrow#
  POLUtils_Name: Garden Furrow #2
  Type: Simple NPC
  XYZR: 5.136, 0.100, -2.037, 0
  Mask: 00001111
        |  0  1  2  3  4  5  6  7  8  9  A  B  C  D  E  F      | 0123456789ABCDEF
    -----------------------------------------------------  ----------------------
      0 | 0E 24 07 00 20 80 11 01 20 00 0F 00 1D 5A A4 40    0 | .$.. ... ....Z.@
      1 | CD CC CC 3D 35 5E 02 C0 01 80 00 00 32 32 64 00    1 | ...=5^......22d.
      2 | 00 03 00 00 00 00 00 02 00 00 08 60 00 00 00 00    2 | ...........`....
      3 | 00 00 E8 0A 47 61 72 64 65 6E 46 75 72 72 6F 77    3 | ....GardenFurrow
      4 | 23 00 00 00 00 00 00 00 -- -- -- -- -- -- -- --    4 | #.......--------

NPC ID: 17924129
  Name: GardenFurrow#
  POLUtils_Name: Garden Furrow #3
  Type: Simple NPC
  XYZR: 5.136, 0.100, 5.743, 0
  Mask: 00001111
        |  0  1  2  3  4  5  6  7  8  9  A  B  C  D  E  F      | 0123456789ABCDEF
    -----------------------------------------------------  ----------------------
      0 | 0E 24 08 00 21 80 11 01 21 00 0F 00 1D 5A A4 40    0 | .$..!...!....Z.@
      1 | CD CC CC 3D A8 C6 B7 40 01 80 00 00 32 32 64 00    1 | ...=...@....22d.
      2 | 00 03 00 00 00 00 00 02 00 00 08 60 00 00 00 00    2 | ...........`....
      3 | 00 00 E8 0A 47 61 72 64 65 6E 46 75 72 72 6F 77    3 | ....GardenFurrow
      4 | 23 00 00 00 00 00 00 00 -- -- -- -- -- -- -- --    4 | #.......--------

NPC ID: 17924130
  Name: ArborealGrove
  POLUtils_Name: Arboreal Grove
  Type: Simple NPC
  XYZR: -14.728, -1.500, 2.337, 0
  Mask: 00001111
        |  0  1  2  3  4  5  6  7  8  9  A  B  C  D  E  F      | 0123456789ABCDEF
    -----------------------------------------------------  ----------------------
      0 | 0E 24 09 00 22 80 11 01 22 00 0F 00 E3 A5 6B C1    0 | .$.."...".....k.
      1 | 00 00 C0 BF 68 91 15 40 01 80 01 00 32 32 64 00    1 | ....h..@....22d.
      2 | 00 03 04 00 00 00 00 02 00 00 00 60 00 00 00 00    2 | ...........`....
      3 | 00 00 34 00 41 72 62 6F 72 65 61 6C 47 72 6F 76    3 | ..4.ArborealGrov
      4 | 65 00 00 00 00 00 00 00 -- -- -- -- -- -- -- --    4 | e.......--------

NPC ID: 17924208
  Name: Crabauble
  POLUtils_Name: Crabauble
  Type: Simple NPC
  XYZR: -6.293, 1.500, -19.795, 0
  Mask: 00001111
        |  0  1  2  3  4  5  6  7  8  9  A  B  C  D  E  F      | 0123456789ABCDEF
    -----------------------------------------------------  ----------------------
      0 | 0E 22 0A 00 70 80 11 01 70 00 0F 00 42 60 C9 C0    0 | ."..p...p...B`..
      1 | 00 00 C0 3F 29 5C 9E C1 07 00 01 00 32 32 64 00    1 | ...?)\\......22d.
      2 | 00 19 00 00 00 00 00 20 00 00 00 60 00 00 00 00    2 | ....... ...`....
      3 | 00 00 3A 0B 43 72 61 62 61 75 62 6C 65 00 00 00    3 | ..:.Crabauble...
      4 | 00 00 00 00 -- -- -- -- -- -- -- -- -- -- -- --    4 | ....------------

NPC ID: 17924131
  Name: ArborealGrove
  POLUtils_Name: Arboreal Grove
  Type: Simple NPC
  XYZR: -13.316, 0.500, 0.870, 0
  Mask: 00001111
        |  0  1  2  3  4  5  6  7  8  9  A  B  C  D  E  F      | 0123456789ABCDEF
    -----------------------------------------------------  ----------------------
      0 | 0E 24 0A 00 23 80 11 01 23 00 0F 00 56 0E 55 C1    0 | .$..#...#...V.U.
      1 | 00 00 00 3F 52 B8 5E 3F 01 80 01 00 32 32 64 00    1 | ...?R.^?....22d.
      2 | 00 03 04 00 00 00 00 02 00 00 00 60 00 00 00 00    2 | ...........`....
      3 | 00 00 34 00 41 72 62 6F 72 65 61 6C 47 72 6F 76    3 | ..4.ArborealGrov
      4 | 65 00 00 00 00 00 00 00 -- -- -- -- -- -- -- --    4 | e.......--------

NPC ID: 17924205
  Name: Crabauble
  POLUtils_Name: Crabauble
  Type: Simple NPC
  XYZR: -2.032, 1.500, -19.851, 0
  Mask: 00001111
        |  0  1  2  3  4  5  6  7  8  9  A  B  C  D  E  F      | 0123456789ABCDEF
    -----------------------------------------------------  ----------------------
      0 | 0E 22 0A 00 6D 80 11 01 6D 00 0F 00 4A 0C 02 C0    0 | ."..m...m...J...
      1 | 00 00 C0 3F D9 CE 9E C1 08 00 01 00 32 32 64 00    1 | ...?........22d.
      2 | 00 19 00 00 00 00 00 20 00 00 00 60 00 00 00 00    2 | ....... ...`....
      3 | 00 00 68 01 43 72 61 62 61 75 62 6C 65 00 00 00    3 | ..h.Crabauble...
      4 | 00 00 00 00 -- -- -- -- -- -- -- -- -- -- -- --    4 | ....------------

NPC ID: 17924209
  Name: GardenStrongbo
  POLUtils_Name: Garden Strongbox
  Type: Simple NPC
  XYZR: -0.330, -0.640, 22.050, 64
  Mask: 00001111
        |  0  1  2  3  4  5  6  7  8  9  A  B  C  D  E  F      | 0123456789ABCDEF
    -----------------------------------------------------  ----------------------
      0 | 0E 24 0A 00 71 80 11 01 71 00 0F 40 C3 F5 A8 BE    0 | .$..q...q..@....
      1 | 0A D7 23 BF 66 66 B0 41 01 00 01 00 32 32 64 00    1 | ..#.ff.A....22d.
      2 | 00 03 00 00 00 00 00 00 00 00 00 60 00 00 00 00    2 | ...........`....
      3 | 00 00 C0 03 47 61 72 64 65 6E 53 74 72 6F 6E 67    3 | ....GardenStrong
      4 | 62 6F 00 00 00 00 00 00 -- -- -- -- -- -- -- --    4 | bo......--------

NPC ID: 17924223
  Name: blank
  POLUtils_Name:      
  Type: Decoration
  XYZR: 358.456, -5.000, -588.218, 58
  Mask: 00001111
        |  0  1  2  3  4  5  6  7  8  9  A  B  C  D  E  F      | 0123456789ABCDEF
    -----------------------------------------------------  ----------------------
      0 | 0E 1C 0A 00 7F 80 11 01 7F 00 0F 3A 5E 3A B3 43    0 | ...........:^:.C
      1 | 00 00 A0 C0 F4 0D 13 C4 D9 02 01 00 32 32 64 00    1 | ............22d.
      2 | 00 1B 08 00 00 00 00 20 00 00 00 68 00 00 00 00    2 | ....... ...h....
      3 | 00 00 8F 0B 00 00 00 00 -- -- -- -- -- -- -- --    3 | ........--------

NPC ID: 17924173
  Name: _MLFRMD_ASCII:1_
  POLUtils_Name: PlantFurn23
  Type: Simple NPC
  XYZR: 0.000, 0.000, 0.000, 0
  Mask: 00000111
        |  0  1  2  3  4  5  6  7  8  9  A  B  C  D  E  F      | 0123456789ABCDEF
    -----------------------------------------------------  ----------------------
      0 | 0E 20 0A 00 4D 80 11 01 4D 00 07 00 00 00 00 00    0 | . ..M...M.......
      1 | 00 00 00 00 00 00 00 00 00 80 01 00 32 32 64 37    1 | ............22d7
      2 | 02 03 08 00 00 00 00 02 00 00 00 60 00 00 00 00    2 | ...........`....
      3 | 04 00 00 00 01 00 00 00 00 00 00 00 00 00 00 00    3 | ................

NPC ID: 17924149
  Name: Flotsam
  POLUtils_Name: Flotsam
  Type: Simple NPC
  XYZR: 10.722, 1.500, -20.362, 0
  Mask: 00001111
        |  0  1  2  3  4  5  6  7  8  9  A  B  C  D  E  F      | 0123456789ABCDEF
    -----------------------------------------------------  ----------------------
      0 | 0E 20 0A 00 35 80 11 01 35 00 0F 00 50 8D 2B 41    0 | . ..5...5...P.+A
      1 | 00 00 C0 3F 60 E5 A2 C1 01 80 01 00 32 32 64 00    1 | ...?`.......22d.
      2 | 00 03 00 00 00 00 00 02 00 00 10 70 00 00 00 00    2 | ...........p....
      3 | 00 00 66 05 46 6C 6F 74 73 61 6D 00 00 00 00 00    3 | ..f.Flotsam.....

NPC ID: 17924168
  Name: Plant22
  POLUtils_Name: Plant22
  Type: Simple NPC
  XYZR: 0.000, 0.000, 0.000, 0
  Mask: 00001111
        |  0  1  2  3  4  5  6  7  8  9  A  B  C  D  E  F      | 0123456789ABCDEF
    -----------------------------------------------------  ----------------------
      0 | 0E 20 0A 00 48 80 11 01 48 00 0F 00 00 00 00 00    0 | . ..H...H.......
      1 | 00 00 00 00 00 00 00 00 00 80 01 00 32 32 64 00    1 | ............22d.
      2 | 00 03 08 00 00 00 00 02 00 00 00 60 00 00 00 00    2 | ...........`....
      3 | 00 00 32 00 50 6C 61 6E 74 32 32 00 00 00 00 00    3 | ..2.Plant22.....

NPC ID: 17924171
  Name: _MLFRMD_ASCII:1_
  POLUtils_Name: PlantFurn21
  Type: Simple NPC
  XYZR: 0.000, 0.000, 0.000, 0
  Mask: 00000111
        |  0  1  2  3  4  5  6  7  8  9  A  B  C  D  E  F      | 0123456789ABCDEF
    -----------------------------------------------------  ----------------------
      0 | 0E 20 0A 00 4B 80 11 01 4B 00 07 00 00 00 00 00    0 | . ..K...K.......
      1 | 00 00 00 00 00 00 00 00 00 80 01 00 32 32 64 37    1 | ............22d7
      2 | 02 03 08 00 00 00 00 02 00 00 00 60 00 00 00 00    2 | ...........`....
      3 | 04 00 00 00 01 00 00 00 00 00 00 00 00 00 00 00    3 | ................

NPC ID: 17924170
  Name: _MLFRMD_ASCII:1_
  POLUtils_Name: PlantFurn20
  Type: Simple NPC
  XYZR: 0.000, 0.000, 0.000, 0
  Mask: 00000111
        |  0  1  2  3  4  5  6  7  8  9  A  B  C  D  E  F      | 0123456789ABCDEF
    -----------------------------------------------------  ----------------------
      0 | 0E 20 0A 00 4A 80 11 01 4A 00 07 00 00 00 00 00    0 | . ..J...J.......
      1 | 00 00 00 00 00 00 00 00 00 80 01 00 32 32 64 37    1 | ............22d7
      2 | 02 03 08 00 00 00 00 02 00 00 00 60 00 00 00 00    2 | ...........`....
      3 | 04 00 00 00 01 00 00 00 00 00 00 00 00 00 00 00    3 | ................

NPC ID: 17924169
  Name: Plant23
  POLUtils_Name: Plant23
  Type: Simple NPC
  XYZR: 0.000, 0.000, 0.000, 0
  Mask: 00001111
        |  0  1  2  3  4  5  6  7  8  9  A  B  C  D  E  F      | 0123456789ABCDEF
    -----------------------------------------------------  ----------------------
      0 | 0E 20 0A 00 49 80 11 01 49 00 0F 00 00 00 00 00    0 | . ..I...I.......
      1 | 00 00 00 00 00 00 00 00 00 80 01 00 32 32 64 00    1 | ............22d.
      2 | 00 03 08 00 00 00 00 02 00 00 00 60 00 00 00 00    2 | ...........`....
      3 | 00 00 32 00 50 6C 61 6E 74 32 33 00 00 00 00 00    3 | ..2.Plant23.....

NPC ID: 17924172
  Name: _MLFRMD_ASCII:1_
  POLUtils_Name: PlantFurn22
  Type: Simple NPC
  XYZR: 0.000, 0.000, 0.000, 0
  Mask: 00000111
        |  0  1  2  3  4  5  6  7  8  9  A  B  C  D  E  F      | 0123456789ABCDEF
    -----------------------------------------------------  ----------------------
      0 | 0E 20 0A 00 4C 80 11 01 4C 00 07 00 00 00 00 00    0 | . ..L...L.......
      1 | 00 00 00 00 00 00 00 00 00 80 01 00 32 32 64 37    1 | ............22d7
      2 | 02 03 08 00 00 00 00 02 00 00 00 60 00 00 00 00    2 | ...........`....
      3 | 04 00 00 00 01 00 00 00 00 00 00 00 00 00 00 00    3 | ................

NPC ID: 17924167
  Name: Plant21
  POLUtils_Name: Plant21
  Type: Simple NPC
  XYZR: 0.000, 0.000, 0.000, 0
  Mask: 00001111
        |  0  1  2  3  4  5  6  7  8  9  A  B  C  D  E  F      | 0123456789ABCDEF
    -----------------------------------------------------  ----------------------
      0 | 0E 20 0A 00 47 80 11 01 47 00 0F 00 00 00 00 00    0 | . ..G...G.......
      1 | 00 00 00 00 00 00 00 00 00 80 01 00 32 32 64 00    1 | ............22d.
      2 | 00 03 08 00 00 00 00 02 00 00 00 60 00 00 00 00    2 | ...........`....
      3 | 00 00 32 00 50 6C 61 6E 74 32 31 00 00 00 00 00    3 | ..2.Plant21.....

NPC ID: 17924166
  Name: Plant20
  POLUtils_Name: Plant20
  Type: Simple NPC
  XYZR: 0.000, 0.000, 0.000, 0
  Mask: 00001111
        |  0  1  2  3  4  5  6  7  8  9  A  B  C  D  E  F      | 0123456789ABCDEF
    -----------------------------------------------------  ----------------------
      0 | 0E 20 0A 00 46 80 11 01 46 00 0F 00 00 00 00 00    0 | . ..F...F.......
      1 | 00 00 00 00 00 00 00 00 00 80 01 00 32 32 64 00    1 | ............22d.
      2 | 00 03 08 00 00 00 00 02 00 00 00 60 00 00 00 00    2 | ...........`....
      3 | 00 00 32 00 50 6C 61 6E 74 32 30 00 00 00 00 00    3 | ..2.Plant20.....

NPC ID: 17924165
  Name: _MLFRMD_ASCII:1_
  POLUtils_Name: PlantFurn13
  Type: Simple NPC
  XYZR: 0.000, 0.000, 0.000, 0
  Mask: 00000111
        |  0  1  2  3  4  5  6  7  8  9  A  B  C  D  E  F      | 0123456789ABCDEF
    -----------------------------------------------------  ----------------------
      0 | 0E 20 0A 00 45 80 11 01 45 00 07 00 00 00 00 00    0 | . ..E...E.......
      1 | 00 00 00 00 00 00 00 00 00 80 01 00 32 32 64 37    1 | ............22d7
      2 | 02 03 08 00 00 00 00 02 00 00 00 60 00 00 00 00    2 | ...........`....
      3 | 04 00 00 00 01 00 00 00 00 00 00 00 00 00 00 00    3 | ................

NPC ID: 17924164
  Name: _MLFRMD_ASCII:1_
  POLUtils_Name: PlantFurn12
  Type: Simple NPC
  XYZR: 0.000, 0.000, 0.000, 0
  Mask: 00000111
        |  0  1  2  3  4  5  6  7  8  9  A  B  C  D  E  F      | 0123456789ABCDEF
    -----------------------------------------------------  ----------------------
      0 | 0E 20 0A 00 44 80 11 01 44 00 07 00 00 00 00 00    0 | . ..D...D.......
      1 | 00 00 00 00 00 00 00 00 00 80 01 00 32 32 64 37    1 | ............22d7
      2 | 02 03 08 00 00 00 00 02 00 00 00 60 00 00 00 00    2 | ...........`....
      3 | 04 00 00 00 01 00 00 00 00 00 00 00 00 00 00 00    3 | ................

NPC ID: 17924161
  Name: Plant13
  POLUtils_Name: Plant13
  Type: Simple NPC
  XYZR: 0.000, 0.000, 0.000, 0
  Mask: 00001111
        |  0  1  2  3  4  5  6  7  8  9  A  B  C  D  E  F      | 0123456789ABCDEF
    -----------------------------------------------------  ----------------------
      0 | 0E 20 0B 00 41 80 11 01 41 00 0F 00 00 00 00 00    0 | . ..A...A.......
      1 | 00 00 00 00 00 00 00 00 00 80 01 00 32 32 64 00    1 | ............22d.
      2 | 00 03 08 00 00 00 00 02 00 00 00 60 00 00 00 00    2 | ...........`....
      3 | 00 00 32 00 50 6C 61 6E 74 31 33 00 00 00 00 00    3 | ..2.Plant13.....

NPC ID: 17924162
  Name: _MLFRMD_ASCII:1_
  POLUtils_Name: PlantFurn10
  Type: Simple NPC
  XYZR: 0.000, 0.000, 0.000, 0
  Mask: 00000111
        |  0  1  2  3  4  5  6  7  8  9  A  B  C  D  E  F      | 0123456789ABCDEF
    -----------------------------------------------------  ----------------------
      0 | 0E 20 0B 00 42 80 11 01 42 00 07 00 00 00 00 00    0 | . ..B...B.......
      1 | 00 00 00 00 00 00 00 00 00 80 01 00 32 32 64 37    1 | ............22d7
      2 | 02 03 08 00 00 00 00 02 00 00 00 60 00 00 00 00    2 | ...........`....
      3 | 04 00 00 00 01 00 00 00 00 00 00 00 00 00 00 00    3 | ................

NPC ID: 17924163
  Name: _MLFRMD_ASCII:1_
  POLUtils_Name: PlantFurn11
  Type: Simple NPC
  XYZR: 0.000, 0.000, 0.000, 0
  Mask: 00000111
        |  0  1  2  3  4  5  6  7  8  9  A  B  C  D  E  F      | 0123456789ABCDEF
    -----------------------------------------------------  ----------------------
      0 | 0E 20 0B 00 43 80 11 01 43 00 07 00 00 00 00 00    0 | . ..C...C.......
      1 | 00 00 00 00 00 00 00 00 00 80 01 00 32 32 64 37    1 | ............22d7
      2 | 02 03 08 00 00 00 00 02 00 00 00 60 00 00 00 00    2 | ...........`....
      3 | 04 00 00 00 01 00 00 00 00 00 00 00 00 00 00 00    3 | ................

NPC ID: 17924160
  Name: Plant12
  POLUtils_Name: Plant12
  Type: Simple NPC
  XYZR: 0.000, 0.000, 0.000, 0
  Mask: 00001111
        |  0  1  2  3  4  5  6  7  8  9  A  B  C  D  E  F      | 0123456789ABCDEF
    -----------------------------------------------------  ----------------------
      0 | 0E 20 0B 00 40 80 11 01 40 00 0F 00 00 00 00 00    0 | . ..@...@.......
      1 | 00 00 00 00 00 00 00 00 00 80 01 00 32 32 64 00    1 | ............22d.
      2 | 00 03 08 00 00 00 00 02 00 00 00 60 00 00 00 00    2 | ...........`....
      3 | 00 00 32 00 50 6C 61 6E 74 31 32 00 00 00 00 00    3 | ..2.Plant12.....

NPC ID: 17924132
  Name: ArborealGrove
  POLUtils_Name: Arboreal Grove #2
  Type: Simple NPC
  XYZR: -12.630, -1.500, -0.826, 0
  Mask: 00001111
        |  0  1  2  3  4  5  6  7  8  9  A  B  C  D  E  F      | 0123456789ABCDEF
    -----------------------------------------------------  ----------------------
      0 | 0E 24 0B 00 24 80 11 01 24 00 0F 00 7B 14 4A C1    0 | .$..$...$...{.J.
      1 | 00 00 C0 BF BC 74 53 BF 01 80 01 00 32 32 64 00    1 | .....tS.....22d.
      2 | 00 03 04 00 00 00 00 02 00 00 00 60 00 00 00 00    2 | ...........`....
      3 | 00 00 34 00 41 72 62 6F 72 65 61 6C 47 72 6F 76    3 | ..4.ArborealGrov
      4 | 65 00 00 00 00 00 00 00 -- -- -- -- -- -- -- --    4 | e.......--------

NPC ID: 17924154
  Name: _MLFRMD_ASCII:1_
  POLUtils_Name: PlantFurn00
  Type: Simple NPC
  XYZR: 0.000, 0.000, 0.000, 0
  Mask: 00000111
        |  0  1  2  3  4  5  6  7  8  9  A  B  C  D  E  F      | 0123456789ABCDEF
    -----------------------------------------------------  ----------------------
      0 | 0E 20 0B 00 3A 80 11 01 3A 00 07 00 00 00 00 00    0 | . ..:...:.......
      1 | 00 00 00 00 00 00 00 00 00 80 01 00 32 32 64 37    1 | ............22d7
      2 | 02 03 08 00 00 00 00 02 00 00 00 60 00 00 00 00    2 | ...........`....
      3 | 04 00 00 00 01 00 00 00 00 00 00 00 00 00 00 00    3 | ................

NPC ID: 17924155
  Name: _MLFRMD_ASCII:1_
  POLUtils_Name: PlantFurn01
  Type: Simple NPC
  XYZR: 0.000, 0.000, 0.000, 0
  Mask: 00000111
        |  0  1  2  3  4  5  6  7  8  9  A  B  C  D  E  F      | 0123456789ABCDEF
    -----------------------------------------------------  ----------------------
      0 | 0E 20 0B 00 3B 80 11 01 3B 00 07 00 00 00 00 00    0 | . ..;...;.......
      1 | 00 00 00 00 00 00 00 00 00 80 01 00 32 32 64 37    1 | ............22d7
      2 | 02 03 08 00 00 00 00 02 00 00 00 60 00 00 00 00    2 | ...........`....
      3 | 04 00 00 00 01 00 00 00 00 00 00 00 00 00 00 00    3 | ................

NPC ID: 17924156
  Name: _MLFRMD_ASCII:1_
  POLUtils_Name: PlantFurn02
  Type: Simple NPC
  XYZR: 0.000, 0.000, 0.000, 0
  Mask: 00000111
        |  0  1  2  3  4  5  6  7  8  9  A  B  C  D  E  F      | 0123456789ABCDEF
    -----------------------------------------------------  ----------------------
      0 | 0E 20 0B 00 3C 80 11 01 3C 00 07 00 00 00 00 00    0 | . ..<...<.......
      1 | 00 00 00 00 00 00 00 00 00 80 01 00 32 32 64 37    1 | ............22d7
      2 | 02 03 08 00 00 00 00 02 00 00 00 60 00 00 00 00    2 | ...........`....
      3 | 04 00 00 00 01 00 00 00 00 00 00 00 00 00 00 00    3 | ................

NPC ID: 17924157
  Name: _MLFRMD_ASCII:1_
  POLUtils_Name: PlantFurn03
  Type: Simple NPC
  XYZR: 0.000, 0.000, 0.000, 0
  Mask: 00000111
        |  0  1  2  3  4  5  6  7  8  9  A  B  C  D  E  F      | 0123456789ABCDEF
    -----------------------------------------------------  ----------------------
      0 | 0E 20 0B 00 3D 80 11 01 3D 00 07 00 00 00 00 00    0 | . ..=...=.......
      1 | 00 00 00 00 00 00 00 00 00 80 01 00 32 32 64 37    1 | ............22d7
      2 | 02 03 08 00 00 00 00 02 00 00 00 60 00 00 00 00    2 | ...........`....
      3 | 04 00 00 00 01 00 00 00 00 00 00 00 00 00 00 00    3 | ................

NPC ID: 17924158
  Name: Plant10
  POLUtils_Name: Plant10
  Type: Simple NPC
  XYZR: 0.000, 0.000, 0.000, 0
  Mask: 00001111
        |  0  1  2  3  4  5  6  7  8  9  A  B  C  D  E  F      | 0123456789ABCDEF
    -----------------------------------------------------  ----------------------
      0 | 0E 20 0B 00 3E 80 11 01 3E 00 0F 00 00 00 00 00    0 | . ..>...>.......
      1 | 00 00 00 00 00 00 00 00 00 80 01 00 32 32 64 00    1 | ............22d.
      2 | 00 03 08 00 00 00 00 02 00 00 00 60 00 00 00 00    2 | ...........`....
      3 | 00 00 32 00 50 6C 61 6E 74 31 30 00 00 00 00 00    3 | ..2.Plant10.....

NPC ID: 17924159
  Name: Plant11
  POLUtils_Name: Plant11
  Type: Simple NPC
  XYZR: 0.000, 0.000, 0.000, 0
  Mask: 00001111
        |  0  1  2  3  4  5  6  7  8  9  A  B  C  D  E  F      | 0123456789ABCDEF
    -----------------------------------------------------  ----------------------
      0 | 0E 20 0B 00 3F 80 11 01 3F 00 0F 00 00 00 00 00    0 | . ..?...?.......
      1 | 00 00 00 00 00 00 00 00 00 80 01 00 32 32 64 00    1 | ............22d.
      2 | 00 03 08 00 00 00 00 02 00 00 00 60 00 00 00 00    2 | ...........`....
      3 | 00 00 32 00 50 6C 61 6E 74 31 31 00 00 00 00 00    3 | ..2.Plant11.....

NPC ID: 17924153
  Name: Plant03
  POLUtils_Name: Plant03
  Type: Simple NPC
  XYZR: 0.000, 0.000, 0.000, 0
  Mask: 00001111
        |  0  1  2  3  4  5  6  7  8  9  A  B  C  D  E  F      | 0123456789ABCDEF
    -----------------------------------------------------  ----------------------
      0 | 0E 20 0C 00 39 80 11 01 39 00 0F 00 00 00 00 00    0 | . ..9...9.......
      1 | 00 00 00 00 00 00 00 00 00 80 01 00 32 32 64 00    1 | ............22d.
      2 | 00 03 08 00 00 00 00 02 00 00 00 60 00 00 00 00    2 | ...........`....
      3 | 00 00 32 00 50 6C 61 6E 74 30 33 00 00 00 00 00    3 | ..2.Plant03.....

NPC ID: 17924133
  Name: ArborealGrove
  POLUtils_Name: Arboreal Grove #2
  Type: Simple NPC
  XYZR: -12.018, 0.500, -2.712, 0
  Mask: 00001111
        |  0  1  2  3  4  5  6  7  8  9  A  B  C  D  E  F      | 0123456789ABCDEF
    -----------------------------------------------------  ----------------------
      0 | 0E 24 0C 00 25 80 11 01 25 00 0F 00 BA 49 40 C1    0 | .$..%...%....I@.
      1 | 00 00 00 3F 68 91 2D C0 01 80 01 00 32 32 64 00    1 | ...?h.-.....22d.
      2 | 00 03 04 00 00 00 00 02 00 00 00 60 00 00 00 00    2 | ...........`....
      3 | 00 00 34 00 41 72 62 6F 72 65 61 6C 47 72 6F 76    3 | ..4.ArborealGrov
      4 | 65 00 00 00 00 00 00 00 -- -- -- -- -- -- -- --    4 | e.......--------

NPC ID: 17924237
  Name: MandragoraAssi
  POLUtils_Name: Mandragora Assistant
  Type: Simple NPC
  XYZR: 13.994, -0.134, -11.123, 159
  Mask: 00001111
        |  0  1  2  3  4  5  6  7  8  9  A  B  C  D  E  F      | 0123456789ABCDEF
    -----------------------------------------------------  ----------------------
      0 | 0E 24 0C 00 8D 80 11 01 8D 00 0F 9F 6D E7 5F 41    0 | .$..........m._A
      1 | 4C 37 09 BE CF F7 31 C1 0E 80 00 00 32 32 64 00    1 | L7....1.....22d.
      2 | 00 01 00 00 00 00 00 02 20 00 00 20 00 00 00 00    2 | ........ .. ....
      3 | 00 00 8F 0B 4D 61 6E 64 72 61 67 6F 72 61 41 73    3 | ....MandragoraAs
      4 | 73 69 00 00 00 00 00 00 -- -- -- -- -- -- -- --    4 | si......--------

NPC ID: 17924151
  Name: Plant01
  POLUtils_Name: Plant01
  Type: Simple NPC
  XYZR: 0.000, 0.000, 0.000, 0
  Mask: 00001111
        |  0  1  2  3  4  5  6  7  8  9  A  B  C  D  E  F      | 0123456789ABCDEF
    -----------------------------------------------------  ----------------------
      0 | 0E 20 0C 00 37 80 11 01 37 00 0F 00 00 00 00 00    0 | . ..7...7.......
      1 | 00 00 00 00 00 00 00 00 00 80 01 00 32 32 64 00    1 | ............22d.
      2 | 00 03 08 00 00 00 00 02 00 00 00 60 00 00 00 00    2 | ...........`....
      3 | 00 00 32 00 50 6C 61 6E 74 30 31 00 00 00 00 00    3 | ..2.Plant01.....

NPC ID: 17924150
  Name: Plant00
  POLUtils_Name: Plant00
  Type: Simple NPC
  XYZR: 0.000, 0.000, 0.000, 0
  Mask: 00001111
        |  0  1  2  3  4  5  6  7  8  9  A  B  C  D  E  F      | 0123456789ABCDEF
    -----------------------------------------------------  ----------------------
      0 | 0E 20 0C 00 36 80 11 01 36 00 0F 00 00 00 00 00    0 | . ..6...6.......
      1 | 00 00 00 00 00 00 00 00 00 80 01 00 32 32 64 00    1 | ............22d.
      2 | 00 03 08 00 00 00 00 02 00 00 00 60 00 00 00 00    2 | ...........`....
      3 | 00 00 32 00 50 6C 61 6E 74 30 30 00 00 00 00 00    3 | ..2.Plant00.....

NPC ID: 17924152
  Name: Plant02
  POLUtils_Name: Plant02
  Type: Simple NPC
  XYZR: 0.000, 0.000, 0.000, 0
  Mask: 00001111
        |  0  1  2  3  4  5  6  7  8  9  A  B  C  D  E  F      | 0123456789ABCDEF
    -----------------------------------------------------  ----------------------
      0 | 0E 20 0C 00 38 80 11 01 38 00 0F 00 00 00 00 00    0 | . ..8...8.......
      1 | 00 00 00 00 00 00 00 00 00 80 01 00 32 32 64 00    1 | ............22d.
      2 | 00 03 08 00 00 00 00 02 00 00 00 60 00 00 00 00    2 | ...........`....
      3 | 00 00 32 00 50 6C 61 6E 74 30 32 00 00 00 00 00    3 | ..2.Plant02.....

NPC ID: 17924238
  Name: blank
  POLUtils_Name:      
  Type: Decoration
  XYZR: 13.994, 0.716, -11.123, 167
  Mask: 00001111
        |  0  1  2  3  4  5  6  7  8  9  A  B  C  D  E  F      | 0123456789ABCDEF
    -----------------------------------------------------  ----------------------
      0 | 0E 1C 0C 00 8E 80 11 01 8E 00 0F A7 6D E7 5F 41    0 | ............m._A
      1 | C7 4B 37 3F CF F7 31 C1 01 00 00 00 32 32 64 00    1 | .K7?..1.....22d.
      2 | 00 19 08 00 00 00 00 22 00 00 00 60 00 00 00 00    2 | ......."...`....
      3 | 00 00 1B 09 00 00 00 00 -- -- -- -- -- -- -- --    3 | ........--------

NPC ID: 17924189
  Name: Kupivolo
  POLUtils_Name: Kupivolo
  Type: Simple NPC
  XYZR: 10.784, -0.100, -14.329, 129
  Mask: 00001111
        |  0  1  2  3  4  5  6  7  8  9  A  B  C  D  E  F      | 0123456789ABCDEF
    -----------------------------------------------------  ----------------------
      0 | 0E 20 0D 00 5D 80 11 01 5D 00 0F 81 44 8B 2C 41    0 | . ..]...]...D.,A
      1 | CD CC CC BD 96 43 65 C1 00 00 00 00 32 32 64 00    1 | .....Ce.....22d.
      2 | 06 1B 00 00 00 00 00 20 00 00 00 00 00 00 00 00    2 | ....... ........
      3 | 00 00 3C 09 4B 75 70 69 76 6F 6C 6F 00 00 00 00    3 | ..<.Kupivolo....

NPC ID: 17924188
  Name: MonsieurKupont
  POLUtils_Name: Monsieur Kupont
  Type: Simple NPC
  XYZR: 10.301, 0.987, -15.005, 192
  Mask: 00001111
        |  0  1  2  3  4  5  6  7  8  9  A  B  C  D  E  F      | 0123456789ABCDEF
    -----------------------------------------------------  ----------------------
      0 | 0E 24 0D 00 5C 80 11 01 5C 00 0F C0 E5 D0 24 41    0 | .$..\\...\\.....$A
      1 | 08 AC 7C 3F 7B 14 70 C1 00 00 00 00 32 32 64 00    1 | ..|?{.p.....22d.
      2 | 06 1B 00 00 00 00 00 20 00 00 00 00 00 00 00 00    2 | ....... ........
      3 | 00 00 D5 03 4D 6F 6E 73 69 65 75 72 4B 75 70 6F    3 | ....MonsieurKupo
      4 | 6E 74 00 00 00 00 00 00 -- -- -- -- -- -- -- --    4 | nt......--------

NPC ID: 17924190
  Name: TheGreatKupel
  POLUtils_Name: The Great Kupellion
  Type: Simple NPC
  XYZR: 8.354, 0.858, -13.911, 246
  Mask: 00001111
        |  0  1  2  3  4  5  6  7  8  9  A  B  C  D  E  F      | 0123456789ABCDEF
    -----------------------------------------------------  ----------------------
      0 | 0E 24 0D 00 5E 80 11 01 5E 00 0F F6 FC A9 05 41    0 | .$..^...^......A
      1 | E3 A5 5B 3F 75 93 5E C1 00 00 00 00 32 32 64 00    1 | ..[?u.^.....22d.
      2 | 06 1B 00 00 00 00 00 20 00 00 00 00 00 00 00 00    2 | ....... ........
      3 | 00 00 61 09 54 68 65 47 72 65 61 74 4B 75 70 65    3 | ..a.TheGreatKupe
      4 | 6C 00 00 00 00 00 00 00 -- -- -- -- -- -- -- --    4 | l.......--------

NPC ID: 17924186
  Name: Chacharoon
  POLUtils_Name: Chacharoon
  Type: Simple NPC
  XYZR: 7.868, 0.864, -13.680, 142
  Mask: 00001111
        |  0  1  2  3  4  5  6  7  8  9  A  B  C  D  E  F      | 0123456789ABCDEF
    -----------------------------------------------------  ----------------------
      0 | 0E 22 0D 00 5A 80 11 01 5A 00 0F 8E A8 C6 FB 40    0 | ."..Z...Z......@
      1 | 1B 2F 5D 3F 48 E1 5A C1 00 00 00 00 32 32 64 00    1 | ./]?H.Z.....22d.
      2 | 06 1B 00 00 00 00 00 20 00 00 00 00 00 00 00 00    2 | ....... ........
      3 | 00 00 5F 0B 43 68 61 63 68 61 72 6F 6F 6E 00 00    3 | .._.Chacharoon..
      4 | 00 00 00 00 -- -- -- -- -- -- -- -- -- -- -- --    4 | ....------------

NPC ID: 17924134
  Name: ArborealGrove
  POLUtils_Name: Arboreal Grove #3
  Type: Simple NPC
  XYZR: -10.701, -1.500, 5.583, 0
  Mask: 00001111
        |  0  1  2  3  4  5  6  7  8  9  A  B  C  D  E  F      | 0123456789ABCDEF
    -----------------------------------------------------  ----------------------
      0 | 0E 24 0D 00 26 80 11 01 26 00 0F 00 4C 37 2B C1    0 | .$..&...&...L7+.
      1 | 00 00 C0 BF F0 A7 B2 40 01 80 01 00 32 32 64 00    1 | .......@....22d.
      2 | 00 03 04 00 00 00 00 02 00 00 00 60 00 00 00 00    2 | ...........`....
      3 | 00 00 34 00 41 72 62 6F 72 65 61 6C 47 72 6F 76    3 | ..4.ArborealGrov
      4 | 65 00 00 00 00 00 00 00 -- -- -- -- -- -- -- --    4 | e.......--------

NPC ID: 17924178
  Name: KANI02
  POLUtils_Name: KANI02
  Type: Simple NPC
  XYZR: 1.630, 3.004, -33.527, 196
  Mask: 00001111
        |  0  1  2  3  4  5  6  7  8  9  A  B  C  D  E  F      | 0123456789ABCDEF
    -----------------------------------------------------  ----------------------
      0 | 0E 20 0E 00 52 80 11 01 52 00 0F C4 D7 A3 D0 3F    0 | . ..R...R......?
      1 | 89 41 40 40 A6 1B 06 C2 00 80 00 00 32 32 64 00    1 | .A@@........22d.
      2 | 06 1B 00 00 00 00 00 20 00 00 00 00 00 00 00 00    2 | ....... ........
      3 | 00 00 64 01 4B 41 4E 49 30 32 00 00 00 00 00 00    3 | ..d.KANI02......

NPC ID: 17924177
  Name: KANI01
  POLUtils_Name: KANI01
  Type: Simple NPC
  XYZR: 0.455, 2.532, -31.248, 190
  Mask: 00001111
        |  0  1  2  3  4  5  6  7  8  9  A  B  C  D  E  F      | 0123456789ABCDEF
    -----------------------------------------------------  ----------------------
      0 | 0E 20 0E 00 51 80 11 01 51 00 0F BE C3 F5 E8 3E    0 | . ..Q...Q......>
      1 | 4A 0C 22 40 E7 FB F9 C1 00 80 00 00 32 32 64 00    1 | J."@........22d.
      2 | 06 1B 00 00 00 00 00 20 00 00 00 00 00 00 00 00    2 | ....... ........
      3 | 00 00 64 01 4B 41 4E 49 30 31 00 00 00 00 00 00    3 | ..d.KANI01......

NPC ID: 17924180
  Name: KANI04
  POLUtils_Name: KANI04
  Type: Simple NPC
  XYZR: 3.881, 3.391, -34.997, 184
  Mask: 00001111
        |  0  1  2  3  4  5  6  7  8  9  A  B  C  D  E  F      | 0123456789ABCDEF
    -----------------------------------------------------  ----------------------
      0 | 0E 20 0E 00 54 80 11 01 54 00 0F B8 4E 62 78 40    0 | . ..T...T...Nbx@
      1 | 25 06 59 40 EE FC 0B C2 00 80 00 00 32 32 64 00    1 | %.Y@........22d.
      2 | 06 1B 00 00 00 00 00 20 00 00 00 00 00 00 00 00    2 | ....... ........
      3 | 00 00 64 01 4B 41 4E 49 30 34 00 00 00 00 00 00    3 | ..d.KANI04......

NPC ID: 17924148
  Name: CoastalFishing
  POLUtils_Name: Coastal Fishing Net
  Type: Simple NPC
  XYZR: 19.474, 1.883, -30.474, 0
  Mask: 00001111
        |  0  1  2  3  4  5  6  7  8  9  A  B  C  D  E  F      | 0123456789ABCDEF
    -----------------------------------------------------  ----------------------
      0 | 0E 24 0E 00 34 80 11 01 34 00 0F 00 C1 CA 9B 41    0 | .$..4...4......A
      1 | 25 06 F1 3F C1 CA F3 C1 01 80 00 00 32 32 64 00    1 | %..?........22d.
      2 | 00 03 00 00 00 00 00 02 00 00 10 60 00 00 00 00    2 | ...........`....
      3 | 00 00 34 00 43 6F 61 73 74 61 6C 46 69 73 68 69    3 | ..4.CoastalFishi
      4 | 6E 67 00 00 00 00 00 00 -- -- -- -- -- -- -- --    4 | ng......--------

NPC ID: 17924147
  Name: _MLFRMD_ASCII:104_1_
  POLUtils_Name: 
  Type: Simple NPC
  XYZR: 19.474, 1.883, -30.474, 0
  Mask: 00000111
        |  0  1  2  3  4  5  6  7  8  9  A  B  C  D  E  F      | 0123456789ABCDEF
    -----------------------------------------------------  ----------------------
      0 | 0E 20 0E 00 33 80 11 01 33 00 07 00 C1 CA 9B 41    0 | . ..3...3......A
      1 | 25 06 F1 3F C1 CA F3 C1 01 80 00 00 32 32 64 37    1 | %..?........22d7
      2 | 00 03 08 00 00 00 00 02 00 00 00 60 00 00 00 00    2 | ...........`....
      3 | 04 00 00 00 68 01 00 00 00 00 00 00 00 00 00 00    3 | ....h...........

NPC ID: 17924105
  Name: _7s1
  POLUtils_Name: NPC
  Type: Simple NPC
  XYZR: 9.500, 0.000, -2.000, 0
  Mask: 00000111
        |  0  1  2  3  4  5  6  7  8  9  A  B  C  D  E  F      | 0123456789ABCDEF
    -----------------------------------------------------  ----------------------
      0 | 0E 20 0E 00 09 80 11 01 09 00 07 00 00 00 18 41    0 | . .............A
      1 | 00 00 00 00 00 00 00 C0 01 00 01 00 32 32 64 09    1 | ............22d.
      2 | 00 03 18 00 00 00 00 00 20 00 00 00 00 00 00 00    2 | ........ .......
      3 | 02 00 00 00 5F 37 73 31 00 00 00 00 00 00 00 00    3 | ...._7s1........

NPC ID: 17924108
  Name: _7s4
  POLUtils_Name: NPC
  Type: Simple NPC
  XYZR: 11.000, 0.000, -2.000, 0
  Mask: 00000111
        |  0  1  2  3  4  5  6  7  8  9  A  B  C  D  E  F      | 0123456789ABCDEF
    -----------------------------------------------------  ----------------------
      0 | 0E 20 0E 00 0C 80 11 01 0C 00 07 00 00 00 30 41    0 | . ............0A
      1 | 00 00 00 00 00 00 00 C0 01 00 01 00 32 32 64 09    1 | ............22d.
      2 | 00 03 18 00 00 00 00 00 20 00 00 00 00 00 00 00    2 | ........ .......
      3 | 02 00 00 00 5F 37 73 34 00 00 00 00 00 00 00 00    3 | ...._7s4........

NPC ID: 17924125
  Name: MogDinghy
  POLUtils_Name: Mog Dinghy
  Type: Simple NPC
  XYZR: -16.867, 1.499, -23.703, 128
  Mask: 00001111
        |  0  1  2  3  4  5  6  7  8  9  A  B  C  D  E  F      | 0123456789ABCDEF
    -----------------------------------------------------  ----------------------
      0 | 0E 22 0F 00 1D 80 11 01 1D 00 0F 80 9E EF 86 C1    0 | ."..............
      1 | 3B DF BF 3F BE 9F BD C1 07 80 01 00 32 32 64 00    1 | ;..?........22d.
      2 | 00 03 00 00 00 00 00 00 00 00 10 60 00 00 00 00    2 | ...........`....
      3 | 00 00 E0 0A 4D 6F 67 44 69 6E 67 68 79 00 00 00    3 | ....MogDinghy...
      4 | 00 00 00 00 -- -- -- -- -- -- -- -- -- -- -- --    4 | ....------------

NPC ID: 17924220
  Name: PorterMoogle
  POLUtils_Name: Porter Moogle
  Type: Simple NPC
  XYZR: -18.166, 0.743, -12.208, 61
  Mask: 00001111
        |  0  1  2  3  4  5  6  7  8  9  A  B  C  D  E  F      | 0123456789ABCDEF
    -----------------------------------------------------  ----------------------
      0 | 0E 22 0F 00 7C 80 11 01 7C 00 0F 3D F8 53 91 C1    0 | ."..|...|..=.S..
      1 | 3F 35 3E 3F F8 53 43 C1 15 00 00 00 32 32 64 00    1 | ?5>?.SC.....22d.
      2 | 00 03 00 00 00 00 00 00 20 00 00 00 00 00 00 00    2 | ........ .......
      3 | 00 00 52 00 50 6F 72 74 65 72 4D 6F 6F 67 6C 65    3 | ..R.PorterMoogle
      4 | 00 00 00 00 -- -- -- -- -- -- -- -- -- -- -- --    4 | ....------------

NPC ID: 17924135
  Name: ArborealGrove
  POLUtils_Name: Arboreal Grove #3
  Type: Simple NPC
  XYZR: -9.887, 0.500, 6.448, 0
  Mask: 00001111
        |  0  1  2  3  4  5  6  7  8  9  A  B  C  D  E  F      | 0123456789ABCDEF
    -----------------------------------------------------  ----------------------
      0 | 0E 24 0F 00 27 80 11 01 27 00 0F 00 27 31 1E C1    0 | .$..'...'...'1..
      1 | 00 00 00 3F 04 56 CE 40 01 80 01 00 32 32 64 00    1 | ...?.V.@....22d.
      2 | 00 03 04 00 00 00 00 02 00 00 00 60 00 00 00 00    2 | ...........`....
      3 | 00 00 34 00 41 72 62 6F 72 65 61 6C 47 72 6F 76    3 | ..4.ArborealGrov
      4 | 65 00 00 00 00 00 00 00 -- -- -- -- -- -- -- --    4 | e.......--------

NPC ID: 17924206
  Name: Ramblix
  POLUtils_Name: Ramblix
  Type: Simple NPC
  XYZR: -15.420, 0.730, -10.520, 32
  Mask: 00001111
        |  0  1  2  3  4  5  6  7  8  9  A  B  C  D  E  F      | 0123456789ABCDEF
    -----------------------------------------------------  ----------------------
      0 | 0E 20 10 00 6E 80 11 01 6E 00 0F 20 52 B8 76 C1    0 | . ..n...n.. R.v.
      1 | 48 E1 3A 3F EC 51 28 C1 00 00 00 00 32 32 64 00    1 | H.:?.Q(.....22d.
      2 | 06 1B 00 00 00 00 00 20 00 00 00 00 00 00 00 00    2 | ....... ........
      3 | 00 00 55 00 52 61 6D 62 6C 69 78 00 00 00 00 00    3 | ..U.Ramblix.....

NPC ID: 17924207
  Name: GoblinFootprin
  POLUtils_Name: Goblin Footprint
  Type: Simple NPC
  XYZR: -15.420, 0.730, -10.520, 32
  Mask: 00001111
        |  0  1  2  3  4  5  6  7  8  9  A  B  C  D  E  F      | 0123456789ABCDEF
    -----------------------------------------------------  ----------------------
      0 | 0E 24 10 00 6F 80 11 01 6F 00 0F 20 52 B8 76 C1    0 | .$..o...o.. R.v.
      1 | 48 E1 3A 3F EC 51 28 C1 01 00 00 00 32 32 64 00    1 | H.:?.Q(.....22d.
      2 | 00 03 00 00 00 00 00 00 00 00 00 00 00 00 00 00    2 | ................
      3 | 00 00 34 00 47 6F 62 6C 69 6E 46 6F 6F 74 70 72    3 | ..4.GoblinFootpr
      4 | 69 6E 00 00 00 00 00 00 -- -- -- -- -- -- -- --    4 | in......--------

NPC ID: 17924202
  Name: Susuroon
  POLUtils_Name: Susuroon
  Type: Simple NPC
  XYZR: -6.702, 1.500, -20.971, 62
  Mask: 00001111
        |  0  1  2  3  4  5  6  7  8  9  A  B  C  D  E  F      | 0123456789ABCDEF
    -----------------------------------------------------  ----------------------
      0 | 0E 20 10 00 6A 80 11 01 6A 00 0F 3E C9 76 D6 C0    0 | . ..j...j..>.v..
      1 | 00 00 C0 3F 9C C4 A7 C1 08 00 01 00 32 32 64 00    1 | ...?........22d.
      2 | 00 1B 00 00 00 00 00 20 00 00 03 00 00 00 00 00    2 | ....... ........
      3 | 00 00 A2 0A 53 75 73 75 72 6F 6F 6E 00 00 00 00    3 | ....Susuroon....

NPC ID: 17924203
  Name: Yeestog
  POLUtils_Name: Yeestog
  Type: Simple NPC
  XYZR: -9.862, 0.500, -1.966, 156
  Mask: 00001111
        |  0  1  2  3  4  5  6  7  8  9  A  B  C  D  E  F      | 0123456789ABCDEF
    -----------------------------------------------------  ----------------------
      0 | 0E 20 10 00 6B 80 11 01 6B 00 0F 9C C1 CA 1D C1    0 | . ..k...k.......
      1 | 00 00 00 3F E3 A5 FB BF 01 00 01 00 32 32 64 00    1 | ...?........22d.
      2 | 00 1B 00 00 00 00 00 20 00 00 00 00 00 00 00 00    2 | ....... ........
      3 | 00 00 B4 07 59 65 65 73 74 6F 67 00 00 00 00 00    3 | ....Yeestog.....

NPC ID: 17924199
  Name: Atelloune
  POLUtils_Name: Atelloune
  Type: Equipped NPC
  XYZR: -11.985, 1.500, -17.924, 31
  Mask: 01010111
        |  0  1  2  3  4  5  6  7  8  9  A  B  C  D  E  F      | 0123456789ABCDEF
    -----------------------------------------------------  ----------------------
      0 | 0E 2A 10 00 67 80 11 01 67 00 57 1F 8F C2 3F C1    0 | .*..g...g.W...?.
      1 | 00 00 C0 3F 5A 64 8F C1 00 00 00 00 32 32 64 00    1 | ...?Zd......22d.
      2 | 06 1B 00 00 00 00 00 20 00 00 01 00 00 00 00 00    2 | ....... ........
      3 | 01 00 0B 04 77 10 65 20 65 30 65 40 65 50 00 60    3 | ....w.e e0e@eP.`
      4 | 00 70 00 00 00 00 00 00 00 00 00 00 00 00 00 00    4 | .p..............
      5 | 00 00 00 00 -- -- -- -- -- -- -- -- -- -- -- --    5 | ....------------

NPC ID: 17924179
  Name: KANI03
  POLUtils_Name: KANI03
  Type: Simple NPC
  XYZR: -2.989, 2.944, -33.476, 199
  Mask: 00001111
        |  0  1  2  3  4  5  6  7  8  9  A  B  C  D  E  F      | 0123456789ABCDEF
    -----------------------------------------------------  ----------------------
      0 | 0E 20 11 00 53 80 11 01 53 00 0F C7 C7 4B 3F C0    0 | . ..S...S....K?.
      1 | 7F 6A 3C 40 6D E7 05 C2 00 80 00 00 32 32 64 00    1 | .j<@m.......22d.
      2 | 06 1B 00 00 00 00 00 20 00 00 00 00 00 00 00 00    2 | ....... ........
      3 | 00 00 64 01 4B 41 4E 49 30 33 00 00 00 00 00 00    3 | ..d.KANI03......

NPC ID: 17924181
  Name: KANI05
  POLUtils_Name: KANI05
  Type: Simple NPC
  XYZR: -6.036, 2.557, -30.100, 200
  Mask: 00001111
        |  0  1  2  3  4  5  6  7  8  9  A  B  C  D  E  F      | 0123456789ABCDEF
    -----------------------------------------------------  ----------------------
      0 | 0E 20 11 00 55 80 11 01 55 00 0F C8 E9 26 C1 C0    0 | . ..U...U....&..
      1 | E3 A5 23 40 CD CC F0 C1 00 80 00 00 32 32 64 00    1 | ..#@........22d.
      2 | 06 1B 00 00 00 00 00 20 00 00 00 00 00 00 00 00    2 | ....... ........
      3 | 00 00 64 01 4B 41 4E 49 30 35 00 00 00 00 00 00    3 | ..d.KANI05......

NPC ID: 17924137
  Name: ArborealGrove
  POLUtils_Name: Arboreal Grove #4
  Type: Simple NPC
  XYZR: -10.610, 0.500, -0.122, 0
  Mask: 00001111
        |  0  1  2  3  4  5  6  7  8  9  A  B  C  D  E  F      | 0123456789ABCDEF
    -----------------------------------------------------  ----------------------
      0 | 0E 24 11 00 29 80 11 01 29 00 0F 00 8F C2 29 C1    0 | .$..)...).....).
      1 | 00 00 00 3F 23 DB F9 BD 01 80 01 00 32 32 64 00    1 | ...?#.......22d.
      2 | 00 03 04 00 00 00 00 02 00 00 00 60 00 00 00 00    2 | ...........`....
      3 | 00 00 34 00 41 72 62 6F 72 65 61 6C 47 72 6F 76    3 | ..4.ArborealGrov
      4 | 65 00 00 00 00 00 00 00 -- -- -- -- -- -- -- --    4 | e.......--------

NPC ID: 17924136
  Name: ArborealGrove
  POLUtils_Name: Arboreal Grove #4
  Type: Simple NPC
  XYZR: -9.174, 0.500, 2.479, 0
  Mask: 00001111
        |  0  1  2  3  4  5  6  7  8  9  A  B  C  D  E  F      | 0123456789ABCDEF
    -----------------------------------------------------  ----------------------
      0 | 0E 24 11 00 28 80 11 01 28 00 0F 00 B4 C8 12 C1    0 | .$..(...(.......
      1 | 00 00 00 3F F0 A7 1E 40 01 80 01 00 32 32 64 00    1 | ...?...@....22d.
      2 | 00 03 04 00 00 00 00 02 00 00 00 60 00 00 00 00    2 | ...........`....
      3 | 00 00 34 00 41 72 62 6F 72 65 61 6C 47 72 6F 76    3 | ..4.ArborealGrov
      4 | 65 00 00 00 00 00 00 00 -- -- -- -- -- -- -- --    4 | e.......--------

NPC ID: 17924123
  Name: _7sj
  POLUtils_Name: 
  Type: Simple NPC
  XYZR: -25.140, -0.001, -13.720, 0
  Mask: 00000111
        |  0  1  2  3  4  5  6  7  8  9  A  B  C  D  E  F      | 0123456789ABCDEF
    -----------------------------------------------------  ----------------------
      0 | 0E 20 11 00 1B 80 11 01 1B 00 07 00 B8 1E C9 C1    0 | . ..............
      1 | 6F 12 83 BA 1F 85 5B C1 01 00 01 00 32 32 64 09    1 | o.....[.....22d.
      2 | 00 03 18 00 00 00 00 00 20 00 00 00 00 00 00 00    2 | ........ .......
      3 | 02 00 00 00 5F 37 73 6A 00 00 00 00 00 00 00 00    3 | ...._7sj........

NPC ID: 17924110
  Name: _7s6
  POLUtils_Name: NPC
  Type: Simple NPC
  XYZR: -15.953, -0.500, -2.971, 0
  Mask: 00000111
        |  0  1  2  3  4  5  6  7  8  9  A  B  C  D  E  F      | 0123456789ABCDEF
    -----------------------------------------------------  ----------------------
      0 | 0E 20 12 00 0E 80 11 01 0E 00 07 00 7D 3F 7F C1    0 | . ..........}?..
      1 | 00 00 00 BF DD 24 3E C0 01 00 01 00 32 32 64 09    1 | .....$>.....22d.
      2 | 00 03 18 00 00 00 00 00 20 00 00 00 00 00 00 00    2 | ........ .......
      3 | 02 00 00 00 5F 37 73 36 00 00 00 00 00 00 00 00    3 | ...._7s6........

NPC ID: 17924122
  Name: _7si
  POLUtils_Name: NPC
  Type: Simple NPC
  XYZR: -15.603, 0.233, -6.857, 0
  Mask: 00000111
        |  0  1  2  3  4  5  6  7  8  9  A  B  C  D  E  F      | 0123456789ABCDEF
    -----------------------------------------------------  ----------------------
      0 | 0E 20 12 00 1A 80 11 01 1A 00 07 00 E3 A5 79 C1    0 | . ............y.
      1 | 8D 97 6E 3E 8B 6C DB C0 01 00 01 00 32 32 64 09    1 | ..n>.l......22d.
      2 | 00 03 18 00 00 00 00 00 20 00 00 00 00 00 00 00    2 | ........ .......
      3 | 02 00 00 00 5F 37 73 69 00 00 00 00 00 00 00 00    3 | ...._7si........

NPC ID: 17924121
  Name: _7sh
  POLUtils_Name: NPC
  Type: Simple NPC
  XYZR: -15.211, 0.174, -5.082, 0
  Mask: 00000111
        |  0  1  2  3  4  5  6  7  8  9  A  B  C  D  E  F      | 0123456789ABCDEF
    -----------------------------------------------------  ----------------------
      0 | 0E 20 12 00 19 80 11 01 19 00 07 00 42 60 73 C1    0 | . ..........B`s.
      1 | 0E 2D 32 3E BE 9F A2 C0 01 00 01 00 32 32 64 09    1 | .-2>........22d.
      2 | 00 03 18 00 00 00 00 00 20 00 00 00 00 00 00 00    2 | ........ .......
      3 | 02 00 00 00 5F 37 73 68 00 00 00 00 00 00 00 00    3 | ...._7sh........

NPC ID: 17924228
  Name: Chacharoon
  POLUtils_Name: Chacharoon
  Type: Simple NPC
  XYZR: -12.013, 0.500, 7.354, 67
  Mask: 00001111
        |  0  1  2  3  4  5  6  7  8  9  A  B  C  D  E  F      | 0123456789ABCDEF
    -----------------------------------------------------  ----------------------
      0 | 0E 22 12 00 84 80 11 01 84 00 0F 43 3F 35 40 C1    0 | .".........C?5@.
      1 | 00 00 00 3F F8 53 EB 40 D7 00 01 00 32 32 64 00    1 | ...?.S.@....22d.
      2 | 00 1B 00 00 00 00 00 20 00 00 00 00 00 00 00 00    2 | ....... ........
      3 | 00 00 5F 0B 43 68 61 63 68 61 72 6F 6F 6E 00 00    3 | .._.Chacharoon..
      4 | 00 00 00 00 -- -- -- -- -- -- -- -- -- -- -- --    4 | ....------------

NPC ID: 17924230
  Name: _MLFRMD_ASCII:1_
  POLUtils_Name: Breeding Monster
  Type: Simple NPC
  XYZR: -12.623, 0.156, 12.170, 54
  Mask: 00001111
        |  0  1  2  3  4  5  6  7  8  9  A  B  C  D  E  F      | 0123456789ABCDEF
    -----------------------------------------------------  ----------------------
      0 | 0E 1E 12 00 86 80 11 01 86 00 0F 36 CF F7 49 C1    0 | ...........6..I.
      1 | 77 BE 1F 3E 52 B8 42 41 07 00 01 00 32 32 64 00    1 | w..>R.BA....22d.
      2 | 00 1B 00 00 00 00 00 20 00 00 04 00 00 00 00 00    2 | ....... ........
      3 | 00 00 54 01 01 00 00 00 00 00 00 00 -- -- -- --    3 | ..T.........----

NPC ID: 17924138
  Name: MineralVein
  POLUtils_Name: Mineral Vein
  Type: Simple NPC
  XYZR: 10.102, -1.600, 17.677, 0
  Mask: 00001111
        |  0  1  2  3  4  5  6  7  8  9  A  B  C  D  E  F      | 0123456789ABCDEF
    -----------------------------------------------------  ----------------------
      0 | 0E 22 13 00 2A 80 11 01 2A 00 0F 00 CB A1 21 41    0 | ."..*...*.....!A
      1 | CD CC CC BF 7F 6A 8D 41 01 80 01 00 32 32 64 00    1 | .....j.A....22d.
      2 | 00 03 02 00 00 00 00 02 00 00 08 60 00 00 00 00    2 | ...........`....
      3 | 00 00 34 00 4D 69 6E 65 72 61 6C 56 65 69 6E 00    3 | ..4.MineralVein.
      4 | 00 00 00 00 -- -- -- -- -- -- -- -- -- -- -- --    4 | ....------------

NPC ID: 17924146
  Name: PondDredger
  POLUtils_Name: Pond Dredger
  Type: Simple NPC
  XYZR: -1.519, 1.000, 11.889, 0
  Mask: 00001111
        |  0  1  2  3  4  5  6  7  8  9  A  B  C  D  E  F      | 0123456789ABCDEF
    -----------------------------------------------------  ----------------------
      0 | 0E 22 13 00 32 80 11 01 32 00 0F 00 98 6E C2 BF    0 | ."..2...2....n..
      1 | 00 00 80 3F 58 39 3E 41 01 80 00 00 32 32 64 00    1 | ...?X9>A....22d.
      2 | 00 03 00 00 00 00 00 02 00 00 10 60 00 00 00 00    2 | ...........`....
      3 | 00 00 34 00 50 6F 6E 64 44 72 65 64 67 65 72 00    3 | ..4.PondDredger.
      4 | 00 00 00 00 -- -- -- -- -- -- -- -- -- -- -- --    4 | ....------------

NPC ID: 17924182
  Name: KuyinHathdenna
  POLUtils_Name: Kuyin Hathdenna
  Type: Simple NPC
  XYZR: -5.474, 0.315, 9.302, 193
  Mask: 00001111
        |  0  1  2  3  4  5  6  7  8  9  A  B  C  D  E  F      | 0123456789ABCDEF
    -----------------------------------------------------  ----------------------
      0 | 0E 24 13 00 56 80 11 01 56 00 0F C1 02 2B AF C0    0 | .$..V...V....+..
      1 | AE 47 A1 3E FE D4 14 41 08 00 01 00 32 32 64 00    1 | .G.>...A....22d.
      2 | 00 1B 00 00 00 00 00 20 00 00 03 00 00 00 00 00    2 | ....... ........
      3 | 00 00 A7 0A 4B 75 79 69 6E 48 61 74 68 64 65 6E    3 | ....KuyinHathden
      4 | 6E 61 00 00 00 00 00 00 -- -- -- -- -- -- -- --    4 | na......--------

NPC ID: 17924176
  Name: blank
  POLUtils_Name:      
  Type: Decoration
  XYZR: -1.891, 0.238, 4.619, 54
  Mask: 00001111
        |  0  1  2  3  4  5  6  7  8  9  A  B  C  D  E  F      | 0123456789ABCDEF
    -----------------------------------------------------  ----------------------
      0 | 0E 1C 13 00 50 80 11 01 50 00 0F 36 4A 0C F2 BF    0 | ....P...P..6J...
      1 | 46 B6 73 3E D9 CE 93 40 00 00 00 00 32 32 64 00    1 | F.s>...@....22d.
      2 | 06 1B 00 00 00 00 00 20 00 00 00 00 00 00 00 00    2 | ....... ........
      3 | 00 00 E8 0A 00 00 00 00 -- -- -- -- -- -- -- --    3 | ........--------

NPC ID: 17924111
  Name: _7s7
  POLUtils_Name: NPC
  Type: Simple NPC
  XYZR: -17.102, -0.500, 6.535, 0
  Mask: 00000111
        |  0  1  2  3  4  5  6  7  8  9  A  B  C  D  E  F      | 0123456789ABCDEF
    -----------------------------------------------------  ----------------------
      0 | 0E 20 14 00 0F 80 11 01 0F 00 07 00 E5 D0 88 C1    0 | . ..............
      1 | 00 00 00 BF B8 1E D1 40 01 00 01 00 32 32 64 09    1 | .......@....22d.
      2 | 00 03 18 00 00 00 00 00 20 00 00 00 00 00 00 00    2 | ........ .......
      3 | 02 00 00 00 5F 37 73 37 00 00 00 00 00 00 00 00    3 | ...._7s7........

NPC ID: 17924222
  Name: _MLFRMD_ASCII:1_
  POLUtils_Name: 
  Type: Simple NPC
  XYZR: 0.000, 10.000, 0.000, 0
  Mask: 00000111
        |  0  1  2  3  4  5  6  7  8  9  A  B  C  D  E  F      | 0123456789ABCDEF
    -----------------------------------------------------  ----------------------
      0 | 0E 20 14 00 7E 80 11 01 7E 00 07 00 00 00 00 00    0 | . ..~...~.......
      1 | 00 00 20 41 00 00 00 00 07 80 00 00 32 32 64 37    1 | .. A........22d7
      2 | 02 03 08 00 00 00 00 02 00 00 00 68 00 00 00 00    2 | ...........h....
      3 | 04 00 00 00 01 00 00 00 00 00 00 00 00 00 00 00    3 | ................

NPC ID: 17924112
  Name: _7s8
  POLUtils_Name: NPC
  Type: Simple NPC
  XYZR: -12.262, -0.500, 1.787, 0
  Mask: 00000111
        |  0  1  2  3  4  5  6  7  8  9  A  B  C  D  E  F      | 0123456789ABCDEF
    -----------------------------------------------------  ----------------------
      0 | 0E 20 14 00 10 80 11 01 10 00 07 00 27 31 44 C1    0 | . ..........'1D.
      1 | 00 00 00 BF 6A BC E4 3F 01 00 01 00 32 32 64 09    1 | ....j..?....22d.
      2 | 00 03 18 00 00 00 00 00 20 00 00 00 00 00 00 00    2 | ........ .......
      3 | 02 00 00 00 5F 37 73 38 00 00 00 00 00 00 00 00    3 | ...._7s8........

NPC ID: 17924139
  Name: MineralVein
  POLUtils_Name: Mineral Vein
  Type: Simple NPC
  XYZR: 10.102, -2.800, 17.677, 0
  Mask: 00001111
        |  0  1  2  3  4  5  6  7  8  9  A  B  C  D  E  F      | 0123456789ABCDEF
    -----------------------------------------------------  ----------------------
      0 | 0E 22 14 00 2B 80 11 01 2B 00 0F 00 CB A1 21 41    0 | ."..+...+.....!A
      1 | 33 33 33 C0 7F 6A 8D 41 01 80 01 00 32 32 64 00    1 | 333..j.A....22d.
      2 | 00 03 02 00 00 00 00 02 00 00 08 60 00 00 00 00    2 | ...........`....
      3 | 00 00 34 00 4D 69 6E 65 72 61 6C 56 65 69 6E 00    3 | ..4.MineralVein.
      4 | 00 00 00 00 -- -- -- -- -- -- -- -- -- -- -- --    4 | ....------------

NPC ID: 17924116
  Name: _7sc
  POLUtils_Name: NPC
  Type: Simple NPC
  XYZR: -2.378, -0.418, 10.483, 0
  Mask: 00000111
        |  0  1  2  3  4  5  6  7  8  9  A  B  C  D  E  F      | 0123456789ABCDEF
    -----------------------------------------------------  ----------------------
      0 | 0E 20 14 00 14 80 11 01 14 00 07 00 27 31 18 C0    0 | . ..........'1..
      1 | 19 04 D6 BE 5E BA 27 41 01 00 01 00 32 32 64 09    1 | ....^.'A....22d.
      2 | 00 03 18 00 00 00 00 00 20 00 00 00 00 00 00 00    2 | ........ .......
      3 | 02 00 00 00 5F 37 73 63 00 00 00 00 00 00 00 00    3 | ...._7sc........

NPC ID: 17924118
  Name: _7se
  POLUtils_Name: NPC
  Type: Simple NPC
  XYZR: -9.717, -0.418, 14.468, 0
  Mask: 00000111
        |  0  1  2  3  4  5  6  7  8  9  A  B  C  D  E  F      | 0123456789ABCDEF
    -----------------------------------------------------  ----------------------
      0 | 0E 20 14 00 16 80 11 01 16 00 07 00 D5 78 1B C1    0 | . ...........x..
      1 | 19 04 D6 BE EE 7C 67 41 01 00 01 00 32 32 64 09    1 | .....|gA....22d.
      2 | 00 03 18 00 00 00 00 00 20 00 00 00 00 00 00 00    2 | ........ .......
      3 | 02 00 00 00 5F 37 73 65 00 00 00 00 00 00 00 00    3 | ...._7se........

NPC ID: 17924117
  Name: _7sd
  POLUtils_Name: NPC
  Type: Simple NPC
  XYZR: -0.012, -0.418, 18.283, 0
  Mask: 00000111
        |  0  1  2  3  4  5  6  7  8  9  A  B  C  D  E  F      | 0123456789ABCDEF
    -----------------------------------------------------  ----------------------
      0 | 0E 20 14 00 15 80 11 01 15 00 07 00 A6 9B 44 BC    0 | . ............D.
      1 | 19 04 D6 BE 96 43 92 41 01 00 01 00 32 32 64 09    1 | .....C.A....22d.
      2 | 00 03 18 00 00 00 00 00 20 00 00 00 00 00 00 00    2 | ........ .......
      3 | 02 00 00 00 5F 37 73 64 00 00 00 00 00 00 00 00    3 | ...._7sd........

NPC ID: 17924184
  Name: Yeestog
  POLUtils_Name: Yeestog
  Type: Simple NPC
  XYZR: 12.547, -0.554, 16.057, 189
  Mask: 00001111
        |  0  1  2  3  4  5  6  7  8  9  A  B  C  D  E  F      | 0123456789ABCDEF
    -----------------------------------------------------  ----------------------
      0 | 0E 20 14 00 58 80 11 01 58 00 0F BD 83 C0 48 41    0 | . ..X...X.....HA
      1 | F2 D2 0D BF BC 74 80 41 15 00 01 00 32 32 64 00    1 | .....t.A....22d.
      2 | 00 1B 00 00 00 00 00 20 00 00 00 00 00 00 00 00    2 | ....... ........
      3 | 00 00 B4 07 59 65 65 73 74 6F 67 00 00 00 00 00    3 | ....Yeestog.....

NPC ID: 17924197
  Name: _MLFRMD_ASCII:236_
  POLUtils_Name: 3
  Type: Simple NPC
  XYZR: 8.262, -0.437, 12.452, 225
  Mask: 00000111
        |  0  1  2  3  4  5  6  7  8  9  A  B  C  D  E  F      | 0123456789ABCDEF
    -----------------------------------------------------  ----------------------
      0 | 0E 20 15 00 65 80 11 01 65 00 07 E1 27 31 04 41    0 | . ..e...e...'1.A
      1 | 77 BE DF BE 64 3B 47 41 00 00 00 00 32 32 64 37    1 | w...d;GA....22d7
      2 | 06 03 00 00 00 00 00 00 00 00 00 00 00 00 00 00    2 | ................
      3 | 04 00 00 00 EC 00 00 00 00 00 00 00 00 00 00 00    3 | ................

NPC ID: 17924196
  Name: _MLFRMD_ASCII:231_
  POLUtils_Name: 2
  Type: Simple NPC
  XYZR: 8.262, -0.437, 12.452, 225
  Mask: 00000111
        |  0  1  2  3  4  5  6  7  8  9  A  B  C  D  E  F      | 0123456789ABCDEF
    -----------------------------------------------------  ----------------------
      0 | 0E 20 15 00 64 80 11 01 64 00 07 E1 27 31 04 41    0 | . ..d...d...'1.A
      1 | 77 BE DF BE 64 3B 47 41 00 00 00 00 32 32 64 37    1 | w...d;GA....22d7
      2 | 06 03 00 00 00 00 00 00 00 00 00 00 00 00 00 00    2 | ................
      3 | 04 00 00 00 E7 00 00 00 00 00 00 00 00 00 00 00    3 | ................

NPC ID: 17924198
  Name: _MLFRMD_ASCII:234_
  POLUtils_Name: 4
  Type: Simple NPC
  XYZR: 8.262, -0.437, 12.452, 225
  Mask: 00000111
        |  0  1  2  3  4  5  6  7  8  9  A  B  C  D  E  F      | 0123456789ABCDEF
    -----------------------------------------------------  ----------------------
      0 | 0E 20 15 00 66 80 11 01 66 00 07 E1 27 31 04 41    0 | . ..f...f...'1.A
      1 | 77 BE DF BE 64 3B 47 41 00 00 00 00 32 32 64 37    1 | w...d;GA....22d7
      2 | 06 03 00 00 00 00 00 00 00 00 00 00 00 00 00 00    2 | ................
      3 | 04 00 00 00 EA 00 00 00 00 00 00 00 00 00 00 00    3 | ................

NPC ID: 17924195
  Name: _MLFRMD_ASCII:245_
  POLUtils_Name: 1
  Type: Simple NPC
  XYZR: 9.559, -0.229, 10.444, 225
  Mask: 00000111
        |  0  1  2  3  4  5  6  7  8  9  A  B  C  D  E  F      | 0123456789ABCDEF
    -----------------------------------------------------  ----------------------
      0 | 0E 20 15 00 63 80 11 01 63 00 07 E1 AA F1 18 41    0 | . ..c...c......A
      1 | FA 7E 6A BE A0 1A 27 41 00 00 00 00 32 32 64 37    1 | .~j...'A....22d7
      2 | 06 03 00 00 00 00 00 00 00 00 00 00 00 00 00 00    2 | ................
      3 | 04 00 00 00 F5 00 00 00 00 00 00 00 00 00 00 00    3 | ................

NPC ID: 17924194
  Name: _MLFRMD_ASCII:219_
  POLUtils_Name: 04
  Type: Simple NPC
  XYZR: 8.262, -0.437, 12.452, 225
  Mask: 00000111
        |  0  1  2  3  4  5  6  7  8  9  A  B  C  D  E  F      | 0123456789ABCDEF
    -----------------------------------------------------  ----------------------
      0 | 0E 20 15 00 62 80 11 01 62 00 07 E1 27 31 04 41    0 | . ..b...b...'1.A
      1 | 77 BE DF BE 64 3B 47 41 00 00 00 00 32 32 64 37    1 | w...d;GA....22d7
      2 | 06 03 00 00 00 00 00 00 00 00 00 00 00 00 00 00    2 | ................
      3 | 04 00 00 00 DB 00 00 00 00 00 00 00 00 00 00 00    3 | ................

NPC ID: 17924193
  Name: _MLFRMD_ASCII:219_
  POLUtils_Name: 03
  Type: Simple NPC
  XYZR: 8.262, -0.437, 12.452, 225
  Mask: 00000111
        |  0  1  2  3  4  5  6  7  8  9  A  B  C  D  E  F      | 0123456789ABCDEF
    -----------------------------------------------------  ----------------------
      0 | 0E 20 15 00 61 80 11 01 61 00 07 E1 27 31 04 41    0 | . ..a...a...'1.A
      1 | 77 BE DF BE 64 3B 47 41 00 00 00 00 32 32 64 37    1 | w...d;GA....22d7
      2 | 06 03 00 00 00 00 00 00 00 00 00 00 00 00 00 00    2 | ................
      3 | 04 00 00 00 DB 00 00 00 00 00 00 00 00 00 00 00    3 | ................

NPC ID: 17924201
  Name: KuyinHathdenna
  POLUtils_Name: Kuyin Hathdenna
  Type: Simple NPC
  XYZR: 8.475, 0.100, 3.528, 38
  Mask: 00001111
        |  0  1  2  3  4  5  6  7  8  9  A  B  C  D  E  F      | 0123456789ABCDEF
    -----------------------------------------------------  ----------------------
      0 | 0E 24 15 00 69 80 11 01 69 00 0F 26 9A 99 07 41    0 | .$..i...i..&...A
      1 | CD CC CC 3D C1 CA 61 40 0E 00 01 00 32 32 64 00    1 | ...=..a@....22d.
      2 | 00 1B 00 00 00 00 00 20 00 00 03 00 00 00 00 00    2 | ....... ........
      3 | 00 00 A5 0A 4B 75 79 69 6E 48 61 74 68 64 65 6E    3 | ....KuyinHathden
      4 | 6E 61 00 00 00 00 00 00 -- -- -- -- -- -- -- --    4 | na......--------

NPC ID: 17924124
  Name: GreenThumbMoo
  POLUtils_Name: Green Thumb Moogle
  Type: Simple NPC
  XYZR: 0.010, 0.010, 0.000, 64
  Mask: 00001111
        |  0  1  2  3  4  5  6  7  8  9  A  B  C  D  E  F      | 0123456789ABCDEF
    -----------------------------------------------------  ----------------------
      0 | 0E 24 15 00 1C 80 11 01 1C 00 0F 40 0A D7 23 3C    0 | .$.........@..#<
      1 | 0A D7 23 3C 00 00 00 00 15 00 01 00 32 32 64 00    1 | ..#<........22d.
      2 | 00 03 01 00 00 00 00 00 00 00 00 00 00 00 00 00    2 | ................
      3 | 00 00 39 09 47 72 65 65 6E 54 68 75 6D 62 4D 6F    3 | ..9.GreenThumbMo
      4 | 6F 00 00 00 00 00 00 00 -- -- -- -- -- -- -- --    4 | o.......--------

NPC ID: 17924200
  Name: _MLFRMD_ASCII:231_
  POLUtils_Name: DIRECTOR3
  Type: Simple NPC
  XYZR: 0.000, 0.000, 0.000, 0
  Mask: 00000111
        |  0  1  2  3  4  5  6  7  8  9  A  B  C  D  E  F      | 0123456789ABCDEF
    -----------------------------------------------------  ----------------------
      0 | 0E 20 15 00 68 80 11 01 68 00 07 00 00 00 00 00    0 | . ..h...h.......
      1 | 00 00 00 00 00 00 00 00 00 00 00 00 32 32 64 37    1 | ............22d7
      2 | 06 03 00 00 00 00 00 00 00 00 00 00 00 00 00 00    2 | ................
      3 | 04 00 00 00 E7 00 00 00 00 00 00 00 00 00 00 00    3 | ................

NPC ID: 17924192
  Name: _MLFRMD_ASCII:219_
  POLUtils_Name: 02
  Type: Simple NPC
  XYZR: 8.262, -0.437, 12.452, 225
  Mask: 00000111
        |  0  1  2  3  4  5  6  7  8  9  A  B  C  D  E  F      | 0123456789ABCDEF
    -----------------------------------------------------  ----------------------
      0 | 0E 20 15 00 60 80 11 01 60 00 07 E1 27 31 04 41    0 | . ..`...`...'1.A
      1 | 77 BE DF BE 64 3B 47 41 00 00 00 00 32 32 64 37    1 | w...d;GA....22d7
      2 | 06 03 00 00 00 00 00 00 00 00 00 00 00 00 00 00    2 | ................
      3 | 04 00 00 00 DB 00 00 00 00 00 00 00 00 00 00 00    3 | ................

NPC ID: 17924140
  Name: MineralVein#2
  POLUtils_Name: Mineral Vein #2
  Type: Simple NPC
  XYZR: 9.478, -1.600, 19.845, 0
  Mask: 00001111
        |  0  1  2  3  4  5  6  7  8  9  A  B  C  D  E  F      | 0123456789ABCDEF
    -----------------------------------------------------  ----------------------
      0 | 0E 24 15 00 2C 80 11 01 2C 00 0F 00 E3 A5 17 41    0 | .$..,...,......A
      1 | CD CC CC BF 8F C2 9E 41 01 80 01 00 32 32 64 00    1 | .......A....22d.
      2 | 00 03 02 00 00 00 00 02 00 00 08 60 00 00 00 00    2 | ...........`....
      3 | 00 00 34 00 4D 69 6E 65 72 61 6C 56 65 69 6E 23    3 | ..4.MineralVein#
      4 | 32 00 00 00 00 00 00 00 -- -- -- -- -- -- -- --    4 | 2.......--------

NPC ID: 17924187
  Name: DIRECTOR2
  POLUtils_Name: DIRECTOR2
  Type: Simple NPC
  XYZR: 0.000, 0.000, 0.000, 0
  Mask: 00001111
        |  0  1  2  3  4  5  6  7  8  9  A  B  C  D  E  F      | 0123456789ABCDEF
    -----------------------------------------------------  ----------------------
      0 | 0E 22 15 00 5B 80 11 01 5B 00 0F 00 00 00 00 00    0 | ."..[...[.......
      1 | 00 00 00 00 00 00 00 00 00 00 00 00 32 32 64 00    1 | ............22d.
      2 | 06 03 00 00 00 00 00 00 00 00 00 00 00 00 00 00    2 | ................
      3 | 00 00 32 00 44 49 52 45 43 54 4F 52 32 00 00 00    3 | ..2.DIRECTOR2...
      4 | 00 00 00 00 -- -- -- -- -- -- -- -- -- -- -- --    4 | ....------------

NPC ID: 17924191
  Name: _MLFRMD_ASCII:219_
  POLUtils_Name: 01
  Type: Simple NPC
  XYZR: 9.559, -0.229, 10.444, 225
  Mask: 00000111
        |  0  1  2  3  4  5  6  7  8  9  A  B  C  D  E  F      | 0123456789ABCDEF
    -----------------------------------------------------  ----------------------
      0 | 0E 20 15 00 5F 80 11 01 5F 00 07 E1 AA F1 18 41    0 | . .._..._......A
      1 | FA 7E 6A BE A0 1A 27 41 00 00 00 00 32 32 64 37    1 | .~j...'A....22d7
      2 | 06 03 00 00 00 00 00 00 00 00 00 00 00 00 00 00    2 | ................
      3 | 04 00 00 00 DB 00 00 00 00 00 00 00 00 00 00 00    3 | ................

NPC ID: 17924185
  Name: Yeestog
  POLUtils_Name: Yeestog
  Type: Simple NPC
  XYZR: 12.547, -0.554, 16.057, 189
  Mask: 00001111
        |  0  1  2  3  4  5  6  7  8  9  A  B  C  D  E  F      | 0123456789ABCDEF
    -----------------------------------------------------  ----------------------
      0 | 0E 20 16 00 59 80 11 01 59 00 0F BD 83 C0 48 41    0 | . ..Y...Y.....HA
      1 | F2 D2 0D BF BC 74 80 41 00 00 00 00 32 32 64 00    1 | .....t.A....22d.
      2 | 06 1B 00 00 00 00 00 20 00 00 00 00 00 00 00 00    2 | ....... ........
      3 | 00 00 B4 07 59 65 65 73 74 6F 67 00 00 00 00 00    3 | ....Yeestog.....

NPC ID: 17924183
  Name: Susuroon
  POLUtils_Name: Susuroon
  Type: Simple NPC
  XYZR: 10.779, 0.101, 0.274, 142
  Mask: 00001111
        |  0  1  2  3  4  5  6  7  8  9  A  B  C  D  E  F      | 0123456789ABCDEF
    -----------------------------------------------------  ----------------------
      0 | 0E 20 16 00 57 80 11 01 57 00 0F 8E C9 76 2C 41    0 | . ..W...W....v,A
      1 | 17 D9 CE 3D BA 49 8C 3E 01 00 01 00 32 32 64 00    1 | ...=.I.>....22d.
      2 | 00 1B 00 00 00 00 00 20 00 00 03 00 00 00 00 00    2 | ....... ........
      3 | 00 00 A3 0A 53 75 73 75 72 6F 6F 6E 00 00 00 00    3 | ....Susuroon....

NPC ID: 17924174
  Name: DebugMoogle
  POLUtils_Name: Debug Moogle
  Type: Simple NPC
  XYZR: 2.534, 0.105, 4.940, 0
  Mask: 00001111
        |  0  1  2  3  4  5  6  7  8  9  A  B  C  D  E  F      | 0123456789ABCDEF
    -----------------------------------------------------  ----------------------
      0 | 0E 22 16 00 4E 80 11 01 4E 00 0F 00 0E 2D 22 40    0 | ."..N...N....-"@
      1 | 3D 0A D7 3D 7B 14 9E 40 01 00 00 00 32 32 64 00    1 | =..={..@....22d.
      2 | 02 1B 00 00 00 00 00 20 00 00 00 00 00 00 00 00    2 | ....... ........
      3 | 00 00 52 00 44 65 62 75 67 4D 6F 6F 67 6C 65 00    3 | ..R.DebugMoogle.
      4 | 00 00 00 00 -- -- -- -- -- -- -- -- -- -- -- --    4 | ....------------

NPC ID: 17924145
  Name: MineralVein#4
  POLUtils_Name: Mineral Vein #4
  Type: Simple NPC
  XYZR: 5.970, -2.800, 23.350, 0
  Mask: 00001111
        |  0  1  2  3  4  5  6  7  8  9  A  B  C  D  E  F      | 0123456789ABCDEF
    -----------------------------------------------------  ----------------------
      0 | 0E 24 16 00 31 80 11 01 31 00 0F 00 3D 0A BF 40    0 | .$..1...1...=..@
      1 | 33 33 33 C0 CD CC BA 41 01 80 01 00 32 32 64 00    1 | 333....A....22d.
      2 | 00 03 02 00 00 00 00 02 00 00 08 60 00 00 00 00    2 | ...........`....
      3 | 00 00 34 00 4D 69 6E 65 72 61 6C 56 65 69 6E 23    3 | ..4.MineralVein#
      4 | 34 00 00 00 00 00 00 00 -- -- -- -- -- -- -- --    4 | 4.......--------

NPC ID: 17924175
  Name: DIRECTOR
  POLUtils_Name: DIRECTOR
  Type: Simple NPC
  XYZR: 0.000, 0.000, 0.000, 0
  Mask: 00001111
        |  0  1  2  3  4  5  6  7  8  9  A  B  C  D  E  F      | 0123456789ABCDEF
    -----------------------------------------------------  ----------------------
      0 | 0E 20 16 00 4F 80 11 01 4F 00 0F 00 00 00 00 00    0 | . ..O...O.......
      1 | 00 00 00 00 00 00 00 00 00 00 00 00 32 32 64 00    1 | ............22d.
      2 | 06 03 00 00 00 00 00 00 00 00 00 00 00 00 00 00    2 | ................
      3 | 00 00 32 00 44 49 52 45 43 54 4F 52 00 00 00 00    3 | ..2.DIRECTOR....

NPC ID: 17924141
  Name: MineralVein#2
  POLUtils_Name: Mineral Vein #2
  Type: Simple NPC
  XYZR: 9.478, -2.800, 19.845, 0
  Mask: 00001111
        |  0  1  2  3  4  5  6  7  8  9  A  B  C  D  E  F      | 0123456789ABCDEF
    -----------------------------------------------------  ----------------------
      0 | 0E 24 16 00 2D 80 11 01 2D 00 0F 00 E3 A5 17 41    0 | .$..-...-......A
      1 | 33 33 33 C0 8F C2 9E 41 01 80 01 00 32 32 64 00    1 | 333....A....22d.
      2 | 00 03 02 00 00 00 00 02 00 00 08 60 00 00 00 00    2 | ...........`....
      3 | 00 00 34 00 4D 69 6E 65 72 61 6C 56 65 69 6E 23    3 | ..4.MineralVein#
      4 | 32 00 00 00 00 00 00 00 -- -- -- -- -- -- -- --    4 | 2.......--------

NPC ID: 17924144
  Name: MineralVein#4
  POLUtils_Name: Mineral Vein #4
  Type: Simple NPC
  XYZR: 5.560, -1.600, 22.800, 0
  Mask: 00001111
        |  0  1  2  3  4  5  6  7  8  9  A  B  C  D  E  F      | 0123456789ABCDEF
    -----------------------------------------------------  ----------------------
      0 | 0E 24 16 00 30 80 11 01 30 00 0F 00 85 EB B1 40    0 | .$..0...0......@
      1 | CD CC CC BF 66 66 B6 41 01 80 01 00 32 32 64 00    1 | ....ff.A....22d.
      2 | 00 03 02 00 00 00 00 02 00 00 08 60 00 00 00 00    2 | ...........`....
      3 | 00 00 34 00 4D 69 6E 65 72 61 6C 56 65 69 6E 23    3 | ..4.MineralVein#
      4 | 34 00 00 00 00 00 00 00 -- -- -- -- -- -- -- --    4 | 4.......--------

NPC ID: 17924143
  Name: MineralVein#3
  POLUtils_Name: Mineral Vein #3
  Type: Simple NPC
  XYZR: 7.160, -2.400, 22.440, 0
  Mask: 00001111
        |  0  1  2  3  4  5  6  7  8  9  A  B  C  D  E  F      | 0123456789ABCDEF
    -----------------------------------------------------  ----------------------
      0 | 0E 24 16 00 2F 80 11 01 2F 00 0F 00 B8 1E E5 40    0 | .$../.../......@
      1 | 9A 99 19 C0 1F 85 B3 41 01 80 01 00 32 32 64 00    1 | .......A....22d.
      2 | 00 03 02 00 00 00 00 02 00 00 08 60 00 00 00 00    2 | ...........`....
      3 | 00 00 34 00 4D 69 6E 65 72 61 6C 56 65 69 6E 23    3 | ..4.MineralVein#
      4 | 33 00 00 00 00 00 00 00 -- -- -- -- -- -- -- --    4 | 3.......--------

NPC ID: 17924142
  Name: MineralVein#3
  POLUtils_Name: Mineral Vein #3
  Type: Simple NPC
  XYZR: 6.670, -1.600, 21.910, 0
  Mask: 00001111
        |  0  1  2  3  4  5  6  7  8  9  A  B  C  D  E  F      | 0123456789ABCDEF
    -----------------------------------------------------  ----------------------
      0 | 0E 24 16 00 2E 80 11 01 2E 00 0F 00 A4 70 D5 40    0 | .$...........p.@
      1 | CD CC CC BF AE 47 AF 41 01 80 01 00 32 32 64 00    1 | .....G.A....22d.
      2 | 00 03 02 00 00 00 00 02 00 00 08 60 00 00 00 00    2 | ...........`....
      3 | 00 00 34 00 4D 69 6E 65 72 61 6C 56 65 69 6E 23    3 | ..4.MineralVein#
      4 | 33 00 00 00 00 00 00 00 -- -- -- -- -- -- -- --    4 | 3.......--------

NPC ID: 17924120
  Name: _7sg
  POLUtils_Name: NPC
  Type: Simple NPC
  XYZR: 3.199, -4.251, 28.410, 0
  Mask: 00000111
        |  0  1  2  3  4  5  6  7  8  9  A  B  C  D  E  F      | 0123456789ABCDEF
    -----------------------------------------------------  ----------------------
      0 | 0E 20 17 00 18 80 11 01 18 00 07 00 6A BC 4C 40    0 | . ..........j.L@
      1 | 31 08 88 C0 AE 47 E3 41 01 00 01 00 32 32 64 09    1 | 1....G.A....22d.
      2 | 00 03 18 00 00 00 00 00 20 00 00 00 00 00 00 00    2 | ........ .......
      3 | 02 00 00 00 5F 37 73 67 00 00 00 00 00 00 00 00    3 | ...._7sg........

NPC ID: 17924114
  Name: _7sa
  POLUtils_Name: NPC
  Type: Simple NPC
  XYZR: 6.193, -0.965, 21.114, 0
  Mask: 00000111
        |  0  1  2  3  4  5  6  7  8  9  A  B  C  D  E  F      | 0123456789ABCDEF
    -----------------------------------------------------  ----------------------
      0 | 0E 20 17 00 12 80 11 01 12 00 07 00 0E 2D C6 40    0 | . ...........-.@
      1 | 3D 0A 77 BF 79 E9 A8 41 01 00 01 00 32 32 64 09    1 | =.w.y..A....22d.
      2 | 00 03 18 00 00 00 00 00 20 00 00 00 00 00 00 00    2 | ........ .......
      3 | 02 00 00 00 5F 37 73 61 00 00 00 00 00 00 00 00    3 | ...._7sa........

NPC ID: 17924115
  Name: _7sb
  POLUtils_Name: NPC
  Type: Simple NPC
  XYZR: 3.955, -0.965, 23.207, 0
  Mask: 00000111
        |  0  1  2  3  4  5  6  7  8  9  A  B  C  D  E  F      | 0123456789ABCDEF
    -----------------------------------------------------  ----------------------
      0 | 0E 20 17 00 13 80 11 01 13 00 07 00 B8 1E 7D 40    0 | . ............}@
      1 | 3D 0A 77 BF F0 A7 B9 41 01 00 01 00 32 32 64 09    1 | =.w....A....22d.
      2 | 00 03 18 00 00 00 00 00 20 00 00 00 00 00 00 00    2 | ........ .......
      3 | 02 00 00 00 5F 37 73 62 00 00 00 00 00 00 00 00    3 | ...._7sb........

NPC ID: 17924119
  Name: _7sf
  POLUtils_Name: NPC
  Type: Simple NPC
  XYZR: 0.311, -4.240, 27.132, 0
  Mask: 00000111
        |  0  1  2  3  4  5  6  7  8  9  A  B  C  D  E  F      | 0123456789ABCDEF
    -----------------------------------------------------  ----------------------
      0 | 0E 20 17 00 17 80 11 01 17 00 07 00 64 3B 9F 3E    0 | . ..........d;.>
      1 | 14 AE 87 C0 56 0E D9 41 01 00 01 00 32 32 64 09    1 | ....V..A....22d.
      2 | 00 03 18 00 00 00 00 00 20 00 00 00 00 00 00 00    2 | ........ .......
      3 | 02 00 00 00 5F 37 73 66 00 00 00 00 00 00 00 00    3 | ...._7sf........

NPC ID: 17924113
  Name: _7s9
  POLUtils_Name: NPC
  Type: Simple NPC
  XYZR: 10.919, -0.965, 17.002, 0
  Mask: 00000111
        |  0  1  2  3  4  5  6  7  8  9  A  B  C  D  E  F      | 0123456789ABCDEF
    -----------------------------------------------------  ----------------------
      0 | 0E 20 17 00 11 80 11 01 11 00 07 00 39 B4 2E 41    0 | . ..........9..A
      1 | 3D 0A 77 BF 19 04 88 41 01 00 01 00 32 32 64 09    1 | =.w....A....22d.
      2 | 00 03 18 00 00 00 00 00 20 00 00 00 00 00 00 00    2 | ........ .......
      3 | 02 00 00 00 5F 37 73 39 00 00 00 00 00 00 00 00    3 | ...._7s9........

NPC ID: 17924107
  Name: _7s3
  POLUtils_Name: NPC
  Type: Simple NPC
  XYZR: 11.000, 0.000, 2.000, 0
  Mask: 00000111
        |  0  1  2  3  4  5  6  7  8  9  A  B  C  D  E  F      | 0123456789ABCDEF
    -----------------------------------------------------  ----------------------
      0 | 0E 20 17 00 0B 80 11 01 0B 00 07 00 00 00 30 41    0 | . ............0A
      1 | 00 00 00 00 00 00 00 40 01 00 01 00 32 32 64 09    1 | .......@....22d.
      2 | 00 03 18 00 00 00 00 00 20 00 00 00 00 00 00 00    2 | ........ .......
      3 | 02 00 00 00 5F 37 73 33 00 00 00 00 00 00 00 00    3 | ...._7s3........

NPC ID: 17924106
  Name: _7s2
  POLUtils_Name: NPC
  Type: Simple NPC
  XYZR: 9.500, 0.000, 6.000, 0
  Mask: 00000111
        |  0  1  2  3  4  5  6  7  8  9  A  B  C  D  E  F      | 0123456789ABCDEF
    -----------------------------------------------------  ----------------------
      0 | 0E 20 17 00 0A 80 11 01 0A 00 07 00 00 00 18 41    0 | . .............A
      1 | 00 00 00 00 00 00 C0 40 01 00 01 00 32 32 64 09    1 | .......@....22d.
      2 | 00 03 18 00 00 00 00 00 20 00 00 00 00 00 00 00    2 | ........ .......
      3 | 02 00 00 00 5F 37 73 32 00 00 00 00 00 00 00 00    3 | ...._7s2........

NPC ID: 17924109
  Name: _7s5
  POLUtils_Name: NPC
  Type: Simple NPC
  XYZR: 11.000, 0.000, 6.000, 0
  Mask: 00000111
        |  0  1  2  3  4  5  6  7  8  9  A  B  C  D  E  F      | 0123456789ABCDEF
    -----------------------------------------------------  ----------------------
      0 | 0E 20 17 00 0D 80 11 01 0D 00 07 00 00 00 30 41    0 | . ............0A
      1 | 00 00 00 00 00 00 C0 40 01 00 01 00 32 32 64 09    1 | .......@....22d.
      2 | 00 03 18 00 00 00 00 00 20 00 00 00 00 00 00 00    2 | ........ .......
      3 | 02 00 00 00 5F 37 73 35 00 00 00 00 00 00 00 00    3 | ...._7s5........

NPC ID: 17924104
  Name: _7s0
  POLUtils_Name: NPC
  Type: Simple NPC
  XYZR: 9.500, 0.000, 2.000, 0
  Mask: 00000111
        |  0  1  2  3  4  5  6  7  8  9  A  B  C  D  E  F      | 0123456789ABCDEF
    -----------------------------------------------------  ----------------------
      0 | 0E 20 17 00 08 80 11 01 08 00 07 00 00 00 18 41    0 | . .............A
      1 | 00 00 00 00 00 00 00 40 01 00 01 00 32 32 64 09    1 | .......@....22d.
      2 | 00 03 18 00 00 00 00 00 20 00 00 00 00 00 00 00    2 | ........ .......
      3 | 02 00 00 00 5F 37 73 30 00 00 00 00 00 00 00 00    3 | ...._7s0........

NPC ID: 17924236
  Name: blank
  POLUtils_Name:      
  Type: Decoration
  XYZR: 0.000, 0.000, 0.000, 0
  Mask: 00001111
        |  0  1  2  3  4  5  6  7  8  9  A  B  C  D  E  F      | 0123456789ABCDEF
    -----------------------------------------------------  ----------------------
      0 | 0E 1C 17 00 8C 80 11 01 8C 00 0F 00 00 00 00 00    0 | ................
      1 | 00 00 00 00 00 00 00 00 00 00 00 00 32 32 64 00    1 | ............22d.
      2 | 02 1B 08 00 00 00 00 20 00 00 00 70 00 00 00 00    2 | ....... ...p....
      3 | 00 00 3D 09 00 00 00 00 -- -- -- -- -- -- -- --    3 | ..=.....--------

NPC ID: 17924224
  Name: blank
  POLUtils_Name:      
  Type: Decoration
  XYZR: 357.229, -5.000, -587.762, 3
  Mask: 00001111
        |  0  1  2  3  4  5  6  7  8  9  A  B  C  D  E  F      | 0123456789ABCDEF
    -----------------------------------------------------  ----------------------
      0 | 0E 1C 18 00 80 80 11 01 80 00 0F 03 50 9D B2 43    0 | ............P..C
      1 | 00 00 A0 C0 C5 F0 12 C4 82 01 01 00 32 32 64 00    1 | ............22d.
      2 | 00 1B 08 00 00 00 00 20 00 00 00 68 00 00 00 00    2 | ....... ...h....
      3 | 00 00 90 0B 00 00 00 00 -- -- -- -- -- -- -- --    3 | ........--------

NPC ID: 17924225
  Name: blank
  POLUtils_Name:      
  Type: Decoration
  XYZR: 345.035, -5.000, -566.536, 192
  Mask: 00001111
        |  0  1  2  3  4  5  6  7  8  9  A  B  C  D  E  F      | 0123456789ABCDEF
    -----------------------------------------------------  ----------------------
      0 | 0E 1C 19 00 81 80 11 01 81 00 0F C0 7B 84 AC 43    0 | ............{..C
      1 | 00 00 A0 C0 4E A2 0D C4 3D 02 01 00 32 32 64 00    1 | ....N...=...22d.
      2 | 00 1B 08 00 00 00 00 20 00 00 00 68 00 00 00 00    2 | ....... ...h....
      3 | 00 00 91 0B 00 00 00 00 -- -- -- -- -- -- -- --    3 | ........--------

NPC ID: 17924226
  Name: blank
  POLUtils_Name:      
  Type: Decoration
  XYZR: 357.465, -5.000, -568.902, 207
  Mask: 00001111
        |  0  1  2  3  4  5  6  7  8  9  A  B  C  D  E  F      | 0123456789ABCDEF
    -----------------------------------------------------  ----------------------
      0 | 0E 1C 1A 00 82 80 11 01 82 00 0F CF 85 BB B2 43    0 | ...............C
      1 | 00 00 A0 C0 BA 39 0E C4 CF 01 01 00 32 32 64 00    1 | .....9......22d.
      2 | 00 1B 08 00 00 00 00 20 00 00 00 68 00 00 00 00    2 | ....... ...h....
      3 | 00 00 92 0B 00 00 00 00 -- -- -- -- -- -- -- --    3 | ........--------

NPC ID: 17924227
  Name: blank
  POLUtils_Name:      
  Type: Decoration
  XYZR: 346.368, -5.000, -570.371, 199
  Mask: 00001111
        |  0  1  2  3  4  5  6  7  8  9  A  B  C  D  E  F      | 0123456789ABCDEF
    -----------------------------------------------------  ----------------------
      0 | 0E 1C 1B 00 83 80 11 01 83 00 0F C7 1B 2F AD 43    0 | ............./.C
      1 | 00 00 A0 C0 BE 97 0E C4 97 00 01 00 32 32 64 00    1 | ............22d.
      2 | 00 1B 08 00 00 00 00 20 00 00 00 68 00 00 00 00    2 | ....... ...h....
      3 | 00 00 93 0B 00 00 00 00 -- -- -- -- -- -- -- --    3 | ........--------

NPC ID: 17924229
  Name: Chacharoon
  POLUtils_Name: Chacharoon
  Type: Simple NPC
  XYZR: 355.490, -3.040, -547.760, 59
  Mask: 00001111
        |  0  1  2  3  4  5  6  7  8  9  A  B  C  D  E  F      | 0123456789ABCDEF
    -----------------------------------------------------  ----------------------
      0 | 0E 22 1C 00 85 80 11 01 85 00 0F 3B B8 BE B1 43    0 | .".........;...C
      1 | 5C 8F 42 C0 A4 F0 08 C4 08 00 01 00 32 32 64 00    1 | \\.B.........22d.
      2 | 00 1B 00 00 00 00 00 20 00 00 00 00 00 00 00 00    2 | ....... ........
      3 | 00 00 5F 0B 43 68 61 63 68 61 72 6F 6F 6E 00 00    3 | .._.Chacharoon..
      4 | 00 00 00 00 -- -- -- -- -- -- -- -- -- -- -- --    4 | ....------------

NPC ID: 17924231
  Name: _MLFRMD_ASCII:1_
  POLUtils_Name: Breeding Monster01
  Type: Simple NPC
  XYZR: 350.279, -5.000, -583.560, 65
  Mask: 00001111
        |  0  1  2  3  4  5  6  7  8  9  A  B  C  D  E  F      | 0123456789ABCDEF
    -----------------------------------------------------  ----------------------
      0 | 0E 1E 1D 00 87 80 11 01 87 00 0F 41 B6 23 AF 43    0 | ...........A.#.C
      1 | 00 00 A0 C0 D7 E3 11 C4 49 03 01 00 32 32 64 00    1 | ........I...22d.
      2 | 00 1B 00 00 00 00 00 20 00 00 04 00 00 00 00 00    2 | ....... ........
      3 | 00 00 54 01 01 00 00 00 00 00 00 00 -- -- -- --    3 | ..T.........----

NPC ID: 17924232
  Name: _MLFRMD_ASCII:1_
  POLUtils_Name: Breeding Monster02
  Type: Simple NPC
  XYZR: 345.586, -5.000, -561.272, 188
  Mask: 00001111
        |  0  1  2  3  4  5  6  7  8  9  A  B  C  D  E  F      | 0123456789ABCDEF
    -----------------------------------------------------  ----------------------
      0 | 0E 1E 1E 00 88 80 11 01 88 00 0F BC 02 CB AC 43    0 | ...............C
      1 | 00 00 A0 C0 68 51 0C C4 DF 03 01 00 32 32 64 00    1 | ....hQ......22d.
      2 | 00 1B 00 00 00 00 00 20 00 00 04 00 00 00 00 00    2 | ....... ........
      3 | 00 00 54 01 01 00 00 00 00 00 00 00 -- -- -- --    3 | ..T.........----

NPC ID: 17924233
  Name: _MLFRMD_ASCII:1_
  POLUtils_Name: Breeding Monster03
  Type: Simple NPC
  XYZR: 357.630, -5.000, -583.506, 79
  Mask: 00001111
        |  0  1  2  3  4  5  6  7  8  9  A  B  C  D  E  F      | 0123456789ABCDEF
    -----------------------------------------------------  ----------------------
      0 | 0E 1E 1F 00 89 80 11 01 89 00 0F 4F A4 D0 B2 43    0 | ...........O...C
      1 | 00 00 A0 C0 62 E0 11 C4 E3 00 01 00 32 32 64 00    1 | ....b.......22d.
      2 | 00 1B 00 00 00 00 00 20 00 00 04 00 00 00 00 00    2 | ....... ........
      3 | 00 00 54 01 01 00 00 00 00 00 00 00 -- -- -- --    3 | ..T.........----

NPC ID: 17924234
  Name: _MLFRMD_ASCII:1_
  POLUtils_Name: Breeding Monster00
  Type: Simple NPC
  XYZR: 349.925, -3.000, -580.029, 231
  Mask: 00001111
        |  0  1  2  3  4  5  6  7  8  9  A  B  C  D  E  F      | 0123456789ABCDEF
    -----------------------------------------------------  ----------------------
      0 | 0E 1E 21 00 8A 80 11 01 8A 00 0F E7 66 F6 AE 43    0 | ..!.........f..C
      1 | 00 00 40 C0 DB 01 11 C4 8B 00 01 00 32 32 64 00    1 | ..@.........22d.
      2 | 00 1B 00 00 00 00 00 20 00 00 04 00 00 00 00 00    2 | ....... ........
      3 | 00 00 54 01 01 00 00 00 00 00 00 00 -- -- -- --    3 | ..T.........----

NPC ID: 17924235
  Name: EphemeralMoogl
  POLUtils_Name: Ephemeral Moogle
  Type: Simple NPC
  XYZR: -23.420, 1.500, -21.850, 229
  Mask: 00001111
        |  0  1  2  3  4  5  6  7  8  9  A  B  C  D  E  F      | 0123456789ABCDEF
    -----------------------------------------------------  ----------------------
      0 | 0E 24 22 00 8B 80 11 01 8B 00 0F E5 29 5C BB C1    0 | .$".........)\\..
      1 | 00 00 C0 3F CD CC AE C1 01 00 00 00 32 32 64 00    1 | ...?........22d.
      2 | 00 03 00 00 00 00 00 00 00 00 00 80 00 00 00 00    2 | ................
      3 | 00 00 52 00 45 70 68 65 6D 65 72 61 6C 4D 6F 6F    3 | ..R.EphemeralMoo
      4 | 67 6C 00 00 00 00 00 00 -- -- -- -- -- -- -- --    4 | gl......--------

NPC ID: 17924221
  Name: NPC[7d]
  POLUtils_Name: NPC
  Type: Simple NPC
  XYZR: 0.000, 0.000, 0.000, 0
  Mask: 00001111
        |  0  1  2  3  4  5  6  7  8  9  A  B  C  D  E  F      | 0123456789ABCDEF
    -----------------------------------------------------  ----------------------
      0 | 0E 20 20 02 7D 80 11 01 7D 00 0F 00 00 00 00 00    0 | .  .}...}.......
      1 | 00 00 00 00 00 00 00 00 00 00 00 00 32 32 64 00    1 | ............22d.
      2 | 02 03 08 00 00 00 00 00 00 00 00 00 00 00 00 00    2 | ................
      3 | 00 00 34 00 4E 50 43 5B 37 64 5D 00 00 00 00 00    3 | ..4.NPC[7d].....

