NPC ID: 17879436
  Name: GoblinFootprin
  POLUtils_Name: Goblin Footprint
  Type: Simple NPC
  XYZR: 282.000, 58.800, -335.636, 0
  Mask: 00001111
        |  0  1  2  3  4  5  6  7  8  9  A  B  C  D  E  F      | 0123456789ABCDEF
    -----------------------------------------------------  ----------------------
      0 | 0E 24 0A 00 8C D1 10 01 8C 01 0F 00 00 00 8D 43    0 | .$.............C
      1 | 33 33 6B 42 68 D1 A7 C3 01 00 00 00 32 32 64 00    1 | 33kBh.......22d.
      2 | 00 03 00 00 00 00 00 00 00 00 00 00 00 00 00 00    2 | ................
      3 | 00 00 34 00 47 6F 62 6C 69 6E 46 6F 6F 74 70 72    3 | ..4.GoblinFootpr
      4 | 69 6E 00 00 00 00 00 00 -- -- -- -- -- -- -- --    4 | in......--------

NPC ID: 17881254
  Name: X-32
  POLUtils_Name: X-32
  Type: Simple NPC
  XYZR: 300.062, 50.104, -356.981, 191
  Mask: 00001111
        |  0  1  2  3  4  5  6  7  8  9  A  B  C  D  E  F      | 0123456789ABCDEF
    -----------------------------------------------------  ----------------------
      0 | 0E 1E 0A 00 A6 D8 10 01 A6 07 0F BF F0 07 96 43    0 | ...............C
      1 | 7F 6A 48 42 91 7D B2 C3 00 00 00 00 00 32 64 00    1 | .jHB.}.......2d.
      2 | 00 99 00 00 00 08 00 28 00 01 00 00 00 00 00 00    2 | .......(........
      3 | 06 00 CA 07 58 2D 33 32 00 00 00 00 -- -- -- --    3 | ....X-32....----

NPC ID: 17879435
  Name: Ramblix
  POLUtils_Name: Ramblix
  Type: Simple NPC
  XYZR: 282.000, 58.800, -335.636, 0
  Mask: 00001111
        |  0  1  2  3  4  5  6  7  8  9  A  B  C  D  E  F      | 0123456789ABCDEF
    -----------------------------------------------------  ----------------------
      0 | 0E 20 0A 00 8B D1 10 01 8B 01 0F 00 00 00 8D 43    0 | . .............C
      1 | 33 33 6B 42 68 D1 A7 C3 00 00 00 00 32 32 64 00    1 | 33kBh.......22d.
      2 | 06 1B 00 00 00 00 00 20 00 00 00 00 00 00 00 00    2 | ....... ........
      3 | 00 00 55 00 52 61 6D 62 6C 69 78 00 00 00 00 00    3 | ..U.Ramblix.....

NPC ID: 17881255
  Name: Gessho
  POLUtils_Name: Gessho
  Type: Simple NPC
  XYZR: 300.062, 50.104, -356.982, 191
  Mask: 00001111
        |  0  1  2  3  4  5  6  7  8  9  A  B  C  D  E  F      | 0123456789ABCDEF
    -----------------------------------------------------  ----------------------
      0 | 0E 20 54 00 A7 D8 10 01 A7 07 0F BF F0 07 96 43    0 | . T............C
      1 | 7F 6A 48 42 B2 7D B2 C3 00 00 00 00 3E 32 64 00    1 | .jHB.}......>2d.
      2 | 00 9B 00 00 00 0F 00 28 45 01 00 06 00 00 00 00    2 | .......(E.......
      3 | 00 00 CE 0B 47 65 73 73 68 6F 00 00 00 00 00 00    3 | ....Gessho......

NPC ID: 17881256
  Name: SemihLafihna
  POLUtils_Name: SemihLafihna
  Type: Simple NPC
  XYZR: 300.062, 50.104, -356.982, 191
  Mask: 00001111
        |  0  1  2  3  4  5  6  7  8  9  A  B  C  D  E  F      | 0123456789ABCDEF
    -----------------------------------------------------  ----------------------
      0 | 0E 22 7A 00 A8 D8 10 01 A8 07 0F BF F0 07 96 43    0 | ."z............C
      1 | 7F 6A 48 42 B2 7D B2 C3 00 00 00 00 3E 32 64 00    1 | .jHB.}......>2d.
      2 | 00 1D 00 00 00 14 00 28 45 01 00 06 00 00 00 00    2 | .......(E.......
      3 | 00 00 E4 0B 53 65 6D 69 68 4C 61 66 69 68 6E 61    3 | ....SemihLafihna
      4 | 00 00 00 00 -- -- -- -- -- -- -- -- -- -- -- --    4 | ....------------

NPC ID: 17881258
  Name: Tenzen
  POLUtils_Name: Tenzen
  Type: Simple NPC
  XYZR: 300.062, 50.104, -356.982, 191
  Mask: 00001111
        |  0  1  2  3  4  5  6  7  8  9  A  B  C  D  E  F      | 0123456789ABCDEF
    -----------------------------------------------------  ----------------------
      0 | 0E 20 8B 00 AA D8 10 01 AA 07 0F BF F0 07 96 43    0 | . .............C
      1 | 7F 6A 48 42 B2 7D B2 C3 00 00 00 00 3E 32 64 00    1 | .jHB.}......>2d.
      2 | 00 99 00 00 00 08 00 28 45 01 00 06 00 00 00 00    2 | .......(E.......
      3 | 00 00 19 0C 54 65 6E 7A 65 6E 00 00 00 00 00 00    3 | ....Tenzen......

NPC ID: 17881259
  Name: Ajido-Marujido
  POLUtils_Name: Ajido-Marujido
  Type: Simple NPC
  XYZR: 300.062, 50.104, -356.982, 191
  Mask: 00001111
        |  0  1  2  3  4  5  6  7  8  9  A  B  C  D  E  F      | 0123456789ABCDEF
    -----------------------------------------------------  ----------------------
      0 | 0E 24 9A 00 AB D8 10 01 AB 07 0F BF F0 07 96 43    0 | .$.............C
      1 | 7F 6A 48 42 B2 7D B2 C3 00 00 00 00 3E 32 64 00    1 | .jHB.}......>2d.
      2 | 00 9B 04 00 00 0F 00 28 45 01 00 06 00 00 00 00    2 | .......(E.......
      3 | 00 00 C0 0B 41 6A 69 64 6F 2D 4D 61 72 75 6A 69    3 | ....Ajido-Maruji
      4 | 64 6F 00 00 00 00 00 00 -- -- -- -- -- -- -- --    4 | do......--------

NPC ID: 17879046
  Name: MenacingMantis
  POLUtils_Name: Menacing Mantis
  Type: Simple NPC
  XYZR: 184.495, 39.296, -328.200, 3
  Mask: 00001111
        |  0  1  2  3  4  5  6  7  8  9  A  B  C  D  E  F      | 0123456789ABCDEF
    -----------------------------------------------------  ----------------------
      0 | 0E 24 E5 00 06 D0 10 01 06 00 0F 03 B8 7E 38 43    0 | .$...........~8C
      1 | 1B 2F 1D 42 9A 19 A4 C3 3D 01 00 00 28 28 64 00    1 | ./.B....=...((d.
      2 | 01 81 02 00 00 11 00 00 00 00 08 00 00 00 00 00    2 | ................
      3 | 00 00 12 08 4D 65 6E 61 63 69 6E 67 4D 61 6E 74    3 | ....MenacingMant
      4 | 69 73 00 00 00 00 00 00 -- -- -- -- -- -- -- --    4 | is......--------

NPC ID: 17879048
  Name: CthonicChapuli
  POLUtils_Name: Cthonic Chapuli
  Type: Simple NPC
  XYZR: 181.404, 39.499, -328.006, 126
  Mask: 00001111
        |  0  1  2  3  4  5  6  7  8  9  A  B  C  D  E  F      | 0123456789ABCDEF
    -----------------------------------------------------  ----------------------
      0 | 0E 24 E5 00 08 D0 10 01 08 00 0F 7E 6D 67 35 43    0 | .$.........~mg5C
      1 | FA FE 1D 42 C5 00 A4 C3 4C 00 00 00 50 50 64 00    1 | ...B....L...PPd.
      2 | 01 81 00 00 00 06 00 00 00 00 00 00 00 00 00 00    2 | ................
      3 | 00 00 F1 09 43 74 68 6F 6E 69 63 43 68 61 70 75    3 | ....CthonicChapu
      4 | 6C 69 00 00 00 00 00 00 -- -- -- -- -- -- -- --    4 | li......--------

NPC ID: 17879434
  Name: ScalableArea
  POLUtils_Name: Scalable Area
  Type: Simple NPC
  XYZR: 180.289, 40.015, -338.744, 0
  Mask: 00001111
        |  0  1  2  3  4  5  6  7  8  9  A  B  C  D  E  F      | 0123456789ABCDEF
    -----------------------------------------------------  ----------------------
      0 | 0E 22 E5 00 8A D1 10 01 8A 01 0F 00 FC 49 34 43    0 | ."...........I4C
      1 | 5C 0F 20 42 3B 5F A9 C3 01 80 00 00 32 32 64 00    1 | \\. B;_......22d.
      2 | 00 03 02 00 00 00 00 00 00 00 08 20 00 00 00 00    2 | ........... ....
      3 | 00 00 32 00 53 63 61 6C 61 62 6C 65 41 72 65 61    3 | ..2.ScalableArea
      4 | 00 00 00 00 -- -- -- -- -- -- -- -- -- -- -- --    4 | ....------------

NPC ID: 17879049
  Name: CthonicChapuli
  POLUtils_Name: Cthonic Chapuli
  Type: Simple NPC
  XYZR: 180.514, 40.639, -315.922, 177
  Mask: 00001111
        |  0  1  2  3  4  5  6  7  8  9  A  B  C  D  E  F      | 0123456789ABCDEF
    -----------------------------------------------------  ----------------------
      0 | 0E 24 E7 00 09 D0 10 01 09 00 0F B1 96 83 34 43    0 | .$............4C
      1 | 56 8E 22 42 04 F6 9D C3 BD 00 00 00 50 50 64 00    1 | V."B........PPd.
      2 | 01 81 00 00 00 06 00 00 00 00 00 00 00 00 00 00    2 | ................
      3 | 00 00 F1 09 43 74 68 6F 6E 69 63 43 68 61 70 75    3 | ....CthonicChapu
      4 | 6C 69 00 00 00 00 00 00 -- -- -- -- -- -- -- --    4 | li......--------

NPC ID: 17879047
  Name: CthonicChapuli
  POLUtils_Name: Cthonic Chapuli
  Type: Simple NPC
  XYZR: 181.254, 40.089, -309.144, 223
  Mask: 00001111
        |  0  1  2  3  4  5  6  7  8  9  A  B  C  D  E  F      | 0123456789ABCDEF
    -----------------------------------------------------  ----------------------
      0 | 0E 24 E9 00 07 D0 10 01 07 00 0F DF 06 41 35 43    0 | .$...........A5C
      1 | 23 5B 20 42 6F 92 9A C3 F7 00 00 00 50 50 64 00    1 | #[ Bo.......PPd.
      2 | 01 81 00 00 00 06 00 00 00 00 00 00 00 00 00 00    2 | ................
      3 | 00 00 F1 09 43 74 68 6F 6E 69 63 43 68 61 70 75    3 | ....CthonicChapu
      4 | 6C 69 00 00 00 00 00 00 -- -- -- -- -- -- -- --    4 | li......--------

NPC ID: 17879144
  Name: RepugnantTwith
  POLUtils_Name: Repugnant Twitherym
  Type: Simple NPC
  XYZR: 178.969, 29.999, -350.993, 200
  Mask: 00001111
        |  0  1  2  3  4  5  6  7  8  9  A  B  C  D  E  F      | 0123456789ABCDEF
    -----------------------------------------------------  ----------------------
      0 | 0E 24 F1 00 68 D0 10 01 68 00 0F C8 10 F8 32 43    0 | .$..h...h.....2C
      1 | F4 FD EF 41 1B 7F AF C3 13 01 00 00 28 28 64 00    1 | ...A........((d.
      2 | 01 81 00 00 00 06 00 40 00 00 00 00 00 00 00 00    2 | .......@........
      3 | 00 00 E8 09 52 65 70 75 67 6E 61 6E 74 54 77 69    3 | ....RepugnantTwi
      4 | 74 68 00 00 00 00 00 00 -- -- -- -- -- -- -- --    4 | th......--------

NPC ID: 17879145
  Name: RepugnantTwith
  POLUtils_Name: Repugnant Twitherym
  Type: Simple NPC
  XYZR: 182.478, 30.177, -353.613, 29
  Mask: 00001111
        |  0  1  2  3  4  5  6  7  8  9  A  B  C  D  E  F      | 0123456789ABCDEF
    -----------------------------------------------------  ----------------------
      0 | 0E 24 F1 00 69 D0 10 01 69 00 0F 1D 5E 7A 36 43    0 | .$..i...i...^z6C
      1 | 7F 6A F1 41 77 CE B0 C3 01 01 00 00 28 28 64 00    1 | .j.Aw.......((d.
      2 | 01 81 00 00 00 06 00 40 00 00 00 00 00 00 00 00    2 | .......@........
      3 | 00 00 E8 09 52 65 70 75 67 6E 61 6E 74 54 77 69    3 | ....RepugnantTwi
      4 | 74 68 00 00 00 00 00 00 -- -- -- -- -- -- -- --    4 | th......--------

NPC ID: 17879433
  Name: ScalableArea
  POLUtils_Name: Scalable Area
  Type: Simple NPC
  XYZR: 180.204, 29.980, -341.463, 0
  Mask: 00001111
        |  0  1  2  3  4  5  6  7  8  9  A  B  C  D  E  F      | 0123456789ABCDEF
    -----------------------------------------------------  ----------------------
      0 | 0E 22 F3 00 89 D1 10 01 89 01 0F 00 39 34 34 43    0 | ."..........944C
      1 | 0A D7 EF 41 44 BB AA C3 01 80 00 00 32 32 64 00    1 | ...AD.......22d.
      2 | 00 03 02 00 00 00 00 00 00 00 08 20 00 00 00 00    2 | ........... ....
      3 | 00 00 32 00 53 63 61 6C 61 62 6C 65 41 72 65 61    3 | ..2.ScalableArea
      4 | 00 00 00 00 -- -- -- -- -- -- -- -- -- -- -- --    4 | ....------------

NPC ID: 17879053
  Name: CthonicChapuli
  POLUtils_Name: Cthonic Chapuli
  Type: Simple NPC
  XYZR: 181.987, 40.623, -277.827, 199
  Mask: 00001111
        |  0  1  2  3  4  5  6  7  8  9  A  B  C  D  E  F      | 0123456789ABCDEF
    -----------------------------------------------------  ----------------------
      0 | 0E 24 F6 00 0D D0 10 01 0D 00 0F C7 AC FC 35 43    0 | .$............5C
      1 | F4 7D 22 42 DB E9 8A C3 7A 00 00 00 50 50 64 00    1 | .}"B....z...PPd.
      2 | 01 81 00 00 00 06 00 00 00 00 00 00 00 00 00 00    2 | ................
      3 | 00 00 F1 09 43 74 68 6F 6E 69 63 43 68 61 70 75    3 | ....CthonicChapu
      4 | 6C 69 00 00 00 00 00 00 -- -- -- -- -- -- -- --    4 | li......--------

NPC ID: 17879052
  Name: CthonicChapuli
  POLUtils_Name: Cthonic Chapuli
  Type: Simple NPC
  XYZR: 179.043, 40.418, -280.323, 49
  Mask: 00001111
        |  0  1  2  3  4  5  6  7  8  9  A  B  C  D  E  F      | 0123456789ABCDEF
    -----------------------------------------------------  ----------------------
      0 | 0E 24 F6 00 0C D0 10 01 0C 00 0F 31 02 0B 33 43    0 | .$.........1..3C
      1 | 08 AC 21 42 58 29 8C C3 B1 00 00 00 50 50 64 00    1 | ..!BX)......PPd.
      2 | 01 81 00 00 00 06 00 00 00 00 00 00 00 00 00 00    2 | ................
      3 | 00 00 F1 09 43 74 68 6F 6E 69 63 43 68 61 70 75    3 | ....CthonicChapu
      4 | 6C 69 00 00 00 00 00 00 -- -- -- -- -- -- -- --    4 | li......--------

NPC ID: 17879054
  Name: GleefulUngewed
  POLUtils_Name: Gleeful Ungeweder
  Type: Simple NPC
  XYZR: 180.947, 40.727, -276.617, 249
  Mask: 00001111
        |  0  1  2  3  4  5  6  7  8  9  A  B  C  D  E  F      | 0123456789ABCDEF
    -----------------------------------------------------  ----------------------
      0 | 0E 24 F7 00 0E D0 10 01 0E 00 0F F9 6F F2 34 43    0 | .$..........o.4C
      1 | 73 E8 22 42 FA 4E 8A C3 F9 00 00 00 28 28 64 00    1 | s."B.N......((d.
      2 | 07 81 00 00 00 0F 00 00 00 00 10 00 00 00 00 00    2 | ................
      3 | 00 00 66 08 47 6C 65 65 66 75 6C 55 6E 67 65 77    3 | ..f.GleefulUngew
      4 | 65 64 00 00 00 00 00 00 -- -- -- -- -- -- -- --    4 | ed......--------

NPC ID: 17879051
  Name: CthonicChapuli
  POLUtils_Name: Cthonic Chapuli
  Type: Simple NPC
  XYZR: 182.681, 40.044, -271.838, 211
  Mask: 00001111
        |  0  1  2  3  4  5  6  7  8  9  A  B  C  D  E  F      | 0123456789ABCDEF
    -----------------------------------------------------  ----------------------
      0 | 0E 24 F8 00 0B D0 10 01 0B 00 0F D3 56 AE 36 43    0 | .$..........V.6C
      1 | 0E 2D 20 42 44 EB 87 C3 4D 00 00 00 50 50 64 00    1 | .- BD...M...PPd.
      2 | 01 81 00 00 00 06 00 00 00 00 00 00 00 00 00 00    2 | ................
      3 | 00 00 F1 09 43 74 68 6F 6E 69 63 43 68 61 70 75    3 | ....CthonicChapu
      4 | 6C 69 00 00 00 00 00 00 -- -- -- -- -- -- -- --    4 | li......--------

NPC ID: 17879050
  Name: MenacingMantis
  POLUtils_Name: Menacing Mantis
  Type: Simple NPC
  XYZR: 180.844, 39.466, -266.563, 207
  Mask: 00001111
        |  0  1  2  3  4  5  6  7  8  9  A  B  C  D  E  F      | 0123456789ABCDEF
    -----------------------------------------------------  ----------------------
      0 | 0E 24 FB 00 0A D0 10 01 0A 00 0F CF 10 D8 34 43    0 | .$............4C
      1 | 2F DD 1D 42 10 48 85 C3 23 01 00 00 28 28 64 00    1 | /..B.H..#...((d.
      2 | 01 81 02 00 00 11 00 00 00 00 08 00 00 00 00 00    2 | ................
      3 | 00 00 12 08 4D 65 6E 61 63 69 6E 67 4D 61 6E 74    3 | ....MenacingMant
      4 | 69 73 00 00 00 00 00 00 -- -- -- -- -- -- -- --    4 | is......--------

NPC ID: 17879153
  Name: WrithingObdell
  POLUtils_Name: Writhing Obdella
  Type: Simple NPC
  XYZR: 220.253, 39.515, -243.079, 43
  Mask: 00001111
        |  0  1  2  3  4  5  6  7  8  9  A  B  C  D  E  F      | 0123456789ABCDEF
    -----------------------------------------------------  ----------------------
      0 | 0E 24 16 01 71 D0 10 01 71 00 0F 2B C5 40 5C 43    0 | .$..q...q..+.@\\C
      1 | 5C 0F 1E 42 39 14 73 C3 10 01 00 00 28 28 64 00    1 | \\..B9.s.....((d.
      2 | 01 81 02 00 00 09 00 00 00 00 08 00 00 00 00 00    2 | ................
      3 | 00 00 8E 07 57 72 69 74 68 69 6E 67 4F 62 64 65    3 | ....WrithingObde
      4 | 6C 6C 00 00 00 00 00 00 -- -- -- -- -- -- -- --    4 | ll......--------

NPC ID: 17879154
  Name: WrithingObdell
  POLUtils_Name: Writhing Obdella
  Type: Simple NPC
  XYZR: 220.642, 39.515, -242.945, 62
  Mask: 00001111
        |  0  1  2  3  4  5  6  7  8  9  A  B  C  D  E  F      | 0123456789ABCDEF
    -----------------------------------------------------  ----------------------
      0 | 0E 24 16 01 72 D0 10 01 72 00 0F 3E 5A A4 5C 43    0 | .$..r...r..>Z.\\C
      1 | 5C 0F 1E 42 EC F1 72 C3 27 01 00 00 28 28 64 00    1 | \\..B..r.'...((d.
      2 | 01 81 02 00 00 09 00 00 00 00 08 00 00 00 00 00    2 | ................
      3 | 00 00 8E 07 57 72 69 74 68 69 6E 67 4F 62 64 65    3 | ....WrithingObde
      4 | 6C 6C 00 00 00 00 00 00 -- -- -- -- -- -- -- --    4 | ll......--------

NPC ID: 17879152
  Name: WrithingObdell
  POLUtils_Name: Writhing Obdella
  Type: Simple NPC
  XYZR: 220.468, 39.484, -236.785, 221
  Mask: 00001111
        |  0  1  2  3  4  5  6  7  8  9  A  B  C  D  E  F      | 0123456789ABCDEF
    -----------------------------------------------------  ----------------------
      0 | 0E 24 19 01 70 D0 10 01 70 00 0F DD CF 77 5C 43    0 | .$..p...p....w\\C
      1 | 9E EF 1D 42 F6 C8 6C C3 E7 00 00 00 28 28 64 00    1 | ...B..l.....((d.
      2 | 01 81 02 00 00 09 00 00 00 00 08 00 00 00 00 00    2 | ................
      3 | 00 00 8E 07 57 72 69 74 68 69 6E 67 4F 62 64 65    3 | ....WrithingObde
      4 | 6C 6C 00 00 00 00 00 00 -- -- -- -- -- -- -- --    4 | ll......--------

NPC ID: 17879059
  Name: ErythemicEft
  POLUtils_Name: Erythemic Eft
  Type: Simple NPC
  XYZR: 234.976, 39.517, -210.122, 233
  Mask: 00001111
        |  0  1  2  3  4  5  6  7  8  9  A  B  C  D  E  F      | 0123456789ABCDEF
    -----------------------------------------------------  ----------------------
      0 | 0E 22 2E 01 13 D0 10 01 13 00 0F E9 DB F9 6A 43    0 | ."............jC
      1 | 68 11 1E 42 3B 1F 52 C3 24 00 00 00 28 28 64 00    1 | h..B;.R.$...((d.
      2 | 01 81 04 00 00 0A 00 00 00 00 00 00 00 00 00 00    2 | ................
      3 | 00 00 45 05 45 72 79 74 68 65 6D 69 63 45 66 74    3 | ..E.ErythemicEft
      4 | 00 00 00 00 -- -- -- -- -- -- -- -- -- -- -- --    4 | ....------------

NPC ID: 17879058
  Name: ErythemicEft
  POLUtils_Name: Erythemic Eft
  Type: Simple NPC
  XYZR: 228.986, 39.196, -203.356, 96
  Mask: 00001111
        |  0  1  2  3  4  5  6  7  8  9  A  B  C  D  E  F      | 0123456789ABCDEF
    -----------------------------------------------------  ----------------------
      0 | 0E 22 30 01 12 D0 10 01 12 00 0F 60 6A FC 64 43    0 | ."0........`j.dC
      1 | B4 C8 1C 42 23 5B 4B C3 25 02 00 00 28 28 64 00    1 | ...B#[K.%...((d.
      2 | 01 81 04 00 00 0A 00 00 00 00 00 00 00 00 00 00    2 | ................
      3 | 00 00 45 05 45 72 79 74 68 65 6D 69 63 45 66 74    3 | ..E.ErythemicEft
      4 | 00 00 00 00 -- -- -- -- -- -- -- -- -- -- -- --    4 | ....------------

NPC ID: 17879055
  Name: CavePanopt
  POLUtils_Name: Cave Panopt
  Type: Simple NPC
  XYZR: 232.305, 39.466, -203.302, 11
  Mask: 00001111
        |  0  1  2  3  4  5  6  7  8  9  A  B  C  D  E  F      | 0123456789ABCDEF
    -----------------------------------------------------  ----------------------
      0 | 0E 22 31 01 0F D0 10 01 0F 00 0F 0B 14 4E 68 43    0 | ."1..........NhC
      1 | 2F DD 1D 42 50 4D 4B C3 DB 00 00 00 28 28 64 00    1 | /..BPMK.....((d.
      2 | 01 81 00 00 00 0A 00 00 00 00 04 00 00 00 00 00    2 | ................
      3 | 00 00 05 02 43 61 76 65 50 61 6E 6F 70 74 00 00    3 | ....CavePanopt..
      4 | 00 00 00 00 -- -- -- -- -- -- -- -- -- -- -- --    4 | ....------------

NPC ID: 17879056
  Name: CavePanopt
  POLUtils_Name: Cave Panopt
  Type: Simple NPC
  XYZR: 243.907, 39.549, -197.466, 170
  Mask: 00001111
        |  0  1  2  3  4  5  6  7  8  9  A  B  C  D  E  F      | 0123456789ABCDEF
    -----------------------------------------------------  ----------------------
      0 | 0E 22 35 01 10 D0 10 01 10 00 0F AA 31 E8 73 43    0 | ."5.........1.sC
      1 | 2D 32 1E 42 4C 77 45 C3 CF 01 00 00 28 28 64 00    1 | -2.BLwE.....((d.
      2 | 01 81 00 00 00 0A 00 00 00 00 04 00 00 00 00 00    2 | ................
      3 | 00 00 05 02 43 61 76 65 50 61 6E 6F 70 74 00 00    3 | ....CavePanopt..
      4 | 00 00 00 00 -- -- -- -- -- -- -- -- -- -- -- --    4 | ....------------

NPC ID: 17879060
  Name: ErythemicEft
  POLUtils_Name: Erythemic Eft
  Type: Simple NPC
  XYZR: 249.650, 39.392, -198.893, 198
  Mask: 00001111
        |  0  1  2  3  4  5  6  7  8  9  A  B  C  D  E  F      | 0123456789ABCDEF
    -----------------------------------------------------  ----------------------
      0 | 0E 22 36 01 14 D0 10 01 14 00 0F C6 66 A6 79 43    0 | ."6.........f.yC
      1 | 68 91 1D 42 9C E4 46 C3 37 01 00 00 28 28 64 00    1 | h..B..F.7...((d.
      2 | 01 81 04 00 00 0A 00 00 00 00 00 00 00 00 00 00    2 | ................
      3 | 00 00 45 05 45 72 79 74 68 65 6D 69 63 45 66 74    3 | ..E.ErythemicEft
      4 | 00 00 00 00 -- -- -- -- -- -- -- -- -- -- -- --    4 | ....------------

NPC ID: 17879057
  Name: CavePanopt
  POLUtils_Name: Cave Panopt
  Type: Simple NPC
  XYZR: 231.603, 39.520, -191.979, 157
  Mask: 00001111
        |  0  1  2  3  4  5  6  7  8  9  A  B  C  D  E  F      | 0123456789ABCDEF
    -----------------------------------------------------  ----------------------
      0 | 0E 22 36 01 11 D0 10 01 11 00 0F 9D 5E 9A 67 43    0 | ."6.........^.gC
      1 | 7B 14 1E 42 A0 FA 3F C3 91 01 00 00 28 28 64 00    1 | {..B..?.....((d.
      2 | 01 81 00 00 00 0A 00 00 00 00 04 00 00 00 00 00    2 | ................
      3 | 00 00 05 02 43 61 76 65 50 61 6E 6F 70 74 00 00    3 | ....CavePanopt..
      4 | 00 00 00 00 -- -- -- -- -- -- -- -- -- -- -- --    4 | ....------------

NPC ID: 17879061
  Name: CrestfallenBae
  POLUtils_Name: Crestfallen Baelfyr
  Type: Simple NPC
  XYZR: 234.670, 39.456, -191.848, 241
  Mask: 00001111
        |  0  1  2  3  4  5  6  7  8  9  A  B  C  D  E  F      | 0123456789ABCDEF
    -----------------------------------------------------  ----------------------
      0 | 0E 24 36 01 15 D0 10 01 15 00 0F F1 85 AB 6A 43    0 | .$6...........jC
      1 | F2 D2 1D 42 17 D9 3F C3 89 00 00 00 28 28 64 00    1 | ...B..?.....((d.
      2 | 07 81 00 00 00 0F 00 00 00 00 00 00 00 00 00 00    2 | ................
      3 | 00 00 65 08 43 72 65 73 74 66 61 6C 6C 65 6E 42    3 | ..e.CrestfallenB
      4 | 61 65 00 00 00 00 00 00 -- -- -- -- -- -- -- --    4 | ae......--------

NPC ID: 17879373
  Name: MiningPoint
  POLUtils_Name: Mining Point
  Type: Simple NPC
  XYZR: 228.000, 39.000, -190.000, 0
  Mask: 00001111
        |  0  1  2  3  4  5  6  7  8  9  A  B  C  D  E  F      | 0123456789ABCDEF
    -----------------------------------------------------  ----------------------
      0 | 0E 22 37 01 4D D1 10 01 4D 01 0F 00 00 00 64 43    0 | ."7.M...M.....dC
      1 | 00 00 1C 42 00 00 3E C3 06 80 00 00 32 32 64 00    1 | ...B..>.....22d.
      2 | 00 03 00 00 00 00 00 00 00 00 00 00 00 00 00 00    2 | ................
      3 | 00 00 78 09 4D 69 6E 69 6E 67 50 6F 69 6E 74 00    3 | ..x.MiningPoint.
      4 | 00 00 00 00 -- -- -- -- -- -- -- -- -- -- -- --    4 | ....------------

NPC ID: 17879382
  Name: SoulPyre
  POLUtils_Name: Soul Pyre
  Type: Simple NPC
  XYZR: 258.783, 39.335, -160.152, 155
  Mask: 00001111
        |  0  1  2  3  4  5  6  7  8  9  A  B  C  D  E  F      | 0123456789ABCDEF
    -----------------------------------------------------  ----------------------
      0 | 0E 20 AE 01 56 D1 10 01 56 01 0F 9B 39 64 81 43    0 | . ..V...V...9d.C
      1 | 0A 57 1D 42 E9 26 20 C3 08 00 00 00 32 32 64 00    1 | .W.B.& .....22d.
      2 | 00 03 00 00 00 00 00 00 00 00 08 70 00 00 00 00    2 | ...........p....
      3 | 00 00 66 05 53 6F 75 6C 50 79 72 65 00 00 00 00    3 | ..f.SoulPyre....

NPC ID: 17879100
  Name: EruptingGeyser
  POLUtils_Name: Erupting Geyser
  Type: Simple NPC
  XYZR: 251.737, 29.659, -101.628, 116
  Mask: 00001111
        |  0  1  2  3  4  5  6  7  8  9  A  B  C  D  E  F      | 0123456789ABCDEF
    -----------------------------------------------------  ----------------------
      0 | 0E 24 1B 02 3C D0 10 01 3C 00 0F 74 AC BC 7B 43    0 | .$..<...<..t..{C
      1 | A2 45 ED 41 89 41 CB C2 07 00 00 00 28 28 64 00    1 | .E.A.A......((d.
      2 | 01 81 04 00 00 06 00 00 00 00 00 00 00 00 00 00    2 | ................
      3 | 00 00 D9 0A 45 72 75 70 74 69 6E 67 47 65 79 73    3 | ....EruptingGeys
      4 | 65 72 00 00 00 00 00 00 -- -- -- -- -- -- -- --    4 | er......--------

NPC ID: 17879084
  Name: ConflagrantEru
  POLUtils_Name: Conflagrant Eruca
  Type: Simple NPC
  XYZR: 196.533, 30.647, -137.260, 179
  Mask: 00001111
        |  0  1  2  3  4  5  6  7  8  9  A  B  C  D  E  F      | 0123456789ABCDEF
    -----------------------------------------------------  ----------------------
      0 | 0E 24 24 02 2C D0 10 01 2C 00 0F B3 73 88 44 43    0 | .$$.,...,...s.DC
      1 | 0E 2D F5 41 8F 42 09 C3 BB 00 00 00 28 28 64 00    1 | .-.A.B......((d.
      2 | 01 81 00 00 00 0C 00 00 00 00 0C 00 00 00 00 00    2 | ................
      3 | 00 00 96 01 43 6F 6E 66 6C 61 67 72 61 6E 74 45    3 | ....ConflagrantE
      4 | 72 75 00 00 00 00 00 00 -- -- -- -- -- -- -- --    4 | ru......--------

NPC ID: 17879086
  Name: ConflagrantEru
  POLUtils_Name: Conflagrant Eruca
  Type: Simple NPC
  XYZR: 194.317, 29.836, -134.677, 30
  Mask: 00001111
        |  0  1  2  3  4  5  6  7  8  9  A  B  C  D  E  F      | 0123456789ABCDEF
    -----------------------------------------------------  ----------------------
      0 | 0E 24 25 02 2E D0 10 01 2E 00 0F 1E 27 51 42 43    0 | .$%.........'QBC
      1 | 21 B0 EE 41 50 AD 06 C3 3B 01 00 00 28 28 64 00    1 | !..AP...;...((d.
      2 | 01 81 00 00 00 0C 00 00 00 00 0C 00 00 00 00 00    2 | ................
      3 | 00 00 96 01 43 6F 6E 66 6C 61 67 72 61 6E 74 45    3 | ....ConflagrantE
      4 | 72 75 00 00 00 00 00 00 -- -- -- -- -- -- -- --    4 | ru......--------

NPC ID: 17879085
  Name: ConflagrantEru
  POLUtils_Name: Conflagrant Eruca
  Type: Simple NPC
  XYZR: 190.660, 28.865, -136.447, 180
  Mask: 00001111
        |  0  1  2  3  4  5  6  7  8  9  A  B  C  D  E  F      | 0123456789ABCDEF
    -----------------------------------------------------  ----------------------
      0 | 0E 24 27 02 2D D0 10 01 2D 00 0F B4 F6 A8 3E 43    0 | .$'.-...-.....>C
      1 | 85 EB E6 41 6F 72 08 C3 BB 00 00 00 28 28 64 00    1 | ...Aor......((d.
      2 | 01 81 00 00 00 0C 00 00 00 00 0C 00 00 00 00 00    2 | ................
      3 | 00 00 96 01 43 6F 6E 66 6C 61 67 72 61 6E 74 45    3 | ....ConflagrantE
      4 | 72 75 00 00 00 00 00 00 -- -- -- -- -- -- -- --    4 | ru......--------

NPC ID: 17879170
  Name: SkittishMatama
  POLUtils_Name: Skittish Matamata
  Type: Simple NPC
  XYZR: 229.556, 19.186, -61.978, 29
  Mask: 00001111
        |  0  1  2  3  4  5  6  7  8  9  A  B  C  D  E  F      | 0123456789ABCDEF
    -----------------------------------------------------  ----------------------
      0 | 0E 24 5B 02 82 D0 10 01 82 00 0F 1D 56 8E 65 43    0 | .$[.........V.eC
      1 | EE 7C 99 41 79 E9 77 C2 D7 00 00 00 28 28 00 02    1 | .|.Ay.w.....((..
      2 | 07 83 00 00 00 19 10 00 20 00 08 00 00 00 00 00    2 | ........ .......
      3 | 00 00 00 0A 53 6B 69 74 74 69 73 68 4D 61 74 61    3 | ....SkittishMata
      4 | 6D 61 00 00 00 00 00 00 -- -- -- -- -- -- -- --    4 | ma......--------

NPC ID: 17879169
  Name: RubyRaptor
  POLUtils_Name: Ruby Raptor
  Type: Simple NPC
  XYZR: 236.279, 19.335, -60.071, 255
  Mask: 00001111
        |  0  1  2  3  4  5  6  7  8  9  A  B  C  D  E  F      | 0123456789ABCDEF
    -----------------------------------------------------  ----------------------
      0 | 0E 22 5E 02 81 D0 10 01 81 00 0F FF 6D 47 6C 43    0 | ."^.........mGlC
      1 | 14 AE 9A 41 B4 48 70 C2 C3 0C 00 00 46 46 00 03    1 | ...A.Hp.....FF..
      2 | 07 83 00 00 00 12 10 00 20 00 00 00 00 00 00 00    2 | ........ .......
      3 | 00 00 92 07 52 75 62 79 52 61 70 74 6F 72 00 00    3 | ....RubyRaptor..
      4 | 00 00 00 00 -- -- -- -- -- -- -- -- -- -- -- --    4 | ....------------

NPC ID: 17879167
  Name: KnottedRoot
  POLUtils_Name: Knotted Root
  Type: Simple NPC
  XYZR: 240.000, 18.500, -62.500, 115
  Mask: 00001111
        |  0  1  2  3  4  5  6  7  8  9  A  B  C  D  E  F      | 0123456789ABCDEF
    -----------------------------------------------------  ----------------------
      0 | 0E 22 60 02 7F D0 10 01 7F 00 0F 73 00 00 70 43    0 | ."`........s..pC
      1 | 00 00 94 41 00 00 7A C2 7F 9B 00 00 28 28 00 03    1 | ...A..z.....((..
      2 | 07 81 02 00 00 14 10 00 20 00 08 00 53 70 09 00    2 | ........ ...Sp..
      3 | 00 00 EA 0A 4B 6E 6F 74 74 65 64 52 6F 6F 74 00    3 | ....KnottedRoot.
      4 | 00 00 00 00 -- -- -- -- -- -- -- -- -- -- -- --    4 | ....------------

NPC ID: 17879168
  Name: RubyRaptor
  POLUtils_Name: Ruby Raptor
  Type: Simple NPC
  XYZR: 238.031, 18.944, -56.034, 42
  Mask: 00001111
        |  0  1  2  3  4  5  6  7  8  9  A  B  C  D  E  F      | 0123456789ABCDEF
    -----------------------------------------------------  ----------------------
      0 | 0E 22 60 02 80 D0 10 01 80 00 0F 2A F0 07 6E 43    0 | ."`........*..nC
      1 | 50 8D 97 41 D1 22 60 C2 D3 1F 00 00 46 46 00 03    1 | P..A."`.....FF..
      2 | 07 83 00 00 00 12 10 00 20 00 00 00 00 00 00 00    2 | ........ .......
      3 | 00 00 92 07 52 75 62 79 52 61 70 74 6F 72 00 00    3 | ....RubyRaptor..
      4 | 00 00 00 00 -- -- -- -- -- -- -- -- -- -- -- --    4 | ....------------

NPC ID: 17879166
  Name: KnottedRoot
  POLUtils_Name: Knotted Root
  Type: Simple NPC
  XYZR: 240.000, 18.500, -60.000, 108
  Mask: 00001111
        |  0  1  2  3  4  5  6  7  8  9  A  B  C  D  E  F      | 0123456789ABCDEF
    -----------------------------------------------------  ----------------------
      0 | 0E 22 60 02 7E D0 10 01 7E 00 0F 6C 00 00 70 43    0 | ."`.~...~..l..pC
      1 | 00 00 94 41 00 00 70 C2 0E 8C 00 00 28 28 00 03    1 | ...A..p.....((..
      2 | 07 81 02 00 00 14 10 00 20 00 08 00 53 70 09 00    2 | ........ ...Sp..
      3 | 00 00 EA 0A 4B 6E 6F 74 74 65 64 52 6F 6F 74 00    3 | ....KnottedRoot.
      4 | 00 00 00 00 -- -- -- -- -- -- -- -- -- -- -- --    4 | ....------------

NPC ID: 17879396
  Name: _7h2
  POLUtils_Name: NPC
  Type: Simple NPC
  XYZR: 240.000, 19.500, -60.000, 0
  Mask: 00000111
        |  0  1  2  3  4  5  6  7  8  9  A  B  C  D  E  F      | 0123456789ABCDEF
    -----------------------------------------------------  ----------------------
      0 | 0E 20 60 02 64 D1 10 01 64 01 07 00 00 00 70 43    0 | . `.d...d.....pC
      1 | 00 00 9C 41 00 00 70 C2 01 00 00 00 32 32 64 08    1 | ...A..p.....22d.
      2 | 00 03 18 00 00 00 00 00 A0 00 00 00 00 00 00 00    2 | ................
      3 | 02 00 00 00 5F 37 68 32 00 00 00 00 00 00 00 00    3 | ...._7h2........

NPC ID: 17879397
  Name: _7h3
  POLUtils_Name: NPC
  Type: Simple NPC
  XYZR: 240.000, 17.000, -60.000, 0
  Mask: 00000111
        |  0  1  2  3  4  5  6  7  8  9  A  B  C  D  E  F      | 0123456789ABCDEF
    -----------------------------------------------------  ----------------------
      0 | 0E 20 60 02 65 D1 10 01 65 01 07 00 00 00 70 43    0 | . `.e...e.....pC
      1 | 00 00 88 41 00 00 70 C2 01 00 00 00 32 32 64 08    1 | ...A..p.....22d.
      2 | 02 03 10 00 00 00 00 00 00 00 00 00 00 00 00 00    2 | ................
      3 | 02 00 00 00 5F 37 68 33 00 00 00 00 00 00 00 00    3 | ...._7h3........

NPC ID: 17879173
  Name: SkittishMatama
  POLUtils_Name: Skittish Matamata
  Type: Simple NPC
  XYZR: 242.298, 19.794, -61.321, 152
  Mask: 00001111
        |  0  1  2  3  4  5  6  7  8  9  A  B  C  D  E  F      | 0123456789ABCDEF
    -----------------------------------------------------  ----------------------
      0 | 0E 24 61 02 85 D0 10 01 85 00 0F 98 4A 4C 72 43    0 | .$a.........JLrC
      1 | 1D 5A 9E 41 B4 48 75 C2 D7 00 00 00 28 28 00 03    1 | .Z.A.Hu.....((..
      2 | 07 83 00 00 00 19 10 00 20 00 08 00 00 00 00 00    2 | ........ .......
      3 | 00 00 00 0A 53 6B 69 74 74 69 73 68 4D 61 74 61    3 | ....SkittishMata
      4 | 6D 61 00 00 00 00 00 00 -- -- -- -- -- -- -- --    4 | ma......--------

NPC ID: 17879165
  Name: KnottedRoot
  POLUtils_Name: Knotted Root
  Type: Simple NPC
  XYZR: 240.000, 18.500, -57.500, 33
  Mask: 00001111
        |  0  1  2  3  4  5  6  7  8  9  A  B  C  D  E  F      | 0123456789ABCDEF
    -----------------------------------------------------  ----------------------
      0 | 0E 22 61 02 7D D0 10 01 7D 00 0F 21 00 00 70 43    0 | ."a.}...}..!..pC
      1 | 00 00 94 41 00 00 66 C2 7B 8B 00 00 28 28 00 03    1 | ...A..f.{...((..
      2 | 07 81 02 00 00 14 10 00 20 00 08 00 53 70 09 00    2 | ........ ...Sp..
      3 | 00 00 EA 0A 4B 6E 6F 74 74 65 64 52 6F 6F 74 00    3 | ....KnottedRoot.
      4 | 00 00 00 00 -- -- -- -- -- -- -- -- -- -- -- --    4 | ....------------

NPC ID: 17879172
  Name: RubyRaptor
  POLUtils_Name: Ruby Raptor
  Type: Simple NPC
  XYZR: 243.079, 20.072, -60.132, 129
  Mask: 00001111
        |  0  1  2  3  4  5  6  7  8  9  A  B  C  D  E  F      | 0123456789ABCDEF
    -----------------------------------------------------  ----------------------
      0 | 0E 22 62 02 84 D0 10 01 84 00 0F 81 39 14 73 43    0 | ."b.........9.sC
      1 | 75 93 A0 41 2B 87 70 C2 F1 1F 00 00 46 46 00 03    1 | u..A+.p.....FF..
      2 | 07 83 00 00 00 12 10 00 20 00 00 00 00 00 00 00    2 | ........ .......
      3 | 00 00 92 07 52 75 62 79 52 61 70 74 6F 72 00 00    3 | ....RubyRaptor..
      4 | 00 00 00 00 -- -- -- -- -- -- -- -- -- -- -- --    4 | ....------------

NPC ID: 17879171
  Name: RubyRaptor
  POLUtils_Name: Ruby Raptor
  Type: Simple NPC
  XYZR: 242.858, 19.931, -58.032, 99
  Mask: 00001111
        |  0  1  2  3  4  5  6  7  8  9  A  B  C  D  E  F      | 0123456789ABCDEF
    -----------------------------------------------------  ----------------------
      0 | 0E 22 62 02 83 D0 10 01 83 00 0F 63 A6 DB 72 43    0 | ."b........c..rC
      1 | B0 72 9F 41 C5 20 68 C2 D3 1F 00 00 46 46 00 03    1 | .r.A. h.....FF..
      2 | 07 83 00 00 00 12 10 00 20 00 00 00 00 00 00 00    2 | ........ .......
      3 | 00 00 92 07 52 75 62 79 52 61 70 74 6F 72 00 00    3 | ....RubyRaptor..
      4 | 00 00 00 00 -- -- -- -- -- -- -- -- -- -- -- --    4 | ....------------

NPC ID: 17879156
  Name: RubyRaptor
  POLUtils_Name: Ruby Raptor
  Type: Simple NPC
  XYZR: 221.162, 17.714, 15.733, 212
  Mask: 00001111
        |  0  1  2  3  4  5  6  7  8  9  A  B  C  D  E  F      | 0123456789ABCDEF
    -----------------------------------------------------  ----------------------
      0 | 0E 22 7A 02 74 D0 10 01 74 00 0F D4 79 29 5D 43    0 | ."z.t...t...y)]C
      1 | 46 B6 8D 41 5E BA 7B 41 79 00 00 00 46 46 64 00    1 | F..A^.{Ay...FFd.
      2 | 01 81 00 00 00 10 00 00 00 00 00 00 00 00 00 00    2 | ................
      3 | 00 00 92 07 52 75 62 79 52 61 70 74 6F 72 00 00    3 | ....RubyRaptor..
      4 | 00 00 00 00 -- -- -- -- -- -- -- -- -- -- -- --    4 | ....------------

NPC ID: 17879155
  Name: RubyRaptor
  POLUtils_Name: Ruby Raptor
  Type: Simple NPC
  XYZR: 207.813, 18.530, 17.718, 120
  Mask: 00001111
        |  0  1  2  3  4  5  6  7  8  9  A  B  C  D  E  F      | 0123456789ABCDEF
    -----------------------------------------------------  ----------------------
      0 | 0E 22 7B 02 73 D0 10 01 73 00 0F 78 21 D0 4F 43    0 | ."{.s...s..x!.OC
      1 | 71 3D 94 41 77 BE 8D 41 88 00 00 00 46 46 64 00    1 | q=.Aw..A....FFd.
      2 | 01 81 00 00 00 10 00 00 00 00 00 00 00 00 00 00    2 | ................
      3 | 00 00 92 07 52 75 62 79 52 61 70 74 6F 72 00 00    3 | ....RubyRaptor..
      4 | 00 00 00 00 -- -- -- -- -- -- -- -- -- -- -- --    4 | ....------------

NPC ID: 17879088
  Name: ConflagrantEru
  POLUtils_Name: Conflagrant Eruca
  Type: Simple NPC
  XYZR: 176.987, 19.635, 15.287, 248
  Mask: 00001111
        |  0  1  2  3  4  5  6  7  8  9  A  B  C  D  E  F      | 0123456789ABCDEF
    -----------------------------------------------------  ----------------------
      0 | 0E 24 83 02 30 D0 10 01 30 00 0F F8 AC FC 30 43    0 | .$..0...0.....0C
      1 | 7B 14 9D 41 8D 97 74 41 AE 00 00 00 28 28 64 00    1 | {..A..tA....((d.
      2 | 01 81 00 00 00 0C 00 00 00 00 0D 00 00 00 00 00    2 | ................
      3 | 00 00 96 01 43 6F 6E 66 6C 61 67 72 61 6E 74 45    3 | ....ConflagrantE
      4 | 72 75 00 00 00 00 00 00 -- -- -- -- -- -- -- --    4 | ru......--------

NPC ID: 17879090
  Name: EruptingGeyser
  POLUtils_Name: Erupting Geyser
  Type: Simple NPC
  XYZR: 184.487, 19.081, 30.380, 105
  Mask: 00001111
        |  0  1  2  3  4  5  6  7  8  9  A  B  C  D  E  F      | 0123456789ABCDEF
    -----------------------------------------------------  ----------------------
      0 | 0E 24 89 02 32 D0 10 01 32 00 0F 69 AC 7C 38 43    0 | .$..2...2..i.|8C
      1 | E3 A5 98 41 3D 0A F3 41 07 00 00 00 28 28 64 00    1 | ...A=..A....((d.
      2 | 01 81 04 00 00 06 00 00 00 00 00 00 00 00 00 00    2 | ................
      3 | 00 00 D9 0A 45 72 75 70 74 69 6E 67 47 65 79 73    3 | ....EruptingGeys
      4 | 65 72 00 00 00 00 00 00 -- -- -- -- -- -- -- --    4 | er......--------

NPC ID: 17879087
  Name: ConflagrantEru
  POLUtils_Name: Conflagrant Eruca
  Type: Simple NPC
  XYZR: 172.669, 19.717, 18.381, 149
  Mask: 00001111
        |  0  1  2  3  4  5  6  7  8  9  A  B  C  D  E  F      | 0123456789ABCDEF
    -----------------------------------------------------  ----------------------
      0 | 0E 24 8F 02 2F D0 10 01 2F 00 0F 95 44 AB 2C 43    0 | .$../.../...D.,C
      1 | 6A BC 9D 41 4A 0C 93 41 FF 00 00 00 28 28 64 00    1 | j..AJ..A....((d.
      2 | 01 81 00 00 00 0C 00 00 00 00 0D 00 00 00 00 00    2 | ................
      3 | 00 00 96 01 43 6F 6E 66 6C 61 67 72 61 6E 74 45    3 | ....ConflagrantE
      4 | 72 75 00 00 00 00 00 00 -- -- -- -- -- -- -- --    4 | ru......--------

NPC ID: 17879089
  Name: ConflagrantEru
  POLUtils_Name: Conflagrant Eruca
  Type: Simple NPC
  XYZR: 172.450, 19.697, 23.001, 195
  Mask: 00001111
        |  0  1  2  3  4  5  6  7  8  9  A  B  C  D  E  F      | 0123456789ABCDEF
    -----------------------------------------------------  ----------------------
      0 | 0E 24 91 02 31 D0 10 01 31 00 0F C3 33 73 2C 43    0 | .$..1...1...3s,C
      1 | 75 93 9D 41 0C 02 B8 41 07 00 00 00 28 28 64 00    1 | u..A...A....((d.
      2 | 01 81 00 00 00 0C 00 00 00 00 0D 00 00 00 00 00    2 | ................
      3 | 00 00 96 01 43 6F 6E 66 6C 61 67 72 61 6E 74 45    3 | ....ConflagrantE
      4 | 72 75 00 00 00 00 00 00 -- -- -- -- -- -- -- --    4 | ru......--------

NPC ID: 17879094
  Name: ErythemicEft
  POLUtils_Name: Erythemic Eft
  Type: Simple NPC
  XYZR: 171.258, 19.458, 56.257, 250
  Mask: 00001111
        |  0  1  2  3  4  5  6  7  8  9  A  B  C  D  E  F      | 0123456789ABCDEF
    -----------------------------------------------------  ----------------------
      0 | 0E 22 9A 02 36 D0 10 01 36 00 0F FA 0C 42 2B 43    0 | ."..6...6....B+C
      1 | FC A9 9B 41 2B 07 61 42 89 00 00 00 28 28 64 00    1 | ...A+.aB....((d.
      2 | 01 81 04 00 00 0A 00 00 00 00 00 00 00 00 00 00    2 | ................
      3 | 00 00 45 05 45 72 79 74 68 65 6D 69 63 45 66 74    3 | ..E.ErythemicEft
      4 | 00 00 00 00 -- -- -- -- -- -- -- -- -- -- -- --    4 | ....------------

NPC ID: 17879093
  Name: ErythemicEft
  POLUtils_Name: Erythemic Eft
  Type: Simple NPC
  XYZR: 167.219, 19.889, 56.027, 51
  Mask: 00001111
        |  0  1  2  3  4  5  6  7  8  9  A  B  C  D  E  F      | 0123456789ABCDEF
    -----------------------------------------------------  ----------------------
      0 | 0E 22 9C 02 35 D0 10 01 35 00 0F 33 10 38 27 43    0 | ."..5...5..3.8'C
      1 | AC 1C 9F 41 A6 1B 60 42 95 00 00 00 28 28 64 00    1 | ...A..`B....((d.
      2 | 01 81 04 00 00 0A 00 00 00 00 00 00 00 00 00 00    2 | ................
      3 | 00 00 45 05 45 72 79 74 68 65 6D 69 63 45 66 74    3 | ..E.ErythemicEft
      4 | 00 00 00 00 -- -- -- -- -- -- -- -- -- -- -- --    4 | ....------------

NPC ID: 17879097
  Name: CrestfallenBae
  POLUtils_Name: Crestfallen Baelfyr
  Type: Simple NPC
  XYZR: 168.459, 19.903, 57.738, 207
  Mask: 00001111
        |  0  1  2  3  4  5  6  7  8  9  A  B  C  D  E  F      | 0123456789ABCDEF
    -----------------------------------------------------  ----------------------
      0 | 0E 24 9C 02 39 D0 10 01 39 00 0F CF 81 75 28 43    0 | .$..9...9....u(C
      1 | 58 39 9F 41 B6 F3 66 42 B5 00 00 00 28 28 64 00    1 | X9.A..fB....((d.
      2 | 07 81 00 00 00 0F 00 00 00 00 00 00 00 00 00 00    2 | ................
      3 | 00 00 65 08 43 72 65 73 74 66 61 6C 6C 65 6E 42    3 | ..e.CrestfallenB
      4 | 61 65 00 00 00 00 00 00 -- -- -- -- -- -- -- --    4 | ae......--------

NPC ID: 17879092
  Name: ErythemicEft
  POLUtils_Name: Erythemic Eft
  Type: Simple NPC
  XYZR: 163.785, 20.444, 60.518, 143
  Mask: 00001111
        |  0  1  2  3  4  5  6  7  8  9  A  B  C  D  E  F      | 0123456789ABCDEF
    -----------------------------------------------------  ----------------------
      0 | 0E 22 A1 02 34 D0 10 01 34 00 0F 8F F6 C8 23 43    0 | ."..4...4.....#C
      1 | 50 8D A3 41 6F 12 72 42 27 01 00 00 28 28 64 00    1 | P..Ao.rB'...((d.
      2 | 01 81 04 00 00 0A 00 00 00 00 00 00 00 00 00 00    2 | ................
      3 | 00 00 45 05 45 72 79 74 68 65 6D 69 63 45 66 74    3 | ..E.ErythemicEft
      4 | 00 00 00 00 -- -- -- -- -- -- -- -- -- -- -- --    4 | ....------------

NPC ID: 17879095
  Name: ErythemicEft
  POLUtils_Name: Erythemic Eft
  Type: Simple NPC
  XYZR: 163.085, 20.386, 60.462, 8
  Mask: 00001111
        |  0  1  2  3  4  5  6  7  8  9  A  B  C  D  E  F      | 0123456789ABCDEF
    -----------------------------------------------------  ----------------------
      0 | 0E 22 A2 02 37 D0 10 01 37 00 0F 08 C3 15 23 43    0 | ."..7...7.....#C
      1 | 87 16 A3 41 17 D9 71 42 67 00 00 00 28 28 64 00    1 | ...A..qBg...((d.
      2 | 01 81 04 00 00 0A 00 00 00 00 00 00 00 00 00 00    2 | ................
      3 | 00 00 45 05 45 72 79 74 68 65 6D 69 63 45 66 74    3 | ..E.ErythemicEft
      4 | 00 00 00 00 -- -- -- -- -- -- -- -- -- -- -- --    4 | ....------------

NPC ID: 17879096
  Name: ErythemicEft
  POLUtils_Name: Erythemic Eft
  Type: Simple NPC
  XYZR: 151.011, 20.356, 58.632, 30
  Mask: 00001111
        |  0  1  2  3  4  5  6  7  8  9  A  B  C  D  E  F      | 0123456789ABCDEF
    -----------------------------------------------------  ----------------------
      0 | 0E 22 A7 02 38 D0 10 01 38 00 0F 1E D1 02 17 43    0 | ."..8...8......C
      1 | 17 D9 A2 41 2B 87 6A 42 C9 00 00 00 28 28 64 00    1 | ...A+.jB....((d.
      2 | 01 81 04 00 00 0A 00 00 00 00 00 00 00 00 00 00    2 | ................
      3 | 00 00 45 05 45 72 79 74 68 65 6D 69 63 45 66 74    3 | ..E.ErythemicEft
      4 | 00 00 00 00 -- -- -- -- -- -- -- -- -- -- -- --    4 | ....------------

NPC ID: 17879091
  Name: ErythemicEft
  POLUtils_Name: Erythemic Eft
  Type: Simple NPC
  XYZR: 149.003, 20.009, 62.270, 250
  Mask: 00001111
        |  0  1  2  3  4  5  6  7  8  9  A  B  C  D  E  F      | 0123456789ABCDEF
    -----------------------------------------------------  ----------------------
      0 | 0E 22 A9 02 33 D0 10 01 33 00 0F FA C5 00 15 43    0 | ."..3...3......C
      1 | 6F 12 A0 41 7B 14 79 42 67 00 00 00 28 28 64 00    1 | o..A{.yBg...((d.
      2 | 01 81 04 00 00 0A 00 00 00 00 00 00 00 00 00 00    2 | ................
      3 | 00 00 45 05 45 72 79 74 68 65 6D 69 63 45 66 74    3 | ..E.ErythemicEft
      4 | 00 00 00 00 -- -- -- -- -- -- -- -- -- -- -- --    4 | ....------------

NPC ID: 17879374
  Name: MiningPoint
  POLUtils_Name: Mining Point
  Type: Simple NPC
  XYZR: 134.350, 19.850, 64.000, 0
  Mask: 00001111
        |  0  1  2  3  4  5  6  7  8  9  A  B  C  D  E  F      | 0123456789ABCDEF
    -----------------------------------------------------  ----------------------
      0 | 0E 22 AF 02 4E D1 10 01 4E 01 0F 00 9A 59 06 43    0 | ."..N...N....Y.C
      1 | CD CC 9E 41 00 00 80 42 07 80 00 00 32 32 64 00    1 | ...A...B....22d.
      2 | 00 03 00 00 00 00 00 00 00 00 00 00 00 00 00 00    2 | ................
      3 | 00 00 78 09 4D 69 6E 69 6E 67 50 6F 69 6E 74 00    3 | ..x.MiningPoint.
      4 | 00 00 00 00 -- -- -- -- -- -- -- -- -- -- -- --    4 | ....------------

NPC ID: 17879099
  Name: DisturbedMatam
  POLUtils_Name: Disturbed Matamata
  Type: Simple NPC
  XYZR: 140.217, 20.451, 70.790, 76
  Mask: 00001111
        |  0  1  2  3  4  5  6  7  8  9  A  B  C  D  E  F      | 0123456789ABCDEF
    -----------------------------------------------------  ----------------------
      0 | 0E 24 AF 02 3B D0 10 01 3B 00 0F 4C 8D 37 0C 43    0 | .$..;...;..L.7.C
      1 | A6 9B A3 41 7B 94 8D 42 95 00 00 00 28 28 64 00    1 | ...A{..B....((d.
      2 | 01 81 00 00 00 15 00 00 00 00 08 00 00 00 00 00    2 | ................
      3 | 00 00 00 0A 44 69 73 74 75 72 62 65 64 4D 61 74    3 | ....DisturbedMat
      4 | 61 6D 00 00 00 00 00 00 -- -- -- -- -- -- -- --    4 | am......--------

NPC ID: 17879098
  Name: DisturbedMatam
  POLUtils_Name: Disturbed Matamata
  Type: Simple NPC
  XYZR: 144.868, 20.172, 80.516, 204
  Mask: 00001111
        |  0  1  2  3  4  5  6  7  8  9  A  B  C  D  E  F      | 0123456789ABCDEF
    -----------------------------------------------------  ----------------------
      0 | 0E 24 B2 02 3A D0 10 01 3A 00 0F CC 35 DE 10 43    0 | .$..:...:...5..C
      1 | 42 60 A1 41 31 08 A1 42 FD 00 00 00 28 28 64 00    1 | B`.A1..B....((d.
      2 | 01 81 00 00 00 15 00 00 00 00 08 00 00 00 00 00    2 | ................
      3 | 00 00 00 0A 44 69 73 74 75 72 62 65 64 4D 61 74    3 | ....DisturbedMat
      4 | 61 6D 00 00 00 00 00 00 -- -- -- -- -- -- -- --    4 | am......--------

NPC ID: 17881266
  Name: Yoran-Oran
  POLUtils_Name: Yoran-Oran
  Type: Simple NPC
  XYZR: 101.234, 9.500, 120.953, 191
  Mask: 00001111
        |  0  1  2  3  4  5  6  7  8  9  A  B  C  D  E  F      | 0123456789ABCDEF
    -----------------------------------------------------  ----------------------
      0 | 0E 22 D4 02 B2 D8 10 01 B2 07 0F BF CF 77 CA 42    0 | ."...........w.B
      1 | 00 00 18 41 F0 E7 F1 42 00 00 00 00 00 32 64 00    1 | ...A...B.....2d.
      2 | 00 99 00 00 00 0C 00 28 41 01 00 06 00 00 00 00    2 | .......(A.......
      3 | 00 00 17 0C 59 6F 72 61 6E 2D 4F 72 61 6E 00 00    3 | ....Yoran-Oran..
      4 | 00 00 00 00 -- -- -- -- -- -- -- -- -- -- -- --    4 | ....------------

NPC ID: 17881267
  Name: Shantotto
  POLUtils_Name: Shantotto
  Type: Simple NPC
  XYZR: 101.234, 9.500, 120.953, 191
  Mask: 00001111
        |  0  1  2  3  4  5  6  7  8  9  A  B  C  D  E  F      | 0123456789ABCDEF
    -----------------------------------------------------  ----------------------
      0 | 0E 22 DC 02 B3 D8 10 01 B3 07 0F BF CF 77 CA 42    0 | ."...........w.B
      1 | 00 00 18 41 F0 E7 F1 42 00 00 00 00 3E 32 64 00    1 | ...A...B....>2d.
      2 | 00 19 02 00 00 0F 00 28 41 01 08 06 00 00 00 00    2 | .......(A.......
      3 | 00 00 26 0C 53 68 61 6E 74 6F 74 74 6F 00 00 00    3 | ..&.Shantotto...
      4 | 00 00 00 00 -- -- -- -- -- -- -- -- -- -- -- --    4 | ....------------

NPC ID: 17881268
  Name: Koru-Moru
  POLUtils_Name: Koru-Moru
  Type: Simple NPC
  XYZR: 101.234, 9.500, 120.953, 191
  Mask: 00001111
        |  0  1  2  3  4  5  6  7  8  9  A  B  C  D  E  F      | 0123456789ABCDEF
    -----------------------------------------------------  ----------------------
      0 | 0E 22 EA 02 B4 D8 10 01 B4 07 0F BF CF 77 CA 42    0 | ."...........w.B
      1 | 00 00 18 41 F0 E7 F1 42 00 00 00 00 3E 32 64 00    1 | ...A...B....>2d.
      2 | 00 9B 00 00 00 0F 00 28 41 01 00 06 00 00 00 00    2 | .......(A.......
      3 | 00 00 F1 0B 4B 6F 72 75 2D 4D 6F 72 75 00 00 00    3 | ....Koru-Moru...
      4 | 00 00 00 00 -- -- -- -- -- -- -- -- -- -- -- --    4 | ....------------

NPC ID: 17881269
  Name: Iroha
  POLUtils_Name: Iroha
  Type: Simple NPC
  XYZR: 101.234, 9.500, 120.953, 191
  Mask: 00001111
        |  0  1  2  3  4  5  6  7  8  9  A  B  C  D  E  F      | 0123456789ABCDEF
    -----------------------------------------------------  ----------------------
      0 | 0E 20 F9 02 B5 D8 10 01 B5 07 0F BF CF 77 CA 42    0 | . ...........w.B
      1 | 00 00 18 41 F0 E7 F1 42 00 00 00 00 3E 32 64 00    1 | ...A...B....>2d.
      2 | 00 19 00 00 00 0C 00 28 45 01 00 06 00 00 00 00    2 | .......(E.......
      3 | 00 00 28 0C 49 72 6F 68 61 00 00 00 00 00 00 00    3 | ..(.Iroha.......

NPC ID: 17881270
  Name: Amchuchu
  POLUtils_Name: Amchuchu
  Type: Simple NPC
  XYZR: 101.234, 9.500, 120.953, 191
  Mask: 00001111
        |  0  1  2  3  4  5  6  7  8  9  A  B  C  D  E  F      | 0123456789ABCDEF
    -----------------------------------------------------  ----------------------
      0 | 0E 20 08 03 B6 D8 10 01 B6 07 0F BF CF 77 CA 42    0 | . ...........w.B
      1 | 00 00 18 41 F0 E7 F1 42 00 00 00 00 3E 32 64 00    1 | ...A...B....>2d.
      2 | 00 19 00 00 00 0C 00 28 45 01 00 06 00 00 00 00    2 | .......(E.......
      3 | 00 00 06 0C 41 6D 63 68 75 63 68 75 00 00 00 00    3 | ....Amchuchu....

