NPC ID: 17864726
  Name: X-32
  POLUtils_Name: X-32
  Type: Simple NPC
  XYZR: 580.341, -8.199, -476.464, 191
  Mask: 00001111
        |  0  1  2  3  4  5  6  7  8  9  A  B  C  D  E  F      | 0123456789ABCDEF
    -----------------------------------------------------  ----------------------
      0 | 0E 1E 0A 00 16 98 10 01 16 07 0F BF D3 15 11 44    0 | ...............D
      1 | 1B 2F 03 C1 64 3B EE C3 00 00 00 00 00 32 64 00    1 | ./..d;.......2d.
      2 | 00 99 00 00 00 08 00 28 00 01 00 00 00 00 00 00    2 | .......(........
      3 | 06 00 CA 07 58 2D 33 32 00 00 00 00 -- -- -- --    3 | ....X-32....----

NPC ID: 17863399
  Name: Ramblix
  POLUtils_Name: Ramblix
  Type: Simple NPC
  XYZR: 536.272, -11.893, -470.391, 64
  Mask: 00001111
        |  0  1  2  3  4  5  6  7  8  9  A  B  C  D  E  F      | 0123456789ABCDEF
    -----------------------------------------------------  ----------------------
      0 | 0E 20 0A 00 E7 92 10 01 E7 02 0F 40 68 11 06 44    0 | . .........@h..D
      1 | BA 49 3E C1 0C 32 EB C3 00 00 00 00 32 32 64 00    1 | .I>..2......22d.
      2 | 06 1B 00 00 00 00 00 20 00 00 00 00 00 00 00 00    2 | ....... ........
      3 | 00 00 55 00 52 61 6D 62 6C 69 78 00 00 00 00 00    3 | ..U.Ramblix.....

NPC ID: 17863400
  Name: GoblinFootprin
  POLUtils_Name: Goblin Footprint
  Type: Simple NPC
  XYZR: 536.272, -11.893, -470.391, 64
  Mask: 00001111
        |  0  1  2  3  4  5  6  7  8  9  A  B  C  D  E  F      | 0123456789ABCDEF
    -----------------------------------------------------  ----------------------
      0 | 0E 24 0A 00 E8 92 10 01 E8 02 0F 40 68 11 06 44    0 | .$.........@h..D
      1 | BA 49 3E C1 0C 32 EB C3 01 00 00 00 32 32 64 00    1 | .I>..2......22d.
      2 | 00 03 00 00 00 00 00 00 00 00 00 00 00 00 00 00    2 | ................
      3 | 00 00 34 00 47 6F 62 6C 69 6E 46 6F 6F 74 70 72    3 | ..4.GoblinFootpr
      4 | 69 6E 00 00 00 00 00 00 -- -- -- -- -- -- -- --    4 | in......--------

NPC ID: 17863389
  Name: _7df
  POLUtils_Name: NPC
  Type: Simple NPC
  XYZR: 440.000, -18.879, -320.000, 0
  Mask: 00000111
        |  0  1  2  3  4  5  6  7  8  9  A  B  C  D  E  F      | 0123456789ABCDEF
    -----------------------------------------------------  ----------------------
      0 | 0E 20 37 02 DD 92 10 01 DD 02 07 00 00 00 DC 43    0 | . 7............C
      1 | 31 08 97 C1 00 00 A0 C3 01 00 00 00 32 32 64 09    1 | 1...........22d.
      2 | 00 03 18 00 00 00 00 00 A0 00 00 00 00 00 00 00    2 | ................
      3 | 02 00 00 00 5F 37 64 66 00 00 00 00 00 00 00 00    3 | ...._7df........

NPC ID: 17863401
  Name: DauntingEmanat
  POLUtils_Name: Daunting Emanation
  Type: Simple NPC
  XYZR: 500.577, -15.744, -385.059, 178
  Mask: 00001111
        |  0  1  2  3  4  5  6  7  8  9  A  B  C  D  E  F      | 0123456789ABCDEF
    -----------------------------------------------------  ----------------------
      0 | 0E 24 42 02 E9 92 10 01 E9 02 0F B2 DB 49 FA 43    0 | .$B..........I.C
      1 | 6D E7 7B C1 8D 87 C0 C3 01 00 00 00 32 32 64 00    1 | m.{.........22d.
      2 | 00 03 00 00 00 00 00 00 00 00 00 00 00 00 00 00    2 | ................
      3 | 00 00 34 00 44 61 75 6E 74 69 6E 67 45 6D 61 6E    3 | ..4.DauntingEman
      4 | 61 74 00 00 00 00 00 00 -- -- -- -- -- -- -- --    4 | at......--------

NPC ID: 17863313
  Name: JGL_BUILD_MASTE
  POLUtils_Name: JGL_BUILD_MASTER_0
  Type: Simple NPC
  XYZR: 452.000, -15.687, -332.000, 0
  Mask: 00001111
        |  0  1  2  3  4  5  6  7  8  9  A  B  C  D  E  F      | 0123456789ABCDEF
    -----------------------------------------------------  ----------------------
      0 | 0E 24 64 02 91 92 10 01 91 02 0F 00 00 00 E2 43    0 | .$d............C
      1 | F4 FD 7A C1 00 00 A6 C3 01 00 00 00 32 32 64 00    1 | ..z.........22d.
      2 | 02 03 00 00 00 00 00 00 00 00 00 00 00 00 00 00    2 | ................
      3 | 00 00 32 00 4A 47 4C 5F 42 55 49 4C 44 5F 4D 41    3 | ..2.JGL_BUILD_MA
      4 | 53 54 45 00 00 00 00 00 -- -- -- -- -- -- -- --    4 | STE.....--------

NPC ID: 17863404
  Name: Borghest
  POLUtils_Name: Borghest
  Type: Equipped NPC
  XYZR: 438.550, -15.385, -345.807, 251
  Mask: 01010111
        |  0  1  2  3  4  5  6  7  8  9  A  B  C  D  E  F      | 0123456789ABCDEF
    -----------------------------------------------------  ----------------------
      0 | 0E 28 66 02 EC 92 10 01 EC 02 57 FB 66 46 DB 43    0 | .(f.......W.fF.C
      1 | F6 28 76 C1 4C E7 AC C3 17 00 00 00 32 32 64 00    1 | .(v.L.......22d.
      2 | 00 1B 00 00 00 00 00 20 00 00 00 00 00 00 00 00    2 | ....... ........
      3 | 01 00 04 08 81 10 6E 20 0F 30 94 40 0E 50 62 60    3 | ......n .0.@.Pb`
      4 | 00 70 00 00 00 00 00 00 00 00 00 00 00 00 00 00    4 | .p..............

NPC ID: 17863417
  Name: Silent Rooster
  POLUtils_Name: Silent Rooster
  Type: Equipped NPC
  XYZR: 464.992, -15.869, -315.461, 104
  Mask: 01010111
        |  0  1  2  3  4  5  6  7  8  9  A  B  C  D  E  F      | 0123456789ABCDEF
    -----------------------------------------------------  ----------------------
      0 | 0E 2C 68 02 F9 92 10 01 F9 02 57 68 FA 7E E8 43    0 | .,h.......Wh.~.C
      1 | 6D E7 7D C1 02 BB 9D C3 06 00 00 00 32 32 64 00    1 | m.}.........22d.
      2 | 00 1B 00 00 00 00 00 20 00 00 00 00 00 00 00 00    2 | ....... ........
      3 | 01 00 0E 08 14 10 8E 20 00 30 39 40 39 50 00 60    3 | ....... .09@9P.`
      4 | 00 70 00 00 00 00 00 00 00 00 00 00 00 00 00 00    4 | .p..............
      5 | 00 00 00 00 00 00 00 00 -- -- -- -- -- -- -- --    5 | ........--------

NPC ID: 17863410
  Name: Hegnor
  POLUtils_Name: Hegnor
  Type: Equipped NPC
  XYZR: 454.000, -15.900, -318.000, 64
  Mask: 01010111
        |  0  1  2  3  4  5  6  7  8  9  A  B  C  D  E  F      | 0123456789ABCDEF
    -----------------------------------------------------  ----------------------
      0 | 0E 28 69 02 F2 92 10 01 F2 02 57 40 00 00 E3 43    0 | .(i.......W@...C
      1 | 66 66 7E C1 00 00 9F C3 08 00 00 00 32 32 64 00    1 | ff~.........22d.
      2 | 00 1B 00 00 00 00 00 20 00 00 01 00 00 00 00 00    2 | ....... ........
      3 | 01 00 0B 08 00 10 17 20 00 30 02 40 02 50 00 60    3 | ....... .0.@.P.`
      4 | 00 70 00 00 00 00 00 00 00 00 00 00 00 00 00 00    4 | .p..............

NPC ID: 17863329
  Name: NPC[2a1]
  POLUtils_Name: NPC
  Type: Simple NPC
  XYZR: 452.000, -16.100, -320.000, 32
  Mask: 00001111
        |  0  1  2  3  4  5  6  7  8  9  A  B  C  D  E  F      | 0123456789ABCDEF
    -----------------------------------------------------  ----------------------
      0 | 0E 20 69 02 A1 92 10 01 A1 02 0F 20 00 00 E2 43    0 | . i........ ...C
      1 | CD CC 80 C1 00 00 A0 C3 01 00 00 00 32 32 64 00    1 | ............22d.
      2 | 00 1B 08 00 00 00 00 22 00 00 00 68 00 00 00 00    2 | ......."...h....
      3 | 00 00 DB 0A 4E 50 43 5B 32 61 31 5D 00 00 00 00    3 | ....NPC[2a1]....

NPC ID: 17863327
  Name: NPC[29f]
  POLUtils_Name: NPC
  Type: Simple NPC
  XYZR: 448.000, -16.300, -324.000, 32
  Mask: 00001111
        |  0  1  2  3  4  5  6  7  8  9  A  B  C  D  E  F      | 0123456789ABCDEF
    -----------------------------------------------------  ----------------------
      0 | 0E 20 69 02 9F 92 10 01 9F 02 0F 20 00 00 E0 43    0 | . i........ ...C
      1 | 66 66 82 C1 00 00 A2 C3 01 00 00 00 32 32 64 00    1 | ff..........22d.
      2 | 00 1B 08 00 00 00 00 22 00 00 00 68 00 00 00 00    2 | ......."...h....
      3 | 00 00 DB 0A 4E 50 43 5B 32 39 66 5D 00 00 00 00    3 | ....NPC[29f]....

NPC ID: 17863328
  Name: NPC[2a0]
  POLUtils_Name: NPC
  Type: Simple NPC
  XYZR: 450.000, -16.200, -322.000, 32
  Mask: 00001111
        |  0  1  2  3  4  5  6  7  8  9  A  B  C  D  E  F      | 0123456789ABCDEF
    -----------------------------------------------------  ----------------------
      0 | 0E 20 69 02 A0 92 10 01 A0 02 0F 20 00 00 E1 43    0 | . i........ ...C
      1 | 9A 99 81 C1 00 00 A1 C3 01 00 00 00 32 32 64 00    1 | ............22d.
      2 | 00 1B 08 00 00 00 00 22 00 00 00 68 00 00 00 00    2 | ......."...h....
      3 | 00 00 DB 0A 4E 50 43 5B 32 61 30 5D 00 00 00 00    3 | ....NPC[2a0]....

NPC ID: 17863326
  Name: NPC[29e]
  POLUtils_Name: NPC
  Type: Simple NPC
  XYZR: 444.000, -16.300, -328.000, 32
  Mask: 00001111
        |  0  1  2  3  4  5  6  7  8  9  A  B  C  D  E  F      | 0123456789ABCDEF
    -----------------------------------------------------  ----------------------
      0 | 0E 20 69 02 9E 92 10 01 9E 02 0F 20 00 00 DE 43    0 | . i........ ...C
      1 | 66 66 82 C1 00 00 A4 C3 01 00 00 00 32 32 64 00    1 | ff..........22d.
      2 | 00 1B 08 00 00 00 00 22 00 00 00 68 00 00 00 00    2 | ......."...h....
      3 | 00 00 DB 0A 4E 50 43 5B 32 39 65 5D 00 00 00 00    3 | ....NPC[29e]....

NPC ID: 17863325
  Name: NPC[29d]
  POLUtils_Name: NPC
  Type: Simple NPC
  XYZR: 442.000, -16.200, -330.000, 32
  Mask: 00001111
        |  0  1  2  3  4  5  6  7  8  9  A  B  C  D  E  F      | 0123456789ABCDEF
    -----------------------------------------------------  ----------------------
      0 | 0E 20 69 02 9D 92 10 01 9D 02 0F 20 00 00 DD 43    0 | . i........ ...C
      1 | 9A 99 81 C1 00 00 A5 C3 01 00 00 00 32 32 64 00    1 | ............22d.
      2 | 00 1B 08 00 00 00 00 22 00 00 00 68 00 00 00 00    2 | ......."...h....
      3 | 00 00 DB 0A 4E 50 43 5B 32 39 64 5D 00 00 00 00    3 | ....NPC[29d]....

NPC ID: 17863324
  Name: NPC[29c]
  POLUtils_Name: NPC
  Type: Simple NPC
  XYZR: 440.000, -16.100, -332.000, 32
  Mask: 00001111
        |  0  1  2  3  4  5  6  7  8  9  A  B  C  D  E  F      | 0123456789ABCDEF
    -----------------------------------------------------  ----------------------
      0 | 0E 20 69 02 9C 92 10 01 9C 02 0F 20 00 00 DC 43    0 | . i........ ...C
      1 | CD CC 80 C1 00 00 A6 C3 01 00 00 00 32 32 64 00    1 | ............22d.
      2 | 00 1B 08 00 00 00 00 22 00 00 00 68 00 00 00 00    2 | ......."...h....
      3 | 00 00 DB 0A 4E 50 43 5B 32 39 63 5D 00 00 00 00    3 | ....NPC[29c]....

NPC ID: 17863416
  Name: Apolliane
  POLUtils_Name: Apolliane
  Type: Equipped NPC
  XYZR: 447.088, -15.847, -320.441, 159
  Mask: 01010111
        |  0  1  2  3  4  5  6  7  8  9  A  B  C  D  E  F      | 0123456789ABCDEF
    -----------------------------------------------------  ----------------------
      0 | 0E 2A 6A 02 F8 92 10 01 F8 02 57 9F 44 8B DF 43    0 | .*j.......W.D..C
      1 | 50 8D 7D C1 73 38 A0 C3 17 00 00 00 32 32 64 00    1 | P.}.s8......22d.
      2 | 00 1B 00 00 00 00 00 20 00 00 00 00 00 00 00 00    2 | ....... ........
      3 | 01 00 09 04 00 10 17 20 00 30 02 40 02 50 00 60    3 | ....... .0.@.P.`
      4 | 00 70 00 00 00 00 00 00 00 00 00 00 00 00 00 00    4 | .p..............
      5 | 00 00 00 00 -- -- -- -- -- -- -- -- -- -- -- --    5 | ....------------

NPC ID: 17863449
  Name: Station Administrator
  POLUtils_Name: Station Administrator
  Type: Equipped NPC
  XYZR: 442.517, -16.000, -326.096, 28
  Mask: 01010111
        |  0  1  2  3  4  5  6  7  8  9  A  B  C  D  E  F      | 0123456789ABCDEF
    -----------------------------------------------------  ----------------------
      0 | 0E 2C 6A 02 19 93 10 01 19 03 57 1C 2D 42 DD 43    0 | .,j.......W.-B.C
      1 | 00 00 80 C1 4A 0C A3 C3 10 00 00 00 32 32 64 00    1 | ....J.......22d.
      2 | 00 03 00 00 00 00 00 00 00 00 00 00 00 00 00 00    2 | ................
      3 | 01 00 02 05 18 10 31 20 00 30 AB 40 63 50 00 60    3 | ......1 .0.@cP.`
      4 | 00 70 00 00 00 00 00 00 00 00 00 00 00 00 00 00    4 | .p..............
      5 | 00 00 00 00 00 00 00 00 -- -- -- -- -- -- -- --    5 | ........--------

NPC ID: 17863392
  Name: Waypoint
  POLUtils_Name: Waypoint
  Type: Simple NPC
  XYZR: 443.728, -16.000, -324.428, 0
  Mask: 00001111
        |  0  1  2  3  4  5  6  7  8  9  A  B  C  D  E  F      | 0123456789ABCDEF
    -----------------------------------------------------  ----------------------
      0 | 0E 20 6A 02 E0 92 10 01 E0 02 0F 00 2F DD DD 43    0 | . j........./..C
      1 | 00 00 80 C1 C9 36 A2 C3 01 80 00 00 32 32 64 00    1 | .....6......22d.
      2 | 00 03 00 00 00 00 00 02 20 00 00 20 00 00 00 00    2 | ........ .. ....
      3 | 00 00 74 09 57 61 79 70 6F 69 6E 74 00 00 00 00    3 | ..t.Waypoint....

NPC ID: 17863418
  Name: Vestavius
  POLUtils_Name: Vestavius
  Type: Equipped NPC
  XYZR: 446.008, -16.000, -318.929, 40
  Mask: 01010111
        |  0  1  2  3  4  5  6  7  8  9  A  B  C  D  E  F      | 0123456789ABCDEF
    -----------------------------------------------------  ----------------------
      0 | 0E 2A 6B 02 FA 92 10 01 FA 02 57 28 06 01 DF 43    0 | .*k.......W(...C
      1 | 00 00 80 C1 E9 76 9F C3 08 00 00 00 32 32 64 00    1 | .....v......22d.
      2 | 00 1B 00 00 00 00 00 20 00 00 01 00 00 00 00 00    2 | ....... ........
      3 | 01 00 0E 01 00 10 21 20 66 30 A4 40 A4 50 00 60    3 | ......! f0.@.P.`
      4 | 00 70 00 00 00 00 00 00 00 00 00 00 00 00 00 00    4 | .p..............
      5 | 00 00 00 00 -- -- -- -- -- -- -- -- -- -- -- --    5 | ....------------

NPC ID: 17863341
  Name: NPC[2ad]
  POLUtils_Name: NPC
  Type: Simple NPC
  XYZR: 448.000, -16.375, -318.000, 32
  Mask: 00001111
        |  0  1  2  3  4  5  6  7  8  9  A  B  C  D  E  F      | 0123456789ABCDEF
    -----------------------------------------------------  ----------------------
      0 | 0E 20 6B 02 AD 92 10 01 AD 02 0F 20 00 00 E0 43    0 | . k........ ...C
      1 | 00 00 83 C1 00 00 9F C3 01 00 00 00 32 32 64 00    1 | ............22d.
      2 | 00 1B 08 00 00 00 00 22 00 00 04 68 00 00 00 00    2 | ......."...h....
      3 | 00 00 6B 09 4E 50 43 5B 32 61 64 5D 00 00 00 00    3 | ..k.NPC[2ad]....

NPC ID: 17863340
  Name: NPC[2ac]
  POLUtils_Name: NPC
  Type: Simple NPC
  XYZR: 438.000, -16.304, -328.000, 32
  Mask: 00001111
        |  0  1  2  3  4  5  6  7  8  9  A  B  C  D  E  F      | 0123456789ABCDEF
    -----------------------------------------------------  ----------------------
      0 | 0E 20 6B 02 AC 92 10 01 AC 02 0F 20 00 00 DB 43    0 | . k........ ...C
      1 | 98 6E 82 C1 00 00 A4 C3 01 00 00 00 32 32 64 00    1 | .n..........22d.
      2 | 00 1B 08 00 00 00 00 22 00 00 04 68 00 00 00 00    2 | ......."...h....
      3 | 00 00 6B 09 4E 50 43 5B 32 61 63 5D 00 00 00 00    3 | ..k.NPC[2ac]....

NPC ID: 17863461
  Name: Station Worker
  POLUtils_Name: Station Worker
  Type: Equipped NPC
  XYZR: 434.000, -16.709, -330.000, 0
  Mask: 01010111
        |  0  1  2  3  4  5  6  7  8  9  A  B  C  D  E  F      | 0123456789ABCDEF
    -----------------------------------------------------  ----------------------
      0 | 0E 2C 6C 02 25 93 10 01 25 03 57 00 00 00 D9 43    0 | .,l.%...%.W....C
      1 | 08 AC 85 C1 00 00 A5 C3 10 00 00 00 32 32 64 00    1 | ............22d.
      2 | 00 03 00 00 00 00 00 00 00 00 00 00 00 00 00 00    2 | ................
      3 | 01 00 02 03 00 10 A2 20 18 30 57 41 57 51 00 60    3 | ....... .0WAWQ.`
      4 | 00 70 00 00 00 00 00 00 00 00 00 00 00 00 00 00    4 | .p..............
      5 | 00 00 00 00 00 00 00 00 -- -- -- -- -- -- -- --    5 | ........--------

NPC ID: 17863468
  Name: Delivery Specialist
  POLUtils_Name: Delivery Specialist
  Type: Equipped NPC
  XYZR: 432.328, -16.247, -327.445, 21
  Mask: 01010111
        |  0  1  2  3  4  5  6  7  8  9  A  B  C  D  E  F      | 0123456789ABCDEF
    -----------------------------------------------------  ----------------------
      0 | 0E 2C 6D 02 2C 93 10 01 2C 03 57 15 FC 29 D8 43    0 | .,m.,...,.W..).C
      1 | DB F9 81 C1 F6 B8 A3 C3 07 00 00 00 32 32 64 00    1 | ............22d.
      2 | 00 03 00 00 00 00 00 00 00 00 01 00 00 00 00 00    2 | ................
      3 | 01 00 01 05 00 10 17 20 00 30 02 40 02 50 00 60    3 | ....... .0.@.P.`
      4 | 00 70 00 00 00 00 00 00 00 00 00 00 00 00 00 00    4 | .p..............
      5 | 00 00 00 00 00 00 00 00 -- -- -- -- -- -- -- --    5 | ........--------

NPC ID: 17863398
  Name: dmat
  POLUtils_Name: dmat
  Type: Simple NPC
  XYZR: 435.000, -16.000, -316.000, 64
  Mask: 00001111
        |  0  1  2  3  4  5  6  7  8  9  A  B  C  D  E  F      | 0123456789ABCDEF
    -----------------------------------------------------  ----------------------
      0 | 0E 1E 70 02 E6 92 10 01 E6 02 0F 40 00 80 D9 43    0 | ..p........@...C
      1 | 00 00 80 C1 00 00 9E C3 08 00 00 00 32 32 64 00    1 | ............22d.
      2 | 02 1B 00 00 00 00 00 20 00 00 00 00 00 00 00 00    2 | ....... ........
      3 | 00 00 52 00 64 6D 61 74 00 00 00 00 -- -- -- --    3 | ..R.dmat....----

NPC ID: 17863432
  Name: Orsa-Porsa
  POLUtils_Name: Orsa-Porsa
  Type: Equipped NPC
  XYZR: 442.529, -16.000, -312.410, 50
  Mask: 01010111
        |  0  1  2  3  4  5  6  7  8  9  A  B  C  D  E  F      | 0123456789ABCDEF
    -----------------------------------------------------  ----------------------
      0 | 0E 2A 70 02 08 93 10 01 08 03 57 32 B6 43 DD 43    0 | .*p.......W2.C.C
      1 | 00 00 80 C1 7B 34 9C C3 17 00 00 00 32 32 64 00    1 | ....{4......22d.
      2 | 00 1B 00 00 00 00 00 20 00 00 01 00 00 00 00 00    2 | ....... ........
      3 | 01 00 09 05 00 10 17 20 00 30 02 40 02 50 00 60    3 | ....... .0.@.P.`
      4 | 00 70 00 00 00 00 00 00 00 00 00 00 00 00 00 00    4 | .p..............
      5 | 00 00 00 00 -- -- -- -- -- -- -- -- -- -- -- --    5 | ....------------

NPC ID: 17862664
  Name: FrostyTwithery
  POLUtils_Name: Frosty Twitherym
  Type: Simple NPC
  XYZR: 438.159, -16.500, -478.116, 125
  Mask: 00001111
        |  0  1  2  3  4  5  6  7  8  9  A  B  C  D  E  F      | 0123456789ABCDEF
    -----------------------------------------------------  ----------------------
      0 | 0E 24 4B 03 08 90 10 01 08 00 0F 7D 5A 14 DB 43    0 | .$K........}Z..C
      1 | 00 00 84 C1 D9 0E EF C3 BF 00 00 00 28 28 64 00    1 | ............((d.
      2 | 01 81 00 00 00 06 00 40 00 00 00 00 00 00 00 00    2 | .......@........
      3 | 00 00 E7 09 46 72 6F 73 74 79 54 77 69 74 68 65    3 | ....FrostyTwithe
      4 | 72 79 00 00 00 00 00 00 -- -- -- -- -- -- -- --    4 | ry......--------

NPC ID: 17862663
  Name: FrostyTwithery
  POLUtils_Name: Frosty Twitherym
  Type: Simple NPC
  XYZR: 440.412, -16.517, -480.152, 43
  Mask: 00001111
        |  0  1  2  3  4  5  6  7  8  9  A  B  C  D  E  F      | 0123456789ABCDEF
    -----------------------------------------------------  ----------------------
      0 | 0E 24 4B 03 07 90 10 01 07 00 0F 2B BC 34 DC 43    0 | .$K........+.4.C
      1 | D1 22 84 C1 75 13 F0 C3 21 00 00 00 28 28 64 00    1 | ."..u...!...((d.
      2 | 01 81 00 00 00 06 00 40 00 00 00 00 00 00 00 00    2 | .......@........
      3 | 00 00 E7 09 46 72 6F 73 74 79 54 77 69 74 68 65    3 | ....FrostyTwithe
      4 | 72 79 00 00 00 00 00 00 -- -- -- -- -- -- -- --    4 | ry......--------

NPC ID: 17862662
  Name: FrostyTwithery
  POLUtils_Name: Frosty Twitherym
  Type: Simple NPC
  XYZR: 436.890, -16.574, -483.379, 52
  Mask: 00001111
        |  0  1  2  3  4  5  6  7  8  9  A  B  C  D  E  F      | 0123456789ABCDEF
    -----------------------------------------------------  ----------------------
      0 | 0E 24 4C 03 06 90 10 01 06 00 0F 34 EC 71 DA 43    0 | .$L........4.q.C
      1 | 8D 97 84 C1 83 B0 F1 C3 0E 01 00 00 28 28 64 00    1 | ............((d.
      2 | 01 81 00 00 00 06 00 40 00 00 00 00 00 00 00 00    2 | .......@........
      3 | 00 00 E7 09 46 72 6F 73 74 79 54 77 69 74 68 65    3 | ....FrostyTwithe
      4 | 72 79 00 00 00 00 00 00 -- -- -- -- -- -- -- --    4 | ry......--------

NPC ID: 17862695
  Name: MacaMaca
  POLUtils_Name: Maca Maca
  Type: Simple NPC
  XYZR: 320.308, -16.294, -440.205, 14
  Mask: 00001111
        |  0  1  2  3  4  5  6  7  8  9  A  B  C  D  E  F      | 0123456789ABCDEF
    -----------------------------------------------------  ----------------------
      0 | 0E 20 82 03 27 90 10 01 27 00 0F 0E 6D 27 A0 43    0 | . ..'...'...m'.C
      1 | 1D 5A 82 C1 3D 1A DC C3 44 01 00 00 28 28 64 00    1 | .Z..=...D...((d.
      2 | 01 81 00 00 00 06 00 00 00 00 00 00 00 00 00 00    2 | ................
      3 | 00 00 2D 01 4D 61 63 61 4D 61 63 61 00 00 00 00    3 | ..-.MacaMaca....

NPC ID: 17862701
  Name: FrostyTwithery
  POLUtils_Name: Frosty Twitherym
  Type: Simple NPC
  XYZR: 314.378, -16.458, -449.248, 247
  Mask: 00001111
        |  0  1  2  3  4  5  6  7  8  9  A  B  C  D  E  F      | 0123456789ABCDEF
    -----------------------------------------------------  ----------------------
      0 | 0E 24 85 03 2D 90 10 01 2D 00 0F F7 62 30 9D 43    0 | .$..-...-...b0.C
      1 | FC A9 83 C1 BE 9F E0 C3 C1 02 00 00 28 28 64 00    1 | ............((d.
      2 | 01 81 00 00 00 06 00 40 00 00 00 00 00 00 00 00    2 | .......@........
      3 | 00 00 E7 09 46 72 6F 73 74 79 54 77 69 74 68 65    3 | ....FrostyTwithe
      4 | 72 79 00 00 00 00 00 00 -- -- -- -- -- -- -- --    4 | ry......--------

NPC ID: 17862699
  Name: FrostyTwithery
  POLUtils_Name: Frosty Twitherym
  Type: Simple NPC
  XYZR: 311.895, -16.218, -440.587, 112
  Mask: 00001111
        |  0  1  2  3  4  5  6  7  8  9  A  B  C  D  E  F      | 0123456789ABCDEF
    -----------------------------------------------------  ----------------------
      0 | 0E 24 85 03 2B 90 10 01 2B 00 0F 70 8F F2 9B 43    0 | .$..+...+..p...C
      1 | 77 BE 81 C1 23 4B DC C3 B5 02 00 00 28 28 64 00    1 | w...#K......((d.
      2 | 01 81 00 00 00 06 00 40 00 00 00 00 00 00 00 00    2 | .......@........
      3 | 00 00 E7 09 46 72 6F 73 74 79 54 77 69 74 68 65    3 | ....FrostyTwithe
      4 | 72 79 00 00 00 00 00 00 -- -- -- -- -- -- -- --    4 | ry......--------

NPC ID: 17862698
  Name: MacaMaca
  POLUtils_Name: Maca Maca
  Type: Simple NPC
  XYZR: 314.973, -16.276, -458.785, 38
  Mask: 00001111
        |  0  1  2  3  4  5  6  7  8  9  A  B  C  D  E  F      | 0123456789ABCDEF
    -----------------------------------------------------  ----------------------
      0 | 0E 20 86 03 2A 90 10 01 2A 00 0F 26 8B 7C 9D 43    0 | . ..*...*..&.|.C
      1 | 3F 35 82 C1 7B 64 E5 C3 9B 02 00 00 28 28 64 00    1 | ?5..{d......((d.
      2 | 01 81 00 00 00 06 00 00 00 00 00 00 00 00 00 00    2 | ................
      3 | 00 00 2D 01 4D 61 63 61 4D 61 63 61 00 00 00 00    3 | ..-.MacaMaca....

NPC ID: 17862700
  Name: FrostyTwithery
  POLUtils_Name: Frosty Twitherym
  Type: Simple NPC
  XYZR: 308.414, -15.880, -430.123, 166
  Mask: 00001111
        |  0  1  2  3  4  5  6  7  8  9  A  B  C  D  E  F      | 0123456789ABCDEF
    -----------------------------------------------------  ----------------------
      0 | 0E 24 86 03 2C 90 10 01 2C 00 0F A6 FE 34 9A 43    0 | .$..,...,....4.C
      1 | 7B 14 7E C1 BE 0F D7 C3 C0 05 00 00 28 28 64 00    1 | {.~.........((d.
      2 | 01 81 00 00 00 06 00 40 00 00 00 00 00 00 00 00    2 | .......@........
      3 | 00 00 E7 09 46 72 6F 73 74 79 54 77 69 74 68 65    3 | ....FrostyTwithe
      4 | 72 79 00 00 00 00 00 00 -- -- -- -- -- -- -- --    4 | ry......--------

NPC ID: 17862697
  Name: MacaMaca
  POLUtils_Name: Maca Maca
  Type: Simple NPC
  XYZR: 308.122, -16.579, -455.136, 122
  Mask: 00001111
        |  0  1  2  3  4  5  6  7  8  9  A  B  C  D  E  F      | 0123456789ABCDEF
    -----------------------------------------------------  ----------------------
      0 | 0E 20 87 03 29 90 10 01 29 00 0F 7A 9E 0F 9A 43    0 | . ..)...)..z...C
      1 | CB A1 84 C1 68 91 E3 C3 AA 04 00 00 28 28 64 00    1 | ....h.......((d.
      2 | 01 81 00 00 00 06 00 00 00 00 00 00 00 00 00 00    2 | ................
      3 | 00 00 2D 01 4D 61 63 61 4D 61 63 61 00 00 00 00    3 | ..-.MacaMaca....

NPC ID: 17863445
  Name: ???
  POLUtils_Name: ???
  Type: Simple NPC
  XYZR: 362.000, -16.105, -490.000, 0
  Mask: 00001111
        |  0  1  2  3  4  5  6  7  8  9  A  B  C  D  E  F      | 0123456789ABCDEF
    -----------------------------------------------------  ----------------------
      0 | 0E 1E 8A 03 15 93 10 01 15 03 0F 00 00 00 B5 43    0 | ...............C
      1 | 0A D7 80 C1 00 00 F5 C3 01 00 00 00 32 32 64 00    1 | ............22d.
      2 | 00 03 00 00 00 00 00 00 00 00 00 00 00 00 00 00    2 | ................
      3 | 00 00 34 00 3F 3F 3F 00 00 00 00 00 -- -- -- --    3 | ..4.???.....----

NPC ID: 17863292
  Name: ShimmeringTari
  POLUtils_Name: Shimmering Tarichuk
  Type: Simple NPC
  XYZR: 362.000, -16.500, -490.000, 153
  Mask: 00001111
        |  0  1  2  3  4  5  6  7  8  9  A  B  C  D  E  F      | 0123456789ABCDEF
    -----------------------------------------------------  ----------------------
      0 | 0E 24 8A 03 7C 92 10 01 7C 02 0F 99 00 00 B5 43    0 | .$..|...|......C
      1 | 00 00 84 C1 00 00 F5 C3 21 03 00 00 28 28 00 03    1 | ........!...((..
      2 | 07 87 00 00 00 10 00 00 20 00 00 00 92 82 04 00    2 | ........ .......
      3 | 00 00 46 05 53 68 69 6D 6D 65 72 69 6E 67 54 61    3 | ..F.ShimmeringTa
      4 | 72 69 00 00 00 00 00 00 -- -- -- -- -- -- -- --    4 | ri......--------

NPC ID: 17862696
  Name: MacaMaca
  POLUtils_Name: Maca Maca
  Type: Simple NPC
  XYZR: 294.747, -15.825, -434.249, 245
  Mask: 00001111
        |  0  1  2  3  4  5  6  7  8  9  A  B  C  D  E  F      | 0123456789ABCDEF
    -----------------------------------------------------  ----------------------
      0 | 0E 20 8B 03 28 90 10 01 28 00 0F F5 9E 5F 93 43    0 | . ..(...(...._.C
      1 | 33 33 7D C1 DF 1F D9 C3 E3 01 00 00 28 28 64 00    1 | 33}.........((d.
      2 | 01 81 00 00 00 06 00 00 00 00 00 00 00 00 00 00    2 | ................
      3 | 00 00 2D 01 4D 61 63 61 4D 61 63 61 00 00 00 00    3 | ..-.MacaMaca....

NPC ID: 17862702
  Name: FrostyTwithery
  POLUtils_Name: Frosty Twitherym
  Type: Simple NPC
  XYZR: 287.790, -16.064, -428.658, 28
  Mask: 00001111
        |  0  1  2  3  4  5  6  7  8  9  A  B  C  D  E  F      | 0123456789ABCDEF
    -----------------------------------------------------  ----------------------
      0 | 0E 24 8E 03 2E 90 10 01 2E 00 0F 1C 1F E5 8F 43    0 | .$.............C
      1 | 12 83 80 C1 39 54 D6 C3 49 00 00 00 28 28 64 00    1 | ....9T..I...((d.
      2 | 01 81 00 00 00 06 00 40 00 00 00 00 00 00 00 00    2 | .......@........
      3 | 00 00 E7 09 46 72 6F 73 74 79 54 77 69 74 68 65    3 | ....FrostyTwithe
      4 | 72 79 00 00 00 00 00 00 -- -- -- -- -- -- -- --    4 | ry......--------

NPC ID: 17862693
  Name: FrostyTwithery
  POLUtils_Name: Frosty Twitherym
  Type: Simple NPC
  XYZR: 301.055, -16.466, -383.955, 3
  Mask: 00001111
        |  0  1  2  3  4  5  6  7  8  9  A  B  C  D  E  F      | 0123456789ABCDEF
    -----------------------------------------------------  ----------------------
      0 | 0E 24 94 03 25 90 10 01 25 00 0F 03 0A 87 96 43    0 | .$..%...%......C
      1 | 5E BA 83 C1 3D FA BF C3 F7 02 00 00 28 28 64 00    1 | ^...=.......((d.
      2 | 01 81 00 00 00 06 00 40 00 00 00 00 00 00 00 00    2 | .......@........
      3 | 00 00 E7 09 46 72 6F 73 74 79 54 77 69 74 68 65    3 | ....FrostyTwithe
      4 | 72 79 00 00 00 00 00 00 -- -- -- -- -- -- -- --    4 | ry......--------

NPC ID: 17862691
  Name: FrostyTwithery
  POLUtils_Name: Frosty Twitherym
  Type: Simple NPC
  XYZR: 301.539, -16.512, -382.149, 103
  Mask: 00001111
        |  0  1  2  3  4  5  6  7  8  9  A  B  C  D  E  F      | 0123456789ABCDEF
    -----------------------------------------------------  ----------------------
      0 | 0E 24 94 03 23 90 10 01 23 00 0F 67 FE C4 96 43    0 | .$..#...#..g...C
      1 | 93 18 84 C1 12 13 BF C3 59 02 00 00 28 28 64 00    1 | ........Y...((d.
      2 | 01 81 00 00 00 06 00 40 00 00 00 00 00 00 00 00    2 | .......@........
      3 | 00 00 E7 09 46 72 6F 73 74 79 54 77 69 74 68 65    3 | ....FrostyTwithe
      4 | 72 79 00 00 00 00 00 00 -- -- -- -- -- -- -- --    4 | ry......--------

NPC ID: 17862688
  Name: MacaMaca
  POLUtils_Name: Maca Maca
  Type: Simple NPC
  XYZR: 292.743, -16.530, -378.283, 205
  Mask: 00001111
        |  0  1  2  3  4  5  6  7  8  9  A  B  C  D  E  F      | 0123456789ABCDEF
    -----------------------------------------------------  ----------------------
      0 | 0E 20 96 03 20 90 10 01 20 00 0F CD 1B 5F 92 43    0 | . .. ... ...._.C
      1 | 71 3D 84 C1 39 24 BD C3 09 02 00 00 28 28 64 00    1 | q=..9$......((d.
      2 | 01 81 00 00 00 06 00 00 00 00 00 00 00 00 00 00    2 | ................
      3 | 00 00 2D 01 4D 61 63 61 4D 61 63 61 00 00 00 00    3 | ..-.MacaMaca....

NPC ID: 17862689
  Name: MacaMaca
  POLUtils_Name: Maca Maca
  Type: Simple NPC
  XYZR: 301.718, -16.564, -374.051, 140
  Mask: 00001111
        |  0  1  2  3  4  5  6  7  8  9  A  B  C  D  E  F      | 0123456789ABCDEF
    -----------------------------------------------------  ----------------------
      0 | 0E 20 96 03 21 90 10 01 21 00 0F 8C E7 DB 96 43    0 | . ..!...!......C
      1 | 12 83 84 C1 87 06 BB C3 17 02 00 00 28 28 64 00    1 | ............((d.
      2 | 01 81 00 00 00 06 00 00 00 00 00 00 00 00 00 00    2 | ................
      3 | 00 00 2D 01 4D 61 63 61 4D 61 63 61 00 00 00 00    3 | ..-.MacaMaca....

NPC ID: 17862687
  Name: MacaMaca
  POLUtils_Name: Maca Maca
  Type: Simple NPC
  XYZR: 280.167, -16.491, -384.524, 88
  Mask: 00001111
        |  0  1  2  3  4  5  6  7  8  9  A  B  C  D  E  F      | 0123456789ABCDEF
    -----------------------------------------------------  ----------------------
      0 | 0E 20 98 03 1F 90 10 01 1F 00 0F 58 60 15 8C 43    0 | . .........X`..C
      1 | 91 ED 83 C1 12 43 C0 C3 1E 03 00 00 28 28 64 00    1 | .....C......((d.
      2 | 01 81 00 00 00 06 00 00 00 00 00 00 00 00 00 00    2 | ................
      3 | 00 00 2D 01 4D 61 63 61 4D 61 63 61 00 00 00 00    3 | ..-.MacaMaca....

NPC ID: 17862692
  Name: FrostyTwithery
  POLUtils_Name: Frosty Twitherym
  Type: Simple NPC
  XYZR: 270.953, -16.408, -377.744, 48
  Mask: 00001111
        |  0  1  2  3  4  5  6  7  8  9  A  B  C  D  E  F      | 0123456789ABCDEF
    -----------------------------------------------------  ----------------------
      0 | 0E 24 9D 03 24 90 10 01 24 00 0F 30 FC 79 87 43    0 | .$..$...$..0.y.C
      1 | 96 43 83 C1 3B DF BC C3 09 02 00 00 28 28 64 00    1 | .C..;.......((d.
      2 | 01 81 00 00 00 06 00 40 00 00 00 00 00 00 00 00    2 | .......@........
      3 | 00 00 E7 09 46 72 6F 73 74 79 54 77 69 74 68 65    3 | ....FrostyTwithe
      4 | 72 79 00 00 00 00 00 00 -- -- -- -- -- -- -- --    4 | ry......--------

NPC ID: 17862690
  Name: MacaMaca
  POLUtils_Name: Maca Maca
  Type: Simple NPC
  XYZR: 260.379, -16.171, -373.720, 240
  Mask: 00001111
        |  0  1  2  3  4  5  6  7  8  9  A  B  C  D  E  F      | 0123456789ABCDEF
    -----------------------------------------------------  ----------------------
      0 | 0E 20 A3 03 22 90 10 01 22 00 0F F0 83 30 82 43    0 | . .."..."....0.C
      1 | 35 5E 81 C1 29 DC BA C3 0F 01 00 00 28 28 64 00    1 | 5^..).......((d.
      2 | 01 81 00 00 00 06 00 00 00 00 00 00 00 00 00 00    2 | ................
      3 | 00 00 2D 01 4D 61 63 61 4D 61 63 61 00 00 00 00    3 | ..-.MacaMaca....

NPC ID: 17862694
  Name: FrostyTwithery
  POLUtils_Name: Frosty Twitherym
  Type: Simple NPC
  XYZR: 264.191, -16.493, -352.866, 213
  Mask: 00001111
        |  0  1  2  3  4  5  6  7  8  9  A  B  C  D  E  F      | 0123456789ABCDEF
    -----------------------------------------------------  ----------------------
      0 | 0E 24 A4 03 26 90 10 01 26 00 0F D5 73 18 84 43    0 | .$..&...&...s..C
      1 | AA F1 83 C1 D9 6E B0 C3 70 04 00 00 28 28 64 00    1 | .....n..p...((d.
      2 | 01 81 00 00 00 06 00 40 00 00 00 00 00 00 00 00    2 | .......@........
      3 | 00 00 E7 09 46 72 6F 73 74 79 54 77 69 74 68 65    3 | ....FrostyTwithe
      4 | 72 79 00 00 00 00 00 00 -- -- -- -- -- -- -- --    4 | ry......--------

NPC ID: 17862683
  Name: FrostyTwithery
  POLUtils_Name: Frosty Twitherym
  Type: Simple NPC
  XYZR: 277.894, -15.909, -269.796, 194
  Mask: 00001111
        |  0  1  2  3  4  5  6  7  8  9  A  B  C  D  E  F      | 0123456789ABCDEF
    -----------------------------------------------------  ----------------------
      0 | 0E 24 B6 03 1B 90 10 01 1B 00 0F C2 6F F2 8A 43    0 | .$..........o..C
      1 | 44 8B 7E C1 E3 E5 86 C3 44 01 00 00 28 28 64 00    1 | D.~.....D...((d.
      2 | 01 81 00 00 00 06 00 40 00 00 00 00 00 00 00 00    2 | .......@........
      3 | 00 00 E7 09 46 72 6F 73 74 79 54 77 69 74 68 65    3 | ....FrostyTwithe
      4 | 72 79 00 00 00 00 00 00 -- -- -- -- -- -- -- --    4 | ry......--------

NPC ID: 17862681
  Name: MacaMaca
  POLUtils_Name: Maca Maca
  Type: Simple NPC
  XYZR: 265.663, -16.341, -257.427, 234
  Mask: 00001111
        |  0  1  2  3  4  5  6  7  8  9  A  B  C  D  E  F      | 0123456789ABCDEF
    -----------------------------------------------------  ----------------------
      0 | 0E 20 BB 03 19 90 10 01 19 00 0F EA DD D4 84 43    0 | . .............C
      1 | 5E BA 82 C1 A8 B6 80 C3 C7 01 00 00 28 28 64 00    1 | ^...........((d.
      2 | 01 81 00 00 00 06 00 00 00 00 00 00 00 00 00 00    2 | ................
      3 | 00 00 2D 01 4D 61 63 61 4D 61 63 61 00 00 00 00    3 | ..-.MacaMaca....

NPC ID: 17862682
  Name: MacaMaca
  POLUtils_Name: Maca Maca
  Type: Simple NPC
  XYZR: 268.803, -16.394, -249.181, 43
  Mask: 00001111
        |  0  1  2  3  4  5  6  7  8  9  A  B  C  D  E  F      | 0123456789ABCDEF
    -----------------------------------------------------  ----------------------
      0 | 0E 20 BD 03 1A 90 10 01 1A 00 0F 2B C9 66 86 43    0 | . .........+.f.C
      1 | E9 26 83 C1 56 2E 79 C3 47 03 00 00 28 28 64 00    1 | .&..V.y.G...((d.
      2 | 01 81 00 00 00 06 00 00 00 00 00 00 00 00 00 00    2 | ................
      3 | 00 00 2D 01 4D 61 63 61 4D 61 63 61 00 00 00 00    3 | ..-.MacaMaca....

NPC ID: 17862684
  Name: FrostyTwithery
  POLUtils_Name: Frosty Twitherym
  Type: Simple NPC
  XYZR: 246.158, -16.423, -273.446, 10
  Mask: 00001111
        |  0  1  2  3  4  5  6  7  8  9  A  B  C  D  E  F      | 0123456789ABCDEF
    -----------------------------------------------------  ----------------------
      0 | 0E 24 BD 03 1C 90 10 01 1C 00 0F 0A 73 28 76 43    0 | .$..........s(vC
      1 | 4E 62 83 C1 17 B9 88 C3 E2 01 00 00 28 28 64 00    1 | Nb..........((d.
      2 | 01 81 00 00 00 06 00 40 00 00 00 00 00 00 00 00    2 | .......@........
      3 | 00 00 E7 09 46 72 6F 73 74 79 54 77 69 74 68 65    3 | ....FrostyTwithe
      4 | 72 79 00 00 00 00 00 00 -- -- -- -- -- -- -- --    4 | ry......--------

NPC ID: 17862685
  Name: FrostyTwithery
  POLUtils_Name: Frosty Twitherym
  Type: Simple NPC
  XYZR: 239.762, -16.340, -243.925, 22
  Mask: 00001111
        |  0  1  2  3  4  5  6  7  8  9  A  B  C  D  E  F      | 0123456789ABCDEF
    -----------------------------------------------------  ----------------------
      0 | 0E 24 C8 03 1D 90 10 01 1D 00 0F 16 12 C3 6F 43    0 | .$............oC
      1 | 52 B8 82 C1 CD EC 73 C3 56 00 00 00 28 28 64 00    1 | R.....s.V...((d.
      2 | 01 81 00 00 00 06 00 40 00 00 00 00 00 00 00 00    2 | .......@........
      3 | 00 00 E7 09 46 72 6F 73 74 79 54 77 69 74 68 65    3 | ....FrostyTwithe
      4 | 72 79 00 00 00 00 00 00 -- -- -- -- -- -- -- --    4 | ry......--------

NPC ID: 17862679
  Name: MacaMaca
  POLUtils_Name: Maca Maca
  Type: Simple NPC
  XYZR: 241.257, -16.220, -240.496, 91
  Mask: 00001111
        |  0  1  2  3  4  5  6  7  8  9  A  B  C  D  E  F      | 0123456789ABCDEF
    -----------------------------------------------------  ----------------------
      0 | 0E 20 C8 03 17 90 10 01 17 00 0F 5B CB 41 71 43    0 | . .........[.AqC
      1 | 8F C2 81 C1 FA 7E 70 C3 94 01 00 00 28 28 64 00    1 | .....~p.....((d.
      2 | 01 81 00 00 00 06 00 00 00 00 00 00 00 00 00 00    2 | ................
      3 | 00 00 2D 01 4D 61 63 61 4D 61 63 61 00 00 00 00    3 | ..-.MacaMaca....

NPC ID: 17862686
  Name: FrostyTwithery
  POLUtils_Name: Frosty Twitherym
  Type: Simple NPC
  XYZR: 238.656, -16.284, -237.836, 160
  Mask: 00001111
        |  0  1  2  3  4  5  6  7  8  9  A  B  C  D  E  F      | 0123456789ABCDEF
    -----------------------------------------------------  ----------------------
      0 | 0E 24 C9 03 1E 90 10 01 1E 00 0F A0 F0 A7 6E 43    0 | .$............nC
      1 | A2 45 82 C1 04 D6 6D C3 FE 02 00 00 28 28 64 00    1 | .E....m.....((d.
      2 | 01 81 00 00 00 06 00 40 00 00 00 00 00 00 00 00    2 | .......@........
      3 | 00 00 E7 09 46 72 6F 73 74 79 54 77 69 74 68 65    3 | ....FrostyTwithe
      4 | 72 79 00 00 00 00 00 00 -- -- -- -- -- -- -- --    4 | ry......--------

NPC ID: 17862678
  Name: FrostyTwithery
  POLUtils_Name: Frosty Twitherym
  Type: Simple NPC
  XYZR: 255.477, -16.269, -211.031, 114
  Mask: 00001111
        |  0  1  2  3  4  5  6  7  8  9  A  B  C  D  E  F      | 0123456789ABCDEF
    -----------------------------------------------------  ----------------------
      0 | 0E 24 CA 03 16 90 10 01 16 00 0F 72 1D 7A 7F 43    0 | .$.........r.z.C
      1 | E9 26 82 C1 F0 07 53 C3 BC 01 00 00 28 28 64 00    1 | .&....S.....((d.
      2 | 01 81 00 00 00 06 00 40 00 00 00 00 00 00 00 00    2 | .......@........
      3 | 00 00 E7 09 46 72 6F 73 74 79 54 77 69 74 68 65    3 | ....FrostyTwithe
      4 | 72 79 00 00 00 00 00 00 -- -- -- -- -- -- -- --    4 | ry......--------

NPC ID: 17862677
  Name: FrostyTwithery
  POLUtils_Name: Frosty Twitherym
  Type: Simple NPC
  XYZR: 261.276, -16.174, -207.998, 56
  Mask: 00001111
        |  0  1  2  3  4  5  6  7  8  9  A  B  C  D  E  F      | 0123456789ABCDEF
    -----------------------------------------------------  ----------------------
      0 | 0E 24 CA 03 15 90 10 01 15 00 0F 38 54 A3 82 43    0 | .$.........8T..C
      1 | 5A 64 81 C1 7D FF 4F C3 FE 02 00 00 28 28 64 00    1 | Zd..}.O.....((d.
      2 | 01 81 00 00 00 06 00 40 00 00 00 00 00 00 00 00    2 | .......@........
      3 | 00 00 E7 09 46 72 6F 73 74 79 54 77 69 74 68 65    3 | ....FrostyTwithe
      4 | 72 79 00 00 00 00 00 00 -- -- -- -- -- -- -- --    4 | ry......--------

NPC ID: 17863362
  Name: SoulPyre
  POLUtils_Name: Soul Pyre
  Type: Simple NPC
  XYZR: 406.765, -16.500, -195.758, 233
  Mask: 00001111
        |  0  1  2  3  4  5  6  7  8  9  A  B  C  D  E  F      | 0123456789ABCDEF
    -----------------------------------------------------  ----------------------
      0 | 0E 20 E7 03 C2 92 10 01 C2 02 0F E9 EC 61 CB 43    0 | . ...........a.C
      1 | 00 00 84 C1 0C C2 43 C3 07 00 00 00 32 32 64 00    1 | ......C.....22d.
      2 | 02 03 08 00 00 00 00 00 00 00 08 78 00 00 00 00    2 | ...........x....
      3 | 00 00 66 05 53 6F 75 6C 50 79 72 65 00 00 00 00    3 | ..f.SoulPyre....

NPC ID: 17862706
  Name: TephraLizard
  POLUtils_Name: Tephra Lizard
  Type: Simple NPC
  XYZR: 413.673, -16.163, -196.873, 68
  Mask: 00001111
        |  0  1  2  3  4  5  6  7  8  9  A  B  C  D  E  F      | 0123456789ABCDEF
    -----------------------------------------------------  ----------------------
      0 | 0E 22 E9 03 32 90 10 01 32 00 0F 44 25 D6 CE 43    0 | ."..2...2..D%..C
      1 | D3 4D 81 C1 7D DF 44 C3 8B 01 00 00 28 28 64 00    1 | .M..}.D.....((d.
      2 | 01 81 00 00 00 0D 00 00 00 00 00 00 00 00 00 00    2 | ................
      3 | 00 00 48 01 54 65 70 68 72 61 4C 69 7A 61 72 64    3 | ..H.TephraLizard
      4 | 00 00 00 00 -- -- -- -- -- -- -- -- -- -- -- --    4 | ....------------

NPC ID: 17862704
  Name: TephraLizard
  POLUtils_Name: Tephra Lizard
  Type: Simple NPC
  XYZR: 417.109, -16.384, -192.582, 231
  Mask: 00001111
        |  0  1  2  3  4  5  6  7  8  9  A  B  C  D  E  F      | 0123456789ABCDEF
    -----------------------------------------------------  ----------------------
      0 | 0E 22 EA 03 30 90 10 01 30 00 0F E7 F4 8D D0 43    0 | ."..0...0......C
      1 | 6F 12 83 C1 FE 94 40 C3 79 01 00 00 28 28 64 00    1 | o.....@.y...((d.
      2 | 01 81 00 00 00 0D 00 00 00 00 00 00 00 00 00 00    2 | ................
      3 | 00 00 48 01 54 65 70 68 72 61 4C 69 7A 61 72 64    3 | ..H.TephraLizard
      4 | 00 00 00 00 -- -- -- -- -- -- -- -- -- -- -- --    4 | ....------------

NPC ID: 17862705
  Name: TephraLizard
  POLUtils_Name: Tephra Lizard
  Type: Simple NPC
  XYZR: 418.055, -16.592, -189.723, 161
  Mask: 00001111
        |  0  1  2  3  4  5  6  7  8  9  A  B  C  D  E  F      | 0123456789ABCDEF
    -----------------------------------------------------  ----------------------
      0 | 0E 22 EB 03 31 90 10 01 31 00 0F A1 0A 07 D1 43    0 | ."..1...1......C
      1 | 6A BC 84 C1 17 B9 3D C3 2C 02 00 00 28 28 64 00    1 | j.....=.,...((d.
      2 | 01 81 00 00 00 0D 00 00 00 00 00 00 00 00 00 00    2 | ................
      3 | 00 00 48 01 54 65 70 68 72 61 4C 69 7A 61 72 64    3 | ..H.TephraLizard
      4 | 00 00 00 00 -- -- -- -- -- -- -- -- -- -- -- --    4 | ....------------

NPC ID: 17862703
  Name: TephraLizard
  POLUtils_Name: Tephra Lizard
  Type: Simple NPC
  XYZR: 424.474, -16.618, -187.447, 228
  Mask: 00001111
        |  0  1  2  3  4  5  6  7  8  9  A  B  C  D  E  F      | 0123456789ABCDEF
    -----------------------------------------------------  ----------------------
      0 | 0E 22 ED 03 2F 90 10 01 2F 00 0F E4 AC 3C D4 43    0 | ."../.../....<.C
      1 | AA F1 84 C1 6F 72 3B C3 81 02 00 00 28 28 64 00    1 | ....or;.....((d.
      2 | 01 81 00 00 00 0D 00 00 00 00 00 00 00 00 00 00    2 | ................
      3 | 00 00 48 01 54 65 70 68 72 61 4C 69 7A 61 72 64    3 | ..H.TephraLizard
      4 | 00 00 00 00 -- -- -- -- -- -- -- -- -- -- -- --    4 | ....------------

NPC ID: 17862707
  Name: SnowcapUmbril
  POLUtils_Name: Snowcap Umbril
  Type: Simple NPC
  XYZR: 434.239, -16.171, -174.581, 182
  Mask: 00001111
        |  0  1  2  3  4  5  6  7  8  9  A  B  C  D  E  F      | 0123456789ABCDEF
    -----------------------------------------------------  ----------------------
      0 | 0E 24 F1 03 33 90 10 01 33 00 0F B6 98 1E D9 43    0 | .$..3...3......C
      1 | 35 5E 81 C1 BC 94 2E C3 64 00 00 00 28 28 64 00    1 | 5^......d...((d.
      2 | 01 81 00 00 00 06 00 02 00 00 05 00 00 00 00 00    2 | ................
      3 | 00 00 05 0A 53 6E 6F 77 63 61 70 55 6D 62 72 69    3 | ....SnowcapUmbri
      4 | 6C 00 00 00 00 00 00 00 -- -- -- -- -- -- -- --    4 | l.......--------

NPC ID: 17862715
  Name: SnowcapUmbril
  POLUtils_Name: Snowcap Umbril
  Type: Simple NPC
  XYZR: 422.720, -15.651, -105.411, 74
  Mask: 00001111
        |  0  1  2  3  4  5  6  7  8  9  A  B  C  D  E  F      | 0123456789ABCDEF
    -----------------------------------------------------  ----------------------
      0 | 0E 24 07 04 3B 90 10 01 3B 00 0F 4A 29 5C D3 43    0 | .$..;...;..J)\\.C
      1 | 7F 6A 7A C1 6F D2 D2 C2 8B 00 00 00 28 28 64 00    1 | .jz.o.......((d.
      2 | 01 81 00 00 00 06 00 02 00 00 05 00 00 00 00 00    2 | ................
      3 | 00 00 05 0A 53 6E 6F 77 63 61 70 55 6D 62 72 69    3 | ....SnowcapUmbri
      4 | 6C 00 00 00 00 00 00 00 -- -- -- -- -- -- -- --    4 | l.......--------

NPC ID: 17862716
  Name: SnowcapUmbril
  POLUtils_Name: Snowcap Umbril
  Type: Simple NPC
  XYZR: 422.462, -16.067, -92.632, 58
  Mask: 00001111
        |  0  1  2  3  4  5  6  7  8  9  A  B  C  D  E  F      | 0123456789ABCDEF
    -----------------------------------------------------  ----------------------
      0 | 0E 24 0B 04 3C 90 10 01 3C 00 0F 3A 23 3B D3 43    0 | .$..<...<..:#;.C
      1 | 37 89 80 C1 96 43 B9 C2 07 00 00 00 28 28 64 00    1 | 7....C......((d.
      2 | 01 81 00 00 00 06 00 02 00 00 05 00 00 00 00 00    2 | ................
      3 | 00 00 05 0A 53 6E 6F 77 63 61 70 55 6D 62 72 69    3 | ....SnowcapUmbri
      4 | 6C 00 00 00 00 00 00 00 -- -- -- -- -- -- -- --    4 | l.......--------

NPC ID: 17862712
  Name: SnowcapUmbril
  POLUtils_Name: Snowcap Umbril
  Type: Simple NPC
  XYZR: 415.934, -15.967, -55.606, 47
  Mask: 00001111
        |  0  1  2  3  4  5  6  7  8  9  A  B  C  D  E  F      | 0123456789ABCDEF
    -----------------------------------------------------  ----------------------
      0 | 0E 24 16 04 38 90 10 01 38 00 0F 2F 8D F7 CF 43    0 | .$..8...8../...C
      1 | D5 78 7F C1 8B 6C 5E C2 F5 01 00 00 28 28 64 00    1 | .x...l^.....((d.
      2 | 01 81 00 00 00 06 00 02 00 00 05 00 00 00 00 00    2 | ................
      3 | 00 00 05 0A 53 6E 6F 77 63 61 70 55 6D 62 72 69    3 | ....SnowcapUmbri
      4 | 6C 00 00 00 00 00 00 00 -- -- -- -- -- -- -- --    4 | l.......--------

NPC ID: 17862711
  Name: TephraLizard
  POLUtils_Name: Tephra Lizard
  Type: Simple NPC
  XYZR: 419.032, -15.965, -57.249, 114
  Mask: 00001111
        |  0  1  2  3  4  5  6  7  8  9  A  B  C  D  E  F      | 0123456789ABCDEF
    -----------------------------------------------------  ----------------------
      0 | 0E 22 16 04 37 90 10 01 37 00 0F 72 19 84 D1 43    0 | ."..7...7..r...C
      1 | A4 70 7F C1 FA FE 64 C2 57 01 00 00 28 28 64 00    1 | .p....d.W...((d.
      2 | 01 81 00 00 00 0D 00 00 00 00 00 00 00 00 00 00    2 | ................
      3 | 00 00 48 01 54 65 70 68 72 61 4C 69 7A 61 72 64    3 | ..H.TephraLizard
      4 | 00 00 00 00 -- -- -- -- -- -- -- -- -- -- -- --    4 | ....------------

NPC ID: 17862708
  Name: TephraLizard
  POLUtils_Name: Tephra Lizard
  Type: Simple NPC
  XYZR: 422.930, -15.955, -54.222, 45
  Mask: 00001111
        |  0  1  2  3  4  5  6  7  8  9  A  B  C  D  E  F      | 0123456789ABCDEF
    -----------------------------------------------------  ----------------------
      0 | 0E 22 17 04 34 90 10 01 34 00 0F 2D 0A 77 D3 43    0 | ."..4...4..-.w.C
      1 | AE 47 7F C1 54 E3 58 C2 86 01 00 00 28 28 64 00    1 | .G..T.X.....((d.
      2 | 01 81 00 00 00 0D 00 00 00 00 00 00 00 00 00 00    2 | ................
      3 | 00 00 48 01 54 65 70 68 72 61 4C 69 7A 61 72 64    3 | ..H.TephraLizard
      4 | 00 00 00 00 -- -- -- -- -- -- -- -- -- -- -- --    4 | ....------------

NPC ID: 17863360
  Name: SoulPyre
  POLUtils_Name: Soul Pyre
  Type: Simple NPC
  XYZR: 423.349, -15.684, -47.278, 235
  Mask: 00001111
        |  0  1  2  3  4  5  6  7  8  9  A  B  C  D  E  F      | 0123456789ABCDEF
    -----------------------------------------------------  ----------------------
      0 | 0E 20 19 04 C0 92 10 01 C0 02 0F EB AC AC D3 43    0 | . .............C
      1 | AA F1 7A C1 AC 1C 3D C2 06 00 00 00 32 32 64 00    1 | ..z...=.....22d.
      2 | 02 03 08 00 00 00 00 00 00 00 08 78 00 00 00 00    2 | ...........x....
      3 | 00 00 66 05 53 6F 75 6C 50 79 72 65 00 00 00 00    3 | ..f.SoulPyre....

NPC ID: 17862709
  Name: TephraLizard
  POLUtils_Name: Tephra Lizard
  Type: Simple NPC
  XYZR: 404.053, -16.235, -48.880, 136
  Mask: 00001111
        |  0  1  2  3  4  5  6  7  8  9  A  B  C  D  E  F      | 0123456789ABCDEF
    -----------------------------------------------------  ----------------------
      0 | 0E 22 19 04 35 90 10 01 35 00 0F 88 C9 06 CA 43    0 | ."..5...5......C
      1 | 48 E1 81 C1 1F 85 43 C2 8B 01 00 00 28 28 64 00    1 | H.....C.....((d.
      2 | 01 81 00 00 00 0D 00 00 00 00 00 00 00 00 00 00    2 | ................
      3 | 00 00 48 01 54 65 70 68 72 61 4C 69 7A 61 72 64    3 | ..H.TephraLizard
      4 | 00 00 00 00 -- -- -- -- -- -- -- -- -- -- -- --    4 | ....------------

NPC ID: 17862710
  Name: TephraLizard
  POLUtils_Name: Tephra Lizard
  Type: Simple NPC
  XYZR: 418.937, -15.630, -42.599, 169
  Mask: 00001111
        |  0  1  2  3  4  5  6  7  8  9  A  B  C  D  E  F      | 0123456789ABCDEF
    -----------------------------------------------------  ----------------------
      0 | 0E 22 1A 04 36 90 10 01 36 00 0F A9 F0 77 D1 43    0 | ."..6...6....w.C
      1 | 7B 14 7A C1 60 65 2A C2 BA 01 00 00 28 28 64 00    1 | {.z.`e*.....((d.
      2 | 01 81 00 00 00 0D 00 00 00 00 00 00 00 00 00 00    2 | ................
      3 | 00 00 48 01 54 65 70 68 72 61 4C 69 7A 61 72 64    3 | ..H.TephraLizard
      4 | 00 00 00 00 -- -- -- -- -- -- -- -- -- -- -- --    4 | ....------------

NPC ID: 17863290
  Name: VolatileMatama
  POLUtils_Name: Volatile Matamata
  Type: Simple NPC
  XYZR: 390.596, -17.061, -35.406, 221
  Mask: 00001111
        |  0  1  2  3  4  5  6  7  8  9  A  B  C  D  E  F      | 0123456789ABCDEF
    -----------------------------------------------------  ----------------------
      0 | 0E 24 1F 04 7A 92 10 01 7A 02 0F DD 4A 4C C3 43    0 | .$..z...z...JL.C
      1 | EE 7C 88 C1 BE 9F 0D C2 DD 07 00 00 28 28 00 03    1 | .|..........((..
      2 | 07 87 00 00 00 23 00 00 20 00 08 00 7E 5F 06 00    2 | .....#.. ...~_..
      3 | 00 00 00 0A 56 6F 6C 61 74 69 6C 65 4D 61 74 61    3 | ....VolatileMata
      4 | 6D 61 00 00 00 00 00 00 -- -- -- -- -- -- -- --    4 | ma......--------

NPC ID: 17863443
  Name: ???
  POLUtils_Name: ???
  Type: Simple NPC
  XYZR: 390.000, -16.497, -36.000, 0
  Mask: 00001111
        |  0  1  2  3  4  5  6  7  8  9  A  B  C  D  E  F      | 0123456789ABCDEF
    -----------------------------------------------------  ----------------------
      0 | 0E 1E 1F 04 13 93 10 01 13 03 0F 00 00 00 C3 43    0 | ...............C
      1 | DB F9 83 C1 00 00 10 C2 01 00 00 00 32 32 64 00    1 | ............22d.
      2 | 00 03 00 00 00 00 00 00 00 00 00 00 00 00 00 00    2 | ................
      3 | 00 00 34 00 3F 3F 3F 00 00 00 00 00 -- -- -- --    3 | ..4.???.....----

NPC ID: 17862718
  Name: SnowcapUmbril
  POLUtils_Name: Snowcap Umbril
  Type: Simple NPC
  XYZR: 462.754, -15.916, 27.750, 60
  Mask: 00001111
        |  0  1  2  3  4  5  6  7  8  9  A  B  C  D  E  F      | 0123456789ABCDEF
    -----------------------------------------------------  ----------------------
      0 | 0E 24 32 04 3E 90 10 01 3E 00 0F 3C 83 60 E7 43    0 | .$2.>...>..<.`.C
      1 | F0 A7 7E C1 00 00 DE 41 06 00 00 00 28 28 64 00    1 | ..~....A....((d.
      2 | 01 81 00 00 00 06 00 02 00 00 05 00 00 00 00 00    2 | ................
      3 | 00 00 05 0A 53 6E 6F 77 63 61 70 55 6D 62 72 69    3 | ....SnowcapUmbri
      4 | 6C 00 00 00 00 00 00 00 -- -- -- -- -- -- -- --    4 | l.......--------

NPC ID: 17862717
  Name: SnowcapUmbril
  POLUtils_Name: Snowcap Umbril
  Type: Simple NPC
  XYZR: 462.585, -15.929, 29.906, 189
  Mask: 00001111
        |  0  1  2  3  4  5  6  7  8  9  A  B  C  D  E  F      | 0123456789ABCDEF
    -----------------------------------------------------  ----------------------
      0 | 0E 24 33 04 3D 90 10 01 3D 00 0F BD E1 4A E7 43    0 | .$3.=...=....J.C
      1 | 2F DD 7E C1 7D 3F EF 41 ED 00 00 00 28 28 64 00    1 | /.~.}?.A....((d.
      2 | 01 81 00 00 00 06 00 02 00 00 05 00 00 00 00 00    2 | ................
      3 | 00 00 05 0A 53 6E 6F 77 63 61 70 55 6D 62 72 69    3 | ....SnowcapUmbri
      4 | 6C 00 00 00 00 00 00 00 -- -- -- -- -- -- -- --    4 | l.......--------

NPC ID: 17862713
  Name: Qohanyk
  POLUtils_Name: Qohanyk
  Type: Simple NPC
  XYZR: 482.275, -16.498, 71.911, 41
  Mask: 00001111
        |  0  1  2  3  4  5  6  7  8  9  A  B  C  D  E  F      | 0123456789ABCDEF
    -----------------------------------------------------  ----------------------
      0 | 0E 20 41 04 39 90 10 01 39 00 0F 29 33 23 F1 43    0 | . A.9...9..)3#.C
      1 | E7 FB 83 C1 6F D2 8F 42 F6 01 00 00 28 28 64 00    1 | ....o..B....((d.
      2 | 01 81 00 00 00 1B 00 00 00 00 05 00 00 00 00 00    2 | ................
      3 | 00 00 7E 01 51 6F 68 61 6E 79 6B 00 00 00 00 00    3 | ..~.Qohanyk.....

NPC ID: 17863411
  Name: ???
  POLUtils_Name: ???
  Type: Simple NPC
  XYZR: 498.300, -18.300, 72.000, 0
  Mask: 00001111
        |  0  1  2  3  4  5  6  7  8  9  A  B  C  D  E  F      | 0123456789ABCDEF
    -----------------------------------------------------  ----------------------
      0 | 0E 1E 45 04 F3 92 10 01 F3 02 0F 00 66 26 F9 43    0 | ..E.........f&.C
      1 | 66 66 92 C1 00 00 90 42 01 80 00 00 32 32 64 00    1 | ff.....B....22d.
      2 | 00 03 00 00 00 00 00 00 00 00 00 00 00 00 00 00    2 | ................
      3 | 00 00 34 00 3F 3F 3F 00 00 00 00 00 -- -- -- --    3 | ..4.???.....----

NPC ID: 17862714
  Name: Qohanyk
  POLUtils_Name: Qohanyk
  Type: Simple NPC
  XYZR: 512.197, -16.302, 78.954, 139
  Mask: 00001111
        |  0  1  2  3  4  5  6  7  8  9  A  B  C  D  E  F      | 0123456789ABCDEF
    -----------------------------------------------------  ----------------------
      0 | 0E 20 4B 04 3A 90 10 01 3A 00 0F 8B 9C 0C 00 44    0 | . K.:...:......D
      1 | 7F 6A 82 C1 73 E8 9D 42 58 01 00 00 28 28 64 00    1 | .j..s..BX...((d.
      2 | 01 81 00 00 00 1B 00 00 00 00 05 00 00 00 00 00    2 | ................
      3 | 00 00 7E 01 51 6F 68 61 6E 79 6B 00 00 00 00 00    3 | ..~.Qohanyk.....

NPC ID: 17862737
  Name: TephraLizard
  POLUtils_Name: Tephra Lizard
  Type: Simple NPC
  XYZR: 341.548, -16.390, 118.403, 49
  Mask: 00001111
        |  0  1  2  3  4  5  6  7  8  9  A  B  C  D  E  F      | 0123456789ABCDEF
    -----------------------------------------------------  ----------------------
      0 | 0E 22 BC 04 51 90 10 01 51 00 0F 31 25 C6 AA 43    0 | ."..Q...Q..1%..C
      1 | B8 1E 83 C1 56 CE EC 42 3D 02 00 00 28 28 64 00    1 | ....V..B=...((d.
      2 | 01 81 00 00 00 0D 00 00 00 00 00 00 00 00 00 00    2 | ................
      3 | 00 00 48 01 54 65 70 68 72 61 4C 69 7A 61 72 64    3 | ..H.TephraLizard
      4 | 00 00 00 00 -- -- -- -- -- -- -- -- -- -- -- --    4 | ....------------

NPC ID: 17862736
  Name: FrostyTwithery
  POLUtils_Name: Frosty Twitherym
  Type: Simple NPC
  XYZR: 341.718, -16.403, 118.602, 49
  Mask: 00001111
        |  0  1  2  3  4  5  6  7  8  9  A  B  C  D  E  F      | 0123456789ABCDEF
    -----------------------------------------------------  ----------------------
      0 | 0E 24 BC 04 50 90 10 01 50 00 0F 31 E7 DB AA 43    0 | .$..P...P..1...C
      1 | 58 39 83 C1 39 34 ED 42 59 02 00 00 28 28 64 00    1 | X9..94.BY...((d.
      2 | 01 81 00 00 00 06 00 40 00 00 00 00 00 00 00 00    2 | .......@........
      3 | 00 00 E7 09 46 72 6F 73 74 79 54 77 69 74 68 65    3 | ....FrostyTwithe
      4 | 72 79 00 00 00 00 00 00 -- -- -- -- -- -- -- --    4 | ry......--------

NPC ID: 17863331
  Name: NPC[2a3]
  POLUtils_Name: NPC
  Type: Simple NPC
  XYZR: 363.000, -16.500, 41.000, 160
  Mask: 00001111
        |  0  1  2  3  4  5  6  7  8  9  A  B  C  D  E  F      | 0123456789ABCDEF
    -----------------------------------------------------  ----------------------
      0 | 0E 20 C5 04 A3 92 10 01 A3 02 0F A0 00 80 B5 43    0 | . .............C
      1 | 00 00 84 C1 00 00 24 42 01 00 00 00 32 32 64 00    1 | ......$B....22d.
      2 | 00 1B 08 00 00 00 00 22 00 00 00 68 00 00 00 00    2 | ......."...h....
      3 | 00 00 DB 0A 4E 50 43 5B 32 61 33 5D 00 00 00 00    3 | ....NPC[2a3]....

NPC ID: 17863314
  Name: JGL_BUILD_MASTE
  POLUtils_Name: JGL_BUILD_MASTER_1
  Type: Simple NPC
  XYZR: 358.000, -16.500, 42.000, 0
  Mask: 00001111
        |  0  1  2  3  4  5  6  7  8  9  A  B  C  D  E  F      | 0123456789ABCDEF
    -----------------------------------------------------  ----------------------
      0 | 0E 24 C5 04 92 92 10 01 92 02 0F 00 00 00 B3 43    0 | .$.............C
      1 | 00 00 84 C1 00 00 28 42 01 00 00 00 32 32 64 00    1 | ......(B....22d.
      2 | 02 03 00 00 00 00 00 00 00 00 00 00 00 00 00 00    2 | ................
      3 | 00 00 32 00 4A 47 4C 5F 42 55 49 4C 44 5F 4D 41    3 | ..2.JGL_BUILD_MA
      4 | 53 54 45 00 00 00 00 00 -- -- -- -- -- -- -- --    4 | STE.....--------

NPC ID: 17863393
  Name: Waypoint
  POLUtils_Name: Waypoint
  Type: Simple NPC
  XYZR: 367.000, -16.000, 37.500, 0
  Mask: 00001111
        |  0  1  2  3  4  5  6  7  8  9  A  B  C  D  E  F      | 0123456789ABCDEF
    -----------------------------------------------------  ----------------------
      0 | 0E 20 C6 04 E1 92 10 01 E1 02 0F 00 00 80 B7 43    0 | . .............C
      1 | 00 00 80 C1 00 00 16 42 01 80 00 00 32 32 64 00    1 | .......B....22d.
      2 | 00 03 00 00 00 00 00 02 20 00 00 20 00 00 00 00    2 | ........ .. ....
      3 | 00 00 74 09 57 61 79 70 6F 69 6E 74 00 00 00 00    3 | ..t.Waypoint....

NPC ID: 17863450
  Name: Bivouac#1 Administrator
  POLUtils_Name: Bivouac#1 Administrator
  Type: Equipped NPC
  XYZR: 354.000, -16.437, 38.000, 160
  Mask: 01010111
        |  0  1  2  3  4  5  6  7  8  9  A  B  C  D  E  F      | 0123456789ABCDEF
    -----------------------------------------------------  ----------------------
      0 | 0E 2C C6 04 1A 93 10 01 1A 03 57 A0 00 00 B1 43    0 | .,........W....C
      1 | FA 7E 83 C1 00 00 18 42 08 00 00 00 32 32 64 00    1 | .~.....B....22d.
      2 | 00 03 00 00 00 00 00 00 00 00 00 00 00 00 00 00    2 | ................
      3 | 01 00 02 06 18 10 31 20 00 30 AB 40 63 50 00 60    3 | ......1 .0.@cP.`
      4 | 00 70 00 00 00 00 00 00 00 00 00 00 00 00 00 00    4 | .p..............
      5 | 00 00 00 00 00 00 00 00 -- -- -- -- -- -- -- --    5 | ........--------

NPC ID: 17863330
  Name: NPC[2a2]
  POLUtils_Name: NPC
  Type: Simple NPC
  XYZR: 359.000, -16.500, 37.000, 160
  Mask: 00001111
        |  0  1  2  3  4  5  6  7  8  9  A  B  C  D  E  F      | 0123456789ABCDEF
    -----------------------------------------------------  ----------------------
      0 | 0E 20 C6 04 A2 92 10 01 A2 02 0F A0 00 80 B3 43    0 | . .............C
      1 | 00 00 84 C1 00 00 14 42 01 00 00 00 32 32 64 00    1 | .......B....22d.
      2 | 00 1B 08 00 00 00 00 22 00 00 00 68 00 00 00 00    2 | ......."...h....
      3 | 00 00 DB 0A 4E 50 43 5B 32 61 32 5D 00 00 00 00    3 | ....NPC[2a2]....

NPC ID: 17863319
  Name: NPC[297]
  POLUtils_Name: NPC
  Type: Simple NPC
  XYZR: 364.000, -16.500, 36.000, 160
  Mask: 00001111
        |  0  1  2  3  4  5  6  7  8  9  A  B  C  D  E  F      | 0123456789ABCDEF
    -----------------------------------------------------  ----------------------
      0 | 0E 20 C6 04 97 92 10 01 97 02 0F A0 00 00 B6 43    0 | . .............C
      1 | 00 00 84 C1 00 00 10 42 01 00 00 00 32 32 64 00    1 | .......B....22d.
      2 | 00 1B 08 00 00 00 00 22 20 00 00 68 00 00 00 00    2 | ......." ..h....
      3 | 00 00 DA 0A 4E 50 43 5B 32 39 37 5D 00 00 00 00    3 | ....NPC[297]....

NPC ID: 17863342
  Name: NPC[2ae]
  POLUtils_Name: NPC
  Type: Simple NPC
  XYZR: 361.000, -16.500, 33.000, 160
  Mask: 00001111
        |  0  1  2  3  4  5  6  7  8  9  A  B  C  D  E  F      | 0123456789ABCDEF
    -----------------------------------------------------  ----------------------
      0 | 0E 20 C7 04 AE 92 10 01 AE 02 0F A0 00 80 B4 43    0 | . .............C
      1 | 00 00 84 C1 00 00 04 42 01 00 00 00 32 32 64 00    1 | .......B....22d.
      2 | 00 1B 08 00 00 00 00 22 00 00 04 68 00 00 00 00    2 | ......."...h....
      3 | 00 00 6B 09 4E 50 43 5B 32 61 65 5D 00 00 00 00    3 | ..k.NPC[2ae]....

NPC ID: 17863426
  Name: Dabnorrin
  POLUtils_Name: Dabnorrin
  Type: Equipped NPC
  XYZR: 357.753, -16.168, 29.858, 191
  Mask: 01010111
        |  0  1  2  3  4  5  6  7  8  9  A  B  C  D  E  F      | 0123456789ABCDEF
    -----------------------------------------------------  ----------------------
      0 | 0E 2A C8 04 02 93 10 01 02 03 57 BF 62 E0 B2 43    0 | .*........W.b..C
      1 | 10 58 81 C1 2F DD EE 41 08 00 00 00 32 32 64 00    1 | .X../..A....22d.
      2 | 00 1D 00 00 00 00 00 20 00 00 00 00 00 00 00 00    2 | ....... ........
      3 | 01 00 0B 08 00 10 47 21 00 30 AB 40 58 51 00 60    3 | ......G!.0.@XQ.`
      4 | 00 70 00 00 00 00 00 00 00 00 00 00 00 00 00 00    4 | .p..............
      5 | 00 00 00 00 -- -- -- -- -- -- -- -- -- -- -- --    5 | ....------------

