NPC ID: 17039440
  Name: blank
  POLUtils_Name:      
  Type: Decoration
  XYZR: 0.000, 0.000, 0.000, 0
  Mask: 00001111
        |  0  1  2  3  4  5  6  7  8  9  A  B  C  D  E  F      | 0123456789ABCDEF
    -----------------------------------------------------  ----------------------
      0 | 0E 1C 06 00 50 00 04 01 50 00 0F 00 00 00 00 00    0 | ....P...P.......
      1 | 00 00 00 00 00 00 00 00 00 00 00 00 32 32 64 00    1 | ............22d.
      2 | 02 03 08 00 00 00 00 00 00 00 00 00 00 00 00 00    2 | ................
      3 | 00 00 34 00 00 00 00 00 -- -- -- -- -- -- -- --    3 | ..4.....--------

NPC ID: 17039441
  Name: Gurfurlur
  POLUtils_Name: Gurfurlur
  Type: Simple NPC
  XYZR: 0.000, 0.000, 0.000, 0
  Mask: 00001111
        |  0  1  2  3  4  5  6  7  8  9  A  B  C  D  E  F      | 0123456789ABCDEF
    -----------------------------------------------------  ----------------------
      0 | 0E 22 07 00 51 00 04 01 51 00 0F 00 00 00 00 00    0 | ."..Q...Q.......
      1 | 00 00 00 00 00 00 00 00 00 00 00 00 32 32 64 00    1 | ............22d.
      2 | 06 1B 00 00 00 00 00 20 00 00 00 00 00 00 00 00    2 | ....... ........
      3 | 00 00 4B 07 47 75 72 66 75 72 6C 75 72 00 00 00    3 | ..K.Gurfurlur...
      4 | 00 00 00 00 -- -- -- -- -- -- -- -- -- -- -- --    4 | ....------------

NPC ID: 17039442
  Name: Megomak
  POLUtils_Name: Megomak
  Type: Simple NPC
  XYZR: 0.000, 0.000, 0.000, 0
  Mask: 00001111
        |  0  1  2  3  4  5  6  7  8  9  A  B  C  D  E  F      | 0123456789ABCDEF
    -----------------------------------------------------  ----------------------
      0 | 0E 20 08 00 52 00 04 01 52 00 0F 00 00 00 00 00    0 | . ..R...R.......
      1 | 00 00 00 00 00 00 00 00 00 00 00 00 32 32 64 00    1 | ............22d.
      2 | 06 1B 00 00 00 00 00 20 00 00 00 00 00 00 00 00    2 | ....... ........
      3 | 00 00 D7 03 4D 65 67 6F 6D 61 6B 00 00 00 00 00    3 | ....Megomak.....

NPC ID: 17039443
  Name: Luzaf
  POLUtils_Name: Luzaf
  Type: Simple NPC
  XYZR: 0.000, 0.000, 0.000, 0
  Mask: 00001111
        |  0  1  2  3  4  5  6  7  8  9  A  B  C  D  E  F      | 0123456789ABCDEF
    -----------------------------------------------------  ----------------------
      0 | 0E 20 09 00 53 00 04 01 53 00 0F 00 00 00 00 00    0 | . ..S...S.......
      1 | 00 00 00 00 00 00 00 00 00 00 00 00 32 32 64 00    1 | ............22d.
      2 | 06 1D 00 00 00 00 00 20 00 00 00 00 00 00 00 00    2 | ....... ........
      3 | 00 00 0C 06 4C 75 7A 61 66 00 00 00 00 00 00 00    3 | ....Luzaf.......

NPC ID: 17039444
  Name: Karababa
  POLUtils_Name: Karababa
  Type: Equipped NPC
  XYZR: 0.000, 0.000, 0.000, 0
  Mask: 01010111
        |  0  1  2  3  4  5  6  7  8  9  A  B  C  D  E  F      | 0123456789ABCDEF
    -----------------------------------------------------  ----------------------
      0 | 0E 28 0A 00 54 00 04 01 54 00 57 00 00 00 00 00    0 | .(..T...T.W.....
      1 | 00 00 00 00 00 00 00 00 00 00 00 00 32 32 64 00    1 | ............22d.
      2 | 06 1B 00 00 00 00 00 20 00 00 01 00 00 00 00 00    2 | ....... ........
      3 | 01 00 06 06 77 10 13 20 13 30 13 40 13 50 00 60    3 | ....w.. .0.@.P.`
      4 | 00 70 00 00 00 00 00 00 00 00 00 00 00 00 00 00    4 | .p..............

NPC ID: 17041458
  Name: Carbuncle
  POLUtils_Name: Carbuncle
  Type: Simple NPC
  XYZR: -659.734, -10.474, -197.865, 202
  Mask: 00001111
        |  0  1  2  3  4  5  6  7  8  9  A  B  C  D  E  F      | 0123456789ABCDEF
    -----------------------------------------------------  ----------------------
      0 | 0E 22 0A 00 32 08 04 01 32 07 0F CA FA EE 24 C4    0 | ."..2...2.....$.
      1 | 81 95 27 C1 71 DD 45 C3 00 00 00 00 00 32 62 00    1 | ..'.q.E......2b.
      2 | 02 99 00 00 00 08 00 28 00 01 00 00 00 00 00 00    2 | .......(........
      3 | 00 00 10 00 43 61 72 62 75 6E 63 6C 65 00 00 00    3 | ....Carbuncle...
      4 | 00 00 00 00 -- -- -- -- -- -- -- -- -- -- -- --    4 | ....------------

NPC ID: 17039436
  Name: Ramblix
  POLUtils_Name: Ramblix
  Type: Simple NPC
  XYZR: -655.679, -3.864, -184.243, 5
  Mask: 00001111
        |  0  1  2  3  4  5  6  7  8  9  A  B  C  D  E  F      | 0123456789ABCDEF
    -----------------------------------------------------  ----------------------
      0 | 0E 20 0A 00 4C 00 04 01 4C 00 0F 05 75 EB 23 C4    0 | . ..L...L...u.#.
      1 | C7 4B 77 C0 35 3E 38 C3 00 00 00 00 32 32 64 00    1 | .Kw.5>8.....22d.
      2 | 06 1B 00 00 00 00 00 20 00 00 00 00 00 00 00 00    2 | ....... ........
      3 | 00 00 55 00 52 61 6D 62 6C 69 78 00 00 00 00 00    3 | ..U.Ramblix.....

NPC ID: 17039437
  Name: GoblinFootprin
  POLUtils_Name: Goblin Footprint
  Type: Simple NPC
  XYZR: -655.679, -3.864, -184.243, 5
  Mask: 00001111
        |  0  1  2  3  4  5  6  7  8  9  A  B  C  D  E  F      | 0123456789ABCDEF
    -----------------------------------------------------  ----------------------
      0 | 0E 24 0A 00 4D 00 04 01 4D 00 0F 05 75 EB 23 C4    0 | .$..M...M...u.#.
      1 | C7 4B 77 C0 35 3E 38 C3 01 00 00 00 32 32 64 00    1 | .Kw.5>8.....22d.
      2 | 00 03 00 00 00 00 00 00 00 00 00 00 00 00 00 00    2 | ................
      3 | 00 00 34 00 47 6F 62 6C 69 6E 46 6F 6F 74 70 72    3 | ..4.GoblinFootpr
      4 | 69 6E 00 00 00 00 00 00 -- -- -- -- -- -- -- --    4 | in......--------

NPC ID: 17039445
  Name: KingofHearts
  POLUtils_Name: King of Hearts
  Type: Simple NPC
  XYZR: 0.000, 0.000, 0.000, 0
  Mask: 00001111
        |  0  1  2  3  4  5  6  7  8  9  A  B  C  D  E  F      | 0123456789ABCDEF
    -----------------------------------------------------  ----------------------
      0 | 0E 22 0B 00 55 00 04 01 55 00 0F 00 00 00 00 00    0 | ."..U...U.......
      1 | 00 00 00 00 00 00 00 00 00 00 00 00 32 32 64 00    1 | ............22d.
      2 | 06 1B 00 00 00 00 00 20 00 00 02 00 00 00 00 00    2 | ....... ........
      3 | 00 00 48 03 4B 69 6E 67 6F 66 48 65 61 72 74 73    3 | ..H.KingofHearts
      4 | 00 00 00 00 -- -- -- -- -- -- -- -- -- -- -- --    4 | ....------------

NPC ID: 17039446
  Name: Flit
  POLUtils_Name: Flit
  Type: Simple NPC
  XYZR: 0.000, 0.000, 0.000, 0
  Mask: 00001111
        |  0  1  2  3  4  5  6  7  8  9  A  B  C  D  E  F      | 0123456789ABCDEF
    -----------------------------------------------------  ----------------------
      0 | 0E 1E 0C 00 56 00 04 01 56 00 0F 00 00 00 00 00    0 | ....V...V.......
      1 | 00 00 00 00 00 00 00 00 00 00 00 00 32 32 64 00    1 | ............22d.
      2 | 06 1B 00 00 00 00 00 20 00 00 00 00 00 00 00 00    2 | ....... ........
      3 | 00 00 BE 06 46 6C 69 74 00 00 00 00 -- -- -- --    3 | ....Flit....----

NPC ID: 17039447
  Name: Kimaira
  POLUtils_Name: Kimaira
  Type: Simple NPC
  XYZR: 0.000, 0.000, 0.000, 0
  Mask: 00001111
        |  0  1  2  3  4  5  6  7  8  9  A  B  C  D  E  F      | 0123456789ABCDEF
    -----------------------------------------------------  ----------------------
      0 | 0E 20 0D 00 57 00 04 01 57 00 0F 00 00 00 00 00    0 | . ..W...W.......
      1 | 00 00 00 00 00 00 00 00 00 00 00 00 32 32 64 00    1 | ............22d.
      2 | 06 1B 00 00 00 00 00 20 00 00 00 00 00 00 00 00    2 | ....... ........
      3 | 00 00 0D 07 4B 69 6D 61 69 72 61 00 00 00 00 00    3 | ....Kimaira.....

NPC ID: 17039448
  Name: csnpc
  POLUtils_Name:      
  Type: CS NPC
  XYZR: 0.000, 0.000, 0.000, 0
  Mask: 01010111
        |  0  1  2  3  4  5  6  7  8  9  A  B  C  D  E  F      | 0123456789ABCDEF
    -----------------------------------------------------  ----------------------
      0 | 0E 24 0E 00 58 00 04 01 58 00 57 00 00 00 00 00    0 | .$..X...X.W.....
      1 | 00 00 00 00 00 00 00 00 00 00 00 00 32 32 64 00    1 | ............22d.
      2 | 06 1B 00 00 00 00 00 20 00 00 00 00 00 00 00 00    2 | ....... ........
      3 | 01 00 1D 03 00 10 94 20 97 30 A7 40 A7 50 BC 60    3 | ....... .0.@.P.`
      4 | 00 70 00 00 00 00 00 00 -- -- -- -- -- -- -- --    4 | .p......--------

NPC ID: 17039449
  Name: _263
  POLUtils_Name: 
  Type: Simple NPC
  XYZR: -5.775, -176.899, -340.000, 0
  Mask: 00000111
        |  0  1  2  3  4  5  6  7  8  9  A  B  C  D  E  F      | 0123456789ABCDEF
    -----------------------------------------------------  ----------------------
      0 | 0E 20 10 00 59 00 04 01 59 00 07 00 CD CC B8 C0    0 | . ..Y...Y.......
      1 | 25 E6 30 C3 00 00 AA C3 00 00 00 00 32 32 64 09    1 | %.0.........22d.
      2 | 06 03 10 00 00 00 00 00 00 00 00 00 00 00 00 00    2 | ................
      3 | 02 00 00 00 5F 32 36 33 00 00 00 00 00 00 00 00    3 | ...._263........

NPC ID: 17039451
  Name: ???
  POLUtils_Name: ???
  Type: Simple NPC
  XYZR: 0.000, 0.000, 0.000, 0
  Mask: 00001111
        |  0  1  2  3  4  5  6  7  8  9  A  B  C  D  E  F      | 0123456789ABCDEF
    -----------------------------------------------------  ----------------------
      0 | 0E 1E 11 00 5B 00 04 01 5B 00 0F 00 00 00 00 00    0 | ....[...[.......
      1 | 00 00 00 00 00 00 00 00 00 00 00 00 32 32 64 00    1 | ............22d.
      2 | 02 03 08 00 00 00 00 00 00 00 00 00 00 00 00 00    2 | ................
      3 | 00 00 34 00 3F 3F 3F 00 00 00 00 00 -- -- -- --    3 | ..4.???.....----

NPC ID: 17039452
  Name: blank
  POLUtils_Name:      
  Type: Decoration
  XYZR: 0.000, 0.000, 0.000, 0
  Mask: 00001111
        |  0  1  2  3  4  5  6  7  8  9  A  B  C  D  E  F      | 0123456789ABCDEF
    -----------------------------------------------------  ----------------------
      0 | 0E 1C 12 00 5C 00 04 01 5C 00 0F 00 00 00 00 00    0 | ....\\...\\.......
      1 | 00 00 00 00 00 00 00 00 00 00 00 00 32 32 64 00    1 | ............22d.
      2 | 02 03 08 00 00 00 00 00 00 00 00 00 00 00 00 00    2 | ................
      3 | 00 00 34 00 00 00 00 00 -- -- -- -- -- -- -- --    3 | ..4.....--------

NPC ID: 17041458
  Name: Carbuncle
  POLUtils_Name: Carbuncle
  Type: Equipped NPC
  XYZR: -659.578, -10.290, -198.763, 56
  Mask: 00000111
        |  0  1  2  3  4  5  6  7  8  9  A  B  C  D  E  F      | 0123456789ABCDEF
    -----------------------------------------------------  ----------------------
      0 | 0E 1C E0 00 32 08 04 01 32 07 07 38 FE E4 24 C4    0 | ....2...2..8..$.
      1 | D7 A3 24 C1 54 C3 46 C3 06 00 00 00 9B 32 64 00    1 | ..$.T.F......2d.
      2 | 00 99 00 00 00 08 00 28 00 01 00 00 00 00 00 00    2 | .......(........
      3 | 00 00 10 00 00 00 00 00 -- -- -- -- -- -- -- --    3 | ........--------

NPC ID: 17039437
  Name: GoblinFootprin
  POLUtils_Name: Goblin Footprint
  Type: Simple NPC
  XYZR: -655.679, -3.864, -184.243, 5
  Mask: 00001111
        |  0  1  2  3  4  5  6  7  8  9  A  B  C  D  E  F      | 0123456789ABCDEF
    -----------------------------------------------------  ----------------------
      0 | 0E 24 FB 00 4D 00 04 01 4D 00 0F 05 75 EB 23 C4    0 | .$..M...M...u.#.
      1 | C7 4B 77 C0 35 3E 38 C3 01 00 00 00 32 32 64 00    1 | .Kw.5>8.....22d.
      2 | 00 03 00 00 00 00 00 00 00 00 00 00 00 00 00 00    2 | ................
      3 | 00 00 34 00 47 6F 62 6C 69 6E 46 6F 6F 74 70 72    3 | ..4.GoblinFootpr
      4 | 69 6E 00 00 00 00 00 00 -- -- -- -- -- -- -- --    4 | in......--------

NPC ID: 17039426
  Name: _1s0
  POLUtils_Name: Decorative Bronze Gate
  Type: Simple NPC
  XYZR: -600.000, 8.000, -100.000, 0
  Mask: 00000111
        |  0  1  2  3  4  5  6  7  8  9  A  B  C  D  E  F      | 0123456789ABCDEF
    -----------------------------------------------------  ----------------------
      0 | 0E 20 0A 01 42 00 04 01 42 00 07 00 00 00 16 C4    0 | . ..B...B.......
      1 | 00 00 00 41 00 00 C8 C2 01 00 00 00 32 32 64 09    1 | ...A........22d.
      2 | 00 03 10 00 00 00 00 00 00 00 00 00 00 00 00 00    2 | ................
      3 | 02 00 00 00 5F 31 73 30 00 00 00 00 00 00 00 00    3 | ...._1s0........

NPC ID: 17039450
  Name: blank
  POLUtils_Name:      
  Type: Decoration
  XYZR: 0.000, 0.000, 0.000, 0
  Mask: 00001111
        |  0  1  2  3  4  5  6  7  8  9  A  B  C  D  E  F      | 0123456789ABCDEF
    -----------------------------------------------------  ----------------------
      0 | 0E 1C 33 01 5A 00 04 01 5A 00 0F 00 00 00 00 00    0 | ..3.Z...Z.......
      1 | 00 00 00 00 00 00 00 00 00 00 00 00 32 32 64 00    1 | ............22d.
      2 | 06 03 00 00 00 00 00 00 00 00 00 00 00 00 00 00    2 | ................
      3 | 00 00 C0 03 00 00 00 00 -- -- -- -- -- -- -- --    3 | ........--------

NPC ID: 17039438
  Name: Shamarhaan
  POLUtils_Name: Shamarhaan
  Type: Equipped NPC
  XYZR: 0.000, 0.000, 0.000, 0
  Mask: 01010111
        |  0  1  2  3  4  5  6  7  8  9  A  B  C  D  E  F      | 0123456789ABCDEF
    -----------------------------------------------------  ----------------------
      0 | 0E 2A FC 01 4E 00 04 01 4E 00 57 00 00 00 00 00    0 | .*..N...N.W.....
      1 | 00 00 00 00 00 00 00 00 00 00 00 00 32 32 64 00    1 | ............22d.
      2 | 02 1B 00 00 00 00 00 20 00 00 00 00 00 00 00 00    2 | ....... ........
      3 | 01 00 0E 03 87 10 A9 20 00 30 00 40 6D 50 00 60    3 | ....... .0.@mP.`
      4 | 00 70 00 00 00 00 00 00 00 00 00 00 00 00 00 00    4 | .p..............
      5 | 00 00 00 00 -- -- -- -- -- -- -- -- -- -- -- --    5 | ....------------

NPC ID: 17039439
  Name: Valkeng
  POLUtils_Name: Valkeng
  Type: Simple NPC
  XYZR: 0.000, 0.000, 0.000, 0
  Mask: 00001111
        |  0  1  2  3  4  5  6  7  8  9  A  B  C  D  E  F      | 0123456789ABCDEF
    -----------------------------------------------------  ----------------------
      0 | 0E 20 FD 01 4F 00 04 01 4F 00 0F 00 00 00 00 00    0 | . ..O...O.......
      1 | 00 00 00 00 00 00 00 00 00 00 00 00 32 32 64 00    1 | ............22d.
      2 | 02 1B 00 00 00 00 00 20 00 00 00 00 00 00 00 00    2 | ....... ........
      3 | 00 00 E6 03 56 61 6C 6B 65 6E 67 00 00 00 00 00    3 | ....Valkeng.....

NPC ID: 17039427
  Name: _1s1
  POLUtils_Name: Cast Bronze Gate
  Type: Simple NPC
  XYZR: 280.000, -126.000, 380.000, 0
  Mask: 00000111
        |  0  1  2  3  4  5  6  7  8  9  A  B  C  D  E  F      | 0123456789ABCDEF
    -----------------------------------------------------  ----------------------
      0 | 0E 20 09 02 43 00 04 01 43 00 07 00 00 00 8C 43    0 | . ..C...C......C
      1 | 00 00 FC C2 00 00 BE 43 01 00 00 00 32 32 64 09    1 | .......C....22d.
      2 | 00 03 10 00 00 00 00 00 00 00 00 00 00 00 00 00    2 | ................
      3 | 02 00 00 00 5F 31 73 31 00 00 00 00 00 00 00 00    3 | ...._1s1........

NPC ID: 17039401
  Name: Karababa
  POLUtils_Name: Karababa
  Type: Simple NPC
  XYZR: 365.218, -116.500, 378.781, 0
  Mask: 00001111
        |  0  1  2  3  4  5  6  7  8  9  A  B  C  D  E  F      | 0123456789ABCDEF
    -----------------------------------------------------  ----------------------
      0 | 0E 20 A7 02 29 00 04 01 29 00 0F 00 E7 9B B6 43    0 | . ..)...)......C
      1 | 00 00 E9 C2 F8 63 BD 43 06 00 00 00 28 28 64 00    1 | .....c.C....((d.
      2 | 01 1B 00 00 00 0F 10 20 00 01 08 00 00 00 00 00    2 | ....... ........
      3 | 05 00 5C 07 4B 61 72 61 62 61 62 61 00 00 00 00    3 | ..\\.Karababa....

NPC ID: 17039400
  Name: Khimaira13
  POLUtils_Name: Khimaira 13
  Type: Simple NPC
  XYZR: 382.503, -116.500, 381.996, 128
  Mask: 00001111
        |  0  1  2  3  4  5  6  7  8  9  A  B  C  D  E  F      | 0123456789ABCDEF
    -----------------------------------------------------  ----------------------
      0 | 0E 22 B0 02 28 00 04 01 28 00 0F 80 62 40 BF 43    0 | ."..(...(...b@.C
      1 | 00 00 E9 C2 7D FF BE 43 06 00 00 00 3C 3C 64 00    1 | ....}..C....<<d.
      2 | 01 9B 02 00 00 1E 10 20 00 00 0C 00 00 00 00 00    2 | ....... ........
      3 | 00 00 0D 07 4B 68 69 6D 61 69 72 61 31 33 00 00    3 | ....Khimaira13..
      4 | 00 00 00 00 -- -- -- -- -- -- -- -- -- -- -- --    4 | ....------------

NPC ID: 17039374
  Name: ImmortalFlan
  POLUtils_Name: Immortal Flan
  Type: Simple NPC
  XYZR: 384.000, -116.500, 383.000, 124
  Mask: 00001111
        |  0  1  2  3  4  5  6  7  8  9  A  B  C  D  E  F      | 0123456789ABCDEF
    -----------------------------------------------------  ----------------------
      0 | 0E 22 B1 02 0E 00 04 01 0E 00 0F 7C 00 00 C0 43    0 | .".........|...C
      1 | 00 00 E9 C2 00 80 BF 43 2E 00 00 00 20 32 00 03    1 | .......C.... 2..
      2 | 07 81 04 00 00 0A 10 00 00 00 04 00 D8 00 00 00    2 | ................
      3 | 00 00 07 07 49 6D 6D 6F 72 74 61 6C 46 6C 61 6E    3 | ....ImmortalFlan
      4 | 00 00 00 00 -- -- -- -- -- -- -- -- -- -- -- --    4 | ....------------

NPC ID: 17039373
  Name: PuddingMaster
  POLUtils_Name: Pudding Master
  Type: Simple NPC
  XYZR: 384.500, -116.500, 380.000, 0
  Mask: 00001111
        |  0  1  2  3  4  5  6  7  8  9  A  B  C  D  E  F      | 0123456789ABCDEF
    -----------------------------------------------------  ----------------------
      0 | 0E 24 B1 02 0D 00 04 01 0D 00 0F 00 00 40 C0 43    0 | .$...........@.C
      1 | 00 00 E9 C2 00 00 BE 43 06 00 00 00 20 20 00 02    1 | .......C....  ..
      2 | 07 83 04 00 00 0C 00 00 00 00 00 00 00 00 00 00    2 | ................
      3 | 00 00 07 07 50 75 64 64 69 6E 67 4D 61 73 74 65    3 | ....PuddingMaste
      4 | 72 00 00 00 00 00 00 00 -- -- -- -- -- -- -- --    4 | r.......--------

NPC ID: 17039375
  Name: ImmortalFlan
  POLUtils_Name: Immortal Flan
  Type: Simple NPC
  XYZR: 384.000, -116.500, 377.000, 167
  Mask: 00001111
        |  0  1  2  3  4  5  6  7  8  9  A  B  C  D  E  F      | 0123456789ABCDEF
    -----------------------------------------------------  ----------------------
      0 | 0E 22 B1 02 0F 00 04 01 0F 00 0F A7 00 00 C0 43    0 | .".............C
      1 | 00 00 E9 C2 00 80 BC 43 4E 04 00 00 20 32 00 03    1 | .......CN... 2..
      2 | 07 81 04 00 00 0A 10 00 00 00 04 00 DD 0E 0A 00    2 | ................
      3 | 00 00 07 07 49 6D 6D 6F 72 74 61 6C 46 6C 61 6E    3 | ....ImmortalFlan
      4 | 00 00 00 00 -- -- -- -- -- -- -- -- -- -- -- --    4 | ....------------

NPC ID: 17039433
  Name: _1s7
  POLUtils_Name: Brass Gong
  Type: Simple NPC
  XYZR: 394.218, -120.000, 379.999, 0
  Mask: 00000111
        |  0  1  2  3  4  5  6  7  8  9  A  B  C  D  E  F      | 0123456789ABCDEF
    -----------------------------------------------------  ----------------------
      0 | 0E 20 B6 02 49 00 04 01 49 00 07 00 E7 1B C5 43    0 | . ..I...I......C
      1 | 00 00 F0 C2 DF FF BD 43 01 00 00 00 32 32 64 09    1 | .......C....22d.
      2 | 00 03 18 00 00 00 00 00 00 00 00 00 00 00 00 00    2 | ................
      3 | 02 00 00 00 5F 31 73 37 00 00 00 00 00 00 00 00    3 | ...._1s7........

NPC ID: 17039430
  Name: _1s4
  POLUtils_Name: _1s4
  Type: Simple NPC
  XYZR: 377.999, -113.000, 421.313, 0
  Mask: 00000111
        |  0  1  2  3  4  5  6  7  8  9  A  B  C  D  E  F      | 0123456789ABCDEF
    -----------------------------------------------------  ----------------------
      0 | 0E 20 B7 02 46 00 04 01 46 00 07 00 DF FF BC 43    0 | . ..F...F......C
      1 | 00 00 E2 C2 10 A8 D2 43 01 00 00 00 32 32 64 09    1 | .......C....22d.
      2 | 00 03 18 00 00 00 00 00 00 00 00 00 00 00 00 00    2 | ................
      3 | 02 00 00 00 5F 31 73 34 00 00 00 00 00 00 00 00    3 | ...._1s4........

NPC ID: 17041459
  Name: Diabolos
  POLUtils_Name: Diabolos
  Type: Simple NPC
  XYZR: 348.225, -118.173, 382.407, 253
  Mask: 00001111
        |  0  1  2  3  4  5  6  7  8  9  A  B  C  D  E  F      | 0123456789ABCDEF
    -----------------------------------------------------  ----------------------
      0 | 0E 20 C4 02 33 08 04 01 33 07 0F FD CD 1C AE 43    0 | . ..3...3......C
      1 | 93 58 EC C2 19 34 BF 43 00 00 00 00 00 32 64 00    1 | .X...4.C.....2d.
      2 | 00 99 00 00 00 14 10 28 04 01 00 00 00 00 00 00    2 | .......(........
      3 | 00 00 19 00 44 69 61 62 6F 6C 6F 73 00 00 00 00    3 | ....Diabolos....

NPC ID: 17039436
  Name: Ramblix
  POLUtils_Name: Ramblix
  Type: Simple NPC
  XYZR: -655.679, -3.864, -184.243, 5
  Mask: 00001111
        |  0  1  2  3  4  5  6  7  8  9  A  B  C  D  E  F      | 0123456789ABCDEF
    -----------------------------------------------------  ----------------------
      0 | 0E 20 0A 00 4C 00 04 01 4C 00 0F 05 75 EB 23 C4    0 | . ..L...L...u.#.
      1 | C7 4B 77 C0 35 3E 38 C3 00 00 00 00 32 32 64 00    1 | .Kw.5>8.....22d.
      2 | 06 1B 00 00 00 00 00 20 00 00 00 00 00 00 00 00    2 | ....... ........
      3 | 00 00 55 00 52 61 6D 62 6C 69 78 00 00 00 00 00    3 | ..U.Ramblix.....

NPC ID: 17039442
  Name: Megomak
  POLUtils_Name: Megomak
  Type: Simple NPC
  XYZR: 0.000, 0.000, 0.000, 0
  Mask: 00001111
        |  0  1  2  3  4  5  6  7  8  9  A  B  C  D  E  F      | 0123456789ABCDEF
    -----------------------------------------------------  ----------------------
      0 | 0E 20 9D 00 52 00 04 01 52 00 0F 00 00 00 00 00    0 | . ..R...R.......
      1 | 00 00 00 00 00 00 00 00 00 00 00 00 32 32 64 00    1 | ............22d.
      2 | 06 1B 00 00 00 00 00 20 00 00 00 00 00 00 00 00    2 | ....... ........
      3 | 00 00 D7 03 4D 65 67 6F 6D 61 6B 00 00 00 00 00    3 | ....Megomak.....

NPC ID: 17039444
  Name: Karababa
  POLUtils_Name: Karababa
  Type: Equipped NPC
  XYZR: 0.000, 0.000, 0.000, 0
  Mask: 01010111
        |  0  1  2  3  4  5  6  7  8  9  A  B  C  D  E  F      | 0123456789ABCDEF
    -----------------------------------------------------  ----------------------
      0 | 0E 28 9E 00 54 00 04 01 54 00 57 00 00 00 00 00    0 | .(..T...T.W.....
      1 | 00 00 00 00 00 00 00 00 00 00 00 00 32 32 64 00    1 | ............22d.
      2 | 06 1B 00 00 00 00 00 20 00 00 01 00 00 00 00 00    2 | ....... ........
      3 | 01 00 06 06 77 10 13 20 13 30 13 40 13 50 00 60    3 | ....w.. .0.@.P.`
      4 | 00 70 00 00 00 00 00 00 00 00 00 00 00 00 00 00    4 | .p..............

NPC ID: 17039445
  Name: KingofHearts
  POLUtils_Name: King of Hearts
  Type: Simple NPC
  XYZR: 0.000, 0.000, 0.000, 0
  Mask: 00001111
        |  0  1  2  3  4  5  6  7  8  9  A  B  C  D  E  F      | 0123456789ABCDEF
    -----------------------------------------------------  ----------------------
      0 | 0E 22 9F 00 55 00 04 01 55 00 0F 00 00 00 00 00    0 | ."..U...U.......
      1 | 00 00 00 00 00 00 00 00 00 00 00 00 32 32 64 00    1 | ............22d.
      2 | 06 1B 00 00 00 00 00 20 00 00 02 00 00 00 00 00    2 | ....... ........
      3 | 00 00 48 03 4B 69 6E 67 6F 66 48 65 61 72 74 73    3 | ..H.KingofHearts
      4 | 00 00 00 00 -- -- -- -- -- -- -- -- -- -- -- --    4 | ....------------

NPC ID: 17039446
  Name: Flit
  POLUtils_Name: Flit
  Type: Simple NPC
  XYZR: 0.000, 0.000, 0.000, 0
  Mask: 00001111
        |  0  1  2  3  4  5  6  7  8  9  A  B  C  D  E  F      | 0123456789ABCDEF
    -----------------------------------------------------  ----------------------
      0 | 0E 1E A0 00 56 00 04 01 56 00 0F 00 00 00 00 00    0 | ....V...V.......
      1 | 00 00 00 00 00 00 00 00 00 00 00 00 32 32 64 00    1 | ............22d.
      2 | 06 1B 00 00 00 00 00 20 00 00 00 00 00 00 00 00    2 | ....... ........
      3 | 00 00 BE 06 46 6C 69 74 00 00 00 00 -- -- -- --    3 | ....Flit....----

NPC ID: 17039447
  Name: Kimaira
  POLUtils_Name: Kimaira
  Type: Simple NPC
  XYZR: 0.000, 0.000, 0.000, 0
  Mask: 00001111
        |  0  1  2  3  4  5  6  7  8  9  A  B  C  D  E  F      | 0123456789ABCDEF
    -----------------------------------------------------  ----------------------
      0 | 0E 20 A1 00 57 00 04 01 57 00 0F 00 00 00 00 00    0 | . ..W...W.......
      1 | 00 00 00 00 00 00 00 00 00 00 00 00 32 32 64 00    1 | ............22d.
      2 | 06 1B 00 00 00 00 00 20 00 00 00 00 00 00 00 00    2 | ....... ........
      3 | 00 00 0D 07 4B 69 6D 61 69 72 61 00 00 00 00 00    3 | ....Kimaira.....

NPC ID: 17039451
  Name: ???
  POLUtils_Name: ???
  Type: Simple NPC
  XYZR: 0.000, 0.000, 0.000, 0
  Mask: 00001111
        |  0  1  2  3  4  5  6  7  8  9  A  B  C  D  E  F      | 0123456789ABCDEF
    -----------------------------------------------------  ----------------------
      0 | 0E 1E A2 00 5B 00 04 01 5B 00 0F 00 00 00 00 00    0 | ....[...[.......
      1 | 00 00 00 00 00 00 00 00 00 00 00 00 32 32 64 00    1 | ............22d.
      2 | 02 03 08 00 00 00 00 00 00 00 00 00 00 00 00 00    2 | ................
      3 | 00 00 34 00 3F 3F 3F 00 00 00 00 00 -- -- -- --    3 | ..4.???.....----

NPC ID: 17039452
  Name: blank
  POLUtils_Name:      
  Type: Decoration
  XYZR: 0.000, 0.000, 0.000, 0
  Mask: 00001111
        |  0  1  2  3  4  5  6  7  8  9  A  B  C  D  E  F      | 0123456789ABCDEF
    -----------------------------------------------------  ----------------------
      0 | 0E 1C A3 00 5C 00 04 01 5C 00 0F 00 00 00 00 00    0 | ....\\...\\.......
      1 | 00 00 00 00 00 00 00 00 00 00 00 00 32 32 64 00    1 | ............22d.
      2 | 02 03 08 00 00 00 00 00 00 00 00 00 00 00 00 00    2 | ................
      3 | 00 00 34 00 00 00 00 00 -- -- -- -- -- -- -- --    3 | ..4.....--------

