NPC ID: 16822488
  Name: Tarnotik
  POLUtils_Name: Tarnotik
  Type: Simple NPC
  XYZR: 160.896, 11.999, -55.659, 192
  Mask: 00001111
        |  0  1  2  3  4  5  6  7  8  9  A  B  C  D  E  F      | 0123456789ABCDEF
    -----------------------------------------------------  ----------------------
      0 | 0E 20 06 00 D8 B0 00 01 D8 00 0F C0 60 E5 20 43    0 | . ..........`. C
      1 | E7 FB 3F 41 D1 A2 5E C2 15 00 00 00 32 32 64 00    1 | ..?A..^.....22d.
      2 | 00 1B 00 00 00 00 00 20 00 00 00 00 00 00 00 00    2 | ....... ........
      3 | 00 00 D6 03 54 61 72 6E 6F 74 69 6B 00 00 00 00    3 | ....Tarnotik....

NPC ID: 16822490
  Name: blank
  POLUtils_Name:      
  Type: Decoration
  XYZR: -340.428, -7.920, 427.447, 209
  Mask: 00001111
        |  0  1  2  3  4  5  6  7  8  9  A  B  C  D  E  F      | 0123456789ABCDEF
    -----------------------------------------------------  ----------------------
      0 | 0E 1C 08 00 DA B0 00 01 DA 00 0F D1 C9 36 AA C3    0 | .............6..
      1 | A4 70 FD C0 37 B9 D5 43 01 00 00 00 32 32 64 00    1 | .p..7..C....22d.
      2 | 02 03 08 00 00 00 00 00 00 00 00 00 00 00 00 00    2 | ................
      3 | 00 00 34 00 00 00 00 00 -- -- -- -- -- -- -- --    3 | ..4.....--------

NPC ID: 16822491
  Name: blank
  POLUtils_Name:      
  Type: Decoration
  XYZR: 0.000, 0.000, 0.000, 0
  Mask: 00001111
        |  0  1  2  3  4  5  6  7  8  9  A  B  C  D  E  F      | 0123456789ABCDEF
    -----------------------------------------------------  ----------------------
      0 | 0E 1C 09 00 DB B0 00 01 DB 00 0F 00 00 00 00 00    0 | ................
      1 | 00 00 00 00 00 00 00 00 00 00 00 00 32 32 64 00    1 | ............22d.
      2 | 02 03 08 00 00 00 00 00 00 00 00 00 00 00 00 00    2 | ................
      3 | 00 00 32 00 00 00 00 00 -- -- -- -- -- -- -- --    3 | ..2.....--------

NPC ID: 16822492
  Name: ???
  POLUtils_Name: ???
  Type: Simple NPC
  XYZR: 0.000, 0.000, 0.000, 0
  Mask: 00001111
        |  0  1  2  3  4  5  6  7  8  9  A  B  C  D  E  F      | 0123456789ABCDEF
    -----------------------------------------------------  ----------------------
      0 | 0E 1E 0A 00 DC B0 00 01 DC 00 0F 00 00 00 00 00    0 | ................
      1 | 00 00 00 00 00 00 00 00 00 00 00 00 32 32 64 00    1 | ............22d.
      2 | 02 03 08 00 00 00 00 00 00 00 00 00 00 00 00 00    2 | ................
      3 | 00 00 32 00 3F 3F 3F 00 00 00 00 00 -- -- -- --    3 | ..2.???.....----

NPC ID: 16822278
  Name: DarkBats
  POLUtils_Name: Dark Bats
  Type: Simple NPC
  XYZR: -338.815, -8.455, 429.410, 191
  Mask: 00001111
        |  0  1  2  3  4  5  6  7  8  9  A  B  C  D  E  F      | 0123456789ABCDEF
    -----------------------------------------------------  ----------------------
      0 | 0E 20 0A 00 06 B0 00 01 06 00 0F BF 52 68 A9 C3    0 | . ..........Rh..
      1 | AE 47 07 C1 7B B4 D6 43 06 00 00 00 28 28 64 00    1 | .G..{..C....((d.
      2 | 01 83 02 00 00 10 00 40 00 00 08 00 00 00 00 00    2 | .......@........
      3 | 00 00 04 01 44 61 72 6B 42 61 74 73 00 00 00 00    3 | ....DarkBats....

NPC ID: 16822496
  Name: Brakobrik
  POLUtils_Name: Brakobrik
  Type: Simple NPC
  XYZR: 164.605, 11.992, -91.253, 212
  Mask: 00001111
        |  0  1  2  3  4  5  6  7  8  9  A  B  C  D  E  F      | 0123456789ABCDEF
    -----------------------------------------------------  ----------------------
      0 | 0E 22 0B 00 E0 B0 00 01 E0 00 0F D4 E1 9A 24 43    0 | ."............$C
      1 | 3B DF 3F 41 89 81 B6 C2 06 00 00 00 32 32 64 00    1 | ;.?A........22d.
      2 | 00 1B 00 00 00 00 00 20 00 00 00 00 00 00 00 00    2 | ....... ........
      3 | 00 00 D8 03 42 72 61 6B 6F 62 72 69 6B 00 00 00    3 | ....Brakobrik...
      4 | 00 00 00 00 -- -- -- -- -- -- -- -- -- -- -- --    4 | ....------------

NPC ID: 16822500
  Name: Rakorok
  POLUtils_Name: Rakorok
  Type: Simple NPC
  XYZR: 157.331, 13.999, -40.840, 143
  Mask: 00001111
        |  0  1  2  3  4  5  6  7  8  9  A  B  C  D  E  F      | 0123456789ABCDEF
    -----------------------------------------------------  ----------------------
      0 | 0E 20 0C 00 E4 B0 00 01 E4 00 0F 8F BC 54 1D 43    0 | . ...........T.C
      1 | E7 FB 5F 41 29 5C 23 C2 07 00 00 00 32 32 64 00    1 | .._A)\\#.....22d.
      2 | 00 1B 00 00 00 00 00 20 00 00 00 00 00 00 00 00    2 | ....... ........
      3 | 00 00 D8 03 52 61 6B 6F 72 6F 6B 00 00 00 00 00    3 | ....Rakorok.....

NPC ID: 16822535
  Name: Jabbos
  POLUtils_Name: Jabbos
  Type: Equipped NPC
  XYZR: 0.000, 0.000, 0.000, 0
  Mask: 01010111
        |  0  1  2  3  4  5  6  7  8  9  A  B  C  D  E  F      | 0123456789ABCDEF
    -----------------------------------------------------  ----------------------
      0 | 0E 28 0D 00 07 B1 00 01 07 01 57 00 00 00 00 00    0 | .(........W.....
      1 | 00 00 00 00 00 00 00 00 00 00 00 00 32 32 64 00    1 | ............22d.
      2 | 06 1B 00 00 00 00 00 20 00 00 00 00 00 00 00 00    2 | ....... ........
      3 | 01 00 08 08 00 10 73 20 02 30 6A 40 00 50 5E 60    3 | ......s .0j@.P^`
      4 | 00 70 00 00 00 00 00 00 00 00 00 00 00 00 00 00    4 | .p..............

NPC ID: 16822536
  Name: Chekochuk
  POLUtils_Name: Chekochuk
  Type: Simple NPC
  XYZR: 0.000, 0.000, 0.000, 0
  Mask: 00001111
        |  0  1  2  3  4  5  6  7  8  9  A  B  C  D  E  F      | 0123456789ABCDEF
    -----------------------------------------------------  ----------------------
      0 | 0E 22 0E 00 08 B1 00 01 08 01 0F 00 00 00 00 00    0 | ."..............
      1 | 00 00 00 00 00 00 00 00 00 00 00 00 32 32 64 00    1 | ............22d.
      2 | 06 1B 00 00 00 00 00 20 00 00 00 00 00 00 00 00    2 | ....... ........
      3 | 00 00 D7 03 43 68 65 6B 6F 63 68 75 6B 00 00 00    3 | ....Chekochuk...
      4 | 00 00 00 00 -- -- -- -- -- -- -- -- -- -- -- --    4 | ....------------

NPC ID: 16822537
  Name: Movamuq
  POLUtils_Name: Movamuq
  Type: Simple NPC
  XYZR: 0.000, 0.000, 0.000, 0
  Mask: 00001111
        |  0  1  2  3  4  5  6  7  8  9  A  B  C  D  E  F      | 0123456789ABCDEF
    -----------------------------------------------------  ----------------------
      0 | 0E 20 0F 00 09 B1 00 01 09 01 0F 00 00 00 00 00    0 | . ..............
      1 | 00 00 00 00 00 00 00 00 00 00 00 00 32 32 64 00    1 | ............22d.
      2 | 06 1B 00 00 00 00 00 20 00 00 00 00 00 00 00 00    2 | ....... ........
      3 | 00 00 D6 03 4D 6F 76 61 6D 75 71 00 00 00 00 00    3 | ....Movamuq.....

NPC ID: 16822538
  Name: Trikotrak
  POLUtils_Name: Trikotrak
  Type: Simple NPC
  XYZR: 0.000, 0.000, 0.000, 0
  Mask: 00001111
        |  0  1  2  3  4  5  6  7  8  9  A  B  C  D  E  F      | 0123456789ABCDEF
    -----------------------------------------------------  ----------------------
      0 | 0E 22 10 00 0A B1 00 01 0A 01 0F 00 00 00 00 00    0 | ."..............
      1 | 00 00 00 00 00 00 00 00 00 00 00 00 32 32 64 00    1 | ............22d.
      2 | 06 1B 00 00 00 00 00 20 00 00 00 00 00 00 00 00    2 | ....... ........
      3 | 00 00 D7 03 54 72 69 6B 6F 74 72 61 6B 00 00 00    3 | ....Trikotrak...
      4 | 00 00 00 00 -- -- -- -- -- -- -- -- -- -- -- --    4 | ....------------

NPC ID: 16822539
  Name: Swipostik
  POLUtils_Name: Swipostik
  Type: Simple NPC
  XYZR: 0.000, 0.000, 0.000, 0
  Mask: 00001111
        |  0  1  2  3  4  5  6  7  8  9  A  B  C  D  E  F      | 0123456789ABCDEF
    -----------------------------------------------------  ----------------------
      0 | 0E 22 11 00 0B B1 00 01 0B 01 0F 00 00 00 00 00    0 | ."..............
      1 | 00 00 00 00 00 00 00 00 00 00 00 00 32 32 64 00    1 | ............22d.
      2 | 06 1B 00 00 00 00 00 20 00 00 00 00 00 00 00 00    2 | ....... ........
      3 | 00 00 D6 03 53 77 69 70 6F 73 74 69 6B 00 00 00    3 | ....Swipostik...
      4 | 00 00 00 00 -- -- -- -- -- -- -- -- -- -- -- --    4 | ....------------

NPC ID: 16822540
  Name: 5
  POLUtils_Name: 5
  Type: Simple NPC
  XYZR: 0.000, 0.000, 0.000, 0
  Mask: 00001111
        |  0  1  2  3  4  5  6  7  8  9  A  B  C  D  E  F      | 0123456789ABCDEF
    -----------------------------------------------------  ----------------------
      0 | 0E 1E 12 00 0C B1 00 01 0C 01 0F 00 00 00 00 00    0 | ................
      1 | 00 00 00 00 00 00 00 00 00 00 00 00 32 32 64 00    1 | ............22d.
      2 | 06 1B 00 00 00 00 00 20 00 00 00 00 00 00 00 00    2 | ....... ........
      3 | 00 00 AD 02 35 00 00 00 00 00 00 00 -- -- -- --    3 | ....5.......----

NPC ID: 16822541
  Name: 6
  POLUtils_Name: 6
  Type: Simple NPC
  XYZR: 0.000, 0.000, 0.000, 0
  Mask: 00001111
        |  0  1  2  3  4  5  6  7  8  9  A  B  C  D  E  F      | 0123456789ABCDEF
    -----------------------------------------------------  ----------------------
      0 | 0E 1E 13 00 0D B1 00 01 0D 01 0F 00 00 00 00 00    0 | ................
      1 | 00 00 00 00 00 00 00 00 00 00 00 00 32 32 64 00    1 | ............22d.
      2 | 06 1B 00 00 00 00 00 20 00 00 00 00 00 00 00 00    2 | ....... ........
      3 | 00 00 AF 02 36 00 00 00 00 00 00 00 -- -- -- --    3 | ....6.......----

NPC ID: 16822542
  Name: 7
  POLUtils_Name: 7
  Type: Simple NPC
  XYZR: 0.000, 0.000, 0.000, 0
  Mask: 00001111
        |  0  1  2  3  4  5  6  7  8  9  A  B  C  D  E  F      | 0123456789ABCDEF
    -----------------------------------------------------  ----------------------
      0 | 0E 1E 14 00 0E B1 00 01 0E 01 0F 00 00 00 00 00    0 | ................
      1 | 00 00 00 00 00 00 00 00 00 00 00 00 32 32 64 00    1 | ............22d.
      2 | 06 1B 00 00 00 00 00 20 00 00 00 00 00 00 00 00    2 | ....... ........
      3 | 00 00 B7 02 37 00 00 00 00 00 00 00 -- -- -- --    3 | ....7.......----

NPC ID: 16822543
  Name: 8
  POLUtils_Name: 8
  Type: Simple NPC
  XYZR: 0.000, 0.000, 0.000, 0
  Mask: 00001111
        |  0  1  2  3  4  5  6  7  8  9  A  B  C  D  E  F      | 0123456789ABCDEF
    -----------------------------------------------------  ----------------------
      0 | 0E 1E 15 00 0F B1 00 01 0F 01 0F 00 00 00 00 00    0 | ................
      1 | 00 00 00 00 00 00 00 00 00 00 00 00 32 32 64 00    1 | ............22d.
      2 | 06 1B 00 00 00 00 00 20 00 00 00 00 00 00 00 00    2 | ....... ........
      3 | 00 00 AA 02 38 00 00 00 00 00 00 00 -- -- -- --    3 | ....8.......----

NPC ID: 16822550
  Name: blank
  POLUtils_Name:      
  Type: Decoration
  XYZR: 0.000, 0.000, 0.000, 0
  Mask: 00001111
        |  0  1  2  3  4  5  6  7  8  9  A  B  C  D  E  F      | 0123456789ABCDEF
    -----------------------------------------------------  ----------------------
      0 | 0E 1C 16 00 16 B1 00 01 16 01 0F 00 00 00 00 00    0 | ................
      1 | 00 00 00 00 00 00 00 00 00 00 00 00 32 32 64 00    1 | ............22d.
      2 | 06 1B 00 00 00 00 00 20 00 00 00 00 00 00 00 00    2 | ....... ........
      3 | 00 00 4B 05 00 00 00 00 -- -- -- -- -- -- -- --    3 | ..K.....--------

