NPC ID: 17224102
  Name: BrassQuadav
  POLUtils_Name: Brass Quadav
  Type: Simple NPC
  XYZR: 538.880, 24.500, -346.404, 58
  Mask: 00001111
        |  0  1  2  3  4  5  6  7  8  9  A  B  C  D  E  F      | 0123456789ABCDEF
    -----------------------------------------------------  ----------------------
      0 | 0E 22 50 00 A6 D1 06 01 A6 01 0F 3A 52 B8 06 44    0 | ."P........:R..D
      1 | 00 00 C4 41 B6 33 AD C3 62 00 00 00 28 28 64 00    1 | ...A.3..b...((d.
      2 | 01 83 00 00 00 0F 00 00 00 00 00 00 00 00 00 00    2 | ................
      3 | 00 00 8C 02 42 72 61 73 73 51 75 61 64 61 76 00    3 | ....BrassQuadav.
      4 | 00 00 00 00 -- -- -- -- -- -- -- -- -- -- -- --    4 | ....------------

NPC ID: 17224106
  Name: OnyxQuadav
  POLUtils_Name: Onyx Quadav
  Type: Simple NPC
  XYZR: 510.579, 24.499, -333.089, 151
  Mask: 00001111
        |  0  1  2  3  4  5  6  7  8  9  A  B  C  D  E  F      | 0123456789ABCDEF
    -----------------------------------------------------  ----------------------
      0 | 0E 22 68 00 AA D1 06 01 AA 01 0F 97 1D 4A FF 43    0 | ."h..........J.C
      1 | F4 FD C3 41 64 8B A6 C3 3C 00 00 00 28 28 64 00    1 | ...Ad...<...((d.
      2 | 07 83 00 00 00 0F 00 00 00 00 00 00 00 00 00 00    2 | ................
      3 | 00 00 8C 02 4F 6E 79 78 51 75 61 64 61 76 00 00    3 | ....OnyxQuadav..
      4 | 00 00 00 00 -- -- -- -- -- -- -- -- -- -- -- --    4 | ....------------

NPC ID: 17224105
  Name: BrassQuadav
  POLUtils_Name: Brass Quadav
  Type: Simple NPC
  XYZR: 507.279, 24.499, -332.518, 164
  Mask: 00001111
        |  0  1  2  3  4  5  6  7  8  9  A  B  C  D  E  F      | 0123456789ABCDEF
    -----------------------------------------------------  ----------------------
      0 | 0E 22 69 00 A9 D1 06 01 A9 01 0F A4 B6 A3 FD 43    0 | ."i............C
      1 | F4 FD C3 41 4E 42 A6 C3 44 01 00 00 28 28 64 00    1 | ...ANB..D...((d.
      2 | 07 83 00 00 00 0F 00 00 00 00 00 00 00 00 00 00    2 | ................
      3 | 00 00 8A 02 42 72 61 73 73 51 75 61 64 61 76 00    3 | ....BrassQuadav.
      4 | 00 00 00 00 -- -- -- -- -- -- -- -- -- -- -- --    4 | ....------------

NPC ID: 17224101
  Name: CopperQuadav
  POLUtils_Name: Copper Quadav
  Type: Simple NPC
  XYZR: 511.972, 24.500, -325.624, 237
  Mask: 00001111
        |  0  1  2  3  4  5  6  7  8  9  A  B  C  D  E  F      | 0123456789ABCDEF
    -----------------------------------------------------  ----------------------
      0 | 0E 22 6A 00 A5 D1 06 01 A5 01 0F ED 6A FC FF 43    0 | ."j.........j..C
      1 | 00 00 C4 41 DF CF A2 C3 92 01 00 00 28 28 64 00    1 | ...A........((d.
      2 | 01 83 00 00 00 0F 00 00 00 00 00 00 00 00 00 00    2 | ................
      3 | 00 00 8A 02 43 6F 70 70 65 72 51 75 61 64 61 76    3 | ....CopperQuadav
      4 | 00 00 00 00 -- -- -- -- -- -- -- -- -- -- -- --    4 | ....------------

NPC ID: 17224097
  Name: MarshFunguar
  POLUtils_Name: Marsh Funguar
  Type: Simple NPC
  XYZR: 519.230, 24.500, -317.258, 219
  Mask: 00001111
        |  0  1  2  3  4  5  6  7  8  9  A  B  C  D  E  F      | 0123456789ABCDEF
    -----------------------------------------------------  ----------------------
      0 | 0E 22 6B 00 A1 D1 06 01 A1 01 0F DB B8 CE 01 44    0 | ."k............D
      1 | 00 00 C4 41 06 A1 9E C3 D4 01 00 00 28 28 64 00    1 | ...A........((d.
      2 | 01 83 00 00 00 0F 00 00 00 00 00 00 00 00 00 00    2 | ................
      3 | 00 00 78 01 4D 61 72 73 68 46 75 6E 67 75 61 72    3 | ..x.MarshFunguar
      4 | 00 00 00 00 -- -- -- -- -- -- -- -- -- -- -- --    4 | ....------------

NPC ID: 17224109
  Name: GreaterQuadav
  POLUtils_Name: Greater Quadav
  Type: Simple NPC
  XYZR: 526.981, 24.495, -297.417, 99
  Mask: 00001111
        |  0  1  2  3  4  5  6  7  8  9  A  B  C  D  E  F      | 0123456789ABCDEF
    -----------------------------------------------------  ----------------------
      0 | 0E 24 71 00 AD D1 06 01 AD 01 0F 63 C9 BE 03 44    0 | .$q........c...D
      1 | C3 F5 C3 41 60 B5 94 C3 B4 02 00 00 28 28 64 00    1 | ...A`.......((d.
      2 | 01 83 00 00 00 0F 00 00 00 00 00 00 00 00 00 00    2 | ................
      3 | 00 00 87 02 47 72 65 61 74 65 72 51 75 61 64 61    3 | ....GreaterQuada
      4 | 76 00 00 00 00 00 00 00 -- -- -- -- -- -- -- --    4 | v.......--------

NPC ID: 17224092
  Name: WaterWasp
  POLUtils_Name: Water Wasp
  Type: Simple NPC
  XYZR: 559.910, 24.699, -296.767, 254
  Mask: 00001111
        |  0  1  2  3  4  5  6  7  8  9  A  B  C  D  E  F      | 0123456789ABCDEF
    -----------------------------------------------------  ----------------------
      0 | 0E 22 73 00 9C D1 06 01 9C 01 0F FE 3D FA 0B 44    0 | ."s.........=..D
      1 | 8D 97 C5 41 2D 62 94 C3 31 02 00 00 28 28 64 00    1 | ...A-b..1...((d.
      2 | 01 83 02 00 00 0A 00 00 00 00 08 00 00 00 00 00    2 | ................
      3 | 00 00 10 01 57 61 74 65 72 57 61 73 70 00 00 00    3 | ....WaterWasp...
      4 | 00 00 00 00 -- -- -- -- -- -- -- -- -- -- -- --    4 | ....------------

NPC ID: 17224111
  Name: BrassQuadav
  POLUtils_Name: Brass Quadav
  Type: Simple NPC
  XYZR: 507.160, 24.499, -290.845, 85
  Mask: 00001111
        |  0  1  2  3  4  5  6  7  8  9  A  B  C  D  E  F      | 0123456789ABCDEF
    -----------------------------------------------------  ----------------------
      0 | 0E 22 75 00 AF D1 06 01 AF 01 0F 55 7B 94 FD 43    0 | ."u........U{..C
      1 | F4 FD C3 41 29 6C 91 C3 09 02 00 00 28 28 00 02    1 | ...A)l......((..
      2 | 07 83 00 00 00 0F 00 00 00 00 00 00 B7 0A 05 00    2 | ................
      3 | 00 00 8C 02 42 72 61 73 73 51 75 61 64 61 76 00    3 | ....BrassQuadav.
      4 | 00 00 00 00 -- -- -- -- -- -- -- -- -- -- -- --    4 | ....------------

NPC ID: 17224107
  Name: OldQuadav
  POLUtils_Name: Old Quadav
  Type: Simple NPC
  XYZR: 522.646, 24.500, -284.028, 31
  Mask: 00001111
        |  0  1  2  3  4  5  6  7  8  9  A  B  C  D  E  F      | 0123456789ABCDEF
    -----------------------------------------------------  ----------------------
      0 | 0E 22 76 00 AB D1 06 01 AB 01 0F 1F 58 A9 02 44    0 | ."v.........X..D
      1 | 00 00 C4 41 96 03 8E C3 9E 04 00 00 28 28 00 03    1 | ...A........((..
      2 | 07 83 04 00 00 0F 00 00 00 00 00 00 35 4A 0C 00    2 | ............5J..
      3 | 00 00 85 02 4F 6C 64 51 75 61 64 61 76 00 00 00    3 | ....OldQuadav...
      4 | 00 00 00 00 -- -- -- -- -- -- -- -- -- -- -- --    4 | ....------------

NPC ID: 17224110
  Name: CopperQuadav
  POLUtils_Name: Copper Quadav
  Type: Simple NPC
  XYZR: 521.797, 24.499, -284.869, 3
  Mask: 00001111
        |  0  1  2  3  4  5  6  7  8  9  A  B  C  D  E  F      | 0123456789ABCDEF
    -----------------------------------------------------  ----------------------
      0 | 0E 22 76 00 AE D1 06 01 AE 01 0F 03 02 73 02 44    0 | ."v..........s.D
      1 | F4 FD C3 41 3B 6F 8E C3 59 02 00 00 28 28 00 02    1 | ...A;o..Y...((..
      2 | 07 83 00 00 00 0F 00 00 00 00 00 00 00 00 00 00    2 | ................
      3 | 00 00 8A 02 43 6F 70 70 65 72 51 75 61 64 61 76    3 | ....CopperQuadav
      4 | 00 00 00 00 -- -- -- -- -- -- -- -- -- -- -- --    4 | ....------------

NPC ID: 17224104
  Name: Bo'WhoWarmonge
  POLUtils_Name: Bo'Who Warmonger
  Type: Simple NPC
  XYZR: 447.275, 24.500, -295.732, 126
  Mask: 00001111
        |  0  1  2  3  4  5  6  7  8  9  A  B  C  D  E  F      | 0123456789ABCDEF
    -----------------------------------------------------  ----------------------
      0 | 0E 24 86 00 A8 D1 06 01 A8 01 0F 7E 33 A3 DF 43    0 | .$.........~3..C
      1 | 00 00 C4 41 B2 DD 93 C3 5B 04 00 00 28 28 00 03    1 | ...A....[...((..
      2 | 07 9D 00 00 00 11 00 20 00 00 00 00 C5 5B 0C 00    2 | ....... .....[..
      3 | 00 00 8B 02 42 6F 27 57 68 6F 57 61 72 6D 6F 6E    3 | ....Bo'WhoWarmon
      4 | 67 65 00 00 00 00 00 00 -- -- -- -- -- -- -- --    4 | ge......--------

NPC ID: 17224099
  Name: VeteranQuadav
  POLUtils_Name: Veteran Quadav
  Type: Simple NPC
  XYZR: 408.577, 24.500, -224.637, 160
  Mask: 00001111
        |  0  1  2  3  4  5  6  7  8  9  A  B  C  D  E  F      | 0123456789ABCDEF
    -----------------------------------------------------  ----------------------
      0 | 0E 24 AB 00 A3 D1 06 01 A3 01 0F A0 DB 49 CC 43    0 | .$...........I.C
      1 | 00 00 C4 41 12 A3 60 C3 9B 02 00 00 28 28 64 00    1 | ...A..`.....((d.
      2 | 01 83 00 00 00 0F 00 00 00 00 00 00 00 00 00 00    2 | ................
      3 | 00 00 86 02 56 65 74 65 72 61 6E 51 75 61 64 61    3 | ....VeteranQuada
      4 | 76 00 00 00 00 00 00 00 -- -- -- -- -- -- -- --    4 | v.......--------

NPC ID: 17223814
  Name: Gadfly
  POLUtils_Name: Gadfly
  Type: Simple NPC
  XYZR: 343.877, 24.506, -223.729, 0
  Mask: 00001111
        |  0  1  2  3  4  5  6  7  8  9  A  B  C  D  E  F      | 0123456789ABCDEF
    -----------------------------------------------------  ----------------------
      0 | 0E 20 C0 00 86 D0 06 01 86 00 0F 00 42 F0 AB 43    0 | . ..........B..C
      1 | 4A 0C C4 41 A0 BA 5F C3 07 00 00 00 28 28 64 00    1 | J..A.._.....((d.
      2 | 01 83 02 00 00 0F 00 00 00 00 08 00 00 00 00 00    2 | ................
      3 | 00 00 C0 01 47 61 64 66 6C 79 00 00 00 00 00 00    3 | ....Gadfly......

NPC ID: 17223815
  Name: Gadfly
  POLUtils_Name: Gadfly
  Type: Simple NPC
  XYZR: 302.223, 24.081, -180.090, 44
  Mask: 00001111
        |  0  1  2  3  4  5  6  7  8  9  A  B  C  D  E  F      | 0123456789ABCDEF
    -----------------------------------------------------  ----------------------
      0 | 0E 20 D1 00 87 D0 06 01 87 00 0F 2C 8B 1C 97 43    0 | . .........,...C
      1 | E3 A5 C0 41 0A 17 34 C3 1E 03 00 00 28 28 64 00    1 | ...A..4.....((d.
      2 | 01 83 02 00 00 0F 00 00 00 00 08 00 00 00 00 00    2 | ................
      3 | 00 00 C0 01 47 61 64 66 6C 79 00 00 00 00 00 00    3 | ....Gadfly......

NPC ID: 17223813
  Name: Gadfly
  POLUtils_Name: Gadfly
  Type: Simple NPC
  XYZR: 345.241, 24.511, -163.232, 74
  Mask: 00001111
        |  0  1  2  3  4  5  6  7  8  9  A  B  C  D  E  F      | 0123456789ABCDEF
    -----------------------------------------------------  ----------------------
      0 | 0E 20 D3 00 85 D0 06 01 85 00 0F 4A D9 9E AC 43    0 | . .........J...C
      1 | 87 16 C4 41 64 3B 23 C3 EF 01 00 00 28 28 64 00    1 | ...Ad;#.....((d.
      2 | 01 83 02 00 00 0F 00 00 00 00 08 00 00 00 00 00    2 | ................
      3 | 00 00 C0 01 47 61 64 66 6C 79 00 00 00 00 00 00    3 | ....Gadfly......

NPC ID: 17223821
  Name: NightBats
  POLUtils_Name: Night Bats
  Type: Simple NPC
  XYZR: 387.633, 24.500, -147.657, 171
  Mask: 00001111
        |  0  1  2  3  4  5  6  7  8  9  A  B  C  D  E  F      | 0123456789ABCDEF
    -----------------------------------------------------  ----------------------
      0 | 0E 22 DF 00 8D D0 06 01 8D 00 0F AB 06 D1 C1 43    0 | .".............C
      1 | 00 00 C4 41 31 A8 13 C3 C8 02 00 00 28 28 64 00    1 | ...A1.......((d.
      2 | 07 83 02 00 00 10 00 40 00 00 08 00 00 00 00 00    2 | .......@........
      3 | 00 00 04 01 4E 69 67 68 74 42 61 74 73 00 00 00    3 | ....NightBats...
      4 | 00 00 00 00 -- -- -- -- -- -- -- -- -- -- -- --    4 | ....------------

NPC ID: 17223847
  Name: Zombie
  POLUtils_Name: Zombie
  Type: Simple NPC
  XYZR: 370.096, 24.500, -126.012, 132
  Mask: 00001111
        |  0  1  2  3  4  5  6  7  8  9  A  B  C  D  E  F      | 0123456789ABCDEF
    -----------------------------------------------------  ----------------------
      0 | 0E 20 E1 00 A7 D0 06 01 A7 00 0F 84 4A 0C B9 43    0 | . ..........J..C
      1 | 00 00 C4 41 25 06 FC C2 64 00 00 00 28 28 00 03    1 | ...A%...d...((..
      2 | 07 83 00 00 00 0C 00 00 00 00 00 00 2B 49 0C 00    2 | ............+I..
      3 | 00 00 34 02 5A 6F 6D 62 69 65 00 00 00 00 00 00    3 | ..4.Zombie......

NPC ID: 17223844
  Name: BrassQuadav
  POLUtils_Name: Brass Quadav
  Type: Simple NPC
  XYZR: 329.775, 24.499, -126.598, 88
  Mask: 00001111
        |  0  1  2  3  4  5  6  7  8  9  A  B  C  D  E  F      | 0123456789ABCDEF
    -----------------------------------------------------  ----------------------
      0 | 0E 22 E2 00 A4 D0 06 01 A4 00 0F 58 33 E3 A4 43    0 | .".........X3..C
      1 | F4 FD C3 41 2D 32 FD C2 F7 02 00 00 28 28 64 00    1 | ...A-2......((d.
      2 | 01 83 00 00 00 0F 00 00 00 00 00 00 00 00 00 00    2 | ................
      3 | 00 00 8C 02 42 72 61 73 73 51 75 61 64 61 76 00    3 | ....BrassQuadav.
      4 | 00 00 00 00 -- -- -- -- -- -- -- -- -- -- -- --    4 | ....------------

NPC ID: 17223819
  Name: NightBats
  POLUtils_Name: Night Bats
  Type: Simple NPC
  XYZR: 386.289, 24.498, -99.884, 120
  Mask: 00001111
        |  0  1  2  3  4  5  6  7  8  9  A  B  C  D  E  F      | 0123456789ABCDEF
    -----------------------------------------------------  ----------------------
      0 | 0E 22 ED 00 8B D0 06 01 8B 00 0F 78 FE 24 C1 43    0 | .".........x.$.C
      1 | E7 FB C3 41 9C C4 C7 C2 95 02 00 00 28 28 64 00    1 | ...A........((d.
      2 | 01 83 02 00 00 10 00 40 00 00 08 00 00 00 00 00    2 | .......@........
      3 | 00 00 04 01 4E 69 67 68 74 42 61 74 73 00 00 00    3 | ....NightBats...
      4 | 00 00 00 00 -- -- -- -- -- -- -- -- -- -- -- --    4 | ....------------

NPC ID: 17223845
  Name: OnyxQuadav
  POLUtils_Name: Onyx Quadav
  Type: Simple NPC
  XYZR: 418.166, 24.231, -116.243, 42
  Mask: 00001111
        |  0  1  2  3  4  5  6  7  8  9  A  B  C  D  E  F      | 0123456789ABCDEF
    -----------------------------------------------------  ----------------------
      0 | 0E 22 EF 00 A5 D0 06 01 A5 00 0F 2A 3F 15 D1 43    0 | .".........*?..C
      1 | 17 D9 C1 41 6A 7C E8 C2 30 02 00 00 28 28 64 00    1 | ...Aj|..0...((d.
      2 | 01 83 04 00 00 0F 00 00 00 00 00 00 00 00 00 00    2 | ................
      3 | 00 00 98 02 4F 6E 79 78 51 75 61 64 61 76 00 00    3 | ....OnyxQuadav..
      4 | 00 00 00 00 -- -- -- -- -- -- -- -- -- -- -- --    4 | ....------------

NPC ID: 17223842
  Name: GreaterQuadav
  POLUtils_Name: Greater Quadav
  Type: Simple NPC
  XYZR: 427.808, 24.497, -104.356, 201
  Mask: 00001111
        |  0  1  2  3  4  5  6  7  8  9  A  B  C  D  E  F      | 0123456789ABCDEF
    -----------------------------------------------------  ----------------------
      0 | 0E 24 F4 00 A2 D0 06 01 A2 00 0F C9 6D E7 D5 43    0 | .$..........m..C
      1 | DB F9 C3 41 46 B6 D0 C2 AE 01 00 00 28 28 64 00    1 | ...AF.......((d.
      2 | 01 83 00 00 00 0F 00 00 00 00 00 00 00 00 00 00    2 | ................
      3 | 00 00 87 02 47 72 65 61 74 65 72 51 75 61 64 61    3 | ....GreaterQuada
      4 | 76 00 00 00 00 00 00 00 -- -- -- -- -- -- -- --    4 | v.......--------

NPC ID: 17223820
  Name: NightBats
  POLUtils_Name: Night Bats
  Type: Simple NPC
  XYZR: 434.254, 24.496, -115.312, 220
  Mask: 00001111
        |  0  1  2  3  4  5  6  7  8  9  A  B  C  D  E  F      | 0123456789ABCDEF
    -----------------------------------------------------  ----------------------
      0 | 0E 22 F5 00 8C D0 06 01 8C 00 0F DC 83 20 D9 43    0 | ."........... .C
      1 | CF F7 C3 41 BE 9F E6 C2 FD 02 00 00 28 28 64 00    1 | ...A........((d.
      2 | 07 83 02 00 00 10 00 40 00 00 08 00 00 00 00 00    2 | .......@........
      3 | 00 00 04 01 4E 69 67 68 74 42 61 74 73 00 00 00    3 | ....NightBats...
      4 | 00 00 00 00 -- -- -- -- -- -- -- -- -- -- -- --    4 | ....------------

NPC ID: 17223816
  Name: BogBunny
  POLUtils_Name: Bog Bunny
  Type: Simple NPC
  XYZR: 426.080, 24.504, -90.028, 254
  Mask: 00001111
        |  0  1  2  3  4  5  6  7  8  9  A  B  C  D  E  F      | 0123456789ABCDEF
    -----------------------------------------------------  ----------------------
      0 | 0E 20 F6 00 88 D0 06 01 88 00 0F FE 3D 0A D5 43    0 | . ..........=..C
      1 | 31 08 C4 41 56 0E B4 C2 67 03 00 00 28 28 64 00    1 | 1..AV...g...((d.
      2 | 01 83 00 00 00 0C 00 00 00 00 00 00 00 00 00 00    2 | ................
      3 | 00 00 0C 01 42 6F 67 42 75 6E 6E 79 00 00 00 00    3 | ....BogBunny....

NPC ID: 17223817
  Name: BogBunny
  POLUtils_Name: Bog Bunny
  Type: Simple NPC
  XYZR: 442.141, 24.499, -104.448, 191
  Mask: 00001111
        |  0  1  2  3  4  5  6  7  8  9  A  B  C  D  E  F      | 0123456789ABCDEF
    -----------------------------------------------------  ----------------------
      0 | 0E 20 F9 00 89 D0 06 01 89 00 0F BF 0C 12 DD 43    0 | . .............C
      1 | F4 FD C3 41 60 E5 D0 C2 8E 02 00 00 28 28 64 00    1 | ...A`.......((d.
      2 | 01 83 00 00 00 0C 00 00 00 00 00 00 00 00 00 00    2 | ................
      3 | 00 00 0C 01 42 6F 67 42 75 6E 6E 79 00 00 00 00    3 | ....BogBunny....

NPC ID: 17223825
  Name: WaterWasp
  POLUtils_Name: Water Wasp
  Type: Simple NPC
  XYZR: 403.818, 24.356, -39.861, 0
  Mask: 00001111
        |  0  1  2  3  4  5  6  7  8  9  A  B  C  D  E  F      | 0123456789ABCDEF
    -----------------------------------------------------  ----------------------
      0 | 0E 22 02 01 91 D0 06 01 91 00 0F 00 B4 E8 C9 43    0 | .".............C
      1 | 17 D9 C2 41 AA 71 1F C2 FC 01 00 00 28 28 64 00    1 | ...A.q......((d.
      2 | 01 83 02 00 00 0A 00 00 00 00 08 00 00 00 00 00    2 | ................
      3 | 00 00 10 01 57 61 74 65 72 57 61 73 70 00 00 00    3 | ....WaterWasp...
      4 | 00 00 00 00 -- -- -- -- -- -- -- -- -- -- -- --    4 | ....------------

NPC ID: 17223835
  Name: BlackBat
  POLUtils_Name: Black Bat
  Type: Simple NPC
  XYZR: 408.459, 24.535, 2.560, 242
  Mask: 00001111
        |  0  1  2  3  4  5  6  7  8  9  A  B  C  D  E  F      | 0123456789ABCDEF
    -----------------------------------------------------  ----------------------
      0 | 0E 20 20 01 9B D0 06 01 9B 00 0F F2 C1 3A CC 43    0 | .  ..........:.C
      1 | AE 47 C4 41 0A D7 23 40 95 03 00 00 28 28 64 00    1 | .G.A..#@....((d.
      2 | 01 83 02 00 00 0C 00 00 00 00 08 00 00 00 00 00    2 | ................
      3 | 00 00 00 01 42 6C 61 63 6B 42 61 74 00 00 00 00    3 | ....BlackBat....

NPC ID: 17224354
  Name: CavernousMaw
  POLUtils_Name: Cavernous Maw
  Type: Simple NPC
  XYZR: 422.092, 25.290, 30.299, 101
  Mask: 00001111
        |  0  1  2  3  4  5  6  7  8  9  A  B  C  D  E  F      | 0123456789ABCDEF
    -----------------------------------------------------  ----------------------
      0 | 0E 22 26 01 A2 D2 06 01 A2 02 0F 65 C7 0B D3 43    0 | ."&........e...C
      1 | EC 51 CA 41 5A 64 F2 41 01 80 00 00 32 32 64 00    1 | .Q.AZd.A....22d.
      2 | 00 03 00 00 00 00 00 02 A0 00 00 60 00 00 00 00    2 | ...........`....
      3 | 00 00 13 09 43 61 76 65 72 6E 6F 75 73 4D 61 77    3 | ....CavernousMaw
      4 | 00 00 00 00 -- -- -- -- -- -- -- -- -- -- -- --    4 | ....------------

NPC ID: 17223829
  Name: Gadfly
  POLUtils_Name: Gadfly
  Type: Simple NPC
  XYZR: 399.453, 24.885, -10.974, 238
  Mask: 00001111
        |  0  1  2  3  4  5  6  7  8  9  A  B  C  D  E  F      | 0123456789ABCDEF
    -----------------------------------------------------  ----------------------
      0 | 0E 20 28 01 95 D0 06 01 95 00 0F EE FC B9 C7 43    0 | . (............C
      1 | 7B 14 C7 41 81 95 2F C1 78 01 00 00 28 28 64 00    1 | {..A../.x...((d.
      2 | 01 83 02 00 00 0F 00 00 00 00 08 00 00 00 00 00    2 | ................
      3 | 00 00 C0 01 47 61 64 66 6C 79 00 00 00 00 00 00    3 | ....Gadfly......

NPC ID: 17223828
  Name: WaterWasp
  POLUtils_Name: Water Wasp
  Type: Simple NPC
  XYZR: 393.119, 24.502, -12.837, 56
  Mask: 00001111
        |  0  1  2  3  4  5  6  7  8  9  A  B  C  D  E  F      | 0123456789ABCDEF
    -----------------------------------------------------  ----------------------
      0 | 0E 22 63 01 94 D0 06 01 94 00 0F 38 3B 8F C4 43    0 | ."c........8;..C
      1 | 19 04 C4 41 5A 64 4D C1 85 01 00 00 28 28 64 00    1 | ...AZdM.....((d.
      2 | 01 83 02 00 00 0A 00 00 00 00 08 00 00 00 00 00    2 | ................
      3 | 00 00 10 01 57 61 74 65 72 57 61 73 70 00 00 00    3 | ....WaterWasp...
      4 | 00 00 00 00 -- -- -- -- -- -- -- -- -- -- -- --    4 | ....------------

NPC ID: 17223841
  Name: VeteranQuadav
  POLUtils_Name: Veteran Quadav
  Type: Simple NPC
  XYZR: 384.286, 24.809, 28.764, 11
  Mask: 00001111
        |  0  1  2  3  4  5  6  7  8  9  A  B  C  D  E  F      | 0123456789ABCDEF
    -----------------------------------------------------  ----------------------
      0 | 0E 24 66 01 A1 D0 06 01 A1 00 0F 0B 9C 24 C0 43    0 | .$f..........$.C
      1 | D5 78 C6 41 AC 1C E6 41 0F 01 00 00 28 28 64 00    1 | .x.A...A....((d.
      2 | 01 83 00 00 00 0F 00 00 00 00 00 00 00 00 00 00    2 | ................
      3 | 00 00 86 02 56 65 74 65 72 61 6E 51 75 61 64 61    3 | ....VeteranQuada
      4 | 76 00 00 00 00 00 00 00 -- -- -- -- -- -- -- --    4 | v.......--------

NPC ID: 17223833
  Name: NightBats
  POLUtils_Name: Night Bats
  Type: Simple NPC
  XYZR: 380.655, 24.154, 2.940, 228
  Mask: 00001111
        |  0  1  2  3  4  5  6  7  8  9  A  B  C  D  E  F      | 0123456789ABCDEF
    -----------------------------------------------------  ----------------------
      0 | 0E 22 67 01 99 D0 06 01 99 00 0F E4 D7 53 BE 43    0 | ."g..........S.C
      1 | 64 3B C1 41 F6 28 3C 40 C0 01 00 00 28 28 64 00    1 | d;.A.(<@....((d.
      2 | 07 83 02 00 00 10 00 40 00 00 08 00 00 00 00 00    2 | .......@........
      3 | 00 00 04 01 4E 69 67 68 74 42 61 74 73 00 00 00    3 | ....NightBats...
      4 | 00 00 00 00 -- -- -- -- -- -- -- -- -- -- -- --    4 | ....------------

NPC ID: 17223826
  Name: WaterWasp
  POLUtils_Name: Water Wasp
  Type: Simple NPC
  XYZR: 370.100, 24.156, 19.659, 13
  Mask: 00001111
        |  0  1  2  3  4  5  6  7  8  9  A  B  C  D  E  F      | 0123456789ABCDEF
    -----------------------------------------------------  ----------------------
      0 | 0E 22 7E 01 92 D0 06 01 92 00 0F 0D CD 0C B9 43    0 | ."~............C
      1 | 7D 3F C1 41 A2 45 9D 41 29 01 00 00 28 28 64 00    1 | }?.A.E.A)...((d.
      2 | 01 83 02 00 00 0A 00 00 00 00 08 00 00 00 00 00    2 | ................
      3 | 00 00 10 01 57 61 74 65 72 57 61 73 70 00 00 00    3 | ....WaterWasp...
      4 | 00 00 00 00 -- -- -- -- -- -- -- -- -- -- -- --    4 | ....------------

NPC ID: 17223840
  Name: OldQuadav
  POLUtils_Name: Old Quadav
  Type: Simple NPC
  XYZR: 364.802, 24.185, 34.661, 19
  Mask: 00001111
        |  0  1  2  3  4  5  6  7  8  9  A  B  C  D  E  F      | 0123456789ABCDEF
    -----------------------------------------------------  ----------------------
      0 | 0E 22 A9 01 A0 D0 06 01 A0 00 0F 13 A8 66 B6 43    0 | ."...........f.C
      1 | E1 7A C1 41 DD A4 0A 42 F5 00 00 00 28 28 64 00    1 | .z.A...B....((d.
      2 | 01 83 04 00 00 0F 00 00 00 00 00 00 00 00 00 00    2 | ................
      3 | 00 00 85 02 4F 6C 64 51 75 61 64 61 76 00 00 00    3 | ....OldQuadav...
      4 | 00 00 00 00 -- -- -- -- -- -- -- -- -- -- -- --    4 | ....------------

