NPC ID: 17743936
  Name: Hilda
  POLUtils_Name: Hilda
  Type: Simple NPC
  XYZR: -155.438, -11.378, 18.663, 123
  Mask: 00001111
        |  0  1  2  3  4  5  6  7  8  9  A  B  C  D  E  F      | 0123456789ABCDEF
    -----------------------------------------------------  ----------------------
      0 | 0E 20 0A 00 40 C0 0E 01 40 00 0F 7B 21 70 1B C3    0 | . ..@...@..{!p..
      1 | 4A 0C 36 C1 D3 4D 95 41 07 00 00 00 08 18 64 00    1 | J.6..M.A......d.
      2 | 00 1B 00 40 00 00 00 20 00 00 00 00 00 00 00 00    2 | ...@... ........
      3 | 00 00 6F 03 48 69 6C 64 61 00 00 00 00 00 00 00    3 | ..o.Hilda.......

NPC ID: 17743887
  Name: Sawyer
  POLUtils_Name: Sawyer
  Type: Equipped NPC
  XYZR: -160.159, -7.480, 15.809, 33
  Mask: 01010111
        |  0  1  2  3  4  5  6  7  8  9  A  B  C  D  E  F      | 0123456789ABCDEF
    -----------------------------------------------------  ----------------------
      0 | 0E 28 0A 00 0F C0 0E 01 0F 00 57 21 B4 28 20 C3    0 | .(........W!.( .
      1 | 29 5C EF C0 AA F1 7C 41 07 00 00 00 32 32 64 00    1 | )\\....|A....22d.
      2 | 00 1B 00 00 00 00 00 20 00 00 01 00 00 00 00 00    2 | ....... ........
      3 | 01 00 0A 01 00 10 11 20 00 30 03 40 03 50 00 60    3 | ....... .0.@.P.`
      4 | 00 70 00 00 00 00 00 00 00 00 00 00 00 00 00 00    4 | .p..............

NPC ID: 17744020
  Name: Raifa
  POLUtils_Name: Raifa
  Type: Equipped NPC
  XYZR: -166.416, -7.480, 7.153, 94
  Mask: 01010111
        |  0  1  2  3  4  5  6  7  8  9  A  B  C  D  E  F      | 0123456789ABCDEF
    -----------------------------------------------------  ----------------------
      0 | 0E 28 0A 00 94 C0 0E 01 94 00 57 5E 7F 6A 26 C3    0 | .(........W^.j&.
      1 | 29 5C EF C0 60 E5 E4 40 15 00 00 00 32 32 64 00    1 | )\\..`..@....22d.
      2 | 00 1B 00 00 00 00 00 20 00 00 00 00 00 00 00 00    2 | ....... ........
      3 | 01 00 07 02 0E 10 13 20 09 30 09 40 09 50 00 60    3 | ....... .0.@.P.`
      4 | 00 70 00 00 00 00 00 00 00 00 00 00 00 00 00 00    4 | .p..............

NPC ID: 17743889
  Name: Trilok
  POLUtils_Name: Trilok
  Type: Equipped NPC
  XYZR: -163.787, -7.482, 5.594, 96
  Mask: 01010111
        |  0  1  2  3  4  5  6  7  8  9  A  B  C  D  E  F      | 0123456789ABCDEF
    -----------------------------------------------------  ----------------------
      0 | 0E 28 0B 00 11 C0 0E 01 11 00 57 60 79 C9 23 C3    0 | .(........W`y.#.
      1 | 8B 6C EF C0 0C 02 B3 40 0E 00 00 00 32 32 64 00    1 | .l.....@....22d.
      2 | 00 1B 00 00 00 00 00 20 00 00 01 00 00 00 00 00    2 | ....... ........
      3 | 01 00 03 01 00 10 06 20 06 30 07 40 07 50 00 60    3 | ....... .0.@.P.`
      4 | 00 70 00 00 00 00 00 00 00 00 00 00 00 00 00 00    4 | .p..............

NPC ID: 17743886
  Name: Powhatan
  POLUtils_Name: Powhatan
  Type: Simple NPC
  XYZR: -152.135, -7.480, 19.014, 255
  Mask: 00001111
        |  0  1  2  3  4  5  6  7  8  9  A  B  C  D  E  F      | 0123456789ABCDEF
    -----------------------------------------------------  ----------------------
      0 | 0E 20 0B 00 0E C0 0E 01 0E 00 0F FF 8F 22 18 C3    0 | . ..........."..
      1 | 29 5C EF C0 AC 1C 98 41 08 00 00 00 32 32 64 00    1 | )\\.....A....22d.
      2 | 00 1B 00 00 00 00 00 20 00 00 00 00 00 00 00 00    2 | ....... ........
      3 | 00 00 63 03 50 6F 77 68 61 74 61 6E 00 00 00 00    3 | ..c.Powhatan....

NPC ID: 17744234
  Name: A.M.A.N. Liaison
  POLUtils_Name: A.M.A.N. Liaison
  Type: Equipped NPC
  XYZR: 68.640, 8.500, -221.240, 64
  Mask: 01010111
        |  0  1  2  3  4  5  6  7  8  9  A  B  C  D  E  F      | 0123456789ABCDEF
    -----------------------------------------------------  ----------------------
      0 | 0E 2C B2 00 6A C1 0E 01 6A 01 57 40 AE 47 89 42    0 | .,..j...j.W@.G.B
      1 | 00 00 08 41 71 3D 5D C3 08 00 00 00 32 32 64 00    1 | ...Aq=].....22d.
      2 | 00 03 00 00 00 00 00 00 00 00 00 01 00 00 00 00    2 | ................
      3 | 01 00 0C 02 77 10 67 20 68 30 66 40 68 50 00 60    3 | ....w.g h0f@hP.`
      4 | 00 70 00 00 00 00 00 00 00 00 00 00 00 00 00 00    4 | .p..............
      5 | 00 00 00 00 00 00 00 00 -- -- -- -- -- -- -- --    5 | ........--------

NPC ID: 17743983
  Name: SymphonicCurat
  POLUtils_Name: Symphonic Curator
  Type: Simple NPC
  XYZR: 2.000, -1.000, -7.500, 64
  Mask: 00001111
        |  0  1  2  3  4  5  6  7  8  9  A  B  C  D  E  F      | 0123456789ABCDEF
    -----------------------------------------------------  ----------------------
      0 | 0E 24 0A 00 6F C0 0E 01 6F 00 0F 40 00 00 00 40    0 | .$..o...o..@...@
      1 | 00 00 80 BF 00 00 F0 C0 01 80 00 00 32 32 64 00    1 | ............22d.
      2 | 00 03 00 00 00 00 00 00 00 00 00 00 00 00 00 00    2 | ................
      3 | 00 00 37 07 53 79 6D 70 68 6F 6E 69 63 43 75 72    3 | ..7.SymphonicCur
      4 | 61 74 00 00 00 00 00 00 -- -- -- -- -- -- -- --    4 | at......--------

NPC ID: 17743978
  Name: Moogle
  POLUtils_Name: Moogle
  Type: Simple NPC
  XYZR: 0.000, 0.000, 1.500, 64
  Mask: 00001111
        |  0  1  2  3  4  5  6  7  8  9  A  B  C  D  E  F      | 0123456789ABCDEF
    -----------------------------------------------------  ----------------------
      0 | 0E 20 0A 00 6A C0 0E 01 6A 00 0F 40 00 00 00 00    0 | . ..j...j..@....
      1 | 00 00 00 00 00 00 C0 3F 08 80 00 00 32 32 64 00    1 | .......?....22d.
      2 | 00 03 00 00 00 00 00 00 00 00 01 00 00 00 00 00    2 | ................
      3 | 00 00 52 00 4D 6F 6F 67 6C 65 00 00 00 00 00 00    3 | ..R.Moogle......

NPC ID: 17743978
  Name: Moogle
  POLUtils_Name: Moogle
  Type: Simple NPC
  XYZR: 0.000, 0.000, 1.500, 64
  Mask: 00001111
        |  0  1  2  3  4  5  6  7  8  9  A  B  C  D  E  F      | 0123456789ABCDEF
    -----------------------------------------------------  ----------------------
      0 | 0E 20 0E 00 6A C0 0E 01 6A 00 0F 40 00 00 00 00    0 | . ..j...j..@....
      1 | 00 00 00 00 00 00 C0 3F 07 80 00 00 32 32 64 00    1 | .......?....22d.
      2 | 00 03 00 00 00 00 00 00 00 00 01 00 00 00 00 00    2 | ................
      3 | 00 00 52 00 4D 6F 6F 67 6C 65 00 00 00 00 00 00    3 | ..R.Moogle......

NPC ID: 17743983
  Name: SymphonicCurat
  POLUtils_Name: Symphonic Curator
  Type: Simple NPC
  XYZR: 2.000, -1.000, -7.500, 64
  Mask: 00001111
        |  0  1  2  3  4  5  6  7  8  9  A  B  C  D  E  F      | 0123456789ABCDEF
    -----------------------------------------------------  ----------------------
      0 | 0E 24 11 00 6F C0 0E 01 6F 00 0F 40 00 00 00 40    0 | .$..o...o..@...@
      1 | 00 00 80 BF 00 00 F0 C0 01 80 00 00 32 32 64 00    1 | ............22d.
      2 | 00 03 00 00 00 00 00 00 00 00 00 00 00 00 00 00    2 | ................
      3 | 00 00 37 07 53 79 6D 70 68 6F 6E 69 63 43 75 72    3 | ..7.SymphonicCur
      4 | 61 74 00 00 00 00 00 00 -- -- -- -- -- -- -- --    4 | at......--------

NPC ID: 17744222
  Name: Ruenda
  POLUtils_Name: Ruenda
  Type: Equipped NPC
  XYZR: -150.000, -6.000, -1.500, 0
  Mask: 01010111
        |  0  1  2  3  4  5  6  7  8  9  A  B  C  D  E  F      | 0123456789ABCDEF
    -----------------------------------------------------  ----------------------
      0 | 0E 28 A0 01 5E C1 0E 01 5E 01 57 00 00 00 16 C3    0 | .(..^...^.W.....
      1 | 00 00 C0 C0 00 00 C0 BF 07 00 00 00 32 32 64 00    1 | ............22d.
      2 | 00 1B 00 00 00 00 00 20 00 00 00 00 00 00 00 00    2 | ....... ........
      3 | 01 00 01 02 00 10 00 20 00 30 11 40 11 50 00 60    3 | ....... .0.@.P.`
      4 | 00 70 00 00 00 00 00 00 00 00 00 00 00 00 00 00    4 | .p..............

