NPC ID: 17760486
  Name: blank
  POLUtils_Name:      
  Type: Decoration
  XYZR: 321.348, -4.200, 319.900, 175
  Mask: 00001111
        |  0  1  2  3  4  5  6  7  8  9  A  B  C  D  E  F      | 0123456789ABCDEF
    -----------------------------------------------------  ----------------------
      0 | 0E 1C 0A 00 E6 00 0F 01 E6 00 0F AF 8B AC A0 43    0 | ...............C
      1 | 66 66 86 C0 33 F3 9F 43 01 80 01 00 32 32 64 00    1 | ff..3..C....22d.
      2 | 02 1B 08 00 00 00 00 20 A0 00 00 00 00 00 00 00    2 | ....... ........
      3 | 00 00 47 01 00 00 00 00 -- -- -- -- -- -- -- --    3 | ..G.....--------

NPC ID: 17760420
  Name: _MLFRMD_ASCII:1_
  POLUtils_Name: 
  Type: Simple NPC
  XYZR: 242.281, -3.522, 61.994, 96
  Mask: 00000111
        |  0  1  2  3  4  5  6  7  8  9  A  B  C  D  E  F      | 0123456789ABCDEF
    -----------------------------------------------------  ----------------------
      0 | 0E 20 0A 00 A4 00 0F 01 A4 00 07 60 F0 47 72 43    0 | . .........`.GrC
      1 | 73 68 61 C0 DB F9 77 42 01 80 01 00 32 32 64 13    1 | sha...wB....22d.
      2 | 00 03 08 00 00 00 00 00 00 00 00 00 00 00 00 00    2 | ................
      3 | 04 00 00 00 01 00 00 00 41 5E 19 25 00 00 00 00    3 | ........A^.%....

NPC ID: 17760318
  Name: SheiaPohricham
  POLUtils_Name: Sheia Pohrichamaha
  Type: Simple NPC
  XYZR: -223.933, -8.306, 223.822, 51
  Mask: 00001111
        |  0  1  2  3  4  5  6  7  8  9  A  B  C  D  E  F      | 0123456789ABCDEF
    -----------------------------------------------------  ----------------------
      0 | 0E 24 0A 00 3E 00 0F 01 3E 00 0F 33 D9 EE 5F C3    0 | .$..>...>..3.._.
      1 | 60 E5 04 C1 6F D2 5F 43 07 00 00 00 32 32 64 00    1 | `...o._C....22d.
      2 | 00 1B 00 00 00 00 00 20 00 00 00 00 00 00 00 00    2 | ....... ........
      3 | 00 00 EA 00 53 68 65 69 61 50 6F 68 72 69 63 68    3 | ....SheiaPohrich
      4 | 61 6D 00 00 00 00 00 00 -- -- -- -- -- -- -- --    4 | am......--------

NPC ID: 17760403
  Name: Milma-Hapilma, W.W.
  POLUtils_Name: Milma-Hapilma, W.W.
  Type: Equipped NPC
  XYZR: -227.169, -7.999, 209.278, 3
  Mask: 01010111
        |  0  1  2  3  4  5  6  7  8  9  A  B  C  D  E  F      | 0123456789ABCDEF
    -----------------------------------------------------  ----------------------
      0 | 0E 2C 0A 00 93 00 0F 01 93 00 57 03 44 2B 63 C3    0 | .,........W.D+c.
      1 | CF F7 FF C0 2B 47 51 43 07 00 00 00 32 32 64 00    1 | ....+GQC....22d.
      2 | 00 1B 00 00 00 00 00 20 00 00 00 00 00 00 00 00    2 | ....... ........
      3 | 01 00 02 05 01 10 01 20 01 30 01 40 01 50 01 60    3 | ....... .0.@.P.`
      4 | 01 70 00 00 00 00 00 00 00 00 00 00 00 00 00 00    4 | .p..............
      5 | 00 00 00 00 00 00 00 00 -- -- -- -- -- -- -- --    5 | ........--------

NPC ID: 17760468
  Name: Pyru-Copyru
  POLUtils_Name: Pyru-Copyru
  Type: Simple NPC
  XYZR: -211.684, -8.194, 213.852, 160
  Mask: 00001111
        |  0  1  2  3  4  5  6  7  8  9  A  B  C  D  E  F      | 0123456789ABCDEF
    -----------------------------------------------------  ----------------------
      0 | 0E 22 0A 00 D4 00 0F 01 D4 00 0F A0 1B AF 53 C3    0 | ."............S.
      1 | A0 1A 03 C1 1D DA 55 43 14 00 00 00 32 32 64 00    1 | ......UC....22d.
      2 | 02 1B 00 00 00 00 00 20 00 00 00 00 00 00 00 00    2 | ....... ........
      3 | 00 00 A8 00 50 79 72 75 2D 43 6F 70 79 72 75 00    3 | ....Pyru-Copyru.
      4 | 00 00 00 00 -- -- -- -- -- -- -- -- -- -- -- --    4 | ....------------

NPC ID: 17760265
  Name: PRODUCER
  POLUtils_Name: PRODUCER
  Type: Simple NPC
  XYZR: -231.182, -7.999, 201.602, 125
  Mask: 00001111
        |  0  1  2  3  4  5  6  7  8  9  A  B  C  D  E  F      | 0123456789ABCDEF
    -----------------------------------------------------  ----------------------
      0 | 0E 20 0A 00 09 00 0F 01 09 00 0F 7D 98 2E 67 C3    0 | . .........}..g.
      1 | CF F7 FF C0 1D 9A 49 43 00 00 00 00 32 32 64 00    1 | ......IC....22d.
      2 | 06 03 00 00 00 00 00 00 00 00 00 00 00 00 00 00    2 | ................
      3 | 00 00 32 00 50 52 4F 44 55 43 45 52 00 00 00 00    3 | ..2.PRODUCER....

NPC ID: 17760397
  Name: HomePoint#2
  POLUtils_Name: Home Point #2
  Type: Simple NPC
  XYZR: -207.000, -8.160, 210.000, 0
  Mask: 00001111
        |  0  1  2  3  4  5  6  7  8  9  A  B  C  D  E  F      | 0123456789ABCDEF
    -----------------------------------------------------  ----------------------
      0 | 0E 22 0A 00 8D 00 0F 01 8D 00 0F 00 00 00 4F C3    0 | ."............O.
      1 | 5C 8F 02 C1 00 00 52 43 01 00 00 00 32 32 64 00    1 | \\.....RC....22d.
      2 | 00 03 00 00 00 00 00 00 00 00 00 00 00 00 00 00    2 | ................
      3 | 00 00 33 00 48 6F 6D 65 50 6F 69 6E 74 23 32 00    3 | ..3.HomePoint#2.
      4 | 00 00 00 00 -- -- -- -- -- -- -- -- -- -- -- --    4 | ....------------

NPC ID: 17760257
  Name: DIRECTOR
  POLUtils_Name: DIRECTOR
  Type: Simple NPC
  XYZR: -231.696, -7.999, 200.205, 141
  Mask: 00001111
        |  0  1  2  3  4  5  6  7  8  9  A  B  C  D  E  F      | 0123456789ABCDEF
    -----------------------------------------------------  ----------------------
      0 | 0E 20 0A 00 01 00 0F 01 01 00 0F 8D 2D B2 67 C3    0 | . ..........-.g.
      1 | CF F7 FF C0 7B 34 48 43 00 00 00 00 32 32 64 00    1 | ....{4HC....22d.
      2 | 06 03 00 00 00 00 00 00 00 00 00 00 00 00 00 00    2 | ................
      3 | 00 00 32 00 44 49 52 45 43 54 4F 52 00 00 00 00    3 | ..2.DIRECTOR....

NPC ID: 17760272
  Name: NineofClubs
  POLUtils_Name: Nine of Clubs
  Type: Simple NPC
  XYZR: -229.699, -8.000, 185.686, 251
  Mask: 00001111
        |  0  1  2  3  4  5  6  7  8  9  A  B  C  D  E  F      | 0123456789ABCDEF
    -----------------------------------------------------  ----------------------
      0 | 0E 22 0A 00 10 00 0F 01 10 00 0F FB F2 B2 65 C3    0 | ."............e.
      1 | 00 00 00 C1 9E AF 39 43 14 00 00 00 32 32 64 00    1 | ......9C....22d.
      2 | 00 1B 00 00 00 00 00 20 00 00 00 00 00 00 00 00    2 | ....... ........
      3 | 00 00 FC 00 4E 69 6E 65 6F 66 43 6C 75 62 73 00    3 | ....NineofClubs.
      4 | 00 00 00 00 -- -- -- -- -- -- -- -- -- -- -- --    4 | ....------------

NPC ID: 17760437
  Name: Tonule
  POLUtils_Name: Tonule
  Type: Simple NPC
  XYZR: -209.385, -8.117, 195.217, 170
  Mask: 00001111
        |  0  1  2  3  4  5  6  7  8  9  A  B  C  D  E  F      | 0123456789ABCDEF
    -----------------------------------------------------  ----------------------
      0 | 0E 20 0A 00 B5 00 0F 01 B5 00 0F AA 8F 62 51 C3    0 | . ...........bQ.
      1 | 3B DF 01 C1 8D 37 43 43 0E 00 00 00 32 32 64 22    1 | ;....7CC....22d"
      2 | 00 1B 00 00 00 00 00 20 00 00 00 00 00 00 00 00    2 | ....... ........
      3 | 00 00 CD 03 54 6F 6E 75 6C 65 00 00 00 00 00 00    3 | ....Tonule......

NPC ID: 17760381
  Name: Pankii-Mankii
  POLUtils_Name: Pankii-Mankii
  Type: Equipped NPC
  XYZR: -239.173, -7.999, 195.469, 221
  Mask: 01010111
        |  0  1  2  3  4  5  6  7  8  9  A  B  C  D  E  F      | 0123456789ABCDEF
    -----------------------------------------------------  ----------------------
      0 | 0E 2C 0A 00 7D 00 0F 01 7D 00 57 DD 4A 2C 6F C3    0 | .,..}...}.W.J,o.
      1 | CF F7 FF C0 10 78 43 43 0E 00 00 00 32 32 64 00    1 | .....xCC....22d.
      2 | 00 1B 00 00 00 00 00 20 00 00 01 00 00 00 00 00    2 | ....... ........
      3 | 01 00 00 05 00 10 01 20 01 30 01 40 01 50 00 60    3 | ....... .0.@.P.`
      4 | 00 70 00 00 00 00 00 00 00 00 00 00 00 00 00 00    4 | .p..............
      5 | 00 00 00 00 00 00 00 00 -- -- -- -- -- -- -- --    5 | ........--------

NPC ID: 17760269
  Name: Janshura-Rashura
  POLUtils_Name: Janshura-Rashura
  Type: Equipped NPC
  XYZR: -230.626, -8.398, 184.050, 3
  Mask: 01010111
        |  0  1  2  3  4  5  6  7  8  9  A  B  C  D  E  F      | 0123456789ABCDEF
    -----------------------------------------------------  ----------------------
      0 | 0E 2C 0A 00 0D 00 0F 01 0D 00 57 03 42 A0 66 C3    0 | .,........W.B.f.
      1 | 35 5E 06 C1 CD 0C 38 43 0E 00 00 00 32 32 64 00    1 | 5^....8C....22d.
      2 | 00 1B 00 00 00 00 00 20 00 00 01 00 00 00 00 00    2 | ....... ........
      3 | 01 00 00 05 18 10 18 20 18 30 18 40 18 50 00 60    3 | ....... .0.@.P.`
      4 | 00 70 00 00 00 00 00 00 00 00 00 00 00 00 00 00    4 | .p..............
      5 | 00 00 00 00 00 00 00 00 -- -- -- -- -- -- -- --    5 | ........--------

NPC ID: 17760511
  Name: SurvivalGuide
  POLUtils_Name: Survival Guide
  Type: Simple NPC
  XYZR: -220.000, -8.284, 179.000, 64
  Mask: 00001111
        |  0  1  2  3  4  5  6  7  8  9  A  B  C  D  E  F      | 0123456789ABCDEF
    -----------------------------------------------------  ----------------------
      0 | 0E 24 0B 00 FF 00 0F 01 FF 00 0F 40 00 00 5C C3    0 | .$.........@..\\.
      1 | 44 8B 04 C1 00 00 33 43 01 00 00 00 32 32 64 00    1 | D.....3C....22d.
      2 | 00 03 00 00 00 00 00 00 00 00 11 20 00 00 00 00    2 | ........... ....
      3 | 00 00 81 09 53 75 72 76 69 76 61 6C 47 75 69 64    3 | ....SurvivalGuid
      4 | 65 00 00 00 00 00 00 00 -- -- -- -- -- -- -- --    4 | e.......--------

NPC ID: 17760455
  Name: HuntRegistry
  POLUtils_Name: Hunt Registry
  Type: Simple NPC
  XYZR: -224.000, -8.284, 178.000, 64
  Mask: 00001111
        |  0  1  2  3  4  5  6  7  8  9  A  B  C  D  E  F      | 0123456789ABCDEF
    -----------------------------------------------------  ----------------------
      0 | 0E 22 0B 00 C7 00 0F 01 C7 00 0F 40 00 00 60 C3    0 | .".........@..`.
      1 | 44 8B 04 C1 00 00 32 43 01 00 00 00 32 32 64 00    1 | D.....2C....22d.
      2 | 00 03 00 00 00 00 00 00 00 00 08 60 00 00 00 00    2 | ...........`....
      3 | 00 00 28 09 48 75 6E 74 52 65 67 69 73 74 72 79    3 | ..(.HuntRegistry
      4 | 00 00 00 00 -- -- -- -- -- -- -- -- -- -- -- --    4 | ....------------

NPC ID: 17760467
  Name: Voidwatch Purveyor
  POLUtils_Name: Voidwatch Purveyor
  Type: Equipped NPC
  XYZR: -227.169, -8.000, 190.700, 0
  Mask: 01010111
        |  0  1  2  3  4  5  6  7  8  9  A  B  C  D  E  F      | 0123456789ABCDEF
    -----------------------------------------------------  ----------------------
      0 | 0E 2C 0B 00 D3 00 0F 01 D3 00 57 00 44 2B 63 C3    0 | .,........W.D+c.
      1 | 00 00 00 C1 33 B3 3E 43 01 00 00 00 32 32 64 00    1 | ....3.>C....22d.
      2 | 00 03 00 00 00 00 00 00 00 00 00 00 00 00 00 00    2 | ................
      3 | 01 00 0C 07 14 10 19 20 0C 30 02 40 02 50 00 60    3 | ....... .0.@.P.`
      4 | 00 70 00 00 00 00 00 00 00 00 00 00 00 00 00 00    4 | .p..............
      5 | 00 00 00 00 00 00 00 00 -- -- -- -- -- -- -- --    5 | ........--------

NPC ID: 17760271
  Name: TenofClubs
  POLUtils_Name: Ten of Clubs
  Type: Simple NPC
  XYZR: -229.393, -8.194, 182.696, 246
  Mask: 00001111
        |  0  1  2  3  4  5  6  7  8  9  A  B  C  D  E  F      | 0123456789ABCDEF
    -----------------------------------------------------  ----------------------
      0 | 0E 22 0B 00 0F 00 0F 01 0F 00 0F F6 9C 64 65 C3    0 | ."...........de.
      1 | A0 1A 03 C1 2D B2 36 43 01 00 00 00 32 32 64 00    1 | ....-.6C....22d.
      2 | 00 1B 00 00 00 00 00 20 00 00 00 00 00 00 00 00    2 | ....... ........
      3 | 00 00 FC 00 54 65 6E 6F 66 43 6C 75 62 73 00 00    3 | ....TenofClubs..
      4 | 00 00 00 00 -- -- -- -- -- -- -- -- -- -- -- --    4 | ....------------

NPC ID: 17760270
  Name: PuoRhen
  POLUtils_Name: Puo Rhen
  Type: Simple NPC
  XYZR: -227.964, -8.000, 187.087, 79
  Mask: 00001111
        |  0  1  2  3  4  5  6  7  8  9  A  B  C  D  E  F      | 0123456789ABCDEF
    -----------------------------------------------------  ----------------------
      0 | 0E 20 0C 00 0E 00 0F 01 0E 00 0F 4F C9 F6 63 C3    0 | . .........O..c.
      1 | 00 00 00 C1 46 16 3B 43 07 00 00 00 32 32 64 00    1 | ....F.;C....22d.
      2 | 00 1B 00 00 00 00 00 20 00 00 00 00 00 00 00 00    2 | ....... ........
      3 | 00 00 E9 00 50 75 6F 52 68 65 6E 00 00 00 00 00    3 | ....PuoRhen.....

NPC ID: 17760268
  Name: SemihLafihna
  POLUtils_Name: Semih Lafihna
  Type: Simple NPC
  XYZR: -153.758, -7.100, 185.575, 18
  Mask: 00001111
        |  0  1  2  3  4  5  6  7  8  9  A  B  C  D  E  F      | 0123456789ABCDEF
    -----------------------------------------------------  ----------------------
      0 | 0E 22 15 00 0C 00 0F 01 0C 00 0F 12 0C C2 19 C3    0 | ."..............
      1 | 33 33 E3 C0 33 93 39 43 00 00 00 00 32 32 64 00    1 | 33..3.9C....22d.
      2 | 06 1D 00 00 00 00 00 20 00 00 02 00 00 00 00 00    2 | ....... ........
      3 | 00 00 F9 00 53 65 6D 69 68 4C 61 66 69 68 6E 61    3 | ....SemihLafihna
      4 | 00 00 00 00 -- -- -- -- -- -- -- -- -- -- -- --    4 | ....------------

NPC ID: 17760382
  Name: Tujaja
  POLUtils_Name: Tujaja
  Type: Equipped NPC
  XYZR: -141.879, -7.000, 170.355, 4
  Mask: 01010111
        |  0  1  2  3  4  5  6  7  8  9  A  B  C  D  E  F      | 0123456789ABCDEF
    -----------------------------------------------------  ----------------------
      0 | 0E 28 1D 00 7E 00 0F 01 7E 00 57 04 06 E1 0D C3    0 | .(..~...~.W.....
      1 | 00 00 E0 C0 E1 5A 2A 43 07 00 00 00 32 32 64 00    1 | .....Z*C....22d.
      2 | 00 1B 00 00 00 00 00 20 00 00 01 00 00 00 00 00    2 | ....... ........
      3 | 01 00 00 06 00 10 01 20 01 30 01 40 01 50 00 60    3 | ....... .0.@.P.`
      4 | 00 70 00 00 00 00 00 00 00 00 00 00 00 00 00 00    4 | .p..............

NPC ID: 17760490
  Name: blank
  POLUtils_Name:      
  Type: Decoration
  XYZR: -139.260, -5.500, 162.123, 0
  Mask: 00001111
        |  0  1  2  3  4  5  6  7  8  9  A  B  C  D  E  F      | 0123456789ABCDEF
    -----------------------------------------------------  ----------------------
      0 | 0E 1C 21 00 EA 00 0F 01 EA 00 0F 00 8F 42 0B C3    0 | ..!..........B..
      1 | 00 00 B0 C0 7D 1F 22 43 07 80 00 00 32 32 64 00    1 | ....}."C....22d.
      2 | 02 1B 08 00 00 00 00 22 80 00 00 40 00 00 00 00    2 | ......."...@....
      3 | 00 00 E0 04 00 00 00 00 -- -- -- -- -- -- -- --    3 | ........--------

NPC ID: 17760473
  Name: blank
  POLUtils_Name:      
  Type: Decoration
  XYZR: -139.260, -5.500, 162.123, 0
  Mask: 00001111
        |  0  1  2  3  4  5  6  7  8  9  A  B  C  D  E  F      | 0123456789ABCDEF
    -----------------------------------------------------  ----------------------
      0 | 0E 1C 21 00 D9 00 0F 01 D9 00 0F 00 8F 42 0B C3    0 | ..!..........B..
      1 | 00 00 B0 C0 7D 1F 22 43 01 80 00 00 32 32 64 00    1 | ....}."C....22d.
      2 | 02 1B 08 00 00 00 00 22 80 00 00 40 00 00 00 00    2 | ......."...@....
      3 | 00 00 06 05 00 00 00 00 -- -- -- -- -- -- -- --    3 | ........--------

NPC ID: 17760491
  Name: blank
  POLUtils_Name:      
  Type: Decoration
  XYZR: -129.664, -5.500, 173.436, 48
  Mask: 00001111
        |  0  1  2  3  4  5  6  7  8  9  A  B  C  D  E  F      | 0123456789ABCDEF
    -----------------------------------------------------  ----------------------
      0 | 0E 1C 23 00 EB 00 0F 01 EB 00 0F 30 FC A9 01 C3    0 | ..#........0....
      1 | 00 00 B0 C0 9E 6F 2D 43 01 80 00 00 32 32 64 00    1 | .....o-C....22d.
      2 | 02 1B 08 00 00 00 00 22 80 00 00 40 00 00 00 00    2 | ......."...@....
      3 | 00 00 E0 04 00 00 00 00 -- -- -- -- -- -- -- --    3 | ........--------

NPC ID: 17760474
  Name: blank
  POLUtils_Name:      
  Type: Decoration
  XYZR: -129.664, -5.500, 173.436, 48
  Mask: 00001111
        |  0  1  2  3  4  5  6  7  8  9  A  B  C  D  E  F      | 0123456789ABCDEF
    -----------------------------------------------------  ----------------------
      0 | 0E 1C 23 00 DA 00 0F 01 DA 00 0F 30 FC A9 01 C3    0 | ..#........0....
      1 | 00 00 B0 C0 9E 6F 2D 43 01 80 00 00 32 32 64 00    1 | .....o-C....22d.
      2 | 02 1B 08 00 00 00 00 22 80 00 00 40 00 00 00 00    2 | ......."...@....
      3 | 00 00 06 05 00 00 00 00 -- -- -- -- -- -- -- --    3 | ........--------

NPC ID: 17760320
  Name: Alizabe
  POLUtils_Name: Alizabe
  Type: Equipped NPC
  XYZR: -153.059, -3.999, 138.256, 43
  Mask: 01010111
        |  0  1  2  3  4  5  6  7  8  9  A  B  C  D  E  F      | 0123456789ABCDEF
    -----------------------------------------------------  ----------------------
      0 | 0E 28 26 00 40 00 0F 01 40 00 57 2B 1B 0F 19 C3    0 | .(&.@...@.W+....
      1 | 9E EF 7F C0 89 41 0A 43 07 00 00 00 32 32 64 00    1 | .....A.C....22d.
      2 | 00 1B 00 00 00 00 00 20 00 00 01 00 00 00 00 00    2 | ....... ........
      3 | 01 00 04 02 00 10 08 20 08 30 08 40 08 50 00 60    3 | ....... .0.@.P.`
      4 | 00 70 00 00 00 00 00 00 00 00 00 00 00 00 00 00    4 | .p..............

NPC ID: 17760266
  Name: Hakkuru-Rinkuru
  POLUtils_Name: Hakkuru-Rinkuru
  Type: Equipped NPC
  XYZR: -133.714, -3.999, 147.398, 171
  Mask: 01010111
        |  0  1  2  3  4  5  6  7  8  9  A  B  C  D  E  F      | 0123456789ABCDEF
    -----------------------------------------------------  ----------------------
      0 | 0E 2C 28 00 0A 00 0F 01 0A 00 57 AB C9 B6 05 C3    0 | .,(.......W.....
      1 | 9E EF 7F C0 E3 65 13 43 00 00 00 00 32 32 64 00    1 | .....e.C....22d.
      2 | 06 1B 00 00 00 00 00 20 00 00 00 00 00 00 00 00    2 | ....... ........
      3 | 01 00 00 05 00 10 18 20 18 30 18 40 18 50 00 60    3 | ....... .0.@.P.`
      4 | 00 70 00 00 00 00 00 00 00 00 00 00 00 00 00 00    4 | .p..............
      5 | 00 00 00 00 00 00 00 00 -- -- -- -- -- -- -- --    5 | ........--------

NPC ID: 17760383
  Name: Jolwa-Moowa
  POLUtils_Name: Jolwa-Moowa
  Type: Equipped NPC
  XYZR: -121.568, -7.676, 203.567, 53
  Mask: 01010111
        |  0  1  2  3  4  5  6  7  8  9  A  B  C  D  E  F      | 0123456789ABCDEF
    -----------------------------------------------------  ----------------------
      0 | 0E 2A 28 00 7F 00 0F 01 7F 00 57 35 D1 22 F3 C2    0 | .*(.......W5."..
      1 | CB A1 F5 C0 27 91 4B 43 01 00 00 00 32 32 64 00    1 | ....'.KC....22d.
      2 | 00 1B 00 00 00 00 00 20 00 00 01 00 00 00 00 00    2 | ....... ........
      3 | 01 00 01 05 00 10 01 20 01 30 01 40 01 50 00 60    3 | ....... .0.@.P.`
      4 | 00 70 00 00 00 00 00 00 00 00 00 00 00 00 00 00    4 | .p..............
      5 | 00 00 00 00 -- -- -- -- -- -- -- -- -- -- -- --    5 | ....------------

NPC ID: 17760281
  Name: Ajido-Marujido
  POLUtils_Name: Ajido-Marujido
  Type: Simple NPC
  XYZR: -117.092, -5.500, 182.445, 195
  Mask: 00001111
        |  0  1  2  3  4  5  6  7  8  9  A  B  C  D  E  F      | 0123456789ABCDEF
    -----------------------------------------------------  ----------------------
      0 | 0E 24 29 00 19 00 0F 01 19 00 0F C3 1B 2F EA C2    0 | .$)........../..
      1 | 00 00 B0 C0 EC 71 36 43 00 00 00 00 32 32 64 00    1 | .....q6C....22d.
      2 | 06 1D 00 00 00 00 00 20 00 00 00 00 00 00 00 00    2 | ....... ........
      3 | 00 00 4A 00 41 6A 69 64 6F 2D 4D 61 72 75 6A 69    3 | ..J.Ajido-Maruji
      4 | 64 6F 00 00 00 00 00 00 -- -- -- -- -- -- -- --    4 | do......--------

NPC ID: 17760267
  Name: Kuroido-Moido
  POLUtils_Name: Kuroido-Moido
  Type: Equipped NPC
  XYZR: -130.950, -3.999, 143.997, 168
  Mask: 01010111
        |  0  1  2  3  4  5  6  7  8  9  A  B  C  D  E  F      | 0123456789ABCDEF
    -----------------------------------------------------  ----------------------
      0 | 0E 2C 2A 00 0B 00 0F 01 0B 00 57 A8 33 F3 02 C3    0 | .,*.......W.3...
      1 | 9E EF 7F C0 3B FF 0F 43 00 00 00 00 32 32 64 00    1 | ....;..C....22d.
      2 | 06 1B 00 00 00 00 00 20 00 00 00 00 00 00 00 00    2 | ....... ........
      3 | 01 00 06 05 00 10 18 20 18 30 18 40 18 50 00 60    3 | ....... .0.@.P.`
      4 | 00 70 00 00 00 00 00 00 00 00 00 00 00 00 00 00    4 | .p..............
      5 | 00 00 00 00 00 00 00 00 -- -- -- -- -- -- -- --    5 | ........--------

NPC ID: 17760390
  Name: FourofClubs
  POLUtils_Name: Four of Clubs
  Type: Simple NPC
  XYZR: -114.090, -7.734, 202.197, 73
  Mask: 00001111
        |  0  1  2  3  4  5  6  7  8  9  A  B  C  D  E  F      | 0123456789ABCDEF
    -----------------------------------------------------  ----------------------
      0 | 0E 22 2D 00 86 00 0F 01 86 00 0F 49 14 2E E4 C2    0 | ."-........I....
      1 | EE 7C F7 C0 6F 32 4A 43 07 00 00 00 32 32 64 00    1 | .|..o2JC....22d.
      2 | 00 1B 00 00 00 00 00 20 00 00 00 00 00 00 00 00    2 | ....... ........
      3 | 00 00 FC 00 46 6F 75 72 6F 66 43 6C 75 62 73 00    3 | ....FourofClubs.
      4 | 00 00 00 00 -- -- -- -- -- -- -- -- -- -- -- --    4 | ....------------

NPC ID: 17760352
  Name: Machichi
  POLUtils_Name: Machichi
  Type: Equipped NPC
  XYZR: -108.699, -4.999, 173.195, 169
  Mask: 01010111
        |  0  1  2  3  4  5  6  7  8  9  A  B  C  D  E  F      | 0123456789ABCDEF
    -----------------------------------------------------  ----------------------
      0 | 0E 28 2D 00 60 00 0F 01 60 00 57 A9 E3 65 D9 C2    0 | .(-.`...`.W..e..
      1 | CF F7 9F C0 EC 31 2D 43 5F 02 00 00 0D 32 64 00    1 | .....1-C_....2d.
      2 | 00 1B 00 40 00 00 00 20 00 00 01 00 00 00 00 00    2 | ...@... ........
      3 | 01 00 00 06 00 10 08 20 08 30 08 40 08 50 00 60    3 | ....... .0.@.P.`
      4 | 00 70 00 00 00 00 00 00 00 00 00 00 00 00 00 00    4 | .p..............

NPC ID: 17760492
  Name: blank
  POLUtils_Name:      
  Type: Decoration
  XYZR: -105.875, -5.125, 174.000, 0
  Mask: 00001111
        |  0  1  2  3  4  5  6  7  8  9  A  B  C  D  E  F      | 0123456789ABCDEF
    -----------------------------------------------------  ----------------------
      0 | 0E 1C 2F 00 EC 00 0F 01 EC 00 0F 00 00 C0 D3 C2    0 | ../.............
      1 | 00 00 A4 C0 00 00 2E 43 14 80 00 00 32 32 64 00    1 | .......C....22d.
      2 | 02 1B 08 00 00 00 00 22 80 00 00 40 00 00 00 00    2 | ......."...@....
      3 | 00 00 E0 04 00 00 00 00 -- -- -- -- -- -- -- --    3 | ........--------

NPC ID: 17760475
  Name: blank
  POLUtils_Name:      
  Type: Decoration
  XYZR: -105.875, -5.125, 174.000, 0
  Mask: 00001111
        |  0  1  2  3  4  5  6  7  8  9  A  B  C  D  E  F      | 0123456789ABCDEF
    -----------------------------------------------------  ----------------------
      0 | 0E 1C 2F 00 DB 00 0F 01 DB 00 0F 00 00 C0 D3 C2    0 | ../.............
      1 | 00 00 A4 C0 00 00 2E 43 01 80 00 00 32 32 64 00    1 | .......C....22d.
      2 | 02 1B 08 00 00 00 00 22 80 00 00 40 00 00 00 00    2 | ......."...@....
      3 | 00 00 06 05 00 00 00 00 -- -- -- -- -- -- -- --    3 | ........--------

NPC ID: 17760489
  Name: blank
  POLUtils_Name:      
  Type: Decoration
  XYZR: -130.000, -4.000, 134.000, 135
  Mask: 00001111
        |  0  1  2  3  4  5  6  7  8  9  A  B  C  D  E  F      | 0123456789ABCDEF
    -----------------------------------------------------  ----------------------
      0 | 0E 1C 30 00 E9 00 0F 01 E9 00 0F 87 00 00 02 C3    0 | ..0.............
      1 | 00 00 80 C0 00 00 06 43 0E 80 00 00 32 32 64 00    1 | .......C....22d.
      2 | 02 1B 08 00 00 00 00 22 80 00 00 40 00 00 00 00    2 | ......."...@....
      3 | 00 00 E0 04 00 00 00 00 -- -- -- -- -- -- -- --    3 | ........--------

NPC ID: 17760472
  Name: blank
  POLUtils_Name:      
  Type: Decoration
  XYZR: -130.000, -4.000, 134.000, 135
  Mask: 00001111
        |  0  1  2  3  4  5  6  7  8  9  A  B  C  D  E  F      | 0123456789ABCDEF
    -----------------------------------------------------  ----------------------
      0 | 0E 1C 30 00 D8 00 0F 01 D8 00 0F 87 00 00 02 C3    0 | ..0.............
      1 | 00 00 80 C0 00 00 06 43 01 80 00 00 32 32 64 00    1 | .......C....22d.
      2 | 02 1B 08 00 00 00 00 22 80 00 00 40 00 00 00 00    2 | ......."...@....
      3 | 00 00 06 05 00 00 00 00 -- -- -- -- -- -- -- --    3 | ........--------

NPC ID: 17760359
  Name: Skopopo
  POLUtils_Name: Skopopo
  Type: Equipped NPC
  XYZR: -132.114, -4.000, 134.191, 29
  Mask: 01010111
        |  0  1  2  3  4  5  6  7  8  9  A  B  C  D  E  F      | 0123456789ABCDEF
    -----------------------------------------------------  ----------------------
      0 | 0E 28 30 00 67 00 0F 01 67 00 57 1D 2F 1D 04 C3    0 | .(0.g...g.W./...
      1 | 00 00 80 C0 E5 30 06 43 01 00 00 00 32 32 64 00    1 | .....0.C....22d.
      2 | 00 1B 00 00 00 00 00 20 00 00 01 00 00 00 00 00    2 | ....... ........
      3 | 01 00 00 06 00 10 08 20 08 30 08 40 08 50 00 60    3 | ....... .0.@.P.`
      4 | 00 70 00 00 00 00 00 00 00 00 00 00 00 00 00 00    4 | .p..............

NPC ID: 17760353
  Name: Yapam-Alpam
  POLUtils_Name: Yapam-Alpam
  Type: Equipped NPC
  XYZR: -101.436, -4.999, 159.041, 2
  Mask: 01010111
        |  0  1  2  3  4  5  6  7  8  9  A  B  C  D  E  F      | 0123456789ABCDEF
    -----------------------------------------------------  ----------------------
      0 | 0E 2A 33 00 61 00 0F 01 61 00 57 02 3B DF CA C2    0 | .*3.a...a.W.;...
      1 | CF F7 9F C0 7F 0A 1F 43 0E 00 00 00 32 32 64 00    1 | .......C....22d.
      2 | 00 1B 00 00 00 00 00 20 00 00 01 00 00 00 00 00    2 | ....... ........
      3 | 01 00 01 05 00 10 08 20 08 30 08 40 08 50 00 60    3 | ....... .0.@.P.`
      4 | 00 70 00 00 00 00 00 00 00 00 00 00 00 00 00 00    4 | .p..............
      5 | 00 00 00 00 -- -- -- -- -- -- -- -- -- -- -- --    5 | ....------------

NPC ID: 17760394
  Name: JackofClubs
  POLUtils_Name: Jack of Clubs
  Type: Simple NPC
  XYZR: -118.626, -3.000, 130.811, 160
  Mask: 00001111
        |  0  1  2  3  4  5  6  7  8  9  A  B  C  D  E  F      | 0123456789ABCDEF
    -----------------------------------------------------  ----------------------
      0 | 0E 22 35 00 8A 00 0F 01 8A 00 0F A0 83 40 ED C2    0 | ."5..........@..
      1 | 00 00 40 C0 9E CF 02 43 07 80 00 00 32 32 64 00    1 | ..@....C....22d.
      2 | 00 1B 00 00 00 00 00 20 00 00 00 00 00 00 00 00    2 | ....... ........
      3 | 00 00 48 03 4A 61 63 6B 6F 66 43 6C 75 62 73 00    3 | ..H.JackofClubs.
      4 | 00 00 00 00 -- -- -- -- -- -- -- -- -- -- -- --    4 | ....------------

NPC ID: 17760301
  Name: Calixte
  POLUtils_Name: Calixte
  Type: Simple NPC
  XYZR: -92.733, -5.500, 165.102, 83
  Mask: 00001111
        |  0  1  2  3  4  5  6  7  8  9  A  B  C  D  E  F      | 0123456789ABCDEF
    -----------------------------------------------------  ----------------------
      0 | 0E 20 38 00 2D 00 0F 01 2D 00 0F 53 4C 77 B9 C2    0 | . 8.-...-..SLw..
      1 | 00 00 B0 C0 1D 1A 25 43 0E 00 00 00 32 32 64 00    1 | ......%C....22d.
      2 | 00 1B 00 00 00 00 00 20 00 00 00 00 00 00 00 00    2 | ....... ........
      3 | 00 00 5A 00 43 61 6C 69 78 74 65 00 00 00 00 00    3 | ..Z.Calixte.....

NPC ID: 17760415
  Name: _6o3
  POLUtils_Name: Door:Bastokan Consul
  Type: Simple NPC
  XYZR: -91.212, -7.002, 160.787, 0
  Mask: 00000111
        |  0  1  2  3  4  5  6  7  8  9  A  B  C  D  E  F      | 0123456789ABCDEF
    -----------------------------------------------------  ----------------------
      0 | 0E 20 39 00 9F 00 0F 01 9F 00 07 00 8B 6C B6 C2    0 | . 9..........l..
      1 | 62 10 E0 C0 79 C9 20 43 01 00 00 00 32 32 64 09    1 | b...y. C....22d.
      2 | 00 03 10 00 00 00 00 00 00 00 00 00 00 00 00 00    2 | ................
      3 | 02 00 00 00 5F 36 6F 33 00 00 00 00 00 00 00 00    3 | ...._6o3........

NPC ID: 17760412
  Name: _6o0
  POLUtils_Name: Door:Orastery
  Type: Simple NPC
  XYZR: -124.812, -4.717, 119.126, 0
  Mask: 00000111
        |  0  1  2  3  4  5  6  7  8  9  A  B  C  D  E  F      | 0123456789ABCDEF
    -----------------------------------------------------  ----------------------
      0 | 0E 20 3A 00 9C 00 0F 01 9C 00 07 00 BE 9F F9 C2    0 | . :.............
      1 | AA F1 96 C0 83 40 EE 42 01 00 00 00 32 32 64 09    1 | .....@.B....22d.
      2 | 00 03 10 00 00 00 00 00 00 00 00 00 00 00 00 00    2 | ................
      3 | 02 00 00 00 5F 36 6F 30 00 00 00 00 00 00 00 00    3 | ...._6o0........

NPC ID: 17760294
  Name: BlankCard
  POLUtils_Name: Blank Card
  Type: Simple NPC
  XYZR: -115.942, -3.449, 120.523, 63
  Mask: 00001111
        |  0  1  2  3  4  5  6  7  8  9  A  B  C  D  E  F      | 0123456789ABCDEF
    -----------------------------------------------------  ----------------------
      0 | 0E 22 3B 00 26 00 0F 01 26 00 0F 3F 4E E2 E7 C2    0 | .";.&...&..?N...
      1 | 6A BC 5C C0 C7 0B F1 42 07 00 00 00 32 32 64 00    1 | j.\\....B....22d.
      2 | 00 03 00 00 00 00 00 00 00 00 02 00 00 00 00 00    2 | ................
      3 | 00 00 35 03 42 6C 61 6E 6B 43 61 72 64 00 00 00    3 | ..5.BlankCard...
      4 | 00 00 00 00 -- -- -- -- -- -- -- -- -- -- -- --    4 | ....------------

NPC ID: 17760264
  Name: warp07
  POLUtils_Name: warp07
  Type: Simple NPC
  XYZR: -88.100, -5.500, 159.287, 79
  Mask: 00001111
        |  0  1  2  3  4  5  6  7  8  9  A  B  C  D  E  F      | 0123456789ABCDEF
    -----------------------------------------------------  ----------------------
      0 | 0E 20 3B 00 08 00 0F 01 08 00 0F 4F 33 33 B0 C2    0 | . ;........O33..
      1 | 00 00 B0 C0 79 49 1F 43 01 00 00 00 32 32 64 00    1 | ....yI.C....22d.
      2 | 00 03 08 00 00 00 00 00 00 00 00 00 00 00 00 00    2 | ................
      3 | 00 00 32 00 77 61 72 70 30 37 00 00 00 00 00 00    3 | ..2.warp07......

NPC ID: 17760295
  Name: BlankCard
  POLUtils_Name: Blank Card
  Type: Simple NPC
  XYZR: -112.022, -3.449, 120.622, 64
  Mask: 00001111
        |  0  1  2  3  4  5  6  7  8  9  A  B  C  D  E  F      | 0123456789ABCDEF
    -----------------------------------------------------  ----------------------
      0 | 0E 22 3C 00 27 00 0F 01 27 00 0F 40 44 0B E0 C2    0 | ."<.'...'..@D...
      1 | 6A BC 5C C0 77 3E F1 42 01 00 00 00 32 32 64 00    1 | j.\\.w>.B....22d.
      2 | 00 03 00 00 00 00 00 00 00 00 02 00 00 00 00 00    2 | ................
      3 | 00 00 35 03 42 6C 61 6E 6B 43 61 72 64 00 00 00    3 | ..5.BlankCard...
      4 | 00 00 00 00 -- -- -- -- -- -- -- -- -- -- -- --    4 | ....------------

NPC ID: 17760260
  Name: warp03
  POLUtils_Name: warp03
  Type: Simple NPC
  XYZR: -118.875, -3.250, 117.835, 78
  Mask: 00001111
        |  0  1  2  3  4  5  6  7  8  9  A  B  C  D  E  F      | 0123456789ABCDEF
    -----------------------------------------------------  ----------------------
      0 | 0E 20 3C 00 04 00 0F 01 04 00 0F 4E 00 C0 ED C2    0 | . <........N....
      1 | 00 00 50 C0 85 AB EB 42 01 00 00 00 32 32 64 00    1 | ..P....B....22d.
      2 | 00 03 08 00 00 00 00 00 00 00 00 00 00 00 00 00    2 | ................
      3 | 00 00 32 00 77 61 72 70 30 33 00 00 00 00 00 00    3 | ..2.warp03......

NPC ID: 17760296
  Name: BlankCard
  POLUtils_Name: Blank Card
  Type: Simple NPC
  XYZR: -107.952, -3.449, 120.581, 60
  Mask: 00001111
        |  0  1  2  3  4  5  6  7  8  9  A  B  C  D  E  F      | 0123456789ABCDEF
    -----------------------------------------------------  ----------------------
      0 | 0E 22 3D 00 28 00 0F 01 28 00 0F 3C 6D E7 D7 C2    0 | ."=.(...(..<m...
      1 | 6A BC 5C C0 79 29 F1 42 14 00 00 00 32 32 64 00    1 | j.\\.y).B....22d.
      2 | 00 03 00 00 00 00 00 00 00 00 02 00 00 00 00 00    2 | ................
      3 | 00 00 35 03 42 6C 61 6E 6B 43 61 72 64 00 00 00    3 | ..5.BlankCard...
      4 | 00 00 00 00 -- -- -- -- -- -- -- -- -- -- -- --    4 | ....------------

NPC ID: 17760493
  Name: blank
  POLUtils_Name:      
  Type: Decoration
  XYZR: -94.000, -4.000, 134.000, 36
  Mask: 00001111
        |  0  1  2  3  4  5  6  7  8  9  A  B  C  D  E  F      | 0123456789ABCDEF
    -----------------------------------------------------  ----------------------
      0 | 0E 1C 3D 00 ED 00 0F 01 ED 00 0F 24 00 00 BC C2    0 | ..=........$....
      1 | 00 00 80 C0 00 00 06 43 0E 80 00 00 32 32 64 00    1 | .......C....22d.
      2 | 02 1B 08 00 00 00 00 22 80 00 00 40 00 00 00 00    2 | ......."...@....
      3 | 00 00 E0 04 00 00 00 00 -- -- -- -- -- -- -- --    3 | ........--------

NPC ID: 17760476
  Name: blank
  POLUtils_Name:      
  Type: Decoration
  XYZR: -94.000, -4.000, 134.000, 36
  Mask: 00001111
        |  0  1  2  3  4  5  6  7  8  9  A  B  C  D  E  F      | 0123456789ABCDEF
    -----------------------------------------------------  ----------------------
      0 | 0E 1C 3D 00 DC 00 0F 01 DC 00 0F 24 00 00 BC C2    0 | ..=........$....
      1 | 00 00 80 C0 00 00 06 43 01 80 00 00 32 32 64 00    1 | .......C....22d.
      2 | 02 1B 08 00 00 00 00 22 80 00 00 40 00 00 00 00    2 | ......."...@....
      3 | 00 00 06 05 00 00 00 00 -- -- -- -- -- -- -- --    3 | ........--------

NPC ID: 17760317
  Name: Posso Ruhbini
  POLUtils_Name: Posso Ruhbini
  Type: Equipped NPC
  XYZR: -133.889, -3.000, 109.374, 146
  Mask: 01010111
        |  0  1  2  3  4  5  6  7  8  9  A  B  C  D  E  F      | 0123456789ABCDEF
    -----------------------------------------------------  ----------------------
      0 | 0E 2A 3E 00 3D 00 0F 01 3D 00 57 92 96 E3 05 C3    0 | .*>.=...=.W.....
      1 | 00 00 40 C0 7D BF DA 42 07 00 00 00 32 32 64 00    1 | ..@.}..B....22d.
      2 | 00 1B 00 00 00 00 00 20 00 00 01 00 00 00 00 00    2 | ....... ........
      3 | 01 00 02 07 00 10 11 20 11 30 11 40 11 50 00 60    3 | ....... .0.@.P.`
      4 | 00 70 00 00 00 00 00 00 00 00 00 00 00 00 00 00    4 | .p..............
      5 | 00 00 00 00 -- -- -- -- -- -- -- -- -- -- -- --    5 | ....------------

NPC ID: 17760354
  Name: Enjojo
  POLUtils_Name: Enjojo
  Type: Equipped NPC
  XYZR: -92.582, -4.000, 133.270, 88
  Mask: 01010111
        |  0  1  2  3  4  5  6  7  8  9  A  B  C  D  E  F      | 0123456789ABCDEF
    -----------------------------------------------------  ----------------------
      0 | 0E 28 3E 00 62 00 0F 01 62 00 57 58 FC 29 B9 C2    0 | .(>.b...b.WX.)..
      1 | 00 00 80 C0 1F 45 05 43 07 00 00 00 32 32 64 00    1 | .....E.C....22d.
      2 | 00 1B 00 00 00 00 00 20 00 00 01 00 00 00 00 00    2 | ....... ........
      3 | 01 00 02 06 00 10 08 20 08 30 08 40 08 50 00 60    3 | ....... .0.@.P.`
      4 | 00 70 00 00 00 00 00 00 00 00 00 00 00 00 00 00    4 | .p..............

NPC ID: 17760416
  Name: _6o4
  POLUtils_Name: Door:Bastokan Consul
  Type: Simple NPC
  XYZR: -85.524, -6.997, 158.299, 0
  Mask: 00000111
        |  0  1  2  3  4  5  6  7  8  9  A  B  C  D  E  F      | 0123456789ABCDEF
    -----------------------------------------------------  ----------------------
      0 | 0E 20 3E 00 A0 00 0F 01 A0 00 07 00 4A 0C AB C2    0 | . >.........J...
      1 | 6D E7 DF C0 8B 4C 1E 43 01 00 00 00 32 32 64 09    1 | m....L.C....22d.
      2 | 00 03 10 00 00 00 00 00 00 00 00 00 00 00 00 00    2 | ................
      3 | 02 00 00 00 5F 36 6F 34 00 00 00 00 00 00 00 00    3 | ...._6o4........

NPC ID: 17760276
  Name: Kunchichi
  POLUtils_Name: Kunchichi
  Type: Equipped NPC
  XYZR: -115.933, -3.250, 109.533, 189
  Mask: 01010111
        |  0  1  2  3  4  5  6  7  8  9  A  B  C  D  E  F      | 0123456789ABCDEF
    -----------------------------------------------------  ----------------------
      0 | 0E 2A 40 00 14 00 0F 01 14 00 57 BD B2 DD E7 C2    0 | .*@.......W.....
      1 | 00 00 50 C0 E5 10 DB 42 14 00 00 00 32 32 64 00    1 | ..P....B....22d.
      2 | 00 1B 00 00 00 00 00 20 00 00 00 00 00 00 00 00    2 | ....... ........
      3 | 01 00 00 06 00 10 0A 20 0A 30 0A 40 0A 50 00 60    3 | ....... .0.@.P.`
      4 | 00 70 00 00 00 00 00 00 00 00 00 00 00 00 00 00    4 | .p..............
      5 | 00 00 00 00 -- -- -- -- -- -- -- -- -- -- -- --    5 | ....------------

NPC ID: 17760279
  Name: Goltata
  POLUtils_Name: Goltata
  Type: Equipped NPC
  XYZR: -122.763, -3.250, 104.982, 240
  Mask: 01010111
        |  0  1  2  3  4  5  6  7  8  9  A  B  C  D  E  F      | 0123456789ABCDEF
    -----------------------------------------------------  ----------------------
      0 | 0E 28 41 00 17 00 0F 01 17 00 57 F0 A8 86 F5 C2    0 | .(A.......W.....
      1 | 00 00 50 C0 C9 F6 D1 42 01 00 00 00 32 32 64 00    1 | ..P....B....22d.
      2 | 00 1B 00 00 00 00 00 20 00 00 01 00 00 00 00 00    2 | ....... ........
      3 | 01 00 01 06 12 10 12 20 12 30 12 40 12 50 00 60    3 | ....... .0.@.P.`
      4 | 00 70 00 00 00 00 00 00 00 00 00 00 00 00 00 00    4 | .p..............

NPC ID: 17760413
  Name: _6o1
  POLUtils_Name: Door:Orastery
  Type: Simple NPC
  XYZR: -99.212, -4.717, 119.126, 0
  Mask: 00000111
        |  0  1  2  3  4  5  6  7  8  9  A  B  C  D  E  F      | 0123456789ABCDEF
    -----------------------------------------------------  ----------------------
      0 | 0E 20 41 00 9D 00 0F 01 9D 00 07 00 8B 6C C6 C2    0 | . A..........l..
      1 | AA F1 96 C0 83 40 EE 42 01 00 00 00 32 32 64 09    1 | .....@.B....22d.
      2 | 00 03 10 00 00 00 00 00 00 00 00 00 00 00 00 00    2 | ................
      3 | 02 00 00 00 5F 36 6F 31 00 00 00 00 00 00 00 00    3 | ...._6o1........

NPC ID: 17760277
  Name: Mojo-Pojo
  POLUtils_Name: Mojo-Pojo
  Type: Equipped NPC
  XYZR: -108.041, -3.249, 109.545, 189
  Mask: 01010111
        |  0  1  2  3  4  5  6  7  8  9  A  B  C  D  E  F      | 0123456789ABCDEF
    -----------------------------------------------------  ----------------------
      0 | 0E 2A 43 00 15 00 0F 01 15 00 57 BD FE 14 D8 C2    0 | .*C.......W.....
      1 | 9E EF 4F C0 0A 17 DB 42 0E 00 00 00 32 32 64 00    1 | ..O....B....22d.
      2 | 00 1B 00 00 00 00 00 20 00 00 00 00 00 00 00 00    2 | ....... ........
      3 | 01 00 01 05 00 10 0A 20 0A 30 0A 40 0A 50 00 60    3 | ....... .0.@.P.`
      4 | 00 70 00 00 00 00 00 00 00 00 00 00 00 00 00 00    4 | .p..............
      5 | 00 00 00 00 -- -- -- -- -- -- -- -- -- -- -- --    5 | ....------------

NPC ID: 17760275
  Name: Maabu-Sonbu
  POLUtils_Name: Maabu-Sonbu
  Type: Equipped NPC
  XYZR: -105.925, -3.250, 107.942, 146
  Mask: 01010111
        |  0  1  2  3  4  5  6  7  8  9  A  B  C  D  E  F      | 0123456789ABCDEF
    -----------------------------------------------------  ----------------------
      0 | 0E 2A 45 00 13 00 0F 01 13 00 57 92 9A D9 D3 C2    0 | .*E.......W.....
      1 | 00 00 50 C0 4E E2 D7 42 01 00 00 00 32 32 64 00    1 | ..P.N..B....22d.
      2 | 00 1B 00 00 00 00 00 20 00 00 01 00 00 00 00 00    2 | ....... ........
      3 | 01 00 02 05 00 10 0A 20 0A 30 0A 40 0A 50 00 60    3 | ....... .0.@.P.`
      4 | 00 70 00 00 00 00 00 00 00 00 00 00 00 00 00 00    4 | .p..............
      5 | 00 00 00 00 -- -- -- -- -- -- -- -- -- -- -- --    5 | ....------------

NPC ID: 17760402
  Name: Machu-Kuchu
  POLUtils_Name: Machu-Kuchu
  Type: Equipped NPC
  XYZR: -111.866, -9.000, 101.462, 52
  Mask: 01010111
        |  0  1  2  3  4  5  6  7  8  9  A  B  C  D  E  F      | 0123456789ABCDEF
    -----------------------------------------------------  ----------------------
      0 | 0E 2A 46 00 92 00 0F 01 92 00 57 34 64 BB DF C2    0 | .*F.......W4d...
      1 | 00 00 10 C1 8B EC CA 42 07 00 00 00 32 32 64 00    1 | .......B....22d.
      2 | 00 1B 00 00 00 00 00 20 00 00 01 00 00 00 00 00    2 | ....... ........
      3 | 01 00 00 05 13 10 13 20 13 30 13 40 13 50 00 60    3 | ....... .0.@.P.`
      4 | 00 70 00 00 00 00 00 00 00 00 00 00 00 00 00 00    4 | .p..............
      5 | 00 00 00 00 -- -- -- -- -- -- -- -- -- -- -- --    5 | ....------------

NPC ID: 17760274
  Name: Kuroido-Moido
  POLUtils_Name: Kuroido-Moido
  Type: Equipped NPC
  XYZR: -112.708, -4.249, 102.058, 218
  Mask: 01010111
        |  0  1  2  3  4  5  6  7  8  9  A  B  C  D  E  F      | 0123456789ABCDEF
    -----------------------------------------------------  ----------------------
      0 | 0E 2C 46 00 12 00 0F 01 12 00 57 DA 7F 6A E1 C2    0 | .,F.......W..j..
      1 | CF F7 87 C0 B2 1D CC 42 07 00 00 00 32 32 64 00    1 | .......B....22d.
      2 | 00 1B 00 00 00 00 00 20 00 00 01 00 00 00 00 00    2 | ....... ........
      3 | 01 00 06 05 00 10 18 20 18 30 18 40 18 50 00 60    3 | ....... .0.@.P.`
      4 | 00 70 00 00 00 00 00 00 00 00 00 00 00 00 00 00    4 | .p..............
      5 | 00 00 00 00 00 00 00 00 -- -- -- -- -- -- -- --    5 | ........--------

NPC ID: 17760273
  Name: Hakkuru-Rinkuru
  POLUtils_Name: Hakkuru-Rinkuru
  Type: Equipped NPC
  XYZR: -111.145, -4.249, 102.058, 161
  Mask: 01010111
        |  0  1  2  3  4  5  6  7  8  9  A  B  C  D  E  F      | 0123456789ABCDEF
    -----------------------------------------------------  ----------------------
      0 | 0E 2C 47 00 11 00 0F 01 11 00 57 A1 3D 4A DE C2    0 | .,G.......W.=J..
      1 | CF F7 87 C0 B2 1D CC 42 0E 00 00 00 32 32 64 00    1 | .......B....22d.
      2 | 00 1B 00 00 00 00 00 20 00 00 01 00 00 00 00 00    2 | ....... ........
      3 | 01 00 00 05 00 10 18 20 18 30 18 40 18 50 00 60    3 | ....... .0.@.P.`
      4 | 00 70 00 00 00 00 00 00 00 00 00 00 00 00 00 00    4 | .p..............
      5 | 00 00 00 00 00 00 00 00 -- -- -- -- -- -- -- --    5 | ........--------

NPC ID: 17760278
  Name: Yaman-Hachuman
  POLUtils_Name: Yaman-Hachuman
  Type: Equipped NPC
  XYZR: -101.209, -3.250, 110.886, 124
  Mask: 01010111
        |  0  1  2  3  4  5  6  7  8  9  A  B  C  D  E  F      | 0123456789ABCDEF
    -----------------------------------------------------  ----------------------
      0 | 0E 2C 47 00 16 00 0F 01 16 00 57 7C 02 6B CA C2    0 | .,G.......W|.k..
      1 | 00 00 50 C0 A2 C5 DD 42 07 00 00 00 32 32 64 00    1 | ..P....B....22d.
      2 | 00 1B 00 00 00 00 00 20 00 00 01 00 00 00 00 00    2 | ....... ........
      3 | 01 00 02 05 12 10 12 20 12 30 12 40 12 50 00 60    3 | ....... .0.@.P.`
      4 | 00 70 00 00 00 00 00 00 00 00 00 00 00 00 00 00    4 | .p..............
      5 | 00 00 00 00 00 00 00 00 -- -- -- -- -- -- -- --    5 | ........--------

NPC ID: 17760355
  Name: Wanja-Daruja
  POLUtils_Name: Wanja-Daruja
  Type: Equipped NPC
  XYZR: -162.616, -4.000, 97.459, 22
  Mask: 01010111
        |  0  1  2  3  4  5  6  7  8  9  A  B  C  D  E  F      | 0123456789ABCDEF
    -----------------------------------------------------  ----------------------
      0 | 0E 2A 47 00 63 00 0F 01 63 00 57 16 B2 9D 22 C3    0 | .*G.c...c.W...".
      1 | 00 00 80 C0 02 EB C2 42 01 00 00 00 32 32 64 00    1 | .......B....22d.
      2 | 00 1B 00 00 00 00 00 20 00 00 01 00 00 00 00 00    2 | ....... ........
      3 | 01 00 00 05 00 10 08 20 08 30 08 40 08 50 00 60    3 | ....... .0.@.P.`
      4 | 00 70 00 00 00 00 00 00 00 00 00 00 00 00 00 00    4 | .p..............
      5 | 00 00 00 00 -- -- -- -- -- -- -- -- -- -- -- --    5 | ....------------

NPC ID: 17760293
  Name: BlankCard
  POLUtils_Name: Blank Card
  Type: Simple NPC
  XYZR: -147.979, -3.000, 87.133, 241
  Mask: 00001111
        |  0  1  2  3  4  5  6  7  8  9  A  B  C  D  E  F      | 0123456789ABCDEF
    -----------------------------------------------------  ----------------------
      0 | 0E 22 4A 00 25 00 0F 01 25 00 0F F1 A0 FA 13 C3    0 | ."J.%...%.......
      1 | 00 00 40 C0 19 44 AE 42 0E 00 00 00 32 32 64 00    1 | ..@..D.B....22d.
      2 | 00 03 00 00 00 00 00 00 00 00 02 00 00 00 00 00    2 | ................
      3 | 00 00 35 03 42 6C 61 6E 6B 43 61 72 64 00 00 00    3 | ..5.BlankCard...
      4 | 00 00 00 00 -- -- -- -- -- -- -- -- -- -- -- --    4 | ....------------

NPC ID: 17760459
  Name: SynergyFurnace
  POLUtils_Name: Synergy Furnace
  Type: Simple NPC
  XYZR: -173.000, -4.500, 95.000, 192
  Mask: 00001111
        |  0  1  2  3  4  5  6  7  8  9  A  B  C  D  E  F      | 0123456789ABCDEF
    -----------------------------------------------------  ----------------------
      0 | 0E 24 4A 00 CB 00 0F 01 CB 00 0F C0 00 00 2D C3    0 | .$J...........-.
      1 | 00 00 90 C0 00 00 BE 42 01 00 00 00 28 28 64 00    1 | .......B....((d.
      2 | 00 83 02 00 00 0C 00 00 00 00 05 44 00 00 00 00    2 | ...........D....
      3 | 00 00 2C 09 53 79 6E 65 72 67 79 46 75 72 6E 61    3 | ..,.SynergyFurna
      4 | 63 65 00 00 00 00 00 00 -- -- -- -- -- -- -- --    4 | ce......--------

NPC ID: 17760456
  Name: Synergy Engineer
  POLUtils_Name: Synergy Engineer
  Type: Equipped NPC
  XYZR: -176.000, -4.500, 96.000, 166
  Mask: 01010111
        |  0  1  2  3  4  5  6  7  8  9  A  B  C  D  E  F      | 0123456789ABCDEF
    -----------------------------------------------------  ----------------------
      0 | 0E 2C 4B 00 C8 00 0F 01 C8 00 57 A6 00 00 30 C3    0 | .,K.......W...0.
      1 | 00 00 90 C0 00 00 C0 42 07 00 00 00 32 32 64 00    1 | .......B....22d.
      2 | 00 03 00 00 00 00 00 00 00 00 00 00 00 00 00 00    2 | ................
      3 | 01 00 07 01 77 10 78 20 0A 30 0A 40 0A 50 00 60    3 | ....w.x .0.@.P.`
      4 | 00 70 00 00 00 00 00 00 00 00 00 00 00 00 00 00    4 | .p..............
      5 | 00 00 00 00 00 00 00 00 -- -- -- -- -- -- -- --    5 | ........--------

NPC ID: 17760283
  Name: Apururu
  POLUtils_Name: Apururu
  Type: Simple NPC
  XYZR: -111.972, -4.249, 95.399, 191
  Mask: 00001111
        |  0  1  2  3  4  5  6  7  8  9  A  B  C  D  E  F      | 0123456789ABCDEF
    -----------------------------------------------------  ----------------------
      0 | 0E 20 4B 00 1B 00 0F 01 1B 00 0F BF AA F1 DF C2    0 | . K.............
      1 | CF F7 87 C0 4A CC BE 42 00 00 00 00 32 32 64 00    1 | ....J..B....22d.
      2 | 06 19 00 00 00 00 00 20 00 00 00 00 00 00 00 00    2 | ....... ........
      3 | 00 00 A4 00 41 70 75 72 75 72 75 00 00 00 00 00    3 | ....Apururu.....

NPC ID: 17760282
  Name: Shantotto
  POLUtils_Name: Shantotto
  Type: Equipped NPC
  XYZR: -111.972, -4.249, 95.399, 191
  Mask: 01010111
        |  0  1  2  3  4  5  6  7  8  9  A  B  C  D  E  F      | 0123456789ABCDEF
    -----------------------------------------------------  ----------------------
      0 | 0E 2A 4B 00 1A 00 0F 01 1A 00 57 BF AA F1 DF C2    0 | .*K.......W.....
      1 | CF F7 87 C0 4A CC BE 42 00 00 00 00 32 32 64 00    1 | ....J..B....22d.
      2 | 06 1B 00 00 00 00 00 20 00 00 01 00 00 00 00 00    2 | ....... ........
      3 | 01 00 06 06 00 10 13 20 13 30 13 40 13 50 00 60    3 | ....... .0.@.P.`
      4 | 00 70 00 00 00 00 00 00 00 00 00 00 00 00 00 00    4 | .p..............
      5 | 00 00 00 00 -- -- -- -- -- -- -- -- -- -- -- --    5 | ....------------

NPC ID: 17760458
  Name: SynergyFurnace
  POLUtils_Name: Synergy Furnace
  Type: Simple NPC
  XYZR: -179.000, -4.500, 95.000, 192
  Mask: 00001111
        |  0  1  2  3  4  5  6  7  8  9  A  B  C  D  E  F      | 0123456789ABCDEF
    -----------------------------------------------------  ----------------------
      0 | 0E 24 4C 00 CA 00 0F 01 CA 00 0F C0 00 00 33 C3    0 | .$L...........3.
      1 | 00 00 90 C0 00 00 BE 42 01 00 00 00 28 28 64 00    1 | .......B....((d.
      2 | 00 83 02 00 00 0C 00 00 00 00 05 44 00 00 00 00    2 | ...........D....
      3 | 00 00 2C 09 53 79 6E 65 72 67 79 46 75 72 6E 61    3 | ..,.SynergyFurna
      4 | 63 65 00 00 00 00 00 00 -- -- -- -- -- -- -- --    4 | ce......--------

NPC ID: 17760286
  Name: Rachuchu
  POLUtils_Name: Rachuchu
  Type: Equipped NPC
  XYZR: -126.062, -3.000, 83.321, 102
  Mask: 01010111
        |  0  1  2  3  4  5  6  7  8  9  A  B  C  D  E  F      | 0123456789ABCDEF
    -----------------------------------------------------  ----------------------
      0 | 0E 28 4D 00 1E 00 0F 01 1E 00 57 66 BE 1F FC C2    0 | .(M.......Wf....
      1 | 00 00 40 C0 5A A4 A6 42 07 00 00 00 32 32 64 00    1 | ..@.Z..B....22d.
      2 | 00 1B 00 00 00 00 00 20 00 00 01 00 00 00 00 00    2 | ....... ........
      3 | 01 00 00 06 00 10 0B 20 0B 30 0B 40 0B 50 00 60    3 | ....... .0.@.P.`
      4 | 00 70 00 00 00 00 00 00 00 00 00 00 00 00 00 00    4 | .p..............

NPC ID: 17760396
  Name: HomePoint#1
  POLUtils_Name: Home Point #1
  Type: Simple NPC
  XYZR: -188.000, -4.000, 101.000, 192
  Mask: 00001111
        |  0  1  2  3  4  5  6  7  8  9  A  B  C  D  E  F      | 0123456789ABCDEF
    -----------------------------------------------------  ----------------------
      0 | 0E 22 4E 00 8C 00 0F 01 8C 00 0F C0 00 00 3C C3    0 | ."N...........<.
      1 | 00 00 80 C0 00 00 CA 42 01 00 00 00 32 32 64 00    1 | .......B....22d.
      2 | 00 03 00 00 00 00 00 00 00 00 00 00 00 00 00 00    2 | ................
      3 | 00 00 33 00 48 6F 6D 65 50 6F 69 6E 74 23 31 00    3 | ..3.HomePoint#1.
      4 | 00 00 00 00 -- -- -- -- -- -- -- -- -- -- -- --    4 | ....------------

NPC ID: 17760488
  Name: blank
  POLUtils_Name:      
  Type: Decoration
  XYZR: -185.773, -4.000, 93.305, 0
  Mask: 00001111
        |  0  1  2  3  4  5  6  7  8  9  A  B  C  D  E  F      | 0123456789ABCDEF
    -----------------------------------------------------  ----------------------
      0 | 0E 1C 4F 00 E8 00 0F 01 E8 00 0F 00 E3 C5 39 C3    0 | ..O...........9.
      1 | 00 00 80 C0 29 9C BA 42 14 80 00 00 32 32 64 00    1 | ....)..B....22d.
      2 | 02 1B 08 00 00 00 00 22 80 00 00 40 00 00 00 00    2 | ......."...@....
      3 | 00 00 E0 04 00 00 00 00 -- -- -- -- -- -- -- --    3 | ........--------

NPC ID: 17760471
  Name: blank
  POLUtils_Name:      
  Type: Decoration
  XYZR: -185.773, -4.000, 93.305, 0
  Mask: 00001111
        |  0  1  2  3  4  5  6  7  8  9  A  B  C  D  E  F      | 0123456789ABCDEF
    -----------------------------------------------------  ----------------------
      0 | 0E 1C 4F 00 D7 00 0F 01 D7 00 0F 00 E3 C5 39 C3    0 | ..O...........9.
      1 | 00 00 80 C0 29 9C BA 42 01 80 00 00 32 32 64 00    1 | ....)..B....22d.
      2 | 02 1B 08 00 00 00 00 22 80 00 00 40 00 00 00 00    2 | ......."...@....
      3 | 00 00 06 05 00 00 00 00 -- -- -- -- -- -- -- --    3 | ........--------

NPC ID: 17760280
  Name: Ohruru
  POLUtils_Name: Ohruru
  Type: Equipped NPC
  XYZR: -106.967, -4.249, 92.749, 165
  Mask: 01010111
        |  0  1  2  3  4  5  6  7  8  9  A  B  C  D  E  F      | 0123456789ABCDEF
    -----------------------------------------------------  ----------------------
      0 | 0E 28 50 00 18 00 0F 01 18 00 57 A5 1B EF D5 C2    0 | .(P.......W.....
      1 | CF F7 87 C0 7D 7F B9 42 14 00 00 00 32 32 64 00    1 | ....}..B....22d.
      2 | 00 1B 00 00 00 00 00 20 00 00 01 00 00 00 00 00    2 | ....... ........
      3 | 01 00 02 06 12 10 17 20 17 30 17 40 17 50 00 60    3 | ....... .0.@.P.`
      4 | 00 70 00 00 00 00 00 00 00 00 00 00 00 00 00 00    4 | .p..............

NPC ID: 17760292
  Name: BlankCard
  POLUtils_Name: Blank Card
  Type: Simple NPC
  XYZR: -139.983, -3.000, 71.630, 228
  Mask: 00001111
        |  0  1  2  3  4  5  6  7  8  9  A  B  C  D  E  F      | 0123456789ABCDEF
    -----------------------------------------------------  ----------------------
      0 | 0E 22 52 00 24 00 0F 01 24 00 0F E4 A6 FB 0B C3    0 | ."R.$...$.......
      1 | 00 00 40 C0 8F 42 8F 42 14 00 00 00 32 32 64 00    1 | ..@..B.B....22d.
      2 | 00 03 00 00 00 00 00 00 00 00 02 00 00 00 00 00    2 | ................
      3 | 00 00 35 03 42 6C 61 6E 6B 43 61 72 64 00 00 00    3 | ..5.BlankCard...
      4 | 00 00 00 00 -- -- -- -- -- -- -- -- -- -- -- --    4 | ....------------

NPC ID: 17760285
  Name: Noragu-Meragu
  POLUtils_Name: Noragu-Meragu
  Type: Equipped NPC
  XYZR: -119.501, -3.000, 79.608, 84
  Mask: 01010111
        |  0  1  2  3  4  5  6  7  8  9  A  B  C  D  E  F      | 0123456789ABCDEF
    -----------------------------------------------------  ----------------------
      0 | 0E 2C 52 00 1D 00 0F 01 1D 00 57 54 83 00 EF C2    0 | .,R.......WT....
      1 | 00 00 40 C0 4C 37 9F 42 0E 00 00 00 32 32 64 00    1 | ..@.L7.B....22d.
      2 | 00 1B 00 00 00 00 00 20 00 00 01 00 00 00 00 00    2 | ....... ........
      3 | 01 00 01 05 00 10 0B 20 0B 30 0B 40 0B 50 00 60    3 | ....... .0.@.P.`
      4 | 00 70 00 00 00 00 00 00 00 00 00 00 00 00 00 00    4 | .p..............
      5 | 00 00 00 00 00 00 00 00 -- -- -- -- -- -- -- --    5 | ........--------

NPC ID: 17760366
  Name: Nbeh Dimehbariga
  POLUtils_Name: Nbeh Dimehbariga
  Type: Equipped NPC
  XYZR: -194.713, -4.000, 99.795, 78
  Mask: 01010111
        |  0  1  2  3  4  5  6  7  8  9  A  B  C  D  E  F      | 0123456789ABCDEF
    -----------------------------------------------------  ----------------------
      0 | 0E 2C 52 00 6E 00 0F 01 6E 00 57 4E 87 B6 42 C3    0 | .,R.n...n.WN..B.
      1 | 00 00 80 C0 0A 97 C7 42 07 00 00 00 32 32 64 00    1 | .......B....22d.
      2 | 00 1B 00 00 00 00 00 20 00 00 01 00 00 00 00 00    2 | ....... ........
      3 | 01 00 01 07 00 10 15 20 15 30 15 40 15 50 00 60    3 | ....... .0.@.P.`
      4 | 00 70 00 00 00 00 00 00 00 00 00 00 00 00 00 00    4 | .p..............
      5 | 00 00 00 00 00 00 00 00 -- -- -- -- -- -- -- --    5 | ........--------

NPC ID: 17760304
  Name: Erabu-Fumulubu
  POLUtils_Name: Erabu-Fumulubu
  Type: Simple NPC
  XYZR: -178.900, -1.789, 76.200, 0
  Mask: 00001111
        |  0  1  2  3  4  5  6  7  8  9  A  B  C  D  E  F      | 0123456789ABCDEF
    -----------------------------------------------------  ----------------------
      0 | 0E 24 54 00 30 00 0F 01 30 00 0F 00 66 E6 32 C3    0 | .$T.0...0...f.2.
      1 | F4 FD E4 BF 66 66 98 42 14 00 00 00 32 32 64 00    1 | ....ff.B....22d.
      2 | 00 1B 00 00 00 00 00 20 00 00 03 00 00 00 00 00    2 | ....... ........
      3 | 00 00 D3 00 45 72 61 62 75 2D 46 75 6D 75 6C 75    3 | ....Erabu-Fumulu
      4 | 62 75 00 00 00 00 00 00 -- -- -- -- -- -- -- --    4 | bu......--------

NPC ID: 17760309
  Name: Chipmy-Popmy
  POLUtils_Name: Chipmy-Popmy
  Type: Equipped NPC
  XYZR: -183.020, -2.835, 73.905, 223
  Mask: 01010111
        |  0  1  2  3  4  5  6  7  8  9  A  B  C  D  E  F      | 0123456789ABCDEF
    -----------------------------------------------------  ----------------------
      0 | 0E 2A 55 00 35 00 0F 01 35 00 57 DF 1F 05 37 C3    0 | .*U.5...5.W...7.
      1 | A4 70 35 C0 5C CF 93 42 0E 00 00 00 32 32 64 00    1 | .p5.\\..B....22d.
      2 | 00 1B 00 00 00 00 00 20 00 00 01 00 00 00 00 00    2 | ....... ........
      3 | 01 00 02 05 00 10 00 20 08 30 04 40 08 50 00 60    3 | ....... .0.@.P.`
      4 | 00 70 00 00 00 00 00 00 00 00 00 00 00 00 00 00    4 | .p..............
      5 | 00 00 00 00 -- -- -- -- -- -- -- -- -- -- -- --    5 | ....------------

NPC ID: 17760306
  Name: Babubu
  POLUtils_Name: Babubu
  Type: Equipped NPC
  XYZR: -175.185, -3.324, 70.445, 138
  Mask: 01010111
        |  0  1  2  3  4  5  6  7  8  9  A  B  C  D  E  F      | 0123456789ABCDEF
    -----------------------------------------------------  ----------------------
      0 | 0E 28 56 00 32 00 0F 01 32 00 57 8A 5C 2F 2F C3    0 | .(V.2...2.W.\\//.
      1 | 6A BC 54 C0 D7 E3 8C 42 07 00 00 00 32 32 64 00    1 | j.T....B....22d.
      2 | 00 1B 00 00 00 00 00 20 00 00 01 00 00 00 00 00    2 | ....... ........
      3 | 01 00 00 06 00 10 11 20 08 30 04 40 08 50 00 60    3 | ....... .0.@.P.`
      4 | 00 70 00 00 00 00 00 00 00 00 00 00 00 00 00 00    4 | .p..............

NPC ID: 17760444
  Name: Fennella
  POLUtils_Name: Fennella
  Type: Equipped NPC
  XYZR: -177.811, -2.835, 65.639, 124
  Mask: 01010111
        |  0  1  2  3  4  5  6  7  8  9  A  B  C  D  E  F      | 0123456789ABCDEF
    -----------------------------------------------------  ----------------------
      0 | 0E 28 58 00 BC 00 0F 01 BC 00 57 7C 9E CF 31 C3    0 | .(X.......W|..1.
      1 | A4 70 35 C0 2B 47 83 42 14 00 00 00 32 32 64 00    1 | .p5.+G.B....22d.
      2 | 00 1B 00 00 00 00 00 20 00 00 00 00 00 00 00 00    2 | ....... ........
      3 | 01 00 07 02 73 10 7A 20 00 30 01 40 7A 50 AC 60    3 | ....s.z .0.@zP.`
      4 | 00 70 00 00 00 00 00 00 00 00 00 00 00 00 00 00    4 | .p..............

NPC ID: 17760449
  Name: Laughing Lizard
  POLUtils_Name: Laughing Lizard
  Type: Equipped NPC
  XYZR: -193.673, -2.000, 77.673, 128
  Mask: 01010111
        |  0  1  2  3  4  5  6  7  8  9  A  B  C  D  E  F      | 0123456789ABCDEF
    -----------------------------------------------------  ----------------------
      0 | 0E 2C 58 00 C1 00 0F 01 C1 00 57 80 4A AC 41 C3    0 | .,X.......W.J.A.
      1 | 00 00 00 C0 93 58 9B 42 0E 00 00 00 32 32 64 00    1 | .....X.B....22d.
      2 | 00 1B 00 00 00 00 00 20 00 00 00 00 00 00 00 00    2 | ....... ........
      3 | 01 00 06 08 00 10 00 20 00 30 00 40 66 50 00 60    3 | ....... .0.@fP.`
      4 | 00 70 00 00 00 00 00 00 00 00 00 00 00 00 00 00    4 | .p..............
      5 | 00 00 00 00 00 00 00 00 -- -- -- -- -- -- -- --    5 | ........--------

NPC ID: 17760308
  Name: Tokaka
  POLUtils_Name: Tokaka
  Type: Equipped NPC
  XYZR: -189.678, -2.000, 66.335, 64
  Mask: 01010111
        |  0  1  2  3  4  5  6  7  8  9  A  B  C  D  E  F      | 0123456789ABCDEF
    -----------------------------------------------------  ----------------------
      0 | 0E 28 5A 00 34 00 0F 01 34 00 57 40 91 AD 3D C3    0 | .(Z.4...4.W@..=.
      1 | 00 00 00 C0 85 AB 84 42 14 00 00 00 32 32 64 00    1 | .......B....22d.
      2 | 00 1B 00 00 00 00 00 20 00 00 01 00 00 00 00 00    2 | ....... ........
      3 | 01 00 00 06 00 10 00 20 08 30 04 40 08 50 00 60    3 | ....... .0.@.P.`
      4 | 00 70 00 00 00 00 00 00 00 00 00 00 00 00 00 00    4 | .p..............

NPC ID: 17760509
  Name: SkipperMoogle
  POLUtils_Name: Skipper Moogle
  Type: Simple NPC
  XYZR: -194.050, -2.000, 67.008, 209
  Mask: 00001111
        |  0  1  2  3  4  5  6  7  8  9  A  B  C  D  E  F      | 0123456789ABCDEF
    -----------------------------------------------------  ----------------------
      0 | 0E 24 5B 00 FD 00 0F 01 FD 00 0F D1 CD 0C 42 C3    0 | .$[...........B.
      1 | 00 00 00 C0 19 04 86 42 0E 00 00 00 32 32 64 00    1 | .......B....22d.
      2 | 00 03 01 00 00 00 00 00 00 00 00 00 00 00 00 00    2 | ................
      3 | 00 00 39 09 53 6B 69 70 70 65 72 4D 6F 6F 67 6C    3 | ..9.SkipperMoogl
      4 | 65 00 00 00 00 00 00 00 -- -- -- -- -- -- -- --    4 | e.......--------

NPC ID: 17760305
  Name: Degong
  POLUtils_Name: Degong
  Type: Simple NPC
  XYZR: -178.400, -2.835, 60.480, 62
  Mask: 00001111
        |  0  1  2  3  4  5  6  7  8  9  A  B  C  D  E  F      | 0123456789ABCDEF
    -----------------------------------------------------  ----------------------
      0 | 0E 20 5B 00 31 00 0F 01 31 00 0F 3E 66 66 32 C3    0 | . [.1...1..>ff2.
      1 | A4 70 35 C0 85 EB 71 42 0E 00 00 00 32 32 64 00    1 | .p5...qB....22d.
      2 | 00 1B 00 00 00 00 00 20 00 00 03 00 00 00 00 00    2 | ....... ........
      3 | 00 00 D7 00 44 65 67 6F 6E 67 00 00 00 00 00 00    3 | ....Degong......

NPC ID: 17760302
  Name: Thubu Parohren
  POLUtils_Name: Thubu Parohren
  Type: Equipped NPC
  XYZR: -182.230, -2.835, 61.373, 191
  Mask: 01010111
        |  0  1  2  3  4  5  6  7  8  9  A  B  C  D  E  F      | 0123456789ABCDEF
    -----------------------------------------------------  ----------------------
      0 | 0E 2C 5B 00 2E 00 0F 01 2E 00 57 BF E1 3A 36 C3    0 | .,[.......W..:6.
      1 | A4 70 35 C0 F4 7D 75 42 07 00 00 00 32 32 64 00    1 | .p5..}uB....22d.
      2 | 00 1B 00 00 00 00 00 20 00 00 01 00 00 00 00 00    2 | ....... ........
      3 | 01 00 0B 07 14 10 00 20 08 30 04 40 08 50 00 60    3 | ....... .0.@.P.`
      4 | 00 70 00 00 00 00 00 00 00 00 00 00 00 00 00 00    4 | .p..............
      5 | 00 00 00 00 00 00 00 00 -- -- -- -- -- -- -- --    5 | ........--------

NPC ID: 17760508
  Name: MogDinghy
  POLUtils_Name: Mog Dinghy
  Type: Simple NPC
  XYZR: -196.752, -0.300, 69.810, 0
  Mask: 00001111
        |  0  1  2  3  4  5  6  7  8  9  A  B  C  D  E  F      | 0123456789ABCDEF
    -----------------------------------------------------  ----------------------
      0 | 0E 22 5B 00 FC 00 0F 01 FC 00 0F 00 83 C0 44 C3    0 | ."[...........D.
      1 | 9A 99 99 BE B8 9E 8B 42 01 80 00 00 32 32 64 00    1 | .......B....22d.
      2 | 00 03 00 00 00 00 00 00 00 00 10 60 00 00 00 00    2 | ...........`....
      3 | 00 00 E0 0A 4D 6F 67 44 69 6E 67 68 79 00 00 00    3 | ....MogDinghy...
      4 | 00 00 00 00 -- -- -- -- -- -- -- -- -- -- -- --    4 | ....------------

NPC ID: 17760258
  Name: warp01
  POLUtils_Name: warp01
  Type: Simple NPC
  XYZR: -193.977, -2.000, 66.507, 63
  Mask: 00001111
        |  0  1  2  3  4  5  6  7  8  9  A  B  C  D  E  F      | 0123456789ABCDEF
    -----------------------------------------------------  ----------------------
      0 | 0E 20 5C 00 02 00 0F 01 02 00 0F 3F 1D FA 41 C3    0 | . \\........?..A.
      1 | 00 00 00 C0 96 03 85 42 01 00 00 00 32 32 64 00    1 | .......B....22d.
      2 | 00 03 08 00 00 00 00 00 00 00 00 00 00 00 00 00    2 | ................
      3 | 00 00 32 00 77 61 72 70 30 31 00 00 00 00 00 00    3 | ..2.warp01......

NPC ID: 17760303
  Name: Panja-Nanja
  POLUtils_Name: Panja-Nanja
  Type: Simple NPC
  XYZR: -194.499, -1.999, 58.692, 118
  Mask: 00001111
        |  0  1  2  3  4  5  6  7  8  9  A  B  C  D  E  F      | 0123456789ABCDEF
    -----------------------------------------------------  ----------------------
      0 | 0E 22 60 00 2F 00 0F 01 2F 00 0F 76 BE 7F 42 C3    0 | ."`./.../..v..B.
      1 | 3B DF FF BF 9C C4 6A 42 01 00 00 00 32 32 64 00    1 | ;.....jB....22d.
      2 | 00 1B 00 00 00 00 00 20 00 00 03 00 00 00 00 00    2 | ....... ........
      3 | 00 00 E8 00 50 61 6E 6A 61 2D 4E 61 6E 6A 61 00    3 | ....Panja-Nanja.
      4 | 00 00 00 00 -- -- -- -- -- -- -- -- -- -- -- --    4 | ....------------

NPC ID: 17760307
  Name: MheQuryobhi
  POLUtils_Name: Mhe Quryobhi
  Type: Simple NPC
  XYZR: -190.634, -2.000, 55.833, 62
  Mask: 00001111
        |  0  1  2  3  4  5  6  7  8  9  A  B  C  D  E  F      | 0123456789ABCDEF
    -----------------------------------------------------  ----------------------
      0 | 0E 22 61 00 33 00 0F 01 33 00 0F 3E 4E A2 3E C3    0 | ."a.3...3..>N.>.
      1 | 00 00 00 C0 FE 54 5F 42 01 00 00 00 32 32 64 00    1 | .....T_B....22d.
      2 | 00 1B 00 00 00 00 00 20 00 00 03 00 00 00 00 00    2 | ....... ........
      3 | 00 00 DD 00 4D 68 65 51 75 72 79 6F 62 68 69 00    3 | ....MheQuryobhi.
      4 | 00 00 00 00 -- -- -- -- -- -- -- -- -- -- -- --    4 | ....------------

NPC ID: 17760310
  Name: Pattel-Bacchel
  POLUtils_Name: Pattel-Bacchel
  Type: Simple NPC
  XYZR: -194.081, -2.000, 56.595, 64
  Mask: 00001111
        |  0  1  2  3  4  5  6  7  8  9  A  B  C  D  E  F      | 0123456789ABCDEF
    -----------------------------------------------------  ----------------------
      0 | 0E 24 61 00 36 00 0F 01 36 00 0F 40 BC 14 42 C3    0 | .$a.6...6..@..B.
      1 | 00 00 00 C0 48 61 62 42 07 00 00 00 32 32 64 00    1 | ....HabB....22d.
      2 | 00 1B 00 00 00 00 00 20 00 00 02 00 00 00 00 00    2 | ....... ........
      3 | 00 00 6D 00 50 61 74 74 65 6C 2D 42 61 63 63 68    3 | ..m.Pattel-Bacch
      4 | 65 6C 00 00 00 00 00 00 -- -- -- -- -- -- -- --    4 | el......--------

