NPC ID: 17257031
  Name: DIRECTOR
  POLUtils_Name: DIRECTOR
  Type: Simple NPC
  XYZR: -76.247, 47.999, -720.169, 151
  Mask: 00001111
        |  0  1  2  3  4  5  6  7  8  9  A  B  C  D  E  F      | 0123456789ABCDEF
    -----------------------------------------------------  ----------------------
      0 | 0E 20 0A 00 47 52 07 01 47 02 0F 97 77 7E 98 C2    0 | . ..GR..G...w~..
      1 | FA FE 3F 42 D1 0A 34 C4 00 00 00 00 32 32 64 00    1 | ..?B..4.....22d.
      2 | 06 03 00 00 00 00 00 00 00 00 00 00 00 00 00 00    2 | ................
      3 | 00 00 32 00 44 49 52 45 43 54 4F 52 00 00 00 00    3 | ..2.DIRECTOR....

NPC ID: 17257075
  Name: Ramblix
  POLUtils_Name: Ramblix
  Type: Simple NPC
  XYZR: -78.872, 46.809, -729.319, 51
  Mask: 00001111
        |  0  1  2  3  4  5  6  7  8  9  A  B  C  D  E  F      | 0123456789ABCDEF
    -----------------------------------------------------  ----------------------
      0 | 0E 20 0A 00 73 52 07 01 73 02 0F 33 77 BE 9D C2    0 | . ..sR..s..3w...
      1 | 6A 3C 3B 42 6A 54 36 C4 00 00 00 00 32 32 64 00    1 | j<;BjT6.....22d.
      2 | 06 1B 00 00 00 00 00 20 00 00 00 00 00 00 00 00    2 | ....... ........
      3 | 00 00 55 00 52 61 6D 62 6C 69 78 00 00 00 00 00    3 | ..U.Ramblix.....

NPC ID: 17257079
  Name: FieldManual
  POLUtils_Name: Field Manual
  Type: Simple NPC
  XYZR: -88.305, 46.963, -720.889, 126
  Mask: 00001111
        |  0  1  2  3  4  5  6  7  8  9  A  B  C  D  E  F      | 0123456789ABCDEF
    -----------------------------------------------------  ----------------------
      0 | 0E 22 0A 00 77 52 07 01 77 02 0F 7E 29 9C B0 C2    0 | ."..wR..w..~)...
      1 | 1D DA 3B 42 E5 38 34 C4 01 00 00 00 32 32 64 00    1 | ..;B.84.....22d.
      2 | 00 03 00 00 00 00 00 00 00 00 08 20 00 00 00 00    2 | ........... ....
      3 | 00 00 F2 08 46 69 65 6C 64 4D 61 6E 75 61 6C 00    3 | ....FieldManual.
      4 | 00 00 00 00 -- -- -- -- -- -- -- -- -- -- -- --    4 | ....------------

NPC ID: 17257076
  Name: GoblinFootprin
  POLUtils_Name: Goblin Footprint
  Type: Simple NPC
  XYZR: -78.872, 46.809, -729.319, 51
  Mask: 00001111
        |  0  1  2  3  4  5  6  7  8  9  A  B  C  D  E  F      | 0123456789ABCDEF
    -----------------------------------------------------  ----------------------
      0 | 0E 24 0A 00 74 52 07 01 74 02 0F 33 77 BE 9D C2    0 | .$..tR..t..3w...
      1 | 6A 3C 3B 42 6A 54 36 C4 01 00 00 00 32 32 64 00    1 | j<;BjT6.....22d.
      2 | 00 03 00 00 00 00 00 00 00 00 00 00 00 00 00 00    2 | ................
      3 | 00 00 34 00 47 6F 62 6C 69 6E 46 6F 6F 74 70 72    3 | ..4.GoblinFootpr
      4 | 69 6E 00 00 00 00 00 00 -- -- -- -- -- -- -- --    4 | in......--------

NPC ID: 17257077
  Name: CavernousMaw
  POLUtils_Name: Cavernous Maw
  Type: Simple NPC
  XYZR: -28.597, 46.056, -685.754, 192
  Mask: 00001111
        |  0  1  2  3  4  5  6  7  8  9  A  B  C  D  E  F      | 0123456789ABCDEF
    -----------------------------------------------------  ----------------------
      0 | 0E 22 0A 00 75 52 07 01 75 02 0F C0 A8 C6 E4 C1    0 | ."..uR..u.......
      1 | 58 39 38 42 42 70 2B C4 01 80 00 00 32 32 64 00    1 | X98BBp+.....22d.
      2 | 00 03 00 00 00 00 00 02 A0 00 00 60 00 00 00 00    2 | ...........`....
      3 | 00 00 15 09 43 61 76 65 72 6E 6F 75 73 4D 61 77    3 | ....CavernousMaw
      4 | 00 00 00 00 -- -- -- -- -- -- -- -- -- -- -- --    4 | ....------------

NPC ID: 17257114
  Name: blank
  POLUtils_Name:      
  Type: Decoration
  XYZR: 0.000, 0.000, 0.000, 0
  Mask: 00001111
        |  0  1  2  3  4  5  6  7  8  9  A  B  C  D  E  F      | 0123456789ABCDEF
    -----------------------------------------------------  ----------------------
      0 | 0E 1C 53 00 9A 52 07 01 9A 02 0F 00 00 00 00 00    0 | ..S..R..........
      1 | 00 00 00 00 00 00 00 00 00 00 00 00 32 32 64 00    1 | ............22d.
      2 | 02 03 08 00 00 00 00 00 00 00 00 00 00 00 00 00    2 | ................
      3 | 00 00 34 00 00 00 00 00 -- -- -- -- -- -- -- --    3 | ..4.....--------

NPC ID: 17257115
  Name: Kocchi-Arocchi
  POLUtils_Name: Kocchi-Arocchi
  Type: Equipped NPC
  XYZR: 0.000, 0.000, 0.000, 0
  Mask: 01010111
        |  0  1  2  3  4  5  6  7  8  9  A  B  C  D  E  F      | 0123456789ABCDEF
    -----------------------------------------------------  ----------------------
      0 | 0E 2C 54 00 9B 52 07 01 9B 02 57 00 00 00 00 00    0 | .,T..R....W.....
      1 | 00 00 00 00 00 00 00 00 00 00 00 00 32 32 64 00    1 | ............22d.
      2 | 06 1B 00 00 00 00 00 20 00 00 00 00 00 00 00 00    2 | ....... ........
      3 | 01 00 07 05 11 11 04 21 C9 30 B9 40 02 51 00 60    3 | .......!.0.@.Q.`
      4 | 00 70 00 00 00 00 00 00 00 00 00 00 00 00 00 00    4 | .p..............
      5 | 00 00 00 00 00 00 00 00 -- -- -- -- -- -- -- --    5 | ........--------

NPC ID: 17257116
  Name: blank
  POLUtils_Name:      
  Type: Decoration
  XYZR: 0.000, 0.000, 0.000, 0
  Mask: 00001111
        |  0  1  2  3  4  5  6  7  8  9  A  B  C  D  E  F      | 0123456789ABCDEF
    -----------------------------------------------------  ----------------------
      0 | 0E 1C 56 00 9C 52 07 01 9C 02 0F 00 00 00 00 00    0 | ..V..R..........
      1 | 00 00 00 00 00 00 00 00 00 00 00 00 32 32 64 00    1 | ............22d.
      2 | 02 03 08 00 00 00 00 00 00 00 00 00 00 00 00 00    2 | ................
      3 | 00 00 34 00 00 00 00 00 -- -- -- -- -- -- -- --    3 | ..4.....--------

NPC ID: 17257117
  Name: ???
  POLUtils_Name: ???
  Type: Simple NPC
  XYZR: 0.000, 0.000, 0.000, 0
  Mask: 00001111
        |  0  1  2  3  4  5  6  7  8  9  A  B  C  D  E  F      | 0123456789ABCDEF
    -----------------------------------------------------  ----------------------
      0 | 0E 1E 58 00 9D 52 07 01 9D 02 0F 00 00 00 00 00    0 | ..X..R..........
      1 | 00 00 00 00 00 00 00 00 00 00 00 00 32 32 64 00    1 | ............22d.
      2 | 02 03 08 00 00 00 00 00 00 00 00 00 00 00 00 00    2 | ................
      3 | 00 00 34 00 3F 3F 3F 00 00 00 00 00 -- -- -- --    3 | ..4.???.....----

NPC ID: 17257118
  Name: blank
  POLUtils_Name:      
  Type: Decoration
  XYZR: 0.000, 0.000, 0.000, 0
  Mask: 00001111
        |  0  1  2  3  4  5  6  7  8  9  A  B  C  D  E  F      | 0123456789ABCDEF
    -----------------------------------------------------  ----------------------
      0 | 0E 1C 59 00 9E 52 07 01 9E 02 0F 00 00 00 00 00    0 | ..Y..R..........
      1 | 00 00 00 00 00 00 00 00 00 00 00 00 32 32 64 00    1 | ............22d.
      2 | 02 03 08 00 00 00 00 00 00 00 00 00 00 00 00 00    2 | ................
      3 | 00 00 34 00 00 00 00 00 -- -- -- -- -- -- -- --    3 | ..4.....--------

