NPC ID: 16921045
  Name: _0zh
  POLUtils_Name: Particle Gate
  Type: Simple NPC
  XYZR: -420.000, -2.050, 320.000, 0
  Mask: 00000111
        |  0  1  2  3  4  5  6  7  8  9  A  B  C  D  E  F      | 0123456789ABCDEF
    -----------------------------------------------------  ----------------------
      0 | 0E 20 0A 00 D5 31 02 01 D5 01 07 00 00 00 D2 C3    0 | . ...1..........
      1 | 33 33 03 C0 00 00 A0 43 01 00 01 00 32 32 64 09    1 | 33.....C....22d.
      2 | 00 03 10 00 00 00 00 00 00 00 00 00 00 00 00 00    2 | ................
      3 | 02 00 00 00 5F 30 7A 68 00 00 00 00 00 00 00 00    3 | ...._0zh........

NPC ID: 16921042
  Name: _0zg
  POLUtils_Name: Particle Gate
  Type: Simple NPC
  XYZR: -420.000, -2.050, 440.000, 0
  Mask: 00000111
        |  0  1  2  3  4  5  6  7  8  9  A  B  C  D  E  F      | 0123456789ABCDEF
    -----------------------------------------------------  ----------------------
      0 | 0E 20 0A 00 D2 31 02 01 D2 01 07 00 00 00 D2 C3    0 | . ...1..........
      1 | 33 33 03 C0 00 00 DC 43 01 00 01 00 32 32 64 09    1 | 33.....C....22d.
      2 | 00 03 10 00 00 00 00 00 00 00 00 00 00 00 00 00    2 | ................
      3 | 02 00 00 00 5F 30 7A 67 00 00 00 00 00 00 00 00    3 | ...._0zg........

NPC ID: 16921117
  Name: GoblinFootprin
  POLUtils_Name: Goblin Footprint
  Type: Simple NPC
  XYZR: -428.340, 0.000, 242.410, 221
  Mask: 00001111
        |  0  1  2  3  4  5  6  7  8  9  A  B  C  D  E  F      | 0123456789ABCDEF
    -----------------------------------------------------  ----------------------
      0 | 0E 24 0A 00 1D 32 02 01 1D 02 0F DD 85 2B D6 C3    0 | .$...2.......+..
      1 | 00 00 00 00 F6 68 72 43 01 00 00 00 32 32 64 00    1 | .....hrC....22d.
      2 | 00 03 00 00 00 00 00 00 00 00 00 00 00 00 00 00    2 | ................
      3 | 00 00 34 00 47 6F 62 6C 69 6E 46 6F 6F 74 70 72    3 | ..4.GoblinFootpr
      4 | 69 6E 00 00 00 00 00 00 -- -- -- -- -- -- -- --    4 | in......--------

NPC ID: 16921116
  Name: Trailmix
  POLUtils_Name: Trailmix
  Type: Simple NPC
  XYZR: -428.340, 0.000, 242.410, 221
  Mask: 00001111
        |  0  1  2  3  4  5  6  7  8  9  A  B  C  D  E  F      | 0123456789ABCDEF
    -----------------------------------------------------  ----------------------
      0 | 0E 20 0A 00 1C 32 02 01 1C 02 0F DD 85 2B D6 C3    0 | . ...2.......+..
      1 | 00 00 00 00 F6 68 72 43 00 00 00 00 32 32 64 00    1 | .....hrC....22d.
      2 | 06 1B 00 00 00 00 00 20 00 00 00 00 00 00 00 00    2 | ....... ........
      3 | 00 00 55 00 54 72 61 69 6C 6D 69 78 00 00 00 00    3 | ..U.Trailmix....

NPC ID: 16921093
  Name: ???
  POLUtils_Name: ???
  Type: Simple NPC
  XYZR: -420.863, 0.000, 251.107, 63
  Mask: 00001111
        |  0  1  2  3  4  5  6  7  8  9  A  B  C  D  E  F      | 0123456789ABCDEF
    -----------------------------------------------------  ----------------------
      0 | 0E 1E 0A 00 05 32 02 01 05 02 0F 3F 77 6E D2 C3    0 | .....2.....?wn..
      1 | 00 00 00 00 64 1B 7B 43 00 00 00 00 32 32 64 00    1 | ....d.{C....22d.
      2 | 06 03 00 00 00 00 00 00 00 00 00 00 00 00 00 00    2 | ................
      3 | 00 00 34 00 3F 3F 3F 00 00 00 00 00 -- -- -- --    3 | ..4.???.....----

NPC ID: 16920623
  Name: Aw'ghrah
  POLUtils_Name: Aw'ghrah
  Type: Simple NPC
  XYZR: -379.127, -0.591, 304.159, 5
  Mask: 00001111
        |  0  1  2  3  4  5  6  7  8  9  A  B  C  D  E  F      | 0123456789ABCDEF
    -----------------------------------------------------  ----------------------
      0 | 0E 20 26 00 2F 30 02 01 2F 00 0F 05 42 90 BD C3    0 | . &./0../...B...
      1 | C7 4B 17 BF 5A 14 98 43 E6 00 00 00 28 28 64 00    1 | .K..Z..C....((d.
      2 | 01 83 04 00 00 0C 00 02 00 00 06 00 00 00 00 00    2 | ................
      3 | 06 00 8C 04 41 77 27 67 68 72 61 68 00 00 00 00    3 | ....Aw'ghrah....

NPC ID: 16921087
  Name: Quasilumin
  POLUtils_Name: Quasilumin
  Type: Simple NPC
  XYZR: -414.417, 0.000, 357.928, 64
  Mask: 00001111
        |  0  1  2  3  4  5  6  7  8  9  A  B  C  D  E  F      | 0123456789ABCDEF
    -----------------------------------------------------  ----------------------
      0 | 0E 22 36 00 FF 31 02 01 FF 01 0F 40 60 35 CF C3    0 | ."6..1.....@`5..
      1 | 00 00 00 00 C9 F6 B2 43 01 00 00 00 32 32 64 00    1 | .......C....22d.
      2 | 00 03 00 00 00 00 00 00 00 00 00 00 00 00 00 00    2 | ................
      3 | 00 00 15 04 51 75 61 73 69 6C 75 6D 69 6E 00 00    3 | ....Quasilumin..
      4 | 00 00 00 00 -- -- -- -- -- -- -- -- -- -- -- --    4 | ....------------

NPC ID: 16921071
  Name: _0zy
  POLUtils_Name: Cermet Portal
  Type: Simple NPC
  XYZR: -420.000, -2.050, 360.000, 0
  Mask: 00000111
        |  0  1  2  3  4  5  6  7  8  9  A  B  C  D  E  F      | 0123456789ABCDEF
    -----------------------------------------------------  ----------------------
      0 | 0E 20 37 00 EF 31 02 01 EF 01 07 00 00 00 D2 C3    0 | . 7..1..........
      1 | 33 33 03 C0 00 00 B4 43 01 00 00 00 32 32 64 09    1 | 33.....C....22d.
      2 | 00 03 10 00 00 00 00 00 00 00 00 00 00 00 00 00    2 | ................
      3 | 02 00 00 00 5F 30 7A 79 00 00 00 00 00 00 00 00    3 | ...._0zy........

NPC ID: 16921138
  Name: HomePoint#1
  POLUtils_Name: Home Point #1
  Type: Simple NPC
  XYZR: -426.000, 0.000, 368.000, 224
  Mask: 00001111
        |  0  1  2  3  4  5  6  7  8  9  A  B  C  D  E  F      | 0123456789ABCDEF
    -----------------------------------------------------  ----------------------
      0 | 0E 22 3B 00 32 32 02 01 32 02 0F E0 00 00 D5 C3    0 | .";.22..2.......
      1 | 00 00 00 00 00 00 B8 43 01 00 00 00 32 32 64 00    1 | .......C....22d.
      2 | 00 03 00 00 00 00 00 00 00 00 00 00 00 00 00 00    2 | ................
      3 | 00 00 33 00 48 6F 6D 65 50 6F 69 6E 74 23 31 00    3 | ..3.HomePoint#1.
      4 | 00 00 00 00 -- -- -- -- -- -- -- -- -- -- -- --    4 | ....------------

NPC ID: 16921073
  Name: Warp_1F
  POLUtils_Name: Warp_1F
  Type: Simple NPC
  XYZR: -420.000, -1.750, 380.000, 0
  Mask: 00001111
        |  0  1  2  3  4  5  6  7  8  9  A  B  C  D  E  F      | 0123456789ABCDEF
    -----------------------------------------------------  ----------------------
      0 | 0E 20 43 00 F1 31 02 01 F1 01 0F 00 00 00 D2 C3    0 | . C..1..........
      1 | 00 00 E0 BF 00 00 BE 43 00 00 00 00 32 32 64 00    1 | .......C....22d.
      2 | 06 03 00 00 00 00 00 00 00 00 00 00 00 00 00 00    2 | ................
      3 | 00 00 34 00 57 61 72 70 5F 31 46 00 00 00 00 00    3 | ..4.Warp_1F.....

NPC ID: 16920588
  Name: Qn'zdei
  POLUtils_Name: Qn'zdei
  Type: Simple NPC
  XYZR: -387.000, -1.500, 371.000, 237
  Mask: 00001111
        |  0  1  2  3  4  5  6  7  8  9  A  B  C  D  E  F      | 0123456789ABCDEF
    -----------------------------------------------------  ----------------------
      0 | 0E 20 44 00 0C 30 02 01 0C 00 0F ED 00 80 C1 C3    0 | . D..0..........
      1 | 00 00 C0 BF 00 80 B9 43 83 02 00 00 28 28 64 00    1 | .......C....((d.
      2 | 01 83 00 00 00 0C 00 00 00 00 04 00 00 00 00 00    2 | ................
      3 | 00 00 85 04 51 6E 27 7A 64 65 69 00 00 00 00 00    3 | ....Qn'zdei.....

NPC ID: 16921069
  Name: _0zx
  POLUtils_Name: Cermet Portal
  Type: Simple NPC
  XYZR: -440.000, -2.050, 380.000, 0
  Mask: 00000111
        |  0  1  2  3  4  5  6  7  8  9  A  B  C  D  E  F      | 0123456789ABCDEF
    -----------------------------------------------------  ----------------------
      0 | 0E 20 45 00 ED 31 02 01 ED 01 07 00 00 00 DC C3    0 | . E..1..........
      1 | 33 33 03 C0 00 00 BE 43 01 00 00 00 32 32 64 08    1 | 33.....C....22d.
      2 | 00 03 18 00 00 00 00 00 00 00 00 00 00 00 00 00    2 | ................
      3 | 02 00 00 00 5F 30 7A 78 00 00 00 00 00 00 00 00    3 | ...._0zx........

NPC ID: 16920583
  Name: Qn'zdei
  POLUtils_Name: Qn'zdei
  Type: Simple NPC
  XYZR: -453.000, -1.500, 371.000, 213
  Mask: 00001111
        |  0  1  2  3  4  5  6  7  8  9  A  B  C  D  E  F      | 0123456789ABCDEF
    -----------------------------------------------------  ----------------------
      0 | 0E 20 45 00 07 30 02 01 07 00 0F D5 00 80 E2 C3    0 | . E..0..........
      1 | 00 00 C0 BF 00 80 B9 43 45 15 00 00 28 28 64 00    1 | .......CE...((d.
      2 | 01 83 00 00 00 0C 00 00 00 00 04 00 00 00 00 00    2 | ................
      3 | 00 00 85 04 51 6E 27 7A 64 65 69 00 00 00 00 00    3 | ....Qn'zdei.....

NPC ID: 16921070
  Name: _0zz
  POLUtils_Name: Cermet Portal
  Type: Simple NPC
  XYZR: -400.000, -2.050, 380.000, 0
  Mask: 00000111
        |  0  1  2  3  4  5  6  7  8  9  A  B  C  D  E  F      | 0123456789ABCDEF
    -----------------------------------------------------  ----------------------
      0 | 0E 20 45 00 EE 31 02 01 EE 01 07 00 00 00 C8 C3    0 | . E..1..........
      1 | 33 33 03 C0 00 00 BE 43 01 00 00 00 32 32 64 08    1 | 33.....C....22d.
      2 | 00 03 18 00 00 00 00 00 00 00 00 00 00 00 00 00    2 | ................
      3 | 02 00 00 00 5F 30 7A 7A 00 00 00 00 00 00 00 00    3 | ...._0zz........

NPC ID: 16922657
  Name: Trion
  POLUtils_Name: Trion
  Type: Simple NPC
  XYZR: -451.735, -0.291, 380.127, 10
  Mask: 00001111
        |  0  1  2  3  4  5  6  7  8  9  A  B  C  D  E  F      | 0123456789ABCDEF
    -----------------------------------------------------  ----------------------
      0 | 0E 20 49 00 21 38 02 01 21 07 0F 0A 14 DE E1 C3    0 | . I.!8..!.......
      1 | F4 FD 94 BE 42 10 BE 43 21 00 00 00 9B 32 64 00    1 | ....B..C!....2d.
      2 | 00 9B 00 00 00 14 00 28 41 01 00 06 00 00 00 00    2 | .......(A.......
      3 | 00 00 C1 0B 54 72 69 6F 6E 00 00 00 00 00 00 00    3 | ....Trion.......

NPC ID: 16922658
  Name: Zeid
  POLUtils_Name: Zeid
  Type: Simple NPC
  XYZR: -453.207, -0.520, 380.910, 0
  Mask: 00001111
        |  0  1  2  3  4  5  6  7  8  9  A  B  C  D  E  F      | 0123456789ABCDEF
    -----------------------------------------------------  ----------------------
      0 | 0E 1E 49 00 22 38 02 01 22 07 0F 00 7F 9A E2 C3    0 | ..I."8..".......
      1 | B8 1E 05 BF 7B 74 BE 43 07 00 00 00 9B 32 64 00    1 | ....{t.C.....2d.
      2 | 00 9D 00 00 00 1B 00 28 41 01 00 06 00 00 00 00    2 | .......(A.......
      3 | 00 00 0E 0C 5A 65 69 64 00 00 00 00 -- -- -- --    3 | ....Zeid....----

NPC ID: 16922660
  Name: Shantotto
  POLUtils_Name: Shantotto
  Type: Simple NPC
  XYZR: -454.847, -0.551, 381.805, 2
  Mask: 00001111
        |  0  1  2  3  4  5  6  7  8  9  A  B  C  D  E  F      | 0123456789ABCDEF
    -----------------------------------------------------  ----------------------
      0 | 0E 22 4A 00 24 38 02 01 24 07 0F 02 6A 6C E3 C3    0 | ."J.$8..$...jl..
      1 | 56 0E 0D BF 0A E7 BE 43 14 00 00 00 9B 32 64 00    1 | V......C.....2d.
      2 | 00 19 02 00 00 0F 00 28 41 01 08 06 00 00 00 00    2 | .......(A.......
      3 | 00 00 26 0C 53 68 61 6E 74 6F 74 74 6F 00 00 00    3 | ..&.Shantotto...
      4 | 00 00 00 00 -- -- -- -- -- -- -- -- -- -- -- --    4 | ....------------

NPC ID: 16922659
  Name: Arciela
  POLUtils_Name: Arciela
  Type: Simple NPC
  XYZR: -453.402, -0.550, 381.348, 1
  Mask: 00001111
        |  0  1  2  3  4  5  6  7  8  9  A  B  C  D  E  F      | 0123456789ABCDEF
    -----------------------------------------------------  ----------------------
      0 | 0E 20 4A 00 23 38 02 01 23 07 0F 01 75 B3 E2 C3    0 | . J.#8..#...u...
      1 | CD CC 0C BF 8B AC BE 43 14 00 00 00 9B 32 64 00    1 | .......C.....2d.
      2 | 00 1B 00 00 00 0C 00 28 41 01 00 06 00 00 00 00    2 | .......(A.......
      3 | 00 00 0D 0C 41 72 63 69 65 6C 61 00 00 00 00 00    3 | ....Arciela.....

NPC ID: 16922661
  Name: Yoran-Oran
  POLUtils_Name: Yoran-Oran
  Type: Simple NPC
  XYZR: -454.337, -0.553, 382.201, 4
  Mask: 00001111
        |  0  1  2  3  4  5  6  7  8  9  A  B  C  D  E  F      | 0123456789ABCDEF
    -----------------------------------------------------  ----------------------
      0 | 0E 22 4B 00 25 38 02 01 25 07 0F 04 23 2B E3 C3    0 | ."K.%8..%...#+..
      1 | 68 91 0D BF BA 19 BF 43 07 00 00 00 9B 32 64 00    1 | h......C.....2d.
      2 | 00 99 00 00 00 0C 00 28 41 01 00 06 00 00 00 00    2 | .......(A.......
      3 | 00 00 17 0C 59 6F 72 61 6E 2D 4F 72 61 6E 00 00    3 | ....Yoran-Oran..
      4 | 00 00 00 00 -- -- -- -- -- -- -- -- -- -- -- --    4 | ....------------

NPC ID: 16921068
  Name: _0zw
  POLUtils_Name: Cermet Portal
  Type: Simple NPC
  XYZR: -420.000, -2.050, 400.000, 0
  Mask: 00000111
        |  0  1  2  3  4  5  6  7  8  9  A  B  C  D  E  F      | 0123456789ABCDEF
    -----------------------------------------------------  ----------------------
      0 | 0E 20 4C 00 EC 31 02 01 EC 01 07 00 00 00 D2 C3    0 | . L..1..........
      1 | 33 33 03 C0 00 00 C8 43 01 00 00 00 32 32 64 08    1 | 33.....C....22d.
      2 | 00 03 18 00 00 00 00 00 00 00 00 00 00 00 00 00    2 | ................
      3 | 02 00 00 00 5F 30 7A 77 00 00 00 00 00 00 00 00    3 | ...._0zw........

NPC ID: 16920581
  Name: Qn'zdei
  POLUtils_Name: Qn'zdei
  Type: Simple NPC
  XYZR: -467.000, -1.500, 371.000, 110
  Mask: 00001111
        |  0  1  2  3  4  5  6  7  8  9  A  B  C  D  E  F      | 0123456789ABCDEF
    -----------------------------------------------------  ----------------------
      0 | 0E 20 4D 00 05 30 02 01 05 00 0F 6E 00 80 E9 C3    0 | . M..0.....n....
      1 | 00 00 C0 BF 00 80 B9 43 EC 16 00 00 28 28 64 00    1 | .......C....((d.
      2 | 01 83 00 00 00 0C 00 00 00 00 04 00 00 00 00 00    2 | ................
      3 | 00 00 85 04 51 6E 27 7A 64 65 69 00 00 00 00 00    3 | ....Qn'zdei.....

NPC ID: 16920587
  Name: Qn'zdei
  POLUtils_Name: Qn'zdei
  Type: Simple NPC
  XYZR: -387.000, -1.500, 389.000, 61
  Mask: 00001111
        |  0  1  2  3  4  5  6  7  8  9  A  B  C  D  E  F      | 0123456789ABCDEF
    -----------------------------------------------------  ----------------------
      0 | 0E 20 4D 00 0B 30 02 01 0B 00 0F 3D 00 80 C1 C3    0 | . M..0.....=....
      1 | 00 00 C0 BF 00 80 C2 43 3D 16 00 00 28 28 64 00    1 | .......C=...((d.
      2 | 01 83 00 00 00 0C 00 00 00 00 04 00 00 00 00 00    2 | ................
      3 | 00 00 85 04 51 6E 27 7A 64 65 69 00 00 00 00 00    3 | ....Qn'zdei.....

NPC ID: 16920584
  Name: Qn'zdei
  POLUtils_Name: Qn'zdei
  Type: Simple NPC
  XYZR: -453.000, -1.500, 389.000, 204
  Mask: 00001111
        |  0  1  2  3  4  5  6  7  8  9  A  B  C  D  E  F      | 0123456789ABCDEF
    -----------------------------------------------------  ----------------------
      0 | 0E 20 4D 00 08 30 02 01 08 00 0F CC 00 80 E2 C3    0 | . M..0..........
      1 | 00 00 C0 BF 00 80 C2 43 DF 16 00 00 28 28 64 00    1 | .......C....((d.
      2 | 01 83 00 00 00 0C 00 00 00 00 04 00 00 00 00 00    2 | ................
      3 | 00 00 85 04 51 6E 27 7A 64 65 69 00 00 00 00 00    3 | ....Qn'zdei.....

NPC ID: 16920586
  Name: Qn'zdei
  POLUtils_Name: Qn'zdei
  Type: Simple NPC
  XYZR: -373.000, -1.500, 371.000, 97
  Mask: 00001111
        |  0  1  2  3  4  5  6  7  8  9  A  B  C  D  E  F      | 0123456789ABCDEF
    -----------------------------------------------------  ----------------------
      0 | 0E 20 4E 00 0A 30 02 01 0A 00 0F 61 00 80 BA C3    0 | . N..0.....a....
      1 | 00 00 C0 BF 00 80 B9 43 85 04 00 00 28 28 64 00    1 | .......C....((d.
      2 | 01 83 00 00 00 0C 00 00 00 00 04 00 00 00 00 00    2 | ................
      3 | 00 00 85 04 51 6E 27 7A 64 65 69 00 00 00 00 00    3 | ....Qn'zdei.....

NPC ID: 16921097
  Name: blank
  POLUtils_Name:      
  Type: Decoration
  XYZR: 0.000, 0.000, 0.000, 0
  Mask: 00001111
        |  0  1  2  3  4  5  6  7  8  9  A  B  C  D  E  F      | 0123456789ABCDEF
    -----------------------------------------------------  ----------------------
      0 | 0E 1C 54 00 09 32 02 01 09 02 0F 00 00 00 00 00    0 | ..T..2..........
      1 | 00 00 00 00 00 00 00 00 00 00 00 00 32 32 64 00    1 | ............22d.
      2 | 02 03 08 00 00 00 00 00 00 00 00 00 00 00 00 00    2 | ................
      3 | 00 00 32 00 00 00 00 00 -- -- -- -- -- -- -- --    3 | ..2.....--------

NPC ID: 16921098
  Name: ???
  POLUtils_Name: ???
  Type: Simple NPC
  XYZR: 0.000, 0.000, 0.000, 0
  Mask: 00001111
        |  0  1  2  3  4  5  6  7  8  9  A  B  C  D  E  F      | 0123456789ABCDEF
    -----------------------------------------------------  ----------------------
      0 | 0E 1E 55 00 0A 32 02 01 0A 02 0F 00 00 00 00 00    0 | ..U..2..........
      1 | 00 00 00 00 00 00 00 00 00 00 00 00 32 32 64 00    1 | ............22d.
      2 | 02 03 08 00 00 00 00 00 00 00 00 00 00 00 00 00    2 | ................
      3 | 00 00 32 00 3F 3F 3F 00 00 00 00 00 -- -- -- --    3 | ..2.???.....----

NPC ID: 16920579
  Name: Qn'zdei
  POLUtils_Name: Qn'zdei
  Type: Simple NPC
  XYZR: -429.000, -1.500, 413.000, 116
  Mask: 00001111
        |  0  1  2  3  4  5  6  7  8  9  A  B  C  D  E  F      | 0123456789ABCDEF
    -----------------------------------------------------  ----------------------
      0 | 0E 20 7D 00 03 30 02 01 03 00 0F 74 00 80 D6 C3    0 | . }..0.....t....
      1 | 00 00 C0 BF 00 80 CE 43 D5 17 00 00 28 28 64 00    1 | .......C....((d.
      2 | 01 83 00 00 00 0C 00 00 00 00 04 00 00 00 00 00    2 | ................
      3 | 00 00 85 04 51 6E 27 7A 64 65 69 00 00 00 00 00    3 | ....Qn'zdei.....

NPC ID: 16920580
  Name: Qn'zdei
  POLUtils_Name: Qn'zdei
  Type: Simple NPC
  XYZR: -411.000, -1.500, 413.000, 221
  Mask: 00001111
        |  0  1  2  3  4  5  6  7  8  9  A  B  C  D  E  F      | 0123456789ABCDEF
    -----------------------------------------------------  ----------------------
      0 | 0E 20 7D 00 04 30 02 01 04 00 0F DD 00 80 CD C3    0 | . }..0..........
      1 | 00 00 C0 BF 00 80 CE 43 C8 17 00 00 28 28 64 00    1 | .......C....((d.
      2 | 01 83 00 00 00 0C 00 00 00 00 04 00 00 00 00 00    2 | ................
      3 | 00 00 85 04 51 6E 27 7A 64 65 69 00 00 00 00 00    3 | ....Qn'zdei.....

NPC ID: 16920585
  Name: Qn'zdei
  POLUtils_Name: Qn'zdei
  Type: Simple NPC
  XYZR: -373.000, -1.500, 389.000, 28
  Mask: 00001111
        |  0  1  2  3  4  5  6  7  8  9  A  B  C  D  E  F      | 0123456789ABCDEF
    -----------------------------------------------------  ----------------------
      0 | 0E 20 80 00 09 30 02 01 09 00 0F 1C 00 80 BA C3    0 | . ...0..........
      1 | 00 00 C0 BF 00 80 C2 43 4B 00 00 00 28 28 64 00    1 | .......CK...((d.
      2 | 01 83 00 00 00 0C 00 00 00 00 04 00 00 00 00 00    2 | ................
      3 | 00 00 85 04 51 6E 27 7A 64 65 69 00 00 00 00 00    3 | ....Qn'zdei.....

NPC ID: 16920582
  Name: Qn'zdei
  POLUtils_Name: Qn'zdei
  Type: Simple NPC
  XYZR: -467.000, -1.500, 389.000, 226
  Mask: 00001111
        |  0  1  2  3  4  5  6  7  8  9  A  B  C  D  E  F      | 0123456789ABCDEF
    -----------------------------------------------------  ----------------------
      0 | 0E 20 86 00 06 30 02 01 06 00 0F E2 00 80 E9 C3    0 | . ...0..........
      1 | 00 00 C0 BF 00 80 C2 43 1C 02 00 00 28 28 64 00    1 | .......C....((d.
      2 | 01 83 00 00 00 0C 00 00 00 00 04 00 00 00 00 00    2 | ................
      3 | 00 00 85 04 51 6E 27 7A 64 65 69 00 00 00 00 00    3 | ....Qn'zdei.....

NPC ID: 16920578
  Name: Qn'zdei
  POLUtils_Name: Qn'zdei
  Type: Simple NPC
  XYZR: -411.000, -1.500, 427.000, 11
  Mask: 00001111
        |  0  1  2  3  4  5  6  7  8  9  A  B  C  D  E  F      | 0123456789ABCDEF
    -----------------------------------------------------  ----------------------
      0 | 0E 20 89 00 02 30 02 01 02 00 0F 0B 00 80 CD C3    0 | . ...0..........
      1 | 00 00 C0 BF 00 80 D5 43 2F 0C 00 00 28 28 64 00    1 | .......C/...((d.
      2 | 01 83 00 00 00 0C 00 00 00 00 04 00 00 00 00 00    2 | ................
      3 | 00 00 85 04 51 6E 27 7A 64 65 69 00 00 00 00 00    3 | ....Qn'zdei.....

NPC ID: 16920577
  Name: Qn'zdei
  POLUtils_Name: Qn'zdei
  Type: Simple NPC
  XYZR: -429.000, -1.500, 427.000, 241
  Mask: 00001111
        |  0  1  2  3  4  5  6  7  8  9  A  B  C  D  E  F      | 0123456789ABCDEF
    -----------------------------------------------------  ----------------------
      0 | 0E 20 89 00 01 30 02 01 01 00 0F F1 00 80 D6 C3    0 | . ...0..........
      1 | 00 00 C0 BF 00 80 D5 43 2F 0C 00 00 28 28 64 00    1 | .......C/...((d.
      2 | 01 83 00 00 00 0C 00 00 00 00 04 00 00 00 00 00    2 | ................
      3 | 00 00 85 04 51 6E 27 7A 64 65 69 00 00 00 00 00    3 | ....Qn'zdei.....

NPC ID: 16922778
  Name: Cornelia
  POLUtils_Name: Cornelia
  Type: Simple NPC
  XYZR: -420.047, -0.500, 250.777, 191
  Mask: 00001111
        |  0  1  2  3  4  5  6  7  8  9  A  B  C  D  E  F      | 0123456789ABCDEF
    -----------------------------------------------------  ----------------------
      0 | 0E 20 1F 00 9A 38 02 01 9A 07 0F BF 04 06 D2 C3    0 | . ...8..........
      1 | 00 00 00 BF E9 C6 7A 43 00 00 00 00 3E 32 64 00    1 | ......zC....>2d.
      2 | 00 1B 00 00 00 0A 06 28 45 01 00 06 00 00 00 00    2 | .......(E.......
      3 | 00 00 2F 0C 43 6F 72 6E 65 6C 69 61 00 00 00 00    3 | ../.Cornelia....

NPC ID: 16920616
  Name: Aw'ghrah
  POLUtils_Name: Aw'ghrah
  Type: Simple NPC
  XYZR: -461.977, -0.596, 342.796, 19
  Mask: 00001111
        |  0  1  2  3  4  5  6  7  8  9  A  B  C  D  E  F      | 0123456789ABCDEF
    -----------------------------------------------------  ----------------------
      0 | 0E 20 55 00 28 30 02 01 28 00 0F 13 0E FD E6 C3    0 | . U.(0..(.......
      1 | 75 93 18 BF E3 65 AB 43 55 00 00 00 28 28 64 00    1 | u....e.CU...((d.
      2 | 01 83 04 00 00 0C 00 02 00 00 04 00 00 00 00 00    2 | ................
      3 | 06 00 8B 04 41 77 27 67 68 72 61 68 00 00 00 00    3 | ....Aw'ghrah....

NPC ID: 16920607
  Name: Aern'sEuvhi
  POLUtils_Name: Aern's Euvhi
  Type: Simple NPC
  XYZR: -490.586, -5.183, 292.050, 151
  Mask: 00001111
        |  0  1  2  3  4  5  6  7  8  9  A  B  C  D  E  F      | 0123456789ABCDEF
    -----------------------------------------------------  ----------------------
      0 | 0E 22 58 00 1F 30 02 01 1F 00 0F 97 02 4B F5 C3    0 | ."X..0.......K..
      1 | 23 DB A5 C0 66 06 92 43 A6 05 00 00 28 28 64 00    1 | #...f..C....((d.
      2 | 07 81 04 00 00 0A 00 00 00 00 05 00 00 00 00 00    2 | ................
      3 | 00 00 0E 02 41 65 72 6E 27 73 45 75 76 68 69 00    3 | ....Aern'sEuvhi.
      4 | 00 00 00 00 -- -- -- -- -- -- -- -- -- -- -- --    4 | ....------------

NPC ID: 16920606
  Name: Aw'aern
  POLUtils_Name: Aw'aern
  Type: Simple NPC
  XYZR: -499.180, -3.639, 300.977, 56
  Mask: 00001111
        |  0  1  2  3  4  5  6  7  8  9  A  B  C  D  E  F      | 0123456789ABCDEF
    -----------------------------------------------------  ----------------------
      0 | 0E 20 5B 00 1E 30 02 01 1E 00 0F 38 0A 97 F9 C3    0 | . [..0.....8....
      1 | 60 E5 68 C0 0E 7D 96 43 0F 01 00 00 28 28 64 00    1 | `.h..}.C....((d.
      2 | 01 83 04 00 00 0C 00 00 00 00 05 00 00 00 00 00    2 | ................
      3 | 00 00 5E 05 41 77 27 61 65 72 6E 00 00 00 00 00    3 | ..^.Aw'aern.....

NPC ID: 16920608
  Name: Aw'aern
  POLUtils_Name: Aw'aern
  Type: Simple NPC
  XYZR: -502.899, -3.004, 293.147, 127
  Mask: 00001111
        |  0  1  2  3  4  5  6  7  8  9  A  B  C  D  E  F      | 0123456789ABCDEF
    -----------------------------------------------------  ----------------------
      0 | 0E 20 60 00 20 30 02 01 20 00 0F 7F 12 73 FB C3    0 | . `. 0.. ....s..
      1 | 89 41 40 C0 D1 92 92 43 01 01 00 00 28 28 64 00    1 | .A@....C....((d.
      2 | 01 83 04 00 00 0C 00 00 00 00 05 00 00 00 00 00    2 | ................
      3 | 00 00 5E 05 41 77 27 61 65 72 6E 00 00 00 00 00    3 | ..^.Aw'aern.....

NPC ID: 16920617
  Name: Aw'ghrah
  POLUtils_Name: Aw'ghrah
  Type: Simple NPC
  XYZR: -498.118, -0.597, 338.731, 14
  Mask: 00001111
        |  0  1  2  3  4  5  6  7  8  9  A  B  C  D  E  F      | 0123456789ABCDEF
    -----------------------------------------------------  ----------------------
      0 | 0E 20 63 00 29 30 02 01 29 00 0F 0E 1B 0F F9 C3    0 | . c.)0..).......
      1 | FE D4 18 BF 91 5D A9 43 B2 00 00 00 28 28 64 00    1 | .....].C....((d.
      2 | 01 83 04 00 00 0C 00 02 00 00 04 00 00 00 00 00    2 | ................
      3 | 06 00 8B 04 41 77 27 67 68 72 61 68 00 00 00 00    3 | ....Aw'ghrah....

NPC ID: 16920589
  Name: Aw'aern
  POLUtils_Name: Aw'aern
  Type: Simple NPC
  XYZR: -533.078, -0.600, 329.959, 206
  Mask: 00001111
        |  0  1  2  3  4  5  6  7  8  9  A  B  C  D  E  F      | 0123456789ABCDEF
    -----------------------------------------------------  ----------------------
      0 | 0E 20 72 00 0D 30 02 01 0D 00 0F CE FE 44 05 C4    0 | . r..0.......D..
      1 | 9A 99 19 BF C1 FA A4 43 28 01 00 00 28 28 64 00    1 | .......C(...((d.
      2 | 01 83 04 00 00 0C 00 00 00 00 05 00 00 00 00 00    2 | ................
      3 | 00 00 5D 05 41 77 27 61 65 72 6E 00 00 00 00 00    3 | ..].Aw'aern.....

NPC ID: 16920628
  Name: Aw'euvhi
  POLUtils_Name: Aw'euvhi
  Type: Simple NPC
  XYZR: -547.000, 1.500, 293.000, 224
  Mask: 00001111
        |  0  1  2  3  4  5  6  7  8  9  A  B  C  D  E  F      | 0123456789ABCDEF
    -----------------------------------------------------  ----------------------
      0 | 0E 20 77 00 34 30 02 01 34 00 0F E0 00 C0 08 C4    0 | . w.40..4.......
      1 | 00 00 C0 3F 00 80 92 43 07 00 00 00 28 28 64 00    1 | ...?...C....((d.
      2 | 01 83 04 00 00 0C 00 00 00 00 06 00 00 00 00 00    2 | ................
      3 | 00 00 0E 02 41 77 27 65 75 76 68 69 00 00 00 00    3 | ....Aw'euvhi....

NPC ID: 16920630
  Name: Aw'ghrah
  POLUtils_Name: Aw'ghrah
  Type: Simple NPC
  XYZR: -542.447, -0.540, 310.129, 237
  Mask: 00001111
        |  0  1  2  3  4  5  6  7  8  9  A  B  C  D  E  F      | 0123456789ABCDEF
    -----------------------------------------------------  ----------------------
      0 | 0E 20 77 00 36 30 02 01 36 00 0F ED 9C 9C 07 C4    0 | . w.60..6.......
      1 | 71 3D 0A BF 83 10 9B 43 1B 01 00 00 28 28 64 00    1 | q=.....C....((d.
      2 | 01 83 04 00 00 0C 00 02 00 00 04 00 00 00 00 00    2 | ................
      3 | 06 00 8D 04 41 77 27 67 68 72 61 68 00 00 00 00    3 | ....Aw'ghrah....

NPC ID: 16920602
  Name: Aw'ghrah
  POLUtils_Name: Aw'ghrah
  Type: Simple NPC
  XYZR: -510.488, -0.599, 254.605, 182
  Mask: 00001111
        |  0  1  2  3  4  5  6  7  8  9  A  B  C  D  E  F      | 0123456789ABCDEF
    -----------------------------------------------------  ----------------------
      0 | 0E 20 8D 00 1A 30 02 01 1A 00 0F B6 77 3E FF C3    0 | . ...0......w>..
      1 | 10 58 19 BF E1 9A 7E 43 02 01 00 00 28 28 64 00    1 | .X....~C....((d.
      2 | 01 83 04 00 00 0C 00 02 00 00 04 00 00 00 00 00    2 | ................
      3 | 06 00 89 04 41 77 27 67 68 72 61 68 00 00 00 00    3 | ....Aw'ghrah....

NPC ID: 16920629
  Name: Aw'euvhi
  POLUtils_Name: Aw'euvhi
  Type: Simple NPC
  XYZR: -550.994, 1.399, 293.040, 47
  Mask: 00001111
        |  0  1  2  3  4  5  6  7  8  9  A  B  C  D  E  F      | 0123456789ABCDEF
    -----------------------------------------------------  ----------------------
      0 | 0E 20 BE 00 35 30 02 01 35 00 0F 2F 9E BF 09 C4    0 | . ..50..5../....
      1 | 6F 12 B3 3F 1F 85 92 43 51 01 00 00 28 28 64 00    1 | o..?...CQ...((d.
      2 | 01 83 04 00 00 0C 00 00 00 00 04 00 00 00 00 00    2 | ................
      3 | 00 00 0E 02 41 77 27 65 75 76 68 69 00 00 00 00    3 | ....Aw'euvhi....

NPC ID: 16920590
  Name: Aw'aern
  POLUtils_Name: Aw'aern
  Type: Simple NPC
  XYZR: -533.961, -0.591, 341.212, 12
  Mask: 00001111
        |  0  1  2  3  4  5  6  7  8  9  A  B  C  D  E  F      | 0123456789ABCDEF
    -----------------------------------------------------  ----------------------
      0 | 0E 20 E1 00 0E 30 02 01 0E 00 0F 0C 81 7D 05 C4    0 | . ...0.......}..
      1 | C7 4B 17 BF 23 9B AA 43 86 01 00 00 28 28 64 00    1 | .K..#..C....((d.
      2 | 01 83 04 00 00 0C 00 00 00 00 05 00 00 00 00 00    2 | ................
      3 | 00 00 5D 05 41 77 27 61 65 72 6E 00 00 00 00 00    3 | ..].Aw'aern.....

NPC ID: 16920626
  Name: Aw'ghrah
  POLUtils_Name: Aw'ghrah
  Type: Simple NPC
  XYZR: -500.490, -6.599, 353.066, 63
  Mask: 00001111
        |  0  1  2  3  4  5  6  7  8  9  A  B  C  D  E  F      | 0123456789ABCDEF
    -----------------------------------------------------  ----------------------
      0 | 0E 20 00 01 32 30 02 01 32 00 0F 3F B8 3E FA C3    0 | . ..20..2..?.>..
      1 | 02 2B D3 C0 73 88 B0 43 F5 00 00 00 28 28 64 00    1 | .+..s..C....((d.
      2 | 01 83 04 00 00 0C 00 02 00 00 06 00 00 00 00 00    2 | ................
      3 | 06 00 89 04 41 77 27 67 68 72 61 68 00 00 00 00    3 | ....Aw'ghrah....

NPC ID: 16920646
  Name: Aw'aern
  POLUtils_Name: Aw'aern
  Type: Simple NPC
  XYZR: -558.690, 4.402, 248.665, 163
  Mask: 00001111
        |  0  1  2  3  4  5  6  7  8  9  A  B  C  D  E  F      | 0123456789ABCDEF
    -----------------------------------------------------  ----------------------
      0 | 0E 20 39 03 46 30 02 01 46 00 0F A3 29 AC 0B C4    0 | . 9.F0..F...)...
      1 | 2F DD 8C 40 3D AA 78 43 8B 00 00 00 28 28 64 00    1 | /..@=.xC....((d.
      2 | 01 83 04 00 00 0C 00 00 00 00 05 00 00 00 00 00    2 | ................
      3 | 00 00 5D 05 41 77 27 61 65 72 6E 00 00 00 00 00    3 | ..].Aw'aern.....

NPC ID: 16920648
  Name: Aw'aern
  POLUtils_Name: Aw'aern
  Type: Simple NPC
  XYZR: -557.580, 4.400, 245.711, 245
  Mask: 00001111
        |  0  1  2  3  4  5  6  7  8  9  A  B  C  D  E  F      | 0123456789ABCDEF
    -----------------------------------------------------  ----------------------
      0 | 0E 20 3B 03 48 30 02 01 48 00 0F F5 1F 65 0B C4    0 | . ;.H0..H....e..
      1 | CD CC 8C 40 04 B6 75 43 50 01 00 00 28 28 64 00    1 | ...@..uCP...((d.
      2 | 01 83 04 00 00 0C 00 00 00 00 05 00 00 00 00 00    2 | ................
      3 | 00 00 61 05 41 77 27 61 65 72 6E 00 00 00 00 00    3 | ..a.Aw'aern.....

NPC ID: 16920649
  Name: Aern'sElementa
  POLUtils_Name: Aern's Elemental
  Type: Simple NPC
  XYZR: -552.780, 4.500, 239.564, 129
  Mask: 00001111
        |  0  1  2  3  4  5  6  7  8  9  A  B  C  D  E  F      | 0123456789ABCDEF
    -----------------------------------------------------  ----------------------
      0 | 0E 24 3E 03 49 30 02 01 49 00 0F 81 EC 31 0A C4    0 | .$>.I0..I....1..
      1 | 00 00 90 40 62 90 6F 43 3C 00 00 00 28 28 00 03    1 | ...@b.oC<...((..
      2 | 07 83 00 00 00 08 00 00 00 00 10 00 00 00 00 00    2 | ................
      3 | 00 00 0A 00 41 65 72 6E 27 73 45 6C 65 6D 65 6E    3 | ....Aern'sElemen
      4 | 74 61 00 00 00 00 00 00 -- -- -- -- -- -- -- --    4 | ta......--------

NPC ID: 16920647
  Name: Aw'aern
  POLUtils_Name: Aw'aern
  Type: Simple NPC
  XYZR: -573.165, 3.418, 249.937, 220
  Mask: 00001111
        |  0  1  2  3  4  5  6  7  8  9  A  B  C  D  E  F      | 0123456789ABCDEF
    -----------------------------------------------------  ----------------------
      0 | 0E 20 02 04 47 30 02 01 47 00 0F DC 8F 4A 0F C4    0 | . ..G0..G....J..
      1 | 83 C0 5A 40 DF EF 79 43 B2 00 00 00 28 28 64 00    1 | ..Z@..yC....((d.
      2 | 01 83 04 00 00 0C 00 00 00 00 05 00 00 00 00 00    2 | ................
      3 | 00 00 5D 05 41 77 27 61 65 72 6E 00 00 00 00 00    3 | ..].Aw'aern.....

NPC ID: 16920591
  Name: Aw'aern
  POLUtils_Name: Aw'aern
  Type: Simple NPC
  XYZR: -539.424, -0.565, 361.239, 116
  Mask: 00001111
        |  0  1  2  3  4  5  6  7  8  9  A  B  C  D  E  F      | 0123456789ABCDEF
    -----------------------------------------------------  ----------------------
      0 | 0E 20 16 04 0F 30 02 01 0F 00 0F 74 23 DB 06 C4    0 | . ...0.....t#...
      1 | D7 A3 10 BF 98 9E B4 43 06 00 00 00 28 28 64 00    1 | .......C....((d.
      2 | 01 83 04 00 00 0C 00 00 00 00 05 00 00 00 00 00    2 | ................
      3 | 00 00 5F 05 41 77 27 61 65 72 6E 00 00 00 00 00    3 | .._.Aw'aern.....

NPC ID: 16920592
  Name: Aw'aern
  POLUtils_Name: Aw'aern
  Type: Simple NPC
  XYZR: -540.454, -0.580, 375.707, 71
  Mask: 00001111
        |  0  1  2  3  4  5  6  7  8  9  A  B  C  D  E  F      | 0123456789ABCDEF
    -----------------------------------------------------  ----------------------
      0 | 0E 20 69 06 10 30 02 01 10 00 0F 47 0E 1D 07 C4    0 | . i..0.....G....
      1 | E1 7A 14 BF 7F DA BB 43 F4 00 00 00 28 28 64 00    1 | .z.....C....((d.
      2 | 01 83 04 00 00 0C 00 00 00 00 05 00 00 00 00 00    2 | ................
      3 | 00 00 60 05 41 77 27 61 65 72 6E 00 00 00 00 00    3 | ..`.Aw'aern.....

NPC ID: 16920618
  Name: Aw'ghrah
  POLUtils_Name: Aw'ghrah
  Type: Simple NPC
  XYZR: -497.565, -0.599, 382.992, 211
  Mask: 00001111
        |  0  1  2  3  4  5  6  7  8  9  A  B  C  D  E  F      | 0123456789ABCDEF
    -----------------------------------------------------  ----------------------
      0 | 0E 20 44 07 2A 30 02 01 2A 00 0F D3 52 C8 F8 C3    0 | . D.*0..*...R...
      1 | 10 58 19 BF FA 7E BF 43 97 00 00 00 28 28 64 00    1 | .X...~.C....((d.
      2 | 01 83 04 00 00 0C 00 02 00 00 06 00 00 00 00 00    2 | ................
      3 | 06 00 8D 04 41 77 27 67 68 72 61 68 00 00 00 00    3 | ....Aw'ghrah....

NPC ID: 16920620
  Name: Aw'ghrah
  POLUtils_Name: Aw'ghrah
  Type: Simple NPC
  XYZR: -541.252, -0.568, 424.082, 202
  Mask: 00001111
        |  0  1  2  3  4  5  6  7  8  9  A  B  C  D  E  F      | 0123456789ABCDEF
    -----------------------------------------------------  ----------------------
      0 | 0E 20 4E 07 2C 30 02 01 2C 00 0F CA 21 50 07 C4    0 | . N.,0..,...!P..
      1 | 73 68 11 BF 7F 0A D4 43 6B 01 00 00 28 28 64 00    1 | sh.....Ck...((d.
      2 | 01 83 04 00 00 0C 00 02 00 00 06 00 00 00 00 00    2 | ................
      3 | 06 00 8B 04 41 77 27 67 68 72 61 68 00 00 00 00    3 | ....Aw'ghrah....

