NPC ID: 17023034
  Name: AncientLockbox
  POLUtils_Name: Ancient Lockbox
  Type: Simple NPC
  XYZR: 0.000, -22.000, 18.000, 192
  Mask: 00001111
        |  0  1  2  3  4  5  6  7  8  9  A  B  C  D  E  F      | 0123456789ABCDEF
    -----------------------------------------------------  ----------------------
      0 | 0E 24 0A 00 3A C0 03 01 3A 00 0F C0 00 00 00 00    0 | .$..:...:.......
      1 | 00 00 B0 C1 00 00 90 41 07 00 00 00 28 28 64 00    1 | .......A....((d.
      2 | 02 83 06 00 00 0C 00 00 00 00 08 00 00 00 00 00    2 | ................
      3 | 00 00 C0 03 41 6E 63 69 65 6E 74 4C 6F 63 6B 62    3 | ....AncientLockb
      4 | 6F 78 00 00 00 00 00 00 -- -- -- -- -- -- -- --    4 | ox......--------

NPC ID: 17023060
  Name: _1o3
  POLUtils_Name: FX_TEST_1o3
  Type: Simple NPC
  XYZR: 17.971, -24.021, 3.625, 0
  Mask: 00000111
        |  0  1  2  3  4  5  6  7  8  9  A  B  C  D  E  F      | 0123456789ABCDEF
    -----------------------------------------------------  ----------------------
      0 | 0E 20 0A 00 54 C0 03 01 54 00 07 00 9C C4 8F 41    0 | . ..T...T......A
      1 | 02 2B C0 C1 00 00 68 40 01 00 00 00 32 32 64 09    1 | .+....h@....22d.
      2 | 02 03 18 00 00 00 00 00 00 00 00 00 00 00 00 00    2 | ................
      3 | 02 00 00 00 5F 31 6F 33 00 00 00 00 00 00 00 00    3 | ...._1o3........

NPC ID: 17023056
  Name: ???
  POLUtils_Name: ???
  Type: Simple NPC
  XYZR: -0.346, -22.000, 13.286, 40
  Mask: 00001111
        |  0  1  2  3  4  5  6  7  8  9  A  B  C  D  E  F      | 0123456789ABCDEF
    -----------------------------------------------------  ----------------------
      0 | 0E 1E 0A 00 50 C0 03 01 50 00 0F 28 E9 26 B1 BE    0 | ....P...P..(.&..
      1 | 00 00 B0 C1 75 93 54 41 01 00 00 00 32 32 64 00    1 | ....u.TA....22d.
      2 | 00 03 08 00 00 00 00 00 00 00 00 00 00 00 00 00    2 | ................
      3 | 00 00 34 00 3F 3F 3F 00 00 00 00 00 -- -- -- --    3 | ..4.???.....----

NPC ID: 17023057
  Name: _1o0
  POLUtils_Name: Door: Cargo Hold
  Type: Simple NPC
  XYZR: -8.004, -24.000, -0.375, 0
  Mask: 00000111
        |  0  1  2  3  4  5  6  7  8  9  A  B  C  D  E  F      | 0123456789ABCDEF
    -----------------------------------------------------  ----------------------
      0 | 0E 20 0A 00 51 C0 03 01 51 00 07 00 62 10 00 C1    0 | . ..Q...Q...b...
      1 | 00 00 C0 C1 00 00 C0 BE 01 00 00 00 32 32 64 09    1 | ............22d.
      2 | 00 03 18 00 00 00 00 00 00 00 00 00 00 00 00 00    2 | ................
      3 | 02 00 00 00 5F 31 6F 30 00 00 00 00 00 00 00 00    3 | ...._1o0........

NPC ID: 17023059
  Name: _1o2
  POLUtils_Name: Gate: Lifeboat
  Type: Simple NPC
  XYZR: 15.824, -22.747, -1.999, 0
  Mask: 00000111
        |  0  1  2  3  4  5  6  7  8  9  A  B  C  D  E  F      | 0123456789ABCDEF
    -----------------------------------------------------  ----------------------
      0 | 0E 20 0A 00 53 C0 03 01 53 00 07 00 1B 2F 7D 41    0 | . ..S...S..../}A
      1 | DB F9 B5 C1 3B DF FF BF 01 00 00 00 32 32 64 09    1 | ....;.......22d.
      2 | 00 03 18 00 00 00 00 00 00 00 00 00 00 00 00 00    2 | ................
      3 | 02 00 00 00 5F 31 6F 32 00 00 00 00 00 00 00 00    3 | ...._1o2........

NPC ID: 17025024
  Name: X-32
  POLUtils_Name: X-32
  Type: Simple NPC
  XYZR: 7.005, -31.562, 40.155, 193
  Mask: 00001111
        |  0  1  2  3  4  5  6  7  8  9  A  B  C  D  E  F      | 0123456789ABCDEF
    -----------------------------------------------------  ----------------------
      0 | 0E 1E 16 00 00 C8 03 01 00 07 0F C1 F6 28 E0 40    0 | .............(.@
      1 | FA 7E FC C1 B8 9E 20 42 00 00 00 00 00 32 64 00    1 | .~.... B.....2d.
      2 | 00 99 00 00 00 08 00 28 04 01 00 00 00 00 00 00    2 | .......(........
      3 | 06 00 BF 07 58 2D 33 32 00 00 00 00 -- -- -- --    3 | ....X-32....----

NPC ID: 17023004
  Name: AshuTalifCrew
  POLUtils_Name: Ashu Talif Crew
  Type: Simple NPC
  XYZR: -4.000, -22.500, 11.000, 214
  Mask: 00001111
        |  0  1  2  3  4  5  6  7  8  9  A  B  C  D  E  F      | 0123456789ABCDEF
    -----------------------------------------------------  ----------------------
      0 | 0E 24 47 00 1C C0 03 01 1C 00 0F D6 00 00 80 C0    0 | .$G.............
      1 | 00 00 B4 C1 00 00 30 41 07 00 00 00 28 28 64 00    1 | ......0A....((d.
      2 | 00 83 08 00 00 11 00 00 00 00 00 08 00 00 00 00    2 | ................
      3 | 05 00 6A 07 41 73 68 75 54 61 6C 69 66 43 72 65    3 | ..j.AshuTalifCre
      4 | 77 00 00 00 00 00 00 00 -- -- -- -- -- -- -- --    4 | w.......--------

NPC ID: 17022996
  Name: AshuTalifCrew
  POLUtils_Name: Ashu Talif Crew
  Type: Simple NPC
  XYZR: -9.000, -22.500, 23.000, 250
  Mask: 00001111
        |  0  1  2  3  4  5  6  7  8  9  A  B  C  D  E  F      | 0123456789ABCDEF
    -----------------------------------------------------  ----------------------
      0 | 0E 24 47 00 14 C0 03 01 14 00 0F FA 00 00 10 C1    0 | .$G.............
      1 | 00 00 B4 C1 00 00 B8 41 07 00 00 00 28 28 64 00    1 | .......A....((d.
      2 | 00 83 08 00 00 11 00 00 00 00 00 08 00 00 00 00    2 | ................
      3 | 05 00 6C 07 41 73 68 75 54 61 6C 69 66 43 72 65    3 | ..l.AshuTalifCre
      4 | 77 00 00 00 00 00 00 00 -- -- -- -- -- -- -- --    4 | w.......--------

NPC ID: 17023000
  Name: AshuTalifCrew
  POLUtils_Name: Ashu Talif Crew
  Type: Simple NPC
  XYZR: -9.000, -22.500, 19.000, 250
  Mask: 00001111
        |  0  1  2  3  4  5  6  7  8  9  A  B  C  D  E  F      | 0123456789ABCDEF
    -----------------------------------------------------  ----------------------
      0 | 0E 24 47 00 18 C0 03 01 18 00 0F FA 00 00 10 C1    0 | .$G.............
      1 | 00 00 B4 C1 00 00 98 41 07 00 00 00 28 28 64 00    1 | .......A....((d.
      2 | 00 83 08 00 00 11 00 00 00 00 00 08 00 00 00 00    2 | ................
      3 | 05 00 6B 07 41 73 68 75 54 61 6C 69 66 43 72 65    3 | ..k.AshuTalifCre
      4 | 77 00 00 00 00 00 00 00 -- -- -- -- -- -- -- --    4 | w.......--------

NPC ID: 17023003
  Name: AshuTalifCrew
  POLUtils_Name: Ashu Talif Crew
  Type: Simple NPC
  XYZR: -4.000, -22.500, 12.000, 214
  Mask: 00001111
        |  0  1  2  3  4  5  6  7  8  9  A  B  C  D  E  F      | 0123456789ABCDEF
    -----------------------------------------------------  ----------------------
      0 | 0E 24 54 01 1B C0 03 01 1B 00 0F D6 00 00 80 C0    0 | .$T.............
      1 | 00 00 B4 C1 00 00 40 41 07 00 00 00 28 28 64 00    1 | ......@A....((d.
      2 | 00 83 08 00 00 11 00 00 00 00 00 08 00 00 00 00    2 | ................
      3 | 05 00 6B 07 41 73 68 75 54 61 6C 69 66 43 72 65    3 | ..k.AshuTalifCre
      4 | 77 00 00 00 00 00 00 00 -- -- -- -- -- -- -- --    4 | w.......--------

NPC ID: 17022998
  Name: AshuTalifCrew
  POLUtils_Name: Ashu Talif Crew
  Type: Simple NPC
  XYZR: -9.000, -22.500, 21.000, 250
  Mask: 00001111
        |  0  1  2  3  4  5  6  7  8  9  A  B  C  D  E  F      | 0123456789ABCDEF
    -----------------------------------------------------  ----------------------
      0 | 0E 24 54 01 16 C0 03 01 16 00 0F FA 00 00 10 C1    0 | .$T.............
      1 | 00 00 B4 C1 00 00 A8 41 07 00 00 00 28 28 64 00    1 | .......A....((d.
      2 | 00 83 08 00 00 11 00 00 00 00 00 08 00 00 00 00    2 | ................
      3 | 05 00 6A 07 41 73 68 75 54 61 6C 69 66 43 72 65    3 | ..j.AshuTalifCre
      4 | 77 00 00 00 00 00 00 00 -- -- -- -- -- -- -- --    4 | w.......--------

NPC ID: 17022999
  Name: AshuTalifCrew
  POLUtils_Name: Ashu Talif Crew
  Type: Simple NPC
  XYZR: -9.000, -22.500, 20.000, 250
  Mask: 00001111
        |  0  1  2  3  4  5  6  7  8  9  A  B  C  D  E  F      | 0123456789ABCDEF
    -----------------------------------------------------  ----------------------
      0 | 0E 24 54 01 17 C0 03 01 17 00 0F FA 00 00 10 C1    0 | .$T.............
      1 | 00 00 B4 C1 00 00 A0 41 07 00 00 00 28 28 64 00    1 | .......A....((d.
      2 | 00 83 08 00 00 11 00 00 00 00 00 08 00 00 00 00    2 | ................
      3 | 05 00 6C 07 41 73 68 75 54 61 6C 69 66 43 72 65    3 | ..l.AshuTalifCre
      4 | 77 00 00 00 00 00 00 00 -- -- -- -- -- -- -- --    4 | w.......--------

NPC ID: 17022994
  Name: AshuTalifCrew
  POLUtils_Name: Ashu Talif Crew
  Type: Simple NPC
  XYZR: 9.000, -22.500, 19.000, 131
  Mask: 00001111
        |  0  1  2  3  4  5  6  7  8  9  A  B  C  D  E  F      | 0123456789ABCDEF
    -----------------------------------------------------  ----------------------
      0 | 0E 24 54 01 12 C0 03 01 12 00 0F 83 00 00 10 41    0 | .$T............A
      1 | 00 00 B4 C1 00 00 98 41 07 00 00 00 28 28 64 00    1 | .......A....((d.
      2 | 00 83 08 00 00 11 00 00 00 00 00 08 00 00 00 00    2 | ................
      3 | 05 00 6B 07 41 73 68 75 54 61 6C 69 66 43 72 65    3 | ..k.AshuTalifCre
      4 | 77 00 00 00 00 00 00 00 -- -- -- -- -- -- -- --    4 | w.......--------

NPC ID: 17022990
  Name: AshuTalifCrew
  POLUtils_Name: Ashu Talif Crew
  Type: Simple NPC
  XYZR: 9.000, -22.500, 23.000, 131
  Mask: 00001111
        |  0  1  2  3  4  5  6  7  8  9  A  B  C  D  E  F      | 0123456789ABCDEF
    -----------------------------------------------------  ----------------------
      0 | 0E 24 54 01 0E C0 03 01 0E 00 0F 83 00 00 10 41    0 | .$T............A
      1 | 00 00 B4 C1 00 00 B8 41 07 00 00 00 28 28 64 00    1 | .......A....((d.
      2 | 00 83 08 00 00 11 00 00 00 00 00 08 00 00 00 00    2 | ................
      3 | 05 00 6C 07 41 73 68 75 54 61 6C 69 66 43 72 65    3 | ..l.AshuTalifCre
      4 | 77 00 00 00 00 00 00 00 -- -- -- -- -- -- -- --    4 | w.......--------

NPC ID: 17022995
  Name: AshuTalifCrew
  POLUtils_Name: Ashu Talif Crew
  Type: Simple NPC
  XYZR: 9.000, -22.500, 18.000, 131
  Mask: 00001111
        |  0  1  2  3  4  5  6  7  8  9  A  B  C  D  E  F      | 0123456789ABCDEF
    -----------------------------------------------------  ----------------------
      0 | 0E 24 13 02 13 C0 03 01 13 00 0F 83 00 00 10 41    0 | .$.............A
      1 | 00 00 B4 C1 00 00 90 41 07 00 00 00 28 28 64 00    1 | .......A....((d.
      2 | 00 83 08 00 00 11 00 00 00 00 00 08 00 00 00 00    2 | ................
      3 | 05 00 6A 07 41 73 68 75 54 61 6C 69 66 43 72 65    3 | ..j.AshuTalifCre
      4 | 77 00 00 00 00 00 00 00 -- -- -- -- -- -- -- --    4 | w.......--------

NPC ID: 17022992
  Name: AshuTalifCrew
  POLUtils_Name: Ashu Talif Crew
  Type: Simple NPC
  XYZR: 9.000, -22.500, 21.000, 131
  Mask: 00001111
        |  0  1  2  3  4  5  6  7  8  9  A  B  C  D  E  F      | 0123456789ABCDEF
    -----------------------------------------------------  ----------------------
      0 | 0E 24 13 02 10 C0 03 01 10 00 0F 83 00 00 10 41    0 | .$.............A
      1 | 00 00 B4 C1 00 00 A8 41 07 00 00 00 28 28 64 00    1 | .......A....((d.
      2 | 00 83 08 00 00 11 00 00 00 00 00 08 00 00 00 00    2 | ................
      3 | 05 00 6A 07 41 73 68 75 54 61 6C 69 66 43 72 65    3 | ..j.AshuTalifCre
      4 | 77 00 00 00 00 00 00 00 -- -- -- -- -- -- -- --    4 | w.......--------

NPC ID: 17023001
  Name: AshuTalifCrew
  POLUtils_Name: Ashu Talif Crew
  Type: Simple NPC
  XYZR: -9.000, -22.500, 18.000, 250
  Mask: 00001111
        |  0  1  2  3  4  5  6  7  8  9  A  B  C  D  E  F      | 0123456789ABCDEF
    -----------------------------------------------------  ----------------------
      0 | 0E 24 13 02 19 C0 03 01 19 00 0F FA 00 00 10 C1    0 | .$..............
      1 | 00 00 B4 C1 00 00 90 41 07 00 00 00 28 28 64 00    1 | .......A....((d.
      2 | 00 83 08 00 00 11 00 00 00 00 00 08 00 00 00 00    2 | ................
      3 | 05 00 6A 07 41 73 68 75 54 61 6C 69 66 43 72 65    3 | ..j.AshuTalifCre
      4 | 77 00 00 00 00 00 00 00 -- -- -- -- -- -- -- --    4 | w.......--------

NPC ID: 17022991
  Name: AshuTalifCrew
  POLUtils_Name: Ashu Talif Crew
  Type: Simple NPC
  XYZR: 9.000, -22.500, 22.000, 131
  Mask: 00001111
        |  0  1  2  3  4  5  6  7  8  9  A  B  C  D  E  F      | 0123456789ABCDEF
    -----------------------------------------------------  ----------------------
      0 | 0E 24 AC 02 0F C0 03 01 0F 00 0F 83 00 00 10 41    0 | .$.............A
      1 | 00 00 B4 C1 00 00 B0 41 07 00 00 00 28 28 64 00    1 | .......A....((d.
      2 | 00 83 08 00 00 11 00 00 00 00 00 08 00 00 00 00    2 | ................
      3 | 05 00 6B 07 41 73 68 75 54 61 6C 69 66 43 72 65    3 | ..k.AshuTalifCre
      4 | 77 00 00 00 00 00 00 00 -- -- -- -- -- -- -- --    4 | w.......--------

NPC ID: 17022993
  Name: AshuTalifCrew
  POLUtils_Name: Ashu Talif Crew
  Type: Simple NPC
  XYZR: 9.000, -22.500, 20.000, 131
  Mask: 00001111
        |  0  1  2  3  4  5  6  7  8  9  A  B  C  D  E  F      | 0123456789ABCDEF
    -----------------------------------------------------  ----------------------
      0 | 0E 24 D9 02 11 C0 03 01 11 00 0F 83 00 00 10 41    0 | .$.............A
      1 | 00 00 B4 C1 00 00 A0 41 07 00 00 00 28 28 64 00    1 | .......A....((d.
      2 | 00 83 08 00 00 11 00 00 00 00 00 08 00 00 00 00    2 | ................
      3 | 05 00 6C 07 41 73 68 75 54 61 6C 69 66 43 72 65    3 | ..l.AshuTalifCre
      4 | 77 00 00 00 00 00 00 00 -- -- -- -- -- -- -- --    4 | w.......--------

NPC ID: 17022997
  Name: AshuTalifCrew
  POLUtils_Name: Ashu Talif Crew
  Type: Simple NPC
  XYZR: -9.000, -22.500, 22.000, 250
  Mask: 00001111
        |  0  1  2  3  4  5  6  7  8  9  A  B  C  D  E  F      | 0123456789ABCDEF
    -----------------------------------------------------  ----------------------
      0 | 0E 24 0A 03 15 C0 03 01 15 00 0F FA 00 00 10 C1    0 | .$..............
      1 | 00 00 B4 C1 00 00 B0 41 06 00 00 00 28 28 64 00    1 | .......A....((d.
      2 | 00 83 08 00 00 11 00 00 00 00 00 08 00 00 00 00    2 | ................
      3 | 05 00 6B 07 41 73 68 75 54 61 6C 69 66 43 72 65    3 | ..k.AshuTalifCre
      4 | 77 00 00 00 00 00 00 00 -- -- -- -- -- -- -- --    4 | w.......--------

NPC ID: 17023009
  Name: SwiftwingedGek
  POLUtils_Name: Swiftwinged Gekko
  Type: Simple NPC
  XYZR: 0.000, -22.500, 18.000, 57
  Mask: 00001111
        |  0  1  2  3  4  5  6  7  8  9  A  B  C  D  E  F      | 0123456789ABCDEF
    -----------------------------------------------------  ----------------------
      0 | 0E 24 E8 03 21 C0 03 01 21 00 0F 39 00 00 00 00    0 | .$..!...!..9....
      1 | 00 00 B4 C1 00 00 90 41 06 00 00 00 40 40 64 00    1 | .......A....@@d.
      2 | 00 9B 08 00 00 0C 00 20 00 00 04 08 00 00 00 00    2 | ....... ........
      3 | 00 00 BE 06 53 77 69 66 74 77 69 6E 67 65 64 47    3 | ....SwiftwingedG
      4 | 65 6B 00 00 00 00 00 00 -- -- -- -- -- -- -- --    4 | ek......--------

NPC ID: 17023005
  Name: WatchImp
  POLUtils_Name: Watch Imp
  Type: Simple NPC
  XYZR: -6.630, -22.558, 11.154, 225
  Mask: 00001111
        |  0  1  2  3  4  5  6  7  8  9  A  B  C  D  E  F      | 0123456789ABCDEF
    -----------------------------------------------------  ----------------------
      0 | 0E 20 25 04 1D C0 03 01 1D 00 0F E1 F6 28 D4 C0    0 | . %..........(..
      1 | C9 76 B4 C1 C9 76 32 41 07 00 00 00 40 40 64 00    1 | .v...v2A....@@d.
      2 | 01 85 00 00 00 0D 00 00 00 00 04 00 00 00 00 00    2 | ................
      3 | 00 00 BE 06 57 61 74 63 68 49 6D 70 00 00 00 00    3 | ....WatchImp....

NPC ID: 17023007
  Name: WatchImp
  POLUtils_Name: Watch Imp
  Type: Simple NPC
  XYZR: 7.336, -22.500, 24.735, 94
  Mask: 00001111
        |  0  1  2  3  4  5  6  7  8  9  A  B  C  D  E  F      | 0123456789ABCDEF
    -----------------------------------------------------  ----------------------
      0 | 0E 20 6C 04 1F C0 03 01 1F 00 0F 5E 83 C0 EA 40    0 | . l........^...@
      1 | 00 00 B4 C1 48 E1 C5 41 07 00 00 00 40 40 64 00    1 | ....H..A....@@d.
      2 | 01 85 00 00 00 0D 00 00 00 00 04 00 00 00 00 00    2 | ................
      3 | 00 00 BE 06 57 61 74 63 68 49 6D 70 00 00 00 00    3 | ....WatchImp....

NPC ID: 17023006
  Name: WatchImp
  POLUtils_Name: Watch Imp
  Type: Simple NPC
  XYZR: -7.711, -22.500, 24.785, 33
  Mask: 00001111
        |  0  1  2  3  4  5  6  7  8  9  A  B  C  D  E  F      | 0123456789ABCDEF
    -----------------------------------------------------  ----------------------
      0 | 0E 20 6C 04 1E C0 03 01 1E 00 0F 21 83 C0 F6 C0    0 | . l........!....
      1 | 00 00 B4 C1 AE 47 C6 41 07 00 00 00 40 40 64 00    1 | .....G.A....@@d.
      2 | 01 85 00 00 00 0D 00 00 00 00 04 00 00 00 00 00    2 | ................
      3 | 00 00 BE 06 57 61 74 63 68 49 6D 70 00 00 00 00    3 | ....WatchImp....

NPC ID: 17023008
  Name: WatchImp
  POLUtils_Name: Watch Imp
  Type: Simple NPC
  XYZR: 8.708, -22.500, 9.064, 166
  Mask: 00001111
        |  0  1  2  3  4  5  6  7  8  9  A  B  C  D  E  F      | 0123456789ABCDEF
    -----------------------------------------------------  ----------------------
      0 | 0E 20 B8 04 20 C0 03 01 20 00 0F A6 F8 53 0B 41    0 | . .. ... ....S.A
      1 | 00 00 B4 C1 25 06 11 41 06 00 00 00 40 40 64 00    1 | ....%..A....@@d.
      2 | 01 85 00 00 00 0D 00 00 00 00 04 00 00 00 00 00    2 | ................
      3 | 00 00 BE 06 57 61 74 63 68 49 6D 70 00 00 00 00    3 | ....WatchImp....

NPC ID: 17023002
  Name: AshuTalifCrew
  POLUtils_Name: Ashu Talif Crew
  Type: Simple NPC
  XYZR: -4.199, -22.500, 13.000, 222
  Mask: 00001111
        |  0  1  2  3  4  5  6  7  8  9  A  B  C  D  E  F      | 0123456789ABCDEF
    -----------------------------------------------------  ----------------------
      0 | 0E 24 6F 08 1A C0 03 01 1A 00 0F DE 35 5E 86 C0    0 | .$o.........5^..
      1 | 00 00 B4 C1 00 00 50 41 07 00 00 00 28 28 64 00    1 | ......PA....((d.
      2 | 00 83 08 00 00 11 00 00 00 00 00 08 00 00 00 00    2 | ................
      3 | 05 00 6C 07 41 73 68 75 54 61 6C 69 66 43 72 65    3 | ..l.AshuTalifCre
      4 | 77 00 00 00 00 00 00 00 -- -- -- -- -- -- -- --    4 | w.......--------

NPC ID: 17023058
  Name: _1o1
  POLUtils_Name: Door: Great Cabin
  Type: Simple NPC
  XYZR: 0.000, -24.152, -38.000, 0
  Mask: 00000111
        |  0  1  2  3  4  5  6  7  8  9  A  B  C  D  E  F      | 0123456789ABCDEF
    -----------------------------------------------------  ----------------------
      0 | 0E 20 A8 0D 52 C0 03 01 52 00 07 00 00 00 00 00    0 | . ..R...R.......
      1 | 4C 37 C1 C1 00 00 18 C2 01 00 00 00 32 32 64 09    1 | L7..........22d.
      2 | 00 03 18 00 00 00 00 00 00 00 00 00 00 00 00 00    2 | ................
      3 | 02 00 00 00 5F 31 6F 31 00 00 00 00 00 00 00 00    3 | ...._1o1........

NPC ID: 17023010
  Name: AncientLockbox
  POLUtils_Name: Ancient Lockbox
  Type: Simple NPC
  XYZR: -2.000, -22.000, 18.000, 192
  Mask: 00001111
        |  0  1  2  3  4  5  6  7  8  9  A  B  C  D  E  F      | 0123456789ABCDEF
    -----------------------------------------------------  ----------------------
      0 | 0E 24 98 05 22 C0 03 01 22 00 0F C0 00 00 00 C0    0 | .$.."...".......
      1 | 00 00 B0 C1 00 00 90 41 07 00 00 00 28 28 64 00    1 | .......A....((d.
      2 | 02 83 06 00 00 0C 00 00 00 00 08 00 00 00 00 00    2 | ................
      3 | 00 00 C0 03 41 6E 63 69 65 6E 74 4C 6F 63 6B 62    3 | ....AncientLockb
      4 | 6F 78 00 00 00 00 00 00 -- -- -- -- -- -- -- --    4 | ox......--------

NPC ID: 17023025
  Name: AncientLockbox
  POLUtils_Name: Ancient Lockbox
  Type: Simple NPC
  XYZR: 2.000, -22.000, 18.000, 192
  Mask: 00001111
        |  0  1  2  3  4  5  6  7  8  9  A  B  C  D  E  F      | 0123456789ABCDEF
    -----------------------------------------------------  ----------------------
      0 | 0E 24 0B 00 31 C0 03 01 31 00 0F C0 00 00 00 40    0 | .$..1...1......@
      1 | 00 00 B0 C1 00 00 90 41 06 00 00 00 28 28 64 00    1 | .......A....((d.
      2 | 02 83 06 00 00 0C 00 00 00 00 08 00 00 00 00 00    2 | ................
      3 | 00 00 C0 03 41 6E 63 69 65 6E 74 4C 6F 63 6B 62    3 | ....AncientLockb
      4 | 6F 78 00 00 00 00 00 00 -- -- -- -- -- -- -- --    4 | ox......--------

NPC ID: 17023024
  Name: AncientLockbox
  POLUtils_Name: Ancient Lockbox
  Type: Simple NPC
  XYZR: -2.000, -22.000, 18.000, 192
  Mask: 00001111
        |  0  1  2  3  4  5  6  7  8  9  A  B  C  D  E  F      | 0123456789ABCDEF
    -----------------------------------------------------  ----------------------
      0 | 0E 24 0C 00 30 C0 03 01 30 00 0F C0 00 00 00 C0    0 | .$..0...0.......
      1 | 00 00 B0 C1 00 00 90 41 06 00 00 00 28 28 64 00    1 | .......A....((d.
      2 | 02 83 06 00 00 0C 00 00 00 00 08 00 00 00 00 00    2 | ................
      3 | 00 00 C0 03 41 6E 63 69 65 6E 74 4C 6F 63 6B 62    3 | ....AncientLockb
      4 | 6F 78 00 00 00 00 00 00 -- -- -- -- -- -- -- --    4 | ox......--------

NPC ID: 17023011
  Name: Faluuya
  POLUtils_Name: Faluuya
  Type: Simple NPC
  XYZR: -4.000, -22.500, 18.000, 0
  Mask: 00001111
        |  0  1  2  3  4  5  6  7  8  9  A  B  C  D  E  F      | 0123456789ABCDEF
    -----------------------------------------------------  ----------------------
      0 | 0E 20 0C 00 23 C0 03 01 23 00 0F 00 00 00 80 C0    0 | . ..#...#.......
      1 | 00 00 B4 C1 00 00 90 41 06 00 00 00 28 28 64 00    1 | .......A....((d.
      2 | 01 9B 00 00 00 11 00 20 00 01 00 00 00 00 00 00    2 | ....... ........
      3 | 05 00 5B 07 46 61 6C 75 75 79 61 00 00 00 00 00    3 | ..[.Faluuya.....

NPC ID: 17023034
  Name: AncientLockbox
  POLUtils_Name: Ancient Lockbox
  Type: Simple NPC
  XYZR: 0.000, -22.000, 18.000, 192
  Mask: 00001111
        |  0  1  2  3  4  5  6  7  8  9  A  B  C  D  E  F      | 0123456789ABCDEF
    -----------------------------------------------------  ----------------------
      0 | 0E 24 0B 00 3A C0 03 01 3A 00 0F C0 00 00 00 00    0 | .$..:...:.......
      1 | 00 00 B0 C1 00 00 90 41 07 00 00 00 28 28 64 00    1 | .......A....((d.
      2 | 02 83 06 00 00 0C 00 00 00 00 08 00 00 00 00 00    2 | ................
      3 | 00 00 C0 03 41 6E 63 69 65 6E 74 4C 6F 63 6B 62    3 | ....AncientLockb
      4 | 6F 78 00 00 00 00 00 00 -- -- -- -- -- -- -- --    4 | ox......--------

NPC ID: 17023060
  Name: _1o3
  POLUtils_Name: FX_TEST_1o3
  Type: Simple NPC
  XYZR: 17.971, -24.021, 3.625, 0
  Mask: 00000111
        |  0  1  2  3  4  5  6  7  8  9  A  B  C  D  E  F      | 0123456789ABCDEF
    -----------------------------------------------------  ----------------------
      0 | 0E 20 0B 00 54 C0 03 01 54 00 07 00 9C C4 8F 41    0 | . ..T...T......A
      1 | 02 2B C0 C1 00 00 68 40 01 00 00 00 32 32 64 09    1 | .+....h@....22d.
      2 | 02 03 18 00 00 00 00 00 00 00 00 00 00 00 00 00    2 | ................
      3 | 02 00 00 00 5F 31 6F 33 00 00 00 00 00 00 00 00    3 | ...._1o3........

NPC ID: 17023059
  Name: _1o2
  POLUtils_Name: Gate: Lifeboat
  Type: Simple NPC
  XYZR: 15.824, -22.747, -1.999, 0
  Mask: 00000111
        |  0  1  2  3  4  5  6  7  8  9  A  B  C  D  E  F      | 0123456789ABCDEF
    -----------------------------------------------------  ----------------------
      0 | 0E 20 0B 00 53 C0 03 01 53 00 07 00 1B 2F 7D 41    0 | . ..S...S..../}A
      1 | DB F9 B5 C1 3B DF FF BF 01 00 00 00 32 32 64 09    1 | ....;.......22d.
      2 | 00 03 18 00 00 00 00 00 00 00 00 00 00 00 00 00    2 | ................
      3 | 02 00 00 00 5F 31 6F 32 00 00 00 00 00 00 00 00    3 | ...._1o2........

NPC ID: 17023056
  Name: ???
  POLUtils_Name: ???
  Type: Simple NPC
  XYZR: -0.346, -22.000, 13.286, 40
  Mask: 00001111
        |  0  1  2  3  4  5  6  7  8  9  A  B  C  D  E  F      | 0123456789ABCDEF
    -----------------------------------------------------  ----------------------
      0 | 0E 1E 0B 00 50 C0 03 01 50 00 0F 28 E9 26 B1 BE    0 | ....P...P..(.&..
      1 | 00 00 B0 C1 75 93 54 41 01 00 00 00 32 32 64 00    1 | ....u.TA....22d.
      2 | 00 03 08 00 00 00 00 00 00 00 00 00 00 00 00 00    2 | ................
      3 | 00 00 34 00 3F 3F 3F 00 00 00 00 00 -- -- -- --    3 | ..4.???.....----

NPC ID: 17023057
  Name: _1o0
  POLUtils_Name: Door: Cargo Hold
  Type: Simple NPC
  XYZR: -8.004, -24.000, -0.375, 0
  Mask: 00000111
        |  0  1  2  3  4  5  6  7  8  9  A  B  C  D  E  F      | 0123456789ABCDEF
    -----------------------------------------------------  ----------------------
      0 | 0E 20 0B 00 51 C0 03 01 51 00 07 00 62 10 00 C1    0 | . ..Q...Q...b...
      1 | 00 00 C0 C1 00 00 C0 BE 01 00 00 00 32 32 64 09    1 | ............22d.
      2 | 00 03 18 00 00 00 00 00 00 00 00 00 00 00 00 00    2 | ................
      3 | 02 00 00 00 5F 31 6F 30 00 00 00 00 00 00 00 00    3 | ...._1o0........

NPC ID: 17023000
  Name: AshuTalifCrew
  POLUtils_Name: Ashu Talif Crew
  Type: Simple NPC
  XYZR: -9.000, -22.500, 19.000, 250
  Mask: 00001111
        |  0  1  2  3  4  5  6  7  8  9  A  B  C  D  E  F      | 0123456789ABCDEF
    -----------------------------------------------------  ----------------------
      0 | 0E 24 42 00 18 C0 03 01 18 00 0F FA 00 00 10 C1    0 | .$B.............
      1 | 00 00 B4 C1 00 00 98 41 06 00 00 00 28 28 64 00    1 | .......A....((d.
      2 | 00 83 08 00 00 11 00 00 00 00 00 08 00 00 00 00    2 | ................
      3 | 05 00 6B 07 41 73 68 75 54 61 6C 69 66 43 72 65    3 | ..k.AshuTalifCre
      4 | 77 00 00 00 00 00 00 00 -- -- -- -- -- -- -- --    4 | w.......--------

NPC ID: 17023004
  Name: AshuTalifCrew
  POLUtils_Name: Ashu Talif Crew
  Type: Simple NPC
  XYZR: -4.000, -22.500, 11.000, 214
  Mask: 00001111
        |  0  1  2  3  4  5  6  7  8  9  A  B  C  D  E  F      | 0123456789ABCDEF
    -----------------------------------------------------  ----------------------
      0 | 0E 24 42 00 1C C0 03 01 1C 00 0F D6 00 00 80 C0    0 | .$B.............
      1 | 00 00 B4 C1 00 00 30 41 06 00 00 00 28 28 64 00    1 | ......0A....((d.
      2 | 00 83 08 00 00 11 00 00 00 00 00 08 00 00 00 00    2 | ................
      3 | 05 00 6A 07 41 73 68 75 54 61 6C 69 66 43 72 65    3 | ..j.AshuTalifCre
      4 | 77 00 00 00 00 00 00 00 -- -- -- -- -- -- -- --    4 | w.......--------

NPC ID: 17022996
  Name: AshuTalifCrew
  POLUtils_Name: Ashu Talif Crew
  Type: Simple NPC
  XYZR: -9.000, -22.500, 23.000, 250
  Mask: 00001111
        |  0  1  2  3  4  5  6  7  8  9  A  B  C  D  E  F      | 0123456789ABCDEF
    -----------------------------------------------------  ----------------------
      0 | 0E 24 42 00 14 C0 03 01 14 00 0F FA 00 00 10 C1    0 | .$B.............
      1 | 00 00 B4 C1 00 00 B8 41 06 00 00 00 28 28 64 00    1 | .......A....((d.
      2 | 00 83 08 00 00 11 00 00 00 00 00 08 00 00 00 00    2 | ................
      3 | 05 00 6C 07 41 73 68 75 54 61 6C 69 66 43 72 65    3 | ..l.AshuTalifCre
      4 | 77 00 00 00 00 00 00 00 -- -- -- -- -- -- -- --    4 | w.......--------

NPC ID: 17022999
  Name: AshuTalifCrew
  POLUtils_Name: Ashu Talif Crew
  Type: Simple NPC
  XYZR: -9.000, -22.500, 20.000, 250
  Mask: 00001111
        |  0  1  2  3  4  5  6  7  8  9  A  B  C  D  E  F      | 0123456789ABCDEF
    -----------------------------------------------------  ----------------------
      0 | 0E 24 C5 01 17 C0 03 01 17 00 0F FA 00 00 10 C1    0 | .$..............
      1 | 00 00 B4 C1 00 00 A0 41 06 00 00 00 28 28 64 00    1 | .......A....((d.
      2 | 00 83 08 00 00 11 00 00 00 00 00 08 00 00 00 00    2 | ................
      3 | 05 00 6C 07 41 73 68 75 54 61 6C 69 66 43 72 65    3 | ..l.AshuTalifCre
      4 | 77 00 00 00 00 00 00 00 -- -- -- -- -- -- -- --    4 | w.......--------

NPC ID: 17023003
  Name: AshuTalifCrew
  POLUtils_Name: Ashu Talif Crew
  Type: Simple NPC
  XYZR: -4.000, -22.500, 12.000, 214
  Mask: 00001111
        |  0  1  2  3  4  5  6  7  8  9  A  B  C  D  E  F      | 0123456789ABCDEF
    -----------------------------------------------------  ----------------------
      0 | 0E 24 C5 01 1B C0 03 01 1B 00 0F D6 00 00 80 C0    0 | .$..............
      1 | 00 00 B4 C1 00 00 40 41 06 00 00 00 28 28 64 00    1 | ......@A....((d.
      2 | 00 83 08 00 00 11 00 00 00 00 00 08 00 00 00 00    2 | ................
      3 | 05 00 6B 07 41 73 68 75 54 61 6C 69 66 43 72 65    3 | ..k.AshuTalifCre
      4 | 77 00 00 00 00 00 00 00 -- -- -- -- -- -- -- --    4 | w.......--------

NPC ID: 17022990
  Name: AshuTalifCrew
  POLUtils_Name: Ashu Talif Crew
  Type: Simple NPC
  XYZR: 9.000, -22.500, 23.000, 131
  Mask: 00001111
        |  0  1  2  3  4  5  6  7  8  9  A  B  C  D  E  F      | 0123456789ABCDEF
    -----------------------------------------------------  ----------------------
      0 | 0E 24 C5 01 0E C0 03 01 0E 00 0F 83 00 00 10 41    0 | .$.............A
      1 | 00 00 B4 C1 00 00 B8 41 06 00 00 00 28 28 64 00    1 | .......A....((d.
      2 | 00 83 08 00 00 11 00 00 00 00 00 08 00 00 00 00    2 | ................
      3 | 05 00 6C 07 41 73 68 75 54 61 6C 69 66 43 72 65    3 | ..l.AshuTalifCre
      4 | 77 00 00 00 00 00 00 00 -- -- -- -- -- -- -- --    4 | w.......--------

NPC ID: 17022994
  Name: AshuTalifCrew
  POLUtils_Name: Ashu Talif Crew
  Type: Simple NPC
  XYZR: 9.000, -22.500, 19.000, 131
  Mask: 00001111
        |  0  1  2  3  4  5  6  7  8  9  A  B  C  D  E  F      | 0123456789ABCDEF
    -----------------------------------------------------  ----------------------
      0 | 0E 24 C5 01 12 C0 03 01 12 00 0F 83 00 00 10 41    0 | .$.............A
      1 | 00 00 B4 C1 00 00 98 41 06 00 00 00 28 28 64 00    1 | .......A....((d.
      2 | 00 83 08 00 00 11 00 00 00 00 00 08 00 00 00 00    2 | ................
      3 | 05 00 6B 07 41 73 68 75 54 61 6C 69 66 43 72 65    3 | ..k.AshuTalifCre
      4 | 77 00 00 00 00 00 00 00 -- -- -- -- -- -- -- --    4 | w.......--------

NPC ID: 17022998
  Name: AshuTalifCrew
  POLUtils_Name: Ashu Talif Crew
  Type: Simple NPC
  XYZR: -9.000, -22.500, 21.000, 250
  Mask: 00001111
        |  0  1  2  3  4  5  6  7  8  9  A  B  C  D  E  F      | 0123456789ABCDEF
    -----------------------------------------------------  ----------------------
      0 | 0E 24 C5 01 16 C0 03 01 16 00 0F FA 00 00 10 C1    0 | .$..............
      1 | 00 00 B4 C1 00 00 A8 41 06 00 00 00 28 28 64 00    1 | .......A....((d.
      2 | 00 83 08 00 00 11 00 00 00 00 00 08 00 00 00 00    2 | ................
      3 | 05 00 6A 07 41 73 68 75 54 61 6C 69 66 43 72 65    3 | ..j.AshuTalifCre
      4 | 77 00 00 00 00 00 00 00 -- -- -- -- -- -- -- --    4 | w.......--------

NPC ID: 17025024
  Name: Carbuncle
  POLUtils_Name: Carbuncle
  Type: Simple NPC
  XYZR: -6.669, -31.500, 46.637, 62
  Mask: 00001111
        |  0  1  2  3  4  5  6  7  8  9  A  B  C  D  E  F      | 0123456789ABCDEF
    -----------------------------------------------------  ----------------------
      0 | 0E 22 13 02 00 C8 03 01 00 07 0F 3E 73 68 D5 C0    0 | .".........>sh..
      1 | 00 00 FC C1 4A 8C 3A 42 00 00 00 00 00 32 64 00    1 | ....J.:B.....2d.
      2 | 00 99 00 00 00 08 00 28 04 01 00 00 00 00 00 00    2 | .......(........
      3 | 00 00 10 00 43 61 72 62 75 6E 63 6C 65 00 00 00    3 | ....Carbuncle...
      4 | 00 00 00 00 -- -- -- -- -- -- -- -- -- -- -- --    4 | ....------------

NPC ID: 17023001
  Name: AshuTalifCrew
  POLUtils_Name: Ashu Talif Crew
  Type: Simple NPC
  XYZR: -9.000, -22.500, 18.000, 250
  Mask: 00001111
        |  0  1  2  3  4  5  6  7  8  9  A  B  C  D  E  F      | 0123456789ABCDEF
    -----------------------------------------------------  ----------------------
      0 | 0E 24 0F 04 19 C0 03 01 19 00 0F FA 00 00 10 C1    0 | .$..............
      1 | 00 00 B4 C1 00 00 90 41 06 00 00 00 28 28 64 00    1 | .......A....((d.
      2 | 00 83 08 00 00 11 00 00 00 00 00 08 00 00 00 00    2 | ................
      3 | 05 00 6A 07 41 73 68 75 54 61 6C 69 66 43 72 65    3 | ..j.AshuTalifCre
      4 | 77 00 00 00 00 00 00 00 -- -- -- -- -- -- -- --    4 | w.......--------

NPC ID: 17022992
  Name: AshuTalifCrew
  POLUtils_Name: Ashu Talif Crew
  Type: Simple NPC
  XYZR: 9.000, -22.500, 21.000, 131
  Mask: 00001111
        |  0  1  2  3  4  5  6  7  8  9  A  B  C  D  E  F      | 0123456789ABCDEF
    -----------------------------------------------------  ----------------------
      0 | 0E 24 0F 04 10 C0 03 01 10 00 0F 83 00 00 10 41    0 | .$.............A
      1 | 00 00 B4 C1 00 00 A8 41 06 00 00 00 28 28 64 00    1 | .......A....((d.
      2 | 00 83 08 00 00 11 00 00 00 00 00 08 00 00 00 00    2 | ................
      3 | 05 00 6A 07 41 73 68 75 54 61 6C 69 66 43 72 65    3 | ..j.AshuTalifCre
      4 | 77 00 00 00 00 00 00 00 -- -- -- -- -- -- -- --    4 | w.......--------

NPC ID: 17022995
  Name: AshuTalifCrew
  POLUtils_Name: Ashu Talif Crew
  Type: Simple NPC
  XYZR: 9.000, -22.500, 18.000, 131
  Mask: 00001111
        |  0  1  2  3  4  5  6  7  8  9  A  B  C  D  E  F      | 0123456789ABCDEF
    -----------------------------------------------------  ----------------------
      0 | 0E 24 0F 04 13 C0 03 01 13 00 0F 83 00 00 10 41    0 | .$.............A
      1 | 00 00 B4 C1 00 00 90 41 06 00 00 00 28 28 64 00    1 | .......A....((d.
      2 | 00 83 08 00 00 11 00 00 00 00 00 08 00 00 00 00    2 | ................
      3 | 05 00 6A 07 41 73 68 75 54 61 6C 69 66 43 72 65    3 | ..j.AshuTalifCre
      4 | 77 00 00 00 00 00 00 00 -- -- -- -- -- -- -- --    4 | w.......--------

NPC ID: 17022991
  Name: AshuTalifCrew
  POLUtils_Name: Ashu Talif Crew
  Type: Simple NPC
  XYZR: 9.000, -22.500, 22.000, 131
  Mask: 00001111
        |  0  1  2  3  4  5  6  7  8  9  A  B  C  D  E  F      | 0123456789ABCDEF
    -----------------------------------------------------  ----------------------
      0 | 0E 24 24 04 0F C0 03 01 0F 00 0F 83 00 00 10 41    0 | .$$............A
      1 | 00 00 B4 C1 00 00 B0 41 06 00 00 00 28 28 64 00    1 | .......A....((d.
      2 | 00 83 08 00 00 11 00 00 00 00 00 08 00 00 00 00    2 | ................
      3 | 05 00 6B 07 41 73 68 75 54 61 6C 69 66 43 72 65    3 | ..k.AshuTalifCre
      4 | 77 00 00 00 00 00 00 00 -- -- -- -- -- -- -- --    4 | w.......--------

NPC ID: 17022997
  Name: AshuTalifCrew
  POLUtils_Name: Ashu Talif Crew
  Type: Simple NPC
  XYZR: -9.000, -22.500, 22.000, 250
  Mask: 00001111
        |  0  1  2  3  4  5  6  7  8  9  A  B  C  D  E  F      | 0123456789ABCDEF
    -----------------------------------------------------  ----------------------
      0 | 0E 24 3B 05 15 C0 03 01 15 00 0F FA 00 00 10 C1    0 | .$;.............
      1 | 00 00 B4 C1 00 00 B0 41 07 00 00 00 28 28 64 00    1 | .......A....((d.
      2 | 00 83 08 00 00 11 00 00 00 00 00 08 00 00 00 00    2 | ................
      3 | 05 00 6B 07 41 73 68 75 54 61 6C 69 66 43 72 65    3 | ..k.AshuTalifCre
      4 | 77 00 00 00 00 00 00 00 -- -- -- -- -- -- -- --    4 | w.......--------

NPC ID: 17022993
  Name: AshuTalifCrew
  POLUtils_Name: Ashu Talif Crew
  Type: Simple NPC
  XYZR: 9.000, -22.500, 20.000, 131
  Mask: 00001111
        |  0  1  2  3  4  5  6  7  8  9  A  B  C  D  E  F      | 0123456789ABCDEF
    -----------------------------------------------------  ----------------------
      0 | 0E 24 AF 05 11 C0 03 01 11 00 0F 83 00 00 10 41    0 | .$.............A
      1 | 00 00 B4 C1 00 00 A0 41 07 00 00 00 28 28 64 00    1 | .......A....((d.
      2 | 00 83 08 00 00 11 00 00 00 00 00 08 00 00 00 00    2 | ................
      3 | 05 00 6C 07 41 73 68 75 54 61 6C 69 66 43 72 65    3 | ..l.AshuTalifCre
      4 | 77 00 00 00 00 00 00 00 -- -- -- -- -- -- -- --    4 | w.......--------

NPC ID: 17023009
  Name: SwiftwingedGek
  POLUtils_Name: Swiftwinged Gekko
  Type: Simple NPC
  XYZR: 0.000, -22.500, 18.000, 57
  Mask: 00001111
        |  0  1  2  3  4  5  6  7  8  9  A  B  C  D  E  F      | 0123456789ABCDEF
    -----------------------------------------------------  ----------------------
      0 | 0E 24 0A 08 21 C0 03 01 21 00 0F 39 00 00 00 00    0 | .$..!...!..9....
      1 | 00 00 B4 C1 00 00 90 41 07 00 00 00 40 40 64 00    1 | .......A....@@d.
      2 | 00 9B 08 00 00 0C 00 20 00 00 04 08 00 00 00 00    2 | ....... ........
      3 | 00 00 BE 06 53 77 69 66 74 77 69 6E 67 65 64 47    3 | ....SwiftwingedG
      4 | 65 6B 00 00 00 00 00 00 -- -- -- -- -- -- -- --    4 | ek......--------

NPC ID: 17023005
  Name: WatchImp
  POLUtils_Name: Watch Imp
  Type: Simple NPC
  XYZR: -6.630, -22.558, 11.154, 225
  Mask: 00001111
        |  0  1  2  3  4  5  6  7  8  9  A  B  C  D  E  F      | 0123456789ABCDEF
    -----------------------------------------------------  ----------------------
      0 | 0E 20 5D 08 1D C0 03 01 1D 00 0F E1 F6 28 D4 C0    0 | . ]..........(..
      1 | C9 76 B4 C1 C9 76 32 41 07 00 00 00 40 40 64 00    1 | .v...v2A....@@d.
      2 | 01 85 00 00 00 0D 00 00 00 00 04 00 00 00 00 00    2 | ................
      3 | 00 00 BE 06 57 61 74 63 68 49 6D 70 00 00 00 00    3 | ....WatchImp....

NPC ID: 17023007
  Name: WatchImp
  POLUtils_Name: Watch Imp
  Type: Simple NPC
  XYZR: 7.336, -22.500, 24.735, 94
  Mask: 00001111
        |  0  1  2  3  4  5  6  7  8  9  A  B  C  D  E  F      | 0123456789ABCDEF
    -----------------------------------------------------  ----------------------
      0 | 0E 20 6F 09 1F C0 03 01 1F 00 0F 5E 83 C0 EA 40    0 | . o........^...@
      1 | 00 00 B4 C1 48 E1 C5 41 07 00 00 00 40 40 64 00    1 | ....H..A....@@d.
      2 | 01 85 00 00 00 0D 00 00 00 00 04 00 00 00 00 00    2 | ................
      3 | 00 00 BE 06 57 61 74 63 68 49 6D 70 00 00 00 00    3 | ....WatchImp....

NPC ID: 17023006
  Name: WatchImp
  POLUtils_Name: Watch Imp
  Type: Simple NPC
  XYZR: -7.711, -22.500, 24.785, 33
  Mask: 00001111
        |  0  1  2  3  4  5  6  7  8  9  A  B  C  D  E  F      | 0123456789ABCDEF
    -----------------------------------------------------  ----------------------
      0 | 0E 20 6F 09 1E C0 03 01 1E 00 0F 21 83 C0 F6 C0    0 | . o........!....
      1 | 00 00 B4 C1 AE 47 C6 41 07 00 00 00 40 40 64 00    1 | .....G.A....@@d.
      2 | 01 85 00 00 00 0D 00 00 00 00 04 00 00 00 00 00    2 | ................
      3 | 00 00 BE 06 57 61 74 63 68 49 6D 70 00 00 00 00    3 | ....WatchImp....

NPC ID: 17023008
  Name: WatchImp
  POLUtils_Name: Watch Imp
  Type: Simple NPC
  XYZR: 8.708, -22.500, 9.064, 166
  Mask: 00001111
        |  0  1  2  3  4  5  6  7  8  9  A  B  C  D  E  F      | 0123456789ABCDEF
    -----------------------------------------------------  ----------------------
      0 | 0E 20 06 0A 20 C0 03 01 20 00 0F A6 F8 53 0B 41    0 | . .. ... ....S.A
      1 | 00 00 B4 C1 25 06 11 41 07 00 00 00 40 40 64 00    1 | ....%..A....@@d.
      2 | 01 85 00 00 00 0D 00 00 00 00 04 00 00 00 00 00    2 | ................
      3 | 00 00 BE 06 57 61 74 63 68 49 6D 70 00 00 00 00    3 | ....WatchImp....

NPC ID: 17023057
  Name: _1o0
  POLUtils_Name: Door: Cargo Hold
  Type: Simple NPC
  XYZR: -8.004, -24.000, -0.375, 0
  Mask: 00000111
        |  0  1  2  3  4  5  6  7  8  9  A  B  C  D  E  F      | 0123456789ABCDEF
    -----------------------------------------------------  ----------------------
      0 | 0E 20 0A 00 51 C0 03 01 51 00 07 00 62 10 00 C1    0 | . ..Q...Q...b...
      1 | 00 00 C0 C1 00 00 C0 BE 01 00 00 00 32 32 64 09    1 | ............22d.
      2 | 00 03 18 00 00 00 00 00 00 00 00 00 00 00 00 00    2 | ................
      3 | 02 00 00 00 5F 31 6F 30 00 00 00 00 00 00 00 00    3 | ...._1o0........

NPC ID: 17023056
  Name: ???
  POLUtils_Name: ???
  Type: Simple NPC
  XYZR: -0.346, -22.000, 13.286, 40
  Mask: 00001111
        |  0  1  2  3  4  5  6  7  8  9  A  B  C  D  E  F      | 0123456789ABCDEF
    -----------------------------------------------------  ----------------------
      0 | 0E 1E 0A 00 50 C0 03 01 50 00 0F 28 E9 26 B1 BE    0 | ....P...P..(.&..
      1 | 00 00 B0 C1 75 93 54 41 01 00 00 00 32 32 64 00    1 | ....u.TA....22d.
      2 | 00 03 08 00 00 00 00 00 00 00 00 00 00 00 00 00    2 | ................
      3 | 00 00 34 00 3F 3F 3F 00 00 00 00 00 -- -- -- --    3 | ..4.???.....----

NPC ID: 17023034
  Name: AncientLockbox
  POLUtils_Name: Ancient Lockbox
  Type: Simple NPC
  XYZR: 0.000, -22.000, 18.000, 192
  Mask: 00001111
        |  0  1  2  3  4  5  6  7  8  9  A  B  C  D  E  F      | 0123456789ABCDEF
    -----------------------------------------------------  ----------------------
      0 | 0E 24 0A 00 3A C0 03 01 3A 00 0F C0 00 00 00 00    0 | .$..:...:.......
      1 | 00 00 B0 C1 00 00 90 41 06 00 00 00 28 28 64 00    1 | .......A....((d.
      2 | 02 83 06 00 00 0C 00 00 00 00 08 00 00 00 00 00    2 | ................
      3 | 00 00 C0 03 41 6E 63 69 65 6E 74 4C 6F 63 6B 62    3 | ....AncientLockb
      4 | 6F 78 00 00 00 00 00 00 -- -- -- -- -- -- -- --    4 | ox......--------

NPC ID: 17023059
  Name: _1o2
  POLUtils_Name: Gate: Lifeboat
  Type: Simple NPC
  XYZR: 15.824, -22.747, -1.999, 0
  Mask: 00000111
        |  0  1  2  3  4  5  6  7  8  9  A  B  C  D  E  F      | 0123456789ABCDEF
    -----------------------------------------------------  ----------------------
      0 | 0E 20 0A 00 53 C0 03 01 53 00 07 00 1B 2F 7D 41    0 | . ..S...S..../}A
      1 | DB F9 B5 C1 3B DF FF BF 01 00 00 00 32 32 64 09    1 | ....;.......22d.
      2 | 00 03 18 00 00 00 00 00 00 00 00 00 00 00 00 00    2 | ................
      3 | 02 00 00 00 5F 31 6F 32 00 00 00 00 00 00 00 00    3 | ...._1o2........

NPC ID: 17023060
  Name: _1o3
  POLUtils_Name: FX_TEST_1o3
  Type: Simple NPC
  XYZR: 17.971, -24.021, 3.625, 0
  Mask: 00000111
        |  0  1  2  3  4  5  6  7  8  9  A  B  C  D  E  F      | 0123456789ABCDEF
    -----------------------------------------------------  ----------------------
      0 | 0E 20 0A 00 54 C0 03 01 54 00 07 00 9C C4 8F 41    0 | . ..T...T......A
      1 | 02 2B C0 C1 00 00 68 40 01 00 00 00 32 32 64 09    1 | .+....h@....22d.
      2 | 02 03 18 00 00 00 00 00 00 00 00 00 00 00 00 00    2 | ................
      3 | 02 00 00 00 5F 31 6F 33 00 00 00 00 00 00 00 00    3 | ...._1o3........

NPC ID: 17023004
  Name: AshuTalifCrew
  POLUtils_Name: Ashu Talif Crew
  Type: Simple NPC
  XYZR: -4.000, -22.500, 11.000, 214
  Mask: 00001111
        |  0  1  2  3  4  5  6  7  8  9  A  B  C  D  E  F      | 0123456789ABCDEF
    -----------------------------------------------------  ----------------------
      0 | 0E 24 44 00 1C C0 03 01 1C 00 0F D6 00 00 80 C0    0 | .$D.............
      1 | 00 00 B4 C1 00 00 30 41 06 00 00 00 28 28 64 00    1 | ......0A....((d.
      2 | 00 83 08 00 00 11 00 00 00 00 00 08 00 00 00 00    2 | ................
      3 | 05 00 6A 07 41 73 68 75 54 61 6C 69 66 43 72 65    3 | ..j.AshuTalifCre
      4 | 77 00 00 00 00 00 00 00 -- -- -- -- -- -- -- --    4 | w.......--------

NPC ID: 17022996
  Name: AshuTalifCrew
  POLUtils_Name: Ashu Talif Crew
  Type: Simple NPC
  XYZR: -9.000, -22.500, 23.000, 250
  Mask: 00001111
        |  0  1  2  3  4  5  6  7  8  9  A  B  C  D  E  F      | 0123456789ABCDEF
    -----------------------------------------------------  ----------------------
      0 | 0E 24 44 00 14 C0 03 01 14 00 0F FA 00 00 10 C1    0 | .$D.............
      1 | 00 00 B4 C1 00 00 B8 41 06 00 00 00 28 28 64 00    1 | .......A....((d.
      2 | 00 83 08 00 00 11 00 00 00 00 00 08 00 00 00 00    2 | ................
      3 | 05 00 6C 07 41 73 68 75 54 61 6C 69 66 43 72 65    3 | ..l.AshuTalifCre
      4 | 77 00 00 00 00 00 00 00 -- -- -- -- -- -- -- --    4 | w.......--------

NPC ID: 17023000
  Name: AshuTalifCrew
  POLUtils_Name: Ashu Talif Crew
  Type: Simple NPC
  XYZR: -9.000, -22.500, 19.000, 250
  Mask: 00001111
        |  0  1  2  3  4  5  6  7  8  9  A  B  C  D  E  F      | 0123456789ABCDEF
    -----------------------------------------------------  ----------------------
      0 | 0E 24 44 00 18 C0 03 01 18 00 0F FA 00 00 10 C1    0 | .$D.............
      1 | 00 00 B4 C1 00 00 98 41 06 00 00 00 28 28 64 00    1 | .......A....((d.
      2 | 00 83 08 00 00 11 00 00 00 00 00 08 00 00 00 00    2 | ................
      3 | 05 00 6B 07 41 73 68 75 54 61 6C 69 66 43 72 65    3 | ..k.AshuTalifCre
      4 | 77 00 00 00 00 00 00 00 -- -- -- -- -- -- -- --    4 | w.......--------

NPC ID: 17023003
  Name: AshuTalifCrew
  POLUtils_Name: Ashu Talif Crew
  Type: Simple NPC
  XYZR: -4.000, -22.500, 12.000, 214
  Mask: 00001111
        |  0  1  2  3  4  5  6  7  8  9  A  B  C  D  E  F      | 0123456789ABCDEF
    -----------------------------------------------------  ----------------------
      0 | 0E 24 3C 01 1B C0 03 01 1B 00 0F D6 00 00 80 C0    0 | .$<.............
      1 | 00 00 B4 C1 00 00 40 41 07 00 00 00 28 28 64 00    1 | ......@A....((d.
      2 | 00 83 08 00 00 11 00 00 00 00 00 08 00 00 00 00    2 | ................
      3 | 05 00 6B 07 41 73 68 75 54 61 6C 69 66 43 72 65    3 | ..k.AshuTalifCre
      4 | 77 00 00 00 00 00 00 00 -- -- -- -- -- -- -- --    4 | w.......--------

NPC ID: 17022999
  Name: AshuTalifCrew
  POLUtils_Name: Ashu Talif Crew
  Type: Simple NPC
  XYZR: -9.000, -22.500, 20.000, 250
  Mask: 00001111
        |  0  1  2  3  4  5  6  7  8  9  A  B  C  D  E  F      | 0123456789ABCDEF
    -----------------------------------------------------  ----------------------
      0 | 0E 24 3C 01 17 C0 03 01 17 00 0F FA 00 00 10 C1    0 | .$<.............
      1 | 00 00 B4 C1 00 00 A0 41 07 00 00 00 28 28 64 00    1 | .......A....((d.
      2 | 00 83 08 00 00 11 00 00 00 00 00 08 00 00 00 00    2 | ................
      3 | 05 00 6C 07 41 73 68 75 54 61 6C 69 66 43 72 65    3 | ..l.AshuTalifCre
      4 | 77 00 00 00 00 00 00 00 -- -- -- -- -- -- -- --    4 | w.......--------

NPC ID: 17022998
  Name: AshuTalifCrew
  POLUtils_Name: Ashu Talif Crew
  Type: Simple NPC
  XYZR: -9.000, -22.500, 21.000, 250
  Mask: 00001111
        |  0  1  2  3  4  5  6  7  8  9  A  B  C  D  E  F      | 0123456789ABCDEF
    -----------------------------------------------------  ----------------------
      0 | 0E 24 3C 01 16 C0 03 01 16 00 0F FA 00 00 10 C1    0 | .$<.............
      1 | 00 00 B4 C1 00 00 A8 41 07 00 00 00 28 28 64 00    1 | .......A....((d.
      2 | 00 83 08 00 00 11 00 00 00 00 00 08 00 00 00 00    2 | ................
      3 | 05 00 6A 07 41 73 68 75 54 61 6C 69 66 43 72 65    3 | ..j.AshuTalifCre
      4 | 77 00 00 00 00 00 00 00 -- -- -- -- -- -- -- --    4 | w.......--------

NPC ID: 17022990
  Name: AshuTalifCrew
  POLUtils_Name: Ashu Talif Crew
  Type: Simple NPC
  XYZR: 9.000, -22.500, 23.000, 131
  Mask: 00001111
        |  0  1  2  3  4  5  6  7  8  9  A  B  C  D  E  F      | 0123456789ABCDEF
    -----------------------------------------------------  ----------------------
      0 | 0E 24 3C 01 0E C0 03 01 0E 00 0F 83 00 00 10 41    0 | .$<............A
      1 | 00 00 B4 C1 00 00 B8 41 07 00 00 00 28 28 64 00    1 | .......A....((d.
      2 | 00 83 08 00 00 11 00 00 00 00 00 08 00 00 00 00    2 | ................
      3 | 05 00 6C 07 41 73 68 75 54 61 6C 69 66 43 72 65    3 | ..l.AshuTalifCre
      4 | 77 00 00 00 00 00 00 00 -- -- -- -- -- -- -- --    4 | w.......--------

NPC ID: 17022994
  Name: AshuTalifCrew
  POLUtils_Name: Ashu Talif Crew
  Type: Simple NPC
  XYZR: 9.000, -22.500, 19.000, 131
  Mask: 00001111
        |  0  1  2  3  4  5  6  7  8  9  A  B  C  D  E  F      | 0123456789ABCDEF
    -----------------------------------------------------  ----------------------
      0 | 0E 24 3C 01 12 C0 03 01 12 00 0F 83 00 00 10 41    0 | .$<............A
      1 | 00 00 B4 C1 00 00 98 41 07 00 00 00 28 28 64 00    1 | .......A....((d.
      2 | 00 83 08 00 00 11 00 00 00 00 00 08 00 00 00 00    2 | ................
      3 | 05 00 6B 07 41 73 68 75 54 61 6C 69 66 43 72 65    3 | ..k.AshuTalifCre
      4 | 77 00 00 00 00 00 00 00 -- -- -- -- -- -- -- --    4 | w.......--------

NPC ID: 17023001
  Name: AshuTalifCrew
  POLUtils_Name: Ashu Talif Crew
  Type: Simple NPC
  XYZR: -9.000, -22.500, 18.000, 250
  Mask: 00001111
        |  0  1  2  3  4  5  6  7  8  9  A  B  C  D  E  F      | 0123456789ABCDEF
    -----------------------------------------------------  ----------------------
      0 | 0E 24 EA 01 19 C0 03 01 19 00 0F FA 00 00 10 C1    0 | .$..............
      1 | 00 00 B4 C1 00 00 90 41 06 00 00 00 28 28 64 00    1 | .......A....((d.
      2 | 00 83 08 00 00 11 00 00 00 00 00 08 00 00 00 00    2 | ................
      3 | 05 00 6A 07 41 73 68 75 54 61 6C 69 66 43 72 65    3 | ..j.AshuTalifCre
      4 | 77 00 00 00 00 00 00 00 -- -- -- -- -- -- -- --    4 | w.......--------

NPC ID: 17022995
  Name: AshuTalifCrew
  POLUtils_Name: Ashu Talif Crew
  Type: Simple NPC
  XYZR: 9.000, -22.500, 18.000, 131
  Mask: 00001111
        |  0  1  2  3  4  5  6  7  8  9  A  B  C  D  E  F      | 0123456789ABCDEF
    -----------------------------------------------------  ----------------------
      0 | 0E 24 EA 01 13 C0 03 01 13 00 0F 83 00 00 10 41    0 | .$.............A
      1 | 00 00 B4 C1 00 00 90 41 06 00 00 00 28 28 64 00    1 | .......A....((d.
      2 | 00 83 08 00 00 11 00 00 00 00 00 08 00 00 00 00    2 | ................
      3 | 05 00 6A 07 41 73 68 75 54 61 6C 69 66 43 72 65    3 | ..j.AshuTalifCre
      4 | 77 00 00 00 00 00 00 00 -- -- -- -- -- -- -- --    4 | w.......--------

NPC ID: 17022992
  Name: AshuTalifCrew
  POLUtils_Name: Ashu Talif Crew
  Type: Simple NPC
  XYZR: 9.000, -22.500, 21.000, 131
  Mask: 00001111
        |  0  1  2  3  4  5  6  7  8  9  A  B  C  D  E  F      | 0123456789ABCDEF
    -----------------------------------------------------  ----------------------
      0 | 0E 24 EA 01 10 C0 03 01 10 00 0F 83 00 00 10 41    0 | .$.............A
      1 | 00 00 B4 C1 00 00 A8 41 06 00 00 00 28 28 64 00    1 | .......A....((d.
      2 | 00 83 08 00 00 11 00 00 00 00 00 08 00 00 00 00    2 | ................
      3 | 05 00 6A 07 41 73 68 75 54 61 6C 69 66 43 72 65    3 | ..j.AshuTalifCre
      4 | 77 00 00 00 00 00 00 00 -- -- -- -- -- -- -- --    4 | w.......--------

NPC ID: 17022993
  Name: AshuTalifCrew
  POLUtils_Name: Ashu Talif Crew
  Type: Simple NPC
  XYZR: 9.000, -22.500, 20.000, 131
  Mask: 00001111
        |  0  1  2  3  4  5  6  7  8  9  A  B  C  D  E  F      | 0123456789ABCDEF
    -----------------------------------------------------  ----------------------
      0 | 0E 24 B1 02 11 C0 03 01 11 00 0F 83 00 00 10 41    0 | .$.............A
      1 | 00 00 B4 C1 00 00 A0 41 06 00 00 00 28 28 64 00    1 | .......A....((d.
      2 | 00 83 08 00 00 11 00 00 00 00 00 08 00 00 00 00    2 | ................
      3 | 05 00 6C 07 41 73 68 75 54 61 6C 69 66 43 72 65    3 | ..l.AshuTalifCre
      4 | 77 00 00 00 00 00 00 00 -- -- -- -- -- -- -- --    4 | w.......--------

NPC ID: 17022991
  Name: AshuTalifCrew
  POLUtils_Name: Ashu Talif Crew
  Type: Simple NPC
  XYZR: 9.000, -22.500, 22.000, 131
  Mask: 00001111
        |  0  1  2  3  4  5  6  7  8  9  A  B  C  D  E  F      | 0123456789ABCDEF
    -----------------------------------------------------  ----------------------
      0 | 0E 24 D0 02 0F C0 03 01 0F 00 0F 83 00 00 10 41    0 | .$.............A
      1 | 00 00 B4 C1 00 00 B0 41 06 00 00 00 28 28 64 00    1 | .......A....((d.
      2 | 00 83 08 00 00 11 00 00 00 00 00 08 00 00 00 00    2 | ................
      3 | 05 00 6B 07 41 73 68 75 54 61 6C 69 66 43 72 65    3 | ..k.AshuTalifCre
      4 | 77 00 00 00 00 00 00 00 -- -- -- -- -- -- -- --    4 | w.......--------

NPC ID: 17022997
  Name: AshuTalifCrew
  POLUtils_Name: Ashu Talif Crew
  Type: Simple NPC
  XYZR: -9.000, -22.500, 22.000, 250
  Mask: 00001111
        |  0  1  2  3  4  5  6  7  8  9  A  B  C  D  E  F      | 0123456789ABCDEF
    -----------------------------------------------------  ----------------------
      0 | 0E 24 D5 02 15 C0 03 01 15 00 0F FA 00 00 10 C1    0 | .$..............
      1 | 00 00 B4 C1 00 00 B0 41 06 00 00 00 28 28 64 00    1 | .......A....((d.
      2 | 00 83 08 00 00 11 00 00 00 00 00 08 00 00 00 00    2 | ................
      3 | 05 00 6B 07 41 73 68 75 54 61 6C 69 66 43 72 65    3 | ..k.AshuTalifCre
      4 | 77 00 00 00 00 00 00 00 -- -- -- -- -- -- -- --    4 | w.......--------

NPC ID: 17023009
  Name: SwiftwingedGek
  POLUtils_Name: Swiftwinged Gekko
  Type: Simple NPC
  XYZR: 0.000, -22.500, 18.000, 57
  Mask: 00001111
        |  0  1  2  3  4  5  6  7  8  9  A  B  C  D  E  F      | 0123456789ABCDEF
    -----------------------------------------------------  ----------------------
      0 | 0E 24 56 04 21 C0 03 01 21 00 0F 39 00 00 00 00    0 | .$V.!...!..9....
      1 | 00 00 B4 C1 00 00 90 41 06 00 00 00 40 40 64 00    1 | .......A....@@d.
      2 | 00 9B 08 00 00 0C 00 20 00 00 04 08 00 00 00 00    2 | ....... ........
      3 | 00 00 BE 06 53 77 69 66 74 77 69 6E 67 65 64 47    3 | ....SwiftwingedG
      4 | 65 6B 00 00 00 00 00 00 -- -- -- -- -- -- -- --    4 | ek......--------

NPC ID: 17023005
  Name: WatchImp
  POLUtils_Name: Watch Imp
  Type: Simple NPC
  XYZR: -6.630, -22.558, 11.154, 225
  Mask: 00001111
        |  0  1  2  3  4  5  6  7  8  9  A  B  C  D  E  F      | 0123456789ABCDEF
    -----------------------------------------------------  ----------------------
      0 | 0E 20 AC 04 1D C0 03 01 1D 00 0F E1 F6 28 D4 C0    0 | . ...........(..
      1 | C9 76 B4 C1 C9 76 32 41 06 00 00 00 40 40 64 00    1 | .v...v2A....@@d.
      2 | 01 85 00 00 00 0D 00 00 00 00 04 00 00 00 00 00    2 | ................
      3 | 00 00 BE 06 57 61 74 63 68 49 6D 70 00 00 00 00    3 | ....WatchImp....

NPC ID: 17023007
  Name: WatchImp
  POLUtils_Name: Watch Imp
  Type: Simple NPC
  XYZR: 7.336, -22.500, 24.735, 94
  Mask: 00001111
        |  0  1  2  3  4  5  6  7  8  9  A  B  C  D  E  F      | 0123456789ABCDEF
    -----------------------------------------------------  ----------------------
      0 | 0E 20 12 05 1F C0 03 01 1F 00 0F 5E 83 C0 EA 40    0 | . .........^...@
      1 | 00 00 B4 C1 48 E1 C5 41 06 00 00 00 40 40 64 00    1 | ....H..A....@@d.
      2 | 01 85 00 00 00 0D 00 00 00 00 04 00 00 00 00 00    2 | ................
      3 | 00 00 BE 06 57 61 74 63 68 49 6D 70 00 00 00 00    3 | ....WatchImp....

NPC ID: 17023006
  Name: WatchImp
  POLUtils_Name: Watch Imp
  Type: Simple NPC
  XYZR: -7.711, -22.500, 24.785, 33
  Mask: 00001111
        |  0  1  2  3  4  5  6  7  8  9  A  B  C  D  E  F      | 0123456789ABCDEF
    -----------------------------------------------------  ----------------------
      0 | 0E 20 12 05 1E C0 03 01 1E 00 0F 21 83 C0 F6 C0    0 | . .........!....
      1 | 00 00 B4 C1 AE 47 C6 41 06 00 00 00 40 40 64 00    1 | .....G.A....@@d.
      2 | 01 85 00 00 00 0D 00 00 00 00 04 00 00 00 00 00    2 | ................
      3 | 00 00 BE 06 57 61 74 63 68 49 6D 70 00 00 00 00    3 | ....WatchImp....

NPC ID: 17023008
  Name: WatchImp
  POLUtils_Name: Watch Imp
  Type: Simple NPC
  XYZR: 8.708, -22.500, 9.064, 166
  Mask: 00001111
        |  0  1  2  3  4  5  6  7  8  9  A  B  C  D  E  F      | 0123456789ABCDEF
    -----------------------------------------------------  ----------------------
      0 | 0E 20 72 05 20 C0 03 01 20 00 0F A6 F8 53 0B 41    0 | . r. ... ....S.A
      1 | 00 00 B4 C1 25 06 11 41 07 00 00 00 40 40 64 00    1 | ....%..A....@@d.
      2 | 01 85 00 00 00 0D 00 00 00 00 04 00 00 00 00 00    2 | ................
      3 | 00 00 BE 06 57 61 74 63 68 49 6D 70 00 00 00 00    3 | ....WatchImp....

NPC ID: 17023002
  Name: AshuTalifCrew
  POLUtils_Name: Ashu Talif Crew
  Type: Simple NPC
  XYZR: -4.199, -22.500, 13.000, 222
  Mask: 00001111
        |  0  1  2  3  4  5  6  7  8  9  A  B  C  D  E  F      | 0123456789ABCDEF
    -----------------------------------------------------  ----------------------
      0 | 0E 24 45 09 1A C0 03 01 1A 00 0F DE 35 5E 86 C0    0 | .$E.........5^..
      1 | 00 00 B4 C1 00 00 50 41 06 00 00 00 28 28 64 00    1 | ......PA....((d.
      2 | 00 83 08 00 00 11 00 00 00 00 00 08 00 00 00 00    2 | ................
      3 | 05 00 6C 07 41 73 68 75 54 61 6C 69 66 43 72 65    3 | ..l.AshuTalifCre
      4 | 77 00 00 00 00 00 00 00 -- -- -- -- -- -- -- --    4 | w.......--------

NPC ID: 17023010
  Name: AncientLockbox
  POLUtils_Name: Ancient Lockbox
  Type: Simple NPC
  XYZR: -2.000, -22.000, 18.000, 192
  Mask: 00001111
        |  0  1  2  3  4  5  6  7  8  9  A  B  C  D  E  F      | 0123456789ABCDEF
    -----------------------------------------------------  ----------------------
      0 | 0E 24 12 0D 22 C0 03 01 22 00 0F C0 00 00 00 C0    0 | .$.."...".......
      1 | 00 00 B0 C1 00 00 90 41 07 00 00 00 28 28 64 00    1 | .......A....((d.
      2 | 02 83 06 00 00 0C 00 00 00 00 08 00 00 00 00 00    2 | ................
      3 | 00 00 C0 03 41 6E 63 69 65 6E 74 4C 6F 63 6B 62    3 | ....AncientLockb
      4 | 6F 78 00 00 00 00 00 00 -- -- -- -- -- -- -- --    4 | ox......--------

NPC ID: 17023058
  Name: _1o1
  POLUtils_Name: Door: Great Cabin
  Type: Simple NPC
  XYZR: 0.000, -24.152, -38.000, 0
  Mask: 00000111
        |  0  1  2  3  4  5  6  7  8  9  A  B  C  D  E  F      | 0123456789ABCDEF
    -----------------------------------------------------  ----------------------
      0 | 0E 20 7B 0F 52 C0 03 01 52 00 07 00 00 00 00 00    0 | . {.R...R.......
      1 | 4C 37 C1 C1 00 00 18 C2 01 00 00 00 32 32 64 09    1 | L7..........22d.
      2 | 00 03 18 00 00 00 00 00 00 00 00 00 00 00 00 00    2 | ................
      3 | 02 00 00 00 5F 31 6F 31 00 00 00 00 00 00 00 00    3 | ...._1o1........

