NPC ID: 17275158
  Name: X-32
  POLUtils_Name: X-32
  Type: Simple NPC
  XYZR: -459.786, 2.385, -479.618, 191
  Mask: 00001111
        |  0  1  2  3  4  5  6  7  8  9  A  B  C  D  E  F      | 0123456789ABCDEF
    -----------------------------------------------------  ----------------------
      0 | 0E 1E 0A 00 16 99 07 01 16 08 0F BF 9C E4 E5 C3    0 | ................
      1 | D7 A3 18 40 1B CF EF C3 00 00 00 00 00 32 64 00    1 | ...@.........2d.
      2 | 00 99 00 00 00 08 00 28 00 01 00 00 00 00 00 00    2 | .......(........
      3 | 06 00 BF 07 58 2D 33 32 00 00 00 00 -- -- -- --    3 | ....X-32....----

NPC ID: 17273400
  Name: Ramblix
  POLUtils_Name: Ramblix
  Type: Simple NPC
  XYZR: -428.864, -0.137, -443.629, 225
  Mask: 00001111
        |  0  1  2  3  4  5  6  7  8  9  A  B  C  D  E  F      | 0123456789ABCDEF
    -----------------------------------------------------  ----------------------
      0 | 0E 20 0A 00 38 92 07 01 38 02 0F E1 98 6E D6 C3    0 | . ..8...8....n..
      1 | BA 49 0C BE 83 D0 DD C3 00 00 00 00 32 32 64 00    1 | .I..........22d.
      2 | 06 1B 00 00 00 00 00 20 00 00 00 00 00 00 00 00    2 | ....... ........
      3 | 00 00 55 00 52 61 6D 62 6C 69 78 00 00 00 00 00    3 | ..U.Ramblix.....

NPC ID: 17273401
  Name: GoblinFootprin
  POLUtils_Name: Goblin Footprint
  Type: Simple NPC
  XYZR: -428.864, -0.137, -443.629, 225
  Mask: 00001111
        |  0  1  2  3  4  5  6  7  8  9  A  B  C  D  E  F      | 0123456789ABCDEF
    -----------------------------------------------------  ----------------------
      0 | 0E 24 0A 00 39 92 07 01 39 02 0F E1 98 6E D6 C3    0 | .$..9...9....n..
      1 | BA 49 0C BE 83 D0 DD C3 01 00 00 00 32 32 64 00    1 | .I..........22d.
      2 | 00 03 00 00 00 00 00 00 00 00 00 00 00 00 00 00    2 | ................
      3 | 00 00 34 00 47 6F 62 6C 69 6E 46 6F 6F 74 70 72    3 | ..4.GoblinFootpr
      4 | 69 6E 00 00 00 00 00 00 -- -- -- -- -- -- -- --    4 | in......--------

NPC ID: 17273421
  Name: FieldManual
  POLUtils_Name: Field Manual
  Type: Simple NPC
  XYZR: -461.454, 0.990, -461.800, 125
  Mask: 00001111
        |  0  1  2  3  4  5  6  7  8  9  A  B  C  D  E  F      | 0123456789ABCDEF
    -----------------------------------------------------  ----------------------
      0 | 0E 22 0A 00 4D 92 07 01 4D 02 0F 7D 1D BA E6 C3    0 | ."..M...M..}....
      1 | A4 70 7D 3F 66 E6 E6 C3 10 00 00 00 32 32 64 00    1 | .p}?f.......22d.
      2 | 00 03 00 00 00 00 00 00 00 00 08 20 00 00 00 00    2 | ........... ....
      3 | 00 00 F2 08 46 69 65 6C 64 4D 61 6E 75 61 6C 00    3 | ....FieldManual.
      4 | 00 00 00 00 -- -- -- -- -- -- -- -- -- -- -- --    4 | ....------------

NPC ID: 17272843
  Name: GoblinGambler
  POLUtils_Name: Goblin Gambler
  Type: Simple NPC
  XYZR: -388.995, -0.137, -420.486, 154
  Mask: 00001111
        |  0  1  2  3  4  5  6  7  8  9  A  B  C  D  E  F      | 0123456789ABCDEF
    -----------------------------------------------------  ----------------------
      0 | 0E 24 15 00 0B 90 07 01 0B 00 0F 9A 5C 7F C2 C3    0 | .$..........\\...
      1 | BA 49 0C BE 35 3E D2 C3 55 00 00 00 28 28 64 00    1 | .I..5>..U...((d.
      2 | 01 83 00 00 00 0C 00 00 00 00 00 00 00 00 00 00    2 | ................
      3 | 00 00 EE 01 47 6F 62 6C 69 6E 47 61 6D 62 6C 65    3 | ....GoblinGamble
      4 | 72 00 00 00 00 00 00 00 -- -- -- -- -- -- -- --    4 | r.......--------

NPC ID: 17272842
  Name: GoblinMugger
  POLUtils_Name: Goblin Mugger
  Type: Simple NPC
  XYZR: -391.826, -0.117, -412.500, 169
  Mask: 00001111
        |  0  1  2  3  4  5  6  7  8  9  A  B  C  D  E  F      | 0123456789ABCDEF
    -----------------------------------------------------  ----------------------
      0 | 0E 22 15 00 0A 90 07 01 0A 00 0F A9 BA E9 C3 C3    0 | ."..............
      1 | B2 9D EF BD 00 40 CE C3 F5 01 00 00 28 28 64 00    1 | .....@......((d.
      2 | 01 83 00 00 00 0C 00 00 00 00 00 00 00 00 00 00    2 | ................
      3 | 00 00 E5 01 47 6F 62 6C 69 6E 4D 75 67 67 65 72    3 | ....GoblinMugger
      4 | 00 00 00 00 -- -- -- -- -- -- -- -- -- -- -- --    4 | ....------------

NPC ID: 17272840
  Name: GoblinMugger
  POLUtils_Name: Goblin Mugger
  Type: Simple NPC
  XYZR: -392.735, -0.157, -409.415, 48
  Mask: 00001111
        |  0  1  2  3  4  5  6  7  8  9  A  B  C  D  E  F      | 0123456789ABCDEF
    -----------------------------------------------------  ----------------------
      0 | 0E 22 15 00 08 90 07 01 08 00 0F 30 14 5E C4 C3    0 | .".........0.^..
      1 | 9C C4 20 BE 1F B5 CC C3 C0 01 00 00 28 28 64 00    1 | .. .........((d.
      2 | 01 83 00 00 00 0C 00 00 00 00 00 00 00 00 00 00    2 | ................
      3 | 00 00 E5 01 47 6F 62 6C 69 6E 4D 75 67 67 65 72    3 | ....GoblinMugger
      4 | 00 00 00 00 -- -- -- -- -- -- -- -- -- -- -- --    4 | ....------------

NPC ID: 17272846
  Name: AncientBat
  POLUtils_Name: Ancient Bat
  Type: Simple NPC
  XYZR: -385.016, -0.157, -428.503, 13
  Mask: 00001111
        |  0  1  2  3  4  5  6  7  8  9  A  B  C  D  E  F      | 0123456789ABCDEF
    -----------------------------------------------------  ----------------------
      0 | 0E 22 16 00 0E 90 07 01 0E 00 0F 0D 0C 82 C0 C3    0 | ."..............
      1 | 9C C4 20 BE 62 40 D6 C3 ED 00 00 00 28 28 64 00    1 | .. .b@......((d.
      2 | 07 83 06 00 00 0C 00 00 00 00 08 00 00 00 00 00    2 | ................
      3 | 00 00 00 01 41 6E 63 69 65 6E 74 42 61 74 00 00    3 | ....AncientBat..
      4 | 00 00 00 00 -- -- -- -- -- -- -- -- -- -- -- --    4 | ....------------

NPC ID: 17272845
  Name: AncientBat
  POLUtils_Name: Ancient Bat
  Type: Simple NPC
  XYZR: -374.473, -0.680, -420.811, 233
  Mask: 00001111
        |  0  1  2  3  4  5  6  7  8  9  A  B  C  D  E  F      | 0123456789ABCDEF
    -----------------------------------------------------  ----------------------
      0 | 0E 22 1A 00 0D 90 07 01 0D 00 0F E9 8B 3C BB C3    0 | ."...........<..
      1 | 7B 14 2E BF CF 67 D2 C3 58 01 00 00 28 28 64 00    1 | {....g..X...((d.
      2 | 07 83 06 00 00 0C 00 00 00 00 08 00 00 00 00 00    2 | ................
      3 | 00 00 00 01 41 6E 63 69 65 6E 74 42 61 74 00 00    3 | ....AncientBat..
      4 | 00 00 00 00 -- -- -- -- -- -- -- -- -- -- -- --    4 | ....------------

NPC ID: 17272841
  Name: GoblinMugger
  POLUtils_Name: Goblin Mugger
  Type: Simple NPC
  XYZR: -322.121, -0.232, -408.487, 142
  Mask: 00001111
        |  0  1  2  3  4  5  6  7  8  9  A  B  C  D  E  F      | 0123456789ABCDEF
    -----------------------------------------------------  ----------------------
      0 | 0E 22 31 00 09 90 07 01 09 00 0F 8E 7D 0F A1 C3    0 | ."1.........}...
      1 | 68 91 6D BE 56 3E CC C3 C7 01 00 00 28 28 64 00    1 | h.m.V>......((d.
      2 | 01 83 00 00 00 0C 00 00 00 00 00 00 00 00 00 00    2 | ................
      3 | 00 00 E5 01 47 6F 62 6C 69 6E 4D 75 67 67 65 72    3 | ....GoblinMugger
      4 | 00 00 00 00 -- -- -- -- -- -- -- -- -- -- -- --    4 | ....------------

NPC ID: 17272844
  Name: AncientBat
  POLUtils_Name: Ancient Bat
  Type: Simple NPC
  XYZR: -322.792, -0.476, -395.973, 241
  Mask: 00001111
        |  0  1  2  3  4  5  6  7  8  9  A  B  C  D  E  F      | 0123456789ABCDEF
    -----------------------------------------------------  ----------------------
      0 | 0E 22 33 00 0C 90 07 01 0C 00 0F F1 60 65 A1 C3    0 | ."3.........`e..
      1 | 46 B6 F3 BE 8B FC C5 C3 58 01 00 00 28 28 64 00    1 | F.......X...((d.
      2 | 07 83 06 00 00 0C 00 00 00 00 08 00 00 00 00 00    2 | ................
      3 | 00 00 00 01 41 6E 63 69 65 6E 74 42 61 74 00 00    3 | ....AncientBat..
      4 | 00 00 00 00 -- -- -- -- -- -- -- -- -- -- -- --    4 | ....------------

NPC ID: 17273226
  Name: Myxomycete
  POLUtils_Name: Myxomycete
  Type: Simple NPC
  XYZR: -237.132, -0.500, -397.282, 231
  Mask: 00001111
        |  0  1  2  3  4  5  6  7  8  9  A  B  C  D  E  F      | 0123456789ABCDEF
    -----------------------------------------------------  ----------------------
      0 | 0E 22 4B 00 8A 91 07 01 8A 01 0F E7 CB 21 6D C3    0 | ."K..........!m.
      1 | 00 00 00 BF 19 A4 C6 C3 A8 11 00 00 28 28 00 03    1 | ............((..
      2 | 07 83 00 00 00 0F 00 00 00 00 00 00 A4 94 0A 00    2 | ................
      3 | 00 00 78 01 4D 79 78 6F 6D 79 63 65 74 65 00 00    3 | ..x.Myxomycete..
      4 | 00 00 00 00 -- -- -- -- -- -- -- -- -- -- -- --    4 | ....------------

NPC ID: 17272850
  Name: GoblinGambler
  POLUtils_Name: Goblin Gambler
  Type: Simple NPC
  XYZR: -216.650, 0.118, -405.118, 106
  Mask: 00001111
        |  0  1  2  3  4  5  6  7  8  9  A  B  C  D  E  F      | 0123456789ABCDEF
    -----------------------------------------------------  ----------------------
      0 | 0E 24 51 00 12 90 07 01 12 00 0F 6A 66 A6 58 C3    0 | .$Q........jf.X.
      1 | FC A9 F1 3D 1B 8F CA C3 FC 01 00 00 28 28 64 00    1 | ...=........((d.
      2 | 01 83 00 00 00 0C 00 00 00 00 00 00 00 00 00 00    2 | ................
      3 | 00 00 EE 01 47 6F 62 6C 69 6E 47 61 6D 62 6C 65    3 | ....GoblinGamble
      4 | 72 00 00 00 00 00 00 00 -- -- -- -- -- -- -- --    4 | r.......--------

NPC ID: 17272946
  Name: GoobbueParasit
  POLUtils_Name: Goobbue Parasite
  Type: Simple NPC
  XYZR: -215.863, 0.821, -392.495, 34
  Mask: 00001111
        |  0  1  2  3  4  5  6  7  8  9  A  B  C  D  E  F      | 0123456789ABCDEF
    -----------------------------------------------------  ----------------------
      0 | 0E 24 51 00 72 90 07 01 72 00 0F 22 EE DC 57 C3    0 | .$Q.r...r.."..W.
      1 | 0E 2D 52 3F 5C 3F C4 C3 BA 01 00 00 28 28 64 00    1 | .-R?\\?......((d.
      2 | 01 83 00 00 00 0B 00 00 00 00 00 00 00 00 00 00    2 | ................
      3 | 00 00 15 01 47 6F 6F 62 62 75 65 50 61 72 61 73    3 | ....GoobbueParas
      4 | 69 74 00 00 00 00 00 00 -- -- -- -- -- -- -- --    4 | it......--------

NPC ID: 17272853
  Name: AncientBat
  POLUtils_Name: Ancient Bat
  Type: Simple NPC
  XYZR: -244.154, -0.327, -353.959, 226
  Mask: 00001111
        |  0  1  2  3  4  5  6  7  8  9  A  B  C  D  E  F      | 0123456789ABCDEF
    -----------------------------------------------------  ----------------------
      0 | 0E 22 51 00 15 90 07 01 15 00 0F E2 6D 27 74 C3    0 | ."Q.........m't.
      1 | 8B 6C A7 BE C1 FA B0 C3 58 01 00 00 28 28 64 00    1 | .l......X...((d.
      2 | 07 83 06 00 00 0C 00 00 00 00 08 00 00 00 00 00    2 | ................
      3 | 00 00 00 01 41 6E 63 69 65 6E 74 42 61 74 00 00    3 | ....AncientBat..
      4 | 00 00 00 00 -- -- -- -- -- -- -- -- -- -- -- --    4 | ....------------

NPC ID: 17272947
  Name: GoobbueParasit
  POLUtils_Name: Goobbue Parasite
  Type: Simple NPC
  XYZR: -216.268, 0.942, -375.053, 29
  Mask: 00001111
        |  0  1  2  3  4  5  6  7  8  9  A  B  C  D  E  F      | 0123456789ABCDEF
    -----------------------------------------------------  ----------------------
      0 | 0E 24 53 00 73 90 07 01 73 00 0F 1D 9C 44 58 C3    0 | .$S.s...s....DX.
      1 | E9 26 71 3F C9 86 BB C3 F4 00 00 00 28 28 64 00    1 | .&q?........((d.
      2 | 01 83 00 00 00 0B 00 00 00 00 00 00 00 00 00 00    2 | ................
      3 | 00 00 15 01 47 6F 6F 62 62 75 65 50 61 72 61 73    3 | ....GoobbueParas
      4 | 69 74 00 00 00 00 00 00 -- -- -- -- -- -- -- --    4 | it......--------

NPC ID: 17272847
  Name: GoblinMugger
  POLUtils_Name: Goblin Mugger
  Type: Simple NPC
  XYZR: -225.606, -1.092, -358.624, 5
  Mask: 00001111
        |  0  1  2  3  4  5  6  7  8  9  A  B  C  D  E  F      | 0123456789ABCDEF
    -----------------------------------------------------  ----------------------
      0 | 0E 22 54 00 0F 90 07 01 0F 00 0F 05 23 9B 61 C3    0 | ."T.........#.a.
      1 | A8 C6 8B BF DF 4F B3 C3 3E 02 00 00 28 28 64 00    1 | .....O..>...((d.
      2 | 01 83 00 00 00 0C 00 00 00 00 00 00 00 00 00 00    2 | ................
      3 | 00 00 E5 01 47 6F 62 6C 69 6E 4D 75 67 67 65 72    3 | ....GoblinMugger
      4 | 00 00 00 00 -- -- -- -- -- -- -- -- -- -- -- --    4 | ....------------

NPC ID: 17272849
  Name: GoblinMugger
  POLUtils_Name: Goblin Mugger
  Type: Simple NPC
  XYZR: -188.958, -0.621, -390.663, 226
  Mask: 00001111
        |  0  1  2  3  4  5  6  7  8  9  A  B  C  D  E  F      | 0123456789ABCDEF
    -----------------------------------------------------  ----------------------
      0 | 0E 22 5A 00 11 90 07 01 11 00 0F E2 3F F5 3C C3    0 | ."Z.........?.<.
      1 | DB F9 1E BF DD 54 C3 C3 8C 01 00 00 28 28 64 00    1 | .....T......((d.
      2 | 01 83 00 00 00 0C 00 00 00 00 00 00 00 00 00 00    2 | ................
      3 | 00 00 E5 01 47 6F 62 6C 69 6E 4D 75 67 67 65 72    3 | ....GoblinMugger
      4 | 00 00 00 00 -- -- -- -- -- -- -- -- -- -- -- --    4 | ....------------

NPC ID: 17272851
  Name: AncientBat
  POLUtils_Name: Ancient Bat
  Type: Simple NPC
  XYZR: -194.358, 0.412, -343.484, 93
  Mask: 00001111
        |  0  1  2  3  4  5  6  7  8  9  A  B  C  D  E  F      | 0123456789ABCDEF
    -----------------------------------------------------  ----------------------
      0 | 0E 22 60 00 13 90 07 01 13 00 0F 5D A6 5B 42 C3    0 | ."`........].[B.
      1 | AA F1 D2 3E F4 BD AB C3 58 01 00 00 28 28 64 00    1 | ...>....X...((d.
      2 | 07 83 06 00 00 0C 00 00 00 00 08 00 00 00 00 00    2 | ................
      3 | 00 00 00 01 41 6E 63 69 65 6E 74 42 61 74 00 00    3 | ....AncientBat..
      4 | 00 00 00 00 -- -- -- -- -- -- -- -- -- -- -- --    4 | ....------------

NPC ID: 17272848
  Name: GoblinMugger
  POLUtils_Name: Goblin Mugger
  Type: Simple NPC
  XYZR: -168.756, 0.209, -335.544, 32
  Mask: 00001111
        |  0  1  2  3  4  5  6  7  8  9  A  B  C  D  E  F      | 0123456789ABCDEF
    -----------------------------------------------------  ----------------------
      0 | 0E 22 68 00 10 90 07 01 10 00 0F 20 89 C1 28 C3    0 | ."h........ ..(.
      1 | 19 04 56 3E A2 C5 A7 C3 C8 01 00 00 28 28 64 00    1 | ..V>........((d.
      2 | 01 83 00 00 00 0C 00 00 00 00 00 00 00 00 00 00    2 | ................
      3 | 00 00 E5 01 47 6F 62 6C 69 6E 4D 75 67 67 65 72    3 | ....GoblinMugger
      4 | 00 00 00 00 -- -- -- -- -- -- -- -- -- -- -- --    4 | ....------------

NPC ID: 17272956
  Name: RockGolem
  POLUtils_Name: Rock Golem
  Type: Simple NPC
  XYZR: -167.024, 0.333, -339.696, 7
  Mask: 00001111
        |  0  1  2  3  4  5  6  7  8  9  A  B  C  D  E  F      | 0123456789ABCDEF
    -----------------------------------------------------  ----------------------
      0 | 0E 22 68 00 7C 90 07 01 7C 00 0F 07 25 06 27 C3    0 | ."h.|...|...%.'.
      1 | FA 7E AA 3E 17 D9 A9 C3 07 0A 00 00 28 28 00 03    1 | .~.>........((..
      2 | 07 83 00 00 00 14 00 00 00 00 00 00 A4 94 0A 00    2 | ................
      3 | 00 00 B0 01 52 6F 63 6B 47 6F 6C 65 6D 00 00 00    3 | ....RockGolem...
      4 | 00 00 00 00 -- -- -- -- -- -- -- -- -- -- -- --    4 | ....------------

NPC ID: 17272852
  Name: AncientBat
  POLUtils_Name: Ancient Bat
  Type: Simple NPC
  XYZR: -189.173, -0.077, -313.575, 152
  Mask: 00001111
        |  0  1  2  3  4  5  6  7  8  9  A  B  C  D  E  F      | 0123456789ABCDEF
    -----------------------------------------------------  ----------------------
      0 | 0E 22 69 00 14 90 07 01 14 00 0F 98 4A 2C 3D C3    0 | ."i.........J,=.
      1 | 2D B2 9D BD 9A C9 9C C3 F6 01 00 00 28 28 64 00    1 | -...........((d.
      2 | 07 83 06 00 00 0C 00 00 00 00 08 00 00 00 00 00    2 | ................
      3 | 00 00 00 01 41 6E 63 69 65 6E 74 42 61 74 00 00    3 | ....AncientBat..
      4 | 00 00 00 00 -- -- -- -- -- -- -- -- -- -- -- --    4 | ....------------

NPC ID: 17272859
  Name: AncientBat
  POLUtils_Name: Ancient Bat
  Type: Simple NPC
  XYZR: -158.570, -3.232, -320.516, 35
  Mask: 00001111
        |  0  1  2  3  4  5  6  7  8  9  A  B  C  D  E  F      | 0123456789ABCDEF
    -----------------------------------------------------  ----------------------
      0 | 0E 22 6F 00 1B 90 07 01 1B 00 0F 23 EC 91 1E C3    0 | ."o........#....
      1 | 17 D9 4E C0 0C 42 A0 C3 2B 02 00 00 28 28 64 00    1 | ..N..B..+...((d.
      2 | 07 83 06 00 00 0C 00 00 00 00 08 00 00 00 00 00    2 | ................
      3 | 00 00 00 01 41 6E 63 69 65 6E 74 42 61 74 00 00    3 | ....AncientBat..
      4 | 00 00 00 00 -- -- -- -- -- -- -- -- -- -- -- --    4 | ....------------

NPC ID: 17272855
  Name: GoblinMugger
  POLUtils_Name: Goblin Mugger
  Type: Simple NPC
  XYZR: -163.650, 0.312, -303.734, 105
  Mask: 00001111
        |  0  1  2  3  4  5  6  7  8  9  A  B  C  D  E  F      | 0123456789ABCDEF
    -----------------------------------------------------  ----------------------
      0 | 0E 22 70 00 17 90 07 01 17 00 0F 69 66 A6 23 C3    0 | ."p........if.#.
      1 | 77 BE 9F 3E F4 DD 97 C3 31 02 00 00 28 28 64 00    1 | w..>....1...((d.
      2 | 01 83 00 00 00 0C 00 00 00 00 00 00 00 00 00 00    2 | ................
      3 | 00 00 E5 01 47 6F 62 6C 69 6E 4D 75 67 67 65 72    3 | ....GoblinMugger
      4 | 00 00 00 00 -- -- -- -- -- -- -- -- -- -- -- --    4 | ....------------

NPC ID: 17273229
  Name: Myxomycete
  POLUtils_Name: Myxomycete
  Type: Simple NPC
  XYZR: -188.164, -0.589, -288.617, 233
  Mask: 00001111
        |  0  1  2  3  4  5  6  7  8  9  A  B  C  D  E  F      | 0123456789ABCDEF
    -----------------------------------------------------  ----------------------
      0 | 0E 22 70 00 8D 91 07 01 8D 01 0F E9 FC 29 3C C3    0 | ."p..........)<.
      1 | B4 C8 16 BF FA 4E 90 C3 58 01 00 00 28 28 64 00    1 | .....N..X...((d.
      2 | 01 83 00 00 00 0F 00 00 00 00 00 00 00 00 00 00    2 | ................
      3 | 00 00 78 01 4D 79 78 6F 6D 79 63 65 74 65 00 00    3 | ..x.Myxomycete..
      4 | 00 00 00 00 -- -- -- -- -- -- -- -- -- -- -- --    4 | ....------------

NPC ID: 17272857
  Name: GoblinGambler
  POLUtils_Name: Goblin Gambler
  Type: Simple NPC
  XYZR: -169.797, -0.263, -275.228, 133
  Mask: 00001111
        |  0  1  2  3  4  5  6  7  8  9  A  B  C  D  E  F      | 0123456789ABCDEF
    -----------------------------------------------------  ----------------------
      0 | 0E 24 77 00 19 90 07 01 19 00 0F 85 08 CC 29 C3    0 | .$w...........).
      1 | F0 A7 86 BE 2F 9D 89 C3 29 01 00 00 28 28 64 00    1 | ..../...)...((d.
      2 | 01 83 00 00 00 0C 00 00 00 00 00 00 00 00 00 00    2 | ................
      3 | 00 00 EE 01 47 6F 62 6C 69 6E 47 61 6D 62 6C 65    3 | ....GoblinGamble
      4 | 72 00 00 00 00 00 00 00 -- -- -- -- -- -- -- --    4 | r.......--------

NPC ID: 17272858
  Name: AncientBat
  POLUtils_Name: Ancient Bat
  Type: Simple NPC
  XYZR: -171.353, -0.175, -276.091, 212
  Mask: 00001111
        |  0  1  2  3  4  5  6  7  8  9  A  B  C  D  E  F      | 0123456789ABCDEF
    -----------------------------------------------------  ----------------------
      0 | 0E 22 77 00 1A 90 07 01 1A 00 0F D4 5E 5A 2B C3    0 | ."w.........^Z+.
      1 | 33 33 33 BE A6 0B 8A C3 EE 00 00 00 28 28 64 00    1 | 333.........((d.
      2 | 07 83 06 00 00 0C 00 00 00 00 08 00 00 00 00 00    2 | ................
      3 | 00 00 00 01 41 6E 63 69 65 6E 74 42 61 74 00 00    3 | ....AncientBat..
      4 | 00 00 00 00 -- -- -- -- -- -- -- -- -- -- -- --    4 | ....------------

NPC ID: 17272854
  Name: GoblinMugger
  POLUtils_Name: Goblin Mugger
  Type: Simple NPC
  XYZR: -143.453, -1.596, -286.902, 157
  Mask: 00001111
        |  0  1  2  3  4  5  6  7  8  9  A  B  C  D  E  F      | 0123456789ABCDEF
    -----------------------------------------------------  ----------------------
      0 | 0E 22 79 00 16 90 07 01 16 00 0F 9D F8 73 0F C3    0 | ."y..........s..
      1 | BA 49 CC BF 75 73 8F C3 57 01 00 00 28 28 64 00    1 | .I..us..W...((d.
      2 | 01 83 00 00 00 0C 00 00 00 00 00 00 00 00 00 00    2 | ................
      3 | 00 00 E5 01 47 6F 62 6C 69 6E 4D 75 67 67 65 72    3 | ....GoblinMugger
      4 | 00 00 00 00 -- -- -- -- -- -- -- -- -- -- -- --    4 | ....------------

NPC ID: 17272856
  Name: GoblinGambler
  POLUtils_Name: Goblin Gambler
  Type: Simple NPC
  XYZR: -127.340, -0.990, -326.083, 31
  Mask: 00001111
        |  0  1  2  3  4  5  6  7  8  9  A  B  C  D  E  F      | 0123456789ABCDEF
    -----------------------------------------------------  ----------------------
      0 | 0E 24 7A 00 18 90 07 01 18 00 0F 1F 14 AE FE C2    0 | .$z.............
      1 | A4 70 7D BF A0 0A A3 C3 77 01 00 00 28 28 64 00    1 | .p}.....w...((d.
      2 | 01 83 00 00 00 0C 00 00 00 00 00 00 00 00 00 00    2 | ................
      3 | 00 00 EE 01 47 6F 62 6C 69 6E 47 61 6D 62 6C 65    3 | ....GoblinGamble
      4 | 72 00 00 00 00 00 00 00 -- -- -- -- -- -- -- --    4 | r.......--------

NPC ID: 17272860
  Name: AncientBat
  POLUtils_Name: Ancient Bat
  Type: Simple NPC
  XYZR: -114.745, -1.611, -318.403, 223
  Mask: 00001111
        |  0  1  2  3  4  5  6  7  8  9  A  B  C  D  E  F      | 0123456789ABCDEF
    -----------------------------------------------------  ----------------------
      0 | 0E 22 81 00 1C 90 07 01 1C 00 0F DF 71 7D E5 C2    0 | ."..........q}..
      1 | 3F 35 CE BF 96 33 9F C3 C8 02 00 00 28 28 64 00    1 | ?5...3......((d.
      2 | 07 83 06 00 00 0C 00 00 00 00 08 00 00 00 00 00    2 | ................
      3 | 00 00 00 01 41 6E 63 69 65 6E 74 42 61 74 00 00    3 | ....AncientBat..
      4 | 00 00 00 00 -- -- -- -- -- -- -- -- -- -- -- --    4 | ....------------

NPC ID: 17273234
  Name: Myxomycete
  POLUtils_Name: Myxomycete
  Type: Simple NPC
  XYZR: -123.523, -0.246, -249.233, 204
  Mask: 00001111
        |  0  1  2  3  4  5  6  7  8  9  A  B  C  D  E  F      | 0123456789ABCDEF
    -----------------------------------------------------  ----------------------
      0 | 0E 22 85 00 92 91 07 01 92 01 0F CC C7 0B F7 C2    0 | ."..............
      1 | 6D E7 7B BE A6 3B 79 C3 93 06 00 00 28 28 00 03    1 | m.{..;y.....((..
      2 | 07 83 00 00 00 0F 00 00 00 00 00 00 E8 93 06 00    2 | ................
      3 | 00 00 78 01 4D 79 78 6F 6D 79 63 65 74 65 00 00    3 | ..x.Myxomycete..
      4 | 00 00 00 00 -- -- -- -- -- -- -- -- -- -- -- --    4 | ....------------

NPC ID: 17272999
  Name: LesserGaylas
  POLUtils_Name: Lesser Gaylas
  Type: Simple NPC
  XYZR: -92.768, -0.315, -233.708, 53
  Mask: 00001111
        |  0  1  2  3  4  5  6  7  8  9  A  B  C  D  E  F      | 0123456789ABCDEF
    -----------------------------------------------------  ----------------------
      0 | 0E 22 90 00 A7 90 07 01 A7 00 0F 35 37 89 B9 C2    0 | .".........57...
      1 | AE 47 A1 BE 3F B5 69 C3 57 01 00 00 28 28 64 00    1 | .G..?.i.W...((d.
      2 | 07 83 02 00 00 10 00 40 00 00 08 00 00 00 00 00    2 | .......@........
      3 | 00 00 04 01 4C 65 73 73 65 72 47 61 79 6C 61 73    3 | ....LesserGaylas
      4 | 00 00 00 00 -- -- -- -- -- -- -- -- -- -- -- --    4 | ....------------

NPC ID: 17273000
  Name: LesserGaylas
  POLUtils_Name: Lesser Gaylas
  Type: Simple NPC
  XYZR: -92.718, -0.178, -234.052, 78
  Mask: 00001111
        |  0  1  2  3  4  5  6  7  8  9  A  B  C  D  E  F      | 0123456789ABCDEF
    -----------------------------------------------------  ----------------------
      0 | 0E 22 90 00 A8 90 07 01 A8 00 0F 4E 9E 6F B9 C2    0 | .".........N.o..
      1 | A2 45 36 BE 50 0D 6A C3 EE 00 00 00 28 28 64 00    1 | .E6.P.j.....((d.
      2 | 07 83 02 00 00 10 00 40 00 00 08 00 00 00 00 00    2 | .......@........
      3 | 00 00 04 01 4C 65 73 73 65 72 47 61 79 6C 61 73    3 | ....LesserGaylas
      4 | 00 00 00 00 -- -- -- -- -- -- -- -- -- -- -- --    4 | ....------------

NPC ID: 17272997
  Name: GoblinRobber
  POLUtils_Name: Goblin Robber
  Type: Simple NPC
  XYZR: -90.292, -0.556, -230.813, 147
  Mask: 00001111
        |  0  1  2  3  4  5  6  7  8  9  A  B  C  D  E  F      | 0123456789ABCDEF
    -----------------------------------------------------  ----------------------
      0 | 0E 22 91 00 A5 90 07 01 A5 00 0F 93 81 95 B4 C2    0 | ."..............
      1 | 04 56 0E BF 21 D0 66 C3 BA 00 00 00 28 28 64 00    1 | .V..!.f.....((d.
      2 | 01 83 00 00 00 0C 00 00 00 00 00 00 00 00 00 00    2 | ................
      3 | 00 00 E4 01 47 6F 62 6C 69 6E 52 6F 62 62 65 72    3 | ....GoblinRobber
      4 | 00 00 00 00 -- -- -- -- -- -- -- -- -- -- -- --    4 | ....------------

NPC ID: 17272998
  Name: GoblinRobber
  POLUtils_Name: Goblin Robber
  Type: Simple NPC
  XYZR: -86.923, -0.530, -231.575, 58
  Mask: 00001111
        |  0  1  2  3  4  5  6  7  8  9  A  B  C  D  E  F      | 0123456789ABCDEF
    -----------------------------------------------------  ----------------------
      0 | 0E 22 92 00 A6 90 07 01 A6 00 0F 3A 93 D8 AD C2    0 | .".........:....
      1 | 14 AE 07 BF 33 93 67 C3 EE 00 00 00 28 28 64 00    1 | ....3.g.....((d.
      2 | 01 83 00 00 00 0C 00 00 00 00 00 00 00 00 00 00    2 | ................
      3 | 00 00 E4 01 47 6F 62 6C 69 6E 52 6F 62 62 65 72    3 | ....GoblinRobber
      4 | 00 00 00 00 -- -- -- -- -- -- -- -- -- -- -- --    4 | ....------------

NPC ID: 17273001
  Name: WaterElemental
  POLUtils_Name: Water Elemental
  Type: Simple NPC
  XYZR: -95.563, -3.828, -220.693, 55
  Mask: 00001111
        |  0  1  2  3  4  5  6  7  8  9  A  B  C  D  E  F      | 0123456789ABCDEF
    -----------------------------------------------------  ----------------------
      0 | 0E 24 92 00 A9 90 07 01 A9 00 0F 37 42 20 BF C2    0 | .$.........7B ..
      1 | F4 FD 74 C0 68 B1 5C C3 BA 00 00 00 28 28 64 00    1 | ..t.h.\\.....((d.
      2 | 07 83 00 00 00 03 00 00 00 00 10 00 00 00 00 00    2 | ................
      3 | 00 00 B8 01 57 61 74 65 72 45 6C 65 6D 65 6E 74    3 | ....WaterElement
      4 | 61 6C 00 00 00 00 00 00 -- -- -- -- -- -- -- --    4 | al......--------

NPC ID: 17273008
  Name: Goblin'sLeech
  POLUtils_Name: Goblin's Leech
  Type: Simple NPC
  XYZR: -73.754, -0.351, -197.795, 69
  Mask: 00001111
        |  0  1  2  3  4  5  6  7  8  9  A  B  C  D  E  F      | 0123456789ABCDEF
    -----------------------------------------------------  ----------------------
      0 | 0E 24 9C 00 B0 90 07 01 B0 00 0F 45 0C 82 93 C2    0 | .$.........E....
      1 | 46 B6 B3 BE 85 CB 45 C3 E8 00 00 00 28 28 64 00    1 | F.....E.....((d.
      2 | 01 83 02 00 00 0B 00 00 00 00 00 00 00 00 00 00    2 | ................
      3 | 00 00 15 01 47 6F 62 6C 69 6E 27 73 4C 65 65 63    3 | ....Goblin'sLeec
      4 | 68 00 00 00 00 00 00 00 -- -- -- -- -- -- -- --    4 | h.......--------

NPC ID: 17273007
  Name: GoblinTrader
  POLUtils_Name: Goblin Trader
  Type: Simple NPC
  XYZR: -74.032, -0.343, -200.155, 70
  Mask: 00001111
        |  0  1  2  3  4  5  6  7  8  9  A  B  C  D  E  F      | 0123456789ABCDEF
    -----------------------------------------------------  ----------------------
      0 | 0E 22 9C 00 AF 90 07 01 AF 00 0F 46 62 10 94 C2    0 | .".........Fb...
      1 | B2 9D AF BE AE 27 48 C3 F5 00 00 00 28 28 64 00    1 | .....'H.....((d.
      2 | 01 83 00 00 00 0C 00 00 00 00 00 00 00 00 00 00    2 | ................
      3 | 00 00 F2 01 47 6F 62 6C 69 6E 54 72 61 64 65 72    3 | ....GoblinTrader
      4 | 00 00 00 00 -- -- -- -- -- -- -- -- -- -- -- --    4 | ....------------

NPC ID: 17273257
  Name: Myxomycete
  POLUtils_Name: Myxomycete
  Type: Simple NPC
  XYZR: -79.640, 0.225, -173.946, 89
  Mask: 00001111
        |  0  1  2  3  4  5  6  7  8  9  A  B  C  D  E  F      | 0123456789ABCDEF
    -----------------------------------------------------  ----------------------
      0 | 0E 22 AE 00 A9 91 07 01 A9 01 0F 59 AE 47 9F C2    0 | .".........Y.G..
      1 | 66 66 66 3E 2D F2 2D C3 B4 00 00 00 28 28 64 00    1 | fff>-.-.....((d.
      2 | 01 83 00 00 00 0F 00 00 00 00 00 00 00 00 00 00    2 | ................
      3 | 00 00 78 01 4D 79 78 6F 6D 79 63 65 74 65 00 00    3 | ..x.Myxomycete..
      4 | 00 00 00 00 -- -- -- -- -- -- -- -- -- -- -- --    4 | ....------------

NPC ID: 17273011
  Name: Ogrefly
  POLUtils_Name: Ogrefly
  Type: Simple NPC
  XYZR: -79.767, -0.455, -157.730, 48
  Mask: 00001111
        |  0  1  2  3  4  5  6  7  8  9  A  B  C  D  E  F      | 0123456789ABCDEF
    -----------------------------------------------------  ----------------------
      0 | 0E 20 B4 00 B3 90 07 01 B3 00 0F 30 B4 88 9F C2    0 | . .........0....
      1 | C3 F5 E8 BE E1 BA 1D C3 36 01 00 00 28 28 64 00    1 | ........6...((d.
      2 | 01 83 06 00 00 0F 00 00 00 00 08 00 00 00 00 00    2 | ................
      3 | 00 00 C0 01 4F 67 72 65 66 6C 79 00 00 00 00 00    3 | ....Ogrefly.....

NPC ID: 17273258
  Name: Myxomycete
  POLUtils_Name: Myxomycete
  Type: Simple NPC
  XYZR: -86.901, -0.348, -155.717, 81
  Mask: 00001111
        |  0  1  2  3  4  5  6  7  8  9  A  B  C  D  E  F      | 0123456789ABCDEF
    -----------------------------------------------------  ----------------------
      0 | 0E 22 B5 00 AA 91 07 01 AA 01 0F 51 50 CD AD C2    0 | .".........QP...
      1 | 0E 2D B2 BE 8D B7 1B C3 BF 00 00 00 28 28 64 00    1 | .-..........((d.
      2 | 01 83 00 00 00 0F 00 00 00 00 00 00 00 00 00 00    2 | ................
      3 | 00 00 78 01 4D 79 78 6F 6D 79 63 65 74 65 00 00    3 | ..x.Myxomycete..
      4 | 00 00 00 00 -- -- -- -- -- -- -- -- -- -- -- --    4 | ....------------

NPC ID: 17273010
  Name: Ogrefly
  POLUtils_Name: Ogrefly
  Type: Simple NPC
  XYZR: -79.209, -0.291, -153.913, 156
  Mask: 00001111
        |  0  1  2  3  4  5  6  7  8  9  A  B  C  D  E  F      | 0123456789ABCDEF
    -----------------------------------------------------  ----------------------
      0 | 0E 20 B6 00 B2 90 07 01 B2 00 0F 9C 02 6B 9E C2    0 | . ...........k..
      1 | F4 FD 94 BE BA E9 19 C3 D5 01 00 00 28 28 64 00    1 | ............((d.
      2 | 01 83 06 00 00 0F 00 00 00 00 08 00 00 00 00 00    2 | ................
      3 | 00 00 C0 01 4F 67 72 65 66 6C 79 00 00 00 00 00    3 | ....Ogrefly.....

NPC ID: 17273435
  Name: SurvivalGuide
  POLUtils_Name: Survival Guide
  Type: Simple NPC
  XYZR: -45.000, 0.200, -151.000, 64
  Mask: 00001111
        |  0  1  2  3  4  5  6  7  8  9  A  B  C  D  E  F      | 0123456789ABCDEF
    -----------------------------------------------------  ----------------------
      0 | 0E 24 BC 00 5B 92 07 01 5B 02 0F 40 00 00 34 C2    0 | .$..[...[..@..4.
      1 | CD CC 4C 3E 00 00 17 C3 01 00 00 00 32 32 64 00    1 | ..L>........22d.
      2 | 00 03 00 00 00 00 00 00 00 00 11 20 00 00 00 00    2 | ........... ....
      3 | 00 00 81 09 53 75 72 76 69 76 61 6C 47 75 69 64    3 | ....SurvivalGuid
      4 | 65 00 00 00 00 00 00 00 -- -- -- -- -- -- -- --    4 | e.......--------

NPC ID: 17273375
  Name: Kasim
  POLUtils_Name: Kasim
  Type: Simple NPC
  XYZR: -48.001, 0.121, -149.279, 221
  Mask: 00001111
        |  0  1  2  3  4  5  6  7  8  9  A  B  C  D  E  F      | 0123456789ABCDEF
    -----------------------------------------------------  ----------------------
      0 | 0E 20 BC 00 1F 92 07 01 1F 02 0F DD 06 01 40 C2    0 | . ............@.
      1 | D9 CE F7 3D 6D 47 15 C3 01 00 00 00 32 32 64 00    1 | ...=mG......22d.
      2 | 00 1B 00 00 00 00 00 20 00 00 00 00 00 00 00 00    2 | ....... ........
      3 | 00 00 5F 03 4B 61 73 69 6D 00 00 00 00 00 00 00    3 | .._.Kasim.......

NPC ID: 17273371
  Name: blank
  POLUtils_Name:      
  Type: Decoration
  XYZR: -40.079, 0.358, -148.785, 189
  Mask: 00001111
        |  0  1  2  3  4  5  6  7  8  9  A  B  C  D  E  F      | 0123456789ABCDEF
    -----------------------------------------------------  ----------------------
      0 | 0E 1C BE 00 1B 92 07 01 1B 02 0F BD E5 50 20 C2    0 | .............P .
      1 | C7 4B B7 3E F6 C8 14 C3 01 00 00 00 32 32 64 00    1 | .K.>........22d.
      2 | 02 03 08 00 00 00 00 00 00 00 00 00 00 00 00 00    2 | ................
      3 | 00 00 31 03 00 00 00 00 -- -- -- -- -- -- -- --    3 | ..1.....--------

NPC ID: 17273365
  Name: Credaurion, R.K.
  POLUtils_Name: Credaurion, R.K.
  Type: Equipped NPC
  XYZR: -40.079, 0.358, -148.785, 189
  Mask: 01010111
        |  0  1  2  3  4  5  6  7  8  9  A  B  C  D  E  F      | 0123456789ABCDEF
    -----------------------------------------------------  ----------------------
      0 | 0E 2C BE 00 15 92 07 01 15 02 57 BD E5 50 20 C2    0 | .,........W..P .
      1 | C7 4B B7 3E F6 C8 14 C3 10 00 00 00 32 32 64 00    1 | .K.>........22d.
      2 | 00 1B 00 00 00 00 00 20 00 00 00 00 00 00 00 00    2 | ....... ........
      3 | 01 00 0C 03 0D 10 0C 20 02 30 0C 40 02 50 F9 60    3 | ....... .0.@.P.`
      4 | 00 70 00 00 00 00 00 00 00 00 00 00 00 00 00 00    4 | .p..............
      5 | 00 00 00 00 00 00 00 00 -- -- -- -- -- -- -- --    5 | ........--------

NPC ID: 17273366
  Name: Calliope, I.M.
  POLUtils_Name: Calliope, I.M.
  Type: Equipped NPC
  XYZR: -40.079, 0.358, -148.785, 189
  Mask: 01010111
        |  0  1  2  3  4  5  6  7  8  9  A  B  C  D  E  F      | 0123456789ABCDEF
    -----------------------------------------------------  ----------------------
      0 | 0E 2C BE 00 16 92 07 01 16 02 57 BD E5 50 20 C2    0 | .,........W..P .
      1 | C7 4B B7 3E F6 C8 14 C3 08 00 00 00 32 32 64 00    1 | .K.>........22d.
      2 | 02 1B 00 00 00 00 00 20 00 00 00 00 00 00 00 00    2 | ....... ........
      3 | 01 00 0F 02 00 10 05 20 05 30 05 40 07 50 B7 60    3 | ....... .0.@.P.`
      4 | B8 70 00 00 00 00 00 00 00 00 00 00 00 00 00 00    4 | .p..............
      5 | 00 00 00 00 00 00 00 00 -- -- -- -- -- -- -- --    5 | ........--------

NPC ID: 17273368
  Name: blank
  POLUtils_Name:      
  Type: Decoration
  XYZR: -37.570, 0.287, -150.215, 180
  Mask: 00001111
        |  0  1  2  3  4  5  6  7  8  9  A  B  C  D  E  F      | 0123456789ABCDEF
    -----------------------------------------------------  ----------------------
      0 | 0E 1C BE 00 18 92 07 01 18 02 0F B4 AE 47 16 C2    0 | .............G..
      1 | AA F1 92 3E 0A 37 16 C3 01 00 00 00 32 32 64 00    1 | ...>.7......22d.
      2 | 00 03 08 00 00 00 00 00 00 00 00 00 00 00 00 00    2 | ................
      3 | 00 00 2E 03 00 00 00 00 -- -- -- -- -- -- -- --    3 | ........--------

NPC ID: 17273369
  Name: blank
  POLUtils_Name:      
  Type: Decoration
  XYZR: -37.570, 0.287, -150.215, 180
  Mask: 00001111
        |  0  1  2  3  4  5  6  7  8  9  A  B  C  D  E  F      | 0123456789ABCDEF
    -----------------------------------------------------  ----------------------
      0 | 0E 1C BE 00 19 92 07 01 19 02 0F B4 AE 47 16 C2    0 | .............G..
      1 | AA F1 92 3E 0A 37 16 C3 01 00 00 00 32 32 64 00    1 | ...>.7......22d.
      2 | 02 03 08 00 00 00 00 00 00 00 00 00 00 00 00 00    2 | ................
      3 | 00 00 2F 03 00 00 00 00 -- -- -- -- -- -- -- --    3 | ../.....--------

NPC ID: 17273370
  Name: blank
  POLUtils_Name:      
  Type: Decoration
  XYZR: -37.570, 0.287, -150.215, 180
  Mask: 00001111
        |  0  1  2  3  4  5  6  7  8  9  A  B  C  D  E  F      | 0123456789ABCDEF
    -----------------------------------------------------  ----------------------
      0 | 0E 1C BE 00 1A 92 07 01 1A 02 0F B4 AE 47 16 C2    0 | .............G..
      1 | AA F1 92 3E 0A 37 16 C3 01 00 00 00 32 32 64 00    1 | ...>.7......22d.
      2 | 02 03 08 00 00 00 00 00 00 00 00 00 00 00 00 00    2 | ................
      3 | 00 00 30 03 00 00 00 00 -- -- -- -- -- -- -- --    3 | ..0.....--------

NPC ID: 17273367
  Name: Ajimo-Majimo, W.W.
  POLUtils_Name: Ajimo-Majimo, W.W.
  Type: Equipped NPC
  XYZR: -40.079, 0.358, -148.785, 189
  Mask: 01010111
        |  0  1  2  3  4  5  6  7  8  9  A  B  C  D  E  F      | 0123456789ABCDEF
    -----------------------------------------------------  ----------------------
      0 | 0E 2C BE 00 17 92 07 01 17 02 57 BD E5 50 20 C2    0 | .,........W..P .
      1 | C7 4B B7 3E F6 C8 14 C3 01 00 00 00 32 32 64 00    1 | .K.>........22d.
      2 | 02 1B 00 00 00 00 00 20 00 00 00 00 00 00 00 00    2 | ....... ........
      3 | 01 00 0C 05 13 10 13 20 16 30 05 40 07 50 52 60    3 | ....... .0.@.PR`
      4 | 1E 70 00 00 00 00 00 00 00 00 00 00 00 00 00 00    4 | .p..............
      5 | 00 00 00 00 00 00 00 00 -- -- -- -- -- -- -- --    5 | ........--------

NPC ID: 17273422
  Name: FieldManual
  POLUtils_Name: Field Manual
  Type: Simple NPC
  XYZR: -34.000, 0.057, -150.177, 67
  Mask: 00001111
        |  0  1  2  3  4  5  6  7  8  9  A  B  C  D  E  F      | 0123456789ABCDEF
    -----------------------------------------------------  ----------------------
      0 | 0E 22 BF 00 4E 92 07 01 4E 02 0F 43 00 00 08 C2    0 | ."..N...N..C....
      1 | D5 78 69 3D 50 2D 16 C3 08 00 00 00 32 32 64 00    1 | .xi=P-......22d.
      2 | 00 03 00 00 00 00 00 00 00 00 08 20 00 00 00 00    2 | ........... ....
      3 | 00 00 F2 08 46 69 65 6C 64 4D 61 6E 75 61 6C 00    3 | ....FieldManual.
      4 | 00 00 00 00 -- -- -- -- -- -- -- -- -- -- -- --    4 | ....------------

NPC ID: 17273013
  Name: LesserGaylas
  POLUtils_Name: Lesser Gaylas
  Type: Simple NPC
  XYZR: -61.858, 0.330, -123.142, 223
  Mask: 00001111
        |  0  1  2  3  4  5  6  7  8  9  A  B  C  D  E  F      | 0123456789ABCDEF
    -----------------------------------------------------  ----------------------
      0 | 0E 22 C0 00 B5 90 07 01 B5 00 0F DF 98 6E 77 C2    0 | ."...........nw.
      1 | C3 F5 A8 3E B4 48 F6 C2 C1 01 00 00 28 28 64 00    1 | ...>.H......((d.
      2 | 07 83 02 00 00 10 00 40 00 00 08 00 00 00 00 00    2 | .......@........
      3 | 00 00 04 01 4C 65 73 73 65 72 47 61 79 6C 61 73    3 | ....LesserGaylas
      4 | 00 00 00 00 -- -- -- -- -- -- -- -- -- -- -- --    4 | ....------------

NPC ID: 17273009
  Name: GoblinRobber
  POLUtils_Name: Goblin Robber
  Type: Simple NPC
  XYZR: -57.996, 0.040, -126.721, 207
  Mask: 00001111
        |  0  1  2  3  4  5  6  7  8  9  A  B  C  D  E  F      | 0123456789ABCDEF
    -----------------------------------------------------  ----------------------
      0 | 0E 22 C0 00 B1 90 07 01 B1 00 0F CF E7 FB 67 C2    0 | ."............g.
      1 | 0A D7 23 3D 27 71 FD C2 DA 00 00 00 28 28 64 00    1 | ..#='q......((d.
      2 | 01 83 00 00 00 0C 00 00 00 00 00 00 00 00 00 00    2 | ................
      3 | 00 00 E4 01 47 6F 62 6C 69 6E 52 6F 62 62 65 72    3 | ....GoblinRobber
      4 | 00 00 00 00 -- -- -- -- -- -- -- -- -- -- -- --    4 | ....------------

NPC ID: 17273012
  Name: LesserGaylas
  POLUtils_Name: Lesser Gaylas
  Type: Simple NPC
  XYZR: -94.882, 0.156, -105.820, 24
  Mask: 00001111
        |  0  1  2  3  4  5  6  7  8  9  A  B  C  D  E  F      | 0123456789ABCDEF
    -----------------------------------------------------  ----------------------
      0 | 0E 22 C9 00 B4 90 07 01 B4 00 0F 18 96 C3 BD C2    0 | ."..............
      1 | 77 BE 1F 3E D7 A3 D3 C2 57 01 00 00 28 28 64 00    1 | w..>....W...((d.
      2 | 07 83 02 00 00 10 00 40 00 00 08 00 00 00 00 00    2 | .......@........
      3 | 00 00 04 01 4C 65 73 73 65 72 47 61 79 6C 61 73    3 | ....LesserGaylas
      4 | 00 00 00 00 -- -- -- -- -- -- -- -- -- -- -- --    4 | ....------------

NPC ID: 17273082
  Name: GoobbueParasit
  POLUtils_Name: Goobbue Parasite
  Type: Simple NPC
  XYZR: -20.444, -0.383, -113.573, 26
  Mask: 00001111
        |  0  1  2  3  4  5  6  7  8  9  A  B  C  D  E  F      | 0123456789ABCDEF
    -----------------------------------------------------  ----------------------
      0 | 0E 24 CA 00 FA 90 07 01 FA 00 0F 1A 50 8D A3 C1    0 | .$..........P...
      1 | 93 18 C4 BE 60 25 E3 C2 01 01 00 00 28 28 64 00    1 | ....`%......((d.
      2 | 01 83 00 00 00 0B 00 00 00 00 00 00 00 00 00 00    2 | ................
      3 | 00 00 15 01 47 6F 6F 62 62 75 65 50 61 72 61 73    3 | ....GoobbueParas
      4 | 69 74 00 00 00 00 00 00 -- -- -- -- -- -- -- --    4 | it......--------

NPC ID: 17273083
  Name: GoobbueParasit
  POLUtils_Name: Goobbue Parasite
  Type: Simple NPC
  XYZR: -29.300, 0.586, -101.948, 135
  Mask: 00001111
        |  0  1  2  3  4  5  6  7  8  9  A  B  C  D  E  F      | 0123456789ABCDEF
    -----------------------------------------------------  ----------------------
      0 | 0E 24 CB 00 FB 90 07 01 FB 00 0F 87 66 66 EA C1    0 | .$..........ff..
      1 | 19 04 16 3F 60 E5 CB C2 44 01 00 00 28 28 64 00    1 | ...?`...D...((d.
      2 | 01 83 00 00 00 0B 00 00 00 00 00 00 00 00 00 00    2 | ................
      3 | 00 00 15 01 47 6F 6F 62 62 75 65 50 61 72 61 73    3 | ....GoobbueParas
      4 | 69 74 00 00 00 00 00 00 -- -- -- -- -- -- -- --    4 | it......--------

NPC ID: 17273020
  Name: LesserGaylas
  POLUtils_Name: Lesser Gaylas
  Type: Simple NPC
  XYZR: -10.238, 0.300, -149.703, 180
  Mask: 00001111
        |  0  1  2  3  4  5  6  7  8  9  A  B  C  D  E  F      | 0123456789ABCDEF
    -----------------------------------------------------  ----------------------
      0 | 0E 22 CB 00 BC 90 07 01 BC 00 0F B4 D9 CE 23 C1    0 | ."............#.
      1 | 9A 99 99 3E F8 B3 15 C3 8C 01 00 00 28 28 64 00    1 | ...>........((d.
      2 | 07 83 02 00 00 10 00 40 00 00 08 00 00 00 00 00    2 | .......@........
      3 | 00 00 04 01 4C 65 73 73 65 72 47 61 79 6C 61 73    3 | ....LesserGaylas
      4 | 00 00 00 00 -- -- -- -- -- -- -- -- -- -- -- --    4 | ....------------

NPC ID: 17273015
  Name: Goblin'sLeech
  POLUtils_Name: Goblin's Leech
  Type: Simple NPC
  XYZR: -51.966, -0.466, -91.817, 207
  Mask: 00001111
        |  0  1  2  3  4  5  6  7  8  9  A  B  C  D  E  F      | 0123456789ABCDEF
    -----------------------------------------------------  ----------------------
      0 | 0E 24 CE 00 B7 90 07 01 B7 00 0F CF 2F DD 4F C2    0 | .$........../.O.
      1 | 8D 97 EE BE 4E A2 B7 C2 13 00 00 00 28 28 64 00    1 | ....N.......((d.
      2 | 01 83 02 00 00 0B 00 00 00 00 00 00 00 00 00 00    2 | ................
      3 | 00 00 15 01 47 6F 62 6C 69 6E 27 73 4C 65 65 63    3 | ....Goblin'sLeec
      4 | 68 00 00 00 00 00 00 00 -- -- -- -- -- -- -- --    4 | h.......--------

NPC ID: 17273417
  Name: ???
  POLUtils_Name: ???
  Type: Simple NPC
  XYZR: 0.000, 0.000, 0.000, 0
  Mask: 00001111
        |  0  1  2  3  4  5  6  7  8  9  A  B  C  D  E  F      | 0123456789ABCDEF
    -----------------------------------------------------  ----------------------
      0 | 0E 1E DE 00 49 92 07 01 49 02 0F 00 00 00 00 00    0 | ....I...I.......
      1 | 00 00 00 00 00 00 00 00 00 00 00 00 32 32 64 00    1 | ............22d.
      2 | 02 03 08 00 00 00 00 00 00 00 00 00 00 00 00 00    2 | ................
      3 | 00 00 32 00 3F 3F 3F 00 00 00 00 00 -- -- -- --    3 | ..2.???.....----

NPC ID: 17273017
  Name: Ogrefly
  POLUtils_Name: Ogrefly
  Type: Simple NPC
  XYZR: 9.969, -1.435, -127.411, 125
  Mask: 00001111
        |  0  1  2  3  4  5  6  7  8  9  A  B  C  D  E  F      | 0123456789ABCDEF
    -----------------------------------------------------  ----------------------
      0 | 0E 20 E8 00 B9 90 07 01 B9 00 0F 7D 06 81 1F 41    0 | . .........}...A
      1 | 14 AE B7 BF 6F D2 FE C2 6A 01 00 00 28 28 64 00    1 | ....o...j...((d.
      2 | 01 83 06 00 00 0F 00 00 00 00 08 00 00 00 00 00    2 | ................
      3 | 00 00 C0 01 4F 67 72 65 66 6C 79 00 00 00 00 00    3 | ....Ogrefly.....

NPC ID: 17273078
  Name: RockGolem
  POLUtils_Name: Rock Golem
  Type: Simple NPC
  XYZR: 16.253, -0.791, -147.724, 236
  Mask: 00001111
        |  0  1  2  3  4  5  6  7  8  9  A  B  C  D  E  F      | 0123456789ABCDEF
    -----------------------------------------------------  ----------------------
      0 | 0E 22 EA 00 F6 90 07 01 F6 00 0F EC 25 06 82 41    0 | ."..........%..A
      1 | FA 7E 4A BF 58 B9 13 C3 07 00 00 00 28 28 00 02    1 | .~J.X.......((..
      2 | 07 83 00 00 00 14 00 00 00 00 00 00 F6 96 0A 00    2 | ................
      3 | 00 00 B0 01 52 6F 63 6B 47 6F 6C 65 6D 00 00 00    3 | ....RockGolem...
      4 | 00 00 00 00 -- -- -- -- -- -- -- -- -- -- -- --    4 | ....------------

NPC ID: 17273016
  Name: GoblinRobber
  POLUtils_Name: Goblin Robber
  Type: Simple NPC
  XYZR: -45.726, -0.249, -100.326, 19
  Mask: 00001111
        |  0  1  2  3  4  5  6  7  8  9  A  B  C  D  E  F      | 0123456789ABCDEF
    -----------------------------------------------------  ----------------------
      0 | 0E 22 64 01 B8 90 07 01 B8 00 0F 13 6D E7 36 C2    0 | ."d.........m.6.
      1 | DB F9 7E BE E9 A6 C8 C2 A5 00 00 00 28 28 64 00    1 | ..~.........((d.
      2 | 01 83 00 00 00 0C 00 00 00 00 00 00 00 00 00 00    2 | ................
      3 | 00 00 E4 01 47 6F 62 6C 69 6E 52 6F 62 62 65 72    3 | ....GoblinRobber
      4 | 00 00 00 00 -- -- -- -- -- -- -- -- -- -- -- --    4 | ....------------

