NPC ID: 16798140
  Name: Louverance
  POLUtils_Name: Louverance
  Type: Equipped NPC
  XYZR: 0.000, 0.000, 0.000, 0
  Mask: 01010111
        |  0  1  2  3  4  5  6  7  8  9  A  B  C  D  E  F      | 0123456789ABCDEF
    -----------------------------------------------------  ----------------------
      0 | 0E 2A 06 00 BC 51 00 01 BC 01 57 00 00 00 00 00    0 | .*...Q....W.....
      1 | 00 00 00 00 00 00 00 00 00 00 00 00 32 32 64 00    1 | ............22d.
      2 | 06 1B 00 00 00 00 00 20 00 00 00 00 00 00 00 00    2 | ....... ........
      3 | 01 00 02 03 6D 10 2C 20 00 30 64 40 64 50 40 60    3 | ....m., .0d@dP@`
      4 | 00 70 00 00 00 00 00 00 00 00 00 00 00 00 00 00    4 | .p..............
      5 | 00 00 00 00 -- -- -- -- -- -- -- -- -- -- -- --    5 | ....------------

NPC ID: 16798141
  Name: Louverance
  POLUtils_Name: Louverance
  Type: Equipped NPC
  XYZR: 0.000, 0.000, 0.000, 0
  Mask: 01010111
        |  0  1  2  3  4  5  6  7  8  9  A  B  C  D  E  F      | 0123456789ABCDEF
    -----------------------------------------------------  ----------------------
      0 | 0E 2A 07 00 BD 51 00 01 BD 01 57 00 00 00 00 00    0 | .*...Q....W.....
      1 | 00 00 00 00 00 00 00 00 00 00 00 00 32 32 64 00    1 | ............22d.
      2 | 06 1B 00 00 00 00 00 20 00 00 00 00 00 00 00 00    2 | ....... ........
      3 | 01 00 02 03 3E 10 2C 20 00 30 64 40 64 50 40 60    3 | ....>., .0d@dP@`
      4 | 00 70 00 00 00 00 00 00 00 00 00 00 00 00 00 00    4 | .p..............
      5 | 00 00 00 00 -- -- -- -- -- -- -- -- -- -- -- --    5 | ....------------

NPC ID: 16798142
  Name: blank
  POLUtils_Name:      
  Type: Decoration
  XYZR: -292.639, -59.541, -517.576, 114
  Mask: 00001111
        |  0  1  2  3  4  5  6  7  8  9  A  B  C  D  E  F      | 0123456789ABCDEF
    -----------------------------------------------------  ----------------------
      0 | 0E 1C 08 00 BE 51 00 01 BE 01 0F 72 CB 51 92 C3    0 | .....Q.....r.Q..
      1 | FC 29 6E C2 DD 64 01 C4 01 00 00 00 32 32 64 00    1 | .)n..d......22d.
      2 | 02 03 08 00 00 00 00 00 00 00 00 00 00 00 00 00    2 | ................
      3 | 00 00 34 00 00 00 00 00 -- -- -- -- -- -- -- --    3 | ..4.....--------

NPC ID: 16798143
  Name: Louverance
  POLUtils_Name: Louverance
  Type: Equipped NPC
  XYZR: 0.000, 0.000, 0.000, 0
  Mask: 01010111
        |  0  1  2  3  4  5  6  7  8  9  A  B  C  D  E  F      | 0123456789ABCDEF
    -----------------------------------------------------  ----------------------
      0 | 0E 2A 09 00 BF 51 00 01 BF 01 57 00 00 00 00 00    0 | .*...Q....W.....
      1 | 00 00 00 00 00 00 00 00 00 00 00 00 32 32 64 00    1 | ............22d.
      2 | 06 1B 00 00 00 00 00 20 00 00 00 00 00 00 00 00    2 | ....... ........
      3 | 01 00 02 03 6D 10 2C 20 00 30 64 40 64 50 40 60    3 | ....m., .0d@dP@`
      4 | 00 70 00 00 00 00 00 00 00 00 00 00 00 00 00 00    4 | .p..............
      5 | 00 00 00 00 -- -- -- -- -- -- -- -- -- -- -- --    5 | ....------------

NPC ID: 16797823
  Name: Morozko
  POLUtils_Name: Morozko
  Type: Simple NPC
  XYZR: 377.774, 26.314, -89.204, 47
  Mask: 00001111
        |  0  1  2  3  4  5  6  7  8  9  A  B  C  D  E  F      | 0123456789ABCDEF
    -----------------------------------------------------  ----------------------
      0 | 0E 20 0A 00 7F 50 00 01 7F 00 0F 2F 12 E3 BC 43    0 | . ...P...../...C
      1 | 12 83 D2 41 73 68 B2 C2 73 11 00 00 28 28 00 03    1 | ...Ash..s...((..
      2 | 07 83 00 00 00 0B 00 00 00 00 00 00 00 00 00 00    2 | ................
      3 | 00 00 16 01 4D 6F 72 6F 7A 6B 6F 00 00 00 00 00    3 | ....Morozko.....

NPC ID: 16798152
  Name: HomePoint#2
  POLUtils_Name: Home Point #2
  Type: Simple NPC
  XYZR: 379.000, 23.000, -62.600, 128
  Mask: 00001111
        |  0  1  2  3  4  5  6  7  8  9  A  B  C  D  E  F      | 0123456789ABCDEF
    -----------------------------------------------------  ----------------------
      0 | 0E 22 0A 00 C8 51 00 01 C8 01 0F 80 00 80 BD 43    0 | ."...Q.........C
      1 | 00 00 B8 41 66 66 7A C2 01 00 00 00 32 32 64 00    1 | ...Affz.....22d.
      2 | 00 03 00 00 00 00 00 00 00 00 00 00 00 00 00 00    2 | ................
      3 | 00 00 33 00 48 6F 6D 65 50 6F 69 6E 74 23 32 00    3 | ..3.HomePoint#2.
      4 | 00 00 00 00 -- -- -- -- -- -- -- -- -- -- -- --    4 | ....------------

