NPC ID: 17752456
  Name: blank
  POLUtils_Name:      
  Type: Decoration
  XYZR: 342.558, 39.302, 164.858, 77
  Mask: 00001111
        |  0  1  2  3  4  5  6  7  8  9  A  B  C  D  E  F      | 0123456789ABCDEF
    -----------------------------------------------------  ----------------------
      0 | 0E 1C 0A 00 88 E1 0E 01 88 01 0F 4D 6D 47 AB 43    0 | ...........MmG.C
      1 | 3F 35 1D 42 A6 DB 24 43 01 80 01 00 32 32 64 00    1 | ?5.B..$C....22d.
      2 | 02 1B 08 00 00 00 00 20 A0 00 00 00 00 00 00 00    2 | ....... ........
      3 | 00 00 47 01 00 00 00 00 -- -- -- -- -- -- -- --    3 | ..G.....--------

NPC ID: 17752170
  Name: Bulolo
  POLUtils_Name: Bulolo
  Type: Equipped NPC
  XYZR: -85.139, -4.999, 85.505, 97
  Mask: 01010111
        |  0  1  2  3  4  5  6  7  8  9  A  B  C  D  E  F      | 0123456789ABCDEF
    -----------------------------------------------------  ----------------------
      0 | 0E 28 0A 00 6A E0 0E 01 6A 00 57 61 2B 47 AA C2    0 | .(..j...j.Wa+G..
      1 | CF F7 9F C0 8F 02 AB 42 06 00 00 00 32 32 64 00    1 | .......B....22d.
      2 | 00 1B 00 00 00 00 00 20 00 00 01 00 00 00 00 00    2 | ....... ........
      3 | 01 00 00 06 00 10 08 20 08 30 08 40 08 50 00 60    3 | ....... .0.@.P.`
      4 | 00 70 00 00 00 00 00 00 00 00 00 00 00 00 00 00    4 | .p..............

NPC ID: 17752145
  Name: YungYaam
  POLUtils_Name: Yung Yaam
  Type: Simple NPC
  XYZR: -65.622, -3.800, 27.019, 142
  Mask: 00001111
        |  0  1  2  3  4  5  6  7  8  9  A  B  C  D  E  F      | 0123456789ABCDEF
    -----------------------------------------------------  ----------------------
      0 | 0E 20 0A 00 51 E0 0E 01 51 00 0F 8E 77 3E 83 C2    0 | . ..Q...Q...w>..
      1 | 33 33 73 C0 E9 26 D8 41 51 01 00 00 32 32 64 00    1 | 33s..&.AQ...22d.
      2 | 00 1B 00 40 00 00 00 20 00 00 00 00 00 00 00 00    2 | ...@... ........
      3 | 00 00 B6 00 59 75 6E 67 59 61 61 6D 00 00 00 00    3 | ....YungYaam....

NPC ID: 17752100
  Name: Taajiji
  POLUtils_Name: Taajiji
  Type: Equipped NPC
  XYZR: -67.321, -3.800, 27.741, 244
  Mask: 01010111
        |  0  1  2  3  4  5  6  7  8  9  A  B  C  D  E  F      | 0123456789ABCDEF
    -----------------------------------------------------  ----------------------
      0 | 0E 28 0A 00 24 E0 0E 01 24 00 57 F4 5A A4 86 C2    0 | .(..$...$.W.Z...
      1 | 33 33 73 C0 91 ED DD 41 07 00 00 00 32 32 64 00    1 | 33s....A....22d.
      2 | 00 1B 00 00 00 00 00 20 00 00 01 00 00 00 00 00    2 | ....... ........
      3 | 01 00 00 06 00 10 15 20 15 30 15 40 15 50 00 60    3 | ....... .0.@.P.`
      4 | 00 70 00 00 00 00 00 00 00 00 00 00 00 00 00 00    4 | .p..............

NPC ID: 17752322
  Name: Dabido-Sorobido
  POLUtils_Name: Dabido-Sorobido
  Type: Equipped NPC
  XYZR: -93.586, -3.499, 19.321, 205
  Mask: 01010111
        |  0  1  2  3  4  5  6  7  8  9  A  B  C  D  E  F      | 0123456789ABCDEF
    -----------------------------------------------------  ----------------------
      0 | 0E 2C 0A 00 02 E1 0E 01 02 01 57 CD 08 2C BB C2    0 | .,........W..,..
      1 | 9E EF 5F C0 68 91 9A 41 06 00 00 00 32 32 64 2F    1 | .._.h..A....22d/
      2 | 00 1B 00 00 00 00 00 20 00 00 01 00 00 00 00 00    2 | ....... ........
      3 | 01 00 04 05 00 10 2B 20 00 30 68 40 00 50 00 60    3 | ......+ .0h@.P.`
      4 | 00 70 00 00 00 00 00 00 00 00 00 00 00 00 00 00    4 | .p..............
      5 | 00 00 00 00 00 00 00 00 -- -- -- -- -- -- -- --    5 | ........--------

NPC ID: 17752400
  Name: blank
  POLUtils_Name:      
  Type: Decoration
  XYZR: -68.805, 0.000, 70.861, 46
  Mask: 00001111
        |  0  1  2  3  4  5  6  7  8  9  A  B  C  D  E  F      | 0123456789ABCDEF
    -----------------------------------------------------  ----------------------
      0 | 0E 1C 0A 00 50 E1 0E 01 50 01 0F 2E 29 9C 89 C2    0 | ....P...P...)...
      1 | 00 00 00 00 D5 B8 8D 42 14 80 00 00 32 32 64 00    1 | .......B....22d.
      2 | 02 1B 08 00 00 00 00 22 80 00 00 40 00 00 00 00    2 | ......."...@....
      3 | 00 00 D8 02 00 00 00 00 -- -- -- -- -- -- -- --    3 | ........--------

NPC ID: 17752396
  Name: blank
  POLUtils_Name:      
  Type: Decoration
  XYZR: -90.000, 0.000, 67.000, 64
  Mask: 00001111
        |  0  1  2  3  4  5  6  7  8  9  A  B  C  D  E  F      | 0123456789ABCDEF
    -----------------------------------------------------  ----------------------
      0 | 0E 1C 0A 00 4C E1 0E 01 4C 01 0F 40 00 00 B4 C2    0 | ....L...L..@....
      1 | 00 00 00 00 00 00 86 42 14 80 00 00 32 32 64 00    1 | .......B....22d.
      2 | 02 1B 08 00 00 00 00 22 80 00 00 40 00 00 00 00    2 | ......."...@....
      3 | 00 00 D7 02 00 00 00 00 -- -- -- -- -- -- -- --    3 | ........--------

NPC ID: 17752388
  Name: blank
  POLUtils_Name:      
  Type: Decoration
  XYZR: -51.913, 0.000, 51.330, 64
  Mask: 00001111
        |  0  1  2  3  4  5  6  7  8  9  A  B  C  D  E  F      | 0123456789ABCDEF
    -----------------------------------------------------  ----------------------
      0 | 0E 1C 0B 00 44 E1 0E 01 44 01 0F 40 E9 A6 4F C2    0 | ....D...D..@..O.
      1 | 00 00 00 00 EC 51 4D 42 14 80 00 00 32 32 64 00    1 | .....QMB....22d.
      2 | 02 1B 08 00 00 00 00 22 80 00 00 40 00 00 00 00    2 | ......."...@....
      3 | 00 00 D7 02 00 00 00 00 -- -- -- -- -- -- -- --    3 | ........--------

NPC ID: 17752384
  Name: blank
  POLUtils_Name:      
  Type: Decoration
  XYZR: -77.000, -3.500, 70.000, 117
  Mask: 00001111
        |  0  1  2  3  4  5  6  7  8  9  A  B  C  D  E  F      | 0123456789ABCDEF
    -----------------------------------------------------  ----------------------
      0 | 0E 1C 0B 00 40 E1 0E 01 40 01 0F 75 00 00 9A C2    0 | ....@...@..u....
      1 | 00 00 60 C0 00 00 8C 42 14 00 00 00 32 32 64 00    1 | ..`....B....22d.
      2 | 02 1B 08 00 00 00 00 20 80 00 00 40 00 00 00 00    2 | ....... ...@....
      3 | 00 00 F6 02 00 00 00 00 -- -- -- -- -- -- -- --    3 | ........--------

NPC ID: 17752328
  Name: Olaky-Yayulaky
  POLUtils_Name: Olaky-Yayulaky
  Type: Equipped NPC
  XYZR: -61.247, -3.500, 72.551, 18
  Mask: 01010111
        |  0  1  2  3  4  5  6  7  8  9  A  B  C  D  E  F      | 0123456789ABCDEF
    -----------------------------------------------------  ----------------------
      0 | 0E 2C 0B 00 08 E1 0E 01 08 01 57 12 EE FC 74 C2    0 | .,........W...t.
      1 | 00 00 60 C0 1D 1A 91 42 14 00 00 00 32 32 64 00    1 | ..`....B....22d.
      2 | 00 1B 00 00 00 00 00 20 00 00 01 00 00 00 00 00    2 | ....... ........
      3 | 01 00 07 05 00 10 82 20 20 30 0A 40 20 50 00 60    3 | .......  0.@ P.`
      4 | 00 70 00 00 00 00 00 00 00 00 00 00 00 00 00 00    4 | .p..............
      5 | 00 00 00 00 00 00 00 00 -- -- -- -- -- -- -- --    5 | ........--------

NPC ID: 17752264
  Name: Mulaujeant
  POLUtils_Name: Mulaujeant
  Type: Equipped NPC
  XYZR: -97.981, -2.000, 42.212, 176
  Mask: 01010111
        |  0  1  2  3  4  5  6  7  8  9  A  B  C  D  E  F      | 0123456789ABCDEF
    -----------------------------------------------------  ----------------------
      0 | 0E 2A 0B 00 C8 E0 0E 01 C8 00 57 B0 46 F6 C3 C2    0 | .*........W.F...
      1 | 00 00 00 C0 17 D9 28 42 14 00 00 00 32 32 64 00    1 | ......(B....22d.
      2 | 06 1B 00 00 00 00 00 20 00 00 01 00 00 00 00 00    2 | ....... ........
      3 | 01 00 0E 03 00 10 1B 20 1B 30 1B 40 1B 50 00 60    3 | ....... .0.@.P.`
      4 | 00 70 00 00 00 00 00 00 00 00 00 00 00 00 00 00    4 | .p..............
      5 | 00 00 00 00 -- -- -- -- -- -- -- -- -- -- -- --    5 | ....------------

NPC ID: 17752192
  Name: BuchiKohmrijah
  POLUtils_Name: Buchi Kohmrijah
  Type: Simple NPC
  XYZR: -80.366, -3.500, 8.954, 14
  Mask: 00001111
        |  0  1  2  3  4  5  6  7  8  9  A  B  C  D  E  F      | 0123456789ABCDEF
    -----------------------------------------------------  ----------------------
      0 | 0E 24 0B 00 80 E0 0E 01 80 00 0F 0E 64 BB A0 C2    0 | .$..........d...
      1 | 00 00 60 C0 96 43 0F 41 14 00 00 00 32 32 64 00    1 | ..`..C.A....22d.
      2 | 00 1B 00 00 00 00 00 20 00 00 00 00 00 00 00 00    2 | ....... ........
      3 | 00 00 B6 00 42 75 63 68 69 4B 6F 68 6D 72 69 6A    3 | ....BuchiKohmrij
      4 | 61 68 00 00 00 00 00 00 -- -- -- -- -- -- -- --    4 | ah......--------

NPC ID: 17752152
  Name: Orn
  POLUtils_Name: Orn
  Type: Equipped NPC
  XYZR: -71.722, -9.251, 31.741, 40
  Mask: 01010111
        |  0  1  2  3  4  5  6  7  8  9  A  B  C  D  E  F      | 0123456789ABCDEF
    -----------------------------------------------------  ----------------------
      0 | 0E 26 0B 00 58 E0 0E 01 58 00 57 28 AA 71 8F C2    0 | .&..X...X.W(.q..
      1 | 19 04 14 C1 91 ED FD 41 14 00 00 00 32 32 64 00    1 | .......A....22d.
      2 | 00 1B 00 00 00 00 00 20 00 00 01 00 00 00 00 00    2 | ....... ........
      3 | 01 00 00 01 00 10 08 20 08 30 08 40 08 50 00 60    3 | ....... .0.@.P.`
      4 | 00 70 00 00 00 00 00 00 00 00 00 00 -- -- -- --    4 | .p..........----

NPC ID: 17752493
  Name: Moogle
  POLUtils_Name: Moogle
  Type: Simple NPC
  XYZR: -46.500, -3.500, 60.200, 199
  Mask: 00001111
        |  0  1  2  3  4  5  6  7  8  9  A  B  C  D  E  F      | 0123456789ABCDEF
    -----------------------------------------------------  ----------------------
      0 | 0E 20 0B 00 AD E1 0E 01 AD 01 0F C7 00 00 3A C2    0 | . ............:.
      1 | 00 00 60 C0 CD CC 70 42 0E 00 00 00 32 32 64 00    1 | ..`...pB....22d.
      2 | 02 03 00 00 00 00 00 00 20 00 00 00 00 00 00 00    2 | ........ .......
      3 | 00 00 52 00 4D 6F 6F 67 6C 65 00 00 00 00 00 00    3 | ..R.Moogle......

NPC ID: 17752144
  Name: YuliYaam
  POLUtils_Name: Yuli Yaam
  Type: Simple NPC
  XYZR: -62.241, -3.500, 21.683, 216
  Mask: 00001111
        |  0  1  2  3  4  5  6  7  8  9  A  B  C  D  E  F      | 0123456789ABCDEF
    -----------------------------------------------------  ----------------------
      0 | 0E 20 0B 00 50 E0 0E 01 50 00 0F D8 C9 F6 78 C2    0 | . ..P...P.....x.
      1 | 00 00 60 C0 C9 76 AD 41 14 00 00 00 32 32 64 00    1 | ..`..v.A....22d.
      2 | 00 1B 00 00 00 00 00 20 00 00 00 00 00 00 00 00    2 | ....... ........
      3 | 00 00 2A 03 59 75 6C 69 59 61 61 6D 00 00 00 00    3 | ..*.YuliYaam....

NPC ID: 17752477
  Name: blank
  POLUtils_Name:      
  Type: Decoration
  XYZR: -43.700, -3.500, 57.953, 176
  Mask: 00001111
        |  0  1  2  3  4  5  6  7  8  9  A  B  C  D  E  F      | 0123456789ABCDEF
    -----------------------------------------------------  ----------------------
      0 | 0E 1C 0B 00 9D E1 0E 01 9D 01 0F B0 CD CC 2E C2    0 | ................
      1 | 00 00 60 C0 DF CF 67 42 0E 80 00 00 32 32 64 00    1 | ..`...gB....22d.
      2 | 02 1B 08 00 00 00 00 22 80 00 00 40 00 00 00 00    2 | ......."...@....
      3 | 00 00 E0 04 00 00 00 00 -- -- -- -- -- -- -- --    3 | ........--------

NPC ID: 17752397
  Name: blank
  POLUtils_Name:      
  Type: Decoration
  XYZR: -85.000, 0.000, 53.000, 46
  Mask: 00001111
        |  0  1  2  3  4  5  6  7  8  9  A  B  C  D  E  F      | 0123456789ABCDEF
    -----------------------------------------------------  ----------------------
      0 | 0E 1C 0B 00 4D E1 0E 01 4D 01 0F 2E 00 00 AA C2    0 | ....M...M.......
      1 | 00 00 00 00 00 00 54 42 0E 80 00 00 32 32 64 00    1 | ......TB....22d.
      2 | 02 1B 08 00 00 00 00 22 80 00 00 40 00 00 00 00    2 | ......."...@....
      3 | 00 00 D7 02 00 00 00 00 -- -- -- -- -- -- -- --    3 | ........--------

NPC ID: 17752385
  Name: blank
  POLUtils_Name:      
  Type: Decoration
  XYZR: -71.000, -3.500, 58.000, 101
  Mask: 00001111
        |  0  1  2  3  4  5  6  7  8  9  A  B  C  D  E  F      | 0123456789ABCDEF
    -----------------------------------------------------  ----------------------
      0 | 0E 1C 0B 00 41 E1 0E 01 41 01 0F 65 00 00 8E C2    0 | ....A...A..e....
      1 | 00 00 60 C0 00 00 68 42 0E 00 00 00 32 32 64 00    1 | ..`...hB....22d.
      2 | 02 1B 08 00 00 00 00 20 80 00 00 40 00 00 00 00    2 | ....... ...@....
      3 | 00 00 F6 02 00 00 00 00 -- -- -- -- -- -- -- --    3 | ........--------

NPC ID: 17752289
  Name: Lumomo
  POLUtils_Name: Lumomo
  Type: Equipped NPC
  XYZR: -55.770, -4.499, 18.914, 187
  Mask: 01010111
        |  0  1  2  3  4  5  6  7  8  9  A  B  C  D  E  F      | 0123456789ABCDEF
    -----------------------------------------------------  ----------------------
      0 | 0E 28 0B 00 E1 E0 0E 01 E1 00 57 BB 7B 14 5F C2    0 | .(........W.{._.
      1 | CF F7 8F C0 DF 4F 97 41 0E 00 00 00 32 32 64 00    1 | .....O.A....22d.
      2 | 00 1B 00 00 00 00 00 20 00 00 00 00 00 00 00 00    2 | ....... ........
      3 | 01 00 09 06 0E 10 13 20 09 30 09 40 09 50 00 60    3 | ....... .0.@.P.`
      4 | 00 70 00 00 00 00 00 00 00 00 00 00 00 00 00 00    4 | .p..............

NPC ID: 17752197
  Name: Gordias
  POLUtils_Name: Gordias
  Type: Simple NPC
  XYZR: -60.577, -3.500, 39.250, 238
  Mask: 00001111
        |  0  1  2  3  4  5  6  7  8  9  A  B  C  D  E  F      | 0123456789ABCDEF
    -----------------------------------------------------  ----------------------
      0 | 0E 20 0B 00 85 E0 0E 01 85 00 0F EE D9 4E 72 C2    0 | . ...........Nr.
      1 | 00 00 60 C0 00 00 1D 42 0E 00 00 00 32 32 64 00    1 | ..`....B....22d.
      2 | 00 1B 00 00 00 00 00 20 00 00 00 00 00 00 00 00    2 | ....... ........
      3 | 00 00 63 00 47 6F 72 64 69 61 73 00 00 00 00 00    3 | ..c.Gordias.....

NPC ID: 17752478
  Name: blank
  POLUtils_Name:      
  Type: Decoration
  XYZR: -61.945, -3.500, 74.746, 243
  Mask: 00001111
        |  0  1  2  3  4  5  6  7  8  9  A  B  C  D  E  F      | 0123456789ABCDEF
    -----------------------------------------------------  ----------------------
      0 | 0E 1C 0B 00 9E E1 0E 01 9E 01 0F F3 AE C7 77 C2    0 | ..............w.
      1 | 00 00 60 C0 F4 7D 95 42 07 80 00 00 32 32 64 00    1 | ..`..}.B....22d.
      2 | 02 1B 08 00 00 00 00 22 80 00 00 40 00 00 00 00    2 | ......."...@....
      3 | 00 00 E0 04 00 00 00 00 -- -- -- -- -- -- -- --    3 | ........--------

NPC ID: 17752398
  Name: blank
  POLUtils_Name:      
  Type: Decoration
  XYZR: -82.000, 0.000, 44.000, 96
  Mask: 00001111
        |  0  1  2  3  4  5  6  7  8  9  A  B  C  D  E  F      | 0123456789ABCDEF
    -----------------------------------------------------  ----------------------
      0 | 0E 1C 0C 00 4E E1 0E 01 4E 01 0F 60 00 00 A4 C2    0 | ....N...N..`....
      1 | 00 00 00 00 00 00 30 42 07 80 00 00 32 32 64 00    1 | ......0B....22d.
      2 | 02 1B 08 00 00 00 00 22 80 00 00 40 00 00 00 00    2 | ......."...@....
      3 | 00 00 D7 02 00 00 00 00 -- -- -- -- -- -- -- --    3 | ........--------

NPC ID: 17752262
  Name: Gantineux
  POLUtils_Name: Gantineux
  Type: Simple NPC
  XYZR: -85.112, -9.250, 3.318, 141
  Mask: 00001111
        |  0  1  2  3  4  5  6  7  8  9  A  B  C  D  E  F      | 0123456789ABCDEF
    -----------------------------------------------------  ----------------------
      0 | 0E 22 0C 00 C6 E0 0E 01 C6 00 0F 8D 58 39 AA C2    0 | ."..........X9..
      1 | 00 00 14 C1 1D 5A 54 40 07 00 00 00 32 32 64 00    1 | .....ZT@....22d.
      2 | 00 1B 00 00 00 00 00 20 00 00 00 00 00 00 00 00    2 | ....... ........
      3 | 00 00 82 00 47 61 6E 74 69 6E 65 75 78 00 00 00    3 | ....Gantineux...
      4 | 00 00 00 00 -- -- -- -- -- -- -- -- -- -- -- --    4 | ....------------

NPC ID: 17752386
  Name: blank
  POLUtils_Name:      
  Type: Decoration
  XYZR: -62.000, -3.500, 49.000, 88
  Mask: 00001111
        |  0  1  2  3  4  5  6  7  8  9  A  B  C  D  E  F      | 0123456789ABCDEF
    -----------------------------------------------------  ----------------------
      0 | 0E 1C 0C 00 42 E1 0E 01 42 01 0F 58 00 00 78 C2    0 | ....B...B..X..x.
      1 | 00 00 60 C0 00 00 44 42 07 00 00 00 32 32 64 00    1 | ..`...DB....22d.
      2 | 02 1B 08 00 00 00 00 20 80 00 00 40 00 00 00 00    2 | ....... ...@....
      3 | 00 00 F6 02 00 00 00 00 -- -- -- -- -- -- -- --    3 | ........--------

NPC ID: 17752146
  Name: Zabirego-Hajigo
  POLUtils_Name: Zabirego-Hajigo
  Type: Simple NPC
  XYZR: -58.604, -3.835, 26.717, 107
  Mask: 00001111
        |  0  1  2  3  4  5  6  7  8  9  A  B  C  D  E  F      | 0123456789ABCDEF
    -----------------------------------------------------  ----------------------
      0 | 0E 24 0C 00 52 E0 0E 01 52 00 0F 6B 7F 6A 6A C2    0 | .$..R...R..k.jj.
      1 | A4 70 75 C0 6A BC D5 41 07 00 00 00 32 32 64 00    1 | .pu.j..A....22d.
      2 | 00 1B 00 00 00 00 00 20 00 00 02 00 00 00 00 00    2 | ....... ........
      3 | 00 00 6D 00 5A 61 62 69 72 65 67 6F 2D 48 61 6A    3 | ..m.Zabirego-Haj
      4 | 69 67 6F 00 00 00 00 00 -- -- -- -- -- -- -- --    4 | igo.....--------

NPC ID: 17752498
  Name: SprigganGraver
  POLUtils_Name: Spriggan Graverobber
  Type: Simple NPC
  XYZR: -53.300, -3.500, 44.800, 79
  Mask: 00001111
        |  0  1  2  3  4  5  6  7  8  9  A  B  C  D  E  F      | 0123456789ABCDEF
    -----------------------------------------------------  ----------------------
      0 | 0E 24 0C 00 B2 E1 0E 01 B2 01 0F 4F 33 33 55 C2    0 | .$.........O33U.
      1 | 00 00 60 C0 33 33 33 42 00 00 00 00 32 32 64 00    1 | ..`.333B....22d.
      2 | 06 05 00 00 00 00 00 00 20 00 00 00 00 00 00 00    2 | ........ .......
      3 | 00 00 89 09 53 70 72 69 67 67 61 6E 47 72 61 76    3 | ....SprigganGrav
      4 | 65 72 00 00 00 00 00 00 -- -- -- -- -- -- -- --    4 | er......--------

NPC ID: 17752142
  Name: Aramu-Paramu
  POLUtils_Name: Aramu-Paramu
  Type: Equipped NPC
  XYZR: -66.924, -3.800, 26.038, 211
  Mask: 01010111
        |  0  1  2  3  4  5  6  7  8  9  A  B  C  D  E  F      | 0123456789ABCDEF
    -----------------------------------------------------  ----------------------
      0 | 0E 2A 0C 00 4E E0 0E 01 4E 00 57 D3 17 D9 85 C2    0 | .*..N...N.W.....
      1 | 33 33 73 C0 D3 4D D0 41 07 00 00 00 32 32 64 00    1 | 33s..M.A....22d.
      2 | 00 1B 00 00 00 00 00 20 00 00 01 00 00 00 00 00    2 | ....... ........
      3 | 01 00 02 05 00 10 08 20 08 30 08 40 08 50 00 60    3 | ....... .0.@.P.`
      4 | 00 70 00 00 00 00 00 00 00 00 00 00 00 00 00 00    4 | .p..............
      5 | 00 00 00 00 -- -- -- -- -- -- -- -- -- -- -- --    5 | ....------------

NPC ID: 17752497
  Name: SprigganCrier
  POLUtils_Name: Spriggan Crier
  Type: Simple NPC
  XYZR: -54.500, -3.500, 45.300, 79
  Mask: 00001111
        |  0  1  2  3  4  5  6  7  8  9  A  B  C  D  E  F      | 0123456789ABCDEF
    -----------------------------------------------------  ----------------------
      0 | 0E 24 0C 00 B1 E1 0E 01 B1 01 0F 4F 00 00 5A C2    0 | .$.........O..Z.
      1 | 00 00 60 C0 33 33 35 42 00 00 00 00 32 32 64 00    1 | ..`.335B....22d.
      2 | 06 05 00 00 00 00 00 00 20 00 00 00 00 00 00 00    2 | ........ .......
      3 | 00 00 88 09 53 70 72 69 67 67 61 6E 43 72 69 65    3 | ....SprigganCrie
      4 | 72 00 00 00 00 00 00 00 -- -- -- -- -- -- -- --    4 | r.......--------

NPC ID: 17752495
  Name: Moogle
  POLUtils_Name: Moogle
  Type: Simple NPC
  XYZR: -55.500, -3.500, 45.500, 79
  Mask: 00001111
        |  0  1  2  3  4  5  6  7  8  9  A  B  C  D  E  F      | 0123456789ABCDEF
    -----------------------------------------------------  ----------------------
      0 | 0E 20 0C 00 AF E1 0E 01 AF 01 0F 4F 00 00 5E C2    0 | . .........O..^.
      1 | 00 00 60 C0 00 00 36 42 00 00 00 00 32 32 64 00    1 | ..`...6B....22d.
      2 | 06 03 00 00 00 00 00 00 20 00 00 00 00 00 00 00    2 | ........ .......
      3 | 00 00 52 00 4D 6F 6F 67 6C 65 00 00 00 00 00 00    3 | ..R.Moogle......

NPC ID: 17752496
  Name: SprigganSifter
  POLUtils_Name: Spriggan Sifter
  Type: Simple NPC
  XYZR: -54.200, -3.500, 44.400, 79
  Mask: 00001111
        |  0  1  2  3  4  5  6  7  8  9  A  B  C  D  E  F      | 0123456789ABCDEF
    -----------------------------------------------------  ----------------------
      0 | 0E 24 0C 00 B0 E1 0E 01 B0 01 0F 4F CD CC 58 C2    0 | .$.........O..X.
      1 | 00 00 60 C0 9A 99 31 42 00 00 00 00 32 32 64 00    1 | ..`...1B....22d.
      2 | 06 05 00 00 00 00 00 00 20 00 00 00 00 00 00 00    2 | ........ .......
      3 | 00 00 80 09 53 70 72 69 67 67 61 6E 53 69 66 74    3 | ....SprigganSift
      4 | 65 72 00 00 00 00 00 00 -- -- -- -- -- -- -- --    4 | er......--------

NPC ID: 17752492
  Name: Moogle
  POLUtils_Name: Moogle
  Type: Simple NPC
  XYZR: -48.385, -3.500, 60.935, 213
  Mask: 00001111
        |  0  1  2  3  4  5  6  7  8  9  A  B  C  D  E  F      | 0123456789ABCDEF
    -----------------------------------------------------  ----------------------
      0 | 0E 20 0C 00 AC E1 0E 01 AC 01 0F D5 3D 8A 41 C2    0 | . ..........=.A.
      1 | 00 00 60 C0 71 BD 73 42 01 00 00 00 32 32 64 00    1 | ..`.q.sB....22d.
      2 | 02 03 00 00 00 00 00 00 20 00 00 00 00 00 00 00    2 | ........ .......
      3 | 00 00 52 00 4D 6F 6F 67 6C 65 00 00 00 00 00 00    3 | ..R.Moogle......

NPC ID: 17752479
  Name: blank
  POLUtils_Name:      
  Type: Decoration
  XYZR: -85.583, -5.000, 89.591, 0
  Mask: 00001111
        |  0  1  2  3  4  5  6  7  8  9  A  B  C  D  E  F      | 0123456789ABCDEF
    -----------------------------------------------------  ----------------------
      0 | 0E 1C 0C 00 9F E1 0E 01 9F 01 0F 00 7F 2A AB C2    0 | .............*..
      1 | 00 00 A0 C0 98 2E B3 42 01 80 00 00 32 32 64 00    1 | .......B....22d.
      2 | 02 1B 08 00 00 00 00 22 80 00 00 40 00 00 00 00    2 | ......."...@....
      3 | 00 00 E0 04 00 00 00 00 -- -- -- -- -- -- -- --    3 | ........--------

NPC ID: 17752469
  Name: Fashionista
  POLUtils_Name: Fashionista
  Type: Equipped NPC
  XYZR: -47.567, -3.500, 65.280, 207
  Mask: 01010111
        |  0  1  2  3  4  5  6  7  8  9  A  B  C  D  E  F      | 0123456789ABCDEF
    -----------------------------------------------------  ----------------------
      0 | 0E 2A 0D 00 95 E1 0E 01 95 01 57 CF 9C 44 3E C2    0 | .*........W..D>.
      1 | 00 00 60 C0 5C 8F 82 42 00 00 00 00 32 32 64 00    1 | ..`.\\..B....22d.
      2 | 00 03 00 00 00 00 00 00 00 00 00 60 00 00 00 00    2 | ...........`....
      3 | 01 00 1E 05 A3 11 A3 21 A3 31 3E 40 D6 51 4C 61    3 | .......!.1>@.QLa
      4 | 00 70 00 00 00 00 00 00 00 00 00 00 00 00 00 00    4 | .p..............
      5 | 00 00 00 00 -- -- -- -- -- -- -- -- -- -- -- --    5 | ....------------

NPC ID: 17752468
  Name: Fashionista
  POLUtils_Name: Fashionista
  Type: Equipped NPC
  XYZR: -44.598, -3.500, 64.088, 207
  Mask: 01010111
        |  0  1  2  3  4  5  6  7  8  9  A  B  C  D  E  F      | 0123456789ABCDEF
    -----------------------------------------------------  ----------------------
      0 | 0E 2A 0D 00 94 E1 0E 01 94 01 57 CF 5A 64 32 C2    0 | .*........W.Zd2.
      1 | 00 00 60 C0 0E 2D 80 42 00 00 00 00 32 32 64 00    1 | ..`..-.B....22d.
      2 | 00 03 00 00 00 00 00 00 00 00 00 60 00 00 00 00    2 | ...........`....
      3 | 01 00 1E 07 A3 11 A3 21 A3 31 43 42 43 52 4C 61    3 | .......!.1CBCRLa
      4 | 00 70 00 00 00 00 00 00 00 00 00 00 00 00 00 00    4 | .p..............
      5 | 00 00 00 00 -- -- -- -- -- -- -- -- -- -- -- --    5 | ....------------

NPC ID: 17752467
  Name: Fashionista
  POLUtils_Name: Fashionista
  Type: Equipped NPC
  XYZR: -45.896, -3.500, 65.148, 207
  Mask: 01010111
        |  0  1  2  3  4  5  6  7  8  9  A  B  C  D  E  F      | 0123456789ABCDEF
    -----------------------------------------------------  ----------------------
      0 | 0E 2A 0D 00 93 E1 0E 01 93 01 57 CF 81 95 37 C2    0 | .*........W...7.
      1 | 00 00 60 C0 C7 4B 82 42 00 00 00 00 32 32 64 00    1 | ..`..K.B....22d.
      2 | 00 03 00 00 00 00 00 00 00 00 00 60 00 00 00 00    2 | ...........`....
      3 | 01 00 1E 07 A3 11 A3 21 A3 31 3E 40 A8 50 4C 61    3 | .......!.1>@.PLa
      4 | 00 70 00 00 00 00 00 00 00 00 00 00 00 00 00 00    4 | .p..............
      5 | 00 00 00 00 -- -- -- -- -- -- -- -- -- -- -- --    5 | ....------------

NPC ID: 17752466
  Name: blank
  POLUtils_Name:      
  Type: Decoration
  XYZR: -47.200, -3.500, 61.900, 207
  Mask: 00001111
        |  0  1  2  3  4  5  6  7  8  9  A  B  C  D  E  F      | 0123456789ABCDEF
    -----------------------------------------------------  ----------------------
      0 | 0E 1C 0D 00 92 E1 0E 01 92 01 0F CF CD CC 3C C2    0 | ..............<.
      1 | 00 00 60 C0 9A 99 77 42 00 00 00 00 32 32 64 00    1 | ..`...wB....22d.
      2 | 00 1B 08 00 00 00 00 20 00 00 00 60 00 00 00 00    2 | ....... ...`....
      3 | 00 00 0C 08 00 00 00 00 -- -- -- -- -- -- -- --    3 | ........--------

NPC ID: 17752465
  Name: Ensemble Maven
  POLUtils_Name: Ensemble Maven
  Type: Equipped NPC
  XYZR: -43.488, -3.500, 60.410, 206
  Mask: 01010111
        |  0  1  2  3  4  5  6  7  8  9  A  B  C  D  E  F      | 0123456789ABCDEF
    -----------------------------------------------------  ----------------------
      0 | 0E 2C 0D 00 91 E1 0E 01 91 01 57 CE B6 F3 2D C2    0 | .,........W...-.
      1 | 00 00 60 C0 D7 A3 71 42 00 00 00 00 32 32 64 00    1 | ..`...qB....22d.
      2 | 00 03 00 00 00 00 00 00 20 00 00 00 00 00 00 00    2 | ........ .......
      3 | 01 00 0E 06 32 10 74 21 74 31 74 41 74 51 00 60    3 | ....2.t!t1tAtQ.`
      4 | 00 70 00 00 00 00 00 00 00 00 00 00 00 00 00 00    4 | .p..............
      5 | 00 00 00 00 00 00 00 00 -- -- -- -- -- -- -- --    5 | ........--------

NPC ID: 17752444
  Name: blank
  POLUtils_Name:      
  Type: Decoration
  XYZR: -85.583, -5.000, 89.591, 0
  Mask: 00001111
        |  0  1  2  3  4  5  6  7  8  9  A  B  C  D  E  F      | 0123456789ABCDEF
    -----------------------------------------------------  ----------------------
      0 | 0E 1C 0D 00 7C E1 0E 01 7C 01 0F 00 7F 2A AB C2    0 | ....|...|....*..
      1 | 00 00 A0 C0 98 2E B3 42 01 80 00 00 32 32 64 00    1 | .......B....22d.
      2 | 02 1B 08 00 00 00 00 22 80 00 00 40 00 00 00 00    2 | ......."...@....
      3 | 00 00 06 05 00 00 00 00 -- -- -- -- -- -- -- --    3 | ........--------

NPC ID: 17752443
  Name: blank
  POLUtils_Name:      
  Type: Decoration
  XYZR: -61.945, -3.500, 74.746, 243
  Mask: 00001111
        |  0  1  2  3  4  5  6  7  8  9  A  B  C  D  E  F      | 0123456789ABCDEF
    -----------------------------------------------------  ----------------------
      0 | 0E 1C 0D 00 7B E1 0E 01 7B 01 0F F3 AE C7 77 C2    0 | ....{...{.....w.
      1 | 00 00 60 C0 F4 7D 95 42 01 80 00 00 32 32 64 00    1 | ..`..}.B....22d.
      2 | 02 1B 08 00 00 00 00 22 80 00 00 40 00 00 00 00    2 | ......."...@....
      3 | 00 00 06 05 00 00 00 00 -- -- -- -- -- -- -- --    3 | ........--------

NPC ID: 17752442
  Name: blank
  POLUtils_Name:      
  Type: Decoration
  XYZR: -43.700, -3.500, 57.953, 176
  Mask: 00001111
        |  0  1  2  3  4  5  6  7  8  9  A  B  C  D  E  F      | 0123456789ABCDEF
    -----------------------------------------------------  ----------------------
      0 | 0E 1C 0D 00 7A E1 0E 01 7A 01 0F B0 CD CC 2E C2    0 | ....z...z.......
      1 | 00 00 60 C0 DF CF 67 42 01 80 00 00 32 32 64 00    1 | ..`...gB....22d.
      2 | 02 1B 08 00 00 00 00 22 80 00 00 40 00 00 00 00    2 | ......."...@....
      3 | 00 00 06 05 00 00 00 00 -- -- -- -- -- -- -- --    3 | ........--------

NPC ID: 17752427
  Name: TreasureCoffer
  POLUtils_Name: Treasure Coffer
  Type: Simple NPC
  XYZR: -54.075, -3.500, 45.366, 79
  Mask: 00001111
        |  0  1  2  3  4  5  6  7  8  9  A  B  C  D  E  F      | 0123456789ABCDEF
    -----------------------------------------------------  ----------------------
      0 | 0E 24 0D 00 6B E1 0E 01 6B 01 0F 4F CD 4C 58 C2    0 | .$..k...k..O.LX.
      1 | 00 00 60 C0 C9 76 35 42 01 00 00 00 32 32 64 00    1 | ..`..v5B....22d.
      2 | 02 03 00 00 00 00 00 00 20 00 00 00 00 00 00 00    2 | ........ .......
      3 | 00 00 C8 03 54 72 65 61 73 75 72 65 43 6F 66 66    3 | ....TreasureCoff
      4 | 65 72 00 00 00 00 00 00 -- -- -- -- -- -- -- --    4 | er......--------

NPC ID: 17752383
  Name: blank
  POLUtils_Name:      
  Type: Decoration
  XYZR: -91.000, -2.000, 50.000, 112
  Mask: 00001111
        |  0  1  2  3  4  5  6  7  8  9  A  B  C  D  E  F      | 0123456789ABCDEF
    -----------------------------------------------------  ----------------------
      0 | 0E 1C 0D 00 3F E1 0E 01 3F 01 0F 70 00 00 B6 C2    0 | ....?...?..p....
      1 | 00 00 00 C0 00 00 48 42 01 80 00 00 32 32 64 00    1 | ......HB....22d.
      2 | 02 1B 08 00 00 00 00 22 A0 00 00 40 00 00 00 00    2 | ......."...@....
      3 | 00 00 F7 02 00 00 00 00 -- -- -- -- -- -- -- --    3 | ........--------

NPC ID: 17752399
  Name: blank
  POLUtils_Name:      
  Type: Decoration
  XYZR: -90.000, 0.000, 38.000, 106
  Mask: 00001111
        |  0  1  2  3  4  5  6  7  8  9  A  B  C  D  E  F      | 0123456789ABCDEF
    -----------------------------------------------------  ----------------------
      0 | 0E 1C 0D 00 4F E1 0E 01 4F 01 0F 6A 00 00 B4 C2    0 | ....O...O..j....
      1 | 00 00 00 00 00 00 18 42 01 80 00 00 32 32 64 00    1 | .......B....22d.
      2 | 02 1B 08 00 00 00 00 22 80 00 00 40 00 00 00 00    2 | ......."...@....
      3 | 00 00 D7 02 00 00 00 00 -- -- -- -- -- -- -- --    3 | ........--------

NPC ID: 17752341
  Name: GameTable
  POLUtils_Name: Game Table
  Type: Simple NPC
  XYZR: -56.374, -4.335, 24.916, 121
  Mask: 00001111
        |  0  1  2  3  4  5  6  7  8  9  A  B  C  D  E  F      | 0123456789ABCDEF
    -----------------------------------------------------  ----------------------
      0 | 0E 22 0D 00 15 E1 0E 01 15 01 0F 79 FA 7E 61 C2    0 | .".........y.~a.
      1 | 52 B8 8A C0 F8 53 C7 41 01 80 00 00 32 32 64 00    1 | R....S.A....22d.
      2 | 00 03 00 00 00 00 00 00 00 00 00 00 00 00 00 00    2 | ................
      3 | 00 00 34 00 47 61 6D 65 54 61 62 6C 65 00 00 00    3 | ..4.GameTable...
      4 | 00 00 00 00 -- -- -- -- -- -- -- -- -- -- -- --    4 | ....------------

NPC ID: 17752236
  Name: _6m6
  POLUtils_Name: Door:Hostelry Room #2
  Type: Simple NPC
  XYZR: -66.958, -10.809, 23.847, 0
  Mask: 00000111
        |  0  1  2  3  4  5  6  7  8  9  A  B  C  D  E  F      | 0123456789ABCDEF
    -----------------------------------------------------  ----------------------
      0 | 0E 20 0E 00 AC E0 0E 01 AC 00 07 00 7F EA 85 C2    0 | . ..............
      1 | AA F1 2C C1 A8 C6 BE 41 01 00 00 00 32 32 64 09    1 | ..,....A....22d.
      2 | 00 03 10 00 00 00 00 00 00 00 00 00 00 00 00 00    2 | ................
      3 | 02 00 00 00 5F 36 6D 36 00 00 00 00 00 00 00 00    3 | ...._6m6........

NPC ID: 17752233
  Name: _6m3
  POLUtils_Name: Door:"Timbre Timbers"
  Type: Simple NPC
  XYZR: -67.865, -5.000, 21.787, 0
  Mask: 00000111
        |  0  1  2  3  4  5  6  7  8  9  A  B  C  D  E  F      | 0123456789ABCDEF
    -----------------------------------------------------  ----------------------
      0 | 0E 20 0E 00 A9 E0 0E 01 A9 00 07 00 E1 BA 87 C2    0 | . ..............
      1 | 00 00 A0 C0 C7 4B AE 41 01 00 00 00 32 32 64 09    1 | .....K.A....22d.
      2 | 00 03 10 00 00 00 00 00 00 00 00 00 00 00 00 00    2 | ................
      3 | 02 00 00 00 5F 36 6D 33 00 00 00 00 00 00 00 00    3 | ...._6m3........

NPC ID: 17752232
  Name: _6m2
  POLUtils_Name: Door:"Timbre Timbers"
  Type: Simple NPC
  XYZR: -60.654, -5.000, 31.356, 0
  Mask: 00000111
        |  0  1  2  3  4  5  6  7  8  9  A  B  C  D  E  F      | 0123456789ABCDEF
    -----------------------------------------------------  ----------------------
      0 | 0E 20 0E 00 A8 E0 0E 01 A8 00 07 00 B2 9D 72 C2    0 | . ............r.
      1 | 00 00 A0 C0 17 D9 FA 41 01 00 00 00 32 32 64 09    1 | .......A....22d.
      2 | 00 03 10 00 00 00 00 00 00 00 00 00 00 00 00 00    2 | ................
      3 | 02 00 00 00 5F 36 6D 32 00 00 00 00 00 00 00 00    3 | ...._6m2........

NPC ID: 17752219
  Name: HomePoint#4
  POLUtils_Name: Home Point #4
  Type: Simple NPC
  XYZR: -92.000, -2.000, 54.000, 192
  Mask: 00001111
        |  0  1  2  3  4  5  6  7  8  9  A  B  C  D  E  F      | 0123456789ABCDEF
    -----------------------------------------------------  ----------------------
      0 | 0E 22 0E 00 9B E0 0E 01 9B 00 0F C0 00 00 B8 C2    0 | ."..............
      1 | 00 00 00 C0 00 00 58 42 01 00 00 00 32 32 64 00    1 | ......XB....22d.
      2 | 00 03 00 00 00 00 00 00 00 00 00 00 00 00 00 00    2 | ................
      3 | 00 00 33 00 48 6F 6D 65 50 6F 69 6E 74 23 34 00    3 | ..3.HomePoint#4.
      4 | 00 00 00 00 -- -- -- -- -- -- -- -- -- -- -- --    4 | ....------------

NPC ID: 17752163
  Name: Karuru
  POLUtils_Name: Karuru
  Type: Equipped NPC
  XYZR: -62.484, -5.000, 81.712, 220
  Mask: 01010111
        |  0  1  2  3  4  5  6  7  8  9  A  B  C  D  E  F      | 0123456789ABCDEF
    -----------------------------------------------------  ----------------------
      0 | 0E 28 0E 00 63 E0 0E 01 63 00 57 DC 9E EF 79 C2    0 | .(..c...c.W...y.
      1 | 00 00 A0 C0 8B 6C A3 42 01 00 00 00 32 32 64 00    1 | .....l.B....22d.
      2 | 00 1B 00 00 00 00 00 20 00 00 01 00 00 00 00 00    2 | ....... ........
      3 | 01 00 00 06 00 10 08 20 08 30 08 40 08 50 00 60    3 | ....... .0.@.P.`
      4 | 00 70 00 00 00 00 00 00 00 00 00 00 00 00 00 00    4 | .p..............

NPC ID: 17752147
  Name: Kyume-Romeh
  POLUtils_Name: Kyume-Romeh
  Type: Equipped NPC
  XYZR: -54.470, -4.500, 23.245, 205
  Mask: 01010111
        |  0  1  2  3  4  5  6  7  8  9  A  B  C  D  E  F      | 0123456789ABCDEF
    -----------------------------------------------------  ----------------------
      0 | 0E 2A 0E 00 53 E0 0E 01 53 00 57 CD 48 E1 59 C2    0 | .*..S...S.W.H.Y.
      1 | 00 00 90 C0 C3 F5 B9 41 01 00 00 00 32 32 64 00    1 | .......A....22d.
      2 | 00 1B 00 00 00 00 00 20 00 00 01 00 00 00 00 00    2 | ....... ........
      3 | 01 00 0A 05 00 10 08 20 08 30 08 40 08 50 00 60    3 | ....... .0.@.P.`
      4 | 00 70 00 00 00 00 00 00 00 00 00 00 00 00 00 00    4 | .p..............
      5 | 00 00 00 00 -- -- -- -- -- -- -- -- -- -- -- --    5 | ....------------

NPC ID: 17752143
  Name: Jatan-Paratan
  POLUtils_Name: Jatan-Paratan
  Type: Simple NPC
  XYZR: -59.998, -4.105, 19.775, 212
  Mask: 00001111
        |  0  1  2  3  4  5  6  7  8  9  A  B  C  D  E  F      | 0123456789ABCDEF
    -----------------------------------------------------  ----------------------
      0 | 0E 24 0E 00 4F E0 0E 01 4F 00 0F D4 F4 FD 6F C2    0 | .$..O...O.....o.
      1 | 29 5C 83 C0 33 33 9E 41 01 00 00 00 32 32 64 00    1 | )\\..33.A....22d.
      2 | 00 1B 00 00 00 00 00 20 00 00 00 00 00 00 00 00    2 | ....... ........
      3 | 00 00 29 03 4A 61 74 61 6E 2D 50 61 72 61 74 61    3 | ..).Jatan-Parata
      4 | 6E 00 00 00 00 00 00 00 -- -- -- -- -- -- -- --    4 | n.......--------

NPC ID: 17752299
  Name: TrickBones
  POLUtils_Name: Trick Bones
  Type: Simple NPC
  XYZR: -110.860, -2.624, 47.787, 222
  Mask: 00001111
        |  0  1  2  3  4  5  6  7  8  9  A  B  C  D  E  F      | 0123456789ABCDEF
    -----------------------------------------------------  ----------------------
      0 | 0E 22 0E 00 EB E0 0E 01 EB 00 0F DE 52 B8 DD C2    0 | ."..........R...
      1 | 9E EF 27 C0 E3 25 3F 42 BA 01 00 00 28 28 64 00    1 | ..'..%?B....((d.
      2 | 00 83 04 00 00 0C 00 00 00 00 00 00 00 00 00 00    2 | ................
      3 | 00 00 34 02 54 72 69 63 6B 42 6F 6E 65 73 00 00    3 | ..4.TrickBones..
      4 | 00 00 00 00 -- -- -- -- -- -- -- -- -- -- -- --    4 | ....------------

NPC ID: 17752171
  Name: Janta-Jonta
  POLUtils_Name: Janta-Jonta
  Type: Simple NPC
  XYZR: -109.966, -2.000, 49.715, 232
  Mask: 00001111
        |  0  1  2  3  4  5  6  7  8  9  A  B  C  D  E  F      | 0123456789ABCDEF
    -----------------------------------------------------  ----------------------
      0 | 0E 22 0E 00 6B E0 0E 01 6B 00 0F E8 98 EE DB C2    0 | ."..k...k.......
      1 | 00 00 00 C0 29 DC 46 42 16 0A 00 00 15 15 64 00    1 | ....).FB......d.
      2 | 00 1B 00 40 00 00 00 20 00 00 00 00 00 00 00 00    2 | ...@... ........
      3 | 00 00 36 03 4A 61 6E 74 61 2D 4A 6F 6E 74 61 00    3 | ..6.Janta-Jonta.
      4 | 00 00 00 00 -- -- -- -- -- -- -- -- -- -- -- --    4 | ....------------

NPC ID: 17752172
  Name: Rabiri-Tabiri
  POLUtils_Name: Rabiri-Tabiri
  Type: Simple NPC
  XYZR: -104.287, -2.000, 42.638, 148
  Mask: 00001111
        |  0  1  2  3  4  5  6  7  8  9  A  B  C  D  E  F      | 0123456789ABCDEF
    -----------------------------------------------------  ----------------------
      0 | 0E 24 0E 00 6C E0 0E 01 6C 00 0F 94 F2 92 D0 C2    0 | .$..l...l.......
      1 | 00 00 00 C0 50 8D 2A 42 E4 03 00 00 15 15 64 00    1 | ....P.*B......d.
      2 | 00 1B 00 40 00 00 00 20 00 00 00 00 00 00 00 00    2 | ...@... ........
      3 | 00 00 A6 00 52 61 62 69 72 69 2D 54 61 62 69 72    3 | ....Rabiri-Tabir
      4 | 69 00 00 00 00 00 00 00 -- -- -- -- -- -- -- --    4 | i.......--------

NPC ID: 17752141
  Name: Kopopo
  POLUtils_Name: Kopopo
  Type: Equipped NPC
  XYZR: -103.935, -2.875, 74.304, 43
  Mask: 01010111
        |  0  1  2  3  4  5  6  7  8  9  A  B  C  D  E  F      | 0123456789ABCDEF
    -----------------------------------------------------  ----------------------
      0 | 0E 28 0F 00 4D E0 0E 01 4D 00 57 2B B8 DE CF C2    0 | .(..M...M.W+....
      1 | 00 00 38 C0 A6 9B 94 42 07 00 00 00 32 32 64 00    1 | ..8....B....22d.
      2 | 00 1B 00 00 00 00 00 20 00 00 01 00 00 00 00 00    2 | ....... ........
      3 | 01 00 00 06 00 10 08 20 08 30 08 40 08 50 00 60    3 | ....... .0.@.P.`
      4 | 00 70 00 00 00 00 00 00 00 00 00 00 00 00 00 00    4 | .p..............

NPC ID: 17752140
  Name: Chomo Jinjahl
  POLUtils_Name: Chomo Jinjahl
  Type: Equipped NPC
  XYZR: -105.094, -2.222, 73.791, 42
  Mask: 01010111
        |  0  1  2  3  4  5  6  7  8  9  A  B  C  D  E  F      | 0123456789ABCDEF
    -----------------------------------------------------  ----------------------
      0 | 0E 2A 0F 00 4C E0 0E 01 4C 00 57 2A 21 30 D2 C2    0 | .*..L...L.W*!0..
      1 | 3F 35 0E C0 FE 94 93 42 07 00 00 00 32 32 64 00    1 | ?5.....B....22d.
      2 | 00 1D 00 00 00 00 00 20 00 00 01 00 00 00 00 00    2 | ....... ........
      3 | 01 00 01 07 12 10 12 20 12 30 00 40 00 50 00 60    3 | ....... .0.@.P.`
      4 | 00 70 00 00 00 00 00 00 00 00 00 00 00 00 00 00    4 | .p..............
      5 | 00 00 00 00 -- -- -- -- -- -- -- -- -- -- -- --    5 | ....------------

NPC ID: 17752136
  Name: Jacodaut
  POLUtils_Name: Jacodaut
  Type: Simple NPC
  XYZR: -125.890, -1.999, 62.499, 101
  Mask: 00001111
        |  0  1  2  3  4  5  6  7  8  9  A  B  C  D  E  F      | 0123456789ABCDEF
    -----------------------------------------------------  ----------------------
      0 | 0E 20 0F 00 48 E0 0E 01 48 00 0F 65 AE C7 FB C2    0 | . ..H...H..e....
      1 | 3B DF FF BF FA FE 79 42 14 00 00 00 32 32 64 00    1 | ;.....yB....22d.
      2 | 00 1B 00 00 00 00 00 20 00 00 03 00 00 00 00 00    2 | ....... ........
      3 | 00 00 C8 00 4A 61 63 6F 64 61 75 74 00 00 00 00    3 | ....Jacodaut....

NPC ID: 17752461
  Name: blank
  POLUtils_Name:      
  Type: Decoration
  XYZR: -112.090, -1.999, 40.740, 124
  Mask: 00001111
        |  0  1  2  3  4  5  6  7  8  9  A  B  C  D  E  F      | 0123456789ABCDEF
    -----------------------------------------------------  ----------------------
      0 | 0E 1C 0F 00 8D E1 0E 01 8D 01 0F 7C 14 2E E0 C2    0 | ...........|....
      1 | 3B DF FF BF C3 F5 22 42 0E 80 00 00 32 32 64 00    1 | ;....."B....22d.
      2 | 00 1B 08 00 00 00 00 22 A0 00 00 68 00 00 00 00    2 | ......."...h....
      3 | 00 00 0E 05 00 00 00 00 -- -- -- -- -- -- -- --    3 | ........--------

NPC ID: 17752529
  Name: EphemeralMoogl
  POLUtils_Name: Ephemeral Moogle
  Type: Simple NPC
  XYZR: -117.250, -2.000, 60.890, 148
  Mask: 00001111
        |  0  1  2  3  4  5  6  7  8  9  A  B  C  D  E  F      | 0123456789ABCDEF
    -----------------------------------------------------  ----------------------
      0 | 0E 24 0F 00 D1 E1 0E 01 D1 01 0F 94 00 80 EA C2    0 | .$..............
      1 | 00 00 00 C0 5C 8F 73 42 0E 00 00 00 32 32 64 00    1 | ....\\.sB....22d.
      2 | 00 03 00 00 00 00 00 00 00 00 00 80 00 00 00 00    2 | ................
      3 | 00 00 52 00 45 70 68 65 6D 65 72 61 6C 4D 6F 6F    3 | ..R.EphemeralMoo
      4 | 67 6C 00 00 00 00 00 00 -- -- -- -- -- -- -- --    4 | gl......--------

NPC ID: 17752313
  Name: Qhum Knaidjn
  POLUtils_Name: Qhum Knaidjn
  Type: Equipped NPC
  XYZR: -112.561, -2.000, 55.205, 81
  Mask: 01010111
        |  0  1  2  3  4  5  6  7  8  9  A  B  C  D  E  F      | 0123456789ABCDEF
    -----------------------------------------------------  ----------------------
      0 | 0E 2A 0F 00 F9 E0 0E 01 F9 00 57 51 3B 1F E1 C2    0 | .*........WQ;...
      1 | 00 00 00 C0 EC D1 5C 42 0E 00 00 00 32 32 64 00    1 | ......\\B....22d.
      2 | 00 1B 00 00 00 00 00 20 00 00 00 00 00 00 00 00    2 | ....... ........
      3 | 01 00 05 07 7C 10 7C 20 00 30 74 40 46 50 AC 60    3 | ....|.| .0t@FP.`
      4 | 00 70 00 00 00 00 00 00 00 00 00 00 00 00 00 00    4 | .p..............
      5 | 00 00 00 00 -- -- -- -- -- -- -- -- -- -- -- --    5 | ....------------

NPC ID: 17752137
  Name: Hakeem
  POLUtils_Name: Hakeem
  Type: Simple NPC
  XYZR: -123.120, -1.999, 65.472, 35
  Mask: 00001111
        |  0  1  2  3  4  5  6  7  8  9  A  B  C  D  E  F      | 0123456789ABCDEF
    -----------------------------------------------------  ----------------------
      0 | 0E 20 0F 00 49 E0 0E 01 49 00 0F 23 71 3D F6 C2    0 | . ..I...I..#q=..
      1 | 3B DF FF BF AA F1 82 42 0E 00 00 00 32 32 64 00    1 | ;......B....22d.
      2 | 00 1B 00 00 00 00 00 20 00 00 03 00 00 00 00 00    2 | ....... ........
      3 | 00 00 E1 00 48 61 6B 65 65 6D 00 00 00 00 00 00    3 | ....Hakeem......

NPC ID: 17752173
  Name: Koowawa
  POLUtils_Name: Koowawa
  Type: Equipped NPC
  XYZR: -117.448, -2.000, 39.587, 233
  Mask: 01010111
        |  0  1  2  3  4  5  6  7  8  9  A  B  C  D  E  F      | 0123456789ABCDEF
    -----------------------------------------------------  ----------------------
      0 | 0E 28 0F 00 6D E0 0E 01 6D 00 57 E9 60 E5 EA C2    0 | .(..m...m.W.`...
      1 | 00 00 00 C0 17 59 1E 42 0E 00 00 00 32 32 64 00    1 | .....Y.B....22d.
      2 | 00 1B 00 00 00 00 00 20 00 00 01 00 00 00 00 00    2 | ....... ........
      3 | 01 00 00 06 00 10 08 20 08 30 08 40 08 50 00 60    3 | ....... .0.@.P.`
      4 | 00 70 00 00 00 00 00 00 00 00 00 00 00 00 00 00    4 | .p..............

NPC ID: 17752530
  Name: Isanie
  POLUtils_Name: Isanie
  Type: Equipped NPC
  XYZR: -119.160, -2.000, 50.100, 112
  Mask: 01010111
        |  0  1  2  3  4  5  6  7  8  9  A  B  C  D  E  F      | 0123456789ABCDEF
    -----------------------------------------------------  ----------------------
      0 | 0E 28 0F 00 D2 E1 0E 01 D2 01 57 70 EC 51 EE C2    0 | .(........Wp.Q..
      1 | 00 00 00 C0 66 66 48 42 07 00 00 00 32 32 64 00    1 | ....ffHB....22d.
      2 | 00 1B 00 00 00 00 00 20 00 00 00 00 00 00 00 00    2 | ....... ........
      3 | 01 00 05 04 7C 10 7C 20 00 30 0A 40 08 50 00 60    3 | ....|.| .0.@.P.`
      4 | 00 70 00 00 00 00 00 00 00 00 00 00 00 00 00 00    4 | .p..............

NPC ID: 17752138
  Name: Ranpi-Monpi
  POLUtils_Name: Ranpi-Monpi
  Type: Equipped NPC
  XYZR: -123.317, -3.040, 63.211, 0
  Mask: 01010111
        |  0  1  2  3  4  5  6  7  8  9  A  B  C  D  E  F      | 0123456789ABCDEF
    -----------------------------------------------------  ----------------------
      0 | 0E 2A 0F 00 4A E0 0E 01 4A 00 57 00 4E A2 F6 C2    0 | .*..J...J.W.N...
      1 | 5C 8F 42 C0 10 D8 7C 42 07 00 00 00 32 32 64 00    1 | \\.B...|B....22d.
      2 | 00 1B 00 00 00 00 00 20 00 00 01 00 00 00 00 00    2 | ....... ........
      3 | 01 00 08 05 00 10 00 20 00 30 0B 40 00 50 00 60    3 | ....... .0.@.P.`
      4 | 00 70 00 00 00 00 00 00 00 00 00 00 00 00 00 00    4 | .p..............
      5 | 00 00 00 00 -- -- -- -- -- -- -- -- -- -- -- --    5 | ....------------

NPC ID: 17752134
  Name: Piketo-Puketo
  POLUtils_Name: Piketo-Puketo
  Type: Equipped NPC
  XYZR: -124.012, -1.999, 59.998, 215
  Mask: 01010111
        |  0  1  2  3  4  5  6  7  8  9  A  B  C  D  E  F      | 0123456789ABCDEF
    -----------------------------------------------------  ----------------------
      0 | 0E 2C 10 00 46 E0 0E 01 46 00 57 D7 25 06 F8 C2    0 | .,..F...F.W.%...
      1 | 3B DF FF BF F4 FD 6F 42 07 00 00 00 32 32 64 00    1 | ;.....oB....22d.
      2 | 00 1B 00 00 00 00 00 20 00 00 01 00 00 00 00 00    2 | ....... ........
      3 | 01 00 04 05 7C 10 7C 20 00 30 0B 40 0B 50 00 60    3 | ....|.| .0.@.P.`
      4 | 00 70 00 00 00 00 00 00 00 00 00 00 00 00 00 00    4 | .p..............
      5 | 00 00 00 00 00 00 00 00 -- -- -- -- -- -- -- --    5 | ........--------

NPC ID: 17752231
  Name: _6m1
  POLUtils_Name: Door:Culinarians' Guild
  Type: Simple NPC
  XYZR: -119.243, -3.250, 57.665, 0
  Mask: 00000111
        |  0  1  2  3  4  5  6  7  8  9  A  B  C  D  E  F      | 0123456789ABCDEF
    -----------------------------------------------------  ----------------------
      0 | 0E 20 10 00 A7 E0 0E 01 A7 00 07 00 6A 7C EE C2    0 | . ..........j|..
      1 | 00 00 50 C0 F6 A8 66 42 01 00 00 00 32 32 64 09    1 | ..P...fB....22d.
      2 | 00 03 10 00 00 00 00 00 00 00 00 00 00 00 00 00    2 | ................
      3 | 02 00 00 00 5F 36 6D 31 00 00 00 00 00 00 00 00    3 | ...._6m1........

NPC ID: 17752230
  Name: _6m0
  POLUtils_Name: Door:Culinarians' Guild
  Type: Simple NPC
  XYZR: -100.766, -3.252, 65.319, 0
  Mask: 00000111
        |  0  1  2  3  4  5  6  7  8  9  A  B  C  D  E  F      | 0123456789ABCDEF
    -----------------------------------------------------  ----------------------
      0 | 0E 20 10 00 A6 E0 0E 01 A6 00 07 00 31 88 C9 C2    0 | . ..........1...
      1 | C5 20 50 C0 54 A3 82 42 01 00 00 00 32 32 64 09    1 | . P.T..B....22d.
      2 | 00 03 10 00 00 00 00 00 00 00 00 00 00 00 00 00    2 | ................
      3 | 02 00 00 00 5F 36 6D 30 00 00 00 00 00 00 00 00    3 | ...._6m0........

NPC ID: 17752139
  Name: Maysoon
  POLUtils_Name: Maysoon
  Type: Simple NPC
  XYZR: -106.877, -2.000, 69.560, 128
  Mask: 00001111
        |  0  1  2  3  4  5  6  7  8  9  A  B  C  D  E  F      | 0123456789ABCDEF
    -----------------------------------------------------  ----------------------
      0 | 0E 20 10 00 4B E0 0E 01 4B 00 0F 80 06 C1 D5 C2    0 | . ..K...K.......
      1 | 00 00 00 C0 B8 1E 8B 42 01 00 00 00 32 32 64 00    1 | .......B....22d.
      2 | 00 1B 00 00 00 00 00 20 00 00 00 00 00 00 00 00    2 | ....... ........
      3 | 00 00 66 00 4D 61 79 73 6F 6F 6E 00 00 00 00 00    3 | ..f.Maysoon.....

NPC ID: 17752135
  Name: Kipo-Opo
  POLUtils_Name: Kipo-Opo
  Type: Simple NPC
  XYZR: -119.750, -4.239, 64.500, 71
  Mask: 00001111
        |  0  1  2  3  4  5  6  7  8  9  A  B  C  D  E  F      | 0123456789ABCDEF
    -----------------------------------------------------  ----------------------
      0 | 0E 20 10 00 47 E0 0E 01 47 00 0F 47 00 80 EF C2    0 | . ..G...G..G....
      1 | E3 A5 87 C0 00 00 81 42 01 00 00 00 32 32 64 00    1 | .......B....22d.
      2 | 00 1B 00 00 00 00 00 20 00 00 03 00 00 00 00 00    2 | ....... ........
      3 | 00 00 D2 00 4B 69 70 6F 2D 4F 70 6F 00 00 00 00    3 | ....Kipo-Opo....

NPC ID: 17752067
  Name: warp02
  POLUtils_Name: warp02
  Type: Simple NPC
  XYZR: -118.852, -2.199, 54.271, 93
  Mask: 00001111
        |  0  1  2  3  4  5  6  7  8  9  A  B  C  D  E  F      | 0123456789ABCDEF
    -----------------------------------------------------  ----------------------
      0 | 0E 20 10 00 03 E0 0E 01 03 00 0F 5D 39 B4 ED C2    0 | . .........]9...
      1 | 6A BC 0C C0 81 15 59 42 01 00 00 00 32 32 64 00    1 | j.....YB....22d.
      2 | 00 03 08 00 00 00 00 00 00 00 00 00 00 00 00 00    2 | ................
      3 | 00 00 32 00 77 61 72 70 30 32 00 00 00 00 00 00    3 | ..2.warp02......

NPC ID: 17752435
  Name: Mihn Rhettorah
  POLUtils_Name: Mihn Rhettorah
  Type: Equipped NPC
  XYZR: -70.000, -4.500, 98.000, 64
  Mask: 01010111
        |  0  1  2  3  4  5  6  7  8  9  A  B  C  D  E  F      | 0123456789ABCDEF
    -----------------------------------------------------  ----------------------
      0 | 0E 2C 15 00 73 E1 0E 01 73 01 57 40 00 00 8C C2    0 | .,..s...s.W@....
      1 | 00 00 90 C0 00 00 C4 42 01 00 00 00 28 28 64 00    1 | .......B....((d.
      2 | 02 99 00 00 00 0C 00 20 20 00 00 00 00 00 00 00    2 | .......  .......
      3 | 01 00 01 07 82 10 9D 20 9D 30 9D 40 9D 50 00 60    3 | ....... .0.@.P.`
      4 | 00 70 00 00 00 00 00 00 00 00 00 00 00 00 00 00    4 | .p..............
      5 | 00 00 00 00 00 00 00 00 -- -- -- -- -- -- -- --    5 | ........--------

NPC ID: 17752179
  Name: Funpo-Shipo
  POLUtils_Name: Funpo-Shipo
  Type: Equipped NPC
  XYZR: -44.351, -3.499, 41.740, 1
  Mask: 01010111
        |  0  1  2  3  4  5  6  7  8  9  A  B  C  D  E  F      | 0123456789ABCDEF
    -----------------------------------------------------  ----------------------
      0 | 0E 2A 77 00 73 E0 0E 01 73 00 57 01 6D 67 31 C2    0 | .*w.s...s.W.mg1.
      1 | 9E EF 5F C0 C3 F5 26 42 6B 01 00 00 0D 32 64 00    1 | .._...&Bk....2d.
      2 | 00 1B 00 40 00 00 00 20 00 00 01 00 00 00 00 00    2 | ...@... ........
      3 | 01 00 00 05 00 10 08 20 08 30 08 40 08 50 00 60    3 | ....... .0.@.P.`
      4 | 00 70 00 00 00 00 00 00 00 00 00 00 00 00 00 00    4 | .p..............
      5 | 00 00 00 00 -- -- -- -- -- -- -- -- -- -- -- --    5 | ....------------

NPC ID: 17752457
  Name: Bikho Ronpotteh
  POLUtils_Name: Bikho Ronpotteh
  Type: Equipped NPC
  XYZR: -52.087, -5.446, 84.581, 142
  Mask: 01010111
        |  0  1  2  3  4  5  6  7  8  9  A  B  C  D  E  F      | 0123456789ABCDEF
    -----------------------------------------------------  ----------------------
      0 | 0E 2C 9B 00 89 E1 0E 01 89 01 57 8E 17 59 50 C2    0 | .,........W..YP.
      1 | A2 45 AE C0 79 29 A9 42 BB 01 00 00 28 28 64 00    1 | .E..y).B....((d.
      2 | 00 9B 00 00 00 0C 00 20 20 00 00 80 00 00 00 00    2 | .......  .......
      3 | 01 00 06 07 B5 10 12 20 94 30 94 40 47 50 00 60    3 | ....... .0.@GP.`
      4 | 00 70 00 00 00 00 00 00 00 00 00 00 00 00 00 00    4 | .p..............
      5 | 00 00 00 00 00 00 00 00 -- -- -- -- -- -- -- --    5 | ........--------

