NPC ID: 17235981
  Name: LostSoul
  POLUtils_Name: Lost Soul
  Type: Simple NPC
  XYZR: 247.422, -12.969, -207.105, 93
  Mask: 00001111
        |  0  1  2  3  4  5  6  7  8  9  A  B  C  D  E  F      | 0123456789ABCDEF
    -----------------------------------------------------  ----------------------
      0 | 0E 20 0B 00 0D 00 07 01 0D 00 0F 5D 08 6C 77 43    0 | . .........].lwC
      1 | 06 81 4F C1 E1 1A 4F C3 AD 01 00 00 28 28 64 00    1 | ..O...O.....((d.
      2 | 01 83 00 00 00 0C 00 00 00 00 08 00 00 00 00 00    2 | ................
      3 | 00 00 34 02 4C 6F 73 74 53 6F 75 6C 00 00 00 00    3 | ..4.LostSoul....

NPC ID: 17236354
  Name: FieldManual
  POLUtils_Name: Field Manual
  Type: Simple NPC
  XYZR: 200.884, -23.895, -205.316, 177
  Mask: 00001111
        |  0  1  2  3  4  5  6  7  8  9  A  B  C  D  E  F      | 0123456789ABCDEF
    -----------------------------------------------------  ----------------------
      0 | 0E 22 0B 00 82 01 07 01 82 01 0F B1 4E E2 48 43    0 | ."..........N.HC
      1 | F6 28 BF C1 E5 50 4D C3 08 00 00 00 32 32 64 00    1 | .(...PM.....22d.
      2 | 00 03 00 00 00 00 00 00 00 00 08 20 00 00 00 00    2 | ........... ....
      3 | 00 00 F2 08 46 69 65 6C 64 4D 61 6E 75 61 6C 00    3 | ....FieldManual.
      4 | 00 00 00 00 -- -- -- -- -- -- -- -- -- -- -- --    4 | ....------------

NPC ID: 17236374
  Name: SurvivalGuide
  POLUtils_Name: Survival Guide
  Type: Simple NPC
  XYZR: 204.000, -24.000, -203.000, 192
  Mask: 00001111
        |  0  1  2  3  4  5  6  7  8  9  A  B  C  D  E  F      | 0123456789ABCDEF
    -----------------------------------------------------  ----------------------
      0 | 0E 24 0B 00 96 01 07 01 96 01 0F C0 00 00 4C 43    0 | .$............LC
      1 | 00 00 C0 C1 00 00 4B C3 08 00 00 00 32 32 64 00    1 | ......K.....22d.
      2 | 00 03 00 00 00 00 00 00 00 00 11 20 00 00 00 00    2 | ........... ....
      3 | 00 00 81 09 53 75 72 76 69 76 61 6C 47 75 69 64    3 | ....SurvivalGuid
      4 | 65 00 00 00 00 00 00 00 -- -- -- -- -- -- -- --    4 | e.......--------

NPC ID: 17236294
  Name: Jeantelas, R.K.
  POLUtils_Name: Jeantelas, R.K.
  Type: Equipped NPC
  XYZR: 207.548, -23.795, -203.694, 54
  Mask: 01010111
        |  0  1  2  3  4  5  6  7  8  9  A  B  C  D  E  F      | 0123456789ABCDEF
    -----------------------------------------------------  ----------------------
      0 | 0E 2C 0B 00 46 01 07 01 46 01 57 36 4A 8C 4F 43    0 | .,..F...F.W6J.OC
      1 | 29 5C BE C1 AA B1 4B C3 08 00 00 00 32 32 64 00    1 | )\\....K.....22d.
      2 | 02 1B 00 00 00 00 00 20 00 00 00 00 00 00 00 00    2 | ....... ........
      3 | 01 00 0A 03 0C 10 0C 20 0C 30 0C 40 02 50 4B 60    3 | ....... .0.@.PK`
      4 | 00 70 00 00 00 00 00 00 00 00 00 00 00 00 00 00    4 | .p..............
      5 | 00 00 00 00 00 00 00 00 -- -- -- -- -- -- -- --    5 | ........--------

NPC ID: 17236299
  Name: blank
  POLUtils_Name:      
  Type: Decoration
  XYZR: 206.140, -23.879, -202.223, 44
  Mask: 00001111
        |  0  1  2  3  4  5  6  7  8  9  A  B  C  D  E  F      | 0123456789ABCDEF
    -----------------------------------------------------  ----------------------
      0 | 0E 1C 0B 00 4B 01 07 01 4B 01 0F 2C D7 23 4E 43    0 | ....K...K..,.#NC
      1 | 31 08 BF C1 17 39 4A C3 01 00 00 00 32 32 64 00    1 | 1....9J.....22d.
      2 | 02 03 08 00 00 00 00 00 00 00 00 00 00 00 00 00    2 | ................
      3 | 00 00 30 03 00 00 00 00 -- -- -- -- -- -- -- --    3 | ..0.....--------

NPC ID: 17236011
  Name: Etemmu
  POLUtils_Name: Etemmu
  Type: Simple NPC
  XYZR: 172.728, -22.696, -221.635, 214
  Mask: 00001111
        |  0  1  2  3  4  5  6  7  8  9  A  B  C  D  E  F      | 0123456789ABCDEF
    -----------------------------------------------------  ----------------------
      0 | 0E 20 0B 00 2B 00 07 01 2B 00 0F D6 5E BA 2C 43    0 | . ..+...+...^.,C
      1 | 68 91 B5 C1 8F A2 5D C3 11 03 00 00 28 28 64 00    1 | h.....].....((d.
      2 | 01 83 04 00 00 08 00 00 00 00 00 00 00 00 00 00    2 | ................
      3 | 00 00 70 01 45 74 65 6D 6D 75 00 00 00 00 00 00    3 | ..p.Etemmu......

NPC ID: 17236295
  Name: Kaya, I.M.
  POLUtils_Name: Kaya, I.M.
  Type: Equipped NPC
  XYZR: 207.548, -23.795, -203.694, 54
  Mask: 01010111
        |  0  1  2  3  4  5  6  7  8  9  A  B  C  D  E  F      | 0123456789ABCDEF
    -----------------------------------------------------  ----------------------
      0 | 0E 2A 0B 00 47 01 07 01 47 01 57 36 4A 8C 4F 43    0 | .*..G...G.W6J.OC
      1 | 29 5C BE C1 AA B1 4B C3 01 00 00 00 32 32 64 00    1 | )\\....K.....22d.
      2 | 02 1B 00 00 00 00 00 20 00 00 00 00 00 00 00 00    2 | ....... ........
      3 | 01 00 03 02 00 10 05 20 05 30 05 40 07 50 14 61    3 | ....... .0.@.P.a
      4 | B6 70 00 00 00 00 00 00 00 00 00 00 00 00 00 00    4 | .p..............
      5 | 00 00 00 00 -- -- -- -- -- -- -- -- -- -- -- --    5 | ....------------

NPC ID: 17236008
  Name: LostSoul
  POLUtils_Name: Lost Soul
  Type: Simple NPC
  XYZR: 199.701, -18.158, -165.236, 74
  Mask: 00001111
        |  0  1  2  3  4  5  6  7  8  9  A  B  C  D  E  F      | 0123456789ABCDEF
    -----------------------------------------------------  ----------------------
      0 | 0E 20 0C 00 28 00 07 01 28 00 0F 4A 75 B3 47 43    0 | . ..(...(..Ju.GC
      1 | 96 43 91 C1 6A 3C 25 C3 F9 02 00 00 28 28 64 00    1 | .C..j<%.....((d.
      2 | 01 83 00 00 00 0C 00 00 00 00 08 00 00 00 00 00    2 | ................
      3 | 00 00 34 02 4C 6F 73 74 53 6F 75 6C 00 00 00 00    3 | ..4.LostSoul....

NPC ID: 17236015
  Name: DemonPawn
  POLUtils_Name: Demon Pawn
  Type: Simple NPC
  XYZR: 233.097, -20.846, -164.830, 177
  Mask: 00001111
        |  0  1  2  3  4  5  6  7  8  9  A  B  C  D  E  F      | 0123456789ABCDEF
    -----------------------------------------------------  ----------------------
      0 | 0E 22 0C 00 2F 00 07 01 2F 00 0F B1 D5 18 69 43    0 | ."../.../.....iC
      1 | 9C C4 A6 C1 7B D4 24 C3 56 00 00 00 46 46 64 00    1 | ....{.$.V...FFd.
      2 | 01 83 00 00 00 11 00 00 00 00 00 00 00 00 00 00    2 | ................
      3 | 00 00 E4 02 44 65 6D 6F 6E 50 61 77 6E 00 00 00    3 | ....DemonPawn...
      4 | 00 00 00 00 -- -- -- -- -- -- -- -- -- -- -- --    4 | ....------------

NPC ID: 17236009
  Name: LostSoul
  POLUtils_Name: Lost Soul
  Type: Simple NPC
  XYZR: 155.737, -24.136, -216.695, 30
  Mask: 00001111
        |  0  1  2  3  4  5  6  7  8  9  A  B  C  D  E  F      | 0123456789ABCDEF
    -----------------------------------------------------  ----------------------
      0 | 0E 20 28 00 29 00 07 01 29 00 0F 1E AC BC 1B 43    0 | . (.)...)......C
      1 | 87 16 C1 C1 EC B1 58 C3 7D 00 00 00 28 28 64 00    1 | ......X.}...((d.
      2 | 01 83 00 00 00 0C 00 00 00 00 08 00 00 00 00 00    2 | ................
      3 | 00 00 34 02 4C 6F 73 74 53 6F 75 6C 00 00 00 00    3 | ..4.LostSoul....

NPC ID: 17235983
  Name: Etemmu
  POLUtils_Name: Etemmu
  Type: Simple NPC
  XYZR: 259.379, -8.649, -207.494, 158
  Mask: 00001111
        |  0  1  2  3  4  5  6  7  8  9  A  B  C  D  E  F      | 0123456789ABCDEF
    -----------------------------------------------------  ----------------------
      0 | 0E 20 44 00 0F 00 07 01 0F 00 0F 9E 83 B0 81 43    0 | . D............C
      1 | 4E 62 0A C1 77 7E 4F C3 A6 00 00 00 28 28 64 00    1 | Nb..w~O.....((d.
      2 | 01 83 04 00 00 08 00 00 00 00 00 00 00 00 00 00    2 | ................
      3 | 00 00 70 01 45 74 65 6D 6D 75 00 00 00 00 00 00    3 | ..p.Etemmu......

NPC ID: 17235976
  Name: LostSoul
  POLUtils_Name: Lost Soul
  Type: Simple NPC
  XYZR: 266.175, -5.775, -198.041, 123
  Mask: 00001111
        |  0  1  2  3  4  5  6  7  8  9  A  B  C  D  E  F      | 0123456789ABCDEF
    -----------------------------------------------------  ----------------------
      0 | 0E 20 55 00 08 00 07 01 08 00 0F 7B 66 16 85 43    0 | . U........{f..C
      1 | CD CC B8 C0 7F 0A 46 C3 B6 02 00 00 28 28 64 00    1 | ......F.....((d.
      2 | 01 83 00 00 00 0C 00 00 00 00 08 00 00 00 00 00    2 | ................
      3 | 00 00 3C 02 4C 6F 73 74 53 6F 75 6C 00 00 00 00    3 | ..<.LostSoul....

NPC ID: 17236007
  Name: LostSoul
  POLUtils_Name: Lost Soul
  Type: Simple NPC
  XYZR: 226.199, -17.256, -145.051, 202
  Mask: 00001111
        |  0  1  2  3  4  5  6  7  8  9  A  B  C  D  E  F      | 0123456789ABCDEF
    -----------------------------------------------------  ----------------------
      0 | 0E 20 5C 00 27 00 07 01 27 00 0F CA F2 32 62 43    0 | . \\.'...'....2bC
      1 | 4A 0C 8A C1 0E 0D 11 C3 A0 01 00 00 28 28 64 00    1 | J...........((d.
      2 | 01 83 00 00 00 0C 00 00 00 00 08 00 00 00 00 00    2 | ................
      3 | 00 00 3C 02 4C 6F 73 74 53 6F 75 6C 00 00 00 00    3 | ..<.LostSoul....

NPC ID: 17235977
  Name: LostSoul
  POLUtils_Name: Lost Soul
  Type: Simple NPC
  XYZR: 279.814, -5.168, -176.143, 131
  Mask: 00001111
        |  0  1  2  3  4  5  6  7  8  9  A  B  C  D  E  F      | 0123456789ABCDEF
    -----------------------------------------------------  ----------------------
      0 | 0E 20 5E 00 09 00 07 01 09 00 0F 83 31 E8 8B 43    0 | . ^.........1..C
      1 | 42 60 A5 C0 9C 24 30 C3 24 02 00 00 28 28 64 00    1 | B`...$0.$...((d.
      2 | 01 83 00 00 00 0C 00 00 00 00 08 00 00 00 00 00    2 | ................
      3 | 00 00 3C 02 4C 6F 73 74 53 6F 75 6C 00 00 00 00    3 | ..<.LostSoul....

NPC ID: 17235988
  Name: Biast
  POLUtils_Name: Biast
  Type: Simple NPC
  XYZR: 258.303, -12.311, -134.807, 39
  Mask: 00001111
        |  0  1  2  3  4  5  6  7  8  9  A  B  C  D  E  F      | 0123456789ABCDEF
    -----------------------------------------------------  ----------------------
      0 | 0E 20 65 00 14 00 07 01 14 00 0F 27 C9 26 81 43    0 | . e........'.&.C
      1 | DB F9 44 C1 98 CE 06 C3 06 00 00 00 28 28 00 03    1 | ..D.........((..
      2 | 07 9D 00 00 00 27 00 20 00 00 00 00 E8 EB 05 00    2 | .....'. ........
      3 | 00 00 A4 01 42 69 61 73 74 00 00 00 00 00 00 00    3 | ....Biast.......

NPC ID: 17235993
  Name: CursedWeapon
  POLUtils_Name: Cursed Weapon
  Type: Simple NPC
  XYZR: 276.627, -8.320, -130.157, 153
  Mask: 00001111
        |  0  1  2  3  4  5  6  7  8  9  A  B  C  D  E  F      | 0123456789ABCDEF
    -----------------------------------------------------  ----------------------
      0 | 0E 22 6C 00 19 00 07 01 19 00 0F 99 42 50 8A 43    0 | ."l.........BP.C
      1 | B8 1E 05 C1 31 28 02 C3 F8 02 00 00 28 28 64 00    1 | ....1(......((d.
      2 | 01 83 02 00 00 14 00 00 00 00 08 00 00 00 00 00    2 | ................
      3 | 00 00 C3 01 43 75 72 73 65 64 57 65 61 70 6F 6E    3 | ....CursedWeapon
      4 | 00 00 00 00 -- -- -- -- -- -- -- -- -- -- -- --    4 | ....------------

NPC ID: 17235992
  Name: CursedWeapon
  POLUtils_Name: Cursed Weapon
  Type: Simple NPC
  XYZR: 283.146, -8.500, -117.378, 70
  Mask: 00001111
        |  0  1  2  3  4  5  6  7  8  9  A  B  C  D  E  F      | 0123456789ABCDEF
    -----------------------------------------------------  ----------------------
      0 | 0E 22 73 00 18 00 07 01 18 00 0F 46 B0 92 8D 43    0 | ."s........F...C
      1 | 00 00 08 C1 89 C1 EA C2 AC 13 00 00 28 28 00 03    1 | ............((..
      2 | 07 83 02 00 00 14 00 00 00 00 08 00 39 B8 0C 00    2 | ............9...
      3 | 00 00 C3 01 43 75 72 73 65 64 57 65 61 70 6F 6E    3 | ....CursedWeapon
      4 | 00 00 00 00 -- -- -- -- -- -- -- -- -- -- -- --    4 | ....------------

NPC ID: 17235985
  Name: EvilEye
  POLUtils_Name: Evil Eye
  Type: Simple NPC
  XYZR: 289.017, 1.935, -212.512, 248
  Mask: 00001111
        |  0  1  2  3  4  5  6  7  8  9  A  B  C  D  E  F      | 0123456789ABCDEF
    -----------------------------------------------------  ----------------------
      0 | 0E 20 7A 00 11 00 07 01 11 00 0F F8 2D 82 90 43    0 | . z.........-..C
      1 | 14 AE F7 3F 12 83 54 C3 7F 02 00 00 28 28 64 00    1 | ...?..T.....((d.
      2 | 01 83 04 00 00 18 00 00 00 00 10 00 00 00 00 00    2 | ................
      3 | 00 00 08 01 45 76 69 6C 45 79 65 00 00 00 00 00    3 | ....EvilEye.....

NPC ID: 17235982
  Name: LostSoul
  POLUtils_Name: Lost Soul
  Type: Simple NPC
  XYZR: 295.701, 3.331, -212.612, 157
  Mask: 00001111
        |  0  1  2  3  4  5  6  7  8  9  A  B  C  D  E  F      | 0123456789ABCDEF
    -----------------------------------------------------  ----------------------
      0 | 0E 20 7C 00 0E 00 07 01 0E 00 0F 9D BA D9 93 43    0 | . |............C
      1 | 1B 2F 55 40 AC 9C 54 C3 65 02 00 00 28 28 64 00    1 | ./U@..T.e...((d.
      2 | 01 83 00 00 00 0C 00 00 00 00 08 00 00 00 00 00    2 | ................
      3 | 00 00 34 02 4C 6F 73 74 53 6F 75 6C 00 00 00 00    3 | ..4.LostSoul....

NPC ID: 17235974
  Name: LostSoul
  POLUtils_Name: Lost Soul
  Type: Simple NPC
  XYZR: 317.823, 6.638, -194.632, 132
  Mask: 00001111
        |  0  1  2  3  4  5  6  7  8  9  A  B  C  D  E  F      | 0123456789ABCDEF
    -----------------------------------------------------  ----------------------
      0 | 0E 20 86 00 06 00 07 01 06 00 0F 84 58 E9 9E 43    0 | . ..........X..C
      1 | 7F 6A D4 40 CB A1 42 C3 21 00 00 00 28 28 64 00    1 | .j.@..B.!...((d.
      2 | 01 83 00 00 00 0C 00 00 00 00 08 00 00 00 00 00    2 | ................
      3 | 00 00 3C 02 4C 6F 73 74 53 6F 75 6C 00 00 00 00    3 | ..<.LostSoul....

NPC ID: 17236004
  Name: CursedWeapon
  POLUtils_Name: Cursed Weapon
  Type: Simple NPC
  XYZR: 243.080, -15.558, -108.927, 22
  Mask: 00001111
        |  0  1  2  3  4  5  6  7  8  9  A  B  C  D  E  F      | 0123456789ABCDEF
    -----------------------------------------------------  ----------------------
      0 | 0E 22 CC 00 24 00 07 01 24 00 0F 16 7B 14 73 43    0 | ."..$...$...{.sC
      1 | 91 ED 78 C1 A0 DA D9 C2 73 02 00 00 28 28 64 00    1 | ..x.....s...((d.
      2 | 01 83 02 00 00 14 00 00 00 00 08 00 00 00 00 00    2 | ................
      3 | 00 00 C3 01 43 75 72 73 65 64 57 65 61 70 6F 6E    3 | ....CursedWeapon
      4 | 00 00 00 00 -- -- -- -- -- -- -- -- -- -- -- --    4 | ....------------

NPC ID: 17236347
  Name: CavernousMaw
  POLUtils_Name: Cavernous Maw
  Type: Simple NPC
  XYZR: 270.000, -9.000, -70.000, 64
  Mask: 00001111
        |  0  1  2  3  4  5  6  7  8  9  A  B  C  D  E  F      | 0123456789ABCDEF
    -----------------------------------------------------  ----------------------
      0 | 0E 22 D5 00 7B 01 07 01 7B 01 0F 40 00 00 87 43    0 | ."..{...{..@...C
      1 | 00 00 10 C1 00 00 8C C2 01 80 00 00 32 32 64 00    1 | ............22d.
      2 | 00 03 00 00 00 00 00 02 A0 00 00 60 00 00 00 00    2 | ...........`....
      3 | 00 00 15 09 43 61 76 65 72 6E 6F 75 73 4D 61 77    3 | ....CavernousMaw
      4 | 00 00 00 00 -- -- -- -- -- -- -- -- -- -- -- --    4 | ....------------

NPC ID: 17235997
  Name: LostSoul
  POLUtils_Name: Lost Soul
  Type: Simple NPC
  XYZR: 327.707, -8.032, -82.719, 98
  Mask: 00001111
        |  0  1  2  3  4  5  6  7  8  9  A  B  C  D  E  F      | 0123456789ABCDEF
    -----------------------------------------------------  ----------------------
      0 | 0E 20 D9 00 1D 00 07 01 1D 00 0F 62 7F DA A3 43    0 | . .........b...C
      1 | 12 83 00 C1 21 70 A5 C2 93 01 00 00 28 28 64 00    1 | ....!p......((d.
      2 | 01 83 00 00 00 0C 00 00 00 00 08 00 00 00 00 00    2 | ................
      3 | 00 00 3C 02 4C 6F 73 74 53 6F 75 6C 00 00 00 00    3 | ..<.LostSoul....

NPC ID: 17236005
  Name: CursedWeapon
  POLUtils_Name: Cursed Weapon
  Type: Simple NPC
  XYZR: 232.397, -14.680, -101.839, 62
  Mask: 00001111
        |  0  1  2  3  4  5  6  7  8  9  A  B  C  D  E  F      | 0123456789ABCDEF
    -----------------------------------------------------  ----------------------
      0 | 0E 22 DD 00 25 00 07 01 25 00 0F 3E A2 65 68 43    0 | ."..%...%..>.ehC
      1 | 48 E1 6A C1 91 AD CB C2 2F 00 00 00 28 28 00 03    1 | H.j...../...((..
      2 | 07 83 02 00 00 14 00 00 00 00 08 00 C4 C9 05 00    2 | ................
      3 | 00 00 C3 01 43 75 72 73 65 64 57 65 61 70 6F 6E    3 | ....CursedWeapon
      4 | 00 00 00 00 -- -- -- -- -- -- -- -- -- -- -- --    4 | ....------------

NPC ID: 17236348
  Name: ???
  POLUtils_Name: ???
  Type: Simple NPC
  XYZR: 0.000, 0.000, 0.000, 0
  Mask: 00001111
        |  0  1  2  3  4  5  6  7  8  9  A  B  C  D  E  F      | 0123456789ABCDEF
    -----------------------------------------------------  ----------------------
      0 | 0E 1E F6 00 7C 01 07 01 7C 01 0F 00 00 00 00 00    0 | ....|...|.......
      1 | 00 00 00 00 00 00 00 00 00 00 00 00 32 32 64 00    1 | ............22d.
      2 | 02 03 08 00 00 00 00 00 00 00 00 00 00 00 00 00    2 | ................
      3 | 00 00 34 00 3F 3F 3F 00 00 00 00 00 -- -- -- --    3 | ..4.???.....----

NPC ID: 17236349
  Name: blank
  POLUtils_Name:      
  Type: Decoration
  XYZR: 0.000, 0.000, 0.000, 0
  Mask: 00001111
        |  0  1  2  3  4  5  6  7  8  9  A  B  C  D  E  F      | 0123456789ABCDEF
    -----------------------------------------------------  ----------------------
      0 | 0E 1C F8 00 7D 01 07 01 7D 01 0F 00 00 00 00 00    0 | ....}...}.......
      1 | 00 00 00 00 00 00 00 00 00 00 00 00 32 32 64 00    1 | ............22d.
      2 | 02 03 08 00 00 00 00 00 00 00 00 00 00 00 00 00    2 | ................
      3 | 00 00 34 00 00 00 00 00 -- -- -- -- -- -- -- --    3 | ..4.....--------

NPC ID: 17236368
  Name: blank
  POLUtils_Name:      
  Type: Decoration
  XYZR: 0.000, 0.000, 0.000, 0
  Mask: 00001111
        |  0  1  2  3  4  5  6  7  8  9  A  B  C  D  E  F      | 0123456789ABCDEF
    -----------------------------------------------------  ----------------------
      0 | 0E 1C F9 00 90 01 07 01 90 01 0F 00 00 00 00 00    0 | ................
      1 | 00 00 00 00 00 00 00 00 00 00 00 00 32 32 64 00    1 | ............22d.
      2 | 02 03 08 00 00 00 00 00 00 00 00 00 00 00 00 00    2 | ................
      3 | 00 00 34 00 00 00 00 00 -- -- -- -- -- -- -- --    3 | ..4.....--------

NPC ID: 17236369
  Name: ???
  POLUtils_Name: ???
  Type: Equipped NPC
  XYZR: 0.000, 0.000, 0.000, 0
  Mask: 01010111
        |  0  1  2  3  4  5  6  7  8  9  A  B  C  D  E  F      | 0123456789ABCDEF
    -----------------------------------------------------  ----------------------
      0 | 0E 28 FA 00 91 01 07 01 91 01 57 00 00 00 00 00    0 | .(........W.....
      1 | 00 00 00 00 00 00 00 00 00 00 00 00 32 32 64 00    1 | ............22d.
      2 | 06 1B 00 00 00 00 00 20 00 00 00 00 00 00 00 00    2 | ....... ........
      3 | 01 00 06 03 E9 10 E3 20 6A 30 E3 40 EF 50 98 60    3 | ....... j0.@.P.`
      4 | 00 70 00 00 00 00 00 00 00 00 00 00 00 00 00 00    4 | .p..............

NPC ID: 17236370
  Name: blank
  POLUtils_Name:      
  Type: Decoration
  XYZR: 0.000, 0.000, 0.000, 0
  Mask: 00001111
        |  0  1  2  3  4  5  6  7  8  9  A  B  C  D  E  F      | 0123456789ABCDEF
    -----------------------------------------------------  ----------------------
      0 | 0E 1C FB 00 92 01 07 01 92 01 0F 00 00 00 00 00    0 | ................
      1 | 00 00 00 00 00 00 00 00 00 00 00 00 32 32 64 00    1 | ............22d.
      2 | 02 03 08 00 00 00 00 00 00 00 00 00 00 00 00 00    2 | ................
      3 | 00 00 34 00 00 00 00 00 -- -- -- -- -- -- -- --    3 | ..4.....--------

NPC ID: 17235998
  Name: LostSoul
  POLUtils_Name: Lost Soul
  Type: Simple NPC
  XYZR: 319.150, -3.945, -103.823, 53
  Mask: 00001111
        |  0  1  2  3  4  5  6  7  8  9  A  B  C  D  E  F      | 0123456789ABCDEF
    -----------------------------------------------------  ----------------------
      0 | 0E 20 39 00 1E 00 07 01 1E 00 0F 35 33 93 9F 43    0 | . 9........53..C
      1 | E1 7A 7C C0 60 A5 CF C2 09 02 00 00 28 28 64 00    1 | .z|.`.......((d.
      2 | 01 83 00 00 00 0C 00 00 00 00 08 00 00 00 00 00    2 | ................
      3 | 00 00 3C 02 4C 6F 73 74 53 6F 75 6C 00 00 00 00    3 | ..<.LostSoul....

