NPC ID: 17285702
  Name: FieldManual
  POLUtils_Name: Field Manual
  Type: Simple NPC
  XYZR: 194.933, 0.000, -83.997, 157
  Mask: 00001111
        |  0  1  2  3  4  5  6  7  8  9  A  B  C  D  E  F      | 0123456789ABCDEF
    -----------------------------------------------------  ----------------------
      0 | 0E 22 09 00 46 C2 07 01 46 02 0F 9D D9 EE 42 43    0 | ."..F...F.....BC
      1 | 00 00 00 00 77 FE A7 C2 07 00 00 00 32 32 64 00    1 | ....w.......22d.
      2 | 00 03 00 00 00 00 00 00 00 00 08 20 00 00 00 00    2 | ........... ....
      3 | 00 00 F2 08 46 69 65 6C 64 4D 61 6E 75 61 6C 00    3 | ....FieldManual.
      4 | 00 00 00 00 -- -- -- -- -- -- -- -- -- -- -- --    4 | ....------------

NPC ID: 17285655
  Name: blank
  POLUtils_Name:      
  Type: Decoration
  XYZR: 198.253, 0.000, -80.331, 14
  Mask: 00001111
        |  0  1  2  3  4  5  6  7  8  9  A  B  C  D  E  F      | 0123456789ABCDEF
    -----------------------------------------------------  ----------------------
      0 | 0E 1C 09 00 17 C2 07 01 17 02 0F 0E C5 40 46 43    0 | .............@FC
      1 | 00 00 00 00 79 A9 A0 C2 01 00 00 00 32 32 64 00    1 | ....y.......22d.
      2 | 02 03 08 00 00 00 00 00 00 00 00 00 00 00 00 00    2 | ................
      3 | 00 00 30 03 00 00 00 00 -- -- -- -- -- -- -- --    3 | ..0.....--------

NPC ID: 17285713
  Name: SurvivalGuide
  POLUtils_Name: Survival Guide
  Type: Simple NPC
  XYZR: 197.000, 0.000, -81.000, 160
  Mask: 00001111
        |  0  1  2  3  4  5  6  7  8  9  A  B  C  D  E  F      | 0123456789ABCDEF
    -----------------------------------------------------  ----------------------
      0 | 0E 24 09 00 51 C2 07 01 51 02 0F A0 00 00 45 43    0 | .$..Q...Q.....EC
      1 | 00 00 00 00 00 00 A2 C2 0E 00 00 00 32 32 64 00    1 | ............22d.
      2 | 00 03 00 00 00 00 00 00 00 00 11 20 00 00 00 00    2 | ........... ....
      3 | 00 00 81 09 53 75 72 76 69 76 61 6C 47 75 69 64    3 | ....SurvivalGuid
      4 | 65 00 00 00 00 00 00 00 -- -- -- -- -- -- -- --    4 | e.......--------

NPC ID: 17285496
  Name: Tonberry'sElem
  POLUtils_Name: Tonberry's Elemental
  Type: Simple NPC
  XYZR: 224.332, 0.006, -79.579, 210
  Mask: 00001111
        |  0  1  2  3  4  5  6  7  8  9  A  B  C  D  E  F      | 0123456789ABCDEF
    -----------------------------------------------------  ----------------------
      0 | 0E 24 09 00 78 C1 07 01 78 01 0F D2 FE 54 60 43    0 | .$..x...x....T`C
      1 | A6 9B C4 3B 73 28 9F C2 50 00 00 00 28 28 64 00    1 | ...;s(..P...((d.
      2 | 01 83 04 00 00 08 00 00 00 00 10 00 00 00 00 00    2 | ................
      3 | 00 00 08 00 54 6F 6E 62 65 72 72 79 27 73 45 6C    3 | ....Tonberry'sEl
      4 | 65 6D 00 00 00 00 00 00 -- -- -- -- -- -- -- --    4 | em......--------

NPC ID: 17285495
  Name: TonberryHarass
  POLUtils_Name: Tonberry Harasser
  Type: Simple NPC
  XYZR: 224.928, -0.035, -77.208, 221
  Mask: 00001111
        |  0  1  2  3  4  5  6  7  8  9  A  B  C  D  E  F      | 0123456789ABCDEF
    -----------------------------------------------------  ----------------------
      0 | 0E 24 09 00 77 C1 07 01 77 01 0F DD 91 ED 60 43    0 | .$..w...w.....`C
      1 | 29 5C 0F BD 7F 6A 9A C2 23 01 00 00 28 28 64 00    1 | )\\...j..#...((d.
      2 | 01 83 00 00 00 0A 00 00 00 00 00 00 00 00 00 00    2 | ................
      3 | 00 00 C7 04 54 6F 6E 62 65 72 72 79 48 61 72 61    3 | ....TonberryHara
      4 | 73 73 00 00 00 00 00 00 -- -- -- -- -- -- -- --    4 | ss......--------

NPC ID: 17285498
  Name: TonberryCreepe
  POLUtils_Name: Tonberry Creeper
  Type: Simple NPC
  XYZR: 166.744, -1.486, -113.586, 115
  Mask: 00001111
        |  0  1  2  3  4  5  6  7  8  9  A  B  C  D  E  F      | 0123456789ABCDEF
    -----------------------------------------------------  ----------------------
      0 | 0E 24 09 00 7A C1 07 01 7A 01 0F 73 77 BE 26 43    0 | .$..z...z..sw.&C
      1 | 3F 35 BE BF 08 2C E3 C2 8C 01 00 00 28 28 64 00    1 | ?5...,......((d.
      2 | 01 83 00 00 00 0A 00 00 00 00 00 00 00 00 00 00    2 | ................
      3 | 00 00 9F 04 54 6F 6E 62 65 72 72 79 43 72 65 65    3 | ....TonberryCree
      4 | 70 65 00 00 00 00 00 00 -- -- -- -- -- -- -- --    4 | pe......--------

NPC ID: 17285654
  Name: blank
  POLUtils_Name:      
  Type: Decoration
  XYZR: 198.253, 0.000, -80.331, 14
  Mask: 00001111
        |  0  1  2  3  4  5  6  7  8  9  A  B  C  D  E  F      | 0123456789ABCDEF
    -----------------------------------------------------  ----------------------
      0 | 0E 1C 09 00 16 C2 07 01 16 02 0F 0E C5 40 46 43    0 | .............@FC
      1 | 00 00 00 00 79 A9 A0 C2 01 00 00 00 32 32 64 00    1 | ....y.......22d.
      2 | 00 03 08 00 00 00 00 00 00 00 00 00 00 00 00 00    2 | ................
      3 | 00 00 2F 03 00 00 00 00 -- -- -- -- -- -- -- --    3 | ../.....--------

NPC ID: 17285653
  Name: blank
  POLUtils_Name:      
  Type: Decoration
  XYZR: 198.253, 0.000, -80.331, 14
  Mask: 00001111
        |  0  1  2  3  4  5  6  7  8  9  A  B  C  D  E  F      | 0123456789ABCDEF
    -----------------------------------------------------  ----------------------
      0 | 0E 1C 09 00 15 C2 07 01 15 02 0F 0E C5 40 46 43    0 | .............@FC
      1 | 00 00 00 00 79 A9 A0 C2 01 00 00 00 32 32 64 00    1 | ....y.......22d.
      2 | 02 03 08 00 00 00 00 00 00 00 00 00 00 00 00 00    2 | ................
      3 | 00 00 2E 03 00 00 00 00 -- -- -- -- -- -- -- --    3 | ........--------

NPC ID: 17285493
  Name: TonberryHexer
  POLUtils_Name: Tonberry Hexer
  Type: Simple NPC
  XYZR: 227.720, -0.560, -99.963, 21
  Mask: 00001111
        |  0  1  2  3  4  5  6  7  8  9  A  B  C  D  E  F      | 0123456789ABCDEF
    -----------------------------------------------------  ----------------------
      0 | 0E 24 09 00 75 C1 07 01 75 01 0F 15 52 B8 63 43    0 | .$..u...u...R.cC
      1 | 29 5C 0F BF 0E ED C7 C2 8B 00 00 00 28 28 00 03    1 | )\\..........((..
      2 | 07 83 00 00 00 0A 00 00 00 00 00 00 21 15 0B 00    2 | ............!...
      3 | 00 00 C1 04 54 6F 6E 62 65 72 72 79 48 65 78 65    3 | ....TonberryHexe
      4 | 72 00 00 00 00 00 00 00 -- -- -- -- -- -- -- --    4 | r.......--------

NPC ID: 17285660
  Name: Mugha Dovajaiho
  POLUtils_Name: Mugha Dovajaiho
  Type: Equipped NPC
  XYZR: 203.844, -0.014, -80.618, 99
  Mask: 01010111
        |  0  1  2  3  4  5  6  7  8  9  A  B  C  D  E  F      | 0123456789ABCDEF
    -----------------------------------------------------  ----------------------
      0 | 0E 2C 09 00 1C C2 07 01 1C 02 57 63 10 D8 4B 43    0 | .,........Wc..KC
      1 | 42 60 65 BC 6A 3C A1 C2 07 00 00 00 32 32 64 00    1 | B`e.j<......22d.
      2 | 00 1B 00 00 00 00 00 20 00 00 01 00 00 00 00 00    2 | ....... ........
      3 | 01 00 0F 07 12 10 18 20 0F 30 07 40 11 50 00 60    3 | ....... .0.@.P.`
      4 | 00 70 00 00 00 00 00 00 00 00 00 00 00 00 00 00    4 | .p..............
      5 | 00 00 00 00 00 00 00 00 -- -- -- -- -- -- -- --    5 | ........--------

NPC ID: 17285492
  Name: WorkerCrawler
  POLUtils_Name: Worker Crawler
  Type: Simple NPC
  XYZR: 205.757, -0.284, -98.142, 65
  Mask: 00001111
        |  0  1  2  3  4  5  6  7  8  9  A  B  C  D  E  F      | 0123456789ABCDEF
    -----------------------------------------------------  ----------------------
      0 | 0E 24 09 00 74 C1 07 01 74 01 0F 41 CB C1 4D 43    0 | .$..t...t..A..MC
      1 | 73 68 91 BE B4 48 C4 C2 58 01 00 00 28 28 64 00    1 | sh...H..X...((d.
      2 | 01 83 00 00 00 0F 00 00 00 00 00 00 00 00 00 00    2 | ................
      3 | 00 00 8C 01 57 6F 72 6B 65 72 43 72 61 77 6C 65    3 | ....WorkerCrawle
      4 | 72 00 00 00 00 00 00 00 -- -- -- -- -- -- -- --    4 | r.......--------

NPC ID: 17285494
  Name: TonberryCreepe
  POLUtils_Name: Tonberry Creeper
  Type: Simple NPC
  XYZR: 207.052, -0.271, -82.109, 245
  Mask: 00001111
        |  0  1  2  3  4  5  6  7  8  9  A  B  C  D  E  F      | 0123456789ABCDEF
    -----------------------------------------------------  ----------------------
      0 | 0E 24 09 00 76 C1 07 01 76 01 0F F5 50 0D 4F 43    0 | .$..v...v...P.OC
      1 | 83 C0 8A BE CF 37 A4 C2 AF 15 00 00 28 28 00 03    1 | .....7......((..
      2 | 07 83 00 00 00 0A 00 00 00 00 00 00 EB 82 04 00    2 | ................
      3 | 00 00 9F 04 54 6F 6E 62 65 72 72 79 43 72 65 65    3 | ....TonberryCree
      4 | 70 65 00 00 00 00 00 00 -- -- -- -- -- -- -- --    4 | pe......--------

NPC ID: 17285650
  Name: Ilieumort, R.K.
  POLUtils_Name: Ilieumort, R.K.
  Type: Equipped NPC
  XYZR: 200.254, 0.000, -80.324, 33
  Mask: 01010111
        |  0  1  2  3  4  5  6  7  8  9  A  B  C  D  E  F      | 0123456789ABCDEF
    -----------------------------------------------------  ----------------------
      0 | 0E 2C 0A 00 12 C2 07 01 12 02 57 21 06 41 48 43    0 | .,........W!.AHC
      1 | 00 00 00 00 E3 A5 A0 C2 07 00 00 00 32 32 64 00    1 | ............22d.
      2 | 02 1B 00 00 00 00 00 20 00 00 00 00 00 00 00 00    2 | ....... ........
      3 | 01 00 01 03 0C 10 0C 20 0C 30 0C 40 02 50 D2 60    3 | ....... .0.@.P.`
      4 | 00 70 00 00 00 00 00 00 00 00 00 00 00 00 00 00    4 | .p..............
      5 | 00 00 00 00 00 00 00 00 -- -- -- -- -- -- -- --    5 | ........--------

NPC ID: 17285656
  Name: blank
  POLUtils_Name:      
  Type: Decoration
  XYZR: 200.254, 0.000, -80.324, 33
  Mask: 00001111
        |  0  1  2  3  4  5  6  7  8  9  A  B  C  D  E  F      | 0123456789ABCDEF
    -----------------------------------------------------  ----------------------
      0 | 0E 1C 0A 00 18 C2 07 01 18 02 0F 21 06 41 48 43    0 | ...........!.AHC
      1 | 00 00 00 00 E3 A5 A0 C2 01 00 00 00 32 32 64 00    1 | ............22d.
      2 | 02 03 08 00 00 00 00 00 00 00 00 00 00 00 00 00    2 | ................
      3 | 00 00 31 03 00 00 00 00 -- -- -- -- -- -- -- --    3 | ..1.....--------

NPC ID: 17285652
  Name: Etaj-Pohtaj, W.W.
  POLUtils_Name: Etaj-Pohtaj, W.W.
  Type: Equipped NPC
  XYZR: 200.254, 0.000, -80.324, 33
  Mask: 01010111
        |  0  1  2  3  4  5  6  7  8  9  A  B  C  D  E  F      | 0123456789ABCDEF
    -----------------------------------------------------  ----------------------
      0 | 0E 2C 0A 00 14 C2 07 01 14 02 57 21 06 41 48 43    0 | .,........W!.AHC
      1 | 00 00 00 00 E3 A5 A0 C2 15 00 00 00 32 32 64 00    1 | ............22d.
      2 | 02 1B 00 00 00 00 00 20 00 00 00 00 00 00 00 00    2 | ....... ........
      3 | 01 00 00 05 13 10 13 20 05 30 05 40 05 50 04 61    3 | ....... .0.@.P.a
      4 | 21 70 00 00 00 00 00 00 00 00 00 00 00 00 00 00    4 | !p..............
      5 | 00 00 00 00 00 00 00 00 -- -- -- -- -- -- -- --    5 | ........--------

NPC ID: 17285651
  Name: Mintoo, I.M.
  POLUtils_Name: Mintoo, I.M.
  Type: Equipped NPC
  XYZR: 200.254, 0.000, -80.324, 33
  Mask: 01010111
        |  0  1  2  3  4  5  6  7  8  9  A  B  C  D  E  F      | 0123456789ABCDEF
    -----------------------------------------------------  ----------------------
      0 | 0E 2A 0A 00 13 C2 07 01 13 02 57 21 06 41 48 43    0 | .*........W!.AHC
      1 | 00 00 00 00 E3 A5 A0 C2 01 00 00 00 32 32 64 00    1 | ............22d.
      2 | 00 1B 00 00 00 00 00 20 00 00 00 00 00 00 00 00    2 | ....... ........
      3 | 01 00 02 02 00 10 05 20 05 30 05 40 07 50 BD 60    3 | ....... .0.@.P.`
      4 | B6 70 00 00 00 00 00 00 00 00 00 00 00 00 00 00    4 | .p..............
      5 | 00 00 00 00 -- -- -- -- -- -- -- -- -- -- -- --    5 | ....------------

NPC ID: 17285686
  Name: Peddlestox
  POLUtils_Name: Peddlestox
  Type: Simple NPC
  XYZR: -499.914, 1.465, -109.039, 39
  Mask: 00001111
        |  0  1  2  3  4  5  6  7  8  9  A  B  C  D  E  F      | 0123456789ABCDEF
    -----------------------------------------------------  ----------------------
      0 | 0E 22 44 00 36 C2 07 01 36 02 0F 27 FE F4 F9 C3    0 | ."D.6...6..'....
      1 | 1F 85 BB 3F F8 13 DA C2 07 00 00 00 32 32 64 00    1 | ...?........22d.
      2 | 02 1B 08 00 00 00 00 20 00 00 00 00 00 00 00 00    2 | ....... ........
      3 | 00 00 F7 01 50 65 64 64 6C 65 73 74 6F 78 00 00    3 | ....Peddlestox..
      4 | 00 00 00 00 -- -- -- -- -- -- -- -- -- -- -- --    4 | ....------------

