    [17317903] = {['id']=17317903, ['name']="VeldClionid", ['index']=15, ['level']=74},
    [17317904] = {['id']=17317904, ['name']="VeldClionid", ['index']=16, ['level']=74},
    [17317918] = {['id']=17317918, ['name']="VeldClionid", ['index']=30, ['level']=75},
    [17318504] = {['id']=17318504, ['name']="Atma_Fabricant", ['index']=616, ['level']=0},
    [17318610] = {['id']=17318610, ['name']="Namonutice", ['index']=722, ['level']=0},
    [17318611] = {['id']=17318611, ['name']="Regine", ['index']=723, ['level']=0},
    [17318612] = {['id']=17318612, ['name']="Secodiand", ['index']=724, ['level']=0},
    [17318613] = {['id']=17318613, ['name']="Curilla", ['index']=725, ['level']=0},
    [17318614] = {['id']=17318614, ['name']="Danngogg", ['index']=726, ['level']=0},
    [17318617] = {['id']=17318617, ['name']="Simmie", ['index']=729, ['level']=0},
    [17318618] = {['id']=17318618, ['name']="Fulchia", ['index']=730, ['level']=0},
    [17318619] = {['id']=17318619, ['name']="Guilerme", ['index']=731, ['level']=0},
    [17318620] = {['id']=17318620, ['name']="Daveille", ['index']=732, ['level']=0},
    [17318621] = {['id']=17318621, ['name']="Louis", ['index']=733, ['level']=0},
    [17318645] = {['id']=17318645, ['name']="Amaura", ['index']=757, ['level']=0},
    [17318649] = {['id']=17318649, ['name']="Machine_Outfitter", ['index']=761, ['level']=0},
    [17317900] = {['id']=17317900, ['name']="VeldClionid", ['index']=12, ['level']=75},
    [17317899] = {['id']=17317899, ['name']="VeldClionid", ['index']=11, ['level']=74},
    [17317917] = {['id']=17317917, ['name']="VeldClionid", ['index']=29, ['level']=75},
    [17317901] = {['id']=17317901, ['name']="VeldClionid", ['index']=13, ['level']=75},
    [17317906] = {['id']=17317906, ['name']="VeldClionid", ['index']=18, ['level']=75},
    [17317905] = {['id']=17317905, ['name']="VeldClionid", ['index']=17, ['level']=74},
    [17317922] = {['id']=17317922, ['name']="EphemeralClion", ['index']=34, ['level']=80},
    [17318052] = {['id']=17318052, ['name']="BathyalGigas", ['index']=164, ['level']=84},
    [17317919] = {['id']=17317919, ['name']="VeldClionid", ['index']=31, ['level']=75},
    [17317902] = {['id']=17317902, ['name']="VeldClionid", ['index']=14, ['level']=75},
    [17317915] = {['id']=17317915, ['name']="VeldClionid", ['index']=27, ['level']=75},
    [17317916] = {['id']=17317916, ['name']="VeldClionid", ['index']=28, ['level']=74},
    [17317912] = {['id']=17317912, ['name']="VeldClionid", ['index']=24, ['level']=75},
    [17317920] = {['id']=17317920, ['name']="VeldClionid", ['index']=32, ['level']=75},
    [17317910] = {['id']=17317910, ['name']="VeldClionid", ['index']=22, ['level']=75},
    [17317908] = {['id']=17317908, ['name']="VeldClionid", ['index']=20, ['level']=75},
    [17317921] = {['id']=17317921, ['name']="VeldClionid", ['index']=33, ['level']=74},
    [17317913] = {['id']=17317913, ['name']="VeldClionid", ['index']=25, ['level']=74},
    [17317909] = {['id']=17317909, ['name']="VeldClionid", ['index']=21, ['level']=75},
    [17317911] = {['id']=17317911, ['name']="VeldClionid", ['index']=23, ['level']=75},
    [17317914] = {['id']=17317914, ['name']="VeldClionid", ['index']=26, ['level']=75},
    [17317907] = {['id']=17317907, ['name']="VeldClionid", ['index']=19, ['level']=74},
    [17317930] = {['id']=17317930, ['name']="Gigadaphnia", ['index']=42, ['level']=74},
    [17317931] = {['id']=17317931, ['name']="Gigadaphnia", ['index']=43, ['level']=74},
    [17317932] = {['id']=17317932, ['name']="Gigadaphnia", ['index']=44, ['level']=74},
    [17317940] = {['id']=17317940, ['name']="Gigadaphnia", ['index']=52, ['level']=75},
    [17317941] = {['id']=17317941, ['name']="Gigadaphnia", ['index']=53, ['level']=75},
    [17317943] = {['id']=17317943, ['name']="Gigadaphnia", ['index']=55, ['level']=74},
    [17317933] = {['id']=17317933, ['name']="Gigadaphnia", ['index']=45, ['level']=74},
    [17317950] = {['id']=17317950, ['name']="PlateauHare", ['index']=62, ['level']=75},
    [17317948] = {['id']=17317948, ['name']="PlateauHare", ['index']=60, ['level']=75},
    [17317945] = {['id']=17317945, ['name']="PlateauHare", ['index']=57, ['level']=74},
    [17317952] = {['id']=17317952, ['name']="PlateauHare", ['index']=64, ['level']=74},
    [17317949] = {['id']=17317949, ['name']="PlateauHare", ['index']=61, ['level']=75},
    [17317962] = {['id']=17317962, ['name']="PlateauHare", ['index']=74, ['level']=75},
    [17317960] = {['id']=17317960, ['name']="PlateauHare", ['index']=72, ['level']=75},
    [17317956] = {['id']=17317956, ['name']="PlateauHare", ['index']=68, ['level']=75},
    [17317959] = {['id']=17317959, ['name']="PlateauHare", ['index']=71, ['level']=74},
    [17317963] = {['id']=17317963, ['name']="PlateauHare", ['index']=75, ['level']=75},
    [17317964] = {['id']=17317964, ['name']="EphemeralClion", ['index']=76, ['level']=79},
    [17317987] = {['id']=17317987, ['name']="Geier", ['index']=99, ['level']=75},
    [17317988] = {['id']=17317988, ['name']="Geier", ['index']=100, ['level']=75},
    [17318003] = {['id']=17318003, ['name']="Geier", ['index']=115, ['level']=75},
    [17317991] = {['id']=17317991, ['name']="Geier", ['index']=103, ['level']=75},
    [17318000] = {['id']=17318000, ['name']="Geier", ['index']=112, ['level']=74},
    [17317996] = {['id']=17317996, ['name']="Geier", ['index']=108, ['level']=75},
    [17317995] = {['id']=17317995, ['name']="Geier", ['index']=107, ['level']=75},
    [17317986] = {['id']=17317986, ['name']="Geier", ['index']=98, ['level']=74},
    [17318008] = {['id']=17318008, ['name']="GreatWasp", ['index']=120, ['level']=80},
    [17318024] = {['id']=17318024, ['name']="GreatWasp", ['index']=136, ['level']=80},
    [17318028] = {['id']=17318028, ['name']="EphemeralLimul", ['index']=140, ['level']=79},
    [17318092] = {['id']=17318092, ['name']="DemersalGigas", ['index']=204, ['level']=87},
    [17318013] = {['id']=17318013, ['name']="GreatWasp", ['index']=125, ['level']=80},
    [17318009] = {['id']=17318009, ['name']="GreatWasp", ['index']=121, ['level']=79},
    [17318014] = {['id']=17318014, ['name']="GreatWasp", ['index']=126, ['level']=79},
    [17318010] = {['id']=17318010, ['name']="GreatWasp", ['index']=122, ['level']=80},
    [17318023] = {['id']=17318023, ['name']="GreatWasp", ['index']=135, ['level']=79},
    [17318019] = {['id']=17318019, ['name']="GreatWasp", ['index']=131, ['level']=79},
    [17318020] = {['id']=17318020, ['name']="GreatWasp", ['index']=132, ['level']=80},
    [17318022] = {['id']=17318022, ['name']="GreatWasp", ['index']=134, ['level']=80},
    [17318018] = {['id']=17318018, ['name']="GreatWasp", ['index']=130, ['level']=80},
    [17318037] = {['id']=17318037, ['name']="Psychopomp", ['index']=149, ['level']=80},
    [17318050] = {['id']=17318050, ['name']="EphemeralClion", ['index']=162, ['level']=80},
    [17318389] = {['id']=17318389, ['name']="IrateSheep", ['index']=501, ['level']=80},
    [17318390] = {['id']=17318390, ['name']="IrateSheep", ['index']=502, ['level']=80},
    [17318401] = {['id']=17318401, ['name']="IrateSheep", ['index']=513, ['level']=79},
    [17318394] = {['id']=17318394, ['name']="IrateSheep", ['index']=506, ['level']=80},
    [17318396] = {['id']=17318396, ['name']="IrateSheep", ['index']=508, ['level']=80},
    [17318397] = {['id']=17318397, ['name']="IrateSheep", ['index']=509, ['level']=79},
    [17318398] = {['id']=17318398, ['name']="IrateSheep", ['index']=510, ['level']=80},
    [17318392] = {['id']=17318392, ['name']="IrateSheep", ['index']=504, ['level']=79},
    [17318388] = {['id']=17318388, ['name']="IrateSheep", ['index']=500, ['level']=79},
    [17318291] = {['id']=17318291, ['name']="Crapaudy", ['index']=403, ['level']=80},
    [17318294] = {['id']=17318294, ['name']="Crapaudy", ['index']=406, ['level']=80},
    [17318296] = {['id']=17318296, ['name']="Crapaudy", ['index']=408, ['level']=79},
    [17318298] = {['id']=17318298, ['name']="Crapaudy", ['index']=410, ['level']=79},
    [17318299] = {['id']=17318299, ['name']="Crapaudy", ['index']=411, ['level']=80},
    [17318305] = {['id']=17318305, ['name']="Crapaudy", ['index']=417, ['level']=80},
    [17318307] = {['id']=17318307, ['name']="Crapaudy", ['index']=419, ['level']=80},
    [17318391] = {['id']=17318391, ['name']="IrateSheep", ['index']=503, ['level']=79},
    [17318393] = {['id']=17318393, ['name']="IrateSheep", ['index']=505, ['level']=79},
    [17318395] = {['id']=17318395, ['name']="IrateSheep", ['index']=507, ['level']=79},
    [17318308] = {['id']=17318308, ['name']="Crapaudy", ['index']=420, ['level']=79},
    [17318301] = {['id']=17318301, ['name']="Crapaudy", ['index']=413, ['level']=80},
    [17318293] = {['id']=17318293, ['name']="Crapaudy", ['index']=405, ['level']=80},
    [17318289] = {['id']=17318289, ['name']="Crapaudy", ['index']=401, ['level']=80},
    [17318292] = {['id']=17318292, ['name']="Crapaudy", ['index']=404, ['level']=80},
    [17318295] = {['id']=17318295, ['name']="Crapaudy", ['index']=407, ['level']=80},
    [17318288] = {['id']=17318288, ['name']="Crapaudy", ['index']=400, ['level']=80},
    [17318290] = {['id']=17318290, ['name']="Crapaudy", ['index']=402, ['level']=80},
    [17318286] = {['id']=17318286, ['name']="Crapaudy", ['index']=398, ['level']=80},
    [17318309] = {['id']=17318309, ['name']="EphemeralClion", ['index']=421, ['level']=79},
    [17318303] = {['id']=17318303, ['name']="Crapaudy", ['index']=415, ['level']=80},
    [17318306] = {['id']=17318306, ['name']="Crapaudy", ['index']=418, ['level']=79},
    [17318302] = {['id']=17318302, ['name']="Crapaudy", ['index']=414, ['level']=80},
    [17318304] = {['id']=17318304, ['name']="Crapaudy", ['index']=416, ['level']=79},
    [17318297] = {['id']=17318297, ['name']="Crapaudy", ['index']=409, ['level']=79},
    [17318300] = {['id']=17318300, ['name']="Crapaudy", ['index']=412, ['level']=79},
    [17318616] = {['id']=17318616, ['name']="Nonterene", ['index']=728, ['level']=0},
    [17318637] = {['id']=17318637, ['name']="Gallijaux", ['index']=749, ['level']=0},
    [17318643] = {['id']=17318643, ['name']="Glenne", ['index']=755, ['level']=0},
    [17318636] = {['id']=17318636, ['name']="Halver", ['index']=748, ['level']=0},
    [17318638] = {['id']=17318638, ['name']="Miageau", ['index']=750, ['level']=0},
    [17318287] = {['id']=17318287, ['name']="Crapaudy", ['index']=399, ['level']=80},
    [17318271] = {['id']=17318271, ['name']="PoroggoSeducte", ['index']=383, ['level']=79},
    [17318284] = {['id']=17318284, ['name']="PoroggoSeducte", ['index']=396, ['level']=79},
    [17318274] = {['id']=17318274, ['name']="PoroggoSeducte", ['index']=386, ['level']=79},
    [17318269] = {['id']=17318269, ['name']="PoroggoSeducte", ['index']=381, ['level']=80},
    [17318268] = {['id']=17318268, ['name']="PoroggoSeducte", ['index']=380, ['level']=79},
    [17318273] = {['id']=17318273, ['name']="PoroggoSeducte", ['index']=385, ['level']=79},
