    [16974277] = {['id']=16974277, ['name']="Chayaya", ['index']=453, ['level']=0},
    [16974278] = {['id']=16974278, ['name']="Allard", ['index']=454, ['level']=0},
    [16974279] = {    [16974280] = {    [16974305] = {['id']=16974305, ['name']="Yayaroon", ['index']=481, ['level']=0},
    [16974367] = {    [16974369] = {['id']=16974369, ['name']="Talruf", ['index']=545, ['level']=0},
    [16974281] = {['id']=16974281, ['name']="Numaaf", ['index']=457, ['level']=0},
    [16974365] = {['id']=16974365, ['name']="Eumoa-Tajimoa", ['index']=541, ['level']=0},
    [16974366] = {['id']=16974366, ['name']="Truffle", ['index']=542, ['level']=0},
    [16974372] = {['id']=16974372, ['name']="Zwiyaam", ['index']=548, ['level']=0},
    [16974362] = {['id']=16974362, ['name']="Gameem", ['index']=538, ['level']=0},
    [16974373] = {['id']=16974373, ['name']="Danaaba", ['index']=549, ['level']=0},
    [16974312] = {['id']=16974312, ['name']="Iphaaf", ['index']=488, ['level']=0},
    [16974302] = {['id']=16974302, ['name']="Mihli_Aliapoh", ['index']=478, ['level']=0},
    [16974368] = {['id']=16974368, ['name']="Sujyahn", ['index']=544, ['level']=0},
    [16974304] = {['id']=16974304, ['name']="Najelith", ['index']=480, ['level']=0},
    [16974314] = {['id']=16974314, ['name']="Gaweesh", ['index']=490, ['level']=0},
    [16974377] = {['id']=16974377, ['name']="Dahaeel", ['index']=553, ['level']=0},
    [16974310] = {['id']=16974310, ['name']="Biyaada", ['index']=486, ['level']=0},
    [16974300] = {['id']=16974300, ['name']="Rughadjeen", ['index']=476, ['level']=0},
    [16974303] = {    [16974313] = {    [16974359] = {    [16974375] = {    [16974380] = {['id']=16974380, ['name']="Voidwatch_Purveyor", ['index']=556, ['level']=0},
    [16974381] = {['id']=16974381, ['name']="Voidwatch_Purveyor", ['index']=557, ['level']=0},
    [16974360] = {['id']=16974360, ['name']="Famatar", ['index']=536, ['level']=0},
    [16974301] = {['id']=16974301, ['name']="Gadalar", ['index']=477, ['level']=0},
    [16974311] = {['id']=16974311, ['name']="Shayadar", ['index']=487, ['level']=0},
    [16974376] = {['id']=16974376, ['name']="Bjibar", ['index']=552, ['level']=0},
    [16974290] = {['id']=16974290, ['name']="Macici", ['index']=466, ['level']=0},
    [16974284] = {['id']=16974284, ['name']="Ndego", ['index']=460, ['level']=0},
    [16974371] = {['id']=16974371, ['name']="Hadibal", ['index']=547, ['level']=0},
    [16974363] = {['id']=16974363, ['name']="Salaifa", ['index']=539, ['level']=0},
    [16974299] = {['id']=16974299, ['name']="Chochoroon", ['index']=475, ['level']=0},
    [16974306] = {['id']=16974306, ['name']="Dahaaba", ['index']=482, ['level']=0},
    [16974307] = {['id']=16974307, ['name']="Chocobo", ['index']=483, ['level']=0},
    [16974285] = {['id']=16974285, ['name']="Dehbi_Moshal", ['index']=461, ['level']=0},
    [16974291] = {['id']=16974291, ['name']="Yudi_Yolhbi", ['index']=467, ['level']=0},
    [16974277] = {['id']=16974277, ['name']="Chayaya", ['index']=453, ['level']=0},
    [16974278] = {    [16974279] = {    [16974280] = {    [16974305] = {['id']=16974305, ['name']="Yayaroon", ['index']=481, ['level']=0},
    [16974367] = {['id']=16974367, ['name']="Najaaj", ['index']=543, ['level']=0},
    [16974369] = {['id']=16974369, ['name']="Talruf", ['index']=545, ['level']=0},
    [16974281] = {['id']=16974281, ['name']="Numaaf", ['index']=457, ['level']=0},
    [16974365] = {['id']=16974365, ['name']="Eumoa-Tajimoa", ['index']=541, ['level']=0},
    [16974372] = {['id']=16974372, ['name']="Zwiyaam", ['index']=548, ['level']=0},
    [16974366] = {['id']=16974366, ['name']="Truffle", ['index']=542, ['level']=0},
    [16974362] = {['id']=16974362, ['name']="Gameem", ['index']=538, ['level']=0},
    [16974373] = {['id']=16974373, ['name']="Danaaba", ['index']=549, ['level']=0},
    [16974368] = {['id']=16974368, ['name']="Sujyahn", ['index']=544, ['level']=0},
    [16974312] = {['id']=16974312, ['name']="Iphaaf", ['index']=488, ['level']=0},
    [16974302] = {['id']=16974302, ['name']="Mihli_Aliapoh", ['index']=478, ['level']=0},
    [16974377] = {    [16974304] = {['id']=16974304, ['name']="Najelith", ['index']=480, ['level']=0},
    [16974314] = {['id']=16974314, ['name']="Gaweesh", ['index']=490, ['level']=0},
    [16974310] = {['id']=16974310, ['name']="Biyaada", ['index']=486, ['level']=0},
    [16974284] = {    [16974290] = {    [16974371] = {    [16974363] = {['id']=16974363, ['name']="Salaifa", ['index']=539, ['level']=0},
    [16974306] = {['id']=16974306, ['name']="Dahaaba", ['index']=482, ['level']=0},
    [16974299] = {['id']=16974299, ['name']="Chochoroon", ['index']=475, ['level']=0},
    [16974307] = {['id']=16974307, ['name']="Chocobo", ['index']=483, ['level']=0},
    [16974285] = {['id']=16974285, ['name']="Dehbi_Moshal", ['index']=461, ['level']=0},
    [16974291] = {['id']=16974291, ['name']="Yudi_Yolhbi", ['index']=467, ['level']=0},
    [16974368] = {['id']=16974368, ['name']="Sujyahn", ['index']=544, ['level']=0},
    [16974377] = {    [16974310] = {['id']=16974310, ['name']="Biyaada", ['index']=486, ['level']=0},
    [16974365] = {['id']=16974365, ['name']="Eumoa-Tajimoa", ['index']=541, ['level']=0},
    [16974366] = {['id']=16974366, ['name']="Truffle", ['index']=542, ['level']=0},
    [16974372] = {['id']=16974372, ['name']="Zwiyaam", ['index']=548, ['level']=0},
    [16974362] = {['id']=16974362, ['name']="Gameem", ['index']=538, ['level']=0},
    [16974279] = {    [16974367] = {    [16974280] = {['id']=16974280, ['name']="Zafif", ['index']=456, ['level']=0},
    [16974281] = {['id']=16974281, ['name']="Numaaf", ['index']=457, ['level']=0},
    [16974312] = {['id']=16974312, ['name']="Iphaaf", ['index']=488, ['level']=0},
    [16974302] = {    [16974303] = {    [16974304] = {    [16974313] = {    [16974314] = {    [16974300] = {['id']=16974300, ['name']="Rughadjeen", ['index']=476, ['level']=0},
    [16974359] = {['id']=16974359, ['name']="Falzuuk", ['index']=535, ['level']=0},
    [16974380] = {['id']=16974380, ['name']="Voidwatch_Purveyor", ['index']=556, ['level']=0},
    [16974375] = {['id']=16974375, ['name']="Banjanu", ['index']=551, ['level']=0},
    [16974376] = {['id']=16974376, ['name']="Bjibar", ['index']=552, ['level']=0},
    [16974360] = {['id']=16974360, ['name']="Famatar", ['index']=536, ['level']=0},
    [16974301] = {['id']=16974301, ['name']="Gadalar", ['index']=477, ['level']=0},
    [16974381] = {['id']=16974381, ['name']="Voidwatch_Purveyor", ['index']=557, ['level']=0},
    [16974311] = {    [16974373] = {['id']=16974373, ['name']="Danaaba", ['index']=549, ['level']=0},
    [16974305] = {['id']=16974305, ['name']="Yayaroon", ['index']=481, ['level']=0},
    [16974277] = {    [16974278] = {    [16974369] = {['id']=16974369, ['name']="Talruf", ['index']=545, ['level']=0},
    [16974277] = {['id']=16974277, ['name']="Chayaya", ['index']=453, ['level']=0},
    [16974278] = {['id']=16974278, ['name']="Allard", ['index']=454, ['level']=0},
    [16974369] = {['id']=16974369, ['name']="Talruf", ['index']=545, ['level']=0},
    [16974305] = {['id']=16974305, ['name']="Yayaroon", ['index']=481, ['level']=0},
    [16974367] = {['id']=16974367, ['name']="Najaaj", ['index']=543, ['level']=0},
    [16974279] = {['id']=16974279, ['name']="Kahah_Hobichai", ['index']=455, ['level']=0},
    [16974280] = {['id']=16974280, ['name']="Zafif", ['index']=456, ['level']=0},
    [16974281] = {    [16974365] = {['id']=16974365, ['name']="Eumoa-Tajimoa", ['index']=541, ['level']=0},
    [16974366] = {['id']=16974366, ['name']="Truffle", ['index']=542, ['level']=0},
    [16974372] = {['id']=16974372, ['name']="Zwiyaam", ['index']=548, ['level']=0},
    [16974372] = {['id']=16974372, ['name']="Zwiyaam", ['index']=548, ['level']=0},
    [16974310] = {    [16974314] = {    [16974304] = {['id']=16974304, ['name']="Najelith", ['index']=480, ['level']=0},
    [16974303] = {['id']=16974303, ['name']="Zazarg", ['index']=479, ['level']=0},
    [16974300] = {['id']=16974300, ['name']="Rughadjeen", ['index']=476, ['level']=0},
    [16974365] = {['id']=16974365, ['name']="Eumoa-Tajimoa", ['index']=541, ['level']=0},
    [16974362] = {['id']=16974362, ['name']="Gameem", ['index']=538, ['level']=0},
    [16974367] = {    [16974279] = {['id']=16974279, ['name']="Kahah_Hobichai", ['index']=455, ['level']=0},
    [16974280] = {['id']=16974280, ['name']="Zafif", ['index']=456, ['level']=0},
    [16974281] = {['id']=16974281, ['name']="Numaaf", ['index']=457, ['level']=0},
    [16974305] = {['id']=16974305, ['name']="Yayaroon", ['index']=481, ['level']=0},
    [16974278] = {['id']=16974278, ['name']="Allard", ['index']=454, ['level']=0},
    [16974277] = {['id']=16974277, ['name']="Chayaya", ['index']=453, ['level']=0},
    [16974369] = {['id']=16974369, ['name']="Talruf", ['index']=545, ['level']=0},
    [16974366] = {['id']=16974366, ['name']="Truffle", ['index']=542, ['level']=0},
    [16974373] = {['id']=16974373, ['name']="Danaaba", ['index']=549, ['level']=0},
    [16974312] = {['id']=16974312, ['name']="Iphaaf", ['index']=488, ['level']=0},
    [16974302] = {['id']=16974302, ['name']="Mihli_Aliapoh", ['index']=478, ['level']=0},
    [16974368] = {['id']=16974368, ['name']="Sujyahn", ['index']=544, ['level']=0},
    [16974377] = {['id']=16974377, ['name']="Dahaeel", ['index']=553, ['level']=0},
    [16974313] = {['id']=16974313, ['name']="Talhaal", ['index']=489, ['level']=0},
    [16974359] = {['id']=16974359, ['name']="Falzuuk", ['index']=535, ['level']=0},
    [16974375] = {['id']=16974375, ['name']="Banjanu", ['index']=551, ['level']=0},
    [16974380] = {    [16974381] = {['id']=16974381, ['name']="Voidwatch_Purveyor", ['index']=557, ['level']=0},
    [16974360] = {['id']=16974360, ['name']="Famatar", ['index']=536, ['level']=0},
    [16974282] = {['id']=16974282, ['name']="Taten-Bilten", ['index']=458, ['level']=0},
    [16974283] = {['id']=16974283, ['name']="Bornahn", ['index']=459, ['level']=0},
    [16974288] = {['id']=16974288, ['name']="Gidappa", ['index']=464, ['level']=0},
    [16974289] = {['id']=16974289, ['name']="Rajaaha", ['index']=465, ['level']=0},
    [16974308] = {['id']=16974308, ['name']="Shihu-Danhu", ['index']=484, ['level']=0},
    [16974309] = {['id']=16974309, ['name']="Suldiran", ['index']=485, ['level']=0},
    [16974357] = {['id']=16974357, ['name']="Krujaal", ['index']=533, ['level']=0},
    [16974370] = {['id']=16974370, ['name']="Gadaana", ['index']=546, ['level']=0},
    [16974363] = {    [16974371] = {    [16974290] = {['id']=16974290, ['name']="Macici", ['index']=466, ['level']=0},
    [16974284] = {['id']=16974284, ['name']="Ndego", ['index']=460, ['level']=0},
    [16974299] = {['id']=16974299, ['name']="Chochoroon", ['index']=475, ['level']=0},
    [16974306] = {['id']=16974306, ['name']="Dahaaba", ['index']=482, ['level']=0},
    [16974291] = {    [16974307] = {['id']=16974307, ['name']="Chocobo", ['index']=483, ['level']=0},
    [16974285] = {['id']=16974285, ['name']="Dehbi_Moshal", ['index']=461, ['level']=0},
    [16974286] = {['id']=16974286, ['name']="Nudahaal", ['index']=462, ['level']=0},
