    [16912715] = {['id']=16912715, ['name']="Om\'aern", ['index']=331, ['level']=78},
    [16912716] = {['id']=16912716, ['name']="Om\'aern", ['index']=332, ['level']=75},
    [16912717] = {['id']=16912717, ['name']="Om\'aern", ['index']=333, ['level']=77},
    [16912718] = {['id']=16912718, ['name']="Om\'hpemde", ['index']=334, ['level']=77},
    [16912719] = {['id']=16912719, ['name']="Om\'hpemde", ['index']=335, ['level']=75},
    [16912732] = {['id']=16912732, ['name']="Om\'aern", ['index']=348, ['level']=75},
    [16912708] = {['id']=16912708, ['name']="Om\'xzomit", ['index']=324, ['level']=74},
    [16912718] = {['id']=16912718, ['name']="Om\'hpemde", ['index']=334, ['level']=77},
    [16912411] = {['id']=16912411, ['name']="Ul\'xzomit", ['index']=27, ['level']=71},
    [16912413] = {['id']=16912413, ['name']="Ul\'hpemde", ['index']=29, ['level']=71},
    [16912415] = {['id']=16912415, ['name']="Ul\'aern", ['index']=31, ['level']=71},
    [16912983] = {['id']=16912983, ['name']="Quasilumin", ['index']=599, ['level']=0},
    [16912410] = {['id']=16912410, ['name']="Ul\'xzomit", ['index']=26, ['level']=69},
    [16912409] = {['id']=16912409, ['name']="Ul\'xzomit", ['index']=25, ['level']=68},
    [16912385] = {['id']=16912385, ['name']="Ul\'aern", ['index']=1, ['level']=73},
    [16912387] = {['id']=16912387, ['name']="Ul\'aern", ['index']=3, ['level']=73},
    [16912388] = {['id']=16912388, ['name']="Ul\'aern", ['index']=4, ['level']=72},
    [16912391] = {['id']=16912391, ['name']="Ul\'aern", ['index']=7, ['level']=72},
    [16912393] = {['id']=16912393, ['name']="Ul\'aern", ['index']=9, ['level']=72},
    [16912394] = {['id']=16912394, ['name']="Ul\'xzomit", ['index']=10, ['level']=68},
    [16912395] = {['id']=16912395, ['name']="Ul\'xzomit", ['index']=11, ['level']=69},
    [16912396] = {['id']=16912396, ['name']="Ul\'xzomit", ['index']=12, ['level']=70},
    [16912397] = {['id']=16912397, ['name']="Ul\'hpemde", ['index']=13, ['level']=68},
    [16912398] = {['id']=16912398, ['name']="Ul\'hpemde", ['index']=14, ['level']=68},
    [16912400] = {['id']=16912400, ['name']="Ul\'hpemde", ['index']=16, ['level']=69},
    [16912416] = {['id']=16912416, ['name']="Ul\'aern", ['index']=32, ['level']=73},
    [16912973] = {['id']=16912973, ['name']="Quasilumin", ['index']=589, ['level']=0},
    [16912980] = {['id']=16912980, ['name']="Quasilumin", ['index']=596, ['level']=0},
    [16912983] = {['id']=16912983, ['name']="Quasilumin", ['index']=599, ['level']=0},
    [16912733] = {['id']=16912733, ['name']="Om\'hpemde", ['index']=349, ['level']=75},
    [16912722] = {['id']=16912722, ['name']="Om\'aern", ['index']=338, ['level']=78},
    [16912735] = {['id']=16912735, ['name']="Om\'phuabo", ['index']=351, ['level']=79},
    [16912734] = {['id']=16912734, ['name']="Om\'phuabo", ['index']=350, ['level']=81},
    [16912819] = {['id']=16912819, ['name']="Aw\'euvhi", ['index']=435, ['level']=78},
    [16912721] = {['id']=16912721, ['name']="Om\'phuabo", ['index']=337, ['level']=79},
    [16912720] = {['id']=16912720, ['name']="Om\'phuabo", ['index']=336, ['level']=81},
    [16912820] = {['id']=16912820, ['name']="Om\'yovra", ['index']=436, ['level']=85},
    [16912392] = {['id']=16912392, ['name']="Ul\'aern", ['index']=8, ['level']=73},
    [16912424] = {['id']=16912424, ['name']="Ul\'xzomit", ['index']=40, ['level']=71},
    [16912423] = {['id']=16912423, ['name']="Ul\'xzomit", ['index']=39, ['level']=70},
    [16912422] = {['id']=16912422, ['name']="Ul\'xzomit", ['index']=38, ['level']=71},
    [16912390] = {['id']=16912390, ['name']="Ul\'aern", ['index']=6, ['level']=70},
    [16912399] = {['id']=16912399, ['name']="Ul\'hpemde", ['index']=15, ['level']=72},
    [16912406] = {['id']=16912406, ['name']="Ul\'aern", ['index']=22, ['level']=73},
    [16912389] = {['id']=16912389, ['name']="Ul\'aern", ['index']=5, ['level']=70},
    [16912401] = {['id']=16912401, ['name']="Ul\'phuabo", ['index']=17, ['level']=76},
    [16912971] = {['id']=16912971, ['name']="Quasilumin", ['index']=587, ['level']=0},
    [16912418] = {['id']=16912418, ['name']="Ul\'aern", ['index']=34, ['level']=73},
    [16912417] = {['id']=16912417, ['name']="Ul\'aern", ['index']=33, ['level']=70},
    [16912420] = {['id']=16912420, ['name']="Ul\'hpemde", ['index']=36, ['level']=72},
    [16912425] = {['id']=16912425, ['name']="Ul\'phuabo", ['index']=41, ['level']=77},
    [16912419] = {['id']=16912419, ['name']="Ul\'hpemde", ['index']=35, ['level']=71},
    [16912405] = {['id']=16912405, ['name']="Ul\'aern", ['index']=21, ['level']=72},
    [16912976] = {['id']=16912976, ['name']="Quasilumin", ['index']=592, ['level']=0},
    [16912437] = {['id']=16912437, ['name']="Ul\'xzomit", ['index']=53, ['level']=70},
    [16912433] = {['id']=16912433, ['name']="Ul\'xzomit", ['index']=49, ['level']=70},
    [16912432] = {['id']=16912432, ['name']="Ul\'xzomit", ['index']=48, ['level']=71},
    [16912434] = {['id']=16912434, ['name']="Ul\'xzomit", ['index']=50, ['level']=71},
    [16912426] = {['id']=16912426, ['name']="Ul\'xzomit", ['index']=42, ['level']=68},
    [16912427] = {['id']=16912427, ['name']="Ul\'xzomit", ['index']=43, ['level']=68},
    [16912436] = {['id']=16912436, ['name']="Ul\'xzomit", ['index']=52, ['level']=70},
    [16912430] = {['id']=16912430, ['name']="Ul\'xzomit", ['index']=46, ['level']=69},
    [16912431] = {['id']=16912431, ['name']="Ul\'xzomit", ['index']=47, ['level']=68},
    [16912429] = {['id']=16912429, ['name']="Ul\'xzomit", ['index']=45, ['level']=69},
    [16912428] = {['id']=16912428, ['name']="Ul\'xzomit", ['index']=44, ['level']=70},
    [16912435] = {['id']=16912435, ['name']="Ul\'xzomit", ['index']=51, ['level']=70},
    [16912402] = {['id']=16912402, ['name']="Ul\'phuabo", ['index']=18, ['level']=76},
    [16912386] = {['id']=16912386, ['name']="Ul\'aern", ['index']=2, ['level']=70},
    [16912421] = {['id']=16912421, ['name']="Aern\'sElementa", ['index']=37, ['level']=64},
    [16912403] = {['id']=16912403, ['name']="Ul\'aern", ['index']=19, ['level']=71},
    [16912439] = {['id']=16912439, ['name']="Ul\'hpemde", ['index']=55, ['level']=68},
    [16912438] = {['id']=16912438, ['name']="Ul\'hpemde", ['index']=54, ['level']=71},
    [16912440] = {['id']=16912440, ['name']="Ul\'hpemde", ['index']=56, ['level']=70},
    [16912449] = {['id']=16912449, ['name']="Ul\'xzomit", ['index']=65, ['level']=68},
    [16912450] = {['id']=16912450, ['name']="Ul\'xzomit", ['index']=66, ['level']=68},
    [16912451] = {['id']=16912451, ['name']="Ul\'xzomit", ['index']=67, ['level']=68},
    [16912452] = {['id']=16912452, ['name']="Ul\'xzomit", ['index']=68, ['level']=70},
    [16912453] = {['id']=16912453, ['name']="Ul\'xzomit", ['index']=69, ['level']=69},
    [16912454] = {['id']=16912454, ['name']="Ul\'xzomit", ['index']=70, ['level']=70},
    [16912455] = {['id']=16912455, ['name']="Ul\'xzomit", ['index']=71, ['level']=71},
    [16912456] = {['id']=16912456, ['name']="Ul\'xzomit", ['index']=72, ['level']=70},
    [16912457] = {['id']=16912457, ['name']="Ul\'xzomit", ['index']=73, ['level']=70},
    [16912458] = {['id']=16912458, ['name']="Ul\'hpemde", ['index']=74, ['level']=69},
    [16912459] = {['id']=16912459, ['name']="Ul\'hpemde", ['index']=75, ['level']=71},
    [16912465] = {['id']=16912465, ['name']="Ul\'hpemde", ['index']=81, ['level']=72},
    [16912466] = {['id']=16912466, ['name']="Ul\'hpemde", ['index']=82, ['level']=69},
    [16912972] = {['id']=16912972, ['name']="Quasilumin", ['index']=588, ['level']=0},
    [16912467] = {['id']=16912467, ['name']="Ul\'hpemde", ['index']=83, ['level']=70},
    [16912463] = {['id']=16912463, ['name']="Ul\'hpemde", ['index']=79, ['level']=69},
    [16912464] = {['id']=16912464, ['name']="Ul\'hpemde", ['index']=80, ['level']=71},
    [16912472] = {['id']=16912472, ['name']="Om\'aern", ['index']=88, ['level']=75},
    [16912484] = {['id']=16912484, ['name']="Om\'xzomit", ['index']=100, ['level']=75},
    [16912485] = {['id']=16912485, ['name']="Om\'xzomit", ['index']=101, ['level']=73},
    [16912474] = {['id']=16912474, ['name']="Om\'aern", ['index']=90, ['level']=78},
    [16912473] = {['id']=16912473, ['name']="Om\'aern", ['index']=89, ['level']=76},
    [16912486] = {['id']=16912486, ['name']="Om\'xzomit", ['index']=102, ['level']=75},
    [16912481] = {['id']=16912481, ['name']="Aern\'sWynav", ['index']=97, ['level']=72},
    [16912483] = {['id']=16912483, ['name']="Aern\'sXzomit", ['index']=99, ['level']=70},
    [16912493] = {['id']=16912493, ['name']="Om\'aern", ['index']=109, ['level']=76},
    [16912479] = {['id']=16912479, ['name']="Om\'hpemde", ['index']=95, ['level']=76},
    [16912478] = {['id']=16912478, ['name']="Om\'hpemde", ['index']=94, ['level']=75},
    [16912505] = {['id']=16912505, ['name']="Om\'xzomit", ['index']=121, ['level']=75},
    [16912504] = {['id']=16912504, ['name']="Om\'xzomit", ['index']=120, ['level']=76},
    [16912975] = {['id']=16912975, ['name']="Quasilumin", ['index']=591, ['level']=0},
    [16912974] = {['id']=16912974, ['name']="Quasilumin", ['index']=590, ['level']=0},
    [16912517] = {['id']=16912517, ['name']="Om\'aern", ['index']=133, ['level']=77},
    [16912521] = {['id']=16912521, ['name']="Om\'xzomit", ['index']=137, ['level']=75},
    [16912522] = {['id']=16912522, ['name']="Om\'xzomit", ['index']=138, ['level']=75},
    [16912523] = {['id']=16912523, ['name']="Om\'xzomit", ['index']=139, ['level']=75},
    [16912524] = {['id']=16912524, ['name']="Om\'xzomit", ['index']=140, ['level']=75},
    [16912525] = {['id']=16912525, ['name']="Om\'xzomit", ['index']=141, ['level']=76},
    [16912526] = {['id']=16912526, ['name']="Om\'xzomit", ['index']=142, ['level']=76},
    [16912506] = {['id']=16912506, ['name']="Om\'xzomit", ['index']=122, ['level']=76},
    [16912508] = {['id']=16912508, ['name']="Om\'hpemde", ['index']=124, ['level']=73},
    [16912507] = {['id']=16912507, ['name']="Om\'hpemde", ['index']=123, ['level']=73},
    [16912510] = {['id']=16912510, ['name']="Om\'hpemde", ['index']=126, ['level']=73},
    [16912514] = {['id']=16912514, ['name']="Om\'hpemde", ['index']=130, ['level']=74},
    [16912515] = {['id']=16912515, ['name']="Om\'phuabo", ['index']=131, ['level']=81},
    [16912512] = {['id']=16912512, ['name']="Om\'hpemde", ['index']=128, ['level']=74},
    [16912978] = {['id']=16912978, ['name']="Quasilumin", ['index']=594, ['level']=0},
    [16912511] = {['id']=16912511, ['name']="Om\'hpemde", ['index']=127, ['level']=77},
    [16912462] = {['id']=16912462, ['name']="Ul\'hpemde", ['index']=78, ['level']=68},
    [16912461] = {['id']=16912461, ['name']="Ul\'phuabo", ['index']=77, ['level']=76},
    [16912468] = {['id']=16912468, ['name']="Ul\'xzomit", ['index']=84, ['level']=68},
    [16912469] = {['id']=16912469, ['name']="Ul\'xzomit", ['index']=85, ['level']=70},
    [16912470] = {['id']=16912470, ['name']="Ul\'xzomit", ['index']=86, ['level']=71},
