    [17072276] = {['id']=17072276, ['name']="Shahayl", ['index']=148, ['level']=0},
    [17072130] = {['id']=17072130, ['name']="QiqirnPoultere", ['index']=2, ['level']=76},
    [17072134] = {['id']=17072134, ['name']="QiqirnPoultere", ['index']=6, ['level']=78},
    [17072133] = {['id']=17072133, ['name']="Boompadu", ['index']=5, ['level']=82},
    [17072136] = {['id']=17072136, ['name']="QiqirnGoldsmit", ['index']=8, ['level']=78},
    [17072135] = {['id']=17072135, ['name']="QiqirnPoultere", ['index']=7, ['level']=78},
    [17072131] = {['id']=17072131, ['name']="QiqirnGoldsmit", ['index']=3, ['level']=77},
    [17072276] = {['id']=17072276, ['name']="Shahayl", ['index']=148, ['level']=0},
    [17072163] = {['id']=17072163, ['name']="QiqirnGoldsmit", ['index']=35, ['level']=76},
    [17072165] = {['id']=17072165, ['name']="QiqirnPoultere", ['index']=37, ['level']=77},
    [17072166] = {['id']=17072166, ['name']="QiqirnPoultere", ['index']=38, ['level']=76},
    [17072167] = {['id']=17072167, ['name']="QiqirnPoultere", ['index']=39, ['level']=77},
    [17072170] = {['id']=17072170, ['name']="Oupire", ['index']=42, ['level']=85},
    [17072281] = {['id']=17072281, ['name']="Shahayl", ['index']=153, ['level']=0},
    [17072281] = {['id']=17072281, ['name']="Shahayl", ['index']=153, ['level']=0},
    [17072170] = {['id']=17072170, ['name']="Oupire", ['index']=42, ['level']=85},
    [17072167] = {['id']=17072167, ['name']="QiqirnPoultere", ['index']=39, ['level']=76},
    [17072168] = {['id']=17072168, ['name']="QiqirnGoldsmit", ['index']=40, ['level']=78},
    [17072165] = {['id']=17072165, ['name']="QiqirnPoultere", ['index']=37, ['level']=77},
    [17072281] = {['id']=17072281, ['name']="Shahayl", ['index']=153, ['level']=0},
    [17072281] = {['id']=17072281, ['name']="Shahayl", ['index']=153, ['level']=0},
    [17072281] = {['id']=17072281, ['name']="Shahayl", ['index']=153, ['level']=0},
    [17072281] = {['id']=17072281, ['name']="Ovjang", ['index']=153, ['level']=0},
    [17072281] = {['id']=17072281, ['name']="Shahayl", ['index']=153, ['level']=0},
    [17072281] = {['id']=17072281, ['name']="Ovjang", ['index']=153, ['level']=0},
    [17072371] = {['id']=17072371, ['name']="Shahayl", ['index']=243, ['level']=0},
    [17072196] = {['id']=17072196, ['name']="Moogle", ['index']=68, ['level']=142},
    [17072197] = {['id']=17072197, ['name']="Moogle", ['index']=69, ['level']=147},
    [17072198] = {['id']=17072198, ['name']="Moogle", ['index']=70, ['level']=145},
    [17072199] = {['id']=17072199, ['name']="Moogle", ['index']=71, ['level']=142},
    [17072200] = {['id']=17072200, ['name']="Moogle", ['index']=72, ['level']=142},
    [17072201] = {['id']=17072201, ['name']="Moogle", ['index']=73, ['level']=145},
    [17072202] = {['id']=17072202, ['name']="Moogle", ['index']=74, ['level']=145},
    [17072203] = {['id']=17072203, ['name']="Moogle", ['index']=75, ['level']=147},
    [17072204] = {['id']=17072204, ['name']="_200", ['index']=76, ['level']=146},
    [17072154] = {['id']=17072154, ['name']="QiqirnGoldsmit", ['index']=26, ['level']=77},
    [17072156] = {['id']=17072156, ['name']="QiqirnGoldsmit", ['index']=28, ['level']=78},
    [17072158] = {['id']=17072158, ['name']="QiqirnPoultere", ['index']=30, ['level']=77},
    [17072247] = {['id']=17072247, ['name']="Nashmeira", ['index']=119, ['level']=142},
    [17072248] = {['id']=17072248, ['name']="Nashmeira", ['index']=120, ['level']=143},
    [17072249] = {['id']=17072249, ['name']="Razfahd", ['index']=121, ['level']=143},
    [17072250] = {['id']=17072250, ['name']="Ghatsad", ['index']=122, ['level']=145},
    [17072251] = {['id']=17072251, ['name']="Raubahn", ['index']=123, ['level']=145},
    [17072252] = {['id']=17072252, ['name']="Amnaf", ['index']=124, ['level']=145},
    [17072371] = {['id']=17072371, ['name']="Shahayl", ['index']=243, ['level']=0},
    [17072268] = {['id']=17072268, ['name']="Balrahn_Eidolon", ['index']=140, ['level']=145},
    [17072270] = {['id']=17072270, ['name']="ApexArchaicCo", ['index']=142, ['level']=147},
    [17072211] = {['id']=17072211, ['name']="_207", ['index']=83, ['level']=142},
    [17072212] = {['id']=17072212, ['name']="_208", ['index']=84, ['level']=142},
    [17072213] = {['id']=17072213, ['name']="ApexArchaicCo", ['index']=85, ['level']=144},
    [17072214] = {['id']=17072214, ['name']="ApexArchaicCo", ['index']=86, ['level']=144},
    [17072215] = {['id']=17072215, ['name']="ApexArchaicCo", ['index']=87, ['level']=145},
    [17072216] = {['id']=17072216, ['name']="_20c", ['index']=88, ['level']=147},
    [17072253] = {['id']=17072253, ['name']="Amnaf", ['index']=125, ['level']=143},
    [17072254] = {['id']=17072254, ['name']="NajaSalaheem", ['index']=126, ['level']=143},
    [17072255] = {['id']=17072255, ['name']="Luzaf", ['index']=127, ['level']=145},
    [17072256] = {['id']=17072256, ['name']="Odin", ['index']=128, ['level']=144},
    [17072273] = {['id']=17072273, ['name']="Abda-Lurabda", ['index']=145, ['level']=144},
    [17072274] = {['id']=17072274, ['name']="Rishfee", ['index']=146, ['level']=142},
    [17072275] = {['id']=17072275, ['name']="Amnaf", ['index']=147, ['level']=145},
    [17072188] = {['id']=17072188, ['name']="AchieveMaster", ['index']=60, ['level']=144},
