    [17739796] = {    [17739797] = {['id']=17739797, ['name']="Belizieg", ['index']=21, ['level']=0},
    [17739817] = {['id']=17739817, ['name']="Lavinia", ['index']=41, ['level']=0},
    [17739843] = {['id']=17739843, ['name']="Foss", ['index']=67, ['level']=0},
    [17739870] = {['id']=17739870, ['name']="Rock_Jaw", ['index']=94, ['level']=0},
    [17739926] = {    [17739927] = {['id']=17739927, ['name']="Valkeng", ['index']=151, ['level']=0},
    [17739941] = {['id']=17739941, ['name']="Synergy_Engineer", ['index']=165, ['level']=0},
    [17740034] = {    [17740035] = {    [17740036] = {    [17740042] = {    [17740043] = {    [17739889] = {['id']=17739889, ['name']="Zacc", ['index']=113, ['level']=0},
    [17739890] = {['id']=17739890, ['name']="Enu", ['index']=114, ['level']=0},
    [17739831] = {    [17739798] = {['id']=17739798, ['name']="Zhikkom", ['index']=22, ['level']=0},
    [17739796] = {    [17739797] = {['id']=17739797, ['name']="Belizieg", ['index']=21, ['level']=0},
    [17739817] = {['id']=17739817, ['name']="Lavinia", ['index']=41, ['level']=0},
    [17739843] = {['id']=17739843, ['name']="Foss", ['index']=67, ['level']=0},
    [17739870] = {['id']=17739870, ['name']="Rock_Jaw", ['index']=94, ['level']=0},
    [17739926] = {    [17739927] = {['id']=17739927, ['name']="Valkeng", ['index']=151, ['level']=0},
    [17739941] = {['id']=17739941, ['name']="Synergy_Engineer", ['index']=165, ['level']=0},
    [17740035] = {    [17740084] = {    [17739889] = {['id']=17739889, ['name']="Zacc", ['index']=113, ['level']=0},
    [17739890] = {['id']=17739890, ['name']="Enu", ['index']=114, ['level']=0},
    [17739831] = {['id']=17739831, ['name']="Epione", ['index']=55, ['level']=0},
    [17740166] = {['id']=17740166, ['name']="A.M.A.N._Validator", ['index']=390, ['level']=0},
    [17740169] = {['id']=17740169, ['name']="Moogle", ['index']=393, ['level']=0},
    [17740170] = {['id']=17740170, ['name']="Moogle", ['index']=394, ['level']=0},
    [17740164] = {['id']=17740164, ['name']="EphemeralMoogl", ['index']=388, ['level']=0},
    [17739872] = {['id']=17739872, ['name']="Lamepaue", ['index']=96, ['level']=0},
    [17740165] = {['id']=17740165, ['name']="Puyutete", ['index']=389, ['level']=0},
    [17740065] = {['id']=17740065, ['name']="TreasureCoffer", ['index']=289, ['level']=0},
    [17739811] = {['id']=17739811, ['name']="Raghd", ['index']=35, ['level']=0},
    [17739810] = {['id']=17739810, ['name']="Carmelide", ['index']=34, ['level']=0},
    [17739782] = {['id']=17739782, ['name']="Arawn", ['index']=6, ['level']=0},
    [17739783] = {['id']=17739783, ['name']="Emrys", ['index']=7, ['level']=0},
    [17739785] = {['id']=17739785, ['name']="Domhnall", ['index']=9, ['level']=0},
    [17739826] = {['id']=17739826, ['name']="Nbu_Latteh", ['index']=50, ['level']=0},
    [17739840] = {    [17739938] = {['id']=17739938, ['name']="Matthias", ['index']=162, ['level']=0},
    [17740004] = {['id']=17740004, ['name']="Moogle", ['index']=228, ['level']=0},
    [17739813] = {['id']=17739813, ['name']="Brygid", ['index']=37, ['level']=0},
    [17739784] = {['id']=17739784, ['name']="Aquillina", ['index']=8, ['level']=0},
    [17739812] = {['id']=17739812, ['name']="Hortense", ['index']=36, ['level']=0},
    [17739808] = {['id']=17739808, ['name']="Harmodios", ['index']=32, ['level']=0},
    [17739922] = {['id']=17739922, ['name']="Umberto", ['index']=146, ['level']=0},
    [17739976] = {    [17739977] = {    [17739978] = {    [17739994] = {    [17739995] = {