    [17735770] = {['id']=17735770, ['name']="Moogle", ['index']=90, ['level']=0},
    [17735775] = {['id']=17735775, ['name']="SymphonicCurat", ['index']=95, ['level']=0},
    [17735733] = {    [17735734] = {['id']=17735734, ['name']="Leonie", ['index']=54, ['level']=0},
    [17735742] = {['id']=17735742, ['name']="Faustin", ['index']=62, ['level']=0},
    [17735754] = {['id']=17735754, ['name']="Tami", ['index']=74, ['level']=0},
    [17735787] = {['id']=17735787, ['name']="Phara", ['index']=107, ['level']=0},
    [17735795] = {['id']=17735795, ['name']="Proud_Beard", ['index']=115, ['level']=0},
    [17735821] = {['id']=17735821, ['name']="Gregory", ['index']=141, ['level']=0},
    [17735824] = {['id']=17735824, ['name']="Zopago", ['index']=144, ['level']=0},
    [17735850] = {['id']=17735850, ['name']="Gerahja", ['index']=170, ['level']=0},
    [17735854] = {['id']=17735854, ['name']="Gavoroi", ['index']=174, ['level']=0},
    [17735856] = {['id']=17735856, ['name']="ExplorerMoogle", ['index']=176, ['level']=0},
    [17735859] = {['id']=17735859, ['name']="Conrad", ['index']=179, ['level']=0},
    [17735865] = {    [17735870] = {['id']=17735870, ['name']="Synergy_Enthusiast", ['index']=190, ['level']=0},
    [17735872] = {['id']=17735872, ['name']="Bountibox", ['index']=192, ['level']=0},
    [17736021] = {['id']=17736021, ['name']="A.M.A.N._Liaison", ['index']=341, ['level']=0},
    [17736022] = {['id']=17736022, ['name']="Linkshell_Concierge", ['index']=342, ['level']=0},
    [17735738] = {['id']=17735738, ['name']="Mariadok", ['index']=58, ['level']=0},
    [17735730] = {['id']=17735730, ['name']="Azette", ['index']=50, ['level']=0},
    [17735727] = {['id']=17735727, ['name']="Chocobo", ['index']=47, ['level']=0},
    [17735852] = {['id']=17735852, ['name']="Keturah", ['index']=172, ['level']=0},
    [17735699] = {['id']=17735699, ['name']="Wahid", ['index']=19, ['level']=0},
    [17735728] = {['id']=17735728, ['name']="Chocobo", ['index']=48, ['level']=0},
    [17735731] = {['id']=17735731, ['name']="Eulaphe", ['index']=51, ['level']=0},
    [17735732] = {['id']=17735732, ['name']="Quelle", ['index']=52, ['level']=0},
    [17735729] = {['id']=17735729, ['name']="Chocobo", ['index']=49, ['level']=0},
    [17735846] = {['id']=17735846, ['name']="Gonija", ['index']=166, ['level']=0},
    [17735794] = {['id']=17735794, ['name']="Gorvik", ['index']=114, ['level']=0},
    [17735813] = {['id']=17735813, ['name']="Wobke", ['index']=133, ['level']=0},
    [17735991] = {['id']=17735991, ['name']="SurvivalGuide", ['index']=311, ['level']=0},
    [17735769] = {['id']=17735769, ['name']="Hound_Nose", ['index']=89, ['level']=0},
    [17735687] = {['id']=17735687, ['name']="Crying_Wind,_I.M.", ['index']=7, ['level']=0},
    [17735717] = {['id']=17735717, ['name']="Sodragamm", ['index']=37, ['level']=0},
    [17735686] = {['id']=17735686, ['name']="Rashid", ['index']=6, ['level']=0},
    [17735689] = {    [17735716] = {['id']=17735716, ['name']="Gawful", ['index']=36, ['level']=0},
    [17735755] = {['id']=17735755, ['name']="Vaghron", ['index']=75, ['level']=0},
    [17735961] = {['id']=17735961, ['name']="Moogle", ['index']=281, ['level']=0},
    [17735871] = {['id']=17735871, ['name']="Voidwatch_Purveyor", ['index']=191, ['level']=0},
    [17735959] = {['id']=17735959, ['name']="Moogle", ['index']=279, ['level']=0},
    [17735960] = {['id']=17735960, ['name']="Moogle", ['index']=280, ['level']=0},
    [17735919] = {['id']=17735919, ['name']="Moogle", ['index']=239, ['level']=0},
    [17736066] = {['id']=17736066, ['name']="A.M.A.N._Liaison", ['index']=386, ['level']=0},
    [17736067] = {['id']=17736067, ['name']="Linkshell_Concierge", ['index']=387, ['level']=0},
    [17736060] = {['id']=17736060, ['name']="EphemeralMoogl", ['index']=380, ['level']=0},
    [17736061] = {['id']=17736061, ['name']="Yek_Falimeygo", ['index']=381, ['level']=0},
    [17736036] = {['id']=17736036, ['name']="SurvivalGuide", ['index']=356, ['level']=0},
