    [17121405] = {['id']=17121405, ['name']="GoblinFreeswor", ['index']=125, ['level']=64},
    [17121407] = {['id']=17121407, ['name']="GoblinBlastmas", ['index']=127, ['level']=63},
    [17121408] = {['id']=17121408, ['name']="GoblinFreeswor", ['index']=128, ['level']=63},
    [17121413] = {['id']=17121413, ['name']="StalkingSaplin", ['index']=133, ['level']=26},
    [17121416] = {['id']=17121416, ['name']="StalkingSaplin", ['index']=136, ['level']=25},
    [17121417] = {['id']=17121417, ['name']="StalkingSaplin", ['index']=137, ['level']=25},
    [17121418] = {['id']=17121418, ['name']="StalkingSaplin", ['index']=138, ['level']=25},
    [17121419] = {['id']=17121419, ['name']="GoblinCorpsman", ['index']=139, ['level']=62},
    [17121420] = {['id']=17121420, ['name']="GoblinBlastmas", ['index']=140, ['level']=64},
    [17121425] = {['id']=17121425, ['name']="Smilodon", ['index']=145, ['level']=47},
    [17121426] = {['id']=17121426, ['name']="Smilodon", ['index']=146, ['level']=48},
    [17121428] = {['id']=17121428, ['name']="Smilodon", ['index']=148, ['level']=46},
    [17121429] = {['id']=17121429, ['name']="Ba", ['index']=149, ['level']=36},
    [17121430] = {['id']=17121430, ['name']="Ba", ['index']=150, ['level']=37},
    [17121431] = {['id']=17121431, ['name']="Ba", ['index']=151, ['level']=35},
    [17121432] = {['id']=17121432, ['name']="Ba", ['index']=152, ['level']=37},
    [17121433] = {['id']=17121433, ['name']="Ba", ['index']=153, ['level']=36},
    [17121434] = {['id']=17121434, ['name']="Ba", ['index']=154, ['level']=36},
    [17121435] = {['id']=17121435, ['name']="Ba", ['index']=155, ['level']=37},
    [17121525] = {['id']=17121525, ['name']="Djinn", ['index']=245, ['level']=57},
    [17121355] = {['id']=17121355, ['name']="Smilodon", ['index']=75, ['level']=47},
    [17121364] = {['id']=17121364, ['name']="Sadfly", ['index']=84, ['level']=31},
    [17121366] = {['id']=17121366, ['name']="Sadfly", ['index']=86, ['level']=29},
    [17121363] = {['id']=17121363, ['name']="Sadfly", ['index']=83, ['level']=31},
    [17121358] = {['id']=17121358, ['name']="Smilodon", ['index']=78, ['level']=48},
    [17121356] = {['id']=17121356, ['name']="Smilodon", ['index']=76, ['level']=48},
    [17121690] = {['id']=17121690, ['name']="Pixie", ['index']=410, ['level']=57},
    [17122265] = {['id']=17122265, ['name']="WatchfulPixie", ['index']=985, ['level']=0},
    [17121362] = {['id']=17121362, ['name']="Sadfly", ['index']=82, ['level']=31},
    [17121538] = {['id']=17121538, ['name']="Sadfly", ['index']=258, ['level']=30},
    [17121544] = {['id']=17121544, ['name']="Sadfly", ['index']=264, ['level']=31},
    [17121566] = {['id']=17121566, ['name']="Smilodon", ['index']=286, ['level']=48},
    [17121569] = {['id']=17121569, ['name']="Smilodon", ['index']=289, ['level']=47},
    [17121573] = {['id']=17121573, ['name']="Smilodon", ['index']=293, ['level']=46},
    [17121575] = {['id']=17121575, ['name']="Wight", ['index']=295, ['level']=38},
    [17121677] = {['id']=17121677, ['name']="Smilodon", ['index']=397, ['level']=47},
    [17121678] = {['id']=17121678, ['name']="Gnole", ['index']=398, ['level']=65},
    [17121541] = {['id']=17121541, ['name']="Sadfly", ['index']=261, ['level']=30},
    [17121574] = {['id']=17121574, ['name']="Wight", ['index']=294, ['level']=39},
    [17121557] = {['id']=17121557, ['name']="Smilodon", ['index']=277, ['level']=46},
    [17121556] = {['id']=17121556, ['name']="Smilodon", ['index']=276, ['level']=48},
    [17121546] = {['id']=17121546, ['name']="Smilodon", ['index']=266, ['level']=47},
    [17121568] = {['id']=17121568, ['name']="Smilodon", ['index']=288, ['level']=47},
    [17121540] = {['id']=17121540, ['name']="Sadfly", ['index']=260, ['level']=30},
    [17121530] = {['id']=17121530, ['name']="Sadfly", ['index']=250, ['level']=30},
    [17121555] = {['id']=17121555, ['name']="Smilodon", ['index']=275, ['level']=46},
    [17121609] = {['id']=17121609, ['name']="Lycopodium", ['index']=329, ['level']=31},
    [17121610] = {['id']=17121610, ['name']="Chaneque", ['index']=330, ['level']=57},
    [17121611] = {['id']=17121611, ['name']="Lycopodium", ['index']=331, ['level']=29},
    [17121612] = {['id']=17121612, ['name']="Lycopodium", ['index']=332, ['level']=31},
    [17121614] = {['id']=17121614, ['name']="Lycopodium", ['index']=334, ['level']=30},
    [17121615] = {['id']=17121615, ['name']="Lycopodium", ['index']=335, ['level']=29},
    [17121616] = {['id']=17121616, ['name']="Lycopodium", ['index']=336, ['level']=29},
    [17121618] = {['id']=17121618, ['name']="Sadfly", ['index']=338, ['level']=31},
    [17121619] = {['id']=17121619, ['name']="Sadfly", ['index']=339, ['level']=31},
    [17121620] = {['id']=17121620, ['name']="Sadfly", ['index']=340, ['level']=30},
    [17121631] = {['id']=17121631, ['name']="Lycopodium", ['index']=351, ['level']=30},
    [17121639] = {['id']=17121639, ['name']="StalkingSaplin", ['index']=359, ['level']=25},
    [17121630] = {['id']=17121630, ['name']="Lycopodium", ['index']=350, ['level']=31},
    [17121645] = {['id']=17121645, ['name']="Ba", ['index']=365, ['level']=36},
    [17121685] = {['id']=17121685, ['name']="Pixie", ['index']=405, ['level']=59},
