    [17207870] = {['id']=17207870, ['name']="FieldManual", ['index']=574, ['level']=0},
    [17207936] = {    [17207937] = {    [17207952] = {['id']=17207952, ['name']="Acacia", ['index']=656, ['level']=0},
    [17207615] = {['id']=17207615, ['name']="StalkingSaplin", ['index']=319, ['level']=23},
    [17207614] = {['id']=17207614, ['name']="StalkingSaplin", ['index']=318, ['level']=23},
    [17207616] = {['id']=17207616, ['name']="StalkingSaplin", ['index']=320, ['level']=23},
    [17207612] = {['id']=17207612, ['name']="Ba", ['index']=316, ['level']=27},
    [17207632] = {['id']=17207632, ['name']="GoblinFurrier", ['index']=336, ['level']=30},
    [17207613] = {['id']=17207613, ['name']="StalkingSaplin", ['index']=317, ['level']=23},
    [17207601] = {['id']=17207601, ['name']="StalkingSaplin", ['index']=305, ['level']=24},
    [17207602] = {['id']=17207602, ['name']="StalkingSaplin", ['index']=306, ['level']=23},
    [17207572] = {['id']=17207572, ['name']="Ba", ['index']=276, ['level']=27},
    [17207606] = {['id']=17207606, ['name']="SabertoothTige", ['index']=310, ['level']=32},
    [17207578] = {['id']=17207578, ['name']="SabertoothTige", ['index']=282, ['level']=32},
    [17207605] = {['id']=17207605, ['name']="SabertoothTige", ['index']=309, ['level']=31},
    [17207570] = {['id']=17207570, ['name']="Ba", ['index']=274, ['level']=27},
    [17207577] = {['id']=17207577, ['name']="SabertoothTige", ['index']=281, ['level']=32},
    [17207574] = {['id']=17207574, ['name']="StalkingSaplin", ['index']=278, ['level']=23},
    [17207495] = {['id']=17207495, ['name']="MayFly", ['index']=199, ['level']=25},
    [17207494] = {['id']=17207494, ['name']="MayFly", ['index']=198, ['level']=25},
    [17207553] = {['id']=17207553, ['name']="OrcishNightrai", ['index']=257, ['level']=30},
    [17207499] = {['id']=17207499, ['name']="SabertoothTige", ['index']=203, ['level']=31},
    [17207497] = {['id']=17207497, ['name']="StalkingSaplin", ['index']=201, ['level']=24},
    [17207517] = {['id']=17207517, ['name']="GoblinShaman", ['index']=221, ['level']=31},
    [17207486] = {['id']=17207486, ['name']="MayFly", ['index']=190, ['level']=26},
    [17207516] = {['id']=17207516, ['name']="GoblinSmithy", ['index']=220, ['level']=31},
    [17207496] = {['id']=17207496, ['name']="StalkingSaplin", ['index']=200, ['level']=24},
    [17207484] = {['id']=17207484, ['name']="Ba", ['index']=188, ['level']=28},
    [17207485] = {['id']=17207485, ['name']="MayFly", ['index']=189, ['level']=25},
    [17207487] = {['id']=17207487, ['name']="StalkingSaplin", ['index']=191, ['level']=23},
    [17207511] = {['id']=17207511, ['name']="GoblinPathfind", ['index']=215, ['level']=31},
    [17207512] = {['id']=17207512, ['name']="Goblin\'sDragon", ['index']=216, ['level']=24},
    [17207515] = {['id']=17207515, ['name']="GoblinGambler", ['index']=219, ['level']=26},
    [17207488] = {['id']=17207488, ['name']="StalkingSaplin", ['index']=192, ['level']=24},
    [17207514] = {['id']=17207514, ['name']="GoblinFurrier", ['index']=218, ['level']=30},
    [17207520] = {['id']=17207520, ['name']="EarthElemental", ['index']=224, ['level']=38},
    [17207333] = {['id']=17207333, ['name']="MayFly", ['index']=37, ['level']=25},
    [17207347] = {['id']=17207347, ['name']="GoblinFurrier", ['index']=51, ['level']=31},
    [17207332] = {['id']=17207332, ['name']="MayFly", ['index']=36, ['level']=26},
    [17207344] = {['id']=17207344, ['name']="GoblinPathfind", ['index']=48, ['level']=31},
    [17207345] = {['id']=17207345, ['name']="Goblin\'sDragon", ['index']=49, ['level']=25},
    [17207331] = {['id']=17207331, ['name']="MayFly", ['index']=35, ['level']=26},
    [17207329] = {['id']=17207329, ['name']="SabertoothTige", ['index']=33, ['level']=32},
    [17207328] = {['id']=17207328, ['name']="SabertoothTige", ['index']=32, ['level']=32},
    [17207325] = {['id']=17207325, ['name']="StalkingSaplin", ['index']=29, ['level']=23},
    [17207324] = {['id']=17207324, ['name']="StalkingSaplin", ['index']=28, ['level']=24},
    [17207348] = {['id']=17207348, ['name']="GoblinGambler", ['index']=52, ['level']=27},
    [17207339] = {['id']=17207339, ['name']="SabertoothTige", ['index']=43, ['level']=31},
    [17207322] = {['id']=17207322, ['name']="MayFly", ['index']=26, ['level']=26},
    [17207343] = {['id']=17207343, ['name']="GoblinMugger", ['index']=47, ['level']=27},
    [17207320] = {['id']=17207320, ['name']="MayFly", ['index']=24, ['level']=26},
    [17207321] = {['id']=17207321, ['name']="MayFly", ['index']=25, ['level']=25},
    [17207338] = {['id']=17207338, ['name']="SabertoothTige", ['index']=42, ['level']=31},
    [17207346] = {['id']=17207346, ['name']="GoblinLeecher", ['index']=50, ['level']=26},
    [17207340] = {['id']=17207340, ['name']="SabertoothTige", ['index']=44, ['level']=32},
    [17207335] = {['id']=17207335, ['name']="StalkingSaplin", ['index']=39, ['level']=24},
    [17207513] = {['id']=17207513, ['name']="GoblinLeecher", ['index']=217, ['level']=27},
    [17207503] = {['id']=17207503, ['name']="Ba", ['index']=207, ['level']=28},
    [17207504] = {['id']=17207504, ['name']="MayFly", ['index']=208, ['level']=25},
    [17207506] = {['id']=17207506, ['name']="StalkingSaplin", ['index']=210, ['level']=23},
    [17207507] = {['id']=17207507, ['name']="SabertoothTige", ['index']=211, ['level']=31},
    [17207505] = {['id']=17207505, ['name']="StalkingSaplin", ['index']=209, ['level']=24},
    [17207609] = {['id']=17207609, ['name']="EvilSpirit", ['index']=313, ['level']=35},
    [17207604] = {['id']=17207604, ['name']="StalkingSaplin", ['index']=308, ['level']=23},
    [17207599] = {['id']=17207599, ['name']="Ba", ['index']=303, ['level']=28},
    [17207502] = {['id']=17207502, ['name']="EvilSpirit", ['index']=206, ['level']=35},
    [17207626] = {['id']=17207626, ['name']="GoblinLeecher", ['index']=330, ['level']=26},
    [17207938] = {['id']=17207938, ['name']="Wotark", ['index']=642, ['level']=0},
    [17207943] = {['id']=17207943, ['name']="Sokrov", ['index']=647, ['level']=0},
    [17207940] = {['id']=17207940, ['name']="Burrow_Researcher", ['index']=644, ['level']=0},
    [17207603] = {['id']=17207603, ['name']="StalkingSaplin", ['index']=307, ['level']=23},
    [17207600] = {['id']=17207600, ['name']="Ba", ['index']=304, ['level']=27},
    [17207617] = {['id']=17207617, ['name']="SabertoothTige", ['index']=321, ['level']=32},
