    [16990215] = {['id']=16990215, ['name']="AhtUrhganAtte", ['index']=7, ['level']=64},
    [16990214] = {['id']=16990214, ['name']="AhtUrhganAtte", ['index']=6, ['level']=65},
    [16990220] = {['id']=16990220, ['name']="AhtUrhganAtte", ['index']=12, ['level']=64},
    [16990216] = {['id']=16990216, ['name']="LesserColibri", ['index']=8, ['level']=65},
    [16990217] = {['id']=16990217, ['name']="LesserColibri", ['index']=9, ['level']=64},
    [16990218] = {['id']=16990218, ['name']="AhtUrhganAtte", ['index']=10, ['level']=64},
    [16990219] = {['id']=16990219, ['name']="AhtUrhganAtte", ['index']=11, ['level']=64},
    [16990221] = {['id']=16990221, ['name']="LesserColibri", ['index']=13, ['level']=63},
    [16990222] = {['id']=16990222, ['name']="LesserColibri", ['index']=14, ['level']=65},
    [16990226] = {['id']=16990226, ['name']="AhtUrhganAtte", ['index']=18, ['level']=64},
    [16990228] = {['id']=16990228, ['name']="Haunt", ['index']=20, ['level']=63},
    [16990227] = {['id']=16990227, ['name']="AhtUrhganAtte", ['index']=19, ['level']=65},
    [16990244] = {['id']=16990244, ['name']="LesserColibri", ['index']=36, ['level']=64},
    [16990235] = {['id']=16990235, ['name']="Ameretat", ['index']=27, ['level']=66},
    [16990238] = {['id']=16990238, ['name']="LesserColibri", ['index']=30, ['level']=64},
    [16990296] = {['id']=16990296, ['name']="Marid", ['index']=88, ['level']=78},
    [16990297] = {['id']=16990297, ['name']="Marid", ['index']=89, ['level']=77},
    [16990303] = {['id']=16990303, ['name']="Colibri", ['index']=95, ['level']=72},
    [16990302] = {['id']=16990302, ['name']="Colibri", ['index']=94, ['level']=73},
    [16990229] = {['id']=16990229, ['name']="LesserColibri", ['index']=21, ['level']=64},
    [16990237] = {['id']=16990237, ['name']="WajaomTiger", ['index']=29, ['level']=68},
    [16990245] = {['id']=16990245, ['name']="WajaomTiger", ['index']=37, ['level']=67},
    [16990295] = {['id']=16990295, ['name']="GrandMarid", ['index']=87, ['level']=80},
    [16990298] = {['id']=16990298, ['name']="Marid", ['index']=90, ['level']=78},
    [16990299] = {['id']=16990299, ['name']="Marid", ['index']=91, ['level']=78},
    [16990300] = {['id']=16990300, ['name']="Colibri", ['index']=92, ['level']=73},
    [16990301] = {['id']=16990301, ['name']="Colibri", ['index']=93, ['level']=72},
    [16990328] = {['id']=16990328, ['name']="DateEruca", ['index']=120, ['level']=73},
    [16990329] = {['id']=16990329, ['name']="DateEruca", ['index']=121, ['level']=73},
    [16990322] = {['id']=16990322, ['name']="TrollSabreur", ['index']=114, ['level']=72},
    [16990325] = {['id']=16990325, ['name']="DateEruca", ['index']=117, ['level']=73},
    [16990327] = {['id']=16990327, ['name']="DateEruca", ['index']=119, ['level']=73},
    [16990326] = {['id']=16990326, ['name']="DateEruca", ['index']=118, ['level']=72},
    [16990324] = {['id']=16990324, ['name']="Troll\'sAutomat", ['index']=116, ['level']=71},
    [16990323] = {['id']=16990323, ['name']="TrollSurveilla", ['index']=115, ['level']=73},
    [16990321] = {['id']=16990321, ['name']="TrollShieldbea", ['index']=113, ['level']=72},
    [16990319] = {['id']=16990319, ['name']="TrollSurveilla", ['index']=111, ['level']=73},
    [16990320] = {['id']=16990320, ['name']="Troll\'sAutomat", ['index']=112, ['level']=70},
    [16990383] = {['id']=16990383, ['name']="SeaPuk", ['index']=175, ['level']=78},
    [16990384] = {['id']=16990384, ['name']="SeaPuk", ['index']=176, ['level']=77},
    [16990388] = {['id']=16990388, ['name']="MamoolJaInfil", ['index']=180, ['level']=82},
    [16990389] = {['id']=16990389, ['name']="MamoolJaMimer", ['index']=181, ['level']=82},
    [16990390] = {['id']=16990390, ['name']="MamoolJaPhilo", ['index']=182, ['level']=82},
    [16990391] = {['id']=16990391, ['name']="SeaPuk", ['index']=183, ['level']=77},
    [16990385] = {['id']=16990385, ['name']="SeaPuk", ['index']=177, ['level']=77},
    [16990386] = {['id']=16990386, ['name']="MamoolJaStabl", ['index']=178, ['level']=83},
    [16990387] = {['id']=16990387, ['name']="MamoolJa\'sRap", ['index']=179, ['level']=77},
    [16990392] = {['id']=16990392, ['name']="SeaPuk", ['index']=184, ['level']=78},
    [16990397] = {['id']=16990397, ['name']="MamoolJa\'sWyv", ['index']=189, ['level']=78},
    [16990395] = {['id']=16990395, ['name']="Skoffin", ['index']=187, ['level']=82},
    [16990396] = {['id']=16990396, ['name']="MamoolJaPikem", ['index']=188, ['level']=81},
    [16990394] = {['id']=16990394, ['name']="SeaPuk", ['index']=186, ['level']=77},
    [16990399] = {['id']=16990399, ['name']="Skoffin", ['index']=191, ['level']=82},
    [16990603] = {    [16990439] = {['id']=16990439, ['name']="MamoolJaInfil", ['index']=231, ['level']=81},
    [16990440] = {['id']=16990440, ['name']="MamoolJaPikem", ['index']=232, ['level']=82},
    [16990441] = {['id']=16990441, ['name']="MamoolJa\'sWyv", ['index']=233, ['level']=77},
    [16990442] = {['id']=16990442, ['name']="MamoolJaPikem", ['index']=234, ['level']=81},
    [16990443] = {['id']=16990443, ['name']="MamoolJa\'sWyv", ['index']=235, ['level']=76},
    [16990594] = {['id']=16990594, ['name']="Hamta-Iramta", ['index']=386, ['level']=0},
    [16990438] = {['id']=16990438, ['name']="MamoolJa\'sRap", ['index']=230, ['level']=78},
    [16990437] = {['id']=16990437, ['name']="MamoolJaStabl", ['index']=229, ['level']=83},
    [16990434] = {['id']=16990434, ['name']="MamoolJaLurke", ['index']=226, ['level']=81},
    [16990433] = {['id']=16990433, ['name']="MamoolJaBlust", ['index']=225, ['level']=82},
    [16990435] = {['id']=16990435, ['name']="MamoolJaStabl", ['index']=227, ['level']=81},
    [16990447] = {['id']=16990447, ['name']="GreaterColibri", ['index']=239, ['level']=81},
    [16990448] = {['id']=16990448, ['name']="GreaterColibri", ['index']=240, ['level']=82},
    [16990436] = {['id']=16990436, ['name']="MamoolJa\'sRap", ['index']=228, ['level']=77},
    [16990444] = {['id']=16990444, ['name']="GreaterColibri", ['index']=236, ['level']=82},
    [16990451] = {['id']=16990451, ['name']="GreaterColibri", ['index']=243, ['level']=81},
    [16990452] = {['id']=16990452, ['name']="GreaterColibri", ['index']=244, ['level']=81},
    [16990445] = {['id']=16990445, ['name']="GreaterColibri", ['index']=237, ['level']=82},
    [16990453] = {['id']=16990453, ['name']="Wivre", ['index']=245, ['level']=82},
    [16990450] = {['id']=16990450, ['name']="GreaterColibri", ['index']=242, ['level']=81},
    [16990449] = {['id']=16990449, ['name']="GreaterColibri", ['index']=241, ['level']=81},
    [16990446] = {['id']=16990446, ['name']="Wivre", ['index']=238, ['level']=83},
    [16990454] = {['id']=16990454, ['name']="GreaterColibri", ['index']=246, ['level']=81},
    [16990455] = {['id']=16990455, ['name']="GreaterColibri", ['index']=247, ['level']=81},
    [16990471] = {['id']=16990471, ['name']="GreaterColibri", ['index']=263, ['level']=82},
    [16990472] = {['id']=16990472, ['name']="GreaterColibri", ['index']=264, ['level']=82},
    [16990466] = {['id']=16990466, ['name']="Wivre", ['index']=258, ['level']=83},
    [16990457] = {['id']=16990457, ['name']="GreaterColibri", ['index']=249, ['level']=81},
    [16990460] = {['id']=16990460, ['name']="Wivre", ['index']=252, ['level']=83},
    [16990459] = {['id']=16990459, ['name']="Wivre", ['index']=251, ['level']=83},
    [16990467] = {['id']=16990467, ['name']="GreaterColibri", ['index']=259, ['level']=82},
    [16990465] = {['id']=16990465, ['name']="GreaterColibri", ['index']=257, ['level']=82},
    [16990464] = {['id']=16990464, ['name']="Wivre", ['index']=256, ['level']=83},
    [16990470] = {['id']=16990470, ['name']="Wivre", ['index']=262, ['level']=83},
    [16990469] = {['id']=16990469, ['name']="GreaterColibri", ['index']=261, ['level']=82},
    [16990468] = {['id']=16990468, ['name']="GreaterColibri", ['index']=260, ['level']=82},
    [16990458] = {['id']=16990458, ['name']="GreaterColibri", ['index']=250, ['level']=82},
    [16990462] = {['id']=16990462, ['name']="GreaterColibri", ['index']=254, ['level']=81},
    [16990463] = {['id']=16990463, ['name']="GreaterColibri", ['index']=255, ['level']=81},
    [16990461] = {['id']=16990461, ['name']="GreaterColibri", ['index']=253, ['level']=82},
    [16990393] = {['id']=16990393, ['name']="SeaPuk", ['index']=185, ['level']=77},
    [16990400] = {['id']=16990400, ['name']="Skoffin", ['index']=192, ['level']=83},
    [16990401] = {['id']=16990401, ['name']="Skoffin", ['index']=193, ['level']=82},
    [16990404] = {['id']=16990404, ['name']="Skoffin", ['index']=196, ['level']=82},
    [16990405] = {['id']=16990405, ['name']="MamoolJaStabl", ['index']=197, ['level']=81},
    [16990406] = {['id']=16990406, ['name']="MamoolJa\'sRap", ['index']=198, ['level']=76},
    [16990407] = {['id']=16990407, ['name']="MamoolJaLurke", ['index']=199, ['level']=81},
    [16990408] = {['id']=16990408, ['name']="MamoolJaInfil", ['index']=200, ['level']=82},
    [16990412] = {['id']=16990412, ['name']="SeaPuk", ['index']=204, ['level']=78},
    [16990411] = {['id']=16990411, ['name']="MamoolJa\'sWyv", ['index']=203, ['level']=77},
    [16990409] = {['id']=16990409, ['name']="MamoolJaInfil", ['index']=201, ['level']=82},
    [16990410] = {['id']=16990410, ['name']="MamoolJaPikem", ['index']=202, ['level']=83},
    [16990414] = {['id']=16990414, ['name']="SeaPuk", ['index']=206, ['level']=77},
    [16990413] = {['id']=16990413, ['name']="MamoolJaBlust", ['index']=205, ['level']=82},
    [16990415] = {['id']=16990415, ['name']="MamoolJaBlust", ['index']=207, ['level']=83},
    [16990416] = {['id']=16990416, ['name']="MamoolJaPhilo", ['index']=208, ['level']=82},
    [16990398] = {['id']=16990398, ['name']="SeaPuk", ['index']=190, ['level']=78},
    [16990216] = {['id']=16990216, ['name']="LesserColibri", ['index']=8, ['level']=65},
    [16990217] = {['id']=16990217, ['name']="LesserColibri", ['index']=9, ['level']=64},
    [16990218] = {['id']=16990218, ['name']="AhtUrhganAtte", ['index']=10, ['level']=65},
    [16990219] = {['id']=16990219, ['name']="AhtUrhganAtte", ['index']=11, ['level']=64},
    [16990220] = {['id']=16990220, ['name']="AhtUrhganAtte", ['index']=12, ['level']=65},
    [16990221] = {['id']=16990221, ['name']="LesserColibri", ['index']=13, ['level']=63},
    [16990222] = {['id']=16990222, ['name']="LesserColibri", ['index']=14, ['level']=64},
    [16990227] = {['id']=16990227, ['name']="AhtUrhganAtte", ['index']=19, ['level']=64},
    [16990226] = {['id']=16990226, ['name']="AhtUrhganAtte", ['index']=18, ['level']=65},
    [16990229] = {['id']=16990229, ['name']="LesserColibri", ['index']=21, ['level']=63},
    [16990230] = {['id']=16990230, ['name']="LesserColibri", ['index']=22, ['level']=63},
    [16990245] = {['id']=16990245, ['name']="WajaomTiger", ['index']=37, ['level']=67},
    [16990244] = {['id']=16990244, ['name']="LesserColibri", ['index']=36, ['level']=64},
    [16990237] = {['id']=16990237, ['name']="WajaomTiger", ['index']=29, ['level']=67},
    [16990234] = {['id']=16990234, ['name']="Ameretat", ['index']=26, ['level']=65},
    [16990235] = {['id']=16990235, ['name']="Ameretat", ['index']=27, ['level']=65},
    [16990236] = {['id']=16990236, ['name']="WajaomTiger", ['index']=28, ['level']=68},
    [16990238] = {['id']=16990238, ['name']="LesserColibri", ['index']=30, ['level']=64},
    [16990240] = {['id']=16990240, ['name']="WajaomTiger", ['index']=32, ['level']=68},
    [16990241] = {['id']=16990241, ['name']="LesserColibri", ['index']=33, ['level']=63},
    [16990243] = {['id']=16990243, ['name']="WajaomTiger", ['index']=35, ['level']=67},
    [16990242] = {['id']=16990242, ['name']="WajaomTiger", ['index']=34, ['level']=68},
    [16990288] = {['id']=16990288, ['name']="WajaomTiger", ['index']=80, ['level']=68},
    [16990287] = {['id']=16990287, ['name']="WajaomTiger", ['index']=79, ['level']=67},
    [16990297] = {['id']=16990297, ['name']="Marid", ['index']=89, ['level']=78},
    [16990303] = {['id']=16990303, ['name']="Colibri", ['index']=95, ['level']=73},
    [16990296] = {['id']=16990296, ['name']="Marid", ['index']=88, ['level']=77},
    [16990302] = {['id']=16990302, ['name']="Colibri", ['index']=94, ['level']=72},
    [16990298] = {['id']=16990298, ['name']="Marid", ['index']=90, ['level']=78},
    [16990299] = {['id']=16990299, ['name']="Marid", ['index']=91, ['level']=77},
    [16990300] = {['id']=16990300, ['name']="Colibri", ['index']=92, ['level']=73},
    [16990309] = {['id']=16990309, ['name']="RedKisser", ['index']=101, ['level']=68},
    [16990308] = {['id']=16990308, ['name']="RedKisser", ['index']=100, ['level']=68},
    [16990307] = {['id']=16990307, ['name']="RedKisser", ['index']=99, ['level']=69},
    [16990301] = {['id']=16990301, ['name']="Colibri", ['index']=93, ['level']=72},
    [16990304] = {['id']=16990304, ['name']="Marid", ['index']=96, ['level']=77},
    [16990305] = {['id']=16990305, ['name']="Marid", ['index']=97, ['level']=77},
    [16990278] = {['id']=16990278, ['name']="AhtUrhganAtte", ['index']=70, ['level']=65},
    [16990279] = {['id']=16990279, ['name']="AhtUrhganAtte", ['index']=71, ['level']=65},
    [16990280] = {['id']=16990280, ['name']="LesserColibri", ['index']=72, ['level']=63},
    [16990281] = {['id']=16990281, ['name']="LesserColibri", ['index']=73, ['level']=64},
    [16990283] = {['id']=16990283, ['name']="LesserColibri", ['index']=75, ['level']=64},
    [16990284] = {['id']=16990284, ['name']="AhtUrhganAtte", ['index']=76, ['level']=64},
    [16990285] = {['id']=16990285, ['name']="AhtUrhganAtte", ['index']=77, ['level']=64},
    [16990286] = {['id']=16990286, ['name']="AhtUrhganAtte", ['index']=78, ['level']=64},
    [16990230] = {['id']=16990230, ['name']="LesserColibri", ['index']=22, ['level']=63},
    [16990234] = {['id']=16990234, ['name']="Ameretat", ['index']=26, ['level']=65},
    [16990236] = {['id']=16990236, ['name']="WajaomTiger", ['index']=28, ['level']=67},
    [16990239] = {['id']=16990239, ['name']="Ameretat", ['index']=31, ['level']=66},
    [16990241] = {['id']=16990241, ['name']="LesserColibri", ['index']=33, ['level']=64},
    [16990242] = {['id']=16990242, ['name']="WajaomTiger", ['index']=34, ['level']=68},
    [16990287] = {['id']=16990287, ['name']="WajaomTiger", ['index']=79, ['level']=68},
    [16990288] = {['id']=16990288, ['name']="WajaomTiger", ['index']=80, ['level']=67},
    [16990315] = {['id']=16990315, ['name']="Colibri", ['index']=107, ['level']=72},
    [16990316] = {['id']=16990316, ['name']="Colibri", ['index']=108, ['level']=72},
    [16990317] = {['id']=16990317, ['name']="Colibri", ['index']=109, ['level']=72},
    [16990318] = {['id']=16990318, ['name']="Colibri", ['index']=110, ['level']=72},
    [16990330] = {['id']=16990330, ['name']="Colibri", ['index']=122, ['level']=71},
    [16990240] = {['id']=16990240, ['name']="WajaomTiger", ['index']=32, ['level']=68},
    [16990243] = {['id']=16990243, ['name']="WajaomTiger", ['index']=35, ['level']=68},
    [16990231] = {['id']=16990231, ['name']="FomorPaladin", ['index']=23, ['level']=64},
    [16990232] = {['id']=16990232, ['name']="FomorBeastmast", ['index']=24, ['level']=64},
    [16990246] = {['id']=16990246, ['name']="FomorThief", ['index']=38, ['level']=63},
    [16990247] = {['id']=16990247, ['name']="FomorBeastmast", ['index']=39, ['level']=63},
    [16990256] = {['id']=16990256, ['name']="LesserColibri", ['index']=48, ['level']=63},
    [16990257] = {['id']=16990257, ['name']="Haunt", ['index']=49, ['level']=64},
    [16990255] = {['id']=16990255, ['name']="LesserColibri", ['index']=47, ['level']=65},
    [16990267] = {['id']=16990267, ['name']="Ameretat", ['index']=59, ['level']=66},
    [16990263] = {['id']=16990263, ['name']="LesserColibri", ['index']=55, ['level']=65},
    [16990270] = {['id']=16990270, ['name']="TreantSapling", ['index']=62, ['level']=68},
    [16990265] = {['id']=16990265, ['name']="LesserColibri", ['index']=57, ['level']=64},
    [16990266] = {['id']=16990266, ['name']="Ameretat", ['index']=58, ['level']=66},
    [16990264] = {['id']=16990264, ['name']="LesserColibri", ['index']=56, ['level']=63},
    [16990269] = {['id']=16990269, ['name']="TreantSapling", ['index']=61, ['level']=66},
    [16990260] = {['id']=16990260, ['name']="LesserColibri", ['index']=52, ['level']=65},
    [16990268] = {['id']=16990268, ['name']="TreantSapling", ['index']=60, ['level']=66},
    [16990261] = {['id']=16990261, ['name']="AhtUrhganAtte", ['index']=53, ['level']=65},
    [16990262] = {['id']=16990262, ['name']="AhtUrhganAtte", ['index']=54, ['level']=65},
    [16990258] = {['id']=16990258, ['name']="AhtUrhganAtte", ['index']=50, ['level']=64},
    [16990259] = {['id']=16990259, ['name']="AhtUrhganAtte", ['index']=51, ['level']=64},
    [16990253] = {['id']=16990253, ['name']="LesserColibri", ['index']=45, ['level']=64},
    [16990254] = {['id']=16990254, ['name']="LesserColibri", ['index']=46, ['level']=64},
    [16990273] = {['id']=16990273, ['name']="AhtUrhganAtte", ['index']=65, ['level']=65},
    [16990274] = {['id']=16990274, ['name']="AhtUrhganAtte", ['index']=66, ['level']=64},
    [16990331] = {['id']=16990331, ['name']="Colibri", ['index']=123, ['level']=72},
    [16990332] = {['id']=16990332, ['name']="Colibri", ['index']=124, ['level']=72},
    [16990334] = {['id']=16990334, ['name']="Colibri", ['index']=126, ['level']=71},
    [16990333] = {['id']=16990333, ['name']="Colibri", ['index']=125, ['level']=72},
    [16990335] = {['id']=16990335, ['name']="Colibri", ['index']=127, ['level']=71},
    [16990336] = {['id']=16990336, ['name']="Colibri", ['index']=128, ['level']=71},
    [16990278] = {['id']=16990278, ['name']="AhtUrhganAtte", ['index']=70, ['level']=64},
    [16990279] = {['id']=16990279, ['name']="AhtUrhganAtte", ['index']=71, ['level']=64},
    [16990280] = {['id']=16990280, ['name']="LesserColibri", ['index']=72, ['level']=63},
    [16990282] = {['id']=16990282, ['name']="LesserColibri", ['index']=74, ['level']=64},
    [16990283] = {['id']=16990283, ['name']="LesserColibri", ['index']=75, ['level']=63},
    [16990276] = {['id']=16990276, ['name']="FomorBard", ['index']=68, ['level']=64},
    [16990275] = {['id']=16990275, ['name']="AhtUrhganAtte", ['index']=67, ['level']=65},
    [16990277] = {['id']=16990277, ['name']="FomorPaladin", ['index']=69, ['level']=63},
    [16990273] = {['id']=16990273, ['name']="AhtUrhganAtte", ['index']=65, ['level']=65},
    [16990274] = {['id']=16990274, ['name']="AhtUrhganAtte", ['index']=66, ['level']=65},
    [16990263] = {['id']=16990263, ['name']="LesserColibri", ['index']=55, ['level']=63},
    [16990262] = {['id']=16990262, ['name']="AhtUrhganAtte", ['index']=54, ['level']=64},
    [16990258] = {['id']=16990258, ['name']="AhtUrhganAtte", ['index']=50, ['level']=64},
    [16990259] = {['id']=16990259, ['name']="AhtUrhganAtte", ['index']=51, ['level']=65},
    [16990260] = {['id']=16990260, ['name']="LesserColibri", ['index']=52, ['level']=64},
    [16990261] = {['id']=16990261, ['name']="AhtUrhganAtte", ['index']=53, ['level']=64},
    [16990264] = {['id']=16990264, ['name']="LesserColibri", ['index']=56, ['level']=64},
    [16990265] = {['id']=16990265, ['name']="LesserColibri", ['index']=57, ['level']=63},
    [16990417] = {['id']=16990417, ['name']="PlagueChigoe", ['index']=209, ['level']=62},
    [16990223] = {['id']=16990223, ['name']="FomorBeastmast", ['index']=15, ['level']=63},
    [16990224] = {['id']=16990224, ['name']="Fomor\'sBats", ['index']=16, ['level']=60},
    [16990225] = {['id']=16990225, ['name']="FomorBard", ['index']=17, ['level']=64},
    [16990214] = {['id']=16990214, ['name']="AhtUrhganAtte", ['index']=6, ['level']=64},
    [16990219] = {['id']=16990219, ['name']="AhtUrhganAtte", ['index']=11, ['level']=65},
    [16990215] = {['id']=16990215, ['name']="AhtUrhganAtte", ['index']=7, ['level']=65},
    [16990220] = {['id']=16990220, ['name']="AhtUrhganAtte", ['index']=12, ['level']=64},
    [16990216] = {['id']=16990216, ['name']="LesserColibri", ['index']=8, ['level']=63},
    [16990217] = {['id']=16990217, ['name']="LesserColibri", ['index']=9, ['level']=63},
    [16990221] = {['id']=16990221, ['name']="LesserColibri", ['index']=13, ['level']=65},
    [16990218] = {['id']=16990218, ['name']="AhtUrhganAtte", ['index']=10, ['level']=65},
    [16990225] = {['id']=16990225, ['name']="FomorBard", ['index']=17, ['level']=63},
    [16990222] = {['id']=16990222, ['name']="LesserColibri", ['index']=14, ['level']=63},
    [16990224] = {['id']=16990224, ['name']="Fomor\'sBats", ['index']=16, ['level']=58},
    [16990223] = {['id']=16990223, ['name']="FomorBeastmast", ['index']=15, ['level']=63},
    [16990226] = {['id']=16990226, ['name']="AhtUrhganAtte", ['index']=18, ['level']=65},
    [16990227] = {['id']=16990227, ['name']="AhtUrhganAtte", ['index']=19, ['level']=64},
    [16990228] = {['id']=16990228, ['name']="Haunt", ['index']=20, ['level']=63},
    [16990229] = {['id']=16990229, ['name']="LesserColibri", ['index']=21, ['level']=63},
    [16990231] = {['id']=16990231, ['name']="FomorPaladin", ['index']=23, ['level']=64},
    [16990230] = {['id']=16990230, ['name']="LesserColibri", ['index']=22, ['level']=64},
    [16990232] = {['id']=16990232, ['name']="FomorBeastmast", ['index']=24, ['level']=63},
    [16990233] = {['id']=16990233, ['name']="Fomor\'sBats", ['index']=25, ['level']=58},
    [16990245] = {['id']=16990245, ['name']="WajaomTiger", ['index']=37, ['level']=67},
    [16990246] = {['id']=16990246, ['name']="FomorThief", ['index']=38, ['level']=63},
    [16990244] = {['id']=16990244, ['name']="LesserColibri", ['index']=36, ['level']=63},
    [16990247] = {['id']=16990247, ['name']="FomorBeastmast", ['index']=39, ['level']=63},
    [16990248] = {['id']=16990248, ['name']="Fomor\'sBats", ['index']=40, ['level']=60},
    [16990234] = {['id']=16990234, ['name']="Ameretat", ['index']=26, ['level']=65},
    [16990235] = {['id']=16990235, ['name']="Ameretat", ['index']=27, ['level']=65},
    [16990239] = {['id']=16990239, ['name']="Ameretat", ['index']=31, ['level']=66},
    [16990241] = {['id']=16990241, ['name']="LesserColibri", ['index']=33, ['level']=65},
    [16990243] = {['id']=16990243, ['name']="WajaomTiger", ['index']=35, ['level']=68},
    [16990238] = {['id']=16990238, ['name']="LesserColibri", ['index']=30, ['level']=64},
    [16990242] = {['id']=16990242, ['name']="WajaomTiger", ['index']=34, ['level']=68},
    [16990287] = {['id']=16990287, ['name']="WajaomTiger", ['index']=79, ['level']=68},
    [16990296] = {['id']=16990296, ['name']="Marid", ['index']=88, ['level']=77},
    [16990303] = {['id']=16990303, ['name']="Colibri", ['index']=95, ['level']=71},
    [16990562] = {['id']=16990562, ['name']="WarhorseHoofpr", ['index']=354, ['level']=0},
    [16990309] = {['id']=16990309, ['name']="RedKisser", ['index']=101, ['level']=69},
    [16990308] = {['id']=16990308, ['name']="RedKisser", ['index']=100, ['level']=68},
    [16990310] = {['id']=16990310, ['name']="FomorPaladin", ['index']=102, ['level']=64},
    [16990311] = {['id']=16990311, ['name']="FomorBard", ['index']=103, ['level']=64},
    [16990307] = {['id']=16990307, ['name']="RedKisser", ['index']=99, ['level']=68},
    [16990314] = {['id']=16990314, ['name']="FomorPaladin", ['index']=106, ['level']=64},
    [16990313] = {['id']=16990313, ['name']="FomorThief", ['index']=105, ['level']=63},
    [16990312] = {['id']=16990312, ['name']="Haunt", ['index']=104, ['level']=64},
    [16990257] = {['id']=16990257, ['name']="Haunt", ['index']=49, ['level']=63},
    [16990255] = {['id']=16990255, ['name']="LesserColibri", ['index']=47, ['level']=63},
    [16990256] = {['id']=16990256, ['name']="LesserColibri", ['index']=48, ['level']=64},
    [16990288] = {['id']=16990288, ['name']="WajaomTiger", ['index']=80, ['level']=68},
    [16990305] = {['id']=16990305, ['name']="Marid", ['index']=97, ['level']=78},
    [16990270] = {['id']=16990270, ['name']="TreantSapling", ['index']=62, ['level']=67},
    [16990268] = {['id']=16990268, ['name']="TreantSapling", ['index']=60, ['level']=68},
    [16990259] = {['id']=16990259, ['name']="AhtUrhganAtte", ['index']=51, ['level']=65},
    [16990267] = {['id']=16990267, ['name']="Ameretat", ['index']=59, ['level']=66},
    [16990260] = {['id']=16990260, ['name']="LesserColibri", ['index']=52, ['level']=64},
    [16990264] = {['id']=16990264, ['name']="LesserColibri", ['index']=56, ['level']=63},
    [16990263] = {['id']=16990263, ['name']="LesserColibri", ['index']=55, ['level']=64},
    [16990265] = {['id']=16990265, ['name']="LesserColibri", ['index']=57, ['level']=63},
    [16990269] = {['id']=16990269, ['name']="TreantSapling", ['index']=61, ['level']=68},
    [16990266] = {['id']=16990266, ['name']="Ameretat", ['index']=58, ['level']=66},
    [16990250] = {['id']=16990250, ['name']="AhtUrhganAtte", ['index']=42, ['level']=64},
    [16990249] = {['id']=16990249, ['name']="AhtUrhganAtte", ['index']=41, ['level']=65},
    [16990271] = {['id']=16990271, ['name']="AhtUrhganAtte", ['index']=63, ['level']=65},
    [16990272] = {['id']=16990272, ['name']="AhtUrhganAtte", ['index']=64, ['level']=65},
    [16990403] = {['id']=16990403, ['name']="NisPuk", ['index']=195, ['level']=77},
    [16990357] = {['id']=16990357, ['name']="Colibri", ['index']=149, ['level']=72},
    [16990358] = {['id']=16990358, ['name']="Colibri", ['index']=150, ['level']=71},
    [16990359] = {['id']=16990359, ['name']="Colibri", ['index']=151, ['level']=71},
    [16990360] = {['id']=16990360, ['name']="OldenTreant", ['index']=152, ['level']=73},
    [16990361] = {['id']=16990361, ['name']="OldenTreant", ['index']=153, ['level']=73},
    [16990363] = {['id']=16990363, ['name']="Colibri", ['index']=155, ['level']=72},
    [16990364] = {['id']=16990364, ['name']="Colibri", ['index']=156, ['level']=72},
    [16990365] = {['id']=16990365, ['name']="Colibri", ['index']=157, ['level']=72},
    [16990366] = {['id']=16990366, ['name']="Colibri", ['index']=158, ['level']=71},
    [16990367] = {['id']=16990367, ['name']="IncubusBats", ['index']=159, ['level']=63},
    [16990368] = {['id']=16990368, ['name']="IncubusBats", ['index']=160, ['level']=62},
    [16990593] = {    [16990372] = {['id']=16990372, ['name']="TreantSapling", ['index']=164, ['level']=68},
    [16990347] = {['id']=16990347, ['name']="OldenTreant", ['index']=139, ['level']=74},
    [16990349] = {['id']=16990349, ['name']="WajaomTiger", ['index']=141, ['level']=68},
    [16990350] = {['id']=16990350, ['name']="TreantSapling", ['index']=142, ['level']=67},
    [16990352] = {['id']=16990352, ['name']="TreantSapling", ['index']=144, ['level']=67},
    [16990353] = {['id']=16990353, ['name']="WajaomTiger", ['index']=145, ['level']=67},
    [16990354] = {['id']=16990354, ['name']="OldenTreant", ['index']=146, ['level']=74},
    [16990356] = {['id']=16990356, ['name']="OldenTreant", ['index']=148, ['level']=74},
    [16990340] = {['id']=16990340, ['name']="WajaomTiger", ['index']=132, ['level']=68},
    [16990341] = {['id']=16990341, ['name']="WajaomTiger", ['index']=133, ['level']=67},
    [16990351] = {['id']=16990351, ['name']="WajaomTiger", ['index']=143, ['level']=68},
    [16990345] = {['id']=16990345, ['name']="TreantSapling", ['index']=137, ['level']=67},
    [16990343] = {['id']=16990343, ['name']="TreantSapling", ['index']=135, ['level']=66},
    [16990344] = {['id']=16990344, ['name']="TreantSapling", ['index']=136, ['level']=68},
    [16990346] = {['id']=16990346, ['name']="OldenTreant", ['index']=138, ['level']=73},
    [16990338] = {['id']=16990338, ['name']="TreantSapling", ['index']=130, ['level']=66},
    [16990337] = {['id']=16990337, ['name']="TreantSapling", ['index']=129, ['level']=68},
    [16990339] = {['id']=16990339, ['name']="TreantSapling", ['index']=131, ['level']=68},
    [16990348] = {['id']=16990348, ['name']="WajaomTiger", ['index']=140, ['level']=67},
    [16990560] = {['id']=16990560, ['name']="WarhorseHoofpr", ['index']=352, ['level']=0},
    [16990282] = {['id']=16990282, ['name']="LesserColibri", ['index']=74, ['level']=63},
    [16990251] = {['id']=16990251, ['name']="FomorThief", ['index']=43, ['level']=64},
    [16990562] = {['id']=16990562, ['name']="WarhorseHoofpr", ['index']=354, ['level']=0},
    [16990456] = {['id']=16990456, ['name']="Wivre", ['index']=248, ['level']=82},
    [16990636] = {['id']=16990636, ['name']="Daswil", ['index']=428, ['level']=0},
    [16990636] = {['id']=16990636, ['name']="Daswil", ['index']=428, ['level']=0},
