    [17084450] = {['id']=17084450, ['name']="Wamouracampa", ['index']=34, ['level']=72},
    [17084451] = {['id']=17084451, ['name']="Wamouracampa", ['index']=35, ['level']=70},
    [17084452] = {['id']=17084452, ['name']="Bifrons", ['index']=36, ['level']=70},
    [17084470] = {['id']=17084470, ['name']="Bifrons", ['index']=54, ['level']=71},
    [17084471] = {['id']=17084471, ['name']="Bifrons", ['index']=55, ['level']=72},
    [17084454] = {['id']=17084454, ['name']="Wamouracampa", ['index']=38, ['level']=71},
    [17084456] = {['id']=17084456, ['name']="Bifrons", ['index']=40, ['level']=71},
    [17084455] = {['id']=17084455, ['name']="Wamouracampa", ['index']=39, ['level']=70},
    [17084453] = {['id']=17084453, ['name']="Wamouracampa", ['index']=37, ['level']=70},
    [17084472] = {['id']=17084472, ['name']="Bifrons", ['index']=56, ['level']=70},
    [17084481] = {['id']=17084481, ['name']="MadBomber", ['index']=65, ['level']=73},
    [17084460] = {['id']=17084460, ['name']="TrollLapidaris", ['index']=44, ['level']=71},
    [17084457] = {['id']=17084457, ['name']="Wamouracampa", ['index']=41, ['level']=72},
    [17084459] = {['id']=17084459, ['name']="Wamouracampa", ['index']=43, ['level']=71},
    [17084458] = {['id']=17084458, ['name']="Wamouracampa", ['index']=42, ['level']=70},
    [17084467] = {['id']=17084467, ['name']="Bifrons", ['index']=51, ['level']=70},
    [17084464] = {['id']=17084464, ['name']="Wamouracampa", ['index']=48, ['level']=72},
    [17084465] = {['id']=17084465, ['name']="Wamouracampa", ['index']=49, ['level']=71},
    [17084468] = {['id']=17084468, ['name']="Bifrons", ['index']=52, ['level']=70},
    [17084466] = {['id']=17084466, ['name']="Wamouracampa", ['index']=50, ['level']=72},
    [17084462] = {['id']=17084462, ['name']="Wamouracampa", ['index']=46, ['level']=72},
    [17084461] = {['id']=17084461, ['name']="Wamouracampa", ['index']=45, ['level']=71},
    [17084463] = {['id']=17084463, ['name']="Wamouracampa", ['index']=47, ['level']=71},
    [17084469] = {['id']=17084469, ['name']="TrollLapidaris", ['index']=53, ['level']=72},
    [17084484] = {['id']=17084484, ['name']="EmpathicFlan", ['index']=68, ['level']=74},
    [17084483] = {['id']=17084483, ['name']="EmpathicFlan", ['index']=67, ['level']=74},
    [17084482] = {['id']=17084482, ['name']="EmpathicFlan", ['index']=66, ['level']=74},
    [17084485] = {['id']=17084485, ['name']="EmpathicFlan", ['index']=69, ['level']=74},
    [17084692] = {['id']=17084692, ['name']="ReactionaryRam", ['index']=276, ['level']=70},
    [17084693] = {['id']=17084693, ['name']="Chigoe", ['index']=277, ['level']=71},
    [17084694] = {['id']=17084694, ['name']="Chigoe", ['index']=278, ['level']=72},
    [17084695] = {['id']=17084695, ['name']="Chigoe", ['index']=279, ['level']=71},
    [17084696] = {['id']=17084696, ['name']="Chigoe", ['index']=280, ['level']=73},
    [17084697] = {['id']=17084697, ['name']="Chigoe", ['index']=281, ['level']=72},
    [17084473] = {['id']=17084473, ['name']="TrollIronworke", ['index']=57, ['level']=72},
    [17084474] = {['id']=17084474, ['name']="TrollIronworke", ['index']=58, ['level']=73},
    [17084475] = {['id']=17084475, ['name']="WanderingWamou", ['index']=59, ['level']=71},
    [17084476] = {['id']=17084476, ['name']="WanderingWamou", ['index']=60, ['level']=72},
    [17084477] = {['id']=17084477, ['name']="WanderingWamou", ['index']=61, ['level']=72},
    [17084521] = {['id']=17084521, ['name']="WanderingWamou", ['index']=105, ['level']=75},
    [17084522] = {['id']=17084522, ['name']="WanderingWamou", ['index']=106, ['level']=74},
    [17084523] = {['id']=17084523, ['name']="WanderingWamou", ['index']=107, ['level']=75},
    [17084524] = {['id']=17084524, ['name']="TrollEngraver", ['index']=108, ['level']=77},
    [17084526] = {['id']=17084526, ['name']="TrollEngraver", ['index']=110, ['level']=75},
    [17084528] = {['id']=17084528, ['name']="TrollIronworke", ['index']=112, ['level']=77},
    [17084529] = {['id']=17084529, ['name']="TrollIronworke", ['index']=113, ['level']=75},
    [17084530] = {['id']=17084530, ['name']="WanderingWamou", ['index']=114, ['level']=75},
    [17084531] = {['id']=17084531, ['name']="WanderingWamou", ['index']=115, ['level']=74},
    [17084532] = {['id']=17084532, ['name']="WanderingWamou", ['index']=116, ['level']=74},
    [17084533] = {['id']=17084533, ['name']="WanderingWamou", ['index']=117, ['level']=74},
    [17084535] = {['id']=17084535, ['name']="WanderingWamou", ['index']=119, ['level']=74},
    [17084536] = {['id']=17084536, ['name']="TrollEngraver", ['index']=120, ['level']=77},
    [17084538] = {['id']=17084538, ['name']="TrollIronworke", ['index']=122, ['level']=76},
    [17084689] = {['id']=17084689, ['name']="DormantRampart", ['index']=273, ['level']=1},
    [17084569] = {['id']=17084569, ['name']="TrollGemologis", ['index']=153, ['level']=77},
    [17084570] = {['id']=17084570, ['name']="TrollSmelter", ['index']=154, ['level']=77},
    [17084571] = {['id']=17084571, ['name']="TrollCameist", ['index']=155, ['level']=78},
    [17084572] = {['id']=17084572, ['name']="TrollIronworke", ['index']=156, ['level']=78},
    [17084573] = {['id']=17084573, ['name']="TrollEngraver", ['index']=157, ['level']=78},
    [17084575] = {['id']=17084575, ['name']="TrollEngraver", ['index']=159, ['level']=77},
    [17084577] = {['id']=17084577, ['name']="TrollEngraver", ['index']=161, ['level']=77},
    [17084579] = {['id']=17084579, ['name']="TrollStonework", ['index']=163, ['level']=78},
    [17084585] = {['id']=17084585, ['name']="TrollGemologis", ['index']=169, ['level']=77},
    [17084646] = {['id']=17084646, ['name']="ArchaicGears", ['index']=230, ['level']=80},
    [17084648] = {['id']=17084648, ['name']="ArchaicGear", ['index']=232, ['level']=79},
    [17084649] = {['id']=17084649, ['name']="ArchaicGear", ['index']=233, ['level']=81},
    [17084650] = {['id']=17084650, ['name']="ArchaicGear", ['index']=234, ['level']=80},
    [17084651] = {['id']=17084651, ['name']="ArchaicGear", ['index']=235, ['level']=80},
    [17084654] = {['id']=17084654, ['name']="ArchaicGear", ['index']=238, ['level']=81},
    [17084647] = {['id']=17084647, ['name']="ArchaicGear", ['index']=231, ['level']=80},
    [17084653] = {['id']=17084653, ['name']="ArchaicGear", ['index']=237, ['level']=81},
    [17084652] = {['id']=17084652, ['name']="ArchaicGear", ['index']=236, ['level']=81},
    [17084637] = {['id']=17084637, ['name']="ArchaicGears", ['index']=221, ['level']=80},
    [17084638] = {['id']=17084638, ['name']="ArchaicGear", ['index']=222, ['level']=79},
    [17084642] = {['id']=17084642, ['name']="ArchaicGear", ['index']=226, ['level']=81},
    [17084644] = {['id']=17084644, ['name']="ArchaicGear", ['index']=228, ['level']=81},
    [17084643] = {['id']=17084643, ['name']="ArchaicGear", ['index']=227, ['level']=80},
    [17084645] = {['id']=17084645, ['name']="ArchaicGear", ['index']=229, ['level']=79},
    [17084639] = {['id']=17084639, ['name']="ArchaicGear", ['index']=223, ['level']=79},
    [17084640] = {['id']=17084640, ['name']="ArchaicGear", ['index']=224, ['level']=79},
    [17084641] = {['id']=17084641, ['name']="ArchaicGear", ['index']=225, ['level']=79},
    [17084590] = {['id']=17084590, ['name']="TrollGemologis", ['index']=174, ['level']=78},
    [17084690] = {['id']=17084690, ['name']="DormantRampart", ['index']=274, ['level']=1},
    [17084706] = {['id']=17084706, ['name']="ReactionaryRam", ['index']=290, ['level']=70},
    [17084707] = {['id']=17084707, ['name']="Colibri", ['index']=291, ['level']=74},
    [17084708] = {['id']=17084708, ['name']="Colibri", ['index']=292, ['level']=74},
    [17084709] = {['id']=17084709, ['name']="Colibri", ['index']=293, ['level']=74},
    [17084710] = {['id']=17084710, ['name']="Colibri", ['index']=294, ['level']=75},
    [17084671] = {['id']=17084671, ['name']="ArchaicGear", ['index']=255, ['level']=81},
    [17084672] = {['id']=17084672, ['name']="ArchaicGear", ['index']=256, ['level']=80},
    [17084673] = {['id']=17084673, ['name']="ArchaicGear", ['index']=257, ['level']=80},
    [17084675] = {['id']=17084675, ['name']="ArchaicGear", ['index']=259, ['level']=80},
    [17084674] = {['id']=17084674, ['name']="ArchaicGear", ['index']=258, ['level']=81},
    [17084681] = {['id']=17084681, ['name']="ArchaicChariot", ['index']=265, ['level']=81},
    [17084685] = {['id']=17084685, ['name']="ArchaicGears", ['index']=269, ['level']=80},
    [17084684] = {['id']=17084684, ['name']="ArchaicGears", ['index']=268, ['level']=81},
    [17084686] = {['id']=17084686, ['name']="ArchaicGears", ['index']=270, ['level']=80},
    [17084682] = {['id']=17084682, ['name']="ArchaicGears", ['index']=266, ['level']=81},
    [17084683] = {['id']=17084683, ['name']="ArchaicGears", ['index']=267, ['level']=80},
    [17084677] = {['id']=17084677, ['name']="ArchaicGear", ['index']=261, ['level']=79},
    [17084676] = {['id']=17084676, ['name']="ArchaicGear", ['index']=260, ['level']=80},
    [17084680] = {['id']=17084680, ['name']="ArchaicGear", ['index']=264, ['level']=79},
    [17084679] = {['id']=17084679, ['name']="ArchaicGear", ['index']=263, ['level']=80},
    [17084678] = {['id']=17084678, ['name']="ArchaicGear", ['index']=262, ['level']=80},
    [17084687] = {['id']=17084687, ['name']="Long-BowedChar", ['index']=271, ['level']=82},
    [17084427] = {['id']=17084427, ['name']="CarmineEruca", ['index']=11, ['level']=72},
    [17084428] = {['id']=17084428, ['name']="CarmineEruca", ['index']=12, ['level']=72},
    [17084429] = {['id']=17084429, ['name']="Bifrons", ['index']=13, ['level']=72},
    [17084447] = {['id']=17084447, ['name']="Bifrons", ['index']=31, ['level']=71},
    [17084432] = {['id']=17084432, ['name']="CarmineEruca", ['index']=16, ['level']=72},
    [17084433] = {['id']=17084433, ['name']="Bifrons", ['index']=17, ['level']=70},
    [17084430] = {['id']=17084430, ['name']="CarmineEruca", ['index']=14, ['level']=70},
    [17084431] = {['id']=17084431, ['name']="CarmineEruca", ['index']=15, ['level']=71},
    [17084448] = {['id']=17084448, ['name']="Bifrons", ['index']=32, ['level']=72},
    [17084449] = {['id']=17084449, ['name']="Bifrons", ['index']=33, ['level']=72},
    [17084436] = {['id']=17084436, ['name']="CarmineEruca", ['index']=20, ['level']=71},
    [17084437] = {['id']=17084437, ['name']="TrollGemologis", ['index']=21, ['level']=71},
    [17084434] = {['id']=17084434, ['name']="CarmineEruca", ['index']=18, ['level']=72},
    [17084435] = {['id']=17084435, ['name']="CarmineEruca", ['index']=19, ['level']=71},
    [17084445] = {['id']=17084445, ['name']="Bifrons", ['index']=29, ['level']=71},
    [17084443] = {['id']=17084443, ['name']="CarmineEruca", ['index']=27, ['level']=71},
    [17084439] = {['id']=17084439, ['name']="CarmineEruca", ['index']=23, ['level']=72},
    [17084444] = {['id']=17084444, ['name']="Bifrons", ['index']=28, ['level']=70},
    [17084441] = {['id']=17084441, ['name']="CarmineEruca", ['index']=25, ['level']=71},
    [17084438] = {['id']=17084438, ['name']="CarmineEruca", ['index']=22, ['level']=72},
    [17084440] = {['id']=17084440, ['name']="CarmineEruca", ['index']=24, ['level']=71},
    [17084446] = {['id']=17084446, ['name']="TrollGemologis", ['index']=30, ['level']=72},
    [17084442] = {['id']=17084442, ['name']="CarmineEruca", ['index']=26, ['level']=72},
    [17084478] = {['id']=17084478, ['name']="SulfurScorpion", ['index']=62, ['level']=72},
    [17084479] = {['id']=17084479, ['name']="SulfurScorpion", ['index']=63, ['level']=72},
    [17084480] = {['id']=17084480, ['name']="SulfurScorpion", ['index']=64, ['level']=72},
    [17084493] = {['id']=17084493, ['name']="SulfurScorpion", ['index']=77, ['level']=74},
    [17084494] = {['id']=17084494, ['name']="SulfurScorpion", ['index']=78, ['level']=74},
    [17084495] = {['id']=17084495, ['name']="SulfurScorpion", ['index']=79, ['level']=74},
    [17084496] = {['id']=17084496, ['name']="SulfurScorpion", ['index']=80, ['level']=75},
    [17084497] = {['id']=17084497, ['name']="SulfurScorpion", ['index']=81, ['level']=75},
    [17084498] = {['id']=17084498, ['name']="SulfurScorpion", ['index']=82, ['level']=75},
    [17084500] = {['id']=17084500, ['name']="TrollIronworke", ['index']=84, ['level']=77},
    [17084499] = {['id']=17084499, ['name']="TrollSmelter", ['index']=83, ['level']=75},
    [17084699] = {['id']=17084699, ['name']="ReactionaryRam", ['index']=283, ['level']=70},
    [17084700] = {['id']=17084700, ['name']="HuntingWasp", ['index']=284, ['level']=74},
    [17084701] = {['id']=17084701, ['name']="HuntingWasp", ['index']=285, ['level']=74},
    [17084702] = {['id']=17084702, ['name']="HuntingWasp", ['index']=286, ['level']=74},
    [17084703] = {['id']=17084703, ['name']="HuntingWasp", ['index']=287, ['level']=72},
    [17084704] = {['id']=17084704, ['name']="HuntingWasp", ['index']=288, ['level']=72},
    [17084534] = {['id']=17084534, ['name']="WanderingWamou", ['index']=118, ['level']=75},
    [17084525] = {['id']=17084525, ['name']="Troll\'sAutomat", ['index']=109, ['level']=70},
    [17084527] = {['id']=17084527, ['name']="Troll\'sAutomat", ['index']=111, ['level']=71},
    [17084539] = {['id']=17084539, ['name']="TrollEngraver", ['index']=123, ['level']=75},
    [17084541] = {['id']=17084541, ['name']="TrollEngraver", ['index']=125, ['level']=76},
    [17084543] = {['id']=17084543, ['name']="TrollStonework", ['index']=127, ['level']=76},
    [17084544] = {['id']=17084544, ['name']="TrollCameist", ['index']=128, ['level']=77},
    [17084545] = {['id']=17084545, ['name']="WanderingWamou", ['index']=129, ['level']=75},
    [17084546] = {['id']=17084546, ['name']="WanderingWamou", ['index']=130, ['level']=75},
    [17084547] = {['id']=17084547, ['name']="WanderingWamou", ['index']=131, ['level']=75},
    [17084548] = {['id']=17084548, ['name']="WanderingWamou", ['index']=132, ['level']=74},
    [17084549] = {['id']=17084549, ['name']="TrollStonework", ['index']=133, ['level']=77},
    [17084550] = {['id']=17084550, ['name']="TrollCameist", ['index']=134, ['level']=77},
    [17084540] = {['id']=17084540, ['name']="Troll\'sAutomat", ['index']=124, ['level']=70},
    [17084574] = {['id']=17084574, ['name']="Troll\'sAutomat", ['index']=158, ['level']=73},
    [17084576] = {['id']=17084576, ['name']="Troll\'sAutomat", ['index']=160, ['level']=72},
    [17084578] = {['id']=17084578, ['name']="Troll\'sAutomat", ['index']=162, ['level']=73},
    [17084580] = {['id']=17084580, ['name']="TrollSmelter", ['index']=164, ['level']=77},
    [17084581] = {['id']=17084581, ['name']="TrollCameist", ['index']=165, ['level']=77},
    [17084582] = {['id']=17084582, ['name']="TrollIronworke", ['index']=166, ['level']=77},
    [17084583] = {['id']=17084583, ['name']="TrollEngraver", ['index']=167, ['level']=78},
    [17084586] = {['id']=17084586, ['name']="TrollLapidaris", ['index']=170, ['level']=78},
    [17084587] = {['id']=17084587, ['name']="TrollStonework", ['index']=171, ['level']=78},
    [17084588] = {['id']=17084588, ['name']="TrollEngraver", ['index']=172, ['level']=78},
    [17084584] = {['id']=17084584, ['name']="Troll\'sAutomat", ['index']=168, ['level']=72},
    [17084589] = {['id']=17084589, ['name']="Troll\'sAutomat", ['index']=173, ['level']=72},
    [17084490] = {['id']=17084490, ['name']="TrollSmelter", ['index']=74, ['level']=77},
    [17084720] = {['id']=17084720, ['name']="FluxFlan", ['index']=304, ['level']=74},
    [17084491] = {['id']=17084491, ['name']="TrollIronworke", ['index']=75, ['level']=76},
    [17084487] = {['id']=17084487, ['name']="SulfurScorpion", ['index']=71, ['level']=74},
    [17084492] = {['id']=17084492, ['name']="TrollIronworke", ['index']=76, ['level']=76},
    [17084489] = {['id']=17084489, ['name']="TrollSmelter", ['index']=73, ['level']=77},
    [17084486] = {['id']=17084486, ['name']="SulfurScorpion", ['index']=70, ['level']=74},
    [17084488] = {['id']=17084488, ['name']="SulfurScorpion", ['index']=72, ['level']=75},
    [17084501] = {['id']=17084501, ['name']="TrollSmelter", ['index']=85, ['level']=76},
    [17084502] = {['id']=17084502, ['name']="TrollSmelter", ['index']=86, ['level']=76},
    [17084503] = {['id']=17084503, ['name']="TrollStonework", ['index']=87, ['level']=75},
    [17084504] = {['id']=17084504, ['name']="TrollCameist", ['index']=88, ['level']=76},
    [17084505] = {['id']=17084505, ['name']="SulfurScorpion", ['index']=89, ['level']=74},
    [17084506] = {['id']=17084506, ['name']="SulfurScorpion", ['index']=90, ['level']=74},
    [17084507] = {['id']=17084507, ['name']="SulfurScorpion", ['index']=91, ['level']=75},
    [17084508] = {['id']=17084508, ['name']="SulfurScorpion", ['index']=92, ['level']=75},
    [17084509] = {['id']=17084509, ['name']="TrollStonework", ['index']=93, ['level']=75},
    [17084510] = {['id']=17084510, ['name']="TrollCameist", ['index']=94, ['level']=77},
    [17084562] = {['id']=17084562, ['name']="TrollCameist", ['index']=146, ['level']=77},
    [17084563] = {['id']=17084563, ['name']="TrollGemologis", ['index']=147, ['level']=77},
    [17084564] = {['id']=17084564, ['name']="TrollSmelter", ['index']=148, ['level']=77},
    [17084565] = {['id']=17084565, ['name']="TrollLapidaris", ['index']=149, ['level']=78},
    [17084567] = {['id']=17084567, ['name']="TrollStonework", ['index']=151, ['level']=78},
    [17084566] = {['id']=17084566, ['name']="TrollStonework", ['index']=150, ['level']=77},
    [17084568] = {['id']=17084568, ['name']="TrollStonework", ['index']=152, ['level']=77},
    [17084591] = {['id']=17084591, ['name']="TrollStonework", ['index']=175, ['level']=77},
    [17084592] = {['id']=17084592, ['name']="TrollSmelter", ['index']=176, ['level']=77},
    [17084593] = {['id']=17084593, ['name']="TrollCameist", ['index']=177, ['level']=78},
    [17084594] = {['id']=17084594, ['name']="TrollIronworke", ['index']=178, ['level']=77},
    [17084595] = {['id']=17084595, ['name']="TrollEngraver", ['index']=179, ['level']=77},
    [17084597] = {['id']=17084597, ['name']="TrollGemologis", ['index']=181, ['level']=78},
    [17084598] = {['id']=17084598, ['name']="TrollLapidaris", ['index']=182, ['level']=77},
    [17084599] = {['id']=17084599, ['name']="TrollStonework", ['index']=183, ['level']=78},
    [17084600] = {['id']=17084600, ['name']="TrollEngraver", ['index']=184, ['level']=77},
    [17084602] = {['id']=17084602, ['name']="TrollGemologis", ['index']=186, ['level']=78},
    [17084537] = {['id']=17084537, ['name']="Troll\'sAutomat", ['index']=121, ['level']=71},
    [17084551] = {['id']=17084551, ['name']="WanderingWamou", ['index']=135, ['level']=74},
    [17084552] = {['id']=17084552, ['name']="WanderingWamou", ['index']=136, ['level']=74},
    [17084553] = {['id']=17084553, ['name']="WanderingWamou", ['index']=137, ['level']=74},
    [17084554] = {['id']=17084554, ['name']="WanderingWamou", ['index']=138, ['level']=75},
    [17084558] = {['id']=17084558, ['name']="TrollCameist", ['index']=142, ['level']=76},
    [17084559] = {['id']=17084559, ['name']="WanderingWamou", ['index']=143, ['level']=75},
    [17084560] = {['id']=17084560, ['name']="WanderingWamou", ['index']=144, ['level']=74},
    [17084561] = {['id']=17084561, ['name']="WanderingWamou", ['index']=145, ['level']=74},
    [17084557] = {['id']=17084557, ['name']="TrollStonework", ['index']=141, ['level']=76},
    [17084555] = {['id']=17084555, ['name']="TrollEngraver", ['index']=139, ['level']=75},
    [17084556] = {['id']=17084556, ['name']="Troll\'sAutomat", ['index']=140, ['level']=71},
    [17084610] = {['id']=17084610, ['name']="BlackPudding", ['index']=194, ['level']=77},
    [17084611] = {['id']=17084611, ['name']="BlackPudding", ['index']=195, ['level']=77},
    [17084612] = {['id']=17084612, ['name']="BlackPudding", ['index']=196, ['level']=78},
    [17084613] = {['id']=17084613, ['name']="BlackPudding", ['index']=197, ['level']=78},
    [17084614] = {['id']=17084614, ['name']="BlackPudding", ['index']=198, ['level']=77},
    [17084615] = {['id']=17084615, ['name']="BlackPudding", ['index']=199, ['level']=78},
    [17084616] = {['id']=17084616, ['name']="BlackPudding", ['index']=200, ['level']=77},
    [17084627] = {['id']=17084627, ['name']="BlackPudding", ['index']=211, ['level']=77},
    [17084628] = {['id']=17084628, ['name']="BlackPudding", ['index']=212, ['level']=78},
    [17084630] = {['id']=17084630, ['name']="BlackPudding", ['index']=214, ['level']=78},
    [17084631] = {['id']=17084631, ['name']="BlackPudding", ['index']=215, ['level']=77},
    [17084632] = {['id']=17084632, ['name']="BlackPudding", ['index']=216, ['level']=77},
    [17084633] = {['id']=17084633, ['name']="BlackPudding", ['index']=217, ['level']=77},
    [17084635] = {['id']=17084635, ['name']="BlackPudding", ['index']=219, ['level']=77},
    [17084636] = {['id']=17084636, ['name']="BlackPudding", ['index']=220, ['level']=77},
    [17084629] = {['id']=17084629, ['name']="BlackPudding", ['index']=213, ['level']=78},
    [17084634] = {['id']=17084634, ['name']="BlackPudding", ['index']=218, ['level']=77},
    [17084711] = {['id']=17084711, ['name']="Colibri", ['index']=295, ['level']=76},
    [17084655] = {['id']=17084655, ['name']="ArchaicGear", ['index']=239, ['level']=80},
    [17084656] = {['id']=17084656, ['name']="ArchaicGear", ['index']=240, ['level']=80},
    [17084657] = {['id']=17084657, ['name']="ArchaicGear", ['index']=241, ['level']=81},
    [17084658] = {['id']=17084658, ['name']="ArchaicGear", ['index']=242, ['level']=81},
    [17084659] = {['id']=17084659, ['name']="ArchaicGear", ['index']=243, ['level']=79},
    [17084667] = {['id']=17084667, ['name']="ArchaicGears", ['index']=251, ['level']=80},
    [17084670] = {['id']=17084670, ['name']="ArchaicGears", ['index']=254, ['level']=81},
    [17084668] = {['id']=17084668, ['name']="ArchaicGears", ['index']=252, ['level']=80},
    [17084665] = {['id']=17084665, ['name']="ArchaicChariot", ['index']=249, ['level']=81},
    [17084666] = {['id']=17084666, ['name']="ArchaicGears", ['index']=250, ['level']=80},
    [17084669] = {['id']=17084669, ['name']="ArchaicGears", ['index']=253, ['level']=80},
    [17084660] = {['id']=17084660, ['name']="ArchaicGear", ['index']=244, ['level']=81},
    [17084661] = {['id']=17084661, ['name']="ArchaicGear", ['index']=245, ['level']=81},
    [17084664] = {['id']=17084664, ['name']="ArchaicGear", ['index']=248, ['level']=80},
    [17084663] = {['id']=17084663, ['name']="ArchaicGear", ['index']=247, ['level']=79},
    [17084662] = {['id']=17084662, ['name']="ArchaicGear", ['index']=246, ['level']=81},
    [17084427] = {['id']=17084427, ['name']="CarmineEruca", ['index']=11, ['level']=71},
    [17084428] = {['id']=17084428, ['name']="CarmineEruca", ['index']=12, ['level']=70},
    [17084429] = {['id']=17084429, ['name']="Bifrons", ['index']=13, ['level']=70},
    [17084447] = {['id']=17084447, ['name']="Bifrons", ['index']=31, ['level']=72},
    [17084448] = {['id']=17084448, ['name']="Bifrons", ['index']=32, ['level']=71},
    [17084433] = {['id']=17084433, ['name']="Bifrons", ['index']=17, ['level']=72},
    [17084481] = {['id']=17084481, ['name']="MadBomber", ['index']=65, ['level']=73},
    [17084431] = {['id']=17084431, ['name']="CarmineEruca", ['index']=15, ['level']=71},
    [17084432] = {['id']=17084432, ['name']="CarmineEruca", ['index']=16, ['level']=71},
    [17084430] = {['id']=17084430, ['name']="CarmineEruca", ['index']=14, ['level']=70},
    [17084449] = {['id']=17084449, ['name']="Bifrons", ['index']=33, ['level']=71},
    [17084436] = {['id']=17084436, ['name']="CarmineEruca", ['index']=20, ['level']=70},
    [17084434] = {['id']=17084434, ['name']="CarmineEruca", ['index']=18, ['level']=71},
    [17084435] = {['id']=17084435, ['name']="CarmineEruca", ['index']=19, ['level']=72},
    [17084437] = {['id']=17084437, ['name']="TrollGemologis", ['index']=21, ['level']=71},
    [17084446] = {['id']=17084446, ['name']="TrollGemologis", ['index']=30, ['level']=73},
    [17084443] = {['id']=17084443, ['name']="CarmineEruca", ['index']=27, ['level']=71},
    [17084439] = {['id']=17084439, ['name']="CarmineEruca", ['index']=23, ['level']=71},
    [17084440] = {['id']=17084440, ['name']="CarmineEruca", ['index']=24, ['level']=70},
    [17084441] = {['id']=17084441, ['name']="CarmineEruca", ['index']=25, ['level']=70},
    [17084442] = {['id']=17084442, ['name']="CarmineEruca", ['index']=26, ['level']=72},
    [17084444] = {['id']=17084444, ['name']="Bifrons", ['index']=28, ['level']=70},
    [17084445] = {['id']=17084445, ['name']="Bifrons", ['index']=29, ['level']=70},
    [17084438] = {['id']=17084438, ['name']="CarmineEruca", ['index']=22, ['level']=72},
    [17084480] = {['id']=17084480, ['name']="SulfurScorpion", ['index']=64, ['level']=72},
    [17084479] = {['id']=17084479, ['name']="SulfurScorpion", ['index']=63, ['level']=72},
    [17084473] = {['id']=17084473, ['name']="TrollIronworke", ['index']=57, ['level']=71},
    [17084474] = {['id']=17084474, ['name']="TrollIronworke", ['index']=58, ['level']=71},
    [17084478] = {['id']=17084478, ['name']="SulfurScorpion", ['index']=62, ['level']=71},
    [17084484] = {['id']=17084484, ['name']="EmpathicFlan", ['index']=68, ['level']=73},
    [17084485] = {['id']=17084485, ['name']="EmpathicFlan", ['index']=69, ['level']=73},
    [17084530] = {['id']=17084530, ['name']="WanderingWamou", ['index']=114, ['level']=74},
    [17084531] = {['id']=17084531, ['name']="WanderingWamou", ['index']=115, ['level']=74},
    [17084532] = {['id']=17084532, ['name']="WanderingWamou", ['index']=116, ['level']=74},
    [17084533] = {['id']=17084533, ['name']="WanderingWamou", ['index']=117, ['level']=75},
    [17084534] = {['id']=17084534, ['name']="WanderingWamou", ['index']=118, ['level']=75},
    [17084535] = {['id']=17084535, ['name']="WanderingWamou", ['index']=119, ['level']=75},
    [17084538] = {['id']=17084538, ['name']="TrollIronworke", ['index']=122, ['level']=76},
    [17084521] = {['id']=17084521, ['name']="WanderingWamou", ['index']=105, ['level']=74},
    [17084529] = {['id']=17084529, ['name']="TrollIronworke", ['index']=113, ['level']=75},
    [17084524] = {['id']=17084524, ['name']="TrollEngraver", ['index']=108, ['level']=76},
    [17084522] = {['id']=17084522, ['name']="WanderingWamou", ['index']=106, ['level']=74},
    [17084523] = {['id']=17084523, ['name']="WanderingWamou", ['index']=107, ['level']=74},
    [17084528] = {['id']=17084528, ['name']="TrollIronworke", ['index']=112, ['level']=75},
    [17084526] = {['id']=17084526, ['name']="TrollEngraver", ['index']=110, ['level']=77},
    [17084527] = {['id']=17084527, ['name']="Troll\'sAutomat", ['index']=111, ['level']=70},
    [17084539] = {['id']=17084539, ['name']="TrollEngraver", ['index']=123, ['level']=77},
    [17084543] = {['id']=17084543, ['name']="TrollStonework", ['index']=127, ['level']=76},
    [17084544] = {['id']=17084544, ['name']="TrollCameist", ['index']=128, ['level']=77},
    [17084550] = {['id']=17084550, ['name']="TrollCameist", ['index']=134, ['level']=76},
    [17084541] = {['id']=17084541, ['name']="TrollEngraver", ['index']=125, ['level']=76},
    [17084549] = {['id']=17084549, ['name']="TrollStonework", ['index']=133, ['level']=77},
    [17084545] = {['id']=17084545, ['name']="WanderingWamou", ['index']=129, ['level']=74},
    [17084548] = {['id']=17084548, ['name']="WanderingWamou", ['index']=132, ['level']=75},
    [17084546] = {['id']=17084546, ['name']="WanderingWamou", ['index']=130, ['level']=75},
    [17084547] = {['id']=17084547, ['name']="WanderingWamou", ['index']=131, ['level']=74},
    [17084570] = {['id']=17084570, ['name']="TrollSmelter", ['index']=154, ['level']=77},
    [17084571] = {['id']=17084571, ['name']="TrollCameist", ['index']=155, ['level']=77},
    [17084572] = {['id']=17084572, ['name']="TrollIronworke", ['index']=156, ['level']=78},
    [17084569] = {['id']=17084569, ['name']="TrollGemologis", ['index']=153, ['level']=77},
    [17084573] = {['id']=17084573, ['name']="TrollEngraver", ['index']=157, ['level']=77},
    [17084575] = {['id']=17084575, ['name']="TrollEngraver", ['index']=159, ['level']=77},
    [17084577] = {['id']=17084577, ['name']="TrollEngraver", ['index']=161, ['level']=77},
    [17084580] = {['id']=17084580, ['name']="TrollSmelter", ['index']=164, ['level']=77},
    [17084581] = {['id']=17084581, ['name']="TrollCameist", ['index']=165, ['level']=77},
    [17084583] = {['id']=17084583, ['name']="TrollEngraver", ['index']=167, ['level']=78},
    [17084585] = {['id']=17084585, ['name']="TrollGemologis", ['index']=169, ['level']=77},
    [17084586] = {['id']=17084586, ['name']="TrollLapidaris", ['index']=170, ['level']=77},
    [17084590] = {['id']=17084590, ['name']="TrollGemologis", ['index']=174, ['level']=78},
    [17084582] = {['id']=17084582, ['name']="TrollIronworke", ['index']=166, ['level']=78},
    [17084587] = {['id']=17084587, ['name']="TrollStonework", ['index']=171, ['level']=77},
    [17084579] = {['id']=17084579, ['name']="TrollStonework", ['index']=163, ['level']=77},
    [17084721] = {['id']=17084721, ['name']="DementedJalaaw", ['index']=305, ['level']=79},
    [17084643] = {['id']=17084643, ['name']="ArchaicGear", ['index']=227, ['level']=79},
    [17084645] = {['id']=17084645, ['name']="ArchaicGear", ['index']=229, ['level']=80},
    [17084637] = {['id']=17084637, ['name']="ArchaicGears", ['index']=221, ['level']=80},
    [17084642] = {['id']=17084642, ['name']="ArchaicGear", ['index']=226, ['level']=81},
    [17084640] = {['id']=17084640, ['name']="ArchaicGear", ['index']=224, ['level']=81},
    [17084638] = {['id']=17084638, ['name']="ArchaicGear", ['index']=222, ['level']=80},
    [17084641] = {['id']=17084641, ['name']="ArchaicGear", ['index']=225, ['level']=81},
    [17084639] = {['id']=17084639, ['name']="ArchaicGear", ['index']=223, ['level']=80},
    [17084644] = {['id']=17084644, ['name']="ArchaicGear", ['index']=228, ['level']=80},
    [17084647] = {['id']=17084647, ['name']="ArchaicGear", ['index']=231, ['level']=81},
    [17084651] = {['id']=17084651, ['name']="ArchaicGear", ['index']=235, ['level']=81},
    [17084646] = {['id']=17084646, ['name']="ArchaicGears", ['index']=230, ['level']=81},
    [17084649] = {['id']=17084649, ['name']="ArchaicGear", ['index']=233, ['level']=80},
    [17084650] = {['id']=17084650, ['name']="ArchaicGear", ['index']=234, ['level']=81},
    [17084652] = {['id']=17084652, ['name']="ArchaicGear", ['index']=236, ['level']=81},
    [17084654] = {['id']=17084654, ['name']="ArchaicGear", ['index']=238, ['level']=81},
    [17084648] = {['id']=17084648, ['name']="ArchaicGear", ['index']=232, ['level']=79},
    [17084653] = {['id']=17084653, ['name']="ArchaicGear", ['index']=237, ['level']=80},
    [17084690] = {['id']=17084690, ['name']="DormantRampart", ['index']=274, ['level']=1},
    [17084706] = {['id']=17084706, ['name']="ReactionaryRam", ['index']=290, ['level']=70},
    [17084707] = {['id']=17084707, ['name']="Colibri", ['index']=291, ['level']=75},
    [17084708] = {['id']=17084708, ['name']="Colibri", ['index']=292, ['level']=76},
    [17084709] = {['id']=17084709, ['name']="Colibri", ['index']=293, ['level']=74},
    [17084710] = {['id']=17084710, ['name']="Colibri", ['index']=294, ['level']=75},
    [17084711] = {['id']=17084711, ['name']="Colibri", ['index']=295, ['level']=75},
    [17084671] = {['id']=17084671, ['name']="ArchaicGear", ['index']=255, ['level']=80},
    [17084672] = {['id']=17084672, ['name']="ArchaicGear", ['index']=256, ['level']=79},
    [17084673] = {['id']=17084673, ['name']="ArchaicGear", ['index']=257, ['level']=79},
    [17084675] = {['id']=17084675, ['name']="ArchaicGear", ['index']=259, ['level']=81},
    [17084674] = {['id']=17084674, ['name']="ArchaicGear", ['index']=258, ['level']=80},
    [17084685] = {['id']=17084685, ['name']="ArchaicGears", ['index']=269, ['level']=80},
    [17084681] = {['id']=17084681, ['name']="ArchaicChariot", ['index']=265, ['level']=81},
    [17084684] = {['id']=17084684, ['name']="ArchaicGears", ['index']=268, ['level']=80},
    [17084686] = {['id']=17084686, ['name']="ArchaicGears", ['index']=270, ['level']=80},
    [17084683] = {['id']=17084683, ['name']="ArchaicGears", ['index']=267, ['level']=80},
    [17084682] = {['id']=17084682, ['name']="ArchaicGears", ['index']=266, ['level']=81},
    [17084677] = {['id']=17084677, ['name']="ArchaicGear", ['index']=261, ['level']=80},
    [17084676] = {['id']=17084676, ['name']="ArchaicGear", ['index']=260, ['level']=81},
    [17084679] = {['id']=17084679, ['name']="ArchaicGear", ['index']=263, ['level']=81},
    [17084680] = {['id']=17084680, ['name']="ArchaicGear", ['index']=264, ['level']=81},
    [17084678] = {['id']=17084678, ['name']="ArchaicGear", ['index']=262, ['level']=79},
    [17084687] = {['id']=17084687, ['name']="Long-BowedChar", ['index']=271, ['level']=83},
    [17084603] = {['id']=17084603, ['name']="BlackPudding", ['index']=187, ['level']=78},
    [17084604] = {['id']=17084604, ['name']="BlackPudding", ['index']=188, ['level']=78},
    [17084605] = {['id']=17084605, ['name']="BlackPudding", ['index']=189, ['level']=77},
    [17084606] = {['id']=17084606, ['name']="BlackPudding", ['index']=190, ['level']=77},
    [17084607] = {['id']=17084607, ['name']="BlackPudding", ['index']=191, ['level']=77},
    [17084608] = {['id']=17084608, ['name']="BlackPudding", ['index']=192, ['level']=78},
    [17084609] = {['id']=17084609, ['name']="BlackPudding", ['index']=193, ['level']=77},
    [17084617] = {['id']=17084617, ['name']="BlackPudding", ['index']=201, ['level']=78},
    [17084618] = {['id']=17084618, ['name']="BlackPudding", ['index']=202, ['level']=78},
    [17084619] = {['id']=17084619, ['name']="BlackPudding", ['index']=203, ['level']=78},
    [17084620] = {['id']=17084620, ['name']="BlackPudding", ['index']=204, ['level']=78},
    [17084621] = {['id']=17084621, ['name']="BlackPudding", ['index']=205, ['level']=78},
    [17084622] = {['id']=17084622, ['name']="BlackPudding", ['index']=206, ['level']=78},
    [17084623] = {['id']=17084623, ['name']="BlackPudding", ['index']=207, ['level']=78},
    [17084624] = {['id']=17084624, ['name']="BlackPudding", ['index']=208, ['level']=77},
    [17084625] = {['id']=17084625, ['name']="BlackPudding", ['index']=209, ['level']=78},
    [17084626] = {['id']=17084626, ['name']="BlackPudding", ['index']=210, ['level']=77},
