    [17846285] = {['id']=17846285, ['name']="BlanchedMandra", ['index']=13, ['level']=100},
    [17846288] = {['id']=17846288, ['name']="BlanchedMandra", ['index']=16, ['level']=100},
    [17846803] = {['id']=17846803, ['name']="Gurren-Murren", ['index']=531, ['level']=0},
    [17846811] = {['id']=17846811, ['name']="Elmric", ['index']=539, ['level']=0},
    [17846812] = {['id']=17846812, ['name']="Teleen", ['index']=540, ['level']=0},
    [17846813] = {['id']=17846813, ['name']="Muruk-Mojiruk", ['index']=541, ['level']=0},
    [17846814] = {['id']=17846814, ['name']="Anselme", ['index']=542, ['level']=0},
    [17846834] = {['id']=17846834, ['name']="Station_Administrator", ['index']=562, ['level']=0},
    [17846849] = {['id']=17846849, ['name']="Delivery_Specialist", ['index']=577, ['level']=0},
    [17846287] = {['id']=17846287, ['name']="BlanchedMandra", ['index']=15, ['level']=100},
    [17846292] = {['id']=17846292, ['name']="BightUragnite", ['index']=20, ['level']=100},
    [17846291] = {['id']=17846291, ['name']="BightUragnite", ['index']=19, ['level']=100},
    [17846290] = {['id']=17846290, ['name']="BlanchedMandra", ['index']=18, ['level']=100},
    [17846289] = {['id']=17846289, ['name']="BlanchedMandra", ['index']=17, ['level']=100},
    [17846294] = {['id']=17846294, ['name']="BightUragnite", ['index']=22, ['level']=100},
    [17846293] = {['id']=17846293, ['name']="BightUragnite", ['index']=21, ['level']=100},
    [17846303] = {['id']=17846303, ['name']="BlanchedMandra", ['index']=31, ['level']=100},
    [17846577] = {['id']=17846577, ['name']="CareeningTwith", ['index']=305, ['level']=100},
    [17846301] = {['id']=17846301, ['name']="BlanchedMandra", ['index']=29, ['level']=100},
    [17846302] = {['id']=17846302, ['name']="BlanchedMandra", ['index']=30, ['level']=100},
    [17846304] = {['id']=17846304, ['name']="BlanchedMandra", ['index']=32, ['level']=100},
    [17846305] = {['id']=17846305, ['name']="BlanchedMandra", ['index']=33, ['level']=100},
    [17846306] = {['id']=17846306, ['name']="BlanchedMandra", ['index']=34, ['level']=100},
    [17846307] = {['id']=17846307, ['name']="BlanchedMandra", ['index']=35, ['level']=100},
    [17846309] = {['id']=17846309, ['name']="BlanchedMandra", ['index']=37, ['level']=100},
    [17846308] = {['id']=17846308, ['name']="BlanchedMandra", ['index']=36, ['level']=100},
    [17846314] = {['id']=17846314, ['name']="DeathmawOrobon", ['index']=42, ['level']=102},
    [17846310] = {['id']=17846310, ['name']="BlanchedMandra", ['index']=38, ['level']=100},
    [17846313] = {['id']=17846313, ['name']="DeathmawOrobon", ['index']=41, ['level']=102},
    [17846312] = {['id']=17846312, ['name']="BlanchedMandra", ['index']=40, ['level']=100},
    [17846311] = {['id']=17846311, ['name']="BlanchedMandra", ['index']=39, ['level']=100},
    [17846315] = {['id']=17846315, ['name']="DeathmawOrobon", ['index']=43, ['level']=101},
    [17846317] = {['id']=17846317, ['name']="FernfellingCha", ['index']=45, ['level']=100},
    [17846578] = {['id']=17846578, ['name']="FernfellingCha", ['index']=306, ['level']=100},
    [17846316] = {['id']=17846316, ['name']="FernfellingCha", ['index']=44, ['level']=100},
    [17846439] = {['id']=17846439, ['name']="BelaboringWasp", ['index']=167, ['level']=100},
    [17846440] = {['id']=17846440, ['name']="BelaboringWasp", ['index']=168, ['level']=100},
    [17846441] = {['id']=17846441, ['name']="BelaboringWasp", ['index']=169, ['level']=100},
    [17846444] = {['id']=17846444, ['name']="FluffySheep", ['index']=172, ['level']=100},
    [17846445] = {['id']=17846445, ['name']="FluffySheep", ['index']=173, ['level']=100},
    [17846443] = {['id']=17846443, ['name']="FluffySheep", ['index']=171, ['level']=100},
    [17846450] = {['id']=17846450, ['name']="BelaboringWasp", ['index']=178, ['level']=100},
    [17846451] = {['id']=17846451, ['name']="BelaboringWasp", ['index']=179, ['level']=100},
    [17846452] = {['id']=17846452, ['name']="BelaboringWasp", ['index']=180, ['level']=100},
    [17846453] = {['id']=17846453, ['name']="BelaboringWasp", ['index']=181, ['level']=100},
    [17846454] = {['id']=17846454, ['name']="FluffySheep", ['index']=182, ['level']=100},
    [17846455] = {['id']=17846455, ['name']="UndergrowthHor", ['index']=183, ['level']=100},
    [17846457] = {['id']=17846457, ['name']="FluffySheep", ['index']=185, ['level']=100},
    [17846458] = {['id']=17846458, ['name']="UndergrowthHor", ['index']=186, ['level']=100},
    [17846459] = {['id']=17846459, ['name']="UndergrowthHor", ['index']=187, ['level']=100},
    [17846460] = {['id']=17846460, ['name']="FluffySheep", ['index']=188, ['level']=100},
    [17846461] = {['id']=17846461, ['name']="UndergrowthHor", ['index']=189, ['level']=100},
    [17846464] = {['id']=17846464, ['name']="FluffySheep", ['index']=192, ['level']=100},
    [17846466] = {['id']=17846466, ['name']="UndergrowthHor", ['index']=194, ['level']=100},
    [17846748] = {['id']=17846748, ['name']="SoulPyre", ['index']=476, ['level']=0},
    [17846456] = {['id']=17846456, ['name']="FluffySheep", ['index']=184, ['level']=100},
    [17846463] = {['id']=17846463, ['name']="FluffySheep", ['index']=191, ['level']=100},
    [17846465] = {['id']=17846465, ['name']="UndergrowthHor", ['index']=193, ['level']=100},
