    [17543172] = {['id']=17543172, ['name']="VanguardSkirmi", ['index']=4, ['level']=77},
    [17543173] = {['id']=17543173, ['name']="VanguardPriest", ['index']=5, ['level']=77},
    [17543175] = {['id']=17543175, ['name']="VanguardChante", ['index']=7, ['level']=76},
    [17543178] = {['id']=17543178, ['name']="VanguardVision", ['index']=10, ['level']=76},
    [17543180] = {['id']=17543180, ['name']="VanguardLibera", ['index']=12, ['level']=76},
    [17543181] = {['id']=17543181, ['name']="VanguardSentin", ['index']=13, ['level']=75},
    [17543176] = {['id']=17543176, ['name']="VanguardSentin", ['index']=8, ['level']=76},
    [17543183] = {['id']=17543183, ['name']="VanguardExempl", ['index']=15, ['level']=77},
    [17543186] = {['id']=17543186, ['name']="VanguardOgreso", ['index']=18, ['level']=76},
    [17543187] = {['id']=17543187, ['name']="Vanguard\'sCrow", ['index']=19, ['level']=75},
    [17543189] = {['id']=17543189, ['name']="VanguardAssass", ['index']=21, ['level']=75},
    [17543191] = {['id']=17543191, ['name']="VanguardAssass", ['index']=23, ['level']=75},
    [17543192] = {['id']=17543192, ['name']="VanguardPartis", ['index']=24, ['level']=77},
    [17543195] = {['id']=17543195, ['name']="VanguardSalvag", ['index']=27, ['level']=76},
    [17543198] = {['id']=17543198, ['name']="VanguardSkirmi", ['index']=30, ['level']=75},
    [17543258] = {['id']=17543258, ['name']="AvatarIdol", ['index']=90, ['level']=65},
    [17543199] = {['id']=17543199, ['name']="VanguardPriest", ['index']=31, ['level']=77},
    [17543201] = {['id']=17543201, ['name']="VanguardVision", ['index']=33, ['level']=77},
    [17543202] = {['id']=17543202, ['name']="VanguardLibera", ['index']=34, ['level']=77},
    [17543193] = {['id']=17543193, ['name']="Vanguard\'sWyve", ['index']=25, ['level']=75},
    [17543174] = {['id']=17543174, ['name']="VanguardPrelat", ['index']=6, ['level']=76},
    [17543179] = {['id']=17543179, ['name']="VanguardChante", ['index']=11, ['level']=75},
    [17543261] = {['id']=17543261, ['name']="VanguardSentin", ['index']=93, ['level']=77},
    [17543262] = {['id']=17543262, ['name']="VanguardPriest", ['index']=94, ['level']=77},
    [17543266] = {['id']=17543266, ['name']="VanguardPartis", ['index']=98, ['level']=75},
    [17543264] = {['id']=17543264, ['name']="VanguardVision", ['index']=96, ['level']=77},
    [17543263] = {['id']=17543263, ['name']="VanguardPrelat", ['index']=95, ['level']=77},
    [17543285] = {['id']=17543285, ['name']="VanguardPrelat", ['index']=117, ['level']=75},
    [17543271] = {['id']=17543271, ['name']="VanguardPersec", ['index']=103, ['level']=77},
    [17543273] = {['id']=17543273, ['name']="Vanguard\'sAvat", ['index']=105, ['level']=75},
    [17543270] = {['id']=17543270, ['name']="VanguardSalvag", ['index']=102, ['level']=75},
    [17543272] = {['id']=17543272, ['name']="VanguardOracle", ['index']=104, ['level']=77},
    [17543298] = {['id']=17543298, ['name']="VanguardPrelat", ['index']=130, ['level']=77},
    [17543299] = {['id']=17543299, ['name']="VanguardOracle", ['index']=131, ['level']=76},
    [17543300] = {['id']=17543300, ['name']="Vanguard\'sAvat", ['index']=132, ['level']=75},
    [17543276] = {['id']=17543276, ['name']="VanguardSkirmi", ['index']=108, ['level']=77},
    [17543313] = {['id']=17543313, ['name']="VanguardSkirmi", ['index']=145, ['level']=76},
    [17543277] = {['id']=17543277, ['name']="VanguardChante", ['index']=109, ['level']=75},
    [17543279] = {['id']=17543279, ['name']="VanguardAssass", ['index']=111, ['level']=77},
    [17543288] = {['id']=17543288, ['name']="VanguardIncite", ['index']=120, ['level']=75},
    [17543289] = {['id']=17543289, ['name']="VanguardExempl", ['index']=121, ['level']=77},
    [17543306] = {['id']=17543306, ['name']="AvatarIcon", ['index']=138, ['level']=65},
    [17543312] = {['id']=17543312, ['name']="VanguardSkirmi", ['index']=144, ['level']=77},
    [17543304] = {['id']=17543304, ['name']="VanguardPriest", ['index']=136, ['level']=77},
    [17543302] = {['id']=17543302, ['name']="VanguardChante", ['index']=134, ['level']=77},
    [17543303] = {['id']=17543303, ['name']="VanguardAssass", ['index']=135, ['level']=75},
    [17543239] = {['id']=17543239, ['name']="VanguardOgreso", ['index']=71, ['level']=76},
    [17543267] = {['id']=17543267, ['name']="Vanguard\'sWyve", ['index']=99, ['level']=75},
    [17543280] = {['id']=17543280, ['name']="VanguardPrelat", ['index']=112, ['level']=76},
    [17543292] = {['id']=17543292, ['name']="VanguardVision", ['index']=124, ['level']=76},
    [17543294] = {['id']=17543294, ['name']="HaaPevitheSt", ['index']=126, ['level']=83},
    [17543311] = {['id']=17543311, ['name']="Vanguard\'sCrow", ['index']=143, ['level']=75},
    [17543310] = {['id']=17543310, ['name']="VanguardOgreso", ['index']=142, ['level']=77},
    [17543291] = {['id']=17543291, ['name']="VanguardSentin", ['index']=123, ['level']=75},
    [17543295] = {['id']=17543295, ['name']="Vanguard\'sAvat", ['index']=127, ['level']=83},
    [17543281] = {['id']=17543281, ['name']="VanguardExempl", ['index']=113, ['level']=77},
    [17543297] = {['id']=17543297, ['name']="VanguardIncite", ['index']=129, ['level']=77},
    [17543282] = {['id']=17543282, ['name']="VanguardExempl", ['index']=114, ['level']=77},
    [17543296] = {['id']=17543296, ['name']="VanguardExempl", ['index']=128, ['level']=76},
    [17543203] = {['id']=17543203, ['name']="VanguardOgreso", ['index']=35, ['level']=75},
    [17543204] = {['id']=17543204, ['name']="Vanguard\'sCrow", ['index']=36, ['level']=75},
    [17543308] = {['id']=17543308, ['name']="VanguardExempl", ['index']=140, ['level']=75},
    [17543184] = {['id']=17543184, ['name']="VanguardSalvag", ['index']=16, ['level']=76},
    [17543209] = {['id']=17543209, ['name']="VanguardSalvag", ['index']=41, ['level']=77},
    [17543240] = {['id']=17543240, ['name']="Vanguard\'sCrow", ['index']=72, ['level']=75},
    [17543309] = {['id']=17543309, ['name']="VanguardAssass", ['index']=141, ['level']=76},
    [17543236] = {['id']=17543236, ['name']="Vanguard\'sCrow", ['index']=68, ['level']=75},
    [17543212] = {['id']=17543212, ['name']="VanguardSkirmi", ['index']=44, ['level']=76},
    [17543235] = {['id']=17543235, ['name']="VanguardOgreso", ['index']=67, ['level']=76},
    [17543260] = {['id']=17543260, ['name']="VanguardSkirmi", ['index']=92, ['level']=76},
    [17543234] = {['id']=17543234, ['name']="VanguardIncite", ['index']=66, ['level']=76},
    [17543265] = {['id']=17543265, ['name']="VanguardLibera", ['index']=97, ['level']=75},
