    [17252711] = {['id']=17252711, ['name']="Mandragora", ['index']=359, ['level']=5},
    [17252712] = {['id']=17252712, ['name']="Mandragora", ['index']=360, ['level']=4},
    [17252713] = {['id']=17252713, ['name']="Mandragora", ['index']=361, ['level']=5},
    [17252714] = {['id']=17252714, ['name']="Mandragora", ['index']=362, ['level']=4},
    [17252715] = {['id']=17252715, ['name']="Crawler", ['index']=363, ['level']=6},
    [17252716] = {['id']=17252716, ['name']="Crawler", ['index']=364, ['level']=5},
    [17252718] = {['id']=17252718, ['name']="SavannaRarab", ['index']=366, ['level']=5},
    [17252719] = {['id']=17252719, ['name']="GoblinFisher", ['index']=367, ['level']=5},
    [17252720] = {['id']=17252720, ['name']="GoblinWeaver", ['index']=368, ['level']=6},
    [17253075] = {['id']=17253075, ['name']="FieldManual", ['index']=723, ['level']=0},
    [17252717] = {['id']=17252717, ['name']="SavannaRarab", ['index']=365, ['level']=4},
    [17252700] = {['id']=17252700, ['name']="PugPugil", ['index']=348, ['level']=7},
    [17252729] = {['id']=17252729, ['name']="PugPugil", ['index']=377, ['level']=7},
    [17252688] = {['id']=17252688, ['name']="GoblinFisher", ['index']=336, ['level']=5},
    [17252687] = {['id']=17252687, ['name']="GoblinFisher", ['index']=335, ['level']=5},
    [17252736] = {['id']=17252736, ['name']="CarrionCrow", ['index']=384, ['level']=4},
    [17252684] = {['id']=17252684, ['name']="SavannaRarab", ['index']=332, ['level']=5},
    [17252732] = {['id']=17252732, ['name']="Mandragora", ['index']=380, ['level']=5},
    [17252755] = {['id']=17252755, ['name']="CarrionCrow", ['index']=403, ['level']=4},
    [17252783] = {['id']=17252783, ['name']="GiantBee", ['index']=431, ['level']=7},
    [17252786] = {['id']=17252786, ['name']="SavannaRarab", ['index']=434, ['level']=4},
    [17252789] = {['id']=17252789, ['name']="YagudoAcolyte", ['index']=437, ['level']=5},
    [17252795] = {['id']=17252795, ['name']="Mandragora", ['index']=443, ['level']=5},
    [17252797] = {['id']=17252797, ['name']="GiantBee", ['index']=445, ['level']=7},
    [17252798] = {['id']=17252798, ['name']="GiantBee", ['index']=446, ['level']=8},
    [17252799] = {['id']=17252799, ['name']="Crawler", ['index']=447, ['level']=5},
    [17252800] = {['id']=17252800, ['name']="Crawler", ['index']=448, ['level']=6},
    [17252801] = {['id']=17252801, ['name']="SavannaRarab", ['index']=449, ['level']=4},
    [17252802] = {['id']=17252802, ['name']="SavannaRarab", ['index']=450, ['level']=4},
    [17252804] = {['id']=17252804, ['name']="YagudoAcolyte", ['index']=452, ['level']=5},
    [17252805] = {['id']=17252805, ['name']="YagudoScribe", ['index']=453, ['level']=5},
    [17252796] = {['id']=17252796, ['name']="GiantBee", ['index']=444, ['level']=8},
