    [17850607] = {['id']=17850607, ['name']="VampireLeech", ['index']=239, ['level']=103},
    [17850608] = {['id']=17850608, ['name']="VampireLeech", ['index']=240, ['level']=103},
    [17850609] = {['id']=17850609, ['name']="Phantasmagoric", ['index']=241, ['level']=103},
    [17850610] = {['id']=17850610, ['name']="VampireLeech", ['index']=242, ['level']=102},
    [17850611] = {['id']=17850611, ['name']="VampireLeech", ['index']=243, ['level']=103},
    [17850612] = {['id']=17850612, ['name']="NumbingBlossom", ['index']=244, ['level']=1},
    [17850706] = {['id']=17850706, ['name']="VampireLeech", ['index']=338, ['level']=102},
    [17850618] = {['id']=17850618, ['name']="VampireLeech", ['index']=250, ['level']=103},
    [17850620] = {['id']=17850620, ['name']="VampireLeech", ['index']=252, ['level']=102},
    [17850619] = {['id']=17850619, ['name']="VampireLeech", ['index']=251, ['level']=103},
    [17850707] = {['id']=17850707, ['name']="VampireLeech", ['index']=339, ['level']=103},
    [17850708] = {['id']=17850708, ['name']="GlutinousClot", ['index']=340, ['level']=104},
    [17850645] = {['id']=17850645, ['name']="ScummySlug", ['index']=277, ['level']=103},
    [17850622] = {['id']=17850622, ['name']="Phantasmagoric", ['index']=254, ['level']=104},
    [17850637] = {['id']=17850637, ['name']="VelkkSage", ['index']=269, ['level']=105},
    [17850638] = {['id']=17850638, ['name']="VelkkSage", ['index']=270, ['level']=105},
    [17850648] = {['id']=17850648, ['name']="GlutinousClot", ['index']=280, ['level']=104},
    [17850647] = {['id']=17850647, ['name']="GlutinousClot", ['index']=279, ['level']=103},
    [17850639] = {['id']=17850639, ['name']="GlutinousClot", ['index']=271, ['level']=103},
    [17850640] = {['id']=17850640, ['name']="GlutinousClot", ['index']=272, ['level']=104},
    [17850641] = {['id']=17850641, ['name']="GlutinousClot", ['index']=273, ['level']=102},
    [17850642] = {['id']=17850642, ['name']="GlutinousClot", ['index']=274, ['level']=103},
    [17850643] = {['id']=17850643, ['name']="GlutinousClot", ['index']=275, ['level']=104},
    [17850644] = {['id']=17850644, ['name']="VelkkDestructe", ['index']=276, ['level']=105},
    [17850646] = {['id']=17850646, ['name']="ScummySlug", ['index']=278, ['level']=104},
    [17850649] = {['id']=17850649, ['name']="NumbingBlossom", ['index']=281, ['level']=1},
