    [17035266] = {['id']=17035266, ['name']="VolcanicBomb", ['index']=2, ['level']=76},
    [17035265] = {['id']=17035265, ['name']="VolcanicBomb", ['index']=1, ['level']=76},
    [17035267] = {['id']=17035267, ['name']="VolcanicBomb", ['index']=3, ['level']=76},
    [17035269] = {['id']=17035269, ['name']="QiqirnVolcanis", ['index']=5, ['level']=77},
    [17035268] = {['id']=17035268, ['name']="QiqirnCeramist", ['index']=4, ['level']=78},
    [17035272] = {['id']=17035272, ['name']="VolcanicBomb", ['index']=8, ['level']=76},
    [17035270] = {['id']=17035270, ['name']="VolcanicBomb", ['index']=6, ['level']=76},
    [17035271] = {['id']=17035271, ['name']="VolcanicBomb", ['index']=7, ['level']=76},
    [17035276] = {['id']=17035276, ['name']="QiqirnCeramist", ['index']=12, ['level']=77},
    [17035277] = {['id']=17035277, ['name']="QiqirnCeramist", ['index']=13, ['level']=77},
    [17035278] = {['id']=17035278, ['name']="QiqirnCeramist", ['index']=14, ['level']=77},
    [17035279] = {['id']=17035279, ['name']="QiqirnVolcanis", ['index']=15, ['level']=77},
    [17035280] = {['id']=17035280, ['name']="VolcanicBomb", ['index']=16, ['level']=77},
    [17035281] = {['id']=17035281, ['name']="VolcanicBomb", ['index']=17, ['level']=76},
    [17035273] = {['id']=17035273, ['name']="QiqirnCeramist", ['index']=9, ['level']=78},
    [17035274] = {['id']=17035274, ['name']="QiqirnVolcanis", ['index']=10, ['level']=78},
    [17035275] = {['id']=17035275, ['name']="QiqirnVolcanis", ['index']=11, ['level']=78},
    [17035479] = {['id']=17035479, ['name']="RuneofRelease", ['index']=215, ['level']=0},
    [17035304] = {['id']=17035304, ['name']="CrimsonEruca", ['index']=40, ['level']=81},
    [17035480] = {['id']=17035480, ['name']="Yazuhma", ['index']=216, ['level']=0},
    [17035310] = {['id']=17035310, ['name']="BrokenTrollSo", ['index']=46, ['level']=78},
    [17035312] = {['id']=17035312, ['name']="BrokenTrollSo", ['index']=48, ['level']=76},
    [17035311] = {['id']=17035311, ['name']="BrokenTrollSo", ['index']=47, ['level']=78},
    [17035316] = {['id']=17035316, ['name']="BrokenTrollSo", ['index']=52, ['level']=76},
    [17035324] = {['id']=17035324, ['name']="BrokenTrollSo", ['index']=60, ['level']=78},
    [17035323] = {['id']=17035323, ['name']="BrokenTrollSo", ['index']=59, ['level']=76},
    [17035321] = {['id']=17035321, ['name']="BrokenTrollSo", ['index']=57, ['level']=78},
    [17035322] = {['id']=17035322, ['name']="BrokenTrollSo", ['index']=58, ['level']=77},
    [17035319] = {['id']=17035319, ['name']="BrokenTrollSo", ['index']=55, ['level']=78},
    [17035318] = {['id']=17035318, ['name']="BrokenTrollSo", ['index']=54, ['level']=77},
    [17035320] = {['id']=17035320, ['name']="BrokenTrollSo", ['index']=56, ['level']=76},
    [17035317] = {['id']=17035317, ['name']="BrokenTrollSo", ['index']=53, ['level']=78},
    [17035314] = {['id']=17035314, ['name']="BrokenTrollSo", ['index']=50, ['level']=78},
    [17035313] = {['id']=17035313, ['name']="BrokenTrollSo", ['index']=49, ['level']=78},
    [17035315] = {['id']=17035315, ['name']="BrokenTrollSo", ['index']=51, ['level']=76},
    [17035333] = {['id']=17035333, ['name']="OldTroll", ['index']=69, ['level']=76},
    [17035331] = {['id']=17035331, ['name']="OldTroll", ['index']=67, ['level']=75},
    [17035329] = {['id']=17035329, ['name']="OldTroll", ['index']=65, ['level']=75},
    [17035334] = {['id']=17035334, ['name']="OldTroll", ['index']=70, ['level']=75},
    [17035335] = {['id']=17035335, ['name']="OldTroll", ['index']=71, ['level']=76},
    [17035330] = {['id']=17035330, ['name']="OldTroll", ['index']=66, ['level']=76},
    [17035328] = {['id']=17035328, ['name']="OldTroll", ['index']=64, ['level']=75},
    [17035332] = {['id']=17035332, ['name']="OldTroll", ['index']=68, ['level']=76},
    [17035479] = {['id']=17035479, ['name']="RuneofRelease", ['index']=215, ['level']=0},
    [17035332] = {['id']=17035332, ['name']="OldTroll", ['index']=68, ['level']=75},
    [17035328] = {['id']=17035328, ['name']="OldTroll", ['index']=64, ['level']=76},
    [17035331] = {['id']=17035331, ['name']="OldTroll", ['index']=67, ['level']=76},
    [17035334] = {['id']=17035334, ['name']="OldTroll", ['index']=70, ['level']=75},
    [17035329] = {['id']=17035329, ['name']="OldTroll", ['index']=65, ['level']=76},
    [17035335] = {['id']=17035335, ['name']="OldTroll", ['index']=71, ['level']=76},
    [17035333] = {['id']=17035333, ['name']="OldTroll", ['index']=69, ['level']=76},
    [17035330] = {['id']=17035330, ['name']="OldTroll", ['index']=66, ['level']=76},
    [17035332] = {['id']=17035332, ['name']="OldTroll", ['index']=68, ['level']=75},
    [17035333] = {['id']=17035333, ['name']="OldTroll", ['index']=69, ['level']=75},
    [17035330] = {['id']=17035330, ['name']="OldTroll", ['index']=66, ['level']=75},
    [17035329] = {['id']=17035329, ['name']="OldTroll", ['index']=65, ['level']=76},
    [17035334] = {['id']=17035334, ['name']="OldTroll", ['index']=70, ['level']=75},
    [17035328] = {['id']=17035328, ['name']="OldTroll", ['index']=64, ['level']=76},
    [17035335] = {['id']=17035335, ['name']="OldTroll", ['index']=71, ['level']=76},
    [17035331] = {['id']=17035331, ['name']="OldTroll", ['index']=67, ['level']=76},
    [17035265] = {['id']=17035265, ['name']="VolcanicBomb", ['index']=1, ['level']=52},
    [17035334] = {['id']=17035334, ['name']="OldTroll", ['index']=70, ['level']=76},
    [17035328] = {['id']=17035328, ['name']="OldTroll", ['index']=64, ['level']=76},
    [17035329] = {['id']=17035329, ['name']="OldTroll", ['index']=65, ['level']=75},
    [17035333] = {['id']=17035333, ['name']="OldTroll", ['index']=69, ['level']=75},
    [17035332] = {['id']=17035332, ['name']="OldTroll", ['index']=68, ['level']=75},
    [17035330] = {['id']=17035330, ['name']="OldTroll", ['index']=66, ['level']=75},
    [17035331] = {['id']=17035331, ['name']="OldTroll", ['index']=67, ['level']=76},
    [17035335] = {['id']=17035335, ['name']="OldTroll", ['index']=71, ['level']=75},
