    [17780769] = {['id']=17780769, ['name']="Derrick", ['index']=33, ['level']=0},
    [17780789] = {    [17780792] = {    [17780793] = {['id']=17780793, ['name']="Momiji", ['index']=57, ['level']=0},
    [17780844] = {['id']=17780844, ['name']="Biora", ['index']=108, ['level']=0},
    [17780856] = {['id']=17780856, ['name']="Miladi-Nildi", ['index']=120, ['level']=0},
    [17780860] = {['id']=17780860, ['name']="Promurouve", ['index']=124, ['level']=0},
    [17780770] = {['id']=17780770, ['name']="Kurou-Morou", ['index']=34, ['level']=0},
    [17780879] = {['id']=17780879, ['name']="Zauko", ['index']=143, ['level']=0},
    [17780912] = {['id']=17780912, ['name']="Caruvinda", ['index']=176, ['level']=0},
    [17780928] = {['id']=17780928, ['name']="Rakuru-Rakoru", ['index']=192, ['level']=0},
    [17780773] = {['id']=17780773, ['name']="Sutarara", ['index']=37, ['level']=0},
    [17780742] = {['id']=17780742, ['name']="Ghebi_Damomohe", ['index']=6, ['level']=0},
    [17780775] = {['id']=17780775, ['name']="Danzhor", ['index']=39, ['level']=0},
    [17780959] = {['id']=17780959, ['name']="Darcia", ['index']=223, ['level']=0},
    [17780963] = {['id']=17780963, ['name']="Boisterous_Jackal", ['index']=227, ['level']=0},
    [17780978] = {['id']=17780978, ['name']="PorterMoogle", ['index']=242, ['level']=0},
    [17780981] = {['id']=17780981, ['name']="Domenic", ['index']=245, ['level']=0},
    [17780998] = {['id']=17780998, ['name']="Sweepstox", ['index']=262, ['level']=0},
    [17780777] = {['id']=17780777, ['name']="Shomera", ['index']=41, ['level']=0},
    [17780776] = {['id']=17780776, ['name']="Raji", ['index']=40, ['level']=0},
    [17780845] = {['id']=17780845, ['name']="Subash", ['index']=109, ['level']=0},
    [17780846] = {['id']=17780846, ['name']="Mesukiki", ['index']=110, ['level']=0},
    [17780771] = {['id']=17780771, ['name']="Chululu", ['index']=35, ['level']=0},
    [17780747] = {['id']=17780747, ['name']="Garnev", ['index']=11, ['level']=0},
    [17780774] = {['id']=17780774, ['name']="Joseph", ['index']=38, ['level']=0},
    [17780842] = {['id']=17780842, ['name']="Yoskolo", ['index']=106, ['level']=0},
    [17780768] = {['id']=17780768, ['name']="Ruslan", ['index']=32, ['level']=0},
    [17780764] = {    [17780765] = {    [17780766] = {    [17780788] = {['id']=17780788, ['name']="Venika", ['index']=52, ['level']=0},
    [17780843] = {['id']=17780843, ['name']="TuhAlmobankha", ['index']=107, ['level']=0},
    [17780911] = {    [17780982] = {['id']=17780982, ['name']="Nantoto", ['index']=246, ['level']=0},
    [17780790] = {['id']=17780790, ['name']="Kuah_Dakonsa", ['index']=54, ['level']=0},
    [17780748] = {    [17780749] = {['id']=17780749, ['name']="Harnek", ['index']=13, ['level']=0},
    [17780858] = {['id']=17780858, ['name']="Amalasanda", ['index']=122, ['level']=0},
    [17780857] = {['id']=17780857, ['name']="Akamafula", ['index']=121, ['level']=0},
    [17780924] = {['id']=17780924, ['name']="Faursel", ['index']=188, ['level']=0},
    [17780743] = {['id']=17780743, ['name']="Aldo", ['index']=7, ['level']=0},
    [17780812] = {['id']=17780812, ['name']="Vingijard", ['index']=76, ['level']=0},
    [17780796] = {['id']=17780796, ['name']="Mendi", ['index']=60, ['level']=0},
    [17780779] = {['id']=17780779, ['name']="Amhu_Sabaroleka", ['index']=43, ['level']=0},
    [17780866] = {['id']=17780866, ['name']="Hasim", ['index']=130, ['level']=0},
    [17780778] = {['id']=17780778, ['name']="Crazy_Wolf", ['index']=42, ['level']=0},
    [17780868] = {['id']=17780868, ['name']="Taza", ['index']=132, ['level']=0},
    [17780864] = {['id']=17780864, ['name']="Chetak", ['index']=128, ['level']=0},
    [17780784] = {['id']=17780784, ['name']="Kikilolo", ['index']=48, ['level']=0},
    [17780867] = {['id']=17780867, ['name']="Susu", ['index']=131, ['level']=0},
    [17780865] = {['id']=17780865, ['name']="Chenokih", ['index']=129, ['level']=0},
    [17780794] = {    [17780931] = {    [17780943] = {['id']=17780943, ['name']="Chatnachoq", ['index']=207, ['level']=0},
    [17780946] = {['id']=17780946, ['name']="Goldagrik", ['index']=210, ['level']=0},
    [17780947] = {['id']=17780947, ['name']="Duplidoc", ['index']=211, ['level']=0},
    [17780782] = {['id']=17780782, ['name']="Bogharg", ['index']=46, ['level']=0},
    [17780762] = {['id']=17780762, ['name']="Bluffnix", ['index']=26, ['level']=0},
    [17780780] = {['id']=17780780, ['name']="Jazmin", ['index']=44, ['level']=0},
    [17780841] = {['id']=17780841, ['name']="Stinknix", ['index']=105, ['level']=0},
    [17780861] = {['id']=17780861, ['name']="Adelflete", ['index']=125, ['level']=0},
    [17780859] = {['id']=17780859, ['name']="Creepstix", ['index']=123, ['level']=0},
    [17780783] = {['id']=17780783, ['name']="Odasel", ['index']=47, ['level']=0},
    [17780781] = {['id']=17780781, ['name']="Tawfeeq", ['index']=45, ['level']=0},
    [17780863] = {['id']=17780863, ['name']="Matoaka", ['index']=127, ['level']=0},
    [17780862] = {['id']=17780862, ['name']="Morefie", ['index']=126, ['level']=0},
    [17780958] = {['id']=17780958, ['name']="ChimhDlesbah", ['index']=222, ['level']=0},
    [17780750] = {['id']=17780750, ['name']="Sattal-Mansal", ['index']=14, ['level']=0},
    [17780795] = {['id']=17780795, ['name']="Vola", ['index']=59, ['level']=0},
    [17780941] = {['id']=17780941, ['name']="Liki_Steligho", ['index']=205, ['level']=0},
    [17780821] = {['id']=17780821, ['name']="Geuhbe", ['index']=85, ['level']=0},
    [17780785] = {    [17780787] = {['id']=17780787, ['name']="Omer", ['index']=51, ['level']=0},
    [17780802] = {['id']=17780802, ['name']="Yatniel", ['index']=66, ['level']=0},
    [17780807] = {['id']=17780807, ['name']="Sniggnix", ['index']=71, ['level']=0},
    [17780757] = {['id']=17780757, ['name']="Naruru", ['index']=21, ['level']=0},
    [17780758] = {['id']=17780758, ['name']="Panta-Putta", ['index']=22, ['level']=0},
    [17780756] = {['id']=17780756, ['name']="Teigero-Bangero", ['index']=20, ['level']=0},
    [17780798] = {['id']=17780798, ['name']="Guttrix", ['index']=62, ['level']=0},
    [17780761] = {['id']=17780761, ['name']="Muckvix", ['index']=25, ['level']=0},
    [17780760] = {['id']=17780760, ['name']="Pawkrix", ['index']=24, ['level']=0},
    [17780753] = {['id']=17780753, ['name']="Chocobo", ['index']=17, ['level']=0},
    [17780755] = {['id']=17780755, ['name']="Seyaya", ['index']=19, ['level']=0},
    [17780754] = {['id']=17780754, ['name']="Tovrutaux", ['index']=18, ['level']=0},
    [17780786] = {['id']=17780786, ['name']="Gurdern", ['index']=50, ['level']=0},
    [17781000] = {['id']=17781000, ['name']="Greyson", ['index']=264, ['level']=0},
    [17780853] = {['id']=17780853, ['name']="Shashan-Mishan", ['index']=117, ['level']=0},
    [17780878] = {['id']=17780878, ['name']="Alrauverat", ['index']=142, ['level']=0},
    [17780980] = {['id']=17780980, ['name']="Voidwatch_Purveyor", ['index']=244, ['level']=0},
    [17780791] = {['id']=17780791, ['name']="Yamilla", ['index']=55, ['level']=0},
    [17780869] = {['id']=17780869, ['name']="Rhimonne", ['index']=133, ['level']=0},
    [17780851] = {['id']=17780851, ['name']="Chocobo", ['index']=115, ['level']=0},
    [17780852] = {['id']=17780852, ['name']="Chocobo", ['index']=116, ['level']=0},
    [17780870] = {['id']=17780870, ['name']="Audee", ['index']=134, ['level']=0},
    [17780871] = {['id']=17780871, ['name']="Fephita", ['index']=135, ['level']=0},
    [17780944] = {['id']=17780944, ['name']="MazeMongersSh", ['index']=208, ['level']=0},
    [17780789] = {    [17780792] = {    [17780793] = {['id']=17780793, ['name']="Momiji", ['index']=57, ['level']=0},
    [17780844] = {['id']=17780844, ['name']="Biora", ['index']=108, ['level']=0},
    [17780856] = {['id']=17780856, ['name']="Miladi-Nildi", ['index']=120, ['level']=0},
    [17780860] = {['id']=17780860, ['name']="Promurouve", ['index']=124, ['level']=0},
    [17780769] = {['id']=17780769, ['name']="Derrick", ['index']=33, ['level']=0},
    [17780879] = {['id']=17780879, ['name']="Zauko", ['index']=143, ['level']=0},
    [17780912] = {['id']=17780912, ['name']="Caruvinda", ['index']=176, ['level']=0},
    [17780770] = {['id']=17780770, ['name']="Kurou-Morou", ['index']=34, ['level']=0},
    [17780742] = {['id']=17780742, ['name']="Ghebi_Damomohe", ['index']=6, ['level']=0},
    [17780773] = {['id']=17780773, ['name']="Sutarara", ['index']=37, ['level']=0},
    [17780928] = {['id']=17780928, ['name']="Rakuru-Rakoru", ['index']=192, ['level']=0},
    [17780775] = {['id']=17780775, ['name']="Danzhor", ['index']=39, ['level']=0},
    [17780959] = {['id']=17780959, ['name']="Darcia", ['index']=223, ['level']=0},
    [17780963] = {['id']=17780963, ['name']="Boisterous_Jackal", ['index']=227, ['level']=0},
    [17780978] = {['id']=17780978, ['name']="PorterMoogle", ['index']=242, ['level']=0},
    [17780981] = {['id']=17780981, ['name']="Domenic", ['index']=245, ['level']=0},
    [17780998] = {['id']=17780998, ['name']="Sweepstox", ['index']=262, ['level']=0},
    [17780776] = {['id']=17780776, ['name']="Raji", ['index']=40, ['level']=0},
    [17780777] = {['id']=17780777, ['name']="Shomera", ['index']=41, ['level']=0},
    [17780845] = {['id']=17780845, ['name']="Subash", ['index']=109, ['level']=0},
    [17780846] = {['id']=17780846, ['name']="Mesukiki", ['index']=110, ['level']=0},
    [17780771] = {['id']=17780771, ['name']="Chululu", ['index']=35, ['level']=0},
    [17780747] = {['id']=17780747, ['name']="Garnev", ['index']=11, ['level']=0},
    [17780774] = {['id']=17780774, ['name']="Joseph", ['index']=38, ['level']=0},
    [17780842] = {['id']=17780842, ['name']="Yoskolo", ['index']=106, ['level']=0},
    [17780768] = {['id']=17780768, ['name']="Ruslan", ['index']=32, ['level']=0},
    [17780764] = {['id']=17780764, ['name']="Mertaire", ['index']=28, ['level']=0},
    [17780765] = {['id']=17780765, ['name']="Mataligeat", ['index']=29, ['level']=0},
    [17780766] = {['id']=17780766, ['name']="Bki_Tbujhja", ['index']=30, ['level']=0},
    [17780982] = {['id']=17780982, ['name']="Nantoto", ['index']=246, ['level']=0},
    [17780843] = {['id']=17780843, ['name']="TuhAlmobankha", ['index']=107, ['level']=0},
    [17780788] = {['id']=17780788, ['name']="Venika", ['index']=52, ['level']=0},
    [17780911] = {['id']=17780911, ['name']="Parike-Poranke", ['index']=175, ['level']=0},
    [17780790] = {    [17780796] = {    [17780812] = {['id']=17780812, ['name']="Vingijard", ['index']=76, ['level']=0},
    [17780779] = {['id']=17780779, ['name']="Amhu_Sabaroleka", ['index']=43, ['level']=0},
    [17780866] = {['id']=17780866, ['name']="Hasim", ['index']=130, ['level']=0},
    [17780784] = {['id']=17780784, ['name']="Kikilolo", ['index']=48, ['level']=0},
    [17780868] = {['id']=17780868, ['name']="Taza", ['index']=132, ['level']=0},
    [17780867] = {['id']=17780867, ['name']="Susu", ['index']=131, ['level']=0},
    [17780864] = {['id']=17780864, ['name']="Chetak", ['index']=128, ['level']=0},
    [17780778] = {['id']=17780778, ['name']="Crazy_Wolf", ['index']=42, ['level']=0},
    [17780865] = {['id']=17780865, ['name']="Chenokih", ['index']=129, ['level']=0},
    [17780794] = {['id']=17780794, ['name']="Navisse", ['index']=58, ['level']=0},
    [17780762] = {['id']=17780762, ['name']="Bluffnix", ['index']=26, ['level']=0},
    [17780782] = {['id']=17780782, ['name']="Bogharg", ['index']=46, ['level']=0},
    [17780943] = {['id']=17780943, ['name']="Chatnachoq", ['index']=207, ['level']=0},
    [17780947] = {['id']=17780947, ['name']="Duplidoc", ['index']=211, ['level']=0},
    [17780946] = {['id']=17780946, ['name']="Goldagrik", ['index']=210, ['level']=0},
    [17780783] = {['id']=17780783, ['name']="Odasel", ['index']=47, ['level']=0},
