    [17530882] = {['id']=17530882, ['name']="GiantGatekeepe", ['index']=2, ['level']=30},
    [17530898] = {['id']=17530898, ['name']="GiantSentry", ['index']=18, ['level']=29},
    [17530903] = {['id']=17530903, ['name']="GiantSentry", ['index']=23, ['level']=30},
    [17530904] = {['id']=17530904, ['name']="Gigas\'sBat", ['index']=24, ['level']=22},
    [17531232] = {['id']=17531232, ['name']="GroundsTome", ['index']=352, ['level']=0},
    [17531238] = {['id']=17531238, ['name']="SurvivalGuide", ['index']=358, ['level']=0},
    [17530894] = {['id']=17530894, ['name']="AncientBat", ['index']=14, ['level']=29},
    [17530907] = {['id']=17530907, ['name']="SeekerBats", ['index']=27, ['level']=25},
    [17530917] = {['id']=17530917, ['name']="GoblinLeecher", ['index']=37, ['level']=29},
    [17530913] = {['id']=17530913, ['name']="GoblinMugger", ['index']=33, ['level']=27},
    [17530916] = {['id']=17530916, ['name']="GoblinMugger", ['index']=36, ['level']=29},
    [17530924] = {['id']=17530924, ['name']="GoblinGambler", ['index']=44, ['level']=28},
    [17530922] = {['id']=17530922, ['name']="GoblinMugger", ['index']=42, ['level']=30},
    [17530920] = {['id']=17530920, ['name']="GoblinLeecher", ['index']=40, ['level']=30},
    [17530926] = {['id']=17530926, ['name']="SeekerBats", ['index']=46, ['level']=26},
    [17530928] = {['id']=17530928, ['name']="AncientBat", ['index']=48, ['level']=28},
    [17530925] = {['id']=17530925, ['name']="SeekerBats", ['index']=45, ['level']=27},
    [17530930] = {['id']=17530930, ['name']="ChaosIdol", ['index']=50, ['level']=30},
    [17530931] = {['id']=17530931, ['name']="ChaosIdol", ['index']=51, ['level']=29},
    [17530929] = {['id']=17530929, ['name']="ChaosIdol", ['index']=49, ['level']=29},
    [17530932] = {['id']=17530932, ['name']="Tyrant", ['index']=52, ['level']=42},
    [17530914] = {['id']=17530914, ['name']="GoblinLeecher", ['index']=34, ['level']=30},
    [17530915] = {['id']=17530915, ['name']="GoblinGambler", ['index']=35, ['level']=28},
    [17530918] = {['id']=17530918, ['name']="GoblinGambler", ['index']=38, ['level']=27},
    [17530943] = {['id']=17530943, ['name']="SeekerBats", ['index']=63, ['level']=26},
    [17530944] = {['id']=17530944, ['name']="SeekerBats", ['index']=64, ['level']=26},
    [17530936] = {['id']=17530936, ['name']="Gigas\'sBat", ['index']=56, ['level']=21},
    [17530935] = {['id']=17530935, ['name']="GiantSentry", ['index']=55, ['level']=28},
    [17530934] = {['id']=17530934, ['name']="GiantGuard", ['index']=54, ['level']=28},
    [17530945] = {['id']=17530945, ['name']="AncientBat", ['index']=65, ['level']=27},
    [17530941] = {['id']=17530941, ['name']="Gigas\'sBat", ['index']=61, ['level']=23},
    [17530940] = {['id']=17530940, ['name']="GiantSentry", ['index']=60, ['level']=30},
    [17530948] = {['id']=17530948, ['name']="AncientBat", ['index']=68, ['level']=29},
    [17530947] = {['id']=17530947, ['name']="SeekerBats", ['index']=67, ['level']=27},
    [17530949] = {['id']=17530949, ['name']="AncientBat", ['index']=69, ['level']=29},
    [17530956] = {['id']=17530956, ['name']="GiantGuard", ['index']=76, ['level']=29},
    [17530961] = {['id']=17530961, ['name']="SeekerBats", ['index']=81, ['level']=25},
    [17530962] = {['id']=17530962, ['name']="AncientBat", ['index']=82, ['level']=28},
    [17530950] = {['id']=17530950, ['name']="GiantGatekeepe", ['index']=70, ['level']=30},
    [17530954] = {['id']=17530954, ['name']="GiantLobber", ['index']=74, ['level']=29},
    [17530960] = {['id']=17530960, ['name']="SeekerBats", ['index']=80, ['level']=27},
