    [17043528] = {['id']=17043528, ['name']="MamoolJaZenis", ['index']=72, ['level']=73},
    [17044058] = {['id']=17044058, ['name']="SurvivalGuide", ['index']=602, ['level']=0},
    [17043544] = {['id']=17043544, ['name']="MamoolJaSophi", ['index']=88, ['level']=75},
    [17043543] = {['id']=17043543, ['name']="MamoolJaSavan", ['index']=87, ['level']=74},
    [17043531] = {['id']=17043531, ['name']="Puk", ['index']=75, ['level']=72},
    [17043529] = {['id']=17043529, ['name']="HuntingRaptor", ['index']=73, ['level']=73},
    [17043530] = {['id']=17043530, ['name']="HuntingRaptor", ['index']=74, ['level']=73},
    [17043862] = {['id']=17043862, ['name']="MamoolJaTreas", ['index']=406, ['level']=81},
    [17043861] = {['id']=17043861, ['name']="MamoolJaConse", ['index']=405, ['level']=81},
    [17043539] = {['id']=17043539, ['name']="MamoolJaMimic", ['index']=83, ['level']=74},
    [17043541] = {['id']=17043541, ['name']="MamoolJaStrap", ['index']=85, ['level']=74},
    [17043542] = {['id']=17043542, ['name']="MamoolJa\'sLiz", ['index']=86, ['level']=66},
    [17043533] = {['id']=17043533, ['name']="HuntingRaptor", ['index']=77, ['level']=74},
    [17043534] = {['id']=17043534, ['name']="HuntingRaptor", ['index']=78, ['level']=73},
    [17043535] = {['id']=17043535, ['name']="HuntingRaptor", ['index']=79, ['level']=74},
    [17043540] = {['id']=17043540, ['name']="Colibri", ['index']=84, ['level']=71},
    [17043556] = {['id']=17043556, ['name']="Puk", ['index']=100, ['level']=71},
    [17043557] = {['id']=17043557, ['name']="Ziz", ['index']=101, ['level']=77},
    [17043584] = {['id']=17043584, ['name']="MamoolJaSavan", ['index']=128, ['level']=75},
    [17043583] = {['id']=17043583, ['name']="MamoolJaMimic", ['index']=127, ['level']=75},
    [17043555] = {['id']=17043555, ['name']="Ziz", ['index']=99, ['level']=77},
    [17043558] = {['id']=17043558, ['name']="Ziz", ['index']=102, ['level']=77},
    [17043559] = {['id']=17043559, ['name']="Puk", ['index']=103, ['level']=72},
    [17043567] = {['id']=17043567, ['name']="SuhurMas", ['index']=111, ['level']=70},
    [17043565] = {['id']=17043565, ['name']="SuhurMas", ['index']=109, ['level']=71},
    [17043585] = {['id']=17043585, ['name']="MamoolJaZenis", ['index']=129, ['level']=73},
    [17043586] = {['id']=17043586, ['name']="MamoolJaBound", ['index']=130, ['level']=74},
    [17043562] = {['id']=17043562, ['name']="Ziz", ['index']=106, ['level']=77},
    [17043566] = {['id']=17043566, ['name']="SuhurMas", ['index']=110, ['level']=70},
    [17043560] = {['id']=17043560, ['name']="Ziz", ['index']=104, ['level']=76},
    [17043571] = {['id']=17043571, ['name']="MamoolJaSpear", ['index']=115, ['level']=73},
    [17043569] = {['id']=17043569, ['name']="Colibri", ['index']=113, ['level']=70},
    [17043572] = {['id']=17043572, ['name']="MamoolJa\'sWyv", ['index']=116, ['level']=67},
    [17043568] = {['id']=17043568, ['name']="Colibri", ['index']=112, ['level']=70},
    [17043554] = {['id']=17043554, ['name']="ZizzyZillah", ['index']=98, ['level']=83},
    [17043561] = {['id']=17043561, ['name']="Ziz", ['index']=105, ['level']=77},
    [17043552] = {['id']=17043552, ['name']="Ziz", ['index']=96, ['level']=77},
    [17043563] = {['id']=17043563, ['name']="Ziz", ['index']=107, ['level']=76},
    [17043570] = {['id']=17043570, ['name']="Colibri", ['index']=114, ['level']=71},
    [17043576] = {['id']=17043576, ['name']="MamoolJaMimic", ['index']=120, ['level']=75},
    [17043578] = {['id']=17043578, ['name']="MamoolJaSavan", ['index']=122, ['level']=74},
    [17043577] = {['id']=17043577, ['name']="MamoolJaZenis", ['index']=121, ['level']=73},
    [17043564] = {['id']=17043564, ['name']="Ziz", ['index']=108, ['level']=77},
    [17043712] = {['id']=17043712, ['name']="MamoolJaLurke", ['index']=256, ['level']=82},
    [17043713] = {['id']=17043713, ['name']="Spinner", ['index']=257, ['level']=79},
    [17043579] = {['id']=17043579, ['name']="MamoolJaSophi", ['index']=123, ['level']=75},
    [17043580] = {['id']=17043580, ['name']="MamoolJaBound", ['index']=124, ['level']=74},
    [17043711] = {['id']=17043711, ['name']="Spinner", ['index']=255, ['level']=81},
    [17043710] = {['id']=17043710, ['name']="Spinner", ['index']=254, ['level']=81},
    [17043706] = {['id']=17043706, ['name']="Spinner", ['index']=250, ['level']=79},
    [17043707] = {['id']=17043707, ['name']="Spinner", ['index']=251, ['level']=81},
    [17043705] = {['id']=17043705, ['name']="Spinner", ['index']=249, ['level']=79},
    [17043703] = {['id']=17043703, ['name']="Spinner", ['index']=247, ['level']=81},
    [17043704] = {['id']=17043704, ['name']="Spinner", ['index']=248, ['level']=80},
    [17043708] = {['id']=17043708, ['name']="Spinner", ['index']=252, ['level']=80},
    [17043709] = {['id']=17043709, ['name']="Spinner", ['index']=253, ['level']=79},
    [17043702] = {['id']=17043702, ['name']="Spinner", ['index']=246, ['level']=81},
    [17043700] = {['id']=17043700, ['name']="Spinner", ['index']=244, ['level']=79},
    [17043699] = {['id']=17043699, ['name']="Spinner", ['index']=243, ['level']=80},
    [17043701] = {['id']=17043701, ['name']="Spinner", ['index']=245, ['level']=79},
