    [17047557] = {['id']=17047557, ['name']="MamoolJaWarde", ['index']=5, ['level']=76},
    [17047556] = {['id']=17047556, ['name']="MamoolJaWarde", ['index']=4, ['level']=78},
    [17047554] = {['id']=17047554, ['name']="MamoolJaWarde", ['index']=2, ['level']=75},
    [17047555] = {['id']=17047555, ['name']="MamoolJa\'sLiz", ['index']=3, ['level']=70},
    [17047558] = {['id']=17047558, ['name']="MamoolJa\'sLiz", ['index']=6, ['level']=71},
    [17047553] = {['id']=17047553, ['name']="MamoolJaWarde", ['index']=1, ['level']=78},
    [17047564] = {['id']=17047564, ['name']="MamoolJaWarde", ['index']=12, ['level']=78},
    [17047562] = {['id']=17047562, ['name']="MamoolJa\'sLiz", ['index']=10, ['level']=72},
    [17047561] = {['id']=17047561, ['name']="MamoolJaWarde", ['index']=9, ['level']=76},
    [17047565] = {['id']=17047565, ['name']="MamoolJaWarde", ['index']=13, ['level']=78},
    [17047563] = {['id']=17047563, ['name']="MamoolJaWarde", ['index']=11, ['level']=78},
    [17047566] = {['id']=17047566, ['name']="MamoolJaWarde", ['index']=14, ['level']=77},
    [17047809] = {['id']=17047809, ['name']="RuneofRelease", ['index']=257, ['level']=0},
    [17047589] = {['id']=17047589, ['name']="MamoolJaExecu", ['index']=37, ['level']=76},
    [17047572] = {['id']=17047572, ['name']="PukExecutioner", ['index']=20, ['level']=74},
    [17047576] = {['id']=17047576, ['name']="PukExecutioner", ['index']=24, ['level']=74},
    [17047577] = {['id']=17047577, ['name']="MamoolJaExecu", ['index']=25, ['level']=77},
    [17047588] = {['id']=17047588, ['name']="MamoolJaExecu", ['index']=36, ['level']=76},
    [17047581] = {['id']=17047581, ['name']="MamoolJaExecu", ['index']=29, ['level']=77},
    [17047580] = {['id']=17047580, ['name']="MamoolJaExecu", ['index']=28, ['level']=76},
    [17047579] = {['id']=17047579, ['name']="PukExecutioner", ['index']=27, ['level']=74},
    [17047584] = {['id']=17047584, ['name']="MamoolJaExecu", ['index']=32, ['level']=77},
    [17047585] = {['id']=17047585, ['name']="MamoolJaExecu", ['index']=33, ['level']=76},
    [17047578] = {['id']=17047578, ['name']="PukExecutioner", ['index']=26, ['level']=74},
    [17047583] = {['id']=17047583, ['name']="MamoolJaExecu", ['index']=31, ['level']=77},
    [17047582] = {['id']=17047582, ['name']="PukExecutioner", ['index']=30, ['level']=74},
    [17047586] = {['id']=17047586, ['name']="MamoolJaExecu", ['index']=34, ['level']=76},
    [17047571] = {['id']=17047571, ['name']="MamoolJaExecu", ['index']=19, ['level']=77},
    [17047570] = {['id']=17047570, ['name']="PukExecutioner", ['index']=18, ['level']=75},
    [17047575] = {['id']=17047575, ['name']="MamoolJaExecu", ['index']=23, ['level']=76},
    [17047574] = {['id']=17047574, ['name']="MamoolJaExecu", ['index']=22, ['level']=76},
    [17047587] = {['id']=17047587, ['name']="MamoolJaExecu", ['index']=35, ['level']=76},
    [17047573] = {['id']=17047573, ['name']="PukExecutioner", ['index']=21, ['level']=75},
    [17047809] = {['id']=17047809, ['name']="RuneofRelease", ['index']=257, ['level']=0},
    [17047591] = {['id']=17047591, ['name']="MamoolJaTrain", ['index']=39, ['level']=77},
    [17047592] = {['id']=17047592, ['name']="MamoolJaTrain", ['index']=40, ['level']=78},
    [17047605] = {['id']=17047605, ['name']="MamoolJaTrain", ['index']=53, ['level']=76},
    [17047593] = {['id']=17047593, ['name']="MamoolJa\'sLiz", ['index']=41, ['level']=71},
    [17047608] = {['id']=17047608, ['name']="MamoolJaTrain", ['index']=56, ['level']=77},
    [17047609] = {['id']=17047609, ['name']="MamoolJa\'sLiz", ['index']=57, ['level']=72},
    [17047604] = {['id']=17047604, ['name']="MamoolJa\'sLiz", ['index']=52, ['level']=71},
    [17047602] = {['id']=17047602, ['name']="MamoolJaTrain", ['index']=50, ['level']=77},
    [17047603] = {['id']=17047603, ['name']="MamoolJaTrain", ['index']=51, ['level']=78},
    [17047590] = {['id']=17047590, ['name']="SagelordMolaal", ['index']=38, ['level']=80},
    [17047600] = {['id']=17047600, ['name']="MamoolJaTrain", ['index']=48, ['level']=76},
    [17047595] = {['id']=17047595, ['name']="MamoolJaTrain", ['index']=43, ['level']=77},
    [17047596] = {['id']=17047596, ['name']="MamoolJa\'sLiz", ['index']=44, ['level']=72},
    [17047594] = {['id']=17047594, ['name']="MamoolJaTrain", ['index']=42, ['level']=78},
    [17047601] = {['id']=17047601, ['name']="MamoolJaTrain", ['index']=49, ['level']=78},
    [17047606] = {['id']=17047606, ['name']="MamoolJaTrain", ['index']=54, ['level']=76},
    [17047607] = {['id']=17047607, ['name']="MamoolJa\'sLiz", ['index']=55, ['level']=72},
    [17047809] = {['id']=17047809, ['name']="RuneofRelease", ['index']=257, ['level']=0},
    [17047605] = {['id']=17047605, ['name']="MamoolJaTrain", ['index']=53, ['level']=77},
    [17047591] = {['id']=17047591, ['name']="MamoolJaTrain", ['index']=39, ['level']=77},
    [17047592] = {['id']=17047592, ['name']="MamoolJaTrain", ['index']=40, ['level']=78},
    [17047593] = {['id']=17047593, ['name']="MamoolJa\'sLiz", ['index']=41, ['level']=71},
    [17047603] = {['id']=17047603, ['name']="MamoolJaTrain", ['index']=51, ['level']=77},
    [17047604] = {['id']=17047604, ['name']="MamoolJa\'sLiz", ['index']=52, ['level']=72},
    [17047602] = {['id']=17047602, ['name']="MamoolJaTrain", ['index']=50, ['level']=77},
    [17047598] = {['id']=17047598, ['name']="MamoolJaTrain", ['index']=46, ['level']=77},
    [17047590] = {['id']=17047590, ['name']="SagelordMolaal", ['index']=38, ['level']=80},
    [17047599] = {['id']=17047599, ['name']="MamoolJaTrain", ['index']=47, ['level']=78},
    [17047597] = {['id']=17047597, ['name']="MamoolJaTrain", ['index']=45, ['level']=78},
    [17047600] = {['id']=17047600, ['name']="MamoolJaTrain", ['index']=48, ['level']=78},
    [17047601] = {['id']=17047601, ['name']="MamoolJaTrain", ['index']=49, ['level']=76},
    [17047606] = {['id']=17047606, ['name']="MamoolJaTrain", ['index']=54, ['level']=77},
    [17047607] = {['id']=17047607, ['name']="MamoolJa\'sLiz", ['index']=55, ['level']=72},
    [17047595] = {['id']=17047595, ['name']="MamoolJaTrain", ['index']=43, ['level']=78},
    [17047594] = {['id']=17047594, ['name']="MamoolJaTrain", ['index']=42, ['level']=76},
    [17047596] = {['id']=17047596, ['name']="MamoolJa\'sLiz", ['index']=44, ['level']=72},
    [17047608] = {['id']=17047608, ['name']="MamoolJaTrain", ['index']=56, ['level']=76},
    [17047609] = {['id']=17047609, ['name']="MamoolJa\'sLiz", ['index']=57, ['level']=72},
    [17047632] = {['id']=17047632, ['name']="QiqirnSpy", ['index']=80, ['level']=1},
    [17047633] = {['id']=17047633, ['name']="QiqirnSpy", ['index']=81, ['level']=1},
    [17047634] = {['id']=17047634, ['name']="QiqirnSpy", ['index']=82, ['level']=1},
    [17047635] = {['id']=17047635, ['name']="QiqirnSpy", ['index']=83, ['level']=1},
    [17047640] = {['id']=17047640, ['name']="QiqirnSpy", ['index']=88, ['level']=1},
    [17047656] = {['id']=17047656, ['name']="Puk", ['index']=104, ['level']=69},
    [17047657] = {['id']=17047657, ['name']="Puk", ['index']=105, ['level']=69},
    [17047642] = {['id']=17047642, ['name']="QiqirnSpy", ['index']=90, ['level']=1},
    [17047659] = {['id']=17047659, ['name']="Puk", ['index']=107, ['level']=69},
    [17047658] = {['id']=17047658, ['name']="Puk", ['index']=106, ['level']=70},
    [17047660] = {['id']=17047660, ['name']="Puk", ['index']=108, ['level']=70},
    [17047638] = {['id']=17047638, ['name']="QiqirnSpy", ['index']=86, ['level']=1},
    [17047641] = {['id']=17047641, ['name']="QiqirnSpy", ['index']=89, ['level']=1},
    [17047636] = {['id']=17047636, ['name']="QiqirnSpy", ['index']=84, ['level']=1},
    [17047639] = {['id']=17047639, ['name']="QiqirnSpy", ['index']=87, ['level']=1},
    [17047637] = {['id']=17047637, ['name']="QiqirnSpy", ['index']=85, ['level']=1},
    [17047649] = {['id']=17047649, ['name']="QiqirnSpy", ['index']=97, ['level']=1},
    [17047650] = {['id']=17047650, ['name']="QiqirnSpy", ['index']=98, ['level']=1},
    [17047643] = {['id']=17047643, ['name']="QiqirnSpy", ['index']=91, ['level']=1},
    [17047644] = {['id']=17047644, ['name']="QiqirnSpy", ['index']=92, ['level']=1},
    [17047661] = {['id']=17047661, ['name']="Puk", ['index']=109, ['level']=70},
    [17047645] = {['id']=17047645, ['name']="QiqirnSpy", ['index']=93, ['level']=1},
    [17047646] = {['id']=17047646, ['name']="QiqirnSpy", ['index']=94, ['level']=1},
    [17047662] = {['id']=17047662, ['name']="Puk", ['index']=110, ['level']=69},
    [17047651] = {['id']=17047651, ['name']="QiqirnSpy", ['index']=99, ['level']=1},
    [17047653] = {['id']=17047653, ['name']="QiqirnSpy", ['index']=101, ['level']=1},
    [17047652] = {['id']=17047652, ['name']="QiqirnSpy", ['index']=100, ['level']=1},
    [17047655] = {['id']=17047655, ['name']="Puk", ['index']=103, ['level']=70},
    [17047630] = {['id']=17047630, ['name']="QiqirnSpy", ['index']=78, ['level']=1},
    [17047628] = {['id']=17047628, ['name']="QiqirnSpy", ['index']=76, ['level']=1},
    [17047629] = {['id']=17047629, ['name']="QiqirnSpy", ['index']=77, ['level']=1},
    [17047654] = {['id']=17047654, ['name']="Puk", ['index']=102, ['level']=69},
    [17047631] = {['id']=17047631, ['name']="QiqirnSpy", ['index']=79, ['level']=1},
    [17047647] = {['id']=17047647, ['name']="QiqirnSpy", ['index']=95, ['level']=1},
    [17047648] = {['id']=17047648, ['name']="QiqirnSpy", ['index']=96, ['level']=1},
    [17047809] = {['id']=17047809, ['name']="RuneofRelease", ['index']=257, ['level']=0},
    [17047597] = {['id']=17047597, ['name']="MamoolJaTrain", ['index']=45, ['level']=76},
    [17047599] = {['id']=17047599, ['name']="MamoolJaTrain", ['index']=47, ['level']=76},
    [17047598] = {['id']=17047598, ['name']="MamoolJaTrain", ['index']=46, ['level']=76},
    [17047809] = {['id']=17047809, ['name']="RuneofRelease", ['index']=257, ['level']=0},
    [17047821] = {['id']=17047821, ['name']="Quhaaja", ['index']=269, ['level']=0},
    [17047613] = {['id']=17047613, ['name']="MamoolJaRecru", ['index']=61, ['level']=70},
    [17047614] = {['id']=17047614, ['name']="MamoolJaRecru", ['index']=62, ['level']=70},
    [17047616] = {['id']=17047616, ['name']="MamoolJaTrain", ['index']=64, ['level']=78},
    [17047627] = {['id']=17047627, ['name']="MamoolJaTrain", ['index']=75, ['level']=78},
    [17047615] = {['id']=17047615, ['name']="MamoolJaTrain", ['index']=63, ['level']=78},
    [17047622] = {['id']=17047622, ['name']="MamoolJaTrain", ['index']=70, ['level']=77},
    [17047617] = {['id']=17047617, ['name']="MamoolJaTrain", ['index']=65, ['level']=77},
    [17047621] = {['id']=17047621, ['name']="MamoolJaRecru", ['index']=69, ['level']=71},
    [17047625] = {['id']=17047625, ['name']="MamoolJaTrain", ['index']=73, ['level']=77},
    [17047626] = {['id']=17047626, ['name']="MamoolJaTrain", ['index']=74, ['level']=77},
    [17047619] = {['id']=17047619, ['name']="MamoolJaRecru", ['index']=67, ['level']=70},
    [17047620] = {['id']=17047620, ['name']="MamoolJaTrain", ['index']=68, ['level']=78},
    [17047618] = {['id']=17047618, ['name']="MamoolJaRecru", ['index']=66, ['level']=71},
    [17047623] = {['id']=17047623, ['name']="MamoolJaTrain", ['index']=71, ['level']=77},
    [17047611] = {['id']=17047611, ['name']="MamoolJaRecru", ['index']=59, ['level']=70},
    [17047610] = {['id']=17047610, ['name']="MamoolJaRecru", ['index']=58, ['level']=70},
    [17047612] = {['id']=17047612, ['name']="MamoolJaTrain", ['index']=60, ['level']=77},
    [17047624] = {['id']=17047624, ['name']="MamoolJaTrain", ['index']=72, ['level']=78},
    [17047821] = {['id']=17047821, ['name']="Quhaaja", ['index']=269, ['level']=0},
    [17047617] = {['id']=17047617, ['name']="MamoolJaTrain", ['index']=65, ['level']=78},
    [17047615] = {['id']=17047615, ['name']="MamoolJaTrain", ['index']=63, ['level']=78},
    [17047613] = {['id']=17047613, ['name']="MamoolJaRecru", ['index']=61, ['level']=71},
    [17047614] = {['id']=17047614, ['name']="MamoolJaRecru", ['index']=62, ['level']=71},
    [17047616] = {['id']=17047616, ['name']="MamoolJaTrain", ['index']=64, ['level']=78},
    [17047624] = {['id']=17047624, ['name']="MamoolJaTrain", ['index']=72, ['level']=78},
    [17047611] = {['id']=17047611, ['name']="MamoolJaRecru", ['index']=59, ['level']=70},
    [17047612] = {['id']=17047612, ['name']="MamoolJaTrain", ['index']=60, ['level']=78},
    [17047610] = {['id']=17047610, ['name']="MamoolJaRecru", ['index']=58, ['level']=71},
    [17047622] = {['id']=17047622, ['name']="MamoolJaTrain", ['index']=70, ['level']=78},
    [17047625] = {['id']=17047625, ['name']="MamoolJaTrain", ['index']=73, ['level']=78},
    [17047627] = {['id']=17047627, ['name']="MamoolJaTrain", ['index']=75, ['level']=77},
    [17047620] = {['id']=17047620, ['name']="MamoolJaTrain", ['index']=68, ['level']=78},
    [17047623] = {['id']=17047623, ['name']="MamoolJaTrain", ['index']=71, ['level']=78},
    [17047821] = {['id']=17047821, ['name']="Quhaaja", ['index']=269, ['level']=0},
    [17047617] = {['id']=17047617, ['name']="MamoolJaTrain", ['index']=65, ['level']=78},
    [17047616] = {['id']=17047616, ['name']="MamoolJaTrain", ['index']=64, ['level']=77},
    [17047614] = {['id']=17047614, ['name']="MamoolJaRecru", ['index']=62, ['level']=71},
    [17047613] = {['id']=17047613, ['name']="MamoolJaRecru", ['index']=61, ['level']=70},
    [17047618] = {['id']=17047618, ['name']="MamoolJaRecru", ['index']=66, ['level']=71},
    [17047623] = {['id']=17047623, ['name']="MamoolJaTrain", ['index']=71, ['level']=77},
    [17047612] = {['id']=17047612, ['name']="MamoolJaTrain", ['index']=60, ['level']=77},
    [17047610] = {['id']=17047610, ['name']="MamoolJaRecru", ['index']=58, ['level']=70},
    [17047611] = {['id']=17047611, ['name']="MamoolJaRecru", ['index']=59, ['level']=71},
    [17047624] = {['id']=17047624, ['name']="MamoolJaTrain", ['index']=72, ['level']=78},
    [17047615] = {['id']=17047615, ['name']="MamoolJaTrain", ['index']=63, ['level']=77},
    [17047625] = {['id']=17047625, ['name']="MamoolJaTrain", ['index']=73, ['level']=77},
    [17047620] = {['id']=17047620, ['name']="MamoolJaTrain", ['index']=68, ['level']=78},
    [17047619] = {['id']=17047619, ['name']="MamoolJaRecru", ['index']=67, ['level']=71},
    [17047627] = {['id']=17047627, ['name']="MamoolJaTrain", ['index']=75, ['level']=77},
    [17047621] = {['id']=17047621, ['name']="MamoolJaRecru", ['index']=69, ['level']=70},
    [17047622] = {['id']=17047622, ['name']="MamoolJaTrain", ['index']=70, ['level']=77},
    [17047626] = {['id']=17047626, ['name']="MamoolJaTrain", ['index']=74, ['level']=77},
    [17047821] = {['id']=17047821, ['name']="Quhaaja", ['index']=269, ['level']=0},
    [17047615] = {['id']=17047615, ['name']="MamoolJaTrain", ['index']=63, ['level']=77},
    [17047614] = {['id']=17047614, ['name']="MamoolJaRecru", ['index']=62, ['level']=71},
    [17047616] = {['id']=17047616, ['name']="MamoolJaTrain", ['index']=64, ['level']=77},
    [17047617] = {['id']=17047617, ['name']="MamoolJaTrain", ['index']=65, ['level']=77},
    [17047613] = {['id']=17047613, ['name']="MamoolJaRecru", ['index']=61, ['level']=70},
    [17047624] = {['id']=17047624, ['name']="MamoolJaTrain", ['index']=72, ['level']=77},
    [17047627] = {['id']=17047627, ['name']="MamoolJaTrain", ['index']=75, ['level']=77},
    [17047621] = {['id']=17047621, ['name']="MamoolJaRecru", ['index']=69, ['level']=71},
    [17047611] = {['id']=17047611, ['name']="MamoolJaRecru", ['index']=59, ['level']=71},
    [17047623] = {['id']=17047623, ['name']="MamoolJaTrain", ['index']=71, ['level']=78},
    [17047620] = {['id']=17047620, ['name']="MamoolJaTrain", ['index']=68, ['level']=77},
    [17047612] = {['id']=17047612, ['name']="MamoolJaTrain", ['index']=60, ['level']=78},
    [17047625] = {['id']=17047625, ['name']="MamoolJaTrain", ['index']=73, ['level']=78},
    [17047610] = {['id']=17047610, ['name']="MamoolJaRecru", ['index']=58, ['level']=71},
    [17047622] = {['id']=17047622, ['name']="MamoolJaTrain", ['index']=70, ['level']=78},
    [17047626] = {['id']=17047626, ['name']="MamoolJaTrain", ['index']=74, ['level']=77},
    [17047618] = {['id']=17047618, ['name']="MamoolJaRecru", ['index']=66, ['level']=71},
    [17047619] = {['id']=17047619, ['name']="MamoolJaRecru", ['index']=67, ['level']=70},
