    [17879046] = {['id']=17879046, ['name']="MenacingMantis", ['index']=6, ['level']=101},
    [17879047] = {['id']=17879047, ['name']="CthonicChapuli", ['index']=7, ['level']=101},
    [17879048] = {['id']=17879048, ['name']="CthonicChapuli", ['index']=8, ['level']=102},
    [17879049] = {['id']=17879049, ['name']="CthonicChapuli", ['index']=9, ['level']=101},
    [17879050] = {['id']=17879050, ['name']="MenacingMantis", ['index']=10, ['level']=102},
    [17879051] = {['id']=17879051, ['name']="CthonicChapuli", ['index']=11, ['level']=102},
    [17879052] = {['id']=17879052, ['name']="CthonicChapuli", ['index']=12, ['level']=102},
    [17879053] = {['id']=17879053, ['name']="CthonicChapuli", ['index']=13, ['level']=101},
    [17879144] = {['id']=17879144, ['name']="RepugnantTwith", ['index']=104, ['level']=102},
    [17879145] = {['id']=17879145, ['name']="RepugnantTwith", ['index']=105, ['level']=101},
    [17879153] = {['id']=17879153, ['name']="WrithingObdell", ['index']=113, ['level']=101},
    [17879154] = {['id']=17879154, ['name']="WrithingObdell", ['index']=114, ['level']=102},
    [17879152] = {['id']=17879152, ['name']="WrithingObdell", ['index']=112, ['level']=102},
    [17879059] = {['id']=17879059, ['name']="ErythemicEft", ['index']=19, ['level']=101},
    [17879058] = {['id']=17879058, ['name']="ErythemicEft", ['index']=18, ['level']=101},
    [17879055] = {['id']=17879055, ['name']="CavePanopt", ['index']=15, ['level']=102},
    [17879056] = {['id']=17879056, ['name']="CavePanopt", ['index']=16, ['level']=101},
    [17879060] = {['id']=17879060, ['name']="ErythemicEft", ['index']=20, ['level']=102},
    [17879057] = {['id']=17879057, ['name']="CavePanopt", ['index']=17, ['level']=102},
    [17879087] = {['id']=17879087, ['name']="ConflagrantEru", ['index']=47, ['level']=102},
    [17879088] = {['id']=17879088, ['name']="ConflagrantEru", ['index']=48, ['level']=101},
    [17879089] = {['id']=17879089, ['name']="ConflagrantEru", ['index']=49, ['level']=102},
    [17879090] = {['id']=17879090, ['name']="EruptingGeyser", ['index']=50, ['level']=1},
    [17879091] = {['id']=17879091, ['name']="ErythemicEft", ['index']=51, ['level']=101},
    [17879092] = {['id']=17879092, ['name']="ErythemicEft", ['index']=52, ['level']=101},
    [17879093] = {['id']=17879093, ['name']="ErythemicEft", ['index']=53, ['level']=101},
    [17879094] = {['id']=17879094, ['name']="ErythemicEft", ['index']=54, ['level']=101},
    [17879095] = {['id']=17879095, ['name']="ErythemicEft", ['index']=55, ['level']=101},
    [17879096] = {['id']=17879096, ['name']="ErythemicEft", ['index']=56, ['level']=102},
    [17879098] = {['id']=17879098, ['name']="DisturbedMatam", ['index']=58, ['level']=102},
    [17879099] = {['id']=17879099, ['name']="DisturbedMatam", ['index']=59, ['level']=103},
    [17879155] = {['id']=17879155, ['name']="RubyRaptor", ['index']=115, ['level']=102},
    [17879156] = {['id']=17879156, ['name']="RubyRaptor", ['index']=116, ['level']=102},
