    [17027272] = {['id']=17027272, ['name']="ZhayolmApkallu", ['index']=200, ['level']=70},
    [17027270] = {['id']=17027270, ['name']="MountainClot", ['index']=198, ['level']=73},
    [17027271] = {['id']=17027271, ['name']="MountainClot", ['index']=199, ['level']=72},
    [17027284] = {['id']=17027284, ['name']="ZhayolmApkallu", ['index']=212, ['level']=70},
    [17027283] = {['id']=17027283, ['name']="ZhayolmApkallu", ['index']=211, ['level']=72},
    [17027278] = {['id']=17027278, ['name']="ZhayolmApkallu", ['index']=206, ['level']=72},
    [17027285] = {['id']=17027285, ['name']="ZhayolmApkallu", ['index']=213, ['level']=70},
    [17027277] = {['id']=17027277, ['name']="VolcanicLeech", ['index']=205, ['level']=73},
    [17027279] = {['id']=17027279, ['name']="ZhayolmApkallu", ['index']=207, ['level']=70},
    [17027288] = {['id']=17027288, ['name']="EarthElemental", ['index']=216, ['level']=75},
    [17027286] = {['id']=17027286, ['name']="ZhayolmApkallu", ['index']=214, ['level']=72},
    [17027280] = {['id']=17027280, ['name']="VolcanicLeech", ['index']=208, ['level']=73},
    [17027289] = {['id']=17027289, ['name']="ZhayolmApkallu", ['index']=217, ['level']=71},
    [17027292] = {['id']=17027292, ['name']="ZhayolmApkallu", ['index']=220, ['level']=70},
    [17027293] = {['id']=17027293, ['name']="ZhayolmApkallu", ['index']=221, ['level']=72},
    [17027295] = {['id']=17027295, ['name']="ZhayolmApkallu", ['index']=223, ['level']=70},
    [17027273] = {['id']=17027273, ['name']="MagmaticEruca", ['index']=201, ['level']=73},
    [17027274] = {['id']=17027274, ['name']="MagmaticEruca", ['index']=202, ['level']=72},
    [17027275] = {['id']=17027275, ['name']="MountainClot", ['index']=203, ['level']=74},
    [17027276] = {['id']=17027276, ['name']="MountainClot", ['index']=204, ['level']=74},
    [17027299] = {['id']=17027299, ['name']="SweepingCluste", ['index']=227, ['level']=75},
    [17027300] = {['id']=17027300, ['name']="SweepingCluste", ['index']=228, ['level']=75},
    [17027301] = {['id']=17027301, ['name']="SweepingCluste", ['index']=229, ['level']=73},
    [17027302] = {['id']=17027302, ['name']="AssassinFly", ['index']=230, ['level']=75},
    [17027303] = {['id']=17027303, ['name']="AssassinFly", ['index']=231, ['level']=73},
    [17027304] = {['id']=17027304, ['name']="AssassinFly", ['index']=232, ['level']=74},
    [17027298] = {['id']=17027298, ['name']="AssassinFly", ['index']=226, ['level']=72},
    [17027297] = {['id']=17027297, ['name']="AssassinFly", ['index']=225, ['level']=73},
    [17027296] = {['id']=17027296, ['name']="AssassinFly", ['index']=224, ['level']=76},
    [17027306] = {['id']=17027306, ['name']="SweepingCluste", ['index']=234, ['level']=75},
    [17027316] = {['id']=17027316, ['name']="SweepingCluste", ['index']=244, ['level']=73},
    [17027317] = {['id']=17027317, ['name']="SweepingCluste", ['index']=245, ['level']=74},
    [17027558] = {['id']=17027558, ['name']="Waudeen", ['index']=486, ['level']=0},
    [17027364] = {['id']=17027364, ['name']="WamouraPrince", ['index']=292, ['level']=81},
    [17027365] = {['id']=17027365, ['name']="WamouraPrince", ['index']=293, ['level']=81},
    [17027366] = {['id']=17027366, ['name']="KingApkallu", ['index']=294, ['level']=80},
    [17027367] = {['id']=17027367, ['name']="KingApkallu", ['index']=295, ['level']=78},
    [17027368] = {['id']=17027368, ['name']="KingApkallu", ['index']=296, ['level']=80},
    [17027372] = {['id']=17027372, ['name']="WamouraPrince", ['index']=300, ['level']=80},
    [17027373] = {['id']=17027373, ['name']="WamouraPrince", ['index']=301, ['level']=79},
    [17027374] = {['id']=17027374, ['name']="Phasma", ['index']=302, ['level']=74},
    [17027376] = {['id']=17027376, ['name']="KingApkallu", ['index']=304, ['level']=78},
    [17027395] = {['id']=17027395, ['name']="Orichalcumshell", ['index']=323, ['level']=89},
    [17027396] = {['id']=17027396, ['name']="Orichalcumshell", ['index']=324, ['level']=88},
    [17027399] = {['id']=17027399, ['name']="Orichalcumshell", ['index']=327, ['level']=89},
    [17027400] = {['id']=17027400, ['name']="Orichalcumshell", ['index']=328, ['level']=89},
    [17027401] = {['id']=17027401, ['name']="Orichalcumshell", ['index']=329, ['level']=89},
    [17027402] = {['id']=17027402, ['name']="Orichalcumshell", ['index']=330, ['level']=89},
    [17027393] = {['id']=17027393, ['name']="Orichalcumshell", ['index']=321, ['level']=89},
    [17027394] = {['id']=17027394, ['name']="Orichalcumshell", ['index']=322, ['level']=88},
    [17027403] = {['id']=17027403, ['name']="WamouraPrince", ['index']=331, ['level']=81},
    [17027404] = {['id']=17027404, ['name']="WamouraPrince", ['index']=332, ['level']=81},
    [17027405] = {['id']=17027405, ['name']="SweepingCluste", ['index']=333, ['level']=78},
    [17027294] = {['id']=17027294, ['name']="Phasma", ['index']=222, ['level']=74},
    [17027560] = {['id']=17027560, ['name']="Waudeen", ['index']=488, ['level']=0},
    [17027406] = {['id']=17027406, ['name']="SweepingCluste", ['index']=334, ['level']=78},
    [17027407] = {['id']=17027407, ['name']="EbonyPudding", ['index']=335, ['level']=79},
    [17027408] = {['id']=17027408, ['name']="SweepingCluste", ['index']=336, ['level']=78},
    [17027409] = {['id']=17027409, ['name']="SweepingCluste", ['index']=337, ['level']=78},
    [17027411] = {['id']=17027411, ['name']="EbonyPudding", ['index']=339, ['level']=79},
    [17027391] = {['id']=17027391, ['name']="Orichalcumshell", ['index']=319, ['level']=89},
    [17027398] = {['id']=17027398, ['name']="Orichalcumshell", ['index']=326, ['level']=88},
    [17027388] = {['id']=17027388, ['name']="Orichalcumshell", ['index']=316, ['level']=88},
    [17027370] = {['id']=17027370, ['name']="KingApkallu", ['index']=298, ['level']=78},
    [17027369] = {['id']=17027369, ['name']="KingApkallu", ['index']=297, ['level']=80},
    [17027379] = {['id']=17027379, ['name']="KingApkallu", ['index']=307, ['level']=80},
    [17027378] = {['id']=17027378, ['name']="KingApkallu", ['index']=306, ['level']=79},
    [17027377] = {['id']=17027377, ['name']="KingApkallu", ['index']=305, ['level']=79},
    [17027392] = {['id']=17027392, ['name']="Orichalcumshell", ['index']=320, ['level']=88},
    [17027410] = {['id']=17027410, ['name']="SweepingCluste", ['index']=338, ['level']=78},
    [17027412] = {['id']=17027412, ['name']="WamouraPrince", ['index']=340, ['level']=79},
    [17027414] = {['id']=17027414, ['name']="WamouraPrince", ['index']=342, ['level']=80},
    [17027415] = {['id']=17027415, ['name']="WamouraPrince", ['index']=343, ['level']=80},
    [17027416] = {['id']=17027416, ['name']="WamouraPrince", ['index']=344, ['level']=80},
    [17027420] = {['id']=17027420, ['name']="Wamoura", ['index']=348, ['level']=80},
    [17027421] = {['id']=17027421, ['name']="Wamoura", ['index']=349, ['level']=80},
    [17027422] = {['id']=17027422, ['name']="Wamoura", ['index']=350, ['level']=82},
    [17027426] = {['id']=17027426, ['name']="Wamoura", ['index']=354, ['level']=82},
    [17027502] = {['id']=17027502, ['name']="GrandGrenade", ['index']=430, ['level']=99},
    [17027427] = {['id']=17027427, ['name']="WamouraPrince", ['index']=355, ['level']=80},
    [17027429] = {['id']=17027429, ['name']="Wamoura", ['index']=357, ['level']=81},
    [17027430] = {['id']=17027430, ['name']="WamouraPrince", ['index']=358, ['level']=79},
    [17027431] = {['id']=17027431, ['name']="WamouraPrince", ['index']=359, ['level']=80},
    [17027454] = {['id']=17027454, ['name']="Dahak", ['index']=382, ['level']=82},
    [17027433] = {['id']=17027433, ['name']="WamouraPrince", ['index']=361, ['level']=79},
    [17027413] = {['id']=17027413, ['name']="WamouraPrince", ['index']=341, ['level']=81},
    [17027417] = {['id']=17027417, ['name']="WamouraPrince", ['index']=345, ['level']=80},
    [17027434] = {['id']=17027434, ['name']="WamouraPrince", ['index']=362, ['level']=79},
    [17027457] = {['id']=17027457, ['name']="Dahak", ['index']=385, ['level']=83},
    [17027435] = {['id']=17027435, ['name']="WamouraPrince", ['index']=363, ['level']=79},
    [17027425] = {['id']=17027425, ['name']="WamouraPrince", ['index']=353, ['level']=79},
    [17027428] = {['id']=17027428, ['name']="WamouraPrince", ['index']=356, ['level']=81},
    [17027437] = {['id']=17027437, ['name']="WamouraPrince", ['index']=365, ['level']=81},
    [17027455] = {['id']=17027455, ['name']="Dahak", ['index']=383, ['level']=82},
    [17027450] = {['id']=17027450, ['name']="ScoriaceousEru", ['index']=378, ['level']=89},
    [17027448] = {['id']=17027448, ['name']="ScoriaceousEru", ['index']=376, ['level']=88},
    [17027456] = {['id']=17027456, ['name']="Dahak", ['index']=384, ['level']=83},
    [17027449] = {['id']=17027449, ['name']="ScoriaceousEru", ['index']=377, ['level']=88},
    [17027438] = {['id']=17027438, ['name']="WamouraPrince", ['index']=366, ['level']=81},
    [17027447] = {['id']=17027447, ['name']="ScoriaceousEru", ['index']=375, ['level']=88},
    [17027442] = {['id']=17027442, ['name']="ScoriaceousEru", ['index']=370, ['level']=89},
    [17027444] = {['id']=17027444, ['name']="ScoriaceousEru", ['index']=372, ['level']=88},
    [17027453] = {['id']=17027453, ['name']="ScoriaceousEru", ['index']=381, ['level']=89},
    [17027452] = {['id']=17027452, ['name']="ScoriaceousEru", ['index']=380, ['level']=88},
    [17027451] = {['id']=17027451, ['name']="ScoriaceousEru", ['index']=379, ['level']=88},
    [17027446] = {['id']=17027446, ['name']="ScoriaceousEru", ['index']=374, ['level']=88},
    [17027441] = {['id']=17027441, ['name']="ScoriaceousEru", ['index']=369, ['level']=89},
    [17027443] = {['id']=17027443, ['name']="ScoriaceousEru", ['index']=371, ['level']=88},
    [17027419] = {['id']=17027419, ['name']="WamouraPrince", ['index']=347, ['level']=79},
    [17027501] = {['id']=17027501, ['name']="GrandGrenade", ['index']=429, ['level']=99},
    [17027445] = {['id']=17027445, ['name']="ScoriaceousEru", ['index']=373, ['level']=89},
    [17027424] = {['id']=17027424, ['name']="Phasma", ['index']=352, ['level']=73},
    [17027423] = {['id']=17027423, ['name']="Ignamoth", ['index']=351, ['level']=83},
    [17027440] = {['id']=17027440, ['name']="ScoriaceousEru", ['index']=368, ['level']=88},
    [17027439] = {['id']=17027439, ['name']="ScoriaceousEru", ['index']=367, ['level']=89},
    [17027418] = {['id']=17027418, ['name']="Wamoura", ['index']=346, ['level']=80},
    [17027390] = {['id']=17027390, ['name']="Orichalcumshell", ['index']=318, ['level']=88},
    [17027375] = {['id']=17027375, ['name']="WamouraPrince", ['index']=303, ['level']=79},
    [17027389] = {['id']=17027389, ['name']="Orichalcumshell", ['index']=317, ['level']=88},
    [17027386] = {['id']=17027386, ['name']="Orichalcumshell", ['index']=314, ['level']=88},
    [17027397] = {['id']=17027397, ['name']="Orichalcumshell", ['index']=325, ['level']=88},
    [17027385] = {['id']=17027385, ['name']="Orichalcumshell", ['index']=313, ['level']=88},
    [17027387] = {['id']=17027387, ['name']="Orichalcumshell", ['index']=315, ['level']=89},
    [17027384] = {['id']=17027384, ['name']="KingApkallu", ['index']=312, ['level']=78},
    [17027371] = {['id']=17027371, ['name']="Phasma", ['index']=299, ['level']=73},
    [17027382] = {['id']=17027382, ['name']="KingApkallu", ['index']=310, ['level']=79},
    [17027381] = {['id']=17027381, ['name']="KingApkallu", ['index']=309, ['level']=80},
    [17027383] = {['id']=17027383, ['name']="KingApkallu", ['index']=311, ['level']=79},
    [17027380] = {['id']=17027380, ['name']="KingApkallu", ['index']=308, ['level']=80},
    [17027560] = {['id']=17027560, ['name']="Waudeen", ['index']=488, ['level']=0},
    [17027317] = {['id']=17027317, ['name']="SweepingCluste", ['index']=245, ['level']=74},
    [17027316] = {['id']=17027316, ['name']="SweepingCluste", ['index']=244, ['level']=74},
    [17027296] = {['id']=17027296, ['name']="AssassinFly", ['index']=224, ['level']=75},
    [17027297] = {['id']=17027297, ['name']="AssassinFly", ['index']=225, ['level']=73},
    [17027298] = {['id']=17027298, ['name']="AssassinFly", ['index']=226, ['level']=72},
    [17027300] = {['id']=17027300, ['name']="SweepingCluste", ['index']=228, ['level']=74},
    [17027299] = {['id']=17027299, ['name']="SweepingCluste", ['index']=227, ['level']=73},
    [17027301] = {['id']=17027301, ['name']="SweepingCluste", ['index']=229, ['level']=73},
    [17027304] = {['id']=17027304, ['name']="AssassinFly", ['index']=232, ['level']=72},
    [17027302] = {['id']=17027302, ['name']="AssassinFly", ['index']=230, ['level']=76},
    [17027303] = {['id']=17027303, ['name']="AssassinFly", ['index']=231, ['level']=72},
    [17027306] = {['id']=17027306, ['name']="SweepingCluste", ['index']=234, ['level']=73},
    [17027276] = {['id']=17027276, ['name']="MountainClot", ['index']=204, ['level']=73},
    [17027275] = {['id']=17027275, ['name']="MountainClot", ['index']=203, ['level']=73},
    [17027274] = {['id']=17027274, ['name']="MagmaticEruca", ['index']=202, ['level']=71},
    [17027271] = {['id']=17027271, ['name']="MountainClot", ['index']=199, ['level']=71},
    [17027273] = {['id']=17027273, ['name']="MagmaticEruca", ['index']=201, ['level']=73},
    [17027295] = {['id']=17027295, ['name']="ZhayolmApkallu", ['index']=223, ['level']=72},
    [17027292] = {['id']=17027292, ['name']="ZhayolmApkallu", ['index']=220, ['level']=72},
    [17027293] = {['id']=17027293, ['name']="ZhayolmApkallu", ['index']=221, ['level']=70},
    [17027286] = {['id']=17027286, ['name']="ZhayolmApkallu", ['index']=214, ['level']=72},
    [17027288] = {['id']=17027288, ['name']="EarthElemental", ['index']=216, ['level']=76},
    [17027280] = {['id']=17027280, ['name']="VolcanicLeech", ['index']=208, ['level']=73},
    [17027285] = {['id']=17027285, ['name']="ZhayolmApkallu", ['index']=213, ['level']=71},
    [17027284] = {['id']=17027284, ['name']="ZhayolmApkallu", ['index']=212, ['level']=70},
    [17027283] = {['id']=17027283, ['name']="ZhayolmApkallu", ['index']=211, ['level']=72},
    [17027277] = {['id']=17027277, ['name']="VolcanicLeech", ['index']=205, ['level']=73},
    [17027272] = {['id']=17027272, ['name']="ZhayolmApkallu", ['index']=200, ['level']=72},
    [17027278] = {['id']=17027278, ['name']="ZhayolmApkallu", ['index']=206, ['level']=70},
    [17027279] = {['id']=17027279, ['name']="ZhayolmApkallu", ['index']=207, ['level']=72},
    [17027270] = {['id']=17027270, ['name']="MountainClot", ['index']=198, ['level']=72},
    [17027282] = {['id']=17027282, ['name']="VolcanicLeech", ['index']=210, ['level']=72},
    [17027281] = {['id']=17027281, ['name']="ZhayolmApkallu", ['index']=209, ['level']=70},
    [17027305] = {['id']=17027305, ['name']="Phasma", ['index']=233, ['level']=75},
    [17027308] = {['id']=17027308, ['name']="SweepingCluste", ['index']=236, ['level']=73},
    [17027289] = {['id']=17027289, ['name']="ZhayolmApkallu", ['index']=217, ['level']=70},
    [17027294] = {['id']=17027294, ['name']="Phasma", ['index']=222, ['level']=74},
    [17027259] = {['id']=17027259, ['name']="MagmaticEruca", ['index']=187, ['level']=74},
    [17027260] = {['id']=17027260, ['name']="MagmaticEruca", ['index']=188, ['level']=73},
    [17027261] = {['id']=17027261, ['name']="MagmaticEruca", ['index']=189, ['level']=73},
    [17027262] = {['id']=17027262, ['name']="MagmaticEruca", ['index']=190, ['level']=74},
    [17027269] = {['id']=17027269, ['name']="MountainClot", ['index']=197, ['level']=72},
    [17027252] = {['id']=17027252, ['name']="MagmaticEruca", ['index']=180, ['level']=74},
    [17027258] = {['id']=17027258, ['name']="MagmaticEruca", ['index']=186, ['level']=72},
    [17027250] = {['id']=17027250, ['name']="MagmaticEruca", ['index']=178, ['level']=73},
    [17027249] = {['id']=17027249, ['name']="ZhayolmApkallu", ['index']=177, ['level']=72},
    [17027247] = {['id']=17027247, ['name']="ZhayolmApkallu", ['index']=175, ['level']=74},
    [17027246] = {['id']=17027246, ['name']="ZhayolmApkallu", ['index']=174, ['level']=74},
    [17027253] = {['id']=17027253, ['name']="MagmaticEruca", ['index']=181, ['level']=73},
    [17027256] = {['id']=17027256, ['name']="AssassinFly", ['index']=184, ['level']=72},
    [17027248] = {['id']=17027248, ['name']="MagmaticEruca", ['index']=176, ['level']=74},
    [17027255] = {['id']=17027255, ['name']="AssassinFly", ['index']=183, ['level']=72},
    [17027254] = {['id']=17027254, ['name']="AssassinFly", ['index']=182, ['level']=74},
    [17027242] = {['id']=17027242, ['name']="MagmaticEruca", ['index']=170, ['level']=72},
    [17027241] = {['id']=17027241, ['name']="MagmaticEruca", ['index']=169, ['level']=73},
    [17027245] = {['id']=17027245, ['name']="ZhayolmApkallu", ['index']=173, ['level']=73},
    [17027230] = {['id']=17027230, ['name']="SicklemoonJagi", ['index']=158, ['level']=73},
    [17027229] = {['id']=17027229, ['name']="ZhayolmApkallu", ['index']=157, ['level']=72},
    [17027244] = {['id']=17027244, ['name']="ZhayolmApkallu", ['index']=172, ['level']=73},
    [17027243] = {['id']=17027243, ['name']="ZhayolmApkallu", ['index']=171, ['level']=74},
    [17027228] = {['id']=17027228, ['name']="CharyApkallu", ['index']=156, ['level']=77},
    [17027231] = {['id']=17027231, ['name']="SicklemoonJagi", ['index']=159, ['level']=73},
    [17027232] = {['id']=17027232, ['name']="SicklemoonJagi", ['index']=160, ['level']=73},
    [17027233] = {['id']=17027233, ['name']="ZhayolmApkallu", ['index']=161, ['level']=72},
    [17027225] = {['id']=17027225, ['name']="SicklemoonJagi", ['index']=153, ['level']=75},
    [17027239] = {['id']=17027239, ['name']="ZhayolmApkallu", ['index']=167, ['level']=72},
    [17027226] = {['id']=17027226, ['name']="ZhayolmApkallu", ['index']=154, ['level']=74},
    [17027224] = {['id']=17027224, ['name']="ZhayolmApkallu", ['index']=152, ['level']=74},
    [17027240] = {['id']=17027240, ['name']="ZhayolmApkallu", ['index']=168, ['level']=73},
    [17027234] = {['id']=17027234, ['name']="MagmaticEruca", ['index']=162, ['level']=72},
    [17027235] = {['id']=17027235, ['name']="MagmaticEruca", ['index']=163, ['level']=74},
    [17027237] = {['id']=17027237, ['name']="MagmaticEruca", ['index']=165, ['level']=73},
    [17027227] = {['id']=17027227, ['name']="Phasma", ['index']=155, ['level']=74},
    [17027251] = {['id']=17027251, ['name']="Phasma", ['index']=179, ['level']=75},
    [17027257] = {['id']=17027257, ['name']="Phasma", ['index']=185, ['level']=75},
    [17027238] = {['id']=17027238, ['name']="MagmaticEruca", ['index']=166, ['level']=73},
    [17027222] = {['id']=17027222, ['name']="ZhayolmApkallu", ['index']=150, ['level']=73},
    [17027220] = {['id']=17027220, ['name']="ZhayolmApkallu", ['index']=148, ['level']=72},
    [17027221] = {['id']=17027221, ['name']="ZhayolmApkallu", ['index']=149, ['level']=74},
    [17027219] = {['id']=17027219, ['name']="MagmaticEruca", ['index']=147, ['level']=73},
    [17027218] = {['id']=17027218, ['name']="SicklemoonJagi", ['index']=146, ['level']=75},
    [17027217] = {['id']=17027217, ['name']="SicklemoonJagi", ['index']=145, ['level']=75},
    [17027216] = {['id']=17027216, ['name']="Phasma", ['index']=144, ['level']=74},
    [17027213] = {['id']=17027213, ['name']="MagmaticEruca", ['index']=141, ['level']=73},
    [17027212] = {['id']=17027212, ['name']="MagmaticEruca", ['index']=140, ['level']=73},
    [17027215] = {['id']=17027215, ['name']="SicklemoonJagi", ['index']=143, ['level']=73},
    [17027209] = {['id']=17027209, ['name']="AssassinFly", ['index']=137, ['level']=71},
    [17027210] = {['id']=17027210, ['name']="AssassinFly", ['index']=138, ['level']=72},
    [17027211] = {['id']=17027211, ['name']="MagmaticEruca", ['index']=139, ['level']=73},
    [17027208] = {['id']=17027208, ['name']="AssassinFly", ['index']=136, ['level']=74},
    [17027214] = {['id']=17027214, ['name']="MagmaticEruca", ['index']=142, ['level']=72},
    [17027157] = {['id']=17027157, ['name']="MagmaticEruca", ['index']=85, ['level']=73},
    [17027156] = {['id']=17027156, ['name']="MountainClot", ['index']=84, ['level']=73},
    [17027223] = {['id']=17027223, ['name']="EarthElemental", ['index']=151, ['level']=75},
    [17027560] = {['id']=17027560, ['name']="Waudeen", ['index']=488, ['level']=0},
    [17027560] = {['id']=17027560, ['name']="Waudeen", ['index']=488, ['level']=0},
    [17027560] = {['id']=17027560, ['name']="Waudeen", ['index']=488, ['level']=0},
    [17027560] = {['id']=17027560, ['name']="Waudeen", ['index']=488, ['level']=0},
