    [17006612] = {['id']=17006612, ['name']="PutridImmortal", ['index']=20, ['level']=77},
    [17006613] = {['id']=17006613, ['name']="PutridImmortal", ['index']=21, ['level']=77},
    [17006625] = {['id']=17006625, ['name']="BatteilantBhoo", ['index']=33, ['level']=75},
    [17006621] = {['id']=17006621, ['name']="DraconicDrauga", ['index']=29, ['level']=75},
    [17006622] = {['id']=17006622, ['name']="Draugar\'sWyver", ['index']=30, ['level']=70},
    [17006624] = {['id']=17006624, ['name']="Draugar\'sWyver", ['index']=32, ['level']=70},
    [17006615] = {['id']=17006615, ['name']="BatteilantBhoo", ['index']=23, ['level']=75},
    [17006614] = {['id']=17006614, ['name']="BatteilantBhoo", ['index']=22, ['level']=77},
    [17006623] = {['id']=17006623, ['name']="DraconicDrauga", ['index']=31, ['level']=76},
    [17006616] = {['id']=17006616, ['name']="DarklingDrauga", ['index']=24, ['level']=75},
    [17006617] = {['id']=17006617, ['name']="DraconicDrauga", ['index']=25, ['level']=75},
    [17006618] = {['id']=17006618, ['name']="Draugar\'sWyver", ['index']=26, ['level']=71},
    [17006620] = {['id']=17006620, ['name']="DarklingDrauga", ['index']=28, ['level']=75},
    [17006619] = {['id']=17006619, ['name']="DarklingDrauga", ['index']=27, ['level']=76},
    [17006627] = {['id']=17006627, ['name']="DarklingDrauga", ['index']=35, ['level']=76},
    [17006628] = {['id']=17006628, ['name']="DraconicDrauga", ['index']=36, ['level']=76},
    [17006629] = {['id']=17006629, ['name']="Draugar\'sWyver", ['index']=37, ['level']=70},
    [17006632] = {['id']=17006632, ['name']="Draugar\'sWyver", ['index']=40, ['level']=70},
    [17006631] = {['id']=17006631, ['name']="DraconicDrauga", ['index']=39, ['level']=76},
    [17006630] = {['id']=17006630, ['name']="DarklingDrauga", ['index']=38, ['level']=76},
    [17006626] = {['id']=17006626, ['name']="BatteilantBhoo", ['index']=34, ['level']=77},
    [17006633] = {['id']=17006633, ['name']="DarklingDrauga", ['index']=41, ['level']=76},
    [17006634] = {['id']=17006634, ['name']="DarklingDrauga", ['index']=42, ['level']=76},
    [17006761] = {['id']=17006761, ['name']="K23H1-LAMIA", ['index']=169, ['level']=71},
    [17006759] = {['id']=17006759, ['name']="K23H1-LAMIA", ['index']=167, ['level']=71},
    [17006763] = {['id']=17006763, ['name']="K23H1-LAMIA", ['index']=171, ['level']=71},
    [17006754] = {['id']=17006754, ['name']="K23H1-LAMIA", ['index']=162, ['level']=72},
    [17006755] = {['id']=17006755, ['name']="K23H1-LAMIA", ['index']=163, ['level']=71},
    [17006756] = {['id']=17006756, ['name']="K23H1-LAMIA", ['index']=164, ['level']=72},
    [17006757] = {['id']=17006757, ['name']="K23H1-LAMIA", ['index']=165, ['level']=71},
    [17006760] = {['id']=17006760, ['name']="K23H1-LAMIA", ['index']=168, ['level']=72},
    [17006762] = {['id']=17006762, ['name']="K23H1-LAMIA", ['index']=170, ['level']=73},
    [17006758] = {['id']=17006758, ['name']="K23H1-LAMIA", ['index']=166, ['level']=73},
    [17006638] = {['id']=17006638, ['name']="CursedChigoe", ['index']=46, ['level']=77},
    [17006639] = {['id']=17006639, ['name']="CursedChigoe", ['index']=47, ['level']=75},
    [17006640] = {['id']=17006640, ['name']="CursedChigoe", ['index']=48, ['level']=77},
    [17006650] = {['id']=17006650, ['name']="ExperimentalUn", ['index']=58, ['level']=82},
    [17006635] = {['id']=17006635, ['name']="CursedChigoe", ['index']=43, ['level']=76},
    [17006636] = {['id']=17006636, ['name']="CursedChigoe", ['index']=44, ['level']=77},
    [17006637] = {['id']=17006637, ['name']="CursedChigoe", ['index']=45, ['level']=77},
    [17006655] = {['id']=17006655, ['name']="ExperimentalUn", ['index']=63, ['level']=81},
    [17006651] = {['id']=17006651, ['name']="ExperimentalUn", ['index']=59, ['level']=81},
    [17006649] = {['id']=17006649, ['name']="CursedChigoe", ['index']=57, ['level']=77},
    [17006653] = {['id']=17006653, ['name']="ExperimentalUn", ['index']=61, ['level']=82},
    [17006654] = {['id']=17006654, ['name']="ExperimentalUn", ['index']=62, ['level']=82},
    [17006647] = {['id']=17006647, ['name']="CursedChigoe", ['index']=55, ['level']=76},
    [17006648] = {['id']=17006648, ['name']="CursedChigoe", ['index']=56, ['level']=76},
    [17006646] = {['id']=17006646, ['name']="CursedChigoe", ['index']=54, ['level']=75},
    [17006644] = {['id']=17006644, ['name']="CursedChigoe", ['index']=52, ['level']=75},
    [17006810] = {['id']=17006810, ['name']="RuneofRelease", ['index']=218, ['level']=0},
    [17006652] = {['id']=17006652, ['name']="ExperimentalUn", ['index']=60, ['level']=81},
    [17006650] = {['id']=17006650, ['name']="ExperimentalUn", ['index']=58, ['level']=82},
    [17006655] = {['id']=17006655, ['name']="ExperimentalUn", ['index']=63, ['level']=81},
    [17006637] = {['id']=17006637, ['name']="CursedChigoe", ['index']=45, ['level']=77},
    [17006635] = {['id']=17006635, ['name']="CursedChigoe", ['index']=43, ['level']=77},
    [17006636] = {['id']=17006636, ['name']="CursedChigoe", ['index']=44, ['level']=75},
    [17006651] = {['id']=17006651, ['name']="ExperimentalUn", ['index']=59, ['level']=82},
    [17006647] = {['id']=17006647, ['name']="CursedChigoe", ['index']=55, ['level']=77},
    [17006648] = {['id']=17006648, ['name']="CursedChigoe", ['index']=56, ['level']=75},
    [17006649] = {['id']=17006649, ['name']="CursedChigoe", ['index']=57, ['level']=76},
    [17006638] = {['id']=17006638, ['name']="CursedChigoe", ['index']=46, ['level']=76},
    [17006639] = {['id']=17006639, ['name']="CursedChigoe", ['index']=47, ['level']=76},
    [17006640] = {['id']=17006640, ['name']="CursedChigoe", ['index']=48, ['level']=75},
    [17006652] = {['id']=17006652, ['name']="ExperimentalUn", ['index']=60, ['level']=82},
    [17006641] = {['id']=17006641, ['name']="CursedChigoe", ['index']=49, ['level']=75},
    [17006642] = {['id']=17006642, ['name']="CursedChigoe", ['index']=50, ['level']=77},
    [17006644] = {['id']=17006644, ['name']="CursedChigoe", ['index']=52, ['level']=76},
    [17006645] = {['id']=17006645, ['name']="CursedChigoe", ['index']=53, ['level']=75},
    [17006637] = {['id']=17006637, ['name']="CursedChigoe", ['index']=45, ['level']=76},
    [17006642] = {['id']=17006642, ['name']="CursedChigoe", ['index']=50, ['level']=77},
    [17006643] = {['id']=17006643, ['name']="CursedChigoe", ['index']=51, ['level']=76},
    [17006810] = {['id']=17006810, ['name']="RuneofRelease", ['index']=218, ['level']=0},
    [17006660] = {['id']=17006660, ['name']="PeriqiaPugil", ['index']=68, ['level']=72},
    [17006661] = {['id']=17006661, ['name']="PeriqiaPugil", ['index']=69, ['level']=73},
    [17006663] = {['id']=17006663, ['name']="PeriqiaPugil", ['index']=71, ['level']=72},
    [17006662] = {['id']=17006662, ['name']="PeriqiaPugil", ['index']=70, ['level']=73},
    [17006659] = {['id']=17006659, ['name']="PeriqiaPugil", ['index']=67, ['level']=72},
    [17006810] = {['id']=17006810, ['name']="RuneofRelease", ['index']=218, ['level']=0},
    [17006814] = {['id']=17006814, ['name']="BridgeSwitch", ['index']=222, ['level']=0},
