    [17293319] = {['id']=17293319, ['name']="SeekerBats", ['index']=7, ['level']=27},
    [17293807] = {['id']=17293807, ['name']="Atmacite_Refiner", ['index']=495, ['level']=0},
    [17293808] = {['id']=17293808, ['name']="Voidwatch_Officer", ['index']=496, ['level']=0},
    [17293320] = {['id']=17293320, ['name']="SeekerBats", ['index']=8, ['level']=27},
    [17293324] = {['id']=17293324, ['name']="DancingWeapon", ['index']=12, ['level']=29},
    [17293322] = {['id']=17293322, ['name']="SeekerBats", ['index']=10, ['level']=27},
    [17293325] = {['id']=17293325, ['name']="DancingWeapon", ['index']=13, ['level']=28},
    [17293323] = {['id']=17293323, ['name']="SeekerBats", ['index']=11, ['level']=27},
    [17293326] = {['id']=17293326, ['name']="SeekerBats", ['index']=14, ['level']=26},
    [17293327] = {['id']=17293327, ['name']="SeekerBats", ['index']=15, ['level']=26},
    [17293781] = {['id']=17293781, ['name']="FieldManual", ['index']=469, ['level']=0},
    [17293330] = {['id']=17293330, ['name']="LandWorm", ['index']=18, ['level']=26},
    [17293329] = {['id']=17293329, ['name']="LandWorm", ['index']=17, ['level']=26},
    [17293339] = {['id']=17293339, ['name']="DarkBats", ['index']=27, ['level']=26},
    [17293333] = {['id']=17293333, ['name']="Clipper", ['index']=21, ['level']=28},
    [17293336] = {['id']=17293336, ['name']="LandWorm", ['index']=24, ['level']=26},
    [17293338] = {['id']=17293338, ['name']="DarkBats", ['index']=26, ['level']=26},
    [17293337] = {['id']=17293337, ['name']="LandWorm", ['index']=25, ['level']=27},
    [17293402] = {['id']=17293402, ['name']="Gigas\'sLeech", ['index']=90, ['level']=25},
    [17293345] = {['id']=17293345, ['name']="GiantHunter", ['index']=33, ['level']=29},
    [17293340] = {['id']=17293340, ['name']="GlowBat", ['index']=28, ['level']=29},
    [17293395] = {['id']=17293395, ['name']="LandWorm", ['index']=83, ['level']=26},
    [17293331] = {['id']=17293331, ['name']="Clipper", ['index']=19, ['level']=29},
    [17293332] = {['id']=17293332, ['name']="Clipper", ['index']=20, ['level']=28},
    [17293334] = {['id']=17293334, ['name']="Clipper", ['index']=22, ['level']=29},
    [17293335] = {['id']=17293335, ['name']="LandWorm", ['index']=23, ['level']=27},
    [17293390] = {['id']=17293390, ['name']="Clipper", ['index']=78, ['level']=29},
    [17293382] = {['id']=17293382, ['name']="GiantAscetic", ['index']=70, ['level']=30},
    [17293389] = {['id']=17293389, ['name']="SlipperySucker", ['index']=77, ['level']=42},
    [17293356] = {['id']=17293356, ['name']="Clipper", ['index']=44, ['level']=29},
    [17293361] = {['id']=17293361, ['name']="GreaterPugil", ['index']=49, ['level']=28},
    [17293358] = {['id']=17293358, ['name']="Clipper", ['index']=46, ['level']=29},
    [17293363] = {['id']=17293363, ['name']="GreaterPugil", ['index']=51, ['level']=28},
    [17293651] = {['id']=17293651, ['name']="GoblinBountyH", ['index']=339, ['level']=34},
    [17293652] = {['id']=17293652, ['name']="GoblinBountyH", ['index']=340, ['level']=34},
    [17293357] = {['id']=17293357, ['name']="Clipper", ['index']=45, ['level']=29},
    [17293355] = {['id']=17293355, ['name']="Clipper", ['index']=43, ['level']=28},
    [17293370] = {['id']=17293370, ['name']="Clipper", ['index']=58, ['level']=28},
    [17293365] = {['id']=17293365, ['name']="Banshee", ['index']=53, ['level']=31},
    [17293364] = {['id']=17293364, ['name']="GreaterPugil", ['index']=52, ['level']=29},
    [17293360] = {['id']=17293360, ['name']="GreaterPugil", ['index']=48, ['level']=29},
    [17293653] = {['id']=17293653, ['name']="GoblinBountyH", ['index']=341, ['level']=36},
    [17293359] = {['id']=17293359, ['name']="GreaterPugil", ['index']=47, ['level']=28},
    [17293362] = {['id']=17293362, ['name']="GreaterPugil", ['index']=50, ['level']=29},
    [17293367] = {['id']=17293367, ['name']="Clipper", ['index']=55, ['level']=28},
    [17293342] = {['id']=17293342, ['name']="GiantAscetic", ['index']=30, ['level']=30},
    [17293348] = {['id']=17293348, ['name']="GiantTrapper", ['index']=36, ['level']=29},
    [17293349] = {['id']=17293349, ['name']="Gigas\'sLeech", ['index']=37, ['level']=25},
    [17293371] = {['id']=17293371, ['name']="LandWorm", ['index']=59, ['level']=26},
    [17293372] = {['id']=17293372, ['name']="LandWorm", ['index']=60, ['level']=27},
    [17293654] = {['id']=17293654, ['name']="GoblinBountyH", ['index']=342, ['level']=34},
    [17293369] = {['id']=17293369, ['name']="Clipper", ['index']=57, ['level']=28},
    [17293368] = {['id']=17293368, ['name']="Clipper", ['index']=56, ['level']=29},
    [17293425] = {['id']=17293425, ['name']="Clipper", ['index']=113, ['level']=28},
    [17293426] = {['id']=17293426, ['name']="Clipper", ['index']=114, ['level']=29},
    [17293427] = {['id']=17293427, ['name']="Clipper", ['index']=115, ['level']=29},
    [17293476] = {['id']=17293476, ['name']="GreaterPugil", ['index']=164, ['level']=29},
    [17293481] = {['id']=17293481, ['name']="Acrophies", ['index']=169, ['level']=33},
    [17293487] = {['id']=17293487, ['name']="Clipper", ['index']=175, ['level']=29},
    [17293488] = {['id']=17293488, ['name']="Clipper", ['index']=176, ['level']=28},
    [17293490] = {['id']=17293490, ['name']="Clipper", ['index']=178, ['level']=28},
    [17293493] = {['id']=17293493, ['name']="Acrophies", ['index']=181, ['level']=34},
    [17293494] = {['id']=17293494, ['name']="Acrophies", ['index']=182, ['level']=34},
    [17293498] = {['id']=17293498, ['name']="GiantTrapper", ['index']=186, ['level']=30},
    [17293499] = {['id']=17293499, ['name']="Gigas\'sLeech", ['index']=187, ['level']=24},
    [17293825] = {['id']=17293825, ['name']="UndulatingConf", ['index']=513, ['level']=0},
    [17293478] = {['id']=17293478, ['name']="Acrophies", ['index']=166, ['level']=34},
    [17293475] = {['id']=17293475, ['name']="GreaterPugil", ['index']=163, ['level']=29},
    [17293480] = {['id']=17293480, ['name']="Acrophies", ['index']=168, ['level']=34},
    [17293655] = {['id']=17293655, ['name']="GoblinBountyH", ['index']=343, ['level']=35},
    [17293477] = {['id']=17293477, ['name']="GreaterPugil", ['index']=165, ['level']=28},
    [17293486] = {['id']=17293486, ['name']="Kraken", ['index']=174, ['level']=38},
    [17293656] = {['id']=17293656, ['name']="GoblinBountyH", ['index']=344, ['level']=31},
    [17293479] = {['id']=17293479, ['name']="Acrophies", ['index']=167, ['level']=33},
    [17293485] = {['id']=17293485, ['name']="Atkorkamuy", ['index']=173, ['level']=74},
    [17293489] = {['id']=17293489, ['name']="Clipper", ['index']=177, ['level']=28},
    [17293507] = {['id']=17293507, ['name']="Clipper", ['index']=195, ['level']=29},
    [17293509] = {['id']=17293509, ['name']="Clipper", ['index']=197, ['level']=29},
    [17293510] = {['id']=17293510, ['name']="Clipper", ['index']=198, ['level']=28},
    [17293511] = {['id']=17293511, ['name']="Clipper", ['index']=199, ['level']=28},
    [17293514] = {['id']=17293514, ['name']="Acrophies", ['index']=202, ['level']=33},
    [17293515] = {['id']=17293515, ['name']="Acrophies", ['index']=203, ['level']=34},
    [17293535] = {['id']=17293535, ['name']="DancingWeapon", ['index']=223, ['level']=28},
    [17293536] = {['id']=17293536, ['name']="DancingWeapon", ['index']=224, ['level']=29},
    [17293640] = {['id']=17293640, ['name']="DosetsuTree", ['index']=328, ['level']=35},
    [17293516] = {['id']=17293516, ['name']="Acrophies", ['index']=204, ['level']=33},
    [17293526] = {['id']=17293526, ['name']="GiantTrapper", ['index']=214, ['level']=30},
    [17293508] = {['id']=17293508, ['name']="Clipper", ['index']=196, ['level']=28},
    [17293527] = {['id']=17293527, ['name']="Gigas\'sLeech", ['index']=215, ['level']=24},
    [17293550] = {['id']=17293550, ['name']="GiantRanger", ['index']=238, ['level']=29},
    [17293555] = {['id']=17293555, ['name']="GiantRanger", ['index']=243, ['level']=30},
    [17293815] = {['id']=17293815, ['name']="SurvivalGuide", ['index']=503, ['level']=0},
    [17293547] = {['id']=17293547, ['name']="Acrophies", ['index']=235, ['level']=34},
    [17293542] = {['id']=17293542, ['name']="Clipper", ['index']=230, ['level']=28},
    [17293548] = {['id']=17293548, ['name']="Acrophies", ['index']=236, ['level']=34},
    [17293583] = {['id']=17293583, ['name']="Clipper", ['index']=271, ['level']=29},
    [17293597] = {['id']=17293597, ['name']="Qoofim", ['index']=285, ['level']=47},
    [17293591] = {['id']=17293591, ['name']="Acrophies", ['index']=279, ['level']=33},
    [17293533] = {['id']=17293533, ['name']="DancingWeapon", ['index']=221, ['level']=29},
    [17293534] = {['id']=17293534, ['name']="DancingWeapon", ['index']=222, ['level']=29},
    [17293540] = {['id']=17293540, ['name']="Clipper", ['index']=228, ['level']=29},
    [17293582] = {['id']=17293582, ['name']="Clipper", ['index']=270, ['level']=29},
    [17293584] = {['id']=17293584, ['name']="Clipper", ['index']=272, ['level']=28},
    [17293588] = {['id']=17293588, ['name']="GreaterPugil", ['index']=276, ['level']=29},
    [17293593] = {['id']=17293593, ['name']="Acrophies", ['index']=281, ['level']=33},
    [17293590] = {['id']=17293590, ['name']="Acrophies", ['index']=278, ['level']=33},
    [17293586] = {['id']=17293586, ['name']="GreaterPugil", ['index']=274, ['level']=29},
    [17293585] = {['id']=17293585, ['name']="Clipper", ['index']=273, ['level']=29},
    [17293659] = {['id']=17293659, ['name']="GoblinBountyH", ['index']=347, ['level']=31},
    [17293592] = {['id']=17293592, ['name']="Acrophies", ['index']=280, ['level']=34},
    [17293596] = {['id']=17293596, ['name']="ThunderElement", ['index']=284, ['level']=36},
    [17293658] = {['id']=17293658, ['name']="GoblinBountyH", ['index']=346, ['level']=33},
    [17293587] = {['id']=17293587, ['name']="GreaterPugil", ['index']=275, ['level']=29},
    [17293589] = {['id']=17293589, ['name']="GreaterPugil", ['index']=277, ['level']=29},
    [17293552] = {['id']=17293552, ['name']="GiantTrapper", ['index']=240, ['level']=30},
    [17293566] = {['id']=17293566, ['name']="Clipper", ['index']=254, ['level']=28},
    [17293538] = {['id']=17293538, ['name']="Clipper", ['index']=226, ['level']=28},
    [17293539] = {['id']=17293539, ['name']="Clipper", ['index']=227, ['level']=29},
    [17293541] = {['id']=17293541, ['name']="Clipper", ['index']=229, ['level']=28},
    [17293559] = {['id']=17293559, ['name']="GiantHunter", ['index']=247, ['level']=29},
    [17293546] = {['id']=17293546, ['name']="Acrophies", ['index']=234, ['level']=33},
    [17293512] = {['id']=17293512, ['name']="DarkBats", ['index']=200, ['level']=26},
    [17293517] = {['id']=17293517, ['name']="GlowBat", ['index']=205, ['level']=28},
    [17293521] = {['id']=17293521, ['name']="GiantTrapper", ['index']=209, ['level']=29},
    [17293544] = {['id']=17293544, ['name']="DarkBats", ['index']=232, ['level']=27},
    [17293522] = {['id']=17293522, ['name']="Gigas\'sLeech", ['index']=210, ['level']=25},
    [17293543] = {['id']=17293543, ['name']="DarkBats", ['index']=231, ['level']=26},
    [17293549] = {['id']=17293549, ['name']="GlowBat", ['index']=237, ['level']=29},
    [17293551] = {['id']=17293551, ['name']="GiantAscetic", ['index']=239, ['level']=29},
    [17293569] = {['id']=17293569, ['name']="DarkBats", ['index']=257, ['level']=26},
    [17293780] = {['id']=17293780, ['name']="FieldManual", ['index']=468, ['level']=0},
    [17293567] = {['id']=17293567, ['name']="Clipper", ['index']=255, ['level']=28},
    [17293578] = {['id']=17293578, ['name']="GiantHunter", ['index']=266, ['level']=30},
    [17293564] = {['id']=17293564, ['name']="Clipper", ['index']=252, ['level']=29},
    [17293482] = {['id']=17293482, ['name']="Banshee", ['index']=170, ['level']=31},
    [17293491] = {['id']=17293491, ['name']="DarkBats", ['index']=179, ['level']=27},
    [17293492] = {['id']=17293492, ['name']="DarkBats", ['index']=180, ['level']=27},
    [17293495] = {['id']=17293495, ['name']="GlowBat", ['index']=183, ['level']=28},
    [17293497] = {['id']=17293497, ['name']="GiantAscetic", ['index']=185, ['level']=29},
    [17293501] = {['id']=17293501, ['name']="Wight", ['index']=189, ['level']=28},
    [17293502] = {['id']=17293502, ['name']="Wight", ['index']=190, ['level']=28},
    [17293503] = {['id']=17293503, ['name']="Wight", ['index']=191, ['level']=29},
    [17293513] = {['id']=17293513, ['name']="DarkBats", ['index']=201, ['level']=26},
    [17293518] = {['id']=17293518, ['name']="GlowBat", ['index']=206, ['level']=28},
    [17293520] = {['id']=17293520, ['name']="GiantAscetic", ['index']=208, ['level']=29},
    [17293528] = {['id']=17293528, ['name']="GiantHunter", ['index']=216, ['level']=29},
    [17293529] = {['id']=17293529, ['name']="Wight", ['index']=217, ['level']=28},
    [17293530] = {['id']=17293530, ['name']="Wight", ['index']=218, ['level']=29},
    [17293531] = {['id']=17293531, ['name']="Wight", ['index']=219, ['level']=28},
    [17293472] = {['id']=17293472, ['name']="Clipper", ['index']=160, ['level']=28},
    [17293500] = {['id']=17293500, ['name']="GiantHunter", ['index']=188, ['level']=29},
    [17293519] = {['id']=17293519, ['name']="GiantRanger", ['index']=207, ['level']=30},
    [17293832] = {['id']=17293832, ['name']="UndulatingConf", ['index']=520, ['level']=0},
