    [17150272] = {['id']=17150272, ['name']="WorkerCrawler", ['index']=320, ['level']=63},
    [17150273] = {['id']=17150273, ['name']="WorkerCrawler", ['index']=321, ['level']=61},
    [17150295] = {['id']=17150295, ['name']="BronzeQuadav", ['index']=343, ['level']=66},
    [17150297] = {['id']=17150297, ['name']="BrassQuadav", ['index']=345, ['level']=68},
    [17150270] = {['id']=17150270, ['name']="WorkerCrawler", ['index']=318, ['level']=63},
    [17150296] = {['id']=17150296, ['name']="HeliodorQuadav", ['index']=344, ['level']=68},
    [17150269] = {['id']=17150269, ['name']="WorkerCrawler", ['index']=317, ['level']=63},
    [17150268] = {['id']=17150268, ['name']="WorkerCrawler", ['index']=316, ['level']=62},
    [17150266] = {['id']=17150266, ['name']="WorkerCrawler", ['index']=314, ['level']=61},
    [17150271] = {['id']=17150271, ['name']="WorkerCrawler", ['index']=319, ['level']=63},
    [17150267] = {['id']=17150267, ['name']="WorkerCrawler", ['index']=315, ['level']=63},
    [17150300] = {['id']=17150300, ['name']="OldQuadav", ['index']=348, ['level']=66},
    [17150263] = {['id']=17150263, ['name']="Ochu", ['index']=311, ['level']=66},
    [17150299] = {['id']=17150299, ['name']="SilverQuadav", ['index']=347, ['level']=67},
    [17150298] = {['id']=17150298, ['name']="BronzeQuadav", ['index']=346, ['level']=67},
    [17150286] = {['id']=17150286, ['name']="EmeraldQuadav", ['index']=334, ['level']=69},
    [17150285] = {['id']=17150285, ['name']="BrassQuadav", ['index']=333, ['level']=67},
    [17150261] = {['id']=17150261, ['name']="Ochu", ['index']=309, ['level']=67},
    [17150205] = {['id']=17150205, ['name']="Hawker", ['index']=253, ['level']=48},
    [17150206] = {['id']=17150206, ['name']="Hawker", ['index']=254, ['level']=46},
    [17150207] = {['id']=17150207, ['name']="Hawker", ['index']=255, ['level']=47},
    [17150208] = {['id']=17150208, ['name']="GoobbueFarmer", ['index']=256, ['level']=61},
    [17150210] = {['id']=17150210, ['name']="Hawker", ['index']=258, ['level']=45},
    [17150211] = {['id']=17150211, ['name']="Hawker", ['index']=259, ['level']=45},
    [17150212] = {['id']=17150212, ['name']="Hawker", ['index']=260, ['level']=46},
    [17150213] = {['id']=17150213, ['name']="Hawker", ['index']=261, ['level']=47},
    [17150751] = {['id']=17150751, ['name']="Vilmar", ['index']=799, ['level']=0},
    [17150805] = {['id']=17150805, ['name']="Gate_Sentry", ['index']=853, ['level']=75},
    [17150847] = {['id']=17150847, ['name']="SurvivalGuide", ['index']=895, ['level']=0},
