    [17088534] = {['id']=17088534, ['name']="AshuTalifCrew", ['index']=22, ['level']=73},
    [17088543] = {['id']=17088543, ['name']="AshuTalifCrew", ['index']=31, ['level']=73},
    [17088545] = {['id']=17088545, ['name']="AshuTalifCrew", ['index']=33, ['level']=74},
    [17088544] = {['id']=17088544, ['name']="AshuTalifCrew", ['index']=32, ['level']=74},
    [17088546] = {['id']=17088546, ['name']="AshuTalifCrew", ['index']=34, ['level']=73},
    [17088542] = {['id']=17088542, ['name']="AshuTalifCrew", ['index']=30, ['level']=74},
    [17088541] = {['id']=17088541, ['name']="AshuTalifCrew", ['index']=29, ['level']=73},
    [17088539] = {['id']=17088539, ['name']="AshuTalifCrew", ['index']=27, ['level']=73},
    [17088540] = {['id']=17088540, ['name']="AshuTalifCrew", ['index']=28, ['level']=74},
    [17088537] = {['id']=17088537, ['name']="AshuTalifCrew", ['index']=25, ['level']=74},
    [17088535] = {['id']=17088535, ['name']="AshuTalifCrew", ['index']=23, ['level']=74},
    [17088538] = {['id']=17088538, ['name']="AshuTalifCrew", ['index']=26, ['level']=73},
    [17088536] = {['id']=17088536, ['name']="AshuTalifCrew", ['index']=24, ['level']=74},
    [17088547] = {['id']=17088547, ['name']="AshuTalifCrew", ['index']=35, ['level']=74},
    [17088549] = {['id']=17088549, ['name']="AshuTalifCrew", ['index']=37, ['level']=73},
    [17088548] = {['id']=17088548, ['name']="AshuTalifCrew", ['index']=36, ['level']=73},
    [17088550] = {['id']=17088550, ['name']="AshuTalifCrew", ['index']=38, ['level']=73},
    [17088556] = {['id']=17088556, ['name']="AshuTalifCrew", ['index']=44, ['level']=75},
    [17088554] = {['id']=17088554, ['name']="AshuTalifCrew", ['index']=42, ['level']=74},
    [17088552] = {['id']=17088552, ['name']="AshuTalifCrew", ['index']=40, ['level']=74},
    [17088555] = {['id']=17088555, ['name']="AshuTalifCrew", ['index']=43, ['level']=75},
    [17088553] = {['id']=17088553, ['name']="AshuTalifCrew", ['index']=41, ['level']=74},
    [17088551] = {['id']=17088551, ['name']="AshuTalifCrew", ['index']=39, ['level']=75},
    [17088557] = {['id']=17088557, ['name']="HammerblowMaja", ['index']=45, ['level']=75},
    [17088560] = {['id']=17088560, ['name']="AshuTalifCrew", ['index']=48, ['level']=76},
    [17088561] = {['id']=17088561, ['name']="AshuTalifCrew", ['index']=49, ['level']=77},
    [17088564] = {['id']=17088564, ['name']="AshuTalifCrew", ['index']=52, ['level']=76},
    [17088565] = {['id']=17088565, ['name']="AshuTalifCrew", ['index']=53, ['level']=77},
    [17088570] = {['id']=17088570, ['name']="AshuTalifCrew", ['index']=58, ['level']=76},
    [17088573] = {['id']=17088573, ['name']="AshuTalifCrew", ['index']=61, ['level']=77},
    [17088567] = {['id']=17088567, ['name']="AshuTalifCrew", ['index']=55, ['level']=77},
    [17088558] = {['id']=17088558, ['name']="AshuTalifCrew", ['index']=46, ['level']=76},
    [17088563] = {['id']=17088563, ['name']="AshuTalifCrew", ['index']=51, ['level']=77},
    [17088559] = {['id']=17088559, ['name']="AshuTalifCrew", ['index']=47, ['level']=76},
    [17088562] = {['id']=17088562, ['name']="AshuTalifCrew", ['index']=50, ['level']=76},
    [17088566] = {['id']=17088566, ['name']="AshuTalifCrew", ['index']=54, ['level']=76},
    [17088568] = {['id']=17088568, ['name']="AshuTalifCrew", ['index']=56, ['level']=76},
    [17088569] = {['id']=17088569, ['name']="AshuTalifCrew", ['index']=57, ['level']=76},
    [17088571] = {['id']=17088571, ['name']="AshuTalifCrew", ['index']=59, ['level']=76},
    [17088572] = {['id']=17088572, ['name']="AshuTalifCrew", ['index']=60, ['level']=76},
    [17088594] = {['id']=17088594, ['name']="DeadpanDevilet", ['index']=82, ['level']=79},
    [17088595] = {['id']=17088595, ['name']="Dekka", ['index']=83, ['level']=80},
    [17088658] = {['id']=17088658, ['name']="Devilet", ['index']=146, ['level']=81},
    [17088659] = {['id']=17088659, ['name']="ArchaicGear", ['index']=147, ['level']=81},
    [17088663] = {['id']=17088663, ['name']="ArchaicGear", ['index']=151, ['level']=80},
    [17088666] = {['id']=17088666, ['name']="ArchaicGear", ['index']=154, ['level']=81},
    [17088665] = {['id']=17088665, ['name']="ArchaicGear", ['index']=153, ['level']=80},
    [17088664] = {['id']=17088664, ['name']="ArchaicGear", ['index']=152, ['level']=81},
    [17088662] = {['id']=17088662, ['name']="ArchaicGear", ['index']=150, ['level']=80},
    [17088661] = {['id']=17088661, ['name']="ArchaicGear", ['index']=149, ['level']=81},
    [17088660] = {['id']=17088660, ['name']="ArchaicGear", ['index']=148, ['level']=80},
    [17088667] = {['id']=17088667, ['name']="GyroscopicGear", ['index']=155, ['level']=80},
    [17088691] = {['id']=17088691, ['name']="ArchaicGears", ['index']=179, ['level']=80},
    [17088673] = {['id']=17088673, ['name']="ArchaicRampart", ['index']=161, ['level']=80},
    [17088677] = {['id']=17088677, ['name']="ArchaicRampart", ['index']=165, ['level']=80},
    [17088678] = {['id']=17088678, ['name']="Haunt", ['index']=166, ['level']=76},
    [17088690] = {['id']=17088690, ['name']="ArchaicGears", ['index']=178, ['level']=80},
    [17088676] = {['id']=17088676, ['name']="DoomMage", ['index']=164, ['level']=76},
    [17088692] = {['id']=17088692, ['name']="ArchaicGears", ['index']=180, ['level']=80},
    [17088687] = {['id']=17088687, ['name']="ArchaicGear", ['index']=175, ['level']=81},
    [17088686] = {['id']=17088686, ['name']="ArchaicGear", ['index']=174, ['level']=81},
    [17088685] = {['id']=17088685, ['name']="ArchaicGear", ['index']=173, ['level']=81},
    [17088689] = {['id']=17088689, ['name']="ArchaicGears", ['index']=177, ['level']=81},
    [17088674] = {['id']=17088674, ['name']="Haunt", ['index']=162, ['level']=75},
    [17088679] = {['id']=17088679, ['name']="Garm", ['index']=167, ['level']=75},
    [17088671] = {['id']=17088671, ['name']="Garm", ['index']=159, ['level']=75},
    [17088672] = {['id']=17088672, ['name']="GuardSkeleton", ['index']=160, ['level']=76},
    [17088684] = {['id']=17088684, ['name']="DoomMage", ['index']=172, ['level']=75},
    [17088688] = {['id']=17088688, ['name']="ArchaicGear", ['index']=176, ['level']=80},
    [17088681] = {['id']=17088681, ['name']="ArchaicRampart", ['index']=169, ['level']=81},
    [17088682] = {['id']=17088682, ['name']="Haunt", ['index']=170, ['level']=75},
    [17088670] = {['id']=17088670, ['name']="Haunt", ['index']=158, ['level']=75},
    [17088675] = {['id']=17088675, ['name']="Garm", ['index']=163, ['level']=75},
    [17088680] = {['id']=17088680, ['name']="GuardSkeleton", ['index']=168, ['level']=75},
    [17088683] = {['id']=17088683, ['name']="Garm", ['index']=171, ['level']=75},
    [17088669] = {['id']=17088669, ['name']="ArchaicRampart", ['index']=157, ['level']=80},
    [17088718] = {['id']=17088718, ['name']="ArchaicGear", ['index']=206, ['level']=81},
    [17088720] = {['id']=17088720, ['name']="ArchaicGears", ['index']=208, ['level']=82},
    [17088721] = {['id']=17088721, ['name']="ArchaicGears", ['index']=209, ['level']=82},
    [17088724] = {['id']=17088724, ['name']="ArchaicGears", ['index']=212, ['level']=81},
    [17088725] = {['id']=17088725, ['name']="ArchaicGears", ['index']=213, ['level']=81},
    [17088719] = {['id']=17088719, ['name']="ArchaicGear", ['index']=207, ['level']=81},
    [17088723] = {['id']=17088723, ['name']="ArchaicGear", ['index']=211, ['level']=81},
    [17088722] = {['id']=17088722, ['name']="ArchaicGear", ['index']=210, ['level']=81},
    [17088727] = {['id']=17088727, ['name']="ArchaicRampart", ['index']=215, ['level']=82},
    [17088731] = {['id']=17088731, ['name']="ArchaicRampart", ['index']=219, ['level']=81},
    [17088726] = {['id']=17088726, ['name']="ArchaicChariot", ['index']=214, ['level']=82},
    [17088735] = {['id']=17088735, ['name']="ArchaicRampart", ['index']=223, ['level']=82},
    [17088739] = {['id']=17088739, ['name']="ArchaicRampart", ['index']=227, ['level']=81},
    [17088733] = {['id']=17088733, ['name']="SandLizard", ['index']=221, ['level']=77},
    [17088730] = {['id']=17088730, ['name']="Deinonychus", ['index']=218, ['level']=76},
    [17088746] = {['id']=17088746, ['name']="ArchaicGears", ['index']=234, ['level']=81},
    [17088743] = {['id']=17088743, ['name']="ArchaicGear", ['index']=231, ['level']=81},
    [17088745] = {['id']=17088745, ['name']="ArchaicGears", ['index']=233, ['level']=82},
    [17088744] = {['id']=17088744, ['name']="ArchaicGear", ['index']=232, ['level']=82},
    [17088747] = {['id']=17088747, ['name']="ArchaicGear", ['index']=235, ['level']=82},
    [17088749] = {['id']=17088749, ['name']="ArchaicGears", ['index']=237, ['level']=82},
    [17088748] = {['id']=17088748, ['name']="ArchaicGear", ['index']=236, ['level']=82},
    [17088750] = {['id']=17088750, ['name']="ArchaicGears", ['index']=238, ['level']=82},
    [17088786] = {['id']=17088786, ['name']="Long-ArmedChar", ['index']=274, ['level']=83},
    [17088513] = {['id']=17088513, ['name']="AshuTalifCrew", ['index']=1, ['level']=73},
    [17088521] = {['id']=17088521, ['name']="AshuTalifCrew", ['index']=9, ['level']=73},
    [17088520] = {['id']=17088520, ['name']="AshuTalifCrew", ['index']=8, ['level']=73},
    [17088515] = {['id']=17088515, ['name']="AshuTalifCrew", ['index']=3, ['level']=74},
    [17088514] = {['id']=17088514, ['name']="AshuTalifCrew", ['index']=2, ['level']=74},
    [17088519] = {['id']=17088519, ['name']="AshuTalifCrew", ['index']=7, ['level']=73},
    [17088516] = {['id']=17088516, ['name']="AshuTalifCrew", ['index']=4, ['level']=73},
    [17088517] = {['id']=17088517, ['name']="AshuTalifCrew", ['index']=5, ['level']=73},
    [17088518] = {['id']=17088518, ['name']="AshuTalifCrew", ['index']=6, ['level']=73},
    [17088522] = {['id']=17088522, ['name']="AshuTalifCrew", ['index']=10, ['level']=73},
    [17088523] = {['id']=17088523, ['name']="AshuTalifCrew", ['index']=11, ['level']=73},
    [17088524] = {['id']=17088524, ['name']="AshuTalifCrew", ['index']=12, ['level']=74},
    [17088525] = {['id']=17088525, ['name']="AshuTalifCrew", ['index']=13, ['level']=73},
    [17088527] = {['id']=17088527, ['name']="AshuTalifCrew", ['index']=15, ['level']=75},
    [17088526] = {['id']=17088526, ['name']="AshuTalifCrew", ['index']=14, ['level']=75},
    [17088532] = {['id']=17088532, ['name']="AshuTalifCrew", ['index']=20, ['level']=74},
    [17088531] = {['id']=17088531, ['name']="AshuTalifCrew", ['index']=19, ['level']=75},
    [17088533] = {['id']=17088533, ['name']="AshuTalifCrew", ['index']=21, ['level']=75},
    [17088530] = {['id']=17088530, ['name']="AshuTalifCrew", ['index']=18, ['level']=74},
    [17088529] = {['id']=17088529, ['name']="AshuTalifCrew", ['index']=17, ['level']=74},
    [17088528] = {['id']=17088528, ['name']="AshuTalifCrew", ['index']=16, ['level']=74},
    [17088560] = {['id']=17088560, ['name']="AshuTalifCrew", ['index']=48, ['level']=77},
    [17088562] = {['id']=17088562, ['name']="AshuTalifCrew", ['index']=50, ['level']=77},
    [17088563] = {['id']=17088563, ['name']="AshuTalifCrew", ['index']=51, ['level']=76},
    [17088566] = {['id']=17088566, ['name']="AshuTalifCrew", ['index']=54, ['level']=76},
    [17088567] = {['id']=17088567, ['name']="AshuTalifCrew", ['index']=55, ['level']=77},
    [17088568] = {['id']=17088568, ['name']="AshuTalifCrew", ['index']=56, ['level']=77},
    [17088569] = {['id']=17088569, ['name']="AshuTalifCrew", ['index']=57, ['level']=76},
    [17088570] = {['id']=17088570, ['name']="AshuTalifCrew", ['index']=58, ['level']=76},
    [17088571] = {['id']=17088571, ['name']="AshuTalifCrew", ['index']=59, ['level']=76},
    [17088572] = {['id']=17088572, ['name']="AshuTalifCrew", ['index']=60, ['level']=77},
    [17088573] = {['id']=17088573, ['name']="AshuTalifCrew", ['index']=61, ['level']=77},
    [17088561] = {['id']=17088561, ['name']="AshuTalifCrew", ['index']=49, ['level']=76},
    [17088565] = {['id']=17088565, ['name']="AshuTalifCrew", ['index']=53, ['level']=77},
    [17088564] = {['id']=17088564, ['name']="AshuTalifCrew", ['index']=52, ['level']=77},
    [17088559] = {['id']=17088559, ['name']="AshuTalifCrew", ['index']=47, ['level']=76},
    [17088558] = {['id']=17088558, ['name']="AshuTalifCrew", ['index']=46, ['level']=76},
    [17088605] = {['id']=17088605, ['name']="AshuTalifCrew", ['index']=93, ['level']=78},
    [17088612] = {['id']=17088612, ['name']="AshuTalifCrew", ['index']=100, ['level']=79},
    [17088597] = {['id']=17088597, ['name']="Devilet", ['index']=85, ['level']=79},
    [17088604] = {['id']=17088604, ['name']="AshuTalifCrew", ['index']=92, ['level']=79},
    [17088609] = {['id']=17088609, ['name']="AshuTalifCrew", ['index']=97, ['level']=79},
    [17088613] = {['id']=17088613, ['name']="AshuTalifCrew", ['index']=101, ['level']=79},
    [17088611] = {['id']=17088611, ['name']="AshuTalifCrew", ['index']=99, ['level']=79},
    [17088616] = {['id']=17088616, ['name']="AshuTalifCrew", ['index']=104, ['level']=79},
    [17088610] = {['id']=17088610, ['name']="AshuTalifCrew", ['index']=98, ['level']=78},
    [17088602] = {['id']=17088602, ['name']="AshuTalifCrew", ['index']=90, ['level']=79},
    [17088603] = {['id']=17088603, ['name']="AshuTalifCrew", ['index']=91, ['level']=79},
    [17088606] = {['id']=17088606, ['name']="AshuTalifCrew", ['index']=94, ['level']=79},
    [17088599] = {['id']=17088599, ['name']="Devilet", ['index']=87, ['level']=80},
    [17088600] = {['id']=17088600, ['name']="Devilet", ['index']=88, ['level']=79},
    [17088598] = {['id']=17088598, ['name']="Devilet", ['index']=86, ['level']=80},
    [17088608] = {['id']=17088608, ['name']="AshuTalifCrew", ['index']=96, ['level']=79},
    [17088614] = {['id']=17088614, ['name']="AshuTalifCrew", ['index']=102, ['level']=78},
    [17088615] = {['id']=17088615, ['name']="AshuTalifCrew", ['index']=103, ['level']=78},
    [17088601] = {['id']=17088601, ['name']="AshuTalifCrew", ['index']=89, ['level']=79},
    [17088607] = {['id']=17088607, ['name']="AshuTalifCrew", ['index']=95, ['level']=79},
    [17088642] = {['id']=17088642, ['name']="ArchaicRampart", ['index']=130, ['level']=80},
    [17088646] = {['id']=17088646, ['name']="ArchaicRampart", ['index']=134, ['level']=80},
    [17088654] = {['id']=17088654, ['name']="ArchaicGear", ['index']=142, ['level']=81},
    [17088657] = {['id']=17088657, ['name']="ArchaicGears", ['index']=145, ['level']=80},
    [17088655] = {['id']=17088655, ['name']="ArchaicGear", ['index']=143, ['level']=81},
    [17088650] = {['id']=17088650, ['name']="ArchaicRampart", ['index']=138, ['level']=81},
    [17088656] = {['id']=17088656, ['name']="ArchaicGears", ['index']=144, ['level']=80},
    [17088638] = {['id']=17088638, ['name']="ArchaicRampart", ['index']=126, ['level']=81},
    [17088639] = {['id']=17088639, ['name']="Haunt", ['index']=127, ['level']=76},
    [17088645] = {['id']=17088645, ['name']="DoomMage", ['index']=133, ['level']=76},
    [17088652] = {['id']=17088652, ['name']="Garm", ['index']=140, ['level']=75},
    [17088640] = {['id']=17088640, ['name']="Garm", ['index']=128, ['level']=75},
    [17088643] = {['id']=17088643, ['name']="Haunt", ['index']=131, ['level']=75},
    [17088653] = {['id']=17088653, ['name']="DoomMage", ['index']=141, ['level']=76},
    [17088647] = {['id']=17088647, ['name']="Haunt", ['index']=135, ['level']=75},
    [17088648] = {['id']=17088648, ['name']="Garm", ['index']=136, ['level']=76},
    [17088641] = {['id']=17088641, ['name']="GuardSkeleton", ['index']=129, ['level']=75},
    [17088644] = {['id']=17088644, ['name']="Garm", ['index']=132, ['level']=76},
    [17088649] = {['id']=17088649, ['name']="GuardSkeleton", ['index']=137, ['level']=75},
    [17088651] = {['id']=17088651, ['name']="Haunt", ['index']=139, ['level']=76},
    [17088716] = {['id']=17088716, ['name']="ArchaicGears", ['index']=204, ['level']=80},
    [17088697] = {['id']=17088697, ['name']="ArchaicRampart", ['index']=185, ['level']=81},
    [17088705] = {['id']=17088705, ['name']="ArchaicRampart", ['index']=193, ['level']=81},
    [17088709] = {['id']=17088709, ['name']="ArchaicGear", ['index']=197, ['level']=81},
    [17088713] = {['id']=17088713, ['name']="ArchaicGears", ['index']=201, ['level']=80},
    [17088714] = {['id']=17088714, ['name']="ArchaicGears", ['index']=202, ['level']=81},
    [17088715] = {['id']=17088715, ['name']="ArchaicGears", ['index']=203, ['level']=81},
    [17088710] = {['id']=17088710, ['name']="ArchaicGear", ['index']=198, ['level']=81},
    [17088693] = {['id']=17088693, ['name']="ArchaicRampart", ['index']=181, ['level']=80},
    [17088701] = {['id']=17088701, ['name']="ArchaicRampart", ['index']=189, ['level']=81},
    [17088711] = {['id']=17088711, ['name']="ArchaicGear", ['index']=199, ['level']=80},
    [17088712] = {['id']=17088712, ['name']="ArchaicGear", ['index']=200, ['level']=81},
    [17088717] = {['id']=17088717, ['name']="GyroscopicGear", ['index']=205, ['level']=82},
    [17088766] = {['id']=17088766, ['name']="ArchaicGears", ['index']=254, ['level']=82},
    [17088768] = {['id']=17088768, ['name']="ArchaicRampart", ['index']=256, ['level']=81},
    [17088757] = {['id']=17088757, ['name']="ArchaicGears", ['index']=245, ['level']=81},
    [17088762] = {['id']=17088762, ['name']="ArchaicGears", ['index']=250, ['level']=82},
    [17088759] = {['id']=17088759, ['name']="ArchaicGears", ['index']=247, ['level']=82},
    [17088758] = {['id']=17088758, ['name']="ArchaicGears", ['index']=246, ['level']=82},
    [17088763] = {['id']=17088763, ['name']="ArchaicGears", ['index']=251, ['level']=82},
    [17088772] = {['id']=17088772, ['name']="ArchaicRampart", ['index']=260, ['level']=82},
    [17088760] = {['id']=17088760, ['name']="ArchaicGears", ['index']=248, ['level']=82},
    [17088761] = {['id']=17088761, ['name']="ArchaicGears", ['index']=249, ['level']=81},
    [17088765] = {['id']=17088765, ['name']="ArchaicGears", ['index']=253, ['level']=82},
    [17088764] = {['id']=17088764, ['name']="ArchaicGears", ['index']=252, ['level']=82},
    [17088767] = {['id']=17088767, ['name']="ArchaicChariot", ['index']=255, ['level']=81},
    [17088776] = {['id']=17088776, ['name']="ArchaicRampart", ['index']=264, ['level']=82},
    [17088780] = {['id']=17088780, ['name']="ArchaicRampart", ['index']=268, ['level']=82},
    [17088751] = {['id']=17088751, ['name']="ArchaicGear", ['index']=239, ['level']=81},
    [17088752] = {['id']=17088752, ['name']="ArchaicGear", ['index']=240, ['level']=82},
    [17088755] = {['id']=17088755, ['name']="ArchaicGear", ['index']=243, ['level']=82},
    [17088754] = {['id']=17088754, ['name']="ArchaicGear", ['index']=242, ['level']=82},
    [17088756] = {['id']=17088756, ['name']="ArchaicGear", ['index']=244, ['level']=82},
    [17088753] = {['id']=17088753, ['name']="ArchaicGear", ['index']=241, ['level']=81},
    [17088786] = {['id']=17088786, ['name']="Long-ArmedChar", ['index']=274, ['level']=83},
    [17088534] = {['id']=17088534, ['name']="AshuTalifCrew", ['index']=22, ['level']=72},
    [17088543] = {['id']=17088543, ['name']="AshuTalifCrew", ['index']=31, ['level']=74},
    [17088545] = {['id']=17088545, ['name']="AshuTalifCrew", ['index']=33, ['level']=73},
    [17088544] = {['id']=17088544, ['name']="AshuTalifCrew", ['index']=32, ['level']=74},
    [17088546] = {['id']=17088546, ['name']="AshuTalifCrew", ['index']=34, ['level']=73},
    [17088542] = {['id']=17088542, ['name']="AshuTalifCrew", ['index']=30, ['level']=74},
    [17088541] = {['id']=17088541, ['name']="AshuTalifCrew", ['index']=29, ['level']=73},
    [17088540] = {['id']=17088540, ['name']="AshuTalifCrew", ['index']=28, ['level']=73},
    [17088537] = {['id']=17088537, ['name']="AshuTalifCrew", ['index']=25, ['level']=74},
    [17088535] = {['id']=17088535, ['name']="AshuTalifCrew", ['index']=23, ['level']=73},
    [17088538] = {['id']=17088538, ['name']="AshuTalifCrew", ['index']=26, ['level']=74},
    [17088536] = {['id']=17088536, ['name']="AshuTalifCrew", ['index']=24, ['level']=73},
    [17088547] = {['id']=17088547, ['name']="AshuTalifCrew", ['index']=35, ['level']=74},
    [17088548] = {['id']=17088548, ['name']="AshuTalifCrew", ['index']=36, ['level']=74},
    [17088550] = {['id']=17088550, ['name']="AshuTalifCrew", ['index']=38, ['level']=74},
    [17088549] = {['id']=17088549, ['name']="AshuTalifCrew", ['index']=37, ['level']=73},
    [17088555] = {['id']=17088555, ['name']="AshuTalifCrew", ['index']=43, ['level']=75},
    [17088556] = {['id']=17088556, ['name']="AshuTalifCrew", ['index']=44, ['level']=75},
    [17088551] = {['id']=17088551, ['name']="AshuTalifCrew", ['index']=39, ['level']=75},
    [17088552] = {['id']=17088552, ['name']="AshuTalifCrew", ['index']=40, ['level']=74},
    [17088553] = {['id']=17088553, ['name']="AshuTalifCrew", ['index']=41, ['level']=74},
    [17088554] = {['id']=17088554, ['name']="AshuTalifCrew", ['index']=42, ['level']=75},
    [17088557] = {['id']=17088557, ['name']="HammerblowMaja", ['index']=45, ['level']=76},
    [17088560] = {['id']=17088560, ['name']="AshuTalifCrew", ['index']=48, ['level']=76},
    [17088562] = {['id']=17088562, ['name']="AshuTalifCrew", ['index']=50, ['level']=76},
    [17088565] = {['id']=17088565, ['name']="AshuTalifCrew", ['index']=53, ['level']=77},
    [17088566] = {['id']=17088566, ['name']="AshuTalifCrew", ['index']=54, ['level']=77},
    [17088567] = {['id']=17088567, ['name']="AshuTalifCrew", ['index']=55, ['level']=76},
    [17088568] = {['id']=17088568, ['name']="AshuTalifCrew", ['index']=56, ['level']=76},
    [17088569] = {['id']=17088569, ['name']="AshuTalifCrew", ['index']=57, ['level']=76},
    [17088571] = {['id']=17088571, ['name']="AshuTalifCrew", ['index']=59, ['level']=77},
    [17088573] = {['id']=17088573, ['name']="AshuTalifCrew", ['index']=61, ['level']=76},
    [17088570] = {['id']=17088570, ['name']="AshuTalifCrew", ['index']=58, ['level']=77},
    [17088561] = {['id']=17088561, ['name']="AshuTalifCrew", ['index']=49, ['level']=77},
    [17088563] = {['id']=17088563, ['name']="AshuTalifCrew", ['index']=51, ['level']=76},
    [17088564] = {['id']=17088564, ['name']="AshuTalifCrew", ['index']=52, ['level']=77},
    [17088572] = {['id']=17088572, ['name']="AshuTalifCrew", ['index']=60, ['level']=76},
    [17088559] = {['id']=17088559, ['name']="AshuTalifCrew", ['index']=47, ['level']=76},
    [17088558] = {['id']=17088558, ['name']="AshuTalifCrew", ['index']=46, ['level']=76},
    [17088579] = {['id']=17088579, ['name']="AshuTalifCrew", ['index']=67, ['level']=78},
    [17088581] = {['id']=17088581, ['name']="AshuTalifCrew", ['index']=69, ['level']=79},
    [17088574] = {['id']=17088574, ['name']="HeraldicImp", ['index']=62, ['level']=79},
    [17088577] = {['id']=17088577, ['name']="HeraldicImp", ['index']=65, ['level']=80},
    [17088580] = {['id']=17088580, ['name']="AshuTalifCrew", ['index']=68, ['level']=79},
    [17088584] = {['id']=17088584, ['name']="AshuTalifCrew", ['index']=72, ['level']=79},
    [17088585] = {['id']=17088585, ['name']="AshuTalifCrew", ['index']=73, ['level']=79},
    [17088586] = {['id']=17088586, ['name']="AshuTalifCrew", ['index']=74, ['level']=79},
    [17088589] = {['id']=17088589, ['name']="AshuTalifCrew", ['index']=77, ['level']=78},
    [17088592] = {['id']=17088592, ['name']="AshuTalifCrew", ['index']=80, ['level']=79},
    [17088590] = {['id']=17088590, ['name']="AshuTalifCrew", ['index']=78, ['level']=79},
    [17088576] = {['id']=17088576, ['name']="HeraldicImp", ['index']=64, ['level']=79},
    [17088593] = {['id']=17088593, ['name']="AshuTalifCrew", ['index']=81, ['level']=78},
    [17088582] = {['id']=17088582, ['name']="AshuTalifCrew", ['index']=70, ['level']=78},
    [17088591] = {['id']=17088591, ['name']="AshuTalifCrew", ['index']=79, ['level']=79},
    [17088575] = {['id']=17088575, ['name']="HeraldicImp", ['index']=63, ['level']=80},
    [17088583] = {['id']=17088583, ['name']="AshuTalifCrew", ['index']=71, ['level']=79},
    [17088578] = {['id']=17088578, ['name']="AshuTalifCrew", ['index']=66, ['level']=79},
    [17088587] = {['id']=17088587, ['name']="AshuTalifCrew", ['index']=75, ['level']=79},
    [17088588] = {['id']=17088588, ['name']="AshuTalifCrew", ['index']=76, ['level']=79},
    [17088638] = {['id']=17088638, ['name']="ArchaicRampart", ['index']=126, ['level']=81},
    [17088650] = {['id']=17088650, ['name']="ArchaicRampart", ['index']=138, ['level']=81},
    [17088654] = {['id']=17088654, ['name']="ArchaicGear", ['index']=142, ['level']=80},
    [17088656] = {['id']=17088656, ['name']="ArchaicGears", ['index']=144, ['level']=80},
    [17088655] = {['id']=17088655, ['name']="ArchaicGear", ['index']=143, ['level']=80},
    [17088646] = {['id']=17088646, ['name']="ArchaicRampart", ['index']=134, ['level']=80},
    [17088642] = {['id']=17088642, ['name']="ArchaicRampart", ['index']=130, ['level']=80},
    [17088657] = {['id']=17088657, ['name']="ArchaicGears", ['index']=145, ['level']=81},
    [17088645] = {['id']=17088645, ['name']="DoomMage", ['index']=133, ['level']=75},
    [17088652] = {['id']=17088652, ['name']="Garm", ['index']=140, ['level']=75},
    [17088643] = {['id']=17088643, ['name']="Haunt", ['index']=131, ['level']=75},
    [17088653] = {['id']=17088653, ['name']="DoomMage", ['index']=141, ['level']=75},
    [17088648] = {['id']=17088648, ['name']="Garm", ['index']=136, ['level']=76},
    [17088647] = {['id']=17088647, ['name']="Haunt", ['index']=135, ['level']=75},
    [17088644] = {['id']=17088644, ['name']="Garm", ['index']=132, ['level']=76},
    [17088673] = {['id']=17088673, ['name']="ArchaicRampart", ['index']=161, ['level']=81},
    [17088675] = {['id']=17088675, ['name']="Garm", ['index']=163, ['level']=75},
    [17088677] = {['id']=17088677, ['name']="ArchaicRampart", ['index']=165, ['level']=81},
    [17088678] = {['id']=17088678, ['name']="Haunt", ['index']=166, ['level']=76},
    [17088688] = {['id']=17088688, ['name']="ArchaicGear", ['index']=176, ['level']=81},
    [17088691] = {['id']=17088691, ['name']="ArchaicGears", ['index']=179, ['level']=80},
    [17088692] = {['id']=17088692, ['name']="ArchaicGears", ['index']=180, ['level']=80},
    [17088690] = {['id']=17088690, ['name']="ArchaicGears", ['index']=178, ['level']=80},
    [17088685] = {['id']=17088685, ['name']="ArchaicGear", ['index']=173, ['level']=80},
    [17088689] = {['id']=17088689, ['name']="ArchaicGears", ['index']=177, ['level']=80},
    [17088669] = {['id']=17088669, ['name']="ArchaicRampart", ['index']=157, ['level']=80},
    [17088671] = {['id']=17088671, ['name']="Garm", ['index']=159, ['level']=75},
    [17088686] = {['id']=17088686, ['name']="ArchaicGear", ['index']=174, ['level']=80},
    [17088672] = {['id']=17088672, ['name']="GuardSkeleton", ['index']=160, ['level']=76},
    [17088679] = {['id']=17088679, ['name']="Garm", ['index']=167, ['level']=76},
    [17088684] = {['id']=17088684, ['name']="DoomMage", ['index']=172, ['level']=75},
    [17088680] = {['id']=17088680, ['name']="GuardSkeleton", ['index']=168, ['level']=75},
    [17088683] = {['id']=17088683, ['name']="Garm", ['index']=171, ['level']=76},
    [17088670] = {['id']=17088670, ['name']="Haunt", ['index']=158, ['level']=76},
    [17088687] = {['id']=17088687, ['name']="ArchaicGear", ['index']=175, ['level']=80},
    [17088682] = {['id']=17088682, ['name']="Haunt", ['index']=170, ['level']=76},
    [17088681] = {['id']=17088681, ['name']="ArchaicRampart", ['index']=169, ['level']=81},
    [17088718] = {['id']=17088718, ['name']="ArchaicGear", ['index']=206, ['level']=81},
    [17088719] = {['id']=17088719, ['name']="ArchaicGear", ['index']=207, ['level']=81},
    [17088723] = {['id']=17088723, ['name']="ArchaicGear", ['index']=211, ['level']=81},
    [17088720] = {['id']=17088720, ['name']="ArchaicGears", ['index']=208, ['level']=81},
    [17088721] = {['id']=17088721, ['name']="ArchaicGears", ['index']=209, ['level']=82},
    [17088722] = {['id']=17088722, ['name']="ArchaicGear", ['index']=210, ['level']=81},
    [17088724] = {['id']=17088724, ['name']="ArchaicGears", ['index']=212, ['level']=81},
    [17088725] = {['id']=17088725, ['name']="ArchaicGears", ['index']=213, ['level']=82},
    [17088731] = {['id']=17088731, ['name']="ArchaicRampart", ['index']=219, ['level']=81},
    [17088726] = {['id']=17088726, ['name']="ArchaicChariot", ['index']=214, ['level']=82},
    [17088727] = {['id']=17088727, ['name']="ArchaicRampart", ['index']=215, ['level']=82},
    [17088735] = {['id']=17088735, ['name']="ArchaicRampart", ['index']=223, ['level']=82},
    [17088739] = {['id']=17088739, ['name']="ArchaicRampart", ['index']=227, ['level']=81},
    [17088743] = {['id']=17088743, ['name']="ArchaicGear", ['index']=231, ['level']=81},
    [17088746] = {['id']=17088746, ['name']="ArchaicGears", ['index']=234, ['level']=81},
    [17088745] = {['id']=17088745, ['name']="ArchaicGears", ['index']=233, ['level']=82},
    [17088744] = {['id']=17088744, ['name']="ArchaicGear", ['index']=232, ['level']=81},
    [17088747] = {['id']=17088747, ['name']="ArchaicGear", ['index']=235, ['level']=81},
    [17088748] = {['id']=17088748, ['name']="ArchaicGear", ['index']=236, ['level']=82},
    [17088749] = {['id']=17088749, ['name']="ArchaicGears", ['index']=237, ['level']=81},
    [17088750] = {['id']=17088750, ['name']="ArchaicGears", ['index']=238, ['level']=82},
    [17088786] = {['id']=17088786, ['name']="Long-ArmedChar", ['index']=274, ['level']=83},
    [17088513] = {['id']=17088513, ['name']="AshuTalifCrew", ['index']=1, ['level']=72},
    [17088520] = {['id']=17088520, ['name']="AshuTalifCrew", ['index']=8, ['level']=73},
    [17088521] = {['id']=17088521, ['name']="AshuTalifCrew", ['index']=9, ['level']=74},
    [17088518] = {['id']=17088518, ['name']="AshuTalifCrew", ['index']=6, ['level']=74},
    [17088514] = {['id']=17088514, ['name']="AshuTalifCrew", ['index']=2, ['level']=73},
    [17088517] = {['id']=17088517, ['name']="AshuTalifCrew", ['index']=5, ['level']=73},
    [17088519] = {['id']=17088519, ['name']="AshuTalifCrew", ['index']=7, ['level']=74},
    [17088515] = {['id']=17088515, ['name']="AshuTalifCrew", ['index']=3, ['level']=73},
    [17088516] = {['id']=17088516, ['name']="AshuTalifCrew", ['index']=4, ['level']=74},
    [17088523] = {['id']=17088523, ['name']="AshuTalifCrew", ['index']=11, ['level']=74},
    [17088524] = {['id']=17088524, ['name']="AshuTalifCrew", ['index']=12, ['level']=73},
    [17088525] = {['id']=17088525, ['name']="AshuTalifCrew", ['index']=13, ['level']=74},
    [17088530] = {['id']=17088530, ['name']="AshuTalifCrew", ['index']=18, ['level']=74},
    [17088528] = {['id']=17088528, ['name']="AshuTalifCrew", ['index']=16, ['level']=74},
    [17088529] = {['id']=17088529, ['name']="AshuTalifCrew", ['index']=17, ['level']=75},
    [17088526] = {['id']=17088526, ['name']="AshuTalifCrew", ['index']=14, ['level']=74},
    [17088531] = {['id']=17088531, ['name']="AshuTalifCrew", ['index']=19, ['level']=74},
    [17088527] = {['id']=17088527, ['name']="AshuTalifCrew", ['index']=15, ['level']=74},
    [17088532] = {['id']=17088532, ['name']="AshuTalifCrew", ['index']=20, ['level']=75},
    [17088533] = {['id']=17088533, ['name']="AshuTalifCrew", ['index']=21, ['level']=74},
    [17088522] = {['id']=17088522, ['name']="AshuTalifCrew", ['index']=10, ['level']=73},
    [17088559] = {['id']=17088559, ['name']="AshuTalifCrew", ['index']=47, ['level']=76},
    [17088563] = {['id']=17088563, ['name']="AshuTalifCrew", ['index']=51, ['level']=76},
    [17088567] = {['id']=17088567, ['name']="AshuTalifCrew", ['index']=55, ['level']=77},
    [17088569] = {['id']=17088569, ['name']="AshuTalifCrew", ['index']=57, ['level']=77},
    [17088571] = {['id']=17088571, ['name']="AshuTalifCrew", ['index']=59, ['level']=77},
    [17088572] = {['id']=17088572, ['name']="AshuTalifCrew", ['index']=60, ['level']=77},
    [17088570] = {['id']=17088570, ['name']="AshuTalifCrew", ['index']=58, ['level']=76},
    [17088560] = {['id']=17088560, ['name']="AshuTalifCrew", ['index']=48, ['level']=77},
    [17088561] = {['id']=17088561, ['name']="AshuTalifCrew", ['index']=49, ['level']=76},
    [17088566] = {['id']=17088566, ['name']="AshuTalifCrew", ['index']=54, ['level']=76},
    [17088568] = {['id']=17088568, ['name']="AshuTalifCrew", ['index']=56, ['level']=76},
    [17088564] = {['id']=17088564, ['name']="AshuTalifCrew", ['index']=52, ['level']=77},
    [17088562] = {['id']=17088562, ['name']="AshuTalifCrew", ['index']=50, ['level']=76},
    [17088558] = {['id']=17088558, ['name']="AshuTalifCrew", ['index']=46, ['level']=76},
    [17088573] = {['id']=17088573, ['name']="AshuTalifCrew", ['index']=61, ['level']=77},
    [17088565] = {['id']=17088565, ['name']="AshuTalifCrew", ['index']=53, ['level']=76},
    [17088624] = {['id']=17088624, ['name']="AshuTalifCrew", ['index']=112, ['level']=79},
    [17088626] = {['id']=17088626, ['name']="AshuTalifCrew", ['index']=114, ['level']=78},
    [17088627] = {['id']=17088627, ['name']="AshuTalifCrew", ['index']=115, ['level']=78},
    [17088634] = {['id']=17088634, ['name']="AshuTalifCrew", ['index']=122, ['level']=79},
    [17088618] = {['id']=17088618, ['name']="HeraldicImp", ['index']=106, ['level']=80},
    [17088633] = {['id']=17088633, ['name']="AshuTalifCrew", ['index']=121, ['level']=79},
    [17088630] = {['id']=17088630, ['name']="AshuTalifCrew", ['index']=118, ['level']=78},
    [17088629] = {['id']=17088629, ['name']="AshuTalifCrew", ['index']=117, ['level']=79},
    [17088621] = {['id']=17088621, ['name']="HeraldicImp", ['index']=109, ['level']=80},
    [17088622] = {['id']=17088622, ['name']="AshuTalifCrew", ['index']=110, ['level']=78},
    [17088625] = {['id']=17088625, ['name']="AshuTalifCrew", ['index']=113, ['level']=78},
    [17088635] = {['id']=17088635, ['name']="AshuTalifCrew", ['index']=123, ['level']=78},
    [17088623] = {['id']=17088623, ['name']="AshuTalifCrew", ['index']=111, ['level']=78},
    [17088636] = {['id']=17088636, ['name']="AshuTalifCrew", ['index']=124, ['level']=79},
    [17088631] = {['id']=17088631, ['name']="AshuTalifCrew", ['index']=119, ['level']=79},
    [17088628] = {['id']=17088628, ['name']="AshuTalifCrew", ['index']=116, ['level']=79},
    [17088632] = {['id']=17088632, ['name']="AshuTalifCrew", ['index']=120, ['level']=79},
    [17088619] = {['id']=17088619, ['name']="HeraldicImp", ['index']=107, ['level']=80},
    [17088620] = {['id']=17088620, ['name']="HeraldicImp", ['index']=108, ['level']=80},
    [17088637] = {['id']=17088637, ['name']="AshuTalifCrew", ['index']=125, ['level']=79},
    [17088658] = {['id']=17088658, ['name']="Devilet", ['index']=146, ['level']=80},
    [17088659] = {['id']=17088659, ['name']="ArchaicGear", ['index']=147, ['level']=81},
    [17088662] = {['id']=17088662, ['name']="ArchaicGear", ['index']=150, ['level']=80},
    [17088663] = {['id']=17088663, ['name']="ArchaicGear", ['index']=151, ['level']=81},
    [17088665] = {['id']=17088665, ['name']="ArchaicGear", ['index']=153, ['level']=80},
    [17088660] = {['id']=17088660, ['name']="ArchaicGear", ['index']=148, ['level']=80},
    [17088664] = {['id']=17088664, ['name']="ArchaicGear", ['index']=152, ['level']=80},
    [17088661] = {['id']=17088661, ['name']="ArchaicGear", ['index']=149, ['level']=81},
    [17088666] = {['id']=17088666, ['name']="ArchaicGear", ['index']=154, ['level']=81},
    [17088667] = {['id']=17088667, ['name']="GyroscopicGear", ['index']=155, ['level']=80},
    [17088534] = {['id']=17088534, ['name']="AshuTalifCrew", ['index']=22, ['level']=72},
    [17088543] = {['id']=17088543, ['name']="AshuTalifCrew", ['index']=31, ['level']=74},
    [17088545] = {['id']=17088545, ['name']="AshuTalifCrew", ['index']=33, ['level']=73},
    [17088544] = {['id']=17088544, ['name']="AshuTalifCrew", ['index']=32, ['level']=74},
    [17088546] = {['id']=17088546, ['name']="AshuTalifCrew", ['index']=34, ['level']=73},
    [17088542] = {['id']=17088542, ['name']="AshuTalifCrew", ['index']=30, ['level']=74},
    [17088541] = {['id']=17088541, ['name']="AshuTalifCrew", ['index']=29, ['level']=73},
    [17088540] = {['id']=17088540, ['name']="AshuTalifCrew", ['index']=28, ['level']=74},
    [17088539] = {['id']=17088539, ['name']="AshuTalifCrew", ['index']=27, ['level']=73},
    [17088535] = {['id']=17088535, ['name']="AshuTalifCrew", ['index']=23, ['level']=73},
    [17088537] = {['id']=17088537, ['name']="AshuTalifCrew", ['index']=25, ['level']=74},
    [17088538] = {['id']=17088538, ['name']="AshuTalifCrew", ['index']=26, ['level']=73},
    [17088536] = {['id']=17088536, ['name']="AshuTalifCrew", ['index']=24, ['level']=73},
    [17088547] = {['id']=17088547, ['name']="AshuTalifCrew", ['index']=35, ['level']=74},
    [17088548] = {['id']=17088548, ['name']="AshuTalifCrew", ['index']=36, ['level']=74},
    [17088549] = {['id']=17088549, ['name']="AshuTalifCrew", ['index']=37, ['level']=74},
    [17088550] = {['id']=17088550, ['name']="AshuTalifCrew", ['index']=38, ['level']=73},
    [17088556] = {['id']=17088556, ['name']="AshuTalifCrew", ['index']=44, ['level']=75},
    [17088552] = {['id']=17088552, ['name']="AshuTalifCrew", ['index']=40, ['level']=74},
    [17088554] = {['id']=17088554, ['name']="AshuTalifCrew", ['index']=42, ['level']=74},
    [17088555] = {['id']=17088555, ['name']="AshuTalifCrew", ['index']=43, ['level']=75},
    [17088553] = {['id']=17088553, ['name']="AshuTalifCrew", ['index']=41, ['level']=74},
    [17088551] = {['id']=17088551, ['name']="AshuTalifCrew", ['index']=39, ['level']=75},
    [17088557] = {['id']=17088557, ['name']="HammerblowMaja", ['index']=45, ['level']=76},
    [17088560] = {['id']=17088560, ['name']="AshuTalifCrew", ['index']=48, ['level']=76},
    [17088561] = {['id']=17088561, ['name']="AshuTalifCrew", ['index']=49, ['level']=77},
    [17088562] = {['id']=17088562, ['name']="AshuTalifCrew", ['index']=50, ['level']=77},
    [17088563] = {['id']=17088563, ['name']="AshuTalifCrew", ['index']=51, ['level']=77},
    [17088564] = {['id']=17088564, ['name']="AshuTalifCrew", ['index']=52, ['level']=77},
    [17088566] = {['id']=17088566, ['name']="AshuTalifCrew", ['index']=54, ['level']=76},
    [17088571] = {['id']=17088571, ['name']="AshuTalifCrew", ['index']=59, ['level']=76},
    [17088572] = {['id']=17088572, ['name']="AshuTalifCrew", ['index']=60, ['level']=76},
    [17088573] = {['id']=17088573, ['name']="AshuTalifCrew", ['index']=61, ['level']=76},
    [17088569] = {['id']=17088569, ['name']="AshuTalifCrew", ['index']=57, ['level']=77},
    [17088559] = {['id']=17088559, ['name']="AshuTalifCrew", ['index']=47, ['level']=76},
    [17088567] = {['id']=17088567, ['name']="AshuTalifCrew", ['index']=55, ['level']=76},
    [17088568] = {['id']=17088568, ['name']="AshuTalifCrew", ['index']=56, ['level']=77},
    [17088570] = {['id']=17088570, ['name']="AshuTalifCrew", ['index']=58, ['level']=76},
    [17088565] = {['id']=17088565, ['name']="AshuTalifCrew", ['index']=53, ['level']=77},
    [17088558] = {['id']=17088558, ['name']="AshuTalifCrew", ['index']=46, ['level']=76},
    [17088599] = {['id']=17088599, ['name']="Devilet", ['index']=87, ['level']=79},
    [17088600] = {['id']=17088600, ['name']="Devilet", ['index']=88, ['level']=79},
    [17088602] = {['id']=17088602, ['name']="AshuTalifCrew", ['index']=90, ['level']=79},
    [17088604] = {['id']=17088604, ['name']="AshuTalifCrew", ['index']=92, ['level']=78},
    [17088610] = {['id']=17088610, ['name']="AshuTalifCrew", ['index']=98, ['level']=79},
    [17088611] = {['id']=17088611, ['name']="AshuTalifCrew", ['index']=99, ['level']=79},
    [17088612] = {['id']=17088612, ['name']="AshuTalifCrew", ['index']=100, ['level']=78},
    [17088614] = {['id']=17088614, ['name']="AshuTalifCrew", ['index']=102, ['level']=79},
    [17088601] = {['id']=17088601, ['name']="AshuTalifCrew", ['index']=89, ['level']=79},
    [17088609] = {['id']=17088609, ['name']="AshuTalifCrew", ['index']=97, ['level']=79},
    [17088613] = {['id']=17088613, ['name']="AshuTalifCrew", ['index']=101, ['level']=78},
    [17088598] = {['id']=17088598, ['name']="Devilet", ['index']=86, ['level']=80},
    [17088603] = {['id']=17088603, ['name']="AshuTalifCrew", ['index']=91, ['level']=78},
    [17088597] = {['id']=17088597, ['name']="Devilet", ['index']=85, ['level']=80},
    [17088605] = {['id']=17088605, ['name']="AshuTalifCrew", ['index']=93, ['level']=78},
    [17088606] = {['id']=17088606, ['name']="AshuTalifCrew", ['index']=94, ['level']=79},
    [17088615] = {['id']=17088615, ['name']="AshuTalifCrew", ['index']=103, ['level']=78},
    [17088607] = {['id']=17088607, ['name']="AshuTalifCrew", ['index']=95, ['level']=78},
    [17088608] = {['id']=17088608, ['name']="AshuTalifCrew", ['index']=96, ['level']=78},
    [17088616] = {['id']=17088616, ['name']="AshuTalifCrew", ['index']=104, ['level']=79},
    [17088617] = {['id']=17088617, ['name']="PowderkegYanad", ['index']=105, ['level']=80},
    [17088642] = {['id']=17088642, ['name']="ArchaicRampart", ['index']=130, ['level']=81},
    [17088646] = {['id']=17088646, ['name']="ArchaicRampart", ['index']=134, ['level']=80},
    [17088654] = {['id']=17088654, ['name']="ArchaicGear", ['index']=142, ['level']=80},
    [17088655] = {['id']=17088655, ['name']="ArchaicGear", ['index']=143, ['level']=81},
    [17088656] = {['id']=17088656, ['name']="ArchaicGears", ['index']=144, ['level']=81},
    [17088657] = {['id']=17088657, ['name']="ArchaicGears", ['index']=145, ['level']=81},
    [17088650] = {['id']=17088650, ['name']="ArchaicRampart", ['index']=138, ['level']=81},
    [17088639] = {['id']=17088639, ['name']="Haunt", ['index']=127, ['level']=76},
    [17088644] = {['id']=17088644, ['name']="Garm", ['index']=132, ['level']=76},
    [17088648] = {['id']=17088648, ['name']="Garm", ['index']=136, ['level']=76},
    [17088652] = {['id']=17088652, ['name']="Garm", ['index']=140, ['level']=76},
    [17088645] = {['id']=17088645, ['name']="DoomMage", ['index']=133, ['level']=76},
    [17088647] = {['id']=17088647, ['name']="Haunt", ['index']=135, ['level']=76},
    [17088653] = {['id']=17088653, ['name']="DoomMage", ['index']=141, ['level']=75},
    [17088641] = {['id']=17088641, ['name']="GuardSkeleton", ['index']=129, ['level']=75},
    [17088638] = {['id']=17088638, ['name']="ArchaicRampart", ['index']=126, ['level']=81},
    [17088712] = {['id']=17088712, ['name']="ArchaicGear", ['index']=200, ['level']=81},
    [17088697] = {['id']=17088697, ['name']="ArchaicRampart", ['index']=185, ['level']=80},
    [17088705] = {['id']=17088705, ['name']="ArchaicRampart", ['index']=193, ['level']=81},
    [17088711] = {['id']=17088711, ['name']="ArchaicGear", ['index']=199, ['level']=81},
    [17088713] = {['id']=17088713, ['name']="ArchaicGears", ['index']=201, ['level']=81},
    [17088714] = {['id']=17088714, ['name']="ArchaicGears", ['index']=202, ['level']=80},
    [17088716] = {['id']=17088716, ['name']="ArchaicGears", ['index']=204, ['level']=80},
    [17088693] = {['id']=17088693, ['name']="ArchaicRampart", ['index']=181, ['level']=81},
    [17088701] = {['id']=17088701, ['name']="ArchaicRampart", ['index']=189, ['level']=80},
    [17088709] = {['id']=17088709, ['name']="ArchaicGear", ['index']=197, ['level']=80},
    [17088715] = {['id']=17088715, ['name']="ArchaicGears", ['index']=203, ['level']=80},
    [17088710] = {['id']=17088710, ['name']="ArchaicGear", ['index']=198, ['level']=81},
    [17088640] = {['id']=17088640, ['name']="Garm", ['index']=128, ['level']=75},
    [17088643] = {['id']=17088643, ['name']="Haunt", ['index']=131, ['level']=76},
    [17088651] = {['id']=17088651, ['name']="Haunt", ['index']=139, ['level']=76},
    [17088649] = {['id']=17088649, ['name']="GuardSkeleton", ['index']=137, ['level']=75},
    [17088676] = {['id']=17088676, ['name']="DoomMage", ['index']=164, ['level']=75},
    [17088672] = {['id']=17088672, ['name']="GuardSkeleton", ['index']=160, ['level']=75},
    [17088671] = {['id']=17088671, ['name']="Garm", ['index']=159, ['level']=76},
    [17088677] = {['id']=17088677, ['name']="ArchaicRampart", ['index']=165, ['level']=81},
    [17088675] = {['id']=17088675, ['name']="Garm", ['index']=163, ['level']=76},
    [17088686] = {['id']=17088686, ['name']="ArchaicGear", ['index']=174, ['level']=81},
    [17088690] = {['id']=17088690, ['name']="ArchaicGears", ['index']=178, ['level']=80},
    [17088673] = {['id']=17088673, ['name']="ArchaicRampart", ['index']=161, ['level']=81},
    [17088682] = {['id']=17088682, ['name']="Haunt", ['index']=170, ['level']=76},
    [17088684] = {['id']=17088684, ['name']="DoomMage", ['index']=172, ['level']=75},
    [17088687] = {['id']=17088687, ['name']="ArchaicGear", ['index']=175, ['level']=81},
    [17088688] = {['id']=17088688, ['name']="ArchaicGear", ['index']=176, ['level']=80},
    [17088691] = {['id']=17088691, ['name']="ArchaicGears", ['index']=179, ['level']=81},
    [17088692] = {['id']=17088692, ['name']="ArchaicGears", ['index']=180, ['level']=81},
    [17088680] = {['id']=17088680, ['name']="GuardSkeleton", ['index']=168, ['level']=75},
    [17088679] = {['id']=17088679, ['name']="Garm", ['index']=167, ['level']=75},
    [17088670] = {['id']=17088670, ['name']="Haunt", ['index']=158, ['level']=76},
    [17088683] = {['id']=17088683, ['name']="Garm", ['index']=171, ['level']=75},
    [17088669] = {['id']=17088669, ['name']="ArchaicRampart", ['index']=157, ['level']=81},
    [17088674] = {['id']=17088674, ['name']="Haunt", ['index']=162, ['level']=76},
    [17088689] = {['id']=17088689, ['name']="ArchaicGears", ['index']=177, ['level']=81},
    [17088685] = {['id']=17088685, ['name']="ArchaicGear", ['index']=173, ['level']=80},
    [17088678] = {['id']=17088678, ['name']="Haunt", ['index']=166, ['level']=75},
    [17088681] = {['id']=17088681, ['name']="ArchaicRampart", ['index']=169, ['level']=80},
    [17088717] = {['id']=17088717, ['name']="GyroscopicGear", ['index']=205, ['level']=81},
    [17088720] = {['id']=17088720, ['name']="ArchaicGears", ['index']=208, ['level']=81},
    [17088721] = {['id']=17088721, ['name']="ArchaicGears", ['index']=209, ['level']=81},
    [17088719] = {['id']=17088719, ['name']="ArchaicGear", ['index']=207, ['level']=81},
    [17088718] = {['id']=17088718, ['name']="ArchaicGear", ['index']=206, ['level']=81},
    [17088724] = {['id']=17088724, ['name']="ArchaicGears", ['index']=212, ['level']=82},
    [17088722] = {['id']=17088722, ['name']="ArchaicGear", ['index']=210, ['level']=81},
    [17088723] = {['id']=17088723, ['name']="ArchaicGear", ['index']=211, ['level']=82},
    [17088725] = {['id']=17088725, ['name']="ArchaicGears", ['index']=213, ['level']=82},
    [17088727] = {['id']=17088727, ['name']="ArchaicRampart", ['index']=215, ['level']=81},
    [17088731] = {['id']=17088731, ['name']="ArchaicRampart", ['index']=219, ['level']=81},
    [17088726] = {['id']=17088726, ['name']="ArchaicChariot", ['index']=214, ['level']=81},
    [17088735] = {['id']=17088735, ['name']="ArchaicRampart", ['index']=223, ['level']=81},
    [17088739] = {['id']=17088739, ['name']="ArchaicRampart", ['index']=227, ['level']=82},
    [17088744] = {['id']=17088744, ['name']="ArchaicGear", ['index']=232, ['level']=81},
    [17088745] = {['id']=17088745, ['name']="ArchaicGears", ['index']=233, ['level']=81},
    [17088743] = {['id']=17088743, ['name']="ArchaicGear", ['index']=231, ['level']=81},
    [17088746] = {['id']=17088746, ['name']="ArchaicGears", ['index']=234, ['level']=81},
    [17088750] = {['id']=17088750, ['name']="ArchaicGears", ['index']=238, ['level']=81},
    [17088748] = {['id']=17088748, ['name']="ArchaicGear", ['index']=236, ['level']=82},
    [17088747] = {['id']=17088747, ['name']="ArchaicGear", ['index']=235, ['level']=82},
    [17088749] = {['id']=17088749, ['name']="ArchaicGears", ['index']=237, ['level']=82},
    [17088786] = {['id']=17088786, ['name']="Long-ArmedChar", ['index']=274, ['level']=83},
    [17088534] = {['id']=17088534, ['name']="AshuTalifCrew", ['index']=22, ['level']=73},
    [17088543] = {['id']=17088543, ['name']="AshuTalifCrew", ['index']=31, ['level']=73},
    [17088545] = {['id']=17088545, ['name']="AshuTalifCrew", ['index']=33, ['level']=74},
    [17088544] = {['id']=17088544, ['name']="AshuTalifCrew", ['index']=32, ['level']=73},
    [17088546] = {['id']=17088546, ['name']="AshuTalifCrew", ['index']=34, ['level']=73},
    [17088542] = {['id']=17088542, ['name']="AshuTalifCrew", ['index']=30, ['level']=73},
    [17088540] = {['id']=17088540, ['name']="AshuTalifCrew", ['index']=28, ['level']=73},
    [17088541] = {['id']=17088541, ['name']="AshuTalifCrew", ['index']=29, ['level']=73},
    [17088539] = {['id']=17088539, ['name']="AshuTalifCrew", ['index']=27, ['level']=73},
    [17088537] = {['id']=17088537, ['name']="AshuTalifCrew", ['index']=25, ['level']=74},
    [17088535] = {['id']=17088535, ['name']="AshuTalifCrew", ['index']=23, ['level']=74},
    [17088538] = {['id']=17088538, ['name']="AshuTalifCrew", ['index']=26, ['level']=73},
    [17088536] = {['id']=17088536, ['name']="AshuTalifCrew", ['index']=24, ['level']=74},
    [17088547] = {['id']=17088547, ['name']="AshuTalifCrew", ['index']=35, ['level']=74},
    [17088548] = {['id']=17088548, ['name']="AshuTalifCrew", ['index']=36, ['level']=74},
    [17088549] = {['id']=17088549, ['name']="AshuTalifCrew", ['index']=37, ['level']=74},
    [17088550] = {['id']=17088550, ['name']="AshuTalifCrew", ['index']=38, ['level']=73},
    [17088555] = {['id']=17088555, ['name']="AshuTalifCrew", ['index']=43, ['level']=75},
    [17088553] = {['id']=17088553, ['name']="AshuTalifCrew", ['index']=41, ['level']=74},
    [17088554] = {['id']=17088554, ['name']="AshuTalifCrew", ['index']=42, ['level']=75},
    [17088551] = {['id']=17088551, ['name']="AshuTalifCrew", ['index']=39, ['level']=75},
    [17088556] = {['id']=17088556, ['name']="AshuTalifCrew", ['index']=44, ['level']=75},
    [17088552] = {['id']=17088552, ['name']="AshuTalifCrew", ['index']=40, ['level']=74},
    [17088557] = {['id']=17088557, ['name']="HammerblowMaja", ['index']=45, ['level']=76},
    [17088559] = {['id']=17088559, ['name']="AshuTalifCrew", ['index']=47, ['level']=77},
    [17088561] = {['id']=17088561, ['name']="AshuTalifCrew", ['index']=49, ['level']=76},
    [17088567] = {['id']=17088567, ['name']="AshuTalifCrew", ['index']=55, ['level']=77},
    [17088568] = {['id']=17088568, ['name']="AshuTalifCrew", ['index']=56, ['level']=76},
    [17088573] = {['id']=17088573, ['name']="AshuTalifCrew", ['index']=61, ['level']=77},
    [17088566] = {['id']=17088566, ['name']="AshuTalifCrew", ['index']=54, ['level']=77},
    [17088558] = {['id']=17088558, ['name']="AshuTalifCrew", ['index']=46, ['level']=76},
    [17088562] = {['id']=17088562, ['name']="AshuTalifCrew", ['index']=50, ['level']=76},
    [17088569] = {['id']=17088569, ['name']="AshuTalifCrew", ['index']=57, ['level']=77},
    [17088570] = {['id']=17088570, ['name']="AshuTalifCrew", ['index']=58, ['level']=77},
    [17088565] = {['id']=17088565, ['name']="AshuTalifCrew", ['index']=53, ['level']=77},
    [17088560] = {['id']=17088560, ['name']="AshuTalifCrew", ['index']=48, ['level']=76},
    [17088571] = {['id']=17088571, ['name']="AshuTalifCrew", ['index']=59, ['level']=77},
    [17088564] = {['id']=17088564, ['name']="AshuTalifCrew", ['index']=52, ['level']=77},
    [17088572] = {['id']=17088572, ['name']="AshuTalifCrew", ['index']=60, ['level']=76},
    [17088563] = {['id']=17088563, ['name']="AshuTalifCrew", ['index']=51, ['level']=77},
    [17088594] = {['id']=17088594, ['name']="DeadpanDevilet", ['index']=82, ['level']=80},
    [17088595] = {['id']=17088595, ['name']="Dekka", ['index']=83, ['level']=79},
    [17088658] = {['id']=17088658, ['name']="Devilet", ['index']=146, ['level']=81},
    [17088660] = {['id']=17088660, ['name']="ArchaicGear", ['index']=148, ['level']=80},
    [17088666] = {['id']=17088666, ['name']="ArchaicGear", ['index']=154, ['level']=80},
    [17088659] = {['id']=17088659, ['name']="ArchaicGear", ['index']=147, ['level']=80},
    [17088665] = {['id']=17088665, ['name']="ArchaicGear", ['index']=153, ['level']=81},
    [17088664] = {['id']=17088664, ['name']="ArchaicGear", ['index']=152, ['level']=81},
    [17088663] = {['id']=17088663, ['name']="ArchaicGear", ['index']=151, ['level']=80},
    [17088662] = {['id']=17088662, ['name']="ArchaicGear", ['index']=150, ['level']=81},
    [17088661] = {['id']=17088661, ['name']="ArchaicGear", ['index']=149, ['level']=80},
    [17088667] = {['id']=17088667, ['name']="GyroscopicGear", ['index']=155, ['level']=80},
    [17088677] = {['id']=17088677, ['name']="ArchaicRampart", ['index']=165, ['level']=81},
    [17088673] = {['id']=17088673, ['name']="ArchaicRampart", ['index']=161, ['level']=81},
    [17088685] = {['id']=17088685, ['name']="ArchaicGear", ['index']=173, ['level']=80},
    [17088686] = {['id']=17088686, ['name']="ArchaicGear", ['index']=174, ['level']=80},
    [17088691] = {['id']=17088691, ['name']="ArchaicGears", ['index']=179, ['level']=81},
    [17088690] = {['id']=17088690, ['name']="ArchaicGears", ['index']=178, ['level']=80},
    [17088689] = {['id']=17088689, ['name']="ArchaicGears", ['index']=177, ['level']=80},
    [17088688] = {['id']=17088688, ['name']="ArchaicGear", ['index']=176, ['level']=81},
    [17088687] = {['id']=17088687, ['name']="ArchaicGear", ['index']=175, ['level']=81},
    [17088671] = {['id']=17088671, ['name']="Garm", ['index']=159, ['level']=75},
    [17088674] = {['id']=17088674, ['name']="Haunt", ['index']=162, ['level']=75},
    [17088678] = {['id']=17088678, ['name']="Haunt", ['index']=166, ['level']=76},
    [17088681] = {['id']=17088681, ['name']="ArchaicRampart", ['index']=169, ['level']=81},
    [17088683] = {['id']=17088683, ['name']="Garm", ['index']=171, ['level']=76},
    [17088692] = {['id']=17088692, ['name']="ArchaicGears", ['index']=180, ['level']=81},
    [17088675] = {['id']=17088675, ['name']="Garm", ['index']=163, ['level']=75},
    [17088684] = {['id']=17088684, ['name']="DoomMage", ['index']=172, ['level']=76},
    [17088672] = {['id']=17088672, ['name']="GuardSkeleton", ['index']=160, ['level']=76},
    [17088669] = {['id']=17088669, ['name']="ArchaicRampart", ['index']=157, ['level']=81},
    [17088670] = {['id']=17088670, ['name']="Haunt", ['index']=158, ['level']=75},
    [17088682] = {['id']=17088682, ['name']="Haunt", ['index']=170, ['level']=75},
    [17088718] = {['id']=17088718, ['name']="ArchaicGear", ['index']=206, ['level']=81},
    [17088720] = {['id']=17088720, ['name']="ArchaicGears", ['index']=208, ['level']=82},
    [17088721] = {['id']=17088721, ['name']="ArchaicGears", ['index']=209, ['level']=81},
    [17088725] = {['id']=17088725, ['name']="ArchaicGears", ['index']=213, ['level']=81},
    [17088719] = {['id']=17088719, ['name']="ArchaicGear", ['index']=207, ['level']=82},
    [17088723] = {['id']=17088723, ['name']="ArchaicGear", ['index']=211, ['level']=81},
    [17088724] = {['id']=17088724, ['name']="ArchaicGears", ['index']=212, ['level']=81},
    [17088722] = {['id']=17088722, ['name']="ArchaicGear", ['index']=210, ['level']=81},
    [17088731] = {['id']=17088731, ['name']="ArchaicRampart", ['index']=219, ['level']=82},
    [17088727] = {['id']=17088727, ['name']="ArchaicRampart", ['index']=215, ['level']=81},
    [17088726] = {['id']=17088726, ['name']="ArchaicChariot", ['index']=214, ['level']=81},
    [17088735] = {['id']=17088735, ['name']="ArchaicRampart", ['index']=223, ['level']=82},
    [17088739] = {['id']=17088739, ['name']="ArchaicRampart", ['index']=227, ['level']=81},
    [17088746] = {['id']=17088746, ['name']="ArchaicGears", ['index']=234, ['level']=82},
    [17088745] = {['id']=17088745, ['name']="ArchaicGears", ['index']=233, ['level']=81},
    [17088743] = {['id']=17088743, ['name']="ArchaicGear", ['index']=231, ['level']=82},
    [17088744] = {['id']=17088744, ['name']="ArchaicGear", ['index']=232, ['level']=81},
    [17088749] = {['id']=17088749, ['name']="ArchaicGears", ['index']=237, ['level']=82},
    [17088748] = {['id']=17088748, ['name']="ArchaicGear", ['index']=236, ['level']=82},
    [17088750] = {['id']=17088750, ['name']="ArchaicGears", ['index']=238, ['level']=81},
    [17088747] = {['id']=17088747, ['name']="ArchaicGear", ['index']=235, ['level']=81},
    [17088786] = {['id']=17088786, ['name']="Long-ArmedChar", ['index']=274, ['level']=83},
    [17088534] = {['id']=17088534, ['name']="AshuTalifCrew", ['index']=22, ['level']=72},
    [17088543] = {['id']=17088543, ['name']="AshuTalifCrew", ['index']=31, ['level']=74},
    [17088545] = {['id']=17088545, ['name']="AshuTalifCrew", ['index']=33, ['level']=74},
    [17088544] = {['id']=17088544, ['name']="AshuTalifCrew", ['index']=32, ['level']=74},
    [17088546] = {['id']=17088546, ['name']="AshuTalifCrew", ['index']=34, ['level']=73},
    [17088542] = {['id']=17088542, ['name']="AshuTalifCrew", ['index']=30, ['level']=74},
    [17088541] = {['id']=17088541, ['name']="AshuTalifCrew", ['index']=29, ['level']=74},
    [17088540] = {['id']=17088540, ['name']="AshuTalifCrew", ['index']=28, ['level']=73},
    [17088539] = {['id']=17088539, ['name']="AshuTalifCrew", ['index']=27, ['level']=74},
    [17088537] = {['id']=17088537, ['name']="AshuTalifCrew", ['index']=25, ['level']=73},
    [17088535] = {['id']=17088535, ['name']="AshuTalifCrew", ['index']=23, ['level']=74},
    [17088538] = {['id']=17088538, ['name']="AshuTalifCrew", ['index']=26, ['level']=73},
    [17088536] = {['id']=17088536, ['name']="AshuTalifCrew", ['index']=24, ['level']=73},
    [17088547] = {['id']=17088547, ['name']="AshuTalifCrew", ['index']=35, ['level']=73},
    [17088548] = {['id']=17088548, ['name']="AshuTalifCrew", ['index']=36, ['level']=74},
    [17088549] = {['id']=17088549, ['name']="AshuTalifCrew", ['index']=37, ['level']=74},
    [17088550] = {['id']=17088550, ['name']="AshuTalifCrew", ['index']=38, ['level']=74},
    [17088556] = {['id']=17088556, ['name']="AshuTalifCrew", ['index']=44, ['level']=75},
    [17088554] = {['id']=17088554, ['name']="AshuTalifCrew", ['index']=42, ['level']=75},
    [17088555] = {['id']=17088555, ['name']="AshuTalifCrew", ['index']=43, ['level']=75},
    [17088552] = {['id']=17088552, ['name']="AshuTalifCrew", ['index']=40, ['level']=74},
    [17088553] = {['id']=17088553, ['name']="AshuTalifCrew", ['index']=41, ['level']=75},
    [17088551] = {['id']=17088551, ['name']="AshuTalifCrew", ['index']=39, ['level']=75},
    [17088557] = {['id']=17088557, ['name']="HammerblowMaja", ['index']=45, ['level']=76},
    [17088558] = {['id']=17088558, ['name']="AshuTalifCrew", ['index']=46, ['level']=76},
    [17088560] = {['id']=17088560, ['name']="AshuTalifCrew", ['index']=48, ['level']=77},
    [17088561] = {['id']=17088561, ['name']="AshuTalifCrew", ['index']=49, ['level']=77},
    [17088568] = {['id']=17088568, ['name']="AshuTalifCrew", ['index']=56, ['level']=77},
    [17088571] = {['id']=17088571, ['name']="AshuTalifCrew", ['index']=59, ['level']=76},
    [17088572] = {['id']=17088572, ['name']="AshuTalifCrew", ['index']=60, ['level']=76},
    [17088570] = {['id']=17088570, ['name']="AshuTalifCrew", ['index']=58, ['level']=76},
    [17088567] = {['id']=17088567, ['name']="AshuTalifCrew", ['index']=55, ['level']=76},
    [17088566] = {['id']=17088566, ['name']="AshuTalifCrew", ['index']=54, ['level']=76},
    [17088564] = {['id']=17088564, ['name']="AshuTalifCrew", ['index']=52, ['level']=77},
    [17088562] = {['id']=17088562, ['name']="AshuTalifCrew", ['index']=50, ['level']=77},
    [17088559] = {['id']=17088559, ['name']="AshuTalifCrew", ['index']=47, ['level']=77},
    [17088563] = {['id']=17088563, ['name']="AshuTalifCrew", ['index']=51, ['level']=76},
    [17088573] = {['id']=17088573, ['name']="AshuTalifCrew", ['index']=61, ['level']=76},
    [17088565] = {['id']=17088565, ['name']="AshuTalifCrew", ['index']=53, ['level']=77},
    [17088569] = {['id']=17088569, ['name']="AshuTalifCrew", ['index']=57, ['level']=77},
    [17088592] = {['id']=17088592, ['name']="AshuTalifCrew", ['index']=80, ['level']=79},
    [17088584] = {['id']=17088584, ['name']="AshuTalifCrew", ['index']=72, ['level']=78},
    [17088593] = {['id']=17088593, ['name']="AshuTalifCrew", ['index']=81, ['level']=79},
    [17088579] = {['id']=17088579, ['name']="AshuTalifCrew", ['index']=67, ['level']=79},
    [17088580] = {['id']=17088580, ['name']="AshuTalifCrew", ['index']=68, ['level']=79},
    [17088591] = {['id']=17088591, ['name']="AshuTalifCrew", ['index']=79, ['level']=79},
    [17088581] = {['id']=17088581, ['name']="AshuTalifCrew", ['index']=69, ['level']=78},
    [17088586] = {['id']=17088586, ['name']="AshuTalifCrew", ['index']=74, ['level']=79},
    [17088589] = {['id']=17088589, ['name']="AshuTalifCrew", ['index']=77, ['level']=79},
    [17088578] = {['id']=17088578, ['name']="AshuTalifCrew", ['index']=66, ['level']=78},
    [17088583] = {['id']=17088583, ['name']="AshuTalifCrew", ['index']=71, ['level']=78},
    [17088585] = {['id']=17088585, ['name']="AshuTalifCrew", ['index']=73, ['level']=78},
    [17088575] = {['id']=17088575, ['name']="HeraldicImp", ['index']=63, ['level']=79},
    [17088582] = {['id']=17088582, ['name']="AshuTalifCrew", ['index']=70, ['level']=79},
    [17088576] = {['id']=17088576, ['name']="HeraldicImp", ['index']=64, ['level']=79},
    [17088577] = {['id']=17088577, ['name']="HeraldicImp", ['index']=65, ['level']=79},
    [17088588] = {['id']=17088588, ['name']="AshuTalifCrew", ['index']=76, ['level']=78},
    [17088590] = {['id']=17088590, ['name']="AshuTalifCrew", ['index']=78, ['level']=79},
    [17088587] = {['id']=17088587, ['name']="AshuTalifCrew", ['index']=75, ['level']=78},
    [17088574] = {['id']=17088574, ['name']="HeraldicImp", ['index']=62, ['level']=79},
    [17088638] = {['id']=17088638, ['name']="ArchaicRampart", ['index']=126, ['level']=81},
    [17088650] = {['id']=17088650, ['name']="ArchaicRampart", ['index']=138, ['level']=81},
    [17088654] = {['id']=17088654, ['name']="ArchaicGear", ['index']=142, ['level']=80},
    [17088655] = {['id']=17088655, ['name']="ArchaicGear", ['index']=143, ['level']=81},
    [17088657] = {['id']=17088657, ['name']="ArchaicGears", ['index']=145, ['level']=81},
    [17088656] = {['id']=17088656, ['name']="ArchaicGears", ['index']=144, ['level']=80},
    [17088642] = {['id']=17088642, ['name']="ArchaicRampart", ['index']=130, ['level']=81},
    [17088646] = {['id']=17088646, ['name']="ArchaicRampart", ['index']=134, ['level']=80},
    [17088640] = {['id']=17088640, ['name']="Garm", ['index']=128, ['level']=76},
    [17088645] = {['id']=17088645, ['name']="DoomMage", ['index']=133, ['level']=75},
    [17088648] = {['id']=17088648, ['name']="Garm", ['index']=136, ['level']=76},
    [17088653] = {['id']=17088653, ['name']="DoomMage", ['index']=141, ['level']=75},
    [17088641] = {['id']=17088641, ['name']="GuardSkeleton", ['index']=129, ['level']=75},
    [17088644] = {['id']=17088644, ['name']="Garm", ['index']=132, ['level']=76},
    [17088649] = {['id']=17088649, ['name']="GuardSkeleton", ['index']=137, ['level']=75},
    [17088652] = {['id']=17088652, ['name']="Garm", ['index']=140, ['level']=75},
    [17088639] = {['id']=17088639, ['name']="Haunt", ['index']=127, ['level']=75},
    [17088647] = {['id']=17088647, ['name']="Haunt", ['index']=135, ['level']=75},
    [17088651] = {['id']=17088651, ['name']="Haunt", ['index']=139, ['level']=75},
    [17088673] = {['id']=17088673, ['name']="ArchaicRampart", ['index']=161, ['level']=80},
    [17088677] = {['id']=17088677, ['name']="ArchaicRampart", ['index']=165, ['level']=81},
    [17088692] = {['id']=17088692, ['name']="ArchaicGears", ['index']=180, ['level']=81},
    [17088688] = {['id']=17088688, ['name']="ArchaicGear", ['index']=176, ['level']=81},
    [17088689] = {['id']=17088689, ['name']="ArchaicGears", ['index']=177, ['level']=80},
    [17088687] = {['id']=17088687, ['name']="ArchaicGear", ['index']=175, ['level']=81},
    [17088690] = {['id']=17088690, ['name']="ArchaicGears", ['index']=178, ['level']=81},
    [17088686] = {['id']=17088686, ['name']="ArchaicGear", ['index']=174, ['level']=80},
    [17088685] = {['id']=17088685, ['name']="ArchaicGear", ['index']=173, ['level']=81},
    [17088675] = {['id']=17088675, ['name']="Garm", ['index']=163, ['level']=75},
    [17088682] = {['id']=17088682, ['name']="Haunt", ['index']=170, ['level']=75},
    [17088676] = {['id']=17088676, ['name']="DoomMage", ['index']=164, ['level']=75},
    [17088691] = {['id']=17088691, ['name']="ArchaicGears", ['index']=179, ['level']=80},
    [17088684] = {['id']=17088684, ['name']="DoomMage", ['index']=172, ['level']=76},
    [17088681] = {['id']=17088681, ['name']="ArchaicRampart", ['index']=169, ['level']=81},
    [17088672] = {['id']=17088672, ['name']="GuardSkeleton", ['index']=160, ['level']=75},
    [17088671] = {['id']=17088671, ['name']="Garm", ['index']=159, ['level']=76},
    [17088670] = {['id']=17088670, ['name']="Haunt", ['index']=158, ['level']=76},
    [17088669] = {['id']=17088669, ['name']="ArchaicRampart", ['index']=157, ['level']=80},
    [17088683] = {['id']=17088683, ['name']="Garm", ['index']=171, ['level']=76},
    [17088710] = {['id']=17088710, ['name']="ArchaicGear", ['index']=198, ['level']=80},
    [17088716] = {['id']=17088716, ['name']="ArchaicGears", ['index']=204, ['level']=80},
    [17088711] = {['id']=17088711, ['name']="ArchaicGear", ['index']=199, ['level']=80},
    [17088701] = {['id']=17088701, ['name']="ArchaicRampart", ['index']=189, ['level']=81},
    [17088693] = {['id']=17088693, ['name']="ArchaicRampart", ['index']=181, ['level']=81},
    [17088713] = {['id']=17088713, ['name']="ArchaicGears", ['index']=201, ['level']=80},
    [17088715] = {['id']=17088715, ['name']="ArchaicGears", ['index']=203, ['level']=80},
    [17088709] = {['id']=17088709, ['name']="ArchaicGear", ['index']=197, ['level']=81},
    [17088714] = {['id']=17088714, ['name']="ArchaicGears", ['index']=202, ['level']=81},
    [17088697] = {['id']=17088697, ['name']="ArchaicRampart", ['index']=185, ['level']=81},
    [17088705] = {['id']=17088705, ['name']="ArchaicRampart", ['index']=193, ['level']=81},
    [17088712] = {['id']=17088712, ['name']="ArchaicGear", ['index']=200, ['level']=80},
    [17088717] = {['id']=17088717, ['name']="GyroscopicGear", ['index']=205, ['level']=81},
    [17088763] = {['id']=17088763, ['name']="ArchaicGears", ['index']=251, ['level']=81},
    [17088768] = {['id']=17088768, ['name']="ArchaicRampart", ['index']=256, ['level']=82},
    [17088766] = {['id']=17088766, ['name']="ArchaicGears", ['index']=254, ['level']=81},
    [17088764] = {['id']=17088764, ['name']="ArchaicGears", ['index']=252, ['level']=82},
    [17088762] = {['id']=17088762, ['name']="ArchaicGears", ['index']=250, ['level']=81},
    [17088758] = {['id']=17088758, ['name']="ArchaicGears", ['index']=246, ['level']=82},
    [17088759] = {['id']=17088759, ['name']="ArchaicGears", ['index']=247, ['level']=81},
    [17088760] = {['id']=17088760, ['name']="ArchaicGears", ['index']=248, ['level']=81},
    [17088765] = {['id']=17088765, ['name']="ArchaicGears", ['index']=253, ['level']=82},
    [17088767] = {['id']=17088767, ['name']="ArchaicChariot", ['index']=255, ['level']=81},
    [17088772] = {['id']=17088772, ['name']="ArchaicRampart", ['index']=260, ['level']=81},
    [17088776] = {['id']=17088776, ['name']="ArchaicRampart", ['index']=264, ['level']=82},
    [17088780] = {['id']=17088780, ['name']="ArchaicRampart", ['index']=268, ['level']=82},
    [17088761] = {['id']=17088761, ['name']="ArchaicGears", ['index']=249, ['level']=82},
    [17088757] = {['id']=17088757, ['name']="ArchaicGears", ['index']=245, ['level']=82},
    [17088751] = {['id']=17088751, ['name']="ArchaicGear", ['index']=239, ['level']=81},
    [17088752] = {['id']=17088752, ['name']="ArchaicGear", ['index']=240, ['level']=82},
    [17088753] = {['id']=17088753, ['name']="ArchaicGear", ['index']=241, ['level']=81},
    [17088756] = {['id']=17088756, ['name']="ArchaicGear", ['index']=244, ['level']=81},
    [17088755] = {['id']=17088755, ['name']="ArchaicGear", ['index']=243, ['level']=81},
    [17088754] = {['id']=17088754, ['name']="ArchaicGear", ['index']=242, ['level']=82},
    [17088784] = {['id']=17088784, ['name']="ArchaicRampart", ['index']=272, ['level']=81},
    [17088785] = {['id']=17088785, ['name']="CitadelCheloni", ['index']=273, ['level']=82},
    [17088786] = {['id']=17088786, ['name']="Long-ArmedChar", ['index']=274, ['level']=83},
    [17088695] = {['id']=17088695, ['name']="Garm", ['index']=183, ['level']=76},
