    [17105266] = {['id']=17105266, ['name']="Lurouillat", ['index']=370, ['level']=0},
    [17105289] = {['id']=17105289, ['name']="Valaineral_R_Davilles", ['index']=393, ['level']=0},
    [17105295] = {['id']=17105295, ['name']="Laisavie_X_Berlends", ['index']=399, ['level']=0},
    [17105312] = {['id']=17105312, ['name']="Saphiriance,_T.K.", ['index']=416, ['level']=0},
    [17105320] = {['id']=17105320, ['name']="Scarlette,_C.A.", ['index']=424, ['level']=0},
    [17105321] = {['id']=17105321, ['name']="Exoroche", ['index']=425, ['level']=0},
    [17105340] = {['id']=17105340, ['name']="Eauvague,_T.K.", ['index']=444, ['level']=0},
    [17105362] = {['id']=17105362, ['name']="Palardaifault_V_Draffles", ['index']=466, ['level']=0},
    [17105363] = {['id']=17105363, ['name']="Rasdinice", ['index']=467, ['level']=0},
    [17105365] = {['id']=17105365, ['name']="Fiaudie", ['index']=469, ['level']=0},
    [17105366] = {['id']=17105366, ['name']="Quartermaster", ['index']=470, ['level']=0},
    [17105382] = {['id']=17105382, ['name']="Mainchelite", ['index']=486, ['level']=0},
    [17105383] = {['id']=17105383, ['name']="Eumielle", ['index']=487, ['level']=0},
    [17105384] = {['id']=17105384, ['name']="Coucheutand", ['index']=488, ['level']=0},
    [17105385] = {['id']=17105385, ['name']="Remiotte", ['index']=489, ['level']=0},
    [17105388] = {['id']=17105388, ['name']="Rongelouts_N_Distaud", ['index']=492, ['level']=0},
    [17105392] = {['id']=17105392, ['name']="Vichauxdat", ['index']=496, ['level']=0},
    [17105408] = {['id']=17105408, ['name']="Loillie", ['index']=512, ['level']=0},
    [17105410] = {['id']=17105410, ['name']="Elnonde", ['index']=514, ['level']=0},
    [17105413] = {['id']=17105413, ['name']="Tamba-Namba", ['index']=517, ['level']=0},
    [17105480] = {['id']=17105480, ['name']="Houilloumie", ['index']=584, ['level']=0},
    [17105481] = {['id']=17105481, ['name']="Chauxnatte", ['index']=585, ['level']=0},
    [17105487] = {['id']=17105487, ['name']="Alfred", ['index']=591, ['level']=0},
    [17105511] = {['id']=17105511, ['name']="Voucheramme", ['index']=615, ['level']=0},
    [17105518] = {['id']=17105518, ['name']="Miliart,_T.K.", ['index']=622, ['level']=0},
    [17105529] = {['id']=17105529, ['name']="Dilgeur", ['index']=633, ['level']=0},
    [17105694] = {['id']=17105694, ['name']="Atmacite_Refiner", ['index']=798, ['level']=0},
    [17105695] = {['id']=17105695, ['name']="Voidwatch_Officer", ['index']=799, ['level']=0},
    [17105696] = {['id']=17105696, ['name']="Voidwatch_Purveyor", ['index']=800, ['level']=0},
    [17105700] = {['id']=17105700, ['name']="SurvivalGuide", ['index']=804, ['level']=0},
    [17105528] = {['id']=17105528, ['name']="Crochepallade", ['index']=632, ['level']=0},
    [17105411] = {['id']=17105411, ['name']="Illeuse", ['index']=515, ['level']=0},
    [17105387] = {['id']=17105387, ['name']="Andagge", ['index']=491, ['level']=0},
    [17105510] = {['id']=17105510, ['name']="Hauberliond", ['index']=614, ['level']=0},
