    [17404163] = {['id']=17404163, ['name']="Skimmer", ['index']=259, ['level']=73},
    [17404164] = {['id']=17404164, ['name']="Skimmer", ['index']=260, ['level']=72},
    [17404172] = {['id']=17404172, ['name']="Skimmer", ['index']=268, ['level']=72},
    [17404173] = {['id']=17404173, ['name']="Skimmer", ['index']=269, ['level']=72},
    [17404132] = {['id']=17404132, ['name']="MossEater", ['index']=228, ['level']=66},
    [17404131] = {['id']=17404131, ['name']="MossEater", ['index']=227, ['level']=66},
    [17404134] = {['id']=17404134, ['name']="ElderGoobbue", ['index']=230, ['level']=77},
    [17404133] = {['id']=17404133, ['name']="ElderGoobbue", ['index']=229, ['level']=74},
    [17404157] = {['id']=17404157, ['name']="Skimmer", ['index']=253, ['level']=74},
    [17404158] = {['id']=17404158, ['name']="Steelshell", ['index']=254, ['level']=75},
    [17404127] = {['id']=17404127, ['name']="Korrigan", ['index']=223, ['level']=73},
    [17404161] = {['id']=17404161, ['name']="Steelshell", ['index']=257, ['level']=73},
    [17404156] = {['id']=17404156, ['name']="Skimmer", ['index']=252, ['level']=72},
    [17404160] = {['id']=17404160, ['name']="Steelshell", ['index']=256, ['level']=73},
    [17404413] = {['id']=17404413, ['name']="GroundsTome", ['index']=509, ['level']=0},
    [17404159] = {['id']=17404159, ['name']="Steelshell", ['index']=255, ['level']=75},
    [17404146] = {['id']=17404146, ['name']="Skimmer", ['index']=242, ['level']=73},
    [17404135] = {['id']=17404135, ['name']="Skimmer", ['index']=231, ['level']=74},
    [17404147] = {['id']=17404147, ['name']="Skimmer", ['index']=243, ['level']=73},
    [17404122] = {['id']=17404122, ['name']="Korrigan", ['index']=218, ['level']=73},
    [17404136] = {['id']=17404136, ['name']="Skimmer", ['index']=232, ['level']=72},
    [17404152] = {['id']=17404152, ['name']="Skimmer", ['index']=248, ['level']=73},
    [17404154] = {['id']=17404154, ['name']="Steelshell", ['index']=250, ['level']=74},
    [17404151] = {['id']=17404151, ['name']="Skimmer", ['index']=247, ['level']=72},
    [17404137] = {['id']=17404137, ['name']="Skimmer", ['index']=233, ['level']=73},
    [17404117] = {['id']=17404117, ['name']="MossEater", ['index']=213, ['level']=62},
    [17404118] = {['id']=17404118, ['name']="MossEater", ['index']=214, ['level']=65},
    [17404192] = {['id']=17404192, ['name']="Korrigan", ['index']=288, ['level']=75},
    [17404193] = {['id']=17404193, ['name']="Korrigan", ['index']=289, ['level']=74},
    [17404194] = {['id']=17404194, ['name']="ElderGoobbue", ['index']=290, ['level']=77},
    [17404195] = {['id']=17404195, ['name']="Korrigan", ['index']=291, ['level']=75},
    [17404196] = {['id']=17404196, ['name']="Korrigan", ['index']=292, ['level']=74},
    [17404197] = {['id']=17404197, ['name']="Korrigan", ['index']=293, ['level']=73},
    [17404198] = {['id']=17404198, ['name']="Korrigan", ['index']=294, ['level']=73},
    [17404199] = {['id']=17404199, ['name']="ElderGoobbue", ['index']=295, ['level']=75},
    [17404200] = {['id']=17404200, ['name']="Korrigan", ['index']=296, ['level']=72},
    [17404201] = {['id']=17404201, ['name']="Korrigan", ['index']=297, ['level']=72},
    [17404202] = {['id']=17404202, ['name']="Steelshell", ['index']=298, ['level']=73},
    [17404203] = {['id']=17404203, ['name']="Steelshell", ['index']=299, ['level']=73},
    [17404204] = {['id']=17404204, ['name']="Steelshell", ['index']=300, ['level']=75},
    [17404205] = {['id']=17404205, ['name']="Steelshell", ['index']=301, ['level']=76},
    [17404206] = {['id']=17404206, ['name']="Steelshell", ['index']=302, ['level']=76},
    [17404207] = {['id']=17404207, ['name']="Darter", ['index']=303, ['level']=75},
    [17404208] = {['id']=17404208, ['name']="Darter", ['index']=304, ['level']=75},
    [17404209] = {['id']=17404209, ['name']="Korrigan", ['index']=305, ['level']=75},
    [17404210] = {['id']=17404210, ['name']="Korrigan", ['index']=306, ['level']=74},
    [17404211] = {['id']=17404211, ['name']="ElderGoobbue", ['index']=307, ['level']=76},
    [17404212] = {['id']=17404212, ['name']="Darter", ['index']=308, ['level']=75},
    [17404213] = {['id']=17404213, ['name']="Darter", ['index']=309, ['level']=75},
    [17404218] = {['id']=17404218, ['name']="Korrigan", ['index']=314, ['level']=73},
    [17404219] = {['id']=17404219, ['name']="Korrigan", ['index']=315, ['level']=74},
    [17404220] = {['id']=17404220, ['name']="Korrigan", ['index']=316, ['level']=75},
    [17404221] = {['id']=17404221, ['name']="Korrigan", ['index']=317, ['level']=74},
    [17404222] = {['id']=17404222, ['name']="BloodBall", ['index']=318, ['level']=75},
    [17404223] = {['id']=17404223, ['name']="BloodBall", ['index']=319, ['level']=78},
    [17404224] = {['id']=17404224, ['name']="Darter", ['index']=320, ['level']=75},
    [17404225] = {['id']=17404225, ['name']="Darter", ['index']=321, ['level']=75},
    [17404227] = {['id']=17404227, ['name']="BloodBall", ['index']=323, ['level']=77},
    [17404228] = {['id']=17404228, ['name']="Darter", ['index']=324, ['level']=75},
    [17404230] = {['id']=17404230, ['name']="BloodBall", ['index']=326, ['level']=77},
    [17404231] = {['id']=17404231, ['name']="Darter", ['index']=327, ['level']=77},
    [17404414] = {['id']=17404414, ['name']="GroundsTome", ['index']=510, ['level']=0},
    [17404216] = {['id']=17404216, ['name']="Korrigan", ['index']=312, ['level']=73},
    [17404214] = {['id']=17404214, ['name']="Korrigan", ['index']=310, ['level']=75},
    [17404215] = {['id']=17404215, ['name']="Korrigan", ['index']=311, ['level']=74},
    [17404217] = {['id']=17404217, ['name']="ElderGoobbue", ['index']=313, ['level']=74},
    [17404234] = {['id']=17404234, ['name']="Processionaire", ['index']=330, ['level']=75},
    [17404233] = {['id']=17404233, ['name']="Processionaire", ['index']=329, ['level']=72},
    [17404283] = {['id']=17404283, ['name']="ElderGoobbue", ['index']=379, ['level']=77},
    [17404237] = {['id']=17404237, ['name']="MourningCrawle", ['index']=333, ['level']=104},
    [17404240] = {['id']=17404240, ['name']="SnaggletoothPe", ['index']=336, ['level']=104},
    [17404238] = {['id']=17404238, ['name']="MourningCrawle", ['index']=334, ['level']=104},
    [17404236] = {['id']=17404236, ['name']="MourningCrawle", ['index']=332, ['level']=104},
    [17404239] = {['id']=17404239, ['name']="SnaggletoothPe", ['index']=335, ['level']=104},
    [17404241] = {['id']=17404241, ['name']="MourningCrawle", ['index']=337, ['level']=104},
    [17404243] = {['id']=17404243, ['name']="MourningCrawle", ['index']=339, ['level']=105},
    [17404250] = {['id']=17404250, ['name']="Viseclaw", ['index']=346, ['level']=102},
    [17404253] = {['id']=17404253, ['name']="SnaggletoothPe", ['index']=349, ['level']=103},
    [17404254] = {['id']=17404254, ['name']="Viseclaw", ['index']=350, ['level']=103},
    [17404255] = {['id']=17404255, ['name']="Viseclaw", ['index']=351, ['level']=102},
    [17404256] = {['id']=17404256, ['name']="SnaggletoothPe", ['index']=352, ['level']=103},
    [17404251] = {['id']=17404251, ['name']="Viseclaw", ['index']=347, ['level']=102},
    [17404252] = {['id']=17404252, ['name']="SnaggletoothPe", ['index']=348, ['level']=103},
    [17404260] = {['id']=17404260, ['name']="SnaggletoothPe", ['index']=356, ['level']=102},
    [17404249] = {['id']=17404249, ['name']="SnaggletoothPe", ['index']=345, ['level']=103},
    [17404247] = {['id']=17404247, ['name']="MourningCrawle", ['index']=343, ['level']=105},
    [17404245] = {['id']=17404245, ['name']="MourningCrawle", ['index']=341, ['level']=105},
    [17404246] = {['id']=17404246, ['name']="MourningCrawle", ['index']=342, ['level']=104},
    [17404248] = {['id']=17404248, ['name']="SnaggletoothPe", ['index']=344, ['level']=102},
    [17404263] = {['id']=17404263, ['name']="Viseclaw", ['index']=359, ['level']=103},
    [17404262] = {['id']=17404262, ['name']="Viseclaw", ['index']=358, ['level']=103},
    [17404264] = {['id']=17404264, ['name']="SnaggletoothPe", ['index']=360, ['level']=104},
    [17404265] = {['id']=17404265, ['name']="SnaggletoothPe", ['index']=361, ['level']=104},
    [17404242] = {['id']=17404242, ['name']="MourningCrawle", ['index']=338, ['level']=104},
    [17404244] = {['id']=17404244, ['name']="SnaggletoothPe", ['index']=340, ['level']=104},
    [17404258] = {['id']=17404258, ['name']="Viseclaw", ['index']=354, ['level']=102},
    [17404259] = {['id']=17404259, ['name']="Viseclaw", ['index']=355, ['level']=103},
    [17404235] = {['id']=17404235, ['name']="ThunderElement", ['index']=331, ['level']=72},
    [17404261] = {['id']=17404261, ['name']="WaterElemental", ['index']=357, ['level']=105},
    [17404266] = {['id']=17404266, ['name']="WaterElemental", ['index']=362, ['level']=105},
    [17404269] = {['id']=17404269, ['name']="ThunderElement", ['index']=365, ['level']=70},
    [17404267] = {['id']=17404267, ['name']="Processionaire", ['index']=363, ['level']=75},
    [17404268] = {['id']=17404268, ['name']="Processionaire", ['index']=364, ['level']=72},
    [17404273] = {['id']=17404273, ['name']="Korrigan", ['index']=369, ['level']=72},
    [17404272] = {['id']=17404272, ['name']="Korrigan", ['index']=368, ['level']=75},
    [17404271] = {['id']=17404271, ['name']="Korrigan", ['index']=367, ['level']=72},
    [17404270] = {['id']=17404270, ['name']="Korrigan", ['index']=366, ['level']=75},
    [17404257] = {['id']=17404257, ['name']="WaterElemental", ['index']=353, ['level']=105},
    [17404290] = {['id']=17404290, ['name']="AncientGoobbue", ['index']=386, ['level']=80},
    [17404170] = {['id']=17404170, ['name']="Steelshell", ['index']=266, ['level']=73},
    [17404119] = {['id']=17404119, ['name']="ElderGoobbue", ['index']=215, ['level']=74},
    [17404120] = {['id']=17404120, ['name']="ElderGoobbue", ['index']=216, ['level']=76},
    [17404123] = {['id']=17404123, ['name']="ElderGoobbue", ['index']=219, ['level']=77},
    [17404124] = {['id']=17404124, ['name']="ElderGoobbue", ['index']=220, ['level']=77},
    [17404125] = {['id']=17404125, ['name']="ElderGoobbue", ['index']=221, ['level']=76},
    [17404126] = {['id']=17404126, ['name']="Korrigan", ['index']=222, ['level']=73},
    [17404128] = {['id']=17404128, ['name']="ElderGoobbue", ['index']=224, ['level']=75},
    [17404129] = {['id']=17404129, ['name']="ElderGoobbue", ['index']=225, ['level']=74},
    [17404130] = {['id']=17404130, ['name']="ElderGoobbue", ['index']=226, ['level']=76},
    [17404143] = {['id']=17404143, ['name']="Steelshell", ['index']=239, ['level']=73},
    [17404121] = {['id']=17404121, ['name']="Korrigan", ['index']=217, ['level']=72},
    [17404148] = {['id']=17404148, ['name']="Steelshell", ['index']=244, ['level']=75},
    [17404113] = {['id']=17404113, ['name']="MossEater", ['index']=209, ['level']=64},
    [17404115] = {['id']=17404115, ['name']="ElderGoobbue", ['index']=211, ['level']=75},
    [17404114] = {['id']=17404114, ['name']="MossEater", ['index']=210, ['level']=63},
    [17404116] = {['id']=17404116, ['name']="ElderGoobbue", ['index']=212, ['level']=74},
    [17404138] = {['id']=17404138, ['name']="Skimmer", ['index']=234, ['level']=74},
    [17404140] = {['id']=17404140, ['name']="Skimmer", ['index']=236, ['level']=73},
    [17404141] = {['id']=17404141, ['name']="Steelshell", ['index']=237, ['level']=75},
    [17404142] = {['id']=17404142, ['name']="Steelshell", ['index']=238, ['level']=73},
    [17404144] = {['id']=17404144, ['name']="Steelshell", ['index']=240, ['level']=73},
    [17404153] = {['id']=17404153, ['name']="Steelshell", ['index']=249, ['level']=74},
    [17404102] = {['id']=17404102, ['name']="MossEater", ['index']=198, ['level']=63},
    [17404103] = {['id']=17404103, ['name']="ElderGoobbue", ['index']=199, ['level']=75},
    [17404101] = {['id']=17404101, ['name']="MossEater", ['index']=197, ['level']=66},
    [17404139] = {['id']=17404139, ['name']="Skimmer", ['index']=235, ['level']=72},
    [17404104] = {['id']=17404104, ['name']="ElderGoobbue", ['index']=200, ['level']=75},
    [17404107] = {['id']=17404107, ['name']="ElderGoobbue", ['index']=203, ['level']=77},
    [17404108] = {['id']=17404108, ['name']="ElderGoobbue", ['index']=204, ['level']=74},
    [17404106] = {['id']=17404106, ['name']="MossEater", ['index']=202, ['level']=66},
    [17404105] = {['id']=17404105, ['name']="MossEater", ['index']=201, ['level']=66},
    [17404112] = {['id']=17404112, ['name']="ElderGoobbue", ['index']=208, ['level']=76},
    [17404111] = {['id']=17404111, ['name']="ElderGoobbue", ['index']=207, ['level']=76},
    [17404109] = {['id']=17404109, ['name']="MossEater", ['index']=205, ['level']=66},
    [17404149] = {['id']=17404149, ['name']="Steelshell", ['index']=245, ['level']=76},
    [17404110] = {['id']=17404110, ['name']="MossEater", ['index']=206, ['level']=64},
    [17404168] = {['id']=17404168, ['name']="RobberCrab", ['index']=264, ['level']=63},
    [17404166] = {['id']=17404166, ['name']="RobberCrab", ['index']=262, ['level']=63},
    [17404021] = {['id']=17404021, ['name']="Mourioche", ['index']=117, ['level']=67},
    [17404022] = {['id']=17404022, ['name']="Mourioche", ['index']=118, ['level']=66},
    [17404030] = {['id']=17404030, ['name']="MossEater", ['index']=126, ['level']=64},
    [17404031] = {['id']=17404031, ['name']="MossEater", ['index']=127, ['level']=62},
    [17404032] = {['id']=17404032, ['name']="MossEater", ['index']=128, ['level']=66},
    [17404033] = {['id']=17404033, ['name']="KnightCrawler", ['index']=129, ['level']=66},
    [17404034] = {['id']=17404034, ['name']="KnightCrawler", ['index']=130, ['level']=62},
    [17404035] = {['id']=17404035, ['name']="Mourioche", ['index']=131, ['level']=64},
    [17404036] = {['id']=17404036, ['name']="Mourioche", ['index']=132, ['level']=66},
    [17404037] = {['id']=17404037, ['name']="Mourioche", ['index']=133, ['level']=67},
    [17404038] = {['id']=17404038, ['name']="Mourioche", ['index']=134, ['level']=64},
    [17404042] = {['id']=17404042, ['name']="MossEater", ['index']=138, ['level']=65},
    [17404044] = {['id']=17404044, ['name']="OldGoobbue", ['index']=140, ['level']=67},
    [17404045] = {['id']=17404045, ['name']="Mourioche", ['index']=141, ['level']=66},
    [17404046] = {['id']=17404046, ['name']="Mourioche", ['index']=142, ['level']=65},
    [17404047] = {['id']=17404047, ['name']="Mourioche", ['index']=143, ['level']=66},
    [17404048] = {['id']=17404048, ['name']="Mourioche", ['index']=144, ['level']=64},
    [17404049] = {['id']=17404049, ['name']="Mourioche", ['index']=145, ['level']=66},
    [17404050] = {['id']=17404050, ['name']="Mourioche", ['index']=146, ['level']=64},
    [17404051] = {['id']=17404051, ['name']="MossEater", ['index']=147, ['level']=65},
    [17404052] = {['id']=17404052, ['name']="MossEater", ['index']=148, ['level']=62},
    [17404055] = {['id']=17404055, ['name']="Mourioche", ['index']=151, ['level']=64},
    [17404056] = {['id']=17404056, ['name']="Mourioche", ['index']=152, ['level']=67},
    [17404057] = {['id']=17404057, ['name']="Mourioche", ['index']=153, ['level']=67},
    [17404058] = {['id']=17404058, ['name']="MossEater", ['index']=154, ['level']=66},
    [17404059] = {['id']=17404059, ['name']="MossEater", ['index']=155, ['level']=64},
    [17404060] = {['id']=17404060, ['name']="MossEater", ['index']=156, ['level']=66},
    [17404062] = {['id']=17404062, ['name']="RobberCrab", ['index']=158, ['level']=63},
    [17404063] = {['id']=17404063, ['name']="RobberCrab", ['index']=159, ['level']=66},
    [17404065] = {['id']=17404065, ['name']="RobberCrab", ['index']=161, ['level']=64},
    [17404066] = {['id']=17404066, ['name']="RobberCrab", ['index']=162, ['level']=65},
    [17404067] = {['id']=17404067, ['name']="RobberCrab", ['index']=163, ['level']=66},
    [17404069] = {['id']=17404069, ['name']="RobberCrab", ['index']=165, ['level']=66},
    [17404070] = {['id']=17404070, ['name']="RobberCrab", ['index']=166, ['level']=63},
    [17404072] = {['id']=17404072, ['name']="Mourioche", ['index']=168, ['level']=67},
    [17404039] = {['id']=17404039, ['name']="Mourioche", ['index']=135, ['level']=64},
    [17404080] = {['id']=17404080, ['name']="Mourioche", ['index']=176, ['level']=65},
    [17404081] = {['id']=17404081, ['name']="Mourioche", ['index']=177, ['level']=65},
    [17404075] = {['id']=17404075, ['name']="Mourioche", ['index']=171, ['level']=67},
    [17404074] = {['id']=17404074, ['name']="Mourioche", ['index']=170, ['level']=68},
    [17404088] = {['id']=17404088, ['name']="Mourioche", ['index']=184, ['level']=68},
    [17404082] = {['id']=17404082, ['name']="MossEater", ['index']=178, ['level']=64},
    [17404079] = {['id']=17404079, ['name']="Mourioche", ['index']=175, ['level']=65},
    [17404086] = {['id']=17404086, ['name']="Mourioche", ['index']=182, ['level']=66},
    [17404085] = {['id']=17404085, ['name']="Mourioche", ['index']=181, ['level']=66},
    [17404083] = {['id']=17404083, ['name']="MossEater", ['index']=179, ['level']=62},
    [17404087] = {['id']=17404087, ['name']="Mourioche", ['index']=183, ['level']=67},
    [17404078] = {['id']=17404078, ['name']="Mourioche", ['index']=174, ['level']=68},
    [17404077] = {['id']=17404077, ['name']="Mourioche", ['index']=173, ['level']=66},
    [17404092] = {['id']=17404092, ['name']="Mourioche", ['index']=188, ['level']=67},
    [17404076] = {['id']=17404076, ['name']="Mourioche", ['index']=172, ['level']=68},
    [17404096] = {['id']=17404096, ['name']="OldGoobbue", ['index']=192, ['level']=65},
    [17404094] = {['id']=17404094, ['name']="MossEater", ['index']=190, ['level']=66},
    [17404095] = {['id']=17404095, ['name']="MossEater", ['index']=191, ['level']=62},
    [17404091] = {['id']=17404091, ['name']="Mourioche", ['index']=187, ['level']=68},
    [17404097] = {['id']=17404097, ['name']="Mourioche", ['index']=193, ['level']=65},
    [17404099] = {['id']=17404099, ['name']="Mourioche", ['index']=195, ['level']=66},
    [17404098] = {['id']=17404098, ['name']="Mourioche", ['index']=194, ['level']=65},
    [17404281] = {['id']=17404281, ['name']="Processionaire", ['index']=377, ['level']=75},
    [17404288] = {['id']=17404288, ['name']="ElderGoobbue", ['index']=384, ['level']=76},
    [17404286] = {['id']=17404286, ['name']="Processionaire", ['index']=382, ['level']=74},
    [17404285] = {['id']=17404285, ['name']="Processionaire", ['index']=381, ['level']=75},
    [17404174] = {['id']=17404174, ['name']="Processionaire", ['index']=270, ['level']=73},
    [17404175] = {['id']=17404175, ['name']="Processionaire", ['index']=271, ['level']=75},
    [17404232] = {['id']=17404232, ['name']="WaterElemental", ['index']=328, ['level']=70},
    [17404284] = {['id']=17404284, ['name']="ElderGoobbue", ['index']=380, ['level']=77},
    [17404282] = {['id']=17404282, ['name']="Processionaire", ['index']=378, ['level']=73},
    [17404287] = {['id']=17404287, ['name']="ElderGoobbue", ['index']=383, ['level']=74},
    [17404289] = {['id']=17404289, ['name']="ElderGoobbue", ['index']=385, ['level']=77},
