    [17506644] = {['id']=17506644, ['name']="AuraStatue", ['index']=340, ['level']=83},
    [17506643] = {['id']=17506643, ['name']="AuraStatue", ['index']=339, ['level']=84},
    [17506633] = {['id']=17506633, ['name']="AuraStatue", ['index']=329, ['level']=84},
    [17506641] = {['id']=17506641, ['name']="AuraStatue", ['index']=337, ['level']=81},
    [17506635] = {['id']=17506635, ['name']="AuraStatue", ['index']=331, ['level']=82},
    [17506628] = {['id']=17506628, ['name']="AuraStatue", ['index']=324, ['level']=83},
    [17506627] = {['id']=17506627, ['name']="AuraStatue", ['index']=323, ['level']=84},
    [17506639] = {['id']=17506639, ['name']="DarkElemental", ['index']=335, ['level']=74},
    [17506554] = {['id']=17506554, ['name']="DecorativeWeap", ['index']=250, ['level']=79},
    [17506557] = {['id']=17506557, ['name']="DecorativeWeap", ['index']=253, ['level']=80},
    [17506560] = {['id']=17506560, ['name']="DecorativeWeap", ['index']=256, ['level']=79},
    [17506581] = {['id']=17506581, ['name']="DecorativeWeap", ['index']=277, ['level']=79},
    [17506606] = {['id']=17506606, ['name']="AuraWeapon", ['index']=302, ['level']=81},
    [17506620] = {['id']=17506620, ['name']="AuraStatue", ['index']=316, ['level']=82},
    [17506630] = {['id']=17506630, ['name']="AuraStatue", ['index']=326, ['level']=82},
    [17506612] = {['id']=17506612, ['name']="DarkElemental", ['index']=308, ['level']=73},
    [17506827] = {['id']=17506827, ['name']="GroundsTome", ['index']=523, ['level']=0},
    [17506610] = {['id']=17506610, ['name']="AuraWeapon", ['index']=306, ['level']=80},
    [17506611] = {['id']=17506611, ['name']="AuraWeapon", ['index']=307, ['level']=81},
    [17506615] = {['id']=17506615, ['name']="AuraStatue", ['index']=311, ['level']=83},
    [17506587] = {['id']=17506587, ['name']="AuraWeapon", ['index']=283, ['level']=80},
    [17506609] = {['id']=17506609, ['name']="AuraWeapon", ['index']=305, ['level']=80},
    [17506608] = {['id']=17506608, ['name']="AuraWeapon", ['index']=304, ['level']=80},
    [17506607] = {['id']=17506607, ['name']="AuraWeapon", ['index']=303, ['level']=82},
    [17506632] = {['id']=17506632, ['name']="AuraStatue", ['index']=328, ['level']=83},
    [17506634] = {['id']=17506634, ['name']="AuraStatue", ['index']=330, ['level']=82},
    [17506642] = {['id']=17506642, ['name']="AuraStatue", ['index']=338, ['level']=83},
    [17506602] = {['id']=17506602, ['name']="AuraWeapon", ['index']=298, ['level']=82},
    [17506596] = {['id']=17506596, ['name']="AuraWeapon", ['index']=292, ['level']=80},
    [17506603] = {['id']=17506603, ['name']="AuraWeapon", ['index']=299, ['level']=82},
    [17506598] = {['id']=17506598, ['name']="AuraWeapon", ['index']=294, ['level']=81},
    [17506599] = {['id']=17506599, ['name']="AuraWeapon", ['index']=295, ['level']=82},
    [17506601] = {['id']=17506601, ['name']="AuraWeapon", ['index']=297, ['level']=81},
    [17506597] = {['id']=17506597, ['name']="AuraWeapon", ['index']=293, ['level']=80},
    [17506595] = {['id']=17506595, ['name']="AuraWeapon", ['index']=291, ['level']=82},
    [17506600] = {['id']=17506600, ['name']="AuraWeapon", ['index']=296, ['level']=81},
    [17506512] = {['id']=17506512, ['name']="AuraWeapon", ['index']=208, ['level']=80},
