    [17776692] = {['id']=17776692, ['name']="Sibila-Mobla", ['index']=52, ['level']=0},
    [17776710] = {['id']=17776710, ['name']="Chocobo", ['index']=70, ['level']=0},
    [17776720] = {['id']=17776720, ['name']="Rusese", ['index']=80, ['level']=0},
    [17776713] = {['id']=17776713, ['name']="Couvoullie", ['index']=73, ['level']=0},
    [17776717] = {['id']=17776717, ['name']="Champalpieu", ['index']=77, ['level']=0},
    [17776709] = {['id']=17776709, ['name']="Chocobo", ['index']=69, ['level']=0},
    [17776650] = {['id']=17776650, ['name']="Chocobo", ['index']=10, ['level']=0},
    [17776652] = {['id']=17776652, ['name']="Brutus", ['index']=12, ['level']=0},
    [17776653] = {    [17776712] = {['id']=17776712, ['name']="Mairee", ['index']=72, ['level']=0},
    [17776656] = {    [17776711] = {['id']=17776711, ['name']="Mejuone", ['index']=71, ['level']=0},
    [17776682] = {    [17776832] = {['id']=17776832, ['name']="Turlough", ['index']=192, ['level']=0},
    [17776833] = {['id']=17776833, ['name']="Alfrieda", ['index']=193, ['level']=0},
    [17776834] = {['id']=17776834, ['name']="Finnela", ['index']=194, ['level']=0},
    [17776828] = {['id']=17776828, ['name']="Olgald", ['index']=188, ['level']=0},
    [17776827] = {['id']=17776827, ['name']="RheaMyuliah", ['index']=187, ['level']=0},
    [17776826] = {['id']=17776826, ['name']="Laila", ['index']=186, ['level']=0},
    [17776821] = {['id']=17776821, ['name']="Finbarr", ['index']=181, ['level']=0},
    [17776732] = {['id']=17776732, ['name']="Indika", ['index']=92, ['level']=0},
    [17776685] = {['id']=17776685, ['name']="Tewo_Rutuminpa", ['index']=45, ['level']=0},
    [17776677] = {['id']=17776677, ['name']="Glyke", ['index']=37, ['level']=0},
    [17776895] = {['id']=17776895, ['name']="Mapitoto", ['index']=255, ['level']=0},
    [17776654] = {['id']=17776654, ['name']="Shalott", ['index']=14, ['level']=0},
    [17776649] = {['id']=17776649, ['name']="Chocobo", ['index']=9, ['level']=0},
    [17776651] = {['id']=17776651, ['name']="Chocobo", ['index']=11, ['level']=0},
    [17776733] = {['id']=17776733, ['name']="Ulesa", ['index']=93, ['level']=0},
    [17776688] = {['id']=17776688, ['name']="Silver_Tail", ['index']=48, ['level']=0},
    [17776689] = {['id']=17776689, ['name']="Nevela", ['index']=49, ['level']=0},
    [17776659] = {['id']=17776659, ['name']="Baudin", ['index']=19, ['level']=0},
    [17776660] = {['id']=17776660, ['name']="Audia", ['index']=20, ['level']=0},
    [17776736] = {['id']=17776736, ['name']="Kasra", ['index']=96, ['level']=0},
    [17776676] = {['id']=17776676, ['name']="Zuber", ['index']=36, ['level']=0},
    [17776690] = {    [17776714] = {    [17776715] = {    [17776681] = {['id']=17776681, ['name']="Zelma", ['index']=41, ['level']=0},
    [17776885] = {['id']=17776885, ['name']="Voidwatch_Purveyor", ['index']=245, ['level']=0},
    [17776901] = {['id']=17776901, ['name']="Elijah", ['index']=261, ['level']=0},
    [17776815] = {['id']=17776815, ['name']="Ajithaam", ['index']=175, ['level']=0},
    [17776667] = {['id']=17776667, ['name']="Ilumida", ['index']=27, ['level']=0},
    [17776671] = {    [17776780] = {    [17776684] = {['id']=17776684, ['name']="Bozz", ['index']=44, ['level']=0},
    [17776737] = {['id']=17776737, ['name']="Koriso-Manriso", ['index']=97, ['level']=0},
    [17776735] = {['id']=17776735, ['name']="Shama_Pikholo", ['index']=95, ['level']=0},
    [17776694] = {['id']=17776694, ['name']="Palarillont", ['index']=54, ['level']=0},
    [17776693] = {['id']=17776693, ['name']="Renik", ['index']=53, ['level']=0},
    [17776679] = {['id']=17776679, ['name']="Kortso-Paratso", ['index']=39, ['level']=0},
    [17776687] = {    [17776691] = {    [17776718] = {['id']=17776718, ['name']="Areebah", ['index']=78, ['level']=0},
    [17776719] = {['id']=17776719, ['name']="Theraisie", ['index']=79, ['level']=0},
    [17776723] = {['id']=17776723, ['name']="Appollonia", ['index']=83, ['level']=0},
    [17776678] = {['id']=17776678, ['name']="Artush", ['index']=38, ['level']=0},
    [17776708] = {['id']=17776708, ['name']="Tinjue", ['index']=68, ['level']=0},
    [17776858] = {['id']=17776858, ['name']="MhaoKehtsoruho", ['index']=218, ['level']=0},
    [17776734] = {['id']=17776734, ['name']="Wise_Wolf", ['index']=94, ['level']=0},
    [17776721] = {    [17776643] = {['id']=17776643, ['name']="Souren", ['index']=3, ['level']=0},
    [17776644] = {['id']=17776644, ['name']="Constance", ['index']=4, ['level']=0},
    [17776773] = {['id']=17776773, ['name']="Migliorozz", ['index']=133, ['level']=0},
    [17776683] = {['id']=17776683, ['name']="Hinda", ['index']=43, ['level']=0},
    [17776680] = {['id']=17776680, ['name']="Taylen", ['index']=40, ['level']=0},
    [17776695] = {['id']=17776695, ['name']="Guslam", ['index']=55, ['level']=0},
    [17776641] = {['id']=17776641, ['name']="Monberaux", ['index']=1, ['level']=0},
    [17776661] = {['id']=17776661, ['name']="Mailloquetat", ['index']=21, ['level']=0},
    [17776662] = {['id']=17776662, ['name']="Rouliette", ['index']=22, ['level']=0},
    [17776696] = {['id']=17776696, ['name']="Deadly_Minnow", ['index']=56, ['level']=0},
    [17776642] = {['id']=17776642, ['name']="Rosaline", ['index']=2, ['level']=0},
    [17776716] = {['id']=17776716, ['name']="Khe_Chalahko", ['index']=76, ['level']=0},
    [17776663] = {['id']=17776663, ['name']="Chiphraix", ['index']=23, ['level']=0},
    [17776664] = {['id']=17776664, ['name']="Polly", ['index']=24, ['level']=0},
    [17776806] = {['id']=17776806, ['name']="Marshal", ['index']=166, ['level']=0},
    [17776805] = {['id']=17776805, ['name']="Afdeen", ['index']=165, ['level']=0},
    [17776778] = {['id']=17776778, ['name']="Moritz", ['index']=138, ['level']=0},
    [17776673] = {['id']=17776673, ['name']="Geebeh", ['index']=33, ['level']=0},
    [17776876] = {['id']=17776876, ['name']="Burrow_Investigator", ['index']=236, ['level']=0},
    [17776672] = {['id']=17776672, ['name']="Paya-Sabya", ['index']=32, ['level']=0},
    [17776886] = {['id']=17776886, ['name']="Priztrix", ['index']=246, ['level']=0},
    [17776722] = {['id']=17776722, ['name']="Edlina", ['index']=82, ['level']=0},
    [17776724] = {['id']=17776724, ['name']="Ratoto", ['index']=84, ['level']=0},
    [17776725] = {['id']=17776725, ['name']="Zekobi-Morokobi", ['index']=85, ['level']=0},
    [17776686] = {['id']=17776686, ['name']="Bheem", ['index']=46, ['level']=0},
    [17776738] = {['id']=17776738, ['name']="Emitt", ['index']=98, ['level']=0},
    [17776696] = {['id']=17776696, ['name']="Deadly_Minnow", ['index']=56, ['level']=0},
    [17776663] = {['id']=17776663, ['name']="Chiphraix", ['index']=23, ['level']=0},
    [17776664] = {['id']=17776664, ['name']="Polly", ['index']=24, ['level']=0},
    [17776679] = {    [17776691] = {['id']=17776691, ['name']="Balkehr", ['index']=51, ['level']=0},
    [17776778] = {['id']=17776778, ['name']="Moritz", ['index']=138, ['level']=0},
    [17776805] = {    [17776806] = {['id']=17776806, ['name']="Marshal", ['index']=166, ['level']=0},
    [17776876] = {    [17776886] = {['id']=17776886, ['name']="Priztrix", ['index']=246, ['level']=0},
    [17776673] = {['id']=17776673, ['name']="Geebeh", ['index']=33, ['level']=0},
    [17776672] = {['id']=17776672, ['name']="Paya-Sabya", ['index']=32, ['level']=0},
    [17776722] = {['id']=17776722, ['name']="Edlina", ['index']=82, ['level']=0},
    [17776643] = {['id']=17776643, ['name']="Souren", ['index']=3, ['level']=0},
    [17776724] = {['id']=17776724, ['name']="Ratoto", ['index']=84, ['level']=0},
    [17776725] = {['id']=17776725, ['name']="Zekobi-Morokobi", ['index']=85, ['level']=0},
    [17776661] = {['id']=17776661, ['name']="Mailloquetat", ['index']=21, ['level']=0},
    [17776662] = {['id']=17776662, ['name']="Rouliette", ['index']=22, ['level']=0},
    [17776680] = {    [17776683] = {['id']=17776683, ['name']="Hinda", ['index']=43, ['level']=0},
    [17776693] = {    [17776695] = {    [17776641] = {['id']=17776641, ['name']="Monberaux", ['index']=1, ['level']=0},
    [17776642] = {['id']=17776642, ['name']="Rosaline", ['index']=2, ['level']=0},
    [17776716] = {['id']=17776716, ['name']="Khe_Chalahko", ['index']=76, ['level']=0},
    [17776721] = {    [17776773] = {['id']=17776773, ['name']="Migliorozz", ['index']=133, ['level']=0},
    [17776644] = {['id']=17776644, ['name']="Constance", ['index']=4, ['level']=0},
    [17776694] = {['id']=17776694, ['name']="Palarillont", ['index']=54, ['level']=0},
    [17776780] = {['id']=17776780, ['name']="Luto_Mewrilah", ['index']=140, ['level']=0},
    [17776671] = {    [17776681] = {['id']=17776681, ['name']="Zelma", ['index']=41, ['level']=0},
    [17776684] = {['id']=17776684, ['name']="Bozz", ['index']=44, ['level']=0},
    [17776715] = {['id']=17776715, ['name']="Antonia", ['index']=75, ['level']=0},
    [17776714] = {['id']=17776714, ['name']="Coumuna", ['index']=74, ['level']=0},
    [17776734] = {    [17776735] = {    [17776737] = {['id']=17776737, ['name']="Koriso-Manriso", ['index']=97, ['level']=0},
    [17776736] = {    [17776895] = {    [17776690] = {['id']=17776690, ['name']="Nekha_Shachaba", ['index']=50, ['level']=0},
    [17776667] = {['id']=17776667, ['name']="Ilumida", ['index']=27, ['level']=0},
    [17776688] = {['id']=17776688, ['name']="Silver_Tail", ['index']=48, ['level']=0},
    [17776689] = {['id']=17776689, ['name']="Nevela", ['index']=49, ['level']=0},
    [17776654] = {['id']=17776654, ['name']="Shalott", ['index']=14, ['level']=0},
    [17776649] = {['id']=17776649, ['name']="Chocobo", ['index']=9, ['level']=0},
    [17776651] = {['id']=17776651, ['name']="Chocobo", ['index']=11, ['level']=0},
    [17776685] = {['id']=17776685, ['name']="Tewo_Rutuminpa", ['index']=45, ['level']=0},
    [17776659] = {['id']=17776659, ['name']="Baudin", ['index']=19, ['level']=0},
    [17776660] = {['id']=17776660, ['name']="Audia", ['index']=20, ['level']=0},
    [17776650] = {['id']=17776650, ['name']="Chocobo", ['index']=10, ['level']=0},
    [17776653] = {['id']=17776653, ['name']="Osker", ['index']=13, ['level']=0},
    [17776732] = {    [17776733] = {    [17776821] = {    [17776826] = {['id']=17776826, ['name']="Laila", ['index']=186, ['level']=0},
    [17776827] = {['id']=17776827, ['name']="RheaMyuliah", ['index']=187, ['level']=0},
    [17776828] = {['id']=17776828, ['name']="Olgald", ['index']=188, ['level']=0},
    [17776832] = {['id']=17776832, ['name']="Turlough", ['index']=192, ['level']=0},
    [17776833] = {    [17776834] = {    [17776652] = {['id']=17776652, ['name']="Brutus", ['index']=12, ['level']=0},
    [17776711] = {['id']=17776711, ['name']="Mejuone", ['index']=71, ['level']=0},
    [17776656] = {['id']=17776656, ['name']="Collet", ['index']=16, ['level']=0},
    [17776709] = {['id']=17776709, ['name']="Chocobo", ['index']=69, ['level']=0},
    [17776710] = {['id']=17776710, ['name']="Chocobo", ['index']=70, ['level']=0},
    [17776713] = {['id']=17776713, ['name']="Couvoullie", ['index']=73, ['level']=0},
    [17776682] = {['id']=17776682, ['name']="Mojuro-Nojuro", ['index']=42, ['level']=0},
    [17776677] = {['id']=17776677, ['name']="Glyke", ['index']=37, ['level']=0},
    [17776692] = {['id']=17776692, ['name']="Sibila-Mobla", ['index']=52, ['level']=0},
    [17776676] = {['id']=17776676, ['name']="Zuber", ['index']=36, ['level']=0},
    [17776678] = {['id']=17776678, ['name']="Artush", ['index']=38, ['level']=0},
    [17776712] = {['id']=17776712, ['name']="Mairee", ['index']=72, ['level']=0},
    [17776687] = {['id']=17776687, ['name']="Garadaut", ['index']=47, ['level']=0},
    [17776717] = {['id']=17776717, ['name']="Champalpieu", ['index']=77, ['level']=0},
    [17776718] = {['id']=17776718, ['name']="Areebah", ['index']=78, ['level']=0},
    [17776719] = {['id']=17776719, ['name']="Theraisie", ['index']=79, ['level']=0},
    [17776720] = {['id']=17776720, ['name']="Rusese", ['index']=80, ['level']=0},
    [17776723] = {    [17776858] = {['id']=17776858, ['name']="MhaoKehtsoruho", ['index']=218, ['level']=0},
    [17776708] = {['id']=17776708, ['name']="Tinjue", ['index']=68, ['level']=0},
    [17776885] = {['id']=17776885, ['name']="Voidwatch_Purveyor", ['index']=245, ['level']=0},
    [17776901] = {['id']=17776901, ['name']="Elijah", ['index']=261, ['level']=0},
    [17776815] = {['id']=17776815, ['name']="Ajithaam", ['index']=175, ['level']=0},
    [17776738] = {['id']=17776738, ['name']="Emitt", ['index']=98, ['level']=0},
    [17776686] = {['id']=17776686, ['name']="Bheem", ['index']=46, ['level']=0},
    [17776733] = {['id']=17776733, ['name']="Ulesa", ['index']=93, ['level']=0},
    [17776821] = {['id']=17776821, ['name']="Finbarr", ['index']=181, ['level']=0},
    [17776652] = {['id']=17776652, ['name']="Brutus", ['index']=12, ['level']=0},
    [17776826] = {['id']=17776826, ['name']="Laila", ['index']=186, ['level']=0},
    [17776656] = {    [17776732] = {['id']=17776732, ['name']="Indika", ['index']=92, ['level']=0},
    [17776827] = {['id']=17776827, ['name']="RheaMyuliah", ['index']=187, ['level']=0},
    [17776679] = {['id']=17776679, ['name']="Kortso-Paratso", ['index']=39, ['level']=0},
    [17776832] = {['id']=17776832, ['name']="Turlough", ['index']=192, ['level']=0},
    [17776828] = {['id']=17776828, ['name']="Olgald", ['index']=188, ['level']=0},
    [17776682] = {    [17776711] = {['id']=17776711, ['name']="Mejuone", ['index']=71, ['level']=0},
    [17776833] = {['id']=17776833, ['name']="Alfrieda", ['index']=193, ['level']=0},
    [17776692] = {['id']=17776692, ['name']="Sibila-Mobla", ['index']=52, ['level']=0},
    [17776709] = {['id']=17776709, ['name']="Chocobo", ['index']=69, ['level']=0},
    [17776710] = {['id']=17776710, ['name']="Chocobo", ['index']=70, ['level']=0},
    [17776834] = {['id']=17776834, ['name']="Finnela", ['index']=194, ['level']=0},
    [17776712] = {['id']=17776712, ['name']="Mairee", ['index']=72, ['level']=0},
    [17776713] = {    [17776677] = {['id']=17776677, ['name']="Glyke", ['index']=37, ['level']=0},
    [17776676] = {['id']=17776676, ['name']="Zuber", ['index']=36, ['level']=0},
    [17776687] = {['id']=17776687, ['name']="Garadaut", ['index']=47, ['level']=0},
    [17776678] = {['id']=17776678, ['name']="Artush", ['index']=38, ['level']=0},
    [17776720] = {['id']=17776720, ['name']="Rusese", ['index']=80, ['level']=0},
    [17776723] = {['id']=17776723, ['name']="Appollonia", ['index']=83, ['level']=0},
    [17776719] = {['id']=17776719, ['name']="Theraisie", ['index']=79, ['level']=0},
    [17776717] = {['id']=17776717, ['name']="Champalpieu", ['index']=77, ['level']=0},
    [17776708] = {['id']=17776708, ['name']="Tinjue", ['index']=68, ['level']=0},
    [17776718] = {['id']=17776718, ['name']="Areebah", ['index']=78, ['level']=0},
    [17776858] = {['id']=17776858, ['name']="MhaoKehtsoruho", ['index']=218, ['level']=0},
    [17776885] = {['id']=17776885, ['name']="Voidwatch_Purveyor", ['index']=245, ['level']=0},
    [17776738] = {    [17776901] = {['id']=17776901, ['name']="Elijah", ['index']=261, ['level']=0},
    [17776815] = {['id']=17776815, ['name']="Ajithaam", ['index']=175, ['level']=0},
    [17776686] = {['id']=17776686, ['name']="Bheem", ['index']=46, ['level']=0},
    [17776649] = {['id']=17776649, ['name']="Chocobo", ['index']=9, ['level']=0},
    [17776650] = {['id']=17776650, ['name']="Chocobo", ['index']=10, ['level']=0},
    [17776651] = {['id']=17776651, ['name']="Chocobo", ['index']=11, ['level']=0},
    [17776653] = {['id']=17776653, ['name']="Osker", ['index']=13, ['level']=0},
    [17776654] = {    [17776659] = {    [17776685] = {['id']=17776685, ['name']="Tewo_Rutuminpa", ['index']=45, ['level']=0},
    [17776688] = {    [17776689] = {    [17776660] = {['id']=17776660, ['name']="Audia", ['index']=20, ['level']=0},
    [17776736] = {['id']=17776736, ['name']="Kasra", ['index']=96, ['level']=0},
    [17776690] = {['id']=17776690, ['name']="Nekha_Shachaba", ['index']=50, ['level']=0},
    [17776895] = {['id']=17776895, ['name']="Mapitoto", ['index']=255, ['level']=0},
    [17776714] = {['id']=17776714, ['name']="Coumuna", ['index']=74, ['level']=0},
    [17776715] = {['id']=17776715, ['name']="Antonia", ['index']=75, ['level']=0},
    [17776667] = {['id']=17776667, ['name']="Ilumida", ['index']=27, ['level']=0},
    [17776681] = {['id']=17776681, ['name']="Zelma", ['index']=41, ['level']=0},
    [17776780] = {['id']=17776780, ['name']="Luto_Mewrilah", ['index']=140, ['level']=0},
    [17776671] = {['id']=17776671, ['name']="Shiroro", ['index']=31, ['level']=0},
    [17776684] = {['id']=17776684, ['name']="Bozz", ['index']=44, ['level']=0},
    [17776694] = {    [17776734] = {    [17776735] = {    [17776737] = {    [17776693] = {['id']=17776693, ['name']="Renik", ['index']=53, ['level']=0},
    [17776680] = {['id']=17776680, ['name']="Taylen", ['index']=40, ['level']=0},
    [17776683] = {['id']=17776683, ['name']="Hinda", ['index']=43, ['level']=0},
    [17776773] = {['id']=17776773, ['name']="Migliorozz", ['index']=133, ['level']=0},
    [17776695] = {['id']=17776695, ['name']="Guslam", ['index']=55, ['level']=0},
    [17776721] = {['id']=17776721, ['name']="Leillaine", ['index']=81, ['level']=0},
    [17776643] = {['id']=17776643, ['name']="Souren", ['index']=3, ['level']=0},
    [17776644] = {['id']=17776644, ['name']="Constance", ['index']=4, ['level']=0},
    [17776662] = {['id']=17776662, ['name']="Rouliette", ['index']=22, ['level']=0},
    [17776661] = {['id']=17776661, ['name']="Mailloquetat", ['index']=21, ['level']=0},
    [17776642] = {['id']=17776642, ['name']="Rosaline", ['index']=2, ['level']=0},
    [17776641] = {['id']=17776641, ['name']="Monberaux", ['index']=1, ['level']=0},
    [17776716] = {['id']=17776716, ['name']="Khe_Chalahko", ['index']=76, ['level']=0},
    [17776696] = {['id']=17776696, ['name']="Deadly_Minnow", ['index']=56, ['level']=0},
    [17776663] = {['id']=17776663, ['name']="Chiphraix", ['index']=23, ['level']=0},
    [17776664] = {['id']=17776664, ['name']="Polly", ['index']=24, ['level']=0},
    [17776679] = {['id']=17776679, ['name']="Kortso-Paratso", ['index']=39, ['level']=0},
    [17776691] = {    [17776806] = {['id']=17776806, ['name']="Marshal", ['index']=166, ['level']=0},
    [17776805] = {['id']=17776805, ['name']="Afdeen", ['index']=165, ['level']=0},
    [17776722] = {    [17776778] = {['id']=17776778, ['name']="Moritz", ['index']=138, ['level']=0},
    [17776876] = {    [17776886] = {['id']=17776886, ['name']="Priztrix", ['index']=246, ['level']=0},
    [17776673] = {['id']=17776673, ['name']="Geebeh", ['index']=33, ['level']=0},
    [17776672] = {['id']=17776672, ['name']="Paya-Sabya", ['index']=32, ['level']=0},
    [17776724] = {['id']=17776724, ['name']="Ratoto", ['index']=84, ['level']=0},
    [17776725] = {['id']=17776725, ['name']="Zekobi-Morokobi", ['index']=85, ['level']=0},
    [17776661] = {['id']=17776661, ['name']="Mailloquetat", ['index']=21, ['level']=0},
    [17776662] = {['id']=17776662, ['name']="Rouliette", ['index']=22, ['level']=0},
    [17776680] = {    [17776683] = {['id']=17776683, ['name']="Hinda", ['index']=43, ['level']=0},
    [17776693] = {    [17776695] = {    [17776641] = {['id']=17776641, ['name']="Monberaux", ['index']=1, ['level']=0},
    [17776716] = {['id']=17776716, ['name']="Khe_Chalahko", ['index']=76, ['level']=0},
    [17776721] = {    [17776642] = {['id']=17776642, ['name']="Rosaline", ['index']=2, ['level']=0},
    [17776773] = {['id']=17776773, ['name']="Migliorozz", ['index']=133, ['level']=0},
    [17776644] = {['id']=17776644, ['name']="Constance", ['index']=4, ['level']=0},
    [17776643] = {['id']=17776643, ['name']="Souren", ['index']=3, ['level']=0},
    [17776694] = {['id']=17776694, ['name']="Palarillont", ['index']=54, ['level']=0},
    [17776684] = {['id']=17776684, ['name']="Bozz", ['index']=44, ['level']=0},
    [17776780] = {['id']=17776780, ['name']="Luto_Mewrilah", ['index']=140, ['level']=0},
    [17776737] = {['id']=17776737, ['name']="Koriso-Manriso", ['index']=97, ['level']=0},
    [17776681] = {['id']=17776681, ['name']="Zelma", ['index']=41, ['level']=0},
    [17776690] = {    [17776734] = {['id']=17776734, ['name']="Wise_Wolf", ['index']=94, ['level']=0},
    [17776714] = {['id']=17776714, ['name']="Coumuna", ['index']=74, ['level']=0},
    [17776735] = {['id']=17776735, ['name']="Shama_Pikholo", ['index']=95, ['level']=0},
    [17776715] = {['id']=17776715, ['name']="Antonia", ['index']=75, ['level']=0},
    [17776736] = {    [17776895] = {    [17776671] = {['id']=17776671, ['name']="Shiroro", ['index']=31, ['level']=0},
    [17776667] = {['id']=17776667, ['name']="Ilumida", ['index']=27, ['level']=0},
    [17776688] = {['id']=17776688, ['name']="Silver_Tail", ['index']=48, ['level']=0},
    [17776689] = {['id']=17776689, ['name']="Nevela", ['index']=49, ['level']=0},
    [17776649] = {['id']=17776649, ['name']="Chocobo", ['index']=9, ['level']=0},
    [17776654] = {['id']=17776654, ['name']="Shalott", ['index']=14, ['level']=0},
    [17776651] = {['id']=17776651, ['name']="Chocobo", ['index']=11, ['level']=0},
    [17776685] = {['id']=17776685, ['name']="Tewo_Rutuminpa", ['index']=45, ['level']=0},
    [17776660] = {['id']=17776660, ['name']="Audia", ['index']=20, ['level']=0},
    [17776659] = {['id']=17776659, ['name']="Baudin", ['index']=19, ['level']=0},
    [17776653] = {['id']=17776653, ['name']="Osker", ['index']=13, ['level']=0},
    [17776650] = {['id']=17776650, ['name']="Chocobo", ['index']=10, ['level']=0},
    [17776679] = {['id']=17776679, ['name']="Kortso-Paratso", ['index']=39, ['level']=0},
    [17776696] = {['id']=17776696, ['name']="Deadly_Minnow", ['index']=56, ['level']=0},
    [17776663] = {['id']=17776663, ['name']="Chiphraix", ['index']=23, ['level']=0},
    [17776664] = {['id']=17776664, ['name']="Polly", ['index']=24, ['level']=0},
    [17776691] = {['id']=17776691, ['name']="Balkehr", ['index']=51, ['level']=0},
    [17776806] = {['id']=17776806, ['name']="Marshal", ['index']=166, ['level']=0},
    [17776805] = {['id']=17776805, ['name']="Afdeen", ['index']=165, ['level']=0},
    [17776778] = {['id']=17776778, ['name']="Moritz", ['index']=138, ['level']=0},
    [17776876] = {    [17776886] = {['id']=17776886, ['name']="Priztrix", ['index']=246, ['level']=0},
    [17776673] = {['id']=17776673, ['name']="Geebeh", ['index']=33, ['level']=0},
    [17776672] = {['id']=17776672, ['name']="Paya-Sabya", ['index']=32, ['level']=0},
    [17776722] = {['id']=17776722, ['name']="Edlina", ['index']=82, ['level']=0},
    [17776724] = {['id']=17776724, ['name']="Ratoto", ['index']=84, ['level']=0},
    [17776725] = {['id']=17776725, ['name']="Zekobi-Morokobi", ['index']=85, ['level']=0},
    [17776661] = {['id']=17776661, ['name']="Mailloquetat", ['index']=21, ['level']=0},
    [17776662] = {['id']=17776662, ['name']="Rouliette", ['index']=22, ['level']=0},
    [17776680] = {    [17776683] = {['id']=17776683, ['name']="Hinda", ['index']=43, ['level']=0},
    [17776693] = {    [17776695] = {    [17776641] = {['id']=17776641, ['name']="Monberaux", ['index']=1, ['level']=0},
    [17776642] = {['id']=17776642, ['name']="Rosaline", ['index']=2, ['level']=0},
    [17776716] = {['id']=17776716, ['name']="Khe_Chalahko", ['index']=76, ['level']=0},
    [17776721] = {    [17776773] = {['id']=17776773, ['name']="Migliorozz", ['index']=133, ['level']=0},
    [17776644] = {['id']=17776644, ['name']="Constance", ['index']=4, ['level']=0},
    [17776643] = {['id']=17776643, ['name']="Souren", ['index']=3, ['level']=0},
    [17776694] = {['id']=17776694, ['name']="Palarillont", ['index']=54, ['level']=0},
    [17776684] = {['id']=17776684, ['name']="Bozz", ['index']=44, ['level']=0},
    [17776780] = {['id']=17776780, ['name']="Luto_Mewrilah", ['index']=140, ['level']=0},
    [17776737] = {['id']=17776737, ['name']="Koriso-Manriso", ['index']=97, ['level']=0},
    [17776681] = {['id']=17776681, ['name']="Zelma", ['index']=41, ['level']=0},
    [17776690] = {    [17776715] = {['id']=17776715, ['name']="Antonia", ['index']=75, ['level']=0},
    [17776714] = {['id']=17776714, ['name']="Coumuna", ['index']=74, ['level']=0},
    [17776734] = {['id']=17776734, ['name']="Wise_Wolf", ['index']=94, ['level']=0},
    [17776735] = {['id']=17776735, ['name']="Shama_Pikholo", ['index']=95, ['level']=0},
    [17776895] = {    [17776671] = {['id']=17776671, ['name']="Shiroro", ['index']=31, ['level']=0},
    [17776667] = {['id']=17776667, ['name']="Ilumida", ['index']=27, ['level']=0},
    [17776689] = {['id']=17776689, ['name']="Nevela", ['index']=49, ['level']=0},
    [17776651] = {['id']=17776651, ['name']="Chocobo", ['index']=11, ['level']=0},
    [17776654] = {['id']=17776654, ['name']="Shalott", ['index']=14, ['level']=0},
    [17776688] = {['id']=17776688, ['name']="Silver_Tail", ['index']=48, ['level']=0},
    [17776649] = {['id']=17776649, ['name']="Chocobo", ['index']=9, ['level']=0},
    [17776736] = {['id']=17776736, ['name']="Kasra", ['index']=96, ['level']=0},
    [17776685] = {['id']=17776685, ['name']="Tewo_Rutuminpa", ['index']=45, ['level']=0},
    [17776659] = {['id']=17776659, ['name']="Baudin", ['index']=19, ['level']=0},
    [17776660] = {['id']=17776660, ['name']="Audia", ['index']=20, ['level']=0},
    [17776650] = {['id']=17776650, ['name']="Chocobo", ['index']=10, ['level']=0},
    [17776653] = {['id']=17776653, ['name']="Osker", ['index']=13, ['level']=0},
