    [16986127] = {['id']=16986127, ['name']="LesserColibri", ['index']=15, ['level']=64},
    [16986128] = {['id']=16986128, ['name']="LesserColibri", ['index']=16, ['level']=63},
    [16986138] = {['id']=16986138, ['name']="LesserColibri", ['index']=26, ['level']=64},
    [16986139] = {['id']=16986139, ['name']="LesserColibri", ['index']=27, ['level']=65},
    [16986130] = {['id']=16986130, ['name']="LesserColibri", ['index']=18, ['level']=65},
    [16986131] = {['id']=16986131, ['name']="LesserColibri", ['index']=19, ['level']=63},
    [16986129] = {['id']=16986129, ['name']="LesserColibri", ['index']=17, ['level']=64},
    [16986135] = {['id']=16986135, ['name']="LesserColibri", ['index']=23, ['level']=64},
    [16986148] = {['id']=16986148, ['name']="RedKisser", ['index']=36, ['level']=68},
    [16986140] = {['id']=16986140, ['name']="SoldierPephred", ['index']=28, ['level']=65},
    [16986141] = {['id']=16986141, ['name']="WorkerPephredo", ['index']=29, ['level']=63},
    [16986143] = {['id']=16986143, ['name']="WorkerPephredo", ['index']=31, ['level']=63},
    [16986146] = {['id']=16986146, ['name']="RedKisser", ['index']=34, ['level']=69},
    [16986147] = {['id']=16986147, ['name']="RedKisser", ['index']=35, ['level']=69},
    [16986142] = {['id']=16986142, ['name']="WorkerPephredo", ['index']=30, ['level']=63},
    [16986155] = {['id']=16986155, ['name']="LesserColibri", ['index']=43, ['level']=64},
    [16986157] = {['id']=16986157, ['name']="LesserColibri", ['index']=45, ['level']=63},
    [16986154] = {['id']=16986154, ['name']="LesserColibri", ['index']=42, ['level']=63},
    [16986153] = {['id']=16986153, ['name']="LesserColibri", ['index']=41, ['level']=64},
    [16986152] = {['id']=16986152, ['name']="LesserColibri", ['index']=40, ['level']=64},
    [16986156] = {['id']=16986156, ['name']="LesserColibri", ['index']=44, ['level']=64},
    [16986276] = {['id']=16986276, ['name']="TreantSapling", ['index']=164, ['level']=66},
    [16986277] = {['id']=16986277, ['name']="TreantSapling", ['index']=165, ['level']=68},
    [16986279] = {['id']=16986279, ['name']="DefoliateTrean", ['index']=167, ['level']=72},
    [16986278] = {['id']=16986278, ['name']="TreantSapling", ['index']=166, ['level']=66},
    [16986275] = {['id']=16986275, ['name']="DefoliateTrean", ['index']=163, ['level']=71},
    [16986267] = {['id']=16986267, ['name']="WorkerPephredo", ['index']=155, ['level']=62},
    [16986266] = {['id']=16986266, ['name']="SoldierPephred", ['index']=154, ['level']=64},
    [16986273] = {['id']=16986273, ['name']="WorkerPephredo", ['index']=161, ['level']=62},
    [16986268] = {['id']=16986268, ['name']="WorkerPephredo", ['index']=156, ['level']=62},
    [16986272] = {['id']=16986272, ['name']="SoldierPephred", ['index']=160, ['level']=64},
    [16986274] = {['id']=16986274, ['name']="WorkerPephredo", ['index']=162, ['level']=62},
    [16986269] = {['id']=16986269, ['name']="SoldierPephred", ['index']=157, ['level']=64},
    [16986271] = {['id']=16986271, ['name']="WorkerPephredo", ['index']=159, ['level']=62},
    [16986270] = {['id']=16986270, ['name']="WorkerPephredo", ['index']=158, ['level']=62},
    [16986290] = {['id']=16986290, ['name']="DefoliateTrean", ['index']=178, ['level']=72},
    [16986293] = {['id']=16986293, ['name']="DefoliateTrean", ['index']=181, ['level']=71},
    [16986295] = {['id']=16986295, ['name']="DefoliateTrean", ['index']=183, ['level']=72},
    [16986297] = {['id']=16986297, ['name']="WajaomTiger", ['index']=185, ['level']=67},
    [16986300] = {['id']=16986300, ['name']="WajaomTiger", ['index']=188, ['level']=67},
    [16986302] = {['id']=16986302, ['name']="AhtUrhganAtte", ['index']=190, ['level']=67},
    [16986298] = {['id']=16986298, ['name']="WajaomTiger", ['index']=186, ['level']=68},
    [16986313] = {['id']=16986313, ['name']="DefoliateTrean", ['index']=201, ['level']=74},
    [16986312] = {['id']=16986312, ['name']="TreantSapling", ['index']=200, ['level']=66},
    [16986315] = {['id']=16986315, ['name']="WajaomTiger", ['index']=203, ['level']=68},
    [16986316] = {['id']=16986316, ['name']="TreantSapling", ['index']=204, ['level']=67},
    [16986318] = {['id']=16986318, ['name']="WajaomTiger", ['index']=206, ['level']=68},
    [16986319] = {['id']=16986319, ['name']="WajaomTiger", ['index']=207, ['level']=68},
    [16986320] = {['id']=16986320, ['name']="Gharial", ['index']=208, ['level']=83},
    [16986317] = {['id']=16986317, ['name']="TreantSapling", ['index']=205, ['level']=67},
    [16986314] = {['id']=16986314, ['name']="WajaomTiger", ['index']=202, ['level']=67},
    [16986323] = {['id']=16986323, ['name']="TreantSapling", ['index']=211, ['level']=68},
    [16986322] = {['id']=16986322, ['name']="TreantSapling", ['index']=210, ['level']=67},
    [16986326] = {['id']=16986326, ['name']="TreantSapling", ['index']=214, ['level']=67},
    [16986328] = {['id']=16986328, ['name']="TreantSapling", ['index']=216, ['level']=67},
    [16986324] = {['id']=16986324, ['name']="DefoliateTrean", ['index']=212, ['level']=73},
    [16986330] = {['id']=16986330, ['name']="WajaomTiger", ['index']=218, ['level']=67},
    [16986325] = {['id']=16986325, ['name']="DefoliateTrean", ['index']=213, ['level']=73},
    [16986327] = {['id']=16986327, ['name']="TreantSapling", ['index']=215, ['level']=66},
    [16986329] = {['id']=16986329, ['name']="WajaomTiger", ['index']=217, ['level']=68},
    [16986363] = {['id']=16986363, ['name']="MamoolJaBound", ['index']=251, ['level']=73},
    [16986364] = {['id']=16986364, ['name']="MamoolJaMimic", ['index']=252, ['level']=73},
    [16986362] = {['id']=16986362, ['name']="MamoolJaSophi", ['index']=250, ['level']=72},
    [16986365] = {['id']=16986365, ['name']="MamoolJaSavan", ['index']=253, ['level']=73},
    [16986366] = {['id']=16986366, ['name']="GreatAmeretat", ['index']=254, ['level']=74},
    [16986360] = {['id']=16986360, ['name']="WorkerPephredo", ['index']=248, ['level']=64},
    [16986370] = {['id']=16986370, ['name']="GreatAmeretat", ['index']=258, ['level']=74},
    [16986361] = {['id']=16986361, ['name']="WorkerPephredo", ['index']=249, ['level']=63},
    [16986358] = {['id']=16986358, ['name']="WorkerPephredo", ['index']=246, ['level']=63},
    [16986359] = {['id']=16986359, ['name']="SoldierPephred", ['index']=247, ['level']=66},
    [16986375] = {['id']=16986375, ['name']="GreatAmeretat", ['index']=263, ['level']=73},
    [16986374] = {['id']=16986374, ['name']="Puk", ['index']=262, ['level']=69},
    [16986379] = {['id']=16986379, ['name']="Puk", ['index']=267, ['level']=69},
    [16986380] = {['id']=16986380, ['name']="GreatAmeretat", ['index']=268, ['level']=74},
    [16986381] = {['id']=16986381, ['name']="GreatAmeretat", ['index']=269, ['level']=73},
    [16986382] = {['id']=16986382, ['name']="WoodlandRunner", ['index']=270, ['level']=72},
    [16986383] = {['id']=16986383, ['name']="WoodlandRunner", ['index']=271, ['level']=71},
    [16986386] = {['id']=16986386, ['name']="WoodlandRunner", ['index']=274, ['level']=71},
    [16986384] = {['id']=16986384, ['name']="MamoolJaZenis", ['index']=272, ['level']=72},
    [16986385] = {['id']=16986385, ['name']="MamoolJaSavan", ['index']=273, ['level']=72},
    [16986388] = {['id']=16986388, ['name']="MamoolJaBound", ['index']=276, ['level']=73},
    [16986387] = {['id']=16986387, ['name']="MamoolJaSophi", ['index']=275, ['level']=72},
    [16986144] = {['id']=16986144, ['name']="Marid", ['index']=32, ['level']=77},
    [16986145] = {['id']=16986145, ['name']="Marid", ['index']=33, ['level']=77},
    [16986123] = {['id']=16986123, ['name']="LesserColibri", ['index']=11, ['level']=63},
    [16986820] = {['id']=16986820, ['name']="Camille", ['index']=708, ['level']=0},
    [16986824] = {['id']=16986824, ['name']="Atmacite_Refiner", ['index']=712, ['level']=0},
    [16986124] = {['id']=16986124, ['name']="LesserColibri", ['index']=12, ['level']=63},
    [16986125] = {['id']=16986125, ['name']="LesserColibri", ['index']=13, ['level']=64},
    [16986126] = {['id']=16986126, ['name']="LesserColibri", ['index']=14, ['level']=63},
    [16986132] = {['id']=16986132, ['name']="FomorThief", ['index']=20, ['level']=63},
    [16986133] = {['id']=16986133, ['name']="FomorBeastmast", ['index']=21, ['level']=64},
    [16986134] = {['id']=16986134, ['name']="Fomor\'sBats", ['index']=22, ['level']=59},
    [16986186] = {['id']=16986186, ['name']="WajaomTiger", ['index']=74, ['level']=67},
    [16986189] = {['id']=16986189, ['name']="WajaomTiger", ['index']=77, ['level']=68},
    [16986190] = {['id']=16986190, ['name']="WajaomTiger", ['index']=78, ['level']=68},
    [16986183] = {['id']=16986183, ['name']="Ameretat", ['index']=71, ['level']=68},
    [16986128] = {['id']=16986128, ['name']="LesserColibri", ['index']=16, ['level']=64},
    [16986127] = {['id']=16986127, ['name']="LesserColibri", ['index']=15, ['level']=64},
    [16986126] = {['id']=16986126, ['name']="LesserColibri", ['index']=14, ['level']=64},
    [16986139] = {['id']=16986139, ['name']="LesserColibri", ['index']=27, ['level']=63},
    [16986189] = {['id']=16986189, ['name']="WajaomTiger", ['index']=77, ['level']=67},
    [16986190] = {['id']=16986190, ['name']="WajaomTiger", ['index']=78, ['level']=67},
    [16986184] = {['id']=16986184, ['name']="Ameretat", ['index']=72, ['level']=68},
    [16986186] = {['id']=16986186, ['name']="WajaomTiger", ['index']=74, ['level']=67},
    [16986191] = {['id']=16986191, ['name']="LesserColibri", ['index']=79, ['level']=64},
    [16986185] = {['id']=16986185, ['name']="Ameretat", ['index']=73, ['level']=66},
    [16986187] = {['id']=16986187, ['name']="WajaomTiger", ['index']=75, ['level']=68},
    [16986183] = {['id']=16986183, ['name']="Ameretat", ['index']=71, ['level']=68},
    [16986192] = {['id']=16986192, ['name']="LesserColibri", ['index']=80, ['level']=64},
    [16986195] = {['id']=16986195, ['name']="LesserColibri", ['index']=83, ['level']=63},
    [16986196] = {['id']=16986196, ['name']="LesserColibri", ['index']=84, ['level']=65},
    [16986193] = {['id']=16986193, ['name']="LesserColibri", ['index']=81, ['level']=63},
    [16986194] = {['id']=16986194, ['name']="LesserColibri", ['index']=82, ['level']=63},
    [16986199] = {['id']=16986199, ['name']="AhtUrhganAtte", ['index']=87, ['level']=67},
    [16986200] = {['id']=16986200, ['name']="AhtUrhganAtte", ['index']=88, ['level']=67},
    [16986201] = {['id']=16986201, ['name']="AhtUrhganAtte", ['index']=89, ['level']=66},
    [16986202] = {['id']=16986202, ['name']="AhtUrhganAtte", ['index']=90, ['level']=67},
    [16986220] = {['id']=16986220, ['name']="Ameretat", ['index']=108, ['level']=67},
    [16986216] = {['id']=16986216, ['name']="SoldierPephred", ['index']=104, ['level']=64},
    [16986217] = {['id']=16986217, ['name']="WorkerPephredo", ['index']=105, ['level']=62},
    [16986218] = {['id']=16986218, ['name']="WorkerPephredo", ['index']=106, ['level']=62},
    [16986219] = {['id']=16986219, ['name']="WorkerPephredo", ['index']=107, ['level']=63},
    [16986221] = {['id']=16986221, ['name']="AhtUrhganAtte", ['index']=109, ['level']=66},
    [16986222] = {['id']=16986222, ['name']="AhtUrhganAtte", ['index']=110, ['level']=66},
    [16986223] = {['id']=16986223, ['name']="Puk", ['index']=111, ['level']=68},
    [16986225] = {['id']=16986225, ['name']="Puk", ['index']=113, ['level']=69},
    [16986227] = {['id']=16986227, ['name']="Puk", ['index']=115, ['level']=70},
    [16986226] = {['id']=16986226, ['name']="Puk", ['index']=114, ['level']=68},
    [16986224] = {['id']=16986224, ['name']="Puk", ['index']=112, ['level']=70},
    [16986231] = {['id']=16986231, ['name']="AhtUrhganAtte", ['index']=119, ['level']=66},
    [16986228] = {['id']=16986228, ['name']="Ameretat", ['index']=116, ['level']=68},
    [16986229] = {['id']=16986229, ['name']="AhtUrhganAtte", ['index']=117, ['level']=67},
    [16986230] = {['id']=16986230, ['name']="AhtUrhganAtte", ['index']=118, ['level']=67},
    [16986232] = {['id']=16986232, ['name']="AhtUrhganAtte", ['index']=120, ['level']=66},
    [16986233] = {['id']=16986233, ['name']="MamoolJaMimic", ['index']=121, ['level']=72},
    [16986234] = {['id']=16986234, ['name']="WoodlandRunner", ['index']=122, ['level']=72},
    [16986235] = {['id']=16986235, ['name']="AhtUrhganAtte", ['index']=123, ['level']=67},
    [16986236] = {['id']=16986236, ['name']="AhtUrhganAtte", ['index']=124, ['level']=67},
    [16986237] = {['id']=16986237, ['name']="AhtUrhganAtte", ['index']=125, ['level']=66},
    [16986238] = {['id']=16986238, ['name']="AhtUrhganAtte", ['index']=126, ['level']=66},
    [16986241] = {['id']=16986241, ['name']="AhtUrhganAtte", ['index']=129, ['level']=67},
    [16986243] = {['id']=16986243, ['name']="AhtUrhganAtte", ['index']=131, ['level']=66},
    [16986244] = {['id']=16986244, ['name']="AhtUrhganAtte", ['index']=132, ['level']=66},
    [16986242] = {['id']=16986242, ['name']="AhtUrhganAtte", ['index']=130, ['level']=67},
    [16986245] = {['id']=16986245, ['name']="Puk", ['index']=133, ['level']=69},
    [16986240] = {['id']=16986240, ['name']="AhtUrhganAtte", ['index']=128, ['level']=67},
    [16986239] = {['id']=16986239, ['name']="Puk", ['index']=127, ['level']=68},
    [16986246] = {['id']=16986246, ['name']="Puk", ['index']=134, ['level']=68},
    [16986252] = {['id']=16986252, ['name']="Puk", ['index']=140, ['level']=68},
    [16986251] = {['id']=16986251, ['name']="Puk", ['index']=139, ['level']=70},
    [16986250] = {['id']=16986250, ['name']="Puk", ['index']=138, ['level']=68},
    [16986253] = {['id']=16986253, ['name']="Puk", ['index']=141, ['level']=70},
    [16986255] = {['id']=16986255, ['name']="WorkerPephredo", ['index']=143, ['level']=63},
    [16986254] = {['id']=16986254, ['name']="SoldierPephred", ['index']=142, ['level']=65},
    [16986257] = {['id']=16986257, ['name']="WorkerPephredo", ['index']=145, ['level']=63},
    [16986259] = {['id']=16986259, ['name']="Puk", ['index']=147, ['level']=70},
    [16986256] = {['id']=16986256, ['name']="WorkerPephredo", ['index']=144, ['level']=64},
    [16986258] = {['id']=16986258, ['name']="Puk", ['index']=146, ['level']=69},
    [16986265] = {['id']=16986265, ['name']="RedKisser", ['index']=153, ['level']=70},
    [16986264] = {['id']=16986264, ['name']="RedKisser", ['index']=152, ['level']=71},
    [16986260] = {['id']=16986260, ['name']="RedKisser", ['index']=148, ['level']=70},
    [16986261] = {['id']=16986261, ['name']="RedKisser", ['index']=149, ['level']=70},
    [16986262] = {['id']=16986262, ['name']="RedKisser", ['index']=150, ['level']=70},
    [16986263] = {['id']=16986263, ['name']="RedKisser", ['index']=151, ['level']=71},
    [16986215] = {['id']=16986215, ['name']="Ameretat", ['index']=103, ['level']=67},
    [16986213] = {['id']=16986213, ['name']="LesserColibri", ['index']=101, ['level']=63},
    [16986211] = {['id']=16986211, ['name']="LesserColibri", ['index']=99, ['level']=64},
    [16986212] = {['id']=16986212, ['name']="LesserColibri", ['index']=100, ['level']=64},
    [16986210] = {['id']=16986210, ['name']="LesserColibri", ['index']=98, ['level']=64},
    [16986207] = {['id']=16986207, ['name']="Ameretat", ['index']=95, ['level']=67},
    [16986209] = {['id']=16986209, ['name']="AhtUrhganAtte", ['index']=97, ['level']=65},
    [16986206] = {['id']=16986206, ['name']="AhtUrhganAtte", ['index']=94, ['level']=66},
    [16986208] = {['id']=16986208, ['name']="AhtUrhganAtte", ['index']=96, ['level']=66},
    [16986351] = {['id']=16986351, ['name']="LesserColibri", ['index']=239, ['level']=64},
    [16986352] = {['id']=16986352, ['name']="LesserColibri", ['index']=240, ['level']=65},
    [16986348] = {['id']=16986348, ['name']="LesserColibri", ['index']=236, ['level']=64},
    [16986349] = {['id']=16986349, ['name']="LesserColibri", ['index']=237, ['level']=64},
    [16986347] = {['id']=16986347, ['name']="LesserColibri", ['index']=235, ['level']=65},
    [16986350] = {['id']=16986350, ['name']="LesserColibri", ['index']=238, ['level']=64},
    [16986342] = {['id']=16986342, ['name']="LesserColibri", ['index']=230, ['level']=65},
    [16986346] = {['id']=16986346, ['name']="LesserColibri", ['index']=234, ['level']=64},
    [16986343] = {['id']=16986343, ['name']="LesserColibri", ['index']=231, ['level']=64},
    [16986339] = {['id']=16986339, ['name']="LesserColibri", ['index']=227, ['level']=64},
    [16986340] = {['id']=16986340, ['name']="LesserColibri", ['index']=228, ['level']=65},
    [16986341] = {['id']=16986341, ['name']="LesserColibri", ['index']=229, ['level']=65},
    [16986747] = {['id']=16986747, ['name']="Watisa", ['index']=635, ['level']=0},
    [16986344] = {['id']=16986344, ['name']="LesserColibri", ['index']=232, ['level']=65},
    [16986345] = {['id']=16986345, ['name']="LesserColibri", ['index']=233, ['level']=65},
    [16986204] = {['id']=16986204, ['name']="Ameretat", ['index']=92, ['level']=68},
    [16986203] = {['id']=16986203, ['name']="Ameretat", ['index']=91, ['level']=67},
    [16986205] = {['id']=16986205, ['name']="AhtUrhganAtte", ['index']=93, ['level']=66},
    [16986170] = {['id']=16986170, ['name']="WorkerPephredo", ['index']=58, ['level']=63},
    [16986166] = {['id']=16986166, ['name']="SoldierPephred", ['index']=54, ['level']=64},
    [16986167] = {['id']=16986167, ['name']="WorkerPephredo", ['index']=55, ['level']=63},
    [16986168] = {['id']=16986168, ['name']="WorkerPephredo", ['index']=56, ['level']=62},
    [16986169] = {['id']=16986169, ['name']="SoldierPephred", ['index']=57, ['level']=64},
    [16986171] = {['id']=16986171, ['name']="WorkerPephredo", ['index']=59, ['level']=63},
    [16986175] = {['id']=16986175, ['name']="LesserColibri", ['index']=63, ['level']=65},
    [16986176] = {['id']=16986176, ['name']="LesserColibri", ['index']=64, ['level']=65},
    [16986172] = {['id']=16986172, ['name']="Marid", ['index']=60, ['level']=77},
    [16986173] = {['id']=16986173, ['name']="Marid", ['index']=61, ['level']=78},
    [16986182] = {['id']=16986182, ['name']="RedKisser", ['index']=70, ['level']=69},
    [16986181] = {['id']=16986181, ['name']="RedKisser", ['index']=69, ['level']=69},
    [16986177] = {['id']=16986177, ['name']="Marid", ['index']=65, ['level']=77},
    [16986180] = {['id']=16986180, ['name']="LesserColibri", ['index']=68, ['level']=64},
    [16986153] = {['id']=16986153, ['name']="LesserColibri", ['index']=41, ['level']=64},
    [16986141] = {['id']=16986141, ['name']="WorkerPephredo", ['index']=29, ['level']=63},
    [16986152] = {['id']=16986152, ['name']="LesserColibri", ['index']=40, ['level']=65},
    [16986142] = {['id']=16986142, ['name']="WorkerPephredo", ['index']=30, ['level']=62},
    [16986143] = {['id']=16986143, ['name']="WorkerPephredo", ['index']=31, ['level']=63},
    [16986146] = {['id']=16986146, ['name']="RedKisser", ['index']=34, ['level']=68},
    [16986147] = {['id']=16986147, ['name']="RedKisser", ['index']=35, ['level']=69},
    [16986148] = {['id']=16986148, ['name']="RedKisser", ['index']=36, ['level']=69},
    [16986149] = {['id']=16986149, ['name']="GrandMarid", ['index']=37, ['level']=80},
    [16986145] = {['id']=16986145, ['name']="Marid", ['index']=33, ['level']=77},
    [16986140] = {['id']=16986140, ['name']="SoldierPephred", ['index']=28, ['level']=65},
    [16986151] = {['id']=16986151, ['name']="Marid", ['index']=39, ['level']=77},
    [16986179] = {['id']=16986179, ['name']="LesserColibri", ['index']=67, ['level']=64},
    [16986144] = {['id']=16986144, ['name']="Marid", ['index']=32, ['level']=78},
    [16986135] = {['id']=16986135, ['name']="LesserColibri", ['index']=23, ['level']=64},
    [16986130] = {['id']=16986130, ['name']="LesserColibri", ['index']=18, ['level']=65},
    [16986138] = {['id']=16986138, ['name']="LesserColibri", ['index']=26, ['level']=65},
    [16986123] = {['id']=16986123, ['name']="LesserColibri", ['index']=11, ['level']=63},
    [16986124] = {['id']=16986124, ['name']="LesserColibri", ['index']=12, ['level']=64},
    [16986820] = {['id']=16986820, ['name']="Camille", ['index']=708, ['level']=0},
    [16986824] = {['id']=16986824, ['name']="Atmacite_Refiner", ['index']=712, ['level']=0},
    [16986123] = {['id']=16986123, ['name']="LesserColibri", ['index']=11, ['level']=63},
    [16986124] = {['id']=16986124, ['name']="LesserColibri", ['index']=12, ['level']=64},
    [16986820] = {['id']=16986820, ['name']="Camille", ['index']=708, ['level']=0},
    [16986824] = {['id']=16986824, ['name']="Atmacite_Refiner", ['index']=712, ['level']=0},
    [16986340] = {['id']=16986340, ['name']="LesserColibri", ['index']=228, ['level']=64},
    [16986339] = {['id']=16986339, ['name']="LesserColibri", ['index']=227, ['level']=64},
    [16986342] = {['id']=16986342, ['name']="LesserColibri", ['index']=230, ['level']=64},
    [16986341] = {['id']=16986341, ['name']="LesserColibri", ['index']=229, ['level']=64},
    [16986343] = {['id']=16986343, ['name']="LesserColibri", ['index']=231, ['level']=64},
    [16986344] = {['id']=16986344, ['name']="LesserColibri", ['index']=232, ['level']=64},
    [16986345] = {['id']=16986345, ['name']="LesserColibri", ['index']=233, ['level']=65},
    [16986747] = {['id']=16986747, ['name']="Watisa", ['index']=635, ['level']=0},
    [16986150] = {['id']=16986150, ['name']="Marid", ['index']=38, ['level']=77},
    [16986151] = {['id']=16986151, ['name']="Marid", ['index']=39, ['level']=78},
    [16986150] = {['id']=16986150, ['name']="Marid", ['index']=38, ['level']=78},
    [16986151] = {['id']=16986151, ['name']="Marid", ['index']=39, ['level']=77},
    [16986128] = {['id']=16986128, ['name']="LesserColibri", ['index']=16, ['level']=64},
    [16986130] = {['id']=16986130, ['name']="LesserColibri", ['index']=18, ['level']=65},
    [16986131] = {['id']=16986131, ['name']="LesserColibri", ['index']=19, ['level']=64},
    [16986129] = {['id']=16986129, ['name']="LesserColibri", ['index']=17, ['level']=63},
    [16986135] = {['id']=16986135, ['name']="LesserColibri", ['index']=23, ['level']=65},
    [16986146] = {['id']=16986146, ['name']="RedKisser", ['index']=34, ['level']=68},
    [16986148] = {['id']=16986148, ['name']="RedKisser", ['index']=36, ['level']=68},
    [16986147] = {['id']=16986147, ['name']="RedKisser", ['index']=35, ['level']=68},
    [16986142] = {['id']=16986142, ['name']="WorkerPephredo", ['index']=30, ['level']=63},
    [16986143] = {['id']=16986143, ['name']="WorkerPephredo", ['index']=31, ['level']=62},
    [16986141] = {['id']=16986141, ['name']="WorkerPephredo", ['index']=29, ['level']=63},
    [16986140] = {['id']=16986140, ['name']="SoldierPephred", ['index']=28, ['level']=64},
    [16986152] = {['id']=16986152, ['name']="LesserColibri", ['index']=40, ['level']=63},
    [16986153] = {['id']=16986153, ['name']="LesserColibri", ['index']=41, ['level']=63},
    [16986155] = {['id']=16986155, ['name']="LesserColibri", ['index']=43, ['level']=64},
    [16986156] = {['id']=16986156, ['name']="LesserColibri", ['index']=44, ['level']=63},
    [16986157] = {['id']=16986157, ['name']="LesserColibri", ['index']=45, ['level']=63},
    [16986154] = {['id']=16986154, ['name']="LesserColibri", ['index']=42, ['level']=64},
    [16986278] = {['id']=16986278, ['name']="TreantSapling", ['index']=166, ['level']=66},
    [16986275] = {['id']=16986275, ['name']="DefoliateTrean", ['index']=163, ['level']=73},
    [16986277] = {['id']=16986277, ['name']="TreantSapling", ['index']=165, ['level']=66},
    [16986279] = {['id']=16986279, ['name']="DefoliateTrean", ['index']=167, ['level']=72},
    [16986276] = {['id']=16986276, ['name']="TreantSapling", ['index']=164, ['level']=68},
    [16986268] = {['id']=16986268, ['name']="WorkerPephredo", ['index']=156, ['level']=62},
    [16986267] = {['id']=16986267, ['name']="WorkerPephredo", ['index']=155, ['level']=62},
    [16986266] = {['id']=16986266, ['name']="SoldierPephred", ['index']=154, ['level']=64},
    [16986273] = {['id']=16986273, ['name']="WorkerPephredo", ['index']=161, ['level']=63},
    [16986272] = {['id']=16986272, ['name']="SoldierPephred", ['index']=160, ['level']=64},
    [16986269] = {['id']=16986269, ['name']="SoldierPephred", ['index']=157, ['level']=65},
    [16986270] = {['id']=16986270, ['name']="WorkerPephredo", ['index']=158, ['level']=62},
    [16986274] = {['id']=16986274, ['name']="WorkerPephredo", ['index']=162, ['level']=63},
    [16986271] = {['id']=16986271, ['name']="WorkerPephredo", ['index']=159, ['level']=63},
    [16986280] = {['id']=16986280, ['name']="DefoliateTrean", ['index']=168, ['level']=72},
    [16986281] = {['id']=16986281, ['name']="DefoliateTrean", ['index']=169, ['level']=73},
    [16986282] = {['id']=16986282, ['name']="AhtUrhganAtte", ['index']=170, ['level']=66},
    [16986283] = {['id']=16986283, ['name']="AhtUrhganAtte", ['index']=171, ['level']=67},
    [16986284] = {['id']=16986284, ['name']="AhtUrhganAtte", ['index']=172, ['level']=66},
    [16986151] = {['id']=16986151, ['name']="Marid", ['index']=39, ['level']=77},
    [16986158] = {['id']=16986158, ['name']="FomorThief", ['index']=46, ['level']=63},
    [16986159] = {['id']=16986159, ['name']="FomorPaladin", ['index']=47, ['level']=63},
    [16986160] = {['id']=16986160, ['name']="FomorThief", ['index']=48, ['level']=65},
    [16986161] = {['id']=16986161, ['name']="FomorPaladin", ['index']=49, ['level']=64},
    [16986118] = {['id']=16986118, ['name']="Chigoe", ['index']=6, ['level']=72},
    [16986145] = {['id']=16986145, ['name']="Marid", ['index']=33, ['level']=78},
    [16986180] = {['id']=16986180, ['name']="LesserColibri", ['index']=68, ['level']=64},
    [16986179] = {['id']=16986179, ['name']="LesserColibri", ['index']=67, ['level']=64},
    [16986178] = {['id']=16986178, ['name']="Marid", ['index']=66, ['level']=78},
    [16986177] = {['id']=16986177, ['name']="Marid", ['index']=65, ['level']=77},
    [16986176] = {['id']=16986176, ['name']="LesserColibri", ['index']=64, ['level']=63},
    [16986168] = {['id']=16986168, ['name']="WorkerPephredo", ['index']=56, ['level']=63},
    [16986175] = {['id']=16986175, ['name']="LesserColibri", ['index']=63, ['level']=64},
    [16986167] = {['id']=16986167, ['name']="WorkerPephredo", ['index']=55, ['level']=63},
    [16986166] = {['id']=16986166, ['name']="SoldierPephred", ['index']=54, ['level']=65},
    [16986171] = {['id']=16986171, ['name']="WorkerPephredo", ['index']=59, ['level']=62},
    [16986169] = {['id']=16986169, ['name']="SoldierPephred", ['index']=57, ['level']=65},
    [16986170] = {['id']=16986170, ['name']="WorkerPephredo", ['index']=58, ['level']=62},
    [16986172] = {['id']=16986172, ['name']="Marid", ['index']=60, ['level']=77},
    [16986173] = {['id']=16986173, ['name']="Marid", ['index']=61, ['level']=77},
    [16986183] = {['id']=16986183, ['name']="Ameretat", ['index']=71, ['level']=67},
    [16986193] = {['id']=16986193, ['name']="LesserColibri", ['index']=81, ['level']=64},
    [16986194] = {['id']=16986194, ['name']="LesserColibri", ['index']=82, ['level']=65},
    [16986196] = {['id']=16986196, ['name']="LesserColibri", ['index']=84, ['level']=65},
    [16986195] = {['id']=16986195, ['name']="LesserColibri", ['index']=83, ['level']=65},
    [16986192] = {['id']=16986192, ['name']="LesserColibri", ['index']=80, ['level']=63},
    [16986206] = {['id']=16986206, ['name']="AhtUrhganAtte", ['index']=94, ['level']=66},
    [16986203] = {['id']=16986203, ['name']="Ameretat", ['index']=91, ['level']=66},
    [16986205] = {['id']=16986205, ['name']="AhtUrhganAtte", ['index']=93, ['level']=66},
    [16986204] = {['id']=16986204, ['name']="Ameretat", ['index']=92, ['level']=67},
    [16986207] = {['id']=16986207, ['name']="Ameretat", ['index']=95, ['level']=67},
    [16986209] = {['id']=16986209, ['name']="AhtUrhganAtte", ['index']=97, ['level']=65},
    [16986208] = {['id']=16986208, ['name']="AhtUrhganAtte", ['index']=96, ['level']=65},
    [16986351] = {['id']=16986351, ['name']="LesserColibri", ['index']=239, ['level']=64},
    [16986352] = {['id']=16986352, ['name']="LesserColibri", ['index']=240, ['level']=65},
    [16986350] = {['id']=16986350, ['name']="LesserColibri", ['index']=238, ['level']=65},
    [16986349] = {['id']=16986349, ['name']="LesserColibri", ['index']=237, ['level']=64},
    [16986348] = {['id']=16986348, ['name']="LesserColibri", ['index']=236, ['level']=65},
    [16986342] = {['id']=16986342, ['name']="LesserColibri", ['index']=230, ['level']=65},
    [16986347] = {['id']=16986347, ['name']="LesserColibri", ['index']=235, ['level']=64},
    [16986346] = {['id']=16986346, ['name']="LesserColibri", ['index']=234, ['level']=64},
    [16986343] = {['id']=16986343, ['name']="LesserColibri", ['index']=231, ['level']=65},
    [16986339] = {['id']=16986339, ['name']="LesserColibri", ['index']=227, ['level']=64},
    [16986345] = {['id']=16986345, ['name']="LesserColibri", ['index']=233, ['level']=64},
    [16986340] = {['id']=16986340, ['name']="LesserColibri", ['index']=228, ['level']=64},
    [16986341] = {['id']=16986341, ['name']="LesserColibri", ['index']=229, ['level']=65},
    [16986747] = {['id']=16986747, ['name']="Watisa", ['index']=635, ['level']=0},
    [16986344] = {['id']=16986344, ['name']="LesserColibri", ['index']=232, ['level']=65},
    [16986123] = {['id']=16986123, ['name']="LesserColibri", ['index']=11, ['level']=63},
    [16986124] = {['id']=16986124, ['name']="LesserColibri", ['index']=12, ['level']=63},
    [16986820] = {['id']=16986820, ['name']="Camille", ['index']=708, ['level']=0},
    [16986824] = {['id']=16986824, ['name']="Atmacite_Refiner", ['index']=712, ['level']=0},
    [16986123] = {['id']=16986123, ['name']="LesserColibri", ['index']=11, ['level']=64},
    [16986124] = {['id']=16986124, ['name']="LesserColibri", ['index']=12, ['level']=63},
    [16986820] = {['id']=16986820, ['name']="Camille", ['index']=708, ['level']=0},
    [16986824] = {['id']=16986824, ['name']="Atmacite_Refiner", ['index']=712, ['level']=0},
    [16986178] = {['id']=16986178, ['name']="Marid", ['index']=66, ['level']=78},
    [16986118] = {['id']=16986118, ['name']="Chigoe", ['index']=6, ['level']=73},
    [16986119] = {['id']=16986119, ['name']="Chigoe", ['index']=7, ['level']=73},
    [16986120] = {['id']=16986120, ['name']="Chigoe", ['index']=8, ['level']=73},
    [16986136] = {['id']=16986136, ['name']="FomorPaladin", ['index']=24, ['level']=63},
    [16986137] = {['id']=16986137, ['name']="FomorBard", ['index']=25, ['level']=63},
    [16986188] = {['id']=16986188, ['name']="Chelicerata", ['index']=76, ['level']=77},
    [16986601] = {['id']=16986601, ['name']="WarhorseHoofpr", ['index']=489, ['level']=0},
    [16986197] = {['id']=16986197, ['name']="ZoraalJa\'sPku", ['index']=85, ['level']=75},
    [16986603] = {['id']=16986603, ['name']="WarhorseHoofpr", ['index']=491, ['level']=0},
    [16986198] = {['id']=16986198, ['name']="PercipientZora", ['index']=86, ['level']=75},
    [16986296] = {['id']=16986296, ['name']="WajaomTiger", ['index']=184, ['level']=68},
    [16986338] = {['id']=16986338, ['name']="DefoliateTrean", ['index']=226, ['level']=74},
    [16986336] = {['id']=16986336, ['name']="LesserColibri", ['index']=224, ['level']=64},
    [16986337] = {['id']=16986337, ['name']="DefoliateTrean", ['index']=225, ['level']=73},
    [16986334] = {['id']=16986334, ['name']="LesserColibri", ['index']=222, ['level']=65},
    [16986335] = {['id']=16986335, ['name']="LesserColibri", ['index']=223, ['level']=64},
    [16986299] = {['id']=16986299, ['name']="WajaomTiger", ['index']=187, ['level']=68},
    [16986301] = {['id']=16986301, ['name']="AhtUrhganAtte", ['index']=189, ['level']=66},
    [16986303] = {['id']=16986303, ['name']="WajaomTiger", ['index']=191, ['level']=68},
    [16986304] = {['id']=16986304, ['name']="AhtUrhganAtte", ['index']=192, ['level']=66},
    [16986331] = {['id']=16986331, ['name']="WajaomTiger", ['index']=219, ['level']=68},
    [16986332] = {['id']=16986332, ['name']="WajaomTiger", ['index']=220, ['level']=67},
    [16986333] = {['id']=16986333, ['name']="LesserColibri", ['index']=221, ['level']=64},
    [16986367] = {['id']=16986367, ['name']="Puk", ['index']=255, ['level']=69},
    [16986368] = {['id']=16986368, ['name']="Puk", ['index']=256, ['level']=69},
    [16986356] = {['id']=16986356, ['name']="SoldierPephred", ['index']=244, ['level']=65},
    [16986357] = {['id']=16986357, ['name']="WorkerPephredo", ['index']=245, ['level']=64},
    [16986371] = {['id']=16986371, ['name']="Puk", ['index']=259, ['level']=69},
    [16986373] = {['id']=16986373, ['name']="Puk", ['index']=261, ['level']=68},
    [16986372] = {['id']=16986372, ['name']="Puk", ['index']=260, ['level']=69},
    [16986377] = {['id']=16986377, ['name']="GreatAmeretat", ['index']=265, ['level']=73},
    [16986376] = {['id']=16986376, ['name']="GreatAmeretat", ['index']=264, ['level']=74},
    [16986127] = {['id']=16986127, ['name']="LesserColibri", ['index']=15, ['level']=63},
    [16986128] = {['id']=16986128, ['name']="LesserColibri", ['index']=16, ['level']=64},
    [16986139] = {['id']=16986139, ['name']="LesserColibri", ['index']=27, ['level']=64},
    [16986138] = {['id']=16986138, ['name']="LesserColibri", ['index']=26, ['level']=64},
    [16986183] = {['id']=16986183, ['name']="Ameretat", ['index']=71, ['level']=68},
    [16986190] = {['id']=16986190, ['name']="WajaomTiger", ['index']=78, ['level']=67},
    [16986189] = {['id']=16986189, ['name']="WajaomTiger", ['index']=77, ['level']=67},
    [16986186] = {['id']=16986186, ['name']="WajaomTiger", ['index']=74, ['level']=67},
    [16986184] = {['id']=16986184, ['name']="Ameretat", ['index']=72, ['level']=66},
    [16986191] = {['id']=16986191, ['name']="LesserColibri", ['index']=79, ['level']=65},
    [16986185] = {['id']=16986185, ['name']="Ameretat", ['index']=73, ['level']=68},
    [16986187] = {['id']=16986187, ['name']="WajaomTiger", ['index']=75, ['level']=67},
    [16986197] = {['id']=16986197, ['name']="ZoraalJa\'sPku", ['index']=85, ['level']=75},
    [16986194] = {['id']=16986194, ['name']="LesserColibri", ['index']=82, ['level']=65},
    [16986200] = {['id']=16986200, ['name']="AhtUrhganAtte", ['index']=88, ['level']=66},
    [16986199] = {['id']=16986199, ['name']="AhtUrhganAtte", ['index']=87, ['level']=67},
    [16986202] = {['id']=16986202, ['name']="AhtUrhganAtte", ['index']=90, ['level']=66},
    [16986201] = {['id']=16986201, ['name']="AhtUrhganAtte", ['index']=89, ['level']=67},
    [16986220] = {['id']=16986220, ['name']="Ameretat", ['index']=108, ['level']=66},
    [16986216] = {['id']=16986216, ['name']="SoldierPephred", ['index']=104, ['level']=64},
    [16986217] = {['id']=16986217, ['name']="WorkerPephredo", ['index']=105, ['level']=62},
    [16986218] = {['id']=16986218, ['name']="WorkerPephredo", ['index']=106, ['level']=63},
    [16986219] = {['id']=16986219, ['name']="WorkerPephredo", ['index']=107, ['level']=63},
    [16986221] = {['id']=16986221, ['name']="AhtUrhganAtte", ['index']=109, ['level']=66},
    [16986222] = {['id']=16986222, ['name']="AhtUrhganAtte", ['index']=110, ['level']=66},
    [16986227] = {['id']=16986227, ['name']="Puk", ['index']=115, ['level']=69},
    [16986224] = {['id']=16986224, ['name']="Puk", ['index']=112, ['level']=68},
    [16986225] = {['id']=16986225, ['name']="Puk", ['index']=113, ['level']=70},
    [16986234] = {['id']=16986234, ['name']="WoodlandRunner", ['index']=122, ['level']=71},
    [16986226] = {['id']=16986226, ['name']="Puk", ['index']=114, ['level']=70},
    [16986223] = {['id']=16986223, ['name']="Puk", ['index']=111, ['level']=69},
    [16986230] = {['id']=16986230, ['name']="AhtUrhganAtte", ['index']=118, ['level']=66},
    [16986229] = {['id']=16986229, ['name']="AhtUrhganAtte", ['index']=117, ['level']=67},
    [16986231] = {['id']=16986231, ['name']="AhtUrhganAtte", ['index']=119, ['level']=67},
    [16986232] = {['id']=16986232, ['name']="AhtUrhganAtte", ['index']=120, ['level']=66},
    [16986236] = {['id']=16986236, ['name']="AhtUrhganAtte", ['index']=124, ['level']=66},
    [16986235] = {['id']=16986235, ['name']="AhtUrhganAtte", ['index']=123, ['level']=66},
    [16986237] = {['id']=16986237, ['name']="AhtUrhganAtte", ['index']=125, ['level']=66},
    [16986238] = {['id']=16986238, ['name']="AhtUrhganAtte", ['index']=126, ['level']=66},
    [16986243] = {['id']=16986243, ['name']="AhtUrhganAtte", ['index']=131, ['level']=67},
    [16986241] = {['id']=16986241, ['name']="AhtUrhganAtte", ['index']=129, ['level']=66},
    [16986242] = {['id']=16986242, ['name']="AhtUrhganAtte", ['index']=130, ['level']=66},
    [16986244] = {['id']=16986244, ['name']="AhtUrhganAtte", ['index']=132, ['level']=66},
    [16986245] = {['id']=16986245, ['name']="Puk", ['index']=133, ['level']=70},
    [16986239] = {['id']=16986239, ['name']="Puk", ['index']=127, ['level']=68},
    [16986240] = {['id']=16986240, ['name']="AhtUrhganAtte", ['index']=128, ['level']=66},
    [16986247] = {['id']=16986247, ['name']="Haunt", ['index']=135, ['level']=66},
    [16986246] = {['id']=16986246, ['name']="Puk", ['index']=134, ['level']=68},
    [16986248] = {['id']=16986248, ['name']="Puk", ['index']=136, ['level']=70},
    [16986249] = {['id']=16986249, ['name']="Haunt", ['index']=137, ['level']=65},
    [16986250] = {['id']=16986250, ['name']="Puk", ['index']=138, ['level']=68},
    [16986251] = {['id']=16986251, ['name']="Puk", ['index']=139, ['level']=70},
    [16986252] = {['id']=16986252, ['name']="Puk", ['index']=140, ['level']=68},
    [16986253] = {['id']=16986253, ['name']="Puk", ['index']=141, ['level']=69},
    [16986254] = {['id']=16986254, ['name']="SoldierPephred", ['index']=142, ['level']=64},
    [16986255] = {['id']=16986255, ['name']="WorkerPephredo", ['index']=143, ['level']=64},
    [16986256] = {['id']=16986256, ['name']="WorkerPephredo", ['index']=144, ['level']=63},
    [16986257] = {['id']=16986257, ['name']="WorkerPephredo", ['index']=145, ['level']=63},
    [16986258] = {['id']=16986258, ['name']="Puk", ['index']=146, ['level']=69},
    [16986259] = {['id']=16986259, ['name']="Puk", ['index']=147, ['level']=69},
    [16986264] = {['id']=16986264, ['name']="RedKisser", ['index']=152, ['level']=70},
    [16986265] = {['id']=16986265, ['name']="RedKisser", ['index']=153, ['level']=70},
    [16986262] = {['id']=16986262, ['name']="RedKisser", ['index']=150, ['level']=70},
    [16986263] = {['id']=16986263, ['name']="RedKisser", ['index']=151, ['level']=71},
    [16986261] = {['id']=16986261, ['name']="RedKisser", ['index']=149, ['level']=70},
    [16986260] = {['id']=16986260, ['name']="RedKisser", ['index']=148, ['level']=71},
    [16986399] = {['id']=16986399, ['name']="WorkerPephredo", ['index']=287, ['level']=63},
    [16986403] = {['id']=16986403, ['name']="Puk", ['index']=291, ['level']=69},
    [16986398] = {['id']=16986398, ['name']="SoldierPephred", ['index']=286, ['level']=64},
    [16986400] = {['id']=16986400, ['name']="WorkerPephredo", ['index']=288, ['level']=63},
    [16986401] = {['id']=16986401, ['name']="WorkerPephredo", ['index']=289, ['level']=64},
    [16986402] = {['id']=16986402, ['name']="Puk", ['index']=290, ['level']=70},
    [16986404] = {['id']=16986404, ['name']="Puk", ['index']=292, ['level']=69},
    [16986405] = {['id']=16986405, ['name']="Puk", ['index']=293, ['level']=68},
    [16986395] = {['id']=16986395, ['name']="Puk", ['index']=283, ['level']=68},
    [16986396] = {['id']=16986396, ['name']="Puk", ['index']=284, ['level']=70},
    [16986391] = {['id']=16986391, ['name']="WajaomTiger", ['index']=279, ['level']=69},
    [16986390] = {['id']=16986390, ['name']="GreatAmeretat", ['index']=278, ['level']=73},
    [16986392] = {['id']=16986392, ['name']="WajaomTiger", ['index']=280, ['level']=69},
    [16986393] = {['id']=16986393, ['name']="WajaomTiger", ['index']=281, ['level']=69},
    [16986394] = {['id']=16986394, ['name']="Puk", ['index']=282, ['level']=69},
    [16986379] = {['id']=16986379, ['name']="Puk", ['index']=267, ['level']=68},
    [16986380] = {['id']=16986380, ['name']="GreatAmeretat", ['index']=268, ['level']=73},
    [16986381] = {['id']=16986381, ['name']="GreatAmeretat", ['index']=269, ['level']=73},
    [16986382] = {['id']=16986382, ['name']="WoodlandRunner", ['index']=270, ['level']=71},
    [16986383] = {['id']=16986383, ['name']="WoodlandRunner", ['index']=271, ['level']=71},
    [16986374] = {['id']=16986374, ['name']="Puk", ['index']=262, ['level']=69},
    [16986375] = {['id']=16986375, ['name']="GreatAmeretat", ['index']=263, ['level']=74},
    [16986376] = {['id']=16986376, ['name']="GreatAmeretat", ['index']=264, ['level']=74},
    [16986377] = {['id']=16986377, ['name']="GreatAmeretat", ['index']=265, ['level']=73},
    [16986372] = {['id']=16986372, ['name']="Puk", ['index']=260, ['level']=69},
    [16986373] = {['id']=16986373, ['name']="Puk", ['index']=261, ['level']=69},
    [16986371] = {['id']=16986371, ['name']="Puk", ['index']=259, ['level']=70},
    [16986370] = {['id']=16986370, ['name']="GreatAmeretat", ['index']=258, ['level']=74},
    [16986368] = {['id']=16986368, ['name']="Puk", ['index']=256, ['level']=70},
    [16986361] = {['id']=16986361, ['name']="WorkerPephredo", ['index']=249, ['level']=64},
    [16986360] = {['id']=16986360, ['name']="WorkerPephredo", ['index']=248, ['level']=64},
    [16986366] = {['id']=16986366, ['name']="GreatAmeretat", ['index']=254, ['level']=74},
    [16986359] = {['id']=16986359, ['name']="SoldierPephred", ['index']=247, ['level']=64},
    [16986364] = {['id']=16986364, ['name']="MamoolJaMimic", ['index']=252, ['level']=73},
    [16986367] = {['id']=16986367, ['name']="Puk", ['index']=255, ['level']=70},
    [16986356] = {['id']=16986356, ['name']="SoldierPephred", ['index']=244, ['level']=64},
    [16986365] = {['id']=16986365, ['name']="MamoolJaSavan", ['index']=253, ['level']=72},
    [16986357] = {['id']=16986357, ['name']="WorkerPephredo", ['index']=245, ['level']=64},
    [16986358] = {['id']=16986358, ['name']="WorkerPephredo", ['index']=246, ['level']=63},
    [16986363] = {['id']=16986363, ['name']="MamoolJaBound", ['index']=251, ['level']=73},
    [16986362] = {['id']=16986362, ['name']="MamoolJaSophi", ['index']=250, ['level']=72},
    [16986325] = {['id']=16986325, ['name']="DefoliateTrean", ['index']=213, ['level']=73},
    [16986324] = {['id']=16986324, ['name']="DefoliateTrean", ['index']=212, ['level']=73},
    [16986326] = {['id']=16986326, ['name']="TreantSapling", ['index']=214, ['level']=68},
    [16986327] = {['id']=16986327, ['name']="TreantSapling", ['index']=215, ['level']=67},
    [16986328] = {['id']=16986328, ['name']="TreantSapling", ['index']=216, ['level']=67},
    [16986329] = {['id']=16986329, ['name']="WajaomTiger", ['index']=217, ['level']=68},
    [16986330] = {['id']=16986330, ['name']="WajaomTiger", ['index']=218, ['level']=68},
    [16986318] = {['id']=16986318, ['name']="WajaomTiger", ['index']=206, ['level']=67},
    [16986322] = {['id']=16986322, ['name']="TreantSapling", ['index']=210, ['level']=67},
    [16986323] = {['id']=16986323, ['name']="TreantSapling", ['index']=211, ['level']=66},
    [16986314] = {['id']=16986314, ['name']="WajaomTiger", ['index']=202, ['level']=68},
    [16986312] = {['id']=16986312, ['name']="TreantSapling", ['index']=200, ['level']=68},
    [16986319] = {['id']=16986319, ['name']="WajaomTiger", ['index']=207, ['level']=67},
    [16986313] = {['id']=16986313, ['name']="DefoliateTrean", ['index']=201, ['level']=73},
    [16986316] = {['id']=16986316, ['name']="TreantSapling", ['index']=204, ['level']=66},
    [16986315] = {['id']=16986315, ['name']="WajaomTiger", ['index']=203, ['level']=67},
    [16986317] = {['id']=16986317, ['name']="TreantSapling", ['index']=205, ['level']=68},
    [16986332] = {['id']=16986332, ['name']="WajaomTiger", ['index']=220, ['level']=68},
    [16986331] = {['id']=16986331, ['name']="WajaomTiger", ['index']=219, ['level']=68},
    [16986333] = {['id']=16986333, ['name']="LesserColibri", ['index']=221, ['level']=64},
    [16986298] = {['id']=16986298, ['name']="WajaomTiger", ['index']=186, ['level']=68},
    [16986299] = {['id']=16986299, ['name']="WajaomTiger", ['index']=187, ['level']=67},
    [16986300] = {['id']=16986300, ['name']="WajaomTiger", ['index']=188, ['level']=68},
    [16986301] = {['id']=16986301, ['name']="AhtUrhganAtte", ['index']=189, ['level']=67},
    [16986302] = {['id']=16986302, ['name']="AhtUrhganAtte", ['index']=190, ['level']=67},
    [16986304] = {['id']=16986304, ['name']="AhtUrhganAtte", ['index']=192, ['level']=67},
    [16986303] = {['id']=16986303, ['name']="WajaomTiger", ['index']=191, ['level']=67},
    [16986297] = {['id']=16986297, ['name']="WajaomTiger", ['index']=185, ['level']=67},
    [16986295] = {['id']=16986295, ['name']="DefoliateTrean", ['index']=183, ['level']=71},
    [16986296] = {['id']=16986296, ['name']="WajaomTiger", ['index']=184, ['level']=67},
    [16986293] = {['id']=16986293, ['name']="DefoliateTrean", ['index']=181, ['level']=71},
    [16986294] = {['id']=16986294, ['name']="WajaomTiger", ['index']=182, ['level']=68},
    [16986290] = {['id']=16986290, ['name']="DefoliateTrean", ['index']=178, ['level']=71},
    [16986291] = {['id']=16986291, ['name']="WajaomTiger", ['index']=179, ['level']=68},
    [16986292] = {['id']=16986292, ['name']="WajaomTiger", ['index']=180, ['level']=68},
    [16986285] = {['id']=16986285, ['name']="AhtUrhganAtte", ['index']=173, ['level']=67},
    [16986286] = {['id']=16986286, ['name']="AhtUrhganAtte", ['index']=174, ['level']=66},
    [16986287] = {['id']=16986287, ['name']="AhtUrhganAtte", ['index']=175, ['level']=67},
    [16986288] = {['id']=16986288, ['name']="AhtUrhganAtte", ['index']=176, ['level']=66},
    [16986269] = {['id']=16986269, ['name']="SoldierPephred", ['index']=157, ['level']=65},
    [16986270] = {['id']=16986270, ['name']="WorkerPephredo", ['index']=158, ['level']=62},
    [16986272] = {['id']=16986272, ['name']="SoldierPephred", ['index']=160, ['level']=64},
    [16986273] = {['id']=16986273, ['name']="WorkerPephredo", ['index']=161, ['level']=62},
    [16986274] = {['id']=16986274, ['name']="WorkerPephredo", ['index']=162, ['level']=63},
    [16986266] = {['id']=16986266, ['name']="SoldierPephred", ['index']=154, ['level']=65},
    [16986271] = {['id']=16986271, ['name']="WorkerPephredo", ['index']=159, ['level']=63},
    [16986267] = {['id']=16986267, ['name']="WorkerPephredo", ['index']=155, ['level']=62},
    [16986268] = {['id']=16986268, ['name']="WorkerPephredo", ['index']=156, ['level']=62},
    [16986278] = {['id']=16986278, ['name']="TreantSapling", ['index']=166, ['level']=67},
    [16986279] = {['id']=16986279, ['name']="DefoliateTrean", ['index']=167, ['level']=71},
    [16986603] = {['id']=16986603, ['name']="WarhorseHoofpr", ['index']=491, ['level']=0},
    [16986280] = {['id']=16986280, ['name']="DefoliateTrean", ['index']=168, ['level']=71},
