    [17289268] = {['id']=17289268, ['name']="DesertSpider", ['index']=52, ['level']=42},
    [17289269] = {['id']=17289269, ['name']="DesertSpider", ['index']=53, ['level']=40},
    [17289270] = {['id']=17289270, ['name']="AnticanEssedar", ['index']=54, ['level']=41},
    [17289272] = {['id']=17289272, ['name']="DesertWorm", ['index']=56, ['level']=44},
    [17289798] = {['id']=17289798, ['name']="FieldManual", ['index']=582, ['level']=0},
    [17289267] = {['id']=17289267, ['name']="DesertSpider", ['index']=51, ['level']=42},
    [17289259] = {['id']=17289259, ['name']="DesertSpider", ['index']=43, ['level']=42},
    [17289265] = {['id']=17289265, ['name']="DesertWorm", ['index']=49, ['level']=43},
    [17289261] = {['id']=17289261, ['name']="DesertDhalmel", ['index']=45, ['level']=48},
    [17289258] = {['id']=17289258, ['name']="DesertSpider", ['index']=42, ['level']=40},
    [17289266] = {['id']=17289266, ['name']="TulwarScorpion", ['index']=50, ['level']=54},
    [17289262] = {['id']=17289262, ['name']="DesertDhalmel", ['index']=46, ['level']=47},
    [17289242] = {['id']=17289242, ['name']="DesertSpider", ['index']=26, ['level']=44},
    [17289263] = {['id']=17289263, ['name']="AnticanEssedar", ['index']=47, ['level']=43},
    [17289248] = {['id']=17289248, ['name']="DesertWorm", ['index']=32, ['level']=46},
    [17289260] = {['id']=17289260, ['name']="DesertSpider", ['index']=44, ['level']=44},
    [17289247] = {['id']=17289247, ['name']="AnticanEssedar", ['index']=31, ['level']=42},
    [17289244] = {['id']=17289244, ['name']="DesertSpider", ['index']=28, ['level']=42},
    [17289246] = {['id']=17289246, ['name']="DesertDhalmel", ['index']=30, ['level']=45},
    [17289236] = {['id']=17289236, ['name']="DesertSpider", ['index']=20, ['level']=42},
    [17289235] = {['id']=17289235, ['name']="DesertSpider", ['index']=19, ['level']=40},
    [17289238] = {['id']=17289238, ['name']="DesertDhalmel", ['index']=22, ['level']=46},
    [17289239] = {['id']=17289239, ['name']="AnticanEssedar", ['index']=23, ['level']=43},
    [17289249] = {['id']=17289249, ['name']="DesertSpider", ['index']=33, ['level']=42},
    [17289254] = {['id']=17289254, ['name']="Cactuar", ['index']=38, ['level']=48},
    [17289257] = {['id']=17289257, ['name']="EarthElemental", ['index']=41, ['level']=58},
    [17289253] = {['id']=17289253, ['name']="AnticanEssedar", ['index']=37, ['level']=41},
    [17289256] = {['id']=17289256, ['name']="TulwarScorpion", ['index']=40, ['level']=54},
    [17289250] = {['id']=17289250, ['name']="DesertSpider", ['index']=34, ['level']=40},
    [17289255] = {['id']=17289255, ['name']="DesertWorm", ['index']=39, ['level']=47},
    [17289251] = {['id']=17289251, ['name']="DesertSpider", ['index']=35, ['level']=43},
    [17289274] = {['id']=17289274, ['name']="DesertSpider", ['index']=58, ['level']=40},
    [17289273] = {['id']=17289273, ['name']="DesertSpider", ['index']=57, ['level']=40},
    [17289275] = {['id']=17289275, ['name']="DesertSpider", ['index']=59, ['level']=44},
    [17289276] = {['id']=17289276, ['name']="DesertDhalmel", ['index']=60, ['level']=46},
    [17289279] = {['id']=17289279, ['name']="AnticanEssedar", ['index']=63, ['level']=45},
    [17289277] = {['id']=17289277, ['name']="DesertDhalmel", ['index']=61, ['level']=44},
    [17289278] = {['id']=17289278, ['name']="AnticanEssedar", ['index']=62, ['level']=41},
    [17289281] = {['id']=17289281, ['name']="DesertWorm", ['index']=65, ['level']=43},
    [17289280] = {['id']=17289280, ['name']="Cactuar", ['index']=64, ['level']=49},
    [17289291] = {['id']=17289291, ['name']="Cactuar", ['index']=75, ['level']=50},
    [17289290] = {['id']=17289290, ['name']="Cactuar", ['index']=74, ['level']=48},
    [17289286] = {['id']=17289286, ['name']="DesertDhalmel", ['index']=70, ['level']=46},
    [17289323] = {['id']=17289323, ['name']="Dahu", ['index']=107, ['level']=57},
    [17289288] = {['id']=17289288, ['name']="AnticanSecutor", ['index']=72, ['level']=54},
    [17289284] = {['id']=17289284, ['name']="DesertBeetle", ['index']=68, ['level']=49},
    [17289285] = {['id']=17289285, ['name']="DesertBeetle", ['index']=69, ['level']=47},
    [17289289] = {['id']=17289289, ['name']="TulwarScorpion", ['index']=73, ['level']=54},
    [17289287] = {['id']=17289287, ['name']="AnticanRetiari", ['index']=71, ['level']=47},
    [17289283] = {['id']=17289283, ['name']="DesertBeetle", ['index']=67, ['level']=48},
    [17289296] = {['id']=17289296, ['name']="Cactuar", ['index']=80, ['level']=52},
    [17289293] = {['id']=17289293, ['name']="DesertBeetle", ['index']=77, ['level']=51},
    [17289294] = {['id']=17289294, ['name']="AnticanSecutor", ['index']=78, ['level']=55},
    [17289295] = {['id']=17289295, ['name']="AnticanLanista", ['index']=79, ['level']=55},
    [17289297] = {['id']=17289297, ['name']="Cactuar", ['index']=81, ['level']=50},
    [17289468] = {['id']=17289468, ['name']="AnticanHoploma", ['index']=252, ['level']=56},
    [17289470] = {['id']=17289470, ['name']="EarthElemental", ['index']=254, ['level']=56},
    [17289469] = {['id']=17289469, ['name']="AnticanHoploma", ['index']=253, ['level']=58},
    [17289458] = {['id']=17289458, ['name']="DesertBeetle", ['index']=242, ['level']=48},
    [17289460] = {['id']=17289460, ['name']="AnticanSecutor", ['index']=244, ['level']=58},
    [17289461] = {['id']=17289461, ['name']="AnticanSecutor", ['index']=245, ['level']=57},
    [17289459] = {['id']=17289459, ['name']="DesertBeetle", ['index']=243, ['level']=51},
    [17289462] = {['id']=17289462, ['name']="AnticanEques", ['index']=246, ['level']=49},
    [17289482] = {['id']=17289482, ['name']="DesertBeetle", ['index']=266, ['level']=51},
    [17289465] = {['id']=17289465, ['name']="AnticanHoploma", ['index']=249, ['level']=55},
    [17289471] = {['id']=17289471, ['name']="AnticanHoploma", ['index']=255, ['level']=56},
    [17289466] = {['id']=17289466, ['name']="AnticanLanista", ['index']=250, ['level']=54},
    [17289464] = {['id']=17289464, ['name']="AnticanHoploma", ['index']=248, ['level']=55},
    [17289481] = {['id']=17289481, ['name']="DesertBeetle", ['index']=265, ['level']=47},
    [17289510] = {['id']=17289510, ['name']="DesertBeetle", ['index']=294, ['level']=50},
    [17289511] = {['id']=17289511, ['name']="DesertBeetle", ['index']=295, ['level']=47},
    [17289509] = {['id']=17289509, ['name']="DesertBeetle", ['index']=293, ['level']=47},
    [17289507] = {['id']=17289507, ['name']="DesertBeetle", ['index']=291, ['level']=48},
    [17289508] = {['id']=17289508, ['name']="DesertBeetle", ['index']=292, ['level']=48},
    [17289456] = {['id']=17289456, ['name']="DesertWorm", ['index']=240, ['level']=46},
    [17289271] = {['id']=17289271, ['name']="Cactuar", ['index']=55, ['level']=48},
    [17289801] = {['id']=17289801, ['name']="FieldManual", ['index']=585, ['level']=0},
    [17289282] = {['id']=17289282, ['name']="DesertWorm", ['index']=66, ['level']=47},
    [17289463] = {['id']=17289463, ['name']="DesertWorm", ['index']=247, ['level']=47},
    [17289478] = {['id']=17289478, ['name']="DesertWorm", ['index']=262, ['level']=44},
    [17289475] = {['id']=17289475, ['name']="AnticanEssedar", ['index']=259, ['level']=45},
    [17289479] = {['id']=17289479, ['name']="DesertWorm", ['index']=263, ['level']=44},
    [17289298] = {['id']=17289298, ['name']="DesertManticor", ['index']=82, ['level']=54},
    [17289301] = {['id']=17289301, ['name']="Cactuar", ['index']=85, ['level']=48},
    [17289299] = {['id']=17289299, ['name']="AnticanHoploma", ['index']=83, ['level']=55},
    [17289300] = {['id']=17289300, ['name']="AnticanLanista", ['index']=84, ['level']=56},
    [17289304] = {['id']=17289304, ['name']="DesertManticor", ['index']=88, ['level']=56},
    [17289292] = {['id']=17289292, ['name']="DesertBeetle", ['index']=76, ['level']=49},
    [17289473] = {['id']=17289473, ['name']="DesertDhalmel", ['index']=257, ['level']=48},
    [17289480] = {['id']=17289480, ['name']="TulwarScorpion", ['index']=264, ['level']=55},
    [17289472] = {['id']=17289472, ['name']="DesertSpider", ['index']=256, ['level']=43},
    [17289245] = {['id']=17289245, ['name']="DesertSpider", ['index']=29, ['level']=44},
    [17289234] = {['id']=17289234, ['name']="DesertSpider", ['index']=18, ['level']=44},
    [17289252] = {['id']=17289252, ['name']="DesertDhalmel", ['index']=36, ['level']=46},
    [17289237] = {['id']=17289237, ['name']="DesertSpider", ['index']=21, ['level']=44},
    [17289476] = {['id']=17289476, ['name']="AnticanRetiari", ['index']=260, ['level']=45},
    [17289477] = {['id']=17289477, ['name']="Cactuar", ['index']=261, ['level']=50},
    [17289483] = {['id']=17289483, ['name']="DesertBeetle", ['index']=267, ['level']=51},
    [17289484] = {['id']=17289484, ['name']="DesertBeetle", ['index']=268, ['level']=50},
    [17289406] = {['id']=17289406, ['name']="DesertDhalmel", ['index']=190, ['level']=45},
    [17289505] = {['id']=17289505, ['name']="DesertBeetle", ['index']=289, ['level']=48},
    [17289506] = {['id']=17289506, ['name']="DesertBeetle", ['index']=290, ['level']=51},
    [17289412] = {['id']=17289412, ['name']="DesertWorm", ['index']=196, ['level']=46},
    [17289398] = {['id']=17289398, ['name']="AnticanLanista", ['index']=182, ['level']=58},
    [17289396] = {['id']=17289396, ['name']="AnticanHoploma", ['index']=180, ['level']=55},
    [17289400] = {['id']=17289400, ['name']="AnticanHoploma", ['index']=184, ['level']=58},
    [17289389] = {['id']=17289389, ['name']="AnticanEques", ['index']=173, ['level']=47},
    [17289407] = {['id']=17289407, ['name']="DesertDhalmel", ['index']=191, ['level']=48},
    [17289504] = {['id']=17289504, ['name']="DesertBeetle", ['index']=288, ['level']=48},
    [17289503] = {['id']=17289503, ['name']="DesertBeetle", ['index']=287, ['level']=47},
    [17289502] = {['id']=17289502, ['name']="DesertBeetle", ['index']=286, ['level']=50},
    [17289394] = {['id']=17289394, ['name']="AnticanHoploma", ['index']=178, ['level']=54},
    [17289392] = {['id']=17289392, ['name']="DesertWorm", ['index']=176, ['level']=47},
    [17289501] = {['id']=17289501, ['name']="DesertBeetle", ['index']=285, ['level']=50},
    [17289500] = {['id']=17289500, ['name']="DesertBeetle", ['index']=284, ['level']=51},
    [17289387] = {['id']=17289387, ['name']="AnticanSecutor", ['index']=171, ['level']=56},
    [17289498] = {['id']=17289498, ['name']="DesertBeetle", ['index']=282, ['level']=50},
    [17289375] = {['id']=17289375, ['name']="DesertBeetle", ['index']=159, ['level']=47},
    [17289378] = {['id']=17289378, ['name']="AnticanLanista", ['index']=162, ['level']=58},
    [17289382] = {['id']=17289382, ['name']="TulwarScorpion", ['index']=166, ['level']=54},
    [17289496] = {['id']=17289496, ['name']="DesertBeetle", ['index']=280, ['level']=49},
    [17289497] = {['id']=17289497, ['name']="DesertBeetle", ['index']=281, ['level']=50},
    [17289363] = {['id']=17289363, ['name']="TulwarScorpion", ['index']=147, ['level']=53},
    [17289490] = {['id']=17289490, ['name']="DesertBeetle", ['index']=274, ['level']=49},
    [17289493] = {['id']=17289493, ['name']="Cactuar", ['index']=277, ['level']=48},
    [17289491] = {['id']=17289491, ['name']="DesertBeetle", ['index']=275, ['level']=47},
    [17289492] = {['id']=17289492, ['name']="Cactuar", ['index']=276, ['level']=53},
    [17289355] = {['id']=17289355, ['name']="DesertBeetle", ['index']=139, ['level']=51},
    [17289330] = {['id']=17289330, ['name']="DesertBeetle", ['index']=114, ['level']=49},
    [17289357] = {['id']=17289357, ['name']="DesertBeetle", ['index']=141, ['level']=47},
    [17289489] = {['id']=17289489, ['name']="DesertBeetle", ['index']=273, ['level']=51},
    [17289334] = {['id']=17289334, ['name']="Cactuar", ['index']=118, ['level']=50},
    [17289336] = {['id']=17289336, ['name']="DesertManticor", ['index']=120, ['level']=54},
    [17289358] = {['id']=17289358, ['name']="AnticanLanista", ['index']=142, ['level']=57},
    [17289360] = {['id']=17289360, ['name']="Cactuar", ['index']=144, ['level']=51},
    [17289379] = {['id']=17289379, ['name']="Cactuar", ['index']=163, ['level']=50},
    [17289384] = {['id']=17289384, ['name']="Phorusrhacos", ['index']=168, ['level']=58},
    [17289499] = {['id']=17289499, ['name']="DesertBeetle", ['index']=283, ['level']=49},
    [17289390] = {['id']=17289390, ['name']="Cactuar", ['index']=174, ['level']=53},
    [17289388] = {['id']=17289388, ['name']="AnticanRetiari", ['index']=172, ['level']=45},
    [17289411] = {['id']=17289411, ['name']="AnticanEques", ['index']=195, ['level']=45},
    [17289408] = {['id']=17289408, ['name']="DesertBeetle", ['index']=192, ['level']=50},
