    [17248434] = {['id']=17248434, ['name']="Mandragora", ['index']=178, ['level']=5},
    [17248435] = {['id']=17248435, ['name']="Mandragora", ['index']=179, ['level']=5},
    [17248436] = {['id']=17248436, ['name']="Crawler", ['index']=180, ['level']=5},
    [17248437] = {['id']=17248437, ['name']="Crawler", ['index']=181, ['level']=5},
    [17248438] = {['id']=17248438, ['name']="Crawler", ['index']=182, ['level']=6},
    [17248439] = {['id']=17248439, ['name']="SavannaRarab", ['index']=183, ['level']=4},
    [17248440] = {['id']=17248440, ['name']="SavannaRarab", ['index']=184, ['level']=4},
    [17248441] = {['id']=17248441, ['name']="SavannaRarab", ['index']=185, ['level']=5},
    [17248442] = {['id']=17248442, ['name']="CarrionCrow", ['index']=186, ['level']=4},
    [17248454] = {['id']=17248454, ['name']="CarrionCrow", ['index']=198, ['level']=5},
    [17248485] = {['id']=17248485, ['name']="Mandragora", ['index']=229, ['level']=5},
    [17248488] = {['id']=17248488, ['name']="Crawler", ['index']=232, ['level']=7},
    [17248492] = {['id']=17248492, ['name']="GiantBee", ['index']=236, ['level']=8},
    [17248493] = {['id']=17248493, ['name']="GiantBee", ['index']=237, ['level']=8},
    [17248495] = {['id']=17248495, ['name']="YagudoInitiate", ['index']=239, ['level']=5},
    [17248484] = {['id']=17248484, ['name']="Mandragora", ['index']=228, ['level']=5},
    [17248491] = {['id']=17248491, ['name']="GiantBee", ['index']=235, ['level']=7},
    [17248556] = {['id']=17248556, ['name']="YagudoAcolyte", ['index']=300, ['level']=5},
    [17248547] = {['id']=17248547, ['name']="Crawler", ['index']=291, ['level']=6},
    [17248554] = {['id']=17248554, ['name']="CarrionCrow", ['index']=298, ['level']=6},
    [17248549] = {['id']=17248549, ['name']="Crawler", ['index']=293, ['level']=6},
    [17248550] = {['id']=17248550, ['name']="SavannaRarab", ['index']=294, ['level']=4},
    [17248546] = {['id']=17248546, ['name']="Mandragora", ['index']=290, ['level']=5},
    [17248551] = {['id']=17248551, ['name']="SavannaRarab", ['index']=295, ['level']=4},
    [17248557] = {['id']=17248557, ['name']="YagudoScribe", ['index']=301, ['level']=5},
    [17248552] = {['id']=17248552, ['name']="SavannaRarab", ['index']=296, ['level']=4},
    [17248548] = {['id']=17248548, ['name']="Crawler", ['index']=292, ['level']=6},
