    [17186987] = {['id']=17186987, ['name']="ForestHare", ['index']=171, ['level']=3},
    [17186991] = {['id']=17186991, ['name']="ForestHare", ['index']=175, ['level']=4},
    [17187003] = {['id']=17187003, ['name']="ForestHare", ['index']=187, ['level']=3},
    [17187022] = {['id']=17187022, ['name']="ForestHare", ['index']=206, ['level']=4},
    [17187025] = {['id']=17187025, ['name']="ScarabBeetle", ['index']=209, ['level']=6},
    [17187029] = {['id']=17187029, ['name']="WildSheep", ['index']=213, ['level']=5},
    [17187034] = {['id']=17187034, ['name']="OrcishFodder", ['index']=218, ['level']=5},
    [17187090] = {['id']=17187090, ['name']="ForestHare", ['index']=274, ['level']=4},
    [17187344] = {['id']=17187344, ['name']="Cow[Herd2]", ['index']=528, ['level']=21},
    [17187347] = {['id']=17187347, ['name']="Calf[Herd2]", ['index']=531, ['level']=20},
    [17187348] = {['id']=17187348, ['name']="Calf[Herd2]", ['index']=532, ['level']=20},
    [17187349] = {['id']=17187349, ['name']="Calf[Herd2]", ['index']=533, ['level']=20},
    [17187352] = {['id']=17187352, ['name']="Calf[Herd2]", ['index']=536, ['level']=20},
    [17187350] = {['id']=17187350, ['name']="Calf[Herd2]", ['index']=534, ['level']=20},
    [17187095] = {['id']=17187095, ['name']="CarrionWorm", ['index']=279, ['level']=4},
    [17187343] = {['id']=17187343, ['name']="Bull[Herd2]", ['index']=527, ['level']=22},
    [17187534] = {['id']=17187534, ['name']="Harvetour", ['index']=718, ['level']=0},
    [17187104] = {['id']=17187104, ['name']="OrcishMesmeriz", ['index']=288, ['level']=6},
    [17187560] = {['id']=17187560, ['name']="SurvivalGuide", ['index']=744, ['level']=0},
    [17187524] = {['id']=17187524, ['name']="Doladepaiton,_R.K.", ['index']=708, ['level']=0},
    [17187351] = {['id']=17187351, ['name']="Calf[Herd2]", ['index']=535, ['level']=20},
    [17187346] = {['id']=17187346, ['name']="Cow[Herd2]", ['index']=530, ['level']=21},
    [17187549] = {['id']=17187549, ['name']="FieldManual", ['index']=733, ['level']=0},
    [17187092] = {['id']=17187092, ['name']="ForestHare", ['index']=276, ['level']=4},
    [17187101] = {['id']=17187101, ['name']="GoblinThug", ['index']=285, ['level']=6},
    [17187573] = {['id']=17187573, ['name']="Moogle", ['index']=757, ['level']=0},
    [17187100] = {['id']=17187100, ['name']="WildSheep", ['index']=284, ['level']=7},
    [17187093] = {['id']=17187093, ['name']="ForestHare", ['index']=277, ['level']=5},
    [17187094] = {['id']=17187094, ['name']="CarrionWorm", ['index']=278, ['level']=5},
    [17187103] = {['id']=17187103, ['name']="OrcishFodder", ['index']=287, ['level']=7},
    [17187110] = {['id']=17187110, ['name']="ForestHare", ['index']=294, ['level']=5},
    [17187151] = {['id']=17187151, ['name']="ForestHare", ['index']=335, ['level']=5},
    [17187153] = {['id']=17187153, ['name']="ForestHare", ['index']=337, ['level']=4},
    [17187156] = {['id']=17187156, ['name']="ForestFunguar", ['index']=340, ['level']=6},
    [17187157] = {['id']=17187157, ['name']="ForestFunguar", ['index']=341, ['level']=5},
    [17187161] = {['id']=17187161, ['name']="WildSheep", ['index']=345, ['level']=7},
    [17187162] = {['id']=17187162, ['name']="WildSheep", ['index']=346, ['level']=8},
    [17187199] = {['id']=17187199, ['name']="GoblinThug", ['index']=383, ['level']=6},
    [17187201] = {['id']=17187201, ['name']="GoblinWeaver", ['index']=385, ['level']=6},
    [17187207] = {['id']=17187207, ['name']="ForestFunguar", ['index']=391, ['level']=6},
    [17187210] = {['id']=17187210, ['name']="GoblinWeaver", ['index']=394, ['level']=7},
    [17187211] = {['id']=17187211, ['name']="GoblinFisher", ['index']=395, ['level']=6},
    [17187212] = {['id']=17187212, ['name']="GoblinFisher", ['index']=396, ['level']=6},
    [17187353] = {['id']=17187353, ['name']="Bull[Herd3]", ['index']=537, ['level']=32},
    [17187359] = {['id']=17187359, ['name']="Calf[Herd3]", ['index']=543, ['level']=30},
    [17187361] = {['id']=17187361, ['name']="Calf[Herd3]", ['index']=545, ['level']=30},
    [17187217] = {['id']=17187217, ['name']="RiverCrab", ['index']=401, ['level']=5},
    [17187175] = {['id']=17187175, ['name']="ForestHare", ['index']=359, ['level']=4},
    [17187188] = {['id']=17187188, ['name']="GoblinThug", ['index']=372, ['level']=7},
    [17187181] = {['id']=17187181, ['name']="ScarabBeetle", ['index']=365, ['level']=7},
    [17187179] = {['id']=17187179, ['name']="ForestFunguar", ['index']=363, ['level']=5},
    [17187173] = {['id']=17187173, ['name']="ForestHare", ['index']=357, ['level']=5},
    [17187178] = {['id']=17187178, ['name']="ForestFunguar", ['index']=362, ['level']=5},
    [17187184] = {['id']=17187184, ['name']="WildSheep", ['index']=368, ['level']=7},
    [17187531] = {['id']=17187531, ['name']="Ballie,_R.K.", ['index']=715, ['level']=0},
    [17187496] = {['id']=17187496, ['name']="Colmaie", ['index']=680, ['level']=0},
    [17187497] = {['id']=17187497, ['name']="Laillera", ['index']=681, ['level']=0},
    [17187549] = {['id']=17187549, ['name']="FieldManual", ['index']=733, ['level']=0},
    [17186865] = {['id']=17186865, ['name']="WildRabbit", ['index']=49, ['level']=1},
    [17186870] = {['id']=17186870, ['name']="TunnelWorm", ['index']=54, ['level']=1},
    [17186866] = {['id']=17186866, ['name']="WildRabbit", ['index']=50, ['level']=1},
    [17186872] = {['id']=17186872, ['name']="TunnelWorm", ['index']=56, ['level']=1},
    [17186862] = {['id']=17186862, ['name']="WildRabbit", ['index']=46, ['level']=1},
    [17186840] = {['id']=17186840, ['name']="DingBats", ['index']=24, ['level']=1},
    [17186863] = {['id']=17186863, ['name']="WildRabbit", ['index']=47, ['level']=1},
    [17186867] = {['id']=17186867, ['name']="WildRabbit", ['index']=51, ['level']=1},
    [17186871] = {['id']=17186871, ['name']="TunnelWorm", ['index']=55, ['level']=1},
    [17186868] = {['id']=17186868, ['name']="WildRabbit", ['index']=52, ['level']=1},
    [17186836] = {['id']=17186836, ['name']="TunnelWorm", ['index']=20, ['level']=1},
    [17186911] = {['id']=17186911, ['name']="ForestHare", ['index']=95, ['level']=2},
    [17186913] = {['id']=17186913, ['name']="ForestHare", ['index']=97, ['level']=3},
    [17186995] = {['id']=17186995, ['name']="WildSheep", ['index']=179, ['level']=5},
    [17186998] = {['id']=17186998, ['name']="OrcishGrappler", ['index']=182, ['level']=5},
    [17186994] = {['id']=17186994, ['name']="ScarabBeetle", ['index']=178, ['level']=4},
    [17187006] = {['id']=17187006, ['name']="ForestHare", ['index']=190, ['level']=4},
    [17187027] = {['id']=17187027, ['name']="ScarabBeetle", ['index']=211, ['level']=6},
    [17186917] = {['id']=17186917, ['name']="CarrionWorm", ['index']=101, ['level']=3},
    [17187020] = {['id']=17187020, ['name']="ForestHare", ['index']=204, ['level']=5},
    [17187034] = {['id']=17187034, ['name']="OrcishFodder", ['index']=218, ['level']=5},
    [17187082] = {['id']=17187082, ['name']="MouseBat", ['index']=266, ['level']=6},
    [17187090] = {['id']=17187090, ['name']="ForestHare", ['index']=274, ['level']=4},
    [17187093] = {['id']=17187093, ['name']="ForestHare", ['index']=277, ['level']=5},
    [17187095] = {['id']=17187095, ['name']="CarrionWorm", ['index']=279, ['level']=5},
    [17187094] = {['id']=17187094, ['name']="CarrionWorm", ['index']=278, ['level']=5},
    [17187100] = {['id']=17187100, ['name']="WildSheep", ['index']=284, ['level']=8},
    [17187525] = {    [17187535] = {['id']=17187535, ['name']="Harvetour", ['index']=719, ['level']=0},
    [17187550] = {['id']=17187550, ['name']="FieldManual", ['index']=734, ['level']=0},
    [17187561] = {['id']=17187561, ['name']="SurvivalGuide", ['index']=745, ['level']=0},
    [17187127] = {['id']=17187127, ['name']="MouseBat", ['index']=311, ['level']=6},
    [17187098] = {['id']=17187098, ['name']="WildSheep", ['index']=282, ['level']=7},
    [17187108] = {['id']=17187108, ['name']="ForestHare", ['index']=292, ['level']=5},
    [17187092] = {['id']=17187092, ['name']="ForestHare", ['index']=276, ['level']=4},
    [17187158] = {['id']=17187158, ['name']="ScarabBeetle", ['index']=342, ['level']=6},
    [17187156] = {['id']=17187156, ['name']="ForestFunguar", ['index']=340, ['level']=5},
    [17187185] = {['id']=17187185, ['name']="WildSheep", ['index']=369, ['level']=7},
    [17187151] = {['id']=17187151, ['name']="ForestHare", ['index']=335, ['level']=5},
    [17187179] = {['id']=17187179, ['name']="ForestFunguar", ['index']=363, ['level']=6},
    [17187190] = {['id']=17187190, ['name']="OrcishMesmeriz", ['index']=374, ['level']=8},
    [17187177] = {['id']=17187177, ['name']="CarrionWorm", ['index']=361, ['level']=5},
    [17187173] = {['id']=17187173, ['name']="ForestHare", ['index']=357, ['level']=4},
    [17187176] = {['id']=17187176, ['name']="ForestHare", ['index']=360, ['level']=5},
    [17187188] = {['id']=17187188, ['name']="GoblinThug", ['index']=372, ['level']=6},
    [17187178] = {['id']=17187178, ['name']="ForestFunguar", ['index']=362, ['level']=6},
    [17187492] = {['id']=17187492, ['name']="Zovriace", ['index']=676, ['level']=0},
    [17187181] = {['id']=17187181, ['name']="ScarabBeetle", ['index']=365, ['level']=7},
    [17187182] = {['id']=17187182, ['name']="ScarabBeetle", ['index']=366, ['level']=7},
    [17187183] = {['id']=17187183, ['name']="ScarabBeetle", ['index']=367, ['level']=6},
    [17187186] = {['id']=17187186, ['name']="WildSheep", ['index']=370, ['level']=7},
    [17187193] = {['id']=17187193, ['name']="DingBats", ['index']=377, ['level']=5},
    [17187194] = {['id']=17187194, ['name']="MouseBat", ['index']=378, ['level']=5},
    [17187187] = {['id']=17187187, ['name']="GoblinThug", ['index']=371, ['level']=6},
    [17187175] = {['id']=17187175, ['name']="ForestHare", ['index']=359, ['level']=4},
    [17187180] = {['id']=17187180, ['name']="ForestFunguar", ['index']=364, ['level']=5},
    [17187195] = {['id']=17187195, ['name']="MouseBat", ['index']=379, ['level']=6},
    [17187532] = {['id']=17187532, ['name']="Ballie,_R.K.", ['index']=716, ['level']=0},
    [17187494] = {['id']=17187494, ['name']="Gachemage", ['index']=678, ['level']=0},
    [17187495] = {['id']=17187495, ['name']="Adalefont", ['index']=679, ['level']=0},
    [17186860] = {['id']=17186860, ['name']="DingBats", ['index']=44, ['level']=1},
    [17186847] = {['id']=17186847, ['name']="WildRabbit", ['index']=31, ['level']=1},
    [17187500] = {['id']=17187500, ['name']="Diadonour", ['index']=684, ['level']=0},
    [17187503] = {['id']=17187503, ['name']="Vilatroire", ['index']=687, ['level']=0},
    [17187502] = {['id']=17187502, ['name']="Laette", ['index']=686, ['level']=0},
    [17187499] = {['id']=17187499, ['name']="Ramaufont", ['index']=683, ['level']=0},
    [17187498] = {['id']=17187498, ['name']="Chatarre", ['index']=682, ['level']=0},
    [17187501] = {['id']=17187501, ['name']="Cerite", ['index']=685, ['level']=0},
    [17186846] = {['id']=17186846, ['name']="WildRabbit", ['index']=30, ['level']=1},
    [17186855] = {['id']=17186855, ['name']="TunnelWorm", ['index']=39, ['level']=1},
    [17186951] = {['id']=17186951, ['name']="OrcishFodder", ['index']=135, ['level']=7},
    [17186850] = {['id']=17186850, ['name']="WildRabbit", ['index']=34, ['level']=1},
    [17186861] = {['id']=17186861, ['name']="DingBats", ['index']=45, ['level']=1},
    [17186848] = {['id']=17186848, ['name']="WildRabbit", ['index']=32, ['level']=1},
    [17186844] = {['id']=17186844, ['name']="WildRabbit", ['index']=28, ['level']=1},
    [17186845] = {['id']=17186845, ['name']="WildRabbit", ['index']=29, ['level']=1},
    [17186842] = {['id']=17186842, ['name']="WildRabbit", ['index']=26, ['level']=1},
    [17186856] = {['id']=17186856, ['name']="TunnelWorm", ['index']=40, ['level']=1},
    [17186849] = {['id']=17186849, ['name']="WildRabbit", ['index']=33, ['level']=1},
    [17186880] = {['id']=17186880, ['name']="ForestHare", ['index']=64, ['level']=2},
    [17186889] = {['id']=17186889, ['name']="DingBats", ['index']=73, ['level']=2},
    [17186930] = {['id']=17186930, ['name']="ForestHare", ['index']=114, ['level']=3},
    [17186928] = {['id']=17186928, ['name']="ForestHare", ['index']=112, ['level']=3},
    [17186932] = {['id']=17186932, ['name']="CarrionWorm", ['index']=116, ['level']=3},
    [17186936] = {['id']=17186936, ['name']="OrcishMesmeriz", ['index']=120, ['level']=5},
    [17186942] = {['id']=17186942, ['name']="OrcishFodder", ['index']=126, ['level']=4},
    [17186943] = {['id']=17186943, ['name']="OrcishMesmeriz", ['index']=127, ['level']=4},
    [17186937] = {['id']=17186937, ['name']="OrcishGrappler", ['index']=121, ['level']=4},
    [17186940] = {['id']=17186940, ['name']="DingBats", ['index']=124, ['level']=3},
    [17186929] = {['id']=17186929, ['name']="ForestHare", ['index']=113, ['level']=3},
    [17186931] = {['id']=17186931, ['name']="CarrionWorm", ['index']=115, ['level']=3},
    [17186954] = {['id']=17186954, ['name']="OrcishFodder", ['index']=138, ['level']=6},
    [17186953] = {['id']=17186953, ['name']="MouseBat", ['index']=137, ['level']=5},
    [17186950] = {['id']=17186950, ['name']="OrcishGrappler", ['index']=134, ['level']=7},
    [17186949] = {['id']=17186949, ['name']="OrcishMesmeriz", ['index']=133, ['level']=7},
    [17186832] = {['id']=17186832, ['name']="TunnelWorm", ['index']=16, ['level']=1},
    [17186833] = {['id']=17186833, ['name']="TunnelWorm", ['index']=17, ['level']=1},
    [17186836] = {['id']=17186836, ['name']="TunnelWorm", ['index']=20, ['level']=1},
    [17186844] = {['id']=17186844, ['name']="WildRabbit", ['index']=28, ['level']=1},
    [17186849] = {['id']=17186849, ['name']="WildRabbit", ['index']=33, ['level']=1},
    [17186850] = {['id']=17186850, ['name']="WildRabbit", ['index']=34, ['level']=1},
    [17186851] = {['id']=17186851, ['name']="WildRabbit", ['index']=35, ['level']=1},
    [17186853] = {['id']=17186853, ['name']="TunnelWorm", ['index']=37, ['level']=1},
    [17186855] = {['id']=17186855, ['name']="TunnelWorm", ['index']=39, ['level']=1},
    [17186864] = {['id']=17186864, ['name']="WildRabbit", ['index']=48, ['level']=1},
    [17186865] = {['id']=17186865, ['name']="WildRabbit", ['index']=49, ['level']=1},
    [17186867] = {['id']=17186867, ['name']="WildRabbit", ['index']=51, ['level']=1},
    [17186871] = {['id']=17186871, ['name']="TunnelWorm", ['index']=55, ['level']=1},
    [17186915] = {['id']=17186915, ['name']="ForestHare", ['index']=99, ['level']=2},
    [17186918] = {['id']=17186918, ['name']="CarrionWorm", ['index']=102, ['level']=3},
    [17186927] = {['id']=17186927, ['name']="Amanita", ['index']=111, ['level']=4},
    [17187331] = {['id']=17187331, ['name']="HachiryuArmor", ['index']=515, ['level']=1},
    [17187494] = {['id']=17187494, ['name']="Adalefont", ['index']=678, ['level']=0},
    [17187495] = {['id']=17187495, ['name']="Colmaie", ['index']=679, ['level']=0},
    [17187496] = {['id']=17187496, ['name']="Laillera", ['index']=680, ['level']=0},
    [17187497] = {['id']=17187497, ['name']="Chatarre", ['index']=681, ['level']=0},
    [17187564] = {['id']=17187564, ['name']="Moogle", ['index']=748, ['level']=0},
    [17186910] = {['id']=17186910, ['name']="ForestHare", ['index']=94, ['level']=3},
    [17186914] = {['id']=17186914, ['name']="ForestHare", ['index']=98, ['level']=2},
    [17186919] = {['id']=17186919, ['name']="ForestFunguar", ['index']=103, ['level']=4},
    [17186920] = {['id']=17186920, ['name']="ScarabBeetle", ['index']=104, ['level']=4},
    [17186922] = {['id']=17186922, ['name']="OrcishFodder", ['index']=106, ['level']=3},
    [17186977] = {['id']=17186977, ['name']="CarrionWorm", ['index']=161, ['level']=4},
    [17186990] = {['id']=17186990, ['name']="ForestHare", ['index']=174, ['level']=3},
    [17186993] = {['id']=17186993, ['name']="CarrionWorm", ['index']=177, ['level']=4},
    [17186994] = {['id']=17186994, ['name']="ScarabBeetle", ['index']=178, ['level']=4},
    [17186998] = {['id']=17186998, ['name']="OrcishGrappler", ['index']=182, ['level']=5},
    [17187005] = {['id']=17187005, ['name']="ForestHare", ['index']=189, ['level']=4},
    [17187008] = {['id']=17187008, ['name']="CarrionWorm", ['index']=192, ['level']=3},
    [17186912] = {['id']=17186912, ['name']="ForestHare", ['index']=96, ['level']=2},
    [17186897] = {['id']=17186897, ['name']="ForestHare", ['index']=81, ['level']=2},
    [17186898] = {['id']=17186898, ['name']="CarrionWorm", ['index']=82, ['level']=2},
    [17186895] = {['id']=17186895, ['name']="ForestHare", ['index']=79, ['level']=2},
    [17186916] = {['id']=17186916, ['name']="CarrionWorm", ['index']=100, ['level']=2},
    [17187009] = {['id']=17187009, ['name']="CarrionWorm", ['index']=193, ['level']=3},
    [17186862] = {['id']=17186862, ['name']="WildRabbit", ['index']=46, ['level']=1},
    [17186911] = {['id']=17186911, ['name']="ForestHare", ['index']=95, ['level']=3},
    [17186921] = {['id']=17186921, ['name']="OrcishFodder", ['index']=105, ['level']=4},
    [17186975] = {['id']=17186975, ['name']="ForestHare", ['index']=159, ['level']=3},
    [17186978] = {['id']=17186978, ['name']="CarrionWorm", ['index']=162, ['level']=4},
    [17186995] = {['id']=17186995, ['name']="WildSheep", ['index']=179, ['level']=6},
    [17186996] = {['id']=17186996, ['name']="WildSheep", ['index']=180, ['level']=6},
    [17187023] = {['id']=17187023, ['name']="CarrionWorm", ['index']=207, ['level']=5},
    [17186902] = {['id']=17186902, ['name']="ScarabBeetle", ['index']=86, ['level']=4},
    [17186900] = {['id']=17186900, ['name']="CarrionWorm", ['index']=84, ['level']=2},
    [17186892] = {['id']=17186892, ['name']="ForestHare", ['index']=76, ['level']=3},
    [17186904] = {['id']=17186904, ['name']="OrcishGrappler", ['index']=88, ['level']=4},
    [17186894] = {['id']=17186894, ['name']="ForestHare", ['index']=78, ['level']=2},
    [17186893] = {['id']=17186893, ['name']="ForestHare", ['index']=77, ['level']=2},
    [17186896] = {['id']=17186896, ['name']="ForestHare", ['index']=80, ['level']=2},
    [17186899] = {['id']=17186899, ['name']="CarrionWorm", ['index']=83, ['level']=2},
    [17186958] = {['id']=17186958, ['name']="ForestHare", ['index']=142, ['level']=4},
    [17186959] = {['id']=17186959, ['name']="ForestHare", ['index']=143, ['level']=4},
    [17186961] = {['id']=17186961, ['name']="ForestHare", ['index']=145, ['level']=4},
    [17186962] = {['id']=17186962, ['name']="CarrionWorm", ['index']=146, ['level']=3},
    [17186965] = {['id']=17186965, ['name']="ScarabBeetle", ['index']=149, ['level']=4},
    [17186966] = {['id']=17186966, ['name']="OrcishMesmeriz", ['index']=150, ['level']=4},
    [17186973] = {['id']=17186973, ['name']="ForestHare", ['index']=157, ['level']=4},
    [17186988] = {['id']=17186988, ['name']="ForestHare", ['index']=172, ['level']=4},
    [17186989] = {['id']=17186989, ['name']="ForestHare", ['index']=173, ['level']=3},
    [17186992] = {['id']=17186992, ['name']="CarrionWorm", ['index']=176, ['level']=4},
    [17187014] = {['id']=17187014, ['name']="OrcishMesmeriz", ['index']=198, ['level']=5},
    [17187330] = {['id']=17187330, ['name']="UbuginuArmor", ['index']=514, ['level']=1},
    [17187332] = {['id']=17187332, ['name']="OmodakaArmor", ['index']=516, ['level']=10},
    [17187010] = {['id']=17187010, ['name']="WildSheep", ['index']=194, ['level']=6},
    [17186974] = {['id']=17186974, ['name']="ForestHare", ['index']=158, ['level']=4},
    [17187012] = {['id']=17187012, ['name']="WildSheep", ['index']=196, ['level']=6},
    [17187020] = {['id']=17187020, ['name']="ForestHare", ['index']=204, ['level']=5},
    [17187021] = {['id']=17187021, ['name']="ForestHare", ['index']=205, ['level']=4},
    [17187024] = {['id']=17187024, ['name']="CarrionWorm", ['index']=208, ['level']=4},
    [17187007] = {['id']=17187007, ['name']="ForestHare", ['index']=191, ['level']=4},
    [17187033] = {['id']=17187033, ['name']="GoblinWeaver", ['index']=217, ['level']=4},
    [17187036] = {['id']=17187036, ['name']="OrcishGrappler", ['index']=220, ['level']=5},
    [17187099] = {['id']=17187099, ['name']="WildSheep", ['index']=283, ['level']=8},
    [17187011] = {['id']=17187011, ['name']="WildSheep", ['index']=195, ['level']=6},
    [17187013] = {['id']=17187013, ['name']="OrcishFodder", ['index']=197, ['level']=4},
    [17187004] = {['id']=17187004, ['name']="ForestHare", ['index']=188, ['level']=4},
    [17187051] = {['id']=17187051, ['name']="WildSheep", ['index']=235, ['level']=6},
    [17187045] = {['id']=17187045, ['name']="CarrionWorm", ['index']=229, ['level']=4},
    [17187056] = {['id']=17187056, ['name']="OrcishFodder", ['index']=240, ['level']=5},
    [17187054] = {['id']=17187054, ['name']="GoblinThug", ['index']=238, ['level']=4},
    [17187043] = {['id']=17187043, ['name']="ForestHare", ['index']=227, ['level']=4},
    [17187053] = {['id']=17187053, ['name']="GoblinThug", ['index']=237, ['level']=5},
    [17187028] = {['id']=17187028, ['name']="WildSheep", ['index']=212, ['level']=6},
    [17187031] = {['id']=17187031, ['name']="GoblinThug", ['index']=215, ['level']=5},
    [17187019] = {['id']=17187019, ['name']="ForestHare", ['index']=203, ['level']=4},
    [17187070] = {['id']=17187070, ['name']="ForestFunguar", ['index']=254, ['level']=6},
    [17187096] = {['id']=17187096, ['name']="WildSheep", ['index']=280, ['level']=8},
    [17187097] = {['id']=17187097, ['name']="WildSheep", ['index']=281, ['level']=8},
    [17187098] = {['id']=17187098, ['name']="WildSheep", ['index']=282, ['level']=7},
    [17187105] = {['id']=17187105, ['name']="OrcishGrappler", ['index']=289, ['level']=6},
    [17187525] = {['id']=17187525, ['name']="Yoshihiro,_I.M.", ['index']=709, ['level']=0},
    [17187272] = {['id']=17187272, ['name']="GoblinDigger", ['index']=456, ['level']=7},
    [17187117] = {['id']=17187117, ['name']="WildSheep", ['index']=301, ['level']=7},
    [17187124] = {['id']=17187124, ['name']="OrcishGrappler", ['index']=308, ['level']=7},
    [17187174] = {['id']=17187174, ['name']="ForestHare", ['index']=358, ['level']=4},
    [17187176] = {['id']=17187176, ['name']="ForestHare", ['index']=360, ['level']=4},
    [17187177] = {['id']=17187177, ['name']="CarrionWorm", ['index']=361, ['level']=5},
    [17187183] = {['id']=17187183, ['name']="ScarabBeetle", ['index']=367, ['level']=6},
    [17187186] = {['id']=17187186, ['name']="WildSheep", ['index']=370, ['level']=8},
    [17187189] = {['id']=17187189, ['name']="GoblinWeaver", ['index']=373, ['level']=7},
    [17187532] = {['id']=17187532, ['name']="Molting_Moth,_I.M.", ['index']=716, ['level']=0},
