    [17764373] = {['id']=17764373, ['name']="Boizo-Naizo", ['index']=21, ['level']=0},
    [17764374] = {['id']=17764374, ['name']="Kopuro-Popuro", ['index']=22, ['level']=0},
    [17764375] = {['id']=17764375, ['name']="Kororo", ['index']=23, ['level']=0},
    [17764379] = {['id']=17764379, ['name']="SpareZero", ['index']=27, ['level']=0},
    [17764383] = {['id']=17764383, ['name']="SpareFour", ['index']=31, ['level']=0},
    [17764384] = {['id']=17764384, ['name']="SpareFive", ['index']=32, ['level']=0},
    [17764385] = {['id']=17764385, ['name']="SixofSpades", ['index']=33, ['level']=0},
    [17764386] = {['id']=17764386, ['name']="BlankCard", ['index']=34, ['level']=0},
    [17764387] = {['id']=17764387, ['name']="BlankCard", ['index']=35, ['level']=0},
    [17764388] = {['id']=17764388, ['name']="BlankCard", ['index']=36, ['level']=0},
    [17764389] = {['id']=17764389, ['name']="Mourices", ['index']=37, ['level']=0},
    [17764390] = {['id']=17764390, ['name']="Catalia", ['index']=38, ['level']=0},
    [17764391] = {['id']=17764391, ['name']="Forine", ['index']=39, ['level']=0},
    [17764392] = {['id']=17764392, ['name']="Erpolant", ['index']=40, ['level']=0},
    [17764393] = {['id']=17764393, ['name']="Ponono", ['index']=41, ['level']=0},
    [17764394] = {['id']=17764394, ['name']="Terude-Harude", ['index']=42, ['level']=0},
    [17764395] = {['id']=17764395, ['name']="Anillah", ['index']=43, ['level']=0},
    [17764396] = {['id']=17764396, ['name']="Nikkoko", ['index']=44, ['level']=0},
    [17764397] = {['id']=17764397, ['name']="Etsatsa", ['index']=45, ['level']=0},
    [17764398] = {['id']=17764398, ['name']="Sorutoto", ['index']=46, ['level']=0},
    [17764399] = {['id']=17764399, ['name']="Sunakku-Matakku", ['index']=47, ['level']=0},
    [17764400] = {['id']=17764400, ['name']="Meriri", ['index']=48, ['level']=0},
    [17764401] = {['id']=17764401, ['name']="KuzahHpirohpon", ['index']=49, ['level']=0},
    [17764402] = {['id']=17764402, ['name']="Peshi_Yohnts", ['index']=50, ['level']=0},
    [17764403] = {['id']=17764403, ['name']="LihPituu", ['index']=51, ['level']=0},
    [17764404] = {['id']=17764404, ['name']="Ronana", ['index']=52, ['level']=0},
    [17764405] = {['id']=17764405, ['name']="KyaaTaali", ['index']=53, ['level']=0},
    [17764406] = {['id']=17764406, ['name']="ShihTayuun", ['index']=54, ['level']=0},
    [17764407] = {['id']=17764407, ['name']="Retto-Marutto", ['index']=55, ['level']=0},
    [17764408] = {['id']=17764408, ['name']="Aja-Panja", ['index']=56, ['level']=0},
    [17764445] = {['id']=17764445, ['name']="HaeJakkya", ['index']=93, ['level']=0},
    [17764446] = {['id']=17764446, ['name']="An_Polaali", ['index']=94, ['level']=0},
    [17764447] = {['id']=17764447, ['name']="An_Shanaa", ['index']=95, ['level']=0},
    [17764448] = {['id']=17764448, ['name']="Pew_Sahbaraef", ['index']=96, ['level']=0},
    [17764449] = {['id']=17764449, ['name']="JuKamja", ['index']=97, ['level']=0},
    [17764455] = {['id']=17764455, ['name']="MonoNchaa", ['index']=103, ['level']=0},
    [17764456] = {['id']=17764456, ['name']="Manyny", ['index']=104, ['level']=0},
    [17764457] = {['id']=17764457, ['name']="Roberta", ['index']=105, ['level']=0},
    [17764460] = {['id']=17764460, ['name']="NyaLabiccio", ['index']=108, ['level']=0},
    [17764463] = {['id']=17764463, ['name']="Pehki_Machumaht", ['index']=111, ['level']=0},
    [17764465] = {['id']=17764465, ['name']="Millerovieunet", ['index']=113, ['level']=0},
    [17764485] = {['id']=17764485, ['name']="Sunana", ['index']=133, ['level']=0},
    [17764486] = {['id']=17764486, ['name']="Hakaru-Marikaru", ['index']=134, ['level']=0},
    [17764490] = {['id']=17764490, ['name']="Tosh_Hohnay", ['index']=138, ['level']=0},
    [17764491] = {['id']=17764491, ['name']="Phub_Bayzarahn", ['index']=139, ['level']=0},
    [17764492] = {['id']=17764492, ['name']="Seno_Zarhin", ['index']=140, ['level']=0},
    [17764493] = {['id']=17764493, ['name']="Cocchi_Ryojhbon", ['index']=141, ['level']=0},
    [17764494] = {['id']=17764494, ['name']="IyaRihyo", ['index']=142, ['level']=0},
    [17764497] = {['id']=17764497, ['name']="Chihpi_Kapirapehro", ['index']=145, ['level']=0},
    [17764498] = {['id']=17764498, ['name']="EtsaRhuyuli", ['index']=146, ['level']=0},
    [17764501] = {['id']=17764501, ['name']="KuuLohro", ['index']=149, ['level']=0},
    [17764504] = {['id']=17764504, ['name']="Varun", ['index']=152, ['level']=0},
    [17764509] = {['id']=17764509, ['name']="MehKotomaihro", ['index']=157, ['level']=0},
    [17764511] = {['id']=17764511, ['name']="KiVolep", ['index']=159, ['level']=0},
    [17764512] = {['id']=17764512, ['name']="DhizTomehrih", ['index']=160, ['level']=0},
    [17764514] = {['id']=17764514, ['name']="HayahDahbalesa", ['index']=162, ['level']=0},
    [17764515] = {['id']=17764515, ['name']="MocchiKatsartb", ['index']=163, ['level']=0},
    [17764520] = {['id']=17764520, ['name']="FourofSpades", ['index']=168, ['level']=0},
    [17764521] = {['id']=17764521, ['name']="ThreeofSpades", ['index']=169, ['level']=0},
    [17764522] = {['id']=17764522, ['name']="TwoofSpades", ['index']=170, ['level']=0},
    [17764523] = {['id']=17764523, ['name']="JackofSpades", ['index']=171, ['level']=0},
    [17764524] = {['id']=17764524, ['name']="Uuroro", ['index']=172, ['level']=0},
    [17764525] = {['id']=17764525, ['name']="Valeriano", ['index']=173, ['level']=0},
    [17764526] = {['id']=17764526, ['name']="Dahjal", ['index']=174, ['level']=0},
    [17764527] = {['id']=17764527, ['name']="Mokop-Sankop", ['index']=175, ['level']=0},
    [17764528] = {['id']=17764528, ['name']="ChehRaihah", ['index']=176, ['level']=0},
    [17764529] = {['id']=17764529, ['name']="Nalta", ['index']=177, ['level']=0},
    [17764531] = {['id']=17764531, ['name']="Soni-Muni", ['index']=179, ['level']=0},
    [17764532] = {['id']=17764532, ['name']="Gottah_Maporushanoh", ['index']=180, ['level']=0},
    [17764561] = {['id']=17764561, ['name']="Panoquieur,_T.K.", ['index']=209, ['level']=0},
    [17764572] = {['id']=17764572, ['name']="Palyalya", ['index']=220, ['level']=0},
    [17764581] = {['id']=17764581, ['name']="Nokkhi_Jinjahl", ['index']=229, ['level']=0},
    [17764582] = {['id']=17764582, ['name']="OminousCloud", ['index']=230, ['level']=0},
    [17764583] = {['id']=17764583, ['name']="Samigo-Pormigo", ['index']=231, ['level']=0},
    [17764584] = {['id']=17764584, ['name']="Hauh_Colphioh", ['index']=232, ['level']=0},
    [17764585] = {['id']=17764585, ['name']="Kopua-Mobua_A.M.A.N.", ['index']=233, ['level']=0},
    [17764589] = {['id']=17764589, ['name']="Tesch_Garanjy", ['index']=237, ['level']=0},
    [17764591] = {['id']=17764591, ['name']="Ibwam", ['index']=239, ['level']=0},
    [17764599] = {['id']=17764599, ['name']="Zahsa_Syalmhaia", ['index']=247, ['level']=0},
    [17764601] = {['id']=17764601, ['name']="ArtisanMoogle", ['index']=249, ['level']=0},
    [17764743] = {['id']=17764743, ['name']="Ensemble_Maven", ['index']=391, ['level']=0},
    [17764795] = {['id']=17764795, ['name']="Wetata", ['index']=443, ['level']=0},
    [17764824] = {['id']=17764824, ['name']="EphemeralMoogl", ['index']=472, ['level']=0},
    [17764825] = {['id']=17764825, ['name']="EphemeralMoogl", ['index']=473, ['level']=0},
    [17764826] = {['id']=17764826, ['name']="Julissois", ['index']=474, ['level']=0},
    [17764827] = {['id']=17764827, ['name']="Tergil", ['index']=475, ['level']=0},
