    [17281248] = {['id']=17281248, ['name']="GoblinFurrier", ['index']=224, ['level']=35},
    [17281249] = {['id']=17281249, ['name']="YoungOpo-opo", ['index']=225, ['level']=36},
    [17281250] = {['id']=17281250, ['name']="YoungOpo-opo", ['index']=226, ['level']=34},
    [17281251] = {['id']=17281251, ['name']="GoblinFurrier", ['index']=227, ['level']=32},
    [17281254] = {['id']=17281254, ['name']="GoblinFurrier", ['index']=230, ['level']=34},
    [17281261] = {['id']=17281261, ['name']="SoldierCrawler", ['index']=237, ['level']=39},
    [17281262] = {['id']=17281262, ['name']="GoblinRobber", ['index']=238, ['level']=46},
    [17281266] = {['id']=17281266, ['name']="YoungOpo-opo", ['index']=242, ['level']=36},
    [17281658] = {['id']=17281658, ['name']="FieldManual", ['index']=634, ['level']=0},
    [17281675] = {['id']=17281675, ['name']="SurvivalGuide", ['index']=651, ['level']=0},
    [17281255] = {['id']=17281255, ['name']="OvergrownRose", ['index']=231, ['level']=48},
    [17281246] = {['id']=17281246, ['name']="YoungOpo-opo", ['index']=222, ['level']=34},
    [17281259] = {['id']=17281259, ['name']="SoldierCrawler", ['index']=235, ['level']=37},
    [17281260] = {['id']=17281260, ['name']="GoblinRobber", ['index']=236, ['level']=43},
    [17281245] = {['id']=17281245, ['name']="GoblinFurrier", ['index']=221, ['level']=33},
    [17281244] = {['id']=17281244, ['name']="YoungOpo-opo", ['index']=220, ['level']=34},
    [17281243] = {['id']=17281243, ['name']="GoblinFurrier", ['index']=219, ['level']=37},
    [17281242] = {['id']=17281242, ['name']="YoungOpo-opo", ['index']=218, ['level']=34},
    [17281241] = {['id']=17281241, ['name']="YoungOpo-opo", ['index']=217, ['level']=34},
    [17281237] = {['id']=17281237, ['name']="YoungOpo-opo", ['index']=213, ['level']=35},
    [17281238] = {['id']=17281238, ['name']="YoungOpo-opo", ['index']=214, ['level']=34},
    [17281240] = {['id']=17281240, ['name']="GoblinFurrier", ['index']=216, ['level']=32},
    [17281239] = {['id']=17281239, ['name']="GoblinFurrier", ['index']=215, ['level']=35},
    [17281231] = {['id']=17281231, ['name']="DeathJacket", ['index']=207, ['level']=37},
    [17281235] = {['id']=17281235, ['name']="GoblinFurrier", ['index']=211, ['level']=33},
    [17281232] = {['id']=17281232, ['name']="DeathJacket", ['index']=208, ['level']=35},
    [17281234] = {['id']=17281234, ['name']="YoungOpo-opo", ['index']=210, ['level']=35},
    [17281233] = {['id']=17281233, ['name']="YoungOpo-opo", ['index']=209, ['level']=35},
    [17281236] = {['id']=17281236, ['name']="GoblinFurrier", ['index']=212, ['level']=34},
    [17281209] = {['id']=17281209, ['name']="YoungOpo-opo", ['index']=185, ['level']=34},
    [17281208] = {['id']=17281208, ['name']="DeathJacket", ['index']=184, ['level']=35},
    [17281226] = {['id']=17281226, ['name']="YoungOpo-opo", ['index']=202, ['level']=35},
    [17281225] = {['id']=17281225, ['name']="YoungOpo-opo", ['index']=201, ['level']=36},
    [17281227] = {['id']=17281227, ['name']="GoblinFurrier", ['index']=203, ['level']=33},
    [17281228] = {['id']=17281228, ['name']="GoblinFurrier", ['index']=204, ['level']=35},
    [17281224] = {['id']=17281224, ['name']="YoungOpo-opo", ['index']=200, ['level']=35},
    [17281296] = {['id']=17281296, ['name']="PyuutheSpatem", ['index']=272, ['level']=73},
    [17281207] = {['id']=17281207, ['name']="YoungOpo-opo", ['index']=183, ['level']=34},
    [17281229] = {['id']=17281229, ['name']="YoungOpo-opo", ['index']=205, ['level']=34},
    [17281230] = {['id']=17281230, ['name']="YoungOpo-opo", ['index']=206, ['level']=36},
    [17281216] = {['id']=17281216, ['name']="YoungOpo-opo", ['index']=192, ['level']=36},
    [17281215] = {['id']=17281215, ['name']="DeathJacket", ['index']=191, ['level']=34},
    [17281211] = {['id']=17281211, ['name']="DeathJacket", ['index']=187, ['level']=34},
    [17281219] = {['id']=17281219, ['name']="OvergrownRose", ['index']=195, ['level']=46},
    [17281203] = {['id']=17281203, ['name']="GoblinFurrier", ['index']=179, ['level']=33},
    [17281218] = {['id']=17281218, ['name']="YoungOpo-opo", ['index']=194, ['level']=36},
    [17281210] = {['id']=17281210, ['name']="DeathJacket", ['index']=186, ['level']=33},
    [17281202] = {['id']=17281202, ['name']="DeathJacket", ['index']=178, ['level']=37},
    [17281204] = {['id']=17281204, ['name']="GoblinFurrier", ['index']=180, ['level']=35},
    [17281201] = {['id']=17281201, ['name']="DeathJacket", ['index']=177, ['level']=33},
    [17281213] = {['id']=17281213, ['name']="GoblinFurrier", ['index']=189, ['level']=34},
    [17281217] = {['id']=17281217, ['name']="YoungOpo-opo", ['index']=193, ['level']=36},
    [17281206] = {['id']=17281206, ['name']="DeathJacket", ['index']=182, ['level']=37},
    [17281212] = {['id']=17281212, ['name']="GoblinFurrier", ['index']=188, ['level']=35},
    [17281252] = {['id']=17281252, ['name']="OvergrownRose", ['index']=228, ['level']=48},
    [17281247] = {['id']=17281247, ['name']="YoungOpo-opo", ['index']=223, ['level']=36},
    [17281264] = {['id']=17281264, ['name']="SoldierCrawler", ['index']=240, ['level']=40},
    [17281265] = {['id']=17281265, ['name']="GoblinRobber", ['index']=241, ['level']=42},
    [17281256] = {['id']=17281256, ['name']="SoldierCrawler", ['index']=232, ['level']=40},
    [17281258] = {['id']=17281258, ['name']="GoblinRobber", ['index']=234, ['level']=42},
    [17281257] = {['id']=17281257, ['name']="SoldierCrawler", ['index']=233, ['level']=38},
    [17281315] = {['id']=17281315, ['name']="SoldierCrawler", ['index']=291, ['level']=38},
    [17281319] = {['id']=17281319, ['name']="SoldierCrawler", ['index']=295, ['level']=38},
    [17281320] = {['id']=17281320, ['name']="SoldierCrawler", ['index']=296, ['level']=40},
    [17281321] = {['id']=17281321, ['name']="GoblinPoacher", ['index']=297, ['level']=42},
    [17281316] = {['id']=17281316, ['name']="SoldierCrawler", ['index']=292, ['level']=41},
    [17281314] = {['id']=17281314, ['name']="DeathJacket", ['index']=290, ['level']=35},
    [17281317] = {['id']=17281317, ['name']="GoblinPoacher", ['index']=293, ['level']=45},
    [17281313] = {['id']=17281313, ['name']="GoblinPoacher", ['index']=289, ['level']=47},
    [17281311] = {['id']=17281311, ['name']="SoldierCrawler", ['index']=287, ['level']=37},
    [17281310] = {['id']=17281310, ['name']="DeathJacket", ['index']=286, ['level']=34},
    [17281325] = {['id']=17281325, ['name']="GoblinPoacher", ['index']=301, ['level']=42},
    [17281324] = {['id']=17281324, ['name']="SoldierCrawler", ['index']=300, ['level']=38},
    [17281312] = {['id']=17281312, ['name']="SoldierCrawler", ['index']=288, ['level']=41},
    [17281322] = {['id']=17281322, ['name']="DeathJacket", ['index']=298, ['level']=34},
    [17281323] = {['id']=17281323, ['name']="SoldierCrawler", ['index']=299, ['level']=39},
    [17281032] = {['id']=17281032, ['name']="YuhtungaMandra", ['index']=8, ['level']=33},
    [17281033] = {['id']=17281033, ['name']="YuhtungaMandra", ['index']=9, ['level']=32},
    [17281034] = {['id']=17281034, ['name']="GoblinSmithy", ['index']=10, ['level']=34},
    [17281609] = {['id']=17281609, ['name']="Richacha,_W.W.", ['index']=585, ['level']=0},
    [17281657] = {['id']=17281657, ['name']="FieldManual", ['index']=633, ['level']=0},
    [17281040] = {['id']=17281040, ['name']="GoblinSmithy", ['index']=16, ['level']=37},
    [17281039] = {['id']=17281039, ['name']="YuhtungaMandra", ['index']=15, ['level']=33},
    [17281038] = {['id']=17281038, ['name']="YuhtungaMandra", ['index']=14, ['level']=30},
    [17281041] = {['id']=17281041, ['name']="YuhtungaMandra", ['index']=17, ['level']=31},
    [17281042] = {['id']=17281042, ['name']="GoblinSmithy", ['index']=18, ['level']=36},
    [17281052] = {['id']=17281052, ['name']="GoblinSmithy", ['index']=28, ['level']=32},
    [17281043] = {['id']=17281043, ['name']="YuhtungaMandra", ['index']=19, ['level']=33},
    [17281045] = {['id']=17281045, ['name']="YuhtungaMandra", ['index']=21, ['level']=33},
    [17281366] = {['id']=17281366, ['name']="GoblinSmithy", ['index']=342, ['level']=37},
    [17281363] = {['id']=17281363, ['name']="IvoryLizard", ['index']=339, ['level']=34},
    [17281364] = {['id']=17281364, ['name']="IvoryLizard", ['index']=340, ['level']=32},
    [17281365] = {['id']=17281365, ['name']="GoblinSmithy", ['index']=341, ['level']=35},
    [17281046] = {['id']=17281046, ['name']="GoblinSmithy", ['index']=22, ['level']=35},
    [17281044] = {['id']=17281044, ['name']="YuhtungaMandra", ['index']=20, ['level']=31},
    [17281047] = {['id']=17281047, ['name']="GoblinSmithy", ['index']=23, ['level']=32},
    [17281035] = {['id']=17281035, ['name']="YuhtungaMandra", ['index']=11, ['level']=32},
    [17281036] = {['id']=17281036, ['name']="YuhtungaMandra", ['index']=12, ['level']=32},
    [17281037] = {['id']=17281037, ['name']="GoblinSmithy", ['index']=13, ['level']=35},
