    [17481761] = {['id']=17481761, ['name']="CollieryBat", ['index']=33, ['level']=77},
    [17481762] = {['id']=17481762, ['name']="CollieryBat", ['index']=34, ['level']=77},
    [17481767] = {['id']=17481767, ['name']="BurrowerWorm", ['index']=39, ['level']=77},
    [17481768] = {['id']=17481768, ['name']="BurrowerWorm", ['index']=40, ['level']=79},
    [17481823] = {['id']=17481823, ['name']="Gildge", ['index']=95, ['level']=0},
    [17481826] = {['id']=17481826, ['name']="Zeid", ['index']=98, ['level']=0},
    [17481828] = {['id']=17481828, ['name']="_4s0", ['index']=100, ['level']=0},
    [17481829] = {['id']=17481829, ['name']="_4s1", ['index']=101, ['level']=0},
    [17481766] = {['id']=17481766, ['name']="BurrowerWorm", ['index']=38, ['level']=77},
    [17481769] = {['id']=17481769, ['name']="BurrowerWorm", ['index']=41, ['level']=77},
    [17481758] = {['id']=17481758, ['name']="CollieryBat", ['index']=30, ['level']=77},
    [17481759] = {['id']=17481759, ['name']="CollieryBat", ['index']=31, ['level']=75},
    [17481760] = {['id']=17481760, ['name']="CollieryBat", ['index']=32, ['level']=75},
    [17481734] = {['id']=17481734, ['name']="DingBats", ['index']=6, ['level']=1},
    [17481742] = {['id']=17481742, ['name']="CollieryBat", ['index']=14, ['level']=76},
    [17481743] = {['id']=17481743, ['name']="CollieryBat", ['index']=15, ['level']=77},
    [17481821] = {['id']=17481821, ['name']="Vorzill", ['index']=93, ['level']=0},
    [17481822] = {['id']=17481822, ['name']="Drake_Fang", ['index']=94, ['level']=0},
    [17481831] = {['id']=17481831, ['name']="Moogle", ['index']=103, ['level']=0},
    [17481854] = {['id']=17481854, ['name']="GroundsTome", ['index']=126, ['level']=0},
    [17481855] = {['id']=17481855, ['name']="SurvivalGuide", ['index']=127, ['level']=0},
    [17481751] = {['id']=17481751, ['name']="BurrowerWorm", ['index']=23, ['level']=78},
    [17481744] = {['id']=17481744, ['name']="CollieryBat", ['index']=16, ['level']=77},
    [17481749] = {['id']=17481749, ['name']="CollieryBat", ['index']=21, ['level']=76},
    [17481754] = {['id']=17481754, ['name']="CollieryBat", ['index']=26, ['level']=77},
    [17481750] = {['id']=17481750, ['name']="BurrowerWorm", ['index']=22, ['level']=78},
    [17481753] = {['id']=17481753, ['name']="BurrowerWorm", ['index']=25, ['level']=77},
    [17481748] = {['id']=17481748, ['name']="CollieryBat", ['index']=20, ['level']=75},
    [17481746] = {['id']=17481746, ['name']="CollieryBat", ['index']=18, ['level']=77},
