    [17666607] = {['id']=17666607, ['name']="ConfluxSurveyo", ['index']=559, ['level']=0},
    [17666608] = {['id']=17666608, ['name']="CruorProspecto", ['index']=560, ['level']=0},
    [17666609] = {['id']=17666609, ['name']="AtmaInfusionis", ['index']=561, ['level']=0},
    [17666610] = {['id']=17666610, ['name']="AtmaFabricant", ['index']=562, ['level']=0},
    [17666713] = {['id']=17666713, ['name']="ResistanceSerg", ['index']=665, ['level']=0},
    [17666737] = {['id']=17666737, ['name']="Rahal", ['index']=689, ['level']=0},
    [17666738] = {['id']=17666738, ['name']="Milchupain", ['index']=690, ['level']=0},
    [17666761] = {['id']=17666761, ['name']="Deraquien", ['index']=713, ['level']=0},
    [17666765] = {['id']=17666765, ['name']="Vavegallet", ['index']=717, ['level']=0},
    [17666766] = {['id']=17666766, ['name']="Gulemont", ['index']=718, ['level']=0},
    [17666767] = {['id']=17666767, ['name']="Solgierte", ['index']=719, ['level']=0},
    [17666768] = {['id']=17666768, ['name']="Liloune", ['index']=720, ['level']=0},
    [17666769] = {['id']=17666769, ['name']="Parcarin", ['index']=721, ['level']=0},
    [17666770] = {['id']=17666770, ['name']="MachineOutfitt", ['index']=722, ['level']=0},
    [17666760] = {['id']=17666760, ['name']="Belgidiveau", ['index']=712, ['level']=0},
    [17666177] = {['id']=17666177, ['name']="EphemeralMurex", ['index']=129, ['level']=79},
    [17666178] = {['id']=17666178, ['name']="BlademawPugil", ['index']=130, ['level']=79},
    [17666180] = {['id']=17666180, ['name']="BlademawPugil", ['index']=132, ['level']=80},
    [17666203] = {['id']=17666203, ['name']="EphemeralAmoeb", ['index']=155, ['level']=80},
    [17666182] = {['id']=17666182, ['name']="BlademawPugil", ['index']=134, ['level']=80},
    [17666181] = {['id']=17666181, ['name']="BlademawPugil", ['index']=133, ['level']=79},
    [17666200] = {['id']=17666200, ['name']="BlademawPugil", ['index']=152, ['level']=80},
    [17666187] = {['id']=17666187, ['name']="BlademawPugil", ['index']=139, ['level']=79},
    [17666186] = {['id']=17666186, ['name']="BlademawPugil", ['index']=138, ['level']=80},
    [17666197] = {['id']=17666197, ['name']="BlademawPugil", ['index']=149, ['level']=79},
    [17666199] = {['id']=17666199, ['name']="BlademawPugil", ['index']=151, ['level']=79},
    [17666198] = {['id']=17666198, ['name']="BlademawPugil", ['index']=150, ['level']=79},
    [17666189] = {['id']=17666189, ['name']="BlademawPugil", ['index']=141, ['level']=79},
    [17666196] = {['id']=17666196, ['name']="BlademawPugil", ['index']=148, ['level']=80},
    [17666193] = {['id']=17666193, ['name']="BlademawPugil", ['index']=145, ['level']=80},
    [17666191] = {['id']=17666191, ['name']="BlademawPugil", ['index']=143, ['level']=79},
    [17666192] = {['id']=17666192, ['name']="BlademawPugil", ['index']=144, ['level']=79},
    [17666195] = {['id']=17666195, ['name']="BlademawPugil", ['index']=147, ['level']=79},
    [17666500] = {['id']=17666500, ['name']="Sedna", ['index']=452, ['level']=95},
    [17666194] = {['id']=17666194, ['name']="BlademawPugil", ['index']=146, ['level']=79},
    [17666190] = {['id']=17666190, ['name']="BlademawPugil", ['index']=142, ['level']=79},
    [17666201] = {['id']=17666201, ['name']="BlademawPugil", ['index']=153, ['level']=80},
    [17666179] = {['id']=17666179, ['name']="BlademawPugil", ['index']=131, ['level']=80},
    [17666183] = {['id']=17666183, ['name']="BlademawPugil", ['index']=135, ['level']=80},
    [17666184] = {['id']=17666184, ['name']="BlademawPugil", ['index']=136, ['level']=80},
    [17666185] = {['id']=17666185, ['name']="BlademawPugil", ['index']=137, ['level']=79},
    [17666188] = {['id']=17666188, ['name']="BlademawPugil", ['index']=140, ['level']=80},
    [17666202] = {['id']=17666202, ['name']="BlademawPugil", ['index']=154, ['level']=80},
    [17666166] = {['id']=17666166, ['name']="Jasconius", ['index']=118, ['level']=79},
    [17666164] = {['id']=17666164, ['name']="Jasconius", ['index']=116, ['level']=80},
    [17666165] = {['id']=17666165, ['name']="Jasconius", ['index']=117, ['level']=79},
    [17666167] = {['id']=17666167, ['name']="Jasconius", ['index']=119, ['level']=79},
    [17666168] = {['id']=17666168, ['name']="Jasconius", ['index']=120, ['level']=79},
    [17666169] = {['id']=17666169, ['name']="Jasconius", ['index']=121, ['level']=79},
    [17666170] = {['id']=17666170, ['name']="Jasconius", ['index']=122, ['level']=80},
    [17666171] = {['id']=17666171, ['name']="Jasconius", ['index']=123, ['level']=80},
    [17666172] = {['id']=17666172, ['name']="Jasconius", ['index']=124, ['level']=79},
    [17666173] = {['id']=17666173, ['name']="Jasconius", ['index']=125, ['level']=79},
    [17666174] = {['id']=17666174, ['name']="Jasconius", ['index']=126, ['level']=80},
    [17666175] = {['id']=17666175, ['name']="Jasconius", ['index']=127, ['level']=80},
    [17666176] = {['id']=17666176, ['name']="Jasconius", ['index']=128, ['level']=79},
    [17666163] = {['id']=17666163, ['name']="Jasconius", ['index']=115, ['level']=80},
    [17666489] = {['id']=17666489, ['name']="Iku-Turso", ['index']=441, ['level']=90},
    [17666162] = {['id']=17666162, ['name']="Jasconius", ['index']=114, ['level']=80},
    [17666161] = {['id']=17666161, ['name']="Jasconius", ['index']=113, ['level']=80},
