    [17813977] = {['id']=17813977, ['name']="ConfluxSurveyo", ['index']=473, ['level']=0},
    [17813978] = {['id']=17813978, ['name']="CruorProspecto", ['index']=474, ['level']=0},
    [17813979] = {['id']=17813979, ['name']="AtmaInfusionis", ['index']=475, ['level']=0},
    [17813980] = {['id']=17813980, ['name']="AtmaFabricant", ['index']=476, ['level']=0},
    [17814083] = {['id']=17814083, ['name']="DominionTactic", ['index']=579, ['level']=0},
    [17814105] = {['id']=17814105, ['name']="Polly", ['index']=601, ['level']=0},
    [17814113] = {['id']=17814113, ['name']="Rondipur", ['index']=609, ['level']=0},
    [17814118] = {['id']=17814118, ['name']="DheoNbolo", ['index']=614, ['level']=0},
    [17814119] = {['id']=17814119, ['name']="Pakke-Pokke", ['index']=615, ['level']=0},
    [17814120] = {['id']=17814120, ['name']="Magriffon", ['index']=616, ['level']=0},
    [17814121] = {['id']=17814121, ['name']="Zoriboh", ['index']=617, ['level']=0},
    [17814122] = {['id']=17814122, ['name']="Aulavia", ['index']=618, ['level']=0},
    [17814123] = {['id']=17814123, ['name']="Polikal-Ramikal", ['index']=619, ['level']=0},
    [17814124] = {['id']=17814124, ['name']="Ardea", ['index']=620, ['level']=0},
    [17814125] = {['id']=17814125, ['name']="Trion", ['index']=621, ['level']=0},
    [17814128] = {['id']=17814128, ['name']="Phairupegiont", ['index']=624, ['level']=0},
    [17814132] = {['id']=17814132, ['name']="Waylea", ['index']=628, ['level']=0},
    [17814157] = {['id']=17814157, ['name']="Michilca", ['index']=653, ['level']=0},
    [17814177] = {['id']=17814177, ['name']="MachineOutfitt", ['index']=673, ['level']=0},
    [17814091] = {['id']=17814091, ['name']="Bogharg", ['index']=587, ['level']=0},
    [17814093] = {['id']=17814093, ['name']="Baldric", ['index']=589, ['level']=0},
    [17814103] = {['id']=17814103, ['name']="Latifah", ['index']=599, ['level']=0},
    [17814126] = {['id']=17814126, ['name']="Maat", ['index']=622, ['level']=0},
    [17814131] = {['id']=17814131, ['name']="TigerTooth", ['index']=627, ['level']=0},
    [17814174] = {['id']=17814174, ['name']="DominionSergea", ['index']=670, ['level']=0},
    [17813693] = {['id']=17813693, ['name']="Adasaurus", ['index']=189, ['level']=84},
    [17813694] = {['id']=17813694, ['name']="Adasaurus", ['index']=190, ['level']=84},
    [17813692] = {['id']=17813692, ['name']="Adasaurus", ['index']=188, ['level']=83},
    [17813695] = {['id']=17813695, ['name']="Adasaurus", ['index']=191, ['level']=84},
    [17813696] = {['id']=17813696, ['name']="Adasaurus", ['index']=192, ['level']=83},
    [17813697] = {['id']=17813697, ['name']="Adasaurus", ['index']=193, ['level']=83},
    [17813698] = {['id']=17813698, ['name']="Adasaurus", ['index']=194, ['level']=84},
    [17813702] = {['id']=17813702, ['name']="Adasaurus", ['index']=198, ['level']=83},
    [17813700] = {['id']=17813700, ['name']="Adasaurus", ['index']=196, ['level']=84},
    [17813704] = {['id']=17813704, ['name']="Adasaurus", ['index']=200, ['level']=84},
    [17813705] = {['id']=17813705, ['name']="Adasaurus", ['index']=201, ['level']=84},
    [17813701] = {['id']=17813701, ['name']="Adasaurus", ['index']=197, ['level']=83},
    [17813707] = {['id']=17813707, ['name']="Adasaurus", ['index']=203, ['level']=83},
    [17813699] = {['id']=17813699, ['name']="Adasaurus", ['index']=195, ['level']=84},
    [17813703] = {['id']=17813703, ['name']="Adasaurus", ['index']=199, ['level']=84},
    [17813916] = {['id']=17813916, ['name']="Isgebind", ['index']=412, ['level']=100},
    [17814115] = {['id']=17814115, ['name']="Wanzo-Unzozo", ['index']=611, ['level']=0},
    [17813722] = {['id']=17813722, ['name']="Svelldrake", ['index']=218, ['level']=86},
    [17813721] = {['id']=17813721, ['name']="Svelldrake", ['index']=217, ['level']=85},
    [17813928] = {['id']=17813928, ['name']="Kur", ['index']=424, ['level']=100},
    [17813720] = {['id']=17813720, ['name']="Svelldrake", ['index']=216, ['level']=85},
    [17813723] = {['id']=17813723, ['name']="Svelldrake", ['index']=219, ['level']=85},
    [17813727] = {['id']=17813727, ['name']="Svelldrake", ['index']=223, ['level']=86},
    [17813724] = {['id']=17813724, ['name']="Svelldrake", ['index']=220, ['level']=85},
    [17813725] = {['id']=17813725, ['name']="Svelldrake", ['index']=221, ['level']=86},
    [17813730] = {['id']=17813730, ['name']="Svelldrake", ['index']=226, ['level']=86},
    [17813912] = {['id']=17813912, ['name']="Isgebind", ['index']=408, ['level']=100},
    [17813920] = {['id']=17813920, ['name']="Isgebind", ['index']=416, ['level']=100},
    [17813706] = {['id']=17813706, ['name']="Adasaurus", ['index']=202, ['level']=83},
    [17813977] = {['id']=17813977, ['name']="ConfluxSurveyo", ['index']=473, ['level']=0},
    [17813978] = {['id']=17813978, ['name']="CruorProspecto", ['index']=474, ['level']=0},
    [17813979] = {['id']=17813979, ['name']="AtmaInfusionis", ['index']=475, ['level']=0},
    [17813980] = {['id']=17813980, ['name']="AtmaFabricant", ['index']=476, ['level']=0},
    [17814083] = {['id']=17814083, ['name']="DominionTactic", ['index']=579, ['level']=0},
    [17814105] = {['id']=17814105, ['name']="Polly", ['index']=601, ['level']=0},
    [17814113] = {['id']=17814113, ['name']="Rondipur", ['index']=609, ['level']=0},
    [17814118] = {['id']=17814118, ['name']="DheoNbolo", ['index']=614, ['level']=0},
    [17814119] = {['id']=17814119, ['name']="Pakke-Pokke", ['index']=615, ['level']=0},
    [17814120] = {['id']=17814120, ['name']="Magriffon", ['index']=616, ['level']=0},
    [17814121] = {['id']=17814121, ['name']="Zoriboh", ['index']=617, ['level']=0},
    [17814122] = {['id']=17814122, ['name']="Aulavia", ['index']=618, ['level']=0},
    [17814123] = {['id']=17814123, ['name']="Polikal-Ramikal", ['index']=619, ['level']=0},
    [17814124] = {['id']=17814124, ['name']="Ardea", ['index']=620, ['level']=0},
    [17814125] = {['id']=17814125, ['name']="Trion", ['index']=621, ['level']=0},
    [17814128] = {['id']=17814128, ['name']="Phairupegiont", ['index']=624, ['level']=0},
    [17814132] = {['id']=17814132, ['name']="Waylea", ['index']=628, ['level']=0},
    [17814157] = {['id']=17814157, ['name']="Michilca", ['index']=653, ['level']=0},
    [17814177] = {['id']=17814177, ['name']="MachineOutfitt", ['index']=673, ['level']=0},
    [17813524] = {['id']=17813524, ['name']="IcebergMurex", ['index']=20, ['level']=84},
    [17813526] = {['id']=17813526, ['name']="IcebergMurex", ['index']=22, ['level']=84},
    [17813522] = {['id']=17813522, ['name']="IcebergMurex", ['index']=18, ['level']=85},
    [17813589] = {['id']=17813589, ['name']="SierraTiger", ['index']=85, ['level']=86},
    [17813595] = {['id']=17813595, ['name']="SierraTiger", ['index']=91, ['level']=86},
    [17813608] = {['id']=17813608, ['name']="SierraTiger", ['index']=104, ['level']=86},
    [17813615] = {['id']=17813615, ['name']="Bluffalo", ['index']=111, ['level']=84},
    [17813616] = {['id']=17813616, ['name']="Bluffalo", ['index']=112, ['level']=83},
    [17813618] = {['id']=17813618, ['name']="Bluffalo", ['index']=114, ['level']=84},
    [17814116] = {['id']=17814116, ['name']="Olavia", ['index']=612, ['level']=0},
    [17813619] = {['id']=17813619, ['name']="Bluffalo", ['index']=115, ['level']=83},
    [17813617] = {['id']=17813617, ['name']="Bluffalo", ['index']=113, ['level']=83},
    [17813621] = {['id']=17813621, ['name']="Bluffalo", ['index']=117, ['level']=84},
    [17813622] = {['id']=17813622, ['name']="Bluffalo", ['index']=118, ['level']=83},
    [17813625] = {['id']=17813625, ['name']="Bluffalo", ['index']=121, ['level']=83},
    [17813620] = {['id']=17813620, ['name']="Bluffalo", ['index']=116, ['level']=83},
    [17813628] = {['id']=17813628, ['name']="Bluffalo", ['index']=124, ['level']=83},
    [17813626] = {['id']=17813626, ['name']="Bluffalo", ['index']=122, ['level']=84},
    [17813627] = {['id']=17813627, ['name']="Bluffalo", ['index']=123, ['level']=83},
    [17813623] = {['id']=17813623, ['name']="Bluffalo", ['index']=119, ['level']=83},
    [17814127] = {['id']=17814127, ['name']="RomaaMihgo", ['index']=623, ['level']=0},
    [17814175] = {['id']=17814175, ['name']="DominionSergea", ['index']=671, ['level']=0},
    [17814129] = {['id']=17814129, ['name']="Chamama", ['index']=625, ['level']=0},
    [17814087] = {['id']=17814087, ['name']="Zauko", ['index']=583, ['level']=0},
    [17814104] = {['id']=17814104, ['name']="Valderotaux", ['index']=600, ['level']=0},
    [17813909] = {['id']=17813909, ['name']="SturdyPyxis", ['index']=405, ['level']=82},
    [17814108] = {['id']=17814108, ['name']="Oruga", ['index']=604, ['level']=0},
    [17813632] = {['id']=17813632, ['name']="Ectozoon", ['index']=128, ['level']=88},
    [17813633] = {['id']=17813633, ['name']="Ectozoon", ['index']=129, ['level']=87},
    [17813634] = {['id']=17813634, ['name']="Ectozoon", ['index']=130, ['level']=87},
    [17813637] = {['id']=17813637, ['name']="Ectozoon", ['index']=133, ['level']=87},
    [17813636] = {['id']=17813636, ['name']="Ectozoon", ['index']=132, ['level']=88},
    [17813635] = {['id']=17813635, ['name']="Ectozoon", ['index']=131, ['level']=88},
    [17813631] = {['id']=17813631, ['name']="Ectozoon", ['index']=127, ['level']=87},
    [17813641] = {['id']=17813641, ['name']="Ectozoon", ['index']=137, ['level']=88},
    [17813645] = {['id']=17813645, ['name']="Ectozoon", ['index']=141, ['level']=87},
    [17813639] = {['id']=17813639, ['name']="Ectozoon", ['index']=135, ['level']=88},
    [17813642] = {['id']=17813642, ['name']="Ectozoon", ['index']=138, ['level']=88},
    [17813660] = {['id']=17813660, ['name']="Ectozoon", ['index']=156, ['level']=88},
    [17813654] = {['id']=17813654, ['name']="Ectozoon", ['index']=150, ['level']=83},
    [17813652] = {['id']=17813652, ['name']="Ectozoon", ['index']=148, ['level']=87},
    [17813656] = {['id']=17813656, ['name']="Ectozoon", ['index']=152, ['level']=88},
    [17813658] = {['id']=17813658, ['name']="Ectozoon", ['index']=154, ['level']=87},
    [17813630] = {['id']=17813630, ['name']="Ectozoon", ['index']=126, ['level']=88},
    [17813655] = {['id']=17813655, ['name']="Ectozoon", ['index']=151, ['level']=83},
    [17813662] = {['id']=17813662, ['name']="Ectozoon", ['index']=158, ['level']=88},
    [17813661] = {['id']=17813661, ['name']="Ectozoon", ['index']=157, ['level']=88},
    [17813657] = {['id']=17813657, ['name']="Ectozoon", ['index']=153, ['level']=83},
    [17813663] = {['id']=17813663, ['name']="Ectozoon", ['index']=159, ['level']=87},
    [17813644] = {['id']=17813644, ['name']="Ectozoon", ['index']=140, ['level']=88},
    [17813646] = {['id']=17813646, ['name']="Ectozoon", ['index']=142, ['level']=88},
    [17813647] = {['id']=17813647, ['name']="Ectozoon", ['index']=143, ['level']=87},
    [17813653] = {['id']=17813653, ['name']="Ectozoon", ['index']=149, ['level']=88},
    [17813648] = {['id']=17813648, ['name']="Ectozoon", ['index']=144, ['level']=88},
    [17813651] = {['id']=17813651, ['name']="Ectozoon", ['index']=147, ['level']=87},
    [17813649] = {['id']=17813649, ['name']="Ectozoon", ['index']=145, ['level']=87},
    [17813638] = {['id']=17813638, ['name']="Ectozoon", ['index']=134, ['level']=88},
    [17813643] = {['id']=17813643, ['name']="Ectozoon", ['index']=139, ['level']=88},
    [17813650] = {['id']=17813650, ['name']="Ectozoon", ['index']=146, ['level']=88},
    [17813659] = {['id']=17813659, ['name']="Ectozoon", ['index']=155, ['level']=88},
    [17813640] = {['id']=17813640, ['name']="Ectozoon", ['index']=136, ['level']=87},
    [17813944] = {['id']=17813944, ['name']="IceElemental", ['index']=440, ['level']=90},
    [17813676] = {['id']=17813676, ['name']="Hoarmite", ['index']=172, ['level']=84},
    [17813667] = {['id']=17813667, ['name']="Hoarmite", ['index']=163, ['level']=91},
    [17813675] = {['id']=17813675, ['name']="Hoarmite", ['index']=171, ['level']=84},
    [17813677] = {['id']=17813677, ['name']="Hoarmite", ['index']=173, ['level']=84},
    [17813668] = {['id']=17813668, ['name']="Hoarmite", ['index']=164, ['level']=95},
    [17813671] = {['id']=17813671, ['name']="Hoarmite", ['index']=167, ['level']=85},
    [17813672] = {['id']=17813672, ['name']="Hoarmite", ['index']=168, ['level']=85},
    [17813674] = {['id']=17813674, ['name']="Hoarmite", ['index']=170, ['level']=96},
    [17813678] = {['id']=17813678, ['name']="Hoarmite", ['index']=174, ['level']=84},
    [17813669] = {['id']=17813669, ['name']="Hoarmite", ['index']=165, ['level']=95},
    [17813670] = {['id']=17813670, ['name']="Hoarmite", ['index']=166, ['level']=95},
    [17813673] = {['id']=17813673, ['name']="Hoarmite", ['index']=169, ['level']=84},
    [17813665] = {['id']=17813665, ['name']="Hoarmite", ['index']=161, ['level']=94},
    [17813682] = {['id']=17813682, ['name']="Hoarmite", ['index']=178, ['level']=84},
    [17813683] = {['id']=17813683, ['name']="Hoarmite", ['index']=179, ['level']=94},
    [17813685] = {['id']=17813685, ['name']="Hoarmite", ['index']=181, ['level']=85},
    [17813687] = {['id']=17813687, ['name']="Hoarmite", ['index']=183, ['level']=85},
    [17813684] = {['id']=17813684, ['name']="Hoarmite", ['index']=180, ['level']=95},
    [17813929] = {['id']=17813929, ['name']="Awahondo", ['index']=425, ['level']=100},
    [17813689] = {['id']=17813689, ['name']="Hoarmite", ['index']=185, ['level']=95},
    [17814097] = {['id']=17814097, ['name']="Furan-Furin", ['index']=593, ['level']=0},
    [17813692] = {['id']=17813692, ['name']="Adasaurus", ['index']=188, ['level']=83},
    [17813693] = {['id']=17813693, ['name']="Adasaurus", ['index']=189, ['level']=84},
    [17813694] = {['id']=17813694, ['name']="Adasaurus", ['index']=190, ['level']=83},
    [17813696] = {['id']=17813696, ['name']="Adasaurus", ['index']=192, ['level']=84},
    [17813697] = {['id']=17813697, ['name']="Adasaurus", ['index']=193, ['level']=83},
    [17813701] = {['id']=17813701, ['name']="Adasaurus", ['index']=197, ['level']=83},
    [17813703] = {['id']=17813703, ['name']="Adasaurus", ['index']=199, ['level']=83},
    [17813928] = {['id']=17813928, ['name']="Kur", ['index']=424, ['level']=100},
    [17814091] = {['id']=17814091, ['name']="Bogharg", ['index']=587, ['level']=0},
    [17814093] = {['id']=17814093, ['name']="Baldric", ['index']=589, ['level']=0},
    [17814103] = {['id']=17814103, ['name']="Latifah", ['index']=599, ['level']=0},
    [17814126] = {['id']=17814126, ['name']="Maat", ['index']=622, ['level']=0},
    [17814131] = {['id']=17814131, ['name']="TigerTooth", ['index']=627, ['level']=0},
    [17814174] = {['id']=17814174, ['name']="DominionSergea", ['index']=670, ['level']=0},
    [17813695] = {['id']=17813695, ['name']="Adasaurus", ['index']=191, ['level']=83},
    [17813698] = {['id']=17813698, ['name']="Adasaurus", ['index']=194, ['level']=83},
    [17813699] = {['id']=17813699, ['name']="Adasaurus", ['index']=195, ['level']=83},
    [17813700] = {['id']=17813700, ['name']="Adasaurus", ['index']=196, ['level']=84},
    [17813702] = {['id']=17813702, ['name']="Adasaurus", ['index']=198, ['level']=83},
    [17813704] = {['id']=17813704, ['name']="Adasaurus", ['index']=200, ['level']=83},
    [17813705] = {['id']=17813705, ['name']="Adasaurus", ['index']=201, ['level']=84},
    [17813707] = {['id']=17813707, ['name']="Adasaurus", ['index']=203, ['level']=83},
    [17813706] = {['id']=17813706, ['name']="Adasaurus", ['index']=202, ['level']=84},
    [17814115] = {['id']=17814115, ['name']="Wanzo-Unzozo", ['index']=611, ['level']=0},
    [17813720] = {['id']=17813720, ['name']="Svelldrake", ['index']=216, ['level']=85},
    [17813721] = {['id']=17813721, ['name']="Svelldrake", ['index']=217, ['level']=85},
    [17813722] = {['id']=17813722, ['name']="Svelldrake", ['index']=218, ['level']=86},
    [17813723] = {['id']=17813723, ['name']="Svelldrake", ['index']=219, ['level']=85},
    [17813724] = {['id']=17813724, ['name']="Svelldrake", ['index']=220, ['level']=85},
    [17813725] = {['id']=17813725, ['name']="Svelldrake", ['index']=221, ['level']=86},
    [17813727] = {['id']=17813727, ['name']="Svelldrake", ['index']=223, ['level']=86},
    [17813730] = {['id']=17813730, ['name']="Svelldrake", ['index']=226, ['level']=86},
    [17813718] = {['id']=17813718, ['name']="Svelldrake", ['index']=214, ['level']=86},
    [17813726] = {['id']=17813726, ['name']="Svelldrake", ['index']=222, ['level']=85},
    [17813729] = {['id']=17813729, ['name']="Svelldrake", ['index']=225, ['level']=85},
    [17813731] = {['id']=17813731, ['name']="Svelldrake", ['index']=227, ['level']=85},
    [17813728] = {['id']=17813728, ['name']="Svelldrake", ['index']=224, ['level']=85},
    [17813756] = {['id']=17813756, ['name']="VerglasGolem", ['index']=252, ['level']=97},
    [17813757] = {['id']=17813757, ['name']="VerglasGolem", ['index']=253, ['level']=97},
    [17813758] = {['id']=17813758, ['name']="VerglasGolem", ['index']=254, ['level']=97},
    [17813759] = {['id']=17813759, ['name']="VerglasGolem", ['index']=255, ['level']=97},
    [17813760] = {['id']=17813760, ['name']="VerglasGolem", ['index']=256, ['level']=97},
    [17813761] = {['id']=17813761, ['name']="VerglasGolem", ['index']=257, ['level']=97},
    [17814114] = {['id']=17814114, ['name']="Cannau", ['index']=610, ['level']=0},
    [17813787] = {['id']=17813787, ['name']="Olyphant", ['index']=283, ['level']=98},
    [17813780] = {['id']=17813780, ['name']="Olyphant", ['index']=276, ['level']=98},
    [17813735] = {['id']=17813735, ['name']="Snowflake", ['index']=231, ['level']=95},
    [17813784] = {['id']=17813784, ['name']="Olyphant", ['index']=280, ['level']=97},
    [17813738] = {['id']=17813738, ['name']="Snowflake", ['index']=234, ['level']=97},
    [17813740] = {['id']=17813740, ['name']="Snowflake", ['index']=236, ['level']=96},
    [17813776] = {['id']=17813776, ['name']="Olyphant", ['index']=272, ['level']=96},
    [17813779] = {['id']=17813779, ['name']="Olyphant", ['index']=275, ['level']=98},
    [17813785] = {['id']=17813785, ['name']="Olyphant", ['index']=281, ['level']=98},
    [17813743] = {['id']=17813743, ['name']="Snowflake", ['index']=239, ['level']=97},
    [17813782] = {['id']=17813782, ['name']="Olyphant", ['index']=278, ['level']=98},
    [17813781] = {['id']=17813781, ['name']="Olyphant", ['index']=277, ['level']=97},
    [17813783] = {['id']=17813783, ['name']="Olyphant", ['index']=279, ['level']=98},
    [17813777] = {['id']=17813777, ['name']="Olyphant", ['index']=273, ['level']=97},
    [17813748] = {['id']=17813748, ['name']="Snowflake", ['index']=244, ['level']=88},
    [17813747] = {['id']=17813747, ['name']="Snowflake", ['index']=243, ['level']=95},
    [17813746] = {['id']=17813746, ['name']="Snowflake", ['index']=242, ['level']=85},
    [17813786] = {['id']=17813786, ['name']="Olyphant", ['index']=282, ['level']=97},
    [17813778] = {['id']=17813778, ['name']="Olyphant", ['index']=274, ['level']=97},
    [17813772] = {['id']=17813772, ['name']="VerglasGolem", ['index']=268, ['level']=98},
    [17813774] = {['id']=17813774, ['name']="VerglasGolem", ['index']=270, ['level']=97},
    [17814092] = {['id']=17814092, ['name']="KuahDakonsa", ['index']=588, ['level']=0},
    [17814101] = {['id']=17814101, ['name']="Tyamah", ['index']=597, ['level']=0},
    [17814112] = {['id']=17814112, ['name']="Zazarg", ['index']=608, ['level']=0},
    [17814176] = {['id']=17814176, ['name']="DominionSergea", ['index']=672, ['level']=0},
    [17814130] = {['id']=17814130, ['name']="Ehrhard", ['index']=626, ['level']=0},
    [17814098] = {['id']=17814098, ['name']="Moogle", ['index']=594, ['level']=0},
    [17814102] = {['id']=17814102, ['name']="Purere", ['index']=598, ['level']=0},
    [17813768] = {['id']=17813768, ['name']="VerglasGolem", ['index']=264, ['level']=98},
    [17813766] = {['id']=17813766, ['name']="VerglasGolem", ['index']=262, ['level']=98},
    [17814155] = {['id']=17814155, ['name']="Guilboire", ['index']=651, ['level']=0},
    [17813769] = {['id']=17813769, ['name']="VerglasGolem", ['index']=265, ['level']=98},
    [17813770] = {['id']=17813770, ['name']="VerglasGolem", ['index']=266, ['level']=98},
    [17813771] = {['id']=17813771, ['name']="VerglasGolem", ['index']=267, ['level']=97},
    [17813767] = {['id']=17813767, ['name']="VerglasGolem", ['index']=263, ['level']=97},
    [17813792] = {['id']=17813792, ['name']="Spectator", ['index']=288, ['level']=90},
    [17813793] = {['id']=17813793, ['name']="Spectator", ['index']=289, ['level']=90},
    [17813791] = {['id']=17813791, ['name']="Spectator", ['index']=287, ['level']=90},
    [17813789] = {['id']=17813789, ['name']="Spectator", ['index']=285, ['level']=91},
    [17813797] = {['id']=17813797, ['name']="Spectator", ['index']=293, ['level']=91},
    [17813790] = {['id']=17813790, ['name']="Spectator", ['index']=286, ['level']=91},
    [17813794] = {['id']=17813794, ['name']="Spectator", ['index']=290, ['level']=90},
    [17813796] = {['id']=17813796, ['name']="Spectator", ['index']=292, ['level']=91},
    [17813798] = {['id']=17813798, ['name']="Spectator", ['index']=294, ['level']=90},
    [17813795] = {['id']=17813795, ['name']="Spectator", ['index']=291, ['level']=90},
    [17813799] = {['id']=17813799, ['name']="Spectator", ['index']=295, ['level']=91},
    [17813812] = {['id']=17813812, ['name']="Baelfyr", ['index']=308, ['level']=89},
    [17813810] = {['id']=17813810, ['name']="Spectator", ['index']=306, ['level']=91},
    [17813809] = {['id']=17813809, ['name']="Spectator", ['index']=305, ['level']=91},
    [17813804] = {['id']=17813804, ['name']="Spectator", ['index']=300, ['level']=90},
    [17813805] = {['id']=17813805, ['name']="Spectator", ['index']=301, ['level']=90},
    [17813807] = {['id']=17813807, ['name']="Spectator", ['index']=303, ['level']=91},
    [17813808] = {['id']=17813808, ['name']="Spectator", ['index']=304, ['level']=90},
    [17813806] = {['id']=17813806, ['name']="Spectator", ['index']=302, ['level']=91},
    [17813836] = {['id']=17813836, ['name']="Sub-zeroGear", ['index']=332, ['level']=87},
    [17813926] = {['id']=17813926, ['name']="ImperviousChar", ['index']=422, ['level']=100},
    [17813833] = {['id']=17813833, ['name']="Sub-zeroGear", ['index']=329, ['level']=86},
    [17813834] = {['id']=17813834, ['name']="Sub-zeroGear", ['index']=330, ['level']=86},
    [17813835] = {['id']=17813835, ['name']="Sub-zeroGear", ['index']=331, ['level']=87},
    [17813837] = {['id']=17813837, ['name']="Sub-zeroGear", ['index']=333, ['level']=86},
    [17813841] = {['id']=17813841, ['name']="Sub-zeroGear", ['index']=337, ['level']=87},
    [17813842] = {['id']=17813842, ['name']="Sub-zeroGear", ['index']=338, ['level']=88},
    [17813840] = {['id']=17813840, ['name']="Sub-zeroGear", ['index']=336, ['level']=86},
    [17813843] = {['id']=17813843, ['name']="Sub-zeroGear", ['index']=339, ['level']=86},
    [17813845] = {['id']=17813845, ['name']="Sub-zeroGear", ['index']=341, ['level']=86},
    [17813846] = {['id']=17813846, ['name']="Sub-zeroGear", ['index']=342, ['level']=87},
    [17813847] = {['id']=17813847, ['name']="Sub-zeroGear", ['index']=343, ['level']=87},
    [17813848] = {['id']=17813848, ['name']="Sub-zeroGear", ['index']=344, ['level']=87},
    [17813844] = {['id']=17813844, ['name']="Sub-zeroGear", ['index']=340, ['level']=86},
    [17813932] = {['id']=17813932, ['name']="Chione", ['index']=428, ['level']=95},
    [17813839] = {['id']=17813839, ['name']="Sub-zeroGear", ['index']=335, ['level']=86},
    [17813838] = {['id']=17813838, ['name']="Sub-zeroGear", ['index']=334, ['level']=87},
    [17813934] = {['id']=17813934, ['name']="RefittedChario", ['index']=430, ['level']=100},
    [17814158] = {['id']=17814158, ['name']="Nachou", ['index']=654, ['level']=0},
    [17813540] = {['id']=17813540, ['name']="FloeAmoeban", ['index']=36, ['level']=84},
    [17813542] = {['id']=17813542, ['name']="FloeAmoeban", ['index']=38, ['level']=85},
    [17813531] = {['id']=17813531, ['name']="FloeAmoeban", ['index']=27, ['level']=84},
    [17813544] = {['id']=17813544, ['name']="FloeAmoeban", ['index']=40, ['level']=84},
    [17813543] = {['id']=17813543, ['name']="FloeAmoeban", ['index']=39, ['level']=85},
    [17813536] = {['id']=17813536, ['name']="FloeAmoeban", ['index']=32, ['level']=84},
    [17813532] = {['id']=17813532, ['name']="FloeAmoeban", ['index']=28, ['level']=84},
    [17813541] = {['id']=17813541, ['name']="FloeAmoeban", ['index']=37, ['level']=85},
    [17813533] = {['id']=17813533, ['name']="FloeAmoeban", ['index']=29, ['level']=85},
    [17813530] = {['id']=17813530, ['name']="FloeAmoeban", ['index']=26, ['level']=85},
    [17813529] = {['id']=17813529, ['name']="FloeAmoeban", ['index']=25, ['level']=85},
    [17813528] = {['id']=17813528, ['name']="FloeAmoeban", ['index']=24, ['level']=84},
    [17813538] = {['id']=17813538, ['name']="FloeAmoeban", ['index']=34, ['level']=84},
    [17813517] = {['id']=17813517, ['name']="IcebergMurex", ['index']=13, ['level']=85},
    [17813521] = {['id']=17813521, ['name']="IcebergMurex", ['index']=17, ['level']=84},
    [17813534] = {['id']=17813534, ['name']="FloeAmoeban", ['index']=30, ['level']=84},
    [17813518] = {['id']=17813518, ['name']="IcebergMurex", ['index']=14, ['level']=85},
    [17813519] = {['id']=17813519, ['name']="IcebergMurex", ['index']=15, ['level']=84},
    [17813520] = {['id']=17813520, ['name']="IcebergMurex", ['index']=16, ['level']=85},
    [17813516] = {['id']=17813516, ['name']="IcebergMurex", ['index']=12, ['level']=84},
    [17813525] = {['id']=17813525, ['name']="IcebergMurex", ['index']=21, ['level']=84},
    [17813596] = {['id']=17813596, ['name']="SierraTiger", ['index']=92, ['level']=85},
    [17813923] = {['id']=17813923, ['name']="Indrik", ['index']=419, ['level']=105},
    [17813629] = {['id']=17813629, ['name']="Gefyrst", ['index']=125, ['level']=89},
    [17813624] = {['id']=17813624, ['name']="Bluffalo", ['index']=120, ['level']=84},
    [17813666] = {['id']=17813666, ['name']="Hoarmite", ['index']=162, ['level']=95},
    [17813681] = {['id']=17813681, ['name']="Hoarmite", ['index']=177, ['level']=93},
    [17813916] = {['id']=17813916, ['name']="Isgebind", ['index']=412, ['level']=100},
    [17813741] = {['id']=17813741, ['name']="Snowflake", ['index']=237, ['level']=97},
    [17813744] = {['id']=17813744, ['name']="Snowflake", ['index']=240, ['level']=95},
    [17813739] = {['id']=17813739, ['name']="Snowflake", ['index']=235, ['level']=96},
    [17813742] = {['id']=17813742, ['name']="Snowflake", ['index']=238, ['level']=96},
    [17813773] = {['id']=17813773, ['name']="VerglasGolem", ['index']=269, ['level']=97},
    [17813927] = {['id']=17813927, ['name']="DhormeKhimaira", ['index']=423, ['level']=95},
    [17813763] = {['id']=17813763, ['name']="VerglasGolem", ['index']=259, ['level']=98},
    [17813762] = {['id']=17813762, ['name']="VerglasGolem", ['index']=258, ['level']=98},
    [17813765] = {['id']=17813765, ['name']="VerglasGolem", ['index']=261, ['level']=98},
    [17813764] = {['id']=17813764, ['name']="VerglasGolem", ['index']=260, ['level']=97},
    [17813811] = {['id']=17813811, ['name']="Spectator", ['index']=307, ['level']=91},
    [17813800] = {['id']=17813800, ['name']="Spectator", ['index']=296, ['level']=91},
    [17813803] = {['id']=17813803, ['name']="Spectator", ['index']=299, ['level']=90},
    [17813801] = {['id']=17813801, ['name']="Spectator", ['index']=297, ['level']=91},
    [17813802] = {['id']=17813802, ['name']="Spectator", ['index']=298, ['level']=90},
    [17814159] = {['id']=17814159, ['name']="Perfaumand", ['index']=655, ['level']=0},
    [17813875] = {['id']=17813875, ['name']="RangeClionid", ['index']=371, ['level']=85},
    [17813874] = {['id']=17813874, ['name']="RangeClionid", ['index']=370, ['level']=85},
    [17813876] = {['id']=17813876, ['name']="RangeClionid", ['index']=372, ['level']=85},
    [17813877] = {['id']=17813877, ['name']="RangeClionid", ['index']=373, ['level']=84},
    [17813553] = {['id']=17813553, ['name']="ErmitImp", ['index']=49, ['level']=88},
    [17813545] = {['id']=17813545, ['name']="ErmitImp", ['index']=41, ['level']=88},
    [17813546] = {['id']=17813546, ['name']="ErmitImp", ['index']=42, ['level']=89},
    [17813549] = {['id']=17813549, ['name']="ErmitImp", ['index']=45, ['level']=88},
    [17813550] = {['id']=17813550, ['name']="ErmitImp", ['index']=46, ['level']=89},
    [17813556] = {['id']=17813556, ['name']="ErmitImp", ['index']=52, ['level']=88},
    [17813557] = {['id']=17813557, ['name']="ErmitImp", ['index']=53, ['level']=88},
    [17813551] = {['id']=17813551, ['name']="ErmitImp", ['index']=47, ['level']=89},
    [17813555] = {['id']=17813555, ['name']="ErmitImp", ['index']=51, ['level']=88},
    [17813548] = {['id']=17813548, ['name']="ErmitImp", ['index']=44, ['level']=89},
    [17813552] = {['id']=17813552, ['name']="ErmitImp", ['index']=48, ['level']=88},
    [17813554] = {['id']=17813554, ['name']="ErmitImp", ['index']=50, ['level']=89},
    [17813547] = {['id']=17813547, ['name']="ErmitImp", ['index']=43, ['level']=89},
    [17813509] = {['id']=17813509, ['name']="IcebergMurex", ['index']=5, ['level']=84},
    [17813510] = {['id']=17813510, ['name']="IcebergMurex", ['index']=6, ['level']=84},
    [17813514] = {['id']=17813514, ['name']="IcebergMurex", ['index']=10, ['level']=85},
    [17813527] = {['id']=17813527, ['name']="IcebergMurex", ['index']=23, ['level']=85},
    [17813512] = {['id']=17813512, ['name']="IcebergMurex", ['index']=8, ['level']=84},
    [17813590] = {['id']=17813590, ['name']="SierraTiger", ['index']=86, ['level']=82},
    [17813591] = {['id']=17813591, ['name']="SierraTiger", ['index']=87, ['level']=83},
    [17813592] = {['id']=17813592, ['name']="SierraTiger", ['index']=88, ['level']=82},
    [17813593] = {['id']=17813593, ['name']="SierraTiger", ['index']=89, ['level']=82},
    [17813598] = {['id']=17813598, ['name']="SierraTiger", ['index']=94, ['level']=83},
    [17813599] = {['id']=17813599, ['name']="SierraTiger", ['index']=95, ['level']=82},
    [17813597] = {['id']=17813597, ['name']="SierraTiger", ['index']=93, ['level']=82},
    [17813594] = {['id']=17813594, ['name']="SierraTiger", ['index']=90, ['level']=83},
    [17813601] = {['id']=17813601, ['name']="SierraTiger", ['index']=97, ['level']=83},
    [17813606] = {['id']=17813606, ['name']="SierraTiger", ['index']=102, ['level']=86},
    [17813600] = {['id']=17813600, ['name']="SierraTiger", ['index']=96, ['level']=82},
    [17813610] = {['id']=17813610, ['name']="SierraTiger", ['index']=106, ['level']=82},
    [17813589] = {['id']=17813589, ['name']="SierraTiger", ['index']=85, ['level']=83},
    [17813590] = {['id']=17813590, ['name']="SierraTiger", ['index']=86, ['level']=82},
    [17813591] = {['id']=17813591, ['name']="SierraTiger", ['index']=87, ['level']=83},
    [17813592] = {['id']=17813592, ['name']="SierraTiger", ['index']=88, ['level']=82},
    [17813593] = {['id']=17813593, ['name']="SierraTiger", ['index']=89, ['level']=82},
    [17813594] = {['id']=17813594, ['name']="SierraTiger", ['index']=90, ['level']=83},
    [17813595] = {['id']=17813595, ['name']="SierraTiger", ['index']=91, ['level']=83},
    [17813596] = {['id']=17813596, ['name']="SierraTiger", ['index']=92, ['level']=83},
    [17813597] = {['id']=17813597, ['name']="SierraTiger", ['index']=93, ['level']=82},
    [17813598] = {['id']=17813598, ['name']="SierraTiger", ['index']=94, ['level']=83},
    [17813599] = {['id']=17813599, ['name']="SierraTiger", ['index']=95, ['level']=82},
    [17813600] = {['id']=17813600, ['name']="SierraTiger", ['index']=96, ['level']=82},
    [17813601] = {['id']=17813601, ['name']="SierraTiger", ['index']=97, ['level']=83},
    [17813606] = {['id']=17813606, ['name']="SierraTiger", ['index']=102, ['level']=83},
    [17813608] = {['id']=17813608, ['name']="SierraTiger", ['index']=104, ['level']=83},
    [17813615] = {['id']=17813615, ['name']="Bluffalo", ['index']=111, ['level']=84},
    [17813616] = {['id']=17813616, ['name']="Bluffalo", ['index']=112, ['level']=83},
    [17813617] = {['id']=17813617, ['name']="Bluffalo", ['index']=113, ['level']=83},
    [17813923] = {['id']=17813923, ['name']="Indrik", ['index']=419, ['level']=105},
    [17814116] = {['id']=17814116, ['name']="Olavia", ['index']=612, ['level']=0},
    [17813613] = {['id']=17813613, ['name']="SierraTiger", ['index']=109, ['level']=82},
    [17813610] = {['id']=17813610, ['name']="SierraTiger", ['index']=106, ['level']=82},
    [17813618] = {['id']=17813618, ['name']="Bluffalo", ['index']=114, ['level']=84},
    [17813625] = {['id']=17813625, ['name']="Bluffalo", ['index']=121, ['level']=83},
    [17813629] = {['id']=17813629, ['name']="Gefyrst", ['index']=125, ['level']=89},
    [17813611] = {['id']=17813611, ['name']="SierraTiger", ['index']=107, ['level']=82},
    [17813609] = {['id']=17813609, ['name']="SierraTiger", ['index']=105, ['level']=83},
    [17813612] = {['id']=17813612, ['name']="SierraTiger", ['index']=108, ['level']=83},
    [17813607] = {['id']=17813607, ['name']="SierraTiger", ['index']=103, ['level']=83},
    [17813619] = {['id']=17813619, ['name']="Bluffalo", ['index']=115, ['level']=83},
    [17813602] = {['id']=17813602, ['name']="SierraTiger", ['index']=98, ['level']=83},
    [17813605] = {['id']=17813605, ['name']="SierraTiger", ['index']=101, ['level']=82},
    [17813620] = {['id']=17813620, ['name']="Bluffalo", ['index']=116, ['level']=83},
    [17813621] = {['id']=17813621, ['name']="Bluffalo", ['index']=117, ['level']=84},
    [17813622] = {['id']=17813622, ['name']="Bluffalo", ['index']=118, ['level']=83},
    [17813623] = {['id']=17813623, ['name']="Bluffalo", ['index']=119, ['level']=83},
    [17813624] = {['id']=17813624, ['name']="Bluffalo", ['index']=120, ['level']=84},
    [17813626] = {['id']=17813626, ['name']="Bluffalo", ['index']=122, ['level']=84},
    [17813627] = {['id']=17813627, ['name']="Bluffalo", ['index']=123, ['level']=83},
    [17813628] = {['id']=17813628, ['name']="Bluffalo", ['index']=124, ['level']=83},
    [17814127] = {['id']=17814127, ['name']="RomaaMihgo", ['index']=623, ['level']=0},
    [17814129] = {['id']=17814129, ['name']="Chamama", ['index']=625, ['level']=0},
    [17814175] = {['id']=17814175, ['name']="DominionSergea", ['index']=671, ['level']=0},
    [17814087] = {['id']=17814087, ['name']="Zauko", ['index']=583, ['level']=0},
    [17814104] = {['id']=17814104, ['name']="Valderotaux", ['index']=600, ['level']=0},
    [17814108] = {['id']=17814108, ['name']="Oruga", ['index']=604, ['level']=0},
    [17813630] = {['id']=17813630, ['name']="Ectozoon", ['index']=126, ['level']=83},
    [17813631] = {['id']=17813631, ['name']="Ectozoon", ['index']=127, ['level']=83},
    [17813632] = {['id']=17813632, ['name']="Ectozoon", ['index']=128, ['level']=83},
    [17813633] = {['id']=17813633, ['name']="Ectozoon", ['index']=129, ['level']=83},
    [17813634] = {['id']=17813634, ['name']="Ectozoon", ['index']=130, ['level']=84},
    [17813635] = {['id']=17813635, ['name']="Ectozoon", ['index']=131, ['level']=84},
    [17813636] = {['id']=17813636, ['name']="Ectozoon", ['index']=132, ['level']=83},
    [17813637] = {['id']=17813637, ['name']="Ectozoon", ['index']=133, ['level']=83},
    [17813638] = {['id']=17813638, ['name']="Ectozoon", ['index']=134, ['level']=83},
    [17813639] = {['id']=17813639, ['name']="Ectozoon", ['index']=135, ['level']=84},
    [17813640] = {['id']=17813640, ['name']="Ectozoon", ['index']=136, ['level']=83},
    [17813641] = {['id']=17813641, ['name']="Ectozoon", ['index']=137, ['level']=83},
    [17813642] = {['id']=17813642, ['name']="Ectozoon", ['index']=138, ['level']=83},
    [17813643] = {['id']=17813643, ['name']="Ectozoon", ['index']=139, ['level']=83},
    [17813644] = {['id']=17813644, ['name']="Ectozoon", ['index']=140, ['level']=84},
    [17813645] = {['id']=17813645, ['name']="Ectozoon", ['index']=141, ['level']=84},
    [17813658] = {['id']=17813658, ['name']="Ectozoon", ['index']=154, ['level']=84},
    [17813659] = {['id']=17813659, ['name']="Ectozoon", ['index']=155, ['level']=84},
    [17813662] = {['id']=17813662, ['name']="Ectozoon", ['index']=158, ['level']=83},
    [17813663] = {['id']=17813663, ['name']="Ectozoon", ['index']=159, ['level']=84},
    [17813646] = {['id']=17813646, ['name']="Ectozoon", ['index']=142, ['level']=84},
    [17813647] = {['id']=17813647, ['name']="Ectozoon", ['index']=143, ['level']=83},
    [17813648] = {['id']=17813648, ['name']="Ectozoon", ['index']=144, ['level']=83},
    [17813649] = {['id']=17813649, ['name']="Ectozoon", ['index']=145, ['level']=84},
    [17813650] = {['id']=17813650, ['name']="Ectozoon", ['index']=146, ['level']=83},
    [17813651] = {['id']=17813651, ['name']="Ectozoon", ['index']=147, ['level']=83},
    [17813652] = {['id']=17813652, ['name']="Ectozoon", ['index']=148, ['level']=83},
    [17813653] = {['id']=17813653, ['name']="Ectozoon", ['index']=149, ['level']=84},
    [17813654] = {['id']=17813654, ['name']="Ectozoon", ['index']=150, ['level']=83},
    [17813655] = {['id']=17813655, ['name']="Ectozoon", ['index']=151, ['level']=83},
    [17813656] = {['id']=17813656, ['name']="Ectozoon", ['index']=152, ['level']=84},
    [17813657] = {['id']=17813657, ['name']="Ectozoon", ['index']=153, ['level']=83},
    [17813660] = {['id']=17813660, ['name']="Ectozoon", ['index']=156, ['level']=84},
    [17813661] = {['id']=17813661, ['name']="Ectozoon", ['index']=157, ['level']=84},
    [17813667] = {['id']=17813667, ['name']="Hoarmite", ['index']=163, ['level']=89},
    [17813670] = {['id']=17813670, ['name']="Hoarmite", ['index']=166, ['level']=90},
    [17813671] = {['id']=17813671, ['name']="Hoarmite", ['index']=167, ['level']=85},
    [17813672] = {['id']=17813672, ['name']="Hoarmite", ['index']=168, ['level']=85},
    [17813673] = {['id']=17813673, ['name']="Hoarmite", ['index']=169, ['level']=84},
    [17813674] = {['id']=17813674, ['name']="Hoarmite", ['index']=170, ['level']=90},
    [17813675] = {['id']=17813675, ['name']="Hoarmite", ['index']=171, ['level']=84},
    [17813676] = {['id']=17813676, ['name']="Hoarmite", ['index']=172, ['level']=84},
    [17813677] = {['id']=17813677, ['name']="Hoarmite", ['index']=173, ['level']=84},
    [17813678] = {['id']=17813678, ['name']="Hoarmite", ['index']=174, ['level']=84},
    [17813681] = {['id']=17813681, ['name']="Hoarmite", ['index']=177, ['level']=90},
    [17813682] = {['id']=17813682, ['name']="Hoarmite", ['index']=178, ['level']=84},
    [17813686] = {['id']=17813686, ['name']="Hoarmite", ['index']=182, ['level']=90},
    [17813687] = {['id']=17813687, ['name']="Hoarmite", ['index']=183, ['level']=85},
    [17813665] = {['id']=17813665, ['name']="Hoarmite", ['index']=161, ['level']=88},
    [17813666] = {['id']=17813666, ['name']="Hoarmite", ['index']=162, ['level']=89},
    [17813668] = {['id']=17813668, ['name']="Hoarmite", ['index']=164, ['level']=89},
    [17813669] = {['id']=17813669, ['name']="Hoarmite", ['index']=165, ['level']=89},
    [17813685] = {['id']=17813685, ['name']="Hoarmite", ['index']=181, ['level']=85},
    [17813689] = {['id']=17813689, ['name']="Hoarmite", ['index']=185, ['level']=88},
    [17813683] = {['id']=17813683, ['name']="Hoarmite", ['index']=179, ['level']=89},
    [17813684] = {['id']=17813684, ['name']="Hoarmite", ['index']=180, ['level']=89},
    [17813929] = {['id']=17813929, ['name']="Awahondo", ['index']=425, ['level']=100},
    [17814097] = {['id']=17814097, ['name']="Furan-Furin", ['index']=593, ['level']=0},
    [17813692] = {['id']=17813692, ['name']="Adasaurus", ['index']=188, ['level']=83},
    [17813693] = {['id']=17813693, ['name']="Adasaurus", ['index']=189, ['level']=84},
    [17813694] = {['id']=17813694, ['name']="Adasaurus", ['index']=190, ['level']=84},
    [17813695] = {['id']=17813695, ['name']="Adasaurus", ['index']=191, ['level']=83},
    [17813696] = {['id']=17813696, ['name']="Adasaurus", ['index']=192, ['level']=84},
    [17813697] = {['id']=17813697, ['name']="Adasaurus", ['index']=193, ['level']=84},
    [17813701] = {['id']=17813701, ['name']="Adasaurus", ['index']=197, ['level']=84},
    [17813704] = {['id']=17813704, ['name']="Adasaurus", ['index']=200, ['level']=84},
    [17813705] = {['id']=17813705, ['name']="Adasaurus", ['index']=201, ['level']=84},
    [17813706] = {['id']=17813706, ['name']="Adasaurus", ['index']=202, ['level']=84},
    [17813707] = {['id']=17813707, ['name']="Adasaurus", ['index']=203, ['level']=83},
    [17814091] = {['id']=17814091, ['name']="Bogharg", ['index']=587, ['level']=0},
    [17814093] = {['id']=17814093, ['name']="Baldric", ['index']=589, ['level']=0},
    [17814103] = {['id']=17814103, ['name']="Latifah", ['index']=599, ['level']=0},
    [17814126] = {['id']=17814126, ['name']="Maat", ['index']=622, ['level']=0},
    [17814131] = {['id']=17814131, ['name']="TigerTooth", ['index']=627, ['level']=0},
    [17814174] = {['id']=17814174, ['name']="DominionSergea", ['index']=670, ['level']=0},
    [17813698] = {['id']=17813698, ['name']="Adasaurus", ['index']=194, ['level']=83},
    [17813699] = {['id']=17813699, ['name']="Adasaurus", ['index']=195, ['level']=83},
    [17813700] = {['id']=17813700, ['name']="Adasaurus", ['index']=196, ['level']=83},
    [17813702] = {['id']=17813702, ['name']="Adasaurus", ['index']=198, ['level']=84},
    [17813703] = {['id']=17813703, ['name']="Adasaurus", ['index']=199, ['level']=84},
    [17813912] = {['id']=17813912, ['name']="Isgebind", ['index']=408, ['level']=100},
    [17814115] = {['id']=17814115, ['name']="Wanzo-Unzozo", ['index']=611, ['level']=0},
    [17813711] = {['id']=17813711, ['name']="Adasaurus", ['index']=207, ['level']=83},
    [17813721] = {['id']=17813721, ['name']="Svelldrake", ['index']=217, ['level']=85},
    [17813723] = {['id']=17813723, ['name']="Svelldrake", ['index']=219, ['level']=85},
    [17813725] = {['id']=17813725, ['name']="Svelldrake", ['index']=221, ['level']=86},
    [17813713] = {['id']=17813713, ['name']="Adasaurus", ['index']=209, ['level']=83},
    [17813710] = {['id']=17813710, ['name']="Adasaurus", ['index']=206, ['level']=84},
    [17813709] = {['id']=17813709, ['name']="Adasaurus", ['index']=205, ['level']=84},
    [17813712] = {['id']=17813712, ['name']="Adasaurus", ['index']=208, ['level']=83},
    [17813708] = {['id']=17813708, ['name']="Adasaurus", ['index']=204, ['level']=83},
    [17813720] = {['id']=17813720, ['name']="Svelldrake", ['index']=216, ['level']=85},
    [17813722] = {['id']=17813722, ['name']="Svelldrake", ['index']=218, ['level']=86},
    [17813724] = {['id']=17813724, ['name']="Svelldrake", ['index']=220, ['level']=85},
    [17813726] = {['id']=17813726, ['name']="Svelldrake", ['index']=222, ['level']=85},
    [17813727] = {['id']=17813727, ['name']="Svelldrake", ['index']=223, ['level']=86},
    [17813728] = {['id']=17813728, ['name']="Svelldrake", ['index']=224, ['level']=85},
    [17813729] = {['id']=17813729, ['name']="Svelldrake", ['index']=225, ['level']=85},
    [17813730] = {['id']=17813730, ['name']="Svelldrake", ['index']=226, ['level']=86},
    [17813731] = {['id']=17813731, ['name']="Svelldrake", ['index']=227, ['level']=85},
    [17813718] = {['id']=17813718, ['name']="Svelldrake", ['index']=214, ['level']=86},
    [17813920] = {['id']=17813920, ['name']="Isgebind", ['index']=416, ['level']=100},
    [17813715] = {['id']=17813715, ['name']="Svelldrake", ['index']=211, ['level']=86},
    [17813717] = {['id']=17813717, ['name']="Svelldrake", ['index']=213, ['level']=85},
    [17813719] = {['id']=17813719, ['name']="Svelldrake", ['index']=215, ['level']=85},
    [17813716] = {['id']=17813716, ['name']="Svelldrake", ['index']=212, ['level']=86},
    [17813738] = {['id']=17813738, ['name']="Snowflake", ['index']=234, ['level']=95},
    [17813744] = {['id']=17813744, ['name']="Snowflake", ['index']=240, ['level']=95},
    [17813746] = {['id']=17813746, ['name']="Snowflake", ['index']=242, ['level']=85},
    [17813747] = {['id']=17813747, ['name']="Snowflake", ['index']=243, ['level']=95},
    [17813748] = {['id']=17813748, ['name']="Snowflake", ['index']=244, ['level']=88},
    [17813756] = {['id']=17813756, ['name']="VerglasGolem", ['index']=252, ['level']=92},
    [17813757] = {['id']=17813757, ['name']="VerglasGolem", ['index']=253, ['level']=93},
    [17813758] = {['id']=17813758, ['name']="VerglasGolem", ['index']=254, ['level']=93},
    [17813759] = {['id']=17813759, ['name']="VerglasGolem", ['index']=255, ['level']=93},
    [17813760] = {['id']=17813760, ['name']="VerglasGolem", ['index']=256, ['level']=92},
    [17813761] = {['id']=17813761, ['name']="VerglasGolem", ['index']=257, ['level']=92},
    [17813762] = {['id']=17813762, ['name']="VerglasGolem", ['index']=258, ['level']=93},
    [17813763] = {['id']=17813763, ['name']="VerglasGolem", ['index']=259, ['level']=92},
    [17813764] = {['id']=17813764, ['name']="VerglasGolem", ['index']=260, ['level']=92},
    [17813765] = {['id']=17813765, ['name']="VerglasGolem", ['index']=261, ['level']=93},
    [17813766] = {['id']=17813766, ['name']="VerglasGolem", ['index']=262, ['level']=93},
    [17813767] = {['id']=17813767, ['name']="VerglasGolem", ['index']=263, ['level']=92},
    [17813768] = {['id']=17813768, ['name']="VerglasGolem", ['index']=264, ['level']=92},
    [17813769] = {['id']=17813769, ['name']="VerglasGolem", ['index']=265, ['level']=93},
    [17813770] = {['id']=17813770, ['name']="VerglasGolem", ['index']=266, ['level']=92},
    [17813771] = {['id']=17813771, ['name']="VerglasGolem", ['index']=267, ['level']=91},
    [17813772] = {['id']=17813772, ['name']="VerglasGolem", ['index']=268, ['level']=93},
    [17813773] = {['id']=17813773, ['name']="VerglasGolem", ['index']=269, ['level']=92},
    [17813774] = {['id']=17813774, ['name']="VerglasGolem", ['index']=270, ['level']=92},
    [17813776] = {['id']=17813776, ['name']="Olyphant", ['index']=272, ['level']=98},
    [17813777] = {['id']=17813777, ['name']="Olyphant", ['index']=273, ['level']=99},
    [17813778] = {['id']=17813778, ['name']="Olyphant", ['index']=274, ['level']=98},
    [17813779] = {['id']=17813779, ['name']="Olyphant", ['index']=275, ['level']=98},
    [17813780] = {['id']=17813780, ['name']="Olyphant", ['index']=276, ['level']=98},
    [17813781] = {['id']=17813781, ['name']="Olyphant", ['index']=277, ['level']=98},
    [17813782] = {['id']=17813782, ['name']="Olyphant", ['index']=278, ['level']=99},
    [17813783] = {['id']=17813783, ['name']="Olyphant", ['index']=279, ['level']=99},
    [17813784] = {['id']=17813784, ['name']="Olyphant", ['index']=280, ['level']=98},
    [17813785] = {['id']=17813785, ['name']="Olyphant", ['index']=281, ['level']=99},
    [17813786] = {['id']=17813786, ['name']="Olyphant", ['index']=282, ['level']=99},
    [17813787] = {['id']=17813787, ['name']="Olyphant", ['index']=283, ['level']=98},
    [17814114] = {['id']=17814114, ['name']="Cannau", ['index']=610, ['level']=0},
    [17813745] = {['id']=17813745, ['name']="Snowflake", ['index']=241, ['level']=96},
    [17814092] = {['id']=17814092, ['name']="KuahDakonsa", ['index']=588, ['level']=0},
    [17814098] = {['id']=17814098, ['name']="Moogle", ['index']=594, ['level']=0},
    [17814101] = {['id']=17814101, ['name']="Tyamah", ['index']=597, ['level']=0},
    [17814102] = {['id']=17814102, ['name']="Purere", ['index']=598, ['level']=0},
    [17814112] = {['id']=17814112, ['name']="Zazarg", ['index']=608, ['level']=0},
    [17814130] = {['id']=17814130, ['name']="Ehrhard", ['index']=626, ['level']=0},
    [17814155] = {['id']=17814155, ['name']="Guilboire", ['index']=651, ['level']=0},
    [17814176] = {['id']=17814176, ['name']="DominionSergea", ['index']=672, ['level']=0},
    [17813789] = {['id']=17813789, ['name']="Spectator", ['index']=285, ['level']=86},
    [17813790] = {['id']=17813790, ['name']="Spectator", ['index']=286, ['level']=87},
    [17813791] = {['id']=17813791, ['name']="Spectator", ['index']=287, ['level']=87},
    [17813792] = {['id']=17813792, ['name']="Spectator", ['index']=288, ['level']=86},
    [17813793] = {['id']=17813793, ['name']="Spectator", ['index']=289, ['level']=86},
    [17813794] = {['id']=17813794, ['name']="Spectator", ['index']=290, ['level']=86},
    [17813795] = {['id']=17813795, ['name']="Spectator", ['index']=291, ['level']=87},
    [17813797] = {['id']=17813797, ['name']="Spectator", ['index']=293, ['level']=87},
    [17813798] = {['id']=17813798, ['name']="Spectator", ['index']=294, ['level']=87},
    [17813799] = {['id']=17813799, ['name']="Spectator", ['index']=295, ['level']=87},
    [17813801] = {['id']=17813801, ['name']="Spectator", ['index']=297, ['level']=87},
    [17813803] = {['id']=17813803, ['name']="Spectator", ['index']=299, ['level']=86},
    [17813810] = {['id']=17813810, ['name']="Spectator", ['index']=306, ['level']=87},
    [17813811] = {['id']=17813811, ['name']="Spectator", ['index']=307, ['level']=87},
    [17813812] = {['id']=17813812, ['name']="Baelfyr", ['index']=308, ['level']=89},
    [17813796] = {['id']=17813796, ['name']="Spectator", ['index']=292, ['level']=87},
    [17813800] = {['id']=17813800, ['name']="Spectator", ['index']=296, ['level']=87},
    [17813802] = {['id']=17813802, ['name']="Spectator", ['index']=298, ['level']=86},
    [17813804] = {['id']=17813804, ['name']="Spectator", ['index']=300, ['level']=86},
    [17813805] = {['id']=17813805, ['name']="Spectator", ['index']=301, ['level']=87},
    [17813806] = {['id']=17813806, ['name']="Spectator", ['index']=302, ['level']=86},
    [17813807] = {['id']=17813807, ['name']="Spectator", ['index']=303, ['level']=86},
    [17813808] = {['id']=17813808, ['name']="Spectator", ['index']=304, ['level']=86},
    [17813809] = {['id']=17813809, ['name']="Spectator", ['index']=305, ['level']=87},
    [17813817] = {['id']=17813817, ['name']="MechanicalMena", ['index']=313, ['level']=87},
    [17813813] = {['id']=17813813, ['name']="MechanicalMena", ['index']=309, ['level']=88},
    [17813814] = {['id']=17813814, ['name']="MechanicalMena", ['index']=310, ['level']=88},
    [17813815] = {['id']=17813815, ['name']="MechanicalMena", ['index']=311, ['level']=87},
    [17813816] = {['id']=17813816, ['name']="MechanicalMena", ['index']=312, ['level']=87},
    [17813833] = {['id']=17813833, ['name']="Sub-zeroGear", ['index']=329, ['level']=86},
    [17813926] = {['id']=17813926, ['name']="ImperviousChar", ['index']=422, ['level']=100},
    [17813820] = {['id']=17813820, ['name']="MechanicalMena", ['index']=316, ['level']=87},
    [17813819] = {['id']=17813819, ['name']="MechanicalMena", ['index']=315, ['level']=87},
    [17813818] = {['id']=17813818, ['name']="MechanicalMena", ['index']=314, ['level']=87},
    [17813821] = {['id']=17813821, ['name']="MechanicalMena", ['index']=317, ['level']=88},
    [17813831] = {['id']=17813831, ['name']="MechanicalMena", ['index']=327, ['level']=87},
    [17813822] = {['id']=17813822, ['name']="MechanicalMena", ['index']=318, ['level']=87},
    [17813823] = {['id']=17813823, ['name']="MechanicalMena", ['index']=319, ['level']=87},
    [17813825] = {['id']=17813825, ['name']="MechanicalMena", ['index']=321, ['level']=88},
    [17813826] = {['id']=17813826, ['name']="MechanicalMena", ['index']=322, ['level']=87},
    [17813828] = {['id']=17813828, ['name']="MechanicalMena", ['index']=324, ['level']=88},
    [17813827] = {['id']=17813827, ['name']="MechanicalMena", ['index']=323, ['level']=88},
    [17813830] = {['id']=17813830, ['name']="MechanicalMena", ['index']=326, ['level']=87},
    [17813924] = {['id']=17813924, ['name']="Ogopogo", ['index']=420, ['level']=100},
    [17813824] = {['id']=17813824, ['name']="MechanicalMena", ['index']=320, ['level']=87},
    [17813845] = {['id']=17813845, ['name']="Sub-zeroGear", ['index']=341, ['level']=86},
    [17813509] = {['id']=17813509, ['name']="IcebergMurex", ['index']=5, ['level']=84},
    [17813512] = {['id']=17813512, ['name']="IcebergMurex", ['index']=8, ['level']=84},
    [17813514] = {['id']=17813514, ['name']="IcebergMurex", ['index']=10, ['level']=85},
    [17813518] = {['id']=17813518, ['name']="IcebergMurex", ['index']=14, ['level']=85},
    [17813527] = {['id']=17813527, ['name']="IcebergMurex", ['index']=23, ['level']=85},
    [17813977] = {['id']=17813977, ['name']="ConfluxSurveyo", ['index']=473, ['level']=0},
    [17813978] = {['id']=17813978, ['name']="CruorProspecto", ['index']=474, ['level']=0},
    [17813979] = {['id']=17813979, ['name']="AtmaInfusionis", ['index']=475, ['level']=0},
    [17813980] = {['id']=17813980, ['name']="AtmaFabricant", ['index']=476, ['level']=0},
    [17814083] = {['id']=17814083, ['name']="DominionTactic", ['index']=579, ['level']=0},
    [17814105] = {['id']=17814105, ['name']="Polly", ['index']=601, ['level']=0},
    [17814113] = {['id']=17814113, ['name']="Rondipur", ['index']=609, ['level']=0},
    [17814118] = {['id']=17814118, ['name']="DheoNbolo", ['index']=614, ['level']=0},
    [17814119] = {['id']=17814119, ['name']="Pakke-Pokke", ['index']=615, ['level']=0},
    [17814120] = {['id']=17814120, ['name']="Magriffon", ['index']=616, ['level']=0},
    [17814121] = {['id']=17814121, ['name']="Zoriboh", ['index']=617, ['level']=0},
    [17814122] = {['id']=17814122, ['name']="Aulavia", ['index']=618, ['level']=0},
    [17814123] = {['id']=17814123, ['name']="Polikal-Ramikal", ['index']=619, ['level']=0},
    [17814124] = {['id']=17814124, ['name']="Ardea", ['index']=620, ['level']=0},
    [17814125] = {['id']=17814125, ['name']="Trion", ['index']=621, ['level']=0},
    [17814128] = {['id']=17814128, ['name']="Phairupegiont", ['index']=624, ['level']=0},
    [17814132] = {['id']=17814132, ['name']="Waylea", ['index']=628, ['level']=0},
    [17814157] = {['id']=17814157, ['name']="Michilca", ['index']=653, ['level']=0},
    [17814177] = {['id']=17814177, ['name']="MachineOutfitt", ['index']=673, ['level']=0},
    [17813545] = {['id']=17813545, ['name']="ErmitImp", ['index']=41, ['level']=81},
    [17813546] = {['id']=17813546, ['name']="ErmitImp", ['index']=42, ['level']=81},
    [17813547] = {['id']=17813547, ['name']="ErmitImp", ['index']=43, ['level']=82},
    [17813548] = {['id']=17813548, ['name']="ErmitImp", ['index']=44, ['level']=82},
    [17813549] = {['id']=17813549, ['name']="ErmitImp", ['index']=45, ['level']=82},
    [17813550] = {['id']=17813550, ['name']="ErmitImp", ['index']=46, ['level']=81},
    [17813551] = {['id']=17813551, ['name']="ErmitImp", ['index']=47, ['level']=82},
    [17813552] = {['id']=17813552, ['name']="ErmitImp", ['index']=48, ['level']=81},
    [17813553] = {['id']=17813553, ['name']="ErmitImp", ['index']=49, ['level']=82},
    [17813554] = {['id']=17813554, ['name']="ErmitImp", ['index']=50, ['level']=82},
    [17813555] = {['id']=17813555, ['name']="ErmitImp", ['index']=51, ['level']=81},
    [17813556] = {['id']=17813556, ['name']="ErmitImp", ['index']=52, ['level']=81},
    [17813557] = {['id']=17813557, ['name']="ErmitImp", ['index']=53, ['level']=81},
    [17813558] = {['id']=17813558, ['name']="ErmitImp", ['index']=54, ['level']=82},
    [17813559] = {['id']=17813559, ['name']="ErmitImp", ['index']=55, ['level']=81},
    [17813560] = {['id']=17813560, ['name']="ErmitImp", ['index']=56, ['level']=81},
    [17813561] = {['id']=17813561, ['name']="ErmitImp", ['index']=57, ['level']=81},
    [17813562] = {['id']=17813562, ['name']="ErmitImp", ['index']=58, ['level']=82},
    [17813563] = {['id']=17813563, ['name']="ErmitImp", ['index']=59, ['level']=81},
    [17813564] = {['id']=17813564, ['name']="ErmitImp", ['index']=60, ['level']=82},
    [17813566] = {['id']=17813566, ['name']="ErmitImp", ['index']=62, ['level']=82},
    [17813567] = {['id']=17813567, ['name']="ErmitImp", ['index']=63, ['level']=81},
    [17813570] = {['id']=17813570, ['name']="BenumbedVodori", ['index']=66, ['level']=82},
    [17813574] = {['id']=17813574, ['name']="BenumbedVodori", ['index']=70, ['level']=83},
    [17813575] = {['id']=17813575, ['name']="BenumbedVodori", ['index']=71, ['level']=83},
    [17813577] = {['id']=17813577, ['name']="BenumbedVodori", ['index']=73, ['level']=82},
    [17813578] = {['id']=17813578, ['name']="BenumbedVodori", ['index']=74, ['level']=82},
    [17813579] = {['id']=17813579, ['name']="BenumbedVodori", ['index']=75, ['level']=83},
    [17813581] = {['id']=17813581, ['name']="BenumbedVodori", ['index']=77, ['level']=83},
    [17813582] = {['id']=17813582, ['name']="BenumbedVodori", ['index']=78, ['level']=83},
    [17813583] = {['id']=17813583, ['name']="BenumbedVodori", ['index']=79, ['level']=85},
    [17813584] = {['id']=17813584, ['name']="BenumbedVodori", ['index']=80, ['level']=83},
    [17813585] = {['id']=17813585, ['name']="BenumbedVodori", ['index']=81, ['level']=82},
    [17813586] = {['id']=17813586, ['name']="BenumbedVodori", ['index']=82, ['level']=83},
    [17813565] = {['id']=17813565, ['name']="ErmitImp", ['index']=61, ['level']=81},
    [17813580] = {['id']=17813580, ['name']="BenumbedVodori", ['index']=76, ['level']=89},
    [17813587] = {['id']=17813587, ['name']="BenumbedVodori", ['index']=83, ['level']=88},
    [17813874] = {['id']=17813874, ['name']="RangeClionid", ['index']=370, ['level']=85},
    [17813875] = {['id']=17813875, ['name']="RangeClionid", ['index']=371, ['level']=85},
    [17813876] = {['id']=17813876, ['name']="RangeClionid", ['index']=372, ['level']=85},
    [17813877] = {['id']=17813877, ['name']="RangeClionid", ['index']=373, ['level']=84},
    [17813571] = {['id']=17813571, ['name']="BenumbedVodori", ['index']=67, ['level']=83},
    [17813576] = {['id']=17813576, ['name']="BenumbedVodori", ['index']=72, ['level']=88},
    [17813573] = {['id']=17813573, ['name']="BenumbedVodori", ['index']=69, ['level']=83},
    [17813569] = {['id']=17813569, ['name']="BenumbedVodori", ['index']=65, ['level']=82},
    [17813572] = {['id']=17813572, ['name']="BenumbedVodori", ['index']=68, ['level']=83},
    [17813922] = {['id']=17813922, ['name']="Empousa", ['index']=418, ['level']=100},
    [17814159] = {['id']=17814159, ['name']="Perfaumand", ['index']=655, ['level']=0},
    [17813509] = {['id']=17813509, ['name']="IcebergMurex", ['index']=5, ['level']=84},
    [17813510] = {['id']=17813510, ['name']="IcebergMurex", ['index']=6, ['level']=84},
    [17813512] = {['id']=17813512, ['name']="IcebergMurex", ['index']=8, ['level']=84},
    [17813514] = {['id']=17813514, ['name']="IcebergMurex", ['index']=10, ['level']=85},
    [17813520] = {['id']=17813520, ['name']="IcebergMurex", ['index']=16, ['level']=85},
    [17813977] = {['id']=17813977, ['name']="ConfluxSurveyo", ['index']=473, ['level']=0},
    [17813978] = {['id']=17813978, ['name']="CruorProspecto", ['index']=474, ['level']=0},
    [17813979] = {['id']=17813979, ['name']="AtmaInfusionis", ['index']=475, ['level']=0},
    [17813980] = {['id']=17813980, ['name']="AtmaFabricant", ['index']=476, ['level']=0},
    [17814083] = {['id']=17814083, ['name']="DominionTactic", ['index']=579, ['level']=0},
    [17814105] = {['id']=17814105, ['name']="Polly", ['index']=601, ['level']=0},
    [17814113] = {['id']=17814113, ['name']="Rondipur", ['index']=609, ['level']=0},
    [17814118] = {['id']=17814118, ['name']="DheoNbolo", ['index']=614, ['level']=0},
    [17814119] = {['id']=17814119, ['name']="Pakke-Pokke", ['index']=615, ['level']=0},
    [17814120] = {['id']=17814120, ['name']="Magriffon", ['index']=616, ['level']=0},
    [17814121] = {['id']=17814121, ['name']="Zoriboh", ['index']=617, ['level']=0},
    [17814122] = {['id']=17814122, ['name']="Aulavia", ['index']=618, ['level']=0},
    [17814123] = {['id']=17814123, ['name']="Polikal-Ramikal", ['index']=619, ['level']=0},
    [17814124] = {['id']=17814124, ['name']="Ardea", ['index']=620, ['level']=0},
    [17814125] = {['id']=17814125, ['name']="Trion", ['index']=621, ['level']=0},
    [17814128] = {['id']=17814128, ['name']="Phairupegiont", ['index']=624, ['level']=0},
    [17814132] = {['id']=17814132, ['name']="Waylea", ['index']=628, ['level']=0},
    [17814157] = {['id']=17814157, ['name']="Michilca", ['index']=653, ['level']=0},
    [17814177] = {['id']=17814177, ['name']="MachineOutfitt", ['index']=673, ['level']=0},
