    [17318501] = {['id']=17318501, ['name']="ConfluxSurveyo", ['index']=613, ['level']=0},
    [17318502] = {['id']=17318502, ['name']="CruorProspecto", ['index']=614, ['level']=0},
    [17318503] = {['id']=17318503, ['name']="AtmaInfusionis", ['index']=615, ['level']=0},
    [17318504] = {['id']=17318504, ['name']="AtmaFabricant", ['index']=616, ['level']=0},
    [17318610] = {['id']=17318610, ['name']="Namonutice", ['index']=722, ['level']=0},
    [17318611] = {['id']=17318611, ['name']="Regine", ['index']=723, ['level']=0},
    [17318612] = {['id']=17318612, ['name']="Secodiand", ['index']=724, ['level']=0},
    [17318613] = {['id']=17318613, ['name']="Curilla", ['index']=725, ['level']=0},
    [17318614] = {['id']=17318614, ['name']="Danngogg", ['index']=726, ['level']=0},
    [17318617] = {['id']=17318617, ['name']="Simmie", ['index']=729, ['level']=0},
    [17318618] = {['id']=17318618, ['name']="Fulchia", ['index']=730, ['level']=0},
    [17318619] = {['id']=17318619, ['name']="Guilerme", ['index']=731, ['level']=0},
    [17318620] = {['id']=17318620, ['name']="Daveille", ['index']=732, ['level']=0},
    [17318621] = {['id']=17318621, ['name']="Louis", ['index']=733, ['level']=0},
    [17318622] = {['id']=17318622, ['name']="Callort", ['index']=734, ['level']=0},
    [17318645] = {['id']=17318645, ['name']="Amaura", ['index']=757, ['level']=0},
    [17318649] = {['id']=17318649, ['name']="MachineOutfitt", ['index']=761, ['level']=0},
    [17318130] = {['id']=17318130, ['name']="Gigadaphnia", ['index']=242, ['level']=80},
    [17318133] = {['id']=17318133, ['name']="Gigadaphnia", ['index']=245, ['level']=80},
    [17318134] = {['id']=17318134, ['name']="Gigadaphnia", ['index']=246, ['level']=79},
    [17318470] = {['id']=17318470, ['name']="Akash", ['index']=582, ['level']=79},
    [17318129] = {['id']=17318129, ['name']="Gigadaphnia", ['index']=241, ['level']=80},
    [17318132] = {['id']=17318132, ['name']="Gigadaphnia", ['index']=244, ['level']=79},
    [17318128] = {['id']=17318128, ['name']="Gigadaphnia", ['index']=240, ['level']=80},
    [17318125] = {['id']=17318125, ['name']="Gigadaphnia", ['index']=237, ['level']=80},
    [17318127] = {['id']=17318127, ['name']="Gigadaphnia", ['index']=239, ['level']=79},
    [17318131] = {['id']=17318131, ['name']="Gigadaphnia", ['index']=243, ['level']=79},
    [17318126] = {['id']=17318126, ['name']="Gigadaphnia", ['index']=238, ['level']=80},
    [17318124] = {['id']=17318124, ['name']="Gigadaphnia", ['index']=236, ['level']=79},
    [17318137] = {['id']=17318137, ['name']="EphemeralLimul", ['index']=249, ['level']=79},
    [17318122] = {['id']=17318122, ['name']="Gigadaphnia", ['index']=234, ['level']=80},
    [17318117] = {['id']=17318117, ['name']="Gigadaphnia", ['index']=229, ['level']=80},
    [17318123] = {['id']=17318123, ['name']="Gigadaphnia", ['index']=235, ['level']=80},
    [17318120] = {['id']=17318120, ['name']="Gigadaphnia", ['index']=232, ['level']=80},
    [17318118] = {['id']=17318118, ['name']="Gigadaphnia", ['index']=230, ['level']=79},
    [17318119] = {['id']=17318119, ['name']="Gigadaphnia", ['index']=231, ['level']=80},
    [17318135] = {['id']=17318135, ['name']="Gigadaphnia", ['index']=247, ['level']=79},
    [17318136] = {['id']=17318136, ['name']="Gigadaphnia", ['index']=248, ['level']=79},
    [17318121] = {['id']=17318121, ['name']="Gigadaphnia", ['index']=233, ['level']=79},
    [17318115] = {['id']=17318115, ['name']="Gigadaphnia", ['index']=227, ['level']=79},
    [17318112] = {['id']=17318112, ['name']="Gigadaphnia", ['index']=224, ['level']=80},
    [17318113] = {['id']=17318113, ['name']="Gigadaphnia", ['index']=225, ['level']=79},
    [17318111] = {['id']=17318111, ['name']="Gigadaphnia", ['index']=223, ['level']=80},
    [17318116] = {['id']=17318116, ['name']="Gigadaphnia", ['index']=228, ['level']=80},
    [17318114] = {['id']=17318114, ['name']="Gigadaphnia", ['index']=226, ['level']=80},
    [17318455] = {['id']=17318455, ['name']="Ovni", ['index']=567, ['level']=90},
