    [17670619] = {['id']=17670619, ['name']="ConfluxSurveyo", ['index']=475, ['level']=0},
    [17670620] = {['id']=17670620, ['name']="CruorProspecto", ['index']=476, ['level']=0},
    [17670621] = {['id']=17670621, ['name']="AtmaInfusionis", ['index']=477, ['level']=0},
    [17670622] = {['id']=17670622, ['name']="AtmaFabricant", ['index']=478, ['level']=0},
    [17670723] = {['id']=17670723, ['name']="DominionTactic", ['index']=579, ['level']=0},
    [17670742] = {['id']=17670742, ['name']="Moreno-Toeno", ['index']=598, ['level']=0},
    [17670743] = {['id']=17670743, ['name']="Nogelle", ['index']=599, ['level']=0},
    [17670764] = {['id']=17670764, ['name']="Ajido-Marujido", ['index']=620, ['level']=0},
    [17670765] = {['id']=17670765, ['name']="Honoi-Gomoi", ['index']=621, ['level']=0},
    [17670766] = {['id']=17670766, ['name']="SolaJaab", ['index']=622, ['level']=0},
    [17670767] = {['id']=17670767, ['name']="Taraihi-Perunhi", ['index']=623, ['level']=0},
    [17670768] = {['id']=17670768, ['name']="Maunadolace", ['index']=624, ['level']=0},
    [17670769] = {['id']=17670769, ['name']="Bonarpant", ['index']=625, ['level']=0},
    [17670770] = {['id']=17670770, ['name']="Rielle", ['index']=626, ['level']=0},
    [17670771] = {['id']=17670771, ['name']="Yuhito-Kubhito", ['index']=627, ['level']=0},
    [17670780] = {['id']=17670780, ['name']="MachineOutfitt", ['index']=636, ['level']=0},
    [17670466] = {['id']=17670466, ['name']="FearDearg", ['index']=322, ['level']=99},
    [17670467] = {['id']=17670467, ['name']="FearDearg", ['index']=323, ['level']=99},
    [17670470] = {['id']=17670470, ['name']="FearDearg", ['index']=326, ['level']=98},
    [17670469] = {['id']=17670469, ['name']="FearDearg", ['index']=325, ['level']=98},
    [17670465] = {['id']=17670465, ['name']="FearDearg", ['index']=321, ['level']=99},
    [17670449] = {['id']=17670449, ['name']="FearDearg", ['index']=305, ['level']=98},
    [17670447] = {['id']=17670447, ['name']="FearDearg", ['index']=303, ['level']=98},
    [17670471] = {['id']=17670471, ['name']="FearDearg", ['index']=327, ['level']=99},
    [17670468] = {['id']=17670468, ['name']="FearDearg", ['index']=324, ['level']=99},
    [17670458] = {['id']=17670458, ['name']="FearDearg", ['index']=314, ['level']=98},
    [17670450] = {['id']=17670450, ['name']="FearDearg", ['index']=306, ['level']=99},
    [17670461] = {['id']=17670461, ['name']="FearDearg", ['index']=317, ['level']=97},
    [17670462] = {['id']=17670462, ['name']="FearDearg", ['index']=318, ['level']=99},
    [17670445] = {['id']=17670445, ['name']="FearDearg", ['index']=301, ['level']=97},
    [17670446] = {['id']=17670446, ['name']="FearDearg", ['index']=302, ['level']=99},
    [17670464] = {['id']=17670464, ['name']="FearDearg", ['index']=320, ['level']=99},
    [17670459] = {['id']=17670459, ['name']="FearDearg", ['index']=315, ['level']=98},
    [17670460] = {['id']=17670460, ['name']="FearDearg", ['index']=316, ['level']=98},
    [17670452] = {['id']=17670452, ['name']="FearDearg", ['index']=308, ['level']=99},
    [17670463] = {['id']=17670463, ['name']="FearDearg", ['index']=319, ['level']=97},
    [17670456] = {['id']=17670456, ['name']="FearDearg", ['index']=312, ['level']=98},
    [17670455] = {['id']=17670455, ['name']="FearDearg", ['index']=311, ['level']=99},
    [17670454] = {['id']=17670454, ['name']="FearDearg", ['index']=310, ['level']=97},
    [17670453] = {['id']=17670453, ['name']="FearDearg", ['index']=309, ['level']=98},
    [17670457] = {['id']=17670457, ['name']="FearDearg", ['index']=313, ['level']=99},
    [17670451] = {['id']=17670451, ['name']="FearDearg", ['index']=307, ['level']=98},
    [17670448] = {['id']=17670448, ['name']="FearDearg", ['index']=304, ['level']=99},
    [17670444] = {['id']=17670444, ['name']="FearDearg", ['index']=300, ['level']=98},
    [17670564] = {['id']=17670564, ['name']="Cuijatender", ['index']=420, ['level']=105},
    [17670540] = {['id']=17670540, ['name']="SandSweeper", ['index']=396, ['level']=98},
    [17670619] = {['id']=17670619, ['name']="ConfluxSurveyo", ['index']=475, ['level']=0},
    [17670620] = {['id']=17670620, ['name']="CruorProspecto", ['index']=476, ['level']=0},
    [17670621] = {['id']=17670621, ['name']="AtmaInfusionis", ['index']=477, ['level']=0},
    [17670622] = {['id']=17670622, ['name']="AtmaFabricant", ['index']=478, ['level']=0},
    [17670723] = {['id']=17670723, ['name']="DominionTactic", ['index']=579, ['level']=0},
    [17670742] = {['id']=17670742, ['name']="Moreno-Toeno", ['index']=598, ['level']=0},
    [17670743] = {['id']=17670743, ['name']="Nogelle", ['index']=599, ['level']=0},
    [17670764] = {['id']=17670764, ['name']="Ajido-Marujido", ['index']=620, ['level']=0},
    [17670765] = {['id']=17670765, ['name']="Honoi-Gomoi", ['index']=621, ['level']=0},
    [17670766] = {['id']=17670766, ['name']="SolaJaab", ['index']=622, ['level']=0},
    [17670767] = {['id']=17670767, ['name']="Taraihi-Perunhi", ['index']=623, ['level']=0},
    [17670768] = {['id']=17670768, ['name']="Maunadolace", ['index']=624, ['level']=0},
    [17670769] = {['id']=17670769, ['name']="Bonarpant", ['index']=625, ['level']=0},
    [17670770] = {['id']=17670770, ['name']="Rielle", ['index']=626, ['level']=0},
    [17670771] = {['id']=17670771, ['name']="Yuhito-Kubhito", ['index']=627, ['level']=0},
    [17670780] = {['id']=17670780, ['name']="MachineOutfitt", ['index']=636, ['level']=0},
    [17670444] = {['id']=17670444, ['name']="FearDearg", ['index']=300, ['level']=83},
    [17670445] = {['id']=17670445, ['name']="FearDearg", ['index']=301, ['level']=83},
    [17670446] = {['id']=17670446, ['name']="FearDearg", ['index']=302, ['level']=83},
    [17670447] = {['id']=17670447, ['name']="FearDearg", ['index']=303, ['level']=83},
    [17670448] = {['id']=17670448, ['name']="FearDearg", ['index']=304, ['level']=82},
    [17670449] = {['id']=17670449, ['name']="FearDearg", ['index']=305, ['level']=83},
    [17670450] = {['id']=17670450, ['name']="FearDearg", ['index']=306, ['level']=83},
    [17670451] = {['id']=17670451, ['name']="FearDearg", ['index']=307, ['level']=83},
    [17670452] = {['id']=17670452, ['name']="FearDearg", ['index']=308, ['level']=83},
    [17670453] = {['id']=17670453, ['name']="FearDearg", ['index']=309, ['level']=83},
    [17670454] = {['id']=17670454, ['name']="FearDearg", ['index']=310, ['level']=82},
    [17670455] = {['id']=17670455, ['name']="FearDearg", ['index']=311, ['level']=83},
    [17670456] = {['id']=17670456, ['name']="FearDearg", ['index']=312, ['level']=82},
    [17670457] = {['id']=17670457, ['name']="FearDearg", ['index']=313, ['level']=83},
    [17670458] = {['id']=17670458, ['name']="FearDearg", ['index']=314, ['level']=82},
    [17670459] = {['id']=17670459, ['name']="FearDearg", ['index']=315, ['level']=82},
    [17670460] = {['id']=17670460, ['name']="FearDearg", ['index']=316, ['level']=83},
    [17670461] = {['id']=17670461, ['name']="FearDearg", ['index']=317, ['level']=83},
    [17670463] = {['id']=17670463, ['name']="FearDearg", ['index']=319, ['level']=82},
    [17670464] = {['id']=17670464, ['name']="FearDearg", ['index']=320, ['level']=82},
    [17670465] = {['id']=17670465, ['name']="FearDearg", ['index']=321, ['level']=82},
    [17670466] = {['id']=17670466, ['name']="FearDearg", ['index']=322, ['level']=83},
    [17670467] = {['id']=17670467, ['name']="FearDearg", ['index']=323, ['level']=82},
    [17670468] = {['id']=17670468, ['name']="FearDearg", ['index']=324, ['level']=82},
    [17670469] = {['id']=17670469, ['name']="FearDearg", ['index']=325, ['level']=83},
    [17670470] = {['id']=17670470, ['name']="FearDearg", ['index']=326, ['level']=83},
    [17670471] = {['id']=17670471, ['name']="FearDearg", ['index']=327, ['level']=83},
    [17670540] = {['id']=17670540, ['name']="SandSweeper", ['index']=396, ['level']=88},
    [17670564] = {['id']=17670564, ['name']="Cuijatender", ['index']=420, ['level']=100},
    [17670438] = {['id']=17670438, ['name']="BarrensTreant", ['index']=294, ['level']=83},
    [17670440] = {['id']=17670440, ['name']="BarrensTreant", ['index']=296, ['level']=83},
    [17670462] = {['id']=17670462, ['name']="FearDearg", ['index']=318, ['level']=82},
