    [17818109] = {['id']=17818109, ['name']="ConfluxSurveyo", ['index']=509, ['level']=0},
    [17818110] = {['id']=17818110, ['name']="CruorProspecto", ['index']=510, ['level']=0},
    [17818111] = {['id']=17818111, ['name']="AtmaInfusionis", ['index']=511, ['level']=0},
    [17818112] = {['id']=17818112, ['name']="AtmaFabricant", ['index']=512, ['level']=0},
    [17818215] = {['id']=17818215, ['name']="DominionTactic", ['index']=615, ['level']=0},
    [17818252] = {['id']=17818252, ['name']="Zeid", ['index']=652, ['level']=0},
    [17818253] = {['id']=17818253, ['name']="Tancredi", ['index']=653, ['level']=0},
    [17818258] = {['id']=17818258, ['name']="Malduc", ['index']=658, ['level']=0},
    [17818259] = {['id']=17818259, ['name']="Dulsie", ['index']=659, ['level']=0},
    [17818260] = {['id']=17818260, ['name']="Parnika", ['index']=660, ['level']=0},
    [17818261] = {['id']=17818261, ['name']="DeadlySpider", ['index']=661, ['level']=0},
    [17818262] = {['id']=17818262, ['name']="CryingWind", ['index']=662, ['level']=0},
    [17818273] = {['id']=17818273, ['name']="MachineOutfitt", ['index']=673, ['level']=0},
    [17817635] = {['id']=17817635, ['name']="PondAmoeban", ['index']=35, ['level']=84},
    [17817636] = {['id']=17817636, ['name']="PondAmoeban", ['index']=36, ['level']=85},
    [17817637] = {['id']=17817637, ['name']="PondAmoeban", ['index']=37, ['level']=84},
    [17817639] = {['id']=17817639, ['name']="PondAmoeban", ['index']=39, ['level']=85},
    [17817640] = {['id']=17817640, ['name']="PondAmoeban", ['index']=40, ['level']=85},
    [17817641] = {['id']=17817641, ['name']="PondAmoeban", ['index']=41, ['level']=84},
    [17817638] = {['id']=17817638, ['name']="PondAmoeban", ['index']=38, ['level']=84},
    [17817643] = {['id']=17817643, ['name']="PondAmoeban", ['index']=43, ['level']=84},
    [17817648] = {['id']=17817648, ['name']="PondAmoeban", ['index']=48, ['level']=84},
    [17817644] = {['id']=17817644, ['name']="PondAmoeban", ['index']=44, ['level']=84},
    [17817642] = {['id']=17817642, ['name']="PondAmoeban", ['index']=42, ['level']=84},
    [17817646] = {['id']=17817646, ['name']="PondAmoeban", ['index']=46, ['level']=84},
    [17817651] = {['id']=17817651, ['name']="PondAmoeban", ['index']=51, ['level']=84},
    [17817650] = {['id']=17817650, ['name']="PondAmoeban", ['index']=50, ['level']=84},
    [17817652] = {['id']=17817652, ['name']="PondAmoeban", ['index']=52, ['level']=84},
    [17817649] = {['id']=17817649, ['name']="PondAmoeban", ['index']=49, ['level']=85},
    [17817656] = {['id']=17817656, ['name']="HillockMurex", ['index']=56, ['level']=85},
    [17817657] = {['id']=17817657, ['name']="HillockMurex", ['index']=57, ['level']=85},
    [17817661] = {['id']=17817661, ['name']="HillockMurex", ['index']=61, ['level']=86},
    [17817662] = {['id']=17817662, ['name']="HillockMurex", ['index']=62, ['level']=85},
    [17817665] = {['id']=17817665, ['name']="HillockMurex", ['index']=65, ['level']=85},
    [17817658] = {['id']=17817658, ['name']="HillockMurex", ['index']=58, ['level']=85},
    [17817663] = {['id']=17817663, ['name']="HillockMurex", ['index']=63, ['level']=85},
    [17817666] = {['id']=17817666, ['name']="HillockMurex", ['index']=66, ['level']=84},
    [17817664] = {['id']=17817664, ['name']="HillockMurex", ['index']=64, ['level']=85},
    [17817659] = {['id']=17817659, ['name']="HillockMurex", ['index']=59, ['level']=84},
    [17817669] = {['id']=17817669, ['name']="HillockMurex", ['index']=69, ['level']=85},
    [17818226] = {['id']=17818226, ['name']="EightofHearts", ['index']=626, ['level']=0},
    [17818227] = {['id']=17818227, ['name']="Kororo", ['index']=627, ['level']=0},
    [17817670] = {['id']=17817670, ['name']="HillockMurex", ['index']=70, ['level']=85},
    [17817668] = {['id']=17817668, ['name']="HillockMurex", ['index']=68, ['level']=85},
    [17817671] = {['id']=17817671, ['name']="HillockMurex", ['index']=71, ['level']=84},
    [17817674] = {['id']=17817674, ['name']="HillockMurex", ['index']=74, ['level']=86},
    [17817675] = {['id']=17817675, ['name']="HillockMurex", ['index']=75, ['level']=86},
    [17817672] = {['id']=17817672, ['name']="HillockMurex", ['index']=72, ['level']=85},
    [17817673] = {['id']=17817673, ['name']="HillockMurex", ['index']=73, ['level']=85},
    [17817676] = {['id']=17817676, ['name']="HillockMurex", ['index']=76, ['level']=85},
    [17817678] = {['id']=17817678, ['name']="HillockMurex", ['index']=78, ['level']=84},
    [17817680] = {['id']=17817680, ['name']="HillockMurex", ['index']=80, ['level']=85},
    [17817677] = {['id']=17817677, ['name']="HillockMurex", ['index']=77, ['level']=84},
    [17817679] = {['id']=17817679, ['name']="HillockMurex", ['index']=79, ['level']=84},
    [17818241] = {['id']=17818241, ['name']="Kurou-Morou", ['index']=641, ['level']=0},
    [17817738] = {['id']=17817738, ['name']="GoblinPlundere", ['index']=138, ['level']=82},
    [17817740] = {['id']=17817740, ['name']="GoblinPlundere", ['index']=140, ['level']=82},
    [17817742] = {['id']=17817742, ['name']="GoblinPlundere", ['index']=142, ['level']=81},
    [17818064] = {['id']=17818064, ['name']="FleshflayerKil", ['index']=464, ['level']=105},
    [17817741] = {['id']=17817741, ['name']="GoblinPlundere", ['index']=141, ['level']=81},
    [17817739] = {['id']=17817739, ['name']="GoblinPlundere", ['index']=139, ['level']=82},
    [17817743] = {['id']=17817743, ['name']="GoblinPlundere", ['index']=143, ['level']=82},
    [17818074] = {['id']=17818074, ['name']="AirElemental", ['index']=474, ['level']=90},
    [17817746] = {['id']=17817746, ['name']="GoblinPlundere", ['index']=146, ['level']=81},
    [17817744] = {['id']=17817744, ['name']="GoblinPlundere", ['index']=144, ['level']=81},
    [17817769] = {['id']=17817769, ['name']="GoblinMeatgrin", ['index']=169, ['level']=83},
    [17817768] = {['id']=17817768, ['name']="GoblinMeatgrin", ['index']=168, ['level']=82},
    [17817767] = {['id']=17817767, ['name']="GoblinMeatgrin", ['index']=167, ['level']=83},
    [17817766] = {['id']=17817766, ['name']="GoblinMeatgrin", ['index']=166, ['level']=83},
    [17817765] = {['id']=17817765, ['name']="GoblinMeatgrin", ['index']=165, ['level']=83},
    [17817770] = {['id']=17817770, ['name']="GoblinMeatgrin", ['index']=170, ['level']=83},
    [17817772] = {['id']=17817772, ['name']="GoblinMeatgrin", ['index']=172, ['level']=83},
    [17817775] = {['id']=17817775, ['name']="GoblinMeatgrin", ['index']=175, ['level']=82},
    [17817777] = {['id']=17817777, ['name']="GoblinMeatgrin", ['index']=177, ['level']=83},
    [17817776] = {['id']=17817776, ['name']="GoblinMeatgrin", ['index']=176, ['level']=83},
    [17817781] = {['id']=17817781, ['name']="GoblinMeatgrin", ['index']=181, ['level']=83},
    [17817778] = {['id']=17817778, ['name']="GoblinMeatgrin", ['index']=178, ['level']=82},
    [17817782] = {['id']=17817782, ['name']="GoblinMeatgrin", ['index']=182, ['level']=82},
    [17817779] = {['id']=17817779, ['name']="GoblinMeatgrin", ['index']=179, ['level']=83},
    [17817780] = {['id']=17817780, ['name']="GoblinMeatgrin", ['index']=180, ['level']=82},
    [17817791] = {['id']=17817791, ['name']="FaunusWyvern", ['index']=191, ['level']=92},
    [17817789] = {['id']=17817789, ['name']="FaunusWyvern", ['index']=189, ['level']=92},
    [17817790] = {['id']=17817790, ['name']="FaunusWyvern", ['index']=190, ['level']=91},
    [17817793] = {['id']=17817793, ['name']="FaunusWyvern", ['index']=193, ['level']=91},
    [17817792] = {['id']=17817792, ['name']="FaunusWyvern", ['index']=192, ['level']=92},
    [17817795] = {['id']=17817795, ['name']="FaunusWyvern", ['index']=195, ['level']=92},
    [17817797] = {['id']=17817797, ['name']="FaunusWyvern", ['index']=197, ['level']=91},
    [17817802] = {['id']=17817802, ['name']="FaunusWyvern", ['index']=202, ['level']=92},
    [17817798] = {['id']=17817798, ['name']="FaunusWyvern", ['index']=198, ['level']=92},
    [17817794] = {['id']=17817794, ['name']="FaunusWyvern", ['index']=194, ['level']=92},
    [17817800] = {['id']=17817800, ['name']="FaunusWyvern", ['index']=200, ['level']=91},
    [17817801] = {['id']=17817801, ['name']="FaunusWyvern", ['index']=201, ['level']=92},
    [17817805] = {['id']=17817805, ['name']="PutridPeapuk", ['index']=205, ['level']=91},
    [17817806] = {['id']=17817806, ['name']="PutridPeapuk", ['index']=206, ['level']=92},
    [17817807] = {['id']=17817807, ['name']="PutridPeapuk", ['index']=207, ['level']=92},
    [17817808] = {['id']=17817808, ['name']="PutridPeapuk", ['index']=208, ['level']=92},
    [17817809] = {['id']=17817809, ['name']="PutridPeapuk", ['index']=209, ['level']=92},
    [17817821] = {['id']=17817821, ['name']="PutridPeapuk", ['index']=221, ['level']=91},
    [17817812] = {['id']=17817812, ['name']="PutridPeapuk", ['index']=212, ['level']=92},
    [17817804] = {['id']=17817804, ['name']="PutridPeapuk", ['index']=204, ['level']=92},
    [17818069] = {['id']=17818069, ['name']="Jaculus", ['index']=469, ['level']=100},
    [17817816] = {['id']=17817816, ['name']="PutridPeapuk", ['index']=216, ['level']=92},
    [17817818] = {['id']=17817818, ['name']="PutridPeapuk", ['index']=218, ['level']=92},
    [17817825] = {['id']=17817825, ['name']="GladeWivre", ['index']=225, ['level']=98},
    [17817824] = {['id']=17817824, ['name']="GladeWivre", ['index']=224, ['level']=99},
    [17817823] = {['id']=17817823, ['name']="GladeWivre", ['index']=223, ['level']=98},
    [17817827] = {['id']=17817827, ['name']="GladeWivre", ['index']=227, ['level']=98},
    [17817826] = {['id']=17817826, ['name']="GladeWivre", ['index']=226, ['level']=98},
    [17817830] = {['id']=17817830, ['name']="GladeWivre", ['index']=230, ['level']=99},
    [17817828] = {['id']=17817828, ['name']="GladeWivre", ['index']=228, ['level']=98},
    [17817829] = {['id']=17817829, ['name']="GladeWivre", ['index']=229, ['level']=98},
    [17817831] = {['id']=17817831, ['name']="GladeWivre", ['index']=231, ['level']=99},
    [17817837] = {['id']=17817837, ['name']="GladeWivre", ['index']=237, ['level']=99},
    [17817836] = {['id']=17817836, ['name']="GladeWivre", ['index']=236, ['level']=98},
    [17817832] = {['id']=17817832, ['name']="GladeWivre", ['index']=232, ['level']=99},
    [17817834] = {['id']=17817834, ['name']="GladeWivre", ['index']=234, ['level']=98},
    [17817952] = {['id']=17817952, ['name']="StygianDjinn", ['index']=352, ['level']=87},
    [17817953] = {['id']=17817953, ['name']="StygianDjinn", ['index']=353, ['level']=87},
    [17817955] = {['id']=17817955, ['name']="StygianDjinn", ['index']=355, ['level']=86},
    [17817954] = {['id']=17817954, ['name']="StygianDjinn", ['index']=354, ['level']=88},
    [17817956] = {['id']=17817956, ['name']="StygianDjinn", ['index']=356, ['level']=86},
    [17817959] = {['id']=17817959, ['name']="StygianDjinn", ['index']=359, ['level']=86},
    [17817962] = {['id']=17817962, ['name']="StygianDjinn", ['index']=362, ['level']=86},
    [17817958] = {['id']=17817958, ['name']="StygianDjinn", ['index']=358, ['level']=87},
    [17818065] = {['id']=17818065, ['name']="AssailerChario", ['index']=465, ['level']=100},
    [17817957] = {['id']=17817957, ['name']="StygianDjinn", ['index']=357, ['level']=86},
    [17817963] = {['id']=17817963, ['name']="StygianDjinn", ['index']=363, ['level']=86},
    [17817960] = {['id']=17817960, ['name']="StygianDjinn", ['index']=360, ['level']=86},
    [17817961] = {['id']=17817961, ['name']="StygianDjinn", ['index']=361, ['level']=86},
    [17818041] = {['id']=17818041, ['name']="IroncladSunder", ['index']=441, ['level']=98},
    [17818008] = {['id']=17818008, ['name']="SinisterSeidel", ['index']=408, ['level']=99},
    [17818009] = {['id']=17818009, ['name']="SinisterSeidel", ['index']=409, ['level']=96},
    [17818014] = {['id']=17818014, ['name']="SinisterSeidel", ['index']=414, ['level']=87},
    [17818015] = {['id']=17818015, ['name']="SinisterSeidel", ['index']=415, ['level']=87},
    [17818016] = {['id']=17818016, ['name']="SinisterSeidel", ['index']=416, ['level']=88},
    [17818017] = {['id']=17818017, ['name']="SinisterSeidel", ['index']=417, ['level']=88},
    [17818019] = {['id']=17818019, ['name']="SinisterSeidel", ['index']=419, ['level']=87},
    [17818020] = {['id']=17818020, ['name']="SinisterSeidel", ['index']=420, ['level']=88},
    [17818021] = {['id']=17818021, ['name']="SinisterSeidel", ['index']=421, ['level']=88},
    [17818000] = {['id']=17818000, ['name']="Monitor", ['index']=400, ['level']=86},
    [17818004] = {['id']=17818004, ['name']="Monitor", ['index']=404, ['level']=87},
    [17817999] = {['id']=17817999, ['name']="Monitor", ['index']=399, ['level']=87},
    [17818006] = {['id']=17818006, ['name']="Monitor", ['index']=406, ['level']=87},
    [17818001] = {['id']=17818001, ['name']="Monitor", ['index']=401, ['level']=86},
    [17818002] = {['id']=17818002, ['name']="Monitor", ['index']=402, ['level']=86},
    [17818003] = {['id']=17818003, ['name']="Monitor", ['index']=403, ['level']=86},
    [17818005] = {['id']=17818005, ['name']="Monitor", ['index']=405, ['level']=87},
    [17817987] = {['id']=17817987, ['name']="Monitor", ['index']=387, ['level']=86},
    [17818068] = {['id']=17818068, ['name']="RencounterChar", ['index']=468, ['level']=100},
    [17818071] = {['id']=17818071, ['name']="Gamayun", ['index']=471, ['level']=95},
    [17818027] = {['id']=17818027, ['name']="SinisterSeidel", ['index']=427, ['level']=99},
    [17818023] = {['id']=17818023, ['name']="SinisterSeidel", ['index']=423, ['level']=98},
    [17818010] = {['id']=17818010, ['name']="SinisterSeidel", ['index']=410, ['level']=88},
    [17818013] = {['id']=17818013, ['name']="SinisterSeidel", ['index']=413, ['level']=95},
    [17818012] = {['id']=17818012, ['name']="SinisterSeidel", ['index']=412, ['level']=99},
    [17818011] = {['id']=17818011, ['name']="SinisterSeidel", ['index']=411, ['level']=96},
    [17818034] = {['id']=17818034, ['name']="SinisterSeidel", ['index']=434, ['level']=99},
    [17818033] = {['id']=17818033, ['name']="SinisterSeidel", ['index']=433, ['level']=98},
    [17818045] = {['id']=17818045, ['name']="Teekesselchen", ['index']=445, ['level']=100},
    [17817913] = {['id']=17817913, ['name']="Seelie", ['index']=313, ['level']=83},
    [17817914] = {['id']=17817914, ['name']="Seelie", ['index']=314, ['level']=82},
    [17817915] = {['id']=17817915, ['name']="Seelie", ['index']=315, ['level']=83},
    [17817916] = {['id']=17817916, ['name']="Seelie", ['index']=316, ['level']=82},
    [17817917] = {['id']=17817917, ['name']="Seelie", ['index']=317, ['level']=82},
    [17817918] = {['id']=17817918, ['name']="Seelie", ['index']=318, ['level']=82},
    [17817923] = {['id']=17817923, ['name']="Seelie", ['index']=323, ['level']=83},
    [17817940] = {['id']=17817940, ['name']="Unseelie", ['index']=340, ['level']=83},
    [17817943] = {['id']=17817943, ['name']="Unseelie", ['index']=343, ['level']=83},
    [17817895] = {['id']=17817895, ['name']="KnollClionid", ['index']=295, ['level']=85},
    [17817906] = {['id']=17817906, ['name']="KnollClionid", ['index']=306, ['level']=85},
    [17817894] = {['id']=17817894, ['name']="KnollClionid", ['index']=294, ['level']=84},
    [17817897] = {['id']=17817897, ['name']="KnollClionid", ['index']=297, ['level']=85},
    [17817849] = {['id']=17817849, ['name']="Deimobugard", ['index']=249, ['level']=85},
    [17817848] = {['id']=17817848, ['name']="Deimobugard", ['index']=248, ['level']=86},
    [17818066] = {['id']=17818066, ['name']="Deelgeed", ['index']=466, ['level']=100},
    [17817852] = {['id']=17817852, ['name']="Deimobugard", ['index']=252, ['level']=85},
    [17817850] = {['id']=17817850, ['name']="Deimobugard", ['index']=250, ['level']=85},
    [17817851] = {['id']=17817851, ['name']="Deimobugard", ['index']=251, ['level']=85},
    [17817870] = {['id']=17817870, ['name']="Sensenmann", ['index']=270, ['level']=84},
    [17817871] = {['id']=17817871, ['name']="Sensenmann", ['index']=271, ['level']=83},
    [17817872] = {['id']=17817872, ['name']="Sensenmann", ['index']=272, ['level']=83},
    [17817873] = {['id']=17817873, ['name']="Sensenmann", ['index']=273, ['level']=83},
    [17817874] = {['id']=17817874, ['name']="Sensenmann", ['index']=274, ['level']=83},
    [17817875] = {['id']=17817875, ['name']="Sensenmann", ['index']=275, ['level']=84},
    [17817876] = {['id']=17817876, ['name']="Sensenmann", ['index']=276, ['level']=84},
    [17817877] = {['id']=17817877, ['name']="Sensenmann", ['index']=277, ['level']=83},
    [17817879] = {['id']=17817879, ['name']="Sensenmann", ['index']=279, ['level']=83},
    [17817881] = {['id']=17817881, ['name']="Sensenmann", ['index']=281, ['level']=84},
    [17817882] = {['id']=17817882, ['name']="Sensenmann", ['index']=282, ['level']=84},
    [17817883] = {['id']=17817883, ['name']="Sensenmann", ['index']=283, ['level']=83},
    [17817878] = {['id']=17817878, ['name']="Sensenmann", ['index']=278, ['level']=83},
    [17817865] = {['id']=17817865, ['name']="Sensenmann", ['index']=265, ['level']=83},
    [17817869] = {['id']=17817869, ['name']="Sensenmann", ['index']=269, ['level']=84},
    [17817857] = {['id']=17817857, ['name']="Sensenmann", ['index']=257, ['level']=83},
    [17817861] = {['id']=17817861, ['name']="Sensenmann", ['index']=261, ['level']=83},
    [17817858] = {['id']=17817858, ['name']="Sensenmann", ['index']=258, ['level']=83},
    [17817855] = {['id']=17817855, ['name']="Sensenmann", ['index']=255, ['level']=84},
    [17817856] = {['id']=17817856, ['name']="Sensenmann", ['index']=256, ['level']=83},
    [17817854] = {['id']=17817854, ['name']="Sensenmann", ['index']=254, ['level']=84},
    [17817860] = {['id']=17817860, ['name']="Sensenmann", ['index']=260, ['level']=83},
    [17817846] = {['id']=17817846, ['name']="Deimobugard", ['index']=246, ['level']=86},
    [17817847] = {['id']=17817847, ['name']="Deimobugard", ['index']=247, ['level']=86},
    [17817843] = {['id']=17817843, ['name']="Deimobugard", ['index']=243, ['level']=85},
    [17817844] = {['id']=17817844, ['name']="Deimobugard", ['index']=244, ['level']=85},
    [17817845] = {['id']=17817845, ['name']="Deimobugard", ['index']=245, ['level']=86},
    [17817839] = {['id']=17817839, ['name']="Deimobugard", ['index']=239, ['level']=85},
    [17817841] = {['id']=17817841, ['name']="Deimobugard", ['index']=241, ['level']=85},
    [17817840] = {['id']=17817840, ['name']="Deimobugard", ['index']=240, ['level']=86},
    [17817842] = {['id']=17817842, ['name']="Deimobugard", ['index']=242, ['level']=86},
    [17818236] = {['id']=17818236, ['name']="Rukususu", ['index']=636, ['level']=0},
    [17818250] = {['id']=17818250, ['name']="Tosuka-Porika", ['index']=650, ['level']=0},
    [17818251] = {['id']=17818251, ['name']="Maabu-Sonbu", ['index']=651, ['level']=0},
    [17818272] = {['id']=17818272, ['name']="DominionSergea", ['index']=672, ['level']=0},
    [17817695] = {['id']=17817695, ['name']="GlenCrab", ['index']=95, ['level']=99},
    [17817705] = {['id']=17817705, ['name']="GlenCrab", ['index']=105, ['level']=99},
    [17817691] = {['id']=17817691, ['name']="GlenCrab", ['index']=91, ['level']=98},
    [17817699] = {['id']=17817699, ['name']="GlenCrab", ['index']=99, ['level']=98},
    [17817681] = {['id']=17817681, ['name']="GlenCrab", ['index']=81, ['level']=98},
    [17817707] = {['id']=17817707, ['name']="Gefyrst", ['index']=107, ['level']=89},
    [17817689] = {['id']=17817689, ['name']="GlenCrab", ['index']=89, ['level']=98},
    [17817682] = {['id']=17817682, ['name']="GlenCrab", ['index']=82, ['level']=99},
    [17817684] = {['id']=17817684, ['name']="GlenCrab", ['index']=84, ['level']=98},
    [17817685] = {['id']=17817685, ['name']="GlenCrab", ['index']=85, ['level']=99},
    [17817683] = {['id']=17817683, ['name']="GlenCrab", ['index']=83, ['level']=99},
    [17817692] = {['id']=17817692, ['name']="GlenCrab", ['index']=92, ['level']=98},
    [17817693] = {['id']=17817693, ['name']="GlenCrab", ['index']=93, ['level']=99},
    [17817686] = {['id']=17817686, ['name']="GlenCrab", ['index']=86, ['level']=99},
    [17818246] = {['id']=17818246, ['name']="Cornelia", ['index']=646, ['level']=0},
    [17818247] = {['id']=17818247, ['name']="Lucius", ['index']=647, ['level']=0},
    [17818271] = {['id']=17818271, ['name']="DominionSergea", ['index']=671, ['level']=0},
    [17817660] = {['id']=17817660, ['name']="HillockMurex", ['index']=60, ['level']=85},
    [17817750] = {['id']=17817750, ['name']="GoblinPlundere", ['index']=150, ['level']=81},
    [17817745] = {['id']=17817745, ['name']="GoblinPlundere", ['index']=145, ['level']=81},
    [17817774] = {['id']=17817774, ['name']="GoblinMeatgrin", ['index']=174, ['level']=82},
    [17817773] = {['id']=17817773, ['name']="GoblinMeatgrin", ['index']=173, ['level']=82},
    [17817783] = {['id']=17817783, ['name']="GoblinMeatgrin", ['index']=183, ['level']=83},
    [17817786] = {['id']=17817786, ['name']="GoblinMeatgrin", ['index']=186, ['level']=83},
    [17817785] = {['id']=17817785, ['name']="GoblinMeatgrin", ['index']=185, ['level']=82},
    [17817796] = {['id']=17817796, ['name']="FaunusWyvern", ['index']=196, ['level']=92},
    [17817799] = {['id']=17817799, ['name']="FaunusWyvern", ['index']=199, ['level']=91},
    [17817810] = {['id']=17817810, ['name']="PutridPeapuk", ['index']=210, ['level']=94},
    [17817811] = {['id']=17817811, ['name']="PutridPeapuk", ['index']=211, ['level']=95},
    [17817814] = {['id']=17817814, ['name']="PutridPeapuk", ['index']=214, ['level']=95},
    [17817815] = {['id']=17817815, ['name']="PutridPeapuk", ['index']=215, ['level']=95},
    [17817813] = {['id']=17817813, ['name']="PutridPeapuk", ['index']=213, ['level']=95},
    [17817820] = {['id']=17817820, ['name']="PutridPeapuk", ['index']=220, ['level']=94},
    [17817835] = {['id']=17817835, ['name']="GladeWivre", ['index']=235, ['level']=98},
    [17817833] = {['id']=17817833, ['name']="GladeWivre", ['index']=233, ['level']=98},
    [17817965] = {['id']=17817965, ['name']="StygianDjinn", ['index']=365, ['level']=86},
    [17817966] = {['id']=17817966, ['name']="StygianDjinn", ['index']=366, ['level']=87},
    [17817969] = {['id']=17817969, ['name']="StygianDjinn", ['index']=369, ['level']=86},
    [17817968] = {['id']=17817968, ['name']="StygianDjinn", ['index']=368, ['level']=87},
    [17817964] = {['id']=17817964, ['name']="StygianDjinn", ['index']=364, ['level']=87},
    [17817967] = {['id']=17817967, ['name']="StygianDjinn", ['index']=367, ['level']=87},
    [17817971] = {['id']=17817971, ['name']="StygianDjinn", ['index']=371, ['level']=87},
    [17817973] = {['id']=17817973, ['name']="StygianDjinn", ['index']=373, ['level']=86},
    [17817970] = {['id']=17817970, ['name']="StygianDjinn", ['index']=370, ['level']=86},
    [17817972] = {['id']=17817972, ['name']="StygianDjinn", ['index']=372, ['level']=87},
    [17817974] = {['id']=17817974, ['name']="StygianDjinn", ['index']=374, ['level']=87},
    [17818240] = {['id']=17818240, ['name']="Brugaire", ['index']=640, ['level']=0},
    [17818270] = {['id']=17818270, ['name']="DominionSergea", ['index']=670, ['level']=0},
    [17818249] = {['id']=17818249, ['name']="Pherimociel", ['index']=649, ['level']=0},
    [17818230] = {['id']=17818230, ['name']="Ranpi-Monpi", ['index']=630, ['level']=0},
    [17818248] = {['id']=17818248, ['name']="Wolfgang", ['index']=648, ['level']=0},
    [17817990] = {['id']=17817990, ['name']="Monitor", ['index']=390, ['level']=87},
    [17817984] = {['id']=17817984, ['name']="Monitor", ['index']=384, ['level']=86},
    [17817988] = {['id']=17817988, ['name']="Monitor", ['index']=388, ['level']=86},
    [17817986] = {['id']=17817986, ['name']="Monitor", ['index']=386, ['level']=86},
    [17817989] = {['id']=17817989, ['name']="Monitor", ['index']=389, ['level']=87},
    [17817985] = {['id']=17817985, ['name']="Monitor", ['index']=385, ['level']=86},
    [17817978] = {['id']=17817978, ['name']="Monitor", ['index']=378, ['level']=86},
    [17817981] = {['id']=17817981, ['name']="Monitor", ['index']=381, ['level']=86},
    [17817977] = {['id']=17817977, ['name']="Monitor", ['index']=377, ['level']=87},
    [17817983] = {['id']=17817983, ['name']="Monitor", ['index']=383, ['level']=86},
    [17817993] = {['id']=17817993, ['name']="Monitor", ['index']=393, ['level']=86},
    [17817976] = {['id']=17817976, ['name']="Monitor", ['index']=376, ['level']=86},
    [17817979] = {['id']=17817979, ['name']="Monitor", ['index']=379, ['level']=87},
    [17817991] = {['id']=17817991, ['name']="Monitor", ['index']=391, ['level']=86},
    [17818026] = {['id']=17818026, ['name']="SinisterSeidel", ['index']=426, ['level']=99},
    [17818018] = {['id']=17818018, ['name']="SinisterSeidel", ['index']=418, ['level']=87},
    [17818029] = {['id']=17818029, ['name']="SinisterSeidel", ['index']=429, ['level']=99},
    [17818022] = {['id']=17818022, ['name']="SinisterSeidel", ['index']=422, ['level']=98},
    [17818028] = {['id']=17818028, ['name']="SinisterSeidel", ['index']=428, ['level']=99},
    [17818025] = {['id']=17818025, ['name']="SinisterSeidel", ['index']=425, ['level']=99},
    [17818024] = {['id']=17818024, ['name']="SinisterSeidel", ['index']=424, ['level']=98},
    [17818070] = {['id']=17818070, ['name']="Maere", ['index']=470, ['level']=100},
    [17818035] = {['id']=17818035, ['name']="SinisterSeidel", ['index']=435, ['level']=98},
    [17818030] = {['id']=17818030, ['name']="SinisterSeidel", ['index']=430, ['level']=99},
    [17818031] = {['id']=17818031, ['name']="SinisterSeidel", ['index']=431, ['level']=98},
    [17818032] = {['id']=17818032, ['name']="SinisterSeidel", ['index']=432, ['level']=99},
