    [16982088] = {['id']=16982088, ['name']="Gavrie", ['index']=72, ['level']=0},
    [16982089] = {['id']=16982089, ['name']="Malfud", ['index']=73, ['level']=0},
    [16982090] = {['id']=16982090, ['name']="Rubahah", ['index']=74, ['level']=0},
    [16982091] = {['id']=16982091, ['name']="Mulnith", ['index']=75, ['level']=0},
    [16982105] = {['id']=16982105, ['name']="Milazahn", ['index']=89, ['level']=0},
    [16982106] = {['id']=16982106, ['name']="Musdahl", ['index']=90, ['level']=0},
    [16982113] = {['id']=16982113, ['name']="Eunheem", ['index']=97, ['level']=0},
    [16982117] = {['id']=16982117, ['name']="Ugrihd", ['index']=101, ['level']=0},
    [16982124] = {['id']=16982124, ['name']="Zyfhil", ['index']=108, ['level']=0},
    [16982125] = {['id']=16982125, ['name']="Petrino", ['index']=109, ['level']=0},
    [16982126] = {['id']=16982126, ['name']="Tafeesa", ['index']=110, ['level']=0},
    [16982127] = {['id']=16982127, ['name']="Talwahn", ['index']=111, ['level']=0},
    [16982128] = {['id']=16982128, ['name']="Hamnahb", ['index']=112, ['level']=0},
    [16982129] = {['id']=16982129, ['name']="Bujahwa", ['index']=113, ['level']=0},
    [16982123] = {['id']=16982123, ['name']="Koyol-Futenol", ['index']=107, ['level']=0},
    [16982134] = {['id']=16982134, ['name']="KubheIjyuhla", ['index']=118, ['level']=0},
    [16982135] = {['id']=16982135, ['name']="TohkaTelposkha", ['index']=119, ['level']=0},
    [16982137] = {['id']=16982137, ['name']="Rodin-Comidin", ['index']=121, ['level']=0},
    [16982139] = {['id']=16982139, ['name']="Rujen-Gorgen", ['index']=123, ['level']=0},
    [16982140] = {['id']=16982140, ['name']="Zaranf", ['index']=124, ['level']=0},
    [16982144] = {['id']=16982144, ['name']="Ubahrid", ['index']=128, ['level']=0},
    [16982153] = {['id']=16982153, ['name']="Shajaf", ['index']=137, ['level']=0},
    [16982154] = {['id']=16982154, ['name']="NadeePeriyaha", ['index']=138, ['level']=0},
    [16982162] = {['id']=16982162, ['name']="Abda-Lurabda", ['index']=146, ['level']=0},
    [16982163] = {['id']=16982163, ['name']="Tateeya", ['index']=147, ['level']=0},
    [16982260] = {['id']=16982260, ['name']="Prillaure", ['index']=244, ['level']=0},
    [16982270] = {['id']=16982270, ['name']="Fochacha", ['index']=254, ['level']=0},
    [16982112] = {['id']=16982112, ['name']="Kalimahf", ['index']=96, ['level']=0},
    [16982104] = {['id']=16982104, ['name']="Maudaal", ['index']=88, ['level']=0},
    [16982292] = {['id']=16982292, ['name']="Dkhaaya", ['index']=276, ['level']=0},
    [16982302] = {['id']=16982302, ['name']="Lathuya", ['index']=286, ['level']=0},
    [16982316] = {['id']=16982316, ['name']="Zabahf", ['index']=300, ['level']=0},
    [16982317] = {['id']=16982317, ['name']="Mhasbaf", ['index']=301, ['level']=0},
    [16982318] = {['id']=16982318, ['name']="Matifa", ['index']=302, ['level']=0},
    [16982319] = {['id']=16982319, ['name']="TehfKimasnahya", ['index']=303, ['level']=0},
    [16982331] = {['id']=16982331, ['name']="DhimaPolevhia", ['index']=315, ['level']=0},
    [16982446] = {['id']=16982446, ['name']="Mishhar", ['index']=430, ['level']=0},
    [16982457] = {['id']=16982457, ['name']="Asrahd", ['index']=441, ['level']=0},
    [16982459] = {['id']=16982459, ['name']="Sajaaya", ['index']=443, ['level']=0},
    [16982460] = {['id']=16982460, ['name']="Hajawaa", ['index']=444, ['level']=0},
    [16982461] = {['id']=16982461, ['name']="Jarafah", ['index']=445, ['level']=0},
    [16982463] = {['id']=16982463, ['name']="TsihKolgimih", ['index']=447, ['level']=0},
    [16982568] = {['id']=16982568, ['name']="Sanraku", ['index']=552, ['level']=0},
    [16982569] = {['id']=16982569, ['name']="Ryo", ['index']=553, ['level']=0},
    [16982636] = {['id']=16982636, ['name']="VoidwatchPurve", ['index']=620, ['level']=0},
    [16982641] = {['id']=16982641, ['name']="LinkshellConci", ['index']=625, ['level']=0},
    [16982032] = {['id']=16982032, ['name']="Tazhaal", ['index']=16, ['level']=0},
    [16982033] = {['id']=16982033, ['name']="Zarfhid", ['index']=17, ['level']=0},
    [16982036] = {['id']=16982036, ['name']="BurnishedBones", ['index']=20, ['level']=0},
    [16982037] = {['id']=16982037, ['name']="EsotericHound", ['index']=21, ['level']=0},
    [16982041] = {['id']=16982041, ['name']="BayaHiramayuh", ['index']=25, ['level']=0},
    [16982043] = {['id']=16982043, ['name']="MujiTsalahn", ['index']=27, ['level']=0},
    [16982047] = {['id']=16982047, ['name']="Zhamwaa", ['index']=31, ['level']=0},
    [16982069] = {['id']=16982069, ['name']="Sharin-Garin", ['index']=53, ['level']=0},
    [16982087] = {['id']=16982087, ['name']="Riyadahf", ['index']=71, ['level']=0},
    [16982088] = {['id']=16982088, ['name']="Gavrie", ['index']=72, ['level']=0},
    [16982089] = {['id']=16982089, ['name']="Malfud", ['index']=73, ['level']=0},
    [16982090] = {['id']=16982090, ['name']="Rubahah", ['index']=74, ['level']=0},
    [16982091] = {['id']=16982091, ['name']="Mulnith", ['index']=75, ['level']=0},
    [16982094] = {['id']=16982094, ['name']="KulhAmariyo", ['index']=78, ['level']=0},
    [16982095] = {['id']=16982095, ['name']="KhafJhifanm", ['index']=79, ['level']=0},
    [16982101] = {['id']=16982101, ['name']="Wahnid", ['index']=85, ['level']=0},
    [16982105] = {['id']=16982105, ['name']="Milazahn", ['index']=89, ['level']=0},
    [16982106] = {['id']=16982106, ['name']="Musdahl", ['index']=90, ['level']=0},
    [16982107] = {['id']=16982107, ['name']="Jumaaf", ['index']=91, ['level']=0},
    [16982108] = {['id']=16982108, ['name']="Qahzwin", ['index']=92, ['level']=0},
    [16982109] = {['id']=16982109, ['name']="Kabihyam", ['index']=93, ['level']=0},
    [16982110] = {['id']=16982110, ['name']="Arzizah", ['index']=94, ['level']=0},
    [16982111] = {['id']=16982111, ['name']="Mafwahb", ['index']=95, ['level']=0},
    [16982113] = {['id']=16982113, ['name']="Eunheem", ['index']=97, ['level']=0},
    [16982115] = {['id']=16982115, ['name']="Zwinam", ['index']=99, ['level']=0},
    [16982117] = {['id']=16982117, ['name']="Ugrihd", ['index']=101, ['level']=0},
    [16982118] = {['id']=16982118, ['name']="Kaduru-Haiduru", ['index']=102, ['level']=0},
    [16982122] = {['id']=16982122, ['name']="KemhaFlasehp", ['index']=106, ['level']=0},
    [16982123] = {['id']=16982123, ['name']="Koyol-Futenol", ['index']=107, ['level']=0},
    [16982124] = {['id']=16982124, ['name']="Zyfhil", ['index']=108, ['level']=0},
    [16982125] = {['id']=16982125, ['name']="Petrino", ['index']=109, ['level']=0},
    [16982126] = {['id']=16982126, ['name']="Tafeesa", ['index']=110, ['level']=0},
    [16982127] = {['id']=16982127, ['name']="Talwahn", ['index']=111, ['level']=0},
    [16982128] = {['id']=16982128, ['name']="Hamnahb", ['index']=112, ['level']=0},
    [16982129] = {['id']=16982129, ['name']="Bujahwa", ['index']=113, ['level']=0},
    [16982132] = {['id']=16982132, ['name']="Nonoroon", ['index']=116, ['level']=0},
    [16982134] = {['id']=16982134, ['name']="KubheIjyuhla", ['index']=118, ['level']=0},
    [16982135] = {['id']=16982135, ['name']="TohkaTelposkha", ['index']=119, ['level']=0},
    [16982137] = {['id']=16982137, ['name']="Rodin-Comidin", ['index']=121, ['level']=0},
    [16982139] = {['id']=16982139, ['name']="Rujen-Gorgen", ['index']=123, ['level']=0},
    [16982140] = {['id']=16982140, ['name']="Zaranf", ['index']=124, ['level']=0},
    [16982141] = {['id']=16982141, ['name']="Kelsha-Melansha", ['index']=125, ['level']=0},
    [16982143] = {['id']=16982143, ['name']="Teteroon", ['index']=127, ['level']=0},
    [16982144] = {['id']=16982144, ['name']="Ubahrid", ['index']=128, ['level']=0},
    [16982147] = {['id']=16982147, ['name']="Amajal", ['index']=131, ['level']=0},
    [16982138] = {['id']=16982138, ['name']="Hajaom", ['index']=122, ['level']=0},
    [16982153] = {['id']=16982153, ['name']="Shajaf", ['index']=137, ['level']=0},
    [16982154] = {['id']=16982154, ['name']="NadeePeriyaha", ['index']=138, ['level']=0},
    [16982156] = {['id']=16982156, ['name']="NajaSalaheem", ['index']=140, ['level']=0},
    [16982157] = {['id']=16982157, ['name']="Abquhbah", ['index']=141, ['level']=0},
    [16982162] = {['id']=16982162, ['name']="Abda-Lurabda", ['index']=146, ['level']=0},
    [16982163] = {['id']=16982163, ['name']="Tateeya", ['index']=147, ['level']=0},
    [16982171] = {['id']=16982171, ['name']="Rytaal", ['index']=155, ['level']=0},
    [16982172] = {['id']=16982172, ['name']="Kantila", ['index']=156, ['level']=0},
    [16982173] = {['id']=16982173, ['name']="Qulsun", ['index']=157, ['level']=0},
    [16982174] = {['id']=16982174, ['name']="Yahsra", ['index']=158, ['level']=0},
    [16982175] = {['id']=16982175, ['name']="Isdebaaq", ['index']=159, ['level']=0},
    [16982176] = {['id']=16982176, ['name']="Famad", ['index']=160, ['level']=0},
    [16982177] = {['id']=16982177, ['name']="Lageegee", ['index']=161, ['level']=0},
    [16982178] = {['id']=16982178, ['name']="BhoyYhupplo", ['index']=162, ['level']=0},
    [16982179] = {['id']=16982179, ['name']="SorrowfulSage", ['index']=163, ['level']=0},
    [16982180] = {['id']=16982180, ['name']="Berangere", ['index']=164, ['level']=0},
    [16982252] = {['id']=16982252, ['name']="Cacaroon", ['index']=236, ['level']=0},
    [16982257] = {['id']=16982257, ['name']="Nadeey", ['index']=241, ['level']=0},
    [16982258] = {['id']=16982258, ['name']="Kuhmden", ['index']=242, ['level']=0},
    [16982259] = {['id']=16982259, ['name']="Ugahar", ['index']=243, ['level']=0},
    [16982270] = {['id']=16982270, ['name']="Fochacha", ['index']=254, ['level']=0},
    [16982276] = {['id']=16982276, ['name']="Wazyih", ['index']=260, ['level']=0},
    [16982292] = {['id']=16982292, ['name']="Dkhaaya", ['index']=276, ['level']=0},
    [16982293] = {['id']=16982293, ['name']="AhkkJharcham", ['index']=277, ['level']=0},
    [16982297] = {['id']=16982297, ['name']="Waoud", ['index']=281, ['level']=0},
    [16982302] = {['id']=16982302, ['name']="Lathuya", ['index']=286, ['level']=0},
    [16982309] = {['id']=16982309, ['name']="Zasshal", ['index']=293, ['level']=0},
    [16982312] = {['id']=16982312, ['name']="Hadahda", ['index']=296, ['level']=0},
    [16982313] = {['id']=16982313, ['name']="Mushayra", ['index']=297, ['level']=0},
    [16982316] = {['id']=16982316, ['name']="Zabahf", ['index']=300, ['level']=0},
    [16982317] = {['id']=16982317, ['name']="Mhasbaf", ['index']=301, ['level']=0},
    [16982318] = {['id']=16982318, ['name']="Matifa", ['index']=302, ['level']=0},
    [16982319] = {['id']=16982319, ['name']="TehfKimasnahya", ['index']=303, ['level']=0},
    [16982325] = {['id']=16982325, ['name']="Iruki-Waraki", ['index']=309, ['level']=0},
    [16982331] = {['id']=16982331, ['name']="DhimaPolevhia", ['index']=315, ['level']=0},
    [16982338] = {['id']=16982338, ['name']="Hishahma", ['index']=322, ['level']=0},
    [16982354] = {['id']=16982354, ['name']="Ghanraam", ['index']=338, ['level']=0},
    [16982446] = {['id']=16982446, ['name']="Mishhar", ['index']=430, ['level']=0},
    [16982455] = {['id']=16982455, ['name']="Fubruhn", ['index']=439, ['level']=0},
    [16982457] = {['id']=16982457, ['name']="Asrahd", ['index']=441, ['level']=0},
    [16982459] = {['id']=16982459, ['name']="Sajaaya", ['index']=443, ['level']=0},
    [16982460] = {['id']=16982460, ['name']="Hajawaa", ['index']=444, ['level']=0},
    [16982461] = {['id']=16982461, ['name']="Jarafah", ['index']=445, ['level']=0},
    [16982462] = {['id']=16982462, ['name']="Pursuivant", ['index']=446, ['level']=0},
    [16982538] = {['id']=16982538, ['name']="Hugo", ['index']=522, ['level']=0},
    [16982568] = {['id']=16982568, ['name']="Sanraku", ['index']=552, ['level']=0},
    [16982569] = {['id']=16982569, ['name']="Ryo", ['index']=553, ['level']=0},
    [16982632] = {['id']=16982632, ['name']="PorterMoogle", ['index']=616, ['level']=0},
    [16982636] = {['id']=16982636, ['name']="VoidwatchPurve", ['index']=620, ['level']=0},
    [16982637] = {['id']=16982637, ['name']="MrohkSahjuuli", ['index']=621, ['level']=0},
    [16982639] = {['id']=16982639, ['name']="Wondrix", ['index']=623, ['level']=0},
    [16982641] = {['id']=16982641, ['name']="LinkshellConci", ['index']=625, ['level']=0},
    [16982644] = {['id']=16982644, ['name']="SurvivalGuide", ['index']=628, ['level']=0},
    [16982097] = {['id']=16982097, ['name']="Bajahb", ['index']=81, ['level']=0},
    [16982096] = {['id']=16982096, ['name']="Hagakoff", ['index']=80, ['level']=0},
    [16982254] = {['id']=16982254, ['name']="Sashosho", ['index']=238, ['level']=0},
    [16982149] = {['id']=16982149, ['name']="Kamnahb", ['index']=133, ['level']=0},
    [16982148] = {['id']=16982148, ['name']="Hashayra", ['index']=132, ['level']=0},
    [16982339] = {['id']=16982339, ['name']="Dabhuh", ['index']=323, ['level']=0},
    [16982253] = {['id']=16982253, ['name']="Giehnz", ['index']=237, ['level']=0},
    [16982274] = {['id']=16982274, ['name']="Ulamaal", ['index']=258, ['level']=0},
    [16982364] = {['id']=16982364, ['name']="Fari-Wari", ['index']=348, ['level']=0},
    [16982273] = {['id']=16982273, ['name']="Qutiba", ['index']=257, ['level']=0},
    [16982264] = {['id']=16982264, ['name']="Ratihb", ['index']=248, ['level']=0},
    [16982142] = {['id']=16982142, ['name']="Halbeeya", ['index']=126, ['level']=0},
    [16982146] = {['id']=16982146, ['name']="Zubyahn", ['index']=130, ['level']=0},
    [16982100] = {['id']=16982100, ['name']="Yafaaf", ['index']=84, ['level']=0},
    [16982099] = {['id']=16982099, ['name']="Fayeewah", ['index']=83, ['level']=0},
    [16982566] = {['id']=16982566, ['name']="", ['index']=550, ['level']=0},
    [16982104] = {['id']=16982104, ['name']="Maudaal", ['index']=88, ['level']=0},
    [16982112] = {['id']=16982112, ['name']="Kalimahf", ['index']=96, ['level']=0},
    [16982260] = {['id']=16982260, ['name']="Prillaure", ['index']=244, ['level']=0},
    [16982463] = {['id']=16982463, ['name']="TsihKolgimih", ['index']=447, ['level']=0},
    [16982145] = {['id']=16982145, ['name']="Nijaom", ['index']=129, ['level']=0},
    [16982275] = {['id']=16982275, ['name']="Saliyahf", ['index']=259, ['level']=0},
    [16982098] = {['id']=16982098, ['name']="Mazween", ['index']=82, ['level']=0},
    [16982150] = {['id']=16982150, ['name']="Drahbah", ['index']=134, ['level']=0},
    [16982261] = {['id']=16982261, ['name']="Ahaadah", ['index']=245, ['level']=0},
    [16982114] = {['id']=16982114, ['name']="Sajahb", ['index']=98, ['level']=0},
    [16982130] = {['id']=16982130, ['name']="Galzweesh", ['index']=114, ['level']=0},
    [16982314] = {['id']=16982314, ['name']="EkhuPesshyadha", ['index']=298, ['level']=0},
    [16982102] = {['id']=16982102, ['name']="Gathweeda", ['index']=86, ['level']=0},
    [16982103] = {['id']=16982103, ['name']="Wahraga", ['index']=87, ['level']=0},
    [16982119] = {['id']=16982119, ['name']="Sulbahn", ['index']=103, ['level']=0},
    [16982120] = {['id']=16982120, ['name']="Hadayah", ['index']=104, ['level']=0},
    [16982121] = {['id']=16982121, ['name']="Shahau", ['index']=105, ['level']=0},
    [16982133] = {['id']=16982133, ['name']="Nafiwaa", ['index']=117, ['level']=0},
    [16982152] = {['id']=16982152, ['name']="Mariyaam", ['index']=136, ['level']=0},
    [16982315] = {['id']=16982315, ['name']="Mathlouq", ['index']=299, ['level']=0},
    [16982151] = {['id']=16982151, ['name']="Kazween", ['index']=135, ['level']=0},
    [16982092] = {['id']=16982092, ['name']="Saluhwa", ['index']=76, ['level']=0},
    [16982042] = {['id']=16982042, ['name']="KhoiGamduhla", ['index']=26, ['level']=0},
    [16982039] = {['id']=16982039, ['name']="SomnolentRoost", ['index']=23, ['level']=0},
    [16982034] = {['id']=16982034, ['name']="Atiza", ['index']=18, ['level']=0},
    [16982131] = {['id']=16982131, ['name']="Shahbizu", ['index']=115, ['level']=0},
    [16982035] = {['id']=16982035, ['name']="Muyadah", ['index']=19, ['level']=0},
    [16982136] = {['id']=16982136, ['name']="Gigirk", ['index']=120, ['level']=0},
    [16982038] = {['id']=16982038, ['name']="FuriousBoulder", ['index']=22, ['level']=0},
    [16982161] = {['id']=16982161, ['name']="Ghatsad", ['index']=145, ['level']=0},
    [16982164] = {['id']=16982164, ['name']="", ['index']=148, ['level']=0},
    [16982093] = {['id']=16982093, ['name']="Dwago", ['index']=77, ['level']=0},
    [16982337] = {['id']=16982337, ['name']="Balakaf", ['index']=321, ['level']=0},
    [16982040] = {['id']=16982040, ['name']="KuhnTsahnpri", ['index']=24, ['level']=0},
    [16982032] = {['id']=16982032, ['name']="Tazhaal", ['index']=16, ['level']=0},
    [16982033] = {['id']=16982033, ['name']="Zarfhid", ['index']=17, ['level']=0},
    [16982034] = {['id']=16982034, ['name']="Atiza", ['index']=18, ['level']=0},
    [16982035] = {['id']=16982035, ['name']="Muyadah", ['index']=19, ['level']=0},
    [16982036] = {['id']=16982036, ['name']="BurnishedBones", ['index']=20, ['level']=0},
    [16982037] = {['id']=16982037, ['name']="EsotericHound", ['index']=21, ['level']=0},
    [16982038] = {['id']=16982038, ['name']="FuriousBoulder", ['index']=22, ['level']=0},
    [16982039] = {['id']=16982039, ['name']="SomnolentRoost", ['index']=23, ['level']=0},
    [16982040] = {['id']=16982040, ['name']="KuhnTsahnpri", ['index']=24, ['level']=0},
    [16982041] = {['id']=16982041, ['name']="BayaHiramayuh", ['index']=25, ['level']=0},
    [16982042] = {['id']=16982042, ['name']="KhoiGamduhla", ['index']=26, ['level']=0},
    [16982043] = {['id']=16982043, ['name']="MujiTsalahn", ['index']=27, ['level']=0},
    [16982069] = {['id']=16982069, ['name']="Sharin-Garin", ['index']=53, ['level']=0},
    [16982087] = {['id']=16982087, ['name']="Riyadahf", ['index']=71, ['level']=0},
    [16982092] = {['id']=16982092, ['name']="Saluhwa", ['index']=76, ['level']=0},
    [16982093] = {['id']=16982093, ['name']="Dwago", ['index']=77, ['level']=0},
    [16982094] = {['id']=16982094, ['name']="KulhAmariyo", ['index']=78, ['level']=0},
    [16982095] = {['id']=16982095, ['name']="KhafJhifanm", ['index']=79, ['level']=0},
    [16982096] = {['id']=16982096, ['name']="Hagakoff", ['index']=80, ['level']=0},
    [16982097] = {['id']=16982097, ['name']="Bajahb", ['index']=81, ['level']=0},
    [16982099] = {['id']=16982099, ['name']="Fayeewah", ['index']=83, ['level']=0},
    [16982100] = {['id']=16982100, ['name']="Yafaaf", ['index']=84, ['level']=0},
    [16982101] = {['id']=16982101, ['name']="Wahnid", ['index']=85, ['level']=0},
    [16982106] = {['id']=16982106, ['name']="Musdahl", ['index']=90, ['level']=0},
    [16982107] = {['id']=16982107, ['name']="Jumaaf", ['index']=91, ['level']=0},
    [16982108] = {['id']=16982108, ['name']="Qahzwin", ['index']=92, ['level']=0},
    [16982109] = {['id']=16982109, ['name']="Kabihyam", ['index']=93, ['level']=0},
    [16982110] = {['id']=16982110, ['name']="Arzizah", ['index']=94, ['level']=0},
    [16982111] = {['id']=16982111, ['name']="Mafwahb", ['index']=95, ['level']=0},
    [16982114] = {['id']=16982114, ['name']="Sajahb", ['index']=98, ['level']=0},
    [16982115] = {['id']=16982115, ['name']="Zwinam", ['index']=99, ['level']=0},
    [16982122] = {['id']=16982122, ['name']="KemhaFlasehp", ['index']=106, ['level']=0},
    [16982130] = {['id']=16982130, ['name']="Galzweesh", ['index']=114, ['level']=0},
    [16982131] = {['id']=16982131, ['name']="Shahbizu", ['index']=115, ['level']=0},
    [16982132] = {['id']=16982132, ['name']="Nonoroon", ['index']=116, ['level']=0},
    [16982134] = {['id']=16982134, ['name']="KubheIjyuhla", ['index']=118, ['level']=0},
    [16982135] = {['id']=16982135, ['name']="TohkaTelposkha", ['index']=119, ['level']=0},
    [16982136] = {['id']=16982136, ['name']="Gigirk", ['index']=120, ['level']=0},
    [16982137] = {['id']=16982137, ['name']="Rodin-Comidin", ['index']=121, ['level']=0},
    [16982138] = {['id']=16982138, ['name']="Hajaom", ['index']=122, ['level']=0},
    [16982140] = {['id']=16982140, ['name']="Zaranf", ['index']=124, ['level']=0},
    [16982141] = {['id']=16982141, ['name']="Kelsha-Melansha", ['index']=125, ['level']=0},
    [16982142] = {['id']=16982142, ['name']="Halbeeya", ['index']=126, ['level']=0},
    [16982144] = {['id']=16982144, ['name']="Ubahrid", ['index']=128, ['level']=0},
    [16982146] = {['id']=16982146, ['name']="Zubyahn", ['index']=130, ['level']=0},
    [16982147] = {['id']=16982147, ['name']="Amajal", ['index']=131, ['level']=0},
    [16982148] = {['id']=16982148, ['name']="Hashayra", ['index']=132, ['level']=0},
    [16982149] = {['id']=16982149, ['name']="Kamnahb", ['index']=133, ['level']=0},
    [16982154] = {['id']=16982154, ['name']="NadeePeriyaha", ['index']=138, ['level']=0},
    [16982156] = {['id']=16982156, ['name']="NajaSalaheem", ['index']=140, ['level']=0},
    [16982157] = {['id']=16982157, ['name']="Abquhbah", ['index']=141, ['level']=0},
    [16982161] = {['id']=16982161, ['name']="Ghatsad", ['index']=145, ['level']=0},
    [16982162] = {['id']=16982162, ['name']="Abda-Lurabda", ['index']=146, ['level']=0},
    [16982163] = {['id']=16982163, ['name']="Tateeya", ['index']=147, ['level']=0},
    [16982164] = {['id']=16982164, ['name']="", ['index']=148, ['level']=0},
    [16982171] = {['id']=16982171, ['name']="Rytaal", ['index']=155, ['level']=0},
    [16982172] = {['id']=16982172, ['name']="Kantila", ['index']=156, ['level']=0},
    [16982173] = {['id']=16982173, ['name']="Qulsun", ['index']=157, ['level']=0},
    [16982174] = {['id']=16982174, ['name']="Yahsra", ['index']=158, ['level']=0},
    [16982175] = {['id']=16982175, ['name']="Isdebaaq", ['index']=159, ['level']=0},
    [16982176] = {['id']=16982176, ['name']="Famad", ['index']=160, ['level']=0},
    [16982177] = {['id']=16982177, ['name']="Lageegee", ['index']=161, ['level']=0},
    [16982178] = {['id']=16982178, ['name']="BhoyYhupplo", ['index']=162, ['level']=0},
    [16982179] = {['id']=16982179, ['name']="SorrowfulSage", ['index']=163, ['level']=0},
    [16982180] = {['id']=16982180, ['name']="Berangere", ['index']=164, ['level']=0},
    [16982253] = {['id']=16982253, ['name']="Giehnz", ['index']=237, ['level']=0},
    [16982254] = {['id']=16982254, ['name']="Sashosho", ['index']=238, ['level']=0},
    [16982257] = {['id']=16982257, ['name']="Nadeey", ['index']=241, ['level']=0},
    [16982258] = {['id']=16982258, ['name']="Kuhmden", ['index']=242, ['level']=0},
    [16982259] = {['id']=16982259, ['name']="Ugahar", ['index']=243, ['level']=0},
    [16982264] = {['id']=16982264, ['name']="Ratihb", ['index']=248, ['level']=0},
    [16982270] = {['id']=16982270, ['name']="Fochacha", ['index']=254, ['level']=0},
    [16982273] = {['id']=16982273, ['name']="Qutiba", ['index']=257, ['level']=0},
    [16982274] = {['id']=16982274, ['name']="Ulamaal", ['index']=258, ['level']=0},
    [16982293] = {['id']=16982293, ['name']="AhkkJharcham", ['index']=277, ['level']=0},
    [16982297] = {['id']=16982297, ['name']="Waoud", ['index']=281, ['level']=0},
    [16982309] = {['id']=16982309, ['name']="Zasshal", ['index']=293, ['level']=0},
    [16982314] = {['id']=16982314, ['name']="EkhuPesshyadha", ['index']=298, ['level']=0},
    [16982317] = {['id']=16982317, ['name']="Mhasbaf", ['index']=301, ['level']=0},
    [16982318] = {['id']=16982318, ['name']="Matifa", ['index']=302, ['level']=0},
    [16982325] = {['id']=16982325, ['name']="Iruki-Waraki", ['index']=309, ['level']=0},
    [16982331] = {['id']=16982331, ['name']="DhimaPolevhia", ['index']=315, ['level']=0},
    [16982337] = {['id']=16982337, ['name']="Balakaf", ['index']=321, ['level']=0},
    [16982338] = {['id']=16982338, ['name']="Hishahma", ['index']=322, ['level']=0},
    [16982339] = {['id']=16982339, ['name']="Dabhuh", ['index']=323, ['level']=0},
    [16982354] = {['id']=16982354, ['name']="Ghanraam", ['index']=338, ['level']=0},
    [16982364] = {['id']=16982364, ['name']="Fari-Wari", ['index']=348, ['level']=0},
    [16982446] = {['id']=16982446, ['name']="Mishhar", ['index']=430, ['level']=0},
    [16982457] = {['id']=16982457, ['name']="Asrahd", ['index']=441, ['level']=0},
    [16982459] = {['id']=16982459, ['name']="Sajaaya", ['index']=443, ['level']=0},
    [16982460] = {['id']=16982460, ['name']="Hajawaa", ['index']=444, ['level']=0},
    [16982461] = {['id']=16982461, ['name']="Jarafah", ['index']=445, ['level']=0},
    [16982632] = {['id']=16982632, ['name']="PorterMoogle", ['index']=616, ['level']=0},
    [16982636] = {['id']=16982636, ['name']="VoidwatchPurve", ['index']=620, ['level']=0},
    [16982637] = {['id']=16982637, ['name']="MrohkSahjuuli", ['index']=621, ['level']=0},
    [16982641] = {['id']=16982641, ['name']="LinkshellConci", ['index']=625, ['level']=0},
    [16982644] = {['id']=16982644, ['name']="SurvivalGuide", ['index']=628, ['level']=0},
    [16982105] = {['id']=16982105, ['name']="Milazahn", ['index']=89, ['level']=0},
    [16982113] = {['id']=16982113, ['name']="Eunheem", ['index']=97, ['level']=0},
    [16982117] = {['id']=16982117, ['name']="Ugrihd", ['index']=101, ['level']=0},
    [16982143] = {['id']=16982143, ['name']="Teteroon", ['index']=127, ['level']=0},
    [16982275] = {['id']=16982275, ['name']="Saliyahf", ['index']=259, ['level']=0},
    [16982047] = {['id']=16982047, ['name']="Zhamwaa", ['index']=31, ['level']=0},
    [16982088] = {['id']=16982088, ['name']="Gavrie", ['index']=72, ['level']=0},
    [16982089] = {['id']=16982089, ['name']="Malfud", ['index']=73, ['level']=0},
    [16982090] = {['id']=16982090, ['name']="Rubahah", ['index']=74, ['level']=0},
    [16982091] = {['id']=16982091, ['name']="Mulnith", ['index']=75, ['level']=0},
    [16982118] = {['id']=16982118, ['name']="Kaduru-Haiduru", ['index']=102, ['level']=0},
    [16982124] = {['id']=16982124, ['name']="Zyfhil", ['index']=108, ['level']=0},
    [16982125] = {['id']=16982125, ['name']="Petrino", ['index']=109, ['level']=0},
    [16982126] = {['id']=16982126, ['name']="Tafeesa", ['index']=110, ['level']=0},
    [16982127] = {['id']=16982127, ['name']="Talwahn", ['index']=111, ['level']=0},
    [16982128] = {['id']=16982128, ['name']="Hamnahb", ['index']=112, ['level']=0},
    [16982129] = {['id']=16982129, ['name']="Bujahwa", ['index']=113, ['level']=0},
    [16982139] = {['id']=16982139, ['name']="Rujen-Gorgen", ['index']=123, ['level']=0},
    [16982145] = {['id']=16982145, ['name']="Nijaom", ['index']=129, ['level']=0},
    [16982153] = {['id']=16982153, ['name']="Shajaf", ['index']=137, ['level']=0},
    [16982252] = {['id']=16982252, ['name']="Cacaroon", ['index']=236, ['level']=0},
    [16982276] = {['id']=16982276, ['name']="Wazyih", ['index']=260, ['level']=0},
    [16982292] = {['id']=16982292, ['name']="Dkhaaya", ['index']=276, ['level']=0},
    [16982302] = {['id']=16982302, ['name']="Lathuya", ['index']=286, ['level']=0},
    [16982312] = {['id']=16982312, ['name']="Hadahda", ['index']=296, ['level']=0},
    [16982313] = {['id']=16982313, ['name']="Mushayra", ['index']=297, ['level']=0},
    [16982316] = {['id']=16982316, ['name']="Zabahf", ['index']=300, ['level']=0},
    [16982319] = {['id']=16982319, ['name']="TehfKimasnahya", ['index']=303, ['level']=0},
    [16982455] = {['id']=16982455, ['name']="Fubruhn", ['index']=439, ['level']=0},
    [16982462] = {['id']=16982462, ['name']="Pursuivant", ['index']=446, ['level']=0},
    [16982538] = {['id']=16982538, ['name']="Hugo", ['index']=522, ['level']=0},
    [16982568] = {['id']=16982568, ['name']="Sanraku", ['index']=552, ['level']=0},
    [16982569] = {['id']=16982569, ['name']="Ryo", ['index']=553, ['level']=0},
    [16982639] = {['id']=16982639, ['name']="Wondrix", ['index']=623, ['level']=0},
    [16982098] = {['id']=16982098, ['name']="Mazween", ['index']=82, ['level']=0},
    [16982104] = {['id']=16982104, ['name']="Maudaal", ['index']=88, ['level']=0},
    [16982112] = {['id']=16982112, ['name']="Kalimahf", ['index']=96, ['level']=0},
    [16982123] = {['id']=16982123, ['name']="Koyol-Futenol", ['index']=107, ['level']=0},
    [16982150] = {['id']=16982150, ['name']="Drahbah", ['index']=134, ['level']=0},
    [16982151] = {['id']=16982151, ['name']="Kazween", ['index']=135, ['level']=0},
    [16982152] = {['id']=16982152, ['name']="Mariyaam", ['index']=136, ['level']=0},
    [16982260] = {['id']=16982260, ['name']="Prillaure", ['index']=244, ['level']=0},
    [16982261] = {['id']=16982261, ['name']="Ahaadah", ['index']=245, ['level']=0},
    [16982463] = {['id']=16982463, ['name']="TsihKolgimih", ['index']=447, ['level']=0},
    [16982566] = {['id']=16982566, ['name']="", ['index']=550, ['level']=0},
    [16982102] = {['id']=16982102, ['name']="Gathweeda", ['index']=86, ['level']=0},
    [16982103] = {['id']=16982103, ['name']="Wahraga", ['index']=87, ['level']=0},
    [16982119] = {['id']=16982119, ['name']="Sulbahn", ['index']=103, ['level']=0},
    [16982120] = {['id']=16982120, ['name']="Hadayah", ['index']=104, ['level']=0},
    [16982121] = {['id']=16982121, ['name']="Shahau", ['index']=105, ['level']=0},
    [16982133] = {['id']=16982133, ['name']="Nafiwaa", ['index']=117, ['level']=0},
    [16982315] = {['id']=16982315, ['name']="Mathlouq", ['index']=299, ['level']=0},
    [16982032] = {['id']=16982032, ['name']="Tazhaal", ['index']=16, ['level']=0},
    [16982033] = {['id']=16982033, ['name']="Zarfhid", ['index']=17, ['level']=0},
    [16982034] = {['id']=16982034, ['name']="Atiza", ['index']=18, ['level']=0},
    [16982035] = {['id']=16982035, ['name']="Muyadah", ['index']=19, ['level']=0},
    [16982037] = {['id']=16982037, ['name']="EsotericHound", ['index']=21, ['level']=0},
    [16982038] = {['id']=16982038, ['name']="FuriousBoulder", ['index']=22, ['level']=0},
    [16982039] = {['id']=16982039, ['name']="SomnolentRoost", ['index']=23, ['level']=0},
    [16982040] = {['id']=16982040, ['name']="KuhnTsahnpri", ['index']=24, ['level']=0},
    [16982041] = {['id']=16982041, ['name']="BayaHiramayuh", ['index']=25, ['level']=0},
    [16982042] = {['id']=16982042, ['name']="KhoiGamduhla", ['index']=26, ['level']=0},
    [16982043] = {['id']=16982043, ['name']="MujiTsalahn", ['index']=27, ['level']=0},
    [16982069] = {['id']=16982069, ['name']="Sharin-Garin", ['index']=53, ['level']=0},
    [16982087] = {['id']=16982087, ['name']="Riyadahf", ['index']=71, ['level']=0},
    [16982092] = {['id']=16982092, ['name']="Saluhwa", ['index']=76, ['level']=0},
    [16982093] = {['id']=16982093, ['name']="Dwago", ['index']=77, ['level']=0},
    [16982094] = {['id']=16982094, ['name']="KulhAmariyo", ['index']=78, ['level']=0},
    [16982096] = {['id']=16982096, ['name']="Hagakoff", ['index']=80, ['level']=0},
    [16982097] = {['id']=16982097, ['name']="Bajahb", ['index']=81, ['level']=0},
    [16982099] = {['id']=16982099, ['name']="Fayeewah", ['index']=83, ['level']=0},
    [16982100] = {['id']=16982100, ['name']="Yafaaf", ['index']=84, ['level']=0},
    [16982106] = {['id']=16982106, ['name']="Musdahl", ['index']=90, ['level']=0},
    [16982107] = {['id']=16982107, ['name']="Jumaaf", ['index']=91, ['level']=0},
    [16982108] = {['id']=16982108, ['name']="Qahzwin", ['index']=92, ['level']=0},
    [16982109] = {['id']=16982109, ['name']="Kabihyam", ['index']=93, ['level']=0},
    [16982110] = {['id']=16982110, ['name']="Arzizah", ['index']=94, ['level']=0},
    [16982111] = {['id']=16982111, ['name']="Mafwahb", ['index']=95, ['level']=0},
    [16982131] = {['id']=16982131, ['name']="Shahbizu", ['index']=115, ['level']=0},
    [16982132] = {['id']=16982132, ['name']="Nonoroon", ['index']=116, ['level']=0},
    [16982134] = {['id']=16982134, ['name']="KubheIjyuhla", ['index']=118, ['level']=0},
    [16982135] = {['id']=16982135, ['name']="TohkaTelposkha", ['index']=119, ['level']=0},
    [16982136] = {['id']=16982136, ['name']="Gigirk", ['index']=120, ['level']=0},
    [16982137] = {['id']=16982137, ['name']="Rodin-Comidin", ['index']=121, ['level']=0},
    [16982138] = {['id']=16982138, ['name']="Hajaom", ['index']=122, ['level']=0},
    [16982140] = {['id']=16982140, ['name']="Zaranf", ['index']=124, ['level']=0},
    [16982141] = {['id']=16982141, ['name']="Kelsha-Melansha", ['index']=125, ['level']=0},
    [16982142] = {['id']=16982142, ['name']="Halbeeya", ['index']=126, ['level']=0},
    [16982144] = {['id']=16982144, ['name']="Ubahrid", ['index']=128, ['level']=0},
    [16982146] = {['id']=16982146, ['name']="Zubyahn", ['index']=130, ['level']=0},
    [16982147] = {['id']=16982147, ['name']="Amajal", ['index']=131, ['level']=0},
    [16982148] = {['id']=16982148, ['name']="Hashayra", ['index']=132, ['level']=0},
    [16982149] = {['id']=16982149, ['name']="Kamnahb", ['index']=133, ['level']=0},
    [16982154] = {['id']=16982154, ['name']="NadeePeriyaha", ['index']=138, ['level']=0},
    [16982156] = {['id']=16982156, ['name']="NajaSalaheem", ['index']=140, ['level']=0},
    [16982157] = {['id']=16982157, ['name']="Abquhbah", ['index']=141, ['level']=0},
    [16982161] = {['id']=16982161, ['name']="Ghatsad", ['index']=145, ['level']=0},
    [16982162] = {['id']=16982162, ['name']="Abda-Lurabda", ['index']=146, ['level']=0},
    [16982163] = {['id']=16982163, ['name']="Tateeya", ['index']=147, ['level']=0},
    [16982164] = {['id']=16982164, ['name']="", ['index']=148, ['level']=0},
    [16982171] = {['id']=16982171, ['name']="Rytaal", ['index']=155, ['level']=0},
    [16982172] = {['id']=16982172, ['name']="Kantila", ['index']=156, ['level']=0},
    [16982173] = {['id']=16982173, ['name']="Qulsun", ['index']=157, ['level']=0},
    [16982174] = {['id']=16982174, ['name']="Yahsra", ['index']=158, ['level']=0},
    [16982175] = {['id']=16982175, ['name']="Isdebaaq", ['index']=159, ['level']=0},
    [16982176] = {['id']=16982176, ['name']="Famad", ['index']=160, ['level']=0},
    [16982177] = {['id']=16982177, ['name']="Lageegee", ['index']=161, ['level']=0},
    [16982178] = {['id']=16982178, ['name']="BhoyYhupplo", ['index']=162, ['level']=0},
    [16982179] = {['id']=16982179, ['name']="SorrowfulSage", ['index']=163, ['level']=0},
    [16982180] = {['id']=16982180, ['name']="Berangere", ['index']=164, ['level']=0},
    [16982253] = {['id']=16982253, ['name']="Giehnz", ['index']=237, ['level']=0},
    [16982254] = {['id']=16982254, ['name']="Sashosho", ['index']=238, ['level']=0},
    [16982257] = {['id']=16982257, ['name']="Nadeey", ['index']=241, ['level']=0},
    [16982258] = {['id']=16982258, ['name']="Kuhmden", ['index']=242, ['level']=0},
    [16982259] = {['id']=16982259, ['name']="Ugahar", ['index']=243, ['level']=0},
    [16982264] = {['id']=16982264, ['name']="Ratihb", ['index']=248, ['level']=0},
    [16982270] = {['id']=16982270, ['name']="Fochacha", ['index']=254, ['level']=0},
    [16982273] = {['id']=16982273, ['name']="Qutiba", ['index']=257, ['level']=0},
    [16982274] = {['id']=16982274, ['name']="Ulamaal", ['index']=258, ['level']=0},
    [16982293] = {['id']=16982293, ['name']="AhkkJharcham", ['index']=277, ['level']=0},
    [16982297] = {['id']=16982297, ['name']="Waoud", ['index']=281, ['level']=0},
    [16982309] = {['id']=16982309, ['name']="Zasshal", ['index']=293, ['level']=0},
    [16982314] = {['id']=16982314, ['name']="EkhuPesshyadha", ['index']=298, ['level']=0},
    [16982317] = {['id']=16982317, ['name']="Mhasbaf", ['index']=301, ['level']=0},
    [16982318] = {['id']=16982318, ['name']="Matifa", ['index']=302, ['level']=0},
    [16982325] = {['id']=16982325, ['name']="Iruki-Waraki", ['index']=309, ['level']=0},
    [16982331] = {['id']=16982331, ['name']="DhimaPolevhia", ['index']=315, ['level']=0},
    [16982337] = {['id']=16982337, ['name']="Balakaf", ['index']=321, ['level']=0},
    [16982338] = {['id']=16982338, ['name']="Hishahma", ['index']=322, ['level']=0},
    [16982339] = {['id']=16982339, ['name']="Dabhuh", ['index']=323, ['level']=0},
    [16982354] = {['id']=16982354, ['name']="Ghanraam", ['index']=338, ['level']=0},
    [16982364] = {['id']=16982364, ['name']="Fari-Wari", ['index']=348, ['level']=0},
    [16982446] = {['id']=16982446, ['name']="Mishhar", ['index']=430, ['level']=0},
    [16982457] = {['id']=16982457, ['name']="Asrahd", ['index']=441, ['level']=0},
    [16982459] = {['id']=16982459, ['name']="Sajaaya", ['index']=443, ['level']=0},
    [16982461] = {['id']=16982461, ['name']="Jarafah", ['index']=445, ['level']=0},
    [16982632] = {['id']=16982632, ['name']="PorterMoogle", ['index']=616, ['level']=0},
    [16982636] = {['id']=16982636, ['name']="VoidwatchPurve", ['index']=620, ['level']=0},
    [16982637] = {['id']=16982637, ['name']="MrohkSahjuuli", ['index']=621, ['level']=0},
    [16982641] = {['id']=16982641, ['name']="LinkshellConci", ['index']=625, ['level']=0},
    [16982644] = {['id']=16982644, ['name']="SurvivalGuide", ['index']=628, ['level']=0},
    [16982036] = {['id']=16982036, ['name']="BurnishedBones", ['index']=20, ['level']=0},
    [16982095] = {['id']=16982095, ['name']="KhafJhifanm", ['index']=79, ['level']=0},
    [16982101] = {['id']=16982101, ['name']="Wahnid", ['index']=85, ['level']=0},
    [16982114] = {['id']=16982114, ['name']="Sajahb", ['index']=98, ['level']=0},
    [16982115] = {['id']=16982115, ['name']="Zwinam", ['index']=99, ['level']=0},
    [16982122] = {['id']=16982122, ['name']="KemhaFlasehp", ['index']=106, ['level']=0},
    [16982130] = {['id']=16982130, ['name']="Galzweesh", ['index']=114, ['level']=0},
    [16982460] = {['id']=16982460, ['name']="Hajawaa", ['index']=444, ['level']=0},
    [16982105] = {['id']=16982105, ['name']="Milazahn", ['index']=89, ['level']=0},
    [16982113] = {['id']=16982113, ['name']="Eunheem", ['index']=97, ['level']=0},
    [16982117] = {['id']=16982117, ['name']="Ugrihd", ['index']=101, ['level']=0},
    [16982118] = {['id']=16982118, ['name']="Kaduru-Haiduru", ['index']=102, ['level']=0},
    [16982120] = {['id']=16982120, ['name']="Hadayah", ['index']=104, ['level']=0},
    [16982143] = {['id']=16982143, ['name']="Teteroon", ['index']=127, ['level']=0},
    [16982252] = {['id']=16982252, ['name']="Cacaroon", ['index']=236, ['level']=0},
    [16982261] = {['id']=16982261, ['name']="Ahaadah", ['index']=245, ['level']=0},
    [16982275] = {['id']=16982275, ['name']="Saliyahf", ['index']=259, ['level']=0},
    [16982047] = {['id']=16982047, ['name']="Zhamwaa", ['index']=31, ['level']=0},
    [16982088] = {['id']=16982088, ['name']="Gavrie", ['index']=72, ['level']=0},
    [16982089] = {['id']=16982089, ['name']="Malfud", ['index']=73, ['level']=0},
    [16982090] = {['id']=16982090, ['name']="Rubahah", ['index']=74, ['level']=0},
    [16982091] = {['id']=16982091, ['name']="Mulnith", ['index']=75, ['level']=0},
    [16982098] = {['id']=16982098, ['name']="Mazween", ['index']=82, ['level']=0},
    [16982102] = {['id']=16982102, ['name']="Gathweeda", ['index']=86, ['level']=0},
    [16982103] = {['id']=16982103, ['name']="Wahraga", ['index']=87, ['level']=0},
    [16982104] = {['id']=16982104, ['name']="Maudaal", ['index']=88, ['level']=0},
    [16982112] = {['id']=16982112, ['name']="Kalimahf", ['index']=96, ['level']=0},
    [16982119] = {['id']=16982119, ['name']="Sulbahn", ['index']=103, ['level']=0},
    [16982121] = {['id']=16982121, ['name']="Shahau", ['index']=105, ['level']=0},
    [16982123] = {['id']=16982123, ['name']="Koyol-Futenol", ['index']=107, ['level']=0},
    [16982124] = {['id']=16982124, ['name']="Zyfhil", ['index']=108, ['level']=0},
    [16982125] = {['id']=16982125, ['name']="Petrino", ['index']=109, ['level']=0},
    [16982126] = {['id']=16982126, ['name']="Tafeesa", ['index']=110, ['level']=0},
    [16982127] = {['id']=16982127, ['name']="Talwahn", ['index']=111, ['level']=0},
    [16982128] = {['id']=16982128, ['name']="Hamnahb", ['index']=112, ['level']=0},
    [16982129] = {['id']=16982129, ['name']="Bujahwa", ['index']=113, ['level']=0},
    [16982133] = {['id']=16982133, ['name']="Nafiwaa", ['index']=117, ['level']=0},
    [16982139] = {['id']=16982139, ['name']="Rujen-Gorgen", ['index']=123, ['level']=0},
    [16982145] = {['id']=16982145, ['name']="Nijaom", ['index']=129, ['level']=0},
    [16982150] = {['id']=16982150, ['name']="Drahbah", ['index']=134, ['level']=0},
    [16982151] = {['id']=16982151, ['name']="Kazween", ['index']=135, ['level']=0},
    [16982152] = {['id']=16982152, ['name']="Mariyaam", ['index']=136, ['level']=0},
    [16982153] = {['id']=16982153, ['name']="Shajaf", ['index']=137, ['level']=0},
    [16982260] = {['id']=16982260, ['name']="Prillaure", ['index']=244, ['level']=0},
    [16982276] = {['id']=16982276, ['name']="Wazyih", ['index']=260, ['level']=0},
    [16982292] = {['id']=16982292, ['name']="Dkhaaya", ['index']=276, ['level']=0},
    [16982302] = {['id']=16982302, ['name']="Lathuya", ['index']=286, ['level']=0},
    [16982312] = {['id']=16982312, ['name']="Hadahda", ['index']=296, ['level']=0},
    [16982313] = {['id']=16982313, ['name']="Mushayra", ['index']=297, ['level']=0},
    [16982315] = {['id']=16982315, ['name']="Mathlouq", ['index']=299, ['level']=0},
    [16982316] = {['id']=16982316, ['name']="Zabahf", ['index']=300, ['level']=0},
    [16982319] = {['id']=16982319, ['name']="TehfKimasnahya", ['index']=303, ['level']=0},
    [16982455] = {['id']=16982455, ['name']="Fubruhn", ['index']=439, ['level']=0},
    [16982462] = {['id']=16982462, ['name']="Pursuivant", ['index']=446, ['level']=0},
    [16982463] = {['id']=16982463, ['name']="TsihKolgimih", ['index']=447, ['level']=0},
    [16982538] = {['id']=16982538, ['name']="Hugo", ['index']=522, ['level']=0},
    [16982566] = {['id']=16982566, ['name']="", ['index']=550, ['level']=0},
    [16982568] = {['id']=16982568, ['name']="Sanraku", ['index']=552, ['level']=0},
    [16982569] = {['id']=16982569, ['name']="Ryo", ['index']=553, ['level']=0},
    [16982639] = {['id']=16982639, ['name']="Wondrix", ['index']=623, ['level']=0},
    [16982032] = {['id']=16982032, ['name']="Tazhaal", ['index']=16, ['level']=0},
    [16982033] = {['id']=16982033, ['name']="Zarfhid", ['index']=17, ['level']=0},
    [16982034] = {['id']=16982034, ['name']="Atiza", ['index']=18, ['level']=0},
    [16982035] = {['id']=16982035, ['name']="Muyadah", ['index']=19, ['level']=0},
    [16982036] = {['id']=16982036, ['name']="BurnishedBones", ['index']=20, ['level']=0},
    [16982038] = {['id']=16982038, ['name']="FuriousBoulder", ['index']=22, ['level']=0},
    [16982039] = {['id']=16982039, ['name']="SomnolentRoost", ['index']=23, ['level']=0},
    [16982040] = {['id']=16982040, ['name']="KuhnTsahnpri", ['index']=24, ['level']=0},
    [16982042] = {['id']=16982042, ['name']="KhoiGamduhla", ['index']=26, ['level']=0},
    [16982043] = {['id']=16982043, ['name']="MujiTsalahn", ['index']=27, ['level']=0},
    [16982047] = {['id']=16982047, ['name']="Zhamwaa", ['index']=31, ['level']=0},
    [16982087] = {['id']=16982087, ['name']="Riyadahf", ['index']=71, ['level']=0},
    [16982088] = {['id']=16982088, ['name']="Gavrie", ['index']=72, ['level']=0},
    [16982089] = {['id']=16982089, ['name']="Malfud", ['index']=73, ['level']=0},
    [16982090] = {['id']=16982090, ['name']="Rubahah", ['index']=74, ['level']=0},
    [16982091] = {['id']=16982091, ['name']="Mulnith", ['index']=75, ['level']=0},
    [16982092] = {['id']=16982092, ['name']="Saluhwa", ['index']=76, ['level']=0},
    [16982093] = {['id']=16982093, ['name']="Dwago", ['index']=77, ['level']=0},
    [16982094] = {['id']=16982094, ['name']="KulhAmariyo", ['index']=78, ['level']=0},
    [16982098] = {['id']=16982098, ['name']="Mazween", ['index']=82, ['level']=0},
    [16982101] = {['id']=16982101, ['name']="Wahnid", ['index']=85, ['level']=0},
    [16982102] = {['id']=16982102, ['name']="Gathweeda", ['index']=86, ['level']=0},
    [16982103] = {['id']=16982103, ['name']="Wahraga", ['index']=87, ['level']=0},
    [16982104] = {['id']=16982104, ['name']="Maudaal", ['index']=88, ['level']=0},
    [16982105] = {['id']=16982105, ['name']="Milazahn", ['index']=89, ['level']=0},
    [16982106] = {['id']=16982106, ['name']="Musdahl", ['index']=90, ['level']=0},
    [16982112] = {['id']=16982112, ['name']="Kalimahf", ['index']=96, ['level']=0},
    [16982113] = {['id']=16982113, ['name']="Eunheem", ['index']=97, ['level']=0},
    [16982114] = {['id']=16982114, ['name']="Sajahb", ['index']=98, ['level']=0},
    [16982115] = {['id']=16982115, ['name']="Zwinam", ['index']=99, ['level']=0},
    [16982117] = {['id']=16982117, ['name']="Ugrihd", ['index']=101, ['level']=0},
    [16982118] = {['id']=16982118, ['name']="Kaduru-Haiduru", ['index']=102, ['level']=0},
    [16982119] = {['id']=16982119, ['name']="Sulbahn", ['index']=103, ['level']=0},
    [16982120] = {['id']=16982120, ['name']="Hadayah", ['index']=104, ['level']=0},
    [16982121] = {['id']=16982121, ['name']="Shahau", ['index']=105, ['level']=0},
    [16982122] = {['id']=16982122, ['name']="KemhaFlasehp", ['index']=106, ['level']=0},
    [16982123] = {['id']=16982123, ['name']="Koyol-Futenol", ['index']=107, ['level']=0},
    [16982124] = {['id']=16982124, ['name']="Zyfhil", ['index']=108, ['level']=0},
    [16982125] = {['id']=16982125, ['name']="Petrino", ['index']=109, ['level']=0},
    [16982126] = {['id']=16982126, ['name']="Tafeesa", ['index']=110, ['level']=0},
    [16982127] = {['id']=16982127, ['name']="Talwahn", ['index']=111, ['level']=0},
    [16982128] = {['id']=16982128, ['name']="Hamnahb", ['index']=112, ['level']=0},
    [16982129] = {['id']=16982129, ['name']="Bujahwa", ['index']=113, ['level']=0},
    [16982130] = {['id']=16982130, ['name']="Galzweesh", ['index']=114, ['level']=0},
    [16982131] = {['id']=16982131, ['name']="Shahbizu", ['index']=115, ['level']=0},
    [16982132] = {['id']=16982132, ['name']="Nonoroon", ['index']=116, ['level']=0},
    [16982133] = {['id']=16982133, ['name']="Nafiwaa", ['index']=117, ['level']=0},
    [16982134] = {['id']=16982134, ['name']="KubheIjyuhla", ['index']=118, ['level']=0},
    [16982135] = {['id']=16982135, ['name']="TohkaTelposkha", ['index']=119, ['level']=0},
    [16982136] = {['id']=16982136, ['name']="Gigirk", ['index']=120, ['level']=0},
    [16982137] = {['id']=16982137, ['name']="Rodin-Comidin", ['index']=121, ['level']=0},
    [16982138] = {['id']=16982138, ['name']="Hajaom", ['index']=122, ['level']=0},
    [16982139] = {['id']=16982139, ['name']="Rujen-Gorgen", ['index']=123, ['level']=0},
    [16982140] = {['id']=16982140, ['name']="Zaranf", ['index']=124, ['level']=0},
    [16982141] = {['id']=16982141, ['name']="Kelsha-Melansha", ['index']=125, ['level']=0},
    [16982143] = {['id']=16982143, ['name']="Teteroon", ['index']=127, ['level']=0},
    [16982144] = {['id']=16982144, ['name']="Ubahrid", ['index']=128, ['level']=0},
    [16982145] = {['id']=16982145, ['name']="Nijaom", ['index']=129, ['level']=0},
    [16982150] = {['id']=16982150, ['name']="Drahbah", ['index']=134, ['level']=0},
    [16982151] = {['id']=16982151, ['name']="Kazween", ['index']=135, ['level']=0},
    [16982152] = {['id']=16982152, ['name']="Mariyaam", ['index']=136, ['level']=0},
    [16982153] = {['id']=16982153, ['name']="Shajaf", ['index']=137, ['level']=0},
    [16982154] = {['id']=16982154, ['name']="NadeePeriyaha", ['index']=138, ['level']=0},
    [16982156] = {['id']=16982156, ['name']="NajaSalaheem", ['index']=140, ['level']=0},
    [16982157] = {['id']=16982157, ['name']="Abquhbah", ['index']=141, ['level']=0},
    [16982161] = {['id']=16982161, ['name']="Ghatsad", ['index']=145, ['level']=0},
    [16982162] = {['id']=16982162, ['name']="Abda-Lurabda", ['index']=146, ['level']=0},
    [16982163] = {['id']=16982163, ['name']="Tateeya", ['index']=147, ['level']=0},
    [16982164] = {['id']=16982164, ['name']="", ['index']=148, ['level']=0},
    [16982252] = {['id']=16982252, ['name']="Cacaroon", ['index']=236, ['level']=0},
    [16982260] = {['id']=16982260, ['name']="Prillaure", ['index']=244, ['level']=0},
    [16982261] = {['id']=16982261, ['name']="Ahaadah", ['index']=245, ['level']=0},
    [16982270] = {['id']=16982270, ['name']="Fochacha", ['index']=254, ['level']=0},
    [16982275] = {['id']=16982275, ['name']="Saliyahf", ['index']=259, ['level']=0},
    [16982276] = {['id']=16982276, ['name']="Wazyih", ['index']=260, ['level']=0},
    [16982292] = {['id']=16982292, ['name']="Dkhaaya", ['index']=276, ['level']=0},
    [16982293] = {['id']=16982293, ['name']="AhkkJharcham", ['index']=277, ['level']=0},
    [16982297] = {['id']=16982297, ['name']="Waoud", ['index']=281, ['level']=0},
    [16982302] = {['id']=16982302, ['name']="Lathuya", ['index']=286, ['level']=0},
    [16982312] = {['id']=16982312, ['name']="Hadahda", ['index']=296, ['level']=0},
    [16982313] = {['id']=16982313, ['name']="Mushayra", ['index']=297, ['level']=0},
    [16982314] = {['id']=16982314, ['name']="EkhuPesshyadha", ['index']=298, ['level']=0},
    [16982315] = {['id']=16982315, ['name']="Mathlouq", ['index']=299, ['level']=0},
    [16982316] = {['id']=16982316, ['name']="Zabahf", ['index']=300, ['level']=0},
    [16982317] = {['id']=16982317, ['name']="Mhasbaf", ['index']=301, ['level']=0},
    [16982318] = {['id']=16982318, ['name']="Matifa", ['index']=302, ['level']=0},
    [16982319] = {['id']=16982319, ['name']="TehfKimasnahya", ['index']=303, ['level']=0},
    [16982331] = {['id']=16982331, ['name']="DhimaPolevhia", ['index']=315, ['level']=0},
    [16982337] = {['id']=16982337, ['name']="Balakaf", ['index']=321, ['level']=0},
    [16982446] = {['id']=16982446, ['name']="Mishhar", ['index']=430, ['level']=0},
    [16982455] = {['id']=16982455, ['name']="Fubruhn", ['index']=439, ['level']=0},
    [16982457] = {['id']=16982457, ['name']="Asrahd", ['index']=441, ['level']=0},
    [16982459] = {['id']=16982459, ['name']="Sajaaya", ['index']=443, ['level']=0},
    [16982460] = {['id']=16982460, ['name']="Hajawaa", ['index']=444, ['level']=0},
    [16982461] = {['id']=16982461, ['name']="Jarafah", ['index']=445, ['level']=0},
    [16982462] = {['id']=16982462, ['name']="Pursuivant", ['index']=446, ['level']=0},
    [16982463] = {['id']=16982463, ['name']="TsihKolgimih", ['index']=447, ['level']=0},
    [16982538] = {['id']=16982538, ['name']="Hugo", ['index']=522, ['level']=0},
    [16982566] = {['id']=16982566, ['name']="", ['index']=550, ['level']=0},
    [16982568] = {['id']=16982568, ['name']="Sanraku", ['index']=552, ['level']=0},
    [16982569] = {['id']=16982569, ['name']="Ryo", ['index']=553, ['level']=0},
    [16982632] = {['id']=16982632, ['name']="PorterMoogle", ['index']=616, ['level']=0},
    [16982636] = {['id']=16982636, ['name']="VoidwatchPurve", ['index']=620, ['level']=0},
    [16982637] = {['id']=16982637, ['name']="MrohkSahjuuli", ['index']=621, ['level']=0},
    [16982639] = {['id']=16982639, ['name']="Wondrix", ['index']=623, ['level']=0},
    [16982641] = {['id']=16982641, ['name']="LinkshellConci", ['index']=625, ['level']=0},
    [16982258] = {['id']=16982258, ['name']="Kuhmden", ['index']=242, ['level']=0},
    [16982109] = {['id']=16982109, ['name']="Kabihyam", ['index']=93, ['level']=0},
    [16982257] = {['id']=16982257, ['name']="Nadeey", ['index']=241, ['level']=0},
    [16982259] = {['id']=16982259, ['name']="Ugahar", ['index']=243, ['level']=0},
    [16982338] = {['id']=16982338, ['name']="Hishahma", ['index']=322, ['level']=0},
    [16982069] = {['id']=16982069, ['name']="Sharin-Garin", ['index']=53, ['level']=0},
    [16982107] = {['id']=16982107, ['name']="Jumaaf", ['index']=91, ['level']=0},
    [16982108] = {['id']=16982108, ['name']="Qahzwin", ['index']=92, ['level']=0},
    [16982147] = {['id']=16982147, ['name']="Amajal", ['index']=131, ['level']=0},
    [16982171] = {['id']=16982171, ['name']="Rytaal", ['index']=155, ['level']=0},
    [16982172] = {['id']=16982172, ['name']="Kantila", ['index']=156, ['level']=0},
    [16982173] = {['id']=16982173, ['name']="Qulsun", ['index']=157, ['level']=0},
    [16982174] = {['id']=16982174, ['name']="Yahsra", ['index']=158, ['level']=0},
    [16982175] = {['id']=16982175, ['name']="Isdebaaq", ['index']=159, ['level']=0},
    [16982177] = {['id']=16982177, ['name']="Lageegee", ['index']=161, ['level']=0},
    [16982178] = {['id']=16982178, ['name']="BhoyYhupplo", ['index']=162, ['level']=0},
    [16982309] = {['id']=16982309, ['name']="Zasshal", ['index']=293, ['level']=0},
    [16982325] = {['id']=16982325, ['name']="Iruki-Waraki", ['index']=309, ['level']=0},
    [16982354] = {['id']=16982354, ['name']="Ghanraam", ['index']=338, ['level']=0},
    [16982096] = {['id']=16982096, ['name']="Hagakoff", ['index']=80, ['level']=0},
    [16982097] = {['id']=16982097, ['name']="Bajahb", ['index']=81, ['level']=0},
    [16982149] = {['id']=16982149, ['name']="Kamnahb", ['index']=133, ['level']=0},
    [16982253] = {['id']=16982253, ['name']="Giehnz", ['index']=237, ['level']=0},
    [16982034] = {['id']=16982034, ['name']="Atiza", ['index']=18, ['level']=0},
    [16982035] = {['id']=16982035, ['name']="Muyadah", ['index']=19, ['level']=0},
    [16982038] = {['id']=16982038, ['name']="FuriousBoulder", ['index']=22, ['level']=0},
    [16982039] = {['id']=16982039, ['name']="SomnolentRoost", ['index']=23, ['level']=0},
    [16982040] = {['id']=16982040, ['name']="KuhnTsahnpri", ['index']=24, ['level']=0},
    [16982042] = {['id']=16982042, ['name']="KhoiGamduhla", ['index']=26, ['level']=0},
    [16982088] = {['id']=16982088, ['name']="Gavrie", ['index']=72, ['level']=0},
    [16982089] = {['id']=16982089, ['name']="Malfud", ['index']=73, ['level']=0},
    [16982090] = {['id']=16982090, ['name']="Rubahah", ['index']=74, ['level']=0},
    [16982091] = {['id']=16982091, ['name']="Mulnith", ['index']=75, ['level']=0},
    [16982092] = {['id']=16982092, ['name']="Saluhwa", ['index']=76, ['level']=0},
    [16982093] = {['id']=16982093, ['name']="Dwago", ['index']=77, ['level']=0},
    [16982098] = {['id']=16982098, ['name']="Mazween", ['index']=82, ['level']=0},
    [16982102] = {['id']=16982102, ['name']="Gathweeda", ['index']=86, ['level']=0},
    [16982103] = {['id']=16982103, ['name']="Wahraga", ['index']=87, ['level']=0},
    [16982104] = {['id']=16982104, ['name']="Maudaal", ['index']=88, ['level']=0},
    [16982105] = {['id']=16982105, ['name']="Milazahn", ['index']=89, ['level']=0},
    [16982106] = {['id']=16982106, ['name']="Musdahl", ['index']=90, ['level']=0},
    [16982109] = {['id']=16982109, ['name']="Kabihyam", ['index']=93, ['level']=0},
    [16982112] = {['id']=16982112, ['name']="Kalimahf", ['index']=96, ['level']=0},
    [16982113] = {['id']=16982113, ['name']="Eunheem", ['index']=97, ['level']=0},
    [16982114] = {['id']=16982114, ['name']="Sajahb", ['index']=98, ['level']=0},
    [16982117] = {['id']=16982117, ['name']="Ugrihd", ['index']=101, ['level']=0},
    [16982119] = {['id']=16982119, ['name']="Sulbahn", ['index']=103, ['level']=0},
    [16982120] = {['id']=16982120, ['name']="Hadayah", ['index']=104, ['level']=0},
    [16982121] = {['id']=16982121, ['name']="Shahau", ['index']=105, ['level']=0},
    [16982123] = {['id']=16982123, ['name']="Koyol-Futenol", ['index']=107, ['level']=0},
    [16982124] = {['id']=16982124, ['name']="Zyfhil", ['index']=108, ['level']=0},
    [16982125] = {['id']=16982125, ['name']="Petrino", ['index']=109, ['level']=0},
    [16982126] = {['id']=16982126, ['name']="Tafeesa", ['index']=110, ['level']=0},
    [16982127] = {['id']=16982127, ['name']="Talwahn", ['index']=111, ['level']=0},
    [16982128] = {['id']=16982128, ['name']="Hamnahb", ['index']=112, ['level']=0},
    [16982129] = {['id']=16982129, ['name']="Bujahwa", ['index']=113, ['level']=0},
    [16982130] = {['id']=16982130, ['name']="Galzweesh", ['index']=114, ['level']=0},
    [16982131] = {['id']=16982131, ['name']="Shahbizu", ['index']=115, ['level']=0},
    [16982133] = {['id']=16982133, ['name']="Nafiwaa", ['index']=117, ['level']=0},
    [16982134] = {['id']=16982134, ['name']="KubheIjyuhla", ['index']=118, ['level']=0},
    [16982135] = {['id']=16982135, ['name']="TohkaTelposkha", ['index']=119, ['level']=0},
    [16982136] = {['id']=16982136, ['name']="Gigirk", ['index']=120, ['level']=0},
    [16982137] = {['id']=16982137, ['name']="Rodin-Comidin", ['index']=121, ['level']=0},
    [16982139] = {['id']=16982139, ['name']="Rujen-Gorgen", ['index']=123, ['level']=0},
    [16982140] = {['id']=16982140, ['name']="Zaranf", ['index']=124, ['level']=0},
    [16982144] = {['id']=16982144, ['name']="Ubahrid", ['index']=128, ['level']=0},
    [16982145] = {['id']=16982145, ['name']="Nijaom", ['index']=129, ['level']=0},
    [16982150] = {['id']=16982150, ['name']="Drahbah", ['index']=134, ['level']=0},
    [16982151] = {['id']=16982151, ['name']="Kazween", ['index']=135, ['level']=0},
    [16982152] = {['id']=16982152, ['name']="Mariyaam", ['index']=136, ['level']=0},
    [16982153] = {['id']=16982153, ['name']="Shajaf", ['index']=137, ['level']=0},
    [16982154] = {['id']=16982154, ['name']="NadeePeriyaha", ['index']=138, ['level']=0},
    [16982156] = {['id']=16982156, ['name']="NajaSalaheem", ['index']=140, ['level']=0},
    [16982161] = {['id']=16982161, ['name']="Ghatsad", ['index']=145, ['level']=0},
    [16982162] = {['id']=16982162, ['name']="Abda-Lurabda", ['index']=146, ['level']=0},
    [16982163] = {['id']=16982163, ['name']="Tateeya", ['index']=147, ['level']=0},
    [16982164] = {['id']=16982164, ['name']="", ['index']=148, ['level']=0},
    [16982258] = {['id']=16982258, ['name']="Kuhmden", ['index']=242, ['level']=0},
    [16982260] = {['id']=16982260, ['name']="Prillaure", ['index']=244, ['level']=0},
    [16982261] = {['id']=16982261, ['name']="Ahaadah", ['index']=245, ['level']=0},
    [16982270] = {['id']=16982270, ['name']="Fochacha", ['index']=254, ['level']=0},
    [16982275] = {['id']=16982275, ['name']="Saliyahf", ['index']=259, ['level']=0},
    [16982292] = {['id']=16982292, ['name']="Dkhaaya", ['index']=276, ['level']=0},
    [16982302] = {['id']=16982302, ['name']="Lathuya", ['index']=286, ['level']=0},
    [16982314] = {['id']=16982314, ['name']="EkhuPesshyadha", ['index']=298, ['level']=0},
    [16982315] = {['id']=16982315, ['name']="Mathlouq", ['index']=299, ['level']=0},
    [16982316] = {['id']=16982316, ['name']="Zabahf", ['index']=300, ['level']=0},
    [16982317] = {['id']=16982317, ['name']="Mhasbaf", ['index']=301, ['level']=0},
    [16982318] = {['id']=16982318, ['name']="Matifa", ['index']=302, ['level']=0},
    [16982319] = {['id']=16982319, ['name']="TehfKimasnahya", ['index']=303, ['level']=0},
    [16982331] = {['id']=16982331, ['name']="DhimaPolevhia", ['index']=315, ['level']=0},
    [16982337] = {['id']=16982337, ['name']="Balakaf", ['index']=321, ['level']=0},
    [16982446] = {['id']=16982446, ['name']="Mishhar", ['index']=430, ['level']=0},
    [16982457] = {['id']=16982457, ['name']="Asrahd", ['index']=441, ['level']=0},
    [16982459] = {['id']=16982459, ['name']="Sajaaya", ['index']=443, ['level']=0},
    [16982460] = {['id']=16982460, ['name']="Hajawaa", ['index']=444, ['level']=0},
    [16982461] = {['id']=16982461, ['name']="Jarafah", ['index']=445, ['level']=0},
    [16982463] = {['id']=16982463, ['name']="TsihKolgimih", ['index']=447, ['level']=0},
    [16982566] = {['id']=16982566, ['name']="", ['index']=550, ['level']=0},
    [16982568] = {['id']=16982568, ['name']="Sanraku", ['index']=552, ['level']=0},
    [16982569] = {['id']=16982569, ['name']="Ryo", ['index']=553, ['level']=0},
    [16982636] = {['id']=16982636, ['name']="VoidwatchPurve", ['index']=620, ['level']=0},
    [16982641] = {['id']=16982641, ['name']="LinkshellConci", ['index']=625, ['level']=0},
    [16982047] = {['id']=16982047, ['name']="Zhamwaa", ['index']=31, ['level']=0},
    [16982087] = {['id']=16982087, ['name']="Riyadahf", ['index']=71, ['level']=0},
    [16982094] = {['id']=16982094, ['name']="KulhAmariyo", ['index']=78, ['level']=0},
    [16982096] = {['id']=16982096, ['name']="Hagakoff", ['index']=80, ['level']=0},
    [16982108] = {['id']=16982108, ['name']="Qahzwin", ['index']=92, ['level']=0},
    [16982115] = {['id']=16982115, ['name']="Zwinam", ['index']=99, ['level']=0},
    [16982118] = {['id']=16982118, ['name']="Kaduru-Haiduru", ['index']=102, ['level']=0},
    [16982138] = {['id']=16982138, ['name']="Hajaom", ['index']=122, ['level']=0},
    [16982143] = {['id']=16982143, ['name']="Teteroon", ['index']=127, ['level']=0},
    [16982149] = {['id']=16982149, ['name']="Kamnahb", ['index']=133, ['level']=0},
    [16982157] = {['id']=16982157, ['name']="Abquhbah", ['index']=141, ['level']=0},
    [16982172] = {['id']=16982172, ['name']="Kantila", ['index']=156, ['level']=0},
    [16982252] = {['id']=16982252, ['name']="Cacaroon", ['index']=236, ['level']=0},
    [16982253] = {['id']=16982253, ['name']="Giehnz", ['index']=237, ['level']=0},
    [16982257] = {['id']=16982257, ['name']="Nadeey", ['index']=241, ['level']=0},
    [16982259] = {['id']=16982259, ['name']="Ugahar", ['index']=243, ['level']=0},
    [16982293] = {['id']=16982293, ['name']="AhkkJharcham", ['index']=277, ['level']=0},
    [16982297] = {['id']=16982297, ['name']="Waoud", ['index']=281, ['level']=0},
    [16982309] = {['id']=16982309, ['name']="Zasshal", ['index']=293, ['level']=0},
    [16982312] = {['id']=16982312, ['name']="Hadahda", ['index']=296, ['level']=0},
    [16982313] = {['id']=16982313, ['name']="Mushayra", ['index']=297, ['level']=0},
    [16982325] = {['id']=16982325, ['name']="Iruki-Waraki", ['index']=309, ['level']=0},
    [16982338] = {['id']=16982338, ['name']="Hishahma", ['index']=322, ['level']=0},
    [16982354] = {['id']=16982354, ['name']="Ghanraam", ['index']=338, ['level']=0},
    [16982462] = {['id']=16982462, ['name']="Pursuivant", ['index']=446, ['level']=0},
    [16982538] = {['id']=16982538, ['name']="Hugo", ['index']=522, ['level']=0},
    [16982032] = {['id']=16982032, ['name']="Tazhaal", ['index']=16, ['level']=0},
    [16982033] = {['id']=16982033, ['name']="Zarfhid", ['index']=17, ['level']=0},
    [16982036] = {['id']=16982036, ['name']="BurnishedBones", ['index']=20, ['level']=0},
    [16982037] = {['id']=16982037, ['name']="EsotericHound", ['index']=21, ['level']=0},
    [16982041] = {['id']=16982041, ['name']="BayaHiramayuh", ['index']=25, ['level']=0},
    [16982043] = {['id']=16982043, ['name']="MujiTsalahn", ['index']=27, ['level']=0},
    [16982069] = {['id']=16982069, ['name']="Sharin-Garin", ['index']=53, ['level']=0},
    [16982095] = {['id']=16982095, ['name']="KhafJhifanm", ['index']=79, ['level']=0},
    [16982097] = {['id']=16982097, ['name']="Bajahb", ['index']=81, ['level']=0},
    [16982099] = {['id']=16982099, ['name']="Fayeewah", ['index']=83, ['level']=0},
    [16982100] = {['id']=16982100, ['name']="Yafaaf", ['index']=84, ['level']=0},
    [16982101] = {['id']=16982101, ['name']="Wahnid", ['index']=85, ['level']=0},
    [16982107] = {['id']=16982107, ['name']="Jumaaf", ['index']=91, ['level']=0},
    [16982122] = {['id']=16982122, ['name']="KemhaFlasehp", ['index']=106, ['level']=0},
    [16982132] = {['id']=16982132, ['name']="Nonoroon", ['index']=116, ['level']=0},
    [16982141] = {['id']=16982141, ['name']="Kelsha-Melansha", ['index']=125, ['level']=0},
    [16982142] = {['id']=16982142, ['name']="Halbeeya", ['index']=126, ['level']=0},
    [16982146] = {['id']=16982146, ['name']="Zubyahn", ['index']=130, ['level']=0},
    [16982147] = {['id']=16982147, ['name']="Amajal", ['index']=131, ['level']=0},
    [16982148] = {['id']=16982148, ['name']="Hashayra", ['index']=132, ['level']=0},
    [16982171] = {['id']=16982171, ['name']="Rytaal", ['index']=155, ['level']=0},
    [16982173] = {['id']=16982173, ['name']="Qulsun", ['index']=157, ['level']=0},
    [16982174] = {['id']=16982174, ['name']="Yahsra", ['index']=158, ['level']=0},
    [16982175] = {['id']=16982175, ['name']="Isdebaaq", ['index']=159, ['level']=0},
    [16982176] = {['id']=16982176, ['name']="Famad", ['index']=160, ['level']=0},
    [16982177] = {['id']=16982177, ['name']="Lageegee", ['index']=161, ['level']=0},
    [16982178] = {['id']=16982178, ['name']="BhoyYhupplo", ['index']=162, ['level']=0},
    [16982179] = {['id']=16982179, ['name']="SorrowfulSage", ['index']=163, ['level']=0},
    [16982180] = {['id']=16982180, ['name']="Berangere", ['index']=164, ['level']=0},
    [16982254] = {['id']=16982254, ['name']="Sashosho", ['index']=238, ['level']=0},
    [16982264] = {['id']=16982264, ['name']="Ratihb", ['index']=248, ['level']=0},
    [16982273] = {['id']=16982273, ['name']="Qutiba", ['index']=257, ['level']=0},
    [16982274] = {['id']=16982274, ['name']="Ulamaal", ['index']=258, ['level']=0},
    [16982276] = {['id']=16982276, ['name']="Wazyih", ['index']=260, ['level']=0},
    [16982339] = {['id']=16982339, ['name']="Dabhuh", ['index']=323, ['level']=0},
    [16982364] = {['id']=16982364, ['name']="Fari-Wari", ['index']=348, ['level']=0},
    [16982455] = {['id']=16982455, ['name']="Fubruhn", ['index']=439, ['level']=0},
    [16982632] = {['id']=16982632, ['name']="PorterMoogle", ['index']=616, ['level']=0},
    [16982637] = {['id']=16982637, ['name']="MrohkSahjuuli", ['index']=621, ['level']=0},
    [16982639] = {['id']=16982639, ['name']="Wondrix", ['index']=623, ['level']=0},
    [16982644] = {['id']=16982644, ['name']="SurvivalGuide", ['index']=628, ['level']=0},
    [16982110] = {['id']=16982110, ['name']="Arzizah", ['index']=94, ['level']=0},
    [16982111] = {['id']=16982111, ['name']="Mafwahb", ['index']=95, ['level']=0},
