    [17133967] = {['id']=17133967, ['name']="InvincibleShie", ['index']=399, ['level']=0},
    [17133986] = {['id']=17133986, ['name']="Waldemar,I.M.", ['index']=418, ['level']=0},
    [17134021] = {['id']=17134021, ['name']="Zazarg", ['index']=453, ['level']=0},
    [17134031] = {['id']=17134031, ['name']="Adelinde", ['index']=463, ['level']=0},
    [17134038] = {['id']=17134038, ['name']="GentleTiger", ['index']=470, ['level']=0},
    [17134043] = {['id']=17134043, ['name']="Chocobo", ['index']=475, ['level']=0},
    [17134044] = {['id']=17134044, ['name']="Chocobo", ['index']=476, ['level']=0},
    [17134046] = {['id']=17134046, ['name']="ScarredShark", ['index']=478, ['level']=0},
    [17134053] = {['id']=17134053, ['name']="Paul", ['index']=485, ['level']=0},
    [17134055] = {['id']=17134055, ['name']="Rolf", ['index']=487, ['level']=0},
    [17134059] = {['id']=17134059, ['name']="RustedMusket", ['index']=491, ['level']=0},
    [17134074] = {['id']=17134074, ['name']="RedCanyon", ['index']=506, ['level']=0},
    [17134082] = {['id']=17134082, ['name']="Weldon", ['index']=514, ['level']=0},
    [17134108] = {['id']=17134108, ['name']="Melina", ['index']=540, ['level']=0},
    [17134130] = {['id']=17134130, ['name']="Millard,I.M.", ['index']=562, ['level']=0},
    [17134164] = {['id']=17134164, ['name']="Jagaris", ['index']=596, ['level']=0},
    [17134242] = {['id']=17134242, ['name']="Radford", ['index']=674, ['level']=0},
    [17134276] = {['id']=17134276, ['name']="AtmaciteRefine", ['index']=708, ['level']=0},
    [17134277] = {['id']=17134277, ['name']="VoidwatchOffic", ['index']=709, ['level']=0},
    [17134278] = {['id']=17134278, ['name']="VoidwatchPurve", ['index']=710, ['level']=0},
    [17134282] = {['id']=17134282, ['name']="SurvivalGuide", ['index']=714, ['level']=0},
    [17134110] = {['id']=17134110, ['name']="Minna", ['index']=542, ['level']=0},
    [17134057] = {['id']=17134057, ['name']="Christoph", ['index']=489, ['level']=0},
    [17134075] = {['id']=17134075, ['name']="Blingbrix", ['index']=507, ['level']=0},
    [17134083] = {['id']=17134083, ['name']="Karlotte", ['index']=515, ['level']=0},
    [17134279] = {['id']=17134279, ['name']="PorterMoogle", ['index']=711, ['level']=0},
    [17134255] = {['id']=17134255, ['name']="Keenan", ['index']=687, ['level']=0},
    [17134036] = {['id']=17134036, ['name']="Nudara", ['index']=468, ['level']=0},
    [17134076] = {['id']=17134076, ['name']="Heumila", ['index']=508, ['level']=0},
    [17134051] = {['id']=17134051, ['name']="Kasper", ['index']=483, ['level']=0},
    [17134140] = {['id']=17134140, ['name']="Hinrich", ['index']=572, ['level']=0},
    [17134056] = {['id']=17134056, ['name']="Magdalena", ['index']=488, ['level']=0},
    [17134042] = {['id']=17134042, ['name']="BottomlessGorg", ['index']=474, ['level']=0},
    [17134111] = {['id']=17134111, ['name']="Annabelle", ['index']=543, ['level']=0},
    [17134141] = {['id']=17134141, ['name']="Blatherix", ['index']=573, ['level']=0},
    [17133993] = {['id']=17133993, ['name']="Narkissa,C.A.", ['index']=425, ['level']=0},
    [17133969] = {['id']=17133969, ['name']="Sonia", ['index']=401, ['level']=0},
    [17134090] = {['id']=17134090, ['name']="Aurelius", ['index']=522, ['level']=0},
    [17134086] = {['id']=17134086, ['name']="Hieronymus", ['index']=518, ['level']=0},
    [17134107] = {['id']=17134107, ['name']="Fridolin", ['index']=539, ['level']=0},
    [17134030] = {['id']=17134030, ['name']="Adelbrecht", ['index']=462, ['level']=0},
    [17134084] = {['id']=17134084, ['name']="Isabella", ['index']=516, ['level']=0},
    [17133939] = {['id']=17133939, ['name']="Kevan", ['index']=371, ['level']=0},
    [17134054] = {['id']=17134054, ['name']="Benjamin", ['index']=486, ['level']=0},
    [17134157] = {['id']=17134157, ['name']="Mariette", ['index']=589, ['level']=0},
    [17134033] = {['id']=17134033, ['name']="Offa", ['index']=465, ['level']=0},
    [17134118] = {['id']=17134118, ['name']="Loussaire", ['index']=550, ['level']=0},
    [17134041] = {['id']=17134041, ['name']="Drangord", ['index']=473, ['level']=0},
    [17134060] = {['id']=17134060, ['name']="Laurentia", ['index']=492, ['level']=0},
    [17134040] = {['id']=17134040, ['name']="Friedhold", ['index']=472, ['level']=0},
    [17133963] = {['id']=17133963, ['name']="MaximilianBerg", ['index']=395, ['level']=0},
    [17134283] = {['id']=17134283, ['name']="Faltavie", ['index']=715, ['level']=0},
    [17134087] = {['id']=17134087, ['name']="Quartermaster", ['index']=519, ['level']=0},
    [17134037] = {['id']=17134037, ['name']="Biggorf", ['index']=469, ['level']=0},
    [17134035] = {['id']=17134035, ['name']="Pagdako", ['index']=467, ['level']=0},
    [17134052] = {['id']=17134052, ['name']="Eleonore", ['index']=484, ['level']=0},
    [17134029] = {['id']=17134029, ['name']="AngryBull", ['index']=461, ['level']=0},
    [17133970] = {['id']=17133970, ['name']="StrikingBull", ['index']=402, ['level']=0},
    [17133964] = {['id']=17133964, ['name']="LudwigEichberg", ['index']=396, ['level']=0},
    [17134049] = {['id']=17134049, ['name']="Clemens", ['index']=481, ['level']=0},
    [17134097] = {['id']=17134097, ['name']="BhioFehriata", ['index']=529, ['level']=0},
    [17134158] = {['id']=17134158, ['name']="RoaringBadger", ['index']=590, ['level']=0},
    [17134045] = {['id']=17134045, ['name']="Wilhelmina", ['index']=477, ['level']=0},
    [17134153] = {['id']=17134153, ['name']="Wahid", ['index']=585, ['level']=0},
    [17134089] = {['id']=17134089, ['name']="Adjutant", ['index']=521, ['level']=0},
    [17134034] = {['id']=17134034, ['name']="Matthias", ['index']=466, ['level']=0},
    [17134058] = {['id']=17134058, ['name']="Dunbaff", ['index']=490, ['level']=0},
    [17134032] = {['id']=17134032, ['name']="Engelhart", ['index']=464, ['level']=0},
    [17133962] = {['id']=17133962, ['name']="BartholomausKr", ['index']=394, ['level']=0},
    [17134050] = {['id']=17134050, ['name']="Helmfried", ['index']=482, ['level']=0},
    [17134039] = {['id']=17134039, ['name']="Raginmund", ['index']=471, ['level']=0},
    [17134152] = {['id']=17134152, ['name']="Silke", ['index']=584, ['level']=0},
