    [17231916] = {['id']=17231916, ['name']="TundraTiger", ['index']=44, ['level']=37},
    [17231917] = {['id']=17231917, ['name']="TundraTiger", ['index']=45, ['level']=34},
    [17231919] = {['id']=17231919, ['name']="GoblinPathfind", ['index']=47, ['level']=36},
    [17231920] = {['id']=17231920, ['name']="Goblin'sTiger", ['index']=48, ['level']=28},
    [17231929] = {['id']=17231929, ['name']="IceElemental", ['index']=57, ['level']=44},
    [17232210] = {['id']=17232210, ['name']="Ryunchi-Pauchi,", ['index']=338, ['level']=0},
    [17232218] = {['id']=17232218, ['name']="Gueriette", ['index']=346, ['level']=0},
    [17232282] = {['id']=17232282, ['name']="FieldManual", ['index']=410, ['level']=0},
    [17232296] = {['id']=17232296, ['name']="GoblinGrenadie", ['index']=424, ['level']=0},
    [17232318] = {['id']=17232318, ['name']="SurvivalGuide", ['index']=446, ['level']=0},
    [17231932] = {['id']=17231932, ['name']="LivingStatue", ['index']=60, ['level']=37},
    [17231930] = {['id']=17231930, ['name']="IceElemental", ['index']=58, ['level']=44},
    [17231924] = {['id']=17231924, ['name']="ColdGigas", ['index']=52, ['level']=42},
    [17231918] = {['id']=17231918, ['name']="TundraTiger", ['index']=46, ['level']=36},
    [17231933] = {['id']=17231933, ['name']="BatEye", ['index']=61, ['level']=42},
    [17231985] = {['id']=17231985, ['name']="TundraTiger", ['index']=113, ['level']=34},
    [17231878] = {['id']=17231878, ['name']="TundraTiger", ['index']=6, ['level']=36},
    [17231879] = {['id']=17231879, ['name']="TundraTiger", ['index']=7, ['level']=35},
    [17231880] = {['id']=17231880, ['name']="TundraTiger", ['index']=8, ['level']=34},
    [17231881] = {['id']=17231881, ['name']="TundraTiger", ['index']=9, ['level']=36},
    [17231882] = {['id']=17231882, ['name']="GoblinPathfind", ['index']=10, ['level']=37},
    [17231883] = {['id']=17231883, ['name']="Goblin\'sTiger", ['index']=11, ['level']=29},
    [17231885] = {['id']=17231885, ['name']="GoblinSmithy", ['index']=13, ['level']=35},
    [17231886] = {['id']=17231886, ['name']="GoblinShaman", ['index']=14, ['level']=36},
    [17231884] = {['id']=17231884, ['name']="GoblinFurrier", ['index']=12, ['level']=35},
    [17231887] = {['id']=17231887, ['name']="TundraTiger", ['index']=15, ['level']=34},
    [17231894] = {['id']=17231894, ['name']="GoblinSmithy", ['index']=22, ['level']=35},
    [17231895] = {['id']=17231895, ['name']="GoblinShaman", ['index']=23, ['level']=36},
    [17231891] = {['id']=17231891, ['name']="GoblinPathfind", ['index']=19, ['level']=37},
    [17231892] = {['id']=17231892, ['name']="Goblin\'sTiger", ['index']=20, ['level']=29},
    [17231897] = {['id']=17231897, ['name']="LivingStatue", ['index']=25, ['level']=39},
    [17231896] = {['id']=17231896, ['name']="LivingStatue", ['index']=24, ['level']=37},
    [17231893] = {['id']=17231893, ['name']="GoblinFurrier", ['index']=21, ['level']=38},
    [17231914] = {['id']=17231914, ['name']="BatEye", ['index']=42, ['level']=42},
    [17232282] = {['id']=17232282, ['name']="FieldManual", ['index']=410, ['level']=0},
    [17232318] = {['id']=17232318, ['name']="SurvivalGuide", ['index']=446, ['level']=0},
    [17232296] = {['id']=17232296, ['name']="GoblinGrenadie", ['index']=424, ['level']=0},
    [17231915] = {['id']=17231915, ['name']="BatEye", ['index']=43, ['level']=41},
    [17231928] = {['id']=17231928, ['name']="SleetGigas", ['index']=56, ['level']=43},
    [17231921] = {['id']=17231921, ['name']="GoblinFurrier", ['index']=49, ['level']=37},
    [17231922] = {['id']=17231922, ['name']="GoblinSmithy", ['index']=50, ['level']=36},
    [17231917] = {['id']=17231917, ['name']="TundraTiger", ['index']=45, ['level']=36},
    [17231907] = {['id']=17231907, ['name']="BatEye", ['index']=35, ['level']=42},
    [17231899] = {['id']=17231899, ['name']="TundraTiger", ['index']=27, ['level']=35},
    [17231898] = {['id']=17231898, ['name']="BatEye", ['index']=26, ['level']=42},
    [17231900] = {['id']=17231900, ['name']="TundraTiger", ['index']=28, ['level']=34},
    [17231908] = {['id']=17231908, ['name']="BatEye", ['index']=36, ['level']=42},
    [17231913] = {['id']=17231913, ['name']="SleetGigas", ['index']=41, ['level']=43},
    [17231896] = {['id']=17231896, ['name']="LivingStatue", ['index']=24, ['level']=37},
    [17231905] = {['id']=17231905, ['name']="SleetGigas", ['index']=33, ['level']=42},
    [17232027] = {['id']=17232027, ['name']="GoblinReaper", ['index']=155, ['level']=43},
    [17232020] = {['id']=17232020, ['name']="GoblinReaper", ['index']=148, ['level']=43},
    [17231894] = {['id']=17231894, ['name']="GoblinSmithy", ['index']=22, ['level']=35},
    [17231895] = {['id']=17231895, ['name']="GoblinShaman", ['index']=23, ['level']=36},
    [17231897] = {['id']=17231897, ['name']="LivingStatue", ['index']=25, ['level']=39},
    [17231906] = {['id']=17231906, ['name']="DarkElemental", ['index']=34, ['level']=44},
    [17231950] = {['id']=17231950, ['name']="BatEye", ['index']=78, ['level']=41},
    [17231955] = {['id']=17231955, ['name']="Ghast", ['index']=83, ['level']=40},
    [17231956] = {['id']=17231956, ['name']="Lugat", ['index']=84, ['level']=41},
    [17231918] = {['id']=17231918, ['name']="TundraTiger", ['index']=46, ['level']=37},
    [17231929] = {['id']=17231929, ['name']="IceElemental", ['index']=57, ['level']=45},
    [17231930] = {['id']=17231930, ['name']="IceElemental", ['index']=58, ['level']=45},
    [17231932] = {['id']=17231932, ['name']="LivingStatue", ['index']=60, ['level']=38},
    [17231919] = {['id']=17231919, ['name']="GoblinPathfind", ['index']=47, ['level']=37},
    [17231920] = {['id']=17231920, ['name']="Goblin\'sTiger", ['index']=48, ['level']=30},
    [17231923] = {['id']=17231923, ['name']="GoblinShaman", ['index']=51, ['level']=35},
    [17231916] = {['id']=17231916, ['name']="TundraTiger", ['index']=44, ['level']=34},
    [17231948] = {['id']=17231948, ['name']="TundraTiger", ['index']=76, ['level']=35},
    [17231979] = {['id']=17231979, ['name']="TundraTiger", ['index']=107, ['level']=34},
    [17231934] = {['id']=17231934, ['name']="BatEye", ['index']=62, ['level']=41},
    [17231933] = {['id']=17231933, ['name']="BatEye", ['index']=61, ['level']=40},
    [17231935] = {['id']=17231935, ['name']="BatEye", ['index']=63, ['level']=41},
    [17231985] = {['id']=17231985, ['name']="TundraTiger", ['index']=113, ['level']=34},
    [17231990] = {['id']=17231990, ['name']="SleetGigas", ['index']=118, ['level']=43},
    [17231983] = {['id']=17231983, ['name']="TundraTiger", ['index']=111, ['level']=34},
    [17231938] = {['id']=17231938, ['name']="BatEye", ['index']=66, ['level']=42},
    [17231937] = {['id']=17231937, ['name']="BatEye", ['index']=65, ['level']=42},
    [17231947] = {['id']=17231947, ['name']="DarkElemental", ['index']=75, ['level']=44},
    [17231936] = {['id']=17231936, ['name']="BatEye", ['index']=64, ['level']=40},
    [17231984] = {['id']=17231984, ['name']="TundraTiger", ['index']=112, ['level']=36},
    [17232024] = {['id']=17232024, ['name']="GoblinTrader", ['index']=152, ['level']=43},
    [17232025] = {['id']=17232025, ['name']="Goblin\'sTiger", ['index']=153, ['level']=35},
    [17232017] = {['id']=17232017, ['name']="GoblinTrader", ['index']=145, ['level']=42},
    [17232018] = {['id']=17232018, ['name']="Goblin\'sTiger", ['index']=146, ['level']=35},
    [17232016] = {['id']=17232016, ['name']="GoblinPoacher", ['index']=144, ['level']=43},
    [17231981] = {['id']=17231981, ['name']="BatEye", ['index']=109, ['level']=41},
    [17231991] = {['id']=17231991, ['name']="BatEye", ['index']=119, ['level']=41},
    [17231992] = {['id']=17231992, ['name']="BatEye", ['index']=120, ['level']=42},
    [17231993] = {['id']=17231993, ['name']="TundraTiger", ['index']=121, ['level']=36},
    [17231994] = {['id']=17231994, ['name']="TundraTiger", ['index']=122, ['level']=34},
    [17231995] = {['id']=17231995, ['name']="TundraTiger", ['index']=123, ['level']=35},
    [17231996] = {['id']=17231996, ['name']="StoneGolem", ['index']=124, ['level']=41},
    [17231998] = {['id']=17231998, ['name']="TundraTiger", ['index']=126, ['level']=37},
    [17232001] = {['id']=17232001, ['name']="GoblinFurrier", ['index']=129, ['level']=37},
    [17232002] = {['id']=17232002, ['name']="GoblinSmithy", ['index']=130, ['level']=36},
    [17232003] = {['id']=17232003, ['name']="GoblinShaman", ['index']=131, ['level']=38},
    [17232077] = {['id']=17232077, ['name']="TundraTiger", ['index']=205, ['level']=35},
    [17232088] = {['id']=17232088, ['name']="TundraTiger", ['index']=216, ['level']=34},
    [17232224] = {['id']=17232224, ['name']="Torino-Samarino", ['index']=352, ['level']=0},
    [17232225] = {['id']=17232225, ['name']="Potete", ['index']=353, ['level']=0},
    [17232226] = {['id']=17232226, ['name']="Leigon-Moigon", ['index']=354, ['level']=0},
    [17232283] = {['id']=17232283, ['name']="FieldManual", ['index']=411, ['level']=0},
    [17232284] = {['id']=17232284, ['name']="FieldManual", ['index']=412, ['level']=0},
    [17232090] = {['id']=17232090, ['name']="SnowGigas", ['index']=218, ['level']=40},
    [17232011] = {['id']=17232011, ['name']="TundraTiger", ['index']=139, ['level']=36},
    [17232007] = {['id']=17232007, ['name']="BatEye", ['index']=135, ['level']=40},
    [17232013] = {['id']=17232013, ['name']="StoneGolem", ['index']=141, ['level']=42},
    [17232040] = {['id']=17232040, ['name']="SleetGigas", ['index']=168, ['level']=43},
    [17232012] = {['id']=17232012, ['name']="StoneGolem", ['index']=140, ['level']=41},
    [17232008] = {['id']=17232008, ['name']="BatEye", ['index']=136, ['level']=40},
    [17232009] = {['id']=17232009, ['name']="TundraTiger", ['index']=137, ['level']=37},
    [17232010] = {['id']=17232010, ['name']="TundraTiger", ['index']=138, ['level']=36},
    [17232072] = {['id']=17232072, ['name']="Goblin\'sTiger", ['index']=200, ['level']=33},
    [17232071] = {['id']=17232071, ['name']="GoblinTrader", ['index']=199, ['level']=41},
    [17232067] = {['id']=17232067, ['name']="TundraTiger", ['index']=195, ['level']=37},
    [17232068] = {['id']=17232068, ['name']="TundraTiger", ['index']=196, ['level']=37},
    [17232069] = {['id']=17232069, ['name']="StoneGolem", ['index']=197, ['level']=40},
    [17232074] = {['id']=17232074, ['name']="GoblinReaper", ['index']=202, ['level']=41},
    [17232073] = {['id']=17232073, ['name']="GoblinRobber", ['index']=201, ['level']=43},
    [17232066] = {['id']=17232066, ['name']="TundraTiger", ['index']=194, ['level']=36},
    [17232076] = {['id']=17232076, ['name']="TundraTiger", ['index']=204, ['level']=36},
    [17232079] = {['id']=17232079, ['name']="Gargantua", ['index']=207, ['level']=47},
    [17232080] = {['id']=17232080, ['name']="GoblinPoacher", ['index']=208, ['level']=42},
    [17232083] = {['id']=17232083, ['name']="GoblinRobber", ['index']=211, ['level']=42},
    [17232082] = {['id']=17232082, ['name']="Goblin\'sTiger", ['index']=210, ['level']=34},
    [17232081] = {['id']=17232081, ['name']="GoblinTrader", ['index']=209, ['level']=40},
    [17232086] = {['id']=17232086, ['name']="LivingStatue", ['index']=214, ['level']=37},
    [17232085] = {['id']=17232085, ['name']="LivingStatue", ['index']=213, ['level']=38},
    [17232084] = {['id']=17232084, ['name']="GoblinReaper", ['index']=212, ['level']=43},
    [17232107] = {['id']=17232107, ['name']="GoblinPoacher", ['index']=235, ['level']=40},
    [17232108] = {['id']=17232108, ['name']="GoblinTrader", ['index']=236, ['level']=42},
    [17232109] = {['id']=17232109, ['name']="Goblin\'sTiger", ['index']=237, ['level']=34},
    [17232110] = {['id']=17232110, ['name']="GoblinRobber", ['index']=238, ['level']=43},
    [17232111] = {['id']=17232111, ['name']="GoblinReaper", ['index']=239, ['level']=40},
    [17232112] = {['id']=17232112, ['name']="LivingStatue", ['index']=240, ['level']=38},
    [17232119] = {['id']=17232119, ['name']="GoblinTrader", ['index']=247, ['level']=40},
    [17232120] = {['id']=17232120, ['name']="Goblin\'sTiger", ['index']=248, ['level']=34},
    [17232122] = {['id']=17232122, ['name']="GoblinReaper", ['index']=250, ['level']=40},
    [17232118] = {['id']=17232118, ['name']="GoblinPoacher", ['index']=246, ['level']=42},
    [17232121] = {['id']=17232121, ['name']="GoblinRobber", ['index']=249, ['level']=41},
    [17232115] = {['id']=17232115, ['name']="LivingStatue", ['index']=243, ['level']=38},
    [17232117] = {['id']=17232117, ['name']="Calcabrina", ['index']=245, ['level']=54},
    [17232116] = {['id']=17232116, ['name']="LivingStatue", ['index']=244, ['level']=37},
    [17232113] = {['id']=17232113, ['name']="LivingStatue", ['index']=241, ['level']=37},
    [17232114] = {['id']=17232114, ['name']="LivingStatue", ['index']=242, ['level']=39},
    [17232123] = {['id']=17232123, ['name']="LivingStatue", ['index']=251, ['level']=38},
