    [17334448] = {['id']=17334448, ['name']="Gargouille", ['index']=176, ['level']=81},
    [17334449] = {['id']=17334449, ['name']="Gargouille", ['index']=177, ['level']=81},
    [17334451] = {['id']=17334451, ['name']="Gargouille", ['index']=179, ['level']=82},
    [17334452] = {['id']=17334452, ['name']="Gargouille", ['index']=180, ['level']=81},
    [17334453] = {['id']=17334453, ['name']="Gargouille", ['index']=181, ['level']=82},
    [17334454] = {['id']=17334454, ['name']="GlacialImp", ['index']=182, ['level']=79},
    [17334461] = {['id']=17334461, ['name']="GlacialImp", ['index']=189, ['level']=79},
    [17335168] = {['id']=17335168, ['name']="SurvivalGuide", ['index']=896, ['level']=0},
    [17334460] = {['id']=17334460, ['name']="GlacialImp", ['index']=188, ['level']=79},
    [17334458] = {['id']=17334458, ['name']="Gargouille", ['index']=186, ['level']=82},
    [17334455] = {['id']=17334455, ['name']="GlacialImp", ['index']=183, ['level']=79},
    [17334457] = {['id']=17334457, ['name']="Gargouille", ['index']=185, ['level']=82},
    [17334459] = {['id']=17334459, ['name']="Gargouille", ['index']=187, ['level']=82},
    [17334464] = {['id']=17334464, ['name']="Gargouille", ['index']=192, ['level']=81},
    [17334463] = {['id']=17334463, ['name']="Gargouille", ['index']=191, ['level']=82},
    [17334462] = {['id']=17334462, ['name']="Gargouille", ['index']=190, ['level']=81},
    [17334465] = {['id']=17334465, ['name']="Gargouille", ['index']=193, ['level']=82},
    [17334437] = {['id']=17334437, ['name']="Gawper", ['index']=165, ['level']=81},
    [17334440] = {['id']=17334440, ['name']="IceElemental", ['index']=168, ['level']=80},
    [17334439] = {['id']=17334439, ['name']="Dryptotaur", ['index']=167, ['level']=80},
    [17334436] = {['id']=17334436, ['name']="Gawper", ['index']=164, ['level']=82},
    [17334438] = {['id']=17334438, ['name']="Gawper", ['index']=166, ['level']=82},
    [17334382] = {['id']=17334382, ['name']="GigasCleaver", ['index']=110, ['level']=82},
    [17334466] = {['id']=17334466, ['name']="Gargouille", ['index']=194, ['level']=82},
    [17334468] = {['id']=17334468, ['name']="Gargouille", ['index']=196, ['level']=82},
    [17334974] = {['id']=17334974, ['name']="Moana,C.A.", ['index']=702, ['level']=0},
    [17334426] = {['id']=17334426, ['name']="Gawper", ['index']=154, ['level']=82},
    [17334424] = {['id']=17334424, ['name']="Dryptotaur", ['index']=152, ['level']=79},
    [17334425] = {['id']=17334425, ['name']="Gawper", ['index']=153, ['level']=81},
    [17334392] = {['id']=17334392, ['name']="Gawper", ['index']=120, ['level']=80},
    [17334433] = {['id']=17334433, ['name']="Dryptotaur", ['index']=161, ['level']=80},
    [17334389] = {['id']=17334389, ['name']="GigasPounder", ['index']=117, ['level']=81},
    [17334434] = {['id']=17334434, ['name']="Gawper", ['index']=162, ['level']=82},
    [17334772] = {['id']=17334772, ['name']="ShadowfangVoid", ['index']=500, ['level']=70},
    [17334778] = {['id']=17334778, ['name']="ShadowfangVoid", ['index']=506, ['level']=70},
    [17334771] = {['id']=17334771, ['name']="Shadowfang", ['index']=499, ['level']=70},
    [17334391] = {['id']=17334391, ['name']="Gawper", ['index']=119, ['level']=80},
    [17334390] = {['id']=17334390, ['name']="Gawper", ['index']=118, ['level']=81},
    [17334435] = {['id']=17334435, ['name']="Gawper", ['index']=163, ['level']=81},
    [17334779] = {['id']=17334779, ['name']="ShadowfangVoid", ['index']=507, ['level']=70},
    [17334775] = {['id']=17334775, ['name']="ShadowfangVoid", ['index']=503, ['level']=70},
    [17334777] = {['id']=17334777, ['name']="ShadowfangVoid", ['index']=505, ['level']=70},
    [17334774] = {['id']=17334774, ['name']="ShadowfangVoid", ['index']=502, ['level']=70},
    [17334387] = {['id']=17334387, ['name']="GigasPounder", ['index']=115, ['level']=82},
    [17334394] = {['id']=17334394, ['name']="Gawper", ['index']=122, ['level']=80},
    [17334428] = {['id']=17334428, ['name']="Dryptotaur", ['index']=156, ['level']=79},
    [17334429] = {['id']=17334429, ['name']="Dryptotaur", ['index']=157, ['level']=80},
    [17334431] = {['id']=17334431, ['name']="IceElemental", ['index']=159, ['level']=80},
    [17334388] = {['id']=17334388, ['name']="Gawper", ['index']=116, ['level']=80},
    [17334386] = {['id']=17334386, ['name']="GigasCleaver", ['index']=114, ['level']=82},
    [17334385] = {['id']=17334385, ['name']="Gawper", ['index']=113, ['level']=81},
    [17334383] = {['id']=17334383, ['name']="GigasPounder", ['index']=111, ['level']=81},
    [17334381] = {['id']=17334381, ['name']="GigasCleaver", ['index']=109, ['level']=81},
    [17334384] = {['id']=17334384, ['name']="Gawper", ['index']=112, ['level']=80},
    [17334370] = {['id']=17334370, ['name']="GigasPelter", ['index']=98, ['level']=81},
    [17334372] = {['id']=17334372, ['name']="IcefangTiger", ['index']=100, ['level']=77},
    [17334371] = {['id']=17334371, ['name']="IcefangTiger", ['index']=99, ['level']=78},
    [17334367] = {['id']=17334367, ['name']="Fulminator", ['index']=95, ['level']=78},
    [17334362] = {['id']=17334362, ['name']="GigasFlesher", ['index']=90, ['level']=81},
    [17334320] = {['id']=17334320, ['name']="ThawedBones", ['index']=48, ['level']=77},
    [17334363] = {['id']=17334363, ['name']="Gigas'sTiger", ['index']=91, ['level']=75},
    [17334366] = {['id']=17334366, ['name']="IcefangTiger", ['index']=94, ['level']=79},
    [17334364] = {['id']=17334364, ['name']="GigasPelter", ['index']=92, ['level']=80},
    [17334360] = {['id']=17334360, ['name']="IcefangTiger", ['index']=88, ['level']=77},
    [17334361] = {['id']=17334361, ['name']="IcefangTiger", ['index']=89, ['level']=77},
    [17334359] = {['id']=17334359, ['name']="GigasPelter", ['index']=87, ['level']=80},
    [17334357] = {['id']=17334357, ['name']="GigasFlesher", ['index']=85, ['level']=81},
    [17334358] = {['id']=17334358, ['name']="Gigas'sTiger", ['index']=86, ['level']=75},
    [17334295] = {['id']=17334295, ['name']="Ruszor", ['index']=23, ['level']=79},
    [17334293] = {['id']=17334293, ['name']="Ruszor", ['index']=21, ['level']=82},
    [17334294] = {['id']=17334294, ['name']="Ruszor", ['index']=22, ['level']=78},
    [17334296] = {['id']=17334296, ['name']="ThawedBones", ['index']=24, ['level']=78},
    [17334340] = {['id']=17334340, ['name']="GigasFlesher", ['index']=68, ['level']=80},
    [17334341] = {['id']=17334341, ['name']="Gigas'sTiger", ['index']=69, ['level']=76},
    [17334343] = {['id']=17334343, ['name']="IcefangTiger", ['index']=71, ['level']=77},
    [17334344] = {['id']=17334344, ['name']="IcefangTiger", ['index']=72, ['level']=77},
    [17334302] = {['id']=17334302, ['name']="ThawedBones", ['index']=30, ['level']=77},
    [17334297] = {['id']=17334297, ['name']="Ruszor", ['index']=25, ['level']=82},
    [17334300] = {['id']=17334300, ['name']="Ruszor", ['index']=28, ['level']=78},
    [17334312] = {['id']=17334312, ['name']="ThawedBones", ['index']=40, ['level']=78},
    [17334313] = {['id']=17334313, ['name']="ThawedBones", ['index']=41, ['level']=78},
    [17334321] = {['id']=17334321, ['name']="IceElemental", ['index']=49, ['level']=80},
    [17334315] = {['id']=17334315, ['name']="Ruszor", ['index']=43, ['level']=78},
    [17334318] = {['id']=17334318, ['name']="ThawedBones", ['index']=46, ['level']=78},
    [17334319] = {['id']=17334319, ['name']="ThawedBones", ['index']=47, ['level']=78},
    [17334324] = {['id']=17334324, ['name']="Ruszor", ['index']=52, ['level']=78},
    [17334373] = {['id']=17334373, ['name']="Fulminator", ['index']=101, ['level']=78},
    [17334325] = {['id']=17334325, ['name']="Ruszor", ['index']=53, ['level']=79},
    [17334330] = {['id']=17334330, ['name']="Ruszor", ['index']=58, ['level']=78},
    [17334331] = {['id']=17334331, ['name']="Ruszor", ['index']=59, ['level']=79},
    [17334329] = {['id']=17334329, ['name']="Ruszor", ['index']=57, ['level']=79},
    [17334332] = {['id']=17334332, ['name']="Ekimmu", ['index']=60, ['level']=80},
    [17334333] = {['id']=17334333, ['name']="Ruszor", ['index']=61, ['level']=81},
    [17334334] = {['id']=17334334, ['name']="Ruszor", ['index']=62, ['level']=78},
    [17334335] = {['id']=17334335, ['name']="Ruszor", ['index']=63, ['level']=78},
    [17334336] = {['id']=17334336, ['name']="Scylla", ['index']=64, ['level']=85},
    [17334377] = {['id']=17334377, ['name']="GigasFlesher", ['index']=105, ['level']=81},
    [17334378] = {['id']=17334378, ['name']="Gigas'sTiger", ['index']=106, ['level']=75},
    [17334344] = {['id']=17334344, ['name']="IcefangTiger", ['index']=72, ['level']=77},
    [17334345] = {['id']=17334345, ['name']="IcefangTiger", ['index']=73, ['level']=78},
    [17334357] = {['id']=17334357, ['name']="GigasFlesher", ['index']=85, ['level']=81},
    [17334358] = {['id']=17334358, ['name']="Gigas'sTiger", ['index']=86, ['level']=75},
    [17334359] = {['id']=17334359, ['name']="GigasPelter", ['index']=87, ['level']=80},
    [17334360] = {['id']=17334360, ['name']="IcefangTiger", ['index']=88, ['level']=77},
    [17334389] = {['id']=17334389, ['name']="GigasPounder", ['index']=117, ['level']=81},
    [17334361] = {['id']=17334361, ['name']="IcefangTiger", ['index']=89, ['level']=77},
    [17334362] = {['id']=17334362, ['name']="GigasFlesher", ['index']=90, ['level']=81},
    [17334367] = {['id']=17334367, ['name']="Fulminator", ['index']=95, ['level']=78},
    [17334363] = {['id']=17334363, ['name']="Gigas'sTiger", ['index']=91, ['level']=75},
    [17334364] = {['id']=17334364, ['name']="GigasPelter", ['index']=92, ['level']=80},
    [17334366] = {['id']=17334366, ['name']="IcefangTiger", ['index']=94, ['level']=79},
    [17334391] = {['id']=17334391, ['name']="Gawper", ['index']=119, ['level']=80},
    [17334368] = {['id']=17334368, ['name']="GigasFlesher", ['index']=96, ['level']=81},
    [17334369] = {['id']=17334369, ['name']="Gigas'sTiger", ['index']=97, ['level']=75},
    [17334372] = {['id']=17334372, ['name']="IcefangTiger", ['index']=100, ['level']=77},
    [17334387] = {['id']=17334387, ['name']="GigasPounder", ['index']=115, ['level']=82},
    [17334386] = {['id']=17334386, ['name']="GigasCleaver", ['index']=114, ['level']=82},
    [17334388] = {['id']=17334388, ['name']="Gawper", ['index']=116, ['level']=80},
    [17334371] = {['id']=17334371, ['name']="IcefangTiger", ['index']=99, ['level']=78},
    [17334374] = {['id']=17334374, ['name']="GigasPelter", ['index']=102, ['level']=81},
    [17334375] = {['id']=17334375, ['name']="IcefangTiger", ['index']=103, ['level']=79},
    [17334376] = {['id']=17334376, ['name']="IcefangTiger", ['index']=104, ['level']=77},
    [17334381] = {['id']=17334381, ['name']="GigasCleaver", ['index']=109, ['level']=81},
    [17334382] = {['id']=17334382, ['name']="GigasCleaver", ['index']=110, ['level']=82},
    [17334383] = {['id']=17334383, ['name']="GigasPounder", ['index']=111, ['level']=81},
    [17334384] = {['id']=17334384, ['name']="Gawper", ['index']=112, ['level']=80},
    [17334385] = {['id']=17334385, ['name']="Gawper", ['index']=113, ['level']=81},
    [17334390] = {['id']=17334390, ['name']="Gawper", ['index']=118, ['level']=81},
    [17334392] = {['id']=17334392, ['name']="Gawper", ['index']=120, ['level']=80},
    [17334370] = {['id']=17334370, ['name']="GigasPelter", ['index']=98, ['level']=81},
    [17334793] = {['id']=17334793, ['name']="ShadowwingInfu", ['index']=521, ['level']=70},
    [17334794] = {['id']=17334794, ['name']="ShadowwingInfu", ['index']=522, ['level']=70},
    [17334795] = {['id']=17334795, ['name']="ShadowwingInfu", ['index']=523, ['level']=70},
    [17334796] = {['id']=17334796, ['name']="ShadowwingInfu", ['index']=524, ['level']=70},
    [17334797] = {['id']=17334797, ['name']="ShadowwingInfu", ['index']=525, ['level']=70},
    [17334798] = {['id']=17334798, ['name']="ShadowwingInfu", ['index']=526, ['level']=70},
    [17334833] = {['id']=17334833, ['name']="FiendishLeechk", ['index']=561, ['level']=60},
    [17334834] = {['id']=17334834, ['name']="FiendishLeechk", ['index']=562, ['level']=60},
    [17334835] = {['id']=17334835, ['name']="FiendishLeechk", ['index']=563, ['level']=60},
    [17334836] = {['id']=17334836, ['name']="FiendishLeechk", ['index']=564, ['level']=60},
    [17334837] = {['id']=17334837, ['name']="FiendishLeechk", ['index']=565, ['level']=60},
    [17334838] = {['id']=17334838, ['name']="FiendishLeechk", ['index']=566, ['level']=60},
    [17334800] = {['id']=17334800, ['name']="ShadowwingInfu", ['index']=528, ['level']=70},
    [17334433] = {['id']=17334433, ['name']="Dryptotaur", ['index']=161, ['level']=80},
    [17334435] = {['id']=17334435, ['name']="Gawper", ['index']=163, ['level']=81},
    [17334434] = {['id']=17334434, ['name']="Gawper", ['index']=162, ['level']=82},
    [17334430] = {['id']=17334430, ['name']="Gawper", ['index']=158, ['level']=81},
    [17334393] = {['id']=17334393, ['name']="Gawper", ['index']=121, ['level']=81},
    [17334394] = {['id']=17334394, ['name']="Gawper", ['index']=122, ['level']=80},
    [17334397] = {['id']=17334397, ['name']="Gawper", ['index']=125, ['level']=81},
    [17334342] = {['id']=17334342, ['name']="GigasPelter", ['index']=70, ['level']=81},
    [17334431] = {['id']=17334431, ['name']="IceElemental", ['index']=159, ['level']=80},
    [17334396] = {['id']=17334396, ['name']="GigasPounder", ['index']=124, ['level']=81},
    [17334395] = {['id']=17334395, ['name']="GigasCleaver", ['index']=123, ['level']=81},
    [17334346] = {['id']=17334346, ['name']="GigasFlesher", ['index']=74, ['level']=81},
    [17334347] = {['id']=17334347, ['name']="Gigas'sTiger", ['index']=75, ['level']=75},
    [17334399] = {['id']=17334399, ['name']="Gawper", ['index']=127, ['level']=81},
    [17334427] = {['id']=17334427, ['name']="Dryptotaur", ['index']=155, ['level']=79},
    [17334429] = {['id']=17334429, ['name']="Dryptotaur", ['index']=157, ['level']=80},
    [17334419] = {['id']=17334419, ['name']="Dryptotaur", ['index']=147, ['level']=79},
    [17334420] = {['id']=17334420, ['name']="Dryptotaur", ['index']=148, ['level']=80},
    [17334421] = {['id']=17334421, ['name']="Gawper", ['index']=149, ['level']=82},
    [17334422] = {['id']=17334422, ['name']="Gawper", ['index']=150, ['level']=81},
    [17334424] = {['id']=17334424, ['name']="Dryptotaur", ['index']=152, ['level']=79},
    [17334426] = {['id']=17334426, ['name']="Gawper", ['index']=154, ['level']=82},
    [17334425] = {['id']=17334425, ['name']="Gawper", ['index']=153, ['level']=81},
    [17334468] = {['id']=17334468, ['name']="Gargouille", ['index']=196, ['level']=82},
    [17334974] = {['id']=17334974, ['name']="Moana,C.A.", ['index']=702, ['level']=0},
    [17334467] = {['id']=17334467, ['name']="Gargouille", ['index']=195, ['level']=81},
    [17334469] = {['id']=17334469, ['name']="IceElemental", ['index']=197, ['level']=80},
    [17334440] = {['id']=17334440, ['name']="IceElemental", ['index']=168, ['level']=80},
    [17334439] = {['id']=17334439, ['name']="Dryptotaur", ['index']=167, ['level']=80},
    [17334466] = {['id']=17334466, ['name']="Gargouille", ['index']=194, ['level']=82},
    [17334436] = {['id']=17334436, ['name']="Gawper", ['index']=164, ['level']=82},
    [17334438] = {['id']=17334438, ['name']="Gawper", ['index']=166, ['level']=82},
    [17334437] = {['id']=17334437, ['name']="Gawper", ['index']=165, ['level']=81},
    [17334462] = {['id']=17334462, ['name']="Gargouille", ['index']=190, ['level']=81},
    [17334460] = {['id']=17334460, ['name']="GlacialImp", ['index']=188, ['level']=79},
    [17334461] = {['id']=17334461, ['name']="GlacialImp", ['index']=189, ['level']=79},
    [17334465] = {['id']=17334465, ['name']="Gargouille", ['index']=193, ['level']=82},
    [17334456] = {['id']=17334456, ['name']="Gargouille", ['index']=184, ['level']=82},
    [17334464] = {['id']=17334464, ['name']="Gargouille", ['index']=192, ['level']=81},
    [17334459] = {['id']=17334459, ['name']="Gargouille", ['index']=187, ['level']=82},
    [17334515] = {['id']=17334515, ['name']="Cyhiraeth", ['index']=243, ['level']=78},
    [17334517] = {['id']=17334517, ['name']="Cyhiraeth", ['index']=245, ['level']=80},
    [17334518] = {['id']=17334518, ['name']="Cyhiraeth", ['index']=246, ['level']=79},
    [17334516] = {['id']=17334516, ['name']="Cyhiraeth", ['index']=244, ['level']=79},
    [17334523] = {['id']=17334523, ['name']="Came-cruse", ['index']=251, ['level']=82},
    [17334506] = {['id']=17334506, ['name']="Cyhiraeth", ['index']=234, ['level']=79},
    [17334513] = {['id']=17334513, ['name']="Cyhiraeth", ['index']=241, ['level']=80},
    [17334519] = {['id']=17334519, ['name']="GlacialImp", ['index']=247, ['level']=80},
    [17334502] = {['id']=17334502, ['name']="GlacialImp", ['index']=230, ['level']=80},
    [17334501] = {['id']=17334501, ['name']="GlacialImp", ['index']=229, ['level']=80},
    [17334511] = {['id']=17334511, ['name']="IceElemental", ['index']=239, ['level']=80},
    [17334497] = {['id']=17334497, ['name']="Cyhiraeth", ['index']=225, ['level']=78},
    [17334503] = {['id']=17334503, ['name']="Cyhiraeth", ['index']=231, ['level']=80},
    [17334496] = {['id']=17334496, ['name']="Cyhiraeth", ['index']=224, ['level']=79},
    [17334500] = {['id']=17334500, ['name']="Cyhiraeth", ['index']=228, ['level']=78},
    [17334498] = {['id']=17334498, ['name']="Cyhiraeth", ['index']=226, ['level']=78},
    [17334423] = {['id']=17334423, ['name']="Dryptotaur", ['index']=151, ['level']=80},
    [17334473] = {['id']=17334473, ['name']="Gargouille", ['index']=201, ['level']=81},
    [17334474] = {['id']=17334474, ['name']="GlacialImp", ['index']=202, ['level']=79},
    [17334472] = {['id']=17334472, ['name']="Gargouille", ['index']=200, ['level']=82},
    [17334471] = {['id']=17334471, ['name']="Gargouille", ['index']=199, ['level']=81},
    [17334478] = {['id']=17334478, ['name']="GlacialImp", ['index']=206, ['level']=79},
    [17334477] = {['id']=17334477, ['name']="Gargouille", ['index']=205, ['level']=82},
    [17334479] = {['id']=17334479, ['name']="GlacialImp", ['index']=207, ['level']=78},
    [17334476] = {['id']=17334476, ['name']="Gargouille", ['index']=204, ['level']=82},
    [17334480] = {['id']=17334480, ['name']="IceElemental", ['index']=208, ['level']=80},
    [17334475] = {['id']=17334475, ['name']="Gargouille", ['index']=203, ['level']=82},
    [17334499] = {['id']=17334499, ['name']="Cyhiraeth", ['index']=227, ['level']=80},
    [17334493] = {['id']=17334493, ['name']="Cyhiraeth", ['index']=221, ['level']=79},
    [17334494] = {['id']=17334494, ['name']="GlacialImp", ['index']=222, ['level']=80},
    [17334492] = {['id']=17334492, ['name']="Cyhiraeth", ['index']=220, ['level']=79},
    [17334495] = {['id']=17334495, ['name']="GlacialImp", ['index']=223, ['level']=80},
    [17334510] = {['id']=17334510, ['name']="GlacialImp", ['index']=238, ['level']=80},
    [17334491] = {['id']=17334491, ['name']="Cyhiraeth", ['index']=219, ['level']=79},
    [17334505] = {['id']=17334505, ['name']="Cyhiraeth", ['index']=233, ['level']=78},
    [17334507] = {['id']=17334507, ['name']="Cyhiraeth", ['index']=235, ['level']=80},
    [17334487] = {['id']=17334487, ['name']="Cyhiraeth", ['index']=215, ['level']=80},
    [17334504] = {['id']=17334504, ['name']="Cyhiraeth", ['index']=232, ['level']=79},
    [17334508] = {['id']=17334508, ['name']="Cyhiraeth", ['index']=236, ['level']=79},
    [17334485] = {['id']=17334485, ['name']="Cyhiraeth", ['index']=213, ['level']=80},
    [17334509] = {['id']=17334509, ['name']="GlacialImp", ['index']=237, ['level']=80},
    [17334521] = {['id']=17334521, ['name']="IceElemental", ['index']=249, ['level']=80},
    [17334520] = {['id']=17334520, ['name']="GlacialImp", ['index']=248, ['level']=79},
    [17334463] = {['id']=17334463, ['name']="Gargouille", ['index']=191, ['level']=82},
    [17334490] = {['id']=17334490, ['name']="GlacialImp", ['index']=218, ['level']=80},
    [17334539] = {['id']=17334539, ['name']="Amphiptere", ['index']=267, ['level']=83},
    [17334514] = {['id']=17334514, ['name']="Cyhiraeth", ['index']=242, ['level']=78},
    [17334454] = {['id']=17334454, ['name']="GlacialImp", ['index']=182, ['level']=79},
    [17334436] = {['id']=17334436, ['name']="Gawper", ['index']=164, ['level']=82},
    [17334448] = {['id']=17334448, ['name']="Gargouille", ['index']=176, ['level']=82},
    [17334449] = {['id']=17334449, ['name']="Gargouille", ['index']=177, ['level']=81},
    [17334450] = {['id']=17334450, ['name']="Gargouille", ['index']=178, ['level']=82},
    [17334451] = {['id']=17334451, ['name']="Gargouille", ['index']=179, ['level']=82},
    [17334452] = {['id']=17334452, ['name']="Gargouille", ['index']=180, ['level']=81},
    [17334453] = {['id']=17334453, ['name']="Gargouille", ['index']=181, ['level']=81},
    [17334454] = {['id']=17334454, ['name']="GlacialImp", ['index']=182, ['level']=79},
    [17334455] = {['id']=17334455, ['name']="GlacialImp", ['index']=183, ['level']=78},
    [17334456] = {['id']=17334456, ['name']="Gargouille", ['index']=184, ['level']=82},
    [17334457] = {['id']=17334457, ['name']="Gargouille", ['index']=185, ['level']=81},
    [17334458] = {['id']=17334458, ['name']="Gargouille", ['index']=186, ['level']=82},
    [17334459] = {['id']=17334459, ['name']="Gargouille", ['index']=187, ['level']=81},
    [17334460] = {['id']=17334460, ['name']="GlacialImp", ['index']=188, ['level']=79},
    [17334461] = {['id']=17334461, ['name']="GlacialImp", ['index']=189, ['level']=78},
    [17334464] = {['id']=17334464, ['name']="Gargouille", ['index']=192, ['level']=82},
    [17335168] = {['id']=17335168, ['name']="SurvivalGuide", ['index']=896, ['level']=0},
    [17334360] = {['id']=17334360, ['name']="IcefangTiger", ['index']=88, ['level']=77},
    [17334381] = {['id']=17334381, ['name']="GigasCleaver", ['index']=109, ['level']=82},
    [17334383] = {['id']=17334383, ['name']="GigasPounder", ['index']=111, ['level']=81},
    [17334384] = {['id']=17334384, ['name']="Gawper", ['index']=112, ['level']=81},
    [17334385] = {['id']=17334385, ['name']="Gawper", ['index']=113, ['level']=81},
    [17334386] = {['id']=17334386, ['name']="GigasCleaver", ['index']=114, ['level']=81},
    [17334392] = {['id']=17334392, ['name']="Gawper", ['index']=120, ['level']=81},
    [17334393] = {['id']=17334393, ['name']="Gawper", ['index']=121, ['level']=80},
    [17334394] = {['id']=17334394, ['name']="Gawper", ['index']=122, ['level']=80},
    [17334420] = {['id']=17334420, ['name']="Dryptotaur", ['index']=148, ['level']=80},
    [17334421] = {['id']=17334421, ['name']="Gawper", ['index']=149, ['level']=82},
    [17334424] = {['id']=17334424, ['name']="Dryptotaur", ['index']=152, ['level']=79},
    [17334425] = {['id']=17334425, ['name']="Gawper", ['index']=153, ['level']=81},
    [17334426] = {['id']=17334426, ['name']="Gawper", ['index']=154, ['level']=82},
    [17334427] = {['id']=17334427, ['name']="Dryptotaur", ['index']=155, ['level']=80},
    [17334428] = {['id']=17334428, ['name']="Dryptotaur", ['index']=156, ['level']=80},
    [17334430] = {['id']=17334430, ['name']="Gawper", ['index']=158, ['level']=81},
    [17334431] = {['id']=17334431, ['name']="IceElemental", ['index']=159, ['level']=80},
    [17334433] = {['id']=17334433, ['name']="Dryptotaur", ['index']=161, ['level']=80},
    [17334434] = {['id']=17334434, ['name']="Gawper", ['index']=162, ['level']=82},
    [17334435] = {['id']=17334435, ['name']="Gawper", ['index']=163, ['level']=82},
    [17334437] = {['id']=17334437, ['name']="Gawper", ['index']=165, ['level']=81},
    [17334438] = {['id']=17334438, ['name']="Gawper", ['index']=166, ['level']=81},
    [17334439] = {['id']=17334439, ['name']="Dryptotaur", ['index']=167, ['level']=80},
    [17334440] = {['id']=17334440, ['name']="IceElemental", ['index']=168, ['level']=80},
    [17334462] = {['id']=17334462, ['name']="Gargouille", ['index']=190, ['level']=82},
    [17334463] = {['id']=17334463, ['name']="Gargouille", ['index']=191, ['level']=82},
    [17334465] = {['id']=17334465, ['name']="Gargouille", ['index']=193, ['level']=81},
    [17334466] = {['id']=17334466, ['name']="Gargouille", ['index']=194, ['level']=82},
    [17334467] = {['id']=17334467, ['name']="Gargouille", ['index']=195, ['level']=82},
    [17334468] = {['id']=17334468, ['name']="Gargouille", ['index']=196, ['level']=82},
    [17334469] = {['id']=17334469, ['name']="IceElemental", ['index']=197, ['level']=80},
    [17334471] = {['id']=17334471, ['name']="Gargouille", ['index']=199, ['level']=82},
    [17334472] = {['id']=17334472, ['name']="Gargouille", ['index']=200, ['level']=82},
    [17334473] = {['id']=17334473, ['name']="Gargouille", ['index']=201, ['level']=81},
    [17334474] = {['id']=17334474, ['name']="GlacialImp", ['index']=202, ['level']=79},
    [17334496] = {['id']=17334496, ['name']="Cyhiraeth", ['index']=224, ['level']=80},
    [17334497] = {['id']=17334497, ['name']="Cyhiraeth", ['index']=225, ['level']=80},
    [17334498] = {['id']=17334498, ['name']="Cyhiraeth", ['index']=226, ['level']=78},
    [17334499] = {['id']=17334499, ['name']="Cyhiraeth", ['index']=227, ['level']=79},
    [17334500] = {['id']=17334500, ['name']="Cyhiraeth", ['index']=228, ['level']=80},
    [17334502] = {['id']=17334502, ['name']="GlacialImp", ['index']=230, ['level']=80},
    [17334503] = {['id']=17334503, ['name']="Cyhiraeth", ['index']=231, ['level']=79},
    [17334504] = {['id']=17334504, ['name']="Cyhiraeth", ['index']=232, ['level']=79},
    [17334505] = {['id']=17334505, ['name']="Cyhiraeth", ['index']=233, ['level']=78},
    [17334506] = {['id']=17334506, ['name']="Cyhiraeth", ['index']=234, ['level']=78},
    [17334507] = {['id']=17334507, ['name']="Cyhiraeth", ['index']=235, ['level']=80},
    [17334508] = {['id']=17334508, ['name']="Cyhiraeth", ['index']=236, ['level']=79},
    [17334509] = {['id']=17334509, ['name']="GlacialImp", ['index']=237, ['level']=79},
    [17334510] = {['id']=17334510, ['name']="GlacialImp", ['index']=238, ['level']=79},
    [17334511] = {['id']=17334511, ['name']="IceElemental", ['index']=239, ['level']=80},
    [17334513] = {['id']=17334513, ['name']="Cyhiraeth", ['index']=241, ['level']=80},
    [17334514] = {['id']=17334514, ['name']="Cyhiraeth", ['index']=242, ['level']=78},
    [17334515] = {['id']=17334515, ['name']="Cyhiraeth", ['index']=243, ['level']=79},
    [17334516] = {['id']=17334516, ['name']="Cyhiraeth", ['index']=244, ['level']=80},
    [17334517] = {['id']=17334517, ['name']="Cyhiraeth", ['index']=245, ['level']=78},
    [17334518] = {['id']=17334518, ['name']="Cyhiraeth", ['index']=246, ['level']=80},
    [17334519] = {['id']=17334519, ['name']="GlacialImp", ['index']=247, ['level']=79},
    [17334520] = {['id']=17334520, ['name']="GlacialImp", ['index']=248, ['level']=79},
    [17334521] = {['id']=17334521, ['name']="IceElemental", ['index']=249, ['level']=80},
    [17334523] = {['id']=17334523, ['name']="Came-cruse", ['index']=251, ['level']=83},
    [17334974] = {['id']=17334974, ['name']="Moana,C.A.", ['index']=702, ['level']=0},
    [17334419] = {['id']=17334419, ['name']="Dryptotaur", ['index']=147, ['level']=80},
    [17334423] = {['id']=17334423, ['name']="Dryptotaur", ['index']=151, ['level']=80},
    [17334475] = {['id']=17334475, ['name']="Gargouille", ['index']=203, ['level']=82},
    [17334476] = {['id']=17334476, ['name']="Gargouille", ['index']=204, ['level']=82},
    [17334477] = {['id']=17334477, ['name']="Gargouille", ['index']=205, ['level']=82},
    [17334478] = {['id']=17334478, ['name']="GlacialImp", ['index']=206, ['level']=79},
    [17334479] = {['id']=17334479, ['name']="GlacialImp", ['index']=207, ['level']=79},
    [17334480] = {['id']=17334480, ['name']="IceElemental", ['index']=208, ['level']=80},
    [17334487] = {['id']=17334487, ['name']="Cyhiraeth", ['index']=215, ['level']=78},
    [17334490] = {['id']=17334490, ['name']="GlacialImp", ['index']=218, ['level']=80},
    [17334491] = {['id']=17334491, ['name']="Cyhiraeth", ['index']=219, ['level']=79},
    [17334492] = {['id']=17334492, ['name']="Cyhiraeth", ['index']=220, ['level']=79},
    [17334493] = {['id']=17334493, ['name']="Cyhiraeth", ['index']=221, ['level']=80},
    [17334494] = {['id']=17334494, ['name']="GlacialImp", ['index']=222, ['level']=79},
    [17334495] = {['id']=17334495, ['name']="GlacialImp", ['index']=223, ['level']=79},
    [17334489] = {['id']=17334489, ['name']="GlacialImp", ['index']=217, ['level']=80},
    [17334483] = {['id']=17334483, ['name']="Cyhiraeth", ['index']=211, ['level']=80},
    [17334485] = {['id']=17334485, ['name']="Cyhiraeth", ['index']=213, ['level']=80},
    [17334501] = {['id']=17334501, ['name']="GlacialImp", ['index']=229, ['level']=80},
    [17334429] = {['id']=17334429, ['name']="Dryptotaur", ['index']=157, ['level']=79},
    [17334539] = {['id']=17334539, ['name']="Amphiptere", ['index']=267, ['level']=82},
    [17334484] = {['id']=17334484, ['name']="Cyhiraeth", ['index']=212, ['level']=80},
    [17334486] = {['id']=17334486, ['name']="Cyhiraeth", ['index']=214, ['level']=79},
    [17334488] = {['id']=17334488, ['name']="Cyhiraeth", ['index']=216, ['level']=79},
    [17334524] = {['id']=17334524, ['name']="Cyhiraeth", ['index']=252, ['level']=79},
    [17334525] = {['id']=17334525, ['name']="Cyhiraeth", ['index']=253, ['level']=79},
    [17334526] = {['id']=17334526, ['name']="Cyhiraeth", ['index']=254, ['level']=80},
    [17334529] = {['id']=17334529, ['name']="Cyhiraeth", ['index']=257, ['level']=80},
    [17334532] = {['id']=17334532, ['name']="Cyhiraeth", ['index']=260, ['level']=79},
    [17334528] = {['id']=17334528, ['name']="Cyhiraeth", ['index']=256, ['level']=80},
    [17334531] = {['id']=17334531, ['name']="Cyhiraeth", ['index']=259, ['level']=80},
    [17334527] = {['id']=17334527, ['name']="Cyhiraeth", ['index']=255, ['level']=79},
    [17334536] = {['id']=17334536, ['name']="Cyhiraeth", ['index']=264, ['level']=79},
    [17334530] = {['id']=17334530, ['name']="Cyhiraeth", ['index']=258, ['level']=79},
    [17334537] = {['id']=17334537, ['name']="Cyhiraeth", ['index']=265, ['level']=79},
    [17334533] = {['id']=17334533, ['name']="Cyhiraeth", ['index']=261, ['level']=80},
    [17334535] = {['id']=17334535, ['name']="Cyhiraeth", ['index']=263, ['level']=79},
    [17334538] = {['id']=17334538, ['name']="Cyhiraeth", ['index']=266, ['level']=80},
    [17334534] = {['id']=17334534, ['name']="Cyhiraeth", ['index']=262, ['level']=79},
    [17334444] = {['id']=17334444, ['name']="Dryptotaur", ['index']=172, ['level']=79},
    [17334372] = {['id']=17334372, ['name']="IcefangTiger", ['index']=100, ['level']=78},
    [17334374] = {['id']=17334374, ['name']="GigasPelter", ['index']=102, ['level']=81},
    [17334375] = {['id']=17334375, ['name']="IcefangTiger", ['index']=103, ['level']=78},
    [17334376] = {['id']=17334376, ['name']="IcefangTiger", ['index']=104, ['level']=77},
    [17334377] = {['id']=17334377, ['name']="GigasFlesher", ['index']=105, ['level']=80},
    [17334378] = {['id']=17334378, ['name']="Gigas\'sTiger", ['index']=106, ['level']=76},
    [17334382] = {['id']=17334382, ['name']="GigasCleaver", ['index']=110, ['level']=82},
    [17334441] = {['id']=17334441, ['name']="Gawper", ['index']=169, ['level']=82},
    [17334442] = {['id']=17334442, ['name']="Gawper", ['index']=170, ['level']=82},
    [17334443] = {['id']=17334443, ['name']="Gawper", ['index']=171, ['level']=82},
    [17334446] = {['id']=17334446, ['name']="Gawper", ['index']=174, ['level']=81},
    [17334447] = {['id']=17334447, ['name']="Gawper", ['index']=175, ['level']=81},
    [17334329] = {['id']=17334329, ['name']="Ruszor", ['index']=57, ['level']=78},
    [17334330] = {['id']=17334330, ['name']="Ruszor", ['index']=58, ['level']=79},
    [17334331] = {['id']=17334331, ['name']="Ruszor", ['index']=59, ['level']=78},
    [17334332] = {['id']=17334332, ['name']="Ekimmu", ['index']=60, ['level']=79},
    [17334293] = {['id']=17334293, ['name']="Ruszor", ['index']=21, ['level']=82},
    [17334294] = {['id']=17334294, ['name']="Ruszor", ['index']=22, ['level']=79},
    [17334295] = {['id']=17334295, ['name']="Ruszor", ['index']=23, ['level']=79},
    [17334296] = {['id']=17334296, ['name']="ThawedBones", ['index']=24, ['level']=78},
    [17334357] = {['id']=17334357, ['name']="GigasFlesher", ['index']=85, ['level']=81},
    [17334358] = {['id']=17334358, ['name']="Gigas\'sTiger", ['index']=86, ['level']=75},
    [17334359] = {['id']=17334359, ['name']="GigasPelter", ['index']=87, ['level']=80},
    [17334361] = {['id']=17334361, ['name']="IcefangTiger", ['index']=89, ['level']=79},
    [17334364] = {['id']=17334364, ['name']="GigasPelter", ['index']=92, ['level']=80},
    [17334366] = {['id']=17334366, ['name']="IcefangTiger", ['index']=94, ['level']=77},
    [17334367] = {['id']=17334367, ['name']="Fulminator", ['index']=95, ['level']=78},
    [17334369] = {['id']=17334369, ['name']="Gigas\'sTiger", ['index']=97, ['level']=75},
    [17334370] = {['id']=17334370, ['name']="GigasPelter", ['index']=98, ['level']=81},
    [17334371] = {['id']=17334371, ['name']="IcefangTiger", ['index']=99, ['level']=77},
    [17334373] = {['id']=17334373, ['name']="Fulminator", ['index']=101, ['level']=77},
    [17334387] = {['id']=17334387, ['name']="GigasPounder", ['index']=115, ['level']=81},
    [17334388] = {['id']=17334388, ['name']="Gawper", ['index']=116, ['level']=80},
    [17334389] = {['id']=17334389, ['name']="GigasPounder", ['index']=117, ['level']=81},
    [17334390] = {['id']=17334390, ['name']="Gawper", ['index']=118, ['level']=81},
    [17334391] = {['id']=17334391, ['name']="Gawper", ['index']=119, ['level']=80},
    [17334400] = {['id']=17334400, ['name']="GigasCleaver", ['index']=128, ['level']=82},
    [17334401] = {['id']=17334401, ['name']="GigasPounder", ['index']=129, ['level']=82},
    [17334402] = {['id']=17334402, ['name']="GigasPounder", ['index']=130, ['level']=82},
    [17334403] = {['id']=17334403, ['name']="Fulminator", ['index']=131, ['level']=79},
    [17334395] = {['id']=17334395, ['name']="GigasCleaver", ['index']=123, ['level']=82},
    [17334396] = {['id']=17334396, ['name']="GigasPounder", ['index']=124, ['level']=81},
    [17334397] = {['id']=17334397, ['name']="Gawper", ['index']=125, ['level']=80},
    [17334398] = {['id']=17334398, ['name']="GigasPounder", ['index']=126, ['level']=81},
    [17334399] = {['id']=17334399, ['name']="Gawper", ['index']=127, ['level']=81},
    [17334404] = {['id']=17334404, ['name']="Fulminator", ['index']=132, ['level']=78},
    [17334407] = {['id']=17334407, ['name']="Fulminator", ['index']=135, ['level']=79},
    [17334408] = {['id']=17334408, ['name']="Fulminator", ['index']=136, ['level']=78},
    [17334405] = {['id']=17334405, ['name']="GigasCleaver", ['index']=133, ['level']=81},
    [17334406] = {['id']=17334406, ['name']="GigasPounder", ['index']=134, ['level']=81},
    [17334409] = {['id']=17334409, ['name']="Fulminator", ['index']=137, ['level']=78},
    [17334410] = {['id']=17334410, ['name']="Fulminator", ['index']=138, ['level']=79},
    [17334412] = {['id']=17334412, ['name']="GigasPounder", ['index']=140, ['level']=81},
    [17334414] = {['id']=17334414, ['name']="Fulminator", ['index']=142, ['level']=78},
    [17334413] = {['id']=17334413, ['name']="GigasCleaver", ['index']=141, ['level']=82},
    [17334411] = {['id']=17334411, ['name']="GigasCleaver", ['index']=139, ['level']=81},
    [17334417] = {['id']=17334417, ['name']="GigasPounder", ['index']=145, ['level']=81},
    [17334415] = {['id']=17334415, ['name']="GigasPounder", ['index']=143, ['level']=81},
    [17334416] = {['id']=17334416, ['name']="GigasCleaver", ['index']=144, ['level']=81},
    [17334418] = {['id']=17334418, ['name']="Fulminator", ['index']=146, ['level']=78},
    [17334422] = {['id']=17334422, ['name']="Gawper", ['index']=150, ['level']=82},
    [17334340] = {['id']=17334340, ['name']="GigasFlesher", ['index']=68, ['level']=81},
    [17334341] = {['id']=17334341, ['name']="Gigas\'sTiger", ['index']=69, ['level']=75},
    [17334342] = {['id']=17334342, ['name']="GigasPelter", ['index']=70, ['level']=80},
    [17334345] = {['id']=17334345, ['name']="IcefangTiger", ['index']=73, ['level']=77},
    [17334346] = {['id']=17334346, ['name']="GigasFlesher", ['index']=74, ['level']=80},
    [17334347] = {['id']=17334347, ['name']="Gigas\'sTiger", ['index']=75, ['level']=75},
    [17334349] = {['id']=17334349, ['name']="IcefangTiger", ['index']=77, ['level']=78},
    [17334343] = {['id']=17334343, ['name']="IcefangTiger", ['index']=71, ['level']=79},
    [17334344] = {['id']=17334344, ['name']="IcefangTiger", ['index']=72, ['level']=79},
    [17334368] = {['id']=17334368, ['name']="GigasFlesher", ['index']=96, ['level']=80},
    [17334379] = {['id']=17334379, ['name']="IcefangTiger", ['index']=107, ['level']=79},
    [17334317] = {['id']=17334317, ['name']="Ruszor", ['index']=45, ['level']=79},
    [17334365] = {['id']=17334365, ['name']="IcefangTiger", ['index']=93, ['level']=78},
    [17334297] = {['id']=17334297, ['name']="Ruszor", ['index']=25, ['level']=82},
    [17334299] = {['id']=17334299, ['name']="Ruszor", ['index']=27, ['level']=79},
    [17334300] = {['id']=17334300, ['name']="Ruszor", ['index']=28, ['level']=79},
    [17334301] = {['id']=17334301, ['name']="ThawedBones", ['index']=29, ['level']=78},
    [17334302] = {['id']=17334302, ['name']="ThawedBones", ['index']=30, ['level']=77},
    [17334303] = {['id']=17334303, ['name']="Ruszor", ['index']=31, ['level']=82},
    [17334304] = {['id']=17334304, ['name']="Ruszor", ['index']=32, ['level']=79},
    [17334307] = {['id']=17334307, ['name']="ThawedBones", ['index']=35, ['level']=77},
    [17334308] = {['id']=17334308, ['name']="Ruszor", ['index']=36, ['level']=81},
    [17334310] = {['id']=17334310, ['name']="Ruszor", ['index']=38, ['level']=78},
    [17334311] = {['id']=17334311, ['name']="Ruszor", ['index']=39, ['level']=78},
    [17334313] = {['id']=17334313, ['name']="ThawedBones", ['index']=41, ['level']=76},
    [17334315] = {['id']=17334315, ['name']="Ruszor", ['index']=43, ['level']=78},
    [17334318] = {['id']=17334318, ['name']="ThawedBones", ['index']=46, ['level']=78},
    [17334319] = {['id']=17334319, ['name']="ThawedBones", ['index']=47, ['level']=78},
    [17334320] = {['id']=17334320, ['name']="ThawedBones", ['index']=48, ['level']=78},
    [17334323] = {['id']=17334323, ['name']="Ruszor", ['index']=51, ['level']=79},
    [17334362] = {['id']=17334362, ['name']="GigasFlesher", ['index']=90, ['level']=81},
    [17334363] = {['id']=17334363, ['name']="Gigas\'sTiger", ['index']=91, ['level']=76},
    [17334793] = {['id']=17334793, ['name']="ShadowwingInfu", ['index']=521, ['level']=70},
    [17334794] = {['id']=17334794, ['name']="ShadowwingInfu", ['index']=522, ['level']=70},
    [17334795] = {['id']=17334795, ['name']="ShadowwingInfu", ['index']=523, ['level']=70},
    [17334797] = {['id']=17334797, ['name']="ShadowwingInfu", ['index']=525, ['level']=70},
    [17334833] = {['id']=17334833, ['name']="FiendishLeechk", ['index']=561, ['level']=60},
    [17334835] = {['id']=17334835, ['name']="FiendishLeechk", ['index']=563, ['level']=60},
    [17334836] = {['id']=17334836, ['name']="FiendishLeechk", ['index']=564, ['level']=60},
    [17334837] = {['id']=17334837, ['name']="FiendishLeechk", ['index']=565, ['level']=60},
    [17334339] = {['id']=17334339, ['name']="Gigas\'sTiger", ['index']=67, ['level']=76},
    [17334338] = {['id']=17334338, ['name']="GigasFlesher", ['index']=66, ['level']=80},
    [17334292] = {['id']=17334292, ['name']="Ekimmu", ['index']=20, ['level']=80},
    [17334291] = {['id']=17334291, ['name']="ThawedBones", ['index']=19, ['level']=78},
    [17334351] = {['id']=17334351, ['name']="Fulminator", ['index']=79, ['level']=78},
    [17334350] = {['id']=17334350, ['name']="IcefangTiger", ['index']=78, ['level']=77},
    [17334348] = {['id']=17334348, ['name']="GigasPelter", ['index']=76, ['level']=81},
    [17334287] = {['id']=17334287, ['name']="ThawedBones", ['index']=15, ['level']=77},
    [17334286] = {['id']=17334286, ['name']="ThawedBones", ['index']=14, ['level']=78},
    [17334281] = {['id']=17334281, ['name']="ThawedBones", ['index']=9, ['level']=78},
    [17334285] = {['id']=17334285, ['name']="Ekimmu", ['index']=13, ['level']=80},
    [17334352] = {['id']=17334352, ['name']="GigasPelter", ['index']=80, ['level']=81},
    [17334353] = {['id']=17334353, ['name']="GigasPelter", ['index']=81, ['level']=80},
    [17334354] = {['id']=17334354, ['name']="Fulminator", ['index']=82, ['level']=78},
    [17334355] = {['id']=17334355, ['name']="Fulminator", ['index']=83, ['level']=77},
    [17334288] = {['id']=17334288, ['name']="Ruszor", ['index']=16, ['level']=81},
    [17334290] = {['id']=17334290, ['name']="Ruszor", ['index']=18, ['level']=78},
    [17334289] = {['id']=17334289, ['name']="Ruszor", ['index']=17, ['level']=79},
    [17334283] = {['id']=17334283, ['name']="ThawedBones", ['index']=11, ['level']=77},
    [17334284] = {['id']=17334284, ['name']="Ekimmu", ['index']=12, ['level']=79},
    [17334279] = {['id']=17334279, ['name']="ThawedBones", ['index']=7, ['level']=76},
    [17334280] = {['id']=17334280, ['name']="ThawedBones", ['index']=8, ['level']=77},
    [17334278] = {['id']=17334278, ['name']="ThawedBones", ['index']=6, ['level']=77},
    [17334282] = {['id']=17334282, ['name']="ThawedBones", ['index']=10, ['level']=77},
    [17335165] = {['id']=17335165, ['name']="WatchfulPixie", ['index']=893, ['level']=0},
    [17334298] = {['id']=17334298, ['name']="Ruszor", ['index']=26, ['level']=79},
    [17334305] = {['id']=17334305, ['name']="Ruszor", ['index']=33, ['level']=79},
    [17334306] = {['id']=17334306, ['name']="ThawedBones", ['index']=34, ['level']=78},
    [17334309] = {['id']=17334309, ['name']="Ruszor", ['index']=37, ['level']=79},
    [17334312] = {['id']=17334312, ['name']="ThawedBones", ['index']=40, ['level']=77},
    [17334316] = {['id']=17334316, ['name']="Ruszor", ['index']=44, ['level']=78},
    [17334327] = {['id']=17334327, ['name']="ThawedBones", ['index']=55, ['level']=77},
    [17334321] = {['id']=17334321, ['name']="IceElemental", ['index']=49, ['level']=80},
    [17334322] = {['id']=17334322, ['name']="Ruszor", ['index']=50, ['level']=81},
    [17334324] = {['id']=17334324, ['name']="Ruszor", ['index']=52, ['level']=79},
    [17334325] = {['id']=17334325, ['name']="Ruszor", ['index']=53, ['level']=79},
    [17334326] = {['id']=17334326, ['name']="ThawedBones", ['index']=54, ['level']=78},
    [17334328] = {['id']=17334328, ['name']="IceElemental", ['index']=56, ['level']=80},
    [17334314] = {['id']=17334314, ['name']="Ruszor", ['index']=42, ['level']=81},
    [17334333] = {['id']=17334333, ['name']="Ruszor", ['index']=61, ['level']=82},
    [17334334] = {['id']=17334334, ['name']="Ruszor", ['index']=62, ['level']=78},
    [17334335] = {['id']=17334335, ['name']="Ruszor", ['index']=63, ['level']=79},
    [17334336] = {['id']=17334336, ['name']="Scylla", ['index']=64, ['level']=85},
    [17334438] = {['id']=17334438, ['name']="Gawper", ['index']=166, ['level']=81},
    [17334439] = {['id']=17334439, ['name']="Dryptotaur", ['index']=167, ['level']=80},
    [17334448] = {['id']=17334448, ['name']="Gargouille", ['index']=176, ['level']=82},
    [17334449] = {['id']=17334449, ['name']="Gargouille", ['index']=177, ['level']=81},
    [17334450] = {['id']=17334450, ['name']="Gargouille", ['index']=178, ['level']=82},
    [17334451] = {['id']=17334451, ['name']="Gargouille", ['index']=179, ['level']=82},
    [17334452] = {['id']=17334452, ['name']="Gargouille", ['index']=180, ['level']=81},
    [17334453] = {['id']=17334453, ['name']="Gargouille", ['index']=181, ['level']=81},
    [17334454] = {['id']=17334454, ['name']="GlacialImp", ['index']=182, ['level']=79},
    [17334455] = {['id']=17334455, ['name']="GlacialImp", ['index']=183, ['level']=78},
    [17334456] = {['id']=17334456, ['name']="Gargouille", ['index']=184, ['level']=82},
    [17334457] = {['id']=17334457, ['name']="Gargouille", ['index']=185, ['level']=81},
    [17334458] = {['id']=17334458, ['name']="Gargouille", ['index']=186, ['level']=82},
    [17334459] = {['id']=17334459, ['name']="Gargouille", ['index']=187, ['level']=81},
    [17334460] = {['id']=17334460, ['name']="GlacialImp", ['index']=188, ['level']=79},
    [17334461] = {['id']=17334461, ['name']="GlacialImp", ['index']=189, ['level']=78},
    [17334462] = {['id']=17334462, ['name']="Gargouille", ['index']=190, ['level']=82},
    [17334463] = {['id']=17334463, ['name']="Gargouille", ['index']=191, ['level']=82},
    [17335168] = {['id']=17335168, ['name']="SurvivalGuide", ['index']=896, ['level']=0},
