    [17297494] = {['id']=17297494, ['name']="FieldManual", ['index']=86, ['level']=0},
    [17297510] = {['id']=17297510, ['name']="SurvivalGuide", ['index']=102, ['level']=0},
    [17297417] = {['id']=17297417, ['name']="DemonicWeapon", ['index']=9, ['level']=45},
    [17297409] = {['id']=17297409, ['name']="LesserGaylas", ['index']=1, ['level']=42},
    [17297410] = {['id']=17297410, ['name']="LesserGaylas", ['index']=2, ['level']=41},
    [17297411] = {['id']=17297411, ['name']="LesserGaylas", ['index']=3, ['level']=42},
    [17297412] = {['id']=17297412, ['name']="GreaterGayla", ['index']=4, ['level']=43},
    [17297413] = {['id']=17297413, ['name']="GreaterGayla", ['index']=5, ['level']=43},
    [17297416] = {['id']=17297416, ['name']="DemonicWeapon", ['index']=8, ['level']=46},
    [17297417] = {['id']=17297417, ['name']="DemonicWeapon", ['index']=9, ['level']=45},
    [17297420] = {['id']=17297420, ['name']="LostSoul", ['index']=12, ['level']=46},
    [17297421] = {['id']=17297421, ['name']="LostSoul", ['index']=13, ['level']=46},
    [17297423] = {['id']=17297423, ['name']="DemonicWeapon", ['index']=15, ['level']=45},
    [17297419] = {['id']=17297419, ['name']="LostSoul", ['index']=11, ['level']=45},
    [17297418] = {['id']=17297418, ['name']="LostSoul", ['index']=10, ['level']=45},
    [17297422] = {['id']=17297422, ['name']="DemonicWeapon", ['index']=14, ['level']=45},
    [17297424] = {['id']=17297424, ['name']="LesserGaylas", ['index']=16, ['level']=42},
    [17297425] = {['id']=17297425, ['name']="LesserGaylas", ['index']=17, ['level']=41},
    [17297426] = {['id']=17297426, ['name']="GreaterGayla", ['index']=18, ['level']=44},
    [17297427] = {['id']=17297427, ['name']="GreaterGayla", ['index']=19, ['level']=43},
    [17297428] = {['id']=17297428, ['name']="LesserGaylas", ['index']=20, ['level']=41},
    [17297429] = {['id']=17297429, ['name']="LesserGaylas", ['index']=21, ['level']=41},
    [17297430] = {['id']=17297430, ['name']="GreaterGayla", ['index']=22, ['level']=43},
    [17297431] = {['id']=17297431, ['name']="GreaterGayla", ['index']=23, ['level']=44},
    [17297433] = {['id']=17297433, ['name']="Bhuta", ['index']=25, ['level']=47},
    [17297436] = {['id']=17297436, ['name']="MasterCoeurl", ['index']=28, ['level']=49},
    [17297442] = {['id']=17297442, ['name']="ThunderElement", ['index']=34, ['level']=48},
    [17297443] = {['id']=17297443, ['name']="ThunderElement", ['index']=35, ['level']=49},
    [17297441] = {['id']=17297441, ['name']="KingBehemoth", ['index']=33, ['level']=85},
    [17297411] = {['id']=17297411, ['name']="LesserGaylas", ['index']=3, ['level']=42},
    [17297418] = {['id']=17297418, ['name']="LostSoul", ['index']=10, ['level']=45},
    [17297419] = {['id']=17297419, ['name']="LostSoul", ['index']=11, ['level']=45},
    [17297420] = {['id']=17297420, ['name']="LostSoul", ['index']=12, ['level']=46},
    [17297421] = {['id']=17297421, ['name']="LostSoul", ['index']=13, ['level']=45},
    [17297422] = {['id']=17297422, ['name']="DemonicWeapon", ['index']=14, ['level']=45},
    [17297423] = {['id']=17297423, ['name']="DemonicWeapon", ['index']=15, ['level']=45},
    [17297424] = {['id']=17297424, ['name']="LesserGaylas", ['index']=16, ['level']=41},
    [17297425] = {['id']=17297425, ['name']="LesserGaylas", ['index']=17, ['level']=41},
    [17297426] = {['id']=17297426, ['name']="GreaterGayla", ['index']=18, ['level']=43},
    [17297427] = {['id']=17297427, ['name']="GreaterGayla", ['index']=19, ['level']=44},
    [17297428] = {['id']=17297428, ['name']="LesserGaylas", ['index']=20, ['level']=42},
    [17297429] = {['id']=17297429, ['name']="LesserGaylas", ['index']=21, ['level']=41},
    [17297431] = {['id']=17297431, ['name']="GreaterGayla", ['index']=23, ['level']=44},
    [17297432] = {['id']=17297432, ['name']="MasterCoeurl", ['index']=24, ['level']=49},
    [17297437] = {['id']=17297437, ['name']="Bhuta", ['index']=29, ['level']=46},
    [17297456] = {['id']=17297456, ['name']="SovereignBehem", ['index']=48, ['level']=99},
    [17297430] = {['id']=17297430, ['name']="GreaterGayla", ['index']=22, ['level']=43},
    [17297440] = {['id']=17297440, ['name']="Behemoth", ['index']=32, ['level']=70},
