{['id']=17084427	['index']	11	['level']=71}	['name']="CarmineEruca"
{['id']=17084428	['index']	12	['level']=71}	['name']="CarmineEruca"
{['id']=17084429	['index']	13	['level']=72}	['name']="Bifrons"
{['id']=17084430	['index']	14	['level']=71}	['name']="CarmineEruca"
{['id']=17084431	['index']	15	['level']=71}	['name']="CarmineEruca"
{['id']=17084432	['index']	16	['level']=71}	['name']="CarmineEruca"
{['id']=17084433	['index']	17	['level']=70}	['name']="Bifrons"
{['id']=17084434	['index']	18	['level']=70}	['name']="CarmineEruca"
{['id']=17084435	['index']	19	['level']=72}	['name']="CarmineEruca"
{['id']=17084436	['index']	20	['level']=71}	['name']="CarmineEruca"
{['id']=17084437	['index']	21	['level']=73}	['name']="TrollGemologis"
{['id']=17084438	['index']	22	['level']=70}	['name']="CarmineEruca"
{['id']=17084439	['index']	23	['level']=70}	['name']="CarmineEruca"
{['id']=17084440	['index']	24	['level']=72}	['name']="CarmineEruca"
{['id']=17084441	['index']	25	['level']=71}	['name']="CarmineEruca"
{['id']=17084442	['index']	26	['level']=70}	['name']="CarmineEruca"
{['id']=17084443	['index']	27	['level']=71}	['name']="CarmineEruca"
{['id']=17084444	['index']	28	['level']=72}	['name']="Bifrons"
{['id']=17084445	['index']	29	['level']=72}	['name']="Bifrons"
{['id']=17084446	['index']	30	['level']=71}	['name']="TrollGemologis"
{['id']=17084447	['index']	31	['level']=71}	['name']="Bifrons"
{['id']=17084448	['index']	32	['level']=71}	['name']="Bifrons"
{['id']=17084449	['index']	33	['level']=70}	['name']="Bifrons"
{['id']=17084461	['index']	45	['level']=70}	['name']="Wamouracampa"
{['id']=17084462	['index']	46	['level']=72}	['name']="Wamouracampa"
{['id']=17084463	['index']	47	['level']=70}	['name']="Wamouracampa"
{['id']=17084464	['index']	48	['level']=72}	['name']="Wamouracampa"
{['id']=17084465	['index']	49	['level']=72}	['name']="Wamouracampa"
{['id']=17084466	['index']	50	['level']=71}	['name']="Wamouracampa"
{['id']=17084467	['index']	51	['level']=70}	['name']="Bifrons"
{['id']=17084468	['index']	52	['level']=72}	['name']="Bifrons"
{['id']=17084469	['index']	53	['level']=71}	['name']="TrollLapidaris"
{['id']=17084473	['index']	57	['level']=73}	['name']="TrollIronworke"
{['id']=17084474	['index']	58	['level']=73}	['name']="TrollIronworke"
{['id']=17084475	['index']	59	['level']=72}	['name']="WanderingWamou"
{['id']=17084476	['index']	60	['level']=71}	['name']="WanderingWamou"
{['id']=17084477	['index']	61	['level']=72}	['name']="WanderingWamou"
{['id']=17084478	['index']	62	['level']=71}	['name']="SulfurScorpion"
{['id']=17084479	['index']	63	['level']=71}	['name']="SulfurScorpion"
{['id']=17084480	['index']	64	['level']=71}	['name']="SulfurScorpion"
{['id']=17084481	['index']	65	['level']=73}	['name']="MadBomber"
{['id']=17084482	['index']	66	['level']=74}	['name']="EmpathicFlan"
{['id']=17084483	['index']	67	['level']=73}	['name']="EmpathicFlan"
{['id']=17084484	['index']	68	['level']=74}	['name']="EmpathicFlan"
{['id']=17084485	['index']	69	['level']=74}	['name']="EmpathicFlan"
{['id']=17084486	['index']	70	['level']=74}	['name']="SulfurScorpion"
{['id']=17084487	['index']	71	['level']=75}	['name']="SulfurScorpion"
{['id']=17084488	['index']	72	['level']=75}	['name']="SulfurScorpion"
{['id']=17084489	['index']	73	['level']=76}	['name']="TrollSmelter"
{['id']=17084490	['index']	74	['level']=77}	['name']="TrollSmelter"
{['id']=17084491	['index']	75	['level']=76}	['name']="TrollIronworke"
{['id']=17084492	['index']	76	['level']=77}	['name']="TrollIronworke"
{['id']=17084493	['index']	77	['level']=74}	['name']="SulfurScorpion"
{['id']=17084494	['index']	78	['level']=75}	['name']="SulfurScorpion"
{['id']=17084495	['index']	79	['level']=75}	['name']="SulfurScorpion"
{['id']=17084496	['index']	80	['level']=74}	['name']="SulfurScorpion"
{['id']=17084497	['index']	81	['level']=74}	['name']="SulfurScorpion"
{['id']=17084498	['index']	82	['level']=74}	['name']="SulfurScorpion"
{['id']=17084499	['index']	83	['level']=75}	['name']="TrollSmelter"
{['id']=17084500	['index']	84	['level']=76}	['name']="TrollIronworke"
{['id']=17084511	['index']	95	['level']=75}	['name']="SulfurScorpion"
{['id']=17084512	['index']	96	['level']=75}	['name']="SulfurScorpion"
{['id']=17084513	['index']	97	['level']=75}	['name']="SulfurScorpion"
{['id']=17084514	['index']	98	['level']=74}	['name']="SulfurScorpion"
{['id']=17084515	['index']	99	['level']=75}	['name']="TrollSmelter"
{['id']=17084516	['index']	100	['level']=75}	['name']="TrollStonework"
{['id']=17084517	['index']	101	['level']=76}	['name']="TrollCameist"
{['id']=17084518	['index']	102	['level']=75}	['name']="SulfurScorpion"
{['id']=17084519	['index']	103	['level']=74}	['name']="SulfurScorpion"
{['id']=17084520	['index']	104	['level']=75}	['name']="SulfurScorpion"
{['id']=17084521	['index']	105	['level']=75}	['name']="WanderingWamou"
{['id']=17084522	['index']	106	['level']=75}	['name']="WanderingWamou"
{['id']=17084523	['index']	107	['level']=74}	['name']="WanderingWamou"
{['id']=17084524	['index']	108	['level']=77}	['name']="TrollEngraver"
{['id']=17084525	['index']	109	['level']=70}	['name']="Troll\'sAutomat"
{['id']=17084526	['index']	110	['level']=77}	['name']="TrollEngraver"
{['id']=17084527	['index']	111	['level']=70}	['name']="Troll\'sAutomat"
{['id']=17084528	['index']	112	['level']=77}	['name']="TrollIronworke"
{['id']=17084529	['index']	113	['level']=76}	['name']="TrollIronworke"
{['id']=17084530	['index']	114	['level']=74}	['name']="WanderingWamou"
{['id']=17084531	['index']	115	['level']=74}	['name']="WanderingWamou"
{['id']=17084532	['index']	116	['level']=75}	['name']="WanderingWamou"
{['id']=17084533	['index']	117	['level']=74}	['name']="WanderingWamou"
{['id']=17084534	['index']	118	['level']=74}	['name']="WanderingWamou"
{['id']=17084535	['index']	119	['level']=74}	['name']="WanderingWamou"
{['id']=17084536	['index']	120	['level']=77}	['name']="TrollEngraver"
{['id']=17084538	['index']	122	['level']=76}	['name']="TrollIronworke"
{['id']=17084539	['index']	123	['level']=76}	['name']="TrollEngraver"
{['id']=17084540	['index']	124	['level']=71}	['name']="Troll\'sAutomat"
{['id']=17084541	['index']	125	['level']=77}	['name']="TrollEngraver"
{['id']=17084542	['index']	126	['level']=71}	['name']="Troll\'sAutomat"
{['id']=17084543	['index']	127	['level']=76}	['name']="TrollStonework"
{['id']=17084544	['index']	128	['level']=76}	['name']="TrollCameist"
{['id']=17084545	['index']	129	['level']=74}	['name']="WanderingWamou"
{['id']=17084546	['index']	130	['level']=75}	['name']="WanderingWamou"
{['id']=17084547	['index']	131	['level']=74}	['name']="WanderingWamou"
{['id']=17084548	['index']	132	['level']=75}	['name']="WanderingWamou"
{['id']=17084549	['index']	133	['level']=75}	['name']="TrollStonework"
{['id']=17084550	['index']	134	['level']=76}	['name']="TrollCameist"
{['id']=17084569	['index']	153	['level']=77}	['name']="TrollGemologis"
{['id']=17084570	['index']	154	['level']=78}	['name']="TrollSmelter"
{['id']=17084571	['index']	155	['level']=77}	['name']="TrollCameist"
{['id']=17084572	['index']	156	['level']=78}	['name']="TrollIronworke"
{['id']=17084573	['index']	157	['level']=78}	['name']="TrollEngraver"
{['id']=17084575	['index']	159	['level']=77}	['name']="TrollEngraver"
{['id']=17084577	['index']	161	['level']=78}	['name']="TrollEngraver"
{['id']=17084579	['index']	163	['level']=78}	['name']="TrollStonework"
{['id']=17084580	['index']	164	['level']=78}	['name']="TrollSmelter"
{['id']=17084581	['index']	165	['level']=78}	['name']="TrollCameist"
{['id']=17084582	['index']	166	['level']=78}	['name']="TrollIronworke"
{['id']=17084583	['index']	167	['level']=77}	['name']="TrollEngraver"
{['id']=17084585	['index']	169	['level']=77}	['name']="TrollGemologis"
{['id']=17084586	['index']	170	['level']=77}	['name']="TrollLapidaris"
{['id']=17084587	['index']	171	['level']=77}	['name']="TrollStonework"
{['id']=17084588	['index']	172	['level']=78}	['name']="TrollEngraver"
{['id']=17084590	['index']	174	['level']=77}	['name']="TrollGemologis"
{['id']=17084603	['index']	187	['level']=77}	['name']="BlackPudding"
{['id']=17084604	['index']	188	['level']=77}	['name']="BlackPudding"
{['id']=17084605	['index']	189	['level']=77}	['name']="BlackPudding"
{['id']=17084606	['index']	190	['level']=78}	['name']="BlackPudding"
{['id']=17084607	['index']	191	['level']=78}	['name']="BlackPudding"
{['id']=17084608	['index']	192	['level']=77}	['name']="BlackPudding"
{['id']=17084609	['index']	193	['level']=77}	['name']="BlackPudding"
{['id']=17084617	['index']	201	['level']=78}	['name']="BlackPudding"
{['id']=17084618	['index']	202	['level']=77}	['name']="BlackPudding"
{['id']=17084619	['index']	203	['level']=77}	['name']="BlackPudding"
{['id']=17084620	['index']	204	['level']=78}	['name']="BlackPudding"
{['id']=17084621	['index']	205	['level']=77}	['name']="BlackPudding"
{['id']=17084622	['index']	206	['level']=78}	['name']="BlackPudding"
{['id']=17084623	['index']	207	['level']=78}	['name']="BlackPudding"
{['id']=17084624	['index']	208	['level']=78}	['name']="BlackPudding"
{['id']=17084625	['index']	209	['level']=78}	['name']="BlackPudding"
{['id']=17084626	['index']	210	['level']=78}	['name']="BlackPudding"
{['id']=17084637	['index']	221	['level']=80}	['name']="ArchaicGears"
{['id']=17084638	['index']	222	['level']=81}	['name']="ArchaicGear"
{['id']=17084639	['index']	223	['level']=80}	['name']="ArchaicGear"
{['id']=17084640	['index']	224	['level']=80}	['name']="ArchaicGear"
{['id']=17084641	['index']	225	['level']=81}	['name']="ArchaicGear"
{['id']=17084642	['index']	226	['level']=80}	['name']="ArchaicGear"
{['id']=17084643	['index']	227	['level']=80}	['name']="ArchaicGear"
{['id']=17084644	['index']	228	['level']=79}	['name']="ArchaicGear"
{['id']=17084645	['index']	229	['level']=81}	['name']="ArchaicGear"
{['id']=17084646	['index']	230	['level']=80}	['name']="ArchaicGears"
{['id']=17084647	['index']	231	['level']=80}	['name']="ArchaicGear"
{['id']=17084648	['index']	232	['level']=79}	['name']="ArchaicGear"
{['id']=17084649	['index']	233	['level']=79}	['name']="ArchaicGear"
{['id']=17084650	['index']	234	['level']=79}	['name']="ArchaicGear"
{['id']=17084651	['index']	235	['level']=81}	['name']="ArchaicGear"
{['id']=17084652	['index']	236	['level']=79}	['name']="ArchaicGear"
{['id']=17084653	['index']	237	['level']=80}	['name']="ArchaicGear"
{['id']=17084654	['index']	238	['level']=81}	['name']="ArchaicGear"
{['id']=17084655	['index']	239	['level']=80}	['name']="ArchaicGear"
{['id']=17084656	['index']	240	['level']=79}	['name']="ArchaicGear"
{['id']=17084657	['index']	241	['level']=80}	['name']="ArchaicGear"
{['id']=17084658	['index']	242	['level']=81}	['name']="ArchaicGear"
{['id']=17084659	['index']	243	['level']=81}	['name']="ArchaicGear"
{['id']=17084660	['index']	244	['level']=79}	['name']="ArchaicGear"
{['id']=17084661	['index']	245	['level']=80}	['name']="ArchaicGear"
{['id']=17084662	['index']	246	['level']=81}	['name']="ArchaicGear"
{['id']=17084663	['index']	247	['level']=81}	['name']="ArchaicGear"
{['id']=17084664	['index']	248	['level']=80}	['name']="ArchaicGear"
{['id']=17084665	['index']	249	['level']=81}	['name']="ArchaicChariot"
{['id']=17084666	['index']	250	['level']=81}	['name']="ArchaicGears"
{['id']=17084667	['index']	251	['level']=80}	['name']="ArchaicGears"
{['id']=17084668	['index']	252	['level']=80}	['name']="ArchaicGears"
{['id']=17084669	['index']	253	['level']=81}	['name']="ArchaicGears"
{['id']=17084670	['index']	254	['level']=80}	['name']="ArchaicGears"
{['id']=17084671	['index']	255	['level']=81}	['name']="ArchaicGear"
{['id']=17084672	['index']	256	['level']=79}	['name']="ArchaicGear"
{['id']=17084673	['index']	257	['level']=79}	['name']="ArchaicGear"
{['id']=17084674	['index']	258	['level']=81}	['name']="ArchaicGear"
{['id']=17084675	['index']	259	['level']=81}	['name']="ArchaicGear"
{['id']=17084676	['index']	260	['level']=79}	['name']="ArchaicGear"
{['id']=17084677	['index']	261	['level']=80}	['name']="ArchaicGear"
{['id']=17084678	['index']	262	['level']=81}	['name']="ArchaicGear"
{['id']=17084679	['index']	263	['level']=80}	['name']="ArchaicGear"
{['id']=17084680	['index']	264	['level']=79}	['name']="ArchaicGear"
{['id']=17084681	['index']	265	['level']=81}	['name']="ArchaicChariot"
{['id']=17084682	['index']	266	['level']=80}	['name']="ArchaicGears"
{['id']=17084683	['index']	267	['level']=81}	['name']="ArchaicGears"
{['id']=17084684	['index']	268	['level']=80}	['name']="ArchaicGears"
{['id']=17084685	['index']	269	['level']=80}	['name']="ArchaicGears"
{['id']=17084686	['index']	270	['level']=81}	['name']="ArchaicGears"
{['id']=17084687	['index']	271	['level']=83}	['name']="Long-BowedChar"
{['id']=17084689	['index']	273	['level']=1}	['name']="DormantRampart"
{['id']=17084690	['index']	274	['level']=1}	['name']="DormantRampart"
{['id']=17084691	['index']	275	['level']=1}	['name']="DormantRampart"
{['id']=17084699	['index']	283	['level']=70}	['name']="ReactionaryRam"
{['id']=17084700	['index']	284	['level']=72}	['name']="HuntingWasp"
{['id']=17084701	['index']	285	['level']=72}	['name']="HuntingWasp"
{['id']=17084702	['index']	286	['level']=72}	['name']="HuntingWasp"
{['id']=17084703	['index']	287	['level']=72}	['name']="HuntingWasp"
{['id']=17084706	['index']	290	['level']=70}	['name']="ReactionaryRam"
{['id']=17084707	['index']	291	['level']=74}	['name']="Colibri"
{['id']=17084709	['index']	293	['level']=74}	['name']="Colibri"
{['id']=17084713	['index']	297	['level']=70}	['name']="ReactionaryRam"
{['id']=17084714	['index']	298	['level']=75}	['name']="Tragopan"
{['id']=17084715	['index']	299	['level']=76}	['name']="Tragopan"
{['id']=17084716	['index']	300	['level']=76}	['name']="Tragopan"
{['id']=17084717	['index']	301	['level']=76}	['name']="Tragopan"
{['id']=17084718	['index']	302	['level']=75}	['name']="Tragopan"
{['id']=17084720	['index']	304	['level']=74}	['name']="FluxFlan"