    [16793607] = {['id']=16793607, ['name']="Jagil", ['index']=7, ['level']=37},
    [16793608] = {['id']=16793608, ['name']="CorallineUragn", ['index']=8, ['level']=33},
    [16793609] = {['id']=16793609, ['name']="CorallineUragn", ['index']=9, ['level']=34},
    [16793610] = {['id']=16793610, ['name']="CorallineUragn", ['index']=10, ['level']=32},
    [16793613] = {['id']=16793613, ['name']="ViscousClot", ['index']=13, ['level']=40},
    [16793614] = {['id']=16793614, ['name']="CorallineUragn", ['index']=14, ['level']=34},
    [16793615] = {['id']=16793615, ['name']="CorallineUragn", ['index']=15, ['level']=34},
    [16793622] = {['id']=16793622, ['name']="Toucan", ['index']=22, ['level']=40},
    [16793912] = {['id']=16793912, ['name']="NoihTahparawh", ['index']=312, ['level']=0},
    [16793916] = {['id']=16793916, ['name']="PohkaChichiyow", ['index']=316, ['level']=0},
    [16793919] = {['id']=16793919, ['name']="TohZonikki", ['index']=319, ['level']=0},
    [16793942] = {['id']=16793942, ['name']="RhaloDavigoh", ['index']=342, ['level']=0},
    [16793617] = {['id']=16793617, ['name']="CorallineUragn", ['index']=17, ['level']=33},
    [16793620] = {['id']=16793620, ['name']="CoastalOpo-opo", ['index']=20, ['level']=37},
    [16793621] = {['id']=16793621, ['name']="Alraune", ['index']=21, ['level']=39},
    [16793611] = {['id']=16793611, ['name']="CorallineUragn", ['index']=11, ['level']=34},
    [16793619] = {['id']=16793619, ['name']="CoastalOpo-opo", ['index']=19, ['level']=39},
    [16793623] = {['id']=16793623, ['name']="Alraune", ['index']=23, ['level']=38},
    [16793709] = {['id']=16793709, ['name']="CoastalOpo-opo", ['index']=109, ['level']=36},
    [16793707] = {['id']=16793707, ['name']="Alraune", ['index']=107, ['level']=38},
    [16793708] = {['id']=16793708, ['name']="Alraune", ['index']=108, ['level']=40},
    [16793705] = {['id']=16793705, ['name']="Toucan", ['index']=105, ['level']=39},
    [16793704] = {['id']=16793704, ['name']="Alraune", ['index']=104, ['level']=38},
    [16793703] = {['id']=16793703, ['name']="Alraune", ['index']=103, ['level']=38},
    [16793702] = {['id']=16793702, ['name']="CoastalOpo-opo", ['index']=102, ['level']=36},
    [16793697] = {['id']=16793697, ['name']="CoastalOpo-opo", ['index']=97, ['level']=37},
    [16793698] = {['id']=16793698, ['name']="Shankha", ['index']=98, ['level']=52},
    [16793696] = {['id']=16793696, ['name']="CoastalOpo-opo", ['index']=96, ['level']=38},
    [16793691] = {['id']=16793691, ['name']="Kraken", ['index']=91, ['level']=37},
    [16793701] = {['id']=16793701, ['name']="Toucan", ['index']=101, ['level']=38},
    [16793700] = {['id']=16793700, ['name']="Jagil", ['index']=100, ['level']=37},
    [16793699] = {['id']=16793699, ['name']="Jagil", ['index']=99, ['level']=38},
    [16793692] = {['id']=16793692, ['name']="Toucan", ['index']=92, ['level']=38},
    [16793689] = {['id']=16793689, ['name']="CorallineUragn", ['index']=89, ['level']=33},
    [16793690] = {['id']=16793690, ['name']="CorallineUragn", ['index']=90, ['level']=33},
    [16793693] = {['id']=16793693, ['name']="Alraune", ['index']=93, ['level']=39},
    [16793686] = {['id']=16793686, ['name']="CorallineUragn", ['index']=86, ['level']=34},
    [16793688] = {['id']=16793688, ['name']="ViscousClot", ['index']=88, ['level']=38},
    [16793687] = {['id']=16793687, ['name']="CorallineUragn", ['index']=87, ['level']=34},
    [16793684] = {['id']=16793684, ['name']="CoastalOpo-opo", ['index']=84, ['level']=37},
    [16793685] = {['id']=16793685, ['name']="CoastalOpo-opo", ['index']=85, ['level']=37},
    [16793683] = {['id']=16793683, ['name']="CoastalOpo-opo", ['index']=83, ['level']=36},
    [16793681] = {['id']=16793681, ['name']="Alraune", ['index']=81, ['level']=39},
    [16793682] = {['id']=16793682, ['name']="Alraune", ['index']=82, ['level']=40},
    [16793679] = {['id']=16793679, ['name']="Toucan", ['index']=79, ['level']=40},
    [16793680] = {['id']=16793680, ['name']="Alraune", ['index']=80, ['level']=40},
    [16793676] = {['id']=16793676, ['name']="Jagil", ['index']=76, ['level']=37},
    [16793677] = {['id']=16793677, ['name']="Toucan", ['index']=77, ['level']=40},
    [16793664] = {['id']=16793664, ['name']="Jagil", ['index']=64, ['level']=38},
    [16793665] = {['id']=16793665, ['name']="CorallineUragn", ['index']=65, ['level']=35},
    [16793666] = {['id']=16793666, ['name']="CorallineUragn", ['index']=66, ['level']=35},
    [16793668] = {['id']=16793668, ['name']="Toucan", ['index']=68, ['level']=39},
    [16793669] = {['id']=16793669, ['name']="Toucan", ['index']=69, ['level']=40},
    [16793670] = {['id']=16793670, ['name']="ViscousClot", ['index']=70, ['level']=40},
    [16793674] = {['id']=16793674, ['name']="CoastalOpo-opo", ['index']=74, ['level']=38},
    [16793673] = {['id']=16793673, ['name']="CoastalOpo-opo", ['index']=73, ['level']=38},
    [16793930] = {['id']=16793930, ['name']="???Warmachine", ['index']=330, ['level']=0},
    [16793672] = {['id']=16793672, ['name']="Alraune", ['index']=72, ['level']=37},
    [16793667] = {['id']=16793667, ['name']="Kraken", ['index']=67, ['level']=38},
    [16793662] = {['id']=16793662, ['name']="CorallineUragn", ['index']=62, ['level']=34},
    [16793655] = {['id']=16793655, ['name']="Alraune", ['index']=55, ['level']=39},
    [16793656] = {['id']=16793656, ['name']="CoastalOpo-opo", ['index']=56, ['level']=38},
    [16793653] = {['id']=16793653, ['name']="CoastalOpo-opo", ['index']=53, ['level']=39},
    [16793654] = {['id']=16793654, ['name']="CoastalOpo-opo", ['index']=54, ['level']=38},
    [16793652] = {['id']=16793652, ['name']="Alraune", ['index']=52, ['level']=40},
    [16793635] = {['id']=16793635, ['name']="Alraune", ['index']=35, ['level']=39},
    [16793634] = {['id']=16793634, ['name']="Alraune", ['index']=34, ['level']=40},
    [16793658] = {['id']=16793658, ['name']="Alraune", ['index']=58, ['level']=39},
    [16793657] = {['id']=16793657, ['name']="Alraune", ['index']=57, ['level']=40},
    [16793659] = {['id']=16793659, ['name']="CoastalOpo-opo", ['index']=59, ['level']=39},
    [16793660] = {['id']=16793660, ['name']="Alraune", ['index']=60, ['level']=38},
    [16793661] = {['id']=16793661, ['name']="Alraune", ['index']=61, ['level']=40},
    [16793631] = {['id']=16793631, ['name']="Toucan", ['index']=31, ['level']=40},
    [16793633] = {['id']=16793633, ['name']="Alraune", ['index']=33, ['level']=39},
    [16793650] = {['id']=16793650, ['name']="Toucan", ['index']=50, ['level']=39},
    [16793651] = {['id']=16793651, ['name']="Jagil", ['index']=51, ['level']=36},
    [16793643] = {['id']=16793643, ['name']="CorallineUragn", ['index']=43, ['level']=32},
    [16793637] = {['id']=16793637, ['name']="CorallineUragn", ['index']=37, ['level']=33},
    [16793641] = {['id']=16793641, ['name']="Jagil", ['index']=41, ['level']=37},
    [16793642] = {['id']=16793642, ['name']="CorallineUragn", ['index']=42, ['level']=32},
    [16793647] = {['id']=16793647, ['name']="ViscousClot", ['index']=47, ['level']=39},
    [16793648] = {['id']=16793648, ['name']="CoastalOpo-opo", ['index']=48, ['level']=38},
    [16793630] = {['id']=16793630, ['name']="CoastalOpo-opo", ['index']=30, ['level']=37},
    [16793629] = {['id']=16793629, ['name']="CoastalOpo-opo", ['index']=29, ['level']=37},
    [16793627] = {['id']=16793627, ['name']="CoastalOpo-opo", ['index']=27, ['level']=39},
    [16793626] = {['id']=16793626, ['name']="CoastalOpo-opo", ['index']=26, ['level']=39},
    [16793628] = {['id']=16793628, ['name']="Toucan", ['index']=28, ['level']=38},
    [16793625] = {['id']=16793625, ['name']="CoastalOpo-opo", ['index']=25, ['level']=37},
    [16793624] = {['id']=16793624, ['name']="Alraune", ['index']=24, ['level']=38},
    [16793717] = {['id']=16793717, ['name']="IslandRarab", ['index']=117, ['level']=34},
    [16793718] = {['id']=16793718, ['name']="IslandRarab", ['index']=118, ['level']=35},
    [16793720] = {['id']=16793720, ['name']="MarineDhalmel", ['index']=120, ['level']=37},
    [16793721] = {['id']=16793721, ['name']="Raven", ['index']=121, ['level']=37},
    [16793895] = {['id']=16793895, ['name']="Intuila", ['index']=295, ['level']=99},
    [16793725] = {['id']=16793725, ['name']="IslandRarab", ['index']=125, ['level']=35},
    [16793719] = {['id']=16793719, ['name']="MarineDhalmel", ['index']=119, ['level']=34},
    [16793722] = {['id']=16793722, ['name']="MarineDhalmel", ['index']=122, ['level']=36},
    [16793724] = {['id']=16793724, ['name']="Raven", ['index']=124, ['level']=37},
    [16793723] = {['id']=16793723, ['name']="Eft", ['index']=123, ['level']=34},
    [16793729] = {['id']=16793729, ['name']="GoblinShaman", ['index']=129, ['level']=35},
    [16793727] = {['id']=16793727, ['name']="MarineDhalmel", ['index']=127, ['level']=36},
    [16793728] = {['id']=16793728, ['name']="IslandRarab", ['index']=128, ['level']=34},
    [16793730] = {['id']=16793730, ['name']="Eft", ['index']=130, ['level']=35},
    [16793732] = {['id']=16793732, ['name']="Eft", ['index']=132, ['level']=33},
    [16793740] = {['id']=16793740, ['name']="Raven", ['index']=140, ['level']=37},
    [16793731] = {['id']=16793731, ['name']="Eft", ['index']=131, ['level']=34},
    [16793733] = {['id']=16793733, ['name']="Eft", ['index']=133, ['level']=33},
    [16793738] = {['id']=16793738, ['name']="Raven", ['index']=138, ['level']=37},
    [16793735] = {['id']=16793735, ['name']="Eft", ['index']=135, ['level']=34},
    [16793734] = {['id']=16793734, ['name']="Eft", ['index']=134, ['level']=34},
    [16793741] = {['id']=16793741, ['name']="Eft", ['index']=141, ['level']=34},
    [16793976] = {['id']=16793976, ['name']="SurvivalGuide", ['index']=376, ['level']=0},
    [16793958] = {['id']=16793958, ['name']="TswePanipahr", ['index']=358, ['level']=0},
    [16793739] = {['id']=16793739, ['name']="Raven", ['index']=139, ['level']=36},
    [16793917] = {['id']=16793917, ['name']="MepNhapopoluko", ['index']=317, ['level']=0},
    [16793736] = {['id']=16793736, ['name']="Eft", ['index']=136, ['level']=35},
    [16793737] = {['id']=16793737, ['name']="Eft", ['index']=137, ['level']=34},
    [16793911] = {['id']=16793911, ['name']="FheliLapatzuo", ['index']=311, ['level']=0},
    [16793743] = {['id']=16793743, ['name']="MarineDhalmel", ['index']=143, ['level']=34},
    [16793745] = {['id']=16793745, ['name']="Eft", ['index']=145, ['level']=33},
    [16793744] = {['id']=16793744, ['name']="MarineDhalmel", ['index']=144, ['level']=35},
    [16793717] = {['id']=16793717, ['name']="IslandRarab", ['index']=117, ['level']=36},
    [16793718] = {['id']=16793718, ['name']="IslandRarab", ['index']=118, ['level']=35},
    [16793719] = {['id']=16793719, ['name']="MarineDhalmel", ['index']=119, ['level']=37},
    [16793720] = {['id']=16793720, ['name']="MarineDhalmel", ['index']=120, ['level']=37},
    [16793721] = {['id']=16793721, ['name']="Raven", ['index']=121, ['level']=38},
    [16793722] = {['id']=16793722, ['name']="MarineDhalmel", ['index']=122, ['level']=35},
    [16793723] = {['id']=16793723, ['name']="Eft", ['index']=123, ['level']=34},
    [16793724] = {['id']=16793724, ['name']="Raven", ['index']=124, ['level']=38},
    [16793725] = {['id']=16793725, ['name']="IslandRarab", ['index']=125, ['level']=35},
    [16793729] = {['id']=16793729, ['name']="GoblinShaman", ['index']=129, ['level']=36},
    [16793731] = {['id']=16793731, ['name']="Eft", ['index']=131, ['level']=34},
    [16793740] = {['id']=16793740, ['name']="Raven", ['index']=140, ['level']=37},
    [16793727] = {['id']=16793727, ['name']="MarineDhalmel", ['index']=127, ['level']=35},
    [16793728] = {['id']=16793728, ['name']="IslandRarab", ['index']=128, ['level']=35},
    [16793730] = {['id']=16793730, ['name']="Eft", ['index']=130, ['level']=35},
    [16793732] = {['id']=16793732, ['name']="Eft", ['index']=132, ['level']=33},
    [16793733] = {['id']=16793733, ['name']="Eft", ['index']=133, ['level']=33},
    [16793734] = {['id']=16793734, ['name']="Eft", ['index']=134, ['level']=34},
    [16793735] = {['id']=16793735, ['name']="Eft", ['index']=135, ['level']=34},
    [16793736] = {['id']=16793736, ['name']="Eft", ['index']=136, ['level']=35},
    [16793737] = {['id']=16793737, ['name']="Eft", ['index']=137, ['level']=34},
    [16793738] = {['id']=16793738, ['name']="Raven", ['index']=138, ['level']=36},
    [16793739] = {['id']=16793739, ['name']="Raven", ['index']=139, ['level']=36},
    [16793741] = {['id']=16793741, ['name']="Eft", ['index']=141, ['level']=33},
    [16793743] = {['id']=16793743, ['name']="MarineDhalmel", ['index']=143, ['level']=36},
    [16793744] = {['id']=16793744, ['name']="MarineDhalmel", ['index']=144, ['level']=37},
    [16793745] = {['id']=16793745, ['name']="Eft", ['index']=145, ['level']=33},
    [16793911] = {['id']=16793911, ['name']="FheliLapatzuo", ['index']=311, ['level']=0},
    [16793917] = {['id']=16793917, ['name']="MepNhapopoluko", ['index']=317, ['level']=0},
    [16793958] = {['id']=16793958, ['name']="TswePanipahr", ['index']=358, ['level']=0},
    [16793976] = {['id']=16793976, ['name']="SurvivalGuide", ['index']=376, ['level']=0},
    [16793748] = {['id']=16793748, ['name']="MarineDhalmel", ['index']=148, ['level']=35},
    [16793749] = {['id']=16793749, ['name']="IslandRarab", ['index']=149, ['level']=35},
    [16793746] = {['id']=16793746, ['name']="GoblinPathfind", ['index']=146, ['level']=36},
    [16793747] = {['id']=16793747, ['name']="Goblin\'sRarab", ['index']=147, ['level']=29},
    [16793750] = {['id']=16793750, ['name']="HobgoblinMarti", ['index']=150, ['level']=72},
    [16793752] = {['id']=16793752, ['name']="Goblin\'sRarab", ['index']=152, ['level']=69},
    [16793751] = {['id']=16793751, ['name']="HobgoblinAnima", ['index']=151, ['level']=72},
    [16793755] = {['id']=16793755, ['name']="TropicalRarab", ['index']=155, ['level']=73},
    [16793754] = {['id']=16793754, ['name']="TropicalRarab", ['index']=154, ['level']=74},
    [16793763] = {['id']=16793763, ['name']="TropicalRarab", ['index']=163, ['level']=73},
    [16793760] = {['id']=16793760, ['name']="Tragopan", ['index']=160, ['level']=72},
    [16793761] = {['id']=16793761, ['name']="Tragopan", ['index']=161, ['level']=72},
    [16793762] = {['id']=16793762, ['name']="TropicalRarab", ['index']=162, ['level']=75},
    [16793766] = {['id']=16793766, ['name']="Tragopan", ['index']=166, ['level']=72},
    [16793765] = {['id']=16793765, ['name']="Tragopan", ['index']=165, ['level']=72},
    [16793757] = {['id']=16793757, ['name']="HobgoblinVener", ['index']=157, ['level']=74},
    [16793756] = {['id']=16793756, ['name']="TropicalRarab", ['index']=156, ['level']=74},
    [16793759] = {['id']=16793759, ['name']="HobgoblinFasci", ['index']=159, ['level']=73},
    [16793764] = {['id']=16793764, ['name']="TropicalRarab", ['index']=164, ['level']=75},
    [16793758] = {['id']=16793758, ['name']="Catoblepas", ['index']=158, ['level']=76},
    [16793771] = {['id']=16793771, ['name']="Catoblepas", ['index']=171, ['level']=77},
    [16793768] = {['id']=16793768, ['name']="Catoblepas", ['index']=168, ['level']=77},
    [16793770] = {['id']=16793770, ['name']="Tragopan", ['index']=170, ['level']=71},
    [16793772] = {['id']=16793772, ['name']="Catoblepas", ['index']=172, ['level']=76},
    [16793769] = {['id']=16793769, ['name']="Catoblepas", ['index']=169, ['level']=77},
    [16793784] = {['id']=16793784, ['name']="HobgoblinMarti", ['index']=184, ['level']=72},
    [16793778] = {['id']=16793778, ['name']="Goblin\'sRarab", ['index']=178, ['level']=68},
    [16793777] = {['id']=16793777, ['name']="HobgoblinAnima", ['index']=177, ['level']=73},
    [16793785] = {['id']=16793785, ['name']="HobgoblinVener", ['index']=185, ['level']=72},
    [16793776] = {['id']=16793776, ['name']="Splacknuck", ['index']=176, ['level']=69},
    [16793780] = {['id']=16793780, ['name']="HobgoblinFasci", ['index']=180, ['level']=72},
    [16793774] = {['id']=16793774, ['name']="TartarusEft", ['index']=174, ['level']=77},
    [16793773] = {['id']=16793773, ['name']="TropicalRarab", ['index']=173, ['level']=75},
    [16793782] = {['id']=16793782, ['name']="Catoblepas", ['index']=182, ['level']=77},
    [16793786] = {['id']=16793786, ['name']="Tragopan", ['index']=186, ['level']=71},
    [16793787] = {['id']=16793787, ['name']="TropicalRarab", ['index']=187, ['level']=74},
    [16793789] = {['id']=16793789, ['name']="TartarusEft", ['index']=189, ['level']=76},
    [16793788] = {['id']=16793788, ['name']="TartarusEft", ['index']=188, ['level']=77},
    [16793779] = {['id']=16793779, ['name']="TartarusEft", ['index']=179, ['level']=77},
    [16793783] = {['id']=16793783, ['name']="Tragopan", ['index']=183, ['level']=71},
    [16793790] = {['id']=16793790, ['name']="Catoblepas", ['index']=190, ['level']=77},
    [16793791] = {['id']=16793791, ['name']="TropicalRarab", ['index']=191, ['level']=76},
    [16793794] = {['id']=16793794, ['name']="Catoblepas", ['index']=194, ['level']=77},
    [16793793] = {['id']=16793793, ['name']="Tragopan", ['index']=193, ['level']=71},
    [16793792] = {['id']=16793792, ['name']="HobgoblinFasci", ['index']=192, ['level']=74},
    [16793795] = {['id']=16793795, ['name']="Catoblepas", ['index']=195, ['level']=76},
    [16793797] = {['id']=16793797, ['name']="HobgoblinAnima", ['index']=197, ['level']=72},
    [16793798] = {['id']=16793798, ['name']="Goblin\'sRarab", ['index']=198, ['level']=68},
    [16793799] = {['id']=16793799, ['name']="HobgoblinVener", ['index']=199, ['level']=73},
    [16793800] = {['id']=16793800, ['name']="HobgoblinBlagg", ['index']=200, ['level']=83},
    [16793801] = {['id']=16793801, ['name']="HobgoblinTorea", ['index']=201, ['level']=83},
    [16793802] = {['id']=16793802, ['name']="BightRarab", ['index']=202, ['level']=83},
    [16793803] = {['id']=16793803, ['name']="Camelopard", ['index']=203, ['level']=84},
    [16793804] = {['id']=16793804, ['name']="BightRarab", ['index']=204, ['level']=81},
    [16793805] = {['id']=16793805, ['name']="HobgoblinTorea", ['index']=205, ['level']=82},
    [16793806] = {['id']=16793806, ['name']="Camelopard", ['index']=206, ['level']=85},
    [16793807] = {['id']=16793807, ['name']="BightRarab", ['index']=207, ['level']=82},
    [16793809] = {['id']=16793809, ['name']="BightRarab", ['index']=209, ['level']=82},
    [16793808] = {['id']=16793808, ['name']="BightRarab", ['index']=208, ['level']=83},
    [16793811] = {['id']=16793811, ['name']="HobgoblinBlagg", ['index']=211, ['level']=83},
    [16793810] = {['id']=16793810, ['name']="HobgoblinPhysi", ['index']=210, ['level']=82},
    [16793822] = {['id']=16793822, ['name']="Camelopard", ['index']=222, ['level']=85},
    [16793821] = {['id']=16793821, ['name']="Camelopard", ['index']=221, ['level']=83},
    [16793823] = {['id']=16793823, ['name']="HypnosEft", ['index']=223, ['level']=82},
    [16793824] = {['id']=16793824, ['name']="HypnosEft", ['index']=224, ['level']=82},
    [16793828] = {['id']=16793828, ['name']="HobgoblinBlagg", ['index']=228, ['level']=82},
    [16793829] = {['id']=16793829, ['name']="HypnosEft", ['index']=229, ['level']=83},
    [16793830] = {['id']=16793830, ['name']="HypnosEft", ['index']=230, ['level']=82},
    [16793825] = {['id']=16793825, ['name']="HypnosEft", ['index']=225, ['level']=83},
    [16793826] = {['id']=16793826, ['name']="HypnosEft", ['index']=226, ['level']=83},
    [16793813] = {['id']=16793813, ['name']="Camelopard", ['index']=213, ['level']=83},
    [16793814] = {['id']=16793814, ['name']="BightRarab", ['index']=214, ['level']=81},
    [16793812] = {['id']=16793812, ['name']="Camelopard", ['index']=212, ['level']=85},
    [16793815] = {['id']=16793815, ['name']="Camelopard", ['index']=215, ['level']=83},
    [16793816] = {['id']=16793816, ['name']="Camelopard", ['index']=216, ['level']=85},
    [16793817] = {['id']=16793817, ['name']="Camelopard", ['index']=217, ['level']=85},
    [16793818] = {['id']=16793818, ['name']="HobgoblinAlast", ['index']=218, ['level']=83},
    [16793819] = {['id']=16793819, ['name']="HobgoblinAlast", ['index']=219, ['level']=83},
    [16793837] = {['id']=16793837, ['name']="HobgoblinAlast", ['index']=237, ['level']=84},
    [16793838] = {['id']=16793838, ['name']="HobgoblinTorea", ['index']=238, ['level']=84},
    [16793839] = {['id']=16793839, ['name']="Camelopard", ['index']=239, ['level']=85},
    [16793840] = {['id']=16793840, ['name']="Camelopard", ['index']=240, ['level']=83},
    [16793845] = {['id']=16793845, ['name']="HobgoblinAlast", ['index']=245, ['level']=83},
    [16793846] = {['id']=16793846, ['name']="HobgoblinTorea", ['index']=246, ['level']=83},
    [16793847] = {['id']=16793847, ['name']="HobgoblinPhysi", ['index']=247, ['level']=82},
    [16793855] = {['id']=16793855, ['name']="HypnosEft", ['index']=255, ['level']=83},
    [16793856] = {['id']=16793856, ['name']="HypnosEft", ['index']=256, ['level']=83},
    [16793849] = {['id']=16793849, ['name']="HypnosEft", ['index']=249, ['level']=84},
    [16793848] = {['id']=16793848, ['name']="BightRarab", ['index']=248, ['level']=83},
    [16793851] = {['id']=16793851, ['name']="HobgoblinAngle", ['index']=251, ['level']=85},
    [16793853] = {['id']=16793853, ['name']="HobgoblinAngle", ['index']=253, ['level']=85},
    [16793852] = {['id']=16793852, ['name']="HobgoblinAngle", ['index']=252, ['level']=85},
    [16793854] = {['id']=16793854, ['name']="HypnosEft", ['index']=254, ['level']=83},
    [16793850] = {['id']=16793850, ['name']="HobgoblinPhysi", ['index']=250, ['level']=83},
    [16793831] = {['id']=16793831, ['name']="HypnosEft", ['index']=231, ['level']=83},
    [16793832] = {['id']=16793832, ['name']="HypnosEft", ['index']=232, ['level']=82},
    [16793833] = {['id']=16793833, ['name']="HobgoblinPhysi", ['index']=233, ['level']=83},
    [16793836] = {['id']=16793836, ['name']="HypnosEft", ['index']=236, ['level']=82},
    [16793835] = {['id']=16793835, ['name']="HypnosEft", ['index']=235, ['level']=83},
