    [17240093] = {['id']=17240093, ['name']="GoblinBandit", ['index']=29, ['level']=66},
    [17240094] = {['id']=17240094, ['name']="SandLizard", ['index']=30, ['level']=66},
    [17240095] = {['id']=17240095, ['name']="SandLizard", ['index']=31, ['level']=62},
    [17240097] = {['id']=17240097, ['name']="BeachBunny", ['index']=33, ['level']=64},
    [17240098] = {['id']=17240098, ['name']="BeachBunny", ['index']=34, ['level']=65},
    [17240101] = {['id']=17240101, ['name']="GoblinAlchemis", ['index']=37, ['level']=68},
    [17240103] = {['id']=17240103, ['name']="BeachBunny", ['index']=39, ['level']=64},
    [17240113] = {['id']=17240113, ['name']="GoblinMercenar", ['index']=49, ['level']=66},
    [17240114] = {['id']=17240114, ['name']="GoblinShepherd", ['index']=50, ['level']=68},
    [17240115] = {['id']=17240115, ['name']="Goblin'sRabbit", ['index']=51, ['level']=50},
    [17240118] = {['id']=17240118, ['name']="BeachBunny", ['index']=54, ['level']=63},
    [17240472] = {['id']=17240472, ['name']="Salimardi,R.K.", ['index']=408, ['level']=0},
    [17240482] = {['id']=17240482, ['name']="BrightMoon", ['index']=418, ['level']=0},
    [17240520] = {['id']=17240520, ['name']="FieldManual", ['index']=456, ['level']=0},
    [17240528] = {['id']=17240528, ['name']="SurvivalGuide", ['index']=464, ['level']=0},
    [17240119] = {['id']=17240119, ['name']="BeachBunny", ['index']=55, ['level']=63},
    [17240116] = {['id']=17240116, ['name']="SandLizard", ['index']=52, ['level']=63},
    [17240111] = {['id']=17240111, ['name']="SandLizard", ['index']=47, ['level']=64},
    [17240105] = {['id']=17240105, ['name']="GoblinMercenar", ['index']=41, ['level']=68},
    [17240120] = {['id']=17240120, ['name']="BeachBunny", ['index']=56, ['level']=62},
    [17240108] = {['id']=17240108, ['name']="BeachBunny", ['index']=44, ['level']=64},
    [17240106] = {['id']=17240106, ['name']="BeachBunny", ['index']=42, ['level']=62},
    [17240096] = {['id']=17240096, ['name']="BeachBunny", ['index']=32, ['level']=62},
    [17240136] = {['id']=17240136, ['name']="RobberCrab", ['index']=72, ['level']=65},
    [17240138] = {['id']=17240138, ['name']="SandLizard", ['index']=74, ['level']=63},
    [17240107] = {['id']=17240107, ['name']="BeachBunny", ['index']=43, ['level']=65},
    [17240139] = {['id']=17240139, ['name']="SandLizard", ['index']=75, ['level']=65},
    [17240135] = {['id']=17240135, ['name']="RobberCrab", ['index']=71, ['level']=67},
    [17240134] = {['id']=17240134, ['name']="GoblinAlchemis", ['index']=70, ['level']=66},
    [17240137] = {['id']=17240137, ['name']="SandLizard", ['index']=73, ['level']=62},
    [17240133] = {['id']=17240133, ['name']="GoblinBandit", ['index']=69, ['level']=66},
    [17240152] = {['id']=17240152, ['name']="Velociraptor", ['index']=88, ['level']=67},
    [17240147] = {['id']=17240147, ['name']="SandLizard", ['index']=83, ['level']=64},
    [17240146] = {['id']=17240146, ['name']="Goblin'sRabbit", ['index']=82, ['level']=50},
    [17240150] = {['id']=17240150, ['name']="SandLizard", ['index']=86, ['level']=64},
    [17240145] = {['id']=17240145, ['name']="GoblinShepherd", ['index']=81, ['level']=68},
    [17240160] = {['id']=17240160, ['name']="SandLizard", ['index']=96, ['level']=65},
    [17240161] = {['id']=17240161, ['name']="SandLizard", ['index']=97, ['level']=65},
    [17240149] = {['id']=17240149, ['name']="SandLizard", ['index']=85, ['level']=66},
    [17240158] = {['id']=17240158, ['name']="Velociraptor", ['index']=94, ['level']=66},
    [17240163] = {['id']=17240163, ['name']="SandLizard", ['index']=99, ['level']=65},
    [17240155] = {['id']=17240155, ['name']="GoblinBandit", ['index']=91, ['level']=67},
    [17240162] = {['id']=17240162, ['name']="SandLizard", ['index']=98, ['level']=66},
    [17240148] = {['id']=17240148, ['name']="SandLizard", ['index']=84, ['level']=62},
    [17240151] = {['id']=17240151, ['name']="SandLizard", ['index']=87, ['level']=63},
    [17240170] = {['id']=17240170, ['name']="SandLizard", ['index']=106, ['level']=65},
    [17240165] = {['id']=17240165, ['name']="GoblinMercenar", ['index']=101, ['level']=67},
    [17240166] = {['id']=17240166, ['name']="Velociraptor", ['index']=102, ['level']=66},
    [17240168] = {['id']=17240168, ['name']="Velociraptor", ['index']=104, ['level']=68},
    [17240169] = {['id']=17240169, ['name']="SandLizard", ['index']=105, ['level']=65},
    [17240173] = {['id']=17240173, ['name']="GoblinAlchemis", ['index']=109, ['level']=65},
    [17240174] = {['id']=17240174, ['name']="SandLizard", ['index']=110, ['level']=66},
    [17240175] = {['id']=17240175, ['name']="SandLizard", ['index']=111, ['level']=64},
    [17240178] = {['id']=17240178, ['name']="SandCockatrice", ['index']=114, ['level']=72},
    [17240241] = {['id']=17240241, ['name']="Velociraptor", ['index']=177, ['level']=68},
    [17240242] = {['id']=17240242, ['name']="Velociraptor", ['index']=178, ['level']=69},
    [17240243] = {['id']=17240243, ['name']="Velociraptor", ['index']=179, ['level']=69},
    [17240245] = {['id']=17240245, ['name']="SandCockatrice", ['index']=181, ['level']=71},
    [17240246] = {['id']=17240246, ['name']="SandCockatrice", ['index']=182, ['level']=71},
    [17240249] = {['id']=17240249, ['name']="SandCockatrice", ['index']=185, ['level']=74},
    [17240270] = {['id']=17240270, ['name']="Velociraptor", ['index']=206, ['level']=69},
    [17240272] = {['id']=17240272, ['name']="SandCockatrice", ['index']=208, ['level']=73},
    [17240273] = {['id']=17240273, ['name']="SandCockatrice", ['index']=209, ['level']=73},
    [17240274] = {['id']=17240274, ['name']="GoblinMercenar", ['index']=210, ['level']=68},
    [17240275] = {['id']=17240275, ['name']="GoblinAlchemis", ['index']=211, ['level']=66},
    [17240276] = {['id']=17240276, ['name']="Velociraptor", ['index']=212, ['level']=66},
    [17240277] = {['id']=17240277, ['name']="Velociraptor", ['index']=213, ['level']=67},
    [17240278] = {['id']=17240278, ['name']="Velociraptor", ['index']=214, ['level']=66},
    [17240282] = {['id']=17240282, ['name']="Velociraptor", ['index']=218, ['level']=69},
    [17240316] = {['id']=17240316, ['name']="GoblinMercenar", ['index']=252, ['level']=66},
    [17240318] = {['id']=17240318, ['name']="SandCockatrice", ['index']=254, ['level']=71},
    [17240319] = {['id']=17240319, ['name']="SandCockatrice", ['index']=255, ['level']=72},
    [17240284] = {['id']=17240284, ['name']="Velociraptor", ['index']=220, ['level']=66},
    [17240285] = {['id']=17240285, ['name']="Velociraptor", ['index']=221, ['level']=69},
    [17240281] = {['id']=17240281, ['name']="GoblinAlchemis", ['index']=217, ['level']=68},
    [17240293] = {['id']=17240293, ['name']="Velociraptor", ['index']=229, ['level']=68},
    [17240289] = {['id']=17240289, ['name']="GoblinMercenar", ['index']=225, ['level']=67},
    [17240291] = {['id']=17240291, ['name']="Goblin'sRabbit", ['index']=227, ['level']=49},
    [17240290] = {['id']=17240290, ['name']="GoblinShepherd", ['index']=226, ['level']=65},
    [17240325] = {['id']=17240325, ['name']="RobberCrab", ['index']=261, ['level']=64},
    [17240324] = {['id']=17240324, ['name']="RobberCrab", ['index']=260, ['level']=65},
    [17240292] = {['id']=17240292, ['name']="Velociraptor", ['index']=228, ['level']=69},
    [17240299] = {['id']=17240299, ['name']="GoblinBandit", ['index']=235, ['level']=68},
    [17240331] = {['id']=17240331, ['name']="RobberCrab", ['index']=267, ['level']=65},
    [17240298] = {['id']=17240298, ['name']="GoblinAlchemis", ['index']=234, ['level']=66},
    [17240300] = {['id']=17240300, ['name']="Velociraptor", ['index']=236, ['level']=69},
    [17240304] = {['id']=17240304, ['name']="GoblinShepherd", ['index']=240, ['level']=65},
    [17240305] = {['id']=17240305, ['name']="Goblin'sRabbit", ['index']=241, ['level']=48},
    [17240306] = {['id']=17240306, ['name']="GoblinMercenar", ['index']=242, ['level']=66},
    [17240307] = {['id']=17240307, ['name']="GoblinMercenar", ['index']=243, ['level']=67},
    [17240308] = {['id']=17240308, ['name']="GoblinAlchemis", ['index']=244, ['level']=66},
    [17240309] = {['id']=17240309, ['name']="Velociraptor", ['index']=245, ['level']=69},
    [17240311] = {['id']=17240311, ['name']="Velociraptor", ['index']=247, ['level']=66},
    [17240315] = {['id']=17240315, ['name']="ZmeyGorynych", ['index']=251, ['level']=78},
    [17240332] = {['id']=17240332, ['name']="RobberCrab", ['index']=268, ['level']=64},
    [17240334] = {['id']=17240334, ['name']="RobberCrab", ['index']=270, ['level']=65},
    [17240339] = {['id']=17240339, ['name']="Velociraptor", ['index']=275, ['level']=67},
    [17240091] = {['id']=17240091, ['name']="GoblinShepherd", ['index']=27, ['level']=68},
    [17240092] = {['id']=17240092, ['name']="Goblin\'sRabbit", ['index']=28, ['level']=50},
    [17240094] = {['id']=17240094, ['name']="SandLizard", ['index']=30, ['level']=63},
    [17240095] = {['id']=17240095, ['name']="SandLizard", ['index']=31, ['level']=63},
    [17240096] = {['id']=17240096, ['name']="BeachBunny", ['index']=32, ['level']=65},
    [17240097] = {['id']=17240097, ['name']="BeachBunny", ['index']=33, ['level']=62},
    [17240101] = {['id']=17240101, ['name']="GoblinAlchemis", ['index']=37, ['level']=65},
    [17240103] = {['id']=17240103, ['name']="BeachBunny", ['index']=39, ['level']=62},
    [17240105] = {['id']=17240105, ['name']="GoblinMercenar", ['index']=41, ['level']=65},
    [17240106] = {['id']=17240106, ['name']="BeachBunny", ['index']=42, ['level']=62},
    [17240107] = {['id']=17240107, ['name']="BeachBunny", ['index']=43, ['level']=64},
    [17240108] = {['id']=17240108, ['name']="BeachBunny", ['index']=44, ['level']=64},
    [17240111] = {['id']=17240111, ['name']="SandLizard", ['index']=47, ['level']=66},
    [17240113] = {['id']=17240113, ['name']="GoblinMercenar", ['index']=49, ['level']=67},
    [17240114] = {['id']=17240114, ['name']="GoblinShepherd", ['index']=50, ['level']=68},
    [17240115] = {['id']=17240115, ['name']="Goblin\'sRabbit", ['index']=51, ['level']=50},
    [17240116] = {['id']=17240116, ['name']="SandLizard", ['index']=52, ['level']=64},
    [17240118] = {['id']=17240118, ['name']="BeachBunny", ['index']=54, ['level']=65},
    [17240119] = {['id']=17240119, ['name']="BeachBunny", ['index']=55, ['level']=62},
    [17240120] = {['id']=17240120, ['name']="BeachBunny", ['index']=56, ['level']=62},
    [17240130] = {['id']=17240130, ['name']="Velociraptor", ['index']=66, ['level']=68},
    [17240133] = {['id']=17240133, ['name']="GoblinBandit", ['index']=69, ['level']=67},
    [17240134] = {['id']=17240134, ['name']="GoblinAlchemis", ['index']=70, ['level']=65},
    [17240135] = {['id']=17240135, ['name']="RobberCrab", ['index']=71, ['level']=67},
    [17240137] = {['id']=17240137, ['name']="SandLizard", ['index']=73, ['level']=65},
    [17240138] = {['id']=17240138, ['name']="SandLizard", ['index']=74, ['level']=65},
    [17240139] = {['id']=17240139, ['name']="SandLizard", ['index']=75, ['level']=63},
    [17240140] = {['id']=17240140, ['name']="SandLizard", ['index']=76, ['level']=66},
    [17240145] = {['id']=17240145, ['name']="GoblinShepherd", ['index']=81, ['level']=68},
    [17240146] = {['id']=17240146, ['name']="Goblin\'sRabbit", ['index']=82, ['level']=50},
    [17240147] = {['id']=17240147, ['name']="SandLizard", ['index']=83, ['level']=64},
    [17240148] = {['id']=17240148, ['name']="SandLizard", ['index']=84, ['level']=64},
    [17240149] = {['id']=17240149, ['name']="SandLizard", ['index']=85, ['level']=62},
    [17240150] = {['id']=17240150, ['name']="SandLizard", ['index']=86, ['level']=63},
    [17240151] = {['id']=17240151, ['name']="SandLizard", ['index']=87, ['level']=66},
    [17240161] = {['id']=17240161, ['name']="SandLizard", ['index']=97, ['level']=65},
    [17240162] = {['id']=17240162, ['name']="SandLizard", ['index']=98, ['level']=66},
    [17240163] = {['id']=17240163, ['name']="SandLizard", ['index']=99, ['level']=65},
    [17240164] = {['id']=17240164, ['name']="SandLizard", ['index']=100, ['level']=62},
    [17240170] = {['id']=17240170, ['name']="SandLizard", ['index']=106, ['level']=64},
    [17240472] = {['id']=17240472, ['name']="Salimardi,R.K.", ['index']=408, ['level']=0},
    [17240482] = {['id']=17240482, ['name']="BrightMoon", ['index']=418, ['level']=0},
    [17240520] = {['id']=17240520, ['name']="FieldManual", ['index']=456, ['level']=0},
    [17240098] = {['id']=17240098, ['name']="BeachBunny", ['index']=34, ['level']=63},
    [17240528] = {['id']=17240528, ['name']="SurvivalGuide", ['index']=464, ['level']=0},
    [17240109] = {['id']=17240109, ['name']="SandLizard", ['index']=45, ['level']=65},
    [17240159] = {['id']=17240159, ['name']="Velociraptor", ['index']=95, ['level']=66},
    [17240157] = {['id']=17240157, ['name']="Goblin\'sRabbit", ['index']=93, ['level']=48},
    [17240156] = {['id']=17240156, ['name']="GoblinShepherd", ['index']=92, ['level']=68},
    [17240171] = {['id']=17240171, ['name']="SandLizard", ['index']=107, ['level']=63},
    [17240165] = {['id']=17240165, ['name']="GoblinMercenar", ['index']=101, ['level']=68},
    [17240169] = {['id']=17240169, ['name']="SandLizard", ['index']=105, ['level']=63},
    [17240173] = {['id']=17240173, ['name']="GoblinAlchemis", ['index']=109, ['level']=65},
    [17240174] = {['id']=17240174, ['name']="SandLizard", ['index']=110, ['level']=65},
    [17240175] = {['id']=17240175, ['name']="SandLizard", ['index']=111, ['level']=64},
    [17240195] = {['id']=17240195, ['name']="Velociraptor", ['index']=131, ['level']=69},
    [17240197] = {['id']=17240197, ['name']="SandCockatrice", ['index']=133, ['level']=72},
    [17240198] = {['id']=17240198, ['name']="SandCockatrice", ['index']=134, ['level']=74},
    [17240241] = {['id']=17240241, ['name']="Velociraptor", ['index']=177, ['level']=67},
    [17240242] = {['id']=17240242, ['name']="Velociraptor", ['index']=178, ['level']=67},
    [17240316] = {['id']=17240316, ['name']="GoblinMercenar", ['index']=252, ['level']=67},
    [17240176] = {['id']=17240176, ['name']="SandLizard", ['index']=112, ['level']=66},
    [17240319] = {['id']=17240319, ['name']="SandCockatrice", ['index']=255, ['level']=73},
    [17240247] = {['id']=17240247, ['name']="SandCockatrice", ['index']=183, ['level']=74},
    [17240249] = {['id']=17240249, ['name']="SandCockatrice", ['index']=185, ['level']=72},
    [17240320] = {['id']=17240320, ['name']="SandCockatrice", ['index']=256, ['level']=73},
    [17240244] = {['id']=17240244, ['name']="SandCockatrice", ['index']=180, ['level']=71},
    [17240250] = {['id']=17240250, ['name']="SandCockatrice", ['index']=186, ['level']=73},
    [17240245] = {['id']=17240245, ['name']="SandCockatrice", ['index']=181, ['level']=73},
    [17240259] = {['id']=17240259, ['name']="SandCockatrice", ['index']=195, ['level']=71},
    [17240246] = {['id']=17240246, ['name']="SandCockatrice", ['index']=182, ['level']=72},
    [17240248] = {['id']=17240248, ['name']="SandCockatrice", ['index']=184, ['level']=72},
    [17240260] = {['id']=17240260, ['name']="SandCockatrice", ['index']=196, ['level']=72},
    [17240270] = {['id']=17240270, ['name']="Velociraptor", ['index']=206, ['level']=68},
    [17240274] = {['id']=17240274, ['name']="GoblinMercenar", ['index']=210, ['level']=66},
    [17240275] = {['id']=17240275, ['name']="GoblinAlchemis", ['index']=211, ['level']=65},
    [17240276] = {['id']=17240276, ['name']="Velociraptor", ['index']=212, ['level']=66},
    [17240277] = {['id']=17240277, ['name']="Velociraptor", ['index']=213, ['level']=67},
    [17240278] = {['id']=17240278, ['name']="Velociraptor", ['index']=214, ['level']=66},
    [17240281] = {['id']=17240281, ['name']="GoblinAlchemis", ['index']=217, ['level']=68},
    [17240282] = {['id']=17240282, ['name']="Velociraptor", ['index']=218, ['level']=69},
    [17240284] = {['id']=17240284, ['name']="Velociraptor", ['index']=220, ['level']=69},
    [17240285] = {['id']=17240285, ['name']="Velociraptor", ['index']=221, ['level']=69},
    [17240290] = {['id']=17240290, ['name']="GoblinShepherd", ['index']=226, ['level']=68},
    [17240291] = {['id']=17240291, ['name']="Goblin\'sRabbit", ['index']=227, ['level']=49},
    [17240253] = {['id']=17240253, ['name']="SandCockatrice", ['index']=189, ['level']=72},
    [17240251] = {['id']=17240251, ['name']="Velociraptor", ['index']=187, ['level']=66},
    [17240255] = {['id']=17240255, ['name']="SandCockatrice", ['index']=191, ['level']=71},
    [17240257] = {['id']=17240257, ['name']="SandCockatrice", ['index']=193, ['level']=71},
    [17240254] = {['id']=17240254, ['name']="SandCockatrice", ['index']=190, ['level']=72},
    [17240256] = {['id']=17240256, ['name']="SandCockatrice", ['index']=192, ['level']=72},
    [17240266] = {['id']=17240266, ['name']="Velociraptor", ['index']=202, ['level']=66},
    [17240269] = {['id']=17240269, ['name']="SandCockatrice", ['index']=205, ['level']=72},
    [17240268] = {['id']=17240268, ['name']="SandCockatrice", ['index']=204, ['level']=73},
    [17240435] = {['id']=17240435, ['name']="Vedrfolnir", ['index']=371, ['level']=99},
    [17240252] = {['id']=17240252, ['name']="Velociraptor", ['index']=188, ['level']=66},
