    [17395714] = {['id']=17395714, ['name']="YagudoVotary", ['index']=2, ['level']=23},
    [17395716] = {['id']=17395716, ['name']="BastionBats", ['index']=4, ['level']=19},
    [17395719] = {['id']=17395719, ['name']="YagudoVotary", ['index']=7, ['level']=23},
    [17395720] = {['id']=17395720, ['name']="YagudoVotary", ['index']=8, ['level']=23},
    [17395721] = {['id']=17395721, ['name']="BastionBats", ['index']=9, ['level']=19},
    [17396216] = {['id']=17396216, ['name']="Antiqix", ['index']=504, ['level']=0},
    [17396270] = {['id']=17396270, ['name']="SurvivalGuide", ['index']=558, ['level']=0},
    [17395733] = {['id']=17395733, ['name']="YagudoTheologi", ['index']=21, ['level']=24},
    [17395736] = {['id']=17395736, ['name']="YagudoPriest", ['index']=24, ['level']=28},
    [17395726] = {['id']=17395726, ['name']="YagudoTheologi", ['index']=14, ['level']=26},
    [17395713] = {['id']=17395713, ['name']="YagudoVotary", ['index']=1, ['level']=22},
    [17395715] = {['id']=17395715, ['name']="BastionBats", ['index']=3, ['level']=20},
    [17395718] = {['id']=17395718, ['name']="YagudoPriest", ['index']=6, ['level']=23},
    [17395717] = {['id']=17395717, ['name']="YagudoTheologi", ['index']=5, ['level']=22},
    [17395727] = {['id']=17395727, ['name']="YagudoPriest", ['index']=15, ['level']=25},
    [17395730] = {['id']=17395730, ['name']="BastionBats", ['index']=18, ['level']=18},
    [17395731] = {['id']=17395731, ['name']="SaaDoyitheFe", ['index']=19, ['level']=37},
    [17395725] = {['id']=17395725, ['name']="YagudoVotary", ['index']=13, ['level']=25},
    [17395728] = {['id']=17395728, ['name']="YagudoVotary", ['index']=16, ['level']=22},
    [17395732] = {['id']=17395732, ['name']="YagudoVotary", ['index']=20, ['level']=22},
    [17395743] = {['id']=17395743, ['name']="BastionBats", ['index']=31, ['level']=20},
    [17395734] = {['id']=17395734, ['name']="YagudoPriest", ['index']=22, ['level']=25},
    [17395741] = {['id']=17395741, ['name']="YagudoTheologi", ['index']=29, ['level']=24},
    [17395737] = {['id']=17395737, ['name']="BastionBats", ['index']=25, ['level']=18},
    [17395738] = {['id']=17395738, ['name']="YagudoVotary", ['index']=26, ['level']=26},
    [17395740] = {['id']=17395740, ['name']="YagudoPriest", ['index']=28, ['level']=27},
    [17395739] = {['id']=17395739, ['name']="YagudoTheologi", ['index']=27, ['level']=27},
    [17395713] = {['id']=17395713, ['name']="YagudoVotary", ['index']=1, ['level']=23},
    [17395714] = {['id']=17395714, ['name']="YagudoVotary", ['index']=2, ['level']=23},
    [17395715] = {['id']=17395715, ['name']="BastionBats", ['index']=3, ['level']=19},
    [17395716] = {['id']=17395716, ['name']="BastionBats", ['index']=4, ['level']=18},
    [17395717] = {['id']=17395717, ['name']="YagudoTheologi", ['index']=5, ['level']=23},
    [17395718] = {['id']=17395718, ['name']="YagudoPriest", ['index']=6, ['level']=23},
    [17395719] = {['id']=17395719, ['name']="YagudoVotary", ['index']=7, ['level']=22},
    [17395720] = {['id']=17395720, ['name']="YagudoVotary", ['index']=8, ['level']=22},
    [17395721] = {['id']=17395721, ['name']="BastionBats", ['index']=9, ['level']=18},
    [17395722] = {['id']=17395722, ['name']="BastionBats", ['index']=10, ['level']=20},
    [17395725] = {['id']=17395725, ['name']="YagudoVotary", ['index']=13, ['level']=25},
    [17395726] = {['id']=17395726, ['name']="YagudoTheologi", ['index']=14, ['level']=26},
    [17395727] = {['id']=17395727, ['name']="YagudoPriest", ['index']=15, ['level']=25},
    [17395728] = {['id']=17395728, ['name']="YagudoVotary", ['index']=16, ['level']=25},
    [17395730] = {['id']=17395730, ['name']="BastionBats", ['index']=18, ['level']=20},
    [17395731] = {['id']=17395731, ['name']="SaaDoyitheFe", ['index']=19, ['level']=38},
    [17395732] = {['id']=17395732, ['name']="YagudoVotary", ['index']=20, ['level']=22},
    [17395733] = {['id']=17395733, ['name']="YagudoTheologi", ['index']=21, ['level']=24},
    [17395734] = {['id']=17395734, ['name']="YagudoPriest", ['index']=22, ['level']=24},
    [17395736] = {['id']=17395736, ['name']="YagudoPriest", ['index']=24, ['level']=24},
    [17395737] = {['id']=17395737, ['name']="BastionBats", ['index']=25, ['level']=21},
    [17395739] = {['id']=17395739, ['name']="YagudoTheologi", ['index']=27, ['level']=23},
    [17395740] = {['id']=17395740, ['name']="YagudoPriest", ['index']=28, ['level']=24},
    [17395741] = {['id']=17395741, ['name']="YagudoTheologi", ['index']=29, ['level']=25},
    [17395743] = {['id']=17395743, ['name']="BastionBats", ['index']=31, ['level']=20},
    [17396216] = {['id']=17396216, ['name']="Antiqix", ['index']=504, ['level']=0},
    [17396270] = {['id']=17396270, ['name']="SurvivalGuide", ['index']=558, ['level']=0},
    [17395738] = {['id']=17395738, ['name']="YagudoVotary", ['index']=26, ['level']=25},
    [17395723] = {['id']=17395723, ['name']="YagudoTheologi", ['index']=11, ['level']=22},
    [17395724] = {['id']=17395724, ['name']="YagudoPriest", ['index']=12, ['level']=23},
    [17395747] = {['id']=17395747, ['name']="BastionBats", ['index']=35, ['level']=21},
    [17395757] = {['id']=17395757, ['name']="BastionBats", ['index']=45, ['level']=19},
    [17395746] = {['id']=17395746, ['name']="BastionBats", ['index']=34, ['level']=20},
    [17395744] = {['id']=17395744, ['name']="YagudoTheologi", ['index']=32, ['level']=23},
    [17395745] = {['id']=17395745, ['name']="YagudoPriest", ['index']=33, ['level']=24},
    [17395805] = {['id']=17395805, ['name']="YagudoTheologi", ['index']=93, ['level']=23},
    [17395808] = {['id']=17395808, ['name']="YagudoVotary", ['index']=96, ['level']=22},
    [17395802] = {['id']=17395802, ['name']="YagudoTheologi", ['index']=90, ['level']=24},
    [17395811] = {['id']=17395811, ['name']="BastionBats", ['index']=99, ['level']=18},
    [17395813] = {['id']=17395813, ['name']="YagudoTheologi", ['index']=101, ['level']=24},
    [17395814] = {['id']=17395814, ['name']="YagudoPriest", ['index']=102, ['level']=26},
    [17395810] = {['id']=17395810, ['name']="YagudoPriest", ['index']=98, ['level']=27},
    [17395801] = {['id']=17395801, ['name']="YagudoVotary", ['index']=89, ['level']=25},
    [17395750] = {['id']=17395750, ['name']="YagudoPriest", ['index']=38, ['level']=27},
    [17395748] = {['id']=17395748, ['name']="YagudoVotary", ['index']=36, ['level']=23},
    [17395752] = {['id']=17395752, ['name']="YagudoVotary", ['index']=40, ['level']=25},
    [17395751] = {['id']=17395751, ['name']="BastionBats", ['index']=39, ['level']=21},
    [17395756] = {['id']=17395756, ['name']="YagudoPriest", ['index']=44, ['level']=24},
    [17395754] = {['id']=17395754, ['name']="YagudoPriest", ['index']=42, ['level']=25},
    [17395749] = {['id']=17395749, ['name']="YagudoTheologi", ['index']=37, ['level']=27},
    [17395753] = {['id']=17395753, ['name']="YagudoTheologi", ['index']=41, ['level']=24},
    [17395759] = {['id']=17395759, ['name']="YagudoOracle", ['index']=47, ['level']=36},
    [17395760] = {['id']=17395760, ['name']="Yagudo\'sElemen", ['index']=48, ['level']=29},
    [17395761] = {['id']=17395761, ['name']="YagudoInterrog", ['index']=49, ['level']=35},
    [17395762] = {['id']=17395762, ['name']="MeatMaggot", ['index']=50, ['level']=29},
    [17395763] = {['id']=17395763, ['name']="MeatMaggot", ['index']=51, ['level']=29},
    [17395990] = {['id']=17395990, ['name']="YagudoZealot", ['index']=278, ['level']=45},
    [17395991] = {['id']=17395991, ['name']="YagudoLutenist", ['index']=279, ['level']=44},
    [17395996] = {['id']=17395996, ['name']="YagudoDrummer", ['index']=284, ['level']=34},
    [17395997] = {['id']=17395997, ['name']="YagudoOracle", ['index']=285, ['level']=38},
    [17395998] = {['id']=17395998, ['name']="Yagudo\'sElemen", ['index']=286, ['level']=29},
    [17395791] = {['id']=17395791, ['name']="Cutter", ['index']=79, ['level']=31},
    [17395799] = {['id']=17395799, ['name']="YagudoInterrog", ['index']=87, ['level']=39},
    [17395789] = {['id']=17395789, ['name']="Cutter", ['index']=77, ['level']=32},
    [17395767] = {['id']=17395767, ['name']="YagudoOracle", ['index']=55, ['level']=38},
    [17395768] = {['id']=17395768, ['name']="Yagudo\'sElemen", ['index']=56, ['level']=27},
    [17395999] = {['id']=17395999, ['name']="YagudoInterrog", ['index']=287, ['level']=38},
    [17395793] = {['id']=17395793, ['name']="Cutter", ['index']=81, ['level']=30},
    [17395790] = {['id']=17395790, ['name']="Cutter", ['index']=78, ['level']=30},
    [17395792] = {['id']=17395792, ['name']="Cutter", ['index']=80, ['level']=31},
    [17395778] = {['id']=17395778, ['name']="MeatMaggot", ['index']=66, ['level']=30},
    [17395777] = {['id']=17395777, ['name']="Yagudo\'sElemen", ['index']=65, ['level']=27},
    [17395776] = {['id']=17395776, ['name']="YagudoOracle", ['index']=64, ['level']=38},
    [17395796] = {['id']=17395796, ['name']="YagudoOracle", ['index']=84, ['level']=35},
    [17395797] = {['id']=17395797, ['name']="Yagudo\'sElemen", ['index']=85, ['level']=29},
    [17395795] = {['id']=17395795, ['name']="YagudoHerald", ['index']=83, ['level']=32},
    [17395794] = {['id']=17395794, ['name']="Cutter", ['index']=82, ['level']=32},
    [17395779] = {['id']=17395779, ['name']="MeatMaggot", ['index']=67, ['level']=30},
    [17395775] = {['id']=17395775, ['name']="YagudoDrummer", ['index']=63, ['level']=36},
    [17395786] = {['id']=17395786, ['name']="MeatMaggot", ['index']=74, ['level']=29},
    [17395785] = {['id']=17395785, ['name']="MeatMaggot", ['index']=73, ['level']=31},
    [17395784] = {['id']=17395784, ['name']="YagudoInterrog", ['index']=72, ['level']=35},
    [17396000] = {['id']=17396000, ['name']="YagudoHerald", ['index']=288, ['level']=33},
    [17395782] = {['id']=17395782, ['name']="YagudoHerald", ['index']=70, ['level']=35},
    [17396003] = {['id']=17396003, ['name']="Yagudo\'sElemen", ['index']=291, ['level']=29},
    [17396002] = {['id']=17396002, ['name']="YagudoOracle", ['index']=290, ['level']=35},
    [17396001] = {['id']=17396001, ['name']="YagudoDrummer", ['index']=289, ['level']=33},
    [17395766] = {['id']=17395766, ['name']="YagudoDrummer", ['index']=54, ['level']=34},
    [17395771] = {['id']=17395771, ['name']="MeatMaggot", ['index']=59, ['level']=29},
    [17395994] = {['id']=17395994, ['name']="YagudoZealot", ['index']=282, ['level']=42},
    [17395995] = {['id']=17395995, ['name']="YagudoPrior", ['index']=283, ['level']=45},
    [17395770] = {['id']=17395770, ['name']="MeatMaggot", ['index']=58, ['level']=30},
    [17395993] = {['id']=17395993, ['name']="YagudoPrior", ['index']=281, ['level']=48},
    [17395992] = {['id']=17395992, ['name']="YagudoConquist", ['index']=280, ['level']=45},
    [17396214] = {['id']=17396214, ['name']="DaaBolatheSe", ['index']=502, ['level']=0},
    [17395815] = {['id']=17395815, ['name']="BastionBats", ['index']=103, ['level']=20},
    [17395817] = {['id']=17395817, ['name']="YagudoVotary", ['index']=105, ['level']=23},
    [17395822] = {['id']=17395822, ['name']="BastionBats", ['index']=110, ['level']=18},
    [17395821] = {['id']=17395821, ['name']="YagudoPriest", ['index']=109, ['level']=25},
    [17395819] = {['id']=17395819, ['name']="YagudoPriest", ['index']=107, ['level']=28},
    [17395818] = {['id']=17395818, ['name']="YagudoTheologi", ['index']=106, ['level']=24},
    [17395823] = {['id']=17395823, ['name']="YagudoVotary", ['index']=111, ['level']=23},
    [17395828] = {['id']=17395828, ['name']="BastionBats", ['index']=116, ['level']=21},
    [17395825] = {['id']=17395825, ['name']="YagudoPriest", ['index']=113, ['level']=24},
    [17395827] = {['id']=17395827, ['name']="YagudoPriest", ['index']=115, ['level']=28},
    [17395824] = {['id']=17395824, ['name']="YagudoTheologi", ['index']=112, ['level']=26},
    [17395829] = {['id']=17395829, ['name']="YagudoHerald", ['index']=117, ['level']=33},
    [17395830] = {['id']=17395830, ['name']="YagudoDrummer", ['index']=118, ['level']=37},
    [17395833] = {['id']=17395833, ['name']="MeatMaggot", ['index']=121, ['level']=30},
    [17395834] = {['id']=17395834, ['name']="MeatMaggot", ['index']=122, ['level']=30},
    [17395861] = {['id']=17395861, ['name']="Cutter", ['index']=149, ['level']=31},
    [17395862] = {['id']=17395862, ['name']="Cutter", ['index']=150, ['level']=32},
    [17395867] = {['id']=17395867, ['name']="YagudoHerald", ['index']=155, ['level']=32},
    [17395905] = {['id']=17395905, ['name']="YagudoLutenist", ['index']=193, ['level']=46},
    [17395906] = {['id']=17395906, ['name']="YagudoPrior", ['index']=194, ['level']=48},
    [17395911] = {['id']=17395911, ['name']="YagudoHerald", ['index']=199, ['level']=34},
    [17395912] = {['id']=17395912, ['name']="YagudoDrummer", ['index']=200, ['level']=36},
    [17395913] = {['id']=17395913, ['name']="YagudoInterrog", ['index']=201, ['level']=36},
    [17395866] = {['id']=17395866, ['name']="YagudoInterrog", ['index']=154, ['level']=39},
    [17395848] = {['id']=17395848, ['name']="MeatMaggot", ['index']=136, ['level']=31},
    [17395865] = {['id']=17395865, ['name']="YagudoDrummer", ['index']=153, ['level']=34},
    [17395844] = {['id']=17395844, ['name']="YagudoHerald", ['index']=132, ['level']=35},
    [17395863] = {['id']=17395863, ['name']="Cutter", ['index']=151, ['level']=30},
    [17395864] = {['id']=17395864, ['name']="Cutter", ['index']=152, ['level']=32},
    [17395849] = {['id']=17395849, ['name']="MeatMaggot", ['index']=137, ['level']=29},
    [17395847] = {['id']=17395847, ['name']="YagudoInterrog", ['index']=135, ['level']=37},
    [17395860] = {['id']=17395860, ['name']="Cutter", ['index']=148, ['level']=31},
    [17395907] = {['id']=17395907, ['name']="YagudoHerald", ['index']=195, ['level']=36},
    [17395910] = {['id']=17395910, ['name']="YagudoInterrog", ['index']=198, ['level']=35},
    [17395855] = {['id']=17395855, ['name']="YagudoInterrog", ['index']=143, ['level']=38},
    [17395856] = {['id']=17395856, ['name']="MeatMaggot", ['index']=144, ['level']=29},
    [17395908] = {['id']=17395908, ['name']="YagudoOracle", ['index']=196, ['level']=37},
    [17395857] = {['id']=17395857, ['name']="MeatMaggot", ['index']=145, ['level']=29},
    [17395854] = {['id']=17395854, ['name']="Yagudo\'sElemen", ['index']=142, ['level']=26},
    [17395909] = {['id']=17395909, ['name']="Yagudo\'sElemen", ['index']=197, ['level']=28},
    [17395853] = {['id']=17395853, ['name']="YagudoOracle", ['index']=141, ['level']=38},
    [17395903] = {['id']=17395903, ['name']="YagudoZealot", ['index']=191, ['level']=42},
    [17395904] = {['id']=17395904, ['name']="YagudoConquist", ['index']=192, ['level']=46},
    [17395840] = {['id']=17395840, ['name']="MeatMaggot", ['index']=128, ['level']=29},
    [17395838] = {['id']=17395838, ['name']="YagudoDrummer", ['index']=126, ['level']=34},
    [17395837] = {['id']=17395837, ['name']="YagudoHerald", ['index']=125, ['level']=35},
    [17395841] = {['id']=17395841, ['name']="MeatMaggot", ['index']=129, ['level']=29},
    [17395902] = {['id']=17395902, ['name']="YagudoLutenist", ['index']=190, ['level']=45},
    [17395901] = {['id']=17395901, ['name']="YagudoConquist", ['index']=189, ['level']=44},
    [17395877] = {['id']=17395877, ['name']="YagudoDrummer", ['index']=165, ['level']=37},
    [17395878] = {['id']=17395878, ['name']="YagudoInterrog", ['index']=166, ['level']=39},
    [17395879] = {['id']=17395879, ['name']="BulwarkBat", ['index']=167, ['level']=31},
    [17396066] = {['id']=17396066, ['name']="YagudoConquist", ['index']=354, ['level']=43},
    [17396064] = {['id']=17396064, ['name']="YagudoLutenist", ['index']=352, ['level']=47},
    [17396062] = {['id']=17396062, ['name']="YagudoZealot", ['index']=350, ['level']=45},
    [17396063] = {['id']=17396063, ['name']="YagudoConquist", ['index']=351, ['level']=43},
    [17396065] = {['id']=17396065, ['name']="YagudoPrior", ['index']=353, ['level']=45},
    [17395871] = {['id']=17395871, ['name']="YagudoHerald", ['index']=159, ['level']=35},
    [17395872] = {['id']=17395872, ['name']="YagudoOracle", ['index']=160, ['level']=37},
    [17395873] = {['id']=17395873, ['name']="Yagudo\'sElemen", ['index']=161, ['level']=27},
    [17395875] = {['id']=17395875, ['name']="BulwarkBat", ['index']=163, ['level']=29},
    [17395874] = {['id']=17395874, ['name']="YagudoInterrog", ['index']=162, ['level']=39},
    [17396017] = {['id']=17396017, ['name']="YagudoOracle", ['index']=305, ['level']=38},
    [17396018] = {['id']=17396018, ['name']="Yagudo\'sElemen", ['index']=306, ['level']=27},
    [17396025] = {['id']=17396025, ['name']="YagudoHerald", ['index']=313, ['level']=36},
    [17396026] = {['id']=17396026, ['name']="YagudoOracle", ['index']=314, ['level']=35},
    [17396027] = {['id']=17396027, ['name']="Yagudo\'sElemen", ['index']=315, ['level']=28},
    [17395804] = {['id']=17395804, ['name']="YagudoVotary", ['index']=92, ['level']=22},
    [17395880] = {['id']=17395880, ['name']="YagudoHerald", ['index']=168, ['level']=32},
    [17395807] = {['id']=17395807, ['name']="BastionBats", ['index']=95, ['level']=21},
    [17395881] = {['id']=17395881, ['name']="YagudoInterrog", ['index']=169, ['level']=35},
    [17395806] = {['id']=17395806, ['name']="YagudoPriest", ['index']=94, ['level']=27},
    [17395882] = {['id']=17395882, ['name']="YagudoDrummer", ['index']=170, ['level']=33},
    [17395885] = {['id']=17395885, ['name']="BulwarkBat", ['index']=173, ['level']=31},
    [17395883] = {['id']=17395883, ['name']="YagudoOracle", ['index']=171, ['level']=35},
    [17395884] = {['id']=17395884, ['name']="Yagudo\'sElemen", ['index']=172, ['level']=26},
    [17395886] = {['id']=17395886, ['name']="YagudoHerald", ['index']=174, ['level']=32},
    [17395887] = {['id']=17395887, ['name']="YagudoOracle", ['index']=175, ['level']=36},
    [17395888] = {['id']=17395888, ['name']="Yagudo\'sElemen", ['index']=176, ['level']=25},
    [17395889] = {['id']=17395889, ['name']="YagudoDrummer", ['index']=177, ['level']=34},
    [17395890] = {['id']=17395890, ['name']="YagudoInterrog", ['index']=178, ['level']=38},
    [17395891] = {['id']=17395891, ['name']="BulwarkBat", ['index']=179, ['level']=31},
    [17395892] = {['id']=17395892, ['name']="YagudoHerald", ['index']=180, ['level']=32},
    [17395893] = {['id']=17395893, ['name']="YagudoDrummer", ['index']=181, ['level']=36},
    [17395894] = {['id']=17395894, ['name']="YagudoZealot", ['index']=182, ['level']=43},
    [17395895] = {['id']=17395895, ['name']="YagudoPrior", ['index']=183, ['level']=45},
    [17395896] = {['id']=17395896, ['name']="LiiJixatheSo", ['index']=184, ['level']=43},
    [17395924] = {['id']=17395924, ['name']="YagudoHerald", ['index']=212, ['level']=33},
    [17395925] = {['id']=17395925, ['name']="YagudoDrummer", ['index']=213, ['level']=37},
    [17395926] = {['id']=17395926, ['name']="YagudoOracle", ['index']=214, ['level']=34},
    [17395927] = {['id']=17395927, ['name']="Yagudo\'sElemen", ['index']=215, ['level']=25},
    [17395928] = {['id']=17395928, ['name']="YagudoHerald", ['index']=216, ['level']=34},
    [17395929] = {['id']=17395929, ['name']="YagudoDrummer", ['index']=217, ['level']=34},
    [17395933] = {['id']=17395933, ['name']="YagudoHerald", ['index']=221, ['level']=33},
    [17395934] = {['id']=17395934, ['name']="YagudoOracle", ['index']=222, ['level']=38},
    [17395935] = {['id']=17395935, ['name']="Yagudo\'sElemen", ['index']=223, ['level']=29},
    [17395936] = {['id']=17395936, ['name']="YagudoInterrog", ['index']=224, ['level']=39},
    [17395937] = {['id']=17395937, ['name']="BulwarkBat", ['index']=225, ['level']=30},
    [17395955] = {['id']=17395955, ['name']="YagudoLutenist", ['index']=243, ['level']=47},
    [17395956] = {['id']=17395956, ['name']="YagudoPrior", ['index']=244, ['level']=48},
    [17395957] = {['id']=17395957, ['name']="YagudoDrummer", ['index']=245, ['level']=33},
    [17395958] = {['id']=17395958, ['name']="YagudoOracle", ['index']=246, ['level']=34},
    [17395959] = {['id']=17395959, ['name']="Yagudo\'sElemen", ['index']=247, ['level']=26},
    [17395960] = {['id']=17395960, ['name']="YagudoInterrog", ['index']=248, ['level']=37},
    [17395961] = {['id']=17395961, ['name']="YagudoHerald", ['index']=249, ['level']=33},
    [17395962] = {['id']=17395962, ['name']="YagudoOracle", ['index']=250, ['level']=34},
    [17395963] = {['id']=17395963, ['name']="Yagudo\'sElemen", ['index']=251, ['level']=26},
    [17395964] = {['id']=17395964, ['name']="YagudoInterrog", ['index']=252, ['level']=37},
    [17395965] = {['id']=17395965, ['name']="BulwarkBat", ['index']=253, ['level']=29},
    [17395966] = {['id']=17395966, ['name']="YagudoHerald", ['index']=254, ['level']=35},
    [17395968] = {['id']=17395968, ['name']="YagudoOracle", ['index']=256, ['level']=35},
    [17395969] = {['id']=17395969, ['name']="Yagudo\'sElemen", ['index']=257, ['level']=25},
    [17395973] = {['id']=17395973, ['name']="BulwarkBat", ['index']=261, ['level']=30},
    [17395974] = {['id']=17395974, ['name']="BulwarkBat", ['index']=262, ['level']=30},
    [17395975] = {['id']=17395975, ['name']="YagudoDrummer", ['index']=263, ['level']=37},
    [17395976] = {['id']=17395976, ['name']="YagudoOracle", ['index']=264, ['level']=34},
    [17395977] = {['id']=17395977, ['name']="Yagudo\'sElemen", ['index']=265, ['level']=29},
    [17395978] = {['id']=17395978, ['name']="YagudoInterrog", ['index']=266, ['level']=35},
    [17395982] = {['id']=17395982, ['name']="YagudoHerald", ['index']=270, ['level']=33},
    [17395985] = {['id']=17395985, ['name']="YagudoInterrog", ['index']=273, ['level']=36},
    [17395986] = {['id']=17395986, ['name']="YagudoHerald", ['index']=274, ['level']=34},
    [17395987] = {['id']=17395987, ['name']="YagudoDrummer", ['index']=275, ['level']=35},
    [17395988] = {['id']=17395988, ['name']="YagudoOracle", ['index']=276, ['level']=37},
    [17395989] = {['id']=17395989, ['name']="Yagudo\'sElemen", ['index']=277, ['level']=27},
    [17395967] = {['id']=17395967, ['name']="YagudoDrummer", ['index']=255, ['level']=35},
    [17395971] = {['id']=17395971, ['name']="YagudoDrummer", ['index']=259, ['level']=35},
    [17395970] = {['id']=17395970, ['name']="YagudoHerald", ['index']=258, ['level']=33},
    [17395972] = {['id']=17395972, ['name']="YagudoInterrog", ['index']=260, ['level']=35},
    [17395940] = {['id']=17395940, ['name']="YagudoLutenist", ['index']=228, ['level']=48},
    [17395941] = {['id']=17395941, ['name']="YagudoPrior", ['index']=229, ['level']=46},
    [17395943] = {['id']=17395943, ['name']="YagudoAbbot", ['index']=231, ['level']=57},
    [17395979] = {['id']=17395979, ['name']="YagudoHerald", ['index']=267, ['level']=32},
    [17395980] = {['id']=17395980, ['name']="YagudoDrummer", ['index']=268, ['level']=36},
    [17395981] = {['id']=17395981, ['name']="YagudoInterrog", ['index']=269, ['level']=37},
    [17395983] = {['id']=17395983, ['name']="YagudoOracle", ['index']=271, ['level']=36},
    [17395984] = {['id']=17395984, ['name']="Yagudo\'sElemen", ['index']=272, ['level']=26},
    [17395900] = {['id']=17395900, ['name']="BulwarkBat", ['index']=188, ['level']=31},
    [17395919] = {['id']=17395919, ['name']="YagudoHerald", ['index']=207, ['level']=36},
    [17395920] = {['id']=17395920, ['name']="YagudoDrummer", ['index']=208, ['level']=36},
    [17395922] = {['id']=17395922, ['name']="BulwarkBat", ['index']=210, ['level']=31},
    [17395923] = {['id']=17395923, ['name']="BulwarkBat", ['index']=211, ['level']=29},
    [17395942] = {['id']=17395942, ['name']="YagudoSentinel", ['index']=230, ['level']=53},
    [17395944] = {['id']=17395944, ['name']="YagudoChanter", ['index']=232, ['level']=54},
    [17395945] = {['id']=17395945, ['name']="YagudoInquisit", ['index']=233, ['level']=57},
    [17395946] = {['id']=17395946, ['name']="YagudoSentinel", ['index']=234, ['level']=53},
    [17395949] = {['id']=17395949, ['name']="YagudoAbbot", ['index']=237, ['level']=55},
    [17396004] = {['id']=17396004, ['name']="BulwarkBat", ['index']=292, ['level']=30},
    [17396005] = {['id']=17396005, ['name']="BulwarkBat", ['index']=293, ['level']=30},
    [17396006] = {['id']=17396006, ['name']="YagudoOracle", ['index']=294, ['level']=35},
    [17396007] = {['id']=17396007, ['name']="Yagudo\'sElemen", ['index']=295, ['level']=26},
    [17396008] = {['id']=17396008, ['name']="YagudoDrummer", ['index']=296, ['level']=33},
    [17396013] = {['id']=17396013, ['name']="BulwarkBat", ['index']=301, ['level']=29},
    [17396014] = {['id']=17396014, ['name']="BulwarkBat", ['index']=302, ['level']=30},
    [17396011] = {['id']=17396011, ['name']="YagudoInterrog", ['index']=299, ['level']=38},
    [17396010] = {['id']=17396010, ['name']="Yagudo\'sElemen", ['index']=298, ['level']=27},
    [17396009] = {['id']=17396009, ['name']="YagudoOracle", ['index']=297, ['level']=36},
    [17396012] = {['id']=17396012, ['name']="BulwarkBat", ['index']=300, ['level']=30},
    [17396016] = {['id']=17396016, ['name']="YagudoDrummer", ['index']=304, ['level']=36},
    [17396015] = {['id']=17396015, ['name']="YagudoHerald", ['index']=303, ['level']=34},
    [17396024] = {['id']=17396024, ['name']="YagudoInterrog", ['index']=312, ['level']=39},
    [17396019] = {['id']=17396019, ['name']="BulwarkBat", ['index']=307, ['level']=30},
    [17396020] = {['id']=17396020, ['name']="YagudoHerald", ['index']=308, ['level']=32},
    [17396022] = {['id']=17396022, ['name']="YagudoOracle", ['index']=310, ['level']=34},
    [17396023] = {['id']=17396023, ['name']="Yagudo\'sElemen", ['index']=311, ['level']=28},
    [17396021] = {['id']=17396021, ['name']="YagudoDrummer", ['index']=309, ['level']=37},
    [17396048] = {['id']=17396048, ['name']="YagudoZealot", ['index']=336, ['level']=42},
    [17396028] = {['id']=17396028, ['name']="YagudoInterrog", ['index']=316, ['level']=37},
    [17396029] = {['id']=17396029, ['name']="BulwarkBat", ['index']=317, ['level']=31},
    [17396044] = {['id']=17396044, ['name']="YagudoZealot", ['index']=332, ['level']=45},
    [17396046] = {['id']=17396046, ['name']="YagudoLutenist", ['index']=334, ['level']=48},
    [17396043] = {['id']=17396043, ['name']="YagudoLutenist", ['index']=331, ['level']=45},
    [17396042] = {['id']=17396042, ['name']="YagudoConquist", ['index']=330, ['level']=45},
    [17396033] = {['id']=17396033, ['name']="YagudoPrior", ['index']=321, ['level']=47},
    [17396031] = {['id']=17396031, ['name']="YagudoConquist", ['index']=319, ['level']=44},
    [17396030] = {['id']=17396030, ['name']="YagudoZealot", ['index']=318, ['level']=46},
    [17396032] = {['id']=17396032, ['name']="YagudoLutenist", ['index']=320, ['level']=45},
    [17396036] = {['id']=17396036, ['name']="YagudoConquist", ['index']=324, ['level']=44},
    [17396039] = {['id']=17396039, ['name']="YagudoZealot", ['index']=327, ['level']=45},
    [17396040] = {['id']=17396040, ['name']="YagudoPrior", ['index']=328, ['level']=48},
    [17396041] = {['id']=17396041, ['name']="BulwarkBat", ['index']=329, ['level']=30},
    [17396038] = {['id']=17396038, ['name']="YagudoPrior", ['index']=326, ['level']=45},
    [17396037] = {['id']=17396037, ['name']="YagudoLutenist", ['index']=325, ['level']=48},
    [17396035] = {['id']=17396035, ['name']="YagudoZealot", ['index']=323, ['level']=43},
    [17396057] = {['id']=17396057, ['name']="YagudoLutenist", ['index']=345, ['level']=48},
    [17396060] = {['id']=17396060, ['name']="YagudoLutenist", ['index']=348, ['level']=44},
    [17396055] = {['id']=17396055, ['name']="YagudoZealot", ['index']=343, ['level']=45},
    [17396061] = {['id']=17396061, ['name']="YagudoPrior", ['index']=349, ['level']=47},
    [17396050] = {['id']=17396050, ['name']="Ooze", ['index']=338, ['level']=38},
    [17396051] = {['id']=17396051, ['name']="Ooze", ['index']=339, ['level']=38},
    [17396045] = {['id']=17396045, ['name']="YagudoConquist", ['index']=333, ['level']=43},
    [17396047] = {['id']=17396047, ['name']="YagudoPrior", ['index']=335, ['level']=45},
    [17396052] = {['id']=17396052, ['name']="YagudoLutenist", ['index']=340, ['level']=45},
    [17396053] = {['id']=17396053, ['name']="YagudoPrior", ['index']=341, ['level']=46},
    [17395946] = {['id']=17395946, ['name']="YagudoSentinel", ['index']=234, ['level']=53},
    [17395948] = {['id']=17395948, ['name']="YagudoInquisit", ['index']=236, ['level']=55},
    [17396067] = {['id']=17396067, ['name']="YagudoSentinel", ['index']=355, ['level']=52},
    [17396068] = {['id']=17396068, ['name']="YagudoChanter", ['index']=356, ['level']=53},
    [17396069] = {['id']=17396069, ['name']="YagudoInquisit", ['index']=357, ['level']=55},
    [17396070] = {['id']=17396070, ['name']="YagudoAbbot", ['index']=358, ['level']=58},
    [17396071] = {['id']=17396071, ['name']="YagudoSentinel", ['index']=359, ['level']=52},
    [17396072] = {['id']=17396072, ['name']="YagudoChanter", ['index']=360, ['level']=53},
    [17396074] = {['id']=17396074, ['name']="YagudoAbbot", ['index']=362, ['level']=58},
    [17396075] = {['id']=17396075, ['name']="YagudoSentinel", ['index']=363, ['level']=53},
    [17396078] = {['id']=17396078, ['name']="YagudoAbbot", ['index']=366, ['level']=58},
    [17396079] = {['id']=17396079, ['name']="YagudoParasite", ['index']=367, ['level']=46},
    [17396080] = {['id']=17396080, ['name']="YagudoParasite", ['index']=368, ['level']=48},
    [17396081] = {['id']=17396081, ['name']="YagudoParasite", ['index']=369, ['level']=47},
    [17396082] = {['id']=17396082, ['name']="YagudoParasite", ['index']=370, ['level']=47},
    [17396073] = {['id']=17396073, ['name']="YagudoInquisit", ['index']=361, ['level']=58},
    [17396084] = {['id']=17396084, ['name']="YagudoChanter", ['index']=372, ['level']=56},
    [17396085] = {['id']=17396085, ['name']="YagudoInquisit", ['index']=373, ['level']=57},
    [17396083] = {['id']=17396083, ['name']="YagudoSentinel", ['index']=371, ['level']=54},
    [17396090] = {['id']=17396090, ['name']="YagudoAbbot", ['index']=378, ['level']=58},
    [17396089] = {['id']=17396089, ['name']="YagudoInquisit", ['index']=377, ['level']=58},
    [17396086] = {['id']=17396086, ['name']="YagudoAbbot", ['index']=374, ['level']=56},
    [17396092] = {['id']=17396092, ['name']="YagudoChanter", ['index']=380, ['level']=55},
    [17396091] = {['id']=17396091, ['name']="YagudoSentinel", ['index']=379, ['level']=53},
    [17396093] = {['id']=17396093, ['name']="YagudoInquisit", ['index']=381, ['level']=58},
    [17396094] = {['id']=17396094, ['name']="YagudoAbbot", ['index']=382, ['level']=59},
    [17396095] = {['id']=17396095, ['name']="YagudoFlagella", ['index']=383, ['level']=64},
    [17396096] = {['id']=17396096, ['name']="YagudoPrelate", ['index']=384, ['level']=67},
    [17396109] = {['id']=17396109, ['name']="YagudoAssassin", ['index']=397, ['level']=64},
    [17396110] = {['id']=17396110, ['name']="YagudoPrelate", ['index']=398, ['level']=67},
    [17396113] = {['id']=17396113, ['name']="YagudoConducto", ['index']=401, ['level']=67},
    [17396114] = {['id']=17396114, ['name']="YagudoAssassin", ['index']=402, ['level']=68},
    [17396101] = {['id']=17396101, ['name']="YagudoAssassin", ['index']=389, ['level']=64},
    [17396102] = {['id']=17396102, ['name']="YagudoPrelate", ['index']=390, ['level']=65},
    [17396103] = {['id']=17396103, ['name']="YagudoFlagella", ['index']=391, ['level']=63},
    [17396100] = {['id']=17396100, ['name']="YagudoConducto", ['index']=388, ['level']=63},
    [17396106] = {['id']=17396106, ['name']="YagudoPrelate", ['index']=394, ['level']=68},
    [17396099] = {['id']=17396099, ['name']="YagudoFlagella", ['index']=387, ['level']=64},
    [17396104] = {['id']=17396104, ['name']="YagudoAssassin", ['index']=392, ['level']=68},
    [17396097] = {['id']=17396097, ['name']="YagudoConducto", ['index']=385, ['level']=66},
    [17396105] = {['id']=17396105, ['name']="YagudoConducto", ['index']=393, ['level']=63},
    [17396098] = {['id']=17396098, ['name']="YagudoAssassin", ['index']=386, ['level']=65},
    [17396107] = {['id']=17396107, ['name']="YagudoFlagella", ['index']=395, ['level']=66},
    [17396108] = {['id']=17396108, ['name']="YagudoConducto", ['index']=396, ['level']=63},
    [17396112] = {['id']=17396112, ['name']="YagudoPrelate", ['index']=400, ['level']=67},
    [17396115] = {['id']=17396115, ['name']="YagudoFlagella", ['index']=403, ['level']=71},
    [17396117] = {['id']=17396117, ['name']="YagudoFlagella", ['index']=405, ['level']=71},
    [17396121] = {['id']=17396121, ['name']="YagudoFlagella", ['index']=409, ['level']=71},
    [17396111] = {['id']=17396111, ['name']="YagudoFlagella", ['index']=399, ['level']=62},
    [17396116] = {['id']=17396116, ['name']="YagudoPrelate", ['index']=404, ['level']=69},
    [17396120] = {['id']=17396120, ['name']="YagudoPrelate", ['index']=408, ['level']=71},
    [17396118] = {['id']=17396118, ['name']="YagudoConducto", ['index']=406, ['level']=70},
    [17396124] = {['id']=17396124, ['name']="YagudoPrelate", ['index']=412, ['level']=70},
