    [17436673] = {['id']=17436673, ['name']="EvilEye", ['index']=1, ['level']=46},
    [17436999] = {['id']=17436999, ['name']="Switchstix", ['index']=327, ['level']=0},
    [17437017] = {['id']=17437017, ['name']="SurvivalGuide", ['index']=345, ['level']=0},
    [17436674] = {['id']=17436674, ['name']="EvilEye", ['index']=2, ['level']=48},
    [17436675] = {['id']=17436675, ['name']="DemonPawn", ['index']=3, ['level']=48},
    [17436677] = {['id']=17436677, ['name']="EvilEye", ['index']=5, ['level']=48},
    [17436676] = {['id']=17436676, ['name']="EvilEye", ['index']=4, ['level']=46},
    [17436681] = {['id']=17436681, ['name']="DemonPawn", ['index']=9, ['level']=50},
    [17436680] = {['id']=17436680, ['name']="DemonPawn", ['index']=8, ['level']=48},
    [17436682] = {['id']=17436682, ['name']="EvilEye", ['index']=10, ['level']=47},
    [17436685] = {['id']=17436685, ['name']="DemonPawn", ['index']=13, ['level']=49},
    [17436686] = {['id']=17436686, ['name']="DemonPawn", ['index']=14, ['level']=49},
    [17436687] = {['id']=17436687, ['name']="EvilEye", ['index']=15, ['level']=47},
    [17436690] = {['id']=17436690, ['name']="EvilEye", ['index']=18, ['level']=46},
    [17436700] = {['id']=17436700, ['name']="DemonPawn", ['index']=28, ['level']=50},
    [17436701] = {['id']=17436701, ['name']="DemonPawn", ['index']=29, ['level']=52},
    [17436691] = {['id']=17436691, ['name']="DemonPawn", ['index']=19, ['level']=49},
    [17436714] = {['id']=17436714, ['name']="Likho", ['index']=42, ['level']=67},
    [17436712] = {['id']=17436712, ['name']="EvilEye", ['index']=40, ['level']=48},
    [17436713] = {['id']=17436713, ['name']="EvilEye", ['index']=41, ['level']=47},
    [17436715] = {['id']=17436715, ['name']="EvilEye", ['index']=43, ['level']=46},
    [17436692] = {['id']=17436692, ['name']="DemonKnight", ['index']=20, ['level']=50},
    [17436716] = {['id']=17436716, ['name']="EvilEye", ['index']=44, ['level']=46},
    [17436695] = {['id']=17436695, ['name']="DemonPawn", ['index']=23, ['level']=50},
    [17436698] = {['id']=17436698, ['name']="DemonKnight", ['index']=26, ['level']=50},
    [17436699] = {['id']=17436699, ['name']="EvilEye", ['index']=27, ['level']=46},
    [17436696] = {['id']=17436696, ['name']="DemonKnight", ['index']=24, ['level']=51},
    [17436722] = {['id']=17436722, ['name']="DemonPawn", ['index']=50, ['level']=50},
    [17436720] = {['id']=17436720, ['name']="DemonKnight", ['index']=48, ['level']=52},
    [17436697] = {['id']=17436697, ['name']="DemonPawn", ['index']=25, ['level']=49},
    [17436693] = {['id']=17436693, ['name']="DemonPawn", ['index']=21, ['level']=49},
    [17436694] = {['id']=17436694, ['name']="DemonKnight", ['index']=22, ['level']=50},
    [17436719] = {['id']=17436719, ['name']="DemonWizard", ['index']=47, ['level']=51},
    [17436717] = {['id']=17436717, ['name']="DemonPawn", ['index']=45, ['level']=51},
    [17436718] = {['id']=17436718, ['name']="DemonPawn", ['index']=46, ['level']=52},
    [17436706] = {['id']=17436706, ['name']="DemonPawn", ['index']=34, ['level']=52},
    [17436705] = {['id']=17436705, ['name']="DemonWizard", ['index']=33, ['level']=52},
    [17436704] = {['id']=17436704, ['name']="DemonPawn", ['index']=32, ['level']=52},
    [17436709] = {['id']=17436709, ['name']="DemonPawn", ['index']=37, ['level']=51},
    [17436723] = {['id']=17436723, ['name']="DemonWizard", ['index']=51, ['level']=51},
    [17436721] = {['id']=17436721, ['name']="DemonPawn", ['index']=49, ['level']=50},
    [17436724] = {['id']=17436724, ['name']="DemonKnight", ['index']=52, ['level']=50},
    [17436703] = {['id']=17436703, ['name']="DemonWizard", ['index']=31, ['level']=50},
    [17436702] = {['id']=17436702, ['name']="DemonPawn", ['index']=30, ['level']=52},
    [17436725] = {['id']=17436725, ['name']="GoblinPoacher", ['index']=53, ['level']=49},
    [17436726] = {['id']=17436726, ['name']="GoblinTrader", ['index']=54, ['level']=49},
    [17436727] = {['id']=17436727, ['name']="Goblin\'sBats", ['index']=55, ['level']=42},
    [17436728] = {['id']=17436728, ['name']="GoblinRobber", ['index']=56, ['level']=49},
    [17436729] = {['id']=17436729, ['name']="GoblinReaper", ['index']=57, ['level']=49},
    [17436734] = {['id']=17436734, ['name']="GoblinPoacher", ['index']=62, ['level']=47},
    [17436735] = {['id']=17436735, ['name']="GoblinTrader", ['index']=63, ['level']=49},
    [17436736] = {['id']=17436736, ['name']="Goblin\'sBats", ['index']=64, ['level']=40},
    [17436737] = {['id']=17436737, ['name']="GoblinRobber", ['index']=65, ['level']=48},
    [17436738] = {['id']=17436738, ['name']="GoblinReaper", ['index']=66, ['level']=48},
    [17436744] = {['id']=17436744, ['name']="DemonKnight", ['index']=72, ['level']=51},
    [17436745] = {['id']=17436745, ['name']="DemonWarlock", ['index']=73, ['level']=51},
    [17436746] = {['id']=17436746, ['name']="Demon\'sElement", ['index']=74, ['level']=44},
    [17436751] = {['id']=17436751, ['name']="GoblinPoacher", ['index']=79, ['level']=48},
    [17436752] = {['id']=17436752, ['name']="GoblinTrader", ['index']=80, ['level']=48},
    [17436753] = {['id']=17436753, ['name']="Goblin\'sBats", ['index']=81, ['level']=41},
    [17436754] = {['id']=17436754, ['name']="GoblinRobber", ['index']=82, ['level']=49},
    [17436755] = {['id']=17436755, ['name']="GoblinReaper", ['index']=83, ['level']=48},
    [17436761] = {['id']=17436761, ['name']="GoblinTrader", ['index']=89, ['level']=47},
    [17436762] = {['id']=17436762, ['name']="Goblin\'sBats", ['index']=90, ['level']=40},
    [17436764] = {['id']=17436764, ['name']="GoblinReaper", ['index']=92, ['level']=49},
    [17436769] = {['id']=17436769, ['name']="DemonKnight", ['index']=97, ['level']=50},
    [17436770] = {['id']=17436770, ['name']="DemonKnight", ['index']=98, ['level']=50},
    [17436771] = {['id']=17436771, ['name']="EvilEye", ['index']=99, ['level']=48},
    [17436772] = {['id']=17436772, ['name']="EvilEye", ['index']=100, ['level']=47},
    [17436773] = {['id']=17436773, ['name']="EvilEye", ['index']=101, ['level']=46},
    [17436777] = {['id']=17436777, ['name']="GoblinRobber", ['index']=105, ['level']=49},
    [17436778] = {['id']=17436778, ['name']="GoblinReaper", ['index']=106, ['level']=47},
    [17436783] = {['id']=17436783, ['name']="ElderQuadav", ['index']=111, ['level']=49},
    [17436831] = {['id']=17436831, ['name']="MorbidEye", ['index']=159, ['level']=53},
    [17436832] = {['id']=17436832, ['name']="MorbidEye", ['index']=160, ['level']=53},
    [17436833] = {['id']=17436833, ['name']="MorbidEye", ['index']=161, ['level']=52},
    [17436834] = {['id']=17436834, ['name']="DemonWizard", ['index']=162, ['level']=52},
    [17436835] = {['id']=17436835, ['name']="DemonKnight", ['index']=163, ['level']=51},
    [17436836] = {['id']=17436836, ['name']="DemonWizard", ['index']=164, ['level']=52},
    [17436837] = {['id']=17436837, ['name']="DemonWarlock", ['index']=165, ['level']=51},
    [17436838] = {['id']=17436838, ['name']="Demon\'sElement", ['index']=166, ['level']=45},
    [17436839] = {['id']=17436839, ['name']="MorbidEye", ['index']=167, ['level']=52},
    [17436840] = {['id']=17436840, ['name']="MorbidEye", ['index']=168, ['level']=53},
    [17436841] = {['id']=17436841, ['name']="MorbidEye", ['index']=169, ['level']=53},
    [17436766] = {['id']=17436766, ['name']="OrcishFootsold", ['index']=94, ['level']=47},
    [17436767] = {['id']=17436767, ['name']="OrcishGladiato", ['index']=95, ['level']=48},
    [17436740] = {['id']=17436740, ['name']="OrcishFootsold", ['index']=68, ['level']=47},
    [17436739] = {['id']=17436739, ['name']="OrcishBowshoot", ['index']=67, ['level']=49},
    [17436747] = {['id']=17436747, ['name']="DemonWizard", ['index']=75, ['level']=50},
    [17436750] = {['id']=17436750, ['name']="Demon\'sElement", ['index']=78, ['level']=43},
    [17436749] = {['id']=17436749, ['name']="DemonWarlock", ['index']=77, ['level']=52},
    [17436741] = {['id']=17436741, ['name']="OrcishGladiato", ['index']=69, ['level']=48},
    [17436758] = {['id']=17436758, ['name']="OrcishGladiato", ['index']=86, ['level']=49},
    [17436732] = {['id']=17436732, ['name']="OrcishGladiato", ['index']=60, ['level']=48},
    [17436731] = {['id']=17436731, ['name']="OrcishFootsold", ['index']=59, ['level']=48},
    [17436756] = {['id']=17436756, ['name']="OrcishBowshoot", ['index']=84, ['level']=48},
    [17436730] = {['id']=17436730, ['name']="OrcishBowshoot", ['index']=58, ['level']=47},
    [17436733] = {['id']=17436733, ['name']="OrcishTrooper", ['index']=61, ['level']=47},
    [17436757] = {['id']=17436757, ['name']="OrcishFootsold", ['index']=85, ['level']=47},
    [17436759] = {['id']=17436759, ['name']="OrcishTrooper", ['index']=87, ['level']=48},
    [17436781] = {['id']=17436781, ['name']="OrcishGladiato", ['index']=109, ['level']=48},
    [17436782] = {['id']=17436782, ['name']="OrcishTrooper", ['index']=110, ['level']=49},
    [17436742] = {['id']=17436742, ['name']="OrcishTrooper", ['index']=70, ['level']=47},
    [17436787] = {['id']=17436787, ['name']="YagudoZealot", ['index']=115, ['level']=49},
    [17436824] = {['id']=17436824, ['name']="YagudoZealot", ['index']=152, ['level']=49},
    [17436789] = {['id']=17436789, ['name']="YagudoLutenist", ['index']=117, ['level']=49},
    [17436825] = {['id']=17436825, ['name']="YagudoConquist", ['index']=153, ['level']=47},
    [17436827] = {['id']=17436827, ['name']="YagudoPrior", ['index']=155, ['level']=49},
    [17436798] = {['id']=17436798, ['name']="YagudoPrior", ['index']=126, ['level']=49},
    [17436826] = {['id']=17436826, ['name']="YagudoLutenist", ['index']=154, ['level']=47},
    [17436796] = {['id']=17436796, ['name']="YagudoConquist", ['index']=124, ['level']=47},
    [17436797] = {['id']=17436797, ['name']="YagudoLutenist", ['index']=125, ['level']=47},
    [17436803] = {['id']=17436803, ['name']="YagudoZealot", ['index']=131, ['level']=47},
    [17436795] = {['id']=17436795, ['name']="YagudoZealot", ['index']=123, ['level']=49},
    [17436804] = {['id']=17436804, ['name']="YagudoConquist", ['index']=132, ['level']=47},
    [17436813] = {['id']=17436813, ['name']="YagudoZealot", ['index']=141, ['level']=49},
    [17436816] = {['id']=17436816, ['name']="YagudoPrior", ['index']=144, ['level']=48},
    [17436814] = {['id']=17436814, ['name']="YagudoConquist", ['index']=142, ['level']=47},
    [17436815] = {['id']=17436815, ['name']="YagudoLutenist", ['index']=143, ['level']=48},
    [17436829] = {['id']=17436829, ['name']="DemonPawn", ['index']=157, ['level']=50},
    [17436842] = {['id']=17436842, ['name']="MorbidEye", ['index']=170, ['level']=53},
    [17436808] = {['id']=17436808, ['name']="MorbidEye", ['index']=136, ['level']=53},
    [17436830] = {['id']=17436830, ['name']="DemonWizard", ['index']=158, ['level']=52},
    [17436817] = {['id']=17436817, ['name']="DemonPawn", ['index']=145, ['level']=51},
    [17436828] = {['id']=17436828, ['name']="DemonPawn", ['index']=156, ['level']=52},
    [17436818] = {['id']=17436818, ['name']="DemonPawn", ['index']=146, ['level']=50},
    [17436819] = {['id']=17436819, ['name']="DemonWizard", ['index']=147, ['level']=50},
    [17436807] = {['id']=17436807, ['name']="MorbidEye", ['index']=135, ['level']=52},
    [17436801] = {['id']=17436801, ['name']="SpinelQuadav", ['index']=129, ['level']=48},
    [17436800] = {['id']=17436800, ['name']="IronQuadav", ['index']=128, ['level']=47},
    [17436792] = {['id']=17436792, ['name']="IronQuadav", ['index']=120, ['level']=49},
    [17436820] = {['id']=17436820, ['name']="ElderQuadav", ['index']=148, ['level']=48},
    [17436793] = {['id']=17436793, ['name']="SpinelQuadav", ['index']=121, ['level']=47},
    [17436821] = {['id']=17436821, ['name']="IronQuadav", ['index']=149, ['level']=47},
    [17436823] = {['id']=17436823, ['name']="EmeraldQuadav", ['index']=151, ['level']=47},
    [17436785] = {['id']=17436785, ['name']="SpinelQuadav", ['index']=113, ['level']=47},
    [17436822] = {['id']=17436822, ['name']="SpinelQuadav", ['index']=150, ['level']=48},
    [17436791] = {['id']=17436791, ['name']="ElderQuadav", ['index']=119, ['level']=48},
    [17436794] = {['id']=17436794, ['name']="EmeraldQuadav", ['index']=122, ['level']=47},
    [17436812] = {['id']=17436812, ['name']="EmeraldQuadav", ['index']=140, ['level']=49},
    [17436811] = {['id']=17436811, ['name']="SpinelQuadav", ['index']=139, ['level']=49},
    [17436810] = {['id']=17436810, ['name']="IronQuadav", ['index']=138, ['level']=49},
    [17436809] = {['id']=17436809, ['name']="ElderQuadav", ['index']=137, ['level']=49},
    [17436849] = {['id']=17436849, ['name']="DemonCommander", ['index']=177, ['level']=57},
    [17436850] = {['id']=17436850, ['name']="DemonGeneral", ['index']=178, ['level']=59},
    [17436851] = {['id']=17436851, ['name']="DemonChancello", ['index']=179, ['level']=57},
    [17436852] = {['id']=17436852, ['name']="DemonMagistrat", ['index']=180, ['level']=59},
    [17436853] = {['id']=17436853, ['name']="Demon\'sElement", ['index']=181, ['level']=49},
    [17436870] = {['id']=17436870, ['name']="DoomDemon", ['index']=198, ['level']=66},
    [17436871] = {['id']=17436871, ['name']="ArchDemon", ['index']=199, ['level']=64},
    [17436873] = {['id']=17436873, ['name']="DoomDemon", ['index']=201, ['level']=64},
    [17436874] = {['id']=17436874, ['name']="AbyssalDemon", ['index']=202, ['level']=64},
    [17436875] = {['id']=17436875, ['name']="Demon\'sElement", ['index']=203, ['level']=54},
    [17436901] = {['id']=17436901, ['name']="Ahriman", ['index']=229, ['level']=63},
    [17436905] = {['id']=17436905, ['name']="Ahriman", ['index']=233, ['level']=63},
    [17436909] = {['id']=17436909, ['name']="DreadDemon", ['index']=237, ['level']=73},
    [17436910] = {['id']=17436910, ['name']="JudicatorDemon", ['index']=238, ['level']=73},
    [17436911] = {['id']=17436911, ['name']="StygianDemon", ['index']=239, ['level']=72},
    [17436912] = {['id']=17436912, ['name']="Demon\'sElement", ['index']=240, ['level']=61},
    [17436913] = {['id']=17436913, ['name']="MarquisAllocen", ['index']=241, ['level']=76},
    [17436915] = {['id']=17436915, ['name']="JudicatorDemon", ['index']=243, ['level']=73},
    [17436919] = {['id']=17436919, ['name']="GoreDemon", ['index']=247, ['level']=71},
    [17436920] = {['id']=17436920, ['name']="DreadDemon", ['index']=248, ['level']=71},
    [17436921] = {['id']=17436921, ['name']="StygianDemon", ['index']=249, ['level']=72},
    [17436922] = {['id']=17436922, ['name']="Demon\'sElement", ['index']=250, ['level']=61},
    [17436923] = {['id']=17436923, ['name']="DukeHaborym", ['index']=251, ['level']=76},
    [17436926] = {['id']=17436926, ['name']="JudicatorDemon", ['index']=254, ['level']=71},
    [17436928] = {['id']=17436928, ['name']="Demon\'sElement", ['index']=256, ['level']=64},
    [17436935] = {['id']=17436935, ['name']="Ahriman", ['index']=263, ['level']=63},
    [17436940] = {['id']=17436940, ['name']="Ahriman", ['index']=268, ['level']=64},
    [17436941] = {['id']=17436941, ['name']="Ahriman", ['index']=269, ['level']=63},
    [17436844] = {['id']=17436844, ['name']="DemonCommander", ['index']=172, ['level']=57},
    [17436906] = {['id']=17436906, ['name']="Ahriman", ['index']=234, ['level']=65},
    [17436907] = {['id']=17436907, ['name']="Ahriman", ['index']=235, ['level']=64},
    [17436914] = {['id']=17436914, ['name']="GoreDemon", ['index']=242, ['level']=72},
    [17436916] = {['id']=17436916, ['name']="StygianDemon", ['index']=244, ['level']=73},
    [17436917] = {['id']=17436917, ['name']="Demon\'sElement", ['index']=245, ['level']=60},
    [17436918] = {['id']=17436918, ['name']="MarquisAmon", ['index']=246, ['level']=76},
    [17436924] = {['id']=17436924, ['name']="GoreDemon", ['index']=252, ['level']=72},
    [17436925] = {['id']=17436925, ['name']="DreadDemon", ['index']=253, ['level']=72},
    [17436927] = {['id']=17436927, ['name']="GrandDukeBaty", ['index']=255, ['level']=76},
    [17436846] = {['id']=17436846, ['name']="DemonChancello", ['index']=174, ['level']=57},
    [17436861] = {['id']=17436861, ['name']="DemonChancello", ['index']=189, ['level']=58},
    [17436863] = {['id']=17436863, ['name']="Demon\'sElement", ['index']=191, ['level']=49},
    [17436862] = {['id']=17436862, ['name']="DemonMagistrat", ['index']=190, ['level']=58},
    [17436860] = {['id']=17436860, ['name']="DemonGeneral", ['index']=188, ['level']=59},
    [17436859] = {['id']=17436859, ['name']="DemonCommander", ['index']=187, ['level']=59},
    [17436938] = {['id']=17436938, ['name']="Ahriman", ['index']=266, ['level']=63},
    [17436930] = {['id']=17436930, ['name']="Ahriman", ['index']=258, ['level']=65},
    [17436931] = {['id']=17436931, ['name']="Ahriman", ['index']=259, ['level']=64},
    [17436886] = {['id']=17436886, ['name']="BloodDemon", ['index']=214, ['level']=64},
    [17436888] = {['id']=17436888, ['name']="AbyssalDemon", ['index']=216, ['level']=64},
    [17436903] = {['id']=17436903, ['name']="Ahriman", ['index']=231, ['level']=64},
    [17436889] = {['id']=17436889, ['name']="Demon\'sElement", ['index']=217, ['level']=53},
    [17436890] = {['id']=17436890, ['name']="BloodDemon", ['index']=218, ['level']=64},
    [17436891] = {['id']=17436891, ['name']="DoomDemon", ['index']=219, ['level']=64},
    [17436934] = {['id']=17436934, ['name']="Ahriman", ['index']=262, ['level']=63},
    [17436937] = {['id']=17436937, ['name']="Ahriman", ['index']=265, ['level']=63},
    [17436908] = {['id']=17436908, ['name']="Ahriman", ['index']=236, ['level']=64},
    [17436936] = {['id']=17436936, ['name']="Ahriman", ['index']=264, ['level']=63},
    [17436932] = {['id']=17436932, ['name']="Ahriman", ['index']=260, ['level']=65},
    [17436933] = {['id']=17436933, ['name']="Ahriman", ['index']=261, ['level']=63},
    [17436943] = {['id']=17436943, ['name']="Ahriman", ['index']=271, ['level']=65},
    [17436902] = {['id']=17436902, ['name']="Ahriman", ['index']=230, ['level']=63},
    [17436904] = {['id']=17436904, ['name']="Ahriman", ['index']=232, ['level']=63},
    [17436942] = {['id']=17436942, ['name']="Ahriman", ['index']=270, ['level']=65},
    [17436865] = {['id']=17436865, ['name']="DemonGeneral", ['index']=193, ['level']=58},
    [17436868] = {['id']=17436868, ['name']="Demon\'sElement", ['index']=196, ['level']=50},
    [17436867] = {['id']=17436867, ['name']="DemonMagistrat", ['index']=195, ['level']=59},
    [17436864] = {['id']=17436864, ['name']="DemonCommander", ['index']=192, ['level']=57},
    [17436866] = {['id']=17436866, ['name']="DemonChancello", ['index']=194, ['level']=57},
    [17436843] = {['id']=17436843, ['name']="MorbidEye", ['index']=171, ['level']=53},
    [17436855] = {['id']=17436855, ['name']="DemonGeneral", ['index']=183, ['level']=58},
    [17436854] = {['id']=17436854, ['name']="DemonCommander", ['index']=182, ['level']=58},
    [17436856] = {['id']=17436856, ['name']="DemonChancello", ['index']=184, ['level']=58},
    [17436857] = {['id']=17436857, ['name']="DemonMagistrat", ['index']=185, ['level']=58},
    [17436858] = {['id']=17436858, ['name']="Demon\'sElement", ['index']=186, ['level']=50},
    [17436939] = {['id']=17436939, ['name']="Ahriman", ['index']=267, ['level']=65},
    [17436893] = {['id']=17436893, ['name']="DoomDemon", ['index']=221, ['level']=65},
    [17436897] = {['id']=17436897, ['name']="BloodDemon", ['index']=225, ['level']=65},
    [17436845] = {['id']=17436845, ['name']="DemonGeneral", ['index']=173, ['level']=58},
    [17436847] = {['id']=17436847, ['name']="DemonMagistrat", ['index']=175, ['level']=59},
    [17436848] = {['id']=17436848, ['name']="Demon\'sElement", ['index']=176, ['level']=50},
    [17436894] = {['id']=17436894, ['name']="ArchDemon", ['index']=222, ['level']=64},
    [17436899] = {['id']=17436899, ['name']="AbyssalDemon", ['index']=227, ['level']=65},
    [17436900] = {['id']=17436900, ['name']="Demon\'sElement", ['index']=228, ['level']=52},
    [17436877] = {['id']=17436877, ['name']="BloodDemon", ['index']=205, ['level']=66},
    [17436879] = {['id']=17436879, ['name']="AbyssalDemon", ['index']=207, ['level']=65},
    [17436880] = {['id']=17436880, ['name']="Demon\'sElement", ['index']=208, ['level']=52},
    [17436883] = {['id']=17436883, ['name']="ArchDemon", ['index']=211, ['level']=66},
    [17436864] = {['id']=17436864, ['name']="DemonCommander", ['index']=192, ['level']=57},
    [17436865] = {['id']=17436865, ['name']="DemonGeneral", ['index']=193, ['level']=58},
    [17436866] = {['id']=17436866, ['name']="DemonChancello", ['index']=194, ['level']=57},
    [17436867] = {['id']=17436867, ['name']="DemonMagistrat", ['index']=195, ['level']=59},
    [17436868] = {['id']=17436868, ['name']="Demon\'sElement", ['index']=196, ['level']=50},
    [17436904] = {['id']=17436904, ['name']="Ahriman", ['index']=232, ['level']=63},
    [17436907] = {['id']=17436907, ['name']="Ahriman", ['index']=235, ['level']=64},
    [17436908] = {['id']=17436908, ['name']="Ahriman", ['index']=236, ['level']=64},
    [17436910] = {['id']=17436910, ['name']="JudicatorDemon", ['index']=238, ['level']=73},
    [17436919] = {['id']=17436919, ['name']="GoreDemon", ['index']=247, ['level']=71},
    [17436920] = {['id']=17436920, ['name']="DreadDemon", ['index']=248, ['level']=71},
    [17436921] = {['id']=17436921, ['name']="StygianDemon", ['index']=249, ['level']=72},
    [17436922] = {['id']=17436922, ['name']="Demon\'sElement", ['index']=250, ['level']=61},
    [17436923] = {['id']=17436923, ['name']="DukeHaborym", ['index']=251, ['level']=76},
    [17436925] = {['id']=17436925, ['name']="DreadDemon", ['index']=253, ['level']=72},
    [17436926] = {['id']=17436926, ['name']="JudicatorDemon", ['index']=254, ['level']=71},
    [17436930] = {['id']=17436930, ['name']="Ahriman", ['index']=258, ['level']=65},
    [17436931] = {['id']=17436931, ['name']="Ahriman", ['index']=259, ['level']=64},
    [17436932] = {['id']=17436932, ['name']="Ahriman", ['index']=260, ['level']=65},
    [17436933] = {['id']=17436933, ['name']="Ahriman", ['index']=261, ['level']=63},
    [17436936] = {['id']=17436936, ['name']="Ahriman", ['index']=264, ['level']=63},
    [17436937] = {['id']=17436937, ['name']="Ahriman", ['index']=265, ['level']=63},
    [17436942] = {['id']=17436942, ['name']="Ahriman", ['index']=270, ['level']=65},
    [17436943] = {['id']=17436943, ['name']="Ahriman", ['index']=271, ['level']=65},
    [17436935] = {['id']=17436935, ['name']="Ahriman", ['index']=263, ['level']=63},
    [17436914] = {['id']=17436914, ['name']="GoreDemon", ['index']=242, ['level']=72},
    [17436909] = {['id']=17436909, ['name']="DreadDemon", ['index']=237, ['level']=73},
    [17436912] = {['id']=17436912, ['name']="Demon\'sElement", ['index']=240, ['level']=61},
    [17436913] = {['id']=17436913, ['name']="MarquisAllocen", ['index']=241, ['level']=76},
    [17436911] = {['id']=17436911, ['name']="StygianDemon", ['index']=239, ['level']=72},
    [17436916] = {['id']=17436916, ['name']="StygianDemon", ['index']=244, ['level']=73},
    [17436917] = {['id']=17436917, ['name']="Demon\'sElement", ['index']=245, ['level']=60},
    [17436934] = {['id']=17436934, ['name']="Ahriman", ['index']=262, ['level']=63},
    [17436888] = {['id']=17436888, ['name']="AbyssalDemon", ['index']=216, ['level']=64},
    [17436889] = {['id']=17436889, ['name']="Demon\'sElement", ['index']=217, ['level']=53},
    [17436891] = {['id']=17436891, ['name']="DoomDemon", ['index']=219, ['level']=64},
    [17436903] = {['id']=17436903, ['name']="Ahriman", ['index']=231, ['level']=64},
    [17436861] = {['id']=17436861, ['name']="DemonChancello", ['index']=189, ['level']=58},
    [17436860] = {['id']=17436860, ['name']="DemonGeneral", ['index']=188, ['level']=59},
    [17436859] = {['id']=17436859, ['name']="DemonCommander", ['index']=187, ['level']=59},
    [17436862] = {['id']=17436862, ['name']="DemonMagistrat", ['index']=190, ['level']=58},
    [17436863] = {['id']=17436863, ['name']="Demon\'sElement", ['index']=191, ['level']=49},
    [17436938] = {['id']=17436938, ['name']="Ahriman", ['index']=266, ['level']=63},
    [17436906] = {['id']=17436906, ['name']="Ahriman", ['index']=234, ['level']=65},
    [17436902] = {['id']=17436902, ['name']="Ahriman", ['index']=230, ['level']=63},
    [17436879] = {['id']=17436879, ['name']="AbyssalDemon", ['index']=207, ['level']=65},
    [17436856] = {['id']=17436856, ['name']="DemonChancello", ['index']=184, ['level']=58},
    [17436857] = {['id']=17436857, ['name']="DemonMagistrat", ['index']=185, ['level']=58},
    [17436858] = {['id']=17436858, ['name']="Demon\'sElement", ['index']=186, ['level']=50},
    [17436855] = {['id']=17436855, ['name']="DemonGeneral", ['index']=183, ['level']=58},
    [17436854] = {['id']=17436854, ['name']="DemonCommander", ['index']=182, ['level']=58},
    [17436880] = {['id']=17436880, ['name']="Demon\'sElement", ['index']=208, ['level']=52},
    [17436924] = {['id']=17436924, ['name']="GoreDemon", ['index']=252, ['level']=71},
    [17436877] = {['id']=17436877, ['name']="BloodDemon", ['index']=205, ['level']=66},
    [17436883] = {['id']=17436883, ['name']="ArchDemon", ['index']=211, ['level']=66},
    [17436882] = {['id']=17436882, ['name']="DoomDemon", ['index']=210, ['level']=64},
    [17436845] = {['id']=17436845, ['name']="DemonGeneral", ['index']=173, ['level']=58},
    [17436847] = {['id']=17436847, ['name']="DemonMagistrat", ['index']=175, ['level']=59},
    [17436848] = {['id']=17436848, ['name']="Demon\'sElement", ['index']=176, ['level']=50},
    [17436939] = {['id']=17436939, ['name']="Ahriman", ['index']=267, ['level']=65},
    [17436894] = {['id']=17436894, ['name']="ArchDemon", ['index']=222, ['level']=64},
    [17436905] = {['id']=17436905, ['name']="Ahriman", ['index']=233, ['level']=63},
    [17436901] = {['id']=17436901, ['name']="Ahriman", ['index']=229, ['level']=65},
