    [17342465] = {['id']=17342465, ['name']="Icefall", ['index']=1, ['level']=80},
    [17343126] = {['id']=17343126, ['name']="Saunders,C.A.", ['index']=662, ['level']=0},
    [17343249] = {['id']=17343249, ['name']="SurvivalGuide", ['index']=785, ['level']=0},
    [17342466] = {['id']=17342466, ['name']="Icefall", ['index']=2, ['level']=80},
    [17342467] = {['id']=17342467, ['name']="DemonWarrior", ['index']=3, ['level']=81},
    [17342468] = {['id']=17342468, ['name']="Icefall", ['index']=4, ['level']=80},
    [17342469] = {['id']=17342469, ['name']="Icefall", ['index']=5, ['level']=81},
    [17342472] = {['id']=17342472, ['name']="DemonMagus", ['index']=8, ['level']=80},
    [17342476] = {['id']=17342476, ['name']="Icefall", ['index']=12, ['level']=79},
    [17342475] = {['id']=17342475, ['name']="Icefall", ['index']=11, ['level']=80},
    [17342473] = {['id']=17342473, ['name']="DemonJusticiar", ['index']=9, ['level']=81},
    [17342474] = {['id']=17342474, ['name']="Demon\'sElement", ['index']=10, ['level']=75},
    [17342479] = {['id']=17342479, ['name']="DemonWarrior", ['index']=15, ['level']=80},
    [17342480] = {['id']=17342480, ['name']="DemonWarrior", ['index']=16, ['level']=80},
    [17342481] = {['id']=17342481, ['name']="Icefall", ['index']=17, ['level']=79},
    [17342489] = {['id']=17342489, ['name']="DemonWarrior", ['index']=25, ['level']=81},
    [17342490] = {['id']=17342490, ['name']="DemonMagus", ['index']=26, ['level']=81},
    [17342500] = {['id']=17342500, ['name']="ErrandImp", ['index']=36, ['level']=80},
    [17342503] = {['id']=17342503, ['name']="ErrandImp", ['index']=39, ['level']=80},
    [17342504] = {['id']=17342504, ['name']="ErrandImp", ['index']=40, ['level']=80},
    [17342996] = {['id']=17342996, ['name']="FiendishLeechk", ['index']=532, ['level']=60},
    [17342505] = {['id']=17342505, ['name']="ErrandImp", ['index']=41, ['level']=80},
    [17342501] = {['id']=17342501, ['name']="ErrandImp", ['index']=37, ['level']=79},
    [17342484] = {['id']=17342484, ['name']="DemonWarrior", ['index']=20, ['level']=81},
    [17342502] = {['id']=17342502, ['name']="ErrandImp", ['index']=38, ['level']=79},
    [17342999] = {['id']=17342999, ['name']="FiendishLeechk", ['index']=535, ['level']=60},
    [17342924] = {['id']=17342924, ['name']="ShadowhandCuir", ['index']=460, ['level']=70},
    [17342998] = {['id']=17342998, ['name']="FiendishLeechk", ['index']=534, ['level']=60},
    [17342923] = {['id']=17342923, ['name']="ShadowhandCuir", ['index']=459, ['level']=70},
    [17342995] = {['id']=17342995, ['name']="FiendishLeechk", ['index']=531, ['level']=60},
    [17342928] = {['id']=17342928, ['name']="ShadowhandCuir", ['index']=464, ['level']=70},
    [17342487] = {['id']=17342487, ['name']="DemonBefouler", ['index']=23, ['level']=81},
    [17342488] = {['id']=17342488, ['name']="DemonBefouler", ['index']=24, ['level']=81},
    [17342930] = {['id']=17342930, ['name']="ShadowhandCuir", ['index']=466, ['level']=70},
    [17342925] = {['id']=17342925, ['name']="ShadowhandCuir", ['index']=461, ['level']=70},
    [17342931] = {['id']=17342931, ['name']="ShadowhandCuir", ['index']=467, ['level']=70},
    [17342485] = {['id']=17342485, ['name']="DemonJusticiar", ['index']=21, ['level']=80},
    [17342927] = {['id']=17342927, ['name']="ShadowhandCuir", ['index']=463, ['level']=70},
    [17342486] = {['id']=17342486, ['name']="Demon\'sElement", ['index']=22, ['level']=76},
    [17342922] = {['id']=17342922, ['name']="Shadowhand", ['index']=458, ['level']=70},
    [17342926] = {['id']=17342926, ['name']="ShadowhandCuir", ['index']=462, ['level']=70},
    [17342929] = {['id']=17342929, ['name']="ShadowhandCuir", ['index']=465, ['level']=70},
    [17342997] = {['id']=17342997, ['name']="FiendishLeechk", ['index']=533, ['level']=60},
    [17342994] = {['id']=17342994, ['name']="FiendishLeechk", ['index']=530, ['level']=60},
    [17342967] = {['id']=17342967, ['name']="ShadowhindMach", ['index']=503, ['level']=65},
    [17342541] = {['id']=17342541, ['name']="OrcishVeteran", ['index']=77, ['level']=78},
    [17342542] = {['id']=17342542, ['name']="OrcishWarlord", ['index']=78, ['level']=77},
    [17342544] = {['id']=17342544, ['name']="DemonBefouler", ['index']=80, ['level']=80},
    [17342545] = {['id']=17342545, ['name']="DemonBefouler", ['index']=81, ['level']=81},
    [17342962] = {['id']=17342962, ['name']="ShadowhindMach", ['index']=498, ['level']=65},
    [17342546] = {['id']=17342546, ['name']="ErrandImp", ['index']=82, ['level']=80},
    [17342538] = {['id']=17342538, ['name']="DireGargouille", ['index']=74, ['level']=80},
    [17342539] = {['id']=17342539, ['name']="DireGargouille", ['index']=75, ['level']=81},
    [17342517] = {['id']=17342517, ['name']="DireGargouille", ['index']=53, ['level']=82},
    [17342515] = {['id']=17342515, ['name']="DireGargouille", ['index']=51, ['level']=81},
    [17342525] = {['id']=17342525, ['name']="Demon\'sElement", ['index']=61, ['level']=76},
    [17342514] = {['id']=17342514, ['name']="DireGargouille", ['index']=50, ['level']=80},
    [17342516] = {['id']=17342516, ['name']="DireGargouille", ['index']=52, ['level']=82},
    [17342524] = {['id']=17342524, ['name']="DemonJusticiar", ['index']=60, ['level']=80},
    [17342532] = {['id']=17342532, ['name']="DireGargouille", ['index']=68, ['level']=82},
    [17342522] = {['id']=17342522, ['name']="DemonMagus", ['index']=58, ['level']=81},
    [17342533] = {['id']=17342533, ['name']="DireGargouille", ['index']=69, ['level']=80},
    [17342509] = {['id']=17342509, ['name']="DireGargouille", ['index']=45, ['level']=80},
    [17342531] = {['id']=17342531, ['name']="DireGargouille", ['index']=67, ['level']=82},
    [17342508] = {['id']=17342508, ['name']="DireGargouille", ['index']=44, ['level']=82},
    [17342530] = {['id']=17342530, ['name']="DireGargouille", ['index']=66, ['level']=81},
    [17342506] = {['id']=17342506, ['name']="DireGargouille", ['index']=42, ['level']=82},
    [17342507] = {['id']=17342507, ['name']="DireGargouille", ['index']=43, ['level']=80},
    [17342548] = {['id']=17342548, ['name']="DireGargouille", ['index']=84, ['level']=82},
    [17342549] = {['id']=17342549, ['name']="DireGargouille", ['index']=85, ['level']=81},
    [17342672] = {['id']=17342672, ['name']="DoomLens", ['index']=208, ['level']=85},
    [17342676] = {['id']=17342676, ['name']="DoomLens", ['index']=212, ['level']=84},
    [17342677] = {['id']=17342677, ['name']="DoomLens", ['index']=213, ['level']=85},
    [17342681] = {['id']=17342681, ['name']="DemonEntomber", ['index']=217, ['level']=83},
    [17342682] = {['id']=17342682, ['name']="DemonCondemner", ['index']=218, ['level']=83},
    [17342683] = {['id']=17342683, ['name']="Demon\'sElement", ['index']=219, ['level']=78},
    [17342686] = {['id']=17342686, ['name']="DemonCorrupter", ['index']=222, ['level']=83},
    [17342623] = {['id']=17342623, ['name']="DemonCorrupter", ['index']=159, ['level']=83},
    [17342622] = {['id']=17342622, ['name']="DeathwreakerDe", ['index']=158, ['level']=85},
    [17342626] = {['id']=17342626, ['name']="Demon\'sElement", ['index']=162, ['level']=75},
    [17342625] = {['id']=17342625, ['name']="DemonCondemner", ['index']=161, ['level']=83},
    [17342624] = {['id']=17342624, ['name']="DemonEntomber", ['index']=160, ['level']=83},
    [17342703] = {['id']=17342703, ['name']="DoomLens", ['index']=239, ['level']=85},
    [17342680] = {['id']=17342680, ['name']="DeathwreakerDe", ['index']=216, ['level']=85},
    [17342696] = {['id']=17342696, ['name']="DoomLens", ['index']=232, ['level']=84},
    [17342695] = {['id']=17342695, ['name']="DoomLens", ['index']=231, ['level']=85},
    [17342705] = {['id']=17342705, ['name']="DoomLens", ['index']=241, ['level']=84},
    [17342700] = {['id']=17342700, ['name']="DoomLens", ['index']=236, ['level']=84},
    [17342699] = {['id']=17342699, ['name']="DoomLens", ['index']=235, ['level']=85},
    [17342706] = {['id']=17342706, ['name']="DoomLens", ['index']=242, ['level']=85},
    [17342688] = {['id']=17342688, ['name']="DemonEntomber", ['index']=224, ['level']=83},
    [17342701] = {['id']=17342701, ['name']="DoomLens", ['index']=237, ['level']=84},
    [17342690] = {['id']=17342690, ['name']="Demon\'sElement", ['index']=226, ['level']=76},
    [17342687] = {['id']=17342687, ['name']="WoebringerDemo", ['index']=223, ['level']=85},
    [17342689] = {['id']=17342689, ['name']="DemonCondemner", ['index']=225, ['level']=82},
    [17342603] = {['id']=17342603, ['name']="Ogler", ['index']=139, ['level']=82},
    [17342593] = {['id']=17342593, ['name']="MagnesQuadav", ['index']=129, ['level']=79},
    [17342685] = {['id']=17342685, ['name']="DemonSuppresso", ['index']=221, ['level']=82},
    [17342684] = {['id']=17342684, ['name']="SoulsearerDemo", ['index']=220, ['level']=85},
    [17342698] = {['id']=17342698, ['name']="DoomLens", ['index']=234, ['level']=85},
    [17342604] = {['id']=17342604, ['name']="Ogler", ['index']=140, ['level']=81},
    [17342697] = {['id']=17342697, ['name']="DoomLens", ['index']=233, ['level']=84},
    [17342702] = {['id']=17342702, ['name']="DoomLens", ['index']=238, ['level']=85},
    [17342605] = {['id']=17342605, ['name']="Ogler", ['index']=141, ['level']=81},
    [17342694] = {['id']=17342694, ['name']="DemonCorrupter", ['index']=230, ['level']=83},
    [17342692] = {['id']=17342692, ['name']="Demon\'sElement", ['index']=228, ['level']=80},
    [17342691] = {['id']=17342691, ['name']="ForedoomerDemo", ['index']=227, ['level']=85},
    [17342709] = {['id']=17342709, ['name']="DeathwreakerDe", ['index']=245, ['level']=86},
    [17342710] = {['id']=17342710, ['name']="SoulsearerDemo", ['index']=246, ['level']=86},
    [17342711] = {['id']=17342711, ['name']="ForedoomerDemo", ['index']=247, ['level']=86},
    [17342712] = {['id']=17342712, ['name']="Demon\'sElement", ['index']=248, ['level']=81},
    [17342713] = {['id']=17342713, ['name']="DeathwreakerDe", ['index']=249, ['level']=87},
    [17342714] = {['id']=17342714, ['name']="SoulsearerDemo", ['index']=250, ['level']=86},
    [17342715] = {['id']=17342715, ['name']="DeathwreakerDe", ['index']=251, ['level']=86},
    [17342716] = {['id']=17342716, ['name']="WoebringerDemo", ['index']=252, ['level']=86},
    [17342717] = {['id']=17342717, ['name']="SoulsearerDemo", ['index']=253, ['level']=86},
    [17342718] = {['id']=17342718, ['name']="WoebringerDemo", ['index']=254, ['level']=87},
    [17342719] = {['id']=17342719, ['name']="SoulsearerDemo", ['index']=255, ['level']=87},
    [17342720] = {['id']=17342720, ['name']="ForedoomerDemo", ['index']=256, ['level']=87},
    [17342721] = {['id']=17342721, ['name']="Demon\'sElement", ['index']=257, ['level']=82},
    [17342722] = {['id']=17342722, ['name']="WoebringerDemo", ['index']=258, ['level']=86},
    [17342723] = {['id']=17342723, ['name']="ForedoomerDemo", ['index']=259, ['level']=87},
    [17342724] = {['id']=17342724, ['name']="Demon\'sElement", ['index']=260, ['level']=81},
    [17342725] = {['id']=17342725, ['name']="DeathwreakerDe", ['index']=261, ['level']=86},
    [17342726] = {['id']=17342726, ['name']="WoebringerDemo", ['index']=262, ['level']=87},
    [17342727] = {['id']=17342727, ['name']="ForedoomerDemo", ['index']=263, ['level']=87},
    [17342728] = {['id']=17342728, ['name']="Demon\'sElement", ['index']=264, ['level']=81},
    [17342642] = {['id']=17342642, ['name']="DeathwreakerDe", ['index']=178, ['level']=87},
    [17342645] = {['id']=17342645, ['name']="DeathwreakerDe", ['index']=181, ['level']=87},
    [17342648] = {['id']=17342648, ['name']="Demon\'sElement", ['index']=184, ['level']=83},
    [17342643] = {['id']=17342643, ['name']="SoulsearerDemo", ['index']=179, ['level']=88},
    [17342647] = {['id']=17342647, ['name']="ForedoomerDemo", ['index']=183, ['level']=88},
    [17342617] = {['id']=17342617, ['name']="DemonWarrior", ['index']=153, ['level']=80},
    [17342614] = {['id']=17342614, ['name']="Ogler", ['index']=150, ['level']=81},
    [17342613] = {['id']=17342613, ['name']="Ogler", ['index']=149, ['level']=82},
    [17342619] = {['id']=17342619, ['name']="DemonMagus", ['index']=155, ['level']=80},
    [17342634] = {['id']=17342634, ['name']="DemonEntomber", ['index']=170, ['level']=82},
    [17342632] = {['id']=17342632, ['name']="WoebringerDemo", ['index']=168, ['level']=85},
    [17342633] = {['id']=17342633, ['name']="DemonSuppresso", ['index']=169, ['level']=83},
    [17342636] = {['id']=17342636, ['name']="Demon\'sElement", ['index']=172, ['level']=75},
    [17342635] = {['id']=17342635, ['name']="DemonCondemner", ['index']=171, ['level']=82},
    [17342674] = {['id']=17342674, ['name']="DoomLens", ['index']=210, ['level']=85},
    [17342581] = {['id']=17342581, ['name']="IronQuadav", ['index']=117, ['level']=77},
    [17342580] = {['id']=17342580, ['name']="AncientQuadav", ['index']=116, ['level']=78},
    [17342554] = {['id']=17342554, ['name']="AdamanQuadav", ['index']=90, ['level']=79},
    [17342562] = {['id']=17342562, ['name']="AdamanQuadav", ['index']=98, ['level']=78},
    [17342557] = {['id']=17342557, ['name']="StarRubyQuada", ['index']=93, ['level']=78},
    [17342591] = {['id']=17342591, ['name']="AncientQuadav", ['index']=127, ['level']=78},
    [17342592] = {['id']=17342592, ['name']="IronQuadav", ['index']=128, ['level']=78},
    [17342594] = {['id']=17342594, ['name']="StarRubyQuada", ['index']=130, ['level']=78},
    [17342606] = {['id']=17342606, ['name']="DemonMagus", ['index']=142, ['level']=80},
    [17342608] = {['id']=17342608, ['name']="ShadowguardDem", ['index']=144, ['level']=80},
    [17342572] = {['id']=17342572, ['name']="AdamanQuadav", ['index']=108, ['level']=79},
    [17342678] = {['id']=17342678, ['name']="DoomLens", ['index']=214, ['level']=84},
    [17342564] = {['id']=17342564, ['name']="GoldQuadav", ['index']=100, ['level']=77},
    [17342565] = {['id']=17342565, ['name']="VajraQuadav", ['index']=101, ['level']=79},
    [17342563] = {['id']=17342563, ['name']="IronQuadav", ['index']=99, ['level']=77},
    [17342602] = {['id']=17342602, ['name']="DemonMagus", ['index']=138, ['level']=81},
    [17342600] = {['id']=17342600, ['name']="DemonJusticiar", ['index']=136, ['level']=80},
    [17342588] = {['id']=17342588, ['name']="DemonWarrior", ['index']=124, ['level']=80},
    [17342601] = {['id']=17342601, ['name']="Demon\'sElement", ['index']=137, ['level']=75},
    [17342571] = {['id']=17342571, ['name']="IronQuadav", ['index']=107, ['level']=79},
    [17342599] = {['id']=17342599, ['name']="DemonWarrior", ['index']=135, ['level']=81},
    [17342578] = {['id']=17342578, ['name']="Ogler", ['index']=114, ['level']=81},
    [17342589] = {['id']=17342589, ['name']="DemonWarrior", ['index']=125, ['level']=81},
    [17342579] = {['id']=17342579, ['name']="Ogler", ['index']=115, ['level']=82},
    [17342590] = {['id']=17342590, ['name']="DemonMagus", ['index']=126, ['level']=81},
    [17342576] = {['id']=17342576, ['name']="YagudoChanter", ['index']=112, ['level']=79},
    [17342607] = {['id']=17342607, ['name']="DemonBefouler", ['index']=143, ['level']=81},
    [17342611] = {['id']=17342611, ['name']="Demon\'sElement", ['index']=147, ['level']=76},
    [17342610] = {['id']=17342610, ['name']="DemonJusticiar", ['index']=146, ['level']=80},
    [17342612] = {['id']=17342612, ['name']="ShadowguardDem", ['index']=148, ['level']=80},
    [17342575] = {['id']=17342575, ['name']="YagudoEradicat", ['index']=111, ['level']=79},
    [17342567] = {['id']=17342567, ['name']="YagudoKnightT", ['index']=103, ['level']=78},
    [17342679] = {['id']=17342679, ['name']="DoomLens", ['index']=215, ['level']=84},
    [17342707] = {['id']=17342707, ['name']="DoomLens", ['index']=243, ['level']=84},
    [17342708] = {['id']=17342708, ['name']="DoomLens", ['index']=244, ['level']=84},
    [17342675] = {['id']=17342675, ['name']="DoomLens", ['index']=211, ['level']=85},
    [17342569] = {['id']=17342569, ['name']="YagudoPrelate", ['index']=105, ['level']=79},
    [17342586] = {['id']=17342586, ['name']="YagudoChanter", ['index']=122, ['level']=77},
    [17342568] = {['id']=17342568, ['name']="YagudoChanter", ['index']=104, ['level']=77},
    [17342587] = {['id']=17342587, ['name']="YagudoHighPri", ['index']=123, ['level']=77},
    [17342665] = {['id']=17342665, ['name']="Demon\'sElement", ['index']=201, ['level']=83},
    [17342566] = {['id']=17342566, ['name']="YagudoSentinel", ['index']=102, ['level']=78},
    [17342584] = {['id']=17342584, ['name']="YagudoSentinel", ['index']=120, ['level']=79},
    [17342585] = {['id']=17342585, ['name']="YagudoEradicat", ['index']=121, ['level']=79},
    [17342616] = {['id']=17342616, ['name']="Ogler", ['index']=152, ['level']=81},
    [17342558] = {['id']=17342558, ['name']="YagudoKnightT", ['index']=94, ['level']=79},
    [17342560] = {['id']=17342560, ['name']="YagudoChanter", ['index']=96, ['level']=77},
    [17342596] = {['id']=17342596, ['name']="YagudoEradicat", ['index']=132, ['level']=78},
    [17342595] = {['id']=17342595, ['name']="YagudoSentinel", ['index']=131, ['level']=78},
    [17342597] = {['id']=17342597, ['name']="YagudoHighPri", ['index']=133, ['level']=78},
    [17342598] = {['id']=17342598, ['name']="YagudoPrelate", ['index']=134, ['level']=79},
    [17342704] = {['id']=17342704, ['name']="DoomLens", ['index']=240, ['level']=85},
    [17342552] = {['id']=17342552, ['name']="OrcishAugur", ['index']=88, ['level']=79},
    [17342551] = {['id']=17342551, ['name']="OrcishVeteran", ['index']=87, ['level']=77},
    [17342519] = {['id']=17342519, ['name']="OrcishDragonbr", ['index']=55, ['level']=77},
    [17342521] = {['id']=17342521, ['name']="OrcishDragonbr", ['index']=57, ['level']=77},
    [17342535] = {['id']=17342535, ['name']="OrcishVeteran", ['index']=71, ['level']=78},
    [17342615] = {['id']=17342615, ['name']="Ogler", ['index']=151, ['level']=81},
    [17342618] = {['id']=17342618, ['name']="DemonBefouler", ['index']=154, ['level']=80},
    [17342620] = {['id']=17342620, ['name']="DemonJusticiar", ['index']=156, ['level']=81},
    [17342621] = {['id']=17342621, ['name']="Demon\'sElement", ['index']=157, ['level']=76},
    [17342664] = {['id']=17342664, ['name']="ForedoomerDemo", ['index']=200, ['level']=88},
    [17342666] = {['id']=17342666, ['name']="DeathwreakerDe", ['index']=202, ['level']=87},
    [17342627] = {['id']=17342627, ['name']="SoulsearerDemo", ['index']=163, ['level']=85},
    [17342629] = {['id']=17342629, ['name']="DemonCorrupter", ['index']=165, ['level']=83},
    [17342631] = {['id']=17342631, ['name']="Demon\'sElement", ['index']=167, ['level']=76},
    [17342630] = {['id']=17342630, ['name']="DemonCondemner", ['index']=166, ['level']=82},
    [17342628] = {['id']=17342628, ['name']="DemonSuppresso", ['index']=164, ['level']=83},
    [17342673] = {['id']=17342673, ['name']="DoomLens", ['index']=209, ['level']=85},
    [17342637] = {['id']=17342637, ['name']="ForedoomerDemo", ['index']=173, ['level']=85},
    [17342638] = {['id']=17342638, ['name']="Demon\'sElement", ['index']=174, ['level']=80},
    [17342639] = {['id']=17342639, ['name']="DemonSuppresso", ['index']=175, ['level']=82},
    [17342640] = {['id']=17342640, ['name']="DemonCorrupter", ['index']=176, ['level']=82},
    [17342641] = {['id']=17342641, ['name']="DemonEntomber", ['index']=177, ['level']=83},
    [17342537] = {['id']=17342537, ['name']="OrcishProtecto", ['index']=73, ['level']=78},
    [17342518] = {['id']=17342518, ['name']="OrcishAugur", ['index']=54, ['level']=78},
    [17342528] = {['id']=17342528, ['name']="DemonJusticiar", ['index']=64, ['level']=81},
    [17342529] = {['id']=17342529, ['name']="Demon\'sElement", ['index']=65, ['level']=77},
    [17342526] = {['id']=17342526, ['name']="DemonMagus", ['index']=62, ['level']=81},
    [17342693] = {['id']=17342693, ['name']="DemonSuppresso", ['index']=229, ['level']=82},
    [17342609] = {['id']=17342609, ['name']="DemonMagus", ['index']=145, ['level']=80},
    [17342547] = {['id']=17342547, ['name']="ErrandImp", ['index']=83, ['level']=80},
    [17342465] = {['id']=17342465, ['name']="Icefall", ['index']=1, ['level']=80},
    [17342466] = {['id']=17342466, ['name']="Icefall", ['index']=2, ['level']=80},
    [17342467] = {['id']=17342467, ['name']="DemonWarrior", ['index']=3, ['level']=81},
    [17342468] = {['id']=17342468, ['name']="Icefall", ['index']=4, ['level']=80},
    [17342469] = {['id']=17342469, ['name']="Icefall", ['index']=5, ['level']=81},
    [17342472] = {['id']=17342472, ['name']="DemonMagus", ['index']=8, ['level']=80},
    [17342473] = {['id']=17342473, ['name']="DemonJusticiar", ['index']=9, ['level']=80},
    [17342474] = {['id']=17342474, ['name']="Demon\'sElement", ['index']=10, ['level']=76},
    [17342475] = {['id']=17342475, ['name']="Icefall", ['index']=11, ['level']=80},
    [17342476] = {['id']=17342476, ['name']="Icefall", ['index']=12, ['level']=79},
    [17342479] = {['id']=17342479, ['name']="DemonWarrior", ['index']=15, ['level']=80},
    [17342480] = {['id']=17342480, ['name']="DemonWarrior", ['index']=16, ['level']=80},
    [17342481] = {['id']=17342481, ['name']="Icefall", ['index']=17, ['level']=79},
    [17343126] = {['id']=17343126, ['name']="Saunders,C.A.", ['index']=662, ['level']=0},
    [17343249] = {['id']=17343249, ['name']="SurvivalGuide", ['index']=785, ['level']=0},
    [17342489] = {['id']=17342489, ['name']="DemonWarrior", ['index']=25, ['level']=81},
    [17342490] = {['id']=17342490, ['name']="DemonMagus", ['index']=26, ['level']=81},
    [17342484] = {['id']=17342484, ['name']="DemonWarrior", ['index']=20, ['level']=80},
    [17342500] = {['id']=17342500, ['name']="ErrandImp", ['index']=36, ['level']=80},
    [17342501] = {['id']=17342501, ['name']="ErrandImp", ['index']=37, ['level']=79},
    [17342502] = {['id']=17342502, ['name']="ErrandImp", ['index']=38, ['level']=79},
    [17342503] = {['id']=17342503, ['name']="ErrandImp", ['index']=39, ['level']=80},
    [17342504] = {['id']=17342504, ['name']="ErrandImp", ['index']=40, ['level']=80},
    [17342505] = {['id']=17342505, ['name']="ErrandImp", ['index']=41, ['level']=80},
    [17342942] = {['id']=17342942, ['name']="Shadoweye", ['index']=478, ['level']=70},
    [17342485] = {['id']=17342485, ['name']="DemonJusticiar", ['index']=21, ['level']=81},
    [17342486] = {['id']=17342486, ['name']="Demon\'sElement", ['index']=22, ['level']=76},
    [17342487] = {['id']=17342487, ['name']="DemonBefouler", ['index']=23, ['level']=81},
    [17342488] = {['id']=17342488, ['name']="DemonBefouler", ['index']=24, ['level']=81},
    [17342948] = {['id']=17342948, ['name']="ShadoweyeGnat", ['index']=484, ['level']=70},
    [17342493] = {['id']=17342493, ['name']="DemonWarrior", ['index']=29, ['level']=80},
    [17342949] = {['id']=17342949, ['name']="ShadoweyeGnat", ['index']=485, ['level']=70},
    [17342945] = {['id']=17342945, ['name']="ShadoweyeGnat", ['index']=481, ['level']=70},
    [17342917] = {['id']=17342917, ['name']="ShadowhornStor", ['index']=453, ['level']=70},
    [17342932] = {['id']=17342932, ['name']="Shadowfang", ['index']=468, ['level']=70},
    [17342950] = {['id']=17342950, ['name']="ShadoweyeGnat", ['index']=486, ['level']=70},
    [17342943] = {['id']=17342943, ['name']="ShadoweyeGnat", ['index']=479, ['level']=70},
    [17342938] = {['id']=17342938, ['name']="ShadowfangVoid", ['index']=474, ['level']=70},
    [17342913] = {['id']=17342913, ['name']="ShadowhornStor", ['index']=449, ['level']=70},
    [17342491] = {['id']=17342491, ['name']="DemonWarrior", ['index']=27, ['level']=81},
    [17342492] = {['id']=17342492, ['name']="DemonMagus", ['index']=28, ['level']=81},
    [17342497] = {['id']=17342497, ['name']="Demon\'sElement", ['index']=33, ['level']=76},
    [17342496] = {['id']=17342496, ['name']="DemonJusticiar", ['index']=32, ['level']=80},
    [17342914] = {['id']=17342914, ['name']="ShadowhornStor", ['index']=450, ['level']=70},
    [17342933] = {['id']=17342933, ['name']="ShadowfangVoid", ['index']=469, ['level']=70},
    [17342919] = {['id']=17342919, ['name']="ShadowhornStor", ['index']=455, ['level']=70},
    [17342941] = {['id']=17342941, ['name']="ShadowfangVoid", ['index']=477, ['level']=70},
    [17342951] = {['id']=17342951, ['name']="ShadoweyeGnat", ['index']=487, ['level']=70},
    [17342944] = {['id']=17342944, ['name']="ShadoweyeGnat", ['index']=480, ['level']=70},
    [17342912] = {['id']=17342912, ['name']="Shadowhorn", ['index']=448, ['level']=70},
    [17342939] = {['id']=17342939, ['name']="ShadowfangVoid", ['index']=475, ['level']=70},
    [17342916] = {['id']=17342916, ['name']="ShadowhornStor", ['index']=452, ['level']=70},
    [17342920] = {['id']=17342920, ['name']="ShadowhornStor", ['index']=456, ['level']=70},
    [17342946] = {['id']=17342946, ['name']="ShadoweyeGnat", ['index']=482, ['level']=70},
    [17342915] = {['id']=17342915, ['name']="ShadowhornStor", ['index']=451, ['level']=70},
    [17342934] = {['id']=17342934, ['name']="ShadowfangVoid", ['index']=470, ['level']=70},
    [17342936] = {['id']=17342936, ['name']="ShadowfangVoid", ['index']=472, ['level']=70},
    [17342921] = {['id']=17342921, ['name']="ShadowhornStor", ['index']=457, ['level']=70},
    [17342937] = {['id']=17342937, ['name']="ShadowfangVoid", ['index']=473, ['level']=70},
    [17342935] = {['id']=17342935, ['name']="ShadowfangVoid", ['index']=471, ['level']=70},
    [17342947] = {['id']=17342947, ['name']="ShadoweyeGnat", ['index']=483, ['level']=70},
    [17342918] = {['id']=17342918, ['name']="ShadowhornStor", ['index']=454, ['level']=70},
    [17342940] = {['id']=17342940, ['name']="ShadowfangVoid", ['index']=476, ['level']=70},
    [17342506] = {['id']=17342506, ['name']="DireGargouille", ['index']=42, ['level']=82},
    [17342507] = {['id']=17342507, ['name']="DireGargouille", ['index']=43, ['level']=80},
    [17342508] = {['id']=17342508, ['name']="DireGargouille", ['index']=44, ['level']=82},
    [17342509] = {['id']=17342509, ['name']="DireGargouille", ['index']=45, ['level']=80},
    [17342514] = {['id']=17342514, ['name']="DireGargouille", ['index']=50, ['level']=80},
    [17342515] = {['id']=17342515, ['name']="DireGargouille", ['index']=51, ['level']=81},
    [17342516] = {['id']=17342516, ['name']="DireGargouille", ['index']=52, ['level']=82},
    [17342517] = {['id']=17342517, ['name']="DireGargouille", ['index']=53, ['level']=82},
    [17342518] = {['id']=17342518, ['name']="OrcishAugur", ['index']=54, ['level']=78},
    [17342519] = {['id']=17342519, ['name']="OrcishDragonbr", ['index']=55, ['level']=77},
    [17342521] = {['id']=17342521, ['name']="OrcishDragonbr", ['index']=57, ['level']=77},
    [17342522] = {['id']=17342522, ['name']="DemonMagus", ['index']=58, ['level']=81},
    [17342524] = {['id']=17342524, ['name']="DemonJusticiar", ['index']=60, ['level']=80},
    [17342525] = {['id']=17342525, ['name']="Demon\'sElement", ['index']=61, ['level']=76},
    [17342526] = {['id']=17342526, ['name']="DemonMagus", ['index']=62, ['level']=81},
    [17342528] = {['id']=17342528, ['name']="DemonJusticiar", ['index']=64, ['level']=81},
    [17342529] = {['id']=17342529, ['name']="Demon\'sElement", ['index']=65, ['level']=77},
    [17342530] = {['id']=17342530, ['name']="DireGargouille", ['index']=66, ['level']=81},
    [17342531] = {['id']=17342531, ['name']="DireGargouille", ['index']=67, ['level']=82},
    [17342532] = {['id']=17342532, ['name']="DireGargouille", ['index']=68, ['level']=82},
    [17342533] = {['id']=17342533, ['name']="DireGargouille", ['index']=69, ['level']=80},
    [17342535] = {['id']=17342535, ['name']="OrcishVeteran", ['index']=71, ['level']=78},
    [17342537] = {['id']=17342537, ['name']="OrcishProtecto", ['index']=73, ['level']=78},
    [17342538] = {['id']=17342538, ['name']="DireGargouille", ['index']=74, ['level']=80},
    [17342539] = {['id']=17342539, ['name']="DireGargouille", ['index']=75, ['level']=81},
    [17342541] = {['id']=17342541, ['name']="OrcishVeteran", ['index']=77, ['level']=78},
    [17342542] = {['id']=17342542, ['name']="OrcishWarlord", ['index']=78, ['level']=77},
    [17342544] = {['id']=17342544, ['name']="DemonBefouler", ['index']=80, ['level']=81},
    [17342545] = {['id']=17342545, ['name']="DemonBefouler", ['index']=81, ['level']=80},
    [17342546] = {['id']=17342546, ['name']="ErrandImp", ['index']=82, ['level']=80},
    [17342547] = {['id']=17342547, ['name']="ErrandImp", ['index']=83, ['level']=80},
    [17342548] = {['id']=17342548, ['name']="DireGargouille", ['index']=84, ['level']=82},
    [17342549] = {['id']=17342549, ['name']="DireGargouille", ['index']=85, ['level']=81},
    [17342551] = {['id']=17342551, ['name']="OrcishVeteran", ['index']=87, ['level']=77},
    [17342552] = {['id']=17342552, ['name']="OrcishAugur", ['index']=88, ['level']=79},
    [17342554] = {['id']=17342554, ['name']="AdamanQuadav", ['index']=90, ['level']=79},
    [17342557] = {['id']=17342557, ['name']="StarRubyQuada", ['index']=93, ['level']=78},
    [17342558] = {['id']=17342558, ['name']="YagudoKnightT", ['index']=94, ['level']=79},
    [17342560] = {['id']=17342560, ['name']="YagudoChanter", ['index']=96, ['level']=78},
    [17342562] = {['id']=17342562, ['name']="AdamanQuadav", ['index']=98, ['level']=78},
    [17342563] = {['id']=17342563, ['name']="IronQuadav", ['index']=99, ['level']=77},
    [17342565] = {['id']=17342565, ['name']="VajraQuadav", ['index']=101, ['level']=79},
    [17342566] = {['id']=17342566, ['name']="YagudoSentinel", ['index']=102, ['level']=78},
    [17342567] = {['id']=17342567, ['name']="YagudoKnightT", ['index']=103, ['level']=78},
    [17342568] = {['id']=17342568, ['name']="YagudoChanter", ['index']=104, ['level']=79},
    [17342581] = {['id']=17342581, ['name']="IronQuadav", ['index']=117, ['level']=77},
    [17342585] = {['id']=17342585, ['name']="YagudoEradicat", ['index']=121, ['level']=79},
    [17342586] = {['id']=17342586, ['name']="YagudoChanter", ['index']=122, ['level']=77},
    [17342587] = {['id']=17342587, ['name']="YagudoHighPri", ['index']=123, ['level']=77},
    [17342591] = {['id']=17342591, ['name']="AncientQuadav", ['index']=127, ['level']=78},
    [17342592] = {['id']=17342592, ['name']="IronQuadav", ['index']=128, ['level']=78},
    [17342593] = {['id']=17342593, ['name']="MagnesQuadav", ['index']=129, ['level']=79},
    [17342594] = {['id']=17342594, ['name']="StarRubyQuada", ['index']=130, ['level']=78},
    [17342595] = {['id']=17342595, ['name']="YagudoSentinel", ['index']=131, ['level']=78},
    [17342596] = {['id']=17342596, ['name']="YagudoEradicat", ['index']=132, ['level']=77},
    [17342597] = {['id']=17342597, ['name']="YagudoHighPri", ['index']=133, ['level']=77},
    [17342598] = {['id']=17342598, ['name']="YagudoPrelate", ['index']=134, ['level']=78},
    [17342603] = {['id']=17342603, ['name']="Ogler", ['index']=139, ['level']=82},
    [17342604] = {['id']=17342604, ['name']="Ogler", ['index']=140, ['level']=81},
    [17342605] = {['id']=17342605, ['name']="Ogler", ['index']=141, ['level']=81},
    [17342606] = {['id']=17342606, ['name']="DemonMagus", ['index']=142, ['level']=80},
    [17342607] = {['id']=17342607, ['name']="DemonBefouler", ['index']=143, ['level']=80},
    [17342608] = {['id']=17342608, ['name']="ShadowguardDem", ['index']=144, ['level']=80},
    [17342609] = {['id']=17342609, ['name']="DemonMagus", ['index']=145, ['level']=80},
    [17342610] = {['id']=17342610, ['name']="DemonJusticiar", ['index']=146, ['level']=80},
    [17342611] = {['id']=17342611, ['name']="Demon\'sElement", ['index']=147, ['level']=77},
    [17342612] = {['id']=17342612, ['name']="ShadowguardDem", ['index']=148, ['level']=80},
    [17342613] = {['id']=17342613, ['name']="Ogler", ['index']=149, ['level']=82},
    [17342614] = {['id']=17342614, ['name']="Ogler", ['index']=150, ['level']=81},
    [17342615] = {['id']=17342615, ['name']="Ogler", ['index']=151, ['level']=81},
    [17342616] = {['id']=17342616, ['name']="Ogler", ['index']=152, ['level']=81},
    [17342617] = {['id']=17342617, ['name']="DemonWarrior", ['index']=153, ['level']=80},
    [17342619] = {['id']=17342619, ['name']="DemonMagus", ['index']=155, ['level']=80},
    [17342622] = {['id']=17342622, ['name']="DeathwreakerDe", ['index']=158, ['level']=85},
    [17342623] = {['id']=17342623, ['name']="DemonCorrupter", ['index']=159, ['level']=83},
    [17342624] = {['id']=17342624, ['name']="DemonEntomber", ['index']=160, ['level']=83},
    [17342625] = {['id']=17342625, ['name']="DemonCondemner", ['index']=161, ['level']=83},
    [17342626] = {['id']=17342626, ['name']="Demon\'sElement", ['index']=162, ['level']=75},
    [17342627] = {['id']=17342627, ['name']="SoulsearerDemo", ['index']=163, ['level']=85},
    [17342628] = {['id']=17342628, ['name']="DemonSuppresso", ['index']=164, ['level']=83},
    [17342629] = {['id']=17342629, ['name']="DemonCorrupter", ['index']=165, ['level']=83},
    [17342630] = {['id']=17342630, ['name']="DemonCondemner", ['index']=166, ['level']=82},
    [17342631] = {['id']=17342631, ['name']="Demon\'sElement", ['index']=167, ['level']=76},
    [17342632] = {['id']=17342632, ['name']="WoebringerDemo", ['index']=168, ['level']=85},
    [17342633] = {['id']=17342633, ['name']="DemonSuppresso", ['index']=169, ['level']=83},
    [17342634] = {['id']=17342634, ['name']="DemonEntomber", ['index']=170, ['level']=82},
    [17342635] = {['id']=17342635, ['name']="DemonCondemner", ['index']=171, ['level']=82},
    [17342636] = {['id']=17342636, ['name']="Demon\'sElement", ['index']=172, ['level']=75},
    [17342639] = {['id']=17342639, ['name']="DemonSuppresso", ['index']=175, ['level']=82},
    [17342640] = {['id']=17342640, ['name']="DemonCorrupter", ['index']=176, ['level']=82},
    [17342641] = {['id']=17342641, ['name']="DemonEntomber", ['index']=177, ['level']=83},
    [17342642] = {['id']=17342642, ['name']="DeathwreakerDe", ['index']=178, ['level']=87},
    [17342643] = {['id']=17342643, ['name']="SoulsearerDemo", ['index']=179, ['level']=88},
    [17342647] = {['id']=17342647, ['name']="ForedoomerDemo", ['index']=183, ['level']=88},
    [17342648] = {['id']=17342648, ['name']="Demon\'sElement", ['index']=184, ['level']=83},
    [17342672] = {['id']=17342672, ['name']="DoomLens", ['index']=208, ['level']=85},
    [17342673] = {['id']=17342673, ['name']="DoomLens", ['index']=209, ['level']=85},
    [17342676] = {['id']=17342676, ['name']="DoomLens", ['index']=212, ['level']=84},
    [17342677] = {['id']=17342677, ['name']="DoomLens", ['index']=213, ['level']=85},
    [17342679] = {['id']=17342679, ['name']="DoomLens", ['index']=215, ['level']=84},
    [17342680] = {['id']=17342680, ['name']="DeathwreakerDe", ['index']=216, ['level']=85},
    [17342681] = {['id']=17342681, ['name']="DemonEntomber", ['index']=217, ['level']=83},
    [17342682] = {['id']=17342682, ['name']="DemonCondemner", ['index']=218, ['level']=83},
    [17342683] = {['id']=17342683, ['name']="Demon\'sElement", ['index']=219, ['level']=78},
    [17342684] = {['id']=17342684, ['name']="SoulsearerDemo", ['index']=220, ['level']=85},
    [17342685] = {['id']=17342685, ['name']="DemonSuppresso", ['index']=221, ['level']=82},
    [17342686] = {['id']=17342686, ['name']="DemonCorrupter", ['index']=222, ['level']=83},
    [17342687] = {['id']=17342687, ['name']="WoebringerDemo", ['index']=223, ['level']=85},
    [17342688] = {['id']=17342688, ['name']="DemonEntomber", ['index']=224, ['level']=83},
    [17342689] = {['id']=17342689, ['name']="DemonCondemner", ['index']=225, ['level']=82},
    [17342690] = {['id']=17342690, ['name']="Demon\'sElement", ['index']=226, ['level']=76},
    [17342691] = {['id']=17342691, ['name']="ForedoomerDemo", ['index']=227, ['level']=85},
    [17342692] = {['id']=17342692, ['name']="Demon\'sElement", ['index']=228, ['level']=80},
    [17342693] = {['id']=17342693, ['name']="DemonSuppresso", ['index']=229, ['level']=82},
    [17342694] = {['id']=17342694, ['name']="DemonCorrupter", ['index']=230, ['level']=83},
    [17342695] = {['id']=17342695, ['name']="DoomLens", ['index']=231, ['level']=85},
    [17342696] = {['id']=17342696, ['name']="DoomLens", ['index']=232, ['level']=84},
    [17342697] = {['id']=17342697, ['name']="DoomLens", ['index']=233, ['level']=84},
    [17342698] = {['id']=17342698, ['name']="DoomLens", ['index']=234, ['level']=85},
    [17342699] = {['id']=17342699, ['name']="DoomLens", ['index']=235, ['level']=85},
    [17342700] = {['id']=17342700, ['name']="DoomLens", ['index']=236, ['level']=84},
    [17342701] = {['id']=17342701, ['name']="DoomLens", ['index']=237, ['level']=84},
    [17342702] = {['id']=17342702, ['name']="DoomLens", ['index']=238, ['level']=85},
    [17342703] = {['id']=17342703, ['name']="DoomLens", ['index']=239, ['level']=85},
    [17342704] = {['id']=17342704, ['name']="DoomLens", ['index']=240, ['level']=85},
    [17342705] = {['id']=17342705, ['name']="DoomLens", ['index']=241, ['level']=84},
    [17342706] = {['id']=17342706, ['name']="DoomLens", ['index']=242, ['level']=85},
    [17342637] = {['id']=17342637, ['name']="ForedoomerDemo", ['index']=173, ['level']=85},
    [17342638] = {['id']=17342638, ['name']="Demon\'sElement", ['index']=174, ['level']=80},
    [17342664] = {['id']=17342664, ['name']="ForedoomerDemo", ['index']=200, ['level']=88},
    [17342665] = {['id']=17342665, ['name']="Demon\'sElement", ['index']=201, ['level']=83},
    [17342666] = {['id']=17342666, ['name']="DeathwreakerDe", ['index']=202, ['level']=87},
    [17342674] = {['id']=17342674, ['name']="DoomLens", ['index']=210, ['level']=85},
    [17342675] = {['id']=17342675, ['name']="DoomLens", ['index']=211, ['level']=85},
    [17342678] = {['id']=17342678, ['name']="DoomLens", ['index']=214, ['level']=84},
    [17342707] = {['id']=17342707, ['name']="DoomLens", ['index']=243, ['level']=84},
    [17342708] = {['id']=17342708, ['name']="DoomLens", ['index']=244, ['level']=84},
    [17342653] = {['id']=17342653, ['name']="SoulsearerDemo", ['index']=189, ['level']=88},
    [17342618] = {['id']=17342618, ['name']="DemonBefouler", ['index']=154, ['level']=80},
    [17342649] = {['id']=17342649, ['name']="SoulsearerDemo", ['index']=185, ['level']=87},
    [17342651] = {['id']=17342651, ['name']="ForedoomerDemo", ['index']=187, ['level']=87},
    [17342652] = {['id']=17342652, ['name']="Demon\'sElement", ['index']=188, ['level']=82},
    [17342655] = {['id']=17342655, ['name']="WoebringerDemo", ['index']=191, ['level']=88},
    [17342511] = {['id']=17342511, ['name']="OrcishAugur", ['index']=47, ['level']=79},
    [17342513] = {['id']=17342513, ['name']="OrcishProtecto", ['index']=49, ['level']=79},
    [17342510] = {['id']=17342510, ['name']="OrcishBowshoot", ['index']=46, ['level']=77},
    [17342536] = {['id']=17342536, ['name']="OrcishChampion", ['index']=72, ['level']=79},
    [17342512] = {['id']=17342512, ['name']="OrcishChampion", ['index']=48, ['level']=79},
    [17342534] = {['id']=17342534, ['name']="OrcishBowshoot", ['index']=70, ['level']=77},
    [17342520] = {['id']=17342520, ['name']="OrcishChampion", ['index']=56, ['level']=79},
    [17342569] = {['id']=17342569, ['name']="YagudoPrelate", ['index']=105, ['level']=79},
    [17342572] = {['id']=17342572, ['name']="AdamanQuadav", ['index']=108, ['level']=79},
    [17342575] = {['id']=17342575, ['name']="YagudoEradicat", ['index']=111, ['level']=79},
    [17342576] = {['id']=17342576, ['name']="YagudoChanter", ['index']=112, ['level']=79},
    [17342578] = {['id']=17342578, ['name']="Ogler", ['index']=114, ['level']=81},
    [17342579] = {['id']=17342579, ['name']="Ogler", ['index']=115, ['level']=82},
    [17342584] = {['id']=17342584, ['name']="YagudoSentinel", ['index']=120, ['level']=79},
    [17342588] = {['id']=17342588, ['name']="DemonWarrior", ['index']=124, ['level']=80},
    [17342589] = {['id']=17342589, ['name']="DemonWarrior", ['index']=125, ['level']=81},
    [17342590] = {['id']=17342590, ['name']="DemonMagus", ['index']=126, ['level']=81},
    [17342599] = {['id']=17342599, ['name']="DemonWarrior", ['index']=135, ['level']=81},
    [17342600] = {['id']=17342600, ['name']="DemonJusticiar", ['index']=136, ['level']=80},
    [17342601] = {['id']=17342601, ['name']="Demon\'sElement", ['index']=137, ['level']=75},
    [17342602] = {['id']=17342602, ['name']="DemonMagus", ['index']=138, ['level']=81},
    [17342564] = {['id']=17342564, ['name']="GoldQuadav", ['index']=100, ['level']=77},
    [17342571] = {['id']=17342571, ['name']="IronQuadav", ['index']=107, ['level']=79},
    [17342580] = {['id']=17342580, ['name']="AncientQuadav", ['index']=116, ['level']=78},
    [17342583] = {['id']=17342583, ['name']="StarRubyQuada", ['index']=119, ['level']=78},
    [17342582] = {['id']=17342582, ['name']="MagnesQuadav", ['index']=118, ['level']=77},
    [17342658] = {['id']=17342658, ['name']="ForedoomerDemo", ['index']=194, ['level']=87},
    [17342659] = {['id']=17342659, ['name']="Demon\'sElement", ['index']=195, ['level']=83},
    [17342656] = {['id']=17342656, ['name']="WoebringerDemo", ['index']=192, ['level']=87},
    [17342660] = {['id']=17342660, ['name']="WoebringerDemo", ['index']=196, ['level']=88},
    [17342661] = {['id']=17342661, ['name']="SoulsearerDemo", ['index']=197, ['level']=88},
