    [17731592] = {['id']=17731592, ['name']="Rahal", ['index']=8, ['level']=0},
    [17731596] = {['id']=17731596, ['name']="Curilla", ['index']=12, ['level']=0},
    [17731594] = {['id']=17731594, ['name']="Milchupain", ['index']=10, ['level']=0},
    [17731595] = {['id']=17731595, ['name']="Aramaviont", ['index']=11, ['level']=0},
    [17731601] = {['id']=17731601, ['name']="Faurie", ['index']=17, ['level']=0},
    [17731602] = {['id']=17731602, ['name']="Ferdechiond", ['index']=18, ['level']=0},
    [17731603] = {['id']=17731603, ['name']="Chaphoire", ['index']=19, ['level']=0},
    [17731604] = {['id']=17731604, ['name']="Arsha", ['index']=20, ['level']=0},
    [17731591] = {['id']=17731591, ['name']="Halver", ['index']=7, ['level']=0},
    [17731606] = {['id']=17731606, ['name']="Aladoverre", ['index']=22, ['level']=0},
    [17731605] = {['id']=17731605, ['name']="Chupaile", ['index']=21, ['level']=0},
    [17731668] = {['id']=17731668, ['name']="Chaloutte", ['index']=84, ['level']=0},
    [17731673] = {['id']=17731673, ['name']="Rembard", ['index']=89, ['level']=0},
    [17731610] = {['id']=17731610, ['name']="Doumina", ['index']=26, ['level']=0},
    [17731612] = {['id']=17731612, ['name']="Nachou", ['index']=28, ['level']=0},
    [17731608] = {['id']=17731608, ['name']="Atoranne", ['index']=24, ['level']=0},
    [17731609] = {['id']=17731609, ['name']="Cotelle", ['index']=25, ['level']=0},
    [17731600] = {['id']=17731600, ['name']="Mistaravant", ['index']=16, ['level']=0},
    [17731611] = {['id']=17731611, ['name']="Perfaumand", ['index']=27, ['level']=0},
    [17731587] = {['id']=17731587, ['name']="Trion", ['index']=3, ['level']=0},
    [17731607] = {['id']=17731607, ['name']="Michilca", ['index']=23, ['level']=0},
    [17731598] = {['id']=17731598, ['name']="Chalvatot", ['index']=14, ['level']=0},
