    [17064038] = {['id']=17064038, ['name']="Curtis", ['index']=102, ['level']=0},
    [17064039] = {['id']=17064039, ['name']="Manfred", ['index']=103, ['level']=0},
    [17064040] = {['id']=17064040, ['name']="Gustavo", ['index']=104, ['level']=0},
    [17064041] = {['id']=17064041, ['name']="Russel", ['index']=105, ['level']=0},
    [17064047] = {['id']=17064047, ['name']="Foulneporde", ['index']=111, ['level']=0},
    [17064049] = {['id']=17064049, ['name']="Saffaullette", ['index']=113, ['level']=0},
    [17064056] = {['id']=17064056, ['name']="Luca", ['index']=120, ['level']=0},
    [17064057] = {['id']=17064057, ['name']="Khatri", ['index']=121, ['level']=0},
    [17064075] = {['id']=17064075, ['name']="Pretervout", ['index']=139, ['level']=0},
    [17064076] = {['id']=17064076, ['name']="SudhaRhilimany", ['index']=140, ['level']=0},
    [17064077] = {['id']=17064077, ['name']="Gozben", ['index']=141, ['level']=0},
    [17064078] = {['id']=17064078, ['name']="Linus", ['index']=142, ['level']=0},
    [17064079] = {['id']=17064079, ['name']="Olega", ['index']=143, ['level']=0},
    [17064080] = {['id']=17064080, ['name']="Lengussant", ['index']=144, ['level']=0},
    [17064081] = {['id']=17064081, ['name']="Cordaurie", ['index']=145, ['level']=0},
    [17064095] = {['id']=17064095, ['name']="Reinwald", ['index']=159, ['level']=0},
    [17064097] = {['id']=17064097, ['name']="Chocobo", ['index']=161, ['level']=0},
    [17064098] = {['id']=17064098, ['name']="Chocobo", ['index']=162, ['level']=0},
    [17064099] = {['id']=17064099, ['name']="Chocobo", ['index']=163, ['level']=0},
    [17064100] = {['id']=17064100, ['name']="Chocobo", ['index']=164, ['level']=0},
    [17064105] = {['id']=17064105, ['name']="Joilevin", ['index']=169, ['level']=0},
    [17064107] = {['id']=17064107, ['name']="Chaquoillons", ['index']=171, ['level']=0},
    [17064108] = {['id']=17064108, ['name']="Faboise", ['index']=172, ['level']=0},
    [17064111] = {['id']=17064111, ['name']="Mediverchanne", ['index']=175, ['level']=0},
    [17064132] = {['id']=17064132, ['name']="DealerMoogle", ['index']=196, ['level']=0},
    [17064138] = {['id']=17064138, ['name']="Michaela", ['index']=202, ['level']=0},
    [17064142] = {['id']=17064142, ['name']="SynergyEnginee", ['index']=206, ['level']=0},
    [17064074] = {['id']=17064074, ['name']="Giancario", ['index']=138, ['level']=0},
    [17064148] = {['id']=17064148, ['name']="GreeterMoogle", ['index']=212, ['level']=0},
    [17064140] = {['id']=17064140, ['name']="Cyril", ['index']=204, ['level']=0},
    [17064139] = {['id']=17064139, ['name']="Adrian", ['index']=203, ['level']=0},
    [17064141] = {['id']=17064141, ['name']="SynergyEnginee", ['index']=205, ['level']=0},
    [17064147] = {['id']=17064147, ['name']="SynergyEnthusi", ['index']=211, ['level']=0},
    [17064070] = {['id']=17064070, ['name']="Laujaquetemps", ['index']=134, ['level']=0},
    [17064106] = {['id']=17064106, ['name']="Pollante", ['index']=170, ['level']=0},
    [17064110] = {['id']=17064110, ['name']="Amaduralle", ['index']=174, ['level']=0},
    [17064109] = {['id']=17064109, ['name']="Cyphaireau", ['index']=173, ['level']=0},
    [17064086] = {['id']=17064086, ['name']="Gadimo", ['index']=150, ['level']=0},
    [17064071] = {['id']=17064071, ['name']="Cadwyn", ['index']=135, ['level']=0},
    [17064072] = {['id']=17064072, ['name']="FhahtBeablrucc", ['index']=136, ['level']=0},
    [17064073] = {['id']=17064073, ['name']="Failene", ['index']=137, ['level']=0},
    [17064087] = {['id']=17064087, ['name']="Piana", ['index']=151, ['level']=0},
    [17064046] = {['id']=17064046, ['name']="Ilsoire", ['index']=110, ['level']=0},
    [17064085] = {['id']=17064085, ['name']="Gerlbotz", ['index']=149, ['level']=0},
    [17064088] = {['id']=17064088, ['name']="Guillaulmilian", ['index']=152, ['level']=0},
    [17064084] = {['id']=17064084, ['name']="RhapTalashpehn", ['index']=148, ['level']=0},
    [17064048] = {['id']=17064048, ['name']="Mulaitrand", ['index']=112, ['level']=0},
    [17064089] = {['id']=17064089, ['name']="Daipanne", ['index']=153, ['level']=0},
    [17064050] = {['id']=17064050, ['name']="Boirie", ['index']=114, ['level']=0},
    [17064083] = {['id']=17064083, ['name']="Maleroune", ['index']=147, ['level']=0},
    [17064082] = {['id']=17064082, ['name']="Roman", ['index']=146, ['level']=0},
    [17063945] = {['id']=17063945, ['name']="Rungaga", ['index']=9, ['level']=0},
    [17063946] = {['id']=17063946, ['name']="Chualulu", ['index']=10, ['level']=0},
    [17064064] = {['id']=17064064, ['name']="Timothy", ['index']=128, ['level']=0},
    [17064069] = {['id']=17064069, ['name']="Raquel", ['index']=133, ['level']=0},
    [17064116] = {['id']=17064116, ['name']="", ['index']=180, ['level']=0},
    [17064104] = {['id']=17064104, ['name']="Chocobo", ['index']=168, ['level']=0},
    [17064045] = {['id']=17064045, ['name']="Mercedes", ['index']=109, ['level']=0},
    [17064044] = {['id']=17064044, ['name']="Channon", ['index']=108, ['level']=0},
    [17064103] = {['id']=17064103, ['name']="Chocobo", ['index']=167, ['level']=0},
    [17064112] = {['id']=17064112, ['name']="Vaihilique", ['index']=176, ['level']=0},
    [17064096] = {['id']=17064096, ['name']="Palson", ['index']=160, ['level']=0},
    [17064043] = {['id']=17064043, ['name']="Fina", ['index']=107, ['level']=0},
    [17064102] = {['id']=17064102, ['name']="Chocobo", ['index']=166, ['level']=0},
    [17064101] = {['id']=17064101, ['name']="Chocobo", ['index']=165, ['level']=0},
    [17064042] = {['id']=17064042, ['name']="Delaulne", ['index']=106, ['level']=0},
