    [17584136] = {['id']=17584136, ['name']="WorkerCrawler", ['index']=8, ['level']=42},
    [17584137] = {['id']=17584137, ['name']="WorkerCrawler", ['index']=9, ['level']=41},
    [17584138] = {['id']=17584138, ['name']="WorkerCrawler", ['index']=10, ['level']=42},
    [17584496] = {['id']=17584496, ['name']="GroundsTome", ['index']=368, ['level']=0},
    [17584513] = {['id']=17584513, ['name']="SurvivalGuide", ['index']=385, ['level']=0},
    [17584139] = {['id']=17584139, ['name']="DeathJacket", ['index']=11, ['level']=42},
    [17584142] = {['id']=17584142, ['name']="DeathJacket", ['index']=14, ['level']=40},
    [17584141] = {['id']=17584141, ['name']="DeathJacket", ['index']=13, ['level']=42},
    [17584140] = {['id']=17584140, ['name']="DeathJacket", ['index']=12, ['level']=42},
    [17584151] = {['id']=17584151, ['name']="WorkerCrawler", ['index']=23, ['level']=41},
    [17584153] = {['id']=17584153, ['name']="WorkerCrawler", ['index']=25, ['level']=40},
    [17584152] = {['id']=17584152, ['name']="WorkerCrawler", ['index']=24, ['level']=42},
    [17584148] = {['id']=17584148, ['name']="DeathJacket", ['index']=20, ['level']=42},
    [17584150] = {['id']=17584150, ['name']="DeathJacket", ['index']=22, ['level']=40},
    [17584145] = {['id']=17584145, ['name']="DeathJacket", ['index']=17, ['level']=42},
    [17584146] = {['id']=17584146, ['name']="DeathJacket", ['index']=18, ['level']=42},
    [17584143] = {['id']=17584143, ['name']="DeathJacket", ['index']=15, ['level']=41},
    [17584144] = {['id']=17584144, ['name']="DeathJacket", ['index']=16, ['level']=42},
    [17584154] = {['id']=17584154, ['name']="MazeLizard", ['index']=26, ['level']=42},
    [17584159] = {['id']=17584159, ['name']="MazeLizard", ['index']=31, ['level']=43},
    [17584157] = {['id']=17584157, ['name']="MazeLizard", ['index']=29, ['level']=42},
    [17584155] = {['id']=17584155, ['name']="MazeLizard", ['index']=27, ['level']=42},
    [17584156] = {['id']=17584156, ['name']="MazeLizard", ['index']=28, ['level']=43},
    [17584158] = {['id']=17584158, ['name']="MazeLizard", ['index']=30, ['level']=43},
    [17584147] = {['id']=17584147, ['name']="DeathJacket", ['index']=19, ['level']=41},
    [17584168] = {['id']=17584168, ['name']="WorkerCrawler", ['index']=40, ['level']=43},
    [17584169] = {['id']=17584169, ['name']="WorkerCrawler", ['index']=41, ['level']=42},
    [17584201] = {['id']=17584201, ['name']="Hornfly", ['index']=73, ['level']=51},
    [17584200] = {['id']=17584200, ['name']="Hornfly", ['index']=72, ['level']=53},
    [17584177] = {['id']=17584177, ['name']="WorkerCrawler", ['index']=49, ['level']=44},
    [17584176] = {['id']=17584176, ['name']="WorkerCrawler", ['index']=48, ['level']=42},
    [17584175] = {['id']=17584175, ['name']="WorkerCrawler", ['index']=47, ['level']=43},
    [17584199] = {['id']=17584199, ['name']="Hornfly", ['index']=71, ['level']=51},
    [17584160] = {['id']=17584160, ['name']="WorkerCrawler", ['index']=32, ['level']=43},
    [17584161] = {['id']=17584161, ['name']="WorkerCrawler", ['index']=33, ['level']=42},
    [17584174] = {['id']=17584174, ['name']="WorkerCrawler", ['index']=46, ['level']=44},
    [17584183] = {['id']=17584183, ['name']="Caveberry", ['index']=55, ['level']=42},
    [17584326] = {['id']=17584326, ['name']="WorkerCrawler", ['index']=198, ['level']=43},
    [17584182] = {['id']=17584182, ['name']="Caveberry", ['index']=54, ['level']=44},
    [17584186] = {['id']=17584186, ['name']="Caveberry", ['index']=58, ['level']=44},
    [17584187] = {['id']=17584187, ['name']="Caveberry", ['index']=59, ['level']=44},
    [17584180] = {['id']=17584180, ['name']="Caveberry", ['index']=52, ['level']=42},
    [17584178] = {['id']=17584178, ['name']="Caveberry", ['index']=50, ['level']=44},
    [17584184] = {['id']=17584184, ['name']="Caveberry", ['index']=56, ['level']=42},
    [17584185] = {['id']=17584185, ['name']="Caveberry", ['index']=57, ['level']=42},
    [17584179] = {['id']=17584179, ['name']="Caveberry", ['index']=51, ['level']=42},
    [17584324] = {['id']=17584324, ['name']="WorkerCrawler", ['index']=196, ['level']=43},
    [17584325] = {['id']=17584325, ['name']="WorkerCrawler", ['index']=197, ['level']=42},
    [17584170] = {['id']=17584170, ['name']="DoomScorpion", ['index']=42, ['level']=45},
    [17584327] = {['id']=17584327, ['name']="WorkerCrawler", ['index']=199, ['level']=42},
    [17584328] = {['id']=17584328, ['name']="WorkerCrawler", ['index']=200, ['level']=44},
    [17584329] = {['id']=17584329, ['name']="WorkerCrawler", ['index']=201, ['level']=44},
    [17584330] = {['id']=17584330, ['name']="WorkerCrawler", ['index']=202, ['level']=43},
    [17584331] = {['id']=17584331, ['name']="Puroboros", ['index']=203, ['level']=45},
    [17584332] = {['id']=17584332, ['name']="Puroboros", ['index']=204, ['level']=45},
    [17584333] = {['id']=17584333, ['name']="DoomScorpion", ['index']=205, ['level']=45},
    [17584172] = {['id']=17584172, ['name']="DoomScorpion", ['index']=44, ['level']=46},
    [17584204] = {['id']=17584204, ['name']="Exoray", ['index']=76, ['level']=53},
    [17584202] = {['id']=17584202, ['name']="Hornfly", ['index']=74, ['level']=53},
    [17584203] = {['id']=17584203, ['name']="Hornfly", ['index']=75, ['level']=53},
    [17584206] = {['id']=17584206, ['name']="Hornfly", ['index']=78, ['level']=52},
    [17584205] = {['id']=17584205, ['name']="Hornfly", ['index']=77, ['level']=51},
    [17584208] = {['id']=17584208, ['name']="Hornfly", ['index']=80, ['level']=52},
    [17584207] = {['id']=17584207, ['name']="Exoray", ['index']=79, ['level']=53},
    [17584217] = {['id']=17584217, ['name']="KingCrawler", ['index']=89, ['level']=92},
    [17584218] = {['id']=17584218, ['name']="KingCrawler", ['index']=90, ['level']=92},
    [17584219] = {['id']=17584219, ['name']="Vespo", ['index']=91, ['level']=93},
    [17584223] = {['id']=17584223, ['name']="DancingJewel", ['index']=95, ['level']=96},
    [17584221] = {['id']=17584221, ['name']="DancingJewel", ['index']=93, ['level']=96},
    [17584222] = {['id']=17584222, ['name']="DancingJewel", ['index']=94, ['level']=94},
    [17584213] = {['id']=17584213, ['name']="Exoray", ['index']=85, ['level']=52},
    [17584220] = {['id']=17584220, ['name']="Vespo", ['index']=92, ['level']=92},
    [17584215] = {['id']=17584215, ['name']="KingCrawler", ['index']=87, ['level']=93},
    [17584214] = {['id']=17584214, ['name']="KingCrawler", ['index']=86, ['level']=92},
    [17584216] = {['id']=17584216, ['name']="KingCrawler", ['index']=88, ['level']=92},
    [17584260] = {['id']=17584260, ['name']="DancingJewel", ['index']=132, ['level']=95},
    [17584263] = {['id']=17584263, ['name']="OlidFunguar", ['index']=135, ['level']=94},
    [17584231] = {['id']=17584231, ['name']="Vespo", ['index']=103, ['level']=93},
    [17584227] = {['id']=17584227, ['name']="KingCrawler", ['index']=99, ['level']=93},
    [17584261] = {['id']=17584261, ['name']="DancingJewel", ['index']=133, ['level']=96},
    [17584259] = {['id']=17584259, ['name']="DancingJewel", ['index']=131, ['level']=95},
    [17584257] = {['id']=17584257, ['name']="DancingJewel", ['index']=129, ['level']=96},
    [17584254] = {['id']=17584254, ['name']="KingCrawler", ['index']=126, ['level']=91},
    [17584256] = {['id']=17584256, ['name']="KingCrawler", ['index']=128, ['level']=92},
    [17584255] = {['id']=17584255, ['name']="KingCrawler", ['index']=127, ['level']=92},
    [17584262] = {['id']=17584262, ['name']="OlidFunguar", ['index']=134, ['level']=93},
    [17584258] = {['id']=17584258, ['name']="DancingJewel", ['index']=130, ['level']=96},
    [17584266] = {['id']=17584266, ['name']="DancingJewel", ['index']=138, ['level']=96},
    [17584265] = {['id']=17584265, ['name']="KingCrawler", ['index']=137, ['level']=92},
    [17584267] = {['id']=17584267, ['name']="DancingJewel", ['index']=139, ['level']=95},
    [17584268] = {['id']=17584268, ['name']="DancingJewel", ['index']=140, ['level']=94},
    [17584271] = {['id']=17584271, ['name']="OlidFunguar", ['index']=143, ['level']=93},
    [17584270] = {['id']=17584270, ['name']="DancingJewel", ['index']=142, ['level']=95},
    [17584264] = {['id']=17584264, ['name']="KingCrawler", ['index']=136, ['level']=91},
    [17584269] = {['id']=17584269, ['name']="DancingJewel", ['index']=141, ['level']=94},
    [17584273] = {['id']=17584273, ['name']="OlidFunguar", ['index']=145, ['level']=94},
    [17584272] = {['id']=17584272, ['name']="OlidFunguar", ['index']=144, ['level']=95},
    [17584286] = {['id']=17584286, ['name']="DancingJewel", ['index']=158, ['level']=96},
    [17584287] = {['id']=17584287, ['name']="DancingJewel", ['index']=159, ['level']=94},
    [17584288] = {['id']=17584288, ['name']="DancingJewel", ['index']=160, ['level']=94},
    [17584209] = {['id']=17584209, ['name']="Exoray", ['index']=81, ['level']=53},
    [17584292] = {['id']=17584292, ['name']="OlidFunguar", ['index']=164, ['level']=94},
    [17584289] = {['id']=17584289, ['name']="OlidFunguar", ['index']=161, ['level']=95},
    [17584290] = {['id']=17584290, ['name']="OlidFunguar", ['index']=162, ['level']=95},
    [17584293] = {['id']=17584293, ['name']="OlidFunguar", ['index']=165, ['level']=94},
    [17584284] = {['id']=17584284, ['name']="Vespo", ['index']=156, ['level']=93},
    [17584291] = {['id']=17584291, ['name']="OlidFunguar", ['index']=163, ['level']=95},
    [17584285] = {['id']=17584285, ['name']="Vespo", ['index']=157, ['level']=92},
    [17584277] = {['id']=17584277, ['name']="DancingJewel", ['index']=149, ['level']=96},
    [17584281] = {['id']=17584281, ['name']="OlidFunguar", ['index']=153, ['level']=95},
    [17584299] = {['id']=17584299, ['name']="BlazerBeetle", ['index']=171, ['level']=52},
    [17584300] = {['id']=17584300, ['name']="BlazerBeetle", ['index']=172, ['level']=54},
    [17584298] = {['id']=17584298, ['name']="BlazerBeetle", ['index']=170, ['level']=52},
    [17584304] = {['id']=17584304, ['name']="BlazerBeetle", ['index']=176, ['level']=54},
    [17584303] = {['id']=17584303, ['name']="BlazerBeetle", ['index']=175, ['level']=54},
    [17584310] = {['id']=17584310, ['name']="BlazerBeetle", ['index']=182, ['level']=54},
    [17584311] = {['id']=17584311, ['name']="BlazerBeetle", ['index']=183, ['level']=52},
    [17584307] = {['id']=17584307, ['name']="BlazerBeetle", ['index']=179, ['level']=53},
    [17584308] = {['id']=17584308, ['name']="BlazerBeetle", ['index']=180, ['level']=54},
    [17584309] = {['id']=17584309, ['name']="BlazerBeetle", ['index']=181, ['level']=54},
    [17584312] = {['id']=17584312, ['name']="DynastBeetle", ['index']=184, ['level']=56},
    [17584316] = {['id']=17584316, ['name']="HelmBeetle", ['index']=188, ['level']=62},
    [17584315] = {['id']=17584315, ['name']="HelmBeetle", ['index']=187, ['level']=60},
    [17584317] = {['id']=17584317, ['name']="HelmBeetle", ['index']=189, ['level']=62},
    [17584318] = {['id']=17584318, ['name']="HelmBeetle", ['index']=190, ['level']=59},
    [17584320] = {['id']=17584320, ['name']="HelmBeetle", ['index']=192, ['level']=60},
    [17584319] = {['id']=17584319, ['name']="HelmBeetle", ['index']=191, ['level']=59},
    [17584321] = {['id']=17584321, ['name']="KnightCrawler", ['index']=193, ['level']=61},
    [17584323] = {['id']=17584323, ['name']="KnightCrawler", ['index']=195, ['level']=62},
    [17584322] = {['id']=17584322, ['name']="KnightCrawler", ['index']=194, ['level']=61},
    [17584280] = {['id']=17584280, ['name']="OlidFunguar", ['index']=152, ['level']=94},
    [17584275] = {['id']=17584275, ['name']="Vespo", ['index']=147, ['level']=93},
    [17584282] = {['id']=17584282, ['name']="OlidFunguar", ['index']=154, ['level']=94},
    [17584276] = {['id']=17584276, ['name']="Vespo", ['index']=148, ['level']=93},
    [17584274] = {['id']=17584274, ['name']="Vespo", ['index']=146, ['level']=93},
    [17584278] = {['id']=17584278, ['name']="DancingJewel", ['index']=150, ['level']=95},
    [17584283] = {['id']=17584283, ['name']="OlidFunguar", ['index']=155, ['level']=94},
    [17584279] = {['id']=17584279, ['name']="OlidFunguar", ['index']=151, ['level']=93},
    [17584242] = {['id']=17584242, ['name']="OlidFunguar", ['index']=114, ['level']=95},
    [17584244] = {['id']=17584244, ['name']="KingCrawler", ['index']=116, ['level']=92},
    [17584245] = {['id']=17584245, ['name']="KingCrawler", ['index']=117, ['level']=93},
    [17584251] = {['id']=17584251, ['name']="OlidFunguar", ['index']=123, ['level']=94},
    [17584249] = {['id']=17584249, ['name']="Vespo", ['index']=121, ['level']=93},
    [17584250] = {['id']=17584250, ['name']="Vespo", ['index']=122, ['level']=93},
    [17584248] = {['id']=17584248, ['name']="Vespo", ['index']=120, ['level']=92},
    [17584247] = {['id']=17584247, ['name']="Vespo", ['index']=119, ['level']=93},
    [17584253] = {['id']=17584253, ['name']="OlidFunguar", ['index']=125, ['level']=93},
    [17584246] = {['id']=17584246, ['name']="Vespo", ['index']=118, ['level']=92},
    [17584243] = {['id']=17584243, ['name']="OlidFunguar", ['index']=115, ['level']=93},
    [17584237] = {['id']=17584237, ['name']="Vespo", ['index']=109, ['level']=93},
    [17584252] = {['id']=17584252, ['name']="OlidFunguar", ['index']=124, ['level']=94},
    [17584236] = {['id']=17584236, ['name']="KingCrawler", ['index']=108, ['level']=93},
    [17584239] = {['id']=17584239, ['name']="Vespo", ['index']=111, ['level']=93},
    [17584238] = {['id']=17584238, ['name']="Vespo", ['index']=110, ['level']=93},
    [17584235] = {['id']=17584235, ['name']="KingCrawler", ['index']=107, ['level']=91},
    [17584240] = {['id']=17584240, ['name']="Vespo", ['index']=112, ['level']=93},
    [17584234] = {['id']=17584234, ['name']="KingCrawler", ['index']=106, ['level']=93},
    [17584241] = {['id']=17584241, ['name']="Vespo", ['index']=113, ['level']=93},
    [17584230] = {['id']=17584230, ['name']="Vespo", ['index']=102, ['level']=93},
    [17584233] = {['id']=17584233, ['name']="DancingJewel", ['index']=105, ['level']=96},
    [17584228] = {['id']=17584228, ['name']="KingCrawler", ['index']=100, ['level']=92},
    [17584232] = {['id']=17584232, ['name']="DancingJewel", ['index']=104, ['level']=96},
    [17584225] = {['id']=17584225, ['name']="KingCrawler", ['index']=97, ['level']=92},
    [17584224] = {['id']=17584224, ['name']="KingCrawler", ['index']=96, ['level']=91},
    [17584229] = {['id']=17584229, ['name']="Vespo", ['index']=101, ['level']=92},
    [17584226] = {['id']=17584226, ['name']="KingCrawler", ['index']=98, ['level']=92},
    [17584211] = {['id']=17584211, ['name']="Exoray", ['index']=83, ['level']=52},
    [17584212] = {['id']=17584212, ['name']="Exoray", ['index']=84, ['level']=53},
    [17584210] = {['id']=17584210, ['name']="Exoray", ['index']=82, ['level']=52},
    [17584214] = {['id']=17584214, ['name']="KingCrawler", ['index']=86, ['level']=93},
    [17584215] = {['id']=17584215, ['name']="KingCrawler", ['index']=87, ['level']=93},
    [17584217] = {['id']=17584217, ['name']="KingCrawler", ['index']=89, ['level']=92},
    [17584220] = {['id']=17584220, ['name']="Vespo", ['index']=92, ['level']=92},
    [17584221] = {['id']=17584221, ['name']="DancingJewel", ['index']=93, ['level']=95},
    [17584222] = {['id']=17584222, ['name']="DancingJewel", ['index']=94, ['level']=96},
    [17584223] = {['id']=17584223, ['name']="DancingJewel", ['index']=95, ['level']=96},
    [17584224] = {['id']=17584224, ['name']="KingCrawler", ['index']=96, ['level']=91},
    [17584225] = {['id']=17584225, ['name']="KingCrawler", ['index']=97, ['level']=93},
    [17584226] = {['id']=17584226, ['name']="KingCrawler", ['index']=98, ['level']=91},
    [17584227] = {['id']=17584227, ['name']="KingCrawler", ['index']=99, ['level']=93},
    [17584228] = {['id']=17584228, ['name']="KingCrawler", ['index']=100, ['level']=91},
    [17584229] = {['id']=17584229, ['name']="Vespo", ['index']=101, ['level']=92},
    [17584230] = {['id']=17584230, ['name']="Vespo", ['index']=102, ['level']=93},
    [17584231] = {['id']=17584231, ['name']="Vespo", ['index']=103, ['level']=93},
    [17584232] = {['id']=17584232, ['name']="DancingJewel", ['index']=104, ['level']=96},
    [17584233] = {['id']=17584233, ['name']="DancingJewel", ['index']=105, ['level']=95},
    [17584234] = {['id']=17584234, ['name']="KingCrawler", ['index']=106, ['level']=92},
    [17584236] = {['id']=17584236, ['name']="KingCrawler", ['index']=108, ['level']=91},
    [17584237] = {['id']=17584237, ['name']="Vespo", ['index']=109, ['level']=93},
    [17584238] = {['id']=17584238, ['name']="Vespo", ['index']=110, ['level']=93},
    [17584239] = {['id']=17584239, ['name']="Vespo", ['index']=111, ['level']=93},
    [17584241] = {['id']=17584241, ['name']="Vespo", ['index']=113, ['level']=93},
    [17584244] = {['id']=17584244, ['name']="KingCrawler", ['index']=116, ['level']=92},
    [17584251] = {['id']=17584251, ['name']="OlidFunguar", ['index']=123, ['level']=94},
    [17584252] = {['id']=17584252, ['name']="OlidFunguar", ['index']=124, ['level']=94},
    [17584254] = {['id']=17584254, ['name']="KingCrawler", ['index']=126, ['level']=91},
    [17584255] = {['id']=17584255, ['name']="KingCrawler", ['index']=127, ['level']=93},
    [17584256] = {['id']=17584256, ['name']="KingCrawler", ['index']=128, ['level']=92},
    [17584257] = {['id']=17584257, ['name']="DancingJewel", ['index']=129, ['level']=95},
    [17584258] = {['id']=17584258, ['name']="DancingJewel", ['index']=130, ['level']=95},
    [17584259] = {['id']=17584259, ['name']="DancingJewel", ['index']=131, ['level']=95},
    [17584260] = {['id']=17584260, ['name']="DancingJewel", ['index']=132, ['level']=94},
    [17584261] = {['id']=17584261, ['name']="DancingJewel", ['index']=133, ['level']=95},
    [17584262] = {['id']=17584262, ['name']="OlidFunguar", ['index']=134, ['level']=93},
    [17584263] = {['id']=17584263, ['name']="OlidFunguar", ['index']=135, ['level']=94},
    [17584264] = {['id']=17584264, ['name']="KingCrawler", ['index']=136, ['level']=91},
    [17584265] = {['id']=17584265, ['name']="KingCrawler", ['index']=137, ['level']=93},
    [17584266] = {['id']=17584266, ['name']="DancingJewel", ['index']=138, ['level']=96},
    [17584267] = {['id']=17584267, ['name']="DancingJewel", ['index']=139, ['level']=96},
    [17584268] = {['id']=17584268, ['name']="DancingJewel", ['index']=140, ['level']=94},
    [17584269] = {['id']=17584269, ['name']="DancingJewel", ['index']=141, ['level']=95},
    [17584270] = {['id']=17584270, ['name']="DancingJewel", ['index']=142, ['level']=95},
    [17584271] = {['id']=17584271, ['name']="OlidFunguar", ['index']=143, ['level']=93},
    [17584272] = {['id']=17584272, ['name']="OlidFunguar", ['index']=144, ['level']=93},
    [17584273] = {['id']=17584273, ['name']="OlidFunguar", ['index']=145, ['level']=94},
    [17584274] = {['id']=17584274, ['name']="Vespo", ['index']=146, ['level']=93},
    [17584275] = {['id']=17584275, ['name']="Vespo", ['index']=147, ['level']=93},
    [17584277] = {['id']=17584277, ['name']="DancingJewel", ['index']=149, ['level']=95},
    [17584280] = {['id']=17584280, ['name']="OlidFunguar", ['index']=152, ['level']=94},
    [17584281] = {['id']=17584281, ['name']="OlidFunguar", ['index']=153, ['level']=95},
    [17584284] = {['id']=17584284, ['name']="Vespo", ['index']=156, ['level']=93},
    [17584285] = {['id']=17584285, ['name']="Vespo", ['index']=157, ['level']=93},
    [17584286] = {['id']=17584286, ['name']="DancingJewel", ['index']=158, ['level']=94},
    [17584287] = {['id']=17584287, ['name']="DancingJewel", ['index']=159, ['level']=94},
    [17584288] = {['id']=17584288, ['name']="DancingJewel", ['index']=160, ['level']=95},
    [17584289] = {['id']=17584289, ['name']="OlidFunguar", ['index']=161, ['level']=93},
    [17584290] = {['id']=17584290, ['name']="OlidFunguar", ['index']=162, ['level']=93},
    [17584291] = {['id']=17584291, ['name']="OlidFunguar", ['index']=163, ['level']=93},
    [17584292] = {['id']=17584292, ['name']="OlidFunguar", ['index']=164, ['level']=93},
    [17584293] = {['id']=17584293, ['name']="OlidFunguar", ['index']=165, ['level']=94},
    [17584298] = {['id']=17584298, ['name']="BlazerBeetle", ['index']=170, ['level']=54},
    [17584299] = {['id']=17584299, ['name']="BlazerBeetle", ['index']=171, ['level']=54},
    [17584300] = {['id']=17584300, ['name']="BlazerBeetle", ['index']=172, ['level']=54},
    [17584212] = {['id']=17584212, ['name']="Exoray", ['index']=84, ['level']=52},
    [17584213] = {['id']=17584213, ['name']="Exoray", ['index']=85, ['level']=52},
    [17584216] = {['id']=17584216, ['name']="KingCrawler", ['index']=88, ['level']=91},
    [17584136] = {['id']=17584136, ['name']="WorkerCrawler", ['index']=8, ['level']=42},
    [17584137] = {['id']=17584137, ['name']="WorkerCrawler", ['index']=9, ['level']=42},
    [17584138] = {['id']=17584138, ['name']="WorkerCrawler", ['index']=10, ['level']=41},
    [17584139] = {['id']=17584139, ['name']="DeathJacket", ['index']=11, ['level']=40},
    [17584140] = {['id']=17584140, ['name']="DeathJacket", ['index']=12, ['level']=41},
    [17584141] = {['id']=17584141, ['name']="DeathJacket", ['index']=13, ['level']=42},
    [17584142] = {['id']=17584142, ['name']="DeathJacket", ['index']=14, ['level']=40},
    [17584143] = {['id']=17584143, ['name']="DeathJacket", ['index']=15, ['level']=42},
    [17584144] = {['id']=17584144, ['name']="DeathJacket", ['index']=16, ['level']=41},
    [17584145] = {['id']=17584145, ['name']="DeathJacket", ['index']=17, ['level']=42},
    [17584146] = {['id']=17584146, ['name']="DeathJacket", ['index']=18, ['level']=40},
    [17584147] = {['id']=17584147, ['name']="DeathJacket", ['index']=19, ['level']=40},
    [17584148] = {['id']=17584148, ['name']="DeathJacket", ['index']=20, ['level']=42},
    [17584149] = {['id']=17584149, ['name']="DeathJacket", ['index']=21, ['level']=40},
    [17584150] = {['id']=17584150, ['name']="DeathJacket", ['index']=22, ['level']=40},
    [17584151] = {['id']=17584151, ['name']="WorkerCrawler", ['index']=23, ['level']=40},
    [17584152] = {['id']=17584152, ['name']="WorkerCrawler", ['index']=24, ['level']=42},
    [17584153] = {['id']=17584153, ['name']="WorkerCrawler", ['index']=25, ['level']=41},
    [17584154] = {['id']=17584154, ['name']="MazeLizard", ['index']=26, ['level']=43},
    [17584155] = {['id']=17584155, ['name']="MazeLizard", ['index']=27, ['level']=42},
    [17584156] = {['id']=17584156, ['name']="MazeLizard", ['index']=28, ['level']=43},
    [17584157] = {['id']=17584157, ['name']="MazeLizard", ['index']=29, ['level']=43},
    [17584158] = {['id']=17584158, ['name']="MazeLizard", ['index']=30, ['level']=41},
    [17584159] = {['id']=17584159, ['name']="MazeLizard", ['index']=31, ['level']=41},
    [17584160] = {['id']=17584160, ['name']="WorkerCrawler", ['index']=32, ['level']=43},
    [17584161] = {['id']=17584161, ['name']="WorkerCrawler", ['index']=33, ['level']=44},
    [17584163] = {['id']=17584163, ['name']="KillerMushroom", ['index']=35, ['level']=45},
    [17584165] = {['id']=17584165, ['name']="KillerMushroom", ['index']=37, ['level']=47},
    [17584167] = {['id']=17584167, ['name']="KillerMushroom", ['index']=39, ['level']=45},
    [17584168] = {['id']=17584168, ['name']="WorkerCrawler", ['index']=40, ['level']=44},
    [17584169] = {['id']=17584169, ['name']="WorkerCrawler", ['index']=41, ['level']=42},
    [17584174] = {['id']=17584174, ['name']="WorkerCrawler", ['index']=46, ['level']=42},
    [17584175] = {['id']=17584175, ['name']="WorkerCrawler", ['index']=47, ['level']=43},
    [17584176] = {['id']=17584176, ['name']="WorkerCrawler", ['index']=48, ['level']=44},
    [17584177] = {['id']=17584177, ['name']="WorkerCrawler", ['index']=49, ['level']=44},
    [17584186] = {['id']=17584186, ['name']="Caveberry", ['index']=58, ['level']=44},
    [17584199] = {['id']=17584199, ['name']="Hornfly", ['index']=71, ['level']=52},
    [17584200] = {['id']=17584200, ['name']="Hornfly", ['index']=72, ['level']=51},
    [17584201] = {['id']=17584201, ['name']="Hornfly", ['index']=73, ['level']=53},
    [17584202] = {['id']=17584202, ['name']="Hornfly", ['index']=74, ['level']=52},
    [17584203] = {['id']=17584203, ['name']="Hornfly", ['index']=75, ['level']=53},
    [17584204] = {['id']=17584204, ['name']="Exoray", ['index']=76, ['level']=51},
    [17584205] = {['id']=17584205, ['name']="Hornfly", ['index']=77, ['level']=51},
    [17584206] = {['id']=17584206, ['name']="Hornfly", ['index']=78, ['level']=52},
    [17584324] = {['id']=17584324, ['name']="WorkerCrawler", ['index']=196, ['level']=44},
    [17584325] = {['id']=17584325, ['name']="WorkerCrawler", ['index']=197, ['level']=43},
    [17584326] = {['id']=17584326, ['name']="WorkerCrawler", ['index']=198, ['level']=44},
    [17584162] = {['id']=17584162, ['name']="KillerMushroom", ['index']=34, ['level']=46},
    [17584166] = {['id']=17584166, ['name']="KillerMushroom", ['index']=38, ['level']=45},
    [17584164] = {['id']=17584164, ['name']="KillerMushroom", ['index']=36, ['level']=45},
    [17584170] = {['id']=17584170, ['name']="DoomScorpion", ['index']=42, ['level']=46},
    [17584171] = {['id']=17584171, ['name']="DoomScorpion", ['index']=43, ['level']=46},
    [17584172] = {['id']=17584172, ['name']="DoomScorpion", ['index']=44, ['level']=45},
    [17584173] = {['id']=17584173, ['name']="DoomScorpion", ['index']=45, ['level']=47},
    [17584179] = {['id']=17584179, ['name']="Caveberry", ['index']=51, ['level']=42},
    [17584180] = {['id']=17584180, ['name']="Caveberry", ['index']=52, ['level']=42},
    [17584182] = {['id']=17584182, ['name']="Caveberry", ['index']=54, ['level']=44},
    [17584183] = {['id']=17584183, ['name']="Caveberry", ['index']=55, ['level']=42},
    [17584184] = {['id']=17584184, ['name']="Caveberry", ['index']=56, ['level']=42},
    [17584187] = {['id']=17584187, ['name']="Caveberry", ['index']=59, ['level']=44},
    [17584327] = {['id']=17584327, ['name']="WorkerCrawler", ['index']=199, ['level']=43},
    [17584328] = {['id']=17584328, ['name']="WorkerCrawler", ['index']=200, ['level']=42},
    [17584329] = {['id']=17584329, ['name']="WorkerCrawler", ['index']=201, ['level']=42},
    [17584181] = {['id']=17584181, ['name']="Caveberry", ['index']=53, ['level']=42},
    [17584178] = {['id']=17584178, ['name']="Caveberry", ['index']=50, ['level']=44},
    [17584185] = {['id']=17584185, ['name']="Caveberry", ['index']=57, ['level']=42},
    [17584188] = {['id']=17584188, ['name']="NestBeetle", ['index']=60, ['level']=46},
    [17584193] = {['id']=17584193, ['name']="NestBeetle", ['index']=65, ['level']=46},
    [17584191] = {['id']=17584191, ['name']="NestBeetle", ['index']=63, ['level']=47},
    [17584190] = {['id']=17584190, ['name']="NestBeetle", ['index']=62, ['level']=46},
    [17584189] = {['id']=17584189, ['name']="NestBeetle", ['index']=61, ['level']=46},
    [17584192] = {['id']=17584192, ['name']="NestBeetle", ['index']=64, ['level']=45},
    [17584194] = {['id']=17584194, ['name']="NestBeetle", ['index']=66, ['level']=47},
    [17584195] = {['id']=17584195, ['name']="DoomScorpion", ['index']=67, ['level']=45},
    [17584196] = {['id']=17584196, ['name']="SoldierCrawler", ['index']=68, ['level']=48},
    [17584198] = {['id']=17584198, ['name']="SoldierCrawler", ['index']=70, ['level']=47},
    [17584197] = {['id']=17584197, ['name']="SoldierCrawler", ['index']=69, ['level']=47},
    [17584333] = {['id']=17584333, ['name']="DoomScorpion", ['index']=205, ['level']=45},
    [17584334] = {['id']=17584334, ['name']="SoldierCrawler", ['index']=206, ['level']=49},
    [17584335] = {['id']=17584335, ['name']="SoldierCrawler", ['index']=207, ['level']=47},
    [17584336] = {['id']=17584336, ['name']="SoldierCrawler", ['index']=208, ['level']=47},
    [17584339] = {['id']=17584339, ['name']="SoldierCrawler", ['index']=211, ['level']=48},
    [17584340] = {['id']=17584340, ['name']="SoldierCrawler", ['index']=212, ['level']=48},
    [17584337] = {['id']=17584337, ['name']="SoldierCrawler", ['index']=209, ['level']=49},
    [17584353] = {['id']=17584353, ['name']="Exoray", ['index']=225, ['level']=51},
    [17584351] = {['id']=17584351, ['name']="WitchHazel", ['index']=223, ['level']=50},
    [17584349] = {['id']=17584349, ['name']="WitchHazel", ['index']=221, ['level']=52},
    [17584352] = {['id']=17584352, ['name']="WitchHazel", ['index']=224, ['level']=52},
    [17584347] = {['id']=17584347, ['name']="WitchHazel", ['index']=219, ['level']=52},
    [17584338] = {['id']=17584338, ['name']="SoldierCrawler", ['index']=210, ['level']=47},
    [17584346] = {['id']=17584346, ['name']="LabyrinthLizar", ['index']=218, ['level']=49},
    [17584350] = {['id']=17584350, ['name']="WitchHazel", ['index']=222, ['level']=50},
    [17584342] = {['id']=17584342, ['name']="LabyrinthLizar", ['index']=214, ['level']=51},
    [17584367] = {['id']=17584367, ['name']="SoulStinger", ['index']=239, ['level']=50},
    [17584341] = {['id']=17584341, ['name']="LabyrinthLizar", ['index']=213, ['level']=51},
    [17584345] = {['id']=17584345, ['name']="LabyrinthLizar", ['index']=217, ['level']=49},
    [17584344] = {['id']=17584344, ['name']="LabyrinthLizar", ['index']=216, ['level']=49},
    [17584391] = {['id']=17584391, ['name']="Wespe", ['index']=263, ['level']=55},
    [17584348] = {['id']=17584348, ['name']="WitchHazel", ['index']=220, ['level']=50},
    [17584393] = {['id']=17584393, ['name']="Wespe", ['index']=265, ['level']=56},
    [17584392] = {['id']=17584392, ['name']="Wespe", ['index']=264, ['level']=55},
    [17584357] = {['id']=17584357, ['name']="Exoray", ['index']=229, ['level']=52},
    [17584356] = {['id']=17584356, ['name']="Exoray", ['index']=228, ['level']=52},
    [17584343] = {['id']=17584343, ['name']="LabyrinthLizar", ['index']=215, ['level']=49},
    [17584354] = {['id']=17584354, ['name']="Exoray", ['index']=226, ['level']=53},
    [17584355] = {['id']=17584355, ['name']="Exoray", ['index']=227, ['level']=53},
    [17584358] = {['id']=17584358, ['name']="WitchHazel", ['index']=230, ['level']=51},
    [17584359] = {['id']=17584359, ['name']="WitchHazel", ['index']=231, ['level']=50},
    [17584376] = {['id']=17584376, ['name']="Exoray", ['index']=248, ['level']=53},
    [17584362] = {['id']=17584362, ['name']="LabyrinthLizar", ['index']=234, ['level']=49},
    [17584363] = {['id']=17584363, ['name']="LabyrinthLizar", ['index']=235, ['level']=51},
    [17584374] = {['id']=17584374, ['name']="Exoray", ['index']=246, ['level']=51},
    [17584364] = {['id']=17584364, ['name']="LabyrinthLizar", ['index']=236, ['level']=51},
    [17584365] = {['id']=17584365, ['name']="LabyrinthLizar", ['index']=237, ['level']=51},
    [17584361] = {['id']=17584361, ['name']="LabyrinthLizar", ['index']=233, ['level']=49},
    [17584360] = {['id']=17584360, ['name']="LabyrinthLizar", ['index']=232, ['level']=51},
    [17584381] = {['id']=17584381, ['name']="WitchHazel", ['index']=253, ['level']=51},
    [17584384] = {['id']=17584384, ['name']="WitchHazel", ['index']=256, ['level']=51},
    [17584377] = {['id']=17584377, ['name']="Mushussu", ['index']=249, ['level']=55},
    [17584382] = {['id']=17584382, ['name']="WitchHazel", ['index']=254, ['level']=50},
    [17584383] = {['id']=17584383, ['name']="WitchHazel", ['index']=255, ['level']=50},
    [17584396] = {['id']=17584396, ['name']="Wespe", ['index']=268, ['level']=56},
    [17584388] = {['id']=17584388, ['name']="RumbleCrawler", ['index']=260, ['level']=54},
    [17584386] = {['id']=17584386, ['name']="RumbleCrawler", ['index']=258, ['level']=55},
    [17584397] = {['id']=17584397, ['name']="Wespe", ['index']=269, ['level']=57},
    [17584389] = {['id']=17584389, ['name']="RumbleCrawler", ['index']=261, ['level']=53},
    [17584387] = {['id']=17584387, ['name']="RumbleCrawler", ['index']=259, ['level']=55},
    [17584385] = {['id']=17584385, ['name']="RumbleCrawler", ['index']=257, ['level']=55},
    [17584390] = {['id']=17584390, ['name']="RumbleCrawler", ['index']=262, ['level']=54},
    [17584407] = {['id']=17584407, ['name']="CrawlerHunter", ['index']=279, ['level']=61},
    [17584413] = {['id']=17584413, ['name']="KnightCrawler", ['index']=285, ['level']=63},
    [17584408] = {['id']=17584408, ['name']="CrawlerHunter", ['index']=280, ['level']=60},
    [17584410] = {['id']=17584410, ['name']="KnightCrawler", ['index']=282, ['level']=60},
    [17584412] = {['id']=17584412, ['name']="KnightCrawler", ['index']=284, ['level']=62},
    [17584411] = {['id']=17584411, ['name']="KnightCrawler", ['index']=283, ['level']=62},
    [17584416] = {['id']=17584416, ['name']="Aqrabuamelu", ['index']=288, ['level']=73},
    [17584421] = {['id']=17584421, ['name']="KnightCrawler", ['index']=293, ['level']=63},
    [17584418] = {['id']=17584418, ['name']="CrawlerHunter", ['index']=290, ['level']=62},
    [17584420] = {['id']=17584420, ['name']="KnightCrawler", ['index']=292, ['level']=62},
    [17584417] = {['id']=17584417, ['name']="CrawlerHunter", ['index']=289, ['level']=60},
    [17584422] = {['id']=17584422, ['name']="KnightCrawler", ['index']=294, ['level']=61},
    [17584372] = {['id']=17584372, ['name']="SoulStinger", ['index']=244, ['level']=50},
    [17584369] = {['id']=17584369, ['name']="SoulStinger", ['index']=241, ['level']=48},
    [17584368] = {['id']=17584368, ['name']="SoulStinger", ['index']=240, ['level']=49},
    [17584366] = {['id']=17584366, ['name']="SoulStinger", ['index']=238, ['level']=48},
    [17584370] = {['id']=17584370, ['name']="SoulStinger", ['index']=242, ['level']=50},
    [17584371] = {['id']=17584371, ['name']="SoulStinger", ['index']=243, ['level']=50},
    [17584373] = {['id']=17584373, ['name']="SoulStinger", ['index']=245, ['level']=48},
    [17584380] = {['id']=17584380, ['name']="Mushussu", ['index']=252, ['level']=54},
    [17584379] = {['id']=17584379, ['name']="Mushussu", ['index']=251, ['level']=55},
    [17584378] = {['id']=17584378, ['name']="Mushussu", ['index']=250, ['level']=54},
    [17584497] = {['id']=17584497, ['name']="GroundsTome", ['index']=369, ['level']=0},
