    [17559943] = {['id']=17559943, ['name']="SurvivalGuide", ['index']=391, ['level']=0},
    [17559935] = {['id']=17559935, ['name']="GroundsTome", ['index']=383, ['level']=0},
    [17559561] = {['id']=17559561, ['name']="RockLizard", ['index']=9, ['level']=7},
    [17559566] = {['id']=17559566, ['name']="RockLizard", ['index']=14, ['level']=8},
    [17559562] = {['id']=17559562, ['name']="GoblinThug", ['index']=10, ['level']=5},
    [17559563] = {['id']=17559563, ['name']="GoblinThug", ['index']=11, ['level']=8},
    [17559565] = {['id']=17559565, ['name']="RockLizard", ['index']=13, ['level']=5},
    [17559605] = {['id']=17559605, ['name']="RockLizard", ['index']=53, ['level']=6},
    [17559614] = {['id']=17559614, ['name']="StoneEater", ['index']=62, ['level']=4},
    [17559611] = {['id']=17559611, ['name']="GoblinFisher", ['index']=59, ['level']=6},
    [17559609] = {['id']=17559609, ['name']="GoblinThug", ['index']=57, ['level']=7},
    [17559625] = {['id']=17559625, ['name']="StoneEater", ['index']=73, ['level']=5},
    [17559620] = {['id']=17559620, ['name']="GoblinWeaver", ['index']=68, ['level']=7},
    [17559624] = {['id']=17559624, ['name']="StoneEater", ['index']=72, ['level']=3},
    [17559619] = {['id']=17559619, ['name']="GoblinThug", ['index']=67, ['level']=5},
    [17559612] = {['id']=17559612, ['name']="RockLizard", ['index']=60, ['level']=7},
    [17559613] = {['id']=17559613, ['name']="StoneEater", ['index']=61, ['level']=5},
    [17559622] = {['id']=17559622, ['name']="RockLizard", ['index']=70, ['level']=6},
    [17559606] = {['id']=17559606, ['name']="GoblinThug", ['index']=54, ['level']=6},
    [17559615] = {['id']=17559615, ['name']="StoneEater", ['index']=63, ['level']=5},
    [17559623] = {['id']=17559623, ['name']="StoneEater", ['index']=71, ['level']=4},
    [17559617] = {['id']=17559617, ['name']="GoblinWeaver", ['index']=65, ['level']=8},
    [17559628] = {['id']=17559628, ['name']="RockLizard", ['index']=76, ['level']=6},
    [17559627] = {['id']=17559627, ['name']="RockLizard", ['index']=75, ['level']=7},
    [17559626] = {['id']=17559626, ['name']="RockLizard", ['index']=74, ['level']=7},
    [17559638] = {['id']=17559638, ['name']="WadiCrab", ['index']=86, ['level']=8},
    [17559636] = {['id']=17559636, ['name']="WadiCrab", ['index']=84, ['level']=8},
    [17559631] = {['id']=17559631, ['name']="GoblinFisher", ['index']=79, ['level']=6},
    [17559645] = {['id']=17559645, ['name']="RockLizard", ['index']=93, ['level']=5},
    [17559635] = {['id']=17559635, ['name']="RockLizard", ['index']=83, ['level']=5},
    [17559643] = {['id']=17559643, ['name']="GoblinWeaver", ['index']=91, ['level']=5},
    [17559633] = {['id']=17559633, ['name']="GoblinWeaver", ['index']=81, ['level']=8},
    [17559637] = {['id']=17559637, ['name']="WadiCrab", ['index']=85, ['level']=8},
    [17559629] = {['id']=17559629, ['name']="GoblinThug", ['index']=77, ['level']=6},
    [17559648] = {['id']=17559648, ['name']="WadiCrab", ['index']=96, ['level']=9},
    [17559639] = {['id']=17559639, ['name']="GoblinThug", ['index']=87, ['level']=8},
    [17559641] = {['id']=17559641, ['name']="GoblinFisher", ['index']=89, ['level']=5},
    [17559646] = {['id']=17559646, ['name']="WadiCrab", ['index']=94, ['level']=9},
    [17559647] = {['id']=17559647, ['name']="WadiCrab", ['index']=95, ['level']=7},
    [17559649] = {['id']=17559649, ['name']="RockLizard", ['index']=97, ['level']=7},
    [17559650] = {['id']=17559650, ['name']="GoblinThug", ['index']=98, ['level']=6},
    [17559668] = {['id']=17559668, ['name']="WadiLeech", ['index']=116, ['level']=13},
    [17559664] = {['id']=17559664, ['name']="GoblinTinkerer", ['index']=112, ['level']=15},
    [17559665] = {['id']=17559665, ['name']="GoblinButcher", ['index']=113, ['level']=14},
    [17559655] = {['id']=17559655, ['name']="WadiCrab", ['index']=103, ['level']=7},
    [17559653] = {['id']=17559653, ['name']="GoblinWeaver", ['index']=101, ['level']=7},
    [17559654] = {['id']=17559654, ['name']="RockLizard", ['index']=102, ['level']=8},
    [17559658] = {['id']=17559658, ['name']="GoblinThug", ['index']=106, ['level']=7},
    [17559660] = {['id']=17559660, ['name']="RockLizard", ['index']=108, ['level']=7},
    [17559657] = {['id']=17559657, ['name']="GoblinWeaver", ['index']=105, ['level']=8},
    [17559661] = {['id']=17559661, ['name']="WadiCrab", ['index']=109, ['level']=7},
    [17559669] = {['id']=17559669, ['name']="SteamLizard", ['index']=117, ['level']=18},
    [17559603] = {['id']=17559603, ['name']="RockLizard", ['index']=51, ['level']=7},
    [17559604] = {['id']=17559604, ['name']="RockLizard", ['index']=52, ['level']=7},
    [17559602] = {['id']=17559602, ['name']="WadiHare", ['index']=50, ['level']=13},
    [17559601] = {['id']=17559601, ['name']="WadiHare", ['index']=49, ['level']=14},
    [17559567] = {['id']=17559567, ['name']="RockLizard", ['index']=15, ['level']=8},
    [17559568] = {['id']=17559568, ['name']="RockLizard", ['index']=16, ['level']=8},
    [17559587] = {['id']=17559587, ['name']="GoblinTinkerer", ['index']=35, ['level']=16},
    [17559592] = {['id']=17559592, ['name']="SteamLizard", ['index']=40, ['level']=16},
    [17559662] = {['id']=17559662, ['name']="GoblinAmbusher", ['index']=110, ['level']=12},
    [17559663] = {['id']=17559663, ['name']="GoblinAmbusher", ['index']=111, ['level']=13},
    [17559666] = {['id']=17559666, ['name']="WadiLeech", ['index']=114, ['level']=14},
    [17559667] = {['id']=17559667, ['name']="WadiLeech", ['index']=115, ['level']=14},
    [17559675] = {['id']=17559675, ['name']="WadiLeech", ['index']=123, ['level']=11},
    [17559672] = {['id']=17559672, ['name']="GoblinTinkerer", ['index']=120, ['level']=13},
    [17559671] = {['id']=17559671, ['name']="GoblinAmbusher", ['index']=119, ['level']=16},
    [17559674] = {['id']=17559674, ['name']="WadiLeech", ['index']=122, ['level']=12},
    [17559677] = {['id']=17559677, ['name']="SteamLizard", ['index']=125, ['level']=17},
    [17559676] = {['id']=17559676, ['name']="WadiLeech", ['index']=124, ['level']=12},
    [17559673] = {['id']=17559673, ['name']="GoblinButcher", ['index']=121, ['level']=14},
    [17559670] = {['id']=17559670, ['name']="GoblinAmbusher", ['index']=118, ['level']=14},
    [17559866] = {['id']=17559866, ['name']="WitchettyGrub", ['index']=314, ['level']=90},
    [17559867] = {['id']=17559867, ['name']="WitchettyGrub", ['index']=315, ['level']=88},
    [17559868] = {['id']=17559868, ['name']="WitchettyGrub", ['index']=316, ['level']=90},
    [17559585] = {['id']=17559585, ['name']="GoblinAmbusher", ['index']=33, ['level']=15},
    [17559597] = {['id']=17559597, ['name']="WadiHare", ['index']=45, ['level']=12},
    [17559596] = {['id']=17559596, ['name']="GoblinButcher", ['index']=44, ['level']=16},
    [17559593] = {['id']=17559593, ['name']="GoblinAmbusher", ['index']=41, ['level']=15},
    [17559595] = {['id']=17559595, ['name']="GoblinTinkerer", ['index']=43, ['level']=14},
    [17559594] = {['id']=17559594, ['name']="GoblinAmbusher", ['index']=42, ['level']=12},
    [17559598] = {['id']=17559598, ['name']="WadiHare", ['index']=46, ['level']=11},
    [17559600] = {['id']=17559600, ['name']="SteamLizard", ['index']=48, ['level']=16},
    [17559599] = {['id']=17559599, ['name']="WadiHare", ['index']=47, ['level']=12},
    [17559825] = {['id']=17559825, ['name']="GoblinBushwhac", ['index']=273, ['level']=90},
    [17559586] = {['id']=17559586, ['name']="GoblinAmbusher", ['index']=34, ['level']=13},
    [17559588] = {['id']=17559588, ['name']="GoblinButcher", ['index']=36, ['level']=15},
    [17559589] = {['id']=17559589, ['name']="WadiHare", ['index']=37, ['level']=12},
    [17559590] = {['id']=17559590, ['name']="WadiHare", ['index']=38, ['level']=11},
    [17559591] = {['id']=17559591, ['name']="WadiHare", ['index']=39, ['level']=12},
    [17559582] = {['id']=17559582, ['name']="HoarderHare", ['index']=30, ['level']=8},
    [17559579] = {['id']=17559579, ['name']="GoblinThug", ['index']=27, ['level']=7},
    [17559583] = {['id']=17559583, ['name']="HoarderHare", ['index']=31, ['level']=7},
    [17559569] = {['id']=17559569, ['name']="RockLizard", ['index']=17, ['level']=6},
    [17559559] = {['id']=17559559, ['name']="RockLizard", ['index']=7, ['level']=6},
    [17559576] = {['id']=17559576, ['name']="HoarderHare", ['index']=24, ['level']=8},
    [17559575] = {['id']=17559575, ['name']="HoarderHare", ['index']=23, ['level']=7},
    [17559560] = {['id']=17559560, ['name']="RockLizard", ['index']=8, ['level']=6},
    [17559574] = {['id']=17559574, ['name']="HoarderHare", ['index']=22, ['level']=6},
    [17559572] = {['id']=17559572, ['name']="GoblinThug", ['index']=20, ['level']=8},
    [17559571] = {['id']=17559571, ['name']="GoblinWeaver", ['index']=19, ['level']=5},
    [17559577] = {['id']=17559577, ['name']="GoblinThug", ['index']=25, ['level']=5},
    [17559581] = {['id']=17559581, ['name']="HoarderHare", ['index']=29, ['level']=7},
    [17559678] = {['id']=17559678, ['name']="GoblinBrigand", ['index']=126, ['level']=86},
    [17559811] = {['id']=17559811, ['name']="WitchettyGrub", ['index']=259, ['level']=88},
    [17559809] = {['id']=17559809, ['name']="GoblinBladesmi", ['index']=257, ['level']=91},
    [17559812] = {['id']=17559812, ['name']="WitchettyGrub", ['index']=260, ['level']=88},
    [17559813] = {['id']=17559813, ['name']="WitchettyGrub", ['index']=261, ['level']=90},
    [17559810] = {['id']=17559810, ['name']="GoblinBladesmi", ['index']=258, ['level']=90},
    [17559826] = {['id']=17559826, ['name']="GoblinBushwhac", ['index']=274, ['level']=90},
    [17559830] = {['id']=17559830, ['name']="WitchettyGrub", ['index']=278, ['level']=89},
    [17559829] = {['id']=17559829, ['name']="WitchettyGrub", ['index']=277, ['level']=88},
    [17559827] = {['id']=17559827, ['name']="WitchettyGrub", ['index']=275, ['level']=90},
    [17559824] = {['id']=17559824, ['name']="GoblinBushwhac", ['index']=272, ['level']=90},
    [17559828] = {['id']=17559828, ['name']="WitchettyGrub", ['index']=276, ['level']=88},
    [17559816] = {['id']=17559816, ['name']="PrimPika", ['index']=264, ['level']=90},
    [17559842] = {['id']=17559842, ['name']="GoblinBladesmi", ['index']=290, ['level']=91},
    [17559841] = {['id']=17559841, ['name']="GoblinConjurer", ['index']=289, ['level']=90},
    [17559845] = {['id']=17559845, ['name']="CouloirLeech", ['index']=293, ['level']=87},
    [17559848] = {['id']=17559848, ['name']="GoblinBushwhac", ['index']=296, ['level']=91},
    [17559843] = {['id']=17559843, ['name']="GoblinBushwhac", ['index']=291, ['level']=91},
    [17559851] = {['id']=17559851, ['name']="CouloirLeech", ['index']=299, ['level']=87},
    [17559850] = {['id']=17559850, ['name']="CouloirLeech", ['index']=298, ['level']=87},
    [17559846] = {['id']=17559846, ['name']="GoblinConjurer", ['index']=294, ['level']=90},
    [17559847] = {['id']=17559847, ['name']="GoblinBladesmi", ['index']=295, ['level']=91},
    [17559849] = {['id']=17559849, ['name']="CouloirLeech", ['index']=297, ['level']=88},
    [17559862] = {['id']=17559862, ['name']="CouloirLeech", ['index']=310, ['level']=87},
    [17559861] = {['id']=17559861, ['name']="CouloirLeech", ['index']=309, ['level']=88},
    [17559844] = {['id']=17559844, ['name']="CouloirLeech", ['index']=292, ['level']=87},
    [17559859] = {['id']=17559859, ['name']="GoblinBushwhac", ['index']=307, ['level']=91},
    [17559860] = {['id']=17559860, ['name']="CouloirLeech", ['index']=308, ['level']=88},
    [17559855] = {['id']=17559855, ['name']="CouloirLeech", ['index']=303, ['level']=87},
    [17559856] = {['id']=17559856, ['name']="CouloirLeech", ['index']=304, ['level']=88},
    [17559853] = {['id']=17559853, ['name']="GoblinBladesmi", ['index']=301, ['level']=91},
    [17559854] = {['id']=17559854, ['name']="GoblinBushwhac", ['index']=302, ['level']=90},
    [17559857] = {['id']=17559857, ['name']="CouloirLeech", ['index']=305, ['level']=88},
    [17559852] = {['id']=17559852, ['name']="GoblinConjurer", ['index']=300, ['level']=90},
    [17559839] = {['id']=17559839, ['name']="WitchettyGrub", ['index']=287, ['level']=90},
    [17559840] = {['id']=17559840, ['name']="WitchettyGrub", ['index']=288, ['level']=89},
    [17559837] = {['id']=17559837, ['name']="CouloirLeech", ['index']=285, ['level']=88},
    [17559836] = {['id']=17559836, ['name']="CouloirLeech", ['index']=284, ['level']=88},
    [17559834] = {['id']=17559834, ['name']="CouloirLeech", ['index']=282, ['level']=87},
    [17559833] = {['id']=17559833, ['name']="CouloirLeech", ['index']=281, ['level']=88},
    [17559831] = {['id']=17559831, ['name']="GoblinBushwhac", ['index']=279, ['level']=91},
    [17559835] = {['id']=17559835, ['name']="CouloirLeech", ['index']=283, ['level']=88},
    [17559832] = {['id']=17559832, ['name']="CouloirLeech", ['index']=280, ['level']=87},
    [17559838] = {['id']=17559838, ['name']="CouloirLeech", ['index']=286, ['level']=87},
    [17559815] = {['id']=17559815, ['name']="GoblinBladesmi", ['index']=263, ['level']=91},
    [17559820] = {['id']=17559820, ['name']="PrimPika", ['index']=268, ['level']=89},
    [17559818] = {['id']=17559818, ['name']="PrimPika", ['index']=266, ['level']=89},
    [17559800] = {['id']=17559800, ['name']="GoblinConjurer", ['index']=248, ['level']=91},
    [17559799] = {['id']=17559799, ['name']="GoblinConjurer", ['index']=247, ['level']=90},
    [17559802] = {['id']=17559802, ['name']="PrimPika", ['index']=250, ['level']=89},
    [17559801] = {['id']=17559801, ['name']="PrimPika", ['index']=249, ['level']=89},
    [17559803] = {['id']=17559803, ['name']="PrimPika", ['index']=251, ['level']=89},
    [17559794] = {['id']=17559794, ['name']="GoblinConjurer", ['index']=242, ['level']=90},
    [17559797] = {['id']=17559797, ['name']="PrimPika", ['index']=245, ['level']=90},
    [17559796] = {['id']=17559796, ['name']="PrimPika", ['index']=244, ['level']=89},
    [17559798] = {['id']=17559798, ['name']="PrimPika", ['index']=246, ['level']=90},
    [17559795] = {['id']=17559795, ['name']="GoblinConjurer", ['index']=243, ['level']=90},
    [17559793] = {['id']=17559793, ['name']="FumeLizard", ['index']=241, ['level']=89},
    [17559792] = {['id']=17559792, ['name']="FumeLizard", ['index']=240, ['level']=89},
    [17559791] = {['id']=17559791, ['name']="FumeLizard", ['index']=239, ['level']=89},
    [17559780] = {['id']=17559780, ['name']="FumeLizard", ['index']=228, ['level']=88},
    [17559790] = {['id']=17559790, ['name']="FumeLizard", ['index']=238, ['level']=88},
    [17559789] = {['id']=17559789, ['name']="FumeLizard", ['index']=237, ['level']=87},
    [17559786] = {['id']=17559786, ['name']="FumeLizard", ['index']=234, ['level']=87},
    [17559783] = {['id']=17559783, ['name']="NattyGibbon", ['index']=231, ['level']=93},
    [17559788] = {['id']=17559788, ['name']="FumeLizard", ['index']=236, ['level']=87},
    [17559787] = {['id']=17559787, ['name']="FumeLizard", ['index']=235, ['level']=88},
    [17559784] = {['id']=17559784, ['name']="NattyGibbon", ['index']=232, ['level']=92},
    [17559785] = {['id']=17559785, ['name']="NattyGibbon", ['index']=233, ['level']=93},
    [17559781] = {['id']=17559781, ['name']="FumeLizard", ['index']=229, ['level']=88},
    [17559778] = {['id']=17559778, ['name']="NattyGibbon", ['index']=226, ['level']=93},
    [17559774] = {['id']=17559774, ['name']="FumeLizard", ['index']=222, ['level']=87},
    [17559773] = {['id']=17559773, ['name']="NattyGibbon", ['index']=221, ['level']=92},
    [17559775] = {['id']=17559775, ['name']="FumeLizard", ['index']=223, ['level']=88},
    [17559776] = {['id']=17559776, ['name']="FumeLizard", ['index']=224, ['level']=87},
    [17559772] = {['id']=17559772, ['name']="NattyGibbon", ['index']=220, ['level']=92},
    [17559777] = {['id']=17559777, ['name']="NattyGibbon", ['index']=225, ['level']=93},
    [17559771] = {['id']=17559771, ['name']="NattyGibbon", ['index']=219, ['level']=92},
    [17559731] = {['id']=17559731, ['name']="GoblinHeadsman", ['index']=179, ['level']=86},
    [17559782] = {['id']=17559782, ['name']="FumeLizard", ['index']=230, ['level']=89},
    [17559779] = {['id']=17559779, ['name']="NattyGibbon", ['index']=227, ['level']=93},
    [17559723] = {['id']=17559723, ['name']="GoblinBrigand", ['index']=171, ['level']=86},
    [17559719] = {['id']=17559719, ['name']="GoblinHealer", ['index']=167, ['level']=86},
    [17559721] = {['id']=17559721, ['name']="PrimPika", ['index']=169, ['level']=88},
    [17559717] = {['id']=17559717, ['name']="GoblinBrigand", ['index']=165, ['level']=87},
    [17559732] = {['id']=17559732, ['name']="WitchettyGrub", ['index']=180, ['level']=89},
    [17559738] = {['id']=17559738, ['name']="WitchettyGrub", ['index']=186, ['level']=89},
    [17559729] = {['id']=17559729, ['name']="GoblinHeadsman", ['index']=177, ['level']=87},
    [17559733] = {['id']=17559733, ['name']="WitchettyGrub", ['index']=181, ['level']=89},
    [17559737] = {['id']=17559737, ['name']="WitchettyGrub", ['index']=185, ['level']=89},
    [17559735] = {['id']=17559735, ['name']="GoblinHealer", ['index']=183, ['level']=86},
    [17559730] = {['id']=17559730, ['name']="GoblinHeadsman", ['index']=178, ['level']=87},
    [17559712] = {['id']=17559712, ['name']="GoblinHeadsman", ['index']=160, ['level']=86},
    [17559716] = {['id']=17559716, ['name']="PrimPika", ['index']=164, ['level']=88},
    [17559715] = {['id']=17559715, ['name']="PrimPika", ['index']=163, ['level']=89},
    [17559713] = {['id']=17559713, ['name']="GoblinHealer", ['index']=161, ['level']=86},
    [17559711] = {['id']=17559711, ['name']="GoblinBrigand", ['index']=159, ['level']=87},
    [17559714] = {['id']=17559714, ['name']="PrimPika", ['index']=162, ['level']=88},
    [17559705] = {['id']=17559705, ['name']="GoblinBrigand", ['index']=153, ['level']=87},
    [17559706] = {['id']=17559706, ['name']="GoblinHeadsman", ['index']=154, ['level']=87},
    [17559707] = {['id']=17559707, ['name']="GoblinHealer", ['index']=155, ['level']=87},
    [17559709] = {['id']=17559709, ['name']="PrimPika", ['index']=157, ['level']=89},
    [17559710] = {['id']=17559710, ['name']="PrimPika", ['index']=158, ['level']=88},
    [17559708] = {['id']=17559708, ['name']="PrimPika", ['index']=156, ['level']=89},
    [17559701] = {['id']=17559701, ['name']="GoblinBrigand", ['index']=149, ['level']=86},
    [17559722] = {['id']=17559722, ['name']="PrimPika", ['index']=170, ['level']=89},
    [17559702] = {['id']=17559702, ['name']="GoblinBrigand", ['index']=150, ['level']=86},
    [17559704] = {['id']=17559704, ['name']="WitchettyGrub", ['index']=152, ['level']=88},
    [17559718] = {['id']=17559718, ['name']="GoblinHeadsman", ['index']=166, ['level']=87},
    [17559720] = {['id']=17559720, ['name']="PrimPika", ['index']=168, ['level']=88},
    [17559703] = {['id']=17559703, ['name']="WitchettyGrub", ['index']=151, ['level']=90},
    [17559728] = {['id']=17559728, ['name']="PrimPika", ['index']=176, ['level']=89},
    [17559725] = {['id']=17559725, ['name']="GoblinHealer", ['index']=173, ['level']=87},
    [17559727] = {['id']=17559727, ['name']="PrimPika", ['index']=175, ['level']=89},
    [17559724] = {['id']=17559724, ['name']="GoblinHeadsman", ['index']=172, ['level']=86},
    [17559726] = {['id']=17559726, ['name']="PrimPika", ['index']=174, ['level']=88},
    [17559804] = {['id']=17559804, ['name']="GoblinConjurer", ['index']=252, ['level']=91},
    [17559684] = {['id']=17559684, ['name']="WitchettyGrub", ['index']=132, ['level']=89},
    [17559681] = {['id']=17559681, ['name']="GoblinBrigand", ['index']=129, ['level']=86},
    [17559685] = {['id']=17559685, ['name']="WitchettyGrub", ['index']=133, ['level']=90},
    [17559689] = {['id']=17559689, ['name']="CouloirLeech", ['index']=137, ['level']=87},
    [17559690] = {['id']=17559690, ['name']="CouloirLeech", ['index']=138, ['level']=88},
    [17559688] = {['id']=17559688, ['name']="GoblinHealer", ['index']=136, ['level']=87},
    [17559686] = {['id']=17559686, ['name']="GoblinBrigand", ['index']=134, ['level']=86},
    [17559687] = {['id']=17559687, ['name']="GoblinHeadsman", ['index']=135, ['level']=87},
    [17559698] = {['id']=17559698, ['name']="GoblinHealer", ['index']=146, ['level']=87},
    [17559692] = {['id']=17559692, ['name']="GoblinHeadsman", ['index']=140, ['level']=87},
    [17559694] = {['id']=17559694, ['name']="CouloirLeech", ['index']=142, ['level']=88},
    [17559697] = {['id']=17559697, ['name']="GoblinHeadsman", ['index']=145, ['level']=87},
    [17559700] = {['id']=17559700, ['name']="CouloirLeech", ['index']=148, ['level']=87},
    [17559696] = {['id']=17559696, ['name']="GoblinBrigand", ['index']=144, ['level']=86},
    [17559699] = {['id']=17559699, ['name']="CouloirLeech", ['index']=147, ['level']=88},
    [17559695] = {['id']=17559695, ['name']="CouloirLeech", ['index']=143, ['level']=88},
    [17559693] = {['id']=17559693, ['name']="GoblinHealer", ['index']=141, ['level']=86},
    [17559691] = {['id']=17559691, ['name']="GoblinBrigand", ['index']=139, ['level']=87},
    [17559822] = {['id']=17559822, ['name']="PrimPika", ['index']=270, ['level']=89},
    [17559823] = {['id']=17559823, ['name']="PrimPika", ['index']=271, ['level']=90},
    [17559814] = {['id']=17559814, ['name']="GoblinBladesmi", ['index']=262, ['level']=90},
    [17559819] = {['id']=17559819, ['name']="PrimPika", ['index']=267, ['level']=90},
    [17559821] = {['id']=17559821, ['name']="PrimPika", ['index']=269, ['level']=89},
    [17559817] = {['id']=17559817, ['name']="PrimPika", ['index']=265, ['level']=90},
    [17559805] = {['id']=17559805, ['name']="GoblinConjurer", ['index']=253, ['level']=90},
    [17559806] = {['id']=17559806, ['name']="WitchettyGrub", ['index']=254, ['level']=90},
    [17559807] = {['id']=17559807, ['name']="WitchettyGrub", ['index']=255, ['level']=90},
    [17559808] = {['id']=17559808, ['name']="WitchettyGrub", ['index']=256, ['level']=88},
    [17559736] = {['id']=17559736, ['name']="GoblinHealer", ['index']=184, ['level']=87},
    [17559734] = {['id']=17559734, ['name']="GoblinHealer", ['index']=182, ['level']=86},
    [17559767] = {['id']=17559767, ['name']="NattyGibbon", ['index']=215, ['level']=92},
    [17559744] = {['id']=17559744, ['name']="Trimmer", ['index']=192, ['level']=91},
    [17559739] = {['id']=17559739, ['name']="NattyGibbon", ['index']=187, ['level']=93},
    [17559743] = {['id']=17559743, ['name']="Trimmer", ['index']=191, ['level']=92},
    [17559741] = {['id']=17559741, ['name']="NattyGibbon", ['index']=189, ['level']=92},
    [17559746] = {['id']=17559746, ['name']="Trimmer", ['index']=194, ['level']=90},
    [17559745] = {['id']=17559745, ['name']="Trimmer", ['index']=193, ['level']=92},
    [17559740] = {['id']=17559740, ['name']="NattyGibbon", ['index']=188, ['level']=93},
    [17559742] = {['id']=17559742, ['name']="NattyGibbon", ['index']=190, ['level']=93},
    [17559749] = {['id']=17559749, ['name']="WitchettyGrub", ['index']=197, ['level']=88},
    [17559748] = {['id']=17559748, ['name']="WitchettyGrub", ['index']=196, ['level']=90},
    [17559747] = {['id']=17559747, ['name']="WitchettyGrub", ['index']=195, ['level']=88},
    [17559752] = {['id']=17559752, ['name']="WitchettyGrub", ['index']=200, ['level']=90},
    [17559751] = {['id']=17559751, ['name']="WitchettyGrub", ['index']=199, ['level']=90},
    [17559750] = {['id']=17559750, ['name']="WitchettyGrub", ['index']=198, ['level']=90},
    [17559768] = {['id']=17559768, ['name']="Trimmer", ['index']=216, ['level']=92},
    [17559770] = {['id']=17559770, ['name']="Trimmer", ['index']=218, ['level']=91},
    [17559753] = {['id']=17559753, ['name']="NattyGibbon", ['index']=201, ['level']=93},
    [17559758] = {['id']=17559758, ['name']="Trimmer", ['index']=206, ['level']=90},
    [17559754] = {['id']=17559754, ['name']="NattyGibbon", ['index']=202, ['level']=92},
    [17559755] = {['id']=17559755, ['name']="NattyGibbon", ['index']=203, ['level']=93},
    [17559756] = {['id']=17559756, ['name']="Trimmer", ['index']=204, ['level']=92},
    [17559757] = {['id']=17559757, ['name']="Trimmer", ['index']=205, ['level']=91},
    [17559765] = {['id']=17559765, ['name']="NattyGibbon", ['index']=213, ['level']=93},
    [17559761] = {['id']=17559761, ['name']="NattyGibbon", ['index']=209, ['level']=92},
    [17559762] = {['id']=17559762, ['name']="Trimmer", ['index']=210, ['level']=92},
    [17559759] = {['id']=17559759, ['name']="NattyGibbon", ['index']=207, ['level']=93},
    [17559760] = {['id']=17559760, ['name']="NattyGibbon", ['index']=208, ['level']=92},
    [17559763] = {['id']=17559763, ['name']="Trimmer", ['index']=211, ['level']=92},
    [17559764] = {['id']=17559764, ['name']="Trimmer", ['index']=212, ['level']=91},
    [17559769] = {['id']=17559769, ['name']="Trimmer", ['index']=217, ['level']=90},
    [17559766] = {['id']=17559766, ['name']="NattyGibbon", ['index']=214, ['level']=92},
    [17559936] = {['id']=17559936, ['name']="GroundsTome", ['index']=384, ['level']=0},
    [17559559] = {['id']=17559559, ['name']="RockLizard", ['index']=7, ['level']=5},
    [17559560] = {['id']=17559560, ['name']="RockLizard", ['index']=8, ['level']=6},
    [17559561] = {['id']=17559561, ['name']="RockLizard", ['index']=9, ['level']=5},
    [17559562] = {['id']=17559562, ['name']="GoblinThug", ['index']=10, ['level']=7},
    [17559564] = {['id']=17559564, ['name']="GoblinWeaver", ['index']=12, ['level']=6},
    [17559565] = {['id']=17559565, ['name']="RockLizard", ['index']=13, ['level']=5},
    [17559566] = {['id']=17559566, ['name']="RockLizard", ['index']=14, ['level']=5},
    [17559567] = {['id']=17559567, ['name']="RockLizard", ['index']=15, ['level']=7},
    [17559568] = {['id']=17559568, ['name']="RockLizard", ['index']=16, ['level']=8},
    [17559569] = {['id']=17559569, ['name']="RockLizard", ['index']=17, ['level']=5},
    [17559571] = {['id']=17559571, ['name']="GoblinWeaver", ['index']=19, ['level']=8},
    [17559572] = {['id']=17559572, ['name']="GoblinThug", ['index']=20, ['level']=8},
    [17559574] = {['id']=17559574, ['name']="HoarderHare", ['index']=22, ['level']=8},
    [17559575] = {['id']=17559575, ['name']="HoarderHare", ['index']=23, ['level']=6},
    [17559576] = {['id']=17559576, ['name']="HoarderHare", ['index']=24, ['level']=7},
    [17559577] = {['id']=17559577, ['name']="GoblinThug", ['index']=25, ['level']=5},
    [17559580] = {['id']=17559580, ['name']="GoblinWeaver", ['index']=28, ['level']=8},
    [17559582] = {['id']=17559582, ['name']="HoarderHare", ['index']=30, ['level']=8},
    [17559583] = {['id']=17559583, ['name']="HoarderHare", ['index']=31, ['level']=7},
    [17559603] = {['id']=17559603, ['name']="RockLizard", ['index']=51, ['level']=6},
    [17559604] = {['id']=17559604, ['name']="RockLizard", ['index']=52, ['level']=5},
    [17559605] = {['id']=17559605, ['name']="RockLizard", ['index']=53, ['level']=6},
    [17559629] = {['id']=17559629, ['name']="GoblinThug", ['index']=77, ['level']=6},
    [17559631] = {['id']=17559631, ['name']="GoblinFisher", ['index']=79, ['level']=6},
    [17559633] = {['id']=17559633, ['name']="GoblinWeaver", ['index']=81, ['level']=8},
    [17559635] = {['id']=17559635, ['name']="RockLizard", ['index']=83, ['level']=8},
    [17559636] = {['id']=17559636, ['name']="WadiCrab", ['index']=84, ['level']=8},
    [17559637] = {['id']=17559637, ['name']="WadiCrab", ['index']=85, ['level']=9},
    [17559935] = {['id']=17559935, ['name']="GroundsTome", ['index']=383, ['level']=0},
    [17559943] = {['id']=17559943, ['name']="SurvivalGuide", ['index']=391, ['level']=0},
    [17559581] = {['id']=17559581, ['name']="HoarderHare", ['index']=29, ['level']=7},
    [17559585] = {['id']=17559585, ['name']="GoblinAmbusher", ['index']=33, ['level']=16},
    [17559586] = {['id']=17559586, ['name']="GoblinAmbusher", ['index']=34, ['level']=12},
    [17559587] = {['id']=17559587, ['name']="GoblinTinkerer", ['index']=35, ['level']=15},
    [17559588] = {['id']=17559588, ['name']="GoblinButcher", ['index']=36, ['level']=13},
    [17559589] = {['id']=17559589, ['name']="WadiHare", ['index']=37, ['level']=12},
    [17559590] = {['id']=17559590, ['name']="WadiHare", ['index']=38, ['level']=11},
    [17559591] = {['id']=17559591, ['name']="WadiHare", ['index']=39, ['level']=11},
    [17559592] = {['id']=17559592, ['name']="SteamLizard", ['index']=40, ['level']=17},
    [17559593] = {['id']=17559593, ['name']="GoblinAmbusher", ['index']=41, ['level']=13},
    [17559594] = {['id']=17559594, ['name']="GoblinAmbusher", ['index']=42, ['level']=15},
    [17559595] = {['id']=17559595, ['name']="GoblinTinkerer", ['index']=43, ['level']=16},
    [17559678] = {['id']=17559678, ['name']="GoblinBrigand", ['index']=126, ['level']=87},
    [17559683] = {['id']=17559683, ['name']="GoblinHealer", ['index']=131, ['level']=87},
    [17559684] = {['id']=17559684, ['name']="WitchettyGrub", ['index']=132, ['level']=89},
    [17559685] = {['id']=17559685, ['name']="WitchettyGrub", ['index']=133, ['level']=89},
    [17559686] = {['id']=17559686, ['name']="GoblinBrigand", ['index']=134, ['level']=86},
    [17559687] = {['id']=17559687, ['name']="GoblinHeadsman", ['index']=135, ['level']=87},
    [17559688] = {['id']=17559688, ['name']="GoblinHealer", ['index']=136, ['level']=87},
    [17559689] = {['id']=17559689, ['name']="CouloirLeech", ['index']=137, ['level']=88},
    [17559690] = {['id']=17559690, ['name']="CouloirLeech", ['index']=138, ['level']=87},
    [17559691] = {['id']=17559691, ['name']="GoblinBrigand", ['index']=139, ['level']=87},
    [17559692] = {['id']=17559692, ['name']="GoblinHeadsman", ['index']=140, ['level']=86},
    [17559693] = {['id']=17559693, ['name']="GoblinHealer", ['index']=141, ['level']=87},
    [17559694] = {['id']=17559694, ['name']="CouloirLeech", ['index']=142, ['level']=87},
    [17559695] = {['id']=17559695, ['name']="CouloirLeech", ['index']=143, ['level']=87},
    [17559696] = {['id']=17559696, ['name']="GoblinBrigand", ['index']=144, ['level']=87},
    [17559697] = {['id']=17559697, ['name']="GoblinHeadsman", ['index']=145, ['level']=87},
    [17559698] = {['id']=17559698, ['name']="GoblinHealer", ['index']=146, ['level']=86},
    [17559699] = {['id']=17559699, ['name']="CouloirLeech", ['index']=147, ['level']=87},
    [17559700] = {['id']=17559700, ['name']="CouloirLeech", ['index']=148, ['level']=87},
    [17559701] = {['id']=17559701, ['name']="GoblinBrigand", ['index']=149, ['level']=86},
    [17559702] = {['id']=17559702, ['name']="GoblinBrigand", ['index']=150, ['level']=86},
    [17559703] = {['id']=17559703, ['name']="WitchettyGrub", ['index']=151, ['level']=90},
    [17559704] = {['id']=17559704, ['name']="WitchettyGrub", ['index']=152, ['level']=90},
    [17559717] = {['id']=17559717, ['name']="GoblinBrigand", ['index']=165, ['level']=86},
    [17559722] = {['id']=17559722, ['name']="PrimPika", ['index']=170, ['level']=89},
    [17559723] = {['id']=17559723, ['name']="GoblinBrigand", ['index']=171, ['level']=86},
    [17559724] = {['id']=17559724, ['name']="GoblinHeadsman", ['index']=172, ['level']=87},
    [17559726] = {['id']=17559726, ['name']="PrimPika", ['index']=174, ['level']=89},
    [17559728] = {['id']=17559728, ['name']="PrimPika", ['index']=176, ['level']=88},
    [17559809] = {['id']=17559809, ['name']="GoblinBladesmi", ['index']=257, ['level']=91},
    [17559810] = {['id']=17559810, ['name']="GoblinBladesmi", ['index']=258, ['level']=91},
    [17559811] = {['id']=17559811, ['name']="WitchettyGrub", ['index']=259, ['level']=90},
    [17559812] = {['id']=17559812, ['name']="WitchettyGrub", ['index']=260, ['level']=88},
    [17559813] = {['id']=17559813, ['name']="WitchettyGrub", ['index']=261, ['level']=89},
    [17559814] = {['id']=17559814, ['name']="GoblinBladesmi", ['index']=262, ['level']=91},
    [17559815] = {['id']=17559815, ['name']="GoblinBladesmi", ['index']=263, ['level']=90},
    [17559816] = {['id']=17559816, ['name']="PrimPika", ['index']=264, ['level']=89},
    [17559817] = {['id']=17559817, ['name']="PrimPika", ['index']=265, ['level']=90},
    [17559818] = {['id']=17559818, ['name']="PrimPika", ['index']=266, ['level']=90},
    [17559819] = {['id']=17559819, ['name']="PrimPika", ['index']=267, ['level']=90},
    [17559820] = {['id']=17559820, ['name']="PrimPika", ['index']=268, ['level']=90},
    [17559821] = {['id']=17559821, ['name']="PrimPika", ['index']=269, ['level']=89},
    [17559719] = {['id']=17559719, ['name']="GoblinHealer", ['index']=167, ['level']=87},
    [17559725] = {['id']=17559725, ['name']="GoblinHealer", ['index']=173, ['level']=86},
    [17559727] = {['id']=17559727, ['name']="PrimPika", ['index']=175, ['level']=88},
    [17559706] = {['id']=17559706, ['name']="GoblinHeadsman", ['index']=154, ['level']=87},
    [17559707] = {['id']=17559707, ['name']="GoblinHealer", ['index']=155, ['level']=86},
    [17559708] = {['id']=17559708, ['name']="PrimPika", ['index']=156, ['level']=88},
    [17559709] = {['id']=17559709, ['name']="PrimPika", ['index']=157, ['level']=89},
    [17559710] = {['id']=17559710, ['name']="PrimPika", ['index']=158, ['level']=89},
    [17559718] = {['id']=17559718, ['name']="GoblinHeadsman", ['index']=166, ['level']=86},
    [17559720] = {['id']=17559720, ['name']="PrimPika", ['index']=168, ['level']=88},
    [17559721] = {['id']=17559721, ['name']="PrimPika", ['index']=169, ['level']=89},
    [17559729] = {['id']=17559729, ['name']="GoblinHeadsman", ['index']=177, ['level']=87},
    [17559730] = {['id']=17559730, ['name']="GoblinHeadsman", ['index']=178, ['level']=86},
    [17559731] = {['id']=17559731, ['name']="GoblinHeadsman", ['index']=179, ['level']=86},
    [17559733] = {['id']=17559733, ['name']="WitchettyGrub", ['index']=181, ['level']=89},
    [17559735] = {['id']=17559735, ['name']="GoblinHealer", ['index']=183, ['level']=87},
    [17559736] = {['id']=17559736, ['name']="GoblinHealer", ['index']=184, ['level']=86},
    [17559737] = {['id']=17559737, ['name']="WitchettyGrub", ['index']=185, ['level']=89},
    [17559738] = {['id']=17559738, ['name']="WitchettyGrub", ['index']=186, ['level']=89},
    [17559739] = {['id']=17559739, ['name']="NattyGibbon", ['index']=187, ['level']=92},
    [17559740] = {['id']=17559740, ['name']="NattyGibbon", ['index']=188, ['level']=92},
    [17559741] = {['id']=17559741, ['name']="NattyGibbon", ['index']=189, ['level']=92},
    [17559742] = {['id']=17559742, ['name']="NattyGibbon", ['index']=190, ['level']=93},
    [17559743] = {['id']=17559743, ['name']="Trimmer", ['index']=191, ['level']=92},
    [17559744] = {['id']=17559744, ['name']="Trimmer", ['index']=192, ['level']=91},
    [17559745] = {['id']=17559745, ['name']="Trimmer", ['index']=193, ['level']=92},
    [17559746] = {['id']=17559746, ['name']="Trimmer", ['index']=194, ['level']=91},
    [17559747] = {['id']=17559747, ['name']="WitchettyGrub", ['index']=195, ['level']=90},
    [17559748] = {['id']=17559748, ['name']="WitchettyGrub", ['index']=196, ['level']=88},
    [17559749] = {['id']=17559749, ['name']="WitchettyGrub", ['index']=197, ['level']=89},
    [17559750] = {['id']=17559750, ['name']="WitchettyGrub", ['index']=198, ['level']=90},
    [17559751] = {['id']=17559751, ['name']="WitchettyGrub", ['index']=199, ['level']=90},
    [17559752] = {['id']=17559752, ['name']="WitchettyGrub", ['index']=200, ['level']=90},
    [17559753] = {['id']=17559753, ['name']="NattyGibbon", ['index']=201, ['level']=93},
    [17559754] = {['id']=17559754, ['name']="NattyGibbon", ['index']=202, ['level']=92},
    [17559755] = {['id']=17559755, ['name']="NattyGibbon", ['index']=203, ['level']=93},
    [17559756] = {['id']=17559756, ['name']="Trimmer", ['index']=204, ['level']=92},
    [17559757] = {['id']=17559757, ['name']="Trimmer", ['index']=205, ['level']=91},
    [17559758] = {['id']=17559758, ['name']="Trimmer", ['index']=206, ['level']=90},
    [17559759] = {['id']=17559759, ['name']="NattyGibbon", ['index']=207, ['level']=93},
    [17559760] = {['id']=17559760, ['name']="NattyGibbon", ['index']=208, ['level']=93},
    [17559761] = {['id']=17559761, ['name']="NattyGibbon", ['index']=209, ['level']=93},
    [17559762] = {['id']=17559762, ['name']="Trimmer", ['index']=210, ['level']=91},
    [17559763] = {['id']=17559763, ['name']="Trimmer", ['index']=211, ['level']=92},
    [17559764] = {['id']=17559764, ['name']="Trimmer", ['index']=212, ['level']=92},
    [17559765] = {['id']=17559765, ['name']="NattyGibbon", ['index']=213, ['level']=92},
    [17559766] = {['id']=17559766, ['name']="NattyGibbon", ['index']=214, ['level']=93},
    [17559767] = {['id']=17559767, ['name']="NattyGibbon", ['index']=215, ['level']=92},
    [17559768] = {['id']=17559768, ['name']="Trimmer", ['index']=216, ['level']=91},
    [17559769] = {['id']=17559769, ['name']="Trimmer", ['index']=217, ['level']=91},
    [17559770] = {['id']=17559770, ['name']="Trimmer", ['index']=218, ['level']=90},
    [17559771] = {['id']=17559771, ['name']="NattyGibbon", ['index']=219, ['level']=93},
    [17559772] = {['id']=17559772, ['name']="NattyGibbon", ['index']=220, ['level']=93},
    [17559773] = {['id']=17559773, ['name']="NattyGibbon", ['index']=221, ['level']=92},
    [17559774] = {['id']=17559774, ['name']="FumeLizard", ['index']=222, ['level']=89},
    [17559775] = {['id']=17559775, ['name']="FumeLizard", ['index']=223, ['level']=87},
    [17559776] = {['id']=17559776, ['name']="FumeLizard", ['index']=224, ['level']=89},
    [17559779] = {['id']=17559779, ['name']="NattyGibbon", ['index']=227, ['level']=92},
    [17559781] = {['id']=17559781, ['name']="FumeLizard", ['index']=229, ['level']=88},
    [17559782] = {['id']=17559782, ['name']="FumeLizard", ['index']=230, ['level']=87},
    [17559786] = {['id']=17559786, ['name']="FumeLizard", ['index']=234, ['level']=87},
    [17559787] = {['id']=17559787, ['name']="FumeLizard", ['index']=235, ['level']=89},
    [17559788] = {['id']=17559788, ['name']="FumeLizard", ['index']=236, ['level']=88},
    [17559805] = {['id']=17559805, ['name']="GoblinConjurer", ['index']=253, ['level']=91},
    [17559732] = {['id']=17559732, ['name']="WitchettyGrub", ['index']=180, ['level']=89},
    [17559780] = {['id']=17559780, ['name']="FumeLizard", ['index']=228, ['level']=88},
    [17559785] = {['id']=17559785, ['name']="NattyGibbon", ['index']=233, ['level']=93},
    [17559783] = {['id']=17559783, ['name']="NattyGibbon", ['index']=231, ['level']=92},
    [17559784] = {['id']=17559784, ['name']="NattyGibbon", ['index']=232, ['level']=92},
    [17559777] = {['id']=17559777, ['name']="NattyGibbon", ['index']=225, ['level']=92},
    [17559789] = {['id']=17559789, ['name']="FumeLizard", ['index']=237, ['level']=87},
    [17559790] = {['id']=17559790, ['name']="FumeLizard", ['index']=238, ['level']=88},
