    [17432679] = {['id']=17432679, ['name']="TonberryTraile", ['index']=103, ['level']=65},
    [17432680] = {['id']=17432680, ['name']="TonberryImprec", ['index']=104, ['level']=62},
    [17432683] = {['id']=17432683, ['name']="TonberryTraile", ['index']=107, ['level']=64},
    [17432684] = {['id']=17432684, ['name']="DireBat", ['index']=108, ['level']=62},
    [17432649] = {['id']=17432649, ['name']="CaveWorm", ['index']=73, ['level']=62},
    [17432650] = {['id']=17432650, ['name']="CaveWorm", ['index']=74, ['level']=64},
    [17432651] = {['id']=17432651, ['name']="TonberryTraile", ['index']=75, ['level']=65},
    [17432652] = {['id']=17432652, ['name']="CaveWorm", ['index']=76, ['level']=64},
    [17432654] = {['id']=17432654, ['name']="CaveWorm", ['index']=78, ['level']=62},
    [17432655] = {['id']=17432655, ['name']="CaveWorm", ['index']=79, ['level']=64},
    [17432656] = {['id']=17432656, ['name']="CaveWorm", ['index']=80, ['level']=62},
    [17432657] = {['id']=17432657, ['name']="DireBat", ['index']=81, ['level']=62},
    [17432658] = {['id']=17432658, ['name']="DireBat", ['index']=82, ['level']=61},
    [17432661] = {['id']=17432661, ['name']="TonberryImprec", ['index']=85, ['level']=63},
    [17432664] = {['id']=17432664, ['name']="CaveWorm", ['index']=88, ['level']=63},
    [17432647] = {['id']=17432647, ['name']="TonberryImprec", ['index']=71, ['level']=63},
    [17432670] = {['id']=17432670, ['name']="TonberryTraile", ['index']=94, ['level']=65},
    [17432672] = {['id']=17432672, ['name']="DireBat", ['index']=96, ['level']=62},
    [17432673] = {['id']=17432673, ['name']="DireBat", ['index']=97, ['level']=61},
    [17432675] = {['id']=17432675, ['name']="CaveWorm", ['index']=99, ['level']=61},
    [17432676] = {['id']=17432676, ['name']="TonberryTraile", ['index']=100, ['level']=65},
    [17432677] = {['id']=17432677, ['name']="DireBat", ['index']=101, ['level']=63},
    [17432678] = {['id']=17432678, ['name']="DireBat", ['index']=102, ['level']=62},
    [17432681] = {['id']=17432681, ['name']="DireBat", ['index']=105, ['level']=60},
    [17432682] = {['id']=17432682, ['name']="DireBat", ['index']=106, ['level']=63},
    [17432685] = {['id']=17432685, ['name']="TonberryImprec", ['index']=109, ['level']=62},
    [17432686] = {['id']=17432686, ['name']="DireBat", ['index']=110, ['level']=63},
    [17433095] = {['id']=17433095, ['name']="GroundsTome", ['index']=519, ['level']=0},
    [17432648] = {['id']=17432648, ['name']="DireBat", ['index']=72, ['level']=62},
    [17432653] = {['id']=17432653, ['name']="CaveWorm", ['index']=77, ['level']=63},
    [17432645] = {['id']=17432645, ['name']="DireBat", ['index']=69, ['level']=62},
    [17432644] = {['id']=17432644, ['name']="DireBat", ['index']=68, ['level']=63},
    [17432584] = {['id']=17432584, ['name']="TonberryTraile", ['index']=8, ['level']=63},
    [17432585] = {['id']=17432585, ['name']="DireBat", ['index']=9, ['level']=62},
    [17432586] = {['id']=17432586, ['name']="TonberryTraile", ['index']=10, ['level']=63},
    [17432587] = {['id']=17432587, ['name']="DireBat", ['index']=11, ['level']=62},
    [17432588] = {['id']=17432588, ['name']="DireBat", ['index']=12, ['level']=60},
    [17432589] = {['id']=17432589, ['name']="FireElemental", ['index']=13, ['level']=71},
    [17432590] = {['id']=17432590, ['name']="TonberryImprec", ['index']=14, ['level']=63},
    [17432591] = {['id']=17432591, ['name']="DireBat", ['index']=15, ['level']=63},
    [17432592] = {['id']=17432592, ['name']="TonberryTraile", ['index']=16, ['level']=63},
    [17432593] = {['id']=17432593, ['name']="TonberryImprec", ['index']=17, ['level']=64},
    [17432594] = {['id']=17432594, ['name']="DireBat", ['index']=18, ['level']=61},
    [17432596] = {['id']=17432596, ['name']="DireBat", ['index']=20, ['level']=63},
    [17432597] = {['id']=17432597, ['name']="TonberryTraile", ['index']=21, ['level']=62},
    [17432599] = {['id']=17432599, ['name']="DireBat", ['index']=23, ['level']=60},
    [17432603] = {['id']=17432603, ['name']="DireBat", ['index']=27, ['level']=63},
    [17432604] = {['id']=17432604, ['name']="DireBat", ['index']=28, ['level']=61},
    [17432605] = {['id']=17432605, ['name']="DireBat", ['index']=29, ['level']=62},
    [17432606] = {['id']=17432606, ['name']="DireBat", ['index']=30, ['level']=60},
    [17432607] = {['id']=17432607, ['name']="TonberryTraile", ['index']=31, ['level']=64},
    [17432610] = {['id']=17432610, ['name']="DireBat", ['index']=34, ['level']=62},
    [17432612] = {['id']=17432612, ['name']="DireBat", ['index']=36, ['level']=61},
    [17432617] = {['id']=17432617, ['name']="TonberryTraile", ['index']=41, ['level']=62},
    [17432627] = {['id']=17432627, ['name']="DireBat", ['index']=51, ['level']=62},
    [17432632] = {['id']=17432632, ['name']="TonberryBeleag", ['index']=56, ['level']=67},
    [17432633] = {['id']=17432633, ['name']="Tonberry'sElem", ['index']=57, ['level']=54},
    [17432634] = {['id']=17432634, ['name']="DireBat", ['index']=58, ['level']=60},
    [17432641] = {['id']=17432641, ['name']="DireBat", ['index']=65, ['level']=61},
    [17432642] = {['id']=17432642, ['name']="DireBat", ['index']=66, ['level']=63},
    [17432643] = {['id']=17432643, ['name']="DireBat", ['index']=67, ['level']=61},
    [17432646] = {['id']=17432646, ['name']="DireBat", ['index']=70, ['level']=61},
    [17432811] = {['id']=17432811, ['name']="DireBat", ['index']=235, ['level']=62},
    [17432602] = {['id']=17432602, ['name']="DireBat", ['index']=26, ['level']=62},
    [17432601] = {['id']=17432601, ['name']="DireBat", ['index']=25, ['level']=63},
    [17432595] = {['id']=17432595, ['name']="DireBat", ['index']=19, ['level']=60},
    [17432799] = {['id']=17432799, ['name']="TonberryBeleag", ['index']=223, ['level']=68},
    [17432800] = {['id']=17432800, ['name']="Tonberry'sElem", ['index']=224, ['level']=55},
    [17432663] = {['id']=17432663, ['name']="CaveWorm", ['index']=87, ['level']=62},
    [17432786] = {['id']=17432786, ['name']="Mousse", ['index']=210, ['level']=65},
    [17432785] = {['id']=17432785, ['name']="TonberrySlashe", ['index']=209, ['level']=67},
    [17432626] = {['id']=17432626, ['name']="DireBat", ['index']=50, ['level']=60},
    [17432784] = {['id']=17432784, ['name']="TonberrySlashe", ['index']=208, ['level']=67},
    [17432781] = {['id']=17432781, ['name']="DireBat", ['index']=205, ['level']=62},
    [17432782] = {['id']=17432782, ['name']="DireBat", ['index']=206, ['level']=60},
    [17432796] = {['id']=17432796, ['name']="Mousse", ['index']=220, ['level']=66},
    [17432797] = {['id']=17432797, ['name']="Mousse", ['index']=221, ['level']=65},
    [17432791] = {['id']=17432791, ['name']="Mousse", ['index']=215, ['level']=67},
    [17432790] = {['id']=17432790, ['name']="Tonberry'sElem", ['index']=214, ['level']=55},
    [17432789] = {['id']=17432789, ['name']="TonberryBeleag", ['index']=213, ['level']=66},
    [17432665] = {['id']=17432665, ['name']="TonberryTraile", ['index']=89, ['level']=62},
    [17432666] = {['id']=17432666, ['name']="CaveWorm", ['index']=90, ['level']=61},
    [17432671] = {['id']=17432671, ['name']="TonberryImprec", ['index']=95, ['level']=63},
    [17432667] = {['id']=17432667, ['name']="CaveWorm", ['index']=91, ['level']=64},
    [17432787] = {['id']=17432787, ['name']="TonberrySlashe", ['index']=211, ['level']=68},
    [17432793] = {['id']=17432793, ['name']="TonberrySlashe", ['index']=217, ['level']=68},
    [17432912] = {['id']=17432912, ['name']="SuccubusBats", ['index']=336, ['level']=67},
    [17432835] = {['id']=17432835, ['name']="DireBat", ['index']=259, ['level']=60},
    [17432792] = {['id']=17432792, ['name']="FireElemental", ['index']=216, ['level']=70},
    [17432788] = {['id']=17432788, ['name']="TonberrySlashe", ['index']=212, ['level']=67},
    [17432836] = {['id']=17432836, ['name']="Mousse", ['index']=260, ['level']=67},
    [17432834] = {['id']=17432834, ['name']="DireBat", ['index']=258, ['level']=62},
    [17432795] = {['id']=17432795, ['name']="Mousse", ['index']=219, ['level']=64},
    [17432802] = {['id']=17432802, ['name']="TonberryBeleag", ['index']=226, ['level']=68},
    [17432794] = {['id']=17432794, ['name']="TonberrySlashe", ['index']=218, ['level']=68},
    [17432832] = {['id']=17432832, ['name']="DireBat", ['index']=256, ['level']=63},
    [17432803] = {['id']=17432803, ['name']="Tonberry'sElem", ['index']=227, ['level']=54},
    [17433093] = {['id']=17433093, ['name']="GroundsTome", ['index']=517, ['level']=0},
    [17432919] = {['id']=17432919, ['name']="TonberrySlashe", ['index']=343, ['level']=69},
    [17432922] = {['id']=17432922, ['name']="SuccubusBats", ['index']=346, ['level']=65},
    [17432920] = {['id']=17432920, ['name']="TonberrySlashe", ['index']=344, ['level']=67},
    [17432921] = {['id']=17432921, ['name']="SuccubusBats", ['index']=345, ['level']=67},
    [17432917] = {['id']=17432917, ['name']="SuccubusBats", ['index']=341, ['level']=68},
    [17432914] = {['id']=17432914, ['name']="TonberrySlashe", ['index']=338, ['level']=69},
    [17432833] = {['id']=17432833, ['name']="DireBat", ['index']=257, ['level']=61},
    [17432916] = {['id']=17432916, ['name']="Tonberry'sElem", ['index']=340, ['level']=55},
    [17432915] = {['id']=17432915, ['name']="TonberryBeleag", ['index']=339, ['level']=66},
    [17432918] = {['id']=17432918, ['name']="SuccubusBats", ['index']=342, ['level']=67},
    [17432841] = {['id']=17432841, ['name']="Mousse", ['index']=265, ['level']=67},
    [17432837] = {['id']=17432837, ['name']="DireBat", ['index']=261, ['level']=61},
    [17432804] = {['id']=17432804, ['name']="DireBat", ['index']=228, ['level']=63},
    [17432805] = {['id']=17432805, ['name']="DireBat", ['index']=229, ['level']=61},
    [17432806] = {['id']=17432806, ['name']="DireBat", ['index']=230, ['level']=63},
    [17432807] = {['id']=17432807, ['name']="Mousse", ['index']=231, ['level']=64},
    [17432808] = {['id']=17432808, ['name']="Mousse", ['index']=232, ['level']=64},
    [17432809] = {['id']=17432809, ['name']="DireBat", ['index']=233, ['level']=62},
    [17432838] = {['id']=17432838, ['name']="DireBat", ['index']=262, ['level']=63},
    [17432839] = {['id']=17432839, ['name']="DireBat", ['index']=263, ['level']=62},
    [17432840] = {['id']=17432840, ['name']="Mousse", ['index']=264, ['level']=65},
    [17432842] = {['id']=17432842, ['name']="DireBat", ['index']=266, ['level']=60},
    [17432843] = {['id']=17432843, ['name']="Mousse", ['index']=267, ['level']=65},
    [17432844] = {['id']=17432844, ['name']="Mousse", ['index']=268, ['level']=67},
    [17432846] = {['id']=17432846, ['name']="Mousse", ['index']=270, ['level']=66},
    [17432847] = {['id']=17432847, ['name']="Mousse", ['index']=271, ['level']=66},
    [17432849] = {['id']=17432849, ['name']="TonberrySlashe", ['index']=273, ['level']=67},
    [17432850] = {['id']=17432850, ['name']="TonberrySlashe", ['index']=274, ['level']=68},
    [17432851] = {['id']=17432851, ['name']="TonberryBeleag", ['index']=275, ['level']=69},
    [17432852] = {['id']=17432852, ['name']="Tonberry'sElem", ['index']=276, ['level']=55},
    [17432853] = {['id']=17432853, ['name']="DireBat", ['index']=277, ['level']=60},
    [17432855] = {['id']=17432855, ['name']="Mousse", ['index']=279, ['level']=66},
    [17432863] = {['id']=17432863, ['name']="DireBat", ['index']=287, ['level']=63},
    [17432864] = {['id']=17432864, ['name']="DireBat", ['index']=288, ['level']=62},
    [17432865] = {['id']=17432865, ['name']="Mousse", ['index']=289, ['level']=64},
    [17432866] = {['id']=17432866, ['name']="DireBat", ['index']=290, ['level']=60},
    [17432867] = {['id']=17432867, ['name']="TonberrySlashe", ['index']=291, ['level']=68},
    [17432868] = {['id']=17432868, ['name']="TonberryBeleag", ['index']=292, ['level']=67},
    [17432869] = {['id']=17432869, ['name']="Tonberry'sElem", ['index']=293, ['level']=55},
    [17432870] = {['id']=17432870, ['name']="DireBat", ['index']=294, ['level']=60},
    [17432871] = {['id']=17432871, ['name']="TonberrySlashe", ['index']=295, ['level']=67},
    [17432874] = {['id']=17432874, ['name']="DireBat", ['index']=298, ['level']=63},
    [17432875] = {['id']=17432875, ['name']="DireBat", ['index']=299, ['level']=62},
    [17432876] = {['id']=17432876, ['name']="Mousse", ['index']=300, ['level']=64},
    [17432877] = {['id']=17432877, ['name']="Mousse", ['index']=301, ['level']=67},
    [17432878] = {['id']=17432878, ['name']="DireBat", ['index']=302, ['level']=61},
    [17432879] = {['id']=17432879, ['name']="DireBat", ['index']=303, ['level']=63},
    [17432880] = {['id']=17432880, ['name']="DireBat", ['index']=304, ['level']=63},
    [17432881] = {['id']=17432881, ['name']="Mousse", ['index']=305, ['level']=67},
    [17432882] = {['id']=17432882, ['name']="Mousse", ['index']=306, ['level']=65},
    [17432883] = {['id']=17432883, ['name']="Mousse", ['index']=307, ['level']=65},
    [17432884] = {['id']=17432884, ['name']="Mousse", ['index']=308, ['level']=66},
    [17432885] = {['id']=17432885, ['name']="Mousse", ['index']=309, ['level']=64},
    [17432886] = {['id']=17432886, ['name']="Mousse", ['index']=310, ['level']=67},
    [17432888] = {['id']=17432888, ['name']="DireBat", ['index']=312, ['level']=61},
    [17432889] = {['id']=17432889, ['name']="DireBat", ['index']=313, ['level']=62},
    [17432890] = {['id']=17432890, ['name']="Mousse", ['index']=314, ['level']=66},
    [17432887] = {['id']=17432887, ['name']="Mousse", ['index']=311, ['level']=67},
    [17432872] = {['id']=17432872, ['name']="Mousse", ['index']=296, ['level']=65},
    [17432873] = {['id']=17432873, ['name']="Mousse", ['index']=297, ['level']=65},
    [17432944] = {['id']=17432944, ['name']="MillionEyes", ['index']=368, ['level']=74},
    [17432945] = {['id']=17432945, ['name']="MillionEyes", ['index']=369, ['level']=73},
    [17432946] = {['id']=17432946, ['name']="MillionEyes", ['index']=370, ['level']=73},
    [17432947] = {['id']=17432947, ['name']="MillionEyes", ['index']=371, ['level']=76},
    [17432948] = {['id']=17432948, ['name']="MillionEyes", ['index']=372, ['level']=74},
    [17432949] = {['id']=17432949, ['name']="MillionEyes", ['index']=373, ['level']=74},
    [17432950] = {['id']=17432950, ['name']="MillionEyes", ['index']=374, ['level']=75},
    [17432951] = {['id']=17432951, ['name']="MillionEyes", ['index']=375, ['level']=73},
    [17432952] = {['id']=17432952, ['name']="MillionEyes", ['index']=376, ['level']=74},
    [17432953] = {['id']=17432953, ['name']="MillionEyes", ['index']=377, ['level']=73},
    [17432994] = {['id']=17432994, ['name']="MillionEyes", ['index']=418, ['level']=75},
    [17432995] = {['id']=17432995, ['name']="MillionEyes", ['index']=419, ['level']=73},
    [17432996] = {['id']=17432996, ['name']="MillionEyes", ['index']=420, ['level']=75},
    [17432976] = {['id']=17432976, ['name']="MillionEyes", ['index']=400, ['level']=75},
    [17432975] = {['id']=17432975, ['name']="MillionEyes", ['index']=399, ['level']=76},
    [17432978] = {['id']=17432978, ['name']="DoomToad", ['index']=402, ['level']=77},
    [17432977] = {['id']=17432977, ['name']="MillionEyes", ['index']=401, ['level']=76},
    [17432972] = {['id']=17432972, ['name']="DoomToad", ['index']=396, ['level']=78},
    [17432969] = {['id']=17432969, ['name']="MillionEyes", ['index']=393, ['level']=75},
    [17432970] = {['id']=17432970, ['name']="MillionEyes", ['index']=394, ['level']=73},
    [17432973] = {['id']=17432973, ['name']="DoomToad", ['index']=397, ['level']=77},
    [17432971] = {['id']=17432971, ['name']="MillionEyes", ['index']=395, ['level']=74},
    [17432963] = {['id']=17432963, ['name']="MillionEyes", ['index']=387, ['level']=73},
    [17432974] = {['id']=17432974, ['name']="Ogama", ['index']=398, ['level']=80},
    [17432647] = {['id']=17432647, ['name']="TonberryImprec", ['index']=71, ['level']=62},
    [17432648] = {['id']=17432648, ['name']="DireBat", ['index']=72, ['level']=62},
    [17432649] = {['id']=17432649, ['name']="CaveWorm", ['index']=73, ['level']=61},
    [17432650] = {['id']=17432650, ['name']="CaveWorm", ['index']=74, ['level']=61},
    [17432651] = {['id']=17432651, ['name']="TonberryTraile", ['index']=75, ['level']=63},
    [17432652] = {['id']=17432652, ['name']="CaveWorm", ['index']=76, ['level']=61},
    [17432653] = {['id']=17432653, ['name']="CaveWorm", ['index']=77, ['level']=63},
    [17432654] = {['id']=17432654, ['name']="CaveWorm", ['index']=78, ['level']=61},
    [17432655] = {['id']=17432655, ['name']="CaveWorm", ['index']=79, ['level']=61},
    [17432656] = {['id']=17432656, ['name']="CaveWorm", ['index']=80, ['level']=61},
    [17432658] = {['id']=17432658, ['name']="DireBat", ['index']=82, ['level']=62},
    [17432670] = {['id']=17432670, ['name']="TonberryTraile", ['index']=94, ['level']=65},
    [17432672] = {['id']=17432672, ['name']="DireBat", ['index']=96, ['level']=60},
    [17432673] = {['id']=17432673, ['name']="DireBat", ['index']=97, ['level']=61},
    [17432674] = {['id']=17432674, ['name']="CaveWorm", ['index']=98, ['level']=64},
    [17432676] = {['id']=17432676, ['name']="TonberryTraile", ['index']=100, ['level']=65},
    [17432677] = {['id']=17432677, ['name']="DireBat", ['index']=101, ['level']=62},
    [17432678] = {['id']=17432678, ['name']="DireBat", ['index']=102, ['level']=62},
    [17432679] = {['id']=17432679, ['name']="TonberryTraile", ['index']=103, ['level']=63},
    [17432680] = {['id']=17432680, ['name']="TonberryImprec", ['index']=104, ['level']=64},
    [17432681] = {['id']=17432681, ['name']="DireBat", ['index']=105, ['level']=63},
    [17432682] = {['id']=17432682, ['name']="DireBat", ['index']=106, ['level']=62},
    [17432683] = {['id']=17432683, ['name']="TonberryTraile", ['index']=107, ['level']=64},
    [17432684] = {['id']=17432684, ['name']="DireBat", ['index']=108, ['level']=61},
    [17432685] = {['id']=17432685, ['name']="TonberryImprec", ['index']=109, ['level']=62},
    [17432686] = {['id']=17432686, ['name']="DireBat", ['index']=110, ['level']=60},
    [17433095] = {['id']=17433095, ['name']="GroundsTome", ['index']=519, ['level']=0},
    [17432657] = {['id']=17432657, ['name']="DireBat", ['index']=81, ['level']=60},
    [17432675] = {['id']=17432675, ['name']="CaveWorm", ['index']=99, ['level']=64},
    [17432644] = {['id']=17432644, ['name']="DireBat", ['index']=68, ['level']=60},
    [17432645] = {['id']=17432645, ['name']="DireBat", ['index']=69, ['level']=63},
    [17432920] = {['id']=17432920, ['name']="TonberrySlashe", ['index']=344, ['level']=67},
    [17432922] = {['id']=17432922, ['name']="SuccubusBats", ['index']=346, ['level']=65},
    [17432921] = {['id']=17432921, ['name']="SuccubusBats", ['index']=345, ['level']=66},
    [17432928] = {['id']=17432928, ['name']="TonberrySlashe", ['index']=352, ['level']=67},
    [17432930] = {['id']=17432930, ['name']="SuccubusBats", ['index']=354, ['level']=68},
    [17432932] = {['id']=17432932, ['name']="SuccubusBats", ['index']=356, ['level']=66},
    [17432933] = {['id']=17432933, ['name']="Mousse", ['index']=357, ['level']=67},
    [17432934] = {['id']=17432934, ['name']="Mousse", ['index']=358, ['level']=65},
    [17432935] = {['id']=17432935, ['name']="CutlassScorpio", ['index']=359, ['level']=69},
    [17432960] = {['id']=17432960, ['name']="MillionEyes", ['index']=384, ['level']=76},
    [17432931] = {['id']=17432931, ['name']="CutlassScorpio", ['index']=355, ['level']=68},
    [17432938] = {['id']=17432938, ['name']="SuccubusBats", ['index']=362, ['level']=66},
    [17432940] = {['id']=17432940, ['name']="Mousse", ['index']=364, ['level']=65},
    [17432939] = {['id']=17432939, ['name']="SuccubusBats", ['index']=363, ['level']=65},
    [17432923] = {['id']=17432923, ['name']="TonberrySlashe", ['index']=347, ['level']=68},
    [17432924] = {['id']=17432924, ['name']="TonberryBeleag", ['index']=348, ['level']=68},
    [17432926] = {['id']=17432926, ['name']="SuccubusBats", ['index']=350, ['level']=66},
    [17432929] = {['id']=17432929, ['name']="TonberrySlashe", ['index']=353, ['level']=67},
    [17432936] = {['id']=17432936, ['name']="TonberryBeleag", ['index']=360, ['level']=69},
    [17432943] = {['id']=17432943, ['name']="Bifrons", ['index']=367, ['level']=70},
    [17432941] = {['id']=17432941, ['name']="Mousse", ['index']=365, ['level']=65},
    [17432942] = {['id']=17432942, ['name']="Bifrons", ['index']=366, ['level']=68},
    [17432918] = {['id']=17432918, ['name']="SuccubusBats", ['index']=342, ['level']=67},
    [17432919] = {['id']=17432919, ['name']="TonberrySlashe", ['index']=343, ['level']=68},
    [17432661] = {['id']=17432661, ['name']="TonberryImprec", ['index']=85, ['level']=64},
    [17432663] = {['id']=17432663, ['name']="CaveWorm", ['index']=87, ['level']=63},
    [17432665] = {['id']=17432665, ['name']="TonberryTraile", ['index']=89, ['level']=63},
    [17432666] = {['id']=17432666, ['name']="CaveWorm", ['index']=90, ['level']=64},
    [17432667] = {['id']=17432667, ['name']="CaveWorm", ['index']=91, ['level']=61},
    [17432668] = {['id']=17432668, ['name']="TonberryImprec", ['index']=92, ['level']=63},
    [17432669] = {['id']=17432669, ['name']="DireBat", ['index']=93, ['level']=63},
    [17432671] = {['id']=17432671, ['name']="TonberryImprec", ['index']=95, ['level']=62},
    [17432914] = {['id']=17432914, ['name']="TonberrySlashe", ['index']=338, ['level']=69},
    [17432915] = {['id']=17432915, ['name']="TonberryBeleag", ['index']=339, ['level']=69},
    [17432916] = {['id']=17432916, ['name']="Tonberry\'sElem", ['index']=340, ['level']=54},
    [17432917] = {['id']=17432917, ['name']="SuccubusBats", ['index']=341, ['level']=67},
    [17432925] = {['id']=17432925, ['name']="Tonberry\'sElem", ['index']=349, ['level']=55},
    [17432937] = {['id']=17432937, ['name']="Tonberry\'sElem", ['index']=361, ['level']=55},
    [17432664] = {['id']=17432664, ['name']="CaveWorm", ['index']=88, ['level']=62},
    [17432912] = {['id']=17432912, ['name']="SuccubusBats", ['index']=336, ['level']=68},
    [17432586] = {['id']=17432586, ['name']="TonberryTraile", ['index']=10, ['level']=64},
    [17432590] = {['id']=17432590, ['name']="TonberryImprec", ['index']=14, ['level']=62},
    [17432594] = {['id']=17432594, ['name']="DireBat", ['index']=18, ['level']=62},
    [17432595] = {['id']=17432595, ['name']="DireBat", ['index']=19, ['level']=61},
    [17432596] = {['id']=17432596, ['name']="DireBat", ['index']=20, ['level']=60},
    [17432597] = {['id']=17432597, ['name']="TonberryTraile", ['index']=21, ['level']=64},
    [17432598] = {['id']=17432598, ['name']="DireBat", ['index']=22, ['level']=60},
    [17432599] = {['id']=17432599, ['name']="DireBat", ['index']=23, ['level']=63},
    [17432600] = {['id']=17432600, ['name']="DireBat", ['index']=24, ['level']=61},
    [17432602] = {['id']=17432602, ['name']="DireBat", ['index']=26, ['level']=60},
    [17432606] = {['id']=17432606, ['name']="DireBat", ['index']=30, ['level']=60},
    [17432607] = {['id']=17432607, ['name']="TonberryTraile", ['index']=31, ['level']=62},
    [17432609] = {['id']=17432609, ['name']="SozuBliberry", ['index']=33, ['level']=65},
    [17432610] = {['id']=17432610, ['name']="DireBat", ['index']=34, ['level']=60},
    [17432611] = {['id']=17432611, ['name']="DireBat", ['index']=35, ['level']=60},
    [17432612] = {['id']=17432612, ['name']="DireBat", ['index']=36, ['level']=61},
    [17432617] = {['id']=17432617, ['name']="TonberryTraile", ['index']=41, ['level']=64},
    [17432627] = {['id']=17432627, ['name']="DireBat", ['index']=51, ['level']=62},
    [17432632] = {['id']=17432632, ['name']="TonberryBeleag", ['index']=56, ['level']=68},
    [17432633] = {['id']=17432633, ['name']="Tonberry\'sElem", ['index']=57, ['level']=55},
    [17432634] = {['id']=17432634, ['name']="DireBat", ['index']=58, ['level']=60},
    [17432635] = {['id']=17432635, ['name']="DireBat", ['index']=59, ['level']=61},
    [17432637] = {['id']=17432637, ['name']="DireBat", ['index']=61, ['level']=62},
    [17432781] = {['id']=17432781, ['name']="DireBat", ['index']=205, ['level']=60},
    [17432782] = {['id']=17432782, ['name']="DireBat", ['index']=206, ['level']=61},
    [17432783] = {['id']=17432783, ['name']="Mousse", ['index']=207, ['level']=66},
    [17432810] = {['id']=17432810, ['name']="DireBat", ['index']=234, ['level']=62},
    [17432811] = {['id']=17432811, ['name']="DireBat", ['index']=235, ['level']=60},
    [17432812] = {['id']=17432812, ['name']="DireBat", ['index']=236, ['level']=61},
    [17432813] = {['id']=17432813, ['name']="Mousse", ['index']=237, ['level']=66},
    [17432814] = {['id']=17432814, ['name']="Mousse", ['index']=238, ['level']=67},
    [17432822] = {['id']=17432822, ['name']="TonberryBeleag", ['index']=246, ['level']=68},
    [17432823] = {['id']=17432823, ['name']="Tonberry\'sElem", ['index']=247, ['level']=54},
    [17432826] = {['id']=17432826, ['name']="TonberrySlashe", ['index']=250, ['level']=69},
    [17432827] = {['id']=17432827, ['name']="DireBat", ['index']=251, ['level']=63},
    [17432828] = {['id']=17432828, ['name']="DireBat", ['index']=252, ['level']=60},
    [17432829] = {['id']=17432829, ['name']="DireBat", ['index']=253, ['level']=62},
    [17432830] = {['id']=17432830, ['name']="Mousse", ['index']=254, ['level']=64},
    [17432831] = {['id']=17432831, ['name']="Mousse", ['index']=255, ['level']=67},
    [17432832] = {['id']=17432832, ['name']="DireBat", ['index']=256, ['level']=63},
    [17432833] = {['id']=17432833, ['name']="DireBat", ['index']=257, ['level']=63},
    [17432834] = {['id']=17432834, ['name']="DireBat", ['index']=258, ['level']=63},
    [17432835] = {['id']=17432835, ['name']="DireBat", ['index']=259, ['level']=61},
    [17432836] = {['id']=17432836, ['name']="Mousse", ['index']=260, ['level']=66},
    [17433094] = {['id']=17433094, ['name']="GroundsTome", ['index']=518, ['level']=0},
    [17432636] = {['id']=17432636, ['name']="DireBat", ['index']=60, ['level']=60},
    [17432630] = {['id']=17432630, ['name']="DireBat", ['index']=54, ['level']=61},
    [17432628] = {['id']=17432628, ['name']="TonberrySlashe", ['index']=52, ['level']=69},
    [17432629] = {['id']=17432629, ['name']="TonberrySlashe", ['index']=53, ['level']=69},
    [17432837] = {['id']=17432837, ['name']="DireBat", ['index']=261, ['level']=61},
    [17432838] = {['id']=17432838, ['name']="DireBat", ['index']=262, ['level']=63},
    [17432839] = {['id']=17432839, ['name']="DireBat", ['index']=263, ['level']=63},
    [17432840] = {['id']=17432840, ['name']="Mousse", ['index']=264, ['level']=67},
    [17432841] = {['id']=17432841, ['name']="Mousse", ['index']=265, ['level']=66},
    [17432846] = {['id']=17432846, ['name']="Mousse", ['index']=270, ['level']=65},
    [17432847] = {['id']=17432847, ['name']="Mousse", ['index']=271, ['level']=65},
    [17433093] = {['id']=17433093, ['name']="GroundsTome", ['index']=517, ['level']=0},
    [17432818] = {['id']=17432818, ['name']="Mousse", ['index']=242, ['level']=67},
    [17432639] = {['id']=17432639, ['name']="Bifrons", ['index']=63, ['level']=70},
    [17432638] = {['id']=17432638, ['name']="Bifrons", ['index']=62, ['level']=68},
    [17432641] = {['id']=17432641, ['name']="DireBat", ['index']=65, ['level']=61},
    [17432642] = {['id']=17432642, ['name']="DireBat", ['index']=66, ['level']=62},
    [17432643] = {['id']=17432643, ['name']="DireBat", ['index']=67, ['level']=60},
    [17432817] = {['id']=17432817, ['name']="DireBat", ['index']=241, ['level']=62},
    [17432815] = {['id']=17432815, ['name']="DireBat", ['index']=239, ['level']=61},
    [17432816] = {['id']=17432816, ['name']="DireBat", ['index']=240, ['level']=61},
    [17432820] = {['id']=17432820, ['name']="TonberryBeleag", ['index']=244, ['level']=69},
    [17432821] = {['id']=17432821, ['name']="Tonberry\'sElem", ['index']=245, ['level']=53},
    [17432819] = {['id']=17432819, ['name']="TonberrySlashe", ['index']=243, ['level']=69},
    [17432824] = {['id']=17432824, ['name']="Mousse", ['index']=248, ['level']=64},
    [17432825] = {['id']=17432825, ['name']="Mousse", ['index']=249, ['level']=66},
    [17432805] = {['id']=17432805, ['name']="DireBat", ['index']=229, ['level']=63},
    [17432806] = {['id']=17432806, ['name']="DireBat", ['index']=230, ['level']=62},
    [17432807] = {['id']=17432807, ['name']="Mousse", ['index']=231, ['level']=66},
    [17432842] = {['id']=17432842, ['name']="DireBat", ['index']=266, ['level']=61},
    [17432843] = {['id']=17432843, ['name']="Mousse", ['index']=267, ['level']=64},
    [17432844] = {['id']=17432844, ['name']="Mousse", ['index']=268, ['level']=64},
    [17432874] = {['id']=17432874, ['name']="DireBat", ['index']=298, ['level']=61},
    [17432875] = {['id']=17432875, ['name']="DireBat", ['index']=299, ['level']=61},
    [17432876] = {['id']=17432876, ['name']="Mousse", ['index']=300, ['level']=64},
    [17432877] = {['id']=17432877, ['name']="Mousse", ['index']=301, ['level']=65},
    [17432878] = {['id']=17432878, ['name']="DireBat", ['index']=302, ['level']=62},
    [17432879] = {['id']=17432879, ['name']="DireBat", ['index']=303, ['level']=63},
    [17432880] = {['id']=17432880, ['name']="DireBat", ['index']=304, ['level']=62},
    [17432881] = {['id']=17432881, ['name']="Mousse", ['index']=305, ['level']=66},
    [17432882] = {['id']=17432882, ['name']="Mousse", ['index']=306, ['level']=66},
    [17432883] = {['id']=17432883, ['name']="Mousse", ['index']=307, ['level']=66},
    [17432584] = {['id']=17432584, ['name']="TonberryTraile", ['index']=8, ['level']=62},
    [17432591] = {['id']=17432591, ['name']="DireBat", ['index']=15, ['level']=63},
    [17432592] = {['id']=17432592, ['name']="TonberryTraile", ['index']=16, ['level']=65},
    [17432593] = {['id']=17432593, ['name']="TonberryImprec", ['index']=17, ['level']=63},
    [17432884] = {['id']=17432884, ['name']="Mousse", ['index']=308, ['level']=66},
    [17432885] = {['id']=17432885, ['name']="Mousse", ['index']=309, ['level']=67},
    [17432887] = {['id']=17432887, ['name']="Mousse", ['index']=311, ['level']=67},
    [17432603] = {['id']=17432603, ['name']="DireBat", ['index']=27, ['level']=61},
    [17432604] = {['id']=17432604, ['name']="DireBat", ['index']=28, ['level']=60},
    [17432605] = {['id']=17432605, ['name']="DireBat", ['index']=29, ['level']=61},
    [17432784] = {['id']=17432784, ['name']="TonberrySlashe", ['index']=208, ['level']=69},
    [17432785] = {['id']=17432785, ['name']="TonberrySlashe", ['index']=209, ['level']=67},
    [17432786] = {['id']=17432786, ['name']="Mousse", ['index']=210, ['level']=67},
    [17432787] = {['id']=17432787, ['name']="TonberrySlashe", ['index']=211, ['level']=69},
    [17432789] = {['id']=17432789, ['name']="TonberryBeleag", ['index']=213, ['level']=67},
    [17432799] = {['id']=17432799, ['name']="TonberryBeleag", ['index']=223, ['level']=69},
    [17432804] = {['id']=17432804, ['name']="DireBat", ['index']=228, ['level']=62},
    [17432808] = {['id']=17432808, ['name']="Mousse", ['index']=232, ['level']=64},
    [17432809] = {['id']=17432809, ['name']="DireBat", ['index']=233, ['level']=61},
    [17432849] = {['id']=17432849, ['name']="TonberrySlashe", ['index']=273, ['level']=69},
    [17432850] = {['id']=17432850, ['name']="TonberrySlashe", ['index']=274, ['level']=69},
    [17432851] = {['id']=17432851, ['name']="TonberryBeleag", ['index']=275, ['level']=66},
    [17432852] = {['id']=17432852, ['name']="Tonberry\'sElem", ['index']=276, ['level']=55},
    [17432853] = {['id']=17432853, ['name']="DireBat", ['index']=277, ['level']=61},
    [17432854] = {['id']=17432854, ['name']="DireBat", ['index']=278, ['level']=62},
    [17432855] = {['id']=17432855, ['name']="Mousse", ['index']=279, ['level']=64},
    [17432863] = {['id']=17432863, ['name']="DireBat", ['index']=287, ['level']=62},
    [17432864] = {['id']=17432864, ['name']="DireBat", ['index']=288, ['level']=61},
    [17432865] = {['id']=17432865, ['name']="Mousse", ['index']=289, ['level']=64},
    [17432866] = {['id']=17432866, ['name']="DireBat", ['index']=290, ['level']=61},
    [17432867] = {['id']=17432867, ['name']="TonberrySlashe", ['index']=291, ['level']=67},
    [17432868] = {['id']=17432868, ['name']="TonberryBeleag", ['index']=292, ['level']=68},
    [17432870] = {['id']=17432870, ['name']="DireBat", ['index']=294, ['level']=60},
    [17432871] = {['id']=17432871, ['name']="TonberrySlashe", ['index']=295, ['level']=69},
    [17432872] = {['id']=17432872, ['name']="Mousse", ['index']=296, ['level']=66},
    [17432873] = {['id']=17432873, ['name']="Mousse", ['index']=297, ['level']=64},
    [17432888] = {['id']=17432888, ['name']="DireBat", ['index']=312, ['level']=63},
    [17432889] = {['id']=17432889, ['name']="DireBat", ['index']=313, ['level']=62},
    [17432890] = {['id']=17432890, ['name']="Mousse", ['index']=314, ['level']=65},
    [17432893] = {['id']=17432893, ['name']="Mousse", ['index']=317, ['level']=64},
    [17432788] = {['id']=17432788, ['name']="TonberrySlashe", ['index']=212, ['level']=67},
    [17432791] = {['id']=17432791, ['name']="Mousse", ['index']=215, ['level']=65},
    [17432793] = {['id']=17432793, ['name']="TonberrySlashe", ['index']=217, ['level']=68},
    [17432794] = {['id']=17432794, ['name']="TonberrySlashe", ['index']=218, ['level']=69},
    [17432795] = {['id']=17432795, ['name']="Mousse", ['index']=219, ['level']=64},
    [17432802] = {['id']=17432802, ['name']="TonberryBeleag", ['index']=226, ['level']=69},
    [17432856] = {['id']=17432856, ['name']="TonberrySlashe", ['index']=280, ['level']=67},
    [17432857] = {['id']=17432857, ['name']="TonberryBeleag", ['index']=281, ['level']=66},
    [17432858] = {['id']=17432858, ['name']="Tonberry\'sElem", ['index']=282, ['level']=55},
    [17432859] = {['id']=17432859, ['name']="Mousse", ['index']=283, ['level']=64},
    [17432860] = {['id']=17432860, ['name']="Mousse", ['index']=284, ['level']=64},
    [17432861] = {['id']=17432861, ['name']="TonberryBeleag", ['index']=285, ['level']=69},
    [17432862] = {['id']=17432862, ['name']="Tonberry\'sElem", ['index']=286, ['level']=53},
    [17432869] = {['id']=17432869, ['name']="Tonberry\'sElem", ['index']=293, ['level']=55},
    [17432892] = {['id']=17432892, ['name']="Mousse", ['index']=316, ['level']=64},
    [17432886] = {['id']=17432886, ['name']="Mousse", ['index']=310, ['level']=66},
    [17432891] = {['id']=17432891, ['name']="Mousse", ['index']=315, ['level']=67},
    [17432894] = {['id']=17432894, ['name']="Mousse", ['index']=318, ['level']=67},
    [17432944] = {['id']=17432944, ['name']="MillionEyes", ['index']=368, ['level']=76},
    [17432945] = {['id']=17432945, ['name']="MillionEyes", ['index']=369, ['level']=76},
    [17432946] = {['id']=17432946, ['name']="MillionEyes", ['index']=370, ['level']=75},
    [17432947] = {['id']=17432947, ['name']="MillionEyes", ['index']=371, ['level']=76},
    [17432948] = {['id']=17432948, ['name']="MillionEyes", ['index']=372, ['level']=74},
    [17432949] = {['id']=17432949, ['name']="MillionEyes", ['index']=373, ['level']=75},
    [17432950] = {['id']=17432950, ['name']="MillionEyes", ['index']=374, ['level']=76},
    [17432951] = {['id']=17432951, ['name']="MillionEyes", ['index']=375, ['level']=73},
    [17432952] = {['id']=17432952, ['name']="MillionEyes", ['index']=376, ['level']=76},
    [17432953] = {['id']=17432953, ['name']="MillionEyes", ['index']=377, ['level']=74},
    [17432969] = {['id']=17432969, ['name']="MillionEyes", ['index']=393, ['level']=74},
    [17432970] = {['id']=17432970, ['name']="MillionEyes", ['index']=394, ['level']=74},
    [17432975] = {['id']=17432975, ['name']="MillionEyes", ['index']=399, ['level']=73},
    [17432976] = {['id']=17432976, ['name']="MillionEyes", ['index']=400, ['level']=74},
    [17432977] = {['id']=17432977, ['name']="MillionEyes", ['index']=401, ['level']=76},
    [17432978] = {['id']=17432978, ['name']="DoomToad", ['index']=402, ['level']=76},
    [17432994] = {['id']=17432994, ['name']="MillionEyes", ['index']=418, ['level']=76},
    [17432995] = {['id']=17432995, ['name']="MillionEyes", ['index']=419, ['level']=75},
    [17432996] = {['id']=17432996, ['name']="MillionEyes", ['index']=420, ['level']=76},
    [17432961] = {['id']=17432961, ['name']="TonberryBeleag", ['index']=385, ['level']=66},
    [17432962] = {['id']=17432962, ['name']="Tonberry\'sElem", ['index']=386, ['level']=53},
    [17432971] = {['id']=17432971, ['name']="MillionEyes", ['index']=395, ['level']=73},
    [17432972] = {['id']=17432972, ['name']="DoomToad", ['index']=396, ['level']=78},
    [17432979] = {['id']=17432979, ['name']="DoomToad", ['index']=403, ['level']=78},
    [17432626] = {['id']=17432626, ['name']="DireBat", ['index']=50, ['level']=62},
    [17432790] = {['id']=17432790, ['name']="Tonberry\'sElem", ['index']=214, ['level']=55},
    [17432796] = {['id']=17432796, ['name']="Mousse", ['index']=220, ['level']=66},
    [17432797] = {['id']=17432797, ['name']="Mousse", ['index']=221, ['level']=66},
    [17432800] = {['id']=17432800, ['name']="Tonberry\'sElem", ['index']=224, ['level']=55},
    [17432803] = {['id']=17432803, ['name']="Tonberry\'sElem", ['index']=227, ['level']=53},
    [17432585] = {['id']=17432585, ['name']="DireBat", ['index']=9, ['level']=60},
    [17432587] = {['id']=17432587, ['name']="DireBat", ['index']=11, ['level']=62},
    [17432848] = {['id']=17432848, ['name']="WaterElemental", ['index']=272, ['level']=72},
    [17432601] = {['id']=17432601, ['name']="DireBat", ['index']=25, ['level']=61},
    [17432588] = {['id']=17432588, ['name']="DireBat", ['index']=12, ['level']=61},
    [17432646] = {['id']=17432646, ['name']="DireBat", ['index']=70, ['level']=62},
    [17432622] = {['id']=17432622, ['name']="TonberryTraile", ['index']=46, ['level']=63},
    [17432621] = {['id']=17432621, ['name']="TonberryTraile", ['index']=45, ['level']=62},
    [17432619] = {['id']=17432619, ['name']="DireBat", ['index']=43, ['level']=62},
    [17432620] = {['id']=17432620, ['name']="DireBat", ['index']=44, ['level']=61},
    [17432623] = {['id']=17432623, ['name']="DireBat", ['index']=47, ['level']=61},
    [17432614] = {['id']=17432614, ['name']="TonberryTraile", ['index']=38, ['level']=63},
    [17432616] = {['id']=17432616, ['name']="DireBat", ['index']=40, ['level']=60},
    [17432618] = {['id']=17432618, ['name']="TonberryImprec", ['index']=42, ['level']=62},
    [17432615] = {['id']=17432615, ['name']="DireBat", ['index']=39, ['level']=61},
    [17432613] = {['id']=17432613, ['name']="DireBat", ['index']=37, ['level']=62},
    [17432895] = {['id']=17432895, ['name']="Mousse", ['index']=319, ['level']=66},
    [17432896] = {['id']=17432896, ['name']="DemonicPugil", ['index']=320, ['level']=73},
    [17432897] = {['id']=17432897, ['name']="DemonicPugil", ['index']=321, ['level']=73},
    [17432898] = {['id']=17432898, ['name']="DemonicPugil", ['index']=322, ['level']=75},
    [17432899] = {['id']=17432899, ['name']="DoomToad", ['index']=323, ['level']=76},
    [17432900] = {['id']=17432900, ['name']="DemonicPugil", ['index']=324, ['level']=74},
    [17432901] = {['id']=17432901, ['name']="DemonicPugil", ['index']=325, ['level']=75},
    [17432902] = {['id']=17432902, ['name']="DemonicPugil", ['index']=326, ['level']=75},
    [17432903] = {['id']=17432903, ['name']="DoomToad", ['index']=327, ['level']=78},
    [17432904] = {['id']=17432904, ['name']="Mousse", ['index']=328, ['level']=67},
    [17432905] = {['id']=17432905, ['name']="DemonicPugil", ['index']=329, ['level']=76},
    [17432906] = {['id']=17432906, ['name']="DemonicPugil", ['index']=330, ['level']=74},
    [17432907] = {['id']=17432907, ['name']="DemonicPugil", ['index']=331, ['level']=74},
    [17432908] = {['id']=17432908, ['name']="DoomToad", ['index']=332, ['level']=76},
    [17432910] = {['id']=17432910, ['name']="DemonicPugil", ['index']=334, ['level']=76},
    [17432913] = {['id']=17432913, ['name']="SuccubusBats", ['index']=337, ['level']=66},
    [17433091] = {['id']=17433091, ['name']="GroundsTome", ['index']=515, ['level']=0},
    [17432954] = {['id']=17432954, ['name']="TonberrySlashe", ['index']=378, ['level']=69},
    [17432955] = {['id']=17432955, ['name']="TonberrySlashe", ['index']=379, ['level']=69},
    [17432956] = {['id']=17432956, ['name']="TonberrySlashe", ['index']=380, ['level']=68},
    [17432957] = {['id']=17432957, ['name']="TonberryBeleag", ['index']=381, ['level']=69},
    [17432958] = {['id']=17432958, ['name']="Tonberry\'sElem", ['index']=382, ['level']=53},
    [17432959] = {['id']=17432959, ['name']="TonberrySlashe", ['index']=383, ['level']=67},
    [17432961] = {['id']=17432961, ['name']="TonberryBeleag", ['index']=385, ['level']=66},
    [17432962] = {['id']=17432962, ['name']="Tonberry\'sElem", ['index']=386, ['level']=53},
    [17432964] = {['id']=17432964, ['name']="TonberrySlashe", ['index']=388, ['level']=69},
    [17432965] = {['id']=17432965, ['name']="TonberryBeleag", ['index']=389, ['level']=68},
    [17432966] = {['id']=17432966, ['name']="Tonberry\'sElem", ['index']=390, ['level']=55},
    [17432967] = {['id']=17432967, ['name']="MillionEyes", ['index']=391, ['level']=75},
    [17432968] = {['id']=17432968, ['name']="MillionEyes", ['index']=392, ['level']=76},
    [17432980] = {['id']=17432980, ['name']="TonberrySlashe", ['index']=404, ['level']=70},
    [17432981] = {['id']=17432981, ['name']="TonberryBeleag", ['index']=405, ['level']=71},
    [17432982] = {['id']=17432982, ['name']="Tonberry\'sElem", ['index']=406, ['level']=59},
    [17432983] = {['id']=17432983, ['name']="TonberrySlashe", ['index']=407, ['level']=71},
    [17432984] = {['id']=17432984, ['name']="TonberrySlashe", ['index']=408, ['level']=71},
    [17432985] = {['id']=17432985, ['name']="TonberryBeleag", ['index']=409, ['level']=70},
    [17432986] = {['id']=17432986, ['name']="Tonberry\'sElem", ['index']=410, ['level']=59},
    [17432987] = {['id']=17432987, ['name']="TonberryBeleag", ['index']=411, ['level']=71},
    [17432988] = {['id']=17432988, ['name']="Tonberry\'sElem", ['index']=412, ['level']=59},
    [17432989] = {['id']=17432989, ['name']="TonberryDecapi", ['index']=413, ['level']=73},
    [17432991] = {['id']=17432991, ['name']="DoomToad", ['index']=415, ['level']=77},
    [17432992] = {['id']=17432992, ['name']="TonberrySlashe", ['index']=416, ['level']=69},
    [17433092] = {['id']=17433092, ['name']="GroundsTome", ['index']=516, ['level']=0},
    [17432702] = {['id']=17432702, ['name']="Puck", ['index']=126, ['level']=76},
    [17432703] = {['id']=17432703, ['name']="Puck", ['index']=127, ['level']=74},
    [17432704] = {['id']=17432704, ['name']="Puck", ['index']=128, ['level']=77},
    [17432718] = {['id']=17432718, ['name']="Tormentor", ['index']=142, ['level']=77},
    [17432717] = {['id']=17432717, ['name']="Tormentor", ['index']=141, ['level']=77},
    [17432701] = {['id']=17432701, ['name']="Puck", ['index']=125, ['level']=76},
    [17432700] = {['id']=17432700, ['name']="Puck", ['index']=124, ['level']=75},
    [17432719] = {['id']=17432719, ['name']="Tormentor", ['index']=143, ['level']=77},
    [17433090] = {['id']=17433090, ['name']="GroundsTome", ['index']=514, ['level']=0},
    [17432696] = {['id']=17432696, ['name']="Tormentor", ['index']=120, ['level']=78},
    [17432706] = {['id']=17432706, ['name']="Tormentor", ['index']=130, ['level']=77},
    [17432705] = {['id']=17432705, ['name']="Tormentor", ['index']=129, ['level']=77},
    [17432698] = {['id']=17432698, ['name']="Tormentor", ['index']=122, ['level']=78},
    [17432695] = {['id']=17432695, ['name']="Tormentor", ['index']=119, ['level']=75},
    [17432697] = {['id']=17432697, ['name']="Tormentor", ['index']=121, ['level']=77},
    [17432689] = {['id']=17432689, ['name']="Tormentor", ['index']=113, ['level']=78},
    [17432687] = {['id']=17432687, ['name']="Tormentor", ['index']=111, ['level']=78},
    [17432690] = {['id']=17432690, ['name']="Tormentor", ['index']=114, ['level']=76},
    [17432688] = {['id']=17432688, ['name']="Tormentor", ['index']=112, ['level']=77},
    [17432694] = {['id']=17432694, ['name']="Bullbeggar", ['index']=118, ['level']=78},
    [17432693] = {['id']=17432693, ['name']="Bullbeggar", ['index']=117, ['level']=79},
    [17432692] = {['id']=17432692, ['name']="Bullbeggar", ['index']=116, ['level']=78},
    [17432716] = {['id']=17432716, ['name']="Tormentor", ['index']=140, ['level']=76},
    [17432709] = {['id']=17432709, ['name']="Bullbeggar", ['index']=133, ['level']=79},
    [17432708] = {['id']=17432708, ['name']="Bullbeggar", ['index']=132, ['level']=78},
    [17432714] = {['id']=17432714, ['name']="Puck", ['index']=138, ['level']=74},
    [17432710] = {['id']=17432710, ['name']="Bullbeggar", ['index']=134, ['level']=78},
    [17432711] = {['id']=17432711, ['name']="Bullbeggar", ['index']=135, ['level']=80},
    [17432713] = {['id']=17432713, ['name']="Puck", ['index']=137, ['level']=75},
    [17432715] = {['id']=17432715, ['name']="Puck", ['index']=139, ['level']=75},
    [17432720] = {['id']=17432720, ['name']="Puck", ['index']=144, ['level']=75},
    [17432721] = {['id']=17432721, ['name']="TonberrySlashe", ['index']=145, ['level']=69},
    [17432722] = {['id']=17432722, ['name']="TonberrySlashe", ['index']=146, ['level']=68},
    [17432723] = {['id']=17432723, ['name']="TonberryBeleag", ['index']=147, ['level']=66},
    [17432724] = {['id']=17432724, ['name']="Tonberry\'sElem", ['index']=148, ['level']=53},
    [17432725] = {['id']=17432725, ['name']="Bullbeggar", ['index']=149, ['level']=80},
    [17432726] = {['id']=17432726, ['name']="Bullbeggar", ['index']=150, ['level']=79},
    [17432727] = {['id']=17432727, ['name']="Bullbeggar", ['index']=151, ['level']=78},
    [17432729] = {['id']=17432729, ['name']="Bullbeggar", ['index']=153, ['level']=78},
    [17432730] = {['id']=17432730, ['name']="Bullbeggar", ['index']=154, ['level']=79},
    [17432731] = {['id']=17432731, ['name']="Bullbeggar", ['index']=155, ['level']=78},
    [17432732] = {['id']=17432732, ['name']="DenScorpion", ['index']=156, ['level']=80},
    [17432733] = {['id']=17432733, ['name']="TonberrySlashe", ['index']=157, ['level']=68},
    [17432735] = {['id']=17432735, ['name']="Bifrons", ['index']=159, ['level']=70},
    [17432734] = {['id']=17432734, ['name']="Bifrons", ['index']=158, ['level']=69},
    [17432736] = {['id']=17432736, ['name']="Tormentor", ['index']=160, ['level']=76},
    [17432737] = {['id']=17432737, ['name']="Bullbeggar", ['index']=161, ['level']=79},
    [17432738] = {['id']=17432738, ['name']="Bullbeggar", ['index']=162, ['level']=78},
    [17432739] = {['id']=17432739, ['name']="Tormentor", ['index']=163, ['level']=77},
    [17432740] = {['id']=17432740, ['name']="Tormentor", ['index']=164, ['level']=75},
    [17432741] = {['id']=17432741, ['name']="Tormentor", ['index']=165, ['level']=77},
    [17432742] = {['id']=17432742, ['name']="Puck", ['index']=166, ['level']=76},
    [17432743] = {['id']=17432743, ['name']="Tormentor", ['index']=167, ['level']=75},
    [17432744] = {['id']=17432744, ['name']="Tormentor", ['index']=168, ['level']=76},
    [17432745] = {['id']=17432745, ['name']="Tormentor", ['index']=169, ['level']=76},
    [17432750] = {['id']=17432750, ['name']="Puck", ['index']=174, ['level']=75},
    [17432749] = {['id']=17432749, ['name']="DenScorpion", ['index']=173, ['level']=80},
    [17432747] = {['id']=17432747, ['name']="Puck", ['index']=171, ['level']=76},
    [17432748] = {['id']=17432748, ['name']="Puck", ['index']=172, ['level']=76},
    [17432751] = {['id']=17432751, ['name']="Bullbeggar", ['index']=175, ['level']=78},
    [17432753] = {['id']=17432753, ['name']="Bullbeggar", ['index']=177, ['level']=80},
    [17432756] = {['id']=17432756, ['name']="Bullbeggar", ['index']=180, ['level']=79},
    [17432752] = {['id']=17432752, ['name']="Bullbeggar", ['index']=176, ['level']=80},
    [17432755] = {['id']=17432755, ['name']="Bullbeggar", ['index']=179, ['level']=78},
    [17432754] = {['id']=17432754, ['name']="Bullbeggar", ['index']=178, ['level']=80},
    [17432757] = {['id']=17432757, ['name']="Bullbeggar", ['index']=181, ['level']=79},
    [17432758] = {['id']=17432758, ['name']="Bullbeggar", ['index']=182, ['level']=80},
    [17432761] = {['id']=17432761, ['name']="Tormentor", ['index']=185, ['level']=78},
    [17432762] = {['id']=17432762, ['name']="Tormentor", ['index']=186, ['level']=77},
    [17432760] = {['id']=17432760, ['name']="Tormentor", ['index']=184, ['level']=75},
    [17432769] = {['id']=17432769, ['name']="Bullbeggar", ['index']=193, ['level']=78},
    [17432768] = {['id']=17432768, ['name']="Bullbeggar", ['index']=192, ['level']=79},
    [17432770] = {['id']=17432770, ['name']="Bullbeggar", ['index']=194, ['level']=79},
    [17432764] = {['id']=17432764, ['name']="Tormentor", ['index']=188, ['level']=77},
    [17432765] = {['id']=17432765, ['name']="DenScorpion", ['index']=189, ['level']=80},
    [17432766] = {['id']=17432766, ['name']="DenScorpion", ['index']=190, ['level']=79},
    [17432767] = {['id']=17432767, ['name']="DenScorpion", ['index']=191, ['level']=79},
    [17432774] = {['id']=17432774, ['name']="Puck", ['index']=198, ['level']=74},
    [17432772] = {['id']=17432772, ['name']="Puck", ['index']=196, ['level']=76},
    [17432771] = {['id']=17432771, ['name']="Puck", ['index']=195, ['level']=76},
    [17432779] = {['id']=17432779, ['name']="Tormentor", ['index']=203, ['level']=78},
    [17432778] = {['id']=17432778, ['name']="Tormentor", ['index']=202, ['level']=76},
    [17432776] = {['id']=17432776, ['name']="Tormentor", ['index']=200, ['level']=76},
    [17432775] = {['id']=17432775, ['name']="Tormentor", ['index']=199, ['level']=77},
    [17432777] = {['id']=17432777, ['name']="Tormentor", ['index']=201, ['level']=78},
