    [17535034] = {['id']=17535034, ['name']="VanguardFootso", ['index']=58, ['level']=75},
    [17535036] = {['id']=17535036, ['name']="VanguardPillag", ['index']=60, ['level']=77},
    [17535037] = {['id']=17535037, ['name']="VanguardTroope", ['index']=61, ['level']=77},
    [17535038] = {['id']=17535038, ['name']="VanguardNeckch", ['index']=62, ['level']=76},
    [17535040] = {['id']=17535040, ['name']="VanguardGutsla", ['index']=64, ['level']=77},
    [17535041] = {['id']=17535041, ['name']="VanguardBackst", ['index']=65, ['level']=75},
    [17535042] = {['id']=17535042, ['name']="VanguardImpale", ['index']=66, ['level']=75},
    [17535044] = {['id']=17535044, ['name']="VoidstreakerBu", ['index']=68, ['level']=84},
    [17535045] = {['id']=17535045, ['name']="VanguardAmputa", ['index']=69, ['level']=77},
    [17535046] = {['id']=17535046, ['name']="VanguardMesmer", ['index']=70, ['level']=75},
    [17535047] = {['id']=17535047, ['name']="VanguardVexer", ['index']=71, ['level']=76},
    [17535048] = {['id']=17535048, ['name']="VanguardBugler", ['index']=72, ['level']=76},
    [17535051] = {['id']=17535051, ['name']="VanguardMesmer", ['index']=75, ['level']=76},
    [17535052] = {['id']=17535052, ['name']="VanguardBugler", ['index']=76, ['level']=75},
    [17535053] = {['id']=17535053, ['name']="VanguardNeckch", ['index']=77, ['level']=75},
    [17535054] = {['id']=17535054, ['name']="VanguardPillag", ['index']=78, ['level']=75},
    [17535055] = {['id']=17535055, ['name']="VanguardVexer", ['index']=79, ['level']=77},
    [17535056] = {['id']=17535056, ['name']="VanguardTroope", ['index']=80, ['level']=77},
    [17535057] = {['id']=17535057, ['name']="WarchiefTombst", ['index']=81, ['level']=65},
    [17535058] = {['id']=17535058, ['name']="VanguardFootso", ['index']=82, ['level']=90},
    [17535060] = {['id']=17535060, ['name']="VanguardAmputa", ['index']=84, ['level']=91},
    [17535063] = {['id']=17535063, ['name']="VanguardPillag", ['index']=87, ['level']=90},
    [17535076] = {['id']=17535076, ['name']="VanguardHawker", ['index']=100, ['level']=90},
    [17535077] = {['id']=17535077, ['name']="Vanguard'sHect", ['index']=101, ['level']=90},
    [17535078] = {['id']=17535078, ['name']="VanguardBugler", ['index']=102, ['level']=91},
    [17535080] = {['id']=17535080, ['name']="VanguardMesmer", ['index']=104, ['level']=91},
    [17535081] = {['id']=17535081, ['name']="VanguardPillag", ['index']=105, ['level']=91},
    [17535082] = {['id']=17535082, ['name']="VanguardGutsla", ['index']=106, ['level']=91},
    [17535083] = {['id']=17535083, ['name']="VanguardBackst", ['index']=107, ['level']=92},
    [17535084] = {['id']=17535084, ['name']="VanguardTroope", ['index']=108, ['level']=92},
    [17535085] = {['id']=17535085, ['name']="VanguardFootso", ['index']=109, ['level']=92},
    [17535086] = {['id']=17535086, ['name']="VanguardAmputa", ['index']=110, ['level']=91},
    [17535088] = {['id']=17535088, ['name']="VanguardBugler", ['index']=112, ['level']=91},
    [17535089] = {['id']=17535089, ['name']="VanguardPredat", ['index']=113, ['level']=90},
    [17535090] = {['id']=17535090, ['name']="VanguardBackst", ['index']=114, ['level']=92},
    [17535091] = {['id']=17535091, ['name']="VanguardGrappl", ['index']=115, ['level']=90},
    [17535092] = {['id']=17535092, ['name']="VanguardGutsla", ['index']=116, ['level']=90},
    [17535094] = {['id']=17535094, ['name']="VanguardHawker", ['index']=118, ['level']=90},
    [17535095] = {['id']=17535095, ['name']="Vanguard'sHect", ['index']=119, ['level']=90},
    [17535096] = {['id']=17535096, ['name']="VanguardImpale", ['index']=120, ['level']=91},
    [17535100] = {['id']=17535100, ['name']="VanguardBugler", ['index']=124, ['level']=91},
    [17535101] = {['id']=17535101, ['name']="VanguardPredat", ['index']=125, ['level']=90},
    [17535102] = {['id']=17535102, ['name']="VanguardBackst", ['index']=126, ['level']=92},
    [17535104] = {['id']=17535104, ['name']="VanguardGutsla", ['index']=128, ['level']=91},
    [17535105] = {['id']=17535105, ['name']="VanguardTroope", ['index']=129, ['level']=91},
    [17535106] = {['id']=17535106, ['name']="VanguardPredat", ['index']=130, ['level']=91},
    [17535107] = {['id']=17535107, ['name']="VanguardMesmer", ['index']=131, ['level']=92},
    [17535108] = {['id']=17535108, ['name']="VanguardVexer", ['index']=132, ['level']=92},
    [17535109] = {['id']=17535109, ['name']="VanguardNeckch", ['index']=133, ['level']=90},
    [17535110] = {['id']=17535110, ['name']="VanguardDollma", ['index']=134, ['level']=92},
    [17535111] = {['id']=17535111, ['name']="Vanguard'sAvat", ['index']=135, ['level']=90},
    [17535112] = {['id']=17535112, ['name']="VanguardBackst", ['index']=136, ['level']=92},
    [17535114] = {['id']=17535114, ['name']="SerjeantTombst", ['index']=138, ['level']=80},
    [17535116] = {['id']=17535116, ['name']="VanguardFootso", ['index']=140, ['level']=92},
    [17535117] = {['id']=17535117, ['name']="VanguardAmputa", ['index']=141, ['level']=91},
    [17535118] = {['id']=17535118, ['name']="VanguardBugler", ['index']=142, ['level']=90},
    [17535119] = {['id']=17535119, ['name']="VanguardPredat", ['index']=143, ['level']=92},
    [17535120] = {['id']=17535120, ['name']="VanguardPredat", ['index']=144, ['level']=90},
    [17535121] = {['id']=17535121, ['name']="VanguardVexer", ['index']=145, ['level']=90},
    [17535122] = {['id']=17535122, ['name']="VanguardNeckch", ['index']=146, ['level']=91},
    [17535125] = {['id']=17535125, ['name']="VanguardTroope", ['index']=149, ['level']=92},
    [17535126] = {['id']=17535126, ['name']="VanguardVexer", ['index']=150, ['level']=92},
    [17535127] = {['id']=17535127, ['name']="VanguardTroope", ['index']=151, ['level']=90},
    [17535128] = {['id']=17535128, ['name']="WarchiefTombst", ['index']=152, ['level']=80},
    [17535129] = {['id']=17535129, ['name']="VanguardVexer", ['index']=153, ['level']=92},
    [17535130] = {['id']=17535130, ['name']="VanguardTroope", ['index']=154, ['level']=92},
    [17535131] = {['id']=17535131, ['name']="WarchiefTombst", ['index']=155, ['level']=80},
    [17535132] = {['id']=17535132, ['name']="VanguardVexer", ['index']=156, ['level']=91},
    [17535134] = {['id']=17535134, ['name']="VanguardFootso", ['index']=158, ['level']=92},
    [17535135] = {['id']=17535135, ['name']="VanguardPillag", ['index']=159, ['level']=91},
    [17535136] = {['id']=17535136, ['name']="VanguardPredat", ['index']=160, ['level']=90},
    [17535137] = {['id']=17535137, ['name']="VanguardVexer", ['index']=161, ['level']=76},
    [17535138] = {['id']=17535138, ['name']="VanguardTroope", ['index']=162, ['level']=76},
    [17535139] = {['id']=17535139, ['name']="WarchiefTombst", ['index']=163, ['level']=65},
    [17535140] = {['id']=17535140, ['name']="VanguardFootso", ['index']=164, ['level']=92},
    [17535142] = {['id']=17535142, ['name']="VanguardTroope", ['index']=166, ['level']=90},
    [17535143] = {['id']=17535143, ['name']="VanguardGutsla", ['index']=167, ['level']=90},
    [17535183] = {['id']=17535183, ['name']="VanguardAmputa", ['index']=207, ['level']=92},
    [17535184] = {['id']=17535184, ['name']="VanguardAmputa", ['index']=208, ['level']=91},
    [17535186] = {['id']=17535186, ['name']="VanguardMesmer", ['index']=210, ['level']=91},
    [17535187] = {['id']=17535187, ['name']="VanguardVexer", ['index']=211, ['level']=92},
    [17535188] = {['id']=17535188, ['name']="VanguardVexer", ['index']=212, ['level']=90},
    [17535191] = {['id']=17535191, ['name']="VanguardDollma", ['index']=215, ['level']=92},
    [17535192] = {['id']=17535192, ['name']="Vanguard'sAvat", ['index']=216, ['level']=90},
    [17535195] = {['id']=17535195, ['name']="VanguardAmputa", ['index']=219, ['level']=91},
    [17535198] = {['id']=17535198, ['name']="VanguardMesmer", ['index']=222, ['level']=92},
    [17535199] = {['id']=17535199, ['name']="VanguardVexer", ['index']=223, ['level']=91},
    [17535200] = {['id']=17535200, ['name']="VanguardVexer", ['index']=224, ['level']=92},
    [17535201] = {['id']=17535201, ['name']="VanguardBugler", ['index']=225, ['level']=90},
    [17535202] = {['id']=17535202, ['name']="VanguardBugler", ['index']=226, ['level']=90},
    [17535203] = {['id']=17535203, ['name']="VanguardDollma", ['index']=227, ['level']=92},
    [17535204] = {['id']=17535204, ['name']="Vanguard'sAvat", ['index']=228, ['level']=90},
    [17535061] = {['id']=17535061, ['name']="VanguardMesmer", ['index']=85, ['level']=90},
    [17535066] = {['id']=17535066, ['name']="VanguardHawker", ['index']=90, ['level']=92},
    [17535067] = {['id']=17535067, ['name']="Vanguard'sHect", ['index']=91, ['level']=90},
    [17535068] = {['id']=17535068, ['name']="VanguardBugler", ['index']=92, ['level']=91},
    [17535069] = {['id']=17535069, ['name']="VanguardPredat", ['index']=93, ['level']=91},
    [17535070] = {['id']=17535070, ['name']="VanguardGutsla", ['index']=94, ['level']=90},
    [17535074] = {['id']=17535074, ['name']="VanguardDollma", ['index']=98, ['level']=90},
    [17535075] = {['id']=17535075, ['name']="Vanguard'sAvat", ['index']=99, ['level']=90},
    [17535175] = {['id']=17535175, ['name']="VanguardBackst", ['index']=199, ['level']=90},
    [17535176] = {['id']=17535176, ['name']="VanguardBackst", ['index']=200, ['level']=90},
    [17535177] = {['id']=17535177, ['name']="VanguardGrappl", ['index']=201, ['level']=92},
    [17535178] = {['id']=17535178, ['name']="VanguardTroope", ['index']=202, ['level']=92},
    [17535179] = {['id']=17535179, ['name']="VanguardImpale", ['index']=203, ['level']=92},
    [17535181] = {['id']=17535181, ['name']="VanguardDollma", ['index']=205, ['level']=92},
    [17535182] = {['id']=17535182, ['name']="Vanguard'sAvat", ['index']=206, ['level']=90},
    [17535168] = {['id']=17535168, ['name']="VanguardGutsla", ['index']=192, ['level']=91},
    [17535169] = {['id']=17535169, ['name']="VanguardGutsla", ['index']=193, ['level']=92},
    [17535170] = {['id']=17535170, ['name']="VanguardFootso", ['index']=194, ['level']=91},
    [17535171] = {['id']=17535171, ['name']="VanguardPillag", ['index']=195, ['level']=91},
    [17535172] = {['id']=17535172, ['name']="VanguardNeckch", ['index']=196, ['level']=92},
    [17535173] = {['id']=17535173, ['name']="VanguardHawker", ['index']=197, ['level']=90},
    [17535174] = {['id']=17535174, ['name']="Vanguard'sHect", ['index']=198, ['level']=90},
    [17534985] = {['id']=17534985, ['name']="VanguardMesmer", ['index']=9, ['level']=75},
    [17534987] = {['id']=17534987, ['name']="VanguardNeckch", ['index']=11, ['level']=77},
    [17534998] = {['id']=17534998, ['name']="VanguardVexer", ['index']=22, ['level']=77},
    [17534999] = {['id']=17534999, ['name']="VanguardPredat", ['index']=23, ['level']=77},
    [17535008] = {['id']=17535008, ['name']="VanguardTroope", ['index']=32, ['level']=75},
    [17535009] = {['id']=17535009, ['name']="VanguardAmputa", ['index']=33, ['level']=75},
    [17535010] = {['id']=17535010, ['name']="VanguardDollma", ['index']=34, ['level']=76},
    [17535011] = {['id']=17535011, ['name']="Vanguard'sAvat", ['index']=35, ['level']=75},
    [17535012] = {['id']=17535012, ['name']="VanguardFootso", ['index']=36, ['level']=76},
    [17535014] = {['id']=17535014, ['name']="VanguardImpale", ['index']=38, ['level']=76},
    [17535017] = {['id']=17535017, ['name']="VanguardGrappl", ['index']=41, ['level']=77},
    [17535027] = {['id']=17535027, ['name']="VanguardBugler", ['index']=51, ['level']=77},
    [17535028] = {['id']=17535028, ['name']="VanguardHawker", ['index']=52, ['level']=75},
    [17535029] = {['id']=17535029, ['name']="Vanguard'sHect", ['index']=53, ['level']=75},
    [17535030] = {['id']=17535030, ['name']="VanguardGutsla", ['index']=54, ['level']=76},
    [17535144] = {['id']=17535144, ['name']="VanguardFootso", ['index']=168, ['level']=92},
    [17535145] = {['id']=17535145, ['name']="VanguardGrappl", ['index']=169, ['level']=92},
    [17535146] = {['id']=17535146, ['name']="VanguardPillag", ['index']=170, ['level']=91},
    [17535148] = {['id']=17535148, ['name']="VanguardNeckch", ['index']=172, ['level']=91},
    [17535149] = {['id']=17535149, ['name']="VanguardHawker", ['index']=173, ['level']=90},
    [17535150] = {['id']=17535150, ['name']="Vanguard'sHect", ['index']=174, ['level']=90},
    [17535151] = {['id']=17535151, ['name']="VanguardPredat", ['index']=175, ['level']=90},
    [17535152] = {['id']=17535152, ['name']="VanguardImpale", ['index']=176, ['level']=91},
    [17535155] = {['id']=17535155, ['name']="SerjeantTombst", ['index']=179, ['level']=80},
    [17535156] = {['id']=17535156, ['name']="VanguardFootso", ['index']=180, ['level']=90},
    [17535158] = {['id']=17535158, ['name']="VanguardPillag", ['index']=182, ['level']=92},
    [17535159] = {['id']=17535159, ['name']="VanguardTroope", ['index']=183, ['level']=91},
    [17535160] = {['id']=17535160, ['name']="VanguardNeckch", ['index']=184, ['level']=91},
    [17535161] = {['id']=17535161, ['name']="VanguardHawker", ['index']=185, ['level']=90},
    [17535162] = {['id']=17535162, ['name']="Vanguard'sHect", ['index']=186, ['level']=90},
    [17535163] = {['id']=17535163, ['name']="VanguardPredat", ['index']=187, ['level']=92},
    [17535167] = {['id']=17535167, ['name']="SerjeantTombst", ['index']=191, ['level']=80},
    [17534981] = {['id']=17534981, ['name']="VanguardTroope", ['index']=5, ['level']=75},
    [17534982] = {['id']=17534982, ['name']="VanguardAmputa", ['index']=6, ['level']=76},
    [17534984] = {['id']=17534984, ['name']="VanguardPillag", ['index']=8, ['level']=77},
    [17535019] = {['id']=17535019, ['name']="VanguardTroope", ['index']=43, ['level']=75},
    [17535024] = {['id']=17535024, ['name']="VanguardVexer", ['index']=48, ['level']=75},
    [17535025] = {['id']=17535025, ['name']="VanguardTroope", ['index']=49, ['level']=76},
    [17535026] = {['id']=17535026, ['name']="WarchiefTombst", ['index']=50, ['level']=65},
    [17535005] = {['id']=17535005, ['name']="SerjeantTombst", ['index']=29, ['level']=65},
    [17535016] = {['id']=17535016, ['name']="VanguardFootso", ['index']=40, ['level']=77},
    [17535001] = {['id']=17535001, ['name']="VanguardGrappl", ['index']=25, ['level']=77},
    [17535002] = {['id']=17535002, ['name']="VanguardPredat", ['index']=26, ['level']=77},
    [17534990] = {['id']=17534990, ['name']="VanguardGutsla", ['index']=14, ['level']=75},
    [17534994] = {['id']=17534994, ['name']="VanguardHawker", ['index']=18, ['level']=75},
    [17534995] = {['id']=17534995, ['name']="Vanguard'sHect", ['index']=19, ['level']=75},
    [17535000] = {['id']=17535000, ['name']="VanguardFootso", ['index']=24, ['level']=75},
    [17534981] = {['id']=17534981, ['name']="VanguardTroope", ['index']=5, ['level']=77},
    [17534982] = {['id']=17534982, ['name']="VanguardAmputa", ['index']=6, ['level']=76},
    [17534984] = {['id']=17534984, ['name']="VanguardPillag", ['index']=8, ['level']=76},
    [17534985] = {['id']=17534985, ['name']="VanguardMesmer", ['index']=9, ['level']=75},
    [17534986] = {['id']=17534986, ['name']="VanguardGrappl", ['index']=10, ['level']=75},
    [17534988] = {['id']=17534988, ['name']="VanguardMesmer", ['index']=12, ['level']=76},
    [17534989] = {['id']=17534989, ['name']="VanguardBugler", ['index']=13, ['level']=77},
    [17534993] = {['id']=17534993, ['name']="VanguardBackst", ['index']=17, ['level']=75},
    [17534994] = {['id']=17534994, ['name']="VanguardHawker", ['index']=18, ['level']=75},
    [17534995] = {['id']=17534995, ['name']="Vanguard'sHect", ['index']=19, ['level']=75},
    [17534996] = {['id']=17534996, ['name']="VanguardDollma", ['index']=20, ['level']=75},
    [17534997] = {['id']=17534997, ['name']="Vanguard'sAvat", ['index']=21, ['level']=75},
    [17534999] = {['id']=17534999, ['name']="VanguardPredat", ['index']=23, ['level']=76},
    [17535000] = {['id']=17535000, ['name']="VanguardFootso", ['index']=24, ['level']=75},
    [17535001] = {['id']=17535001, ['name']="VanguardGrappl", ['index']=25, ['level']=77},
    [17535002] = {['id']=17535002, ['name']="VanguardPredat", ['index']=26, ['level']=75},
    [17535004] = {['id']=17535004, ['name']="SerjeantTombst", ['index']=28, ['level']=65},
    [17535006] = {['id']=17535006, ['name']="ReapertongueGa", ['index']=30, ['level']=83},
    [17535007] = {['id']=17535007, ['name']="Vanguard'sAvat", ['index']=31, ['level']=75},
    [17535016] = {['id']=17535016, ['name']="VanguardFootso", ['index']=40, ['level']=76},
    [17535020] = {['id']=17535020, ['name']="VanguardNeckch", ['index']=44, ['level']=76},
    [17535011] = {['id']=17535011, ['name']="Vanguard'sAvat", ['index']=35, ['level']=75},
    [17535010] = {['id']=17535010, ['name']="VanguardDollma", ['index']=34, ['level']=77},
    [17535026] = {['id']=17535026, ['name']="WarchiefTombst", ['index']=50, ['level']=65},
    [17535009] = {['id']=17535009, ['name']="VanguardAmputa", ['index']=33, ['level']=76},
    [17535025] = {['id']=17535025, ['name']="VanguardTroope", ['index']=49, ['level']=77},
    [17535012] = {['id']=17535012, ['name']="VanguardFootso", ['index']=36, ['level']=75},
    [17535014] = {['id']=17535014, ['name']="VanguardImpale", ['index']=38, ['level']=75},
    [17535013] = {['id']=17535013, ['name']="VanguardBackst", ['index']=37, ['level']=76},
    [17535022] = {['id']=17535022, ['name']="VanguardBugler", ['index']=46, ['level']=77},
    [17535019] = {['id']=17535019, ['name']="VanguardTroope", ['index']=43, ['level']=75},
    [17535018] = {['id']=17535018, ['name']="VanguardAmputa", ['index']=42, ['level']=77},
    [17535027] = {['id']=17535027, ['name']="VanguardBugler", ['index']=51, ['level']=77},
    [17535023] = {['id']=17535023, ['name']="VanguardPredat", ['index']=47, ['level']=75},
    [17535029] = {['id']=17535029, ['name']="Vanguard'sHect", ['index']=53, ['level']=75},
    [17535028] = {['id']=17535028, ['name']="VanguardHawker", ['index']=52, ['level']=75},
    [17535031] = {['id']=17535031, ['name']="VanguardBackst", ['index']=55, ['level']=75},
    [17535032] = {['id']=17535032, ['name']="WyrmgnasherBja", ['index']=56, ['level']=83},
    [17535148] = {['id']=17535148, ['name']="VanguardNeckch", ['index']=172, ['level']=90},
    [17535151] = {['id']=17535151, ['name']="VanguardPredat", ['index']=175, ['level']=90},
    [17535147] = {['id']=17535147, ['name']="VanguardTroope", ['index']=171, ['level']=90},
    [17535152] = {['id']=17535152, ['name']="VanguardImpale", ['index']=176, ['level']=90},
    [17535145] = {['id']=17535145, ['name']="VanguardGrappl", ['index']=169, ['level']=90},
    [17535146] = {['id']=17535146, ['name']="VanguardPillag", ['index']=170, ['level']=92},
    [17535144] = {['id']=17535144, ['name']="VanguardFootso", ['index']=168, ['level']=91},
    [17535159] = {['id']=17535159, ['name']="VanguardTroope", ['index']=183, ['level']=90},
    [17535166] = {['id']=17535166, ['name']="SerjeantTombst", ['index']=190, ['level']=80},
    [17535160] = {['id']=17535160, ['name']="VanguardNeckch", ['index']=184, ['level']=91},
    [17535156] = {['id']=17535156, ['name']="VanguardFootso", ['index']=180, ['level']=92},
    [17535161] = {['id']=17535161, ['name']="VanguardHawker", ['index']=185, ['level']=91},
    [17535162] = {['id']=17535162, ['name']="Vanguard'sHect", ['index']=186, ['level']=90},
    [17535158] = {['id']=17535158, ['name']="VanguardPillag", ['index']=182, ['level']=91},
    [17535163] = {['id']=17535163, ['name']="VanguardPredat", ['index']=187, ['level']=91},
    [17535034] = {['id']=17535034, ['name']="VanguardFootso", ['index']=58, ['level']=75},
    [17535037] = {['id']=17535037, ['name']="VanguardTroope", ['index']=61, ['level']=75},
    [17535038] = {['id']=17535038, ['name']="VanguardNeckch", ['index']=62, ['level']=76},
    [17535035] = {['id']=17535035, ['name']="VanguardGrappl", ['index']=59, ['level']=75},
    [17535052] = {['id']=17535052, ['name']="VanguardBugler", ['index']=76, ['level']=77},
    [17535040] = {['id']=17535040, ['name']="VanguardGutsla", ['index']=64, ['level']=77},
    [17535044] = {['id']=17535044, ['name']="VoidstreakerBu", ['index']=68, ['level']=84},
    [17535055] = {['id']=17535055, ['name']="VanguardVexer", ['index']=79, ['level']=76},
    [17535041] = {['id']=17535041, ['name']="VanguardBackst", ['index']=65, ['level']=76},
    [17535051] = {['id']=17535051, ['name']="VanguardMesmer", ['index']=75, ['level']=76},
    [17535057] = {['id']=17535057, ['name']="WarchiefTombst", ['index']=81, ['level']=65},
    [17535056] = {['id']=17535056, ['name']="VanguardTroope", ['index']=80, ['level']=75},
    [17535168] = {['id']=17535168, ['name']="VanguardGutsla", ['index']=192, ['level']=92},
    [17535173] = {['id']=17535173, ['name']="VanguardHawker", ['index']=197, ['level']=91},
    [17535171] = {['id']=17535171, ['name']="VanguardPillag", ['index']=195, ['level']=92},
    [17535170] = {['id']=17535170, ['name']="VanguardFootso", ['index']=194, ['level']=91},
    [17535172] = {['id']=17535172, ['name']="VanguardNeckch", ['index']=196, ['level']=92},
    [17535169] = {['id']=17535169, ['name']="VanguardGutsla", ['index']=193, ['level']=92},
    [17535174] = {['id']=17535174, ['name']="Vanguard'sHect", ['index']=198, ['level']=90},
    [17535182] = {['id']=17535182, ['name']="Vanguard'sAvat", ['index']=206, ['level']=90},
    [17535178] = {['id']=17535178, ['name']="VanguardTroope", ['index']=202, ['level']=91},
    [17535181] = {['id']=17535181, ['name']="VanguardDollma", ['index']=205, ['level']=90},
    [17535177] = {['id']=17535177, ['name']="VanguardGrappl", ['index']=201, ['level']=91},
    [17535179] = {['id']=17535179, ['name']="VanguardImpale", ['index']=203, ['level']=90},
    [17535176] = {['id']=17535176, ['name']="VanguardBackst", ['index']=200, ['level']=90},
    [17535175] = {['id']=17535175, ['name']="VanguardBackst", ['index']=199, ['level']=92},
    [17535048] = {['id']=17535048, ['name']="VanguardBugler", ['index']=72, ['level']=77},
    [17535045] = {['id']=17535045, ['name']="VanguardAmputa", ['index']=69, ['level']=75},
    [17535187] = {['id']=17535187, ['name']="VanguardVexer", ['index']=211, ['level']=92},
    [17535049] = {['id']=17535049, ['name']="VanguardDollma", ['index']=73, ['level']=76},
    [17535186] = {['id']=17535186, ['name']="VanguardMesmer", ['index']=210, ['level']=91},
    [17535149] = {['id']=17535149, ['name']="VanguardHawker", ['index']=173, ['level']=92},
    [17535150] = {['id']=17535150, ['name']="Vanguard'sHect", ['index']=174, ['level']=90},
    [17535157] = {['id']=17535157, ['name']="VanguardGrappl", ['index']=181, ['level']=90},
    [17535047] = {['id']=17535047, ['name']="VanguardVexer", ['index']=71, ['level']=77},
    [17535050] = {['id']=17535050, ['name']="Vanguard'sAvat", ['index']=74, ['level']=75},
    [17535191] = {['id']=17535191, ['name']="VanguardDollma", ['index']=215, ['level']=91},
    [17535185] = {['id']=17535185, ['name']="VanguardMesmer", ['index']=209, ['level']=92},
    [17535192] = {['id']=17535192, ['name']="Vanguard'sAvat", ['index']=216, ['level']=90},
    [17535193] = {['id']=17535193, ['name']="SerjeantTombst", ['index']=217, ['level']=80},
    [17535137] = {['id']=17535137, ['name']="VanguardVexer", ['index']=161, ['level']=76},
    [17535054] = {['id']=17535054, ['name']="VanguardPillag", ['index']=78, ['level']=75},
    [17535190] = {['id']=17535190, ['name']="VanguardBugler", ['index']=214, ['level']=91},
    [17535053] = {['id']=17535053, ['name']="VanguardNeckch", ['index']=77, ['level']=77},
    [17535039] = {['id']=17535039, ['name']="VanguardPredat", ['index']=63, ['level']=75},
    [17535132] = {['id']=17535132, ['name']="VanguardVexer", ['index']=156, ['level']=92},
    [17535134] = {['id']=17535134, ['name']="VanguardFootso", ['index']=158, ['level']=92},
    [17535139] = {['id']=17535139, ['name']="WarchiefTombst", ['index']=163, ['level']=65},
    [17535183] = {['id']=17535183, ['name']="VanguardAmputa", ['index']=207, ['level']=91},
    [17535136] = {['id']=17535136, ['name']="VanguardPredat", ['index']=160, ['level']=92},
    [17535198] = {['id']=17535198, ['name']="VanguardMesmer", ['index']=222, ['level']=92},
    [17535200] = {['id']=17535200, ['name']="VanguardVexer", ['index']=224, ['level']=92},
    [17535138] = {['id']=17535138, ['name']="VanguardTroope", ['index']=162, ['level']=76},
    [17535195] = {['id']=17535195, ['name']="VanguardAmputa", ['index']=219, ['level']=91},
    [17535205] = {['id']=17535205, ['name']="SerjeantTombst", ['index']=229, ['level']=80},
    [17535135] = {['id']=17535135, ['name']="VanguardPillag", ['index']=159, ['level']=91},
    [17535199] = {['id']=17535199, ['name']="VanguardVexer", ['index']=223, ['level']=91},
    [17535204] = {['id']=17535204, ['name']="Vanguard'sAvat", ['index']=228, ['level']=90},
    [17535202] = {['id']=17535202, ['name']="VanguardBugler", ['index']=226, ['level']=90},
    [17535201] = {['id']=17535201, ['name']="VanguardBugler", ['index']=225, ['level']=90},
    [17535203] = {['id']=17535203, ['name']="VanguardDollma", ['index']=227, ['level']=92},
    [17535210] = {['id']=17535210, ['name']="BloodfistVoshg", ['index']=234, ['level']=95},
    [17535101] = {['id']=17535101, ['name']="VanguardPredat", ['index']=125, ['level']=90},
    [17535098] = {['id']=17535098, ['name']="VanguardFootso", ['index']=122, ['level']=92},
    [17535102] = {['id']=17535102, ['name']="VanguardBackst", ['index']=126, ['level']=91},
    [17535100] = {['id']=17535100, ['name']="VanguardBugler", ['index']=124, ['level']=92},
    [17535103] = {['id']=17535103, ['name']="VanguardGrappl", ['index']=127, ['level']=90},
    [17535094] = {['id']=17535094, ['name']="VanguardHawker", ['index']=118, ['level']=91},
    [17535095] = {['id']=17535095, ['name']="Vanguard'sHect", ['index']=119, ['level']=90},
    [17535121] = {['id']=17535121, ['name']="VanguardVexer", ['index']=145, ['level']=91},
    [17535123] = {['id']=17535123, ['name']="VanguardBackst", ['index']=147, ['level']=92},
    [17535093] = {['id']=17535093, ['name']="VanguardPredat", ['index']=117, ['level']=90},
    [17535091] = {['id']=17535091, ['name']="VanguardGrappl", ['index']=115, ['level']=90},
    [17535092] = {['id']=17535092, ['name']="VanguardGutsla", ['index']=116, ['level']=90},
    [17535111] = {['id']=17535111, ['name']="Vanguard'sAvat", ['index']=135, ['level']=90},
    [17535107] = {['id']=17535107, ['name']="VanguardMesmer", ['index']=131, ['level']=91},
    [17535089] = {['id']=17535089, ['name']="VanguardPredat", ['index']=113, ['level']=90},
    [17535110] = {['id']=17535110, ['name']="VanguardDollma", ['index']=134, ['level']=90},
    [17535114] = {['id']=17535114, ['name']="SerjeantTombst", ['index']=138, ['level']=80},
    [17535090] = {['id']=17535090, ['name']="VanguardBackst", ['index']=114, ['level']=90},
    [17535106] = {['id']=17535106, ['name']="VanguardPredat", ['index']=130, ['level']=91},
    [17535109] = {['id']=17535109, ['name']="VanguardNeckch", ['index']=133, ['level']=92},
    [17535130] = {['id']=17535130, ['name']="VanguardTroope", ['index']=154, ['level']=91},
    [17535108] = {['id']=17535108, ['name']="VanguardVexer", ['index']=132, ['level']=91},
    [17535129] = {['id']=17535129, ['name']="VanguardVexer", ['index']=153, ['level']=91},
    [17535088] = {['id']=17535088, ['name']="VanguardBugler", ['index']=112, ['level']=92},
    [17535131] = {['id']=17535131, ['name']="WarchiefTombst", ['index']=155, ['level']=80},
    [17535112] = {['id']=17535112, ['name']="VanguardBackst", ['index']=136, ['level']=91},
    [17535087] = {['id']=17535087, ['name']="VanguardNeckch", ['index']=111, ['level']=91},
    [17535086] = {['id']=17535086, ['name']="VanguardAmputa", ['index']=110, ['level']=92},
    [17535083] = {['id']=17535083, ['name']="VanguardBackst", ['index']=107, ['level']=91},
    [17535127] = {['id']=17535127, ['name']="VanguardTroope", ['index']=151, ['level']=92},
    [17535082] = {['id']=17535082, ['name']="VanguardGutsla", ['index']=106, ['level']=91},
    [17535081] = {['id']=17535081, ['name']="VanguardPillag", ['index']=105, ['level']=91},
    [17535080] = {['id']=17535080, ['name']="VanguardMesmer", ['index']=104, ['level']=91},
    [17535126] = {['id']=17535126, ['name']="VanguardVexer", ['index']=150, ['level']=91},
    [17535079] = {['id']=17535079, ['name']="VanguardGrappl", ['index']=103, ['level']=91},
    [17535078] = {['id']=17535078, ['name']="VanguardBugler", ['index']=102, ['level']=90},
    [17535076] = {['id']=17535076, ['name']="VanguardHawker", ['index']=100, ['level']=92},
    [17535128] = {['id']=17535128, ['name']="WarchiefTombst", ['index']=152, ['level']=80},
    [17535077] = {['id']=17535077, ['name']="Vanguard'sHect", ['index']=101, ['level']=90},
    [17535142] = {['id']=17535142, ['name']="VanguardTroope", ['index']=166, ['level']=91},
    [17535140] = {['id']=17535140, ['name']="VanguardFootso", ['index']=164, ['level']=92},
    [17535069] = {['id']=17535069, ['name']="VanguardPredat", ['index']=93, ['level']=90},
    [17535066] = {['id']=17535066, ['name']="VanguardHawker", ['index']=90, ['level']=92},
    [17535141] = {['id']=17535141, ['name']="VanguardAmputa", ['index']=165, ['level']=90},
    [17535067] = {['id']=17535067, ['name']="Vanguard'sHect", ['index']=91, ['level']=90},
    [17535064] = {['id']=17535064, ['name']="VanguardTroope", ['index']=88, ['level']=90},
    [17535060] = {['id']=17535060, ['name']="VanguardAmputa", ['index']=84, ['level']=92},
    [17535070] = {['id']=17535070, ['name']="VanguardGutsla", ['index']=94, ['level']=90},
    [17535068] = {['id']=17535068, ['name']="VanguardBugler", ['index']=92, ['level']=91},
    [17535074] = {['id']=17535074, ['name']="VanguardDollma", ['index']=98, ['level']=90},
    [17535058] = {['id']=17535058, ['name']="VanguardFootso", ['index']=82, ['level']=92},
    [17535062] = {['id']=17535062, ['name']="VanguardVexer", ['index']=86, ['level']=92},
    [17535075] = {['id']=17535075, ['name']="Vanguard'sAvat", ['index']=99, ['level']=90},
    [17535211] = {['id']=17535211, ['name']="SpellspearDjok", ['index']=235, ['level']=95},
    [17535212] = {['id']=17535212, ['name']="Djokvukk'sWyve", ['index']=236, ['level']=92},
    [17535119] = {['id']=17535119, ['name']="VanguardPredat", ['index']=143, ['level']=91},
    [17535118] = {['id']=17535118, ['name']="VanguardBugler", ['index']=142, ['level']=91},
    [17535116] = {['id']=17535116, ['name']="VanguardFootso", ['index']=140, ['level']=90},
    [17535117] = {['id']=17535117, ['name']="VanguardAmputa", ['index']=141, ['level']=91},
    [17535120] = {['id']=17535120, ['name']="VanguardPredat", ['index']=144, ['level']=90},
    [17535125] = {['id']=17535125, ['name']="VanguardTroope", ['index']=149, ['level']=91},
    [17535188] = {['id']=17535188, ['name']="VanguardVexer", ['index']=212, ['level']=91},
    [17534977] = {['id']=17534977, ['name']="Overlord'sTomb", ['index']=1, ['level']=85},
    [17534978] = {['id']=17534978, ['name']="BattlechoirGit", ['index']=2, ['level']=83},
    [17534979] = {['id']=17534979, ['name']="SoulsenderFugb", ['index']=3, ['level']=83},
    [17535208] = {['id']=17535208, ['name']="SteelshankKrat", ['index']=232, ['level']=95},
    [17535209] = {['id']=17535209, ['name']="Kratzvatz'sHec", ['index']=233, ['level']=92},
    [17535213] = {['id']=17535213, ['name']="ArchOverlordT", ['index']=237, ['level']=99},
