    [17547266] = {['id']=17547266, ['name']="VanguardSmithy", ['index']=2, ['level']=75},
    [17547268] = {['id']=17547268, ['name']="VanguardPathfi", ['index']=4, ['level']=75},
    [17547269] = {['id']=17547269, ['name']="Vanguard'sSlim", ['index']=5, ['level']=75},
    [17547271] = {['id']=17547271, ['name']="VanguardEnchan", ['index']=7, ['level']=75},
    [17547272] = {['id']=17547272, ['name']="VanguardPathfi", ['index']=8, ['level']=77},
    [17547273] = {['id']=17547273, ['name']="Vanguard'sSlim", ['index']=9, ['level']=75},
    [17547274] = {['id']=17547274, ['name']="VanguardTinker", ['index']=10, ['level']=75},
    [17547276] = {['id']=17547276, ['name']="VanguardHitman", ['index']=12, ['level']=75},
    [17547287] = {['id']=17547287, ['name']="Vanguard'sAvat", ['index']=23, ['level']=75},
    [17547289] = {['id']=17547289, ['name']="VanguardArmore", ['index']=25, ['level']=75},
    [17547297] = {['id']=17547297, ['name']="GoblinReplica", ['index']=33, ['level']=65},
    [17547302] = {['id']=17547302, ['name']="GoblinStatue", ['index']=38, ['level']=65},
    [17547305] = {['id']=17547305, ['name']="VanguardWelldi", ['index']=41, ['level']=77},
    [17547367] = {['id']=17547367, ['name']="VanguardRonin", ['index']=103, ['level']=76},
    [17547369] = {['id']=17547369, ['name']="VanguardPathfi", ['index']=105, ['level']=76},
    [17547370] = {['id']=17547370, ['name']="Vanguard'sSlim", ['index']=106, ['level']=75},
    [17547371] = {['id']=17547371, ['name']="VanguardArmore", ['index']=107, ['level']=75},
    [17547373] = {['id']=17547373, ['name']="VanguardNecrom", ['index']=109, ['level']=75},
    [17547374] = {['id']=17547374, ['name']="Vanguard'sAvat", ['index']=110, ['level']=75},
    [17547376] = {['id']=17547376, ['name']="VanguardTinker", ['index']=112, ['level']=76},
    [17547379] = {['id']=17547379, ['name']="VanguardSmithy", ['index']=115, ['level']=75},
    [17547380] = {['id']=17547380, ['name']="VanguardAlchem", ['index']=116, ['level']=76},
    [17547381] = {['id']=17547381, ['name']="BuffrixEargone", ['index']=117, ['level']=77},
    [17547384] = {['id']=17547384, ['name']="VanguardHitman", ['index']=120, ['level']=75},
    [17547386] = {['id']=17547386, ['name']="VanguardMaestr", ['index']=122, ['level']=75},
    [17547285] = {['id']=17547285, ['name']="VanguardAmbush", ['index']=21, ['level']=76},
    [17547306] = {['id']=17547306, ['name']="VanguardAmbush", ['index']=42, ['level']=76},
    [17547308] = {['id']=17547308, ['name']="VanguardAlchem", ['index']=44, ['level']=77},
    [17547310] = {['id']=17547310, ['name']="VanguardEnchan", ['index']=46, ['level']=76},
    [17547309] = {['id']=17547309, ['name']="VanguardWelldi", ['index']=45, ['level']=77},
    [17547300] = {['id']=17547300, ['name']="WasabixCallusd", ['index']=36, ['level']=73},
    [17547316] = {['id']=17547316, ['name']="VanguardRonin", ['index']=52, ['level']=76},
    [17547286] = {['id']=17547286, ['name']="VanguardNecrom", ['index']=22, ['level']=77},
    [17547318] = {['id']=17547318, ['name']="Vanguard'sAvat", ['index']=54, ['level']=75},
    [17547317] = {['id']=17547317, ['name']="VanguardNecrom", ['index']=53, ['level']=76},
    [17547319] = {['id']=17547319, ['name']="VanguardAlchem", ['index']=55, ['level']=75},
    [17547394] = {['id']=17547394, ['name']="TicktoxBeadyey", ['index']=130, ['level']=79},
    [17547320] = {['id']=17547320, ['name']="VanguardShaman", ['index']=56, ['level']=76},
    [17547328] = {['id']=17547328, ['name']="Vanguard'sAvat", ['index']=64, ['level']=75},
    [17547324] = {['id']=17547324, ['name']="SparkspoxSweat", ['index']=60, ['level']=76},
    [17547325] = {['id']=17547325, ['name']="VanguardWelldi", ['index']=61, ['level']=75},
    [17547327] = {['id']=17547327, ['name']="VanguardNecrom", ['index']=63, ['level']=76},
    [17547331] = {['id']=17547331, ['name']="VanguardMaestr", ['index']=67, ['level']=76},
    [17547284] = {['id']=17547284, ['name']="VanguardEnchan", ['index']=20, ['level']=75},
    [17547335] = {['id']=17547335, ['name']="VanguardShaman", ['index']=71, ['level']=77},
    [17547281] = {['id']=17547281, ['name']="VanguardTinker", ['index']=17, ['level']=76},
    [17547279] = {['id']=17547279, ['name']="VanguardAlchem", ['index']=15, ['level']=75},
    [17547278] = {['id']=17547278, ['name']="VanguardPitfig", ['index']=14, ['level']=75},
    [17547293] = {['id']=17547293, ['name']="VanguardHitman", ['index']=29, ['level']=77},
    [17547365] = {['id']=17547365, ['name']="VanguardPathfi", ['index']=101, ['level']=75},
    [17547363] = {['id']=17547363, ['name']="VanguardSmithy", ['index']=99, ['level']=77},
    [17547366] = {['id']=17547366, ['name']="Vanguard'sSlim", ['index']=102, ['level']=75},
    [17547361] = {['id']=17547361, ['name']="VanguardTinker", ['index']=97, ['level']=76},
    [17547357] = {['id']=17547357, ['name']="VanguardSmithy", ['index']=93, ['level']=75},
    [17547360] = {['id']=17547360, ['name']="VanguardWelldi", ['index']=96, ['level']=76},
    [17547358] = {['id']=17547358, ['name']="VanguardShaman", ['index']=94, ['level']=77},
    [17547352] = {['id']=17547352, ['name']="VanguardTinker", ['index']=88, ['level']=76},
    [17547350] = {['id']=17547350, ['name']="VanguardPitfig", ['index']=86, ['level']=76},
    [17547356] = {['id']=17547356, ['name']="BandrixRockjaw", ['index']=92, ['level']=79},
    [17547353] = {['id']=17547353, ['name']="VanguardArmore", ['index']=89, ['level']=75},
    [17547265] = {['id']=17547265, ['name']="GoblinGolem", ['index']=1, ['level']=85},
    [17547389] = {['id']=17547389, ['name']="GoblinStatue", ['index']=125, ['level']=70},
    [17547348] = {['id']=17547348, ['name']="VanguardDragon", ['index']=84, ['level']=77},
    [17547346] = {['id']=17547346, ['name']="VanguardAmbush", ['index']=82, ['level']=75},
    [17547345] = {['id']=17547345, ['name']="VanguardMaestr", ['index']=81, ['level']=75},
    [17547343] = {['id']=17547343, ['name']="VanguardPitfig", ['index']=79, ['level']=75},
    [17547420] = {['id']=17547420, ['name']="GoblinStatue", ['index']=156, ['level']=80},
    [17547339] = {['id']=17547339, ['name']="VanguardWelldi", ['index']=75, ['level']=76},
    [17547341] = {['id']=17547341, ['name']="VanguardPathfi", ['index']=77, ['level']=76},
    [17547417] = {['id']=17547417, ['name']="VanguardShaman", ['index']=153, ['level']=90},
    [17547415] = {['id']=17547415, ['name']="VanguardPitfig", ['index']=151, ['level']=92},
    [17547419] = {['id']=17547419, ['name']="VanguardWelldi", ['index']=155, ['level']=91},
    [17547423] = {['id']=17547423, ['name']="GoblinReplica", ['index']=159, ['level']=80},
    [17547342] = {['id']=17547342, ['name']="Vanguard'sSlim", ['index']=78, ['level']=75},
    [17547337] = {['id']=17547337, ['name']="MorgmoxMoldnog", ['index']=73, ['level']=76},
    [17547392] = {['id']=17547392, ['name']="GoblinReplica", ['index']=128, ['level']=65},
    [17547409] = {['id']=17547409, ['name']="VanguardPitfig", ['index']=145, ['level']=90},
    [17547390] = {['id']=17547390, ['name']="GoblinStatue", ['index']=126, ['level']=70},
    [17547338] = {['id']=17547338, ['name']="Vanguard'sAvat", ['index']=74, ['level']=76},
    [17547334] = {['id']=17547334, ['name']="VanguardAlchem", ['index']=70, ['level']=77},
    [17547410] = {['id']=17547410, ['name']="VanguardWelldi", ['index']=146, ['level']=92},
    [17547413] = {['id']=17547413, ['name']="VanguardShaman", ['index']=149, ['level']=90},
    [17547405] = {['id']=17547405, ['name']="VanguardWelldi", ['index']=141, ['level']=90},
    [17547403] = {['id']=17547403, ['name']="VanguardSmithy", ['index']=139, ['level']=91},
    [17547407] = {['id']=17547407, ['name']="KikklixLongleg", ['index']=143, ['level']=90},
    [17547406] = {['id']=17547406, ['name']="VanguardShaman", ['index']=142, ['level']=91},
    [17547399] = {['id']=17547399, ['name']="VanguardPitfig", ['index']=135, ['level']=90},
    [17547401] = {['id']=17547401, ['name']="VanguardAlchem", ['index']=137, ['level']=92},
    [17547398] = {['id']=17547398, ['name']="VanguardSmithy", ['index']=134, ['level']=92},
    [17547463] = {['id']=17547463, ['name']="VanguardAmbush", ['index']=199, ['level']=92},
    [17547465] = {['id']=17547465, ['name']="VanguardAmbush", ['index']=201, ['level']=91},
    [17547467] = {['id']=17547467, ['name']="GoblinStatue", ['index']=203, ['level']=75},
    [17547449] = {['id']=17547449, ['name']="VanguardTinker", ['index']=185, ['level']=90},
    [17547464] = {['id']=17547464, ['name']="VanguardHitman", ['index']=200, ['level']=91},
    [17547468] = {['id']=17547468, ['name']="SnypestixEagle", ['index']=204, ['level']=90},
    [17547452] = {['id']=17547452, ['name']="VanguardDragon", ['index']=188, ['level']=91},
    [17547426] = {['id']=17547426, ['name']="VanguardDragon", ['index']=162, ['level']=90},
    [17547425] = {['id']=17547425, ['name']="VanguardTinker", ['index']=161, ['level']=90},
    [17547462] = {['id']=17547462, ['name']="VanguardHitman", ['index']=198, ['level']=92},
    [17547447] = {['id']=17547447, ['name']="VanguardArmore", ['index']=183, ['level']=90},
    [17547431] = {['id']=17547431, ['name']="VanguardRonin", ['index']=167, ['level']=90},
    [17547448] = {['id']=17547448, ['name']="VanguardMaestr", ['index']=184, ['level']=91},
    [17547461] = {['id']=17547461, ['name']="VanguardAmbush", ['index']=197, ['level']=90},
    [17547430] = {['id']=17547430, ['name']="VanguardMaestr", ['index']=166, ['level']=92},
    [17547445] = {['id']=17547445, ['name']="VanguardMaestr", ['index']=181, ['level']=90},
    [17547433] = {['id']=17547433, ['name']="VanguardMaestr", ['index']=169, ['level']=91},
    [17547457] = {['id']=17547457, ['name']="GoblinReplica", ['index']=193, ['level']=80},
    [17547446] = {['id']=17547446, ['name']="VanguardRonin", ['index']=182, ['level']=92},
    [17547466] = {['id']=17547466, ['name']="VanguardHitman", ['index']=202, ['level']=92},
    [17547432] = {['id']=17547432, ['name']="VanguardArmore", ['index']=168, ['level']=92},
    [17547436] = {['id']=17547436, ['name']="VanguardNecrom", ['index']=172, ['level']=92},
    [17547459] = {['id']=17547459, ['name']="VanguardAmbush", ['index']=195, ['level']=90},
    [17547460] = {['id']=17547460, ['name']="VanguardHitman", ['index']=196, ['level']=91},
    [17547443] = {['id']=17547443, ['name']="VanguardNecrom", ['index']=179, ['level']=91},
    [17547444] = {['id']=17547444, ['name']="Vanguard'sAvat", ['index']=180, ['level']=90},
    [17547441] = {['id']=17547441, ['name']="VanguardTinker", ['index']=177, ['level']=90},
    [17547440] = {['id']=17547440, ['name']="KarashixSwolle", ['index']=176, ['level']=90},
    [17547437] = {['id']=17547437, ['name']="Vanguard'sAvat", ['index']=173, ['level']=90},
    [17547435] = {['id']=17547435, ['name']="VanguardRonin", ['index']=171, ['level']=91},
    [17547470] = {['id']=17547470, ['name']="VanguardPitfig", ['index']=206, ['level']=90},
    [17547479] = {['id']=17547479, ['name']="EremixSnottyno", ['index']=215, ['level']=91},
    [17547486] = {['id']=17547486, ['name']="TymexoxNinefin", ['index']=222, ['level']=91},
    [17547491] = {['id']=17547491, ['name']="VanguardHitman", ['index']=227, ['level']=92},
    [17547490] = {['id']=17547490, ['name']="ProwloxBarrelb", ['index']=226, ['level']=91},
    [17547496] = {['id']=17547496, ['name']="ScourquixScale", ['index']=232, ['level']=95},
    [17547458] = {['id']=17547458, ['name']="GoblinReplica", ['index']=194, ['level']=80},
    [17547469] = {['id']=17547469, ['name']="VanguardSmithy", ['index']=205, ['level']=90},
    [17547494] = {['id']=17547494, ['name']="FeraloxHoneyli", ['index']=230, ['level']=95},
    [17547495] = {['id']=17547495, ['name']="Feralox'sSlime", ['index']=231, ['level']=92},
    [17547424] = {['id']=17547424, ['name']="KarashixSwolle", ['index']=160, ['level']=90},
    [17547438] = {['id']=17547438, ['name']="MortiloxWartpa", ['index']=174, ['level']=90},
    [17547439] = {['id']=17547439, ['name']="Vanguard'sAvat", ['index']=175, ['level']=90},
    [17547477] = {['id']=17547477, ['name']="VanguardEnchan", ['index']=213, ['level']=91},
    [17547481] = {['id']=17547481, ['name']="VanguardArmore", ['index']=217, ['level']=90},
    [17547493] = {['id']=17547493, ['name']="QuicktrixHexha", ['index']=229, ['level']=95},
    [17547489] = {['id']=17547489, ['name']="VanguardAmbush", ['index']=225, ['level']=90},
    [17547498] = {['id']=17547498, ['name']="WilywoxTenderp", ['index']=234, ['level']=95},
    [17547499] = {['id']=17547499, ['name']="ArchGoblinGol", ['index']=235, ['level']=99},
