    [16937295] = {['id']=16937295, ['name']="NightmareGoobb", ['index']=335, ['level']=96},
    [16937296] = {['id']=16937296, ['name']="NightmareGoobb", ['index']=336, ['level']=95},
    [16937297] = {['id']=16937297, ['name']="NightmareGoobb", ['index']=337, ['level']=96},
    [16937303] = {['id']=16937303, ['name']="NightmareGoobb", ['index']=343, ['level']=95},
    [16937302] = {['id']=16937302, ['name']="NightmareGoobb", ['index']=342, ['level']=95},
    [16937310] = {['id']=16937310, ['name']="NightmareGoobb", ['index']=350, ['level']=96},
    [16937305] = {['id']=16937305, ['name']="NightmareGoobb", ['index']=345, ['level']=96},
    [16937306] = {['id']=16937306, ['name']="NightmareGoobb", ['index']=346, ['level']=96},
    [16937308] = {['id']=16937308, ['name']="NightmareGoobb", ['index']=348, ['level']=95},
    [16937307] = {['id']=16937307, ['name']="NightmareGoobb", ['index']=347, ['level']=96},
    [16937309] = {['id']=16937309, ['name']="NightmareGoobb", ['index']=349, ['level']=95},
    [16937301] = {['id']=16937301, ['name']="NightmareGoobb", ['index']=341, ['level']=95},
    [16937333] = {['id']=16937333, ['name']="NightmareSabot", ['index']=373, ['level']=96},
    [16937330] = {['id']=16937330, ['name']="NightmareSabot", ['index']=370, ['level']=95},
    [16937312] = {['id']=16937312, ['name']="NightmareSabot", ['index']=352, ['level']=95},
    [16937313] = {['id']=16937313, ['name']="NightmareSabot", ['index']=353, ['level']=95},
    [16937314] = {['id']=16937314, ['name']="NightmareSabot", ['index']=354, ['level']=96},
    [16937315] = {['id']=16937315, ['name']="NightmareSabot", ['index']=355, ['level']=95},
    [16937316] = {['id']=16937316, ['name']="NightmareSabot", ['index']=356, ['level']=95},
    [16937317] = {['id']=16937317, ['name']="NightmareSabot", ['index']=357, ['level']=96},
    [16937318] = {['id']=16937318, ['name']="NightmareSabot", ['index']=358, ['level']=96},
    [16937319] = {['id']=16937319, ['name']="NightmareSabot", ['index']=359, ['level']=95},
    [16937320] = {['id']=16937320, ['name']="NightmareSabot", ['index']=360, ['level']=95},
    [16937322] = {['id']=16937322, ['name']="NightmareSabot", ['index']=362, ['level']=95},
    [16937323] = {['id']=16937323, ['name']="NightmareSabot", ['index']=363, ['level']=96},
    [16937324] = {['id']=16937324, ['name']="NightmareSabot", ['index']=364, ['level']=95},
    [16937325] = {['id']=16937325, ['name']="NightmareSabot", ['index']=365, ['level']=95},
    [16937326] = {['id']=16937326, ['name']="NightmareSabot", ['index']=366, ['level']=95},
    [16937331] = {['id']=16937331, ['name']="NightmareSabot", ['index']=371, ['level']=96},
    [16937321] = {['id']=16937321, ['name']="NightmareSabot", ['index']=361, ['level']=96},
    [16937327] = {['id']=16937327, ['name']="NightmareSabot", ['index']=367, ['level']=95},
    [16937328] = {['id']=16937328, ['name']="NightmareSabot", ['index']=368, ['level']=95},
    [16937332] = {['id']=16937332, ['name']="NightmareSabot", ['index']=372, ['level']=96},
    [16937369] = {['id']=16937369, ['name']="NightmareManti", ['index']=409, ['level']=95},
    [16937368] = {['id']=16937368, ['name']="NightmareManti", ['index']=408, ['level']=95},
    [16937373] = {['id']=16937373, ['name']="NightmareManti", ['index']=413, ['level']=96},
    [16937489] = {['id']=16937489, ['name']="VanguardVexer", ['index']=529, ['level']=93},
    [16937488] = {['id']=16937488, ['name']="VanguardAmputa", ['index']=528, ['level']=93},
    [16937371] = {['id']=16937371, ['name']="NightmareManti", ['index']=411, ['level']=95},
    [16937490] = {['id']=16937490, ['name']="VanguardTroope", ['index']=530, ['level']=95},
    [16937491] = {['id']=16937491, ['name']="VanguardGutsla", ['index']=531, ['level']=93},
    [16937370] = {['id']=16937370, ['name']="NightmareManti", ['index']=410, ['level']=95},
    [16937372] = {['id']=16937372, ['name']="NightmareManti", ['index']=412, ['level']=95},
    [16937492] = {['id']=16937492, ['name']="VanguardImpale", ['index']=532, ['level']=94},
    [16937483] = {['id']=16937483, ['name']="VanguardMesmer", ['index']=523, ['level']=95},
    [16937496] = {['id']=16937496, ['name']="SerjeantTombst", ['index']=536, ['level']=80},
    [16937482] = {['id']=16937482, ['name']="VanguardGrappl", ['index']=522, ['level']=95},
    [16937361] = {['id']=16937361, ['name']="NightmareManti", ['index']=401, ['level']=96},
    [16937485] = {['id']=16937485, ['name']="VanguardBackst", ['index']=525, ['level']=95},
    [16937366] = {['id']=16937366, ['name']="NightmareManti", ['index']=406, ['level']=96},
    [16937365] = {['id']=16937365, ['name']="NightmareManti", ['index']=405, ['level']=96},
    [16937486] = {['id']=16937486, ['name']="VanguardHawker", ['index']=526, ['level']=94},
    [16937487] = {['id']=16937487, ['name']="Vanguard'sHect", ['index']=527, ['level']=93},
    [16937362] = {['id']=16937362, ['name']="NightmareManti", ['index']=402, ['level']=95},
    [16937484] = {['id']=16937484, ['name']="VanguardPredat", ['index']=524, ['level']=94},
    [16937374] = {['id']=16937374, ['name']="NightmareManti", ['index']=414, ['level']=96},
    [16937481] = {['id']=16937481, ['name']="Vanguard'sAvat", ['index']=521, ['level']=93},
    [16937364] = {['id']=16937364, ['name']="NightmareManti", ['index']=404, ['level']=95},
    [16937358] = {['id']=16937358, ['name']="NightmareManti", ['index']=398, ['level']=96},
    [16937560] = {['id']=16937560, ['name']="VanguardRonin", ['index']=600, ['level']=93},
    [16937561] = {['id']=16937561, ['name']="VanguardPathfi", ['index']=601, ['level']=95},
    [16937562] = {['id']=16937562, ['name']="Vanguard'sSlim", ['index']=602, ['level']=93},
    [16937554] = {['id']=16937554, ['name']="VanguardAmbush", ['index']=594, ['level']=95},
    [16937555] = {['id']=16937555, ['name']="VanguardNecrom", ['index']=595, ['level']=94},
    [16937556] = {['id']=16937556, ['name']="Vanguard'sAvat", ['index']=596, ['level']=93},
    [16937551] = {['id']=16937551, ['name']="VanguardSmithy", ['index']=591, ['level']=93},
    [16937499] = {['id']=16937499, ['name']="SerjeantTombst", ['index']=539, ['level']=80},
    [16937360] = {['id']=16937360, ['name']="NightmareManti", ['index']=400, ['level']=95},
    [16937477] = {['id']=16937477, ['name']="VanguardPillag", ['index']=517, ['level']=93},
    [16937479] = {['id']=16937479, ['name']="VanguardBugler", ['index']=519, ['level']=93},
    [16937478] = {['id']=16937478, ['name']="VanguardNeckch", ['index']=518, ['level']=95},
    [16937476] = {['id']=16937476, ['name']="VanguardFootso", ['index']=516, ['level']=95},
    [16937480] = {['id']=16937480, ['name']="VanguardDollma", ['index']=520, ['level']=94},
    [16937293] = {['id']=16937293, ['name']="NightmareGoobb", ['index']=333, ['level']=96},
    [16936993] = {['id']=16936993, ['name']="NightmareManti", ['index']=33, ['level']=78},
    [16937294] = {['id']=16937294, ['name']="NightmareGoobb", ['index']=334, ['level']=96},
    [16937304] = {['id']=16937304, ['name']="NightmareGoobb", ['index']=344, ['level']=96},
    [16936965] = {['id']=16936965, ['name']="NightmareHippo", ['index']=5, ['level']=80},
    [16936962] = {['id']=16936962, ['name']="NightmareHippo", ['index']=2, ['level']=79},
    [16937191] = {['id']=16937191, ['name']="VanguardPillag", ['index']=231, ['level']=76},
    [16936969] = {['id']=16936969, ['name']="NightmareHippo", ['index']=9, ['level']=78},
    [16937192] = {['id']=16937192, ['name']="VanguardPredat", ['index']=232, ['level']=76},
    [16936987] = {['id']=16936987, ['name']="NightmareManti", ['index']=27, ['level']=78},
    [16936990] = {['id']=16936990, ['name']="NightmareManti", ['index']=30, ['level']=79},
    [16936992] = {['id']=16936992, ['name']="NightmareManti", ['index']=32, ['level']=78},
    [16936989] = {['id']=16936989, ['name']="NightmareManti", ['index']=29, ['level']=80},
    [16936988] = {['id']=16936988, ['name']="NightmareManti", ['index']=28, ['level']=79},
    [16936991] = {['id']=16936991, ['name']="NightmareManti", ['index']=31, ['level']=79},
    [16936994] = {['id']=16936994, ['name']="NightmareManti", ['index']=34, ['level']=80},
    [16937213] = {['id']=16937213, ['name']="SerjeantTombst", ['index']=253, ['level']=70},
    [16936963] = {['id']=16936963, ['name']="NightmareHippo", ['index']=3, ['level']=78},
    [16936964] = {['id']=16936964, ['name']="NightmareHippo", ['index']=4, ['level']=80},
    [16936966] = {['id']=16936966, ['name']="NightmareHippo", ['index']=6, ['level']=78},
    [16936967] = {['id']=16936967, ['name']="NightmareHippo", ['index']=7, ['level']=80},
    [16936968] = {['id']=16936968, ['name']="NightmareHippo", ['index']=8, ['level']=78},
    [16936970] = {['id']=16936970, ['name']="NightmareHippo", ['index']=10, ['level']=78},
    [16936971] = {['id']=16936971, ['name']="NightmareHippo", ['index']=11, ['level']=80},
    [16936972] = {['id']=16936972, ['name']="NightmareHippo", ['index']=12, ['level']=78},
    [16936974] = {['id']=16936974, ['name']="NightmareHippo", ['index']=14, ['level']=80},
    [16936975] = {['id']=16936975, ['name']="NightmareHippo", ['index']=15, ['level']=79},
    [16936976] = {['id']=16936976, ['name']="NightmareHippo", ['index']=16, ['level']=79},
    [16936978] = {['id']=16936978, ['name']="NightmareHippo", ['index']=18, ['level']=80},
    [16936979] = {['id']=16936979, ['name']="NightmareHippo", ['index']=19, ['level']=78},
    [16936980] = {['id']=16936980, ['name']="NightmareHippo", ['index']=20, ['level']=79},
    [16936981] = {['id']=16936981, ['name']="NightmareHippo", ['index']=21, ['level']=80},
    [16936982] = {['id']=16936982, ['name']="NightmareHippo", ['index']=22, ['level']=80},
    [16936983] = {['id']=16936983, ['name']="NightmareHippo", ['index']=23, ['level']=78},
    [16936984] = {['id']=16936984, ['name']="NightmareHippo", ['index']=24, ['level']=80},
    [16936985] = {['id']=16936985, ['name']="NightmareHippo", ['index']=25, ['level']=80},
    [16937009] = {['id']=16937009, ['name']="NightmareManti", ['index']=49, ['level']=78},
    [16937041] = {['id']=16937041, ['name']="NightmareTrean", ['index']=81, ['level']=79},
    [16937064] = {['id']=16937064, ['name']="NightmareGoobb", ['index']=104, ['level']=80},
    [16937067] = {['id']=16937067, ['name']="NightmareGoobb", ['index']=107, ['level']=79},
    [16937069] = {['id']=16937069, ['name']="NightmareGoobb", ['index']=109, ['level']=79},
    [16937190] = {['id']=16937190, ['name']="VanguardFootso", ['index']=230, ['level']=77},
    [16937193] = {['id']=16937193, ['name']="VanguardGrappl", ['index']=233, ['level']=76},
    [16937194] = {['id']=16937194, ['name']="VanguardTroope", ['index']=234, ['level']=77},
    [16937195] = {['id']=16937195, ['name']="VanguardGutsla", ['index']=235, ['level']=76},
    [16937196] = {['id']=16937196, ['name']="VanguardAmputa", ['index']=236, ['level']=75},
    [16937197] = {['id']=16937197, ['name']="VanguardBackst", ['index']=237, ['level']=75},
    [16937198] = {['id']=16937198, ['name']="VanguardHawker", ['index']=238, ['level']=75},
    [16937199] = {['id']=16937199, ['name']="Vanguard'sHect", ['index']=239, ['level']=75},
    [16937200] = {['id']=16937200, ['name']="VanguardMesmer", ['index']=240, ['level']=76},
    [16937201] = {['id']=16937201, ['name']="VanguardNeckch", ['index']=241, ['level']=75},
    [16937202] = {['id']=16937202, ['name']="VanguardImpale", ['index']=242, ['level']=76},
    [16937204] = {['id']=16937204, ['name']="VanguardVexer", ['index']=244, ['level']=76},
    [16937205] = {['id']=16937205, ['name']="VanguardBugler", ['index']=245, ['level']=75},
    [16937206] = {['id']=16937206, ['name']="VanguardDollma", ['index']=246, ['level']=76},
    [16937207] = {['id']=16937207, ['name']="Vanguard'sAvat", ['index']=247, ['level']=75},
    [16937209] = {['id']=16937209, ['name']="SerjeantTombst", ['index']=249, ['level']=70},
    [16937214] = {['id']=16937214, ['name']="WarchiefTombst", ['index']=254, ['level']=70},
    [16937216] = {['id']=16937216, ['name']="VanguardThauma", ['index']=256, ['level']=77},
    [16937265] = {['id']=16937265, ['name']="VanguardSmithy", ['index']=305, ['level']=76},
    [16937266] = {['id']=16937266, ['name']="VanguardDragon", ['index']=306, ['level']=77},
    [16937268] = {['id']=16937268, ['name']="VanguardNecrom", ['index']=308, ['level']=76},
    [16937269] = {['id']=16937269, ['name']="Vanguard'sAvat", ['index']=309, ['level']=75},
    [16937289] = {['id']=16937289, ['name']="GoblinStatue", ['index']=329, ['level']=70},
    [16937059] = {['id']=16937059, ['name']="NightmareTrean", ['index']=99, ['level']=79},
    [16937063] = {['id']=16937063, ['name']="NightmareGoobb", ['index']=103, ['level']=78},
    [16937088] = {['id']=16937088, ['name']="NightmareGoobb", ['index']=128, ['level']=80},
    [16937074] = {['id']=16937074, ['name']="NightmareGoobb", ['index']=114, ['level']=80},
    [16937076] = {['id']=16937076, ['name']="NightmareGoobb", ['index']=116, ['level']=79},
    [16937272] = {['id']=16937272, ['name']="VanguardRonin", ['index']=312, ['level']=75},
    [16937270] = {['id']=16937270, ['name']="VanguardPitfig", ['index']=310, ['level']=76},
    [16937284] = {['id']=16937284, ['name']="GoblinReplica", ['index']=324, ['level']=70},
    [16937075] = {['id']=16937075, ['name']="NightmareGoobb", ['index']=115, ['level']=80},
    [16937072] = {['id']=16937072, ['name']="NightmareGoobb", ['index']=112, ['level']=80},
    [16937271] = {['id']=16937271, ['name']="VanguardEnchan", ['index']=311, ['level']=77},
    [16937273] = {['id']=16937273, ['name']="VanguardMaestr", ['index']=313, ['level']=77},
    [16937047] = {['id']=16937047, ['name']="NightmareTrean", ['index']=87, ['level']=79},
    [16937045] = {['id']=16937045, ['name']="NightmareTrean", ['index']=85, ['level']=80},
    [16937274] = {['id']=16937274, ['name']="VanguardHitman", ['index']=314, ['level']=76},
    [16937277] = {['id']=16937277, ['name']="VanguardTinker", ['index']=317, ['level']=76},
    [16937044] = {['id']=16937044, ['name']="NightmareTrean", ['index']=84, ['level']=80},
    [16937276] = {['id']=16937276, ['name']="VanguardWelldi", ['index']=316, ['level']=76},
    [16937051] = {['id']=16937051, ['name']="Stcemqestcint", ['index']=91, ['level']=85},
    [16937048] = {['id']=16937048, ['name']="NightmareTrean", ['index']=88, ['level']=80},
    [16937050] = {['id']=16937050, ['name']="NightmareTrean", ['index']=90, ['level']=79},
    [16937060] = {['id']=16937060, ['name']="NightmareTrean", ['index']=100, ['level']=80},
    [16937077] = {['id']=16937077, ['name']="Nant'ina", ['index']=117, ['level']=85},
    [16937073] = {['id']=16937073, ['name']="NightmareGoobb", ['index']=113, ['level']=80},
    [16937071] = {['id']=16937071, ['name']="NightmareGoobb", ['index']=111, ['level']=80},
    [16937046] = {['id']=16937046, ['name']="NightmareTrean", ['index']=86, ['level']=80},
    [16937049] = {['id']=16937049, ['name']="NightmareTrean", ['index']=89, ['level']=78},
    [16937040] = {['id']=16937040, ['name']="NightmareTrean", ['index']=80, ['level']=80},
    [16937043] = {['id']=16937043, ['name']="NightmareTrean", ['index']=83, ['level']=78},
    [16937242] = {['id']=16937242, ['name']="VanguardPartis", ['index']=282, ['level']=75},
    [16937240] = {['id']=16937240, ['name']="VanguardSkirmi", ['index']=280, ['level']=77},
    [16937241] = {['id']=16937241, ['name']="VanguardChante", ['index']=281, ['level']=77},
    [16937042] = {['id']=16937042, ['name']="NightmareTrean", ['index']=82, ['level']=78},
    [16937038] = {['id']=16937038, ['name']="NightmareTrean", ['index']=78, ['level']=80},
    [16937248] = {['id']=16937248, ['name']="VanguardPriest", ['index']=288, ['level']=77},
    [16937250] = {['id']=16937250, ['name']="VanguardExempl", ['index']=290, ['level']=77},
    [16937245] = {['id']=16937245, ['name']="VanguardLibera", ['index']=285, ['level']=75},
    [16937249] = {['id']=16937249, ['name']="VanguardSalvag", ['index']=289, ['level']=77},
    [16937039] = {['id']=16937039, ['name']="NightmareTrean", ['index']=79, ['level']=79},
    [16937246] = {['id']=16937246, ['name']="VanguardOracle", ['index']=286, ['level']=77},
    [16937247] = {['id']=16937247, ['name']="Vanguard'sAvat", ['index']=287, ['level']=75},
    [16937244] = {['id']=16937244, ['name']="VanguardSentin", ['index']=284, ['level']=76},
    [16937259] = {['id']=16937259, ['name']="ManifestIcon", ['index']=299, ['level']=70},
    [16937264] = {['id']=16937264, ['name']="AvatarIdol", ['index']=304, ['level']=70},
    [16937251] = {['id']=16937251, ['name']="VanguardPrelat", ['index']=291, ['level']=76},
    [16937252] = {['id']=16937252, ['name']="VanguardIncite", ['index']=292, ['level']=75},
    [16937253] = {['id']=16937253, ['name']="VanguardPersec", ['index']=293, ['level']=76},
    [16937254] = {['id']=16937254, ['name']="VanguardVision", ['index']=294, ['level']=77},
    [16937255] = {['id']=16937255, ['name']="VanguardAssass", ['index']=295, ['level']=75},
    [16937256] = {['id']=16937256, ['name']="VanguardOgreso", ['index']=296, ['level']=77},
    [16937257] = {['id']=16937257, ['name']="Vanguard'sCrow", ['index']=297, ['level']=75},
    [16937262] = {['id']=16937262, ['name']="ManifestIcon", ['index']=302, ['level']=70},
    [16937234] = {['id']=16937234, ['name']="AdamantkingEff", ['index']=274, ['level']=70},
    [16937228] = {['id']=16937228, ['name']="VanguardPurloi", ['index']=268, ['level']=75},
    [16937229] = {['id']=16937229, ['name']="VanguardDefend", ['index']=269, ['level']=76},
    [16937140] = {['id']=16937140, ['name']="NightmareFlytr", ['index']=180, ['level']=78},
    [16937164] = {['id']=16937164, ['name']="NightmareFlytr", ['index']=204, ['level']=80},
    [16937142] = {['id']=16937142, ['name']="NightmareFlytr", ['index']=182, ['level']=80},
    [16937065] = {['id']=16937065, ['name']="NightmareGoobb", ['index']=105, ['level']=80},
    [16937037] = {['id']=16937037, ['name']="NightmareTrean", ['index']=77, ['level']=78},
    [16937297] = {['id']=16937297, ['name']="NightmareGoobb", ['index']=337, ['level']=95},
    [16937293] = {['id']=16937293, ['name']="NightmareGoobb", ['index']=333, ['level']=96},
    [16937310] = {['id']=16937310, ['name']="NightmareGoobb", ['index']=350, ['level']=95},
    [16936968] = {['id']=16936968, ['name']="NightmareHippo", ['index']=8, ['level']=78},
    [16936964] = {['id']=16936964, ['name']="NightmareHippo", ['index']=4, ['level']=80},
    [16936963] = {['id']=16936963, ['name']="NightmareHippo", ['index']=3, ['level']=78},
    [16937191] = {['id']=16937191, ['name']="VanguardPillag", ['index']=231, ['level']=76},
    [16937190] = {['id']=16937190, ['name']="VanguardFootso", ['index']=230, ['level']=77},
    [16936965] = {['id']=16936965, ['name']="NightmareHippo", ['index']=5, ['level']=80},
    [16936962] = {['id']=16936962, ['name']="NightmareHippo", ['index']=2, ['level']=79},
    [16936967] = {['id']=16936967, ['name']="NightmareHippo", ['index']=7, ['level']=80},
    [16936966] = {['id']=16936966, ['name']="NightmareHippo", ['index']=6, ['level']=78},
    [16936969] = {['id']=16936969, ['name']="NightmareHippo", ['index']=9, ['level']=78},
    [16937214] = {['id']=16937214, ['name']="WarchiefTombst", ['index']=254, ['level']=70},
    [16937192] = {['id']=16937192, ['name']="VanguardPredat", ['index']=232, ['level']=76},
    [16936972] = {['id']=16936972, ['name']="NightmareHippo", ['index']=12, ['level']=78},
    [16936982] = {['id']=16936982, ['name']="NightmareHippo", ['index']=22, ['level']=80},
    [16936984] = {['id']=16936984, ['name']="NightmareHippo", ['index']=24, ['level']=80},
    [16936985] = {['id']=16936985, ['name']="NightmareHippo", ['index']=25, ['level']=80},
    [16936986] = {['id']=16936986, ['name']="NightmareHippo", ['index']=26, ['level']=78},
    [16937193] = {['id']=16937193, ['name']="VanguardGrappl", ['index']=233, ['level']=76},
    [16936970] = {['id']=16936970, ['name']="NightmareHippo", ['index']=10, ['level']=78},
    [16936983] = {['id']=16936983, ['name']="NightmareHippo", ['index']=23, ['level']=78},
    [16936981] = {['id']=16936981, ['name']="NightmareHippo", ['index']=21, ['level']=80},
    [16936975] = {['id']=16936975, ['name']="NightmareHippo", ['index']=15, ['level']=79},
    [16936973] = {['id']=16936973, ['name']="NightmareHippo", ['index']=13, ['level']=79},
    [16936980] = {['id']=16936980, ['name']="NightmareHippo", ['index']=20, ['level']=79},
    [16937194] = {['id']=16937194, ['name']="VanguardTroope", ['index']=234, ['level']=77},
    [16936971] = {['id']=16936971, ['name']="NightmareHippo", ['index']=11, ['level']=80},
    [16936976] = {['id']=16936976, ['name']="NightmareHippo", ['index']=16, ['level']=79},
    [16936974] = {['id']=16936974, ['name']="NightmareHippo", ['index']=14, ['level']=80},
    [16936977] = {['id']=16936977, ['name']="NightmareHippo", ['index']=17, ['level']=80},
    [16936979] = {['id']=16936979, ['name']="NightmareHippo", ['index']=19, ['level']=78},
    [16937195] = {['id']=16937195, ['name']="VanguardGutsla", ['index']=235, ['level']=76},
    [16936978] = {['id']=16936978, ['name']="NightmareHippo", ['index']=18, ['level']=80},
    [16937213] = {['id']=16937213, ['name']="SerjeantTombst", ['index']=253, ['level']=70},
    [16937266] = {['id']=16937266, ['name']="VanguardDragon", ['index']=306, ['level']=77},
    [16937067] = {['id']=16937067, ['name']="NightmareGoobb", ['index']=107, ['level']=79},
    [16937066] = {['id']=16937066, ['name']="NightmareGoobb", ['index']=106, ['level']=80},
    [16937069] = {['id']=16937069, ['name']="NightmareGoobb", ['index']=109, ['level']=79},
    [16937063] = {['id']=16937063, ['name']="NightmareGoobb", ['index']=103, ['level']=78},
    [16937062] = {['id']=16937062, ['name']="NightmareTrean", ['index']=102, ['level']=78},
    [16937265] = {['id']=16937265, ['name']="VanguardSmithy", ['index']=305, ['level']=76},
    [16937268] = {['id']=16937268, ['name']="VanguardNecrom", ['index']=308, ['level']=76},
    [16937269] = {['id']=16937269, ['name']="Vanguard'sAvat", ['index']=309, ['level']=75},
    [16937087] = {['id']=16937087, ['name']="NightmareGoobb", ['index']=127, ['level']=80},
    [16937073] = {['id']=16937073, ['name']="NightmareGoobb", ['index']=113, ['level']=80},
    [16937071] = {['id']=16937071, ['name']="NightmareGoobb", ['index']=111, ['level']=80},
    [16937075] = {['id']=16937075, ['name']="NightmareGoobb", ['index']=115, ['level']=80},
    [16937070] = {['id']=16937070, ['name']="NightmareGoobb", ['index']=110, ['level']=79},
    [16937072] = {['id']=16937072, ['name']="NightmareGoobb", ['index']=112, ['level']=80},
    [16937270] = {['id']=16937270, ['name']="VanguardPitfig", ['index']=310, ['level']=76},
    [16937074] = {['id']=16937074, ['name']="NightmareGoobb", ['index']=114, ['level']=80},
    [16937272] = {['id']=16937272, ['name']="VanguardRonin", ['index']=312, ['level']=75},
    [16937077] = {['id']=16937077, ['name']="Nant'ina", ['index']=117, ['level']=85},
    [16937287] = {['id']=16937287, ['name']="GoblinReplica", ['index']=327, ['level']=70},
    [16937076] = {['id']=16937076, ['name']="NightmareGoobb", ['index']=116, ['level']=79},
    [16937085] = {['id']=16937085, ['name']="NightmareGoobb", ['index']=125, ['level']=80},
    [16937088] = {['id']=16937088, ['name']="NightmareGoobb", ['index']=128, ['level']=80},
    [16937271] = {['id']=16937271, ['name']="VanguardEnchan", ['index']=311, ['level']=77},
    [16937084] = {['id']=16937084, ['name']="NightmareGoobb", ['index']=124, ['level']=79},
    [16937078] = {['id']=16937078, ['name']="NightmareGoobb", ['index']=118, ['level']=78},
    [16937103] = {['id']=16937103, ['name']="NightmareFungu", ['index']=143, ['level']=80},
    [16937114] = {['id']=16937114, ['name']="NightmareFungu", ['index']=154, ['level']=78},
    [16937080] = {['id']=16937080, ['name']="NightmareGoobb", ['index']=120, ['level']=79},
    [16937113] = {['id']=16937113, ['name']="NightmareFungu", ['index']=153, ['level']=78},
    [16937107] = {['id']=16937107, ['name']="NightmareFungu", ['index']=147, ['level']=80},
    [16937110] = {['id']=16937110, ['name']="NightmareFungu", ['index']=150, ['level']=79},
    [16937112] = {['id']=16937112, ['name']="NightmareFungu", ['index']=152, ['level']=79},
    [16937104] = {['id']=16937104, ['name']="NightmareFungu", ['index']=144, ['level']=78},
    [16937101] = {['id']=16937101, ['name']="NightmareFungu", ['index']=141, ['level']=78},
    [16937108] = {['id']=16937108, ['name']="NightmareFungu", ['index']=148, ['level']=78},
    [16937102] = {['id']=16937102, ['name']="NightmareFungu", ['index']=142, ['level']=79},
    [16937095] = {['id']=16937095, ['name']="NightmareFungu", ['index']=135, ['level']=80},
    [16937105] = {['id']=16937105, ['name']="NightmareFungu", ['index']=145, ['level']=79},
    [16937111] = {['id']=16937111, ['name']="NightmareFungu", ['index']=151, ['level']=79},
    [16937099] = {['id']=16937099, ['name']="NightmareFungu", ['index']=139, ['level']=80},
    [16937106] = {['id']=16937106, ['name']="NightmareFungu", ['index']=146, ['level']=79},
    [16937109] = {['id']=16937109, ['name']="NightmareFungu", ['index']=149, ['level']=80},
    [16937079] = {['id']=16937079, ['name']="NightmareGoobb", ['index']=119, ['level']=80},
    [16937086] = {['id']=16937086, ['name']="NightmareGoobb", ['index']=126, ['level']=78},
    [16937083] = {['id']=16937083, ['name']="NightmareGoobb", ['index']=123, ['level']=80},
    [16937082] = {['id']=16937082, ['name']="NightmareGoobb", ['index']=122, ['level']=78},
    [16937281] = {['id']=16937281, ['name']="VanguardPathfi", ['index']=321, ['level']=75},
    [16937282] = {['id']=16937282, ['name']="Vanguard'sSlim", ['index']=322, ['level']=75},
    [16937094] = {['id']=16937094, ['name']="NightmareFungu", ['index']=134, ['level']=79},
    [16937096] = {['id']=16937096, ['name']="NightmareFungu", ['index']=136, ['level']=79},
    [16937097] = {['id']=16937097, ['name']="NightmareFungu", ['index']=137, ['level']=79},
    [16937098] = {['id']=16937098, ['name']="NightmareFungu", ['index']=138, ['level']=80},
    [16937278] = {['id']=16937278, ['name']="VanguardShaman", ['index']=318, ['level']=76},
    [16937279] = {['id']=16937279, ['name']="VanguardArmore", ['index']=319, ['level']=76},
    [16937280] = {['id']=16937280, ['name']="VanguardAmbush", ['index']=320, ['level']=75},
    [16937285] = {['id']=16937285, ['name']="GoblinReplica", ['index']=325, ['level']=70},
    [16937117] = {['id']=16937117, ['name']="NightmareSabot", ['index']=157, ['level']=80},
    [16937119] = {['id']=16937119, ['name']="NightmareSabot", ['index']=159, ['level']=78},
    [16937116] = {['id']=16937116, ['name']="NightmareSabot", ['index']=156, ['level']=79},
    [16937115] = {['id']=16937115, ['name']="NightmareSabot", ['index']=155, ['level']=80},
    [16937138] = {['id']=16937138, ['name']="NightmareSabot", ['index']=178, ['level']=80},
    [16937118] = {['id']=16937118, ['name']="NightmareSabot", ['index']=158, ['level']=78},
    [16937124] = {['id']=16937124, ['name']="NightmareSabot", ['index']=164, ['level']=80},
    [16937139] = {['id']=16937139, ['name']="NightmareSabot", ['index']=179, ['level']=80},
    [16937121] = {['id']=16937121, ['name']="NightmareSabot", ['index']=161, ['level']=79},
    [16937136] = {['id']=16937136, ['name']="NightmareSabot", ['index']=176, ['level']=78},
    [16937134] = {['id']=16937134, ['name']="NightmareSabot", ['index']=174, ['level']=79},
    [16937137] = {['id']=16937137, ['name']="NightmareSabot", ['index']=177, ['level']=79},
    [16937133] = {['id']=16937133, ['name']="NightmareSabot", ['index']=173, ['level']=79},
    [16937135] = {['id']=16937135, ['name']="NightmareSabot", ['index']=175, ['level']=80},
    [16937132] = {['id']=16937132, ['name']="NightmareSabot", ['index']=172, ['level']=79},
    [16937125] = {['id']=16937125, ['name']="NightmareSabot", ['index']=165, ['level']=79},
    [16937126] = {['id']=16937126, ['name']="NightmareSabot", ['index']=166, ['level']=78},
    [16937127] = {['id']=16937127, ['name']="NightmareSabot", ['index']=167, ['level']=79},
    [16937055] = {['id']=16937055, ['name']="NightmareTrean", ['index']=95, ['level']=79},
    [16937059] = {['id']=16937059, ['name']="NightmareTrean", ['index']=99, ['level']=79},
    [16937057] = {['id']=16937057, ['name']="NightmareTrean", ['index']=97, ['level']=79},
    [16937054] = {['id']=16937054, ['name']="NightmareTrean", ['index']=94, ['level']=78},
    [16937056] = {['id']=16937056, ['name']="NightmareTrean", ['index']=96, ['level']=80},
    [16937277] = {['id']=16937277, ['name']="VanguardTinker", ['index']=317, ['level']=76},
    [16937058] = {['id']=16937058, ['name']="NightmareTrean", ['index']=98, ['level']=80},
    [16937060] = {['id']=16937060, ['name']="NightmareTrean", ['index']=100, ['level']=80},
    [16937052] = {['id']=16937052, ['name']="NightmareTrean", ['index']=92, ['level']=79},
    [16937053] = {['id']=16937053, ['name']="NightmareTrean", ['index']=93, ['level']=80},
    [16937081] = {['id']=16937081, ['name']="NightmareGoobb", ['index']=121, ['level']=78},
    [16937044] = {['id']=16937044, ['name']="NightmareTrean", ['index']=84, ['level']=80},
    [16937049] = {['id']=16937049, ['name']="NightmareTrean", ['index']=89, ['level']=78},
    [16937050] = {['id']=16937050, ['name']="NightmareTrean", ['index']=90, ['level']=79},
    [16937045] = {['id']=16937045, ['name']="NightmareTrean", ['index']=85, ['level']=80},
    [16937047] = {['id']=16937047, ['name']="NightmareTrean", ['index']=87, ['level']=79},
    [16937051] = {['id']=16937051, ['name']="Stcemqestcint", ['index']=91, ['level']=85},
    [16937048] = {['id']=16937048, ['name']="NightmareTrean", ['index']=88, ['level']=80},
    [16937046] = {['id']=16937046, ['name']="NightmareTrean", ['index']=86, ['level']=80},
    [16937242] = {['id']=16937242, ['name']="VanguardPartis", ['index']=282, ['level']=75},
    [16937241] = {['id']=16937241, ['name']="VanguardChante", ['index']=281, ['level']=77},
    [16937249] = {['id']=16937249, ['name']="VanguardSalvag", ['index']=289, ['level']=77},
    [16937250] = {['id']=16937250, ['name']="VanguardExempl", ['index']=290, ['level']=77},
    [16937248] = {['id']=16937248, ['name']="VanguardPriest", ['index']=288, ['level']=77},
    [16937240] = {['id']=16937240, ['name']="VanguardSkirmi", ['index']=280, ['level']=77},
    [16937061] = {['id']=16937061, ['name']="NightmareTrean", ['index']=101, ['level']=79},
    [16937251] = {['id']=16937251, ['name']="VanguardPrelat", ['index']=291, ['level']=76},
    [16937246] = {['id']=16937246, ['name']="VanguardOracle", ['index']=286, ['level']=77},
    [16937140] = {['id']=16937140, ['name']="NightmareFlytr", ['index']=180, ['level']=78},
    [16937244] = {['id']=16937244, ['name']="VanguardSentin", ['index']=284, ['level']=76},
    [16937245] = {['id']=16937245, ['name']="VanguardLibera", ['index']=285, ['level']=75},
    [16937247] = {['id']=16937247, ['name']="Vanguard'sAvat", ['index']=287, ['level']=75},
    [16937252] = {['id']=16937252, ['name']="VanguardIncite", ['index']=292, ['level']=75},
    [16937253] = {['id']=16937253, ['name']="VanguardPersec", ['index']=293, ['level']=76},
    [16937254] = {['id']=16937254, ['name']="VanguardVision", ['index']=294, ['level']=77},
    [16937255] = {['id']=16937255, ['name']="VanguardAssass", ['index']=295, ['level']=75},
    [16937256] = {['id']=16937256, ['name']="VanguardOgreso", ['index']=296, ['level']=77},
    [16937257] = {['id']=16937257, ['name']="Vanguard'sCrow", ['index']=297, ['level']=75},
    [16937258] = {['id']=16937258, ['name']="ManifestIcon", ['index']=298, ['level']=70},
    [16937263] = {['id']=16937263, ['name']="ManifestIcon", ['index']=303, ['level']=70},
    [16937264] = {['id']=16937264, ['name']="AvatarIdol", ['index']=304, ['level']=70},
    [16937141] = {['id']=16937141, ['name']="NightmareFlytr", ['index']=181, ['level']=79},
    [16937142] = {['id']=16937142, ['name']="NightmareFlytr", ['index']=182, ['level']=80},
    [16937145] = {['id']=16937145, ['name']="NightmareFlytr", ['index']=185, ['level']=80},
    [16937143] = {['id']=16937143, ['name']="NightmareFlytr", ['index']=183, ['level']=78},
    [16937144] = {['id']=16937144, ['name']="NightmareFlytr", ['index']=184, ['level']=79},
    [16937148] = {['id']=16937148, ['name']="NightmareFlytr", ['index']=188, ['level']=78},
    [16937158] = {['id']=16937158, ['name']="NightmareFlytr", ['index']=198, ['level']=79},
    [16937159] = {['id']=16937159, ['name']="NightmareFlytr", ['index']=199, ['level']=78},
    [16937163] = {['id']=16937163, ['name']="NightmareFlytr", ['index']=203, ['level']=79},
    [16937153] = {['id']=16937153, ['name']="NightmareFlytr", ['index']=193, ['level']=79},
    [16937160] = {['id']=16937160, ['name']="NightmareFlytr", ['index']=200, ['level']=79},
    [16937146] = {['id']=16937146, ['name']="NightmareFlytr", ['index']=186, ['level']=78},
    [16937149] = {['id']=16937149, ['name']="NightmareFlytr", ['index']=189, ['level']=79},
    [16937150] = {['id']=16937150, ['name']="NightmareFlytr", ['index']=190, ['level']=78},
    [16937164] = {['id']=16937164, ['name']="NightmareFlytr", ['index']=204, ['level']=80},
    [16937151] = {['id']=16937151, ['name']="NightmareFlytr", ['index']=191, ['level']=79},
    [16937152] = {['id']=16937152, ['name']="NightmareFlytr", ['index']=192, ['level']=78},
    [16937147] = {['id']=16937147, ['name']="NightmareFlytr", ['index']=187, ['level']=79},
    [16937156] = {['id']=16937156, ['name']="NightmareFlytr", ['index']=196, ['level']=79},
    [16937157] = {['id']=16937157, ['name']="NightmareFlytr", ['index']=197, ['level']=78},
    [16937154] = {['id']=16937154, ['name']="NightmareFlytr", ['index']=194, ['level']=79},
    [16937161] = {['id']=16937161, ['name']="NightmareFlytr", ['index']=201, ['level']=79},
    [16937162] = {['id']=16937162, ['name']="NightmareFlytr", ['index']=202, ['level']=79},
    [16937155] = {['id']=16937155, ['name']="NightmareFlytr", ['index']=195, ['level']=78},
    [16937166] = {['id']=16937166, ['name']="NightmareSheep", ['index']=206, ['level']=78},
    [16937168] = {['id']=16937168, ['name']="NightmareSheep", ['index']=208, ['level']=80},
    [16937169] = {['id']=16937169, ['name']="NightmareSheep", ['index']=209, ['level']=80},
    [16937171] = {['id']=16937171, ['name']="NightmareSheep", ['index']=211, ['level']=79},
    [16937173] = {['id']=16937173, ['name']="NightmareSheep", ['index']=213, ['level']=79},
    [16937174] = {['id']=16937174, ['name']="NightmareSheep", ['index']=214, ['level']=79},
    [16937175] = {['id']=16937175, ['name']="NightmareSheep", ['index']=215, ['level']=79},
    [16937176] = {['id']=16937176, ['name']="NightmareSheep", ['index']=216, ['level']=80},
    [16937188] = {['id']=16937188, ['name']="NightmareSheep", ['index']=228, ['level']=80},
    [16937165] = {['id']=16937165, ['name']="NightmareSheep", ['index']=205, ['level']=80},
    [16937170] = {['id']=16937170, ['name']="NightmareSheep", ['index']=210, ['level']=80},
    [16937189] = {['id']=16937189, ['name']="NightmareSheep", ['index']=229, ['level']=80},
    [16937172] = {['id']=16937172, ['name']="NightmareSheep", ['index']=212, ['level']=80},
    [16937167] = {['id']=16937167, ['name']="NightmareSheep", ['index']=207, ['level']=78},
    [16937178] = {['id']=16937178, ['name']="NightmareSheep", ['index']=218, ['level']=80},
    [16937177] = {['id']=16937177, ['name']="NightmareSheep", ['index']=217, ['level']=80},
    [16937180] = {['id']=16937180, ['name']="NightmareSheep", ['index']=220, ['level']=78},
    [16937179] = {['id']=16937179, ['name']="NightmareSheep", ['index']=219, ['level']=79},
    [16937181] = {['id']=16937181, ['name']="NightmareSheep", ['index']=221, ['level']=80},
    [16937182] = {['id']=16937182, ['name']="NightmareSheep", ['index']=222, ['level']=78},
    [16937185] = {['id']=16937185, ['name']="NightmareSheep", ['index']=225, ['level']=78},
    [16937183] = {['id']=16937183, ['name']="NightmareSheep", ['index']=223, ['level']=79},
    [16937184] = {['id']=16937184, ['name']="NightmareSheep", ['index']=224, ['level']=79},
    [16937186] = {['id']=16937186, ['name']="NightmareSheep", ['index']=226, ['level']=78},
    [16937187] = {['id']=16937187, ['name']="NightmareSheep", ['index']=227, ['level']=80},
    [16937228] = {['id']=16937228, ['name']="VanguardPurloi", ['index']=268, ['level']=75},
    [16937227] = {['id']=16937227, ['name']="VanguardConsta", ['index']=267, ['level']=76},
    [16937229] = {['id']=16937229, ['name']="VanguardDefend", ['index']=269, ['level']=76},
    [16937232] = {['id']=16937232, ['name']="Vanguard'sAvat", ['index']=272, ['level']=75},
    [16937231] = {['id']=16937231, ['name']="VanguardUndert", ['index']=271, ['level']=75},
    [16937230] = {['id']=16937230, ['name']="VanguardHatamo", ['index']=270, ['level']=75},
    [16937237] = {['id']=16937237, ['name']="AdamantkingEff", ['index']=277, ['level']=70},
    [16937025] = {['id']=16937025, ['name']="NightmareFly", ['index']=65, ['level']=80},
    [16937027] = {['id']=16937027, ['name']="NightmareFly", ['index']=67, ['level']=80},
    [16937026] = {['id']=16937026, ['name']="NightmareFly", ['index']=66, ['level']=80},
    [16937221] = {['id']=16937221, ['name']="VanguardMilita", ['index']=261, ['level']=75},
    [16937035] = {['id']=16937035, ['name']="NightmareFly", ['index']=75, ['level']=80},
    [16937020] = {['id']=16937020, ['name']="NightmareFly", ['index']=60, ['level']=79},
    [16937223] = {['id']=16937223, ['name']="VanguardProtec", ['index']=263, ['level']=77},
    [16937022] = {['id']=16937022, ['name']="NightmareFly", ['index']=62, ['level']=80},
    [16937021] = {['id']=16937021, ['name']="NightmareFly", ['index']=61, ['level']=80},
    [16937023] = {['id']=16937023, ['name']="NightmareFly", ['index']=63, ['level']=79},
    [16937024] = {['id']=16937024, ['name']="NightmareFly", ['index']=64, ['level']=80},
    [16937225] = {['id']=16937225, ['name']="VanguardDrakek", ['index']=265, ['level']=77},
    [16937036] = {['id']=16937036, ['name']="NightmareFly", ['index']=76, ['level']=79},
    [16937032] = {['id']=16937032, ['name']="NightmareFly", ['index']=72, ['level']=78},
    [16937029] = {['id']=16937029, ['name']="NightmareFly", ['index']=69, ['level']=79},
    [16937014] = {['id']=16937014, ['name']="NightmareFly", ['index']=54, ['level']=80},
    [16937033] = {['id']=16937033, ['name']="NightmareFly", ['index']=73, ['level']=79},
    [16937028] = {['id']=16937028, ['name']="NightmareFly", ['index']=68, ['level']=80},
    [16937034] = {['id']=16937034, ['name']="NightmareFly", ['index']=74, ['level']=80},
    [16937031] = {['id']=16937031, ['name']="NightmareFly", ['index']=71, ['level']=80},
    [16937015] = {['id']=16937015, ['name']="NightmareFly", ['index']=55, ['level']=78},
    [16937019] = {['id']=16937019, ['name']="NightmareFly", ['index']=59, ['level']=80},
    [16937016] = {['id']=16937016, ['name']="NightmareFly", ['index']=56, ['level']=80},
    [16937012] = {['id']=16937012, ['name']="NightmareFly", ['index']=52, ['level']=79},
    [16937030] = {['id']=16937030, ['name']="NightmareFly", ['index']=70, ['level']=79},
    [16937018] = {['id']=16937018, ['name']="NightmareFly", ['index']=58, ['level']=80},
    [16937218] = {['id']=16937218, ['name']="VanguardKusa", ['index']=258, ['level']=76},
    [16937215] = {['id']=16937215, ['name']="VanguardVindic", ['index']=255, ['level']=76},
    [16937013] = {['id']=16937013, ['name']="NightmareFly", ['index']=53, ['level']=80},
    [16937220] = {['id']=16937220, ['name']="Vanguard'sScor", ['index']=260, ['level']=75},
    [16937219] = {['id']=16937219, ['name']="VanguardBeastt", ['index']=259, ['level']=77},
    [16937217] = {['id']=16937217, ['name']="VanguardMinstr", ['index']=257, ['level']=77},
    [16937216] = {['id']=16937216, ['name']="VanguardThauma", ['index']=256, ['level']=77},
    [16937234] = {['id']=16937234, ['name']="AdamantkingEff", ['index']=274, ['level']=70},
    [16937239] = {['id']=16937239, ['name']="AdamantkingIma", ['index']=279, ['level']=70},
    [16937000] = {['id']=16937000, ['name']="NightmareManti", ['index']=40, ['level']=79},
    [16937001] = {['id']=16937001, ['name']="NightmareManti", ['index']=41, ['level']=78},
    [16936987] = {['id']=16936987, ['name']="NightmareManti", ['index']=27, ['level']=78},
    [16937017] = {['id']=16937017, ['name']="NightmareFly", ['index']=57, ['level']=80},
    [16936989] = {['id']=16936989, ['name']="NightmareManti", ['index']=29, ['level']=80},
    [16936991] = {['id']=16936991, ['name']="NightmareManti", ['index']=31, ['level']=79},
    [16936995] = {['id']=16936995, ['name']="NightmareManti", ['index']=35, ['level']=79},
    [16936990] = {['id']=16936990, ['name']="NightmareManti", ['index']=30, ['level']=79},
    [16936998] = {['id']=16936998, ['name']="NightmareManti", ['index']=38, ['level']=79},
    [16936993] = {['id']=16936993, ['name']="NightmareManti", ['index']=33, ['level']=78},
    [16936994] = {['id']=16936994, ['name']="NightmareManti", ['index']=34, ['level']=80},
    [16936992] = {['id']=16936992, ['name']="NightmareManti", ['index']=32, ['level']=78},
    [16937295] = {['id']=16937295, ['name']="NightmareGoobb", ['index']=335, ['level']=95},
    [16937292] = {['id']=16937292, ['name']="NightmareGoobb", ['index']=332, ['level']=95},
    [16937291] = {['id']=16937291, ['name']="NightmareGoobb", ['index']=331, ['level']=96},
    [16937296] = {['id']=16937296, ['name']="NightmareGoobb", ['index']=336, ['level']=96},
    [16937480] = {['id']=16937480, ['name']="VanguardDollma", ['index']=520, ['level']=94},
    [16937481] = {['id']=16937481, ['name']="Vanguard'sAvat", ['index']=521, ['level']=93},
    [16937499] = {['id']=16937499, ['name']="SerjeantTombst", ['index']=539, ['level']=80},
    [16937477] = {['id']=16937477, ['name']="VanguardPillag", ['index']=517, ['level']=93},
    [16937476] = {['id']=16937476, ['name']="VanguardFootso", ['index']=516, ['level']=95},
    [16937496] = {['id']=16937496, ['name']="SerjeantTombst", ['index']=536, ['level']=80},
    [16937479] = {['id']=16937479, ['name']="VanguardBugler", ['index']=519, ['level']=93},
    [16937478] = {['id']=16937478, ['name']="VanguardNeckch", ['index']=518, ['level']=95},
    [16937302] = {['id']=16937302, ['name']="NightmareGoobb", ['index']=342, ['level']=95},
    [16937298] = {['id']=16937298, ['name']="NightmareGoobb", ['index']=338, ['level']=96},
    [16937484] = {['id']=16937484, ['name']="VanguardPredat", ['index']=524, ['level']=94},
    [16937485] = {['id']=16937485, ['name']="VanguardBackst", ['index']=525, ['level']=95},
    [16937487] = {['id']=16937487, ['name']="Vanguard'sHect", ['index']=527, ['level']=93},
    [16937486] = {['id']=16937486, ['name']="VanguardHawker", ['index']=526, ['level']=94},
    [16937355] = {['id']=16937355, ['name']="NightmareManti", ['index']=395, ['level']=95},
    [16937356] = {['id']=16937356, ['name']="NightmareManti", ['index']=396, ['level']=96},
    [16937360] = {['id']=16937360, ['name']="NightmareManti", ['index']=400, ['level']=95},
    [16937361] = {['id']=16937361, ['name']="NightmareManti", ['index']=401, ['level']=96},
    [16937362] = {['id']=16937362, ['name']="NightmareManti", ['index']=402, ['level']=95},
    [16937363] = {['id']=16937363, ['name']="NightmareManti", ['index']=403, ['level']=96},
    [16937365] = {['id']=16937365, ['name']="NightmareManti", ['index']=405, ['level']=96},
    [16937366] = {['id']=16937366, ['name']="NightmareManti", ['index']=406, ['level']=96},
    [16937372] = {['id']=16937372, ['name']="NightmareManti", ['index']=412, ['level']=95},
    [16937358] = {['id']=16937358, ['name']="NightmareManti", ['index']=398, ['level']=96},
    [16937374] = {['id']=16937374, ['name']="NightmareManti", ['index']=414, ['level']=96},
    [16937357] = {['id']=16937357, ['name']="NightmareManti", ['index']=397, ['level']=96},
    [16937482] = {['id']=16937482, ['name']="VanguardGrappl", ['index']=522, ['level']=95},
    [16937483] = {['id']=16937483, ['name']="VanguardMesmer", ['index']=523, ['level']=95},
    [16937489] = {['id']=16937489, ['name']="VanguardVexer", ['index']=529, ['level']=93},
    [16937492] = {['id']=16937492, ['name']="VanguardImpale", ['index']=532, ['level']=94},
    [16937364] = {['id']=16937364, ['name']="NightmareManti", ['index']=404, ['level']=95},
    [16937359] = {['id']=16937359, ['name']="NightmareManti", ['index']=399, ['level']=95},
    [16937561] = {['id']=16937561, ['name']="VanguardPathfi", ['index']=601, ['level']=95},
    [16937562] = {['id']=16937562, ['name']="Vanguard'sSlim", ['index']=602, ['level']=93},
    [16937571] = {['id']=16937571, ['name']="GoblinReplica", ['index']=611, ['level']=80},
    [16937339] = {['id']=16937339, ['name']="NightmareFlytr", ['index']=379, ['level']=95},
    [16937340] = {['id']=16937340, ['name']="NightmareFlytr", ['index']=380, ['level']=95},
    [16937338] = {['id']=16937338, ['name']="NightmareFlytr", ['index']=378, ['level']=95},
    [16937334] = {['id']=16937334, ['name']="NightmareFlytr", ['index']=374, ['level']=95},
    [16937567] = {['id']=16937567, ['name']="VanguardDragon", ['index']=607, ['level']=95},
    [16937335] = {['id']=16937335, ['name']="NightmareFlytr", ['index']=375, ['level']=96},
    [16937336] = {['id']=16937336, ['name']="NightmareFlytr", ['index']=376, ['level']=96},
    [16937337] = {['id']=16937337, ['name']="NightmareFlytr", ['index']=377, ['level']=95},
    [16937354] = {['id']=16937354, ['name']="NightmareFlytr", ['index']=394, ['level']=96},
    [16937352] = {['id']=16937352, ['name']="NightmareFlytr", ['index']=392, ['level']=95},
    [16937350] = {['id']=16937350, ['name']="NightmareFlytr", ['index']=390, ['level']=96},
    [16937349] = {['id']=16937349, ['name']="NightmareFlytr", ['index']=389, ['level']=96},
    [16937353] = {['id']=16937353, ['name']="NightmareFlytr", ['index']=393, ['level']=95},
    [16937348] = {['id']=16937348, ['name']="NightmareFlytr", ['index']=388, ['level']=95},
    [16937351] = {['id']=16937351, ['name']="NightmareFlytr", ['index']=391, ['level']=95},
    [16937346] = {['id']=16937346, ['name']="NightmareFlytr", ['index']=386, ['level']=96},
    [16937563] = {['id']=16937563, ['name']="VanguardArmore", ['index']=603, ['level']=93},
    [16937342] = {['id']=16937342, ['name']="NightmareFlytr", ['index']=382, ['level']=95},
    [16937343] = {['id']=16937343, ['name']="NightmareFlytr", ['index']=383, ['level']=96},
    [16937344] = {['id']=16937344, ['name']="NightmareFlytr", ['index']=384, ['level']=95},
    [16937347] = {['id']=16937347, ['name']="NightmareFlytr", ['index']=387, ['level']=96},
    [16937341] = {['id']=16937341, ['name']="NightmareFlytr", ['index']=381, ['level']=96},
    [16937345] = {['id']=16937345, ['name']="NightmareFlytr", ['index']=385, ['level']=96},
    [16937564] = {['id']=16937564, ['name']="VanguardTinker", ['index']=604, ['level']=93},
    [16937375] = {['id']=16937375, ['name']="NightmareHippo", ['index']=415, ['level']=96},
    [16937378] = {['id']=16937378, ['name']="NightmareHippo", ['index']=418, ['level']=95},
    [16937565] = {['id']=16937565, ['name']="VanguardMaestr", ['index']=605, ['level']=95},
    [16937380] = {['id']=16937380, ['name']="NightmareHippo", ['index']=420, ['level']=96},
    [16937566] = {['id']=16937566, ['name']="VanguardHitman", ['index']=606, ['level']=95},
    [16937376] = {['id']=16937376, ['name']="NightmareHippo", ['index']=416, ['level']=95},
    [16937558] = {['id']=16937558, ['name']="VanguardEnchan", ['index']=598, ['level']=93},
    [16937573] = {['id']=16937573, ['name']="GoblinReplica", ['index']=613, ['level']=80},
    [16937377] = {['id']=16937377, ['name']="NightmareHippo", ['index']=417, ['level']=96},
    [16937379] = {['id']=16937379, ['name']="NightmareHippo", ['index']=419, ['level']=95},
    [16937557] = {['id']=16937557, ['name']="VanguardShaman", ['index']=597, ['level']=93},
    [16937393] = {['id']=16937393, ['name']="NightmareHippo", ['index']=433, ['level']=95},
    [16937394] = {['id']=16937394, ['name']="NightmareHippo", ['index']=434, ['level']=95},
    [16937381] = {['id']=16937381, ['name']="NightmareHippo", ['index']=421, ['level']=96},
    [16937390] = {['id']=16937390, ['name']="NightmareHippo", ['index']=430, ['level']=96},
    [16937388] = {['id']=16937388, ['name']="NightmareHippo", ['index']=428, ['level']=95},
    [16937382] = {['id']=16937382, ['name']="NightmareHippo", ['index']=422, ['level']=95},
    [16937383] = {['id']=16937383, ['name']="NightmareHippo", ['index']=423, ['level']=96},
    [16937385] = {['id']=16937385, ['name']="NightmareHippo", ['index']=425, ['level']=96},
    [16937384] = {['id']=16937384, ['name']="NightmareHippo", ['index']=424, ['level']=95},
    [16937386] = {['id']=16937386, ['name']="NightmareHippo", ['index']=426, ['level']=96},
    [16937409] = {['id']=16937409, ['name']="NightmareTrean", ['index']=449, ['level']=95},
    [16937414] = {['id']=16937414, ['name']="NightmareTrean", ['index']=454, ['level']=95},
    [16937408] = {['id']=16937408, ['name']="NightmareTrean", ['index']=448, ['level']=95},
    [16937391] = {['id']=16937391, ['name']="NightmareHippo", ['index']=431, ['level']=96},
    [16937387] = {['id']=16937387, ['name']="NightmareHippo", ['index']=427, ['level']=96},
    [16937410] = {['id']=16937410, ['name']="NightmareTrean", ['index']=450, ['level']=96},
    [16937389] = {['id']=16937389, ['name']="NightmareHippo", ['index']=429, ['level']=96},
    [16937554] = {['id']=16937554, ['name']="VanguardAmbush", ['index']=594, ['level']=95},
    [16937392] = {['id']=16937392, ['name']="NightmareHippo", ['index']=432, ['level']=96},
    [16937551] = {['id']=16937551, ['name']="VanguardSmithy", ['index']=591, ['level']=93},
    [16937560] = {['id']=16937560, ['name']="VanguardRonin", ['index']=600, ['level']=93},
    [16937553] = {['id']=16937553, ['name']="VanguardAlchem", ['index']=593, ['level']=94},
    [16937552] = {['id']=16937552, ['name']="VanguardPitfig", ['index']=592, ['level']=93},
    [16937403] = {['id']=16937403, ['name']="NightmareTrean", ['index']=443, ['level']=95},
    [16937406] = {['id']=16937406, ['name']="NightmareTrean", ['index']=446, ['level']=95},
    [16937401] = {['id']=16937401, ['name']="NightmareTrean", ['index']=441, ['level']=96},
    [16937404] = {['id']=16937404, ['name']="NightmareTrean", ['index']=444, ['level']=95},
    [16937405] = {['id']=16937405, ['name']="NightmareTrean", ['index']=445, ['level']=95},
    [16937407] = {['id']=16937407, ['name']="NightmareTrean", ['index']=447, ['level']=95},
    [16937412] = {['id']=16937412, ['name']="NightmareTrean", ['index']=452, ['level']=96},
    [16937413] = {['id']=16937413, ['name']="NightmareTrean", ['index']=453, ['level']=96},
    [16937395] = {['id']=16937395, ['name']="NightmareTrean", ['index']=435, ['level']=95},
    [16937400] = {['id']=16937400, ['name']="NightmareTrean", ['index']=440, ['level']=95},
    [16937530] = {['id']=16937530, ['name']="Vanguard'sAvat", ['index']=570, ['level']=93},
    [16937396] = {['id']=16937396, ['name']="NightmareTrean", ['index']=436, ['level']=95},
    [16937398] = {['id']=16937398, ['name']="NightmareTrean", ['index']=438, ['level']=96},
    [16937548] = {['id']=16937548, ['name']="ManifestIcon", ['index']=588, ['level']=80},
    [16937399] = {['id']=16937399, ['name']="NightmareTrean", ['index']=439, ['level']=96},
    [16937527] = {['id']=16937527, ['name']="VanguardVision", ['index']=567, ['level']=94},
    [16937529] = {['id']=16937529, ['name']="VanguardOracle", ['index']=569, ['level']=95},
    [16937526] = {['id']=16937526, ['name']="VanguardSkirmi", ['index']=566, ['level']=95},
    [16937528] = {['id']=16937528, ['name']="VanguardChante", ['index']=568, ['level']=95},
    [16937402] = {['id']=16937402, ['name']="NightmareTrean", ['index']=442, ['level']=95},
    [16937533] = {['id']=16937533, ['name']="VanguardSalvag", ['index']=573, ['level']=93},
    [16937531] = {['id']=16937531, ['name']="VanguardSentin", ['index']=571, ['level']=93},
    [16937532] = {['id']=16937532, ['name']="VanguardLibera", ['index']=572, ['level']=95},
    [16937421] = {['id']=16937421, ['name']="NightmareFungu", ['index']=461, ['level']=95},
    [16937420] = {['id']=16937420, ['name']="NightmareFungu", ['index']=460, ['level']=95},
    [16937422] = {['id']=16937422, ['name']="NightmareFungu", ['index']=462, ['level']=96},
    [16937431] = {['id']=16937431, ['name']="NightmareFungu", ['index']=471, ['level']=95},
    [16937429] = {['id']=16937429, ['name']="NightmareFungu", ['index']=469, ['level']=96},
    [16937418] = {['id']=16937418, ['name']="NightmareFungu", ['index']=458, ['level']=95},
    [16937416] = {['id']=16937416, ['name']="NightmareFungu", ['index']=456, ['level']=95},
    [16937419] = {['id']=16937419, ['name']="NightmareFungu", ['index']=459, ['level']=95},
    [16937427] = {['id']=16937427, ['name']="NightmareFungu", ['index']=467, ['level']=95},
    [16937417] = {['id']=16937417, ['name']="NightmareFungu", ['index']=457, ['level']=96},
    [16937423] = {['id']=16937423, ['name']="NightmareFungu", ['index']=463, ['level']=96},
    [16937425] = {['id']=16937425, ['name']="NightmareFungu", ['index']=465, ['level']=95},
    [16937430] = {['id']=16937430, ['name']="NightmareFungu", ['index']=470, ['level']=95},
    [16937428] = {['id']=16937428, ['name']="NightmareFungu", ['index']=468, ['level']=95},
    [16937426] = {['id']=16937426, ['name']="NightmareFungu", ['index']=466, ['level']=95},
    [16937424] = {['id']=16937424, ['name']="NightmareFungu", ['index']=464, ['level']=95},
    [16937536] = {['id']=16937536, ['name']="VanguardPersec", ['index']=576, ['level']=94},
    [16937535] = {['id']=16937535, ['name']="VanguardExempl", ['index']=575, ['level']=95},
    [16937439] = {['id']=16937439, ['name']="NightmareSheep", ['index']=479, ['level']=96},
    [16937537] = {['id']=16937537, ['name']="VanguardPartis", ['index']=577, ['level']=95},
    [16937534] = {['id']=16937534, ['name']="VanguardPriest", ['index']=574, ['level']=93},
    [16937441] = {['id']=16937441, ['name']="NightmareSheep", ['index']=481, ['level']=95},
    [16937442] = {['id']=16937442, ['name']="NightmareSheep", ['index']=482, ['level']=96},
    [16937443] = {['id']=16937443, ['name']="NightmareSheep", ['index']=483, ['level']=95},
    [16937440] = {['id']=16937440, ['name']="NightmareSheep", ['index']=480, ['level']=96},
    [16937438] = {['id']=16937438, ['name']="NightmareSheep", ['index']=478, ['level']=96},
    [16937448] = {['id']=16937448, ['name']="NightmareSheep", ['index']=488, ['level']=95},
    [16937445] = {['id']=16937445, ['name']="NightmareSheep", ['index']=485, ['level']=96},
    [16937545] = {['id']=16937545, ['name']="ManifestIcon", ['index']=585, ['level']=80},
    [16937540] = {['id']=16937540, ['name']="VanguardIncite", ['index']=580, ['level']=95},
    [16937435] = {['id']=16937435, ['name']="NightmareSheep", ['index']=475, ['level']=96},
    [16937541] = {['id']=16937541, ['name']="VanguardAssass", ['index']=581, ['level']=95},
    [16937433] = {['id']=16937433, ['name']="NightmareSheep", ['index']=473, ['level']=95},
    [16937437] = {['id']=16937437, ['name']="NightmareSheep", ['index']=477, ['level']=96},
    [16937539] = {['id']=16937539, ['name']="VanguardPrelat", ['index']=579, ['level']=93},
    [16937542] = {['id']=16937542, ['name']="VanguardOgreso", ['index']=582, ['level']=95},
    [16937543] = {['id']=16937543, ['name']="Vanguard'sCrow", ['index']=583, ['level']=93},
    [16937446] = {['id']=16937446, ['name']="NightmareSheep", ['index']=486, ['level']=95},
    [16937434] = {['id']=16937434, ['name']="NightmareSheep", ['index']=474, ['level']=96},
    [16937447] = {['id']=16937447, ['name']="NightmareSheep", ['index']=487, ['level']=95},
    [16937444] = {['id']=16937444, ['name']="NightmareSheep", ['index']=484, ['level']=95},
    [16937436] = {['id']=16937436, ['name']="NightmareSheep", ['index']=476, ['level']=95},
    [16937449] = {['id']=16937449, ['name']="NightmareSheep", ['index']=489, ['level']=95},
    [16937451] = {['id']=16937451, ['name']="NightmareSheep", ['index']=491, ['level']=96},
    [16937450] = {['id']=16937450, ['name']="NightmareSheep", ['index']=490, ['level']=96},
    [16937454] = {['id']=16937454, ['name']="NightmareSheep", ['index']=494, ['level']=95},
    [16937452] = {['id']=16937452, ['name']="NightmareSheep", ['index']=492, ['level']=95},
    [16937453] = {['id']=16937453, ['name']="NightmareSheep", ['index']=493, ['level']=96},
    [16937518] = {['id']=16937518, ['name']="Vanguard'sAvat", ['index']=558, ['level']=93},
    [16937517] = {['id']=16937517, ['name']="VanguardUndert", ['index']=557, ['level']=95},
    [16937516] = {['id']=16937516, ['name']="VanguardDefend", ['index']=556, ['level']=93},
    [16937525] = {['id']=16937525, ['name']="AdamantkingIma", ['index']=565, ['level']=80},
    [16937515] = {['id']=16937515, ['name']="VanguardProtec", ['index']=555, ['level']=95},
    [16937514] = {['id']=16937514, ['name']="VanguardHatamo", ['index']=554, ['level']=94},
    [16937519] = {['id']=16937519, ['name']="AdamantkingEff", ['index']=559, ['level']=80},
    [16937512] = {['id']=16937512, ['name']="VanguardThauma", ['index']=552, ['level']=93},
    [16937513] = {['id']=16937513, ['name']="VanguardMinstr", ['index']=553, ['level']=95},
    [16937510] = {['id']=16937510, ['name']="VanguardDrakek", ['index']=550, ['level']=93},
    [16937508] = {['id']=16937508, ['name']="VanguardConsta", ['index']=548, ['level']=93},
    [16937509] = {['id']=16937509, ['name']="VanguardPurloi", ['index']=549, ['level']=95},
    [16937505] = {['id']=16937505, ['name']="VanguardMason", ['index']=545, ['level']=94},
    [16937504] = {['id']=16937504, ['name']="VanguardMilita", ['index']=544, ['level']=94},
    [16937506] = {['id']=16937506, ['name']="VanguardBeastt", ['index']=546, ['level']=95},
    [16937507] = {['id']=16937507, ['name']="Vanguard'sScor", ['index']=547, ['level']=93},
    [16937502] = {['id']=16937502, ['name']="VanguardVigila", ['index']=542, ['level']=94},
    [16937501] = {['id']=16937501, ['name']="VanguardVindic", ['index']=541, ['level']=95},
    [16937523] = {['id']=16937523, ['name']="AdamantkingEff", ['index']=563, ['level']=80},
    [16937503] = {['id']=16937503, ['name']="VanguardKusa", ['index']=543, ['level']=94},
    [16937455] = {['id']=16937455, ['name']="NightmareFly", ['index']=495, ['level']=96},
    [16937456] = {['id']=16937456, ['name']="NightmareFly", ['index']=496, ['level']=95},
    [16937457] = {['id']=16937457, ['name']="NightmareFly", ['index']=497, ['level']=95},
    [16937458] = {['id']=16937458, ['name']="NightmareFly", ['index']=498, ['level']=96},
    [16937459] = {['id']=16937459, ['name']="NightmareFly", ['index']=499, ['level']=95},
    [16937460] = {['id']=16937460, ['name']="NightmareFly", ['index']=500, ['level']=95},
    [16937461] = {['id']=16937461, ['name']="NightmareFly", ['index']=501, ['level']=96},
    [16937462] = {['id']=16937462, ['name']="NightmareFly", ['index']=502, ['level']=95},
    [16937463] = {['id']=16937463, ['name']="NightmareFly", ['index']=503, ['level']=96},
    [16937464] = {['id']=16937464, ['name']="NightmareFly", ['index']=504, ['level']=96},
    [16937465] = {['id']=16937465, ['name']="NightmareFly", ['index']=505, ['level']=96},
    [16937466] = {['id']=16937466, ['name']="NightmareFly", ['index']=506, ['level']=96},
    [16937469] = {['id']=16937469, ['name']="NightmareFly", ['index']=509, ['level']=96},
    [16937470] = {['id']=16937470, ['name']="NightmareFly", ['index']=510, ['level']=96},
    [16937471] = {['id']=16937471, ['name']="NightmareFly", ['index']=511, ['level']=95},
    [16937472] = {['id']=16937472, ['name']="NightmareFly", ['index']=512, ['level']=95},
    [16937475] = {['id']=16937475, ['name']="NightmareFly", ['index']=515, ['level']=95},
    [16937473] = {['id']=16937473, ['name']="NightmareFly", ['index']=513, ['level']=95},
    [16937474] = {['id']=16937474, ['name']="NightmareFly", ['index']=514, ['level']=96},
    [16937468] = {['id']=16937468, ['name']="NightmareFly", ['index']=508, ['level']=95},
    [16937467] = {['id']=16937467, ['name']="NightmareFly", ['index']=507, ['level']=95},
    [16937432] = {['id']=16937432, ['name']="LostFairyRing", ['index']=472, ['level']=100},
    [16937411] = {['id']=16937411, ['name']="NightmareTrean", ['index']=451, ['level']=95},
    [16937397] = {['id']=16937397, ['name']="NightmareTrean", ['index']=437, ['level']=96},
    [16937371] = {['id']=16937371, ['name']="NightmareManti", ['index']=411, ['level']=95},
    [16937415] = {['id']=16937415, ['name']="LostStcemqestc", ['index']=455, ['level']=100},
    [16937367] = {['id']=16937367, ['name']="NightmareManti", ['index']=407, ['level']=96},
    [16937370] = {['id']=16937370, ['name']="NightmareManti", ['index']=410, ['level']=95},
    [16937319] = {['id']=16937319, ['name']="NightmareSabot", ['index']=359, ['level']=95},
    [16937321] = {['id']=16937321, ['name']="NightmareSabot", ['index']=361, ['level']=96},
    [16937320] = {['id']=16937320, ['name']="NightmareSabot", ['index']=360, ['level']=95},
    [16937322] = {['id']=16937322, ['name']="NightmareSabot", ['index']=362, ['level']=95},
    [16937323] = {['id']=16937323, ['name']="NightmareSabot", ['index']=363, ['level']=96},
    [16937318] = {['id']=16937318, ['name']="NightmareSabot", ['index']=358, ['level']=96},
    [16937314] = {['id']=16937314, ['name']="NightmareSabot", ['index']=354, ['level']=96},
    [16937312] = {['id']=16937312, ['name']="NightmareSabot", ['index']=352, ['level']=95},
    [16937373] = {['id']=16937373, ['name']="NightmareManti", ['index']=413, ['level']=96},
    [16937313] = {['id']=16937313, ['name']="NightmareSabot", ['index']=353, ['level']=95},
    [16937315] = {['id']=16937315, ['name']="NightmareSabot", ['index']=355, ['level']=95},
    [16937316] = {['id']=16937316, ['name']="NightmareSabot", ['index']=356, ['level']=95},
    [16937324] = {['id']=16937324, ['name']="NightmareSabot", ['index']=364, ['level']=95},
    [16937329] = {['id']=16937329, ['name']="NightmareSabot", ['index']=369, ['level']=96},
    [16937317] = {['id']=16937317, ['name']="NightmareSabot", ['index']=357, ['level']=96},
    [16937333] = {['id']=16937333, ['name']="NightmareSabot", ['index']=373, ['level']=96},
    [16937332] = {['id']=16937332, ['name']="NightmareSabot", ['index']=372, ['level']=96},
    [16937330] = {['id']=16937330, ['name']="NightmareSabot", ['index']=370, ['level']=95},
    [16937331] = {['id']=16937331, ['name']="NightmareSabot", ['index']=371, ['level']=96},
    [16937307] = {['id']=16937307, ['name']="NightmareGoobb", ['index']=347, ['level']=96},
    [16937309] = {['id']=16937309, ['name']="NightmareGoobb", ['index']=349, ['level']=95},
    [16937305] = {['id']=16937305, ['name']="NightmareGoobb", ['index']=345, ['level']=96},
    [16937306] = {['id']=16937306, ['name']="NightmareGoobb", ['index']=346, ['level']=96},
    [16937311] = {['id']=16937311, ['name']="LostNant'ina", ['index']=351, ['level']=100},
    [16937308] = {['id']=16937308, ['name']="NightmareGoobb", ['index']=348, ['level']=96},
    [16937304] = {['id']=16937304, ['name']="NightmareGoobb", ['index']=344, ['level']=96},
    [16937303] = {['id']=16937303, ['name']="NightmareGoobb", ['index']=343, ['level']=96},
    [16937300] = {['id']=16937300, ['name']="NightmareGoobb", ['index']=340, ['level']=96},
    [16937299] = {['id']=16937299, ['name']="NightmareGoobb", ['index']=339, ['level']=96},
    [16937301] = {['id']=16937301, ['name']="NightmareGoobb", ['index']=341, ['level']=95},
    [16937294] = {['id']=16937294, ['name']="NightmareGoobb", ['index']=334, ['level']=95},
    [16936961] = {['id']=16936961, ['name']="CirrateChriste", ['index']=1, ['level']=85},
    [16937290] = {['id']=16937290, ['name']="ArchChristelle", ['index']=330, ['level']=105},
