    [16941334] = {['id']=16941334, ['name']="NightmareRaven", ['index']=278, ['level']=80},
    [16941329] = {['id']=16941329, ['name']="NightmareRaven", ['index']=273, ['level']=78},
    [16941340] = {['id']=16941340, ['name']="NightmareRaven", ['index']=284, ['level']=79},
    [16941338] = {['id']=16941338, ['name']="NightmareRaven", ['index']=282, ['level']=80},
    [16941326] = {['id']=16941326, ['name']="NightmareRaven", ['index']=270, ['level']=78},
    [16941341] = {['id']=16941341, ['name']="NightmareRaven", ['index']=285, ['level']=80},
    [16941327] = {['id']=16941327, ['name']="NightmareRaven", ['index']=271, ['level']=80},
    [16941343] = {['id']=16941343, ['name']="NightmareRaven", ['index']=287, ['level']=79},
    [16941337] = {['id']=16941337, ['name']="NightmareRaven", ['index']=281, ['level']=79},
    [16941336] = {['id']=16941336, ['name']="NightmareRaven", ['index']=280, ['level']=78},
    [16941345] = {['id']=16941345, ['name']="NightmareRaven", ['index']=289, ['level']=79},
    [16941344] = {['id']=16941344, ['name']="NightmareRaven", ['index']=288, ['level']=78},
    [16941339] = {['id']=16941339, ['name']="NightmareRaven", ['index']=283, ['level']=80},
    [16941342] = {['id']=16941342, ['name']="NightmareRaven", ['index']=286, ['level']=80},
    [16941466] = {['id']=16941466, ['name']="VanguardChante", ['index']=410, ['level']=94},
    [16941467] = {['id']=16941467, ['name']="VanguardPersec", ['index']=411, ['level']=95},
    [16941471] = {['id']=16941471, ['name']="ManifestIcon", ['index']=415, ['level']=80},
    [16941465] = {['id']=16941465, ['name']="Vanguard'sCrow", ['index']=409, ['level']=93},
    [16941460] = {['id']=16941460, ['name']="VanguardPriest", ['index']=404, ['level']=94},
    [16941459] = {['id']=16941459, ['name']="VanguardSentin", ['index']=403, ['level']=94},
    [16941468] = {['id']=16941468, ['name']="VanguardPersec", ['index']=412, ['level']=94},
    [16941475] = {['id']=16941475, ['name']="VanguardSkirmi", ['index']=419, ['level']=94},
    [16941488] = {['id']=16941488, ['name']="AvatarIdol", ['index']=432, ['level']=80},
    [16941481] = {['id']=16941481, ['name']="VanguardSalvag", ['index']=425, ['level']=95},
    [16941478] = {['id']=16941478, ['name']="VanguardVision", ['index']=422, ['level']=94},
    [16941476] = {['id']=16941476, ['name']="VanguardPrelat", ['index']=420, ['level']=95},
    [16941480] = {['id']=16941480, ['name']="VanguardIncite", ['index']=424, ['level']=93},
    [16941483] = {['id']=16941483, ['name']="VanguardOracle", ['index']=427, ['level']=95},
    [16941479] = {['id']=16941479, ['name']="VanguardIncite", ['index']=423, ['level']=94},
    [16941477] = {['id']=16941477, ['name']="VanguardVision", ['index']=421, ['level']=93},
    [16941482] = {['id']=16941482, ['name']="VanguardAssass", ['index']=426, ['level']=93},
    [16941484] = {['id']=16941484, ['name']="Vanguard'sAvat", ['index']=428, ['level']=93},
    [16941486] = {['id']=16941486, ['name']="ManifestIcon", ['index']=430, ['level']=80},
    [16941514] = {['id']=16941514, ['name']="NightmareDhalm", ['index']=458, ['level']=96},
    [16941503] = {['id']=16941503, ['name']="NightmareDhalm", ['index']=447, ['level']=95},
    [16941501] = {['id']=16941501, ['name']="NightmareDhalm", ['index']=445, ['level']=95},
    [16941508] = {['id']=16941508, ['name']="NightmareDhalm", ['index']=452, ['level']=95},
    [16941502] = {['id']=16941502, ['name']="NightmareDhalm", ['index']=446, ['level']=95},
    [16941516] = {['id']=16941516, ['name']="NightmareDhalm", ['index']=460, ['level']=96},
    [16941512] = {['id']=16941512, ['name']="NightmareDhalm", ['index']=456, ['level']=95},
    [16941499] = {['id']=16941499, ['name']="NightmareDhalm", ['index']=443, ['level']=96},
    [16941505] = {['id']=16941505, ['name']="NightmareDhalm", ['index']=449, ['level']=96},
    [16941507] = {['id']=16941507, ['name']="NightmareDhalm", ['index']=451, ['level']=95},
    [16941519] = {['id']=16941519, ['name']="NightmareDhalm", ['index']=463, ['level']=95},
    [16941511] = {['id']=16941511, ['name']="NightmareDhalm", ['index']=455, ['level']=96},
    [16941510] = {['id']=16941510, ['name']="NightmareDhalm", ['index']=454, ['level']=96},
    [16941500] = {['id']=16941500, ['name']="NightmareDhalm", ['index']=444, ['level']=95},
    [16941506] = {['id']=16941506, ['name']="NightmareDhalm", ['index']=450, ['level']=96},
    [16941513] = {['id']=16941513, ['name']="NightmareDhalm", ['index']=457, ['level']=96},
    [16941515] = {['id']=16941515, ['name']="NightmareDhalm", ['index']=459, ['level']=96},
    [16941517] = {['id']=16941517, ['name']="NightmareDhalm", ['index']=461, ['level']=96},
    [16941518] = {['id']=16941518, ['name']="NightmareDhalm", ['index']=462, ['level']=96},
    [16941464] = {['id']=16941464, ['name']="VanguardOgreso", ['index']=408, ['level']=94},
    [16941462] = {['id']=16941462, ['name']="VanguardLibera", ['index']=406, ['level']=95},
    [16941469] = {['id']=16941469, ['name']="VanguardPartis", ['index']=413, ['level']=94},
    [16941461] = {['id']=16941461, ['name']="VanguardPriest", ['index']=405, ['level']=95},
    [16941463] = {['id']=16941463, ['name']="VanguardExempl", ['index']=407, ['level']=95},
    [16941538] = {['id']=16941538, ['name']="NightmareScorp", ['index']=482, ['level']=95},
    [16941540] = {['id']=16941540, ['name']="NightmareScorp", ['index']=484, ['level']=96},
    [16941541] = {['id']=16941541, ['name']="NightmareScorp", ['index']=485, ['level']=96},
    [16941536] = {['id']=16941536, ['name']="NightmareScorp", ['index']=480, ['level']=95},
    [16941548] = {['id']=16941548, ['name']="NightmareScorp", ['index']=492, ['level']=96},
    [16941544] = {['id']=16941544, ['name']="NightmareScorp", ['index']=488, ['level']=95},
    [16941539] = {['id']=16941539, ['name']="NightmareScorp", ['index']=483, ['level']=95},
    [16941545] = {['id']=16941545, ['name']="NightmareScorp", ['index']=489, ['level']=95},
    [16941537] = {['id']=16941537, ['name']="NightmareScorp", ['index']=481, ['level']=96},
    [16941534] = {['id']=16941534, ['name']="NightmareScorp", ['index']=478, ['level']=95},
    [16941535] = {['id']=16941535, ['name']="NightmareScorp", ['index']=479, ['level']=96},
    [16941549] = {['id']=16941549, ['name']="NightmareScorp", ['index']=493, ['level']=95},
    [16941542] = {['id']=16941542, ['name']="NightmareScorp", ['index']=486, ['level']=95},
    [16941543] = {['id']=16941543, ['name']="NightmareScorp", ['index']=487, ['level']=96},
    [16941530] = {['id']=16941530, ['name']="NightmareUragn", ['index']=474, ['level']=96},
    [16941446] = {['id']=16941446, ['name']="VanguardPurloi", ['index']=390, ['level']=93},
    [16941533] = {['id']=16941533, ['name']="NightmareUragn", ['index']=477, ['level']=95},
    [16941529] = {['id']=16941529, ['name']="NightmareUragn", ['index']=473, ['level']=96},
    [16941528] = {['id']=16941528, ['name']="NightmareUragn", ['index']=472, ['level']=95},
    [16941438] = {['id']=16941438, ['name']="VanguardDrakek", ['index']=382, ['level']=95},
    [16941441] = {['id']=16941441, ['name']="AdamantkingEff", ['index']=385, ['level']=80},
    [16941430] = {['id']=16941430, ['name']="VanguardMilita", ['index']=374, ['level']=94},
    [16941496] = {['id']=16941496, ['name']="NightmareCrab", ['index']=440, ['level']=95},
    [16941437] = {['id']=16941437, ['name']="VanguardMason", ['index']=381, ['level']=94},
    [16941531] = {['id']=16941531, ['name']="NightmareUragn", ['index']=475, ['level']=96},
    [16941436] = {['id']=16941436, ['name']="VanguardMason", ['index']=380, ['level']=94},
    [16941434] = {['id']=16941434, ['name']="VanguardMinstr", ['index']=378, ['level']=93},
    [16941490] = {['id']=16941490, ['name']="NightmareCrab", ['index']=434, ['level']=95},
    [16941429] = {['id']=16941429, ['name']="VanguardVindic", ['index']=373, ['level']=95},
    [16941497] = {['id']=16941497, ['name']="NightmareCrab", ['index']=441, ['level']=96},
    [16941491] = {['id']=16941491, ['name']="NightmareCrab", ['index']=435, ['level']=95},
    [16941493] = {['id']=16941493, ['name']="NightmareCrab", ['index']=437, ['level']=96},
    [16941435] = {['id']=16941435, ['name']="VanguardMinstr", ['index']=379, ['level']=95},
    [16941433] = {['id']=16941433, ['name']="Vanguard'sScor", ['index']=377, ['level']=93},
    [16941432] = {['id']=16941432, ['name']="VanguardBeastt", ['index']=376, ['level']=95},
    [16941373] = {['id']=16941373, ['name']="VanguardWelldi", ['index']=317, ['level']=93},
    [16941498] = {['id']=16941498, ['name']="NightmareCrab", ['index']=442, ['level']=96},
    [16941378] = {['id']=16941378, ['name']="VanguardRonin", ['index']=322, ['level']=94},
    [16941377] = {['id']=16941377, ['name']="VanguardMaestr", ['index']=321, ['level']=93},
    [16941374] = {['id']=16941374, ['name']="VanguardArmore", ['index']=318, ['level']=95},
    [16941372] = {['id']=16941372, ['name']="VanguardEnchan", ['index']=316, ['level']=93},
    [16941371] = {['id']=16941371, ['name']="VanguardEnchan", ['index']=315, ['level']=93},
    [16941376] = {['id']=16941376, ['name']="Vanguard'sSlim", ['index']=320, ['level']=93},
    [16941375] = {['id']=16941375, ['name']="VanguardPathfi", ['index']=319, ['level']=94},
    [16941379] = {['id']=16941379, ['name']="VanguardNecrom", ['index']=323, ['level']=93},
    [16941380] = {['id']=16941380, ['name']="Vanguard'sAvat", ['index']=324, ['level']=93},
    [16941369] = {['id']=16941369, ['name']="VanguardPitfig", ['index']=313, ['level']=95},
    [16941370] = {['id']=16941370, ['name']="VanguardPitfig", ['index']=314, ['level']=94},
    [16941382] = {['id']=16941382, ['name']="GoblinReplica", ['index']=326, ['level']=80},
    [16941396] = {['id']=16941396, ['name']="GoblinReplica", ['index']=340, ['level']=80},
    [16941387] = {['id']=16941387, ['name']="VanguardAlchem", ['index']=331, ['level']=93},
    [16941392] = {['id']=16941392, ['name']="VanguardHitman", ['index']=336, ['level']=95},
    [16941393] = {['id']=16941393, ['name']="VanguardDragon", ['index']=337, ['level']=95},
    [16941629] = {['id']=16941629, ['name']="NightmareRaven", ['index']=573, ['level']=95},
    [16941633] = {['id']=16941633, ['name']="NightmareRaven", ['index']=577, ['level']=95},
    [16941630] = {['id']=16941630, ['name']="NightmareRaven", ['index']=574, ['level']=96},
    [16941637] = {['id']=16941637, ['name']="NightmareRaven", ['index']=581, ['level']=96},
    [16941636] = {['id']=16941636, ['name']="NightmareRaven", ['index']=580, ['level']=96},
    [16941635] = {['id']=16941635, ['name']="NightmareRaven", ['index']=579, ['level']=95},
    [16941638] = {['id']=16941638, ['name']="NightmareRaven", ['index']=582, ['level']=96},
    [16941632] = {['id']=16941632, ['name']="NightmareRaven", ['index']=576, ['level']=96},
    [16941634] = {['id']=16941634, ['name']="NightmareRaven", ['index']=578, ['level']=95},
    [16941631] = {['id']=16941631, ['name']="NightmareRaven", ['index']=575, ['level']=95},
    [16941641] = {['id']=16941641, ['name']="NightmareRaven", ['index']=585, ['level']=95},
    [16941643] = {['id']=16941643, ['name']="NightmareRaven", ['index']=587, ['level']=96},
    [16941640] = {['id']=16941640, ['name']="NightmareRaven", ['index']=584, ['level']=96},
    [16941642] = {['id']=16941642, ['name']="NightmareRaven", ['index']=586, ['level']=95},
    [16941644] = {['id']=16941644, ['name']="NightmareRaven", ['index']=588, ['level']=96},
    [16941234] = {['id']=16941234, ['name']="NightmareDhalm", ['index']=178, ['level']=80},
    [16941366] = {['id']=16941366, ['name']="Alklha", ['index']=310, ['level']=82},
    [16941238] = {['id']=16941238, ['name']="NightmareDhalm", ['index']=182, ['level']=79},
    [16941431] = {['id']=16941431, ['name']="VanguardConsta", ['index']=375, ['level']=93},
    [16941146] = {['id']=16941146, ['name']="VanguardMinstr", ['index']=90, ['level']=75},
    [16941149] = {['id']=16941149, ['name']="VanguardDrakek", ['index']=93, ['level']=77},
    [16941141] = {['id']=16941141, ['name']="VanguardMilita", ['index']=85, ['level']=76},
    [16941139] = {['id']=16941139, ['name']="VanguardVindic", ['index']=83, ['level']=77},
    [16941148] = {['id']=16941148, ['name']="VanguardMason", ['index']=92, ['level']=77},
    [16941152] = {['id']=16941152, ['name']="Gi'BheFleshfea", ['index']=96, ['level']=82},
    [16941140] = {['id']=16941140, ['name']="VanguardMilita", ['index']=84, ['level']=76},
    [16941153] = {['id']=16941153, ['name']="AdamantkingEff", ['index']=97, ['level']=70},
    [16941144] = {['id']=16941144, ['name']="VanguardBeastt", ['index']=88, ['level']=76},
    [16941147] = {['id']=16941147, ['name']="VanguardMason", ['index']=91, ['level']=77},
    [16941240] = {['id']=16941240, ['name']="NightmareDhalm", ['index']=184, ['level']=79},
    [16941145] = {['id']=16941145, ['name']="Vanguard'sScor", ['index']=89, ['level']=75},
    [16941367] = {['id']=16941367, ['name']="Aitvaras", ['index']=311, ['level']=82},
    [16941143] = {['id']=16941143, ['name']="VanguardConsta", ['index']=87, ['level']=77},
    [16941452] = {['id']=16941452, ['name']="VanguardKusa", ['index']=396, ['level']=93},
    [16941448] = {['id']=16941448, ['name']="VanguardDefend", ['index']=392, ['level']=94},
    [16941328] = {['id']=16941328, ['name']="NightmareRaven", ['index']=272, ['level']=80},
    [16941331] = {['id']=16941331, ['name']="NightmareRaven", ['index']=275, ['level']=80},
    [16941335] = {['id']=16941335, ['name']="NightmareRaven", ['index']=279, ['level']=79},
    [16941332] = {['id']=16941332, ['name']="NightmareRaven", ['index']=276, ['level']=80},
    [16941330] = {['id']=16941330, ['name']="NightmareRaven", ['index']=274, ['level']=79},
    [16941178] = {['id']=16941178, ['name']="VanguardPriest", ['index']=122, ['level']=75},
    [16941181] = {['id']=16941181, ['name']="VanguardExempl", ['index']=125, ['level']=75},
    [16941180] = {['id']=16941180, ['name']="VanguardLibera", ['index']=124, ['level']=77},
    [16941183] = {['id']=16941183, ['name']="Vanguard'sCrow", ['index']=127, ['level']=75},
    [16941182] = {['id']=16941182, ['name']="VanguardOgreso", ['index']=126, ['level']=75},
    [16941179] = {['id']=16941179, ['name']="VanguardLibera", ['index']=123, ['level']=77},
    [16941302] = {['id']=16941302, ['name']="NightmareMandr", ['index']=246, ['level']=79},
    [16941303] = {['id']=16941303, ['name']="NightmareMandr", ['index']=247, ['level']=78},
    [16941208] = {['id']=16941208, ['name']="ManifestIcon", ['index']=152, ['level']=70},
    [16941307] = {['id']=16941307, ['name']="NightmareMandr", ['index']=251, ['level']=79},
    [16941301] = {['id']=16941301, ['name']="NightmareMandr", ['index']=245, ['level']=80},
    [16941305] = {['id']=16941305, ['name']="NightmareMandr", ['index']=249, ['level']=80},
    [16941312] = {['id']=16941312, ['name']="NightmareMandr", ['index']=256, ['level']=79},
    [16941314] = {['id']=16941314, ['name']="NightmareMandr", ['index']=258, ['level']=79},
    [16941197] = {['id']=16941197, ['name']="VanguardPrelat", ['index']=141, ['level']=75},
    [16941202] = {['id']=16941202, ['name']="VanguardAssass", ['index']=146, ['level']=77},
    [16941195] = {['id']=16941195, ['name']="VanguardSkirmi", ['index']=139, ['level']=76},
    [16941199] = {['id']=16941199, ['name']="VanguardVision", ['index']=143, ['level']=77},
    [16941267] = {['id']=16941267, ['name']="NightmareScorp", ['index']=211, ['level']=78},
    [16941268] = {['id']=16941268, ['name']="NightmareScorp", ['index']=212, ['level']=78},
    [16941270] = {['id']=16941270, ['name']="NightmareScorp", ['index']=214, ['level']=79},
    [16941271] = {['id']=16941271, ['name']="NightmareScorp", ['index']=215, ['level']=80},
    [16941272] = {['id']=16941272, ['name']="NightmareScorp", ['index']=216, ['level']=80},
    [16941273] = {['id']=16941273, ['name']="NightmareScorp", ['index']=217, ['level']=79},
    [16941275] = {['id']=16941275, ['name']="NightmareScorp", ['index']=219, ['level']=78},
    [16941276] = {['id']=16941276, ['name']="NightmareScorp", ['index']=220, ['level']=80},
    [16941277] = {['id']=16941277, ['name']="NightmareScorp", ['index']=221, ['level']=79},
    [16941278] = {['id']=16941278, ['name']="NightmareScorp", ['index']=222, ['level']=79},
    [16941279] = {['id']=16941279, ['name']="NightmareScorp", ['index']=223, ['level']=80},
    [16941280] = {['id']=16941280, ['name']="NightmareScorp", ['index']=224, ['level']=80},
    [16941281] = {['id']=16941281, ['name']="NightmareScorp", ['index']=225, ['level']=79},
    [16941282] = {['id']=16941282, ['name']="NightmareScorp", ['index']=226, ['level']=80},
    [16941283] = {['id']=16941283, ['name']="NightmareScorp", ['index']=227, ['level']=78},
    [16941308] = {['id']=16941308, ['name']="NightmareMandr", ['index']=252, ['level']=80},
    [16941309] = {['id']=16941309, ['name']="NightmareMandr", ['index']=253, ['level']=79},
    [16941310] = {['id']=16941310, ['name']="NightmareMandr", ['index']=254, ['level']=79},
    [16941311] = {['id']=16941311, ['name']="NightmareMandr", ['index']=255, ['level']=78},
    [16941313] = {['id']=16941313, ['name']="NightmareMandr", ['index']=257, ['level']=78},
    [16941315] = {['id']=16941315, ['name']="NightmareMandr", ['index']=259, ['level']=79},
    [16941320] = {['id']=16941320, ['name']="NightmareCrawl", ['index']=264, ['level']=78},
    [16941321] = {['id']=16941321, ['name']="NightmareCrawl", ['index']=265, ['level']=80},
    [16941322] = {['id']=16941322, ['name']="NightmareCrawl", ['index']=266, ['level']=79},
    [16941324] = {['id']=16941324, ['name']="NightmareCrawl", ['index']=268, ['level']=79},
    [16941325] = {['id']=16941325, ['name']="NightmareCrawl", ['index']=269, ['level']=80},
    [16941365] = {['id']=16941365, ['name']="Barong", ['index']=309, ['level']=83},
    [16941266] = {['id']=16941266, ['name']="NightmareScorp", ['index']=210, ['level']=79},
    [16941274] = {['id']=16941274, ['name']="NightmareScorp", ['index']=218, ['level']=78},
    [16941269] = {['id']=16941269, ['name']="NightmareScorp", ['index']=213, ['level']=79},
    [16941665] = {['id']=16941665, ['name']="NightmareEft", ['index']=609, ['level']=96},
    [16941661] = {['id']=16941661, ['name']="NightmareEft", ['index']=605, ['level']=96},
    [16941663] = {['id']=16941663, ['name']="NightmareEft", ['index']=607, ['level']=96},
    [16941648] = {['id']=16941648, ['name']="NightmareEft", ['index']=592, ['level']=96},
    [16941664] = {['id']=16941664, ['name']="NightmareEft", ['index']=608, ['level']=95},
    [16941649] = {['id']=16941649, ['name']="NightmareEft", ['index']=593, ['level']=96},
    [16941651] = {['id']=16941651, ['name']="NightmareEft", ['index']=595, ['level']=95},
    [16941650] = {['id']=16941650, ['name']="NightmareEft", ['index']=594, ['level']=95},
    [16941652] = {['id']=16941652, ['name']="NightmareEft", ['index']=596, ['level']=96},
    [16941647] = {['id']=16941647, ['name']="NightmareEft", ['index']=591, ['level']=95},
    [16941653] = {['id']=16941653, ['name']="NightmareEft", ['index']=597, ['level']=95},
    [16941654] = {['id']=16941654, ['name']="NightmareEft", ['index']=598, ['level']=95},
    [16941657] = {['id']=16941657, ['name']="NightmareEft", ['index']=601, ['level']=95},
    [16941656] = {['id']=16941656, ['name']="NightmareEft", ['index']=600, ['level']=95},
    [16941659] = {['id']=16941659, ['name']="NightmareEft", ['index']=603, ['level']=95},
    [16941660] = {['id']=16941660, ['name']="NightmareEft", ['index']=604, ['level']=95},
    [16941662] = {['id']=16941662, ['name']="NightmareEft", ['index']=606, ['level']=95},
    [16941655] = {['id']=16941655, ['name']="NightmareEft", ['index']=599, ['level']=96},
    [16941658] = {['id']=16941658, ['name']="NightmareEft", ['index']=602, ['level']=96},
    [16941666] = {['id']=16941666, ['name']="LostAitvaras", ['index']=610, ['level']=100},
    [16941196] = {['id']=16941196, ['name']="VanguardPrelat", ['index']=140, ['level']=77},
    [16941194] = {['id']=16941194, ['name']="VanguardSkirmi", ['index']=138, ['level']=75},
    [16941201] = {['id']=16941201, ['name']="VanguardSalvag", ['index']=145, ['level']=75},
    [16941211] = {['id']=16941211, ['name']="AvatarIdol", ['index']=155, ['level']=70},
    [16941203] = {['id']=16941203, ['name']="VanguardOracle", ['index']=147, ['level']=75},
    [16941198] = {['id']=16941198, ['name']="VanguardVision", ['index']=142, ['level']=76},
    [16941204] = {['id']=16941204, ['name']="Vanguard'sAvat", ['index']=148, ['level']=75},
    [16941200] = {['id']=16941200, ['name']="VanguardIncite", ['index']=144, ['level']=75},
    [16941076] = {['id']=16941076, ['name']="VanguardShaman", ['index']=20, ['level']=75},
    [16941176] = {['id']=16941176, ['name']="VanguardSentin", ['index']=120, ['level']=77},
    [16941190] = {['id']=16941190, ['name']="ManifestIcon", ['index']=134, ['level']=70},
    [16941062] = {['id']=16941062, ['name']="VanguardMaestr", ['index']=6, ['level']=76},
    [16941070] = {['id']=16941070, ['name']="GoblinReplica", ['index']=14, ['level']=70},
    [16941063] = {['id']=16941063, ['name']="VanguardMaestr", ['index']=7, ['level']=77},
    [16941072] = {['id']=16941072, ['name']="VanguardSmithy", ['index']=16, ['level']=76},
    [16941065] = {['id']=16941065, ['name']="VanguardRonin", ['index']=9, ['level']=77},
    [16941060] = {['id']=16941060, ['name']="VanguardPathfi", ['index']=4, ['level']=75},
    [16941061] = {['id']=16941061, ['name']="Vanguard'sSlim", ['index']=5, ['level']=75},
    [16941066] = {['id']=16941066, ['name']="WoodnixShrillw", ['index']=10, ['level']=82},
    [16941067] = {['id']=16941067, ['name']="Woodnix'sSlime", ['index']=11, ['level']=75},
    [16941086] = {['id']=16941086, ['name']="GoblinStatue", ['index']=30, ['level']=70},
    [16941064] = {['id']=16941064, ['name']="VanguardRonin", ['index']=8, ['level']=77},
    [16941085] = {['id']=16941085, ['name']="GoblinReplica", ['index']=29, ['level']=70},
    [16941079] = {['id']=16941079, ['name']="VanguardHitman", ['index']=23, ['level']=75},
    [16941082] = {['id']=16941082, ['name']="ShamblixRotten", ['index']=26, ['level']=81},
    [16941073] = {['id']=16941073, ['name']="VanguardSmithy", ['index']=17, ['level']=75},
    [16941077] = {['id']=16941077, ['name']="VanguardShaman", ['index']=21, ['level']=77},
    [16941075] = {['id']=16941075, ['name']="VanguardAlchem", ['index']=19, ['level']=77},
    [16941080] = {['id']=16941080, ['name']="VanguardDragon", ['index']=24, ['level']=75},
    [16941092] = {['id']=16941092, ['name']="VanguardArmore", ['index']=36, ['level']=77},
    [16941074] = {['id']=16941074, ['name']="VanguardAlchem", ['index']=18, ['level']=77},
    [16941087] = {['id']=16941087, ['name']="VanguardPitfig", ['index']=31, ['level']=75},
    [16941100] = {['id']=16941100, ['name']="GoblinReplica", ['index']=44, ['level']=70},
    [16941088] = {['id']=16941088, ['name']="VanguardPitfig", ['index']=32, ['level']=76},
    [16941093] = {['id']=16941093, ['name']="VanguardAmbush", ['index']=37, ['level']=77},
    [16941096] = {['id']=16941096, ['name']="Vanguard'sAvat", ['index']=40, ['level']=75},
    [16941095] = {['id']=16941095, ['name']="VanguardNecrom", ['index']=39, ['level']=76},
    [16941090] = {['id']=16941090, ['name']="VanguardWelldi", ['index']=34, ['level']=75},
    [16941089] = {['id']=16941089, ['name']="VanguardEnchan", ['index']=33, ['level']=77},
    [16941094] = {['id']=16941094, ['name']="VanguardAmbush", ['index']=38, ['level']=77},
    [16941157] = {['id']=16941157, ['name']="VanguardThauma", ['index']=101, ['level']=76},
    [16941091] = {['id']=16941091, ['name']="VanguardWelldi", ['index']=35, ['level']=75},
    [16941169] = {['id']=16941169, ['name']="Va'RhuBodysnat", ['index']=113, ['level']=82},
    [16941161] = {['id']=16941161, ['name']="VanguardPurloi", ['index']=105, ['level']=75},
    [16941166] = {['id']=16941166, ['name']="VanguardKusa", ['index']=110, ['level']=75},
    [16941355] = {['id']=16941355, ['name']="NightmareEft", ['index']=299, ['level']=79},
    [16941364] = {['id']=16941364, ['name']="Stihi", ['index']=308, ['level']=82},
    [16941362] = {['id']=16941362, ['name']="NightmareEft", ['index']=306, ['level']=79},
    [16941360] = {['id']=16941360, ['name']="NightmareEft", ['index']=304, ['level']=78},
    [16941359] = {['id']=16941359, ['name']="NightmareEft", ['index']=303, ['level']=78},
    [16941347] = {['id']=16941347, ['name']="NightmareEft", ['index']=291, ['level']=78},
    [16941348] = {['id']=16941348, ['name']="NightmareEft", ['index']=292, ['level']=78},
    [16941363] = {['id']=16941363, ['name']="NightmareEft", ['index']=307, ['level']=79},
    [16941233] = {['id']=16941233, ['name']="NightmareDhalm", ['index']=177, ['level']=78},
    [16941235] = {['id']=16941235, ['name']="NightmareDhalm", ['index']=179, ['level']=78},
    [16941165] = {['id']=16941165, ['name']="VanguardKusa", ['index']=109, ['level']=77},
    [16941170] = {['id']=16941170, ['name']="Te'ZhaIronclad", ['index']=114, ['level']=82},
    [16941232] = {['id']=16941232, ['name']="NightmareDhalm", ['index']=176, ['level']=78},
    [16941237] = {['id']=16941237, ['name']="NightmareDhalm", ['index']=181, ['level']=78},
    [16941242] = {['id']=16941242, ['name']="NightmareDhalm", ['index']=186, ['level']=80},
    [16941247] = {['id']=16941247, ['name']="NightmareDhalm", ['index']=191, ['level']=78},
    [16941243] = {['id']=16941243, ['name']="NightmareDhalm", ['index']=187, ['level']=80},
    [16941245] = {['id']=16941245, ['name']="NightmareDhalm", ['index']=189, ['level']=80},
    [16941236] = {['id']=16941236, ['name']="NightmareDhalm", ['index']=180, ['level']=79},
    [16941249] = {['id']=16941249, ['name']="NightmareDhalm", ['index']=193, ['level']=80},
    [16941248] = {['id']=16941248, ['name']="NightmareDhalm", ['index']=192, ['level']=79},
    [16941241] = {['id']=16941241, ['name']="NightmareDhalm", ['index']=185, ['level']=80},
    [16941239] = {['id']=16941239, ['name']="NightmareDhalm", ['index']=183, ['level']=80},
    [16941246] = {['id']=16941246, ['name']="NightmareDhalm", ['index']=190, ['level']=80},
    [16941244] = {['id']=16941244, ['name']="NightmareDhalm", ['index']=188, ['level']=80},
    [16941174] = {['id']=16941174, ['name']="AdamantkingIma", ['index']=118, ['level']=70},
    [16941142] = {['id']=16941142, ['name']="VanguardConsta", ['index']=86, ['level']=76},
    [16941333] = {['id']=16941333, ['name']="NightmareRaven", ['index']=277, ['level']=78},
    [16941449] = {['id']=16941449, ['name']="VanguardDefend", ['index']=393, ['level']=94},
    [16941444] = {['id']=16941444, ['name']="VanguardThauma", ['index']=388, ['level']=93},
    [16941453] = {['id']=16941453, ['name']="VanguardUndert", ['index']=397, ['level']=93},
    [16941454] = {['id']=16941454, ['name']="Vanguard'sAvat", ['index']=398, ['level']=93},
    [16941447] = {['id']=16941447, ['name']="VanguardPurloi", ['index']=391, ['level']=94},
    [16941509] = {['id']=16941509, ['name']="NightmareDhalm", ['index']=453, ['level']=96},
    [16941520] = {['id']=16941520, ['name']="LostBarong", ['index']=464, ['level']=100},
    [16941546] = {['id']=16941546, ['name']="NightmareScorp", ['index']=490, ['level']=96},
    [16941547] = {['id']=16941547, ['name']="NightmareScorp", ['index']=491, ['level']=96},
    [16941550] = {['id']=16941550, ['name']="NightmareScorp", ['index']=494, ['level']=95},
    [16941551] = {['id']=16941551, ['name']="NightmareScorp", ['index']=495, ['level']=96},
    [16941552] = {['id']=16941552, ['name']="LostStihi", ['index']=496, ['level']=100},
    [16941450] = {['id']=16941450, ['name']="VanguardVigila", ['index']=394, ['level']=93},
    [16941445] = {['id']=16941445, ['name']="VanguardProtec", ['index']=389, ['level']=93},
    [16941451] = {['id']=16941451, ['name']="VanguardHatamo", ['index']=395, ['level']=95},
    [16941455] = {['id']=16941455, ['name']="AdamantkingEff", ['index']=399, ['level']=80},
    [16941167] = {['id']=16941167, ['name']="VanguardUndert", ['index']=111, ['level']=77},
    [16941168] = {['id']=16941168, ['name']="Vanguard'sAvat", ['index']=112, ['level']=75},
    [16941346] = {['id']=16941346, ['name']="NightmareEft", ['index']=290, ['level']=80},
    [16941158] = {['id']=16941158, ['name']="VanguardThauma", ['index']=102, ['level']=77},
    [16941351] = {['id']=16941351, ['name']="NightmareEft", ['index']=295, ['level']=80},
    [16941350] = {['id']=16941350, ['name']="NightmareEft", ['index']=294, ['level']=80},
    [16941353] = {['id']=16941353, ['name']="NightmareEft", ['index']=297, ['level']=80},
    [16941352] = {['id']=16941352, ['name']="NightmareEft", ['index']=296, ['level']=79},
    [16941357] = {['id']=16941357, ['name']="NightmareEft", ['index']=301, ['level']=79},
    [16941356] = {['id']=16941356, ['name']="NightmareEft", ['index']=300, ['level']=78},
    [16941354] = {['id']=16941354, ['name']="NightmareEft", ['index']=298, ['level']=80},
    [16941361] = {['id']=16941361, ['name']="NightmareEft", ['index']=305, ['level']=80},
    [16941358] = {['id']=16941358, ['name']="NightmareEft", ['index']=302, ['level']=80},
    [16941349] = {['id']=16941349, ['name']="NightmareEft", ['index']=293, ['level']=79},
    [16941586] = {['id']=16941586, ['name']="NightmareMandr", ['index']=530, ['level']=95},
    [16941588] = {['id']=16941588, ['name']="NightmareMandr", ['index']=532, ['level']=95},
    [16941587] = {['id']=16941587, ['name']="NightmareMandr", ['index']=531, ['level']=96},
    [16941585] = {['id']=16941585, ['name']="NightmareMandr", ['index']=529, ['level']=95},
    [16941589] = {['id']=16941589, ['name']="NightmareMandr", ['index']=533, ['level']=96},
    [16941584] = {['id']=16941584, ['name']="NightmareMandr", ['index']=528, ['level']=95},
    [16941578] = {['id']=16941578, ['name']="NightmareMandr", ['index']=522, ['level']=96},
    [16941577] = {['id']=16941577, ['name']="NightmareMandr", ['index']=521, ['level']=96},
    [16941580] = {['id']=16941580, ['name']="NightmareMandr", ['index']=524, ['level']=95},
    [16941581] = {['id']=16941581, ['name']="NightmareMandr", ['index']=525, ['level']=96},
    [16941583] = {['id']=16941583, ['name']="NightmareMandr", ['index']=527, ['level']=96},
    [16941579] = {['id']=16941579, ['name']="NightmareMandr", ['index']=523, ['level']=95},
    [16941582] = {['id']=16941582, ['name']="NightmareMandr", ['index']=526, ['level']=95},
    [16941590] = {['id']=16941590, ['name']="NightmareMandr", ['index']=534, ['level']=95},
    [16941593] = {['id']=16941593, ['name']="NightmareMandr", ['index']=537, ['level']=96},
    [16941591] = {['id']=16941591, ['name']="NightmareMandr", ['index']=535, ['level']=96},
    [16941594] = {['id']=16941594, ['name']="NightmareMandr", ['index']=538, ['level']=95},
    [16941592] = {['id']=16941592, ['name']="NightmareMandr", ['index']=536, ['level']=95},
    [16941595] = {['id']=16941595, ['name']="NightmareMandr", ['index']=539, ['level']=96},
    [16941598] = {['id']=16941598, ['name']="NightmareMandr", ['index']=542, ['level']=96},
    [16941597] = {['id']=16941597, ['name']="NightmareMandr", ['index']=541, ['level']=95},
    [16941596] = {['id']=16941596, ['name']="NightmareMandr", ['index']=540, ['level']=95},
    [16941600] = {['id']=16941600, ['name']="NightmareMandr", ['index']=544, ['level']=96},
    [16941601] = {['id']=16941601, ['name']="NightmareMandr", ['index']=545, ['level']=95},
    [16941602] = {['id']=16941602, ['name']="NightmareMandr", ['index']=546, ['level']=95},
    [16941599] = {['id']=16941599, ['name']="NightmareMandr", ['index']=543, ['level']=96},
    [16941604] = {['id']=16941604, ['name']="NightmareMandr", ['index']=548, ['level']=96},
    [16941603] = {['id']=16941603, ['name']="NightmareMandr", ['index']=547, ['level']=96},
    [16941605] = {['id']=16941605, ['name']="NightmareMandr", ['index']=549, ['level']=95},
    [16941607] = {['id']=16941607, ['name']="NightmareMandr", ['index']=551, ['level']=95},
    [16941606] = {['id']=16941606, ['name']="NightmareMandr", ['index']=550, ['level']=96},
    [16941617] = {['id']=16941617, ['name']="NightmareCrawl", ['index']=561, ['level']=96},
    [16941619] = {['id']=16941619, ['name']="NightmareCrawl", ['index']=563, ['level']=95},
    [16941616] = {['id']=16941616, ['name']="NightmareCrawl", ['index']=560, ['level']=95},
    [16941620] = {['id']=16941620, ['name']="NightmareCrawl", ['index']=564, ['level']=96},
    [16941615] = {['id']=16941615, ['name']="NightmareCrawl", ['index']=559, ['level']=95},
    [16941618] = {['id']=16941618, ['name']="NightmareCrawl", ['index']=562, ['level']=96},
    [16941608] = {['id']=16941608, ['name']="NightmareCrawl", ['index']=552, ['level']=96},
    [16941609] = {['id']=16941609, ['name']="NightmareCrawl", ['index']=553, ['level']=96},
    [16941610] = {['id']=16941610, ['name']="NightmareCrawl", ['index']=554, ['level']=96},
    [16941613] = {['id']=16941613, ['name']="NightmareCrawl", ['index']=557, ['level']=95},
    [16941614] = {['id']=16941614, ['name']="NightmareCrawl", ['index']=558, ['level']=96},
    [16941612] = {['id']=16941612, ['name']="NightmareCrawl", ['index']=556, ['level']=96},
    [16941624] = {['id']=16941624, ['name']="NightmareCrawl", ['index']=568, ['level']=95},
    [16941625] = {['id']=16941625, ['name']="NightmareCrawl", ['index']=569, ['level']=95},
    [16941611] = {['id']=16941611, ['name']="NightmareCrawl", ['index']=555, ['level']=95},
    [16941626] = {['id']=16941626, ['name']="NightmareCrawl", ['index']=570, ['level']=95},
    [16941621] = {['id']=16941621, ['name']="NightmareCrawl", ['index']=565, ['level']=96},
    [16941627] = {['id']=16941627, ['name']="NightmareCrawl", ['index']=571, ['level']=95},
    [16941628] = {['id']=16941628, ['name']="NightmareCrawl", ['index']=572, ['level']=95},
    [16941623] = {['id']=16941623, ['name']="NightmareCrawl", ['index']=567, ['level']=96},
    [16941622] = {['id']=16941622, ['name']="NightmareCrawl", ['index']=566, ['level']=95},
    [16941416] = {['id']=16941416, ['name']="VanguardFootso", ['index']=360, ['level']=94},
    [16941420] = {['id']=16941420, ['name']="VanguardPredat", ['index']=364, ['level']=95},
    [16941422] = {['id']=16941422, ['name']="VanguardGutsla", ['index']=366, ['level']=94},
    [16941418] = {['id']=16941418, ['name']="VanguardGrappl", ['index']=362, ['level']=94},
    [16941417] = {['id']=16941417, ['name']="VanguardGrappl", ['index']=361, ['level']=93},
    [16941419] = {['id']=16941419, ['name']="VanguardAmputa", ['index']=363, ['level']=94},
    [16941423] = {['id']=16941423, ['name']="VanguardDollma", ['index']=367, ['level']=94},
    [16941424] = {['id']=16941424, ['name']="Vanguard'sAvat", ['index']=368, ['level']=93},
    [16941415] = {['id']=16941415, ['name']="VanguardFootso", ['index']=359, ['level']=94},
    [16941409] = {['id']=16941409, ['name']="VanguardImpale", ['index']=353, ['level']=93},
    [16941407] = {['id']=16941407, ['name']="VanguardBugler", ['index']=351, ['level']=95},
    [16941408] = {['id']=16941408, ['name']="VanguardBackst", ['index']=352, ['level']=94},
    [16941405] = {['id']=16941405, ['name']="VanguardHawker", ['index']=349, ['level']=95},
    [16941406] = {['id']=16941406, ['name']="Vanguard'sHect", ['index']=350, ['level']=93},
    [16941404] = {['id']=16941404, ['name']="VanguardNeckch", ['index']=348, ['level']=95},
    [16941401] = {['id']=16941401, ['name']="VanguardVexer", ['index']=345, ['level']=95},
    [16941400] = {['id']=16941400, ['name']="VanguardMesmer", ['index']=344, ['level']=93},
    [16941411] = {['id']=16941411, ['name']="SerjeantTombst", ['index']=355, ['level']=80},
    [16941403] = {['id']=16941403, ['name']="VanguardPillag", ['index']=347, ['level']=95},
    [16941402] = {['id']=16941402, ['name']="VanguardVexer", ['index']=346, ['level']=95},
    [16941414] = {['id']=16941414, ['name']="WarchiefTombst", ['index']=358, ['level']=80},
    [16941399] = {['id']=16941399, ['name']="VanguardMesmer", ['index']=343, ['level']=94},
    [16941570] = {['id']=16941570, ['name']="NightmareBunny", ['index']=514, ['level']=95},
    [16941575] = {['id']=16941575, ['name']="NightmareBunny", ['index']=519, ['level']=96},
    [16941574] = {['id']=16941574, ['name']="NightmareBunny", ['index']=518, ['level']=95},
    [16941554] = {['id']=16941554, ['name']="NightmareBunny", ['index']=498, ['level']=95},
    [16941558] = {['id']=16941558, ['name']="NightmareBunny", ['index']=502, ['level']=96},
    [16941555] = {['id']=16941555, ['name']="NightmareBunny", ['index']=499, ['level']=95},
    [16941569] = {['id']=16941569, ['name']="NightmareBunny", ['index']=513, ['level']=96},
    [16941568] = {['id']=16941568, ['name']="NightmareBunny", ['index']=512, ['level']=96},
    [16941553] = {['id']=16941553, ['name']="NightmareBunny", ['index']=497, ['level']=95},
    [16941567] = {['id']=16941567, ['name']="NightmareBunny", ['index']=511, ['level']=96},
    [16941556] = {['id']=16941556, ['name']="NightmareBunny", ['index']=500, ['level']=95},
    [16941557] = {['id']=16941557, ['name']="NightmareBunny", ['index']=501, ['level']=96},
    [16941571] = {['id']=16941571, ['name']="NightmareBunny", ['index']=515, ['level']=95},
    [16941573] = {['id']=16941573, ['name']="NightmareBunny", ['index']=517, ['level']=96},
    [16941562] = {['id']=16941562, ['name']="NightmareBunny", ['index']=506, ['level']=95},
    [16941572] = {['id']=16941572, ['name']="NightmareBunny", ['index']=516, ['level']=96},
    [16941566] = {['id']=16941566, ['name']="NightmareBunny", ['index']=510, ['level']=96},
    [16941559] = {['id']=16941559, ['name']="NightmareBunny", ['index']=503, ['level']=95},
    [16941563] = {['id']=16941563, ['name']="NightmareBunny", ['index']=507, ['level']=96},
    [16941560] = {['id']=16941560, ['name']="NightmareBunny", ['index']=504, ['level']=96},
    [16941565] = {['id']=16941565, ['name']="NightmareBunny", ['index']=509, ['level']=95},
    [16941564] = {['id']=16941564, ['name']="NightmareBunny", ['index']=508, ['level']=96},
    [16941561] = {['id']=16941561, ['name']="NightmareBunny", ['index']=505, ['level']=95},
    [16941576] = {['id']=16941576, ['name']="LostAlklha", ['index']=520, ['level']=100},
    [16941427] = {['id']=16941427, ['name']="SerjeantTombst", ['index']=371, ['level']=80},
    [16941421] = {['id']=16941421, ['name']="VanguardTroope", ['index']=365, ['level']=93},
    [16941057] = {['id']=16941057, ['name']="ApocalypticBea", ['index']=1, ['level']=85},
    [16941124] = {['id']=16941124, ['name']="VanguardGrappl", ['index']=68, ['level']=77},
    [16941368] = {['id']=16941368, ['name']="ArchApocalypti", ['index']=312, ['level']=105},
    [16941130] = {['id']=16941130, ['name']="VanguardGutsla", ['index']=74, ['level']=77},
    [16941129] = {['id']=16941129, ['name']="VanguardTroope", ['index']=73, ['level']=75},
    [16941305] = {['id']=16941305, ['name']="NightmareMandr", ['index']=249, ['level']=80},
    [16941307] = {['id']=16941307, ['name']="NightmareMandr", ['index']=251, ['level']=79},
    [16941301] = {['id']=16941301, ['name']="NightmareMandr", ['index']=245, ['level']=79},
    [16941300] = {['id']=16941300, ['name']="NightmareMandr", ['index']=244, ['level']=80},
    [16941304] = {['id']=16941304, ['name']="NightmareMandr", ['index']=248, ['level']=78},
    [16941303] = {['id']=16941303, ['name']="NightmareMandr", ['index']=247, ['level']=80},
    [16941302] = {['id']=16941302, ['name']="NightmareMandr", ['index']=246, ['level']=80},
    [16941306] = {['id']=16941306, ['name']="NightmareMandr", ['index']=250, ['level']=79},
    [16941309] = {['id']=16941309, ['name']="NightmareMandr", ['index']=253, ['level']=80},
    [16941316] = {['id']=16941316, ['name']="NightmareCrawl", ['index']=260, ['level']=78},
    [16941295] = {['id']=16941295, ['name']="NightmareBunny", ['index']=239, ['level']=80},
    [16941312] = {['id']=16941312, ['name']="NightmareMandr", ['index']=256, ['level']=78},
    [16941299] = {['id']=16941299, ['name']="NightmareBunny", ['index']=243, ['level']=80},
    [16941310] = {['id']=16941310, ['name']="NightmareMandr", ['index']=254, ['level']=78},
    [16941314] = {['id']=16941314, ['name']="NightmareMandr", ['index']=258, ['level']=79},
    [16941324] = {['id']=16941324, ['name']="NightmareCrawl", ['index']=268, ['level']=80},
    [16941313] = {['id']=16941313, ['name']="NightmareMandr", ['index']=257, ['level']=80},
    [16941308] = {['id']=16941308, ['name']="NightmareMandr", ['index']=252, ['level']=79},
    [16941321] = {['id']=16941321, ['name']="NightmareCrawl", ['index']=265, ['level']=79},
    [16941315] = {['id']=16941315, ['name']="NightmareMandr", ['index']=259, ['level']=78},
    [16941311] = {['id']=16941311, ['name']="NightmareMandr", ['index']=255, ['level']=80},
    [16941199] = {['id']=16941199, ['name']="VanguardVision", ['index']=143, ['level']=77},
    [16941273] = {['id']=16941273, ['name']="NightmareScorp", ['index']=217, ['level']=79},
    [16941267] = {['id']=16941267, ['name']="NightmareScorp", ['index']=211, ['level']=79},
    [16941274] = {['id']=16941274, ['name']="NightmareScorp", ['index']=218, ['level']=79},
    [16941204] = {['id']=16941204, ['name']="Vanguard\'sAvat", ['index']=148, ['level']=75},
    [16941282] = {['id']=16941282, ['name']="NightmareScorp", ['index']=226, ['level']=79},
    [16941325] = {['id']=16941325, ['name']="NightmareCrawl", ['index']=269, ['level']=78},
    [16941268] = {['id']=16941268, ['name']="NightmareScorp", ['index']=212, ['level']=80},
    [16941276] = {['id']=16941276, ['name']="NightmareScorp", ['index']=220, ['level']=80},
    [16941319] = {['id']=16941319, ['name']="NightmareCrawl", ['index']=263, ['level']=80},
    [16941318] = {['id']=16941318, ['name']="NightmareCrawl", ['index']=262, ['level']=78},
    [16941322] = {['id']=16941322, ['name']="NightmareCrawl", ['index']=266, ['level']=78},
    [16941278] = {['id']=16941278, ['name']="NightmareScorp", ['index']=222, ['level']=79},
    [16941317] = {['id']=16941317, ['name']="NightmareCrawl", ['index']=261, ['level']=78},
    [16941320] = {['id']=16941320, ['name']="NightmareCrawl", ['index']=264, ['level']=78},
    [16941275] = {['id']=16941275, ['name']="NightmareScorp", ['index']=219, ['level']=78},
    [16941323] = {['id']=16941323, ['name']="NightmareCrawl", ['index']=267, ['level']=80},
    [16941224] = {['id']=16941224, ['name']="NightmareCrab", ['index']=168, ['level']=79},
    [16941225] = {['id']=16941225, ['name']="NightmareCrab", ['index']=169, ['level']=80},
    [16941228] = {['id']=16941228, ['name']="NightmareCrab", ['index']=172, ['level']=80},
    [16941231] = {['id']=16941231, ['name']="NightmareCrab", ['index']=175, ['level']=78},
    [16941229] = {['id']=16941229, ['name']="NightmareCrab", ['index']=173, ['level']=80},
    [16941230] = {['id']=16941230, ['name']="NightmareCrab", ['index']=174, ['level']=78},
    [16941222] = {['id']=16941222, ['name']="NightmareCrab", ['index']=166, ['level']=79},
    [16941223] = {['id']=16941223, ['name']="NightmareCrab", ['index']=167, ['level']=80},
    [16941221] = {['id']=16941221, ['name']="NightmareCrab", ['index']=165, ['level']=80},
    [16941213] = {['id']=16941213, ['name']="NightmareCrab", ['index']=157, ['level']=80},
    [16941215] = {['id']=16941215, ['name']="NightmareCrab", ['index']=159, ['level']=78},
    [16941214] = {['id']=16941214, ['name']="NightmareCrab", ['index']=158, ['level']=78},
    [16941212] = {['id']=16941212, ['name']="NightmareCrab", ['index']=156, ['level']=78},
    [16941216] = {['id']=16941216, ['name']="NightmareCrab", ['index']=160, ['level']=78},
    [16941219] = {['id']=16941219, ['name']="NightmareCrab", ['index']=163, ['level']=80},
    [16941217] = {['id']=16941217, ['name']="NightmareCrab", ['index']=161, ['level']=78},
    [16941289] = {['id']=16941289, ['name']="NightmareBunny", ['index']=233, ['level']=79},
    [16941220] = {['id']=16941220, ['name']="NightmareCrab", ['index']=164, ['level']=79},
    [16941218] = {['id']=16941218, ['name']="NightmareCrab", ['index']=162, ['level']=78},
    [16941226] = {['id']=16941226, ['name']="NightmareCrab", ['index']=170, ['level']=78},
    [16941291] = {['id']=16941291, ['name']="NightmareBunny", ['index']=235, ['level']=79},
    [16941286] = {['id']=16941286, ['name']="NightmareBunny", ['index']=230, ['level']=78},
    [16941288] = {['id']=16941288, ['name']="NightmareBunny", ['index']=232, ['level']=78},
    [16941290] = {['id']=16941290, ['name']="NightmareBunny", ['index']=234, ['level']=80},
    [16941285] = {['id']=16941285, ['name']="NightmareBunny", ['index']=229, ['level']=80},
    [16941271] = {['id']=16941271, ['name']="NightmareScorp", ['index']=215, ['level']=80},
    [16941195] = {['id']=16941195, ['name']="VanguardSkirmi", ['index']=139, ['level']=76},
    [16941203] = {['id']=16941203, ['name']="VanguardOracle", ['index']=147, ['level']=75},
    [16941205] = {['id']=16941205, ['name']="DooPekutheFl", ['index']=149, ['level']=82},
    [16941209] = {['id']=16941209, ['name']="ManifestIcon", ['index']=153, ['level']=70},
    [16941198] = {['id']=16941198, ['name']="VanguardVision", ['index']=142, ['level']=77},
    [16941196] = {['id']=16941196, ['name']="VanguardPrelat", ['index']=140, ['level']=76},
    [16941176] = {['id']=16941176, ['name']="VanguardSentin", ['index']=120, ['level']=75},
    [16941191] = {['id']=16941191, ['name']="ManifestIcon", ['index']=135, ['level']=70},
    [16941178] = {['id']=16941178, ['name']="VanguardPriest", ['index']=122, ['level']=75},
    [16941179] = {['id']=16941179, ['name']="VanguardLibera", ['index']=123, ['level']=77},
    [16941181] = {['id']=16941181, ['name']="VanguardExempl", ['index']=125, ['level']=77},
    [16941177] = {['id']=16941177, ['name']="VanguardPriest", ['index']=121, ['level']=77},
    [16941188] = {['id']=16941188, ['name']="ReeNatatheMe", ['index']=132, ['level']=81},
    [16941193] = {['id']=16941193, ['name']="AvatarIdol", ['index']=137, ['level']=70},
    [16941189] = {['id']=16941189, ['name']="KooRahitheLe", ['index']=133, ['level']=81},
    [16941175] = {['id']=16941175, ['name']="VanguardSentin", ['index']=119, ['level']=77},
    [16941186] = {['id']=16941186, ['name']="VanguardPartis", ['index']=130, ['level']=75},
    [16941326] = {['id']=16941326, ['name']="NightmareRaven", ['index']=270, ['level']=79},
    [16941332] = {['id']=16941332, ['name']="NightmareRaven", ['index']=276, ['level']=80},
    [16941180] = {['id']=16941180, ['name']="VanguardLibera", ['index']=124, ['level']=76},
    [16941327] = {['id']=16941327, ['name']="NightmareRaven", ['index']=271, ['level']=79},
    [16941328] = {['id']=16941328, ['name']="NightmareRaven", ['index']=272, ['level']=80},
    [16941331] = {['id']=16941331, ['name']="NightmareRaven", ['index']=275, ['level']=80},
    [16941333] = {['id']=16941333, ['name']="NightmareRaven", ['index']=277, ['level']=79},
    [16941154] = {['id']=16941154, ['name']="AdamantkingEff", ['index']=98, ['level']=70},
    [16941329] = {['id']=16941329, ['name']="NightmareRaven", ['index']=273, ['level']=79},
    [16941146] = {['id']=16941146, ['name']="VanguardMinstr", ['index']=90, ['level']=77},
    [16941367] = {['id']=16941367, ['name']="Aitvaras", ['index']=311, ['level']=83},
    [16941147] = {['id']=16941147, ['name']="VanguardMason", ['index']=91, ['level']=75},
    [16941143] = {['id']=16941143, ['name']="VanguardConsta", ['index']=87, ['level']=75},
    [16941142] = {['id']=16941142, ['name']="VanguardConsta", ['index']=86, ['level']=77},
    [16941145] = {['id']=16941145, ['name']="Vanguard\'sScor", ['index']=89, ['level']=75},
    [16941148] = {['id']=16941148, ['name']="VanguardMason", ['index']=92, ['level']=77},
    [16941140] = {['id']=16941140, ['name']="VanguardMilita", ['index']=84, ['level']=75},
    [16941144] = {['id']=16941144, ['name']="VanguardBeastt", ['index']=88, ['level']=75},
    [16941330] = {['id']=16941330, ['name']="NightmareRaven", ['index']=274, ['level']=78},
    [16941151] = {['id']=16941151, ['name']="Qu\'PhoBloodspi", ['index']=95, ['level']=81},
    [16941141] = {['id']=16941141, ['name']="VanguardMilita", ['index']=85, ['level']=76},
    [16941149] = {['id']=16941149, ['name']="VanguardDrakek", ['index']=93, ['level']=76},
    [16941235] = {['id']=16941235, ['name']="NightmareDhalm", ['index']=179, ['level']=78},
    [16941433] = {['id']=16941433, ['name']="Vanguard\'sScor", ['index']=377, ['level']=93},
    [16941233] = {['id']=16941233, ['name']="NightmareDhalm", ['index']=177, ['level']=80},
    [16941432] = {['id']=16941432, ['name']="VanguardBeastt", ['index']=376, ['level']=94},
    [16941442] = {['id']=16941442, ['name']="AdamantkingEff", ['index']=386, ['level']=80},
    [16941435] = {['id']=16941435, ['name']="VanguardMinstr", ['index']=379, ['level']=95},
    [16941431] = {['id']=16941431, ['name']="VanguardConsta", ['index']=375, ['level']=95},
    [16941438] = {['id']=16941438, ['name']="VanguardDrakek", ['index']=382, ['level']=94},
    [16941437] = {['id']=16941437, ['name']="VanguardMason", ['index']=381, ['level']=94},
    [16941430] = {['id']=16941430, ['name']="VanguardMilita", ['index']=374, ['level']=94},
    [16941436] = {['id']=16941436, ['name']="VanguardMason", ['index']=380, ['level']=94},
    [16941380] = {['id']=16941380, ['name']="Vanguard\'sAvat", ['index']=324, ['level']=93},
    [16941379] = {['id']=16941379, ['name']="VanguardNecrom", ['index']=323, ['level']=94},
    [16941434] = {['id']=16941434, ['name']="VanguardMinstr", ['index']=378, ['level']=95},
    [16941381] = {['id']=16941381, ['name']="GoblinReplica", ['index']=325, ['level']=80},
    [16941495] = {['id']=16941495, ['name']="NightmareCrab", ['index']=439, ['level']=95},
    [16941429] = {['id']=16941429, ['name']="VanguardVindic", ['index']=373, ['level']=94},
    [16941374] = {['id']=16941374, ['name']="VanguardArmore", ['index']=318, ['level']=94},
    [16941493] = {['id']=16941493, ['name']="NightmareCrab", ['index']=437, ['level']=95},
    [16941492] = {['id']=16941492, ['name']="NightmareCrab", ['index']=436, ['level']=95},
    [16941369] = {['id']=16941369, ['name']="VanguardPitfig", ['index']=313, ['level']=94},
    [16941494] = {['id']=16941494, ['name']="NightmareCrab", ['index']=438, ['level']=95},
    [16941489] = {['id']=16941489, ['name']="NightmareCrab", ['index']=433, ['level']=95},
    [16941496] = {['id']=16941496, ['name']="NightmareCrab", ['index']=440, ['level']=96},
    [16941490] = {['id']=16941490, ['name']="NightmareCrab", ['index']=434, ['level']=95},
    [16941491] = {['id']=16941491, ['name']="NightmareCrab", ['index']=435, ['level']=96},
    [16941498] = {['id']=16941498, ['name']="NightmareCrab", ['index']=442, ['level']=96},
    [16941372] = {['id']=16941372, ['name']="VanguardEnchan", ['index']=316, ['level']=95},
    [16941497] = {['id']=16941497, ['name']="NightmareCrab", ['index']=441, ['level']=95},
    [16941529] = {['id']=16941529, ['name']="NightmareUragn", ['index']=473, ['level']=96},
    [16941530] = {['id']=16941530, ['name']="NightmareUragn", ['index']=474, ['level']=95},
    [16941528] = {['id']=16941528, ['name']="NightmareUragn", ['index']=472, ['level']=95},
    [16941526] = {['id']=16941526, ['name']="NightmareUragn", ['index']=470, ['level']=95},
    [16941371] = {['id']=16941371, ['name']="VanguardEnchan", ['index']=315, ['level']=95},
    [16941375] = {['id']=16941375, ['name']="VanguardPathfi", ['index']=319, ['level']=93},
    [16941378] = {['id']=16941378, ['name']="VanguardRonin", ['index']=322, ['level']=93},
