    [17326354] = {['id']=17326354, ['name']="VanguardSmithy", ['index']=274, ['level']=76},
    [17326355] = {['id']=17326355, ['name']="VanguardPitfig", ['index']=275, ['level']=77},
    [17326356] = {['id']=17326356, ['name']="VanguardShaman", ['index']=276, ['level']=77},
    [17326358] = {['id']=17326358, ['name']="VanguardPathfi", ['index']=278, ['level']=76},
    [17326359] = {['id']=17326359, ['name']="Vanguard'sSlim", ['index']=279, ['level']=75},
    [17326360] = {['id']=17326360, ['name']="VanguardMaestr", ['index']=280, ['level']=76},
    [17326464] = {['id']=17326464, ['name']="GoblinReplica", ['index']=384, ['level']=70},
    [17326357] = {['id']=17326357, ['name']="VanguardEnchan", ['index']=277, ['level']=76},
    [17326361] = {['id']=17326361, ['name']="VanguardEnchan", ['index']=281, ['level']=77},
    [17326363] = {['id']=17326363, ['name']="VanguardArmore", ['index']=283, ['level']=77},
    [17326364] = {['id']=17326364, ['name']="VanguardShaman", ['index']=284, ['level']=76},
    [17326362] = {['id']=17326362, ['name']="VanguardWelldi", ['index']=282, ['level']=77},
    [17326367] = {['id']=17326367, ['name']="VanguardAmbush", ['index']=287, ['level']=75},
    [17326365] = {['id']=17326365, ['name']="VanguardArmore", ['index']=285, ['level']=76},
    [17326366] = {['id']=17326366, ['name']="VanguardMaestr", ['index']=286, ['level']=76},
    [17326369] = {['id']=17326369, ['name']="Vanguard'sAvat", ['index']=289, ['level']=75},
    [17326368] = {['id']=17326368, ['name']="VanguardNecrom", ['index']=288, ['level']=76},
    [17326370] = {['id']=17326370, ['name']="VanguardWelldi", ['index']=290, ['level']=77},
    [17326371] = {['id']=17326371, ['name']="VanguardArmore", ['index']=291, ['level']=75},
    [17326372] = {['id']=17326372, ['name']="VanguardSmithy", ['index']=292, ['level']=76},
    [17326373] = {['id']=17326373, ['name']="VanguardSmithy", ['index']=293, ['level']=75},
    [17326377] = {['id']=17326377, ['name']="VanguardPitfig", ['index']=297, ['level']=75},
    [17326378] = {['id']=17326378, ['name']="VanguardPitfig", ['index']=298, ['level']=75},
    [17326375] = {['id']=17326375, ['name']="VanguardRonin", ['index']=295, ['level']=75},
    [17326376] = {['id']=17326376, ['name']="VanguardHitman", ['index']=296, ['level']=76},
    [17326390] = {['id']=17326390, ['name']="VanguardAlchem", ['index']=310, ['level']=75},
    [17326389] = {['id']=17326389, ['name']="VanguardEnchan", ['index']=309, ['level']=77},
    [17326388] = {['id']=17326388, ['name']="VanguardSmithy", ['index']=308, ['level']=75},
    [17326382] = {['id']=17326382, ['name']="VanguardWelldi", ['index']=302, ['level']=76},
    [17326386] = {['id']=17326386, ['name']="VanguardAlchem", ['index']=306, ['level']=75},
    [17326391] = {['id']=17326391, ['name']="VanguardNecrom", ['index']=311, ['level']=75},
    [17326383] = {['id']=17326383, ['name']="VanguardDragon", ['index']=303, ['level']=76},
    [17326392] = {['id']=17326392, ['name']="Vanguard'sAvat", ['index']=312, ['level']=75},
    [17326385] = {['id']=17326385, ['name']="VanguardAlchem", ['index']=305, ['level']=76},
    [17326380] = {['id']=17326380, ['name']="VanguardShaman", ['index']=300, ['level']=75},
    [17326381] = {['id']=17326381, ['name']="VanguardEnchan", ['index']=301, ['level']=77},
    [17326603] = {['id']=17326603, ['name']="HydraBeastmast", ['index']=523, ['level']=93},
    [17326394] = {['id']=17326394, ['name']="VanguardAmbush", ['index']=314, ['level']=76},
    [17326393] = {['id']=17326393, ['name']="VanguardPitfig", ['index']=313, ['level']=77},
    [17326605] = {['id']=17326605, ['name']="HydraThief", ['index']=525, ['level']=95},
    [17326395] = {['id']=17326395, ['name']="VanguardShaman", ['index']=315, ['level']=77},
    [17326604] = {['id']=17326604, ['name']="Hydra'sHound", ['index']=524, ['level']=92},
    [17326611] = {['id']=17326611, ['name']="HydraRanger", ['index']=531, ['level']=94},
    [17326608] = {['id']=17326608, ['name']="HydraWarrior", ['index']=528, ['level']=93},
    [17326612] = {['id']=17326612, ['name']="VanguardEye", ['index']=532, ['level']=82},
    [17326396] = {['id']=17326396, ['name']="VanguardShaman", ['index']=316, ['level']=76},
    [17326398] = {['id']=17326398, ['name']="VanguardArmore", ['index']=318, ['level']=76},
    [17326399] = {['id']=17326399, ['name']="VanguardEnchan", ['index']=319, ['level']=75},
    [17326400] = {['id']=17326400, ['name']="VanguardEnchan", ['index']=320, ['level']=76},
    [17326406] = {['id']=17326406, ['name']="VanguardPathfi", ['index']=326, ['level']=77},
    [17326407] = {['id']=17326407, ['name']="Vanguard'sSlim", ['index']=327, ['level']=75},
    [17326408] = {['id']=17326408, ['name']="VanguardWelldi", ['index']=328, ['level']=76},
    [17326409] = {['id']=17326409, ['name']="VanguardWelldi", ['index']=329, ['level']=76},
    [17326468] = {['id']=17326468, ['name']="GoblinStatue", ['index']=388, ['level']=70},
    [17326404] = {['id']=17326404, ['name']="VanguardHitman", ['index']=324, ['level']=76},
    [17326412] = {['id']=17326412, ['name']="VanguardMaestr", ['index']=332, ['level']=76},
    [17326403] = {['id']=17326403, ['name']="VanguardHitman", ['index']=323, ['level']=76},
    [17326411] = {['id']=17326411, ['name']="VanguardTinker", ['index']=331, ['level']=77},
    [17326402] = {['id']=17326402, ['name']="VanguardWelldi", ['index']=322, ['level']=77},
    [17326414] = {['id']=17326414, ['name']="VanguardArmore", ['index']=334, ['level']=76},
    [17326413] = {['id']=17326413, ['name']="VanguardArmore", ['index']=333, ['level']=75},
    [17326541] = {['id']=17326541, ['name']="Hydra'sAvatar", ['index']=461, ['level']=80},
    [17326540] = {['id']=17326540, ['name']="HydraSummoner", ['index']=460, ['level']=81},
    [17326419] = {['id']=17326419, ['name']="VanguardDragon", ['index']=339, ['level']=76},
    [17326621] = {['id']=17326621, ['name']="HydraSummoner", ['index']=541, ['level']=94},
    [17326539] = {['id']=17326539, ['name']="HydraMonk", ['index']=459, ['level']=82},
    [17326545] = {['id']=17326545, ['name']="HydraBlackMag", ['index']=465, ['level']=82},
    [17326619] = {['id']=17326619, ['name']="HydraMonk", ['index']=539, ['level']=95},
    [17326620] = {['id']=17326620, ['name']="HydraNinja", ['index']=540, ['level']=93},
    [17326622] = {['id']=17326622, ['name']="Hydra'sAvatar", ['index']=542, ['level']=92},
    [17326618] = {['id']=17326618, ['name']="HydraMonk", ['index']=538, ['level']=94},
    [17326610] = {['id']=17326610, ['name']="HydraBard", ['index']=530, ['level']=95},
    [17326609] = {['id']=17326609, ['name']="HydraWarrior", ['index']=529, ['level']=93},
    [17326602] = {['id']=17326602, ['name']="Hydra'sHound", ['index']=522, ['level']=92},
    [17326601] = {['id']=17326601, ['name']="HydraBeastmast", ['index']=521, ['level']=94},
    [17326613] = {['id']=17326613, ['name']="HydraWhiteMag", ['index']=533, ['level']=92},
    [17326615] = {['id']=17326615, ['name']="HydraThief", ['index']=535, ['level']=93},
    [17326616] = {['id']=17326616, ['name']="HydraDarkKnig", ['index']=536, ['level']=92},
    [17326614] = {['id']=17326614, ['name']="HydraWhiteMag", ['index']=534, ['level']=94},
    [17326707] = {['id']=17326707, ['name']="HydraWarrior", ['index']=627, ['level']=95},
    [17326625] = {['id']=17326625, ['name']="HydraBlackMag", ['index']=545, ['level']=92},
    [17326459] = {['id']=17326459, ['name']="VanguardPitfig", ['index']=379, ['level']=77},
    [17326462] = {['id']=17326462, ['name']="VanguardRonin", ['index']=382, ['level']=77},
    [17326581] = {['id']=17326581, ['name']="HydraDarkKnig", ['index']=501, ['level']=80},
    [17326584] = {['id']=17326584, ['name']="HydraSummoner", ['index']=504, ['level']=82},
    [17326585] = {['id']=17326585, ['name']="Hydra'sAvatar", ['index']=505, ['level']=80},
    [17326640] = {['id']=17326640, ['name']="HydraDragoon", ['index']=560, ['level']=92},
    [17326642] = {['id']=17326642, ['name']="HydraDragoon", ['index']=562, ['level']=94},
    [17326644] = {['id']=17326644, ['name']="HydraRedMage", ['index']=564, ['level']=94},
    [17326647] = {['id']=17326647, ['name']="HydraPaladin", ['index']=567, ['level']=93},
    [17326648] = {['id']=17326648, ['name']="HydraPaladin", ['index']=568, ['level']=94},
    [17326649] = {['id']=17326649, ['name']="HydraMonk", ['index']=569, ['level']=95},
    [17326650] = {['id']=17326650, ['name']="HydraThief", ['index']=570, ['level']=93},
    [17326652] = {['id']=17326652, ['name']="HydraDarkKnig", ['index']=572, ['level']=93},
    [17326653] = {['id']=17326653, ['name']="HydraDarkKnig", ['index']=573, ['level']=93},
    [17326654] = {['id']=17326654, ['name']="HydraWhiteMag", ['index']=574, ['level']=93},
    [17326655] = {['id']=17326655, ['name']="HydraBlackMag", ['index']=575, ['level']=95},
    [17326657] = {['id']=17326657, ['name']="HydraBard", ['index']=577, ['level']=93},
    [17326658] = {['id']=17326658, ['name']="HydraBard", ['index']=578, ['level']=93},
    [17326659] = {['id']=17326659, ['name']="HydraSamurai", ['index']=579, ['level']=93},
    [17326660] = {['id']=17326660, ['name']="HydraMonk", ['index']=580, ['level']=95},
    [17326662] = {['id']=17326662, ['name']="HydraSummoner", ['index']=582, ['level']=93},
    [17326663] = {['id']=17326663, ['name']="Hydra'sAvatar", ['index']=583, ['level']=92},
    [17326666] = {['id']=17326666, ['name']="HydraNinja", ['index']=586, ['level']=95},
    [17326667] = {['id']=17326667, ['name']="HydraDarkKnig", ['index']=587, ['level']=92},
    [17326668] = {['id']=17326668, ['name']="VanguardEye", ['index']=588, ['level']=82},
    [17326709] = {['id']=17326709, ['name']="HydraMonk", ['index']=629, ['level']=92},
    [17326711] = {['id']=17326711, ['name']="HydraWhiteMag", ['index']=631, ['level']=94},
    [17326712] = {['id']=17326712, ['name']="HydraThief", ['index']=632, ['level']=94},
    [17326583] = {['id']=17326583, ['name']="HydraDarkKnig", ['index']=503, ['level']=80},
    [17326599] = {['id']=17326599, ['name']="HydraThief", ['index']=519, ['level']=81},
    [17326713] = {['id']=17326713, ['name']="HydraPaladin", ['index']=633, ['level']=93},
    [17326727] = {['id']=17326727, ['name']="VanguardEye", ['index']=647, ['level']=82},
    [17326722] = {['id']=17326722, ['name']="HydraMonk", ['index']=642, ['level']=94},
    [17326726] = {['id']=17326726, ['name']="HydraRedMage", ['index']=646, ['level']=95},
    [17326714] = {['id']=17326714, ['name']="HydraDarkKnig", ['index']=634, ['level']=93},
    [17326723] = {['id']=17326723, ['name']="HydraSamurai", ['index']=643, ['level']=94},
    [17326715] = {['id']=17326715, ['name']="HydraBeastmast", ['index']=635, ['level']=95},
    [17326716] = {['id']=17326716, ['name']="Hydra'sHound", ['index']=636, ['level']=92},
    [17326717] = {['id']=17326717, ['name']="HydraWarrior", ['index']=637, ['level']=93},
    [17326718] = {['id']=17326718, ['name']="HydraThief", ['index']=638, ['level']=93},
    [17326730] = {['id']=17326730, ['name']="HydraRanger", ['index']=650, ['level']=94},
    [17326729] = {['id']=17326729, ['name']="HydraNinja", ['index']=649, ['level']=95},
    [17326728] = {['id']=17326728, ['name']="HydraPaladin", ['index']=648, ['level']=94},
    [17326720] = {['id']=17326720, ['name']="HydraWhiteMag", ['index']=640, ['level']=95},
    [17326719] = {['id']=17326719, ['name']="HydraBard", ['index']=639, ['level']=92},
    [17326731] = {['id']=17326731, ['name']="HydraBlackMag", ['index']=651, ['level']=95},
    [17326736] = {['id']=17326736, ['name']="HydraWhiteMag", ['index']=656, ['level']=94},
    [17326734] = {['id']=17326734, ['name']="HydraDragoon", ['index']=654, ['level']=93},
    [17326733] = {['id']=17326733, ['name']="HydraDarkKnig", ['index']=653, ['level']=93},
    [17326724] = {['id']=17326724, ['name']="HydraSummoner", ['index']=644, ['level']=92},
    [17326725] = {['id']=17326725, ['name']="Hydra'sAvatar", ['index']=645, ['level']=92},
    [17326746] = {['id']=17326746, ['name']="HydraDragoon", ['index']=666, ['level']=94},
    [17326740] = {['id']=17326740, ['name']="HydraWhiteMag", ['index']=660, ['level']=94},
    [17326738] = {['id']=17326738, ['name']="HydraPaladin", ['index']=658, ['level']=95},
    [17326739] = {['id']=17326739, ['name']="HydraWarrior", ['index']=659, ['level']=92},
    [17326743] = {['id']=17326743, ['name']="HydraMonk", ['index']=663, ['level']=94},
    [17326745] = {['id']=17326745, ['name']="HydraRanger", ['index']=665, ['level']=93},
    [17326741] = {['id']=17326741, ['name']="HydraThief", ['index']=661, ['level']=95},
    [17326664] = {['id']=17326664, ['name']="HydraSummoner", ['index']=584, ['level']=94},
    [17326665] = {['id']=17326665, ['name']="Hydra'sAvatar", ['index']=585, ['level']=92},
    [17326744] = {['id']=17326744, ['name']="HydraBard", ['index']=664, ['level']=94},
    [17326710] = {['id']=17326710, ['name']="HydraRedMage", ['index']=630, ['level']=93},
    [17326752] = {['id']=17326752, ['name']="HydraSummoner", ['index']=672, ['level']=92},
    [17326749] = {['id']=17326749, ['name']="HydraDarkKnig", ['index']=669, ['level']=94},
    [17326750] = {['id']=17326750, ['name']="HydraSamurai", ['index']=670, ['level']=93},
    [17326756] = {['id']=17326756, ['name']="HydraBlackMag", ['index']=676, ['level']=93},
    [17326757] = {['id']=17326757, ['name']="HydraRedMage", ['index']=677, ['level']=93},
    [17326755] = {['id']=17326755, ['name']="HydraWhiteMag", ['index']=675, ['level']=94},
    [17326758] = {['id']=17326758, ['name']="HydraBeastmast", ['index']=678, ['level']=94},
    [17326708] = {['id']=17326708, ['name']="HydraWhiteMag", ['index']=628, ['level']=93},
    [17326703] = {['id']=17326703, ['name']="HydraBard", ['index']=623, ['level']=92},
    [17326704] = {['id']=17326704, ['name']="HydraDragoon", ['index']=624, ['level']=94},
    [17326702] = {['id']=17326702, ['name']="HydraRedMage", ['index']=622, ['level']=95},
    [17326694] = {['id']=17326694, ['name']="HydraMonk", ['index']=614, ['level']=93},
    [17326695] = {['id']=17326695, ['name']="HydraSamurai", ['index']=615, ['level']=93},
    [17326693] = {['id']=17326693, ['name']="HydraWarrior", ['index']=613, ['level']=94},
    [17326698] = {['id']=17326698, ['name']="HydraDarkKnig", ['index']=618, ['level']=93},
    [17326700] = {['id']=17326700, ['name']="Hydra'sAvatar", ['index']=620, ['level']=92},
    [17326699] = {['id']=17326699, ['name']="HydraSummoner", ['index']=619, ['level']=94},
    [17326697] = {['id']=17326697, ['name']="HydraWhiteMag", ['index']=617, ['level']=95},
    [17326689] = {['id']=17326689, ['name']="HydraBlackMag", ['index']=609, ['level']=94},
    [17326691] = {['id']=17326691, ['name']="HydraNinja", ['index']=611, ['level']=94},
    [17326387] = {['id']=17326387, ['name']="BrewnixBittypu", ['index']=307, ['level']=81},
    [17326766] = {['id']=17326766, ['name']="HydraWarrior", ['index']=686, ['level']=92},
    [17326768] = {['id']=17326768, ['name']="HydraNinja", ['index']=688, ['level']=95},
    [17326769] = {['id']=17326769, ['name']="HydraDragoon", ['index']=689, ['level']=92},
    [17326767] = {['id']=17326767, ['name']="HydraRedMage", ['index']=687, ['level']=94},
    [17326765] = {['id']=17326765, ['name']="RearguardEye", ['index']=685, ['level']=82},
    [17326763] = {['id']=17326763, ['name']="HydraRanger", ['index']=683, ['level']=93},
    [17326761] = {['id']=17326761, ['name']="HydraBlackMag", ['index']=681, ['level']=95},
    [17326764] = {['id']=17326764, ['name']="HydraNinja", ['index']=684, ['level']=93},
    [17326762] = {['id']=17326762, ['name']="HydraDarkKnig", ['index']=682, ['level']=95},
    [17326777] = {['id']=17326777, ['name']="HydraBard", ['index']=697, ['level']=92},
    [17326776] = {['id']=17326776, ['name']="Hydra'sAvatar", ['index']=696, ['level']=92},
    [17326775] = {['id']=17326775, ['name']="HydraSummoner", ['index']=695, ['level']=94},
    [17326772] = {['id']=17326772, ['name']="HydraMonk", ['index']=692, ['level']=92},
    [17326759] = {['id']=17326759, ['name']="Hydra'sHound", ['index']=679, ['level']=92},
    [17326753] = {['id']=17326753, ['name']="Hydra'sAvatar", ['index']=673, ['level']=92},
    [17326751] = {['id']=17326751, ['name']="HydraNinja", ['index']=671, ['level']=93},
    [17326096] = {['id']=17326096, ['name']="Hitaume", ['index']=16, ['level']=95},
    [17326773] = {['id']=17326773, ['name']="HydraWhiteMag", ['index']=693, ['level']=92},
    [17326774] = {['id']=17326774, ['name']="HydraBlackMag", ['index']=694, ['level']=92},
    [17326778] = {['id']=17326778, ['name']="HydraWhiteMag", ['index']=698, ['level']=95},
    [17326779] = {['id']=17326779, ['name']="HydraThief", ['index']=699, ['level']=95},
    [17326780] = {['id']=17326780, ['name']="HydraPaladin", ['index']=700, ['level']=93},
    [17326784] = {['id']=17326784, ['name']="Hydra'sHound", ['index']=704, ['level']=92},
    [17326783] = {['id']=17326783, ['name']="HydraBeastmast", ['index']=703, ['level']=95},
    [17326782] = {['id']=17326782, ['name']="HydraWarrior", ['index']=702, ['level']=94},
    [17326786] = {['id']=17326786, ['name']="VanguardEye", ['index']=706, ['level']=82},
    [17326788] = {['id']=17326788, ['name']="HydraRedMage", ['index']=708, ['level']=94},
    [17326787] = {['id']=17326787, ['name']="HydraBlackMag", ['index']=707, ['level']=93},
    [17326785] = {['id']=17326785, ['name']="HydraMonk", ['index']=705, ['level']=95},
    [17326789] = {['id']=17326789, ['name']="HydraDarkKnig", ['index']=709, ['level']=94},
    [17326097] = {['id']=17326097, ['name']="Cavanneche", ['index']=17, ['level']=95},
    [17326606] = {['id']=17326606, ['name']="HydraDarkKnig", ['index']=526, ['level']=94},
    [17326672] = {['id']=17326672, ['name']="HydraNinja", ['index']=592, ['level']=94},
    [17326670] = {['id']=17326670, ['name']="HydraRanger", ['index']=590, ['level']=92},
    [17326671] = {['id']=17326671, ['name']="HydraDarkKnig", ['index']=591, ['level']=92},
    [17326669] = {['id']=17326669, ['name']="HydraRanger", ['index']=589, ['level']=94},
    [17326095] = {['id']=17326095, ['name']="Pignonpausard", ['index']=15, ['level']=95},
    [17326598] = {['id']=17326598, ['name']="HydraPaladin", ['index']=518, ['level']=80},
    [17326645] = {['id']=17326645, ['name']="HydraBard", ['index']=565, ['level']=93},
    [17326627] = {['id']=17326627, ['name']="HydraDragoon", ['index']=547, ['level']=92},
    [17326626] = {['id']=17326626, ['name']="HydraWarrior", ['index']=546, ['level']=92},
    [17326093] = {['id']=17326093, ['name']="Taquede", ['index']=13, ['level']=95},
    [17326416] = {['id']=17326416, ['name']="VanguardMaestr", ['index']=336, ['level']=75},
    [17326417] = {['id']=17326417, ['name']="VanguardPathfi", ['index']=337, ['level']=77},
    [17326418] = {['id']=17326418, ['name']="Vanguard'sSlim", ['index']=338, ['level']=75},
    [17326467] = {['id']=17326467, ['name']="GoblinReplica", ['index']=387, ['level']=70},
    [17326424] = {['id']=17326424, ['name']="VanguardPitfig", ['index']=344, ['level']=76},
    [17326425] = {['id']=17326425, ['name']="VanguardTinker", ['index']=345, ['level']=76},
    [17326423] = {['id']=17326423, ['name']="VanguardSmithy", ['index']=343, ['level']=76},
    [17326426] = {['id']=17326426, ['name']="VanguardTinker", ['index']=346, ['level']=77},
    [17326282] = {['id']=17326282, ['name']="VanguardSkirmi", ['index']=202, ['level']=75},
    [17326430] = {['id']=17326430, ['name']="VanguardPitfig", ['index']=350, ['level']=76},
    [17326433] = {['id']=17326433, ['name']="VanguardAlchem", ['index']=353, ['level']=76},
    [17326280] = {['id']=17326280, ['name']="VanguardSentin", ['index']=200, ['level']=75},
    [17326429] = {['id']=17326429, ['name']="VanguardPitfig", ['index']=349, ['level']=77},
    [17326281] = {['id']=17326281, ['name']="VanguardAssass", ['index']=201, ['level']=77},
    [17326428] = {['id']=17326428, ['name']="VanguardPitfig", ['index']=348, ['level']=75},
    [17326432] = {['id']=17326432, ['name']="VanguardAlchem", ['index']=352, ['level']=77},
    [17326286] = {['id']=17326286, ['name']="VanguardLibera", ['index']=206, ['level']=76},
    [17326438] = {['id']=17326438, ['name']="Vanguard'sSlim", ['index']=358, ['level']=75},
    [17326435] = {['id']=17326435, ['name']="VanguardDragon", ['index']=355, ['level']=77},
    [17326437] = {['id']=17326437, ['name']="VanguardPathfi", ['index']=357, ['level']=77},
    [17326434] = {['id']=17326434, ['name']="VanguardMaestr", ['index']=354, ['level']=76},
    [17326630] = {['id']=17326630, ['name']="HydraRedMage", ['index']=550, ['level']=92},
    [17326634] = {['id']=17326634, ['name']="VanguardEye", ['index']=554, ['level']=82},
    [17326633] = {['id']=17326633, ['name']="HydraMonk", ['index']=553, ['level']=93},
    [17326624] = {['id']=17326624, ['name']="HydraBlackMag", ['index']=544, ['level']=92},
    [17326632] = {['id']=17326632, ['name']="HydraPaladin", ['index']=552, ['level']=93},
    [17326631] = {['id']=17326631, ['name']="HydraRedMage", ['index']=551, ['level']=93},
    [17326443] = {['id']=17326443, ['name']="VanguardEnchan", ['index']=363, ['level']=75},
    [17326441] = {['id']=17326441, ['name']="VanguardArmore", ['index']=361, ['level']=75},
    [17326445] = {['id']=17326445, ['name']="Vanguard'sAvat", ['index']=365, ['level']=75},
    [17326444] = {['id']=17326444, ['name']="VanguardNecrom", ['index']=364, ['level']=75},
    [17326442] = {['id']=17326442, ['name']="VanguardShaman", ['index']=362, ['level']=77},
    [17326290] = {['id']=17326290, ['name']="VanguardExempl", ['index']=210, ['level']=76},
    [17326293] = {['id']=17326293, ['name']="VanguardPriest", ['index']=213, ['level']=77},
    [17326322] = {['id']=17326322, ['name']="VanguardIncite", ['index']=242, ['level']=77},
    [17326449] = {['id']=17326449, ['name']="VanguardRonin", ['index']=369, ['level']=76},
    [17326321] = {['id']=17326321, ['name']="VanguardIncite", ['index']=241, ['level']=75},
    [17326448] = {['id']=17326448, ['name']="VanguardArmore", ['index']=368, ['level']=75},
    [17326451] = {['id']=17326451, ['name']="VanguardMaestr", ['index']=371, ['level']=77},
    [17326450] = {['id']=17326450, ['name']="VanguardMaestr", ['index']=370, ['level']=76},
    [17326636] = {['id']=17326636, ['name']="HydraThief", ['index']=556, ['level']=93},
    [17326457] = {['id']=17326457, ['name']="VanguardAmbush", ['index']=377, ['level']=77},
    [17326326] = {['id']=17326326, ['name']="VanguardOgreso", ['index']=246, ['level']=77},
    [17326327] = {['id']=17326327, ['name']="Vanguard'sCrow", ['index']=247, ['level']=75},
    [17326454] = {['id']=17326454, ['name']="VanguardDragon", ['index']=374, ['level']=75},
    [17326456] = {['id']=17326456, ['name']="VanguardAmbush", ['index']=376, ['level']=77},
    [17326453] = {['id']=17326453, ['name']="VanguardWelldi", ['index']=373, ['level']=75},
    [17326592] = {['id']=17326592, ['name']="HydraRanger", ['index']=512, ['level']=81},
    [17326637] = {['id']=17326637, ['name']="HydraWhiteMag", ['index']=557, ['level']=95},
    [17326588] = {['id']=17326588, ['name']="Hydra'sHound", ['index']=508, ['level']=80},
    [17326591] = {['id']=17326591, ['name']="HydraBard", ['index']=511, ['level']=80},
    [17326587] = {['id']=17326587, ['name']="HydraBeastmast", ['index']=507, ['level']=80},
    [17326590] = {['id']=17326590, ['name']="HydraRanger", ['index']=510, ['level']=81},
    [17326461] = {['id']=17326461, ['name']="VanguardRonin", ['index']=381, ['level']=75},
    [17326460] = {['id']=17326460, ['name']="VanguardHitman", ['index']=380, ['level']=76},
    [17326580] = {['id']=17326580, ['name']="HydraThief", ['index']=500, ['level']=81},
    [17326320] = {['id']=17326320, ['name']="VanguardPrelat", ['index']=240, ['level']=75},
    [17326593] = {['id']=17326593, ['name']="VanguardEye", ['index']=513, ['level']=70},
    [17326346] = {['id']=17326346, ['name']="Vanguard'sAvat", ['index']=266, ['level']=75},
    [17326345] = {['id']=17326345, ['name']="VanguardOracle", ['index']=265, ['level']=76},
    [17326343] = {['id']=17326343, ['name']="VanguardPersec", ['index']=263, ['level']=77},
    [17326342] = {['id']=17326342, ['name']="VanguardPersec", ['index']=262, ['level']=76},
    [17326341] = {['id']=17326341, ['name']="VanguardAssass", ['index']=261, ['level']=75},
    [17326349] = {['id']=17326349, ['name']="AvatarIcon", ['index']=269, ['level']=70},
    [17326330] = {['id']=17326330, ['name']="VanguardPersec", ['index']=250, ['level']=75},
    [17326331] = {['id']=17326331, ['name']="VanguardPartis", ['index']=251, ['level']=76},
    [17326333] = {['id']=17326333, ['name']="VanguardChante", ['index']=253, ['level']=76},
    [17326334] = {['id']=17326334, ['name']="VanguardChante", ['index']=254, ['level']=77},
    [17326336] = {['id']=17326336, ['name']="VanguardLibera", ['index']=256, ['level']=77},
    [17326214] = {['id']=17326214, ['name']="VanguardVexer", ['index']=134, ['level']=76},
    [17326338] = {['id']=17326338, ['name']="VanguardSalvag", ['index']=258, ['level']=77},
    [17326325] = {['id']=17326325, ['name']="KuuXukatheNi", ['index']=245, ['level']=81},
    [17326295] = {['id']=17326295, ['name']="KooSaxutheEv", ['index']=215, ['level']=81},
    [17326215] = {['id']=17326215, ['name']="VanguardBackst", ['index']=135, ['level']=77},
    [17326299] = {['id']=17326299, ['name']="VanguardPrelat", ['index']=219, ['level']=75},
    [17326298] = {['id']=17326298, ['name']="VanguardPrelat", ['index']=218, ['level']=77},
    [17326297] = {['id']=17326297, ['name']="VanguardChante", ['index']=217, ['level']=77},
    [17326296] = {['id']=17326296, ['name']="VanguardIncite", ['index']=216, ['level']=75},
    [17326213] = {['id']=17326213, ['name']="VanguardVexer", ['index']=133, ['level']=76},
    [17326352] = {['id']=17326352, ['name']="AvatarIcon", ['index']=272, ['level']=70},
    [17326303] = {['id']=17326303, ['name']="VanguardVision", ['index']=223, ['level']=75},
    [17326305] = {['id']=17326305, ['name']="VanguardPartis", ['index']=225, ['level']=76},
    [17326301] = {['id']=17326301, ['name']="VanguardSkirmi", ['index']=221, ['level']=76},
    [17326302] = {['id']=17326302, ['name']="VanguardVision", ['index']=222, ['level']=76},
    [17326317] = {['id']=17326317, ['name']="VanguardExempl", ['index']=237, ['level']=76},
    [17326318] = {['id']=17326318, ['name']="VanguardExempl", ['index']=238, ['level']=77},
    [17326316] = {['id']=17326316, ['name']="Vanguard'sAvat", ['index']=236, ['level']=75},
    [17326309] = {['id']=17326309, ['name']="VanguardSkirmi", ['index']=229, ['level']=75},
    [17326315] = {['id']=17326315, ['name']="VanguardOracle", ['index']=235, ['level']=75},
    [17326310] = {['id']=17326310, ['name']="VanguardPriest", ['index']=230, ['level']=75},
    [17326312] = {['id']=17326312, ['name']="VanguardLibera", ['index']=232, ['level']=76},
    [17326314] = {['id']=17326314, ['name']="VanguardSalvag", ['index']=234, ['level']=76},
    [17326311] = {['id']=17326311, ['name']="VanguardLibera", ['index']=231, ['level']=76},
    [17326157] = {['id']=17326157, ['name']="VanguardDrakek", ['index']=77, ['level']=76},
    [17326161] = {['id']=17326161, ['name']="VanguardKusa", ['index']=81, ['level']=77},
    [17326160] = {['id']=17326160, ['name']="VanguardHatamo", ['index']=80, ['level']=76},
    [17326152] = {['id']=17326152, ['name']="VanguardConsta", ['index']=72, ['level']=75},
    [17326118] = {['id']=17326118, ['name']="VanguardHatamo", ['index']=38, ['level']=75},
    [17326120] = {['id']=17326120, ['name']="VanguardProtec", ['index']=40, ['level']=77},
    [17326117] = {['id']=17326117, ['name']="VanguardProtec", ['index']=37, ['level']=77},
    [17326116] = {['id']=17326116, ['name']="VanguardDefend", ['index']=36, ['level']=76},
    [17326291] = {['id']=17326291, ['name']="VanguardOgreso", ['index']=211, ['level']=76},
    [17326103] = {['id']=17326103, ['name']="VanguardBeastt", ['index']=23, ['level']=75},
    [17326104] = {['id']=17326104, ['name']="Vanguard'sScor", ['index']=24, ['level']=75},
    [17326292] = {['id']=17326292, ['name']="Vanguard'sCrow", ['index']=212, ['level']=75},
    [17326100] = {['id']=17326100, ['name']="VanguardVindic", ['index']=20, ['level']=75},
    [17326105] = {['id']=17326105, ['name']="VanguardMinstr", ['index']=25, ['level']=76},
    [17326099] = {['id']=17326099, ['name']="VanguardVindic", ['index']=19, ['level']=76},
    [17326101] = {['id']=17326101, ['name']="VanguardProtec", ['index']=21, ['level']=76},
    [17326285] = {['id']=17326285, ['name']="VanguardVision", ['index']=205, ['level']=75},
    [17326287] = {['id']=17326287, ['name']="VanguardSentin", ['index']=207, ['level']=75},
    [17326353] = {['id']=17326353, ['name']="AvatarIdol", ['index']=273, ['level']=70},
    [17326289] = {['id']=17326289, ['name']="XaaChautheRo", ['index']=209, ['level']=80},
    [17326102] = {['id']=17326102, ['name']="VanguardProtec", ['index']=22, ['level']=77},
    [17326544] = {['id']=17326544, ['name']="HydraWhiteMag", ['index']=464, ['level']=82},
    [17326543] = {['id']=17326543, ['name']="HydraRanger", ['index']=463, ['level']=80},
    [17326546] = {['id']=17326546, ['name']="HydraPaladin", ['index']=466, ['level']=81},
    [17326549] = {['id']=17326549, ['name']="HydraDragoon", ['index']=469, ['level']=80},
    [17326548] = {['id']=17326548, ['name']="HydraPaladin", ['index']=468, ['level']=81},
    [17326108] = {['id']=17326108, ['name']="VanguardMilita", ['index']=28, ['level']=77},
    [17326110] = {['id']=17326110, ['name']="VanguardProtec", ['index']=30, ['level']=75},
    [17326111] = {['id']=17326111, ['name']="VanguardDrakek", ['index']=31, ['level']=75},
    [17326113] = {['id']=17326113, ['name']="VanguardMinstr", ['index']=33, ['level']=76},
    [17326107] = {['id']=17326107, ['name']="VanguardMilita", ['index']=27, ['level']=76},
    [17326109] = {['id']=17326109, ['name']="VanguardProtec", ['index']=29, ['level']=76},
    [17326115] = {['id']=17326115, ['name']="VanguardConsta", ['index']=35, ['level']=76},
    [17326556] = {['id']=17326556, ['name']="HydraSamurai", ['index']=476, ['level']=82},
    [17326558] = {['id']=17326558, ['name']="VanguardEye", ['index']=478, ['level']=70},
    [17326557] = {['id']=17326557, ['name']="HydraNinja", ['index']=477, ['level']=80},
    [17326551] = {['id']=17326551, ['name']="HydraDarkKnig", ['index']=471, ['level']=80},
    [17326470] = {['id']=17326470, ['name']="HydraMonk", ['index']=390, ['level']=81},
    [17326479] = {['id']=17326479, ['name']="HydraWhiteMag", ['index']=399, ['level']=82},
    [17326474] = {['id']=17326474, ['name']="HydraMonk", ['index']=394, ['level']=82},
    [17326476] = {['id']=17326476, ['name']="HydraRedMage", ['index']=396, ['level']=81},
    [17326469] = {['id']=17326469, ['name']="HydraWarrior", ['index']=389, ['level']=82},
    [17326477] = {['id']=17326477, ['name']="HydraThief", ['index']=397, ['level']=80},
    [17326475] = {['id']=17326475, ['name']="HydraBlackMag", ['index']=395, ['level']=82},
    [17326473] = {['id']=17326473, ['name']="VanguardEye", ['index']=393, ['level']=70},
    [17326480] = {['id']=17326480, ['name']="HydraPaladin", ['index']=400, ['level']=80},
    [17326481] = {['id']=17326481, ['name']="HydraDarkKnig", ['index']=401, ['level']=80},
    [17326472] = {['id']=17326472, ['name']="HydraRedMage", ['index']=392, ['level']=81},
    [17326482] = {['id']=17326482, ['name']="HydraBeastmast", ['index']=402, ['level']=80},
    [17326471] = {['id']=17326471, ['name']="HydraWhiteMag", ['index']=391, ['level']=82},
    [17326483] = {['id']=17326483, ['name']="Hydra'sHound", ['index']=403, ['level']=80},
    [17326487] = {['id']=17326487, ['name']="HydraSamurai", ['index']=407, ['level']=81},
    [17326486] = {['id']=17326486, ['name']="HydraRanger", ['index']=406, ['level']=81},
    [17326485] = {['id']=17326485, ['name']="HydraBard", ['index']=405, ['level']=81},
    [17326533] = {['id']=17326533, ['name']="HydraBard", ['index']=453, ['level']=81},
    [17326534] = {['id']=17326534, ['name']="HydraDarkKnig", ['index']=454, ['level']=82},
    [17326527] = {['id']=17326527, ['name']="HydraPaladin", ['index']=447, ['level']=82},
    [17326535] = {['id']=17326535, ['name']="HydraNinja", ['index']=455, ['level']=81},
    [17326530] = {['id']=17326530, ['name']="VanguardEye", ['index']=450, ['level']=70},
    [17326528] = {['id']=17326528, ['name']="HydraWhiteMag", ['index']=448, ['level']=80},
    [17326531] = {['id']=17326531, ['name']="HydraDragoon", ['index']=451, ['level']=82},
    [17326526] = {['id']=17326526, ['name']="HydraBard", ['index']=446, ['level']=82},
    [17326529] = {['id']=17326529, ['name']="HydraNinja", ['index']=449, ['level']=81},
    [17326523] = {['id']=17326523, ['name']="HydraRedMage", ['index']=443, ['level']=81},
    [17326522] = {['id']=17326522, ['name']="HydraWhiteMag", ['index']=442, ['level']=82},
    [17326520] = {['id']=17326520, ['name']="HydraPaladin", ['index']=440, ['level']=81},
    [17326515] = {['id']=17326515, ['name']="HydraMonk", ['index']=435, ['level']=81},
    [17326516] = {['id']=17326516, ['name']="HydraRanger", ['index']=436, ['level']=80},
    [17326519] = {['id']=17326519, ['name']="VanguardEye", ['index']=439, ['level']=70},
    [17326489] = {['id']=17326489, ['name']="HydraSamurai", ['index']=409, ['level']=81},
    [17326492] = {['id']=17326492, ['name']="HydraDragoon", ['index']=412, ['level']=81},
    [17326509] = {['id']=17326509, ['name']="HydraBeastmast", ['index']=429, ['level']=82},
    [17326510] = {['id']=17326510, ['name']="Hydra'sHound", ['index']=430, ['level']=80},
    [17326500] = {['id']=17326500, ['name']="Hydra'sAvatar", ['index']=420, ['level']=80},
    [17326498] = {['id']=17326498, ['name']="HydraNinja", ['index']=418, ['level']=80},
    [17326499] = {['id']=17326499, ['name']="HydraSummoner", ['index']=419, ['level']=82},
    [17326496] = {['id']=17326496, ['name']="HydraSamurai", ['index']=416, ['level']=81},
    [17326495] = {['id']=17326495, ['name']="HydraSamurai", ['index']=415, ['level']=82},
    [17326501] = {['id']=17326501, ['name']="VanguardEye", ['index']=421, ['level']=70},
    [17326518] = {['id']=17326518, ['name']="HydraRedMage", ['index']=438, ['level']=82},
    [17326512] = {['id']=17326512, ['name']="HydraWarrior", ['index']=432, ['level']=81},
    [17326087] = {['id']=17326087, ['name']="Quiebitiel", ['index']=7, ['level']=83},
    [17326502] = {['id']=17326502, ['name']="HydraWarrior", ['index']=422, ['level']=80},
    [17326503] = {['id']=17326503, ['name']="HydraDragoon", ['index']=423, ['level']=81},
    [17326505] = {['id']=17326505, ['name']="HydraSummoner", ['index']=425, ['level']=80},
    [17326506] = {['id']=17326506, ['name']="Hydra'sAvatar", ['index']=426, ['level']=80},
    [17326517] = {['id']=17326517, ['name']="HydraWhiteMag", ['index']=437, ['level']=80},
    [17326521] = {['id']=17326521, ['name']="HydraBlackMag", ['index']=441, ['level']=80},
    [17326524] = {['id']=17326524, ['name']="HydraThief", ['index']=444, ['level']=82},
    [17326555] = {['id']=17326555, ['name']="HydraThief", ['index']=475, ['level']=82},
    [17326554] = {['id']=17326554, ['name']="HydraDarkKnig", ['index']=474, ['level']=80},
    [17326324] = {['id']=17326324, ['name']="VanguardAssass", ['index']=244, ['level']=75},
    [17326119] = {['id']=17326119, ['name']="VanguardKusa", ['index']=39, ['level']=75},
    [17326124] = {['id']=17326124, ['name']="VanguardUndert", ['index']=44, ['level']=76},
    [17326125] = {['id']=17326125, ['name']="Vanguard'sAvat", ['index']=45, ['level']=75},
    [17326123] = {['id']=17326123, ['name']="VanguardMason", ['index']=43, ['level']=76},
    [17326126] = {['id']=17326126, ['name']="Ji'FhuInfiltra", ['index']=46, ['level']=80},
    [17326122] = {['id']=17326122, ['name']="VanguardMason", ['index']=42, ['level']=76},
    [17326128] = {['id']=17326128, ['name']="VanguardProtec", ['index']=48, ['level']=76},
    [17326155] = {['id']=17326155, ['name']="VanguardProtec", ['index']=75, ['level']=77},
    [17326136] = {['id']=17326136, ['name']="VanguardMilita", ['index']=56, ['level']=77},
    [17326153] = {['id']=17326153, ['name']="VanguardThauma", ['index']=73, ['level']=77},
    [17326154] = {['id']=17326154, ['name']="VanguardThauma", ['index']=74, ['level']=76},
    [17326129] = {['id']=17326129, ['name']="VanguardPurloi", ['index']=49, ['level']=77},
    [17326130] = {['id']=17326130, ['name']="VanguardVigila", ['index']=50, ['level']=76},
    [17326127] = {['id']=17326127, ['name']="VanguardMilita", ['index']=47, ['level']=77},
    [17326131] = {['id']=17326131, ['name']="VanguardVindic", ['index']=51, ['level']=75},
    [17326132] = {['id']=17326132, ['name']="VanguardVindic", ['index']=52, ['level']=76},
    [17326133] = {['id']=17326133, ['name']="VanguardMilita", ['index']=53, ['level']=76},
    [17326134] = {['id']=17326134, ['name']="VanguardConsta", ['index']=54, ['level']=75},
    [17326137] = {['id']=17326137, ['name']="VanguardPurloi", ['index']=57, ['level']=77},
    [17326138] = {['id']=17326138, ['name']="VanguardDefend", ['index']=58, ['level']=76},
    [17326139] = {['id']=17326139, ['name']="VanguardVigila", ['index']=59, ['level']=75},
    [17326140] = {['id']=17326140, ['name']="VanguardVigila", ['index']=60, ['level']=77},
    [17326141] = {['id']=17326141, ['name']="VanguardConsta", ['index']=61, ['level']=77},
    [17326142] = {['id']=17326142, ['name']="VanguardConsta", ['index']=62, ['level']=76},
    [17326143] = {['id']=17326143, ['name']="VanguardBeastt", ['index']=63, ['level']=76},
    [17326144] = {['id']=17326144, ['name']="Vanguard'sScor", ['index']=64, ['level']=75},
    [17326146] = {['id']=17326146, ['name']="VanguardUndert", ['index']=66, ['level']=76},
    [17326147] = {['id']=17326147, ['name']="Vanguard'sAvat", ['index']=67, ['level']=75},
    [17326148] = {['id']=17326148, ['name']="VanguardVindic", ['index']=68, ['level']=77},
    [17326149] = {['id']=17326149, ['name']="VanguardVindic", ['index']=69, ['level']=76},
    [17326150] = {['id']=17326150, ['name']="VanguardMinstr", ['index']=70, ['level']=76},
    [17326164] = {['id']=17326164, ['name']="VanguardThauma", ['index']=84, ['level']=77},
    [17326183] = {['id']=17326183, ['name']="VanguardMason", ['index']=103, ['level']=75},
    [17326165] = {['id']=17326165, ['name']="VanguardVigila", ['index']=85, ['level']=77},
    [17326166] = {['id']=17326166, ['name']="VanguardMilita", ['index']=86, ['level']=75},
    [17326167] = {['id']=17326167, ['name']="VanguardMilita", ['index']=87, ['level']=77},
    [17326169] = {['id']=17326169, ['name']="VanguardVindic", ['index']=89, ['level']=76},
    [17326170] = {['id']=17326170, ['name']="VanguardConsta", ['index']=90, ['level']=76},
    [17326171] = {['id']=17326171, ['name']="VanguardDefend", ['index']=91, ['level']=75},
    [17326172] = {['id']=17326172, ['name']="VanguardDefend", ['index']=92, ['level']=77},
    [17326174] = {['id']=17326174, ['name']="VanguardPurloi", ['index']=94, ['level']=77},
    [17326175] = {['id']=17326175, ['name']="VanguardPurloi", ['index']=95, ['level']=75},
    [17326176] = {['id']=17326176, ['name']="VanguardMinstr", ['index']=96, ['level']=75},
    [17326179] = {['id']=17326179, ['name']="So'GhoAdderhan", ['index']=99, ['level']=81},
    [17326180] = {['id']=17326180, ['name']="Vanguard'sScor", ['index']=100, ['level']=81},
    [17326204] = {['id']=17326204, ['name']="AdamantkingEff", ['index']=124, ['level']=70},
    [17326205] = {['id']=17326205, ['name']="AdamantkingEff", ['index']=125, ['level']=70},
    [17326207] = {['id']=17326207, ['name']="AdamantkingIma", ['index']=127, ['level']=70},
    [17326182] = {['id']=17326182, ['name']="VanguardHatamo", ['index']=102, ['level']=77},
    [17326181] = {['id']=17326181, ['name']="VanguardVigila", ['index']=101, ['level']=75},
    [17326189] = {['id']=17326189, ['name']="VanguardHatamo", ['index']=109, ['level']=76},
    [17326187] = {['id']=17326187, ['name']="VanguardThauma", ['index']=107, ['level']=76},
    [17326184] = {['id']=17326184, ['name']="VanguardMason", ['index']=104, ['level']=75},
    [17326192] = {['id']=17326192, ['name']="VanguardMilita", ['index']=112, ['level']=76},
    [17326188] = {['id']=17326188, ['name']="VanguardHatamo", ['index']=108, ['level']=76},
    [17326186] = {['id']=17326186, ['name']="VanguardConsta", ['index']=106, ['level']=76},
    [17326195] = {['id']=17326195, ['name']="Mi'RheWhisperb", ['index']=115, ['level']=80},
    [17326191] = {['id']=17326191, ['name']="VanguardProtec", ['index']=111, ['level']=75},
    [17326196] = {['id']=17326196, ['name']="VanguardThauma", ['index']=116, ['level']=75},
    [17326202] = {['id']=17326202, ['name']="Vanguard'sAvat", ['index']=122, ['level']=80},
    [17326198] = {['id']=17326198, ['name']="VanguardThauma", ['index']=118, ['level']=77},
    [17326197] = {['id']=17326197, ['name']="VanguardThauma", ['index']=117, ['level']=77},
    [17326201] = {['id']=17326201, ['name']="Be'ZheKeepraze", ['index']=121, ['level']=80},
    [17326193] = {['id']=17326193, ['name']="VanguardKusa", ['index']=113, ['level']=76},
    [17326159] = {['id']=17326159, ['name']="VanguardHatamo", ['index']=79, ['level']=76},
    [17326220] = {['id']=17326220, ['name']="VanguardGutsla", ['index']=140, ['level']=75},
    [17326208] = {['id']=17326208, ['name']="VanguardTroope", ['index']=128, ['level']=75},
    [17326209] = {['id']=17326209, ['name']="VanguardNeckch", ['index']=129, ['level']=75},
    [17326221] = {['id']=17326221, ['name']="VanguardAmputa", ['index']=141, ['level']=77},
    [17326210] = {['id']=17326210, ['name']="VanguardFootso", ['index']=130, ['level']=77},
    [17326224] = {['id']=17326224, ['name']="VanguardBackst", ['index']=144, ['level']=76},
    [17326219] = {['id']=17326219, ['name']="VanguardFootso", ['index']=139, ['level']=75},
    [17326211] = {['id']=17326211, ['name']="VanguardFootso", ['index']=131, ['level']=75},
    [17326222] = {['id']=17326222, ['name']="VanguardAmputa", ['index']=142, ['level']=77},
    [17326227] = {['id']=17326227, ['name']="VanguardPredat", ['index']=147, ['level']=75},
    [17326228] = {['id']=17326228, ['name']="VanguardPredat", ['index']=148, ['level']=77},
    [17326225] = {['id']=17326225, ['name']="VanguardImpale", ['index']=145, ['level']=76},
    [17326241] = {['id']=17326241, ['name']="VanguardPillag", ['index']=161, ['level']=76},
    [17326230] = {['id']=17326230, ['name']="VanguardGrappl", ['index']=150, ['level']=76},
    [17326236] = {['id']=17326236, ['name']="VanguardVexer", ['index']=156, ['level']=75},
    [17326240] = {['id']=17326240, ['name']="Vanguard'sHect", ['index']=160, ['level']=75},
    [17326235] = {['id']=17326235, ['name']="VanguardVexer", ['index']=155, ['level']=75},
    [17326239] = {['id']=17326239, ['name']="VanguardHawker", ['index']=159, ['level']=75},
    [17326231] = {['id']=17326231, ['name']="VanguardDollma", ['index']=151, ['level']=77},
    [17326232] = {['id']=17326232, ['name']="Vanguard'sAvat", ['index']=152, ['level']=75},
    [17326238] = {['id']=17326238, ['name']="VanguardMesmer", ['index']=158, ['level']=76},
    [17326242] = {['id']=17326242, ['name']="VanguardPillag", ['index']=162, ['level']=77},
    [17326244] = {['id']=17326244, ['name']="VanguardPillag", ['index']=164, ['level']=75},
    [17326246] = {['id']=17326246, ['name']="VanguardTroope", ['index']=166, ['level']=75},
    [17326247] = {['id']=17326247, ['name']="VanguardTroope", ['index']=167, ['level']=76},
    [17326245] = {['id']=17326245, ['name']="VanguardPredat", ['index']=165, ['level']=75},
    [17326277] = {['id']=17326277, ['name']="SerjeantTombst", ['index']=197, ['level']=70},
    [17326254] = {['id']=17326254, ['name']="VanguardGutsla", ['index']=174, ['level']=77},
    [17326250] = {['id']=17326250, ['name']="VanguardFootso", ['index']=170, ['level']=76},
    [17326257] = {['id']=17326257, ['name']="VanguardNeckch", ['index']=177, ['level']=75},
    [17326252] = {['id']=17326252, ['name']="VanguardDollma", ['index']=172, ['level']=76},
    [17326256] = {['id']=17326256, ['name']="VanguardNeckch", ['index']=176, ['level']=77},
    [17326253] = {['id']=17326253, ['name']="Vanguard'sAvat", ['index']=173, ['level']=75},
    [17326275] = {['id']=17326275, ['name']="SerjeantTombst", ['index']=195, ['level']=70},
    [17326249] = {['id']=17326249, ['name']="VanguardNeckch", ['index']=169, ['level']=75},
    [17326251] = {['id']=17326251, ['name']="VanguardBugler", ['index']=171, ['level']=77},
    [17326568] = {['id']=17326568, ['name']="HydraMonk", ['index']=488, ['level']=80},
    [17326571] = {['id']=17326571, ['name']="HydraMonk", ['index']=491, ['level']=82},
    [17326566] = {['id']=17326566, ['name']="HydraSamurai", ['index']=486, ['level']=80},
    [17326567] = {['id']=17326567, ['name']="HydraNinja", ['index']=487, ['level']=81},
    [17326560] = {['id']=17326560, ['name']="HydraWhiteMag", ['index']=480, ['level']=81},
    [17326559] = {['id']=17326559, ['name']="HydraWarrior", ['index']=479, ['level']=81},
    [17326572] = {['id']=17326572, ['name']="VanguardEye", ['index']=492, ['level']=70},
    [17326573] = {['id']=17326573, ['name']="HydraWhiteMag", ['index']=493, ['level']=82},
    [17326578] = {['id']=17326578, ['name']="HydraRedMage", ['index']=498, ['level']=80},
    [17326574] = {['id']=17326574, ['name']="HydraBlackMag", ['index']=494, ['level']=80},
    [17326575] = {['id']=17326575, ['name']="HydraRedMage", ['index']=495, ['level']=81},
    [17326259] = {['id']=17326259, ['name']="VanguardAmputa", ['index']=179, ['level']=76},
    [17326264] = {['id']=17326264, ['name']="Vanguard'sHect", ['index']=184, ['level']=75},
    [17326260] = {['id']=17326260, ['name']="VanguardMesmer", ['index']=180, ['level']=76},
    [17326263] = {['id']=17326263, ['name']="VanguardHawker", ['index']=183, ['level']=76},
    [17326262] = {['id']=17326262, ['name']="TaruroasterBig", ['index']=182, ['level']=80},
    [17326279] = {['id']=17326279, ['name']="WarchiefTombst", ['index']=199, ['level']=70},
    [17326267] = {['id']=17326267, ['name']="VanguardBugler", ['index']=187, ['level']=75},
    [17326268] = {['id']=17326268, ['name']="VanguardBugler", ['index']=188, ['level']=77},
    [17326270] = {['id']=17326270, ['name']="UltrasonicZekn", ['index']=190, ['level']=81},
    [17326273] = {['id']=17326273, ['name']="DrakefeastWubm", ['index']=193, ['level']=81},
    [17326538] = {['id']=17326538, ['name']="HydraWarrior", ['index']=458, ['level']=81},
    [17326552] = {['id']=17326552, ['name']="HydraRanger", ['index']=472, ['level']=80},
