    [17244251] = {['id']=17244251, ['name']="GiantSpider", ['index']=91, ['level']=30},
    [17244257] = {['id']=17244257, ['name']="SandBeetle", ['index']=97, ['level']=37},
    [17244260] = {['id']=17244260, ['name']="DesertDhalmel", ['index']=100, ['level']=42},
    [17244261] = {['id']=17244261, ['name']="EarthElemental", ['index']=101, ['level']=48},
    [17244266] = {['id']=17244266, ['name']="DesertDhalmel", ['index']=106, ['level']=44},
    [17244254] = {['id']=17244254, ['name']="DesertDhalmel", ['index']=94, ['level']=43},
    [17244252] = {['id']=17244252, ['name']="SandBeetle", ['index']=92, ['level']=38},
    [17244253] = {['id']=17244253, ['name']="DesertDhalmel", ['index']=93, ['level']=44},
    [17244256] = {['id']=17244256, ['name']="GiantSpider", ['index']=96, ['level']=30},
    [17244265] = {['id']=17244265, ['name']="DesertDhalmel", ['index']=105, ['level']=39},
    [17244263] = {['id']=17244263, ['name']="SandBeetle", ['index']=103, ['level']=39},
    [17244264] = {['id']=17244264, ['name']="SandBeetle", ['index']=104, ['level']=40},
    [17244262] = {['id']=17244262, ['name']="GiantSpider", ['index']=102, ['level']=34},
    [17244259] = {['id']=17244259, ['name']="DesertDhalmel", ['index']=99, ['level']=44},
    [17244258] = {['id']=17244258, ['name']="SandBeetle", ['index']=98, ['level']=36},
    [17244270] = {['id']=17244270, ['name']="SandBeetle", ['index']=110, ['level']=40},
    [17244271] = {['id']=17244271, ['name']="SandBeetle", ['index']=111, ['level']=36},
    [17244280] = {['id']=17244280, ['name']="EarthElemental", ['index']=120, ['level']=48},
    [17244278] = {['id']=17244278, ['name']="DesertDhalmel", ['index']=118, ['level']=39},
    [17244272] = {['id']=17244272, ['name']="AnticanFaber", ['index']=112, ['level']=38},
    [17244275] = {['id']=17244275, ['name']="GiantSpider", ['index']=115, ['level']=31},
    [17244277] = {['id']=17244277, ['name']="SandBeetle", ['index']=117, ['level']=36},
    [17244279] = {['id']=17244279, ['name']="DesertDhalmel", ['index']=119, ['level']=44},
    [17244276] = {['id']=17244276, ['name']="SandBeetle", ['index']=116, ['level']=39},
    [17244273] = {['id']=17244273, ['name']="AnticanFaber", ['index']=113, ['level']=36},
    [17244274] = {['id']=17244274, ['name']="DesertDhalmel", ['index']=114, ['level']=42},
    [17244269] = {['id']=17244269, ['name']="GiantSpider", ['index']=109, ['level']=32},
    [17244517] = {['id']=17244517, ['name']="FleshEater", ['index']=357, ['level']=42},
    [17244518] = {['id']=17244518, ['name']="DoomScorpion", ['index']=358, ['level']=47},
    [17244292] = {['id']=17244292, ['name']="AnticanDecurio", ['index']=132, ['level']=44},
    [17244287] = {['id']=17244287, ['name']="Sabotender", ['index']=127, ['level']=46},
    [17244281] = {['id']=17244281, ['name']="GiantSpider", ['index']=121, ['level']=33},
    [17244291] = {['id']=17244291, ['name']="AnticanFundito", ['index']=131, ['level']=39},
    [17244295] = {['id']=17244295, ['name']="AnticanFaber", ['index']=135, ['level']=35},
    [17244420] = {['id']=17244420, ['name']="GiantSpider", ['index']=260, ['level']=30},
    [17244422] = {['id']=17244422, ['name']="AnticanDecurio", ['index']=262, ['level']=44},
    [17244653] = {['id']=17244653, ['name']="Eulaclaire", ['index']=493, ['level']=0},
    [17244654] = {['id']=17244654, ['name']="", ['index']=494, ['level']=0},
    [17244658] = {['id']=17244658, ['name']="FieldManual", ['index']=498, ['level']=0},
    [17244655] = {['id']=17244655, ['name']="Lokpix", ['index']=495, ['level']=0},
    [17244294] = {['id']=17244294, ['name']="FleshEater", ['index']=134, ['level']=39},
    [17244423] = {['id']=17244423, ['name']="AnticanDecurio", ['index']=263, ['level']=46},
    [17244296] = {['id']=17244296, ['name']="AnticanFundito", ['index']=136, ['level']=36},
    [17244297] = {['id']=17244297, ['name']="AnticanDecurio", ['index']=137, ['level']=48},
    [17244288] = {['id']=17244288, ['name']="GiantSpider", ['index']=128, ['level']=32},
    [17244289] = {['id']=17244289, ['name']="SandBeetle", ['index']=129, ['level']=37},
    [17244290] = {['id']=17244290, ['name']="SandBeetle", ['index']=130, ['level']=40},
    [17244293] = {['id']=17244293, ['name']="AnticanDecurio", ['index']=133, ['level']=47},
    [17244437] = {['id']=17244437, ['name']="SandBeetle", ['index']=277, ['level']=40},
    [17244432] = {['id']=17244432, ['name']="DesertDhalmel", ['index']=272, ['level']=44},
    [17244446] = {['id']=17244446, ['name']="AnticanDecurio", ['index']=286, ['level']=45},
    [17244444] = {['id']=17244444, ['name']="SandBeetle", ['index']=284, ['level']=37},
    [17244431] = {['id']=17244431, ['name']="AnticanDecurio", ['index']=271, ['level']=44},
    [17244434] = {['id']=17244434, ['name']="FleshEater", ['index']=274, ['level']=38},
    [17244429] = {['id']=17244429, ['name']="SandBeetle", ['index']=269, ['level']=40},
    [17244428] = {['id']=17244428, ['name']="GiantSpider", ['index']=268, ['level']=34},
    [17244430] = {['id']=17244430, ['name']="AnticanDecurio", ['index']=270, ['level']=45},
    [17244433] = {['id']=17244433, ['name']="FleshEater", ['index']=273, ['level']=37},
    [17244426] = {['id']=17244426, ['name']="FleshEater", ['index']=266, ['level']=40},
    [17244425] = {['id']=17244425, ['name']="FleshEater", ['index']=265, ['level']=38},
    [17244424] = {['id']=17244424, ['name']="DesertDhalmel", ['index']=264, ['level']=43},
    [17244421] = {['id']=17244421, ['name']="SandBeetle", ['index']=261, ['level']=37},
    [17244283] = {['id']=17244283, ['name']="SandBeetle", ['index']=123, ['level']=38},
    [17244282] = {['id']=17244282, ['name']="GiantSpider", ['index']=122, ['level']=33},
    [17244286] = {['id']=17244286, ['name']="FleshEater", ['index']=126, ['level']=39},
    [17244416] = {['id']=17244416, ['name']="AnticanDecurio", ['index']=256, ['level']=44},
    [17244515] = {['id']=17244515, ['name']="FleshEater", ['index']=355, ['level']=42},
    [17244284] = {['id']=17244284, ['name']="SandBeetle", ['index']=124, ['level']=37},
    [17244516] = {['id']=17244516, ['name']="DoomScorpion", ['index']=356, ['level']=44},
    [17244285] = {['id']=17244285, ['name']="AnticanDecurio", ['index']=125, ['level']=45},
    [17244302] = {['id']=17244302, ['name']="FleshEater", ['index']=142, ['level']=38},
    [17244300] = {['id']=17244300, ['name']="AnticanDecurio", ['index']=140, ['level']=47},
    [17244303] = {['id']=17244303, ['name']="FleshEater", ['index']=143, ['level']=41},
    [17244299] = {['id']=17244299, ['name']="SandBeetle", ['index']=139, ['level']=37},
    [17244298] = {['id']=17244298, ['name']="GiantSpider", ['index']=138, ['level']=32},
    [17244220] = {['id']=17244220, ['name']="GiantSpider", ['index']=60, ['level']=31},
    [17244221] = {['id']=17244221, ['name']="GiantSpider", ['index']=61, ['level']=34},
    [17244222] = {['id']=17244222, ['name']="SandBeetle", ['index']=62, ['level']=37},
    [17244539] = {['id']=17244539, ['name']="CactrotRapido", ['index']=379, ['level']=81},
    [17244196] = {['id']=17244196, ['name']="GiantSpider", ['index']=36, ['level']=31},
    [17244195] = {['id']=17244195, ['name']="GiantSpider", ['index']=35, ['level']=32},
    [17244197] = {['id']=17244197, ['name']="SandBeetle", ['index']=37, ['level']=37},
    [17244198] = {['id']=17244198, ['name']="DesertDhalmel", ['index']=38, ['level']=41},
    [17244514] = {['id']=17244514, ['name']="DoomScorpion", ['index']=354, ['level']=46},
    [17244171] = {['id']=17244171, ['name']="GiantSpider", ['index']=11, ['level']=31},
    [17244173] = {['id']=17244173, ['name']="DesertDhalmel", ['index']=13, ['level']=43},
    [17244170] = {['id']=17244170, ['name']="GiantSpider", ['index']=10, ['level']=30},
    [17244172] = {['id']=17244172, ['name']="SandBeetle", ['index']=12, ['level']=38},
    [17244175] = {['id']=17244175, ['name']="SandBeetle", ['index']=15, ['level']=40},
    [17244177] = {['id']=17244177, ['name']="AnticanAuxilia", ['index']=17, ['level']=38},
    [17244174] = {['id']=17244174, ['name']="GiantSpider", ['index']=14, ['level']=30},
    [17244178] = {['id']=17244178, ['name']="AnticanAuxilia", ['index']=18, ['level']=35},
    [17244176] = {['id']=17244176, ['name']="SandBeetle", ['index']=16, ['level']=36},
    [17244194] = {['id']=17244194, ['name']="AnticanAuxilia", ['index']=34, ['level']=38},
    [17244191] = {['id']=17244191, ['name']="SandBeetle", ['index']=31, ['level']=40},
    [17244193] = {['id']=17244193, ['name']="AnticanAuxilia", ['index']=33, ['level']=39},
    [17244192] = {['id']=17244192, ['name']="SandBeetle", ['index']=32, ['level']=40},
    [17244180] = {['id']=17244180, ['name']="SandBeetle", ['index']=20, ['level']=37},
    [17244179] = {['id']=17244179, ['name']="GiantSpider", ['index']=19, ['level']=33},
    [17244182] = {['id']=17244182, ['name']="AnticanAuxilia", ['index']=22, ['level']=36},
    [17244183] = {['id']=17244183, ['name']="AnticanAuxilia", ['index']=23, ['level']=37},
    [17244187] = {['id']=17244187, ['name']="GiantSpider", ['index']=27, ['level']=31},
    [17244188] = {['id']=17244188, ['name']="SandBeetle", ['index']=28, ['level']=40},
    [17244189] = {['id']=17244189, ['name']="AnticanAuxilia", ['index']=29, ['level']=36},
    [17244190] = {['id']=17244190, ['name']="Diatryma", ['index']=30, ['level']=48},
    [17244181] = {['id']=17244181, ['name']="SandBeetle", ['index']=21, ['level']=38},
    [17244186] = {['id']=17244186, ['name']="AnticanAuxilia", ['index']=26, ['level']=38},
    [17244185] = {['id']=17244185, ['name']="SandBeetle", ['index']=25, ['level']=36},
    [17244184] = {['id']=17244184, ['name']="GiantSpider", ['index']=24, ['level']=30},
    [17244224] = {['id']=17244224, ['name']="GiantSpider", ['index']=64, ['level']=33},
    [17244226] = {['id']=17244226, ['name']="SandBeetle", ['index']=66, ['level']=39},
    [17244298] = {['id']=17244298, ['name']="GiantSpider", ['index']=138, ['level']=32},
    [17244299] = {['id']=17244299, ['name']="SandBeetle", ['index']=139, ['level']=37},
    [17244302] = {['id']=17244302, ['name']="FleshEater", ['index']=142, ['level']=38},
    [17244303] = {['id']=17244303, ['name']="FleshEater", ['index']=143, ['level']=41},
    [17244307] = {['id']=17244307, ['name']="SandBeetle", ['index']=147, ['level']=37},
    [17244308] = {['id']=17244308, ['name']="AnticanFaber", ['index']=148, ['level']=35},
    [17244312] = {['id']=17244312, ['name']="Sabotender", ['index']=152, ['level']=42},
    [17244314] = {['id']=17244314, ['name']="AnticanFaber", ['index']=154, ['level']=37},
    [17244315] = {['id']=17244315, ['name']="AnticanDecurio", ['index']=155, ['level']=48},
    [17244316] = {['id']=17244316, ['name']="AnticanDecurio", ['index']=156, ['level']=47},
    [17244317] = {['id']=17244317, ['name']="FleshEater", ['index']=157, ['level']=41},
    [17244321] = {['id']=17244321, ['name']="AnticanCenturi", ['index']=161, ['level']=50},
    [17244416] = {['id']=17244416, ['name']="AnticanDecurio", ['index']=256, ['level']=44},
    [17244323] = {['id']=17244323, ['name']="SandBeetle", ['index']=163, ['level']=36},
    [17244320] = {['id']=17244320, ['name']="AnticanVeles", ['index']=160, ['level']=51},
    [17244322] = {['id']=17244322, ['name']="AnticanCenturi", ['index']=162, ['level']=51},
    [17244319] = {['id']=17244319, ['name']="AnticanVeles", ['index']=159, ['level']=52},
    [17244318] = {['id']=17244318, ['name']="AnticanVeles", ['index']=158, ['level']=50},
    [17244324] = {['id']=17244324, ['name']="AnticanCenturi", ['index']=164, ['level']=52},
    [17244325] = {['id']=17244325, ['name']="GiantSpider", ['index']=165, ['level']=34},
    [17244313] = {['id']=17244313, ['name']="SandBeetle", ['index']=153, ['level']=37},
    [17244326] = {['id']=17244326, ['name']="SandBeetle", ['index']=166, ['level']=37},
    [17244328] = {['id']=17244328, ['name']="AnticanFundito", ['index']=168, ['level']=37},
    [17244388] = {['id']=17244388, ['name']="SandBeetle", ['index']=228, ['level']=40},
    [17244393] = {['id']=17244393, ['name']="LostSoul", ['index']=233, ['level']=46},
    [17244392] = {['id']=17244392, ['name']="LostSoul", ['index']=232, ['level']=47},
    [17244327] = {['id']=17244327, ['name']="SandBeetle", ['index']=167, ['level']=36},
    [17244229] = {['id']=17244229, ['name']="FleshEater", ['index']=69, ['level']=38},
    [17244195] = {['id']=17244195, ['name']="GiantSpider", ['index']=35, ['level']=32},
    [17244306] = {['id']=17244306, ['name']="SandBeetle", ['index']=146, ['level']=37},
    [17244309] = {['id']=17244309, ['name']="AnticanFundito", ['index']=149, ['level']=37},
    [17244311] = {['id']=17244311, ['name']="FleshEater", ['index']=151, ['level']=39},
    [17244225] = {['id']=17244225, ['name']="GiantSpider", ['index']=65, ['level']=32},
    [17244222] = {['id']=17244222, ['name']="SandBeetle", ['index']=62, ['level']=37},
    [17244281] = {['id']=17244281, ['name']="GiantSpider", ['index']=121, ['level']=33},
    [17244285] = {['id']=17244285, ['name']="AnticanDecurio", ['index']=125, ['level']=45},
    [17244287] = {['id']=17244287, ['name']="Sabotender", ['index']=127, ['level']=46},
    [17244300] = {['id']=17244300, ['name']="AnticanDecurio", ['index']=140, ['level']=47},
    [17244310] = {['id']=17244310, ['name']="AnticanDecurio", ['index']=150, ['level']=45},
    [17244304] = {['id']=17244304, ['name']="Sabotender", ['index']=144, ['level']=44},
    [17244282] = {['id']=17244282, ['name']="GiantSpider", ['index']=122, ['level']=33},
    [17244290] = {['id']=17244290, ['name']="SandBeetle", ['index']=130, ['level']=40},
    [17244515] = {['id']=17244515, ['name']="FleshEater", ['index']=355, ['level']=42},
    [17244516] = {['id']=17244516, ['name']="DoomScorpion", ['index']=356, ['level']=44},
    [17244301] = {['id']=17244301, ['name']="AnticanDecurio", ['index']=141, ['level']=47},
    [17244415] = {['id']=17244415, ['name']="SandBeetle", ['index']=255, ['level']=38},
    [17244412] = {['id']=17244412, ['name']="EarthElemental", ['index']=252, ['level']=47},
    [17244408] = {['id']=17244408, ['name']="SandBeetle", ['index']=248, ['level']=40},
    [17244410] = {['id']=17244410, ['name']="FleshEater", ['index']=250, ['level']=38},
    [17244283] = {['id']=17244283, ['name']="SandBeetle", ['index']=123, ['level']=38},
    [17244284] = {['id']=17244284, ['name']="SandBeetle", ['index']=124, ['level']=37},
    [17244286] = {['id']=17244286, ['name']="FleshEater", ['index']=126, ['level']=39},
    [17244296] = {['id']=17244296, ['name']="AnticanFundito", ['index']=136, ['level']=36},
    [17244297] = {['id']=17244297, ['name']="AnticanDecurio", ['index']=137, ['level']=48},
    [17244407] = {['id']=17244407, ['name']="SandBeetle", ['index']=247, ['level']=39},
    [17244437] = {['id']=17244437, ['name']="SandBeetle", ['index']=277, ['level']=40},
    [17244539] = {['id']=17244539, ['name']="CactrotRapido", ['index']=379, ['level']=81},
    [17244655] = {['id']=17244655, ['name']="Lokpix", ['index']=495, ['level']=0},
    [17244519] = {['id']=17244519, ['name']="FleshEater", ['index']=359, ['level']=40},
    [17244400] = {['id']=17244400, ['name']="FleshEater", ['index']=240, ['level']=41},
    [17244401] = {['id']=17244401, ['name']="FleshEater", ['index']=241, ['level']=37},
    [17244406] = {['id']=17244406, ['name']="GiantSpider", ['index']=246, ['level']=33},
    [17244520] = {['id']=17244520, ['name']="DoomScorpion", ['index']=360, ['level']=47},
    [17244396] = {['id']=17244396, ['name']="DuneWidow", ['index']=236, ['level']=47},
    [17244409] = {['id']=17244409, ['name']="FleshEater", ['index']=249, ['level']=38},
    [17244402] = {['id']=17244402, ['name']="LostSoul", ['index']=242, ['level']=48},
    [17244399] = {['id']=17244399, ['name']="SandBeetle", ['index']=239, ['level']=36},
    [17244391] = {['id']=17244391, ['name']="FleshEater", ['index']=231, ['level']=41},
    [17244398] = {['id']=17244398, ['name']="SandBeetle", ['index']=238, ['level']=37},
    [17244404] = {['id']=17244404, ['name']="Sabotender", ['index']=244, ['level']=44},
    [17244403] = {['id']=17244403, ['name']="LostSoul", ['index']=243, ['level']=46},
    [17244463] = {['id']=17244463, ['name']="LesserManticor", ['index']=303, ['level']=47},
    [17244460] = {['id']=17244460, ['name']="LostSoul", ['index']=300, ['level']=46},
    [17244459] = {['id']=17244459, ['name']="DesertDhalmel", ['index']=299, ['level']=43},
    [17244461] = {['id']=17244461, ['name']="Sabotender", ['index']=301, ['level']=43},
    [17244475] = {['id']=17244475, ['name']="LostSoul", ['index']=315, ['level']=48},
    [17244456] = {['id']=17244456, ['name']="Goblin\'sSpider", ['index']=296, ['level']=39},
    [17244455] = {['id']=17244455, ['name']="GoblinTrader", ['index']=295, ['level']=48},
    [17244470] = {['id']=17244470, ['name']="LesserManticor", ['index']=310, ['level']=48},
    [17244467] = {['id']=17244467, ['name']="DesertDhalmel", ['index']=307, ['level']=41},
    [17244521] = {['id']=17244521, ['name']="DoomScorpion", ['index']=361, ['level']=47},
    [17244472] = {['id']=17244472, ['name']="GoblinReaper", ['index']=312, ['level']=46},
    [17244465] = {['id']=17244465, ['name']="GoblinTrader", ['index']=305, ['level']=49},
    [17244477] = {['id']=17244477, ['name']="LostSoul", ['index']=317, ['level']=47},
    [17244466] = {['id']=17244466, ['name']="Goblin\'sSpider", ['index']=306, ['level']=40},
    [17244468] = {['id']=17244468, ['name']="LostSoul", ['index']=308, ['level']=47},
    [17244469] = {['id']=17244469, ['name']="LesserManticor", ['index']=309, ['level']=49},
    [17244471] = {['id']=17244471, ['name']="Nandi", ['index']=311, ['level']=48},
    [17244464] = {['id']=17244464, ['name']="GoblinReaper", ['index']=304, ['level']=49},
    [17244449] = {['id']=17244449, ['name']="GoblinReaper", ['index']=289, ['level']=46},
    [17244453] = {['id']=17244453, ['name']="LesserManticor", ['index']=293, ['level']=49},
    [17244452] = {['id']=17244452, ['name']="DesertDhalmel", ['index']=292, ['level']=44},
    [17244432] = {['id']=17244432, ['name']="DesertDhalmel", ['index']=272, ['level']=44},
    [17244434] = {['id']=17244434, ['name']="FleshEater", ['index']=274, ['level']=38},
    [17244444] = {['id']=17244444, ['name']="SandBeetle", ['index']=284, ['level']=37},
    [17244446] = {['id']=17244446, ['name']="AnticanDecurio", ['index']=286, ['level']=45},
    [17244450] = {['id']=17244450, ['name']="GoblinTrader", ['index']=290, ['level']=46},
    [17244451] = {['id']=17244451, ['name']="Goblin\'sSpider", ['index']=291, ['level']=40},
    [17244473] = {['id']=17244473, ['name']="GoblinReaper", ['index']=313, ['level']=47},
    [17244500] = {['id']=17244500, ['name']="GoblinRobber", ['index']=340, ['level']=46},
    [17244504] = {['id']=17244504, ['name']="LesserManticor", ['index']=344, ['level']=47},
    [17244502] = {['id']=17244502, ['name']="LostSoul", ['index']=342, ['level']=44},
    [17244501] = {['id']=17244501, ['name']="DesertDhalmel", ['index']=341, ['level']=42},
    [17244489] = {['id']=17244489, ['name']="GoblinPoacher", ['index']=329, ['level']=47},
    [17244498] = {['id']=17244498, ['name']="GoblinTrader", ['index']=338, ['level']=47},
    [17244499] = {['id']=17244499, ['name']="Goblin\'sSpider", ['index']=339, ['level']=39},
    [17244505] = {['id']=17244505, ['name']="GoblinPoacher", ['index']=345, ['level']=49},
    [17244506] = {['id']=17244506, ['name']="GoblinReaper", ['index']=346, ['level']=47},
    [17244507] = {['id']=17244507, ['name']="DesertDhalmel", ['index']=347, ['level']=39},
    [17244508] = {['id']=17244508, ['name']="LostSoul", ['index']=348, ['level']=45},
    [17244511] = {['id']=17244511, ['name']="DesertDhalmel", ['index']=351, ['level']=42},
    [17244657] = {['id']=17244657, ['name']="FieldManual", ['index']=497, ['level']=0},
    [17244668] = {['id']=17244668, ['name']="SurvivalGuide", ['index']=508, ['level']=0},
    [17244491] = {['id']=17244491, ['name']="GoblinRobber", ['index']=331, ['level']=46},
    [17244494] = {['id']=17244494, ['name']="GoblinReaper", ['index']=334, ['level']=48},
    [17244492] = {['id']=17244492, ['name']="GoblinRobber", ['index']=332, ['level']=49},
    [17244490] = {['id']=17244490, ['name']="GoblinPoacher", ['index']=330, ['level']=46},
    [17244496] = {['id']=17244496, ['name']="GoblinPoacher", ['index']=336, ['level']=46},
    [17244495] = {['id']=17244495, ['name']="GoblinRobber", ['index']=335, ['level']=47},
    [17244497] = {['id']=17244497, ['name']="GoblinPoacher", ['index']=337, ['level']=47},
    [17244522] = {['id']=17244522, ['name']="GoblinDigger", ['index']=362, ['level']=48},
    [17244493] = {['id']=17244493, ['name']="GoblinPoacher", ['index']=333, ['level']=48},
    [17244486] = {['id']=17244486, ['name']="LostSoul", ['index']=326, ['level']=46},
    [17244484] = {['id']=17244484, ['name']="GoblinPoacher", ['index']=324, ['level']=46},
    [17244480] = {['id']=17244480, ['name']="GoblinRobber", ['index']=320, ['level']=47},
    [17244488] = {['id']=17244488, ['name']="GoblinRobber", ['index']=328, ['level']=49},
    [17244386] = {['id']=17244386, ['name']="LostSoul", ['index']=226, ['level']=46},
    [17244384] = {['id']=17244384, ['name']="GoblinPoacher", ['index']=224, ['level']=47},
    [17244379] = {['id']=17244379, ['name']="SandBeetle", ['index']=219, ['level']=36},
    [17244364] = {['id']=17244364, ['name']="FleshEater", ['index']=204, ['level']=37},
    [17244360] = {['id']=17244360, ['name']="AnticanSagitta", ['index']=200, ['level']=49},
    [17244361] = {['id']=17244361, ['name']="AnticanSagitta", ['index']=201, ['level']=48},
    [17244366] = {['id']=17244366, ['name']="LostSoul", ['index']=206, ['level']=45},
    [17244365] = {['id']=17244365, ['name']="LostSoul", ['index']=205, ['level']=47},
    [17244363] = {['id']=17244363, ['name']="DesertDhalmel", ['index']=203, ['level']=39},
    [17244358] = {['id']=17244358, ['name']="SandBeetle", ['index']=198, ['level']=39},
    [17244359] = {['id']=17244359, ['name']="SandBeetle", ['index']=199, ['level']=37},
    [17244342] = {['id']=17244342, ['name']="SandBeetle", ['index']=182, ['level']=37},
    [17244351] = {['id']=17244351, ['name']="SandBeetle", ['index']=191, ['level']=38},
    [17244353] = {['id']=17244353, ['name']="DesertDhalmel", ['index']=193, ['level']=40},
    [17244356] = {['id']=17244356, ['name']="LostSoul", ['index']=196, ['level']=47},
    [17244357] = {['id']=17244357, ['name']="Diatryma", ['index']=197, ['level']=49},
    [17244362] = {['id']=17244362, ['name']="GoblinRobber", ['index']=202, ['level']=45},
    [17244346] = {['id']=17244346, ['name']="FleshEater", ['index']=186, ['level']=37},
    [17244354] = {['id']=17244354, ['name']="FleshEater", ['index']=194, ['level']=40},
    [17244355] = {['id']=17244355, ['name']="LostSoul", ['index']=195, ['level']=48},
    [17244352] = {['id']=17244352, ['name']="SandBeetle", ['index']=192, ['level']=38},
    [17244341] = {['id']=17244341, ['name']="SandBeetle", ['index']=181, ['level']=39},
    [17244343] = {['id']=17244343, ['name']="AnticanSpecula", ['index']=183, ['level']=47},
    [17244349] = {['id']=17244349, ['name']="Sabotender", ['index']=189, ['level']=46},
    [17244344] = {['id']=17244344, ['name']="AnticanDecurio", ['index']=184, ['level']=44},
    [17244347] = {['id']=17244347, ['name']="LostSoul", ['index']=187, ['level']=45},
    [17244348] = {['id']=17244348, ['name']="LostSoul", ['index']=188, ['level']=45},
    [17244350] = {['id']=17244350, ['name']="SabotenderCorr", ['index']=190, ['level']=73},
    [17244345] = {['id']=17244345, ['name']="DesertDhalmel", ['index']=185, ['level']=40},
    [17244337] = {['id']=17244337, ['name']="FleshEater", ['index']=177, ['level']=40},
    [17244245] = {['id']=17244245, ['name']="DesertDhalmel", ['index']=85, ['level']=43},
    [17244243] = {['id']=17244243, ['name']="GiantSpider", ['index']=83, ['level']=33},
    [17244244] = {['id']=17244244, ['name']="SandBeetle", ['index']=84, ['level']=38},
    [17244242] = {['id']=17244242, ['name']="GiantSpider", ['index']=82, ['level']=32},
    [17244238] = {['id']=17244238, ['name']="GiantSpider", ['index']=78, ['level']=32},
    [17244237] = {['id']=17244237, ['name']="GiantSpider", ['index']=77, ['level']=34},
    [17244240] = {['id']=17244240, ['name']="DesertDhalmel", ['index']=80, ['level']=40},
    [17244239] = {['id']=17244239, ['name']="SandBeetle", ['index']=79, ['level']=38},
    [17244218] = {['id']=17244218, ['name']="DesertDhalmel", ['index']=58, ['level']=43},
    [17244216] = {['id']=17244216, ['name']="GiantSpider", ['index']=56, ['level']=34},
    [17244217] = {['id']=17244217, ['name']="GiantSpider", ['index']=57, ['level']=34},
    [17244212] = {['id']=17244212, ['name']="GiantSpider", ['index']=52, ['level']=31},
    [17244214] = {['id']=17244214, ['name']="DesertDhalmel", ['index']=54, ['level']=42},
    [17244211] = {['id']=17244211, ['name']="GiantSpider", ['index']=51, ['level']=30},
    [17244213] = {['id']=17244213, ['name']="SandBeetle", ['index']=53, ['level']=39},
    [17244208] = {['id']=17244208, ['name']="SandBeetle", ['index']=48, ['level']=40},
    [17244207] = {['id']=17244207, ['name']="GiantSpider", ['index']=47, ['level']=31},
    [17244206] = {['id']=17244206, ['name']="GiantSpider", ['index']=46, ['level']=30},
    [17244209] = {['id']=17244209, ['name']="DesertDhalmel", ['index']=49, ['level']=39},
    [17244168] = {['id']=17244168, ['name']="GiantSpider", ['index']=8, ['level']=30},
    [17244166] = {['id']=17244166, ['name']="GiantSpider", ['index']=6, ['level']=34},
    [17244656] = {['id']=17244656, ['name']="FieldManual", ['index']=496, ['level']=0},
    [17244167] = {['id']=17244167, ['name']="GiantSpider", ['index']=7, ['level']=32},
    [17244170] = {['id']=17244170, ['name']="GiantSpider", ['index']=10, ['level']=30},
    [17244171] = {['id']=17244171, ['name']="GiantSpider", ['index']=11, ['level']=31},
    [17244172] = {['id']=17244172, ['name']="SandBeetle", ['index']=12, ['level']=38},
    [17244173] = {['id']=17244173, ['name']="DesertDhalmel", ['index']=13, ['level']=43},
    [17244174] = {['id']=17244174, ['name']="GiantSpider", ['index']=14, ['level']=30},
    [17244175] = {['id']=17244175, ['name']="SandBeetle", ['index']=15, ['level']=40},
    [17244176] = {['id']=17244176, ['name']="SandBeetle", ['index']=16, ['level']=36},
    [17244177] = {['id']=17244177, ['name']="AnticanAuxilia", ['index']=17, ['level']=38},
    [17244178] = {['id']=17244178, ['name']="AnticanAuxilia", ['index']=18, ['level']=35},
    [17244197] = {['id']=17244197, ['name']="SandBeetle", ['index']=37, ['level']=37},
    [17244514] = {['id']=17244514, ['name']="DoomScorpion", ['index']=354, ['level']=46},
    [17244237] = {['id']=17244237, ['name']="GiantSpider", ['index']=77, ['level']=34},
    [17244239] = {['id']=17244239, ['name']="SandBeetle", ['index']=79, ['level']=38},
    [17244240] = {['id']=17244240, ['name']="DesertDhalmel", ['index']=80, ['level']=40},
    [17244242] = {['id']=17244242, ['name']="GiantSpider", ['index']=82, ['level']=32},
    [17244328] = {['id']=17244328, ['name']="AnticanFundito", ['index']=168, ['level']=37},
    [17244341] = {['id']=17244341, ['name']="SandBeetle", ['index']=181, ['level']=39},
    [17244342] = {['id']=17244342, ['name']="SandBeetle", ['index']=182, ['level']=37},
    [17244343] = {['id']=17244343, ['name']="AnticanSpecula", ['index']=183, ['level']=47},
    [17244344] = {['id']=17244344, ['name']="AnticanDecurio", ['index']=184, ['level']=44},
    [17244345] = {['id']=17244345, ['name']="DesertDhalmel", ['index']=185, ['level']=40},
    [17244349] = {['id']=17244349, ['name']="Sabotender", ['index']=189, ['level']=46},
    [17244351] = {['id']=17244351, ['name']="SandBeetle", ['index']=191, ['level']=38},
    [17244352] = {['id']=17244352, ['name']="SandBeetle", ['index']=192, ['level']=38},
    [17244353] = {['id']=17244353, ['name']="DesertDhalmel", ['index']=193, ['level']=40},
    [17244357] = {['id']=17244357, ['name']="Diatryma", ['index']=197, ['level']=49},
    [17244358] = {['id']=17244358, ['name']="SandBeetle", ['index']=198, ['level']=39},
    [17244359] = {['id']=17244359, ['name']="SandBeetle", ['index']=199, ['level']=37},
    [17244360] = {['id']=17244360, ['name']="AnticanSagitta", ['index']=200, ['level']=49},
    [17244361] = {['id']=17244361, ['name']="AnticanSagitta", ['index']=201, ['level']=48},
    [17244362] = {['id']=17244362, ['name']="GoblinRobber", ['index']=202, ['level']=45},
    [17244363] = {['id']=17244363, ['name']="DesertDhalmel", ['index']=203, ['level']=39},
    [17244368] = {['id']=17244368, ['name']="SandBeetle", ['index']=208, ['level']=39},
    [17244369] = {['id']=17244369, ['name']="AnticanSpecula", ['index']=209, ['level']=49},
    [17244371] = {['id']=17244371, ['name']="AnticanSagitta", ['index']=211, ['level']=47},
    [17244375] = {['id']=17244375, ['name']="SandBeetle", ['index']=215, ['level']=37},
    [17244376] = {['id']=17244376, ['name']="AnticanSpecula", ['index']=216, ['level']=47},
    [17244377] = {['id']=17244377, ['name']="AnticanSpecula", ['index']=217, ['level']=45},
    [17244378] = {['id']=17244378, ['name']="AnticanSagitta", ['index']=218, ['level']=49},
    [17244379] = {['id']=17244379, ['name']="SandBeetle", ['index']=219, ['level']=36},
    [17244384] = {['id']=17244384, ['name']="GoblinPoacher", ['index']=224, ['level']=47},
    [17244370] = {['id']=17244370, ['name']="AnticanSpecula", ['index']=210, ['level']=47},
    [17244381] = {['id']=17244381, ['name']="AnticanSpecula", ['index']=221, ['level']=46},
    [17244336] = {['id']=17244336, ['name']="AnticanSagitta", ['index']=176, ['level']=46},
    [17244198] = {['id']=17244198, ['name']="DesertDhalmel", ['index']=38, ['level']=40},
    [17244221] = {['id']=17244221, ['name']="GiantSpider", ['index']=61, ['level']=31},
    [17244222] = {['id']=17244222, ['name']="SandBeetle", ['index']=62, ['level']=37},
    [17244251] = {['id']=17244251, ['name']="GiantSpider", ['index']=91, ['level']=34},
    [17244252] = {['id']=17244252, ['name']="SandBeetle", ['index']=92, ['level']=38},
    [17244253] = {['id']=17244253, ['name']="DesertDhalmel", ['index']=93, ['level']=42},
    [17244254] = {['id']=17244254, ['name']="DesertDhalmel", ['index']=94, ['level']=43},
    [17244256] = {['id']=17244256, ['name']="GiantSpider", ['index']=96, ['level']=33},
    [17244257] = {['id']=17244257, ['name']="SandBeetle", ['index']=97, ['level']=37},
    [17244258] = {['id']=17244258, ['name']="SandBeetle", ['index']=98, ['level']=38},
    [17244259] = {['id']=17244259, ['name']="DesertDhalmel", ['index']=99, ['level']=44},
    [17244260] = {['id']=17244260, ['name']="DesertDhalmel", ['index']=100, ['level']=42},
    [17244262] = {['id']=17244262, ['name']="GiantSpider", ['index']=102, ['level']=33},
    [17244263] = {['id']=17244263, ['name']="SandBeetle", ['index']=103, ['level']=39},
    [17244264] = {['id']=17244264, ['name']="SandBeetle", ['index']=104, ['level']=36},
    [17244265] = {['id']=17244265, ['name']="DesertDhalmel", ['index']=105, ['level']=43},
    [17244266] = {['id']=17244266, ['name']="DesertDhalmel", ['index']=106, ['level']=40},
    [17244269] = {['id']=17244269, ['name']="GiantSpider", ['index']=109, ['level']=34},
    [17244271] = {['id']=17244271, ['name']="SandBeetle", ['index']=111, ['level']=37},
    [17244272] = {['id']=17244272, ['name']="AnticanFaber", ['index']=112, ['level']=38},
    [17244274] = {['id']=17244274, ['name']="DesertDhalmel", ['index']=114, ['level']=42},
    [17244275] = {['id']=17244275, ['name']="GiantSpider", ['index']=115, ['level']=31},
    [17244276] = {['id']=17244276, ['name']="SandBeetle", ['index']=116, ['level']=39},
    [17244277] = {['id']=17244277, ['name']="SandBeetle", ['index']=117, ['level']=36},
    [17244278] = {['id']=17244278, ['name']="DesertDhalmel", ['index']=118, ['level']=39},
    [17244279] = {['id']=17244279, ['name']="DesertDhalmel", ['index']=119, ['level']=44},
    [17244281] = {['id']=17244281, ['name']="GiantSpider", ['index']=121, ['level']=33},
    [17244282] = {['id']=17244282, ['name']="GiantSpider", ['index']=122, ['level']=33},
    [17244283] = {['id']=17244283, ['name']="SandBeetle", ['index']=123, ['level']=38},
    [17244284] = {['id']=17244284, ['name']="SandBeetle", ['index']=124, ['level']=37},
    [17244285] = {['id']=17244285, ['name']="AnticanDecurio", ['index']=125, ['level']=45},
    [17244299] = {['id']=17244299, ['name']="SandBeetle", ['index']=139, ['level']=37},
    [17244516] = {['id']=17244516, ['name']="DoomScorpion", ['index']=356, ['level']=44},
    [17244246] = {['id']=17244246, ['name']="GiantSpider", ['index']=86, ['level']=32},
    [17244247] = {['id']=17244247, ['name']="SandBeetle", ['index']=87, ['level']=39},
    [17244248] = {['id']=17244248, ['name']="DesertDhalmel", ['index']=88, ['level']=40},
    [17244220] = {['id']=17244220, ['name']="GiantSpider", ['index']=60, ['level']=31},
    [17244270] = {['id']=17244270, ['name']="SandBeetle", ['index']=110, ['level']=39},
    [17244273] = {['id']=17244273, ['name']="AnticanFaber", ['index']=113, ['level']=36},
    [17244287] = {['id']=17244287, ['name']="Sabotender", ['index']=127, ['level']=46},
    [17244290] = {['id']=17244290, ['name']="SandBeetle", ['index']=130, ['level']=40},
    [17244291] = {['id']=17244291, ['name']="AnticanFundito", ['index']=131, ['level']=39},
    [17244292] = {['id']=17244292, ['name']="AnticanDecurio", ['index']=132, ['level']=44},
    [17244293] = {['id']=17244293, ['name']="AnticanDecurio", ['index']=133, ['level']=47},
    [17244298] = {['id']=17244298, ['name']="GiantSpider", ['index']=138, ['level']=32},
    [17244300] = {['id']=17244300, ['name']="AnticanDecurio", ['index']=140, ['level']=47},
    [17244301] = {['id']=17244301, ['name']="AnticanDecurio", ['index']=141, ['level']=47},
    [17244304] = {['id']=17244304, ['name']="Sabotender", ['index']=144, ['level']=44},
    [17244306] = {['id']=17244306, ['name']="SandBeetle", ['index']=146, ['level']=37},
    [17244307] = {['id']=17244307, ['name']="SandBeetle", ['index']=147, ['level']=37},
    [17244308] = {['id']=17244308, ['name']="AnticanFaber", ['index']=148, ['level']=35},
    [17244309] = {['id']=17244309, ['name']="AnticanFundito", ['index']=149, ['level']=37},
    [17244310] = {['id']=17244310, ['name']="AnticanDecurio", ['index']=150, ['level']=45},
    [17244406] = {['id']=17244406, ['name']="GiantSpider", ['index']=246, ['level']=33},
    [17244407] = {['id']=17244407, ['name']="SandBeetle", ['index']=247, ['level']=39},
    [17244408] = {['id']=17244408, ['name']="SandBeetle", ['index']=248, ['level']=40},
    [17244415] = {['id']=17244415, ['name']="SandBeetle", ['index']=255, ['level']=38},
    [17244518] = {['id']=17244518, ['name']="DoomScorpion", ['index']=358, ['level']=47},
    [17244539] = {['id']=17244539, ['name']="CactrotRapido", ['index']=379, ['level']=81},
    [17244204] = {['id']=17244204, ['name']="DesertDhalmel", ['index']=44, ['level']=41},
    [17244225] = {['id']=17244225, ['name']="GiantSpider", ['index']=65, ['level']=32},
    [17244226] = {['id']=17244226, ['name']="SandBeetle", ['index']=66, ['level']=39},
    [17244229] = {['id']=17244229, ['name']="FleshEater", ['index']=69, ['level']=38},
    [17244237] = {['id']=17244237, ['name']="GiantSpider", ['index']=77, ['level']=34},
    [17244239] = {['id']=17244239, ['name']="SandBeetle", ['index']=79, ['level']=38},
    [17244240] = {['id']=17244240, ['name']="DesertDhalmel", ['index']=80, ['level']=40},
    [17244306] = {['id']=17244306, ['name']="SandBeetle", ['index']=146, ['level']=37},
    [17244307] = {['id']=17244307, ['name']="SandBeetle", ['index']=147, ['level']=37},
    [17244308] = {['id']=17244308, ['name']="AnticanFaber", ['index']=148, ['level']=35},
    [17244309] = {['id']=17244309, ['name']="AnticanFundito", ['index']=149, ['level']=37},
    [17244310] = {['id']=17244310, ['name']="AnticanDecurio", ['index']=150, ['level']=45},
    [17244311] = {['id']=17244311, ['name']="FleshEater", ['index']=151, ['level']=42},
    [17244312] = {['id']=17244312, ['name']="Sabotender", ['index']=152, ['level']=42},
    [17244313] = {['id']=17244313, ['name']="SandBeetle", ['index']=153, ['level']=37},
    [17244314] = {['id']=17244314, ['name']="AnticanFaber", ['index']=154, ['level']=35},
    [17244315] = {['id']=17244315, ['name']="AnticanDecurio", ['index']=155, ['level']=48},
    [17244316] = {['id']=17244316, ['name']="AnticanDecurio", ['index']=156, ['level']=47},
    [17244317] = {['id']=17244317, ['name']="FleshEater", ['index']=157, ['level']=37},
    [17244318] = {['id']=17244318, ['name']="AnticanVeles", ['index']=158, ['level']=50},
    [17244319] = {['id']=17244319, ['name']="AnticanVeles", ['index']=159, ['level']=52},
    [17244320] = {['id']=17244320, ['name']="AnticanVeles", ['index']=160, ['level']=51},
    [17244321] = {['id']=17244321, ['name']="AnticanCenturi", ['index']=161, ['level']=50},
    [17244322] = {['id']=17244322, ['name']="AnticanCenturi", ['index']=162, ['level']=51},
    [17244323] = {['id']=17244323, ['name']="SandBeetle", ['index']=163, ['level']=36},
    [17244324] = {['id']=17244324, ['name']="AnticanCenturi", ['index']=164, ['level']=52},
    [17244325] = {['id']=17244325, ['name']="GiantSpider", ['index']=165, ['level']=34},
    [17244326] = {['id']=17244326, ['name']="SandBeetle", ['index']=166, ['level']=37},
    [17244327] = {['id']=17244327, ['name']="SandBeetle", ['index']=167, ['level']=36},
    [17244328] = {['id']=17244328, ['name']="AnticanFundito", ['index']=168, ['level']=37},
    [17244329] = {['id']=17244329, ['name']="FleshEater", ['index']=169, ['level']=41},
    [17244330] = {['id']=17244330, ['name']="LostSoul", ['index']=170, ['level']=47},
    [17244331] = {['id']=17244331, ['name']="LostSoul", ['index']=171, ['level']=47},
    [17244336] = {['id']=17244336, ['name']="AnticanSagitta", ['index']=176, ['level']=46},
    [17244337] = {['id']=17244337, ['name']="FleshEater", ['index']=177, ['level']=42},
    [17244368] = {['id']=17244368, ['name']="SandBeetle", ['index']=208, ['level']=39},
    [17244369] = {['id']=17244369, ['name']="AnticanSpecula", ['index']=209, ['level']=49},
    [17244370] = {['id']=17244370, ['name']="AnticanSpecula", ['index']=210, ['level']=47},
    [17244371] = {['id']=17244371, ['name']="AnticanSagitta", ['index']=211, ['level']=47},
    [17244386] = {['id']=17244386, ['name']="LostSoul", ['index']=226, ['level']=47},
    [17244388] = {['id']=17244388, ['name']="SandBeetle", ['index']=228, ['level']=40},
    [17244391] = {['id']=17244391, ['name']="FleshEater", ['index']=231, ['level']=40},
    [17244392] = {['id']=17244392, ['name']="LostSoul", ['index']=232, ['level']=46},
    [17244393] = {['id']=17244393, ['name']="LostSoul", ['index']=233, ['level']=46},
    [17244402] = {['id']=17244402, ['name']="LostSoul", ['index']=242, ['level']=47},
    [17244403] = {['id']=17244403, ['name']="LostSoul", ['index']=243, ['level']=47},
    [17244410] = {['id']=17244410, ['name']="FleshEater", ['index']=250, ['level']=42},
    [17244389] = {['id']=17244389, ['name']="SandBeetle", ['index']=229, ['level']=40},
    [17244224] = {['id']=17244224, ['name']="GiantSpider", ['index']=64, ['level']=33},
    [17244304] = {['id']=17244304, ['name']="Sabotender", ['index']=144, ['level']=44},
    [17244399] = {['id']=17244399, ['name']="SandBeetle", ['index']=239, ['level']=36},
    [17244408] = {['id']=17244408, ['name']="SandBeetle", ['index']=248, ['level']=40},
    [17244412] = {['id']=17244412, ['name']="EarthElemental", ['index']=252, ['level']=48},
    [17244221] = {['id']=17244221, ['name']="GiantSpider", ['index']=61, ['level']=31},
    [17244298] = {['id']=17244298, ['name']="GiantSpider", ['index']=138, ['level']=32},
    [17244301] = {['id']=17244301, ['name']="AnticanDecurio", ['index']=141, ['level']=47},
    [17244407] = {['id']=17244407, ['name']="SandBeetle", ['index']=247, ['level']=39},
    [17244246] = {['id']=17244246, ['name']="GiantSpider", ['index']=86, ['level']=32},
    [17244269] = {['id']=17244269, ['name']="GiantSpider", ['index']=109, ['level']=34},
    [17244270] = {['id']=17244270, ['name']="SandBeetle", ['index']=110, ['level']=39},
    [17244271] = {['id']=17244271, ['name']="SandBeetle", ['index']=111, ['level']=37},
    [17244272] = {['id']=17244272, ['name']="AnticanFaber", ['index']=112, ['level']=38},
    [17244273] = {['id']=17244273, ['name']="AnticanFaber", ['index']=113, ['level']=36},
    [17244274] = {['id']=17244274, ['name']="DesertDhalmel", ['index']=114, ['level']=42},
    [17244281] = {['id']=17244281, ['name']="GiantSpider", ['index']=121, ['level']=33},
    [17244282] = {['id']=17244282, ['name']="GiantSpider", ['index']=122, ['level']=33},
    [17244283] = {['id']=17244283, ['name']="SandBeetle", ['index']=123, ['level']=38},
    [17244284] = {['id']=17244284, ['name']="SandBeetle", ['index']=124, ['level']=37},
    [17244285] = {['id']=17244285, ['name']="AnticanDecurio", ['index']=125, ['level']=45},
    [17244287] = {['id']=17244287, ['name']="Sabotender", ['index']=127, ['level']=46},
    [17244288] = {['id']=17244288, ['name']="GiantSpider", ['index']=128, ['level']=32},
    [17244289] = {['id']=17244289, ['name']="SandBeetle", ['index']=129, ['level']=37},
    [17244290] = {['id']=17244290, ['name']="SandBeetle", ['index']=130, ['level']=40},
    [17244291] = {['id']=17244291, ['name']="AnticanFundito", ['index']=131, ['level']=39},
    [17244292] = {['id']=17244292, ['name']="AnticanDecurio", ['index']=132, ['level']=44},
    [17244293] = {['id']=17244293, ['name']="AnticanDecurio", ['index']=133, ['level']=47},
    [17244295] = {['id']=17244295, ['name']="AnticanFaber", ['index']=135, ['level']=35},
    [17244296] = {['id']=17244296, ['name']="AnticanFundito", ['index']=136, ['level']=37},
    [17244297] = {['id']=17244297, ['name']="AnticanDecurio", ['index']=137, ['level']=45},
    [17244300] = {['id']=17244300, ['name']="AnticanDecurio", ['index']=140, ['level']=47},
    [17244406] = {['id']=17244406, ['name']="GiantSpider", ['index']=246, ['level']=33},
    [17244413] = {['id']=17244413, ['name']="GiantSpider", ['index']=253, ['level']=30},
    [17244414] = {['id']=17244414, ['name']="SandBeetle", ['index']=254, ['level']=39},
    [17244415] = {['id']=17244415, ['name']="SandBeetle", ['index']=255, ['level']=38},
    [17244416] = {['id']=17244416, ['name']="AnticanDecurio", ['index']=256, ['level']=44},
    [17244417] = {['id']=17244417, ['name']="AnticanDecurio", ['index']=257, ['level']=47},
    [17244423] = {['id']=17244423, ['name']="AnticanDecurio", ['index']=263, ['level']=46},
    [17244430] = {['id']=17244430, ['name']="AnticanDecurio", ['index']=270, ['level']=45},
    [17244432] = {['id']=17244432, ['name']="DesertDhalmel", ['index']=272, ['level']=44},
    [17244437] = {['id']=17244437, ['name']="SandBeetle", ['index']=277, ['level']=40},
    [17244463] = {['id']=17244463, ['name']="LesserManticor", ['index']=303, ['level']=47},
    [17244516] = {['id']=17244516, ['name']="DoomScorpion", ['index']=356, ['level']=44},
    [17244518] = {['id']=17244518, ['name']="DoomScorpion", ['index']=358, ['level']=47},
    [17244520] = {['id']=17244520, ['name']="DoomScorpion", ['index']=360, ['level']=47},
    [17244653] = {['id']=17244653, ['name']="Eulaclaire", ['index']=493, ['level']=0},
    [17244654] = {['id']=17244654, ['name']="", ['index']=494, ['level']=0},
    [17244655] = {['id']=17244655, ['name']="Lokpix", ['index']=495, ['level']=0},
    [17244658] = {['id']=17244658, ['name']="FieldManual", ['index']=498, ['level']=0},
    [17244299] = {['id']=17244299, ['name']="SandBeetle", ['index']=139, ['level']=37},
    [17244404] = {['id']=17244404, ['name']="Sabotender", ['index']=244, ['level']=44},
    [17244195] = {['id']=17244195, ['name']="GiantSpider", ['index']=35, ['level']=31},
    [17244196] = {['id']=17244196, ['name']="GiantSpider", ['index']=36, ['level']=33},
    [17244197] = {['id']=17244197, ['name']="SandBeetle", ['index']=37, ['level']=39},
    [17244198] = {['id']=17244198, ['name']="DesertDhalmel", ['index']=38, ['level']=40},
    [17244514] = {['id']=17244514, ['name']="DoomScorpion", ['index']=354, ['level']=46},
    [17244202] = {['id']=17244202, ['name']="GiantSpider", ['index']=42, ['level']=31},
    [17244203] = {['id']=17244203, ['name']="SandBeetle", ['index']=43, ['level']=40},
    [17244201] = {['id']=17244201, ['name']="GiantSpider", ['index']=41, ['level']=31},
    [17244166] = {['id']=17244166, ['name']="GiantSpider", ['index']=6, ['level']=34},
    [17244167] = {['id']=17244167, ['name']="GiantSpider", ['index']=7, ['level']=32},
    [17244168] = {['id']=17244168, ['name']="GiantSpider", ['index']=8, ['level']=33},
    [17244170] = {['id']=17244170, ['name']="GiantSpider", ['index']=10, ['level']=32},
    [17244171] = {['id']=17244171, ['name']="GiantSpider", ['index']=11, ['level']=32},
    [17244172] = {['id']=17244172, ['name']="SandBeetle", ['index']=12, ['level']=38},
    [17244173] = {['id']=17244173, ['name']="DesertDhalmel", ['index']=13, ['level']=43},
    [17244174] = {['id']=17244174, ['name']="GiantSpider", ['index']=14, ['level']=30},
    [17244175] = {['id']=17244175, ['name']="SandBeetle", ['index']=15, ['level']=40},
    [17244176] = {['id']=17244176, ['name']="SandBeetle", ['index']=16, ['level']=36},
    [17244178] = {['id']=17244178, ['name']="AnticanAuxilia", ['index']=18, ['level']=35},
    [17244180] = {['id']=17244180, ['name']="SandBeetle", ['index']=20, ['level']=37},
    [17244181] = {['id']=17244181, ['name']="SandBeetle", ['index']=21, ['level']=38},
    [17244182] = {['id']=17244182, ['name']="AnticanAuxilia", ['index']=22, ['level']=36},
    [17244183] = {['id']=17244183, ['name']="AnticanAuxilia", ['index']=23, ['level']=37},
    [17244184] = {['id']=17244184, ['name']="GiantSpider", ['index']=24, ['level']=30},
    [17244185] = {['id']=17244185, ['name']="SandBeetle", ['index']=25, ['level']=36},
    [17244186] = {['id']=17244186, ['name']="AnticanAuxilia", ['index']=26, ['level']=38},
    [17244191] = {['id']=17244191, ['name']="SandBeetle", ['index']=31, ['level']=40},
    [17244192] = {['id']=17244192, ['name']="SandBeetle", ['index']=32, ['level']=40},
    [17244194] = {['id']=17244194, ['name']="AnticanAuxilia", ['index']=34, ['level']=38},
    [17244220] = {['id']=17244220, ['name']="GiantSpider", ['index']=60, ['level']=31},
    [17244222] = {['id']=17244222, ['name']="SandBeetle", ['index']=62, ['level']=37},
    [17244656] = {['id']=17244656, ['name']="FieldManual", ['index']=496, ['level']=0},
    [17244228] = {['id']=17244228, ['name']="FleshEater", ['index']=68, ['level']=42},
    [17244420] = {['id']=17244420, ['name']="GiantSpider", ['index']=260, ['level']=30},
    [17244422] = {['id']=17244422, ['name']="AnticanDecurio", ['index']=262, ['level']=44},
    [17244429] = {['id']=17244429, ['name']="SandBeetle", ['index']=269, ['level']=40},
    [17244431] = {['id']=17244431, ['name']="AnticanDecurio", ['index']=271, ['level']=44},
    [17244446] = {['id']=17244446, ['name']="AnticanDecurio", ['index']=286, ['level']=45},
    [17244442] = {['id']=17244442, ['name']="Sabotender", ['index']=282, ['level']=46},
    [17244439] = {['id']=17244439, ['name']="AnticanDecurio", ['index']=279, ['level']=46},
    [17244438] = {['id']=17244438, ['name']="AnticanFundito", ['index']=278, ['level']=35},
    [17244436] = {['id']=17244436, ['name']="GiantSpider", ['index']=276, ['level']=34},
    [17244440] = {['id']=17244440, ['name']="DesertDhalmel", ['index']=280, ['level']=41},
    [17244379] = {['id']=17244379, ['name']="SandBeetle", ['index']=219, ['level']=36},
    [17244472] = {['id']=17244472, ['name']="GoblinReaper", ['index']=312, ['level']=46},
    [17244473] = {['id']=17244473, ['name']="GoblinReaper", ['index']=313, ['level']=47},
    [17244474] = {['id']=17244474, ['name']="DesertDhalmel", ['index']=314, ['level']=43},
    [17244480] = {['id']=17244480, ['name']="GoblinRobber", ['index']=320, ['level']=47},
    [17244484] = {['id']=17244484, ['name']="GoblinPoacher", ['index']=324, ['level']=46},
    [17244488] = {['id']=17244488, ['name']="GoblinRobber", ['index']=328, ['level']=49},
    [17244489] = {['id']=17244489, ['name']="GoblinPoacher", ['index']=329, ['level']=47},
    [17244490] = {['id']=17244490, ['name']="GoblinPoacher", ['index']=330, ['level']=46},
    [17244491] = {['id']=17244491, ['name']="GoblinRobber", ['index']=331, ['level']=46},
    [17244492] = {['id']=17244492, ['name']="GoblinRobber", ['index']=332, ['level']=49},
    [17244493] = {['id']=17244493, ['name']="GoblinPoacher", ['index']=333, ['level']=48},
    [17244494] = {['id']=17244494, ['name']="GoblinReaper", ['index']=334, ['level']=48},
    [17244495] = {['id']=17244495, ['name']="GoblinRobber", ['index']=335, ['level']=47},
    [17244496] = {['id']=17244496, ['name']="GoblinPoacher", ['index']=336, ['level']=46},
    [17244497] = {['id']=17244497, ['name']="GoblinPoacher", ['index']=337, ['level']=47},
    [17244498] = {['id']=17244498, ['name']="GoblinTrader", ['index']=338, ['level']=47},
    [17244499] = {['id']=17244499, ['name']="Goblin\'sSpider", ['index']=339, ['level']=39},
    [17244500] = {['id']=17244500, ['name']="GoblinRobber", ['index']=340, ['level']=46},
    [17244501] = {['id']=17244501, ['name']="DesertDhalmel", ['index']=341, ['level']=41},
    [17244504] = {['id']=17244504, ['name']="LesserManticor", ['index']=344, ['level']=47},
    [17244505] = {['id']=17244505, ['name']="GoblinPoacher", ['index']=345, ['level']=47},
    [17244506] = {['id']=17244506, ['name']="GoblinReaper", ['index']=346, ['level']=47},
    [17244507] = {['id']=17244507, ['name']="DesertDhalmel", ['index']=347, ['level']=39},
    [17244521] = {['id']=17244521, ['name']="DoomScorpion", ['index']=361, ['level']=47},
    [17244522] = {['id']=17244522, ['name']="GoblinDigger", ['index']=362, ['level']=48},
    [17244657] = {['id']=17244657, ['name']="FieldManual", ['index']=497, ['level']=0},
    [17244668] = {['id']=17244668, ['name']="SurvivalGuide", ['index']=508, ['level']=0},
    [17244381] = {['id']=17244381, ['name']="AnticanSpecula", ['index']=221, ['level']=46},
    [17244384] = {['id']=17244384, ['name']="GoblinPoacher", ['index']=224, ['level']=47},
    [17244398] = {['id']=17244398, ['name']="SandBeetle", ['index']=238, ['level']=37},
    [17244455] = {['id']=17244455, ['name']="GoblinTrader", ['index']=295, ['level']=48},
    [17244456] = {['id']=17244456, ['name']="Goblin\'sSpider", ['index']=296, ['level']=39},
    [17244459] = {['id']=17244459, ['name']="DesertDhalmel", ['index']=299, ['level']=43},
    [17244482] = {['id']=17244482, ['name']="GoblinTrader", ['index']=322, ['level']=49},
    [17244483] = {['id']=17244483, ['name']="Goblin\'sSpider", ['index']=323, ['level']=40},
    [17244481] = {['id']=17244481, ['name']="GoblinRobber", ['index']=321, ['level']=45},
    [17244394] = {['id']=17244394, ['name']="Sabotender", ['index']=234, ['level']=45},
    [17244382] = {['id']=17244382, ['name']="AnticanSagitta", ['index']=222, ['level']=45},
    [17244387] = {['id']=17244387, ['name']="GiantSpider", ['index']=227, ['level']=34},
    [17244390] = {['id']=17244390, ['name']="AnticanFundito", ['index']=230, ['level']=39},
    [17244234] = {['id']=17244234, ['name']="SandBeetle", ['index']=74, ['level']=38},
    [17244227] = {['id']=17244227, ['name']="AnticanFundito", ['index']=67, ['level']=39},
    [17244247] = {['id']=17244247, ['name']="SandBeetle", ['index']=87, ['level']=39},
    [17244248] = {['id']=17244248, ['name']="DesertDhalmel", ['index']=88, ['level']=40},
    [17244249] = {['id']=17244249, ['name']="DesertDhalmel", ['index']=89, ['level']=39},
    [17244251] = {['id']=17244251, ['name']="GiantSpider", ['index']=91, ['level']=34},
    [17244252] = {['id']=17244252, ['name']="SandBeetle", ['index']=92, ['level']=38},
    [17244253] = {['id']=17244253, ['name']="DesertDhalmel", ['index']=93, ['level']=42},
    [17244254] = {['id']=17244254, ['name']="DesertDhalmel", ['index']=94, ['level']=43},
    [17244256] = {['id']=17244256, ['name']="GiantSpider", ['index']=96, ['level']=33},
    [17244257] = {['id']=17244257, ['name']="SandBeetle", ['index']=97, ['level']=37},
    [17244258] = {['id']=17244258, ['name']="SandBeetle", ['index']=98, ['level']=38},
    [17244259] = {['id']=17244259, ['name']="DesertDhalmel", ['index']=99, ['level']=44},
    [17244260] = {['id']=17244260, ['name']="DesertDhalmel", ['index']=100, ['level']=42},
    [17244262] = {['id']=17244262, ['name']="GiantSpider", ['index']=102, ['level']=33},
    [17244263] = {['id']=17244263, ['name']="SandBeetle", ['index']=103, ['level']=39},
    [17244264] = {['id']=17244264, ['name']="SandBeetle", ['index']=104, ['level']=36},
    [17244265] = {['id']=17244265, ['name']="DesertDhalmel", ['index']=105, ['level']=43},
    [17244266] = {['id']=17244266, ['name']="DesertDhalmel", ['index']=106, ['level']=40},
    [17244267] = {['id']=17244267, ['name']="EarthElemental", ['index']=107, ['level']=48},
    [17244275] = {['id']=17244275, ['name']="GiantSpider", ['index']=115, ['level']=31},
    [17244276] = {['id']=17244276, ['name']="SandBeetle", ['index']=116, ['level']=39},
    [17244277] = {['id']=17244277, ['name']="SandBeetle", ['index']=117, ['level']=36},
    [17244278] = {['id']=17244278, ['name']="DesertDhalmel", ['index']=118, ['level']=39},
    [17244279] = {['id']=17244279, ['name']="DesertDhalmel", ['index']=119, ['level']=44},
    [17244280] = {['id']=17244280, ['name']="EarthElemental", ['index']=120, ['level']=49},
    [17244395] = {['id']=17244395, ['name']="GiantSpider", ['index']=235, ['level']=31},
    [17244444] = {['id']=17244444, ['name']="SandBeetle", ['index']=284, ['level']=37},
    [17244453] = {['id']=17244453, ['name']="LesserManticor", ['index']=293, ['level']=49},
    [17244461] = {['id']=17244461, ['name']="Sabotender", ['index']=301, ['level']=43},
    [17244397] = {['id']=17244397, ['name']="GiantSpider", ['index']=237, ['level']=34},
    [17244235] = {['id']=17244235, ['name']="DesertDhalmel", ['index']=75, ['level']=44},
    [17244200] = {['id']=17244200, ['name']="GiantSpider", ['index']=40, ['level']=34},
    [17244211] = {['id']=17244211, ['name']="GiantSpider", ['index']=51, ['level']=30},
    [17244212] = {['id']=17244212, ['name']="GiantSpider", ['index']=52, ['level']=31},
    [17244214] = {['id']=17244214, ['name']="DesertDhalmel", ['index']=54, ['level']=42},
    [17244238] = {['id']=17244238, ['name']="GiantSpider", ['index']=78, ['level']=32},
    [17244338] = {['id']=17244338, ['name']="LostSoul", ['index']=178, ['level']=46},
    [17244333] = {['id']=17244333, ['name']="GiantSpider", ['index']=173, ['level']=32},
    [17244339] = {['id']=17244339, ['name']="LostSoul", ['index']=179, ['level']=45},
    [17244334] = {['id']=17244334, ['name']="SandBeetle", ['index']=174, ['level']=40},
    [17244335] = {['id']=17244335, ['name']="SandBeetle", ['index']=175, ['level']=39},
    [17244231] = {['id']=17244231, ['name']="GiantSpider", ['index']=71, ['level']=30},
    [17244233] = {['id']=17244233, ['name']="SandBeetle", ['index']=73, ['level']=39},
    [17244236] = {['id']=17244236, ['name']="Sabotender", ['index']=76, ['level']=46},
    [17244232] = {['id']=17244232, ['name']="GiantSpider", ['index']=72, ['level']=34},
    [17244341] = {['id']=17244341, ['name']="SandBeetle", ['index']=181, ['level']=39},
    [17244342] = {['id']=17244342, ['name']="SandBeetle", ['index']=182, ['level']=37},
    [17244343] = {['id']=17244343, ['name']="AnticanSpecula", ['index']=183, ['level']=47},
    [17244344] = {['id']=17244344, ['name']="AnticanDecurio", ['index']=184, ['level']=44},
    [17244349] = {['id']=17244349, ['name']="Sabotender", ['index']=189, ['level']=46},
    [17244358] = {['id']=17244358, ['name']="SandBeetle", ['index']=198, ['level']=39},
    [17244359] = {['id']=17244359, ['name']="SandBeetle", ['index']=199, ['level']=37},
    [17244360] = {['id']=17244360, ['name']="AnticanSagitta", ['index']=200, ['level']=49},
    [17244361] = {['id']=17244361, ['name']="AnticanSagitta", ['index']=201, ['level']=48},
    [17244362] = {['id']=17244362, ['name']="GoblinRobber", ['index']=202, ['level']=45},
    [17244363] = {['id']=17244363, ['name']="DesertDhalmel", ['index']=203, ['level']=39},
    [17244380] = {['id']=17244380, ['name']="SandBeetle", ['index']=220, ['level']=38},
    [17244375] = {['id']=17244375, ['name']="SandBeetle", ['index']=215, ['level']=37},
    [17244376] = {['id']=17244376, ['name']="AnticanSpecula", ['index']=216, ['level']=47},
    [17244377] = {['id']=17244377, ['name']="AnticanSpecula", ['index']=217, ['level']=45},
    [17244378] = {['id']=17244378, ['name']="AnticanSagitta", ['index']=218, ['level']=49},
    [17244358] = {['id']=17244358, ['name']="SandBeetle", ['index']=198, ['level']=39},
    [17244359] = {['id']=17244359, ['name']="SandBeetle", ['index']=199, ['level']=37},
    [17244360] = {['id']=17244360, ['name']="AnticanSagitta", ['index']=200, ['level']=49},
    [17244379] = {['id']=17244379, ['name']="SandBeetle", ['index']=219, ['level']=36},
    [17244381] = {['id']=17244381, ['name']="AnticanSpecula", ['index']=221, ['level']=46},
    [17244382] = {['id']=17244382, ['name']="AnticanSagitta", ['index']=222, ['level']=45},
    [17244480] = {['id']=17244480, ['name']="GoblinRobber", ['index']=320, ['level']=47},
    [17244482] = {['id']=17244482, ['name']="GoblinTrader", ['index']=322, ['level']=49},
    [17244483] = {['id']=17244483, ['name']="Goblin\'sSpider", ['index']=323, ['level']=40},
    [17244486] = {['id']=17244486, ['name']="LostSoul", ['index']=326, ['level']=47},
    [17244488] = {['id']=17244488, ['name']="GoblinRobber", ['index']=328, ['level']=45},
    [17244489] = {['id']=17244489, ['name']="GoblinPoacher", ['index']=329, ['level']=49},
    [17244490] = {['id']=17244490, ['name']="GoblinPoacher", ['index']=330, ['level']=45},
    [17244491] = {['id']=17244491, ['name']="GoblinRobber", ['index']=331, ['level']=49},
    [17244492] = {['id']=17244492, ['name']="GoblinRobber", ['index']=332, ['level']=46},
    [17244493] = {['id']=17244493, ['name']="GoblinPoacher", ['index']=333, ['level']=49},
    [17244494] = {['id']=17244494, ['name']="GoblinReaper", ['index']=334, ['level']=49},
    [17244495] = {['id']=17244495, ['name']="GoblinRobber", ['index']=335, ['level']=45},
    [17244496] = {['id']=17244496, ['name']="GoblinPoacher", ['index']=336, ['level']=48},
    [17244497] = {['id']=17244497, ['name']="GoblinPoacher", ['index']=337, ['level']=47},
    [17244500] = {['id']=17244500, ['name']="GoblinRobber", ['index']=340, ['level']=46},
    [17244501] = {['id']=17244501, ['name']="DesertDhalmel", ['index']=341, ['level']=41},
    [17244502] = {['id']=17244502, ['name']="LostSoul", ['index']=342, ['level']=46},
    [17244504] = {['id']=17244504, ['name']="LesserManticor", ['index']=344, ['level']=47},
    [17244505] = {['id']=17244505, ['name']="GoblinPoacher", ['index']=345, ['level']=47},
    [17244506] = {['id']=17244506, ['name']="GoblinReaper", ['index']=346, ['level']=46},
    [17244507] = {['id']=17244507, ['name']="DesertDhalmel", ['index']=347, ['level']=39},
    [17244508] = {['id']=17244508, ['name']="LostSoul", ['index']=348, ['level']=46},
    [17244510] = {['id']=17244510, ['name']="GoblinPoacher", ['index']=350, ['level']=49},
    [17244511] = {['id']=17244511, ['name']="DesertDhalmel", ['index']=351, ['level']=42},
    [17244512] = {['id']=17244512, ['name']="LostSoul", ['index']=352, ['level']=46},
    [17244657] = {['id']=17244657, ['name']="FieldManual", ['index']=497, ['level']=0},
    [17244668] = {['id']=17244668, ['name']="SurvivalGuide", ['index']=508, ['level']=0},
    [17244481] = {['id']=17244481, ['name']="GoblinRobber", ['index']=321, ['level']=45},
    [17244398] = {['id']=17244398, ['name']="SandBeetle", ['index']=238, ['level']=37},
    [17244402] = {['id']=17244402, ['name']="LostSoul", ['index']=242, ['level']=48},
    [17244472] = {['id']=17244472, ['name']="GoblinReaper", ['index']=312, ['level']=46},
    [17244474] = {['id']=17244474, ['name']="DesertDhalmel", ['index']=314, ['level']=43},
    [17244475] = {['id']=17244475, ['name']="LostSoul", ['index']=315, ['level']=48},
    [17244476] = {['id']=17244476, ['name']="LostSoul", ['index']=316, ['level']=47},
    [17244477] = {['id']=17244477, ['name']="LostSoul", ['index']=317, ['level']=47},
    [17244484] = {['id']=17244484, ['name']="GoblinPoacher", ['index']=324, ['level']=46},
    [17244498] = {['id']=17244498, ['name']="GoblinTrader", ['index']=338, ['level']=47},
    [17244499] = {['id']=17244499, ['name']="Goblin\'sSpider", ['index']=339, ['level']=39},
    [17244521] = {['id']=17244521, ['name']="DoomScorpion", ['index']=361, ['level']=47},
    [17244455] = {['id']=17244455, ['name']="GoblinTrader", ['index']=295, ['level']=48},
    [17244456] = {['id']=17244456, ['name']="Goblin\'sSpider", ['index']=296, ['level']=39},
    [17244463] = {['id']=17244463, ['name']="LesserManticor", ['index']=303, ['level']=47},
    [17244467] = {['id']=17244467, ['name']="DesertDhalmel", ['index']=307, ['level']=41},
    [17244468] = {['id']=17244468, ['name']="LostSoul", ['index']=308, ['level']=45},
    [17244469] = {['id']=17244469, ['name']="LesserManticor", ['index']=309, ['level']=49},
    [17244471] = {['id']=17244471, ['name']="Nandi", ['index']=311, ['level']=49},
    [17244473] = {['id']=17244473, ['name']="GoblinReaper", ['index']=313, ['level']=47},
    [17244522] = {['id']=17244522, ['name']="GoblinDigger", ['index']=362, ['level']=48},
    [17244288] = {['id']=17244288, ['name']="GiantSpider", ['index']=128, ['level']=32},
    [17244289] = {['id']=17244289, ['name']="SandBeetle", ['index']=129, ['level']=37},
    [17244291] = {['id']=17244291, ['name']="AnticanFundito", ['index']=131, ['level']=39},
    [17244436] = {['id']=17244436, ['name']="GiantSpider", ['index']=276, ['level']=34},
    [17244437] = {['id']=17244437, ['name']="SandBeetle", ['index']=277, ['level']=40},
    [17244438] = {['id']=17244438, ['name']="AnticanFundito", ['index']=278, ['level']=35},
    [17244439] = {['id']=17244439, ['name']="AnticanDecurio", ['index']=279, ['level']=46},
    [17244440] = {['id']=17244440, ['name']="DesertDhalmel", ['index']=280, ['level']=41},
    [17244441] = {['id']=17244441, ['name']="FleshEater", ['index']=281, ['level']=37},
    [17244442] = {['id']=17244442, ['name']="Sabotender", ['index']=282, ['level']=46},
    [17244444] = {['id']=17244444, ['name']="SandBeetle", ['index']=284, ['level']=37},
    [17244446] = {['id']=17244446, ['name']="AnticanDecurio", ['index']=286, ['level']=45},
    [17244449] = {['id']=17244449, ['name']="GoblinReaper", ['index']=289, ['level']=46},
    [17244450] = {['id']=17244450, ['name']="GoblinTrader", ['index']=290, ['level']=46},
    [17244451] = {['id']=17244451, ['name']="Goblin\'sSpider", ['index']=291, ['level']=40},
    [17244452] = {['id']=17244452, ['name']="DesertDhalmel", ['index']=292, ['level']=44},
    [17244453] = {['id']=17244453, ['name']="LesserManticor", ['index']=293, ['level']=49},
    [17244457] = {['id']=17244457, ['name']="GoblinTrader", ['index']=297, ['level']=49},
    [17244458] = {['id']=17244458, ['name']="Goblin\'sSpider", ['index']=298, ['level']=40},
    [17244459] = {['id']=17244459, ['name']="DesertDhalmel", ['index']=299, ['level']=43},
    [17244460] = {['id']=17244460, ['name']="LostSoul", ['index']=300, ['level']=45},
    [17244461] = {['id']=17244461, ['name']="Sabotender", ['index']=301, ['level']=43},
    [17244464] = {['id']=17244464, ['name']="GoblinReaper", ['index']=304, ['level']=49},
    [17244465] = {['id']=17244465, ['name']="GoblinTrader", ['index']=305, ['level']=49},
    [17244466] = {['id']=17244466, ['name']="Goblin\'sSpider", ['index']=306, ['level']=40},
    [17244470] = {['id']=17244470, ['name']="LesserManticor", ['index']=310, ['level']=48},
    [17244447] = {['id']=17244447, ['name']="DesertDhalmel", ['index']=287, ['level']=42},
    [17244443] = {['id']=17244443, ['name']="GiantSpider", ['index']=283, ['level']=31},
    [17244448] = {['id']=17244448, ['name']="FleshEater", ['index']=288, ['level']=38},
    [17244296] = {['id']=17244296, ['name']="AnticanFundito", ['index']=136, ['level']=37},
    [17244297] = {['id']=17244297, ['name']="AnticanDecurio", ['index']=137, ['level']=45},
    [17244395] = {['id']=17244395, ['name']="GiantSpider", ['index']=235, ['level']=31},
    [17244406] = {['id']=17244406, ['name']="GiantSpider", ['index']=246, ['level']=33},
    [17244407] = {['id']=17244407, ['name']="SandBeetle", ['index']=247, ['level']=39},
    [17244409] = {['id']=17244409, ['name']="FleshEater", ['index']=249, ['level']=41},
    [17244414] = {['id']=17244414, ['name']="SandBeetle", ['index']=254, ['level']=39},
    [17244415] = {['id']=17244415, ['name']="SandBeetle", ['index']=255, ['level']=38},
    [17244417] = {['id']=17244417, ['name']="AnticanDecurio", ['index']=257, ['level']=47},
    [17244430] = {['id']=17244430, ['name']="AnticanDecurio", ['index']=270, ['level']=45},
    [17244519] = {['id']=17244519, ['name']="FleshEater", ['index']=359, ['level']=37},
    [17244520] = {['id']=17244520, ['name']="DoomScorpion", ['index']=360, ['level']=47},
    [17244653] = {['id']=17244653, ['name']="Eulaclaire", ['index']=493, ['level']=0},
    [17244654] = {['id']=17244654, ['name']="", ['index']=494, ['level']=0},
    [17244655] = {['id']=17244655, ['name']="Lokpix", ['index']=495, ['level']=0},
    [17244658] = {['id']=17244658, ['name']="FieldManual", ['index']=498, ['level']=0},
    [17244445] = {['id']=17244445, ['name']="SandBeetle", ['index']=285, ['level']=37},
