    [17355013] = {['id']=17355013, ['name']="SurvivalGuide", ['index']=261, ['level']=0},
    [17354769] = {['id']=17354769, ['name']="OrcishGrappler", ['index']=17, ['level']=10},
    [17354792] = {['id']=17354792, ['name']="OrcishMesmeriz", ['index']=40, ['level']=9},
    [17354796] = {['id']=17354796, ['name']="OrcishGrappler", ['index']=44, ['level']=10},
    [17354777] = {['id']=17354777, ['name']="OrcishGrappler", ['index']=25, ['level']=8},
    [17354772] = {['id']=17354772, ['name']="OrcishFodder", ['index']=20, ['level']=9},
    [17354773] = {['id']=17354773, ['name']="OrcishMesmeriz", ['index']=21, ['level']=9},
    [17354774] = {['id']=17354774, ['name']="OrcishGrappler", ['index']=22, ['level']=8},
    [17354787] = {['id']=17354787, ['name']="OrcishGrappler", ['index']=35, ['level']=9},
    [17354785] = {['id']=17354785, ['name']="OrcishFodder", ['index']=33, ['level']=8},
    [17354782] = {['id']=17354782, ['name']="OrcishMesmeriz", ['index']=30, ['level']=10},
    [17354780] = {['id']=17354780, ['name']="OrcishGrappler", ['index']=28, ['level']=8},
    [17354779] = {['id']=17354779, ['name']="OrcishMesmeriz", ['index']=27, ['level']=10},
    [17354793] = {['id']=17354793, ['name']="OrcishGrappler", ['index']=41, ['level']=8},
    [17354816] = {['id']=17354816, ['name']="OrcishFodder", ['index']=64, ['level']=9},
    [17354817] = {['id']=17354817, ['name']="OrcishMesmeriz", ['index']=65, ['level']=9},
    [17354830] = {['id']=17354830, ['name']="OrcishMesmeriz", ['index']=78, ['level']=9},
    [17354834] = {['id']=17354834, ['name']="OrcishGrappler", ['index']=82, ['level']=8},
    [17354832] = {['id']=17354832, ['name']="OrcishFodder", ['index']=80, ['level']=8},
    [17354815] = {['id']=17354815, ['name']="OrcishFlamethr", ['index']=63, ['level']=18},
    [17354763] = {['id']=17354763, ['name']="OrcishGrappler", ['index']=11, ['level']=10},
    [17354797] = {['id']=17354797, ['name']="OrcishFodder", ['index']=45, ['level']=10},
    [17354810] = {['id']=17354810, ['name']="OrcishMesmeriz", ['index']=58, ['level']=9},
    [17354761] = {['id']=17354761, ['name']="OrcishFodder", ['index']=9, ['level']=9},
    [17354814] = {['id']=17354814, ['name']="OrcishGrappler", ['index']=62, ['level']=10},
    [17354799] = {['id']=17354799, ['name']="OrcishGrappler", ['index']=47, ['level']=9},
    [17354808] = {['id']=17354808, ['name']="OrcishGrappler", ['index']=56, ['level']=8},
    [17354803] = {['id']=17354803, ['name']="OrcishFodder", ['index']=51, ['level']=8},
    [17354758] = {['id']=17354758, ['name']="OrcishFodder", ['index']=6, ['level']=8},
    [17354836] = {['id']=17354836, ['name']="OrcishStonechu", ['index']=84, ['level']=13},
    [17354835] = {['id']=17354835, ['name']="OrcishGrunt", ['index']=83, ['level']=13},
    [17354837] = {['id']=17354837, ['name']="OrcishNeckchop", ['index']=85, ['level']=11},
    [17354839] = {['id']=17354839, ['name']="OrcishStonechu", ['index']=87, ['level']=12},
    [17354843] = {['id']=17354843, ['name']="OrcishStonechu", ['index']=91, ['level']=12},
    [17354848] = {['id']=17354848, ['name']="OrcishStonechu", ['index']=96, ['level']=11},
    [17354844] = {['id']=17354844, ['name']="OrcishGrunt", ['index']=92, ['level']=13},
    [17354867] = {['id']=17354867, ['name']="OrcishStonechu", ['index']=115, ['level']=12},
    [17354856] = {['id']=17354856, ['name']="OrcishGrunt", ['index']=104, ['level']=13},
    [17354845] = {['id']=17354845, ['name']="OrcishStonechu", ['index']=93, ['level']=11},
    [17354846] = {['id']=17354846, ['name']="OrcishNeckchop", ['index']=94, ['level']=12},
    [17354860] = {['id']=17354860, ['name']="OrcishStonechu", ['index']=108, ['level']=11},
    [17354858] = {['id']=17354858, ['name']="OrcishNeckchop", ['index']=106, ['level']=11},
    [17354864] = {['id']=17354864, ['name']="OrcishStonechu", ['index']=112, ['level']=12},
    [17354865] = {['id']=17354865, ['name']="OrcishFighter", ['index']=113, ['level']=21},
    [17354857] = {['id']=17354857, ['name']="OrcishStonechu", ['index']=105, ['level']=12},
    [17354868] = {['id']=17354868, ['name']="OrcishNeckchop", ['index']=116, ['level']=12},
    [17354866] = {['id']=17354866, ['name']="OrcishGrunt", ['index']=114, ['level']=12},
    [17354879] = {['id']=17354879, ['name']="OrcishFlamethr", ['index']=127, ['level']=18},
    [17354874] = {['id']=17354874, ['name']="OrcishGrunt", ['index']=122, ['level']=13},
    [17354875] = {['id']=17354875, ['name']="OrcishStonechu", ['index']=123, ['level']=11},
    [17354935] = {['id']=17354935, ['name']="OrcishStonechu", ['index']=183, ['level']=16},
    [17354882] = {['id']=17354882, ['name']="OrcishNeckchop", ['index']=130, ['level']=13},
    [17354871] = {['id']=17354871, ['name']="OrcishGrunt", ['index']=119, ['level']=11},
    [17354886] = {['id']=17354886, ['name']="SentryLizard", ['index']=134, ['level']=12},
    [17354885] = {['id']=17354885, ['name']="OrcishNeckchop", ['index']=133, ['level']=12},
    [17354880] = {['id']=17354880, ['name']="OrcishGrunt", ['index']=128, ['level']=12},
    [17354888] = {['id']=17354888, ['name']="OrcishStonechu", ['index']=136, ['level']=14},
    [17354890] = {['id']=17354890, ['name']="OrcishGrunt", ['index']=138, ['level']=12},
    [17354893] = {['id']=17354893, ['name']="SentryLizard", ['index']=141, ['level']=13},
    [17354892] = {['id']=17354892, ['name']="OrcishNeckchop", ['index']=140, ['level']=13},
    [17354955] = {['id']=17354955, ['name']="OrcishGrunt", ['index']=203, ['level']=14},
    [17354937] = {['id']=17354937, ['name']="OrcishGrunt", ['index']=185, ['level']=14},
    [17354939] = {['id']=17354939, ['name']="OrcishNeckchop", ['index']=187, ['level']=16},
    [17354958] = {['id']=17354958, ['name']="OrcishCursemak", ['index']=206, ['level']=21},
    [17354943] = {['id']=17354943, ['name']="OrcishNeckchop", ['index']=191, ['level']=15},
    [17354946] = {['id']=17354946, ['name']="OrcishNeckchop", ['index']=194, ['level']=14},
    [17354961] = {['id']=17354961, ['name']="OrcishFlamethr", ['index']=209, ['level']=17},
    [17354951] = {['id']=17354951, ['name']="OrcishGrunt", ['index']=199, ['level']=17},
    [17354948] = {['id']=17354948, ['name']="OrcishGrunt", ['index']=196, ['level']=17},
    [17354897] = {['id']=17354897, ['name']="OrcishFlamethr", ['index']=145, ['level']=16},
    [17354941] = {['id']=17354941, ['name']="OrcishGrunt", ['index']=189, ['level']=16},
    [17354902] = {['id']=17354902, ['name']="OrcishStonechu", ['index']=150, ['level']=13},
    [17354904] = {['id']=17354904, ['name']="SentryLizard", ['index']=152, ['level']=14},
    [17354899] = {['id']=17354899, ['name']="OrcishStonechu", ['index']=147, ['level']=15},
    [17354900] = {['id']=17354900, ['name']="OrcishNeckchop", ['index']=148, ['level']=13},
    [17354819] = {['id']=17354819, ['name']="SpectacledBats", ['index']=67, ['level']=6},
    [17354821] = {['id']=17354821, ['name']="Cheiroptera", ['index']=69, ['level']=10},
    [17354869] = {['id']=17354869, ['name']="SpectacledBats", ['index']=117, ['level']=6},
    [17354947] = {['id']=17354947, ['name']="Cheiroptera", ['index']=195, ['level']=9},
    [17354952] = {['id']=17354952, ['name']="OrcishStonechu", ['index']=200, ['level']=14},
    [17354959] = {['id']=17354959, ['name']="OrcishNeckchop", ['index']=207, ['level']=17},
    [17354910] = {['id']=17354910, ['name']="SentryLizard", ['index']=158, ['level']=14},
    [17354908] = {['id']=17354908, ['name']="SentryLizard", ['index']=156, ['level']=11},
    [17354907] = {['id']=17354907, ['name']="SentryLizard", ['index']=155, ['level']=13},
    [17354906] = {['id']=17354906, ['name']="SentryLizard", ['index']=154, ['level']=14},
    [17354905] = {['id']=17354905, ['name']="OrcishStonechu", ['index']=153, ['level']=15},
    [17354909] = {['id']=17354909, ['name']="SentryLizard", ['index']=157, ['level']=11},
    [17354912] = {['id']=17354912, ['name']="OrcishStonechu", ['index']=160, ['level']=12},
    [17354913] = {['id']=17354913, ['name']="OrcishStonechu", ['index']=161, ['level']=13},
    [17354922] = {['id']=17354922, ['name']="KegpaunchDoshg", ['index']=170, ['level']=22},
    [17354917] = {['id']=17354917, ['name']="OrcishGrunt", ['index']=165, ['level']=14},
    [17354915] = {['id']=17354915, ['name']="OrcishStonechu", ['index']=163, ['level']=12},
    [17354916] = {['id']=17354916, ['name']="OrcishNeckchop", ['index']=164, ['level']=13},
    [17354921] = {['id']=17354921, ['name']="Cheiroptera", ['index']=169, ['level']=8},
    [17354914] = {['id']=17354914, ['name']="OrcishGrunt", ['index']=162, ['level']=12},
    [17354920] = {['id']=17354920, ['name']="OrcishFlamethr", ['index']=168, ['level']=17},
    [17354924] = {['id']=17354924, ['name']="OrcishStonechu", ['index']=172, ['level']=12},
    [17354923] = {['id']=17354923, ['name']="OrcishGrunt", ['index']=171, ['level']=14},
    [17354933] = {['id']=17354933, ['name']="OrcishFlamethr", ['index']=181, ['level']=18},
    [17354926] = {['id']=17354926, ['name']="OrcishGrunt", ['index']=174, ['level']=15},
    [17354929] = {['id']=17354929, ['name']="OrcishFlamethr", ['index']=177, ['level']=17},
    [17354925] = {['id']=17354925, ['name']="OrcishNeckchop", ['index']=173, ['level']=12},
    [17354932] = {['id']=17354932, ['name']="OrcishFighter", ['index']=180, ['level']=21},
    [17354931] = {['id']=17354931, ['name']="OrcishStonechu", ['index']=179, ['level']=11},
    [17354963] = {['id']=17354963, ['name']="OrcishStonechu", ['index']=211, ['level']=16},
    [17354967] = {['id']=17354967, ['name']="OrcishNeckchop", ['index']=215, ['level']=17},
    [17354969] = {['id']=17354969, ['name']="Cheiroptera", ['index']=217, ['level']=9},
    [17354878] = {['id']=17354878, ['name']="Cheiroptera", ['index']=126, ['level']=8},
    [17354911] = {['id']=17354911, ['name']="Cheiroptera", ['index']=159, ['level']=9},
    [17354930] = {['id']=17354930, ['name']="Cheiroptera", ['index']=178, ['level']=10},
    [17354940] = {['id']=17354940, ['name']="Cheiroptera", ['index']=188, ['level']=10},
    [17354954] = {['id']=17354954, ['name']="Cheiroptera", ['index']=202, ['level']=8},
    [17354968] = {['id']=17354968, ['name']="Cheiroptera", ['index']=216, ['level']=8},
    [17354970] = {['id']=17354970, ['name']="OrcishGrunt", ['index']=218, ['level']=15},
    [17354972] = {['id']=17354972, ['name']="OrcishNeckchop", ['index']=220, ['level']=14},
    [17354983] = {['id']=17354983, ['name']="OrcishSerjeant", ['index']=231, ['level']=21},
    [17354982] = {['id']=17354982, ['name']="OrcishCursemak", ['index']=230, ['level']=21},
    [17354975] = {['id']=17354975, ['name']="OrcishNeckchop", ['index']=223, ['level']=17},
    [17354977] = {['id']=17354977, ['name']="OrcishStonechu", ['index']=225, ['level']=14},
    [17354979] = {['id']=17354979, ['name']="OrcishGrunt", ['index']=227, ['level']=14},
    [17354981] = {['id']=17354981, ['name']="OrcishNeckchop", ['index']=229, ['level']=15},
