    [17596417] = {['id']=17596417, ['name']="BorerBeetle", ['index']=1, ['level']=42},
    [17596418] = {['id']=17596418, ['name']="SiegeBat", ['index']=2, ['level']=42},
    [17596419] = {['id']=17596419, ['name']="SiegeBat", ['index']=3, ['level']=40},
    [17596421] = {['id']=17596421, ['name']="SiegeBat", ['index']=5, ['level']=40},
    [17596425] = {['id']=17596425, ['name']="SiegeBat", ['index']=9, ['level']=42},
    [17596426] = {['id']=17596426, ['name']="Wingrats", ['index']=10, ['level']=42},
    [17596427] = {['id']=17596427, ['name']="Wingrats", ['index']=11, ['level']=40},
    [17596428] = {['id']=17596428, ['name']="Wingrats", ['index']=12, ['level']=41},
    [17596429] = {['id']=17596429, ['name']="Wingrats", ['index']=13, ['level']=41},
    [17596630] = {['id']=17596630, ['name']="CitadelBats", ['index']=214, ['level']=46},
    [17596632] = {['id']=17596632, ['name']="CitadelBats", ['index']=216, ['level']=47},
    [17596431] = {['id']=17596431, ['name']="FallenEvacuee", ['index']=15, ['level']=42},
    [17596430] = {['id']=17596430, ['name']="FallenEvacuee", ['index']=14, ['level']=43},
    [17596438] = {['id']=17596438, ['name']="SiegeBat", ['index']=22, ['level']=42},
    [17596433] = {['id']=17596433, ['name']="FallenEvacuee", ['index']=17, ['level']=42},
    [17596432] = {['id']=17596432, ['name']="FallenEvacuee", ['index']=16, ['level']=42},
    [17596439] = {['id']=17596439, ['name']="Puroboros", ['index']=23, ['level']=43},
    [17596629] = {['id']=17596629, ['name']="CitadelBats", ['index']=213, ['level']=47},
    [17596631] = {['id']=17596631, ['name']="CitadelBats", ['index']=215, ['level']=48},
    [17596633] = {['id']=17596633, ['name']="CitadelBats", ['index']=217, ['level']=46},
    [17596644] = {['id']=17596644, ['name']="WardenBeetle", ['index']=228, ['level']=95},
    [17596440] = {['id']=17596440, ['name']="OilSpill", ['index']=24, ['level']=45},
    [17596645] = {['id']=17596645, ['name']="WardenBeetle", ['index']=229, ['level']=96},
    [17596646] = {['id']=17596646, ['name']="WardenBeetle", ['index']=230, ['level']=96},
    [17596647] = {['id']=17596647, ['name']="DonjonBat", ['index']=231, ['level']=93},
    [17596648] = {['id']=17596648, ['name']="DonjonBat", ['index']=232, ['level']=91},
    [17596649] = {['id']=17596649, ['name']="DonjonBat", ['index']=233, ['level']=93},
    [17596650] = {['id']=17596650, ['name']="WardenBeetle", ['index']=234, ['level']=95},
    [17596651] = {['id']=17596651, ['name']="WardenBeetle", ['index']=235, ['level']=95},
    [17596652] = {['id']=17596652, ['name']="WardenBeetle", ['index']=236, ['level']=95},
    [17596653] = {['id']=17596653, ['name']="DonjonBat", ['index']=237, ['level']=92},
    [17596654] = {['id']=17596654, ['name']="DonjonBat", ['index']=238, ['level']=93},
    [17596655] = {['id']=17596655, ['name']="Kaboom", ['index']=239, ['level']=94},
    [17596656] = {['id']=17596656, ['name']="WardenBeetle", ['index']=240, ['level']=96},
    [17596657] = {['id']=17596657, ['name']="WardenBeetle", ['index']=241, ['level']=95},
    [17596661] = {['id']=17596661, ['name']="FortaliceBats", ['index']=245, ['level']=93},
    [17596662] = {['id']=17596662, ['name']="FortaliceBats", ['index']=246, ['level']=93},
    [17596663] = {['id']=17596663, ['name']="FortaliceBats", ['index']=247, ['level']=94},
    [17596664] = {['id']=17596664, ['name']="FortaliceBats", ['index']=248, ['level']=94},
    [17596665] = {['id']=17596665, ['name']="WardenBeetle", ['index']=249, ['level']=95},
    [17596666] = {['id']=17596666, ['name']="WardenBeetle", ['index']=250, ['level']=95},
    [17596667] = {['id']=17596667, ['name']="DonjonBat", ['index']=251, ['level']=91},
    [17596668] = {['id']=17596668, ['name']="DonjonBat", ['index']=252, ['level']=92},
    [17596671] = {['id']=17596671, ['name']="WardenBeetle", ['index']=255, ['level']=95},
    [17596672] = {['id']=17596672, ['name']="WardenBeetle", ['index']=256, ['level']=96},
    [17596674] = {['id']=17596674, ['name']="DonjonBat", ['index']=258, ['level']=91},
    [17596676] = {['id']=17596676, ['name']="Kaboom", ['index']=260, ['level']=96},
    [17596858] = {['id']=17596858, ['name']="GroundsTome", ['index']=442, ['level']=0},
    [17596659] = {['id']=17596659, ['name']="DonjonBat", ['index']=243, ['level']=92},
    [17596658] = {['id']=17596658, ['name']="WardenBeetle", ['index']=242, ['level']=96},
    [17596441] = {['id']=17596441, ['name']="OilSpill", ['index']=25, ['level']=44},
    [17596442] = {['id']=17596442, ['name']="SiegeBat", ['index']=26, ['level']=40},
    [17596670] = {['id']=17596670, ['name']="FortaliceBats", ['index']=254, ['level']=92},
    [17596680] = {['id']=17596680, ['name']="DonjonBat", ['index']=264, ['level']=91},
    [17596443] = {['id']=17596443, ['name']="Wingrats", ['index']=27, ['level']=40},
    [17596679] = {['id']=17596679, ['name']="DonjonBat", ['index']=263, ['level']=93},
    [17596678] = {['id']=17596678, ['name']="WardenBeetle", ['index']=262, ['level']=95},
    [17596673] = {['id']=17596673, ['name']="DonjonBat", ['index']=257, ['level']=91},
    [17596669] = {['id']=17596669, ['name']="FortaliceBats", ['index']=253, ['level']=93},
    [17596455] = {['id']=17596455, ['name']="ClockworkPod", ['index']=39, ['level']=45},
    [17596444] = {['id']=17596444, ['name']="Wingrats", ['index']=28, ['level']=40},
    [17596660] = {['id']=17596660, ['name']="Kaboom", ['index']=244, ['level']=94},
    [17596814] = {['id']=17596814, ['name']="???", ['index']=398, ['level']=0},
    [17596686] = {['id']=17596686, ['name']="DonjonBat", ['index']=270, ['level']=92},
    [17596422] = {['id']=17596422, ['name']="SiegeBat", ['index']=6, ['level']=42},
    [17596687] = {['id']=17596687, ['name']="Kaboom", ['index']=271, ['level']=95},
    [17596675] = {['id']=17596675, ['name']="DonjonBat", ['index']=259, ['level']=93},
    [17596446] = {['id']=17596446, ['name']="Wingrats", ['index']=30, ['level']=42},
    [17596445] = {['id']=17596445, ['name']="SiegeBat", ['index']=29, ['level']=40},
    [17596447] = {['id']=17596447, ['name']="Wingrats", ['index']=31, ['level']=40},
    [17596454] = {['id']=17596454, ['name']="ClockworkPod", ['index']=38, ['level']=45},
    [17596424] = {['id']=17596424, ['name']="SiegeBat", ['index']=8, ['level']=42},
    [17596420] = {['id']=17596420, ['name']="BorerBeetle", ['index']=4, ['level']=42},
    [17596423] = {['id']=17596423, ['name']="SiegeBat", ['index']=7, ['level']=42},
    [17596690] = {['id']=17596690, ['name']="FortaliceBats", ['index']=274, ['level']=92},
    [17596677] = {['id']=17596677, ['name']="WardenBeetle", ['index']=261, ['level']=96},
    [17596683] = {['id']=17596683, ['name']="FortaliceBats", ['index']=267, ['level']=93},
    [17596453] = {['id']=17596453, ['name']="Puroboros", ['index']=37, ['level']=44},
    [17596689] = {['id']=17596689, ['name']="FortaliceBats", ['index']=273, ['level']=94},
    [17596449] = {['id']=17596449, ['name']="Wingrats", ['index']=33, ['level']=41},
    [17596448] = {['id']=17596448, ['name']="Wingrats", ['index']=32, ['level']=41},
    [17596684] = {['id']=17596684, ['name']="FortaliceBats", ['index']=268, ['level']=93},
    [17596688] = {['id']=17596688, ['name']="FortaliceBats", ['index']=272, ['level']=92},
    [17596685] = {['id']=17596685, ['name']="FortaliceBats", ['index']=269, ['level']=93},
    [17596682] = {['id']=17596682, ['name']="FortaliceBats", ['index']=266, ['level']=93},
    [17596436] = {['id']=17596436, ['name']="SiegeBat", ['index']=20, ['level']=43},
    [17596450] = {['id']=17596450, ['name']="FallenEvacuee", ['index']=34, ['level']=42},
    [17596452] = {['id']=17596452, ['name']="SiegeBat", ['index']=36, ['level']=43},
    [17596696] = {['id']=17596696, ['name']="WardenBeetle", ['index']=280, ['level']=96},
    [17596451] = {['id']=17596451, ['name']="FallenEvacuee", ['index']=35, ['level']=43},
    [17596697] = {['id']=17596697, ['name']="WardenBeetle", ['index']=281, ['level']=95},
    [17596434] = {['id']=17596434, ['name']="BorerBeetle", ['index']=18, ['level']=44},
    [17596456] = {['id']=17596456, ['name']="BorerBeetle", ['index']=40, ['level']=44},
    [17596437] = {['id']=17596437, ['name']="SiegeBat", ['index']=21, ['level']=43},
    [17596457] = {['id']=17596457, ['name']="SiegeBat", ['index']=41, ['level']=42},
    [17596640] = {['id']=17596640, ['name']="VaultWeapon", ['index']=224, ['level']=61},
    [17596435] = {['id']=17596435, ['name']="SiegeBat", ['index']=19, ['level']=42},
    [17596637] = {['id']=17596637, ['name']="OverWeapon", ['index']=221, ['level']=62},
    [17596639] = {['id']=17596639, ['name']="VaultWeapon", ['index']=223, ['level']=61},
    [17596641] = {['id']=17596641, ['name']="TaintedFlesh", ['index']=225, ['level']=64},
    [17596636] = {['id']=17596636, ['name']="OverWeapon", ['index']=220, ['level']=61},
    [17596638] = {['id']=17596638, ['name']="VaultWeapon", ['index']=222, ['level']=60},
    [17596635] = {['id']=17596635, ['name']="OverWeapon", ['index']=219, ['level']=60},
    [17596700] = {['id']=17596700, ['name']="FortaliceBats", ['index']=284, ['level']=93},
    [17596458] = {['id']=17596458, ['name']="SiegeBat", ['index']=42, ['level']=41},
    [17596699] = {['id']=17596699, ['name']="FortaliceBats", ['index']=283, ['level']=94},
    [17596695] = {['id']=17596695, ['name']="FortaliceBats", ['index']=279, ['level']=94},
    [17596692] = {['id']=17596692, ['name']="Kaboom", ['index']=276, ['level']=96},
    [17596469] = {['id']=17596469, ['name']="SiegeBat", ['index']=53, ['level']=41},
    [17596466] = {['id']=17596466, ['name']="SiegeBat", ['index']=50, ['level']=43},
    [17596694] = {['id']=17596694, ['name']="FortaliceBats", ['index']=278, ['level']=92},
    [17596465] = {['id']=17596465, ['name']="SiegeBat", ['index']=49, ['level']=42},
    [17596464] = {['id']=17596464, ['name']="BorerBeetle", ['index']=48, ['level']=44},
    [17596693] = {['id']=17596693, ['name']="FortaliceBats", ['index']=277, ['level']=94},
    [17596691] = {['id']=17596691, ['name']="WardenBeetle", ['index']=275, ['level']=95},
    [17596468] = {['id']=17596468, ['name']="SiegeBat", ['index']=52, ['level']=42},
    [17596467] = {['id']=17596467, ['name']="BorerBeetle", ['index']=51, ['level']=44},
    [17596721] = {['id']=17596721, ['name']="Wraith", ['index']=305, ['level']=61},
    [17596722] = {['id']=17596722, ['name']="MagicJug", ['index']=306, ['level']=62},
    [17596723] = {['id']=17596723, ['name']="MagicJug", ['index']=307, ['level']=62},
    [17596720] = {['id']=17596720, ['name']="Serket", ['index']=304, ['level']=70},
    [17596717] = {['id']=17596717, ['name']="Wraith", ['index']=301, ['level']=61},
    [17596718] = {['id']=17596718, ['name']="Wraith", ['index']=302, ['level']=61},
    [17596727] = {['id']=17596727, ['name']="Hellmine", ['index']=311, ['level']=60},
    [17596726] = {['id']=17596726, ['name']="Hellmine", ['index']=310, ['level']=61},
    [17596719] = {['id']=17596719, ['name']="Wraith", ['index']=303, ['level']=61},
    [17596725] = {['id']=17596725, ['name']="MagicJug", ['index']=309, ['level']=63},
    [17596716] = {['id']=17596716, ['name']="Wraith", ['index']=300, ['level']=61},
    [17596724] = {['id']=17596724, ['name']="MagicJug", ['index']=308, ['level']=64},
    [17596701] = {['id']=17596701, ['name']="DonjonBat", ['index']=285, ['level']=93},
    [17596702] = {['id']=17596702, ['name']="DonjonBat", ['index']=286, ['level']=91},
    [17596705] = {['id']=17596705, ['name']="FortaliceBats", ['index']=289, ['level']=93},
    [17596704] = {['id']=17596704, ['name']="FortaliceBats", ['index']=288, ['level']=92},
    [17596461] = {['id']=17596461, ['name']="SiegeBat", ['index']=45, ['level']=43},
    [17596703] = {['id']=17596703, ['name']="Kaboom", ['index']=287, ['level']=96},
    [17596462] = {['id']=17596462, ['name']="Revenant", ['index']=46, ['level']=46},
    [17596463] = {['id']=17596463, ['name']="Revenant", ['index']=47, ['level']=46},
    [17596706] = {['id']=17596706, ['name']="DonjonBat", ['index']=290, ['level']=91},
    [17596707] = {['id']=17596707, ['name']="Kaboom", ['index']=291, ['level']=96},
    [17596708] = {['id']=17596708, ['name']="FortaliceBats", ['index']=292, ['level']=94},
    [17596710] = {['id']=17596710, ['name']="FortaliceBats", ['index']=294, ['level']=92},
    [17596709] = {['id']=17596709, ['name']="FortaliceBats", ['index']=293, ['level']=94},
    [17596711] = {['id']=17596711, ['name']="DonjonBat", ['index']=295, ['level']=93},
    [17596715] = {['id']=17596715, ['name']="FortaliceBats", ['index']=299, ['level']=92},
    [17596733] = {['id']=17596733, ['name']="Mephitas", ['index']=317, ['level']=99},
    [17596714] = {['id']=17596714, ['name']="FortaliceBats", ['index']=298, ['level']=92},
    [17596713] = {['id']=17596713, ['name']="FortaliceBats", ['index']=297, ['level']=93},
    [17596712] = {['id']=17596712, ['name']="Kaboom", ['index']=296, ['level']=95},
    [17596459] = {['id']=17596459, ['name']="BorerBeetle", ['index']=43, ['level']=44},
    [17596460] = {['id']=17596460, ['name']="SiegeBat", ['index']=44, ['level']=43},
    [17596642] = {['id']=17596642, ['name']="TaintedFlesh", ['index']=226, ['level']=64},
    [17596634] = {['id']=17596634, ['name']="CitadelBats", ['index']=218, ['level']=47},
    [17596856] = {['id']=17596856, ['name']="GroundsTome", ['index']=440, ['level']=0},
    [17596874] = {['id']=17596874, ['name']="SurvivalGuide", ['index']=458, ['level']=0},
    [17596470] = {['id']=17596470, ['name']="CitadelBats", ['index']=54, ['level']=48},
    [17596471] = {['id']=17596471, ['name']="CitadelBats", ['index']=55, ['level']=48},
    [17596472] = {['id']=17596472, ['name']="CitadelBats", ['index']=56, ['level']=48},
    [17596473] = {['id']=17596473, ['name']="CitadelBats", ['index']=57, ['level']=47},
    [17596474] = {['id']=17596474, ['name']="CitadelBats", ['index']=58, ['level']=48},
    [17596475] = {['id']=17596475, ['name']="DemonicWeapon", ['index']=59, ['level']=49},
    [17596476] = {['id']=17596476, ['name']="DemonicWeapon", ['index']=60, ['level']=47},
    [17596477] = {['id']=17596477, ['name']="FallenSoldier", ['index']=61, ['level']=47},
    [17596478] = {['id']=17596478, ['name']="FallenSoldier", ['index']=62, ['level']=47},
    [17596479] = {['id']=17596479, ['name']="FallenSoldier", ['index']=63, ['level']=49},
    [17596480] = {['id']=17596480, ['name']="FallenSoldier", ['index']=64, ['level']=47},
    [17596481] = {['id']=17596481, ['name']="Bhuta", ['index']=65, ['level']=49},
    [17596482] = {['id']=17596482, ['name']="CitadelBats", ['index']=66, ['level']=46},
    [17596483] = {['id']=17596483, ['name']="CitadelBats", ['index']=67, ['level']=46},
    [17596484] = {['id']=17596484, ['name']="CitadelBats", ['index']=68, ['level']=48},
    [17596485] = {['id']=17596485, ['name']="Bhuta", ['index']=69, ['level']=48},
    [17596486] = {['id']=17596486, ['name']="DemonicWeapon", ['index']=70, ['level']=47},
    [17596487] = {['id']=17596487, ['name']="DemonicWeapon", ['index']=71, ['level']=48},
    [17596488] = {['id']=17596488, ['name']="CitadelBats", ['index']=72, ['level']=46},
    [17596489] = {['id']=17596489, ['name']="CitadelBats", ['index']=73, ['level']=48},
    [17596490] = {['id']=17596490, ['name']="CitadelBats", ['index']=74, ['level']=47},
    [17596491] = {['id']=17596491, ['name']="Bhuta", ['index']=75, ['level']=48},
    [17596492] = {['id']=17596492, ['name']="DemonicWeapon", ['index']=76, ['level']=49},
    [17596493] = {['id']=17596493, ['name']="DemonicWeapon", ['index']=77, ['level']=49},
    [17596494] = {['id']=17596494, ['name']="CitadelBats", ['index']=78, ['level']=48},
    [17596495] = {['id']=17596495, ['name']="CitadelBats", ['index']=79, ['level']=47},
    [17596496] = {['id']=17596496, ['name']="CitadelBats", ['index']=80, ['level']=48},
    [17596497] = {['id']=17596497, ['name']="CitadelBats", ['index']=81, ['level']=47},
    [17596498] = {['id']=17596498, ['name']="CitadelBats", ['index']=82, ['level']=46},
    [17596499] = {['id']=17596499, ['name']="DemonicWeapon", ['index']=83, ['level']=48},
    [17596500] = {['id']=17596500, ['name']="DemonicWeapon", ['index']=84, ['level']=48},
    [17596501] = {['id']=17596501, ['name']="FallenSoldier", ['index']=85, ['level']=47},
    [17596502] = {['id']=17596502, ['name']="FallenSoldier", ['index']=86, ['level']=47},
    [17596503] = {['id']=17596503, ['name']="FallenSoldier", ['index']=87, ['level']=47},
    [17596504] = {['id']=17596504, ['name']="FallenSoldier", ['index']=88, ['level']=48},
    [17596505] = {['id']=17596505, ['name']="Bhuta", ['index']=89, ['level']=48},
    [17596506] = {['id']=17596506, ['name']="OldTwo-Wings", ['index']=90, ['level']=52},
    [17596508] = {['id']=17596508, ['name']="FunnelBats", ['index']=92, ['level']=52},
    [17596540] = {['id']=17596540, ['name']="FunnelBats", ['index']=124, ['level']=52},
    [17596541] = {['id']=17596541, ['name']="FunnelBats", ['index']=125, ['level']=52},
    [17596543] = {['id']=17596543, ['name']="Droma", ['index']=127, ['level']=53},
    [17596544] = {['id']=17596544, ['name']="Droma", ['index']=128, ['level']=54},
    [17596545] = {['id']=17596545, ['name']="FallenOfficer", ['index']=129, ['level']=52},
    [17596546] = {['id']=17596546, ['name']="FallenOfficer", ['index']=130, ['level']=52},
    [17596549] = {['id']=17596549, ['name']="FallenOfficer", ['index']=133, ['level']=52},
    [17596550] = {['id']=17596550, ['name']="FallenOfficer", ['index']=134, ['level']=52},
    [17596551] = {['id']=17596551, ['name']="Droma", ['index']=135, ['level']=52},
    [17596552] = {['id']=17596552, ['name']="Droma", ['index']=136, ['level']=52},
    [17596553] = {['id']=17596553, ['name']="FunnelBats", ['index']=137, ['level']=51},
    [17596554] = {['id']=17596554, ['name']="AcidGrease", ['index']=138, ['level']=54},
    [17596555] = {['id']=17596555, ['name']="AcidGrease", ['index']=139, ['level']=52},
    [17596582] = {['id']=17596582, ['name']="FunnelBats", ['index']=166, ['level']=51},
    [17596583] = {['id']=17596583, ['name']="FunnelBats", ['index']=167, ['level']=52},
    [17596585] = {['id']=17596585, ['name']="FallenOfficer", ['index']=169, ['level']=54},
    [17596586] = {['id']=17596586, ['name']="FallenOfficer", ['index']=170, ['level']=54},
    [17596587] = {['id']=17596587, ['name']="FallenOfficer", ['index']=171, ['level']=54},
    [17596588] = {['id']=17596588, ['name']="FallenOfficer", ['index']=172, ['level']=54},
    [17596589] = {['id']=17596589, ['name']="Droma", ['index']=173, ['level']=54},
    [17596536] = {['id']=17596536, ['name']="FetidFlesh", ['index']=120, ['level']=56},
    [17596528] = {['id']=17596528, ['name']="Droma", ['index']=112, ['level']=54},
    [17596509] = {['id']=17596509, ['name']="FunnelBats", ['index']=93, ['level']=53},
    [17596510] = {['id']=17596510, ['name']="FetidFlesh", ['index']=94, ['level']=55},
    [17596547] = {['id']=17596547, ['name']="Explosure", ['index']=131, ['level']=53},
    [17596524] = {['id']=17596524, ['name']="Explosure", ['index']=108, ['level']=52},
    [17596523] = {['id']=17596523, ['name']="Explosure", ['index']=107, ['level']=53},
    [17596525] = {['id']=17596525, ['name']="Explosure", ['index']=109, ['level']=52},
    [17596511] = {['id']=17596511, ['name']="FunnelBats", ['index']=95, ['level']=52},
    [17596514] = {['id']=17596514, ['name']="FunnelBats", ['index']=98, ['level']=51},
    [17596512] = {['id']=17596512, ['name']="FunnelBats", ['index']=96, ['level']=53},
    [17596513] = {['id']=17596513, ['name']="FunnelBats", ['index']=97, ['level']=52},
    [17596568] = {['id']=17596568, ['name']="Droma", ['index']=152, ['level']=52},
    [17596569] = {['id']=17596569, ['name']="Droma", ['index']=153, ['level']=52},
    [17596572] = {['id']=17596572, ['name']="FallenOfficer", ['index']=156, ['level']=54},
    [17596571] = {['id']=17596571, ['name']="FallenOfficer", ['index']=155, ['level']=54},
    [17596566] = {['id']=17596566, ['name']="FunnelBats", ['index']=150, ['level']=52},
    [17596565] = {['id']=17596565, ['name']="FunnelBats", ['index']=149, ['level']=51},
    [17596573] = {['id']=17596573, ['name']="Explosure", ['index']=157, ['level']=52},
    [17596567] = {['id']=17596567, ['name']="FunnelBats", ['index']=151, ['level']=53},
    [17596570] = {['id']=17596570, ['name']="Explosure", ['index']=154, ['level']=52},
    [17596574] = {['id']=17596574, ['name']="AcidGrease", ['index']=158, ['level']=53},
    [17596575] = {['id']=17596575, ['name']="AcidGrease", ['index']=159, ['level']=53},
    [17596576] = {['id']=17596576, ['name']="Explosure", ['index']=160, ['level']=53},
    [17596577] = {['id']=17596577, ['name']="FallenOfficer", ['index']=161, ['level']=52},
    [17596578] = {['id']=17596578, ['name']="FallenOfficer", ['index']=162, ['level']=52},
    [17596580] = {['id']=17596580, ['name']="Droma", ['index']=164, ['level']=54},
    [17596579] = {['id']=17596579, ['name']="Explosure", ['index']=163, ['level']=53},
    [17596581] = {['id']=17596581, ['name']="Droma", ['index']=165, ['level']=52},
    [17596584] = {['id']=17596584, ['name']="FunnelBats", ['index']=168, ['level']=53},
    [17596590] = {['id']=17596590, ['name']="ChamberBeetle", ['index']=174, ['level']=56},
    [17596591] = {['id']=17596591, ['name']="ChamberBeetle", ['index']=175, ['level']=58},
    [17596592] = {['id']=17596592, ['name']="ChamberBeetle", ['index']=176, ['level']=57},
    [17596593] = {['id']=17596593, ['name']="ChamberBeetle", ['index']=177, ['level']=58},
    [17596594] = {['id']=17596594, ['name']="ChamberBeetle", ['index']=178, ['level']=58},
    [17596597] = {['id']=17596597, ['name']="TaintedFlesh", ['index']=181, ['level']=63},
    [17596606] = {['id']=17596606, ['name']="VaultWeapon", ['index']=190, ['level']=60},
    [17596601] = {['id']=17596601, ['name']="Hellmine", ['index']=185, ['level']=61},
    [17596602] = {['id']=17596602, ['name']="Hellmine", ['index']=186, ['level']=61},
    [17596596] = {['id']=17596596, ['name']="ChamberBeetle", ['index']=180, ['level']=57},
    [17596595] = {['id']=17596595, ['name']="ChamberBeetle", ['index']=179, ['level']=58},
    [17596599] = {['id']=17596599, ['name']="Frogamander", ['index']=183, ['level']=72},
    [17596612] = {['id']=17596612, ['name']="ChamberBeetle", ['index']=196, ['level']=58},
    [17596600] = {['id']=17596600, ['name']="Hellmine", ['index']=184, ['level']=59},
    [17596608] = {['id']=17596608, ['name']="VaultWeapon", ['index']=192, ['level']=60},
    [17596611] = {['id']=17596611, ['name']="ChamberBeetle", ['index']=195, ['level']=57},
    [17596610] = {['id']=17596610, ['name']="ChamberBeetle", ['index']=194, ['level']=56},
    [17596609] = {['id']=17596609, ['name']="ChamberBeetle", ['index']=193, ['level']=58},
    [17596615] = {['id']=17596615, ['name']="FallenMage", ['index']=199, ['level']=60},
    [17596617] = {['id']=17596617, ['name']="Wraith", ['index']=201, ['level']=60},
    [17596616] = {['id']=17596616, ['name']="FallenMage", ['index']=200, ['level']=61},
    [17596618] = {['id']=17596618, ['name']="OverWeapon", ['index']=202, ['level']=59},
    [17596619] = {['id']=17596619, ['name']="VaultWeapon", ['index']=203, ['level']=60},
    [17596622] = {['id']=17596622, ['name']="Wraith", ['index']=206, ['level']=60},
    [17596620] = {['id']=17596620, ['name']="OverWeapon", ['index']=204, ['level']=60},
    [17596621] = {['id']=17596621, ['name']="VaultWeapon", ['index']=205, ['level']=61},
    [17596614] = {['id']=17596614, ['name']="FallenMajor", ['index']=198, ['level']=60},
    [17596760] = {['id']=17596760, ['name']="Mashira", ['index']=344, ['level']=0},
    [17596613] = {['id']=17596613, ['name']="FallenMajor", ['index']=197, ['level']=61},
    [17596626] = {['id']=17596626, ['name']="FallenMage", ['index']=210, ['level']=59},
    [17596623] = {['id']=17596623, ['name']="FallenMajor", ['index']=207, ['level']=62},
    [17596627] = {['id']=17596627, ['name']="Wraith", ['index']=211, ['level']=60},
    [17596625] = {['id']=17596625, ['name']="FallenMage", ['index']=209, ['level']=60},
    [17596517] = {['id']=17596517, ['name']="Explosure", ['index']=101, ['level']=52},
    [17596521] = {['id']=17596521, ['name']="Droma", ['index']=105, ['level']=52},
    [17596516] = {['id']=17596516, ['name']="Explosure", ['index']=100, ['level']=52},
    [17596522] = {['id']=17596522, ['name']="Droma", ['index']=106, ['level']=54},
    [17596515] = {['id']=17596515, ['name']="Explosure", ['index']=99, ['level']=52},
    [17596548] = {['id']=17596548, ['name']="Explosure", ['index']=132, ['level']=53},
    [17596531] = {['id']=17596531, ['name']="FallenOfficer", ['index']=115, ['level']=53},
    [17596532] = {['id']=17596532, ['name']="FallenOfficer", ['index']=116, ['level']=52},
    [17596564] = {['id']=17596564, ['name']="FallenOfficer", ['index']=148, ['level']=54},
    [17596530] = {['id']=17596530, ['name']="FallenOfficer", ['index']=114, ['level']=52},
    [17596529] = {['id']=17596529, ['name']="FallenOfficer", ['index']=113, ['level']=53},
    [17596563] = {['id']=17596563, ['name']="FallenOfficer", ['index']=147, ['level']=54},
    [17596562] = {['id']=17596562, ['name']="FallenOfficer", ['index']=146, ['level']=53},
    [17596534] = {['id']=17596534, ['name']="FunnelBats", ['index']=118, ['level']=53},
    [17596535] = {['id']=17596535, ['name']="FunnelBats", ['index']=119, ['level']=53},
    [17596537] = {['id']=17596537, ['name']="FunnelBats", ['index']=121, ['level']=51},
    [17596538] = {['id']=17596538, ['name']="AcidGrease", ['index']=122, ['level']=53},
    [17596539] = {['id']=17596539, ['name']="AcidGrease", ['index']=123, ['level']=53},
    [17596558] = {['id']=17596558, ['name']="FallenOfficer", ['index']=142, ['level']=55},
    [17596560] = {['id']=17596560, ['name']="FallenOfficer", ['index']=144, ['level']=55},
    [17596557] = {['id']=17596557, ['name']="FallenOfficer", ['index']=141, ['level']=54},
    [17596556] = {['id']=17596556, ['name']="Wraith", ['index']=140, ['level']=60},
    [17596561] = {['id']=17596561, ['name']="FallenOfficer", ['index']=145, ['level']=55},
    [17596559] = {['id']=17596559, ['name']="FallenOfficer", ['index']=143, ['level']=54},
    [17596542] = {['id']=17596542, ['name']="Explosure", ['index']=126, ['level']=53},
    [17596857] = {['id']=17596857, ['name']="GroundsTome", ['index']=441, ['level']=0},
