    [17449569] = {['id']=17449569, ['name']="SurvivalGuide", ['index']=609, ['level']=0},
    [17449504] = {['id']=17449504, ['name']="Laurimaux", ['index']=544, ['level']=0},
    [17449503] = {['id']=17449503, ['name']="Routandeault", ['index']=543, ['level']=0},
    [17449507] = {['id']=17449507, ['name']="Nuillie", ['index']=547, ['level']=0},
    [17449506] = {['id']=17449506, ['name']="Nelinnie", ['index']=546, ['level']=0},
    [17449505] = {['id']=17449505, ['name']="Phyatte", ['index']=545, ['level']=0},
    [17449498] = {['id']=17449498, ['name']="Mitillie", ['index']=538, ['level']=0},
    [17449420] = {['id']=17449420, ['name']="Tomoa-Nomoa,C.", ['index']=460, ['level']=0},
    [17449494] = {['id']=17449494, ['name']="Dibstix", ['index']=534, ['level']=0},
    [17449496] = {['id']=17449496, ['name']="Andalliot", ['index']=536, ['level']=0},
    [17449497] = {['id']=17449497, ['name']="Diordinne", ['index']=537, ['level']=0},
    [17449517] = {['id']=17449517, ['name']="Fondactiont", ['index']=557, ['level']=0},
    [17448992] = {['id']=17448992, ['name']="Mousse", ['index']=32, ['level']=66},
    [17448993] = {['id']=17448993, ['name']="Mousse", ['index']=33, ['level']=66},
    [17448996] = {['id']=17448996, ['name']="Mousse", ['index']=36, ['level']=64},
    [17448998] = {['id']=17448998, ['name']="Mousse", ['index']=38, ['level']=65},
    [17449501] = {['id']=17449501, ['name']="Hanovaux", ['index']=541, ['level']=0},
    [17448994] = {['id']=17448994, ['name']="Mousse", ['index']=34, ['level']=65},
    [17448991] = {['id']=17448991, ['name']="IncubusBats", ['index']=31, ['level']=63},
    [17448999] = {['id']=17448999, ['name']="Mousse", ['index']=39, ['level']=65},
    [17449490] = {['id']=17449490, ['name']="Randecque", ['index']=530, ['level']=0},
    [17448989] = {['id']=17448989, ['name']="DireBat", ['index']=29, ['level']=64},
    [17448988] = {['id']=17448988, ['name']="IncubusBats", ['index']=28, ['level']=64},
    [17449500] = {['id']=17449500, ['name']="Duchille", ['index']=540, ['level']=0},
    [17448970] = {['id']=17448970, ['name']="Mousse", ['index']=10, ['level']=64},
    [17448975] = {['id']=17448975, ['name']="Mousse", ['index']=15, ['level']=64},
    [17449499] = {['id']=17449499, ['name']="Loutille", ['index']=539, ['level']=0},
    [17449502] = {['id']=17449502, ['name']="Phystiont", ['index']=542, ['level']=0},
    [17448961] = {['id']=17448961, ['name']="DireBat", ['index']=1, ['level']=63},
    [17448990] = {['id']=17448990, ['name']="CitadelPipistr", ['index']=30, ['level']=77},
    [17448965] = {['id']=17448965, ['name']="DireBat", ['index']=5, ['level']=62},
    [17448967] = {['id']=17448967, ['name']="IncubusBats", ['index']=7, ['level']=63},
    [17448966] = {['id']=17448966, ['name']="IncubusBats", ['index']=6, ['level']=63},
    [17448982] = {['id']=17448982, ['name']="DireBat", ['index']=22, ['level']=64},
    [17448981] = {['id']=17448981, ['name']="Mousse", ['index']=21, ['level']=66},
    [17449004] = {['id']=17449004, ['name']="Yagudo'sElemen", ['index']=44, ['level']=68},
    [17449003] = {['id']=17449003, ['name']="YagudoPythones", ['index']=43, ['level']=72},
    [17448984] = {['id']=17448984, ['name']="YagudoPrior", ['index']=24, ['level']=72},
    [17449000] = {['id']=17449000, ['name']="YagudoTemplar", ['index']=40, ['level']=71},
    [17448972] = {['id']=17448972, ['name']="Mousse", ['index']=12, ['level']=65},
    [17449005] = {['id']=17449005, ['name']="YagudoZealot", ['index']=45, ['level']=71},
    [17448983] = {['id']=17448983, ['name']="YagudoAbbot", ['index']=23, ['level']=72},
    [17449002] = {['id']=17449002, ['name']="YagudoMissiona", ['index']=42, ['level']=71},
    [17449001] = {['id']=17449001, ['name']="YagudoLutenist", ['index']=41, ['level']=71},
    [17449006] = {['id']=17449006, ['name']="Explosure", ['index']=46, ['level']=64},
    [17449007] = {['id']=17449007, ['name']="Explosure", ['index']=47, ['level']=65},
    [17449008] = {['id']=17449008, ['name']="Elatha", ['index']=48, ['level']=80},
    [17448968] = {['id']=17448968, ['name']="DireBat", ['index']=8, ['level']=62},
    [17448979] = {['id']=17448979, ['name']="DireBat", ['index']=19, ['level']=62},
    [17448980] = {['id']=17448980, ['name']="IncubusBats", ['index']=20, ['level']=62},
    [17448997] = {['id']=17448997, ['name']="Mousse", ['index']=37, ['level']=66},
    [17448963] = {['id']=17448963, ['name']="IncubusBats", ['index']=3, ['level']=62},
    [17449009] = {['id']=17449009, ['name']="Scolopendrid", ['index']=49, ['level']=69},
    [17449519] = {['id']=17449519, ['name']="Lycopodium", ['index']=559, ['level']=0},
    [17449010] = {['id']=17449010, ['name']="Scolopendrid", ['index']=50, ['level']=69},
    [17449011] = {['id']=17449011, ['name']="Scolopendrid", ['index']=51, ['level']=70},
    [17449013] = {['id']=17449013, ['name']="Scolopendrid", ['index']=53, ['level']=68},
    [17449012] = {['id']=17449012, ['name']="Scolopendrid", ['index']=52, ['level']=68},
    [17449015] = {['id']=17449015, ['name']="Scolopendrid", ['index']=55, ['level']=70},
    [17449014] = {['id']=17449014, ['name']="Scolopendrid", ['index']=54, ['level']=70},
    [17449018] = {['id']=17449018, ['name']="Scolopendrid", ['index']=58, ['level']=70},
    [17449017] = {['id']=17449017, ['name']="Buarainech", ['index']=57, ['level']=80},
    [17449162] = {['id']=17449162, ['name']="MooOuzitheSw", ['index']=202, ['level']=70},
    [17449569] = {['id']=17449569, ['name']="SurvivalGuide", ['index']=609, ['level']=0},
    [17448961] = {['id']=17448961, ['name']="DireBat", ['index']=1, ['level']=62},
    [17448963] = {['id']=17448963, ['name']="IncubusBats", ['index']=3, ['level']=63},
    [17448965] = {['id']=17448965, ['name']="DireBat", ['index']=5, ['level']=63},
    [17448966] = {['id']=17448966, ['name']="IncubusBats", ['index']=6, ['level']=62},
    [17448967] = {['id']=17448967, ['name']="IncubusBats", ['index']=7, ['level']=63},
    [17448968] = {['id']=17448968, ['name']="DireBat", ['index']=8, ['level']=62},
    [17448970] = {['id']=17448970, ['name']="Mousse", ['index']=10, ['level']=65},
    [17448975] = {['id']=17448975, ['name']="Mousse", ['index']=15, ['level']=65},
    [17448979] = {['id']=17448979, ['name']="DireBat", ['index']=19, ['level']=63},
    [17448980] = {['id']=17448980, ['name']="IncubusBats", ['index']=20, ['level']=63},
    [17448990] = {['id']=17448990, ['name']="CitadelPipistr", ['index']=30, ['level']=77},
    [17448992] = {['id']=17448992, ['name']="Mousse", ['index']=32, ['level']=67},
    [17448993] = {['id']=17448993, ['name']="Mousse", ['index']=33, ['level']=66},
    [17448994] = {['id']=17448994, ['name']="Mousse", ['index']=34, ['level']=66},
    [17448996] = {['id']=17448996, ['name']="Mousse", ['index']=36, ['level']=64},
    [17448998] = {['id']=17448998, ['name']="Mousse", ['index']=38, ['level']=65},
    [17448999] = {['id']=17448999, ['name']="Mousse", ['index']=39, ['level']=64},
    [17449420] = {['id']=17449420, ['name']="Tomoa-Nomoa,C.", ['index']=460, ['level']=0},
    [17449497] = {['id']=17449497, ['name']="Diordinne", ['index']=537, ['level']=0},
    [17449517] = {['id']=17449517, ['name']="Fondactiont", ['index']=557, ['level']=0},
    [17449171] = {['id']=17449171, ['name']="DivineDissemin", ['index']=211, ['level']=70},
    [17449169] = {['id']=17449169, ['name']="DivineDissemin", ['index']=209, ['level']=70},
    [17449420] = {['id']=17449420, ['name']="Tomoa-Nomoa,C.", ['index']=460, ['level']=0},
    [17449494] = {['id']=17449494, ['name']="Dibstix", ['index']=534, ['level']=0},
    [17449495] = {['id']=17449495, ['name']="Meumaude", ['index']=535, ['level']=0},
    [17449496] = {['id']=17449496, ['name']="Andalliot", ['index']=536, ['level']=0},
    [17449497] = {['id']=17449497, ['name']="Diordinne", ['index']=537, ['level']=0},
    [17449498] = {['id']=17449498, ['name']="Mitillie", ['index']=538, ['level']=0},
    [17449503] = {['id']=17449503, ['name']="Routandeault", ['index']=543, ['level']=0},
    [17449504] = {['id']=17449504, ['name']="Laurimaux", ['index']=544, ['level']=0},
    [17449505] = {['id']=17449505, ['name']="Phyatte", ['index']=545, ['level']=0},
    [17449506] = {['id']=17449506, ['name']="Nelinnie", ['index']=546, ['level']=0},
    [17449507] = {['id']=17449507, ['name']="Nuillie", ['index']=547, ['level']=0},
    [17449517] = {['id']=17449517, ['name']="Fondactiont", ['index']=557, ['level']=0},
    [17449569] = {['id']=17449569, ['name']="SurvivalGuide", ['index']=609, ['level']=0},
    [17448965] = {['id']=17448965, ['name']="DireBat", ['index']=5, ['level']=63},
    [17448966] = {['id']=17448966, ['name']="IncubusBats", ['index']=6, ['level']=62},
    [17448967] = {['id']=17448967, ['name']="IncubusBats", ['index']=7, ['level']=63},
    [17448968] = {['id']=17448968, ['name']="DireBat", ['index']=8, ['level']=62},
    [17448970] = {['id']=17448970, ['name']="Mousse", ['index']=10, ['level']=65},
    [17448979] = {['id']=17448979, ['name']="DireBat", ['index']=19, ['level']=63},
    [17448980] = {['id']=17448980, ['name']="IncubusBats", ['index']=20, ['level']=63},
    [17448988] = {['id']=17448988, ['name']="IncubusBats", ['index']=28, ['level']=64},
    [17448989] = {['id']=17448989, ['name']="DireBat", ['index']=29, ['level']=63},
    [17448990] = {['id']=17448990, ['name']="CitadelPipistr", ['index']=30, ['level']=77},
    [17448991] = {['id']=17448991, ['name']="IncubusBats", ['index']=31, ['level']=62},
    [17448992] = {['id']=17448992, ['name']="Mousse", ['index']=32, ['level']=67},
    [17448993] = {['id']=17448993, ['name']="Mousse", ['index']=33, ['level']=66},
    [17448994] = {['id']=17448994, ['name']="Mousse", ['index']=34, ['level']=66},
    [17448996] = {['id']=17448996, ['name']="Mousse", ['index']=36, ['level']=64},
    [17448998] = {['id']=17448998, ['name']="Mousse", ['index']=38, ['level']=65},
    [17448999] = {['id']=17448999, ['name']="Mousse", ['index']=39, ['level']=64},
    [17449490] = {['id']=17449490, ['name']="Randecque", ['index']=530, ['level']=0},
    [17449499] = {['id']=17449499, ['name']="Loutille", ['index']=539, ['level']=0},
    [17449500] = {['id']=17449500, ['name']="Duchille", ['index']=540, ['level']=0},
    [17449501] = {['id']=17449501, ['name']="Hanovaux", ['index']=541, ['level']=0},
    [17449502] = {['id']=17449502, ['name']="Phystiont", ['index']=542, ['level']=0},
    [17448965] = {['id']=17448965, ['name']="DireBat", ['index']=5, ['level']=63},
    [17448966] = {['id']=17448966, ['name']="IncubusBats", ['index']=6, ['level']=62},
    [17448967] = {['id']=17448967, ['name']="IncubusBats", ['index']=7, ['level']=63},
    [17448968] = {['id']=17448968, ['name']="DireBat", ['index']=8, ['level']=62},
    [17448979] = {['id']=17448979, ['name']="DireBat", ['index']=19, ['level']=63},
    [17448980] = {['id']=17448980, ['name']="IncubusBats", ['index']=20, ['level']=63},
    [17448988] = {['id']=17448988, ['name']="IncubusBats", ['index']=28, ['level']=64},
    [17448989] = {['id']=17448989, ['name']="DireBat", ['index']=29, ['level']=63},
    [17448990] = {['id']=17448990, ['name']="CitadelPipistr", ['index']=30, ['level']=77},
    [17448991] = {['id']=17448991, ['name']="IncubusBats", ['index']=31, ['level']=62},
    [17448992] = {['id']=17448992, ['name']="Mousse", ['index']=32, ['level']=67},
    [17448993] = {['id']=17448993, ['name']="Mousse", ['index']=33, ['level']=66},
    [17448994] = {['id']=17448994, ['name']="Mousse", ['index']=34, ['level']=66},
    [17448996] = {['id']=17448996, ['name']="Mousse", ['index']=36, ['level']=64},
    [17448998] = {['id']=17448998, ['name']="Mousse", ['index']=38, ['level']=65},
    [17448999] = {['id']=17448999, ['name']="Mousse", ['index']=39, ['level']=64},
    [17449075] = {['id']=17449075, ['name']="PythonMercenar", ['index']=115, ['level']=70},
    [17449076] = {['id']=17449076, ['name']="PythonMercenar", ['index']=116, ['level']=70},
    [17449077] = {['id']=17449077, ['name']="PythonMercenar", ['index']=117, ['level']=70},
    [17449078] = {['id']=17449078, ['name']="PythonMercenar", ['index']=118, ['level']=70},
    [17449079] = {['id']=17449079, ['name']="PythonMercenar", ['index']=119, ['level']=70},
    [17449080] = {['id']=17449080, ['name']="PythonMercenar", ['index']=120, ['level']=70},
    [17449081] = {['id']=17449081, ['name']="PythonMercenar", ['index']=121, ['level']=70},
    [17449082] = {['id']=17449082, ['name']="PythonMercenar", ['index']=122, ['level']=70},
    [17449083] = {['id']=17449083, ['name']="PythonMercenar", ['index']=123, ['level']=70},
    [17449140] = {['id']=17449140, ['name']="CombatSalvemix", ['index']=180, ['level']=60},
    [17449141] = {['id']=17449141, ['name']="CombatSalvemix", ['index']=181, ['level']=60},
    [17449182] = {['id']=17449182, ['name']="DeeXalmotheG", ['index']=222, ['level']=70},
    [17449185] = {['id']=17449185, ['name']="DivineAscetic", ['index']=225, ['level']=70},
    [17449202] = {['id']=17449202, ['name']="VeeSejutheCo", ['index']=242, ['level']=70},
    [17449490] = {['id']=17449490, ['name']="Randecque", ['index']=530, ['level']=0},
    [17448970] = {['id']=17448970, ['name']="Mousse", ['index']=10, ['level']=65},
    [17449203] = {['id']=17449203, ['name']="VeeSeju\'sElem", ['index']=243, ['level']=70},
    [17449204] = {['id']=17449204, ['name']="VeeSeju\'sElem", ['index']=244, ['level']=70},
    [17449211] = {['id']=17449211, ['name']="DivineMartyr", ['index']=251, ['level']=70},
    [17449206] = {['id']=17449206, ['name']="DivineMartyr", ['index']=246, ['level']=70},
    [17449210] = {['id']=17449210, ['name']="DivineMartyr", ['index']=250, ['level']=70},
    [17449420] = {['id']=17449420, ['name']="Tomoa-Nomoa,C.", ['index']=460, ['level']=0},
    [17449497] = {['id']=17449497, ['name']="Diordinne", ['index']=537, ['level']=0},
    [17449517] = {['id']=17449517, ['name']="Fondactiont", ['index']=557, ['level']=0},
    [17449212] = {['id']=17449212, ['name']="DivineMartyr", ['index']=252, ['level']=70},
    [17449209] = {['id']=17449209, ['name']="DivineMartyr", ['index']=249, ['level']=70},
    [17449569] = {['id']=17449569, ['name']="SurvivalGuide", ['index']=609, ['level']=0},
    [17449208] = {['id']=17449208, ['name']="DivineMartyr", ['index']=248, ['level']=70},
    [17449213] = {['id']=17449213, ['name']="DivineMartyr", ['index']=253, ['level']=70},
    [17449205] = {['id']=17449205, ['name']="DivineMartyr", ['index']=245, ['level']=70},
    [17449144] = {['id']=17449144, ['name']="CombatSalvemix", ['index']=184, ['level']=60},
    [17449503] = {['id']=17449503, ['name']="Routandeault", ['index']=543, ['level']=0},
    [17449504] = {['id']=17449504, ['name']="Laurimaux", ['index']=544, ['level']=0},
    [17449569] = {['id']=17449569, ['name']="SurvivalGuide", ['index']=609, ['level']=0},
    [17449495] = {['id']=17449495, ['name']="Meumaude", ['index']=535, ['level']=0},
    [17449498] = {['id']=17449498, ['name']="Mitillie", ['index']=538, ['level']=0},
    [17449506] = {['id']=17449506, ['name']="Nelinnie", ['index']=546, ['level']=0},
    [17449507] = {['id']=17449507, ['name']="Nuillie", ['index']=547, ['level']=0},
    [17449505] = {['id']=17449505, ['name']="Phyatte", ['index']=545, ['level']=0},
    [17448961] = {['id']=17448961, ['name']="DireBat", ['index']=1, ['level']=62},
    [17448963] = {['id']=17448963, ['name']="IncubusBats", ['index']=3, ['level']=63},
    [17448965] = {['id']=17448965, ['name']="DireBat", ['index']=5, ['level']=63},
    [17448966] = {['id']=17448966, ['name']="IncubusBats", ['index']=6, ['level']=63},
    [17448967] = {['id']=17448967, ['name']="IncubusBats", ['index']=7, ['level']=63},
    [17448968] = {['id']=17448968, ['name']="DireBat", ['index']=8, ['level']=62},
    [17448970] = {['id']=17448970, ['name']="Mousse", ['index']=10, ['level']=65},
    [17448975] = {['id']=17448975, ['name']="Mousse", ['index']=15, ['level']=65},
    [17448979] = {['id']=17448979, ['name']="DireBat", ['index']=19, ['level']=63},
    [17448980] = {['id']=17448980, ['name']="IncubusBats", ['index']=20, ['level']=63},
    [17448992] = {['id']=17448992, ['name']="Mousse", ['index']=32, ['level']=67},
    [17448993] = {['id']=17448993, ['name']="Mousse", ['index']=33, ['level']=66},
    [17448994] = {['id']=17448994, ['name']="Mousse", ['index']=34, ['level']=66},
    [17448996] = {['id']=17448996, ['name']="Mousse", ['index']=36, ['level']=64},
    [17448998] = {['id']=17448998, ['name']="Mousse", ['index']=38, ['level']=65},
    [17448999] = {['id']=17448999, ['name']="Mousse", ['index']=39, ['level']=64},
    [17449144] = {['id']=17449144, ['name']="CombatSalvemix", ['index']=184, ['level']=60},
    [17449501] = {['id']=17449501, ['name']="Hanovaux", ['index']=541, ['level']=0},
    [17448995] = {['id']=17448995, ['name']="Mousse", ['index']=35, ['level']=67},
    [17449420] = {['id']=17449420, ['name']="Tomoa-Nomoa,C.", ['index']=460, ['level']=0},
    [17449494] = {['id']=17449494, ['name']="Dibstix", ['index']=534, ['level']=0},
    [17449496] = {['id']=17449496, ['name']="Andalliot", ['index']=536, ['level']=0},
    [17449497] = {['id']=17449497, ['name']="Diordinne", ['index']=537, ['level']=0},
    [17449517] = {['id']=17449517, ['name']="Fondactiont", ['index']=557, ['level']=0},
    [17448988] = {['id']=17448988, ['name']="IncubusBats", ['index']=28, ['level']=64},
    [17448989] = {['id']=17448989, ['name']="DireBat", ['index']=29, ['level']=64},
    [17448990] = {['id']=17448990, ['name']="CitadelPipistr", ['index']=30, ['level']=77},
    [17448991] = {['id']=17448991, ['name']="IncubusBats", ['index']=31, ['level']=63},
    [17449140] = {['id']=17449140, ['name']="CombatSalvemix", ['index']=180, ['level']=60},
    [17449490] = {['id']=17449490, ['name']="Randecque", ['index']=530, ['level']=0},
    [17449499] = {['id']=17449499, ['name']="Loutille", ['index']=539, ['level']=0},
    [17449500] = {['id']=17449500, ['name']="Duchille", ['index']=540, ['level']=0},
    [17449502] = {['id']=17449502, ['name']="Phystiont", ['index']=542, ['level']=0},
    [17449142] = {['id']=17449142, ['name']="CombatSalvemix", ['index']=182, ['level']=60},
    [17448965] = {['id']=17448965, ['name']="DireBat", ['index']=5, ['level']=63},
    [17448966] = {['id']=17448966, ['name']="IncubusBats", ['index']=6, ['level']=63},
    [17448967] = {['id']=17448967, ['name']="IncubusBats", ['index']=7, ['level']=63},
    [17448968] = {['id']=17448968, ['name']="DireBat", ['index']=8, ['level']=62},
    [17448970] = {['id']=17448970, ['name']="Mousse", ['index']=10, ['level']=65},
    [17448975] = {['id']=17448975, ['name']="Mousse", ['index']=15, ['level']=65},
    [17448979] = {['id']=17448979, ['name']="DireBat", ['index']=19, ['level']=63},
    [17448980] = {['id']=17448980, ['name']="IncubusBats", ['index']=20, ['level']=63},
    [17448988] = {['id']=17448988, ['name']="IncubusBats", ['index']=28, ['level']=64},
    [17448989] = {['id']=17448989, ['name']="DireBat", ['index']=29, ['level']=64},
    [17448990] = {['id']=17448990, ['name']="CitadelPipistr", ['index']=30, ['level']=77},
    [17448991] = {['id']=17448991, ['name']="IncubusBats", ['index']=31, ['level']=63},
    [17448994] = {['id']=17448994, ['name']="Mousse", ['index']=34, ['level']=66},
    [17448995] = {['id']=17448995, ['name']="Mousse", ['index']=35, ['level']=67},
    [17448996] = {['id']=17448996, ['name']="Mousse", ['index']=36, ['level']=64},
    [17448998] = {['id']=17448998, ['name']="Mousse", ['index']=38, ['level']=65},
    [17448999] = {['id']=17448999, ['name']="Mousse", ['index']=39, ['level']=64},
    [17449141] = {['id']=17449141, ['name']="CombatSalvemix", ['index']=181, ['level']=60},
    [17449144] = {['id']=17449144, ['name']="CombatSalvemix", ['index']=184, ['level']=60},
    [17449490] = {['id']=17449490, ['name']="Randecque", ['index']=530, ['level']=0},
    [17449499] = {['id']=17449499, ['name']="Loutille", ['index']=539, ['level']=0},
    [17449500] = {['id']=17449500, ['name']="Duchille", ['index']=540, ['level']=0},
    [17449501] = {['id']=17449501, ['name']="Hanovaux", ['index']=541, ['level']=0},
    [17449502] = {['id']=17449502, ['name']="Phystiont", ['index']=542, ['level']=0},
    [17449099] = {['id']=17449099, ['name']="AriesianCaster", ['index']=139, ['level']=67},
    [17449098] = {['id']=17449098, ['name']="AriesianCaster", ['index']=138, ['level']=67},
    [17448982] = {['id']=17448982, ['name']="DireBat", ['index']=22, ['level']=64},
    [17449491] = {['id']=17449491, ['name']="Rarcasmeault", ['index']=531, ['level']=0},
    [17448981] = {['id']=17448981, ['name']="Mousse", ['index']=21, ['level']=65},
    [17449140] = {['id']=17449140, ['name']="CombatSalvemix", ['index']=180, ['level']=60},
    [17449142] = {['id']=17449142, ['name']="CombatSalvemix", ['index']=182, ['level']=60},
    [17449104] = {['id']=17449104, ['name']="AriesianCaster", ['index']=144, ['level']=67},
    [17449102] = {['id']=17449102, ['name']="AriesianCaster", ['index']=142, ['level']=67},
    [17449106] = {['id']=17449106, ['name']="AriesianCaster", ['index']=146, ['level']=67},
    [17449105] = {['id']=17449105, ['name']="AriesianCaster", ['index']=145, ['level']=67},
    [17449103] = {['id']=17449103, ['name']="AriesianCaster", ['index']=143, ['level']=67},
    [17449101] = {['id']=17449101, ['name']="AriesianCaster", ['index']=141, ['level']=67},
    [17449100] = {['id']=17449100, ['name']="AriesianCaster", ['index']=140, ['level']=67},
    [17448961] = {['id']=17448961, ['name']="DireBat", ['index']=1, ['level']=62},
    [17448963] = {['id']=17448963, ['name']="IncubusBats", ['index']=3, ['level']=63},
    [17448984] = {['id']=17448984, ['name']="YagudoPrior", ['index']=24, ['level']=71},
    [17449000] = {['id']=17449000, ['name']="YagudoTemplar", ['index']=40, ['level']=72},
    [17449001] = {['id']=17449001, ['name']="YagudoLutenist", ['index']=41, ['level']=72},
    [17449003] = {['id']=17449003, ['name']="YagudoPythones", ['index']=43, ['level']=72},
    [17449004] = {['id']=17449004, ['name']="Yagudo\'sElemen", ['index']=44, ['level']=67},
    [17448992] = {['id']=17448992, ['name']="Mousse", ['index']=32, ['level']=67},
    [17448993] = {['id']=17448993, ['name']="Mousse", ['index']=33, ['level']=66},
    [17449139] = {['id']=17449139, ['name']="CombatSalvemix", ['index']=179, ['level']=60},
    [17448997] = {['id']=17448997, ['name']="Mousse", ['index']=37, ['level']=66},
    [17449094] = {['id']=17449094, ['name']="Lutete", ['index']=134, ['level']=67},
    [17448983] = {['id']=17448983, ['name']="YagudoAbbot", ['index']=23, ['level']=71},
    [17449005] = {['id']=17449005, ['name']="YagudoZealot", ['index']=45, ['level']=71},
    [17449143] = {['id']=17449143, ['name']="CombatSalvemix", ['index']=183, ['level']=60},
    [17448974] = {['id']=17448974, ['name']="Mousse", ['index']=14, ['level']=64},
    [17449006] = {['id']=17449006, ['name']="Explosure", ['index']=46, ['level']=64},
    [17449007] = {['id']=17449007, ['name']="Explosure", ['index']=47, ['level']=65},
    [17449008] = {['id']=17449008, ['name']="Elatha", ['index']=48, ['level']=80},
    [17449002] = {['id']=17449002, ['name']="YagudoMissiona", ['index']=42, ['level']=72},
    [17449009] = {['id']=17449009, ['name']="Scolopendrid", ['index']=49, ['level']=69},
    [17449010] = {['id']=17449010, ['name']="Scolopendrid", ['index']=50, ['level']=68},
    [17449011] = {['id']=17449011, ['name']="Scolopendrid", ['index']=51, ['level']=69},
    [17449012] = {['id']=17449012, ['name']="Scolopendrid", ['index']=52, ['level']=68},
    [17449013] = {['id']=17449013, ['name']="Scolopendrid", ['index']=53, ['level']=70},
    [17449014] = {['id']=17449014, ['name']="Scolopendrid", ['index']=54, ['level']=69},
    [17449015] = {['id']=17449015, ['name']="Scolopendrid", ['index']=55, ['level']=69},
    [17449017] = {['id']=17449017, ['name']="Buarainech", ['index']=57, ['level']=80},
    [17449018] = {['id']=17449018, ['name']="Scolopendrid", ['index']=58, ['level']=69},
    [17449020] = {['id']=17449020, ['name']="YagudoLutenist", ['index']=60, ['level']=74},
    [17449019] = {['id']=17449019, ['name']="YagudoMissiona", ['index']=59, ['level']=74},
    [17449021] = {['id']=17449021, ['name']="YagudoZealot", ['index']=61, ['level']=74},
    [17449022] = {['id']=17449022, ['name']="YagudoTemplar", ['index']=62, ['level']=74},
    [17449024] = {['id']=17449024, ['name']="Yagudo\'sElemen", ['index']=64, ['level']=68},
    [17449025] = {['id']=17449025, ['name']="YagudoAbbot", ['index']=65, ['level']=74},
    [17449026] = {['id']=17449026, ['name']="YagudoPrior", ['index']=66, ['level']=74},
    [17449023] = {['id']=17449023, ['name']="YagudoPythones", ['index']=63, ['level']=73},
    [17449027] = {['id']=17449027, ['name']="Explosure", ['index']=67, ['level']=65},
    [17448986] = {['id']=17448986, ['name']="Explosure", ['index']=26, ['level']=64},
    [17449028] = {['id']=17449028, ['name']="Explosure", ['index']=68, ['level']=64},
    [17448987] = {['id']=17448987, ['name']="Explosure", ['index']=27, ['level']=64},
