    [17371144] = {['id']=17371144, ['name']="YagudoInitiate", ['index']=8, ['level']=4},
    [17371146] = {['id']=17371146, ['name']="YagudoAcolyte", ['index']=10, ['level']=3},
    [17371150] = {['id']=17371150, ['name']="GiddeusPugil", ['index']=14, ['level']=4},
    [17371151] = {['id']=17371151, ['name']="GiddeusPugil", ['index']=15, ['level']=4},
    [17371149] = {['id']=17371149, ['name']="GiddeusPugil", ['index']=13, ['level']=3},
    [17371148] = {['id']=17371148, ['name']="GiddeusBee", ['index']=12, ['level']=3},
    [17371167] = {['id']=17371167, ['name']="YagudoScribe", ['index']=31, ['level']=4},
    [17371162] = {['id']=17371162, ['name']="GiddeusBee", ['index']=26, ['level']=3},
    [17371163] = {['id']=17371163, ['name']="GiddeusBee", ['index']=27, ['level']=3},
    [17371152] = {['id']=17371152, ['name']="YagudoInitiate", ['index']=16, ['level']=4},
    [17371164] = {['id']=17371164, ['name']="GiddeusBee", ['index']=28, ['level']=3},
    [17371160] = {['id']=17371160, ['name']="YagudoAcolyte", ['index']=24, ['level']=3},
    [17371159] = {['id']=17371159, ['name']="YagudoInitiate", ['index']=23, ['level']=4},
    [17371156] = {['id']=17371156, ['name']="GiddeusBee", ['index']=20, ['level']=3},
    [17371158] = {['id']=17371158, ['name']="GiddeusBee", ['index']=22, ['level']=4},
    [17371154] = {['id']=17371154, ['name']="YagudoAcolyte", ['index']=18, ['level']=3},
    [17371157] = {['id']=17371157, ['name']="GiddeusBee", ['index']=21, ['level']=4},
    [17371143] = {['id']=17371143, ['name']="ZhuuBuxutheS", ['index']=7, ['level']=16},
    [17371444] = {['id']=17371444, ['name']="EarthEater", ['index']=308, ['level']=12},
    [17371445] = {['id']=17371445, ['name']="EarthEater", ['index']=309, ['level']=10},
    [17371446] = {['id']=17371446, ['name']="EarthEater", ['index']=310, ['level']=10},
    [17371450] = {['id']=17371450, ['name']="YagudoPersecut", ['index']=314, ['level']=13},
    [17371451] = {['id']=17371451, ['name']="EarthEater", ['index']=315, ['level']=10},
    [17371452] = {['id']=17371452, ['name']="EarthEater", ['index']=316, ['level']=10},
    [17371453] = {['id']=17371453, ['name']="YagudoMendican", ['index']=317, ['level']=13},
    [17371454] = {['id']=17371454, ['name']="Yagudo\'sElemen", ['index']=318, ['level']=5},
    [17371457] = {['id']=17371457, ['name']="YagudoMendican", ['index']=321, ['level']=12},
    [17371458] = {['id']=17371458, ['name']="Yagudo\'sElemen", ['index']=322, ['level']=6},
    [17371459] = {['id']=17371459, ['name']="YagudoPiper", ['index']=323, ['level']=12},
    [17371461] = {['id']=17371461, ['name']="YagudoMendican", ['index']=325, ['level']=12},
    [17371462] = {['id']=17371462, ['name']="Yagudo\'sElemen", ['index']=326, ['level']=6},
    [17371465] = {['id']=17371465, ['name']="YagudoMendican", ['index']=329, ['level']=11},
    [17371466] = {['id']=17371466, ['name']="Yagudo\'sElemen", ['index']=330, ['level']=6},
    [17371467] = {['id']=17371467, ['name']="YagudoPiper", ['index']=331, ['level']=11},
    [17371469] = {['id']=17371469, ['name']="YagudoMendican", ['index']=333, ['level']=12},
    [17371470] = {['id']=17371470, ['name']="Yagudo\'sElemen", ['index']=334, ['level']=6},
    [17371473] = {['id']=17371473, ['name']="EarthEater", ['index']=337, ['level']=10},
    [17371474] = {['id']=17371474, ['name']="EarthEater", ['index']=338, ['level']=11},
    [17371478] = {['id']=17371478, ['name']="YagudoPersecut", ['index']=342, ['level']=14},
    [17371479] = {['id']=17371479, ['name']="EarthEater", ['index']=343, ['level']=10},
    [17371480] = {['id']=17371480, ['name']="EarthEater", ['index']=344, ['level']=10},
    [17371481] = {['id']=17371481, ['name']="EarthEater", ['index']=345, ['level']=10},
    [17371439] = {['id']=17371439, ['name']="EarthEater", ['index']=303, ['level']=11},
    [17371434] = {['id']=17371434, ['name']="YagudoMendican", ['index']=298, ['level']=15},
    [17371435] = {['id']=17371435, ['name']="Yagudo\'sElemen", ['index']=299, ['level']=4},
    [17371438] = {['id']=17371438, ['name']="EarthEater", ['index']=302, ['level']=12},
    [17371436] = {['id']=17371436, ['name']="YagudoPiper", ['index']=300, ['level']=13},
    [17371142] = {['id']=17371142, ['name']="EyyMontheIro", ['index']=6, ['level']=16},
    [17371442] = {['id']=17371442, ['name']="YagudoPiper", ['index']=306, ['level']=15},
    [17371440] = {['id']=17371440, ['name']="YagudoMendican", ['index']=304, ['level']=14},
    [17371441] = {['id']=17371441, ['name']="Yagudo\'sElemen", ['index']=305, ['level']=6},
    [17371433] = {['id']=17371433, ['name']="YagudoPersecut", ['index']=297, ['level']=13},
    [17371431] = {['id']=17371431, ['name']="Yagudo\'sElemen", ['index']=295, ['level']=5},
    [17371430] = {['id']=17371430, ['name']="YagudoMendican", ['index']=294, ['level']=13},
    [17371592] = {['id']=17371592, ['name']="QuuBokye", ['index']=456, ['level']=20},
    [17371591] = {['id']=17371591, ['name']="UuZhoumo", ['index']=455, ['level']=60},
    [17371429] = {['id']=17371429, ['name']="EarthEater", ['index']=293, ['level']=10},
    [17371425] = {['id']=17371425, ['name']="Yagudo\'sElemen", ['index']=289, ['level']=4},
    [17371424] = {['id']=17371424, ['name']="YagudoMendican", ['index']=288, ['level']=13},
    [17371428] = {['id']=17371428, ['name']="EarthEater", ['index']=292, ['level']=12},
    [17371419] = {['id']=17371419, ['name']="YagudoPersecut", ['index']=283, ['level']=11},
    [17371168] = {['id']=17371168, ['name']="GiddeusBee", ['index']=32, ['level']=3},
    [17371538] = {['id']=17371538, ['name']="YagudoVotary", ['index']=402, ['level']=23},
    [17371543] = {['id']=17371543, ['name']="YagudoVotary", ['index']=407, ['level']=23},
    [17371544] = {['id']=17371544, ['name']="YagudoTheologi", ['index']=408, ['level']=22},
    [17371545] = {['id']=17371545, ['name']="YagudoPriest", ['index']=409, ['level']=21},
    [17371546] = {['id']=17371546, ['name']="DiggerWasp", ['index']=410, ['level']=11},
    [17371547] = {['id']=17371547, ['name']="DiggerWasp", ['index']=411, ['level']=12},
    [17371548] = {['id']=17371548, ['name']="DiggerWasp", ['index']=412, ['level']=11},
    [17371549] = {['id']=17371549, ['name']="YagudoVotary", ['index']=413, ['level']=21},
    [17371551] = {['id']=17371551, ['name']="YagudoPriest", ['index']=415, ['level']=23},
    [17371554] = {['id']=17371554, ['name']="YagudoPriest", ['index']=418, ['level']=23},
    [17371555] = {['id']=17371555, ['name']="DiggerWasp", ['index']=419, ['level']=13},
    [17371556] = {['id']=17371556, ['name']="YagudoVotary", ['index']=420, ['level']=23},
    [17371558] = {['id']=17371558, ['name']="YagudoPriest", ['index']=422, ['level']=22},
    [17371562] = {['id']=17371562, ['name']="DiggerWasp", ['index']=426, ['level']=12},
    [17371564] = {['id']=17371564, ['name']="YagudoTheologi", ['index']=428, ['level']=21},
    [17371566] = {['id']=17371566, ['name']="YagudoVotary", ['index']=430, ['level']=21},
    [17371568] = {['id']=17371568, ['name']="YagudoPriest", ['index']=432, ['level']=22},
    [17371569] = {['id']=17371569, ['name']="DiggerWasp", ['index']=433, ['level']=13},
    [17371571] = {['id']=17371571, ['name']="YagudoTheologi", ['index']=435, ['level']=22},
    [17371575] = {['id']=17371575, ['name']="YagudoPriest", ['index']=439, ['level']=22},
    [17371577] = {['id']=17371577, ['name']="YagudoPiper", ['index']=441, ['level']=15},
    [17371560] = {['id']=17371560, ['name']="YagudoTheologi", ['index']=424, ['level']=23},
    [17371576] = {['id']=17371576, ['name']="DiggerWasp", ['index']=440, ['level']=12},
    [17371573] = {['id']=17371573, ['name']="YagudoVotary", ['index']=437, ['level']=23},
    [17371281] = {['id']=17371281, ['name']="DiggerWasp", ['index']=145, ['level']=11},
    [17371284] = {['id']=17371284, ['name']="YagudoMendican", ['index']=148, ['level']=13},
    [17371285] = {['id']=17371285, ['name']="Yagudo\'sElemen", ['index']=149, ['level']=4},
    [17371287] = {['id']=17371287, ['name']="YagudoPersecut", ['index']=151, ['level']=12},
    [17371291] = {['id']=17371291, ['name']="YagudoPersecut", ['index']=155, ['level']=11},
    [17371292] = {['id']=17371292, ['name']="DiggerWasp", ['index']=156, ['level']=11},
    [17371295] = {['id']=17371295, ['name']="YagudoPiper", ['index']=159, ['level']=12},
    [17371297] = {['id']=17371297, ['name']="YagudoPiper", ['index']=161, ['level']=13},
    [17371299] = {['id']=17371299, ['name']="DiggerWasp", ['index']=163, ['level']=11},
    [17371300] = {['id']=17371300, ['name']="JuuDuzutheWh", ['index']=164, ['level']=13},
    [17371301] = {['id']=17371301, ['name']="DiggerWasp", ['index']=165, ['level']=13},
    [17371519] = {['id']=17371519, ['name']="YagudoPersecut", ['index']=383, ['level']=18},
    [17371520] = {['id']=17371520, ['name']="DiggerWasp", ['index']=384, ['level']=12},
    [17371521] = {['id']=17371521, ['name']="DiggerWasp", ['index']=385, ['level']=13},
    [17371524] = {['id']=17371524, ['name']="YagudoPiper", ['index']=388, ['level']=17},
    [17371526] = {['id']=17371526, ['name']="YagudoMendican", ['index']=390, ['level']=18},
    [17371527] = {['id']=17371527, ['name']="Yagudo\'sElemen", ['index']=391, ['level']=4},
    [17371528] = {['id']=17371528, ['name']="YagudoPiper", ['index']=392, ['level']=16},
    [17371533] = {['id']=17371533, ['name']="YagudoPersecut", ['index']=397, ['level']=16},
    [17371534] = {['id']=17371534, ['name']="YagudoPiper", ['index']=398, ['level']=14},
    [17371535] = {['id']=17371535, ['name']="YagudoTheologi", ['index']=399, ['level']=22},
    [17371537] = {['id']=17371537, ['name']="YagudoVotary", ['index']=401, ['level']=23},
    [17371541] = {['id']=17371541, ['name']="DiggerWasp", ['index']=405, ['level']=11},
    [17371542] = {['id']=17371542, ['name']="DiggerWasp", ['index']=406, ['level']=11},
    [17371312] = {['id']=17371312, ['name']="Yagudo\'sElemen", ['index']=176, ['level']=4},
    [17371319] = {['id']=17371319, ['name']="DiggerWasp", ['index']=183, ['level']=12},
    [17371311] = {['id']=17371311, ['name']="YagudoMendican", ['index']=175, ['level']=13},
    [17371314] = {['id']=17371314, ['name']="YagudoPersecut", ['index']=178, ['level']=14},
    [17371317] = {['id']=17371317, ['name']="YagudoPiper", ['index']=181, ['level']=15},
    [17371322] = {['id']=17371322, ['name']="DiggerWasp", ['index']=186, ['level']=12},
    [17371320] = {['id']=17371320, ['name']="DiggerWasp", ['index']=184, ['level']=13},
    [17371321] = {['id']=17371321, ['name']="DiggerWasp", ['index']=185, ['level']=11},
    [17371326] = {['id']=17371326, ['name']="YagudoPersecut", ['index']=190, ['level']=16},
    [17371324] = {['id']=17371324, ['name']="Yagudo\'sElemen", ['index']=188, ['level']=6},
    [17371308] = {['id']=17371308, ['name']="YagudoPiper", ['index']=172, ['level']=15},
    [17371310] = {['id']=17371310, ['name']="DiggerWasp", ['index']=174, ['level']=13},
    [17371302] = {['id']=17371302, ['name']="YagudoMendican", ['index']=166, ['level']=12},
    [17371305] = {['id']=17371305, ['name']="YagudoPersecut", ['index']=169, ['level']=13},
    [17371303] = {['id']=17371303, ['name']="Yagudo\'sElemen", ['index']=167, ['level']=5},
    [17371323] = {['id']=17371323, ['name']="YagudoMendican", ['index']=187, ['level']=18},
    [17371283] = {['id']=17371283, ['name']="DiggerWasp", ['index']=147, ['level']=11},
    [17371282] = {['id']=17371282, ['name']="DiggerWasp", ['index']=146, ['level']=11},
    [17371275] = {['id']=17371275, ['name']="YagudoAcolyte", ['index']=139, ['level']=10},
    [17371273] = {['id']=17371273, ['name']="YagudoScribe", ['index']=137, ['level']=7},
    [17371272] = {['id']=17371272, ['name']="YagudoAcolyte", ['index']=136, ['level']=7},
    [17371279] = {['id']=17371279, ['name']="YagudoPiper", ['index']=143, ['level']=11},
    [17371213] = {['id']=17371213, ['name']="YagudoInitiate", ['index']=77, ['level']=7},
    [17371216] = {['id']=17371216, ['name']="DirtEater", ['index']=80, ['level']=3},
    [17371217] = {['id']=17371217, ['name']="DirtEater", ['index']=81, ['level']=4},
    [17371218] = {['id']=17371218, ['name']="DirtEater", ['index']=82, ['level']=3},
    [17371221] = {['id']=17371221, ['name']="YagudoScribe", ['index']=85, ['level']=6},
    [17371222] = {['id']=17371222, ['name']="DirtEater", ['index']=86, ['level']=4},
    [17371223] = {['id']=17371223, ['name']="DirtEater", ['index']=87, ['level']=5},
    [17371224] = {['id']=17371224, ['name']="YagudoInitiate", ['index']=88, ['level']=9},
    [17371226] = {['id']=17371226, ['name']="YagudoScribe", ['index']=90, ['level']=7},
    [17371227] = {['id']=17371227, ['name']="DirtEater", ['index']=91, ['level']=4},
    [17371228] = {['id']=17371228, ['name']="DirtEater", ['index']=92, ['level']=3},
    [17371229] = {['id']=17371229, ['name']="YagudoInitiate", ['index']=93, ['level']=6},
    [17371231] = {['id']=17371231, ['name']="YagudoScribe", ['index']=95, ['level']=7},
    [17371232] = {['id']=17371232, ['name']="DirtEater", ['index']=96, ['level']=3},
    [17371234] = {['id']=17371234, ['name']="YagudoAcolyte", ['index']=98, ['level']=6},
    [17371236] = {['id']=17371236, ['name']="YagudoInitiate", ['index']=100, ['level']=5},
    [17371237] = {['id']=17371237, ['name']="YagudoAcolyte", ['index']=101, ['level']=5},
    [17371239] = {['id']=17371239, ['name']="DirtEater", ['index']=103, ['level']=3},
    [17371240] = {['id']=17371240, ['name']="DirtEater", ['index']=104, ['level']=3},
    [17371241] = {['id']=17371241, ['name']="DirtEater", ['index']=105, ['level']=5},
    [17371242] = {['id']=17371242, ['name']="YagudoInitiate", ['index']=106, ['level']=7},
    [17371246] = {['id']=17371246, ['name']="DirtEater", ['index']=110, ['level']=3},
    [17371247] = {['id']=17371247, ['name']="DirtEater", ['index']=111, ['level']=4},
    [17371328] = {['id']=17371328, ['name']="YagudoAcolyte", ['index']=192, ['level']=10},
    [17371329] = {['id']=17371329, ['name']="YagudoScribe", ['index']=193, ['level']=10},
    [17371332] = {['id']=17371332, ['name']="YagudoScribe", ['index']=196, ['level']=7},
    [17371345] = {['id']=17371345, ['name']="YagudoAcolyte", ['index']=209, ['level']=10},
    [17371348] = {['id']=17371348, ['name']="YagudoAcolyte", ['index']=212, ['level']=9},
    [17371353] = {['id']=17371353, ['name']="YagudoPersecut", ['index']=217, ['level']=12},
    [17371482] = {['id']=17371482, ['name']="YagudoMendican", ['index']=346, ['level']=13},
    [17371483] = {['id']=17371483, ['name']="Yagudo\'sElemen", ['index']=347, ['level']=5},
    [17371486] = {['id']=17371486, ['name']="YagudoMendican", ['index']=350, ['level']=12},
    [17371487] = {['id']=17371487, ['name']="Yagudo\'sElemen", ['index']=351, ['level']=5},
    [17371489] = {['id']=17371489, ['name']="YagudoPersecut", ['index']=353, ['level']=14},
    [17371492] = {['id']=17371492, ['name']="YagudoPiper", ['index']=356, ['level']=13},
    [17371494] = {['id']=17371494, ['name']="YagudoPiper", ['index']=358, ['level']=12},
    [17371495] = {['id']=17371495, ['name']="YagudoPersecut", ['index']=359, ['level']=14},
    [17371496] = {['id']=17371496, ['name']="DiggerWasp", ['index']=360, ['level']=12},
    [17371497] = {['id']=17371497, ['name']="DiggerWasp", ['index']=361, ['level']=12},
    [17371500] = {['id']=17371500, ['name']="YagudoPiper", ['index']=364, ['level']=12},
    [17371502] = {['id']=17371502, ['name']="YagudoPersecut", ['index']=366, ['level']=14},
    [17371503] = {['id']=17371503, ['name']="DiggerWasp", ['index']=367, ['level']=12},
    [17371504] = {['id']=17371504, ['name']="YagudoMendican", ['index']=368, ['level']=18},
    [17371505] = {['id']=17371505, ['name']="Yagudo\'sElemen", ['index']=369, ['level']=6},
    [17371508] = {['id']=17371508, ['name']="YagudoMendican", ['index']=372, ['level']=18},
    [17371509] = {['id']=17371509, ['name']="Yagudo\'sElemen", ['index']=373, ['level']=6},
    [17371510] = {['id']=17371510, ['name']="YagudoPiper", ['index']=374, ['level']=14},
    [17371511] = {['id']=17371511, ['name']="DiggerWasp", ['index']=375, ['level']=11},
    [17371512] = {['id']=17371512, ['name']="DiggerWasp", ['index']=376, ['level']=13},
    [17371513] = {['id']=17371513, ['name']="YagudoMendican", ['index']=377, ['level']=12},
    [17371514] = {['id']=17371514, ['name']="Yagudo\'sElemen", ['index']=378, ['level']=4},
    [17371333] = {['id']=17371333, ['name']="YagudoMendican", ['index']=197, ['level']=13},
    [17371340] = {['id']=17371340, ['name']="YagudoPersecut", ['index']=204, ['level']=12},
    [17371342] = {['id']=17371342, ['name']="GiantPugil", ['index']=206, ['level']=10},
    [17371334] = {['id']=17371334, ['name']="Yagudo\'sElemen", ['index']=198, ['level']=5},
    [17371336] = {['id']=17371336, ['name']="YagudoPersecut", ['index']=200, ['level']=11},
    [17371343] = {['id']=17371343, ['name']="GiantPugil", ['index']=207, ['level']=9},
    [17371346] = {['id']=17371346, ['name']="YagudoScribe", ['index']=210, ['level']=9},
    [17371341] = {['id']=17371341, ['name']="GiantPugil", ['index']=205, ['level']=11},
    [17371362] = {['id']=17371362, ['name']="YagudoPiper", ['index']=226, ['level']=13},
    [17371356] = {['id']=17371356, ['name']="YagudoScribe", ['index']=220, ['level']=9},
    [17371359] = {['id']=17371359, ['name']="YagudoScribe", ['index']=223, ['level']=10},
    [17371354] = {['id']=17371354, ['name']="YagudoInitiate", ['index']=218, ['level']=10},
    [17371415] = {['id']=17371415, ['name']="YagudoVotary", ['index']=279, ['level']=23},
    [17371406] = {['id']=17371406, ['name']="YagudoPiper", ['index']=270, ['level']=14},
    [17371402] = {['id']=17371402, ['name']="YagudoPiper", ['index']=266, ['level']=15},
    [17371390] = {['id']=17371390, ['name']="YagudoMendican", ['index']=254, ['level']=13},
    [17371391] = {['id']=17371391, ['name']="Yagudo\'sElemen", ['index']=255, ['level']=6},
    [17371393] = {['id']=17371393, ['name']="YagudoPersecut", ['index']=257, ['level']=15},
    [17371396] = {['id']=17371396, ['name']="YagudoPiper", ['index']=260, ['level']=12},
    [17371398] = {['id']=17371398, ['name']="DiggerWasp", ['index']=262, ['level']=11},
    [17371399] = {['id']=17371399, ['name']="QuuXijotheIl", ['index']=263, ['level']=24},
    [17371404] = {['id']=17371404, ['name']="YagudoMendican", ['index']=268, ['level']=12},
    [17371405] = {['id']=17371405, ['name']="Yagudo\'sElemen", ['index']=269, ['level']=4},
    [17371408] = {['id']=17371408, ['name']="DiggerWasp", ['index']=272, ['level']=12},
    [17371412] = {['id']=17371412, ['name']="YagudoPersecut", ['index']=276, ['level']=12},
    [17371413] = {['id']=17371413, ['name']="DiggerWasp", ['index']=277, ['level']=12},
    [17371414] = {['id']=17371414, ['name']="DiggerWasp", ['index']=278, ['level']=11},
    [17371389] = {['id']=17371389, ['name']="DiggerWasp", ['index']=253, ['level']=12},
    [17371388] = {['id']=17371388, ['name']="DiggerWasp", ['index']=252, ['level']=13},
    [17371386] = {['id']=17371386, ['name']="YagudoPiper", ['index']=250, ['level']=12},
    [17371382] = {['id']=17371382, ['name']="YagudoPiper", ['index']=246, ['level']=17},
    [17371383] = {['id']=17371383, ['name']="YagudoPersecut", ['index']=247, ['level']=16},
    [17371379] = {['id']=17371379, ['name']="DiggerWasp", ['index']=243, ['level']=11},
    [17371378] = {['id']=17371378, ['name']="DiggerWasp", ['index']=242, ['level']=13},
    [17371373] = {['id']=17371373, ['name']="YagudoPersecut", ['index']=237, ['level']=15},
    [17371370] = {['id']=17371370, ['name']="YagudoMendican", ['index']=234, ['level']=12},
    [17371371] = {['id']=17371371, ['name']="Yagudo\'sElemen", ['index']=235, ['level']=5},
    [17371376] = {['id']=17371376, ['name']="YagudoPiper", ['index']=240, ['level']=14},
    [17371369] = {['id']=17371369, ['name']="DiggerWasp", ['index']=233, ['level']=11},
    [17371368] = {['id']=17371368, ['name']="DiggerWasp", ['index']=232, ['level']=12},
    [17371366] = {['id']=17371366, ['name']="YagudoPiper", ['index']=230, ['level']=12},
