    [17645617] = {['id']=17645617, ['name']="HellBat", ['index']=49, ['level']=48},
    [17645618] = {['id']=17645618, ['name']="HellBat", ['index']=50, ['level']=45},
    [17645619] = {['id']=17645619, ['name']="HellBat", ['index']=51, ['level']=44},
    [17645910] = {['id']=17645910, ['name']="GroundsTome", ['index']=342, ['level']=0},
    [17645915] = {['id']=17645915, ['name']="SurvivalGuide", ['index']=347, ['level']=0},
    [17645616] = {['id']=17645616, ['name']="Hawker", ['index']=48, ['level']=46},
    [17645615] = {['id']=17645615, ['name']="GoblinPoacher", ['index']=47, ['level']=48},
    [17645613] = {['id']=17645613, ['name']="Hawker", ['index']=45, ['level']=45},
    [17645614] = {['id']=17645614, ['name']="Hawker", ['index']=46, ['level']=48},
    [17645612] = {['id']=17645612, ['name']="GoblinReaper", ['index']=44, ['level']=48},
    [17645610] = {['id']=17645610, ['name']="GoblinRobber", ['index']=42, ['level']=48},
    [17645611] = {['id']=17645611, ['name']="Hawker", ['index']=43, ['level']=48},
    [17645599] = {['id']=17645599, ['name']="GoblinRobber", ['index']=31, ['level']=47},
    [17645600] = {['id']=17645600, ['name']="GoblinRobber", ['index']=32, ['level']=49},
    [17645607] = {['id']=17645607, ['name']="Hawker", ['index']=39, ['level']=48},
    [17645594] = {['id']=17645594, ['name']="GoblinPoacher", ['index']=26, ['level']=47},
    [17645596] = {['id']=17645596, ['name']="Hawker", ['index']=28, ['level']=47},
    [17645601] = {['id']=17645601, ['name']="Hawker", ['index']=33, ['level']=46},
    [17645602] = {['id']=17645602, ['name']="Hawker", ['index']=34, ['level']=48},
    [17645603] = {['id']=17645603, ['name']="LabyrinthLeech", ['index']=35, ['level']=45},
    [17645606] = {['id']=17645606, ['name']="Hawker", ['index']=38, ['level']=46},
    [17645608] = {['id']=17645608, ['name']="LabyrinthLeech", ['index']=40, ['level']=47},
    [17645626] = {['id']=17645626, ['name']="Makara", ['index']=58, ['level']=46},
    [17645609] = {['id']=17645609, ['name']="GoblinsaviorHe", ['index']=41, ['level']=52},
    [17645598] = {['id']=17645598, ['name']="LabyrinthLeech", ['index']=30, ['level']=45},
    [17645597] = {['id']=17645597, ['name']="Hawker", ['index']=29, ['level']=48},
    [17645627] = {['id']=17645627, ['name']="Makara", ['index']=59, ['level']=46},
    [17645593] = {['id']=17645593, ['name']="Hawker", ['index']=25, ['level']=48},
    [17645592] = {['id']=17645592, ['name']="GoblinReaper", ['index']=24, ['level']=47},
    [17645589] = {['id']=17645589, ['name']="LabyrinthLizar", ['index']=21, ['level']=46},
    [17645625] = {['id']=17645625, ['name']="Makara", ['index']=57, ['level']=46},
    [17645624] = {['id']=17645624, ['name']="Makara", ['index']=56, ['level']=49},
    [17645590] = {['id']=17645590, ['name']="HellBat", ['index']=22, ['level']=48},
    [17645588] = {['id']=17645588, ['name']="LabyrinthLizar", ['index']=20, ['level']=48},
    [17645591] = {['id']=17645591, ['name']="GreaterGaylas", ['index']=23, ['level']=46},
    [17645587] = {['id']=17645587, ['name']="LabyrinthLeech", ['index']=19, ['level']=48},
    [17645584] = {['id']=17645584, ['name']="GoblinRobber", ['index']=16, ['level']=48},
    [17645585] = {['id']=17645585, ['name']="LabyrinthLizar", ['index']=17, ['level']=46},
    [17645586] = {['id']=17645586, ['name']="LabyrinthLizar", ['index']=18, ['level']=49},
    [17645622] = {['id']=17645622, ['name']="Makara", ['index']=54, ['level']=47},
    [17645623] = {['id']=17645623, ['name']="Makara", ['index']=55, ['level']=49},
    [17645580] = {['id']=17645580, ['name']="LabyrinthLizar", ['index']=12, ['level']=48},
    [17645582] = {['id']=17645582, ['name']="LabyrinthLeech", ['index']=14, ['level']=47},
    [17645583] = {['id']=17645583, ['name']="LabyrinthLeech", ['index']=15, ['level']=48},
    [17645581] = {['id']=17645581, ['name']="LabyrinthLizar", ['index']=13, ['level']=47},
    [17645579] = {['id']=17645579, ['name']="GoblinPoacher", ['index']=11, ['level']=49},
    [17645911] = {['id']=17645911, ['name']="GroundsTome", ['index']=343, ['level']=0},
    [17645577] = {['id']=17645577, ['name']="LabyrinthLeech", ['index']=9, ['level']=46},
    [17645574] = {['id']=17645574, ['name']="LabyrinthLizar", ['index']=6, ['level']=49},
    [17645573] = {['id']=17645573, ['name']="GoblinRobber", ['index']=5, ['level']=48},
    [17645576] = {['id']=17645576, ['name']="LabyrinthLeech", ['index']=8, ['level']=47},
    [17645575] = {['id']=17645575, ['name']="LabyrinthLizar", ['index']=7, ['level']=46},
    [17645620] = {['id']=17645620, ['name']="Makara", ['index']=52, ['level']=46},
    [17645572] = {['id']=17645572, ['name']="GreaterGaylas", ['index']=4, ['level']=48},
    [17645571] = {['id']=17645571, ['name']="GoblinPoacher", ['index']=3, ['level']=46},
    [17645621] = {['id']=17645621, ['name']="Makara", ['index']=53, ['level']=47},
    [17645569] = {['id']=17645569, ['name']="GreaterGaylas", ['index']=1, ['level']=48},
    [17645570] = {['id']=17645570, ['name']="GreaterGaylas", ['index']=2, ['level']=48},
    [17645628] = {['id']=17645628, ['name']="LabyrinthLizar", ['index']=60, ['level']=48},
    [17645629] = {['id']=17645629, ['name']="GreaterGaylas", ['index']=61, ['level']=49},
    [17645630] = {['id']=17645630, ['name']="GreaterGaylas", ['index']=62, ['level']=47},
    [17645633] = {['id']=17645633, ['name']="GoblinMercenar", ['index']=65, ['level']=66},
    [17645634] = {['id']=17645634, ['name']="GoblinMercenar", ['index']=66, ['level']=68},
    [17645636] = {['id']=17645636, ['name']="GoblinShepherd", ['index']=68, ['level']=67},
    [17645637] = {['id']=17645637, ['name']="Goblin\'sLeech", ['index']=69, ['level']=54},
    [17645644] = {['id']=17645644, ['name']="GoblinMercenar", ['index']=76, ['level']=65},
    [17645635] = {['id']=17645635, ['name']="GoblinAlchemis", ['index']=67, ['level']=65},
    [17645631] = {['id']=17645631, ['name']="RobberCrab", ['index']=63, ['level']=66},
    [17645632] = {['id']=17645632, ['name']="RobberCrab", ['index']=64, ['level']=68},
    [17645639] = {['id']=17645639, ['name']="Goblin\'sLeech", ['index']=71, ['level']=55},
    [17645638] = {['id']=17645638, ['name']="GoblinShepherd", ['index']=70, ['level']=65},
    [17645652] = {['id']=17645652, ['name']="Goblin\'sLeech", ['index']=84, ['level']=53},
    [17645651] = {['id']=17645651, ['name']="GoblinShepherd", ['index']=83, ['level']=68},
    [17645650] = {['id']=17645650, ['name']="RobberCrab", ['index']=82, ['level']=67},
    [17645653] = {['id']=17645653, ['name']="GoblinAlchemis", ['index']=85, ['level']=68},
    [17645912] = {['id']=17645912, ['name']="GroundsTome", ['index']=344, ['level']=0},
    [17645668] = {['id']=17645668, ['name']="DoomSoldier", ['index']=100, ['level']=67},
    [17645654] = {['id']=17645654, ['name']="RobberCrab", ['index']=86, ['level']=67},
    [17645656] = {['id']=17645656, ['name']="DoomSoldier", ['index']=88, ['level']=67},
    [17645667] = {['id']=17645667, ['name']="RobberCrab", ['index']=99, ['level']=68},
    [17645666] = {['id']=17645666, ['name']="RobberCrab", ['index']=98, ['level']=68},
    [17645657] = {['id']=17645657, ['name']="DoomSoldier", ['index']=89, ['level']=66},
    [17645670] = {['id']=17645670, ['name']="RobberCrab", ['index']=102, ['level']=67},
    [17645655] = {['id']=17645655, ['name']="RobberCrab", ['index']=87, ['level']=67},
    [17645658] = {['id']=17645658, ['name']="DoomMage", ['index']=90, ['level']=65},
    [17645669] = {['id']=17645669, ['name']="RobberCrab", ['index']=101, ['level']=68},
    [17645659] = {['id']=17645659, ['name']="DoomMage", ['index']=91, ['level']=67},
    [17645660] = {['id']=17645660, ['name']="RobberCrab", ['index']=92, ['level']=67},
    [17645662] = {['id']=17645662, ['name']="DoomSoldier", ['index']=94, ['level']=65},
    [17645664] = {['id']=17645664, ['name']="DoomMage", ['index']=96, ['level']=66},
    [17645665] = {['id']=17645665, ['name']="DoomMage", ['index']=97, ['level']=67},
    [17645661] = {['id']=17645661, ['name']="RobberCrab", ['index']=93, ['level']=68},
    [17645698] = {['id']=17645698, ['name']="RobberCrab", ['index']=130, ['level']=67},
    [17645672] = {['id']=17645672, ['name']="DoomSoldier", ['index']=104, ['level']=67},
    [17645671] = {['id']=17645671, ['name']="DoomSoldier", ['index']=103, ['level']=66},
    [17645701] = {['id']=17645701, ['name']="DoomGuard", ['index']=133, ['level']=75},
    [17645700] = {['id']=17645700, ['name']="DoomGuard", ['index']=132, ['level']=77},
    [17645702] = {['id']=17645702, ['name']="DoomWarlock", ['index']=134, ['level']=78},
    [17645703] = {['id']=17645703, ['name']="DoomWarlock", ['index']=135, ['level']=76},
    [17645705] = {['id']=17645705, ['name']="DoomWarlock", ['index']=137, ['level']=76},
    [17645707] = {['id']=17645707, ['name']="DoomGuard", ['index']=139, ['level']=77},
    [17645706] = {['id']=17645706, ['name']="DoomWarlock", ['index']=138, ['level']=77},
    [17645714] = {['id']=17645714, ['name']="DemonicPugil", ['index']=146, ['level']=73},
    [17645711] = {['id']=17645711, ['name']="DoomGuard", ['index']=143, ['level']=76},
    [17645713] = {['id']=17645713, ['name']="TyphoonWyvern", ['index']=145, ['level']=80},
    [17645709] = {['id']=17645709, ['name']="DoomWarlock", ['index']=141, ['level']=77},
    [17645710] = {['id']=17645710, ['name']="DoomWarlock", ['index']=142, ['level']=77},
    [17645712] = {['id']=17645712, ['name']="DoomGuard", ['index']=144, ['level']=77},
    [17645729] = {['id']=17645729, ['name']="DemonicPugil", ['index']=161, ['level']=74},
    [17645718] = {['id']=17645718, ['name']="Erlik", ['index']=150, ['level']=77},
    [17645715] = {['id']=17645715, ['name']="DoomWarlock", ['index']=147, ['level']=78},
    [17645716] = {['id']=17645716, ['name']="TyphoonWyvern", ['index']=148, ['level']=78},
    [17645717] = {['id']=17645717, ['name']="Erlik", ['index']=149, ['level']=78},
    [17645720] = {['id']=17645720, ['name']="DoomWarlock", ['index']=152, ['level']=77},
    [17645723] = {['id']=17645723, ['name']="TyphoonWyvern", ['index']=155, ['level']=80},
    [17645721] = {['id']=17645721, ['name']="DoomGuard", ['index']=153, ['level']=76},
    [17645724] = {['id']=17645724, ['name']="DemonicPugil", ['index']=156, ['level']=73},
    [17645726] = {['id']=17645726, ['name']="DoomWarlock", ['index']=158, ['level']=78},
    [17645725] = {['id']=17645725, ['name']="DoomWarlock", ['index']=157, ['level']=77},
    [17645728] = {['id']=17645728, ['name']="DemonicPugil", ['index']=160, ['level']=73},
    [17645730] = {['id']=17645730, ['name']="DemonicPugil", ['index']=162, ['level']=75},
    [17645727] = {['id']=17645727, ['name']="DoomGuard", ['index']=159, ['level']=76},
    [17645674] = {['id']=17645674, ['name']="BoulderEater", ['index']=106, ['level']=101},
    [17645675] = {['id']=17645675, ['name']="BoulderEater", ['index']=107, ['level']=100},
    [17645673] = {['id']=17645673, ['name']="BoulderEater", ['index']=105, ['level']=102},
    [17645677] = {['id']=17645677, ['name']="BoulderEater", ['index']=109, ['level']=100},
    [17645676] = {['id']=17645676, ['name']="Pygmytoise", ['index']=108, ['level']=103},
    [17645678] = {['id']=17645678, ['name']="BoulderEater", ['index']=110, ['level']=102},
    [17645680] = {['id']=17645680, ['name']="Pygmytoise", ['index']=112, ['level']=102},
    [17645686] = {['id']=17645686, ['name']="BoulderEater", ['index']=118, ['level']=100},
    [17645685] = {['id']=17645685, ['name']="BoulderEater", ['index']=117, ['level']=100},
    [17645679] = {['id']=17645679, ['name']="Pygmytoise", ['index']=111, ['level']=103},
    [17645681] = {['id']=17645681, ['name']="Pygmytoise", ['index']=113, ['level']=103},
    [17645683] = {['id']=17645683, ['name']="BoulderEater", ['index']=115, ['level']=101},
    [17645682] = {['id']=17645682, ['name']="BoulderEater", ['index']=114, ['level']=101},
    [17645684] = {['id']=17645684, ['name']="BoulderEater", ['index']=116, ['level']=102},
    [17645689] = {['id']=17645689, ['name']="Pygmytoise", ['index']=121, ['level']=102},
    [17645692] = {['id']=17645692, ['name']="BoulderEater", ['index']=124, ['level']=101},
    [17645691] = {['id']=17645691, ['name']="BoulderEater", ['index']=123, ['level']=101},
    [17645690] = {['id']=17645690, ['name']="Pygmytoise", ['index']=122, ['level']=102},
    [17645688] = {['id']=17645688, ['name']="Pygmytoise", ['index']=120, ['level']=103},
    [17645696] = {['id']=17645696, ['name']="BoulderEater", ['index']=128, ['level']=101},
    [17645695] = {['id']=17645695, ['name']="BoulderEater", ['index']=127, ['level']=101},
    [17645693] = {['id']=17645693, ['name']="BoulderEater", ['index']=125, ['level']=100},
    [17645694] = {['id']=17645694, ['name']="BoulderEater", ['index']=126, ['level']=102},
    [17645642] = {['id']=17645642, ['name']="RobberCrab", ['index']=74, ['level']=65},
    [17645641] = {['id']=17645641, ['name']="RobberCrab", ['index']=73, ['level']=68},
    [17645648] = {['id']=17645648, ['name']="GoblinShepherd", ['index']=80, ['level']=66},
    [17645649] = {['id']=17645649, ['name']="Goblin\'sLeech", ['index']=81, ['level']=55},
    [17645646] = {['id']=17645646, ['name']="GoblinShepherd", ['index']=78, ['level']=65},
    [17645647] = {['id']=17645647, ['name']="Goblin\'sLeech", ['index']=79, ['level']=54},
    [17645645] = {['id']=17645645, ['name']="GoblinAlchemis", ['index']=77, ['level']=67},
    [17645643] = {['id']=17645643, ['name']="GoblinMercenar", ['index']=75, ['level']=66},
    [17645913] = {['id']=17645913, ['name']="GroundsTome", ['index']=345, ['level']=0},
    [17645732] = {['id']=17645732, ['name']="DoomGuard", ['index']=164, ['level']=76},
    [17645747] = {['id']=17645747, ['name']="DoomGuard", ['index']=179, ['level']=76},
    [17645733] = {['id']=17645733, ['name']="DoomGuard", ['index']=165, ['level']=75},
    [17645734] = {['id']=17645734, ['name']="DoomWarlock", ['index']=166, ['level']=76},
    [17645731] = {['id']=17645731, ['name']="DoomWarlock", ['index']=163, ['level']=76},
    [17645741] = {['id']=17645741, ['name']="Erlik", ['index']=173, ['level']=76},
    [17645740] = {['id']=17645740, ['name']="DemonicPugil", ['index']=172, ['level']=75},
    [17645735] = {['id']=17645735, ['name']="DoomGuard", ['index']=167, ['level']=77},
    [17645738] = {['id']=17645738, ['name']="DoomWarlock", ['index']=170, ['level']=76},
    [17645736] = {['id']=17645736, ['name']="DemonicPugil", ['index']=168, ['level']=75},
    [17645737] = {['id']=17645737, ['name']="Antares", ['index']=169, ['level']=78},
    [17645745] = {['id']=17645745, ['name']="DemonicPugil", ['index']=177, ['level']=76},
    [17645748] = {['id']=17645748, ['name']="DoomWarlock", ['index']=180, ['level']=78},
    [17645760] = {['id']=17645760, ['name']="DemonicPugil", ['index']=192, ['level']=74},
    [17645759] = {['id']=17645759, ['name']="DemonicPugil", ['index']=191, ['level']=75},
    [17645756] = {['id']=17645756, ['name']="DoomGuard", ['index']=188, ['level']=77},
    [17645750] = {['id']=17645750, ['name']="DemonicPugil", ['index']=182, ['level']=76},
    [17645749] = {['id']=17645749, ['name']="DoomWarlock", ['index']=181, ['level']=78},
    [17645757] = {['id']=17645757, ['name']="DemonicPugil", ['index']=189, ['level']=75},
    [17645751] = {['id']=17645751, ['name']="DoomGuard", ['index']=183, ['level']=77},
    [17645753] = {['id']=17645753, ['name']="Erlik", ['index']=185, ['level']=75},
    [17645752] = {['id']=17645752, ['name']="DemonicPugil", ['index']=184, ['level']=73},
    [17645761] = {['id']=17645761, ['name']="DemonicPugil", ['index']=193, ['level']=74},
    [17645763] = {['id']=17645763, ['name']="Antares", ['index']=195, ['level']=78},
    [17645762] = {['id']=17645762, ['name']="DoomGuard", ['index']=194, ['level']=75},
    [17645764] = {['id']=17645764, ['name']="TyphoonWyvern", ['index']=196, ['level']=78},
    [17645772] = {['id']=17645772, ['name']="Antares", ['index']=204, ['level']=77},
    [17645766] = {['id']=17645766, ['name']="DemonicPugil", ['index']=198, ['level']=73},
    [17645765] = {['id']=17645765, ['name']="DoomWarlock", ['index']=197, ['level']=77},
    [17645771] = {['id']=17645771, ['name']="DemonicPugil", ['index']=203, ['level']=76},
    [17645775] = {['id']=17645775, ['name']="DemonicPugil", ['index']=207, ['level']=76},
    [17645770] = {['id']=17645770, ['name']="DoomGuard", ['index']=202, ['level']=77},
    [17645776] = {['id']=17645776, ['name']="DemonicPugil", ['index']=208, ['level']=76},
    [17645739] = {['id']=17645739, ['name']="DoomWarlock", ['index']=171, ['level']=77},
    [17645743] = {['id']=17645743, ['name']="DoomGuard", ['index']=175, ['level']=75},
    [17645746] = {['id']=17645746, ['name']="DemonicPugil", ['index']=178, ['level']=74},
    [17645777] = {['id']=17645777, ['name']="DoomGuard", ['index']=209, ['level']=77},
    [17645780] = {['id']=17645780, ['name']="DemonicPugil", ['index']=212, ['level']=75},
    [17645779] = {['id']=17645779, ['name']="DoomWarlock", ['index']=211, ['level']=78},
    [17645783] = {['id']=17645783, ['name']="DemonicPugil", ['index']=215, ['level']=75},
    [17645781] = {['id']=17645781, ['name']="DoomWarlock", ['index']=213, ['level']=76},
    [17645784] = {['id']=17645784, ['name']="TyphoonWyvern", ['index']=216, ['level']=79},
    [17645793] = {['id']=17645793, ['name']="DemonicPugil", ['index']=225, ['level']=76},
    [17645782] = {['id']=17645782, ['name']="DoomWarlock", ['index']=214, ['level']=77},
    [17645787] = {['id']=17645787, ['name']="DemonicPugil", ['index']=219, ['level']=74},
    [17645788] = {['id']=17645788, ['name']="Erlik", ['index']=220, ['level']=77},
    [17645785] = {['id']=17645785, ['name']="DoomGuard", ['index']=217, ['level']=77},
    [17645790] = {['id']=17645790, ['name']="DoomWarlock", ['index']=222, ['level']=78},
    [17645786] = {['id']=17645786, ['name']="DoomGuard", ['index']=218, ['level']=77},
    [17645789] = {['id']=17645789, ['name']="DoomGuard", ['index']=221, ['level']=76},
    [17645791] = {['id']=17645791, ['name']="Erlik", ['index']=223, ['level']=76},
    [17645792] = {['id']=17645792, ['name']="TyphoonWyvern", ['index']=224, ['level']=80},
