    [17031219] = {['id']=17031219, ['name']="VolcanicBats", ['index']=51, ['level']=70},
    [17031220] = {['id']=17031220, ['name']="CopperBorer", ['index']=52, ['level']=82},
    [17031221] = {['id']=17031221, ['name']="PurgatoryBat", ['index']=53, ['level']=71},
    [17031217] = {['id']=17031217, ['name']="MagmaticEruca", ['index']=49, ['level']=72},
    [17031218] = {['id']=17031218, ['name']="MagmaticEruca", ['index']=50, ['level']=72},
    [17031216] = {['id']=17031216, ['name']="PurgatoryBat", ['index']=48, ['level']=71},
    [17031215] = {['id']=17031215, ['name']="PurgatoryBat", ['index']=47, ['level']=72},
    [17031214] = {['id']=17031214, ['name']="VolcanicBats", ['index']=46, ['level']=71},
    [17031210] = {['id']=17031210, ['name']="TrollCameist", ['index']=42, ['level']=75},
    [17031211] = {['id']=17031211, ['name']="BlackPudding", ['index']=43, ['level']=74},
    [17031212] = {['id']=17031212, ['name']="BlackPudding", ['index']=44, ['level']=72},
    [17031187] = {['id']=17031187, ['name']="TrollCameist", ['index']=19, ['level']=74},
    [17031188] = {['id']=17031188, ['name']="TrollStonework", ['index']=20, ['level']=74},
    [17031213] = {['id']=17031213, ['name']="TrollStonework", ['index']=45, ['level']=74},
    [17031224] = {['id']=17031224, ['name']="TrollGemologis", ['index']=56, ['level']=73},
    [17031223] = {['id']=17031223, ['name']="BlackPudding", ['index']=55, ['level']=74},
    [17031222] = {['id']=17031222, ['name']="TrollCameist", ['index']=54, ['level']=74},
    [17031231] = {['id']=17031231, ['name']="TrollEngraver", ['index']=63, ['level']=73},
    [17031229] = {['id']=17031229, ['name']="TrollSmelter", ['index']=61, ['level']=73},
    [17031228] = {['id']=17031228, ['name']="TrollIronworke", ['index']=60, ['level']=74},
    [17031232] = {['id']=17031232, ['name']="Troll'sAutomat", ['index']=64, ['level']=73},
    [17031230] = {['id']=17031230, ['name']="BlackPudding", ['index']=62, ['level']=74},
    [17031227] = {['id']=17031227, ['name']="BlackPudding", ['index']=59, ['level']=72},
    [17031226] = {['id']=17031226, ['name']="TrollLapidaris", ['index']=58, ['level']=73},
    [17031225] = {['id']=17031225, ['name']="TrollGemologis", ['index']=57, ['level']=75},
    [17031233] = {['id']=17031233, ['name']="BlackPudding", ['index']=65, ['level']=72},
    [17031234] = {['id']=17031234, ['name']="MagmaticEruca", ['index']=66, ['level']=74},
    [17031235] = {['id']=17031235, ['name']="MagmaticEruca", ['index']=67, ['level']=72},
    [17031236] = {['id']=17031236, ['name']="MagmaticEruca", ['index']=68, ['level']=72},
    [17031237] = {['id']=17031237, ['name']="MagmaticEruca", ['index']=69, ['level']=72},
    [17031238] = {['id']=17031238, ['name']="MagmaticEruca", ['index']=70, ['level']=74},
    [17031289] = {['id']=17031289, ['name']="Friar'sLantern", ['index']=121, ['level']=72},
    [17031288] = {['id']=17031288, ['name']="Friar'sLantern", ['index']=120, ['level']=74},
    [17031287] = {['id']=17031287, ['name']="Friar'sLantern", ['index']=119, ['level']=74},
    [17031285] = {['id']=17031285, ['name']="MagmaticEruca", ['index']=117, ['level']=72},
    [17031286] = {['id']=17031286, ['name']="MagmaticEruca", ['index']=118, ['level']=73},
    [17031281] = {['id']=17031281, ['name']="MagmaticEruca", ['index']=113, ['level']=72},
    [17031301] = {['id']=17031301, ['name']="MagmaticEruca", ['index']=133, ['level']=73},
    [17031302] = {['id']=17031302, ['name']="TrollEngraver", ['index']=134, ['level']=73},
    [17031303] = {['id']=17031303, ['name']="Troll'sAutomat", ['index']=135, ['level']=71},
    [17031300] = {['id']=17031300, ['name']="MagmaticEruca", ['index']=132, ['level']=72},
    [17031299] = {['id']=17031299, ['name']="TrollLapidaris", ['index']=131, ['level']=73},
    [17031282] = {['id']=17031282, ['name']="MagmaticEruca", ['index']=114, ['level']=73},
    [17031284] = {['id']=17031284, ['name']="MagmaticEruca", ['index']=116, ['level']=72},
    [17031283] = {['id']=17031283, ['name']="MagmaticEruca", ['index']=115, ['level']=71},
    [17031365] = {['id']=17031365, ['name']="TrollIronworke", ['index']=197, ['level']=75},
    [17031482] = {['id']=17031482, ['name']="DorgerwortheA", ['index']=314, ['level']=81},
    [17031364] = {['id']=17031364, ['name']="TrollSmelter", ['index']=196, ['level']=72},
    [17031357] = {['id']=17031357, ['name']="TrollIronworke", ['index']=189, ['level']=73},
    [17031363] = {['id']=17031363, ['name']="TrollGemologis", ['index']=195, ['level']=73},
    [17031358] = {['id']=17031358, ['name']="TrollCameist", ['index']=190, ['level']=75},
    [17031359] = {['id']=17031359, ['name']="TrollEngraver", ['index']=191, ['level']=73},
    [17031360] = {['id']=17031360, ['name']="Troll'sAutomat", ['index']=192, ['level']=72},
    [17031579] = {['id']=17031579, ['name']="WoodtrollMirro", ['index']=411, ['level']=81},
    [17031361] = {['id']=17031361, ['name']="TrollStonework", ['index']=193, ['level']=75},
    [17031578] = {['id']=17031578, ['name']="HilltrollMirro", ['index']=410, ['level']=82},
    [17031279] = {['id']=17031279, ['name']="MagmaticEruca", ['index']=111, ['level']=71},
    [17031280] = {['id']=17031280, ['name']="MagmaticEruca", ['index']=112, ['level']=71},
    [17031298] = {['id']=17031298, ['name']="TrollGemologis", ['index']=130, ['level']=73},
    [17031297] = {['id']=17031297, ['name']="Troll'sAutomat", ['index']=129, ['level']=71},
    [17031296] = {['id']=17031296, ['name']="TrollEngraver", ['index']=128, ['level']=71},
    [17031278] = {['id']=17031278, ['name']="MagmaticEruca", ['index']=110, ['level']=73},
    [17031295] = {['id']=17031295, ['name']="TrollCameist", ['index']=127, ['level']=72},
    [17031259] = {['id']=17031259, ['name']="MagmaticEruca", ['index']=91, ['level']=72},
    [17031276] = {['id']=17031276, ['name']="MagmaticEruca", ['index']=108, ['level']=73},
    [17031277] = {['id']=17031277, ['name']="MagmaticEruca", ['index']=109, ['level']=73},
    [17031274] = {['id']=17031274, ['name']="MagmaticEruca", ['index']=106, ['level']=73},
    [17031275] = {['id']=17031275, ['name']="MagmaticEruca", ['index']=107, ['level']=73},
    [17031273] = {['id']=17031273, ['name']="PurgatoryBat", ['index']=105, ['level']=70},
    [17031272] = {['id']=17031272, ['name']="PurgatoryBat", ['index']=104, ['level']=70},
    [17031271] = {['id']=17031271, ['name']="VolcanicBats", ['index']=103, ['level']=69},
    [17031269] = {['id']=17031269, ['name']="QiqirnMercenar", ['index']=101, ['level']=73},
    [17031270] = {['id']=17031270, ['name']="VolcanicBats", ['index']=102, ['level']=71},
    [17031268] = {['id']=17031268, ['name']="VolcanicBats", ['index']=100, ['level']=70},
    [17031265] = {['id']=17031265, ['name']="Friar'sLantern", ['index']=97, ['level']=75},
    [17031264] = {['id']=17031264, ['name']="Wamouracampa", ['index']=96, ['level']=76},
    [17031258] = {['id']=17031258, ['name']="MagmaticEruca", ['index']=90, ['level']=73},
    [17031255] = {['id']=17031255, ['name']="TrollGemologis", ['index']=87, ['level']=72},
    [17031254] = {['id']=17031254, ['name']="TrollCameist", ['index']=86, ['level']=71},
    [17031257] = {['id']=17031257, ['name']="TrollLapidaris", ['index']=89, ['level']=72},
    [17031253] = {['id']=17031253, ['name']="TrollStonework", ['index']=85, ['level']=71},
    [17031249] = {['id']=17031249, ['name']="MagmaticEruca", ['index']=81, ['level']=75},
    [17031260] = {['id']=17031260, ['name']="Friar'sLantern", ['index']=92, ['level']=76},
    [17031251] = {['id']=17031251, ['name']="MagmaticEruca", ['index']=83, ['level']=73},
    [17031261] = {['id']=17031261, ['name']="Friar'sLantern", ['index']=93, ['level']=74},
    [17031262] = {['id']=17031262, ['name']="Wamouracampa", ['index']=94, ['level']=74},
    [17031263] = {['id']=17031263, ['name']="Friar'sLantern", ['index']=95, ['level']=74},
    [17031250] = {['id']=17031250, ['name']="MagmaticEruca", ['index']=82, ['level']=73},
    [17031252] = {['id']=17031252, ['name']="MagmaticEruca", ['index']=84, ['level']=72},
    [17031327] = {['id']=17031327, ['name']="MagmaticEruca", ['index']=159, ['level']=73},
    [17031362] = {['id']=17031362, ['name']="MoblinMilliona", ['index']=194, ['level']=75},
    [17031326] = {['id']=17031326, ['name']="MagmaticEruca", ['index']=158, ['level']=74},
    [17031190] = {['id']=17031190, ['name']="TrollCameist", ['index']=22, ['level']=75},
    [17031189] = {['id']=17031189, ['name']="TrollIronworke", ['index']=21, ['level']=73},
    [17031184] = {['id']=17031184, ['name']="TrollStonework", ['index']=16, ['level']=73},
    [17031185] = {['id']=17031185, ['name']="TrollEngraver", ['index']=17, ['level']=74},
    [17031186] = {['id']=17031186, ['name']="Troll'sAutomat", ['index']=18, ['level']=72},
    [17031193] = {['id']=17031193, ['name']="TrollSmelter", ['index']=25, ['level']=75},
    [17031182] = {['id']=17031182, ['name']="VolcanicBats", ['index']=14, ['level']=71},
    [17031183] = {['id']=17031183, ['name']="PurgatoryBat", ['index']=15, ['level']=71},
    [17031192] = {['id']=17031192, ['name']="BlackPudding", ['index']=24, ['level']=73},
    [17031194] = {['id']=17031194, ['name']="TrollLapidaris", ['index']=26, ['level']=73},
    [17031195] = {['id']=17031195, ['name']="BlackPudding", ['index']=27, ['level']=74},
    [17031196] = {['id']=17031196, ['name']="BlackPudding", ['index']=28, ['level']=72},
    [17031197] = {['id']=17031197, ['name']="TrollEngraver", ['index']=29, ['level']=73},
    [17031198] = {['id']=17031198, ['name']="Troll'sAutomat", ['index']=30, ['level']=71},
    [17031199] = {['id']=17031199, ['name']="TrollIronworke", ['index']=31, ['level']=75},
    [17031200] = {['id']=17031200, ['name']="TrollGemologis", ['index']=32, ['level']=74},
    [17031204] = {['id']=17031204, ['name']="TrollCameist", ['index']=36, ['level']=74},
    [17031205] = {['id']=17031205, ['name']="TrollSmelter", ['index']=37, ['level']=74},
    [17031207] = {['id']=17031207, ['name']="BlackPudding", ['index']=39, ['level']=74},
    [17031206] = {['id']=17031206, ['name']="TrollGemologis", ['index']=38, ['level']=74},
    [17031208] = {['id']=17031208, ['name']="TrollLapidaris", ['index']=40, ['level']=73},
    [17031209] = {['id']=17031209, ['name']="TrollIronworke", ['index']=41, ['level']=74},
    [17031241] = {['id']=17031241, ['name']="TrollLapidaris", ['index']=73, ['level']=74},
    [17031242] = {['id']=17031242, ['name']="MoblinMilliona", ['index']=74, ['level']=74},
    [17031333] = {['id']=17031333, ['name']="Friar'sLantern", ['index']=165, ['level']=73},
    [17031332] = {['id']=17031332, ['name']="Friar'sLantern", ['index']=164, ['level']=73},
    [17031331] = {['id']=17031331, ['name']="Wamouracampa", ['index']=163, ['level']=73},
    [17031352] = {['id']=17031352, ['name']="TrollIronworke", ['index']=184, ['level']=74},
    [17031353] = {['id']=17031353, ['name']="TrollSmelter", ['index']=185, ['level']=71},
    [17031351] = {['id']=17031351, ['name']="TrollLapidaris", ['index']=183, ['level']=74},
    [17031354] = {['id']=17031354, ['name']="TrollEngraver", ['index']=186, ['level']=73},
    [17031355] = {['id']=17031355, ['name']="Troll'sAutomat", ['index']=187, ['level']=73},
    [17031350] = {['id']=17031350, ['name']="TrollGemologis", ['index']=182, ['level']=75},
    [17031349] = {['id']=17031349, ['name']="MoblinBilliona", ['index']=181, ['level']=74},
    [17031582] = {['id']=17031582, ['name']="HilltrollMirro", ['index']=414, ['level']=82},
    [17031583] = {['id']=17031583, ['name']="WoodtrollMirro", ['index']=415, ['level']=82},
    [17031348] = {['id']=17031348, ['name']="TrollCameist", ['index']=180, ['level']=73},
    [17031318] = {['id']=17031318, ['name']="Friar'sLantern", ['index']=150, ['level']=73},
    [17031317] = {['id']=17031317, ['name']="Friar'sLantern", ['index']=149, ['level']=74},
    [17031373] = {['id']=17031373, ['name']="Friar'sLantern", ['index']=205, ['level']=75},
    [17031374] = {['id']=17031374, ['name']="Friar'sLantern", ['index']=206, ['level']=74},
    [17031375] = {['id']=17031375, ['name']="Wamouracampa", ['index']=207, ['level']=75},
    [17031371] = {['id']=17031371, ['name']="Friar'sLantern", ['index']=203, ['level']=74},
    [17031372] = {['id']=17031372, ['name']="Friar'sLantern", ['index']=204, ['level']=74},
    [17031391] = {['id']=17031391, ['name']="Friar'sLantern", ['index']=223, ['level']=75},
    [17031370] = {['id']=17031370, ['name']="Wamouracampa", ['index']=202, ['level']=75},
    [17031389] = {['id']=17031389, ['name']="Friar'sLantern", ['index']=221, ['level']=74},
    [17031394] = {['id']=17031394, ['name']="EbonyPudding", ['index']=226, ['level']=79},
    [17031388] = {['id']=17031388, ['name']="Friar'sLantern", ['index']=220, ['level']=75},
    [17031393] = {['id']=17031393, ['name']="EbonyPudding", ['index']=225, ['level']=77},
    [17031376] = {['id']=17031376, ['name']="EbonyPudding", ['index']=208, ['level']=77},
    [17031377] = {['id']=17031377, ['name']="EbonyPudding", ['index']=209, ['level']=79},
    [17031383] = {['id']=17031383, ['name']="EbonyPudding", ['index']=215, ['level']=78},
    [17031382] = {['id']=17031382, ['name']="EbonyPudding", ['index']=214, ['level']=78},
    [17031378] = {['id']=17031378, ['name']="EbonyPudding", ['index']=210, ['level']=79},
    [17031379] = {['id']=17031379, ['name']="Friar'sLantern", ['index']=211, ['level']=74},
    [17031381] = {['id']=17031381, ['name']="Friar'sLantern", ['index']=213, ['level']=76},
    [17031431] = {['id']=17031431, ['name']="Antares", ['index']=263, ['level']=79},
    [17031585] = {['id']=17031585, ['name']="WoodtrollMirro", ['index']=417, ['level']=82},
    [17031432] = {['id']=17031432, ['name']="Antares", ['index']=264, ['level']=79},
    [17031584] = {['id']=17031584, ['name']="HilltrollMirro", ['index']=416, ['level']=81},
    [17031390] = {['id']=17031390, ['name']="Friar'sLantern", ['index']=222, ['level']=76},
    [17031430] = {['id']=17031430, ['name']="EbonyPudding", ['index']=262, ['level']=77},
    [17031428] = {['id']=17031428, ['name']="EbonyPudding", ['index']=260, ['level']=78},
    [17031429] = {['id']=17031429, ['name']="TrollGrenadier", ['index']=261, ['level']=80},
    [17031386] = {['id']=17031386, ['name']="Friar'sLantern", ['index']=218, ['level']=74},
    [17031387] = {['id']=17031387, ['name']="Friar'sLantern", ['index']=219, ['level']=76},
    [17031437] = {['id']=17031437, ['name']="TrollScrimer", ['index']=269, ['level']=78},
    [17031436] = {['id']=17031436, ['name']="TrollCombatant", ['index']=268, ['level']=80},
    [17031435] = {['id']=17031435, ['name']="Friar'sLantern", ['index']=267, ['level']=79},
    [17031433] = {['id']=17031433, ['name']="TrollArtillery", ['index']=265, ['level']=79},
    [17031434] = {['id']=17031434, ['name']="Friar'sLantern", ['index']=266, ['level']=77},
    [17031439] = {['id']=17031439, ['name']="Troll'sAutomat", ['index']=271, ['level']=76},
    [17031438] = {['id']=17031438, ['name']="TrollMachinist", ['index']=270, ['level']=78},
    [17031396] = {['id']=17031396, ['name']="Friar'sLantern", ['index']=228, ['level']=76},
    [17031395] = {['id']=17031395, ['name']="Friar'sLantern", ['index']=227, ['level']=76},
    [17031397] = {['id']=17031397, ['name']="Friar'sLantern", ['index']=229, ['level']=76},
    [17031459] = {['id']=17031459, ['name']="EbonyPudding", ['index']=291, ['level']=78},
    [17031471] = {['id']=17031471, ['name']="TrollMachinist", ['index']=303, ['level']=80},
    [17031472] = {['id']=17031472, ['name']="Troll'sAutomat", ['index']=304, ['level']=78},
    [17031398] = {['id']=17031398, ['name']="Friar'sLantern", ['index']=230, ['level']=77},
    [17031399] = {['id']=17031399, ['name']="Friar'sLantern", ['index']=231, ['level']=77},
    [17031462] = {['id']=17031462, ['name']="Friar'sLantern", ['index']=294, ['level']=76},
    [17031402] = {['id']=17031402, ['name']="TrollMachinist", ['index']=234, ['level']=81},
    [17031465] = {['id']=17031465, ['name']="Friar'sLantern", ['index']=297, ['level']=74},
    [17031403] = {['id']=17031403, ['name']="Troll'sAutomat", ['index']=235, ['level']=78},
    [17031464] = {['id']=17031464, ['name']="Friar'sLantern", ['index']=296, ['level']=74},
    [17031405] = {['id']=17031405, ['name']="TrollGrenadier", ['index']=237, ['level']=81},
    [17031404] = {['id']=17031404, ['name']="TrollScrimer", ['index']=236, ['level']=81},
    [17031460] = {['id']=17031460, ['name']="EbonyPudding", ['index']=292, ['level']=77},
    [17031461] = {['id']=17031461, ['name']="EbonyPudding", ['index']=293, ['level']=77},
    [17031407] = {['id']=17031407, ['name']="TrollCuirasser", ['index']=239, ['level']=79},
    [17031406] = {['id']=17031406, ['name']="TrollTargeteer", ['index']=238, ['level']=79},
    [17031470] = {['id']=17031470, ['name']="Antares", ['index']=302, ['level']=77},
    [17031478] = {['id']=17031478, ['name']="TrollMachinist", ['index']=310, ['level']=81},
    [17031479] = {['id']=17031479, ['name']="Troll'sAutomat", ['index']=311, ['level']=78},
    [17031480] = {['id']=17031480, ['name']="MoblinBilliona", ['index']=312, ['level']=76},
    [17031395] = {['id']=17031395, ['name']="Friar'sLantern", ['index']=227, ['level']=76},
    [17031396] = {['id']=17031396, ['name']="Friar'sLantern", ['index']=228, ['level']=76},
    [17031459] = {['id']=17031459, ['name']="EbonyPudding", ['index']=291, ['level']=78},
    [17031471] = {['id']=17031471, ['name']="TrollMachinist", ['index']=303, ['level']=80},
    [17031472] = {['id']=17031472, ['name']="Troll'sAutomat", ['index']=304, ['level']=78},
    [17031470] = {['id']=17031470, ['name']="Antares", ['index']=302, ['level']=77},
    [17031411] = {['id']=17031411, ['name']="EbonyPudding", ['index']=243, ['level']=79},
    [17031412] = {['id']=17031412, ['name']="EbonyPudding", ['index']=244, ['level']=77},
    [17031473] = {['id']=17031473, ['name']="TrollScrimer", ['index']=305, ['level']=80},
    [17031474] = {['id']=17031474, ['name']="Antares", ['index']=306, ['level']=77},
    [17031591] = {['id']=17031591, ['name']="WoodtrollMirro", ['index']=423, ['level']=82},
    [17031590] = {['id']=17031590, ['name']="HilltrollMirro", ['index']=422, ['level']=81},
    [17031461] = {['id']=17031461, ['name']="EbonyPudding", ['index']=293, ['level']=77},
    [17031460] = {['id']=17031460, ['name']="EbonyPudding", ['index']=292, ['level']=77},
    [17031399] = {['id']=17031399, ['name']="Friar'sLantern", ['index']=231, ['level']=79},
    [17031462] = {['id']=17031462, ['name']="Friar'sLantern", ['index']=294, ['level']=76},
    [17031465] = {['id']=17031465, ['name']="Friar'sLantern", ['index']=297, ['level']=74},
    [17031398] = {['id']=17031398, ['name']="Friar'sLantern", ['index']=230, ['level']=77},
    [17031464] = {['id']=17031464, ['name']="Friar'sLantern", ['index']=296, ['level']=74},
    [17031477] = {['id']=17031477, ['name']="TrollArtillery", ['index']=309, ['level']=82},
    [17031404] = {['id']=17031404, ['name']="TrollScrimer", ['index']=236, ['level']=81},
    [17031402] = {['id']=17031402, ['name']="TrollMachinist", ['index']=234, ['level']=81},
    [17031403] = {['id']=17031403, ['name']="Troll'sAutomat", ['index']=235, ['level']=78},
    [17031405] = {['id']=17031405, ['name']="TrollGrenadier", ['index']=237, ['level']=81},
    [17031476] = {['id']=17031476, ['name']="MoblinMilliona", ['index']=308, ['level']=76},
    [17031475] = {['id']=17031475, ['name']="TrollTargeteer", ['index']=307, ['level']=80},
    [17031406] = {['id']=17031406, ['name']="TrollTargeteer", ['index']=238, ['level']=79},
    [17031483] = {['id']=17031483, ['name']="TrollTargeteer", ['index']=315, ['level']=81},
    [17031366] = {['id']=17031366, ['name']="TrollArtillery", ['index']=198, ['level']=80},
    [17031408] = {['id']=17031408, ['name']="TrollArtillery", ['index']=240, ['level']=80},
    [17031401] = {['id']=17031401, ['name']="BigBomb", ['index']=233, ['level']=83},
    [17031407] = {['id']=17031407, ['name']="TrollCuirasser", ['index']=239, ['level']=79},
    [17031369] = {['id']=17031369, ['name']="Friar'sLantern", ['index']=201, ['level']=79},
    [17031485] = {['id']=17031485, ['name']="TrollGrenadier", ['index']=317, ['level']=82},
    [17031484] = {['id']=17031484, ['name']="TrollScrimer", ['index']=316, ['level']=82},
    [17031468] = {['id']=17031468, ['name']="TrollArtillery", ['index']=300, ['level']=82},
    [17031368] = {['id']=17031368, ['name']="TrollTargeteer", ['index']=200, ['level']=82},
    [17031367] = {['id']=17031367, ['name']="TrollCombatant", ['index']=199, ['level']=80},
    [17031486] = {['id']=17031486, ['name']="TrollArtillery", ['index']=318, ['level']=81},
    [17031469] = {['id']=17031469, ['name']="TrollCuirasser", ['index']=301, ['level']=82},
    [17031557] = {['id']=17031557, ['name']="TrollScrimer", ['index']=389, ['level']=82},
    [17031558] = {['id']=17031558, ['name']="TrollScrimer", ['index']=390, ['level']=81},
    [17031564] = {['id']=17031564, ['name']="TrollTargeteer", ['index']=396, ['level']=81},
    [17031563] = {['id']=17031563, ['name']="TrollTargeteer", ['index']=395, ['level']=83},
    [17031397] = {['id']=17031397, ['name']="Friar'sLantern", ['index']=229, ['level']=74},
    [17031478] = {['id']=17031478, ['name']="TrollMachinist", ['index']=310, ['level']=81},
    [17031479] = {['id']=17031479, ['name']="Troll'sAutomat", ['index']=311, ['level']=78},
    [17031480] = {['id']=17031480, ['name']="MoblinBilliona", ['index']=312, ['level']=76},
    [17031559] = {['id']=17031559, ['name']="TrollCuirasser", ['index']=391, ['level']=81},
    [17031560] = {['id']=17031560, ['name']="TrollCuirasser", ['index']=392, ['level']=82},
    [17031561] = {['id']=17031561, ['name']="TrollCombatant", ['index']=393, ['level']=81},
    [17031533] = {['id']=17031533, ['name']="Dahak", ['index']=365, ['level']=79},
    [17031562] = {['id']=17031562, ['name']="TrollCombatant", ['index']=394, ['level']=82},
    [17031592] = {['id']=17031592, ['name']="GurfurlurtheM", ['index']=424, ['level']=85},
    [17031593] = {['id']=17031593, ['name']="HilltrollElite", ['index']=425, ['level']=80},
    [17031594] = {['id']=17031594, ['name']="HilltrollElite", ['index']=426, ['level']=80},
    [17031595] = {['id']=17031595, ['name']="WoodtrollElite", ['index']=427, ['level']=80},
    [17031596] = {['id']=17031596, ['name']="WoodtrollElite", ['index']=428, ['level']=80},
