    [17616899] = {['id']=17616899, ['name']="VolcanicGas", ['index']=3, ['level']=64},
    [17616900] = {['id']=17616900, ['name']="OldOpo-opo", ['index']=4, ['level']=63},
    [17616903] = {['id']=17616903, ['name']="DireBat", ['index']=7, ['level']=62},
    [17617283] = {['id']=17617283, ['name']="SurvivalGuide", ['index']=387, ['level']=0},
    [17616901] = {['id']=17616901, ['name']="OldOpo-opo", ['index']=5, ['level']=63},
    [17616906] = {['id']=17616906, ['name']="OldOpo-opo", ['index']=10, ['level']=63},
    [17616905] = {['id']=17616905, ['name']="OldOpo-opo", ['index']=9, ['level']=63},
    [17616904] = {['id']=17616904, ['name']="VolcanicGas", ['index']=8, ['level']=65},
    [17616923] = {['id']=17616923, ['name']="OldOpo-opo", ['index']=27, ['level']=64},
    [17616924] = {['id']=17616924, ['name']="DireBat", ['index']=28, ['level']=62},
    [17616907] = {['id']=17616907, ['name']="OldOpo-opo", ['index']=11, ['level']=64},
    [17616908] = {['id']=17616908, ['name']="DireBat", ['index']=12, ['level']=62},
    [17617267] = {['id']=17617267, ['name']="GroundsTome", ['index']=371, ['level']=0},
    [17616909] = {['id']=17616909, ['name']="OldOpo-opo", ['index']=13, ['level']=62},
    [17616912] = {['id']=17616912, ['name']="VolcanicGas", ['index']=16, ['level']=64},
    [17616974] = {['id']=17616974, ['name']="GoblinBandit", ['index']=78, ['level']=66},
    [17616975] = {['id']=17616975, ['name']="GoblinShepherd", ['index']=79, ['level']=67},
    [17616976] = {['id']=17616976, ['name']="Goblin\'sBats", ['index']=80, ['level']=53},
    [17616980] = {['id']=17616980, ['name']="Dodomeki", ['index']=84, ['level']=64},
    [17616978] = {['id']=17616978, ['name']="GoblinAlchemis", ['index']=82, ['level']=66},
    [17616979] = {['id']=17616979, ['name']="GoblinMercenar", ['index']=83, ['level']=66},
    [17616983] = {['id']=17616983, ['name']="Dodomeki", ['index']=87, ['level']=66},
    [17616941] = {['id']=17616941, ['name']="OldOpo-opo", ['index']=45, ['level']=63},
    [17616982] = {['id']=17616982, ['name']="SulfurScorpion", ['index']=86, ['level']=72},
    [17616985] = {['id']=17616985, ['name']="VolcanicGas", ['index']=89, ['level']=65},
    [17616986] = {['id']=17616986, ['name']="SulfurScorpion", ['index']=90, ['level']=71},
    [17616987] = {['id']=17616987, ['name']="Dodomeki", ['index']=91, ['level']=64},
    [17616988] = {['id']=17616988, ['name']="VolcanicGas", ['index']=92, ['level']=67},
    [17616927] = {['id']=17616927, ['name']="OldOpo-opo", ['index']=31, ['level']=62},
    [17616990] = {['id']=17616990, ['name']="VolcanicGas", ['index']=94, ['level']=65},
    [17616991] = {['id']=17616991, ['name']="VolcanicGas", ['index']=95, ['level']=66},
    [17616989] = {['id']=17616989, ['name']="Dodomeki", ['index']=93, ['level']=66},
    [17616992] = {['id']=17616992, ['name']="VolcanicGas", ['index']=96, ['level']=64},
    [17617088] = {['id']=17617088, ['name']="VolcanicBomb", ['index']=192, ['level']=74},
    [17616993] = {['id']=17616993, ['name']="VolcanicGas", ['index']=97, ['level']=66},
    [17616996] = {['id']=17616996, ['name']="SulfurScorpion", ['index']=100, ['level']=73},
    [17616995] = {['id']=17616995, ['name']="SulfurScorpion", ['index']=99, ['level']=70},
    [17616997] = {['id']=17616997, ['name']="VolcanicGas", ['index']=101, ['level']=65},
    [17616998] = {['id']=17616998, ['name']="VolcanicGas", ['index']=102, ['level']=66},
    [17617000] = {['id']=17617000, ['name']="SulfurScorpion", ['index']=104, ['level']=71},
    [17617003] = {['id']=17617003, ['name']="VolcanicGas", ['index']=107, ['level']=65},
    [17617005] = {['id']=17617005, ['name']="VolcanicGas", ['index']=109, ['level']=66},
    [17617006] = {['id']=17617006, ['name']="SulfurScorpion", ['index']=110, ['level']=72},
    [17617007] = {['id']=17617007, ['name']="Eotyrannus", ['index']=111, ['level']=72},
    [17617009] = {['id']=17617009, ['name']="VolcanicGas", ['index']=113, ['level']=66},
    [17617011] = {['id']=17617011, ['name']="Eotyrannus", ['index']=115, ['level']=72},
    [17617014] = {['id']=17617014, ['name']="GoblinBandit", ['index']=118, ['level']=66},
    [17617036] = {['id']=17617036, ['name']="VolcanicGas", ['index']=140, ['level']=66},
    [17617268] = {['id']=17617268, ['name']="GroundsTome", ['index']=372, ['level']=0},
    [17617010] = {['id']=17617010, ['name']="SulfurScorpion", ['index']=114, ['level']=72},
    [17617019] = {['id']=17617019, ['name']="GoblinBandit", ['index']=123, ['level']=67},
    [17617032] = {['id']=17617032, ['name']="Eotyrannus", ['index']=136, ['level']=70},
    [17617029] = {['id']=17617029, ['name']="VolcanicGas", ['index']=133, ['level']=65},
    [17617022] = {['id']=17617022, ['name']="GoblinAlchemis", ['index']=126, ['level']=67},
    [17617031] = {['id']=17617031, ['name']="Eotyrannus", ['index']=135, ['level']=72},
    [17617030] = {['id']=17617030, ['name']="SulfurScorpion", ['index']=134, ['level']=70},
    [17617028] = {['id']=17617028, ['name']="GoblinMercenar", ['index']=132, ['level']=67},
    [17617034] = {['id']=17617034, ['name']="VolcanicGas", ['index']=138, ['level']=65},
    [17617035] = {['id']=17617035, ['name']="VolcanicGas", ['index']=139, ['level']=65},
    [17617087] = {['id']=17617087, ['name']="VolcanicBomb", ['index']=191, ['level']=73},
    [17616930] = {['id']=17616930, ['name']="VolcanicGas", ['index']=34, ['level']=63},
    [17616932] = {['id']=17616932, ['name']="OldOpo-opo", ['index']=36, ['level']=65},
    [17616933] = {['id']=17616933, ['name']="OldOpo-opo", ['index']=37, ['level']=63},
    [17616934] = {['id']=17616934, ['name']="VolcanicGas", ['index']=38, ['level']=63},
    [17616936] = {['id']=17616936, ['name']="OldOpo-opo", ['index']=40, ['level']=64},
    [17616937] = {['id']=17616937, ['name']="OldOpo-opo", ['index']=41, ['level']=62},
    [17616938] = {['id']=17616938, ['name']="VolcanicGas", ['index']=42, ['level']=63},
    [17616940] = {['id']=17616940, ['name']="OldOpo-opo", ['index']=44, ['level']=64},
    [17616942] = {['id']=17616942, ['name']="VolcanicGas", ['index']=46, ['level']=66},
    [17616944] = {['id']=17616944, ['name']="OldOpo-opo", ['index']=48, ['level']=63},
    [17616945] = {['id']=17616945, ['name']="VolcanicGas", ['index']=49, ['level']=63},
    [17616961] = {['id']=17616961, ['name']="VolcanicGas", ['index']=65, ['level']=66},
    [17616971] = {['id']=17616971, ['name']="VolcanicGas", ['index']=75, ['level']=65},
    [17617038] = {['id']=17617038, ['name']="VolcanicGas", ['index']=142, ['level']=65},
    [17617039] = {['id']=17617039, ['name']="VolcanicGas", ['index']=143, ['level']=68},
    [17616973] = {['id']=17616973, ['name']="VolcanicGas", ['index']=77, ['level']=65},
    [17617041] = {['id']=17617041, ['name']="Dodomeki", ['index']=145, ['level']=66},
    [17617042] = {['id']=17617042, ['name']="VolcanicGas", ['index']=146, ['level']=65},
    [17617075] = {['id']=17617075, ['name']="VolcanicBomb", ['index']=179, ['level']=71},
    [17617044] = {['id']=17617044, ['name']="Dodomeki", ['index']=148, ['level']=65},
    [17617274] = {['id']=17617274, ['name']="GroundsTome", ['index']=378, ['level']=0},
    [17617086] = {['id']=17617086, ['name']="VolcanicBomb", ['index']=190, ['level']=73},
    [17617085] = {['id']=17617085, ['name']="NightmareBats", ['index']=189, ['level']=69},
    [17617135] = {['id']=17617135, ['name']="VolcanicBomb", ['index']=239, ['level']=72},
    [17617136] = {['id']=17617136, ['name']="VolcanicBomb", ['index']=240, ['level']=75},
    [17617137] = {['id']=17617137, ['name']="AshLizard", ['index']=241, ['level']=74},
    [17617139] = {['id']=17617139, ['name']="AshLizard", ['index']=243, ['level']=74},
    [17617140] = {['id']=17617140, ['name']="VolcanicBomb", ['index']=244, ['level']=76},
    [17617141] = {['id']=17617141, ['name']="HurricaneWyver", ['index']=245, ['level']=76},
    [17617142] = {['id']=17617142, ['name']="VolcanicBomb", ['index']=246, ['level']=78},
    [17617143] = {['id']=17617143, ['name']="VolcanicBomb", ['index']=247, ['level']=75},
    [17617150] = {['id']=17617150, ['name']="VolcanicBomb", ['index']=254, ['level']=75},
    [17617146] = {['id']=17617146, ['name']="AshLizard", ['index']=250, ['level']=74},
    [17617149] = {['id']=17617149, ['name']="VolcanicBomb", ['index']=253, ['level']=76},
    [17617145] = {['id']=17617145, ['name']="AshLizard", ['index']=249, ['level']=73},
    [17617148] = {['id']=17617148, ['name']="VolcanicBomb", ['index']=252, ['level']=77},
    [17617144] = {['id']=17617144, ['name']="VolcanicBomb", ['index']=248, ['level']=75},
    [17617151] = {['id']=17617151, ['name']="VolcanicBomb", ['index']=255, ['level']=77},
    [17617152] = {['id']=17617152, ['name']="VolcanicBomb", ['index']=256, ['level']=75},
    [17617153] = {['id']=17617153, ['name']="VolcanicBomb", ['index']=257, ['level']=75},
    [17617154] = {['id']=17617154, ['name']="VolcanicBomb", ['index']=258, ['level']=76},
    [17617155] = {['id']=17617155, ['name']="VolcanicBomb", ['index']=259, ['level']=74},
    [17617156] = {['id']=17617156, ['name']="VolcanicBomb", ['index']=260, ['level']=75},
    [17617076] = {['id']=17617076, ['name']="VolcanicBomb", ['index']=180, ['level']=72},
    [17617077] = {['id']=17617077, ['name']="VolcanicBomb", ['index']=181, ['level']=73},
    [17617078] = {['id']=17617078, ['name']="NightmareBats", ['index']=182, ['level']=71},
    [17617079] = {['id']=17617079, ['name']="VolcanicBomb", ['index']=183, ['level']=72},
    [17617080] = {['id']=17617080, ['name']="NightmareBats", ['index']=184, ['level']=70},
    [17617082] = {['id']=17617082, ['name']="NightmareBats", ['index']=186, ['level']=71},
    [17617083] = {['id']=17617083, ['name']="NightmareBats", ['index']=187, ['level']=72},
    [17617085] = {['id']=17617085, ['name']="NightmareBats", ['index']=189, ['level']=69},
    [17617086] = {['id']=17617086, ['name']="VolcanicBomb", ['index']=190, ['level']=73},
    [17617087] = {['id']=17617087, ['name']="VolcanicBomb", ['index']=191, ['level']=73},
    [17617088] = {['id']=17617088, ['name']="VolcanicBomb", ['index']=192, ['level']=74},
    [17617274] = {['id']=17617274, ['name']="GroundsTome", ['index']=378, ['level']=0},
    [17617075] = {['id']=17617075, ['name']="VolcanicBomb", ['index']=179, ['level']=71},
    [17616989] = {['id']=17616989, ['name']="Dodomeki", ['index']=93, ['level']=66},
    [17616990] = {['id']=17616990, ['name']="VolcanicGas", ['index']=94, ['level']=65},
    [17616991] = {['id']=17616991, ['name']="VolcanicGas", ['index']=95, ['level']=67},
    [17616992] = {['id']=17616992, ['name']="VolcanicGas", ['index']=96, ['level']=64},
    [17616993] = {['id']=17616993, ['name']="VolcanicGas", ['index']=97, ['level']=67},
    [17616995] = {['id']=17616995, ['name']="SulfurScorpion", ['index']=99, ['level']=70},
    [17616996] = {['id']=17616996, ['name']="SulfurScorpion", ['index']=100, ['level']=73},
    [17616998] = {['id']=17616998, ['name']="VolcanicGas", ['index']=102, ['level']=67},
    [17616982] = {['id']=17616982, ['name']="SulfurScorpion", ['index']=86, ['level']=72},
    [17616983] = {['id']=17616983, ['name']="Dodomeki", ['index']=87, ['level']=66},
    [17616985] = {['id']=17616985, ['name']="VolcanicGas", ['index']=89, ['level']=65},
    [17616986] = {['id']=17616986, ['name']="SulfurScorpion", ['index']=90, ['level']=71},
    [17616987] = {['id']=17616987, ['name']="Dodomeki", ['index']=91, ['level']=64},
    [17616988] = {['id']=17616988, ['name']="VolcanicGas", ['index']=92, ['level']=67},
    [17617002] = {['id']=17617002, ['name']="VolcanicGas", ['index']=106, ['level']=67},
    [17617089] = {['id']=17617089, ['name']="VolcanicBomb", ['index']=193, ['level']=74},
    [17617090] = {['id']=17617090, ['name']="VolcanicBomb", ['index']=194, ['level']=72},
    [17617091] = {['id']=17617091, ['name']="NightmareBats", ['index']=195, ['level']=70},
    [17617092] = {['id']=17617092, ['name']="NightmareBats", ['index']=196, ['level']=70},
    [17617094] = {['id']=17617094, ['name']="VolcanicBomb", ['index']=198, ['level']=74},
    [17617095] = {['id']=17617095, ['name']="NightmareBats", ['index']=199, ['level']=70},
    [17617097] = {['id']=17617097, ['name']="NightmareBats", ['index']=201, ['level']=69},
    [17617099] = {['id']=17617099, ['name']="NightmareBats", ['index']=203, ['level']=71},
    [17617100] = {['id']=17617100, ['name']="AshLizard", ['index']=204, ['level']=73},
    [17617101] = {['id']=17617101, ['name']="AshLizard", ['index']=205, ['level']=73},
    [17617102] = {['id']=17617102, ['name']="VolcanicBomb", ['index']=206, ['level']=72},
    [17617103] = {['id']=17617103, ['name']="VolcanicBomb", ['index']=207, ['level']=71},
    [17617105] = {['id']=17617105, ['name']="AshLizard", ['index']=209, ['level']=74},
    [17617106] = {['id']=17617106, ['name']="AshLizard", ['index']=210, ['level']=76},
    [17617272] = {['id']=17617272, ['name']="GroundsTome", ['index']=376, ['level']=0},
    [17617104] = {['id']=17617104, ['name']="NightmareBats", ['index']=208, ['level']=71},
    [17617108] = {['id']=17617108, ['name']="NightmareBats", ['index']=212, ['level']=72},
    [17617110] = {['id']=17617110, ['name']="NightmareBats", ['index']=214, ['level']=69},
    [17617109] = {['id']=17617109, ['name']="VolcanicBomb", ['index']=213, ['level']=73},
    [17617111] = {['id']=17617111, ['name']="VolcanicBomb", ['index']=215, ['level']=75},
    [17617113] = {['id']=17617113, ['name']="AshLizard", ['index']=217, ['level']=76},
    [17617132] = {['id']=17617132, ['name']="VolcanicBomb", ['index']=236, ['level']=72},
    [17617124] = {['id']=17617124, ['name']="AshLizard", ['index']=228, ['level']=76},
    [17617115] = {['id']=17617115, ['name']="AshLizard", ['index']=219, ['level']=74},
    [17617117] = {['id']=17617117, ['name']="HurricaneWyver", ['index']=221, ['level']=78},
    [17617125] = {['id']=17617125, ['name']="HurricaneWyver", ['index']=229, ['level']=78},
    [17617116] = {['id']=17617116, ['name']="AshLizard", ['index']=220, ['level']=76},
    [17617133] = {['id']=17617133, ['name']="VolcanicBomb", ['index']=237, ['level']=72},
    [17617129] = {['id']=17617129, ['name']="HurricaneWyver", ['index']=233, ['level']=77},
    [17617127] = {['id']=17617127, ['name']="AshLizard", ['index']=231, ['level']=76},
    [17617126] = {['id']=17617126, ['name']="VolcanicBomb", ['index']=230, ['level']=72},
    [17617122] = {['id']=17617122, ['name']="HurricaneWyver", ['index']=226, ['level']=77},
    [17617120] = {['id']=17617120, ['name']="AshLizard", ['index']=224, ['level']=74},
    [17617131] = {['id']=17617131, ['name']="VolcanicBomb", ['index']=235, ['level']=74},
    [17617128] = {['id']=17617128, ['name']="AshLizard", ['index']=232, ['level']=76},
    [17617121] = {['id']=17617121, ['name']="HurricaneWyver", ['index']=225, ['level']=78},
    [17617073] = {['id']=17617073, ['name']="Eotyrannus", ['index']=177, ['level']=73},
    [17617071] = {['id']=17617071, ['name']="VolcanicGas", ['index']=175, ['level']=68},
    [17617060] = {['id']=17617060, ['name']="Goblin\'sBats", ['index']=164, ['level']=55},
    [17617059] = {['id']=17617059, ['name']="GoblinShepherd", ['index']=163, ['level']=68},
    [17617050] = {['id']=17617050, ['name']="Eotyrannus", ['index']=154, ['level']=73},
    [17617061] = {['id']=17617061, ['name']="GoblinMercenar", ['index']=165, ['level']=66},
    [17617049] = {['id']=17617049, ['name']="Eotyrannus", ['index']=153, ['level']=72},
    [17617051] = {['id']=17617051, ['name']="VolcanicGas", ['index']=155, ['level']=67},
    [17617068] = {['id']=17617068, ['name']="GoblinBandit", ['index']=172, ['level']=68},
    [17617069] = {['id']=17617069, ['name']="GoblinAlchemis", ['index']=173, ['level']=67},
    [17617048] = {['id']=17617048, ['name']="VolcanicGas", ['index']=152, ['level']=66},
    [17617045] = {['id']=17617045, ['name']="VolcanicGas", ['index']=149, ['level']=67},
    [17617046] = {['id']=17617046, ['name']="Eotyrannus", ['index']=150, ['level']=73},
    [17617269] = {['id']=17617269, ['name']="GroundsTome", ['index']=373, ['level']=0},
    [17616969] = {['id']=17616969, ['name']="VolcanicGas", ['index']=73, ['level']=63},
    [17616972] = {['id']=17616972, ['name']="VolcanicGas", ['index']=76, ['level']=65},
    [17616973] = {['id']=17616973, ['name']="VolcanicGas", ['index']=77, ['level']=65},
    [17617041] = {['id']=17617041, ['name']="Dodomeki", ['index']=145, ['level']=66},
    [17617042] = {['id']=17617042, ['name']="VolcanicGas", ['index']=146, ['level']=65},
    [17617044] = {['id']=17617044, ['name']="Dodomeki", ['index']=148, ['level']=65},
    [17617070] = {['id']=17617070, ['name']="VolcanicGas", ['index']=174, ['level']=67},
    [17616961] = {['id']=17616961, ['name']="VolcanicGas", ['index']=65, ['level']=66},
    [17617039] = {['id']=17617039, ['name']="VolcanicGas", ['index']=143, ['level']=68},
    [17616933] = {['id']=17616933, ['name']="OldOpo-opo", ['index']=37, ['level']=63},
    [17616934] = {['id']=17616934, ['name']="VolcanicGas", ['index']=38, ['level']=63},
    [17616936] = {['id']=17616936, ['name']="OldOpo-opo", ['index']=40, ['level']=64},
    [17616937] = {['id']=17616937, ['name']="OldOpo-opo", ['index']=41, ['level']=62},
    [17616940] = {['id']=17616940, ['name']="OldOpo-opo", ['index']=44, ['level']=64},
    [17616942] = {['id']=17616942, ['name']="VolcanicGas", ['index']=46, ['level']=66},
    [17616944] = {['id']=17616944, ['name']="OldOpo-opo", ['index']=48, ['level']=63},
    [17616945] = {['id']=17616945, ['name']="VolcanicGas", ['index']=49, ['level']=63},
    [17616971] = {['id']=17616971, ['name']="VolcanicGas", ['index']=75, ['level']=65},
    [17617038] = {['id']=17617038, ['name']="VolcanicGas", ['index']=142, ['level']=65},
    [17617043] = {['id']=17617043, ['name']="VolcanicGas", ['index']=147, ['level']=66},
    [17616966] = {['id']=17616966, ['name']="VolcanicGas", ['index']=70, ['level']=64},
    [17616967] = {['id']=17616967, ['name']="DireBat", ['index']=71, ['level']=63},
    [17616968] = {['id']=17616968, ['name']="VolcanicGas", ['index']=72, ['level']=62},
    [17617270] = {['id']=17617270, ['name']="GroundsTome", ['index']=374, ['level']=0},
    [17617271] = {['id']=17617271, ['name']="GroundsTome", ['index']=375, ['level']=0},
    [17616965] = {['id']=17616965, ['name']="DireBat", ['index']=69, ['level']=62},
    [17616964] = {['id']=17616964, ['name']="VolcanoWasp", ['index']=68, ['level']=63},
    [17616951] = {['id']=17616951, ['name']="VolcanicGas", ['index']=55, ['level']=63},
    [17616949] = {['id']=17616949, ['name']="VolcanoWasp", ['index']=53, ['level']=61},
    [17616950] = {['id']=17616950, ['name']="VolcanoWasp", ['index']=54, ['level']=61},
    [17616963] = {['id']=17616963, ['name']="DireBat", ['index']=67, ['level']=60},
    [17616962] = {['id']=17616962, ['name']="VolcanoWasp", ['index']=66, ['level']=61},
    [17616948] = {['id']=17616948, ['name']="VolcanoWasp", ['index']=52, ['level']=62},
    [17616947] = {['id']=17616947, ['name']="VolcanoWasp", ['index']=51, ['level']=64},
    [17616953] = {['id']=17616953, ['name']="VolcanoWasp", ['index']=57, ['level']=61},
    [17616952] = {['id']=17616952, ['name']="VolcanicGas", ['index']=56, ['level']=64},
    [17616955] = {['id']=17616955, ['name']="VolcanoWasp", ['index']=59, ['level']=61},
    [17616956] = {['id']=17616956, ['name']="DireBat", ['index']=60, ['level']=61},
    [17616958] = {['id']=17616958, ['name']="VolcanoWasp", ['index']=62, ['level']=62},
    [17616960] = {['id']=17616960, ['name']="DireBat", ['index']=64, ['level']=61},
    [17616959] = {['id']=17616959, ['name']="VolcanoWasp", ['index']=63, ['level']=64},
    [17616957] = {['id']=17616957, ['name']="VolcanicGas", ['index']=61, ['level']=63},
    [17616932] = {['id']=17616932, ['name']="OldOpo-opo", ['index']=36, ['level']=65},
    [17616938] = {['id']=17616938, ['name']="VolcanicGas", ['index']=42, ['level']=63},
    [17616941] = {['id']=17616941, ['name']="OldOpo-opo", ['index']=45, ['level']=63},
    [17616930] = {['id']=17616930, ['name']="VolcanicGas", ['index']=34, ['level']=63},
    [17616899] = {['id']=17616899, ['name']="VolcanicGas", ['index']=3, ['level']=64},
    [17616900] = {['id']=17616900, ['name']="OldOpo-opo", ['index']=4, ['level']=63},
    [17616901] = {['id']=17616901, ['name']="OldOpo-opo", ['index']=5, ['level']=63},
    [17616903] = {['id']=17616903, ['name']="DireBat", ['index']=7, ['level']=63},
    [17616904] = {['id']=17616904, ['name']="VolcanicGas", ['index']=8, ['level']=65},
    [17616905] = {['id']=17616905, ['name']="OldOpo-opo", ['index']=9, ['level']=63},
    [17616906] = {['id']=17616906, ['name']="OldOpo-opo", ['index']=10, ['level']=63},
    [17616907] = {['id']=17616907, ['name']="OldOpo-opo", ['index']=11, ['level']=64},
    [17616908] = {['id']=17616908, ['name']="DireBat", ['index']=12, ['level']=63},
    [17616909] = {['id']=17616909, ['name']="OldOpo-opo", ['index']=13, ['level']=62},
    [17616912] = {['id']=17616912, ['name']="VolcanicGas", ['index']=16, ['level']=64},
    [17616923] = {['id']=17616923, ['name']="OldOpo-opo", ['index']=27, ['level']=64},
    [17616924] = {['id']=17616924, ['name']="DireBat", ['index']=28, ['level']=62},
    [17616925] = {['id']=17616925, ['name']="VolcanicGas", ['index']=29, ['level']=62},
    [17616926] = {['id']=17616926, ['name']="OldOpo-opo", ['index']=30, ['level']=64},
    [17616927] = {['id']=17616927, ['name']="OldOpo-opo", ['index']=31, ['level']=62},
    [17616929] = {['id']=17616929, ['name']="DireBat", ['index']=33, ['level']=62},
    [17617267] = {['id']=17617267, ['name']="GroundsTome", ['index']=371, ['level']=0},
    [17617283] = {['id']=17617283, ['name']="SurvivalGuide", ['index']=387, ['level']=0},
    [17616911] = {['id']=17616911, ['name']="DireBat", ['index']=15, ['level']=61},
    [17616910] = {['id']=17616910, ['name']="OldOpo-opo", ['index']=14, ['level']=63},
    [17616915] = {['id']=17616915, ['name']="OldOpo-opo", ['index']=19, ['level']=62},
    [17616916] = {['id']=17616916, ['name']="DireBat", ['index']=20, ['level']=62},
    [17616914] = {['id']=17616914, ['name']="OldOpo-opo", ['index']=18, ['level']=63},
    [17616913] = {['id']=17616913, ['name']="OldOpo-opo", ['index']=17, ['level']=63},
    [17616919] = {['id']=17616919, ['name']="OldOpo-opo", ['index']=23, ['level']=63},
    [17616922] = {['id']=17616922, ['name']="DireBat", ['index']=26, ['level']=63},
    [17616918] = {['id']=17616918, ['name']="OldOpo-opo", ['index']=22, ['level']=63},
    [17616917] = {['id']=17616917, ['name']="VolcanicGas", ['index']=21, ['level']=63},
    [17616920] = {['id']=17616920, ['name']="OldOpo-opo", ['index']=24, ['level']=62},
