    [17203612] = {['id']=17203612, ['name']="StagBeetle", ['index']=412, ['level']=23},
    [17203615] = {['id']=17203615, ['name']="WanderingSapli", ['index']=415, ['level']=15},
    [17203616] = {['id']=17203616, ['name']="WanderingSapli", ['index']=416, ['level']=16},
    [17203618] = {['id']=17203618, ['name']="BrutalSheep", ['index']=418, ['level']=20},
    [17203626] = {['id']=17203626, ['name']="ForestTiger", ['index']=426, ['level']=24},
    [17203631] = {['id']=17203631, ['name']="GoblinTinkerer", ['index']=431, ['level']=16},
    [17203614] = {['id']=17203614, ['name']="WanderingSapli", ['index']=414, ['level']=15},
    [17203620] = {['id']=17203620, ['name']="JugnerFunguar", ['index']=420, ['level']=24},
    [17203624] = {['id']=17203624, ['name']="ForestLeech", ['index']=424, ['level']=22},
    [17203621] = {['id']=17203621, ['name']="JugnerFunguar", ['index']=421, ['level']=25},
    [17203625] = {['id']=17203625, ['name']="ForestLeech", ['index']=425, ['level']=21},
    [17203622] = {['id']=17203622, ['name']="JugnerFunguar", ['index']=422, ['level']=25},
    [17203602] = {['id']=17203602, ['name']="StagBeetle", ['index']=402, ['level']=22},
    [17203608] = {['id']=17203608, ['name']="BrutalSheep", ['index']=408, ['level']=21},
    [17203632] = {['id']=17203632, ['name']="GoblinGambler", ['index']=432, ['level']=22},
    [17203605] = {['id']=17203605, ['name']="WanderingSapli", ['index']=405, ['level']=15},
    [17203603] = {['id']=17203603, ['name']="StagBeetle", ['index']=403, ['level']=22},
    [17203611] = {['id']=17203611, ['name']="StagBeetle", ['index']=411, ['level']=23},
    [17203613] = {['id']=17203613, ['name']="WanderingSapli", ['index']=413, ['level']=16},
    [17203617] = {['id']=17203617, ['name']="BrutalSheep", ['index']=417, ['level']=21},
    [17203643] = {['id']=17203643, ['name']="JugnerFunguar", ['index']=443, ['level']=24},
    [17203646] = {['id']=17203646, ['name']="JugnerFunguar", ['index']=446, ['level']=24},
    [17203647] = {['id']=17203647, ['name']="JugnerFunguar", ['index']=447, ['level']=25},
    [17203645] = {['id']=17203645, ['name']="JugnerFunguar", ['index']=445, ['level']=24},
    [17203644] = {['id']=17203644, ['name']="JugnerFunguar", ['index']=444, ['level']=24},
    [17203604] = {['id']=17203604, ['name']="WanderingSapli", ['index']=404, ['level']=15},
    [17203638] = {['id']=17203638, ['name']="StagBeetle", ['index']=438, ['level']=22},
    [17203641] = {['id']=17203641, ['name']="StagBeetle", ['index']=441, ['level']=23},
    [17203640] = {['id']=17203640, ['name']="StagBeetle", ['index']=440, ['level']=22},
    [17203639] = {['id']=17203639, ['name']="StagBeetle", ['index']=439, ['level']=22},
    [17203633] = {['id']=17203633, ['name']="GoblinButcher", ['index']=433, ['level']=17},
    [17203630] = {['id']=17203630, ['name']="GoblinLeecher", ['index']=430, ['level']=22},
    [17203629] = {['id']=17203629, ['name']="GoblinAmbusher", ['index']=429, ['level']=17},
    [17203606] = {['id']=17203606, ['name']="WanderingSapli", ['index']=406, ['level']=16},
    [17203594] = {['id']=17203594, ['name']="BrutalSheep", ['index']=394, ['level']=20},
    [17203598] = {['id']=17203598, ['name']="JugnerFunguar", ['index']=398, ['level']=25},
    [17203601] = {['id']=17203601, ['name']="ForestLeech", ['index']=401, ['level']=22},
    [17203599] = {['id']=17203599, ['name']="ForestLeech", ['index']=399, ['level']=22},
    [17203636] = {['id']=17203636, ['name']="ThunderElement", ['index']=436, ['level']=28},
    [17203628] = {['id']=17203628, ['name']="GoblinMugger", ['index']=428, ['level']=21},
    [17203597] = {['id']=17203597, ['name']="JugnerFunguar", ['index']=397, ['level']=25},
    [17203600] = {['id']=17203600, ['name']="ForestLeech", ['index']=400, ['level']=21},
    [17203592] = {['id']=17203592, ['name']="WanderingSapli", ['index']=392, ['level']=16},
    [17203590] = {['id']=17203590, ['name']="WanderingSapli", ['index']=390, ['level']=16},
    [17203589] = {['id']=17203589, ['name']="Screamer", ['index']=389, ['level']=18},
    [17203351] = {['id']=17203351, ['name']="LandPugil", ['index']=151, ['level']=20},
    [17203588] = {['id']=17203588, ['name']="StagBeetle", ['index']=388, ['level']=22},
    [17203350] = {['id']=17203350, ['name']="Snipper", ['index']=150, ['level']=20},
    [17203812] = {['id']=17203812, ['name']="Alexius", ['index']=612, ['level']=0},
    [17203593] = {['id']=17203593, ['name']="BrutalSheep", ['index']=393, ['level']=20},
    [17203352] = {['id']=17203352, ['name']="LandPugil", ['index']=152, ['level']=20},
    [17203627] = {['id']=17203627, ['name']="ForestTiger", ['index']=427, ['level']=24},
    [17203520] = {['id']=17203520, ['name']="StagBeetle", ['index']=320, ['level']=23},
    [17203522] = {['id']=17203522, ['name']="Screamer", ['index']=322, ['level']=17},
    [17203341] = {['id']=17203341, ['name']="BrutalSheep", ['index']=141, ['level']=20},
    [17203342] = {['id']=17203342, ['name']="BrutalSheep", ['index']=142, ['level']=20},
    [17203343] = {['id']=17203343, ['name']="Snipper", ['index']=143, ['level']=19},
    [17203335] = {['id']=17203335, ['name']="StagBeetle", ['index']=135, ['level']=23},
    [17203336] = {['id']=17203336, ['name']="StagBeetle", ['index']=136, ['level']=22},
    [17203338] = {['id']=17203338, ['name']="Screamer", ['index']=138, ['level']=17},
    [17203346] = {['id']=17203346, ['name']="LandPugil", ['index']=146, ['level']=19},
    [17203344] = {['id']=17203344, ['name']="Snipper", ['index']=144, ['level']=20},
    [17203339] = {['id']=17203339, ['name']="WanderingSapli", ['index']=139, ['level']=16},
    [17203340] = {['id']=17203340, ['name']="WanderingSapli", ['index']=140, ['level']=15},
    [17203337] = {['id']=17203337, ['name']="Screamer", ['index']=137, ['level']=17},
    [17203321] = {['id']=17203321, ['name']="GoblinAmbusher", ['index']=121, ['level']=17},
    [17203289] = {['id']=17203289, ['name']="StagBeetle", ['index']=89, ['level']=23},
    [17203290] = {['id']=17203290, ['name']="StagBeetle", ['index']=90, ['level']=23},
    [17203292] = {['id']=17203292, ['name']="WanderingSapli", ['index']=92, ['level']=16},
    [17203293] = {['id']=17203293, ['name']="WanderingSapli", ['index']=93, ['level']=16},
    [17203294] = {['id']=17203294, ['name']="WanderingSapli", ['index']=94, ['level']=16},
    [17203320] = {['id']=17203320, ['name']="GoblinMugger", ['index']=120, ['level']=22},
    [17203324] = {['id']=17203324, ['name']="GoblinGambler", ['index']=124, ['level']=22},
    [17203277] = {['id']=17203277, ['name']="StagBeetle", ['index']=77, ['level']=23},
    [17203291] = {['id']=17203291, ['name']="WanderingSapli", ['index']=91, ['level']=15},
    [17203323] = {['id']=17203323, ['name']="GoblinTinkerer", ['index']=123, ['level']=16},
    [17203296] = {['id']=17203296, ['name']="BrutalSheep", ['index']=96, ['level']=21},
    [17203329] = {['id']=17203329, ['name']="Snipper", ['index']=129, ['level']=20},
    [17203330] = {['id']=17203330, ['name']="Snipper", ['index']=130, ['level']=20},
    [17203332] = {['id']=17203332, ['name']="LandPugil", ['index']=132, ['level']=20},
    [17203331] = {['id']=17203331, ['name']="LandPugil", ['index']=131, ['level']=20},
    [17203317] = {['id']=17203317, ['name']="ForestLeech", ['index']=117, ['level']=22},
    [17203355] = {['id']=17203355, ['name']="StagBeetle", ['index']=155, ['level']=22},
    [17203359] = {['id']=17203359, ['name']="WanderingSapli", ['index']=159, ['level']=16},
    [17203361] = {['id']=17203361, ['name']="BrutalSheep", ['index']=161, ['level']=21},
    [17203362] = {['id']=17203362, ['name']="BrutalSheep", ['index']=162, ['level']=20},
    [17203364] = {['id']=17203364, ['name']="JugnerFunguar", ['index']=164, ['level']=24},
    [17203403] = {['id']=17203403, ['name']="OrcishSerjeant", ['index']=203, ['level']=21},
    [17203825] = {['id']=17203825, ['name']="Herald", ['index']=625, ['level']=0},
    [17203886] = {['id']=17203886, ['name']="FieldManual", ['index']=686, ['level']=0},
    [17203944] = {['id']=17203944, ['name']="Ardrick", ['index']=744, ['level']=0},
    [17203946] = {['id']=17203946, ['name']="SurvivalGuide", ['index']=746, ['level']=0},
    [17203314] = {['id']=17203314, ['name']="JugnerFunguar", ['index']=114, ['level']=24},
    [17203826] = {['id']=17203826, ['name']="Marshal", ['index']=626, ['level']=0},
    [17203830] = {['id']=17203830, ['name']="Perevie", ['index']=630, ['level']=0},
    [17203313] = {['id']=17203313, ['name']="JugnerFunguar", ['index']=113, ['level']=25},
    [17203318] = {['id']=17203318, ['name']="ForestTiger", ['index']=118, ['level']=24},
    [17203315] = {['id']=17203315, ['name']="ForestLeech", ['index']=115, ['level']=21},
    [17203302] = {['id']=17203302, ['name']="WanderingSapli", ['index']=102, ['level']=15},
    [17203316] = {['id']=17203316, ['name']="ForestLeech", ['index']=116, ['level']=21},
    [17203322] = {['id']=17203322, ['name']="GoblinLeecher", ['index']=122, ['level']=22},
    [17203306] = {['id']=17203306, ['name']="BrutalSheep", ['index']=106, ['level']=21},
    [17203298] = {['id']=17203298, ['name']="StagBeetle", ['index']=98, ['level']=22},
    [17203300] = {['id']=17203300, ['name']="StagBeetle", ['index']=100, ['level']=23},
    [17203304] = {['id']=17203304, ['name']="WanderingSapli", ['index']=104, ['level']=16},
    [17203311] = {['id']=17203311, ['name']="ForestLeech", ['index']=111, ['level']=22},
    [17203301] = {['id']=17203301, ['name']="WanderingSapli", ['index']=101, ['level']=15},
    [17203290] = {['id']=17203290, ['name']="StagBeetle", ['index']=90, ['level']=23},
    [17203291] = {['id']=17203291, ['name']="WanderingSapli", ['index']=91, ['level']=15},
    [17203294] = {['id']=17203294, ['name']="WanderingSapli", ['index']=94, ['level']=16},
    [17203296] = {['id']=17203296, ['name']="BrutalSheep", ['index']=96, ['level']=21},
    [17203308] = {['id']=17203308, ['name']="JugnerFunguar", ['index']=108, ['level']=24},
    [17203309] = {['id']=17203309, ['name']="JugnerFunguar", ['index']=109, ['level']=25},
    [17203323] = {['id']=17203323, ['name']="GoblinTinkerer", ['index']=123, ['level']=16},
    [17203324] = {['id']=17203324, ['name']="GoblinGambler", ['index']=124, ['level']=22},
    [17203293] = {['id']=17203293, ['name']="WanderingSapli", ['index']=93, ['level']=16},
    [17203303] = {['id']=17203303, ['name']="WanderingSapli", ['index']=103, ['level']=16},
    [17203319] = {['id']=17203319, ['name']="ForestTiger", ['index']=119, ['level']=24},
    [17203277] = {['id']=17203277, ['name']="StagBeetle", ['index']=77, ['level']=23},
    [17203289] = {['id']=17203289, ['name']="StagBeetle", ['index']=89, ['level']=23},
    [17203292] = {['id']=17203292, ['name']="WanderingSapli", ['index']=92, ['level']=16},
    [17203295] = {['id']=17203295, ['name']="BrutalSheep", ['index']=95, ['level']=21},
    [17203320] = {['id']=17203320, ['name']="GoblinMugger", ['index']=120, ['level']=22},
    [17203321] = {['id']=17203321, ['name']="GoblinAmbusher", ['index']=121, ['level']=16},
    [17203283] = {['id']=17203283, ['name']="BrutalSheep", ['index']=83, ['level']=21},
    [17203280] = {['id']=17203280, ['name']="WanderingSapli", ['index']=80, ['level']=15},
    [17203285] = {['id']=17203285, ['name']="JugnerFunguar", ['index']=85, ['level']=25},
    [17203286] = {['id']=17203286, ['name']="ForestLeech", ['index']=86, ['level']=22},
    [17203287] = {['id']=17203287, ['name']="ForestLeech", ['index']=87, ['level']=22},
    [17203281] = {['id']=17203281, ['name']="WanderingSapli", ['index']=81, ['level']=15},
    [17203288] = {['id']=17203288, ['name']="ForestLeech", ['index']=88, ['level']=21},
    [17203328] = {['id']=17203328, ['name']="ThunderElement", ['index']=128, ['level']=27},
    [17203279] = {['id']=17203279, ['name']="WanderingSapli", ['index']=79, ['level']=16},
    [17203278] = {['id']=17203278, ['name']="WanderingSapli", ['index']=78, ['level']=16},
    [17203282] = {['id']=17203282, ['name']="BrutalSheep", ['index']=82, ['level']=21},
    [17203248] = {['id']=17203248, ['name']="WanderingSapli", ['index']=48, ['level']=16},
    [17203250] = {['id']=17203250, ['name']="BrutalSheep", ['index']=50, ['level']=21},
    [17203261] = {['id']=17203261, ['name']="JugnerFunguar", ['index']=61, ['level']=25},
    [17203263] = {['id']=17203263, ['name']="ForestLeech", ['index']=63, ['level']=22},
    [17203264] = {['id']=17203264, ['name']="ForestLeech", ['index']=64, ['level']=22},
    [17203246] = {['id']=17203246, ['name']="Screamer", ['index']=46, ['level']=17},
    [17203243] = {['id']=17203243, ['name']="StagBeetle", ['index']=43, ['level']=23},
    [17203244] = {['id']=17203244, ['name']="StagBeetle", ['index']=44, ['level']=23},
    [17203247] = {['id']=17203247, ['name']="Screamer", ['index']=47, ['level']=17},
    [17203251] = {['id']=17203251, ['name']="BrutalSheep", ['index']=51, ['level']=20},
    [17203255] = {['id']=17203255, ['name']="JugnerFunguar", ['index']=55, ['level']=25},
    [17203257] = {['id']=17203257, ['name']="ForestLeech", ['index']=57, ['level']=22},
    [17203259] = {['id']=17203259, ['name']="JugnerFunguar", ['index']=59, ['level']=24},
    [17203260] = {['id']=17203260, ['name']="JugnerFunguar", ['index']=60, ['level']=25},
    [17203271] = {['id']=17203271, ['name']="OrcishCursemak", ['index']=71, ['level']=21},
    [17203249] = {['id']=17203249, ['name']="WanderingSapli", ['index']=49, ['level']=16},
    [17203258] = {['id']=17203258, ['name']="ForestLeech", ['index']=58, ['level']=21},
    [17203256] = {['id']=17203256, ['name']="ForestLeech", ['index']=56, ['level']=22},
    [17203252] = {['id']=17203252, ['name']="WalkingTree", ['index']=52, ['level']=28},
    [17203245] = {['id']=17203245, ['name']="StagBeetle", ['index']=45, ['level']=22},
    [17203232] = {['id']=17203232, ['name']="WanderingSapli", ['index']=32, ['level']=15},
    [17203269] = {['id']=17203269, ['name']="OrcishNeckchop", ['index']=69, ['level']=17},
    [17203231] = {['id']=17203231, ['name']="WanderingSapli", ['index']=31, ['level']=15},
    [17203228] = {['id']=17203228, ['name']="StagBeetle", ['index']=28, ['level']=23},
    [17203234] = {['id']=17203234, ['name']="BrutalSheep", ['index']=34, ['level']=21},
    [17203230] = {['id']=17203230, ['name']="WanderingSapli", ['index']=30, ['level']=15},
    [17203270] = {['id']=17203270, ['name']="OrcishFighter", ['index']=70, ['level']=21},
    [17203237] = {['id']=17203237, ['name']="JugnerFunguar", ['index']=37, ['level']=25},
    [17203239] = {['id']=17203239, ['name']="JugnerFunguar", ['index']=39, ['level']=25},
    [17203227] = {['id']=17203227, ['name']="StagBeetle", ['index']=27, ['level']=22},
    [17203241] = {['id']=17203241, ['name']="ForestLeech", ['index']=41, ['level']=22},
    [17203242] = {['id']=17203242, ['name']="ForestLeech", ['index']=42, ['level']=22},
    [17203272] = {['id']=17203272, ['name']="OrcishSerjeant", ['index']=72, ['level']=22},
    [17203229] = {['id']=17203229, ['name']="WanderingSapli", ['index']=29, ['level']=15},
    [17203238] = {['id']=17203238, ['name']="JugnerFunguar", ['index']=38, ['level']=25},
    [17203219] = {['id']=17203219, ['name']="WanderingSapli", ['index']=19, ['level']=16},
    [17203267] = {['id']=17203267, ['name']="OrcishGrunt", ['index']=67, ['level']=17},
    [17203265] = {['id']=17203265, ['name']="ForestTiger", ['index']=65, ['level']=24},
    [17203266] = {['id']=17203266, ['name']="ForestTiger", ['index']=66, ['level']=24},
    [17203222] = {['id']=17203222, ['name']="WanderingSapli", ['index']=22, ['level']=16},
    [17203217] = {['id']=17203217, ['name']="StagBeetle", ['index']=17, ['level']=23},
    [17203220] = {['id']=17203220, ['name']="WanderingSapli", ['index']=20, ['level']=16},
    [17203221] = {['id']=17203221, ['name']="WanderingSapli", ['index']=21, ['level']=16},
    [17203223] = {['id']=17203223, ['name']="WanderingSapli", ['index']=23, ['level']=15},
    [17203225] = {['id']=17203225, ['name']="BrutalSheep", ['index']=25, ['level']=20},
    [17203268] = {['id']=17203268, ['name']="OrcishStonechu", ['index']=68, ['level']=17},
    [17203218] = {['id']=17203218, ['name']="StagBeetle", ['index']=18, ['level']=22},
    [17203275] = {['id']=17203275, ['name']="ThunderElement", ['index']=75, ['level']=28},
    [17203276] = {['id']=17203276, ['name']="StagBeetle", ['index']=76, ['level']=22},
    [17203325] = {['id']=17203325, ['name']="GoblinButcher", ['index']=125, ['level']=17},
    [17203648] = {['id']=17203648, ['name']="GoblinDigger", ['index']=448, ['level']=18},
    [17203356] = {['id']=17203356, ['name']="Screamer", ['index']=156, ['level']=17},
    [17203358] = {['id']=17203358, ['name']="Screamer", ['index']=158, ['level']=18},
    [17203360] = {['id']=17203360, ['name']="WanderingSapli", ['index']=160, ['level']=16},
    [17203357] = {['id']=17203357, ['name']="Screamer", ['index']=157, ['level']=17},
    [17203400] = {['id']=17203400, ['name']="OrcishNeckchop", ['index']=200, ['level']=16},
    [17203389] = {['id']=17203389, ['name']="Snipper", ['index']=189, ['level']=20},
    [17203488] = {['id']=17203488, ['name']="WanderingSapli", ['index']=288, ['level']=15},
    [17203390] = {['id']=17203390, ['name']="LandPugil", ['index']=190, ['level']=19},
    [17203487] = {['id']=17203487, ['name']="WanderingSapli", ['index']=287, ['level']=16},
    [17203486] = {['id']=17203486, ['name']="WanderingSapli", ['index']=286, ['level']=15},
    [17203484] = {['id']=17203484, ['name']="StagBeetle", ['index']=284, ['level']=23},
    [17203485] = {['id']=17203485, ['name']="Screamer", ['index']=285, ['level']=18},
    [17203507] = {['id']=17203507, ['name']="LandPugil", ['index']=307, ['level']=20},
    [17203506] = {['id']=17203506, ['name']="LandPugil", ['index']=306, ['level']=20},
    [17203505] = {['id']=17203505, ['name']="Snipper", ['index']=305, ['level']=19},
    [17203511] = {['id']=17203511, ['name']="Boggart", ['index']=311, ['level']=25},
    [17203510] = {['id']=17203510, ['name']="Boggart", ['index']=310, ['level']=26},
    [17203512] = {['id']=17203512, ['name']="Boggart", ['index']=312, ['level']=25},
    [17203504] = {['id']=17203504, ['name']="Snipper", ['index']=304, ['level']=20},
    [17203369] = {['id']=17203369, ['name']="Screamer", ['index']=169, ['level']=17},
    [17203490] = {['id']=17203490, ['name']="BrutalSheep", ['index']=290, ['level']=20},
    [17203455] = {['id']=17203455, ['name']="Snipper", ['index']=255, ['level']=20},
    [17203489] = {['id']=17203489, ['name']="BrutalSheep", ['index']=289, ['level']=21},
    [17203457] = {['id']=17203457, ['name']="LandPugil", ['index']=257, ['level']=20},
    [17203431] = {['id']=17203431, ['name']="Screamer", ['index']=231, ['level']=18},
    [17203456] = {['id']=17203456, ['name']="LandPugil", ['index']=256, ['level']=19},
    [17203454] = {['id']=17203454, ['name']="Snipper", ['index']=254, ['level']=20},
    [17203433] = {['id']=17203433, ['name']="Screamer", ['index']=233, ['level']=18},
    [17203430] = {['id']=17203430, ['name']="StagBeetle", ['index']=230, ['level']=23},
    [17203496] = {['id']=17203496, ['name']="OrcishFighter", ['index']=296, ['level']=22},
    [17203447] = {['id']=17203447, ['name']="Fraelissa", ['index']=247, ['level']=34},
    [17203432] = {['id']=17203432, ['name']="Screamer", ['index']=232, ['level']=18},
    [17203503] = {['id']=17203503, ['name']="Boggart", ['index']=303, ['level']=25},
    [17203502] = {['id']=17203502, ['name']="Boggart", ['index']=302, ['level']=25},
    [17203445] = {['id']=17203445, ['name']="Will-o\'-the-Wis", ['index']=245, ['level']=25},
    [17203466] = {['id']=17203466, ['name']="StagBeetle", ['index']=266, ['level']=22},
    [17203467] = {['id']=17203467, ['name']="StagBeetle", ['index']=267, ['level']=23},
    [17203468] = {['id']=17203468, ['name']="WanderingSapli", ['index']=268, ['level']=16},
    [17203469] = {['id']=17203469, ['name']="WanderingSapli", ['index']=269, ['level']=16},
    [17203470] = {['id']=17203470, ['name']="WanderingSapli", ['index']=270, ['level']=15},
    [17203472] = {['id']=17203472, ['name']="BrutalSheep", ['index']=272, ['level']=21},
    [17203492] = {['id']=17203492, ['name']="ForestTiger", ['index']=292, ['level']=24},
    [17203473] = {['id']=17203473, ['name']="WalkingTree", ['index']=273, ['level']=27},
    [17203494] = {['id']=17203494, ['name']="OrcishStonechu", ['index']=294, ['level']=16},
    [17203501] = {['id']=17203501, ['name']="Will-o\'-the-Wis", ['index']=301, ['level']=25},
    [17203471] = {['id']=17203471, ['name']="BrutalSheep", ['index']=271, ['level']=20},
    [17203461] = {['id']=17203461, ['name']="Snipper", ['index']=261, ['level']=20},
    [17203462] = {['id']=17203462, ['name']="LandPugil", ['index']=262, ['level']=19},
    [17203459] = {['id']=17203459, ['name']="LandPugil", ['index']=259, ['level']=19},
    [17203458] = {['id']=17203458, ['name']="Snipper", ['index']=258, ['level']=20},
    [17203463] = {['id']=17203463, ['name']="LandPugil", ['index']=263, ['level']=20},
    [17203460] = {['id']=17203460, ['name']="Snipper", ['index']=260, ['level']=19},
    [17203497] = {['id']=17203497, ['name']="OrcishCursemak", ['index']=297, ['level']=21},
    [17203479] = {['id']=17203479, ['name']="WanderingSapli", ['index']=279, ['level']=15},
    [17203495] = {['id']=17203495, ['name']="OrcishNeckchop", ['index']=295, ['level']=17},
    [17203482] = {['id']=17203482, ['name']="BrutalSheep", ['index']=282, ['level']=21},
    [17203478] = {['id']=17203478, ['name']="WanderingSapli", ['index']=278, ['level']=16},
    [17203476] = {['id']=17203476, ['name']="StagBeetle", ['index']=276, ['level']=23},
    [17203480] = {['id']=17203480, ['name']="WanderingSapli", ['index']=280, ['level']=16},
    [17203498] = {['id']=17203498, ['name']="OrcishSerjeant", ['index']=298, ['level']=22},
    [17203477] = {['id']=17203477, ['name']="StagBeetle", ['index']=277, ['level']=22},
    [17203481] = {['id']=17203481, ['name']="BrutalSheep", ['index']=281, ['level']=20},
    [17203493] = {['id']=17203493, ['name']="OrcishGrunt", ['index']=293, ['level']=17},
    [17203516] = {['id']=17203516, ['name']="JugnerFunguar", ['index']=316, ['level']=24},
    [17203515] = {['id']=17203515, ['name']="JugnerFunguar", ['index']=315, ['level']=24},
    [17203517] = {['id']=17203517, ['name']="JugnerFunguar", ['index']=317, ['level']=25},
    [17203514] = {['id']=17203514, ['name']="JugnerFunguar", ['index']=314, ['level']=25},
    [17203518] = {['id']=17203518, ['name']="JugnerFunguar", ['index']=318, ['level']=24},
    [17203513] = {['id']=17203513, ['name']="JugnerFunguar", ['index']=313, ['level']=24},
    [17203437] = {['id']=17203437, ['name']="OrcishGrunt", ['index']=237, ['level']=17},
    [17203434] = {['id']=17203434, ['name']="BrutalSheep", ['index']=234, ['level']=21},
    [17203442] = {['id']=17203442, ['name']="OrcishSerjeant", ['index']=242, ['level']=22},
    [17203391] = {['id']=17203391, ['name']="Snipper", ['index']=191, ['level']=20},
    [17203436] = {['id']=17203436, ['name']="ForestTiger", ['index']=236, ['level']=25},
    [17203427] = {['id']=17203427, ['name']="Screamer", ['index']=227, ['level']=17},
    [17203368] = {['id']=17203368, ['name']="StagBeetle", ['index']=168, ['level']=23},
    [17203435] = {['id']=17203435, ['name']="ForestTiger", ['index']=235, ['level']=24},
    [17203372] = {['id']=17203372, ['name']="WanderingSapli", ['index']=172, ['level']=15},
    [17203392] = {['id']=17203392, ['name']="LandPugil", ['index']=192, ['level']=20},
    [17203373] = {['id']=17203373, ['name']="BrutalSheep", ['index']=173, ['level']=21},
    [17203371] = {['id']=17203371, ['name']="Screamer", ['index']=171, ['level']=18},
    [17203370] = {['id']=17203370, ['name']="Screamer", ['index']=170, ['level']=17},
    [17203374] = {['id']=17203374, ['name']="BrutalSheep", ['index']=174, ['level']=20},
    [17203438] = {['id']=17203438, ['name']="OrcishStonechu", ['index']=238, ['level']=16},
    [17203398] = {['id']=17203398, ['name']="OrcishGrunt", ['index']=198, ['level']=17},
    [17203425] = {['id']=17203425, ['name']="StagBeetle", ['index']=225, ['level']=23},
    [17203376] = {['id']=17203376, ['name']="Screamer", ['index']=176, ['level']=17},
    [17203380] = {['id']=17203380, ['name']="WanderingSapli", ['index']=180, ['level']=15},
    [17203428] = {['id']=17203428, ['name']="Screamer", ['index']=228, ['level']=17},
    [17203401] = {['id']=17203401, ['name']="OrcishFighter", ['index']=201, ['level']=22},
    [17203375] = {['id']=17203375, ['name']="StagBeetle", ['index']=175, ['level']=22},
    [17203379] = {['id']=17203379, ['name']="WanderingSapli", ['index']=179, ['level']=15},
    [17203426] = {['id']=17203426, ['name']="Screamer", ['index']=226, ['level']=18},
    [17203429] = {['id']=17203429, ['name']="BrutalSheep", ['index']=229, ['level']=20},
    [17203394] = {['id']=17203394, ['name']="Snipper", ['index']=194, ['level']=20},
    [17203395] = {['id']=17203395, ['name']="LandPugil", ['index']=195, ['level']=19},
    [17203396] = {['id']=17203396, ['name']="LandPugil", ['index']=196, ['level']=20},
    [17203393] = {['id']=17203393, ['name']="Snipper", ['index']=193, ['level']=19},
    [17203420] = {['id']=17203420, ['name']="LandPugil", ['index']=220, ['level']=19},
    [17203419] = {['id']=17203419, ['name']="LandPugil", ['index']=219, ['level']=19},
    [17203421] = {['id']=17203421, ['name']="Bogy", ['index']=221, ['level']=25},
    [17203417] = {['id']=17203417, ['name']="Snipper", ['index']=217, ['level']=19},
    [17203423] = {['id']=17203423, ['name']="ForestTiger", ['index']=223, ['level']=25},
    [17203424] = {['id']=17203424, ['name']="ForestTiger", ['index']=224, ['level']=25},
    [17203418] = {['id']=17203418, ['name']="Snipper", ['index']=218, ['level']=19},
    [17203381] = {['id']=17203381, ['name']="BrutalSheep", ['index']=181, ['level']=21},
    [17203382] = {['id']=17203382, ['name']="BrutalSheep", ['index']=182, ['level']=20},
    [17203397] = {['id']=17203397, ['name']="ForestTiger", ['index']=197, ['level']=25},
    [17203399] = {['id']=17203399, ['name']="OrcishStonechu", ['index']=199, ['level']=16},
    [17203378] = {['id']=17203378, ['name']="Screamer", ['index']=178, ['level']=17},
    [17203377] = {['id']=17203377, ['name']="Screamer", ['index']=177, ['level']=18},
    [17203408] = {['id']=17203408, ['name']="OrcishStonechu", ['index']=208, ['level']=17},
    [17203407] = {['id']=17203407, ['name']="OrcishGrunt", ['index']=207, ['level']=17},
    [17203233] = {['id']=17203233, ['name']="BrutalSheep", ['index']=33, ['level']=21},
    [17203235] = {['id']=17203235, ['name']="BrutalSheep", ['index']=35, ['level']=21},
    [17203887] = {['id']=17203887, ['name']="FieldManual", ['index']=687, ['level']=0},
    [17203224] = {['id']=17203224, ['name']="BrutalSheep", ['index']=24, ['level']=20},
    [17203305] = {['id']=17203305, ['name']="BrutalSheep", ['index']=105, ['level']=20},
    [17203299] = {['id']=17203299, ['name']="StagBeetle", ['index']=99, ['level']=23},
    [17203387] = {['id']=17203387, ['name']="LandPugil", ['index']=187, ['level']=19},
    [17203383] = {['id']=17203383, ['name']="Snipper", ['index']=183, ['level']=19},
    [17203335] = {['id']=17203335, ['name']="StagBeetle", ['index']=135, ['level']=23},
    [17203338] = {['id']=17203338, ['name']="Screamer", ['index']=138, ['level']=17},
    [17203384] = {['id']=17203384, ['name']="Snipper", ['index']=184, ['level']=20},
    [17203385] = {['id']=17203385, ['name']="Snipper", ['index']=185, ['level']=20},
    [17203386] = {['id']=17203386, ['name']="LandPugil", ['index']=186, ['level']=20},
    [17203388] = {['id']=17203388, ['name']="LandPugil", ['index']=188, ['level']=19},
    [17203520] = {['id']=17203520, ['name']="StagBeetle", ['index']=320, ['level']=23},
    [17203522] = {['id']=17203522, ['name']="Screamer", ['index']=322, ['level']=17},
    [17203523] = {['id']=17203523, ['name']="Screamer", ['index']=323, ['level']=17},
    [17203527] = {['id']=17203527, ['name']="BrutalSheep", ['index']=327, ['level']=20},
    [17203525] = {['id']=17203525, ['name']="WanderingSapli", ['index']=325, ['level']=16},
    [17203528] = {['id']=17203528, ['name']="StagBeetle", ['index']=328, ['level']=22},
    [17203529] = {['id']=17203529, ['name']="StagBeetle", ['index']=329, ['level']=22},
    [17203530] = {['id']=17203530, ['name']="WanderingSapli", ['index']=330, ['level']=15},
    [17203531] = {['id']=17203531, ['name']="WanderingSapli", ['index']=331, ['level']=15},
    [17203533] = {['id']=17203533, ['name']="BrutalSheep", ['index']=333, ['level']=21},
    [17203534] = {['id']=17203534, ['name']="BrutalSheep", ['index']=334, ['level']=21},
    [17203537] = {['id']=17203537, ['name']="ForestTiger", ['index']=337, ['level']=24},
    [17203532] = {['id']=17203532, ['name']="WanderingSapli", ['index']=332, ['level']=16},
    [17203536] = {['id']=17203536, ['name']="ForestTiger", ['index']=336, ['level']=25},
    [17203526] = {['id']=17203526, ['name']="BrutalSheep", ['index']=326, ['level']=20},
    [17203557] = {['id']=17203557, ['name']="WanderingSapli", ['index']=357, ['level']=16},
    [17203558] = {['id']=17203558, ['name']="BrutalSheep", ['index']=358, ['level']=21},
    [17203556] = {['id']=17203556, ['name']="WanderingSapli", ['index']=356, ['level']=15},
    [17203561] = {['id']=17203561, ['name']="ForestTiger", ['index']=361, ['level']=25},
    [17203553] = {['id']=17203553, ['name']="StagBeetle", ['index']=353, ['level']=22},
    [17203567] = {['id']=17203567, ['name']="GoblinButcher", ['index']=367, ['level']=16},
    [17203562] = {['id']=17203562, ['name']="GoblinMugger", ['index']=362, ['level']=22},
    [17203554] = {['id']=17203554, ['name']="WanderingSapli", ['index']=354, ['level']=16},
    [17203552] = {['id']=17203552, ['name']="StagBeetle", ['index']=352, ['level']=23},
    [17203564] = {['id']=17203564, ['name']="GoblinLeecher", ['index']=364, ['level']=22},
    [17203559] = {['id']=17203559, ['name']="BrutalSheep", ['index']=359, ['level']=20},
    [17203555] = {['id']=17203555, ['name']="WanderingSapli", ['index']=355, ['level']=15},
    [17203563] = {['id']=17203563, ['name']="GoblinAmbusher", ['index']=363, ['level']=17},
    [17203572] = {['id']=17203572, ['name']="JugnerFunguar", ['index']=372, ['level']=25},
    [17203575] = {['id']=17203575, ['name']="JugnerFunguar", ['index']=375, ['level']=25},
    [17203577] = {['id']=17203577, ['name']="JugnerFunguar", ['index']=377, ['level']=25},
    [17203573] = {['id']=17203573, ['name']="JugnerFunguar", ['index']=373, ['level']=24},
    [17203574] = {['id']=17203574, ['name']="JugnerFunguar", ['index']=374, ['level']=24},
    [17203579] = {['id']=17203579, ['name']="JugnerFunguar", ['index']=379, ['level']=24},
    [17203578] = {['id']=17203578, ['name']="JugnerFunguar", ['index']=378, ['level']=24},
    [17203580] = {['id']=17203580, ['name']="JugnerFunguar", ['index']=380, ['level']=24},
    [17203571] = {['id']=17203571, ['name']="JugnerFunguar", ['index']=371, ['level']=25},
    [17203576] = {['id']=17203576, ['name']="JugnerFunguar", ['index']=376, ['level']=25},
    [17203587] = {['id']=17203587, ['name']="Boggart", ['index']=387, ['level']=25},
    [17203582] = {['id']=17203582, ['name']="StagBeetle", ['index']=382, ['level']=22},
    [17203586] = {['id']=17203586, ['name']="Boggart", ['index']=386, ['level']=26},
    [17203583] = {['id']=17203583, ['name']="StagBeetle", ['index']=383, ['level']=23},
    [17203581] = {['id']=17203581, ['name']="StagBeetle", ['index']=381, ['level']=23},
    [17203584] = {['id']=17203584, ['name']="StagBeetle", ['index']=384, ['level']=23},
    [17203538] = {['id']=17203538, ['name']="StagBeetle", ['index']=338, ['level']=22},
    [17203565] = {['id']=17203565, ['name']="GoblinTinkerer", ['index']=365, ['level']=16},
    [17203549] = {['id']=17203549, ['name']="JugnerFunguar", ['index']=349, ['level']=25},
    [17203551] = {['id']=17203551, ['name']="ForestLeech", ['index']=351, ['level']=22},
    [17203550] = {['id']=17203550, ['name']="ForestLeech", ['index']=350, ['level']=21},
    [17203542] = {['id']=17203542, ['name']="WanderingSapli", ['index']=342, ['level']=16},
    [17203539] = {['id']=17203539, ['name']="WanderingSapli", ['index']=339, ['level']=16},
    [17203545] = {['id']=17203545, ['name']="WalkingTree", ['index']=345, ['level']=27},
    [17203541] = {['id']=17203541, ['name']="WanderingSapli", ['index']=341, ['level']=16},
    [17203540] = {['id']=17203540, ['name']="WanderingSapli", ['index']=340, ['level']=15},
    [17203543] = {['id']=17203543, ['name']="BrutalSheep", ['index']=343, ['level']=20},
    [17203566] = {['id']=17203566, ['name']="GoblinGambler", ['index']=366, ['level']=21},
    [17203589] = {['id']=17203589, ['name']="Screamer", ['index']=389, ['level']=18},
    [17203593] = {['id']=17203593, ['name']="BrutalSheep", ['index']=393, ['level']=20},
    [17203594] = {['id']=17203594, ['name']="BrutalSheep", ['index']=394, ['level']=20},
    [17203597] = {['id']=17203597, ['name']="JugnerFunguar", ['index']=397, ['level']=25},
    [17203598] = {['id']=17203598, ['name']="JugnerFunguar", ['index']=398, ['level']=25},
    [17203599] = {['id']=17203599, ['name']="ForestLeech", ['index']=399, ['level']=22},
    [17203600] = {['id']=17203600, ['name']="ForestLeech", ['index']=400, ['level']=21},
    [17203601] = {['id']=17203601, ['name']="ForestLeech", ['index']=401, ['level']=22},
    [17203602] = {['id']=17203602, ['name']="StagBeetle", ['index']=402, ['level']=22},
    [17203603] = {['id']=17203603, ['name']="StagBeetle", ['index']=403, ['level']=22},
    [17203604] = {['id']=17203604, ['name']="WanderingSapli", ['index']=404, ['level']=15},
    [17203605] = {['id']=17203605, ['name']="WanderingSapli", ['index']=405, ['level']=15},
    [17203608] = {['id']=17203608, ['name']="BrutalSheep", ['index']=408, ['level']=21},
    [17203616] = {['id']=17203616, ['name']="WanderingSapli", ['index']=416, ['level']=16},
    [17203632] = {['id']=17203632, ['name']="GoblinGambler", ['index']=432, ['level']=22},
    [17203633] = {['id']=17203633, ['name']="GoblinButcher", ['index']=433, ['level']=16},
    [17203606] = {['id']=17203606, ['name']="WanderingSapli", ['index']=406, ['level']=16},
    [17203609] = {['id']=17203609, ['name']="BrutalSheep", ['index']=409, ['level']=20},
    [17203611] = {['id']=17203611, ['name']="StagBeetle", ['index']=411, ['level']=23},
    [17203612] = {['id']=17203612, ['name']="StagBeetle", ['index']=412, ['level']=22},
    [17203613] = {['id']=17203613, ['name']="WanderingSapli", ['index']=413, ['level']=16},
    [17203617] = {['id']=17203617, ['name']="BrutalSheep", ['index']=417, ['level']=21},
    [17203620] = {['id']=17203620, ['name']="JugnerFunguar", ['index']=420, ['level']=24},
    [17203621] = {['id']=17203621, ['name']="JugnerFunguar", ['index']=421, ['level']=25},
    [17203622] = {['id']=17203622, ['name']="JugnerFunguar", ['index']=422, ['level']=25},
    [17203624] = {['id']=17203624, ['name']="ForestLeech", ['index']=424, ['level']=22},
    [17203625] = {['id']=17203625, ['name']="ForestLeech", ['index']=425, ['level']=21},
    [17203631] = {['id']=17203631, ['name']="GoblinTinkerer", ['index']=431, ['level']=17},
    [17203638] = {['id']=17203638, ['name']="StagBeetle", ['index']=438, ['level']=22},
    [17203639] = {['id']=17203639, ['name']="StagBeetle", ['index']=439, ['level']=22},
    [17203640] = {['id']=17203640, ['name']="StagBeetle", ['index']=440, ['level']=22},
    [17203641] = {['id']=17203641, ['name']="StagBeetle", ['index']=441, ['level']=23},
    [17203607] = {['id']=17203607, ['name']="WanderingSapli", ['index']=407, ['level']=16},
    [17203618] = {['id']=17203618, ['name']="BrutalSheep", ['index']=418, ['level']=20},
    [17203626] = {['id']=17203626, ['name']="ForestTiger", ['index']=426, ['level']=24},
    [17203630] = {['id']=17203630, ['name']="GoblinLeecher", ['index']=430, ['level']=21},
    [17203350] = {['id']=17203350, ['name']="Snipper", ['index']=150, ['level']=20},
    [17203351] = {['id']=17203351, ['name']="LandPugil", ['index']=151, ['level']=20},
    [17203352] = {['id']=17203352, ['name']="LandPugil", ['index']=152, ['level']=20},
    [17203591] = {['id']=17203591, ['name']="WanderingSapli", ['index']=391, ['level']=16},
    [17203588] = {['id']=17203588, ['name']="StagBeetle", ['index']=388, ['level']=22},
    [17203590] = {['id']=17203590, ['name']="WanderingSapli", ['index']=390, ['level']=16},
    [17203592] = {['id']=17203592, ['name']="WanderingSapli", ['index']=392, ['level']=16},
    [17203547] = {['id']=17203547, ['name']="SappySycamore", ['index']=347, ['level']=42},
    [17203812] = {['id']=17203812, ['name']="Alexius", ['index']=612, ['level']=0},
    [17203544] = {['id']=17203544, ['name']="BrutalSheep", ['index']=344, ['level']=21},
    [17203519] = {['id']=17203519, ['name']="StagBeetle", ['index']=319, ['level']=23},
    [17203524] = {['id']=17203524, ['name']="WanderingSapli", ['index']=324, ['level']=16},
    [17203339] = {['id']=17203339, ['name']="WanderingSapli", ['index']=139, ['level']=16},
    [17203341] = {['id']=17203341, ['name']="BrutalSheep", ['index']=141, ['level']=20},
    [17203342] = {['id']=17203342, ['name']="BrutalSheep", ['index']=142, ['level']=20},
    [17203346] = {['id']=17203346, ['name']="LandPugil", ['index']=146, ['level']=19},
    [17203521] = {['id']=17203521, ['name']="Screamer", ['index']=321, ['level']=17},
    [17203336] = {['id']=17203336, ['name']="StagBeetle", ['index']=136, ['level']=22},
    [17203337] = {['id']=17203337, ['name']="Screamer", ['index']=137, ['level']=17},
    [17203340] = {['id']=17203340, ['name']="WanderingSapli", ['index']=140, ['level']=15},
    [17203343] = {['id']=17203343, ['name']="Snipper", ['index']=143, ['level']=19},
    [17203344] = {['id']=17203344, ['name']="Snipper", ['index']=144, ['level']=20},
    [17203367] = {['id']=17203367, ['name']="ForestLeech", ['index']=167, ['level']=21},
    [17203402] = {['id']=17203402, ['name']="OrcishCursemak", ['index']=202, ['level']=22},
    [17203406] = {['id']=17203406, ['name']="Will-o\'-the-Wis", ['index']=206, ['level']=24},
    [17203411] = {['id']=17203411, ['name']="OrcishFighter", ['index']=211, ['level']=21},
    [17203413] = {['id']=17203413, ['name']="OrcishSerjeant", ['index']=213, ['level']=22},
