    [17105265] = {['id']=17105265, ['name']="Sprite", ['index']=369, ['level']=67},
    [17113912] = {['id']=17113912, ['name']="GateSentry", ['index']=824, ['level']=75},
    [17113266] = {['id']=17113266, ['name']="CarrionWorm", ['index']=178, ['level']=11},
    [17113251] = {['id']=17113251, ['name']="ForestHare", ['index']=163, ['level']=13},
    [17113250] = {['id']=17113250, ['name']="ForestHare", ['index']=162, ['level']=14},
    [17113264] = {['id']=17113264, ['name']="CarrionWorm", ['index']=176, ['level']=12},
    [17113249] = {['id']=17113249, ['name']="DingBats", ['index']=161, ['level']=12},
    [17113910] = {['id']=17113910, ['name']="Landeric", ['index']=822, ['level']=0},
    [17113263] = {['id']=17113263, ['name']="CarrionWorm", ['index']=175, ['level']=12},
    [17113255] = {['id']=17113255, ['name']="CarrionWorm", ['index']=167, ['level']=12},
    [17113457] = {['id']=17113457, ['name']="Sprite", ['index']=369, ['level']=67},
    [17113262] = {['id']=17113262, ['name']="CarrionWorm", ['index']=174, ['level']=10},
    [17113261] = {['id']=17113261, ['name']="ForestHare", ['index']=173, ['level']=11},
    [17113265] = {['id']=17113265, ['name']="CarrionWorm", ['index']=177, ['level']=12},
    [17113254] = {['id']=17113254, ['name']="CarrionWorm", ['index']=166, ['level']=12},
    [17113258] = {['id']=17113258, ['name']="DingBats", ['index']=170, ['level']=13},
    [17113246] = {['id']=17113246, ['name']="GiantSpider", ['index']=158, ['level']=52},
    [17113253] = {['id']=17113253, ['name']="CarrionWorm", ['index']=165, ['level']=11},
    [17113248] = {['id']=17113248, ['name']="MouseBat", ['index']=160, ['level']=15},
    [17113164] = {['id']=17113164, ['name']="Ladybug", ['index']=76, ['level']=47},
    [17113271] = {['id']=17113271, ['name']="CarrionWorm", ['index']=183, ['level']=12},
    [17113259] = {['id']=17113259, ['name']="ForestHare", ['index']=171, ['level']=13},
    [17113269] = {['id']=17113269, ['name']="CarrionWorm", ['index']=181, ['level']=12},
    [17113163] = {['id']=17113163, ['name']="Ladybug", ['index']=75, ['level']=47},
    [17113268] = {['id']=17113268, ['name']="CarrionWorm", ['index']=180, ['level']=11},
    [17113272] = {['id']=17113272, ['name']="CarrionWorm", ['index']=184, ['level']=11},
    [17113247] = {['id']=17113247, ['name']="GiantSpider", ['index']=159, ['level']=50},
    [17113245] = {['id']=17113245, ['name']="GiantSpider", ['index']=157, ['level']=50},
    [17113252] = {['id']=17113252, ['name']="ForestHare", ['index']=164, ['level']=13},
    [17113180] = {['id']=17113180, ['name']="MouseBat", ['index']=92, ['level']=15},
    [17113260] = {['id']=17113260, ['name']="ForestHare", ['index']=172, ['level']=11},
    [17109093] = {['id']=17109093, ['name']="Biddybug", ['index']=101, ['level']=62},
    [17113185] = {['id']=17113185, ['name']="ForestHare", ['index']=97, ['level']=15},
    [17113181] = {['id']=17113181, ['name']="DingBats", ['index']=93, ['level']=12},
    [17113192] = {['id']=17113192, ['name']="Goblin\'sLadybu", ['index']=104, ['level']=53},
    [17113189] = {['id']=17113189, ['name']="Biddybug", ['index']=101, ['level']=62},
    [17113186] = {['id']=17113186, ['name']="ForestHare", ['index']=98, ['level']=13},
    [17113187] = {['id']=17113187, ['name']="ForestHare", ['index']=99, ['level']=13},
    [17113191] = {['id']=17113191, ['name']="GoblinPatrolma", ['index']=103, ['level']=58},
    [17109001] = {['id']=17109001, ['name']="ForestLeech", ['index']=9, ['level']=41},
    [17109034] = {['id']=17109034, ['name']="WarSmilodon", ['index']=42, ['level']=60},
    [17113106] = {['id']=17113106, ['name']="Colibri", ['index']=18, ['level']=46},
    [17109094] = {['id']=17109094, ['name']="Biddybug", ['index']=102, ['level']=64},
    [17105264] = {['id']=17105264, ['name']="Sprite", ['index']=368, ['level']=67},
    [17113104] = {['id']=17113104, ['name']="ScarabBeetle", ['index']=16, ['level']=21},
    [17113114] = {['id']=17113114, ['name']="ForestHare", ['index']=26, ['level']=14},
    [17113112] = {['id']=17113112, ['name']="ForestHare", ['index']=24, ['level']=15},
    [17109033] = {['id']=17109033, ['name']="StagBeetle", ['index']=41, ['level']=41},
    [17109042] = {['id']=17109042, ['name']="WarSmilodon", ['index']=50, ['level']=57},
    [17109043] = {['id']=17109043, ['name']="WarSmilodon", ['index']=51, ['level']=57},
    [17109044] = {['id']=17109044, ['name']="WarSmilodon", ['index']=52, ['level']=59},
    [17105268] = {['id']=17105268, ['name']="Sprite", ['index']=372, ['level']=66},
    [17109792] = {['id']=17109792, ['name']="Roiloux,R.K.", ['index']=800, ['level']=0},
    [17113122] = {['id']=17113122, ['name']="RiverCrab", ['index']=34, ['level']=11},
    [17113118] = {['id']=17113118, ['name']="ForestHare", ['index']=30, ['level']=15},
    [17113103] = {['id']=17113103, ['name']="ScarabBeetle", ['index']=15, ['level']=22},
    [17113190] = {['id']=17113190, ['name']="Biddybug", ['index']=102, ['level']=64},
    [17113188] = {['id']=17113188, ['name']="ForestHare", ['index']=100, ['level']=13},
    [17113193] = {['id']=17113193, ['name']="GoblinFranctir", ['index']=105, ['level']=58},
    [17113182] = {['id']=17113182, ['name']="ForestHare", ['index']=94, ['level']=15},
    [17113184] = {['id']=17113184, ['name']="ForestHare", ['index']=96, ['level']=13},
    [17113183] = {['id']=17113183, ['name']="ForestHare", ['index']=95, ['level']=15},
    [17113162] = {['id']=17113162, ['name']="Ladybug", ['index']=74, ['level']=47},
    [17113222] = {['id']=17113222, ['name']="WildSheep", ['index']=134, ['level']=16},
    [17113212] = {['id']=17113212, ['name']="WildSheep", ['index']=124, ['level']=17},
    [17109132] = {['id']=17109132, ['name']="WarSmilodon", ['index']=140, ['level']=59},
    [17113124] = {['id']=17113124, ['name']="Pugil", ['index']=36, ['level']=15},
    [17113460] = {['id']=17113460, ['name']="Sprite", ['index']=372, ['level']=66},
    [17113113] = {['id']=17113113, ['name']="ForestHare", ['index']=25, ['level']=14},
    [17113125] = {['id']=17113125, ['name']="Pugil", ['index']=37, ['level']=15},
    [17113119] = {['id']=17113119, ['name']="RiverCrab", ['index']=31, ['level']=13},
    [17113120] = {['id']=17113120, ['name']="RiverCrab", ['index']=32, ['level']=11},
    [17113117] = {['id']=17113117, ['name']="ForestHare", ['index']=29, ['level']=14},
    [17113126] = {['id']=17113126, ['name']="Pugil", ['index']=38, ['level']=15},
    [17113151] = {['id']=17113151, ['name']="ScarabBeetle", ['index']=63, ['level']=23},
    [17113149] = {['id']=17113149, ['name']="ScarabBeetle", ['index']=61, ['level']=23},
    [17113140] = {['id']=17113140, ['name']="WarSmilodon", ['index']=52, ['level']=59},
    [17113141] = {['id']=17113141, ['name']="WarSmilodon", ['index']=53, ['level']=58},
    [17109729] = {['id']=17109729, ['name']="AuroralAlicorn", ['index']=737, ['level']=68},
    [17113143] = {['id']=17113143, ['name']="ScarabBeetle", ['index']=55, ['level']=22},
    [17113137] = {['id']=17113137, ['name']="WildSheep", ['index']=49, ['level']=17},
    [17113211] = {['id']=17113211, ['name']="WildSheep", ['index']=123, ['level']=18},
    [17113825] = {['id']=17113825, ['name']="AuroralAlicorn", ['index']=737, ['level']=68},
    [17113207] = {['id']=17113207, ['name']="ForestHare", ['index']=119, ['level']=15},
    [17113139] = {['id']=17113139, ['name']="WarSmilodon", ['index']=51, ['level']=57},
    [17113147] = {['id']=17113147, ['name']="ScarabBeetle", ['index']=59, ['level']=21},
    [17109136] = {['id']=17109136, ['name']="WalkingTree", ['index']=144, ['level']=48},
    [17113146] = {['id']=17113146, ['name']="ScarabBeetle", ['index']=58, ['level']=23},
    [17113210] = {['id']=17113210, ['name']="WildSheep", ['index']=122, ['level']=16},
    [17113148] = {['id']=17113148, ['name']="ScarabBeetle", ['index']=60, ['level']=23},
    [17113138] = {['id']=17113138, ['name']="WarSmilodon", ['index']=50, ['level']=57},
    [17113230] = {['id']=17113230, ['name']="GoblinDraftee", ['index']=142, ['level']=57},
    [17113228] = {['id']=17113228, ['name']="WarSmilodon", ['index']=140, ['level']=59},
    [17114034] = {['id']=17114034, ['name']="WatchfulPixie", ['index']=946, ['level']=0},
    [17113257] = {['id']=17113257, ['name']="MouseBat", ['index']=169, ['level']=13},
    [17113227] = {['id']=17113227, ['name']="GoblinSkirmish", ['index']=139, ['level']=58},
    [17113216] = {['id']=17113216, ['name']="WildSheep", ['index']=128, ['level']=16},
    [17113213] = {['id']=17113213, ['name']="WildSheep", ['index']=125, ['level']=16},
    [17113214] = {['id']=17113214, ['name']="WildSheep", ['index']=126, ['level']=17},
    [17113218] = {['id']=17113218, ['name']="WildSheep", ['index']=130, ['level']=18},
    [17113220] = {['id']=17113220, ['name']="WildSheep", ['index']=132, ['level']=17},
    [17113215] = {['id']=17113215, ['name']="WildSheep", ['index']=127, ['level']=16},
    [17113217] = {['id']=17113217, ['name']="WildSheep", ['index']=129, ['level']=16},
    [17113219] = {['id']=17113219, ['name']="WildSheep", ['index']=131, ['level']=16},
    [17113256] = {['id']=17113256, ['name']="CarrionWorm", ['index']=168, ['level']=10},
    [17113209] = {['id']=17113209, ['name']="WildSheep", ['index']=121, ['level']=17},
    [17113206] = {['id']=17113206, ['name']="ForestHare", ['index']=118, ['level']=15},
    [17113226] = {['id']=17113226, ['name']="GoblinDraftee", ['index']=138, ['level']=58},
    [17113231] = {['id']=17113231, ['name']="GoblinSkirmish", ['index']=143, ['level']=58},
    [17113229] = {['id']=17113229, ['name']="GoblinFranctir", ['index']=141, ['level']=59},
    [17109100] = {['id']=17109100, ['name']="Biddybug", ['index']=108, ['level']=64},
    [17109127] = {['id']=17109127, ['name']="IgnisDjinn", ['index']=135, ['level']=77},
    [17113224] = {['id']=17113224, ['name']="Biddybug", ['index']=136, ['level']=62},
    [17105269] = {['id']=17105269, ['name']="Sprite", ['index']=373, ['level']=66},
    [17113225] = {['id']=17113225, ['name']="GoblinFranctir", ['index']=137, ['level']=58},
    [17113221] = {['id']=17113221, ['name']="WildSheep", ['index']=133, ['level']=17},
    [17113196] = {['id']=17113196, ['name']="Biddybug", ['index']=108, ['level']=64},
    [17113195] = {['id']=17113195, ['name']="GoblinSkirmish", ['index']=107, ['level']=58},
    [17113194] = {['id']=17113194, ['name']="GoblinDraftee", ['index']=106, ['level']=58},
    [17113198] = {['id']=17113198, ['name']="GoblinDraftee", ['index']=110, ['level']=58},
    [17113197] = {['id']=17113197, ['name']="GoblinFranctir", ['index']=109, ['level']=59},
    [17113199] = {['id']=17113199, ['name']="GoblinFranctir", ['index']=111, ['level']=58},
    [17113165] = {['id']=17113165, ['name']="Ladybug", ['index']=77, ['level']=46},
    [17113461] = {['id']=17113461, ['name']="Sprite", ['index']=373, ['level']=66},
    [17113205] = {['id']=17113205, ['name']="ForestHare", ['index']=117, ['level']=13},
    [17113208] = {['id']=17113208, ['name']="ForestHare", ['index']=120, ['level']=13},
    [17113223] = {['id']=17113223, ['name']="IgnisDjinn", ['index']=135, ['level']=77},
    [17113200] = {['id']=17113200, ['name']="GoblinPatrolma", ['index']=112, ['level']=59},
    [17113201] = {['id']=17113201, ['name']="Goblin\'sLadybu", ['index']=113, ['level']=53},
    [17113202] = {['id']=17113202, ['name']="ForestHare", ['index']=114, ['level']=15},
    [17113204] = {['id']=17113204, ['name']="ForestHare", ['index']=116, ['level']=14},
    [17113203] = {['id']=17113203, ['name']="ForestHare", ['index']=115, ['level']=13},
    [17113232] = {['id']=17113232, ['name']="WalkingTree", ['index']=144, ['level']=48},
    [17113144] = {['id']=17113144, ['name']="ScarabBeetle", ['index']=56, ['level']=22},
    [17113145] = {['id']=17113145, ['name']="ScarabBeetle", ['index']=57, ['level']=22},
    [17113150] = {['id']=17113150, ['name']="ScarabBeetle", ['index']=62, ['level']=23},
    [17113142] = {['id']=17113142, ['name']="ScarabBeetle", ['index']=54, ['level']=23},
    [17109177] = {['id']=17109177, ['name']="OrcishChampion", ['index']=185, ['level']=77},
    [17109178] = {['id']=17109178, ['name']="OrcishDragonbr", ['index']=186, ['level']=77},
    [17109179] = {['id']=17109179, ['name']="OrcishVeteran", ['index']=187, ['level']=77},
    [17109180] = {['id']=17109180, ['name']="OrcishChampion", ['index']=188, ['level']=76},
    [17113277] = {['id']=17113277, ['name']="OrcishDragonbr", ['index']=189, ['level']=77},
    [17109182] = {['id']=17109182, ['name']="OrcishDragonbr", ['index']=190, ['level']=77},
    [17113279] = {['id']=17113279, ['name']="OrcishVeteran", ['index']=191, ['level']=77},
    [17109184] = {['id']=17109184, ['name']="OrcishChampion", ['index']=192, ['level']=76},
    [17109185] = {['id']=17109185, ['name']="OrcishProtecto", ['index']=193, ['level']=76},
    [17109186] = {['id']=17109186, ['name']="OrcishVeteran", ['index']=194, ['level']=77},
    [17109194] = {['id']=17109194, ['name']="OrcishBowshoot", ['index']=202, ['level']=77},
    [17109195] = {['id']=17109195, ['name']="OrcishBowshoot", ['index']=203, ['level']=77},
    [17109207] = {['id']=17109207, ['name']="DecrepitGnole", ['index']=215, ['level']=73},
    [17109217] = {['id']=17109217, ['name']="DecrepitGnole", ['index']=225, ['level']=73},
    [17109218] = {['id']=17109218, ['name']="DecrepitGnole", ['index']=226, ['level']=75},
    [17109219] = {['id']=17109219, ['name']="DecrepitGnole", ['index']=227, ['level']=75},
    [17109220] = {['id']=17109220, ['name']="DecrepitGnole", ['index']=228, ['level']=75},
    [17109225] = {['id']=17109225, ['name']="DecrepitGnole", ['index']=233, ['level']=73},
    [17105266] = {['id']=17105266, ['name']="Sprite", ['index']=370, ['level']=68},
    [17109740] = {['id']=17109740, ['name']="Rainemard", ['index']=748, ['level']=0},
    [17114046] = {['id']=17114046, ['name']="SurvivalGuide", ['index']=958, ['level']=0},
    [17113278] = {['id']=17113278, ['name']="OrcishDragonbr", ['index']=190, ['level']=77},
    [17113281] = {['id']=17113281, ['name']="OrcishProtecto", ['index']=193, ['level']=76},
    [17113282] = {['id']=17113282, ['name']="OrcishVeteran", ['index']=194, ['level']=77},
    [17113280] = {['id']=17113280, ['name']="OrcishChampion", ['index']=192, ['level']=76},
    [17113276] = {['id']=17113276, ['name']="OrcishChampion", ['index']=188, ['level']=76},
    [17113291] = {['id']=17113291, ['name']="OrcishBowshoot", ['index']=203, ['level']=77},
    [17113274] = {['id']=17113274, ['name']="OrcishDragonbr", ['index']=186, ['level']=77},
    [17113275] = {['id']=17113275, ['name']="OrcishVeteran", ['index']=187, ['level']=77},
    [17113273] = {['id']=17113273, ['name']="OrcishChampion", ['index']=185, ['level']=77},
    [17109206] = {['id']=17109206, ['name']="DecrepitGnole", ['index']=214, ['level']=75},
    [17109208] = {['id']=17109208, ['name']="DecrepitGnole", ['index']=216, ['level']=74},
    [17109214] = {['id']=17109214, ['name']="DecrepitGnole", ['index']=222, ['level']=73},
    [17109215] = {['id']=17109215, ['name']="DecrepitGnole", ['index']=223, ['level']=75},
    [17109216] = {['id']=17109216, ['name']="DecrepitGnole", ['index']=224, ['level']=74},
    [17109224] = {['id']=17109224, ['name']="DecrepitGnole", ['index']=232, ['level']=74},
    [17109327] = {['id']=17109327, ['name']="GoblinParatroo", ['index']=335, ['level']=74},
    [17109342] = {['id']=17109342, ['name']="WanderingSapli", ['index']=350, ['level']=41},
    [17113313] = {['id']=17113313, ['name']="DecrepitGnole", ['index']=225, ['level']=73},
    [17113312] = {['id']=17113312, ['name']="DecrepitGnole", ['index']=224, ['level']=74},
    [17113836] = {['id']=17113836, ['name']="Rainemard", ['index']=748, ['level']=0},
    [17113290] = {['id']=17113290, ['name']="OrcishBowshoot", ['index']=202, ['level']=77},
    [17113314] = {['id']=17113314, ['name']="DecrepitGnole", ['index']=226, ['level']=75},
    [17109193] = {['id']=17109193, ['name']="OrcishBowshoot", ['index']=201, ['level']=77},
    [17109197] = {['id']=17109197, ['name']="OrcishDragonbr", ['index']=205, ['level']=76},
    [17109203] = {['id']=17109203, ['name']="DecrepitGnole", ['index']=211, ['level']=75},
    [17109204] = {['id']=17109204, ['name']="DecrepitGnole", ['index']=212, ['level']=74},
    [17109205] = {['id']=17109205, ['name']="DecrepitGnole", ['index']=213, ['level']=74},
    [17109209] = {['id']=17109209, ['name']="DecrepitGnole", ['index']=217, ['level']=73},
    [17109211] = {['id']=17109211, ['name']="DecrepitGnole", ['index']=219, ['level']=74},
    [17109212] = {['id']=17109212, ['name']="DecrepitGnole", ['index']=220, ['level']=73},
    [17109213] = {['id']=17109213, ['name']="DecrepitGnole", ['index']=221, ['level']=74},
    [17109348] = {['id']=17109348, ['name']="BrutalSheep", ['index']=356, ['level']=40},
    [17113311] = {['id']=17113311, ['name']="DecrepitGnole", ['index']=223, ['level']=75},
    [17113302] = {['id']=17113302, ['name']="DecrepitGnole", ['index']=214, ['level']=75},
    [17113458] = {['id']=17113458, ['name']="Sprite", ['index']=370, ['level']=68},
    [17113315] = {['id']=17113315, ['name']="DecrepitGnole", ['index']=227, ['level']=75},
    [17113303] = {['id']=17113303, ['name']="DecrepitGnole", ['index']=215, ['level']=73},
    [17113316] = {['id']=17113316, ['name']="DecrepitGnole", ['index']=228, ['level']=75},
    [17113304] = {['id']=17113304, ['name']="DecrepitGnole", ['index']=216, ['level']=74},
    [17113305] = {['id']=17113305, ['name']="DecrepitGnole", ['index']=217, ['level']=73},
    [17113320] = {['id']=17113320, ['name']="DecrepitGnole", ['index']=232, ['level']=74},
    [17113321] = {['id']=17113321, ['name']="DecrepitGnole", ['index']=233, ['level']=73},
    [17109210] = {['id']=17109210, ['name']="DecrepitGnole", ['index']=218, ['level']=75},
    [17109221] = {['id']=17109221, ['name']="DecrepitGnole", ['index']=229, ['level']=74},
    [17113318] = {['id']=17113318, ['name']="DecrepitGnole", ['index']=230, ['level']=75},
    [17113319] = {['id']=17113319, ['name']="DecrepitGnole", ['index']=231, ['level']=74},
    [17113322] = {['id']=17113322, ['name']="DecrepitGnole", ['index']=234, ['level']=75},
    [17113323] = {['id']=17113323, ['name']="DecrepitGnole", ['index']=235, ['level']=73},
    [17113317] = {['id']=17113317, ['name']="DecrepitGnole", ['index']=229, ['level']=74},
    [17113306] = {['id']=17113306, ['name']="DecrepitGnole", ['index']=218, ['level']=75},
    [17113301] = {['id']=17113301, ['name']="DecrepitGnole", ['index']=213, ['level']=74},
    [17113300] = {['id']=17113300, ['name']="DecrepitGnole", ['index']=212, ['level']=74},
    [17113299] = {['id']=17113299, ['name']="DecrepitGnole", ['index']=211, ['level']=75},
    [17109187] = {['id']=17109187, ['name']="OrcishChampion", ['index']=195, ['level']=76},
    [17109192] = {['id']=17109192, ['name']="OrcishBowshoot", ['index']=200, ['level']=77},
    [17109196] = {['id']=17109196, ['name']="OrcishChampion", ['index']=204, ['level']=76},
    [17109201] = {['id']=17109201, ['name']="DecrepitGnole", ['index']=209, ['level']=74},
    [17109202] = {['id']=17109202, ['name']="DecrepitGnole", ['index']=210, ['level']=74},
    [17109302] = {['id']=17109302, ['name']="DecrepitGnole", ['index']=310, ['level']=74},
    [17109303] = {['id']=17109303, ['name']="DecrepitGnole", ['index']=311, ['level']=74},
    [17109304] = {['id']=17109304, ['name']="DecrepitGnole", ['index']=312, ['level']=73},
    [17109305] = {['id']=17109305, ['name']="DecrepitGnole", ['index']=313, ['level']=75},
    [17113298] = {['id']=17113298, ['name']="DecrepitGnole", ['index']=210, ['level']=74},
    [17113309] = {['id']=17113309, ['name']="DecrepitGnole", ['index']=221, ['level']=74},
    [17113289] = {['id']=17113289, ['name']="OrcishBowshoot", ['index']=201, ['level']=77},
    [17113297] = {['id']=17113297, ['name']="DecrepitGnole", ['index']=209, ['level']=74},
    [17113308] = {['id']=17113308, ['name']="DecrepitGnole", ['index']=220, ['level']=73},
    [17113293] = {['id']=17113293, ['name']="OrcishDragonbr", ['index']=205, ['level']=76},
    [17113288] = {['id']=17113288, ['name']="OrcishBowshoot", ['index']=200, ['level']=77},
    [17113292] = {['id']=17113292, ['name']="OrcishChampion", ['index']=204, ['level']=76},
    [17113307] = {['id']=17113307, ['name']="DecrepitGnole", ['index']=219, ['level']=74},
    [17113398] = {['id']=17113398, ['name']="DecrepitGnole", ['index']=310, ['level']=74},
    [17109009] = {['id']=17109009, ['name']="Snipper", ['index']=17, ['level']=41},
    [17109011] = {['id']=17109011, ['name']="Snipper", ['index']=19, ['level']=40},
    [17109012] = {['id']=17109012, ['name']="Snipper", ['index']=20, ['level']=41},
    [17109013] = {['id']=17109013, ['name']="Snipper", ['index']=21, ['level']=40},
    [17109014] = {['id']=17109014, ['name']="Snipper", ['index']=22, ['level']=40},
    [17113111] = {['id']=17113111, ['name']="Snipper", ['index']=23, ['level']=41},
    [17109025] = {['id']=17109025, ['name']="LandPugil", ['index']=33, ['level']=40},
    [17109027] = {['id']=17109027, ['name']="LandPugil", ['index']=35, ['level']=40},
    [17109188] = {['id']=17109188, ['name']="OrcishDragonbr", ['index']=196, ['level']=77},
    [17109189] = {['id']=17109189, ['name']="DecrepitGnole", ['index']=197, ['level']=73},
    [17109190] = {['id']=17109190, ['name']="DecrepitGnole", ['index']=198, ['level']=73},
    [17113287] = {['id']=17113287, ['name']="OrcishBowshoot", ['index']=199, ['level']=77},
    [17109198] = {['id']=17109198, ['name']="OrcishVeteran", ['index']=206, ['level']=77},
    [17109199] = {['id']=17109199, ['name']="OrcishDragonbr", ['index']=207, ['level']=76},
    [17109200] = {['id']=17109200, ['name']="OrcishVeteran", ['index']=208, ['level']=76},
    [17113295] = {['id']=17113295, ['name']="OrcishDragonbr", ['index']=207, ['level']=76},
    [17113296] = {['id']=17113296, ['name']="OrcishVeteran", ['index']=208, ['level']=76},
    [17113294] = {['id']=17113294, ['name']="OrcishVeteran", ['index']=206, ['level']=77},
    [17113286] = {['id']=17113286, ['name']="DecrepitGnole", ['index']=198, ['level']=73},
    [17113285] = {['id']=17113285, ['name']="DecrepitGnole", ['index']=197, ['level']=73},
    [17113123] = {['id']=17113123, ['name']="LandPugil", ['index']=35, ['level']=40},
    [17113110] = {['id']=17113110, ['name']="Snipper", ['index']=22, ['level']=40},
    [17113109] = {['id']=17113109, ['name']="Snipper", ['index']=21, ['level']=40},
    [17109020] = {['id']=17109020, ['name']="WarSmilodon", ['index']=28, ['level']=60},
    [17109021] = {['id']=17109021, ['name']="WarSmilodon", ['index']=29, ['level']=60},
    [17109023] = {['id']=17109023, ['name']="LandPugil", ['index']=31, ['level']=41},
    [17113120] = {['id']=17113120, ['name']="LandPugil", ['index']=32, ['level']=40},
    [17113125] = {['id']=17113125, ['name']="Screamer", ['index']=37, ['level']=40},
    [17113126] = {['id']=17113126, ['name']="Screamer", ['index']=38, ['level']=40},
    [17109038] = {['id']=17109038, ['name']="Screamer", ['index']=46, ['level']=41},
    [17109292] = {['id']=17109292, ['name']="LandPugil", ['index']=300, ['level']=41},
    [17109293] = {['id']=17109293, ['name']="LandPugil", ['index']=301, ['level']=41},
    [17109299] = {['id']=17109299, ['name']="Screamer", ['index']=307, ['level']=41},
    [17105267] = {['id']=17105267, ['name']="Sprite", ['index']=371, ['level']=68},
    [17113108] = {['id']=17113108, ['name']="Snipper", ['index']=20, ['level']=41},
    [17113121] = {['id']=17113121, ['name']="LandPugil", ['index']=33, ['level']=40},
    [17105696] = {['id']=17105696, ['name']="Roiloux,R.K.", ['index']=800, ['level']=0},
    [17113105] = {['id']=17113105, ['name']="Snipper", ['index']=17, ['level']=41},
    [17113117] = {['id']=17113117, ['name']="WarSmilodon", ['index']=29, ['level']=60},
    [17113134] = {['id']=17113134, ['name']="Screamer", ['index']=46, ['level']=41},
    [17113116] = {['id']=17113116, ['name']="WarSmilodon", ['index']=28, ['level']=60},
    [17113119] = {['id']=17113119, ['name']="LandPugil", ['index']=31, ['level']=41},
    [17109000] = {['id']=17109000, ['name']="ForestLeech", ['index']=8, ['level']=41},
    [17113104] = {['id']=17113104, ['name']="Snipper", ['index']=16, ['level']=40},
    [17113106] = {['id']=17113106, ['name']="Snipper", ['index']=18, ['level']=40},
    [17113112] = {['id']=17113112, ['name']="WarSmilodon", ['index']=24, ['level']=59},
    [17113113] = {['id']=17113113, ['name']="WarSmilodon", ['index']=25, ['level']=59},
    [17113114] = {['id']=17113114, ['name']="WarSmilodon", ['index']=26, ['level']=59},
    [17113115] = {['id']=17113115, ['name']="WarSmilodon", ['index']=27, ['level']=59},
    [17113124] = {['id']=17113124, ['name']="Screamer", ['index']=36, ['level']=42},
    [17109031] = {['id']=17109031, ['name']="StagBeetle", ['index']=39, ['level']=40},
    [17109034] = {['id']=17109034, ['name']="WarSmilodon", ['index']=42, ['level']=60},
    [17113137] = {['id']=17113137, ['name']="StagBeetle", ['index']=49, ['level']=41},
    [17113140] = {['id']=17113140, ['name']="WarSmilodon", ['index']=52, ['level']=59},
    [17113141] = {['id']=17113141, ['name']="WarSmilodon", ['index']=53, ['level']=58},
    [17113146] = {['id']=17113146, ['name']="WarSmilodon", ['index']=58, ['level']=59},
    [17109053] = {['id']=17109053, ['name']="Ghoul", ['index']=61, ['level']=44},
    [17113211] = {['id']=17113211, ['name']="ForestLeech", ['index']=123, ['level']=41},
    [17113460] = {['id']=17113460, ['name']="Sprite", ['index']=372, ['level']=66},
    [17113149] = {['id']=17113149, ['name']="Ghoul", ['index']=61, ['level']=44},
    [17113148] = {['id']=17113148, ['name']="WanderingSapli", ['index']=60, ['level']=39},
    [17113194] = {['id']=17113194, ['name']="StagBeetle", ['index']=106, ['level']=41},
    [17113195] = {['id']=17113195, ['name']="Biddybug", ['index']=107, ['level']=63},
    [17109100] = {['id']=17109100, ['name']="Biddybug", ['index']=108, ['level']=64},
    [17109102] = {['id']=17109102, ['name']="Biddybug", ['index']=110, ['level']=64},
    [17113205] = {['id']=17113205, ['name']="JugnerFunguar", ['index']=117, ['level']=43},
    [17113206] = {['id']=17113206, ['name']="JugnerFunguar", ['index']=118, ['level']=42},
    [17113208] = {['id']=17113208, ['name']="ForestLeech", ['index']=120, ['level']=41},
    [17113209] = {['id']=17113209, ['name']="ForestLeech", ['index']=121, ['level']=41},
    [17113221] = {['id']=17113221, ['name']="StagBeetle", ['index']=133, ['level']=41},
    [17113223] = {['id']=17113223, ['name']="IgnisDjinn", ['index']=135, ['level']=78},
    [17113224] = {['id']=17113224, ['name']="Biddybug", ['index']=136, ['level']=62},
    [17113225] = {['id']=17113225, ['name']="Biddybug", ['index']=137, ['level']=64},
    [17113226] = {['id']=17113226, ['name']="Biddybug", ['index']=138, ['level']=64},
    [17113227] = {['id']=17113227, ['name']="Biddybug", ['index']=139, ['level']=64},
    [17109132] = {['id']=17109132, ['name']="WarSmilodon", ['index']=140, ['level']=57},
    [17113229] = {['id']=17113229, ['name']="WanderingSapli", ['index']=141, ['level']=40},
    [17113230] = {['id']=17113230, ['name']="WanderingSapli", ['index']=142, ['level']=39},
    [17113232] = {['id']=17113232, ['name']="WalkingTree", ['index']=144, ['level']=47},
    [17113256] = {['id']=17113256, ['name']="Biddybug", ['index']=168, ['level']=64},
    [17113257] = {['id']=17113257, ['name']="Biddybug", ['index']=169, ['level']=63},
    [17114034] = {['id']=17114034, ['name']="WatchfulPixie", ['index']=946, ['level']=0},
    [17113196] = {['id']=17113196, ['name']="Biddybug", ['index']=108, ['level']=64},
    [17109101] = {['id']=17109101, ['name']="Biddybug", ['index']=109, ['level']=64},
    [17109103] = {['id']=17109103, ['name']="Biddybug", ['index']=111, ['level']=63},
    [17113200] = {['id']=17113200, ['name']="StagBeetle", ['index']=112, ['level']=40},
    [17113201] = {['id']=17113201, ['name']="StagBeetle", ['index']=113, ['level']=41},
    [17113202] = {['id']=17113202, ['name']="StagBeetle", ['index']=114, ['level']=40},
    [17113203] = {['id']=17113203, ['name']="StagBeetle", ['index']=115, ['level']=40},
    [17113204] = {['id']=17113204, ['name']="StagBeetle", ['index']=116, ['level']=41},
    [17113109] = {['id']=17113109, ['name']="Snipper", ['index']=21, ['level']=40},
    [17113110] = {['id']=17113110, ['name']="Snipper", ['index']=22, ['level']=41},
    [17113111] = {['id']=17113111, ['name']="Snipper", ['index']=23, ['level']=41},
    [17113121] = {['id']=17113121, ['name']="LandPugil", ['index']=33, ['level']=40},
    [17113123] = {['id']=17113123, ['name']="LandPugil", ['index']=35, ['level']=41},
    [17113274] = {['id']=17113274, ['name']="OrcishDragonbr", ['index']=186, ['level']=76},
    [17113275] = {['id']=17113275, ['name']="OrcishVeteran", ['index']=187, ['level']=76},
    [17109187] = {['id']=17109187, ['name']="OrcishChampion", ['index']=195, ['level']=77},
    [17109188] = {['id']=17109188, ['name']="OrcishDragonbr", ['index']=196, ['level']=77},
    [17113285] = {['id']=17113285, ['name']="DecrepitGnole", ['index']=197, ['level']=74},
    [17113286] = {['id']=17113286, ['name']="DecrepitGnole", ['index']=198, ['level']=73},
    [17113287] = {['id']=17113287, ['name']="OrcishBowshoot", ['index']=199, ['level']=76},
    [17113288] = {['id']=17113288, ['name']="OrcishBowshoot", ['index']=200, ['level']=76},
    [17113289] = {['id']=17113289, ['name']="OrcishBowshoot", ['index']=201, ['level']=77},
    [17113290] = {['id']=17113290, ['name']="OrcishBowshoot", ['index']=202, ['level']=77},
    [17109196] = {['id']=17109196, ['name']="OrcishChampion", ['index']=204, ['level']=76},
    [17113293] = {['id']=17113293, ['name']="OrcishDragonbr", ['index']=205, ['level']=77},
    [17109198] = {['id']=17109198, ['name']="OrcishVeteran", ['index']=206, ['level']=77},
    [17109199] = {['id']=17109199, ['name']="OrcishDragonbr", ['index']=207, ['level']=76},
    [17113296] = {['id']=17113296, ['name']="OrcishVeteran", ['index']=208, ['level']=77},
    [17113297] = {['id']=17113297, ['name']="DecrepitGnole", ['index']=209, ['level']=75},
    [17113298] = {['id']=17113298, ['name']="DecrepitGnole", ['index']=210, ['level']=73},
    [17113299] = {['id']=17113299, ['name']="DecrepitGnole", ['index']=211, ['level']=74},
    [17113292] = {['id']=17113292, ['name']="OrcishChampion", ['index']=204, ['level']=76},
    [17113300] = {['id']=17113300, ['name']="DecrepitGnole", ['index']=212, ['level']=73},
    [17113301] = {['id']=17113301, ['name']="DecrepitGnole", ['index']=213, ['level']=75},
    [17113302] = {['id']=17113302, ['name']="DecrepitGnole", ['index']=214, ['level']=75},
    [17113307] = {['id']=17113307, ['name']="DecrepitGnole", ['index']=219, ['level']=75},
    [17113308] = {['id']=17113308, ['name']="DecrepitGnole", ['index']=220, ['level']=73},
    [17113309] = {['id']=17113309, ['name']="DecrepitGnole", ['index']=221, ['level']=75},
    [17113310] = {['id']=17113310, ['name']="DecrepitGnole", ['index']=222, ['level']=75},
    [17113311] = {['id']=17113311, ['name']="DecrepitGnole", ['index']=223, ['level']=73},
    [17113312] = {['id']=17113312, ['name']="DecrepitGnole", ['index']=224, ['level']=75},
    [17113313] = {['id']=17113313, ['name']="DecrepitGnole", ['index']=225, ['level']=75},
    [17113314] = {['id']=17113314, ['name']="DecrepitGnole", ['index']=226, ['level']=73},
    [17113398] = {['id']=17113398, ['name']="DecrepitGnole", ['index']=310, ['level']=75},
    [17109303] = {['id']=17109303, ['name']="DecrepitGnole", ['index']=311, ['level']=73},
    [17109338] = {['id']=17109338, ['name']="OrcishDragonbr", ['index']=346, ['level']=77},
    [17113294] = {['id']=17113294, ['name']="OrcishVeteran", ['index']=206, ['level']=77},
    [17113295] = {['id']=17113295, ['name']="OrcishDragonbr", ['index']=207, ['level']=76},
    [17113284] = {['id']=17113284, ['name']="OrcishDragonbr", ['index']=196, ['level']=77},
    [17113283] = {['id']=17113283, ['name']="OrcishChampion", ['index']=195, ['level']=77},
    [17114010] = {['id']=17114010, ['name']="Helmyre", ['index']=922, ['level']=0},
    [17114011] = {['id']=17114011, ['name']="", ['index']=923, ['level']=0},
    [17113434] = {['id']=17113434, ['name']="OrcishDragonbr", ['index']=346, ['level']=77},
    [17109056] = {['id']=17109056, ['name']="JugnerFunguar", ['index']=64, ['level']=43},
    [17109057] = {['id']=17109057, ['name']="JugnerFunguar", ['index']=65, ['level']=44},
    [17109059] = {['id']=17109059, ['name']="ForestLeech", ['index']=67, ['level']=41},
    [17109060] = {['id']=17109060, ['name']="ForestLeech", ['index']=68, ['level']=41},
    [17113157] = {['id']=17113157, ['name']="ForestLeech", ['index']=69, ['level']=40},
    [17109070] = {['id']=17109070, ['name']="WanderingSapli", ['index']=78, ['level']=40},
    [17109076] = {['id']=17109076, ['name']="DecrepitGnole", ['index']=84, ['level']=73},
    [17109077] = {['id']=17109077, ['name']="DecrepitGnole", ['index']=85, ['level']=73},
    [17113174] = {['id']=17113174, ['name']="DecrepitGnole", ['index']=86, ['level']=74},
    [17109082] = {['id']=17109082, ['name']="DecrepitGnole", ['index']=90, ['level']=75},
    [17109083] = {['id']=17109083, ['name']="DecrepitGnole", ['index']=91, ['level']=75},
    [17109310] = {['id']=17109310, ['name']="JugnerFunguar", ['index']=318, ['level']=43},
    [17109312] = {['id']=17109312, ['name']="ForestLeech", ['index']=320, ['level']=40},
    [17109334] = {['id']=17109334, ['name']="OrcishBowshoot", ['index']=342, ['level']=76},
    [17109335] = {['id']=17109335, ['name']="OrcishChampion", ['index']=343, ['level']=77},
    [17109336] = {['id']=17109336, ['name']="OrcishDragonbr", ['index']=344, ['level']=76},
    [17113433] = {['id']=17113433, ['name']="OrcishChampion", ['index']=345, ['level']=76},
    [17109339] = {['id']=17109339, ['name']="WanderingSapli", ['index']=347, ['level']=41},
    [17109344] = {['id']=17109344, ['name']="BrutalSheep", ['index']=352, ['level']=39},
    [17109345] = {['id']=17109345, ['name']="BrutalSheep", ['index']=353, ['level']=40},
    [17109346] = {['id']=17109346, ['name']="BrutalSheep", ['index']=354, ['level']=39},
    [17113443] = {['id']=17113443, ['name']="BrutalSheep", ['index']=355, ['level']=41},
    [17109348] = {['id']=17109348, ['name']="BrutalSheep", ['index']=356, ['level']=41},
    [17109356] = {['id']=17109356, ['name']="WalkingTree", ['index']=364, ['level']=49},
    [17113166] = {['id']=17113166, ['name']="WanderingSapli", ['index']=78, ['level']=40},
    [17113173] = {['id']=17113173, ['name']="DecrepitGnole", ['index']=85, ['level']=73},
    [17113156] = {['id']=17113156, ['name']="ForestLeech", ['index']=68, ['level']=41},
    [17113153] = {['id']=17113153, ['name']="JugnerFunguar", ['index']=65, ['level']=44},
    [17113440] = {['id']=17113440, ['name']="BrutalSheep", ['index']=352, ['level']=39},
    [17113179] = {['id']=17113179, ['name']="DecrepitGnole", ['index']=91, ['level']=75},
    [17113172] = {['id']=17113172, ['name']="DecrepitGnole", ['index']=84, ['level']=73},
    [17113178] = {['id']=17113178, ['name']="DecrepitGnole", ['index']=90, ['level']=75},
    [17113152] = {['id']=17113152, ['name']="JugnerFunguar", ['index']=64, ['level']=43},
    [17113155] = {['id']=17113155, ['name']="ForestLeech", ['index']=67, ['level']=41},
    [17113154] = {['id']=17113154, ['name']="ForestLeech", ['index']=66, ['level']=40},
    [17113167] = {['id']=17113167, ['name']="WanderingSapli", ['index']=79, ['level']=40},
    [17113168] = {['id']=17113168, ['name']="BrutalSheep", ['index']=80, ['level']=41},
    [17109073] = {['id']=17109073, ['name']="BrutalSheep", ['index']=81, ['level']=40},
    [17109074] = {['id']=17109074, ['name']="BrutalSheep", ['index']=82, ['level']=39},
    [17113176] = {['id']=17113176, ['name']="DecrepitGnole", ['index']=88, ['level']=74},
    [17113177] = {['id']=17113177, ['name']="DecrepitGnole", ['index']=89, ['level']=74},
    [17109138] = {['id']=17109138, ['name']="WalkingTree", ['index']=146, ['level']=48},
    [17109140] = {['id']=17109140, ['name']="Lobison", ['index']=148, ['level']=81},
    [17109142] = {['id']=17109142, ['name']="Lobison", ['index']=150, ['level']=81},
    [17109174] = {['id']=17109174, ['name']="WarSmilodon", ['index']=182, ['level']=59},
    [17113455] = {['id']=17113455, ['name']="Sprite", ['index']=367, ['level']=68},
    [17113170] = {['id']=17113170, ['name']="BrutalSheep", ['index']=82, ['level']=39},
    [17113169] = {['id']=17113169, ['name']="BrutalSheep", ['index']=81, ['level']=40},
    [17113234] = {['id']=17113234, ['name']="WalkingTree", ['index']=146, ['level']=48},
    [17113236] = {['id']=17113236, ['name']="Lobison", ['index']=148, ['level']=81},
    [17113238] = {['id']=17113238, ['name']="Lobison", ['index']=150, ['level']=81},
    [17113237] = {['id']=17113237, ['name']="Lobison", ['index']=149, ['level']=81},
    [17113239] = {['id']=17113239, ['name']="Lobison", ['index']=151, ['level']=82},
    [17109144] = {['id']=17109144, ['name']="Lobison", ['index']=152, ['level']=81},
    [17109145] = {['id']=17109145, ['name']="Lobison", ['index']=153, ['level']=82},
    [17109146] = {['id']=17109146, ['name']="Lobison", ['index']=154, ['level']=81},
    [17109147] = {['id']=17109147, ['name']="Lobison", ['index']=155, ['level']=81},
    [17109148] = {['id']=17109148, ['name']="Lobison", ['index']=156, ['level']=81},
    [17113240] = {['id']=17113240, ['name']="Lobison", ['index']=152, ['level']=81},
    [17113241] = {['id']=17113241, ['name']="Lobison", ['index']=153, ['level']=82},
    [17113242] = {['id']=17113242, ['name']="Lobison", ['index']=154, ['level']=81},
    [17113244] = {['id']=17113244, ['name']="Lobison", ['index']=156, ['level']=81},
    [17113243] = {['id']=17113243, ['name']="Lobison", ['index']=155, ['level']=81},
    [17113233] = {['id']=17113233, ['name']="Lobison", ['index']=145, ['level']=82},
    [17108999] = {['id']=17108999, ['name']="JugnerFunguar", ['index']=7, ['level']=44},
    [17109001] = {['id']=17109001, ['name']="ForestLeech", ['index']=9, ['level']=40},
    [17113098] = {['id']=17113098, ['name']="ForestLeech", ['index']=10, ['level']=40},
    [17113099] = {['id']=17113099, ['name']="ForestLeech", ['index']=11, ['level']=41},
    [17109032] = {['id']=17109032, ['name']="StagBeetle", ['index']=40, ['level']=40},
    [17109033] = {['id']=17109033, ['name']="StagBeetle", ['index']=41, ['level']=40},
    [17109035] = {['id']=17109035, ['name']="WarSmilodon", ['index']=43, ['level']=60},
    [17109037] = {['id']=17109037, ['name']="WanderingSapli", ['index']=45, ['level']=41},
    [17113163] = {['id']=17113163, ['name']="Biddybug", ['index']=75, ['level']=64},
    [17113268] = {['id']=17113268, ['name']="Biddybug", ['index']=180, ['level']=64},
    [17113095] = {['id']=17113095, ['name']="JugnerFunguar", ['index']=7, ['level']=44},
    [17113133] = {['id']=17113133, ['name']="WanderingSapli", ['index']=45, ['level']=41},
    [17113131] = {['id']=17113131, ['name']="WarSmilodon", ['index']=43, ['level']=60},
    [17113128] = {['id']=17113128, ['name']="StagBeetle", ['index']=40, ['level']=40},
    [17108998] = {['id']=17108998, ['name']="JugnerFunguar", ['index']=6, ['level']=42},
    [17109000] = {['id']=17109000, ['name']="ForestLeech", ['index']=8, ['level']=41},
    [17113103] = {['id']=17113103, ['name']="Snipper", ['index']=15, ['level']=41},
    [17113104] = {['id']=17113104, ['name']="Snipper", ['index']=16, ['level']=41},
    [17113106] = {['id']=17113106, ['name']="Snipper", ['index']=18, ['level']=41},
    [17113112] = {['id']=17113112, ['name']="WarSmilodon", ['index']=24, ['level']=59},
    [17113114] = {['id']=17113114, ['name']="WarSmilodon", ['index']=26, ['level']=59},
    [17113115] = {['id']=17113115, ['name']="WarSmilodon", ['index']=27, ['level']=59},
    [17113118] = {['id']=17113118, ['name']="LandPugil", ['index']=30, ['level']=40},
    [17113122] = {['id']=17113122, ['name']="LandPugil", ['index']=34, ['level']=40},
    [17109031] = {['id']=17109031, ['name']="StagBeetle", ['index']=39, ['level']=41},
    [17109034] = {['id']=17109034, ['name']="WarSmilodon", ['index']=42, ['level']=60},
    [17109036] = {['id']=17109036, ['name']="WanderingSapli", ['index']=44, ['level']=40},
    [17113186] = {['id']=17113186, ['name']="Snipper", ['index']=98, ['level']=39},
    [17113187] = {['id']=17113187, ['name']="Hawkertrap", ['index']=99, ['level']=41},
    [17113188] = {['id']=17113188, ['name']="Biddybug", ['index']=100, ['level']=62},
    [17113189] = {['id']=17113189, ['name']="Biddybug", ['index']=101, ['level']=64},
    [17113190] = {['id']=17113190, ['name']="Biddybug", ['index']=102, ['level']=64},
    [17113191] = {['id']=17113191, ['name']="Biddybug", ['index']=103, ['level']=62},
    [17113193] = {['id']=17113193, ['name']="LandPugil", ['index']=105, ['level']=39},
    [17109149] = {['id']=17109149, ['name']="Snipper", ['index']=157, ['level']=39},
    [17109151] = {['id']=17109151, ['name']="Snipper", ['index']=159, ['level']=38},
    [17113257] = {['id']=17113257, ['name']="Biddybug", ['index']=169, ['level']=64},
    [17113097] = {['id']=17113097, ['name']="ForestLeech", ['index']=9, ['level']=40},
    [17113132] = {['id']=17113132, ['name']="WanderingSapli", ['index']=44, ['level']=40},
    [17113130] = {['id']=17113130, ['name']="WarSmilodon", ['index']=42, ['level']=60},
    [17113094] = {['id']=17113094, ['name']="JugnerFunguar", ['index']=6, ['level']=42},
    [17113096] = {['id']=17113096, ['name']="ForestLeech", ['index']=8, ['level']=41},
    [17113127] = {['id']=17113127, ['name']="StagBeetle", ['index']=39, ['level']=41},
    [17113105] = {['id']=17113105, ['name']="Snipper", ['index']=17, ['level']=41},
    [17113108] = {['id']=17113108, ['name']="Snipper", ['index']=20, ['level']=40},
    [17113113] = {['id']=17113113, ['name']="WarSmilodon", ['index']=25, ['level']=59},
    [17109020] = {['id']=17109020, ['name']="WarSmilodon", ['index']=28, ['level']=60},
    [17109021] = {['id']=17109021, ['name']="WarSmilodon", ['index']=29, ['level']=59},
    [17109023] = {['id']=17109023, ['name']="LandPugil", ['index']=31, ['level']=40},
    [17113120] = {['id']=17113120, ['name']="LandPugil", ['index']=32, ['level']=40},
    [17113124] = {['id']=17113124, ['name']="Screamer", ['index']=36, ['level']=42},
    [17113125] = {['id']=17113125, ['name']="Screamer", ['index']=37, ['level']=40},
    [17113126] = {['id']=17113126, ['name']="Screamer", ['index']=38, ['level']=41},
    [17109038] = {['id']=17109038, ['name']="Screamer", ['index']=46, ['level']=42},
    [17105379] = {['id']=17105379, ['name']="AlliedMantelet", ['index']=483, ['level']=50},
    [17105380] = {['id']=17105380, ['name']="AlliedMantelet", ['index']=484, ['level']=50},
    [17113888] = {['id']=17113888, ['name']="Roiloux,R.K.", ['index']=800, ['level']=0},
    [17113134] = {['id']=17113134, ['name']="Screamer", ['index']=46, ['level']=42},
    [17113116] = {['id']=17113116, ['name']="WarSmilodon", ['index']=28, ['level']=60},
    [17113137] = {['id']=17113137, ['name']="StagBeetle", ['index']=49, ['level']=40},
    [17113140] = {['id']=17113140, ['name']="WarSmilodon", ['index']=52, ['level']=58},
    [17105264] = {['id']=17105264, ['name']="Sprite", ['index']=368, ['level']=67},
    [17113119] = {['id']=17113119, ['name']="LandPugil", ['index']=31, ['level']=40},
    [17113117] = {['id']=17113117, ['name']="WarSmilodon", ['index']=29, ['level']=59},
    [17113456] = {['id']=17113456, ['name']="Sprite", ['index']=368, ['level']=67},
    [17113571] = {['id']=17113571, ['name']="AlliedMantelet", ['index']=483, ['level']=50},
    [17109011] = {['id']=17109011, ['name']="Snipper", ['index']=19, ['level']=41},
    [17113572] = {['id']=17113572, ['name']="AlliedMantelet", ['index']=484, ['level']=50},
    [17113129] = {['id']=17113129, ['name']="StagBeetle", ['index']=41, ['level']=40},
    [17113408] = {['id']=17113408, ['name']="ForestLeech", ['index']=320, ['level']=40},
    [17113406] = {['id']=17113406, ['name']="JugnerFunguar", ['index']=318, ['level']=43},
    [17113431] = {['id']=17113431, ['name']="OrcishChampion", ['index']=343, ['level']=77},
    [17113430] = {['id']=17113430, ['name']="OrcishBowshoot", ['index']=342, ['level']=76},
    [17113444] = {['id']=17113444, ['name']="BrutalSheep", ['index']=356, ['level']=41},
    [17109311] = {['id']=17109311, ['name']="JugnerFunguar", ['index']=319, ['level']=44},
    [17109313] = {['id']=17109313, ['name']="ForestLeech", ['index']=321, ['level']=41},
    [17109320] = {['id']=17109320, ['name']="GoblinBombardi", ['index']=328, ['level']=73},
    [17109321] = {['id']=17109321, ['name']="GoblinFieldDo", ['index']=329, ['level']=73},
    [17109327] = {['id']=17109327, ['name']="GoblinParatroo", ['index']=335, ['level']=73},
    [17109342] = {['id']=17109342, ['name']="WanderingSapli", ['index']=350, ['level']=39},
    [17105262] = {['id']=17105262, ['name']="Sprite", ['index']=366, ['level']=67},
    [17113432] = {['id']=17113432, ['name']="OrcishDragonbr", ['index']=344, ['level']=76},
    [17113442] = {['id']=17113442, ['name']="BrutalSheep", ['index']=354, ['level']=39},
    [17113435] = {['id']=17113435, ['name']="WanderingSapli", ['index']=347, ['level']=41},
    [17113454] = {['id']=17113454, ['name']="Sprite", ['index']=366, ['level']=67},
    [17113423] = {['id']=17113423, ['name']="GoblinParatroo", ['index']=335, ['level']=73},
    [17113409] = {['id']=17113409, ['name']="ForestLeech", ['index']=321, ['level']=41},
    [17113416] = {['id']=17113416, ['name']="GoblinBombardi", ['index']=328, ['level']=73},
    [17113417] = {['id']=17113417, ['name']="GoblinFieldDo", ['index']=329, ['level']=73},
    [17109314] = {['id']=17109314, ['name']="ForestLeech", ['index']=322, ['level']=41},
    [17109322] = {['id']=17109322, ['name']="GoblinParatroo", ['index']=330, ['level']=74},
    [17109323] = {['id']=17109323, ['name']="GoblinPicket", ['index']=331, ['level']=73},
    [17109325] = {['id']=17109325, ['name']="GoblinBombardi", ['index']=333, ['level']=72},
    [17109328] = {['id']=17109328, ['name']="GoblinPicket", ['index']=336, ['level']=72},
    [17109330] = {['id']=17109330, ['name']="GoblinBombardi", ['index']=338, ['level']=73},
    [17109332] = {['id']=17109332, ['name']="GoblinPicket", ['index']=340, ['level']=74},
    [17109340] = {['id']=17109340, ['name']="WanderingSapli", ['index']=348, ['level']=41},
    [17109341] = {['id']=17109341, ['name']="WanderingSapli", ['index']=349, ['level']=40},
    [17109349] = {['id']=17109349, ['name']="BrutalSheep", ['index']=357, ['level']=40},
    [17113438] = {['id']=17113438, ['name']="WanderingSapli", ['index']=350, ['level']=39},
    [17113407] = {['id']=17113407, ['name']="JugnerFunguar", ['index']=319, ['level']=44},
    [17113426] = {['id']=17113426, ['name']="GoblinBombardi", ['index']=338, ['level']=73},
    [17113419] = {['id']=17113419, ['name']="GoblinPicket", ['index']=331, ['level']=73},
    [17113410] = {['id']=17113410, ['name']="ForestLeech", ['index']=322, ['level']=41},
    [17113436] = {['id']=17113436, ['name']="WanderingSapli", ['index']=348, ['level']=41},
    [17109331] = {['id']=17109331, ['name']="GoblinParatroo", ['index']=339, ['level']=73},
    [17109343] = {['id']=17109343, ['name']="WanderingSapli", ['index']=351, ['level']=40},
    [17109350] = {['id']=17109350, ['name']="BrutalSheep", ['index']=358, ['level']=39},
    [17113424] = {['id']=17113424, ['name']="GoblinPicket", ['index']=336, ['level']=72},
    [17109352] = {['id']=17109352, ['name']="SkeletonEsquir", ['index']=360, ['level']=71},
    [17109354] = {['id']=17109354, ['name']="SkeletonEsquir", ['index']=362, ['level']=73},
    [17109357] = {['id']=17109357, ['name']="WalkingTree", ['index']=365, ['level']=49},
    [17113418] = {['id']=17113418, ['name']="GoblinParatroo", ['index']=330, ['level']=74},
    [17113445] = {['id']=17113445, ['name']="BrutalSheep", ['index']=357, ['level']=40},
    [17113427] = {['id']=17113427, ['name']="GoblinParatroo", ['index']=339, ['level']=73},
    [17113439] = {['id']=17113439, ['name']="WanderingSapli", ['index']=351, ['level']=40},
    [17113428] = {['id']=17113428, ['name']="GoblinPicket", ['index']=340, ['level']=74},
    [17113448] = {['id']=17113448, ['name']="SkeletonEsquir", ['index']=360, ['level']=71},
    [17109326] = {['id']=17109326, ['name']="GoblinFieldDo", ['index']=334, ['level']=72},
    [17113421] = {['id']=17113421, ['name']="GoblinBombardi", ['index']=333, ['level']=72},
    [17113437] = {['id']=17113437, ['name']="WanderingSapli", ['index']=349, ['level']=40},
    [17113422] = {['id']=17113422, ['name']="GoblinFieldDo", ['index']=334, ['level']=72},
    [17113446] = {['id']=17113446, ['name']="BrutalSheep", ['index']=358, ['level']=39},
    [17113450] = {['id']=17113450, ['name']="SkeletonEsquir", ['index']=362, ['level']=73},
    [17113453] = {['id']=17113453, ['name']="WalkingTree", ['index']=365, ['level']=49},
    [17113441] = {['id']=17113441, ['name']="BrutalSheep", ['index']=353, ['level']=40},
    [17113452] = {['id']=17113452, ['name']="WalkingTree", ['index']=364, ['level']=49},
    [17113303] = {['id']=17113303, ['name']="DecrepitGnole", ['index']=215, ['level']=74},
    [17113315] = {['id']=17113315, ['name']="DecrepitGnole", ['index']=227, ['level']=74},
    [17109304] = {['id']=17109304, ['name']="DecrepitGnole", ['index']=312, ['level']=73},
    [17109305] = {['id']=17109305, ['name']="DecrepitGnole", ['index']=313, ['level']=75},
    [17105266] = {['id']=17105266, ['name']="Sprite", ['index']=370, ['level']=66},
    [17113458] = {['id']=17113458, ['name']="Sprite", ['index']=370, ['level']=66},
    [17113273] = {['id']=17113273, ['name']="OrcishChampion", ['index']=185, ['level']=76},
    [17113276] = {['id']=17113276, ['name']="OrcishChampion", ['index']=188, ['level']=76},
    [17113277] = {['id']=17113277, ['name']="OrcishDragonbr", ['index']=189, ['level']=77},
    [17113278] = {['id']=17113278, ['name']="OrcishDragonbr", ['index']=190, ['level']=76},
    [17113279] = {['id']=17113279, ['name']="OrcishVeteran", ['index']=191, ['level']=77},
    [17113280] = {['id']=17113280, ['name']="OrcishChampion", ['index']=192, ['level']=76},
    [17113281] = {['id']=17113281, ['name']="OrcishProtecto", ['index']=193, ['level']=77},
    [17113282] = {['id']=17113282, ['name']="OrcishVeteran", ['index']=194, ['level']=76},
    [17113291] = {['id']=17113291, ['name']="OrcishBowshoot", ['index']=203, ['level']=77},
    [17113304] = {['id']=17113304, ['name']="DecrepitGnole", ['index']=216, ['level']=75},
    [17113305] = {['id']=17113305, ['name']="DecrepitGnole", ['index']=217, ['level']=74},
    [17113316] = {['id']=17113316, ['name']="DecrepitGnole", ['index']=228, ['level']=75},
    [17113321] = {['id']=17113321, ['name']="DecrepitGnole", ['index']=233, ['level']=75},
    [17114046] = {['id']=17114046, ['name']="SurvivalGuide", ['index']=958, ['level']=0},
