    [17555464] = {['id']=17555464, ['name']="CarrionWorm", ['index']=8, ['level']=2},
    [17555463] = {['id']=17555463, ['name']="CarrionWorm", ['index']=7, ['level']=2},
    [17555460] = {['id']=17555460, ['name']="CarrionWorm", ['index']=4, ['level']=2},
    [17555459] = {['id']=17555459, ['name']="CarrionWorm", ['index']=3, ['level']=2},
    [17555977] = {['id']=17555977, ['name']="SurvivalGuide", ['index']=521, ['level']=0},
    [17555967] = {['id']=17555967, ['name']="GroundsTome", ['index']=511, ['level']=0},
    [17555465] = {['id']=17555465, ['name']="CarrionWorm", ['index']=9, ['level']=4},
    [17555468] = {['id']=17555468, ['name']="GoblinThug", ['index']=12, ['level']=5},
    [17555467] = {['id']=17555467, ['name']="CarrionWorm", ['index']=11, ['level']=4},
    [17555466] = {['id']=17555466, ['name']="CarrionWorm", ['index']=10, ['level']=4},
    [17555472] = {['id']=17555472, ['name']="MouseBat", ['index']=16, ['level']=4},
    [17555471] = {['id']=17555471, ['name']="MouseBat", ['index']=15, ['level']=3},
    [17555476] = {['id']=17555476, ['name']="MouseBat", ['index']=20, ['level']=3},
    [17555477] = {['id']=17555477, ['name']="MouseBat", ['index']=21, ['level']=5},
    [17555475] = {['id']=17555475, ['name']="MouseBat", ['index']=19, ['level']=3},
    [17555502] = {['id']=17555502, ['name']="GoblinWeaver", ['index']=46, ['level']=8},
    [17555505] = {['id']=17555505, ['name']="MouseBat", ['index']=49, ['level']=5},
    [17555507] = {['id']=17555507, ['name']="GoblinWeaver", ['index']=51, ['level']=5},
    [17555510] = {['id']=17555510, ['name']="CarrionWorm", ['index']=54, ['level']=5},
    [17555527] = {['id']=17555527, ['name']="GoblinThug", ['index']=71, ['level']=8},
    [17555538] = {['id']=17555538, ['name']="CarrionWorm", ['index']=82, ['level']=4},
    [17555542] = {['id']=17555542, ['name']="GoblinWeaver", ['index']=86, ['level']=7},
    [17555545] = {['id']=17555545, ['name']="CarrionWorm", ['index']=89, ['level']=4},
    [17555548] = {['id']=17555548, ['name']="GoblinThug", ['index']=92, ['level']=8},
    [17555552] = {['id']=17555552, ['name']="CarrionWorm", ['index']=96, ['level']=5},
    [17555553] = {['id']=17555553, ['name']="GoblinThug", ['index']=97, ['level']=4},
    [17555556] = {['id']=17555556, ['name']="GoblinWeaver", ['index']=100, ['level']=4},
    [17555557] = {['id']=17555557, ['name']="CarrionWorm", ['index']=101, ['level']=5},
    [17555558] = {['id']=17555558, ['name']="GoblinThug", ['index']=102, ['level']=5},
    [17555562] = {['id']=17555562, ['name']="CarrionWorm", ['index']=106, ['level']=4},
    [17555566] = {['id']=17555566, ['name']="GoblinWeaver", ['index']=110, ['level']=4},
    [17555578] = {['id']=17555578, ['name']="GoblinThug", ['index']=122, ['level']=5},
    [17555582] = {['id']=17555582, ['name']="CarrionWorm", ['index']=126, ['level']=4},
    [17555666] = {['id']=17555666, ['name']="TombBat", ['index']=210, ['level']=18},
    [17555531] = {['id']=17555531, ['name']="CarrionWorm", ['index']=75, ['level']=5},
    [17555969] = {['id']=17555969, ['name']="GroundsTome", ['index']=513, ['level']=0},
    [17555599] = {['id']=17555599, ['name']="WindBats", ['index']=143, ['level']=9},
    [17555605] = {['id']=17555605, ['name']="StoneEater", ['index']=149, ['level']=6},
    [17555600] = {['id']=17555600, ['name']="GoblinAmbusher", ['index']=144, ['level']=12},
    [17555603] = {['id']=17555603, ['name']="WindBats", ['index']=147, ['level']=11},
    [17555604] = {['id']=17555604, ['name']="WindBats", ['index']=148, ['level']=10},
    [17555677] = {['id']=17555677, ['name']="Nachzehrer", ['index']=221, ['level']=15},
    [17555670] = {['id']=17555670, ['name']="Nachzehrer", ['index']=214, ['level']=18},
    [17555669] = {['id']=17555669, ['name']="Nachzehrer", ['index']=213, ['level']=15},
    [17555609] = {['id']=17555609, ['name']="WindBats", ['index']=153, ['level']=11},
    [17555610] = {['id']=17555610, ['name']="WindBats", ['index']=154, ['level']=10},
    [17555608] = {['id']=17555608, ['name']="GoblinButcher", ['index']=152, ['level']=12},
    [17555611] = {['id']=17555611, ['name']="StoneEater", ['index']=155, ['level']=7},
    [17555615] = {['id']=17555615, ['name']="WindBats", ['index']=159, ['level']=11},
    [17555717] = {['id']=17555717, ['name']="RockEater", ['index']=261, ['level']=16},
    [17555589] = {['id']=17555589, ['name']="CarrionWorm", ['index']=133, ['level']=5},
    [17555593] = {['id']=17555593, ['name']="DingBats", ['index']=137, ['level']=3},
    [17555612] = {['id']=17555612, ['name']="GoblinAmbusher", ['index']=156, ['level']=15},
    [17555616] = {['id']=17555616, ['name']="WindBats", ['index']=160, ['level']=11},
    [17555618] = {['id']=17555618, ['name']="StoneEater", ['index']=162, ['level']=6},
    [17555619] = {['id']=17555619, ['name']="GoblinAmbusher", ['index']=163, ['level']=14},
    [17555622] = {['id']=17555622, ['name']="WindBats", ['index']=166, ['level']=9},
    [17555623] = {['id']=17555623, ['name']="WindBats", ['index']=167, ['level']=9},
    [17555625] = {['id']=17555625, ['name']="StoneEater", ['index']=169, ['level']=7},
    [17555627] = {['id']=17555627, ['name']="GoblinTinkerer", ['index']=171, ['level']=13},
    [17555629] = {['id']=17555629, ['name']="GoblinAmbusher", ['index']=173, ['level']=14},
    [17555631] = {['id']=17555631, ['name']="GoblinButcher", ['index']=175, ['level']=13},
    [17555632] = {['id']=17555632, ['name']="WindBats", ['index']=176, ['level']=9},
    [17555633] = {['id']=17555633, ['name']="WindBats", ['index']=177, ['level']=9},
    [17555634] = {['id']=17555634, ['name']="GraveBat", ['index']=178, ['level']=11},
    [17555635] = {['id']=17555635, ['name']="GoblinAmbusher", ['index']=179, ['level']=16},
    [17555638] = {['id']=17555638, ['name']="GraveBat", ['index']=182, ['level']=11},
    [17555639] = {['id']=17555639, ['name']="GraveBat", ['index']=183, ['level']=12},
    [17555640] = {['id']=17555640, ['name']="GraveBat", ['index']=184, ['level']=11},
    [17555671] = {['id']=17555671, ['name']="Nachzehrer", ['index']=215, ['level']=18},
    [17555673] = {['id']=17555673, ['name']="GraveBat", ['index']=217, ['level']=12},
    [17555711] = {['id']=17555711, ['name']="PlagueBats", ['index']=255, ['level']=16},
    [17555712] = {['id']=17555712, ['name']="RockEater", ['index']=256, ['level']=15},
    [17555713] = {['id']=17555713, ['name']="RockEater", ['index']=257, ['level']=15},
    [17555716] = {['id']=17555716, ['name']="RockEater", ['index']=260, ['level']=14},
    [17555722] = {['id']=17555722, ['name']="PlagueBats", ['index']=266, ['level']=15},
    [17555728] = {['id']=17555728, ['name']="RockEater", ['index']=272, ['level']=16},
    [17555730] = {['id']=17555730, ['name']="GoblinMugger", ['index']=274, ['level']=21},
    [17555733] = {['id']=17555733, ['name']="GoblinMugger", ['index']=277, ['level']=23},
    [17555736] = {['id']=17555736, ['name']="RockEater", ['index']=280, ['level']=14},
    [17555737] = {['id']=17555737, ['name']="RockEater", ['index']=281, ['level']=14},
    [17555739] = {['id']=17555739, ['name']="GoblinMugger", ['index']=283, ['level']=23},
    [17555742] = {['id']=17555742, ['name']="GoblinMugger", ['index']=286, ['level']=21},
    [17555744] = {['id']=17555744, ['name']="GoblinGambler", ['index']=288, ['level']=21},
    [17555745] = {['id']=17555745, ['name']="RockEater", ['index']=289, ['level']=16},
    [17555746] = {['id']=17555746, ['name']="RockEater", ['index']=290, ['level']=16},
    [17555529] = {['id']=17555529, ['name']="DingBats", ['index']=73, ['level']=3},
    [17555533] = {['id']=17555533, ['name']="EnchantedBones", ['index']=77, ['level']=5},
    [17555580] = {['id']=17555580, ['name']="DingBats", ['index']=124, ['level']=4},
    [17555704] = {['id']=17555704, ['name']="Nachzehrer", ['index']=248, ['level']=15},
    [17555705] = {['id']=17555705, ['name']="Nachzehrer", ['index']=249, ['level']=18},
    [17555706] = {['id']=17555706, ['name']="Nachzehrer", ['index']=250, ['level']=17},
    [17555708] = {['id']=17555708, ['name']="PlagueBats", ['index']=252, ['level']=17},
    [17555709] = {['id']=17555709, ['name']="Ankou", ['index']=253, ['level']=21},
    [17555710] = {['id']=17555710, ['name']="PlagueBats", ['index']=254, ['level']=15},
    [17555714] = {['id']=17555714, ['name']="PlagueBats", ['index']=258, ['level']=15},
    [17555715] = {['id']=17555715, ['name']="PlagueBats", ['index']=259, ['level']=16},
    [17555720] = {['id']=17555720, ['name']="PlagueBats", ['index']=264, ['level']=16},
    [17555721] = {['id']=17555721, ['name']="Barbastelle", ['index']=265, ['level']=17},
    [17555735] = {['id']=17555735, ['name']="GoblinGambler", ['index']=279, ['level']=23},
    [17555738] = {['id']=17555738, ['name']="PlagueBats", ['index']=282, ['level']=16},
    [17555747] = {['id']=17555747, ['name']="PlagueBats", ['index']=291, ['level']=17},
    [17555457] = {['id']=17555457, ['name']="DingBats", ['index']=1, ['level']=4},
    [17555458] = {['id']=17555458, ['name']="DingBats", ['index']=2, ['level']=3},
    [17555459] = {['id']=17555459, ['name']="CarrionWorm", ['index']=3, ['level']=2},
    [17555460] = {['id']=17555460, ['name']="CarrionWorm", ['index']=4, ['level']=3},
    [17555462] = {['id']=17555462, ['name']="DingBats", ['index']=6, ['level']=4},
    [17555463] = {['id']=17555463, ['name']="CarrionWorm", ['index']=7, ['level']=3},
    [17555464] = {['id']=17555464, ['name']="CarrionWorm", ['index']=8, ['level']=4},
    [17555469] = {['id']=17555469, ['name']="DingBats", ['index']=13, ['level']=4},
    [17555967] = {['id']=17555967, ['name']="GroundsTome", ['index']=511, ['level']=0},
    [17555977] = {['id']=17555977, ['name']="SurvivalGuide", ['index']=521, ['level']=0},
    [17555461] = {['id']=17555461, ['name']="DingBats", ['index']=5, ['level']=3},
    [17555468] = {['id']=17555468, ['name']="GoblinThug", ['index']=12, ['level']=5},
    [17555465] = {['id']=17555465, ['name']="CarrionWorm", ['index']=9, ['level']=3},
    [17555466] = {['id']=17555466, ['name']="CarrionWorm", ['index']=10, ['level']=4},
    [17555470] = {['id']=17555470, ['name']="DingBats", ['index']=14, ['level']=2},
    [17555467] = {['id']=17555467, ['name']="CarrionWorm", ['index']=11, ['level']=3},
    [17555472] = {['id']=17555472, ['name']="MouseBat", ['index']=16, ['level']=5},
    [17555471] = {['id']=17555471, ['name']="MouseBat", ['index']=15, ['level']=3},
    [17555479] = {['id']=17555479, ['name']="MouseBat", ['index']=23, ['level']=5},
    [17555480] = {['id']=17555480, ['name']="MouseBat", ['index']=24, ['level']=5},
    [17555649] = {['id']=17555649, ['name']="GoblinGruel", ['index']=193, ['level']=18},
    [17555648] = {['id']=17555648, ['name']="RockEater", ['index']=192, ['level']=14},
    [17555473] = {['id']=17555473, ['name']="GoblinThug", ['index']=17, ['level']=5},
    [17555475] = {['id']=17555475, ['name']="MouseBat", ['index']=19, ['level']=3},
    [17555476] = {['id']=17555476, ['name']="MouseBat", ['index']=20, ['level']=4},
    [17555477] = {['id']=17555477, ['name']="MouseBat", ['index']=21, ['level']=3},
    [17555478] = {['id']=17555478, ['name']="MouseBat", ['index']=22, ['level']=6},
    [17555481] = {['id']=17555481, ['name']="MouseBat", ['index']=25, ['level']=4},
    [17555482] = {['id']=17555482, ['name']="MouseBat", ['index']=26, ['level']=5},
    [17555483] = {['id']=17555483, ['name']="StoneEater", ['index']=27, ['level']=5},
    [17555484] = {['id']=17555484, ['name']="StoneEater", ['index']=28, ['level']=6},
    [17555485] = {['id']=17555485, ['name']="MouseBat", ['index']=29, ['level']=3},
    [17555486] = {['id']=17555486, ['name']="MouseBat", ['index']=30, ['level']=3},
    [17555488] = {['id']=17555488, ['name']="GoblinWeaver", ['index']=32, ['level']=8},
    [17555490] = {['id']=17555490, ['name']="GoblinWeaver", ['index']=34, ['level']=4},
    [17555491] = {['id']=17555491, ['name']="MouseBat", ['index']=35, ['level']=5},
    [17555492] = {['id']=17555492, ['name']="MouseBat", ['index']=36, ['level']=6},
    [17555493] = {['id']=17555493, ['name']="GoblinThug", ['index']=37, ['level']=6},
    [17555496] = {['id']=17555496, ['name']="GoblinWeaver", ['index']=40, ['level']=7},
    [17555497] = {['id']=17555497, ['name']="MouseBat", ['index']=41, ['level']=3},
    [17555498] = {['id']=17555498, ['name']="MouseBat", ['index']=42, ['level']=5},
    [17555503] = {['id']=17555503, ['name']="MouseBat", ['index']=47, ['level']=3},
    [17555665] = {['id']=17555665, ['name']="TombBat", ['index']=209, ['level']=17},
    [17555666] = {['id']=17555666, ['name']="TombBat", ['index']=210, ['level']=17},
    [17555667] = {['id']=17555667, ['name']="TombBat", ['index']=211, ['level']=18},
    [17555502] = {['id']=17555502, ['name']="GoblinWeaver", ['index']=46, ['level']=5},
    [17555500] = {['id']=17555500, ['name']="GoblinWeaver", ['index']=44, ['level']=8},
    [17555504] = {['id']=17555504, ['name']="MouseBat", ['index']=48, ['level']=3},
    [17555505] = {['id']=17555505, ['name']="MouseBat", ['index']=49, ['level']=3},
    [17555508] = {['id']=17555508, ['name']="DingBats", ['index']=52, ['level']=5},
    [17555510] = {['id']=17555510, ['name']="CarrionWorm", ['index']=54, ['level']=3},
    [17555514] = {['id']=17555514, ['name']="GoblinWeaver", ['index']=58, ['level']=4},
    [17555517] = {['id']=17555517, ['name']="CarrionWorm", ['index']=61, ['level']=5},
    [17555569] = {['id']=17555569, ['name']="CarrionWorm", ['index']=113, ['level']=5},
    [17555572] = {['id']=17555572, ['name']="DingBats", ['index']=116, ['level']=4},
    [17555524] = {['id']=17555524, ['name']="CarrionWorm", ['index']=68, ['level']=3},
    [17555545] = {['id']=17555545, ['name']="CarrionWorm", ['index']=89, ['level']=5},
    [17555549] = {['id']=17555549, ['name']="GoblinWeaver", ['index']=93, ['level']=6},
    [17555554] = {['id']=17555554, ['name']="GoblinWeaver", ['index']=98, ['level']=7},
    [17555556] = {['id']=17555556, ['name']="GoblinWeaver", ['index']=100, ['level']=8},
    [17555557] = {['id']=17555557, ['name']="CarrionWorm", ['index']=101, ['level']=5},
    [17555559] = {['id']=17555559, ['name']="GoblinWeaver", ['index']=103, ['level']=7},
    [17555560] = {['id']=17555560, ['name']="DingBats", ['index']=104, ['level']=5},
    [17555562] = {['id']=17555562, ['name']="CarrionWorm", ['index']=106, ['level']=5},
    [17555565] = {['id']=17555565, ['name']="GoblinThug", ['index']=109, ['level']=6},
    [17555586] = {['id']=17555586, ['name']="GoblinWeaver", ['index']=130, ['level']=4},
    [17555579] = {['id']=17555579, ['name']="GoblinWeaver", ['index']=123, ['level']=8},
    [17555582] = {['id']=17555582, ['name']="CarrionWorm", ['index']=126, ['level']=3},
    [17555580] = {['id']=17555580, ['name']="DingBats", ['index']=124, ['level']=4},
    [17555538] = {['id']=17555538, ['name']="CarrionWorm", ['index']=82, ['level']=4},
    [17555535] = {['id']=17555535, ['name']="GoblinWeaver", ['index']=79, ['level']=5},
    [17555537] = {['id']=17555537, ['name']="DingBats", ['index']=81, ['level']=3},
    [17555552] = {['id']=17555552, ['name']="CarrionWorm", ['index']=96, ['level']=3},
    [17555589] = {['id']=17555589, ['name']="CarrionWorm", ['index']=133, ['level']=4},
    [17555550] = {['id']=17555550, ['name']="GoblinThug", ['index']=94, ['level']=7},
    [17555528] = {['id']=17555528, ['name']="GoblinWeaver", ['index']=72, ['level']=6},
    [17555529] = {['id']=17555529, ['name']="DingBats", ['index']=73, ['level']=5},
    [17555531] = {['id']=17555531, ['name']="CarrionWorm", ['index']=75, ['level']=4},
    [17555507] = {['id']=17555507, ['name']="GoblinWeaver", ['index']=51, ['level']=7},
    [17555969] = {['id']=17555969, ['name']="GroundsTome", ['index']=513, ['level']=0},
    [17555748] = {['id']=17555748, ['name']="OssuaryWorm", ['index']=292, ['level']=79},
    [17555749] = {['id']=17555749, ['name']="OssuaryWorm", ['index']=293, ['level']=78},
    [17555750] = {['id']=17555750, ['name']="OssuaryWorm", ['index']=294, ['level']=78},
    [17555751] = {['id']=17555751, ['name']="OgreBat", ['index']=295, ['level']=81},
    [17555752] = {['id']=17555752, ['name']="OgreBat", ['index']=296, ['level']=81},
    [17555753] = {['id']=17555753, ['name']="OgreBat", ['index']=297, ['level']=82},
    [17555754] = {['id']=17555754, ['name']="OssuaryWorm", ['index']=298, ['level']=78},
    [17555755] = {['id']=17555755, ['name']="OssuaryWorm", ['index']=299, ['level']=79},
    [17555756] = {['id']=17555756, ['name']="OssuaryWorm", ['index']=300, ['level']=80},
    [17555757] = {['id']=17555757, ['name']="OgreBat", ['index']=301, ['level']=81},
    [17555758] = {['id']=17555758, ['name']="OgreBat", ['index']=302, ['level']=82},
    [17555759] = {['id']=17555759, ['name']="OgreBat", ['index']=303, ['level']=82},
    [17555760] = {['id']=17555760, ['name']="BarrowScorpion", ['index']=304, ['level']=82},
    [17555847] = {['id']=17555847, ['name']="OssuaryWorm", ['index']=391, ['level']=78},
    [17555970] = {['id']=17555970, ['name']="GroundsTome", ['index']=514, ['level']=0},
    [17555762] = {['id']=17555762, ['name']="OssuaryWorm", ['index']=306, ['level']=79},
    [17555763] = {['id']=17555763, ['name']="OssuaryWorm", ['index']=307, ['level']=80},
    [17555765] = {['id']=17555765, ['name']="OgreBat", ['index']=309, ['level']=81},
    [17555761] = {['id']=17555761, ['name']="OssuaryWorm", ['index']=305, ['level']=79},
    [17555764] = {['id']=17555764, ['name']="OgreBat", ['index']=308, ['level']=83},
    [17555766] = {['id']=17555766, ['name']="OgreBat", ['index']=310, ['level']=81},
    [17555768] = {['id']=17555768, ['name']="OgreBat", ['index']=312, ['level']=82},
    [17555832] = {['id']=17555832, ['name']="OssuaryWorm", ['index']=376, ['level']=79},
    [17555831] = {['id']=17555831, ['name']="OssuaryWorm", ['index']=375, ['level']=79},
    [17555833] = {['id']=17555833, ['name']="OssuaryWorm", ['index']=377, ['level']=78},
    [17555836] = {['id']=17555836, ['name']="OgreBat", ['index']=380, ['level']=81},
    [17555834] = {['id']=17555834, ['name']="OssuaryWorm", ['index']=378, ['level']=79},
    [17555835] = {['id']=17555835, ['name']="OgreBat", ['index']=379, ['level']=82},
    [17555837] = {['id']=17555837, ['name']="BarrowScorpion", ['index']=381, ['level']=84},
    [17555773] = {['id']=17555773, ['name']="ThousandEyes", ['index']=317, ['level']=62},
    [17555770] = {['id']=17555770, ['name']="ThousandEyes", ['index']=314, ['level']=62},
    [17555771] = {['id']=17555771, ['name']="ThousandEyes", ['index']=315, ['level']=60},
    [17555774] = {['id']=17555774, ['name']="ThousandEyes", ['index']=318, ['level']=61},
    [17555772] = {['id']=17555772, ['name']="ThousandEyes", ['index']=316, ['level']=62},
    [17555811] = {['id']=17555811, ['name']="SpartoiSorcere", ['index']=355, ['level']=82},
    [17555809] = {['id']=17555809, ['name']="SpartoiWarrior", ['index']=353, ['level']=79},
    [17555813] = {['id']=17555813, ['name']="Hati", ['index']=357, ['level']=78},
    [17555802] = {['id']=17555802, ['name']="Hati", ['index']=346, ['level']=79},
    [17555805] = {['id']=17555805, ['name']="SpartoiSorcere", ['index']=349, ['level']=81},
    [17555801] = {['id']=17555801, ['name']="Hati", ['index']=345, ['level']=79},
    [17555776] = {['id']=17555776, ['name']="SpartoiWarrior", ['index']=320, ['level']=78},
    [17555775] = {['id']=17555775, ['name']="Hati", ['index']=319, ['level']=79},
    [17555781] = {['id']=17555781, ['name']="SpartoiWarrior", ['index']=325, ['level']=80},
    [17555777] = {['id']=17555777, ['name']="Hati", ['index']=321, ['level']=79},
    [17555780] = {['id']=17555780, ['name']="SpartoiWarrior", ['index']=324, ['level']=80},
    [17555779] = {['id']=17555779, ['name']="Hati", ['index']=323, ['level']=77},
    [17555778] = {['id']=17555778, ['name']="Hati", ['index']=322, ['level']=79},
    [17555788] = {['id']=17555788, ['name']="SpartoiWarrior", ['index']=332, ['level']=80},
    [17555791] = {['id']=17555791, ['name']="SpartoiSorcere", ['index']=335, ['level']=80},
    [17555792] = {['id']=17555792, ['name']="SpartoiSorcere", ['index']=336, ['level']=81},
    [17555789] = {['id']=17555789, ['name']="SpartoiSorcere", ['index']=333, ['level']=82},
    [17555793] = {['id']=17555793, ['name']="Lemures", ['index']=337, ['level']=80},
    [17555790] = {['id']=17555790, ['name']="SpartoiSorcere", ['index']=334, ['level']=80},
    [17555799] = {['id']=17555799, ['name']="SpartoiSorcere", ['index']=343, ['level']=80},
    [17555798] = {['id']=17555798, ['name']="SpartoiWarrior", ['index']=342, ['level']=79},
    [17555794] = {['id']=17555794, ['name']="SpartoiWarrior", ['index']=338, ['level']=80},
    [17555796] = {['id']=17555796, ['name']="SpartoiSorcere", ['index']=340, ['level']=81},
    [17555795] = {['id']=17555795, ['name']="SpartoiSorcere", ['index']=339, ['level']=80},
    [17555797] = {['id']=17555797, ['name']="Lemures", ['index']=341, ['level']=80},
    [17555784] = {['id']=17555784, ['name']="SpartoiWarrior", ['index']=328, ['level']=80},
    [17555785] = {['id']=17555785, ['name']="SpartoiWarrior", ['index']=329, ['level']=80},
    [17555783] = {['id']=17555783, ['name']="Hati", ['index']=327, ['level']=77},
    [17555782] = {['id']=17555782, ['name']="Hati", ['index']=326, ['level']=79},
    [17555787] = {['id']=17555787, ['name']="SpartoiSorcere", ['index']=331, ['level']=82},
    [17555786] = {['id']=17555786, ['name']="SpartoiWarrior", ['index']=330, ['level']=80},
    [17555862] = {['id']=17555862, ['name']="OssuaryWorm", ['index']=406, ['level']=78},
    [17555860] = {['id']=17555860, ['name']="CherrySapling", ['index']=404, ['level']=64},
    [17555861] = {['id']=17555861, ['name']="OssuaryWorm", ['index']=405, ['level']=78},
    [17555858] = {['id']=17555858, ['name']="CherrySapling", ['index']=402, ['level']=62},
    [17555859] = {['id']=17555859, ['name']="CherrySapling", ['index']=403, ['level']=62},
    [17555866] = {['id']=17555866, ['name']="BonnetBeetle", ['index']=410, ['level']=79},
    [17555868] = {['id']=17555868, ['name']="BonnetBeetle", ['index']=412, ['level']=80},
    [17555869] = {['id']=17555869, ['name']="BonnetBeetle", ['index']=413, ['level']=80},
    [17555851] = {['id']=17555851, ['name']="OssuaryWorm", ['index']=395, ['level']=78},
    [17555821] = {['id']=17555821, ['name']="Lemures", ['index']=365, ['level']=80},
    [17555822] = {['id']=17555822, ['name']="SpartoiSorcere", ['index']=366, ['level']=80},
    [17555824] = {['id']=17555824, ['name']="SpartoiWarrior", ['index']=368, ['level']=79},
    [17555825] = {['id']=17555825, ['name']="SpartoiWarrior", ['index']=369, ['level']=79},
    [17555826] = {['id']=17555826, ['name']="SpartoiWarrior", ['index']=370, ['level']=78},
    [17555827] = {['id']=17555827, ['name']="SpartoiSorcere", ['index']=371, ['level']=80},
    [17555828] = {['id']=17555828, ['name']="SpartoiSorcere", ['index']=372, ['level']=81},
    [17555829] = {['id']=17555829, ['name']="Hati", ['index']=373, ['level']=79},
    [17555830] = {['id']=17555830, ['name']="Hati", ['index']=374, ['level']=78},
    [17555838] = {['id']=17555838, ['name']="OssuaryWorm", ['index']=382, ['level']=78},
    [17555839] = {['id']=17555839, ['name']="OssuaryWorm", ['index']=383, ['level']=79},
    [17555840] = {['id']=17555840, ['name']="OssuaryWorm", ['index']=384, ['level']=80},
    [17555841] = {['id']=17555841, ['name']="OssuaryWorm", ['index']=385, ['level']=79},
    [17555842] = {['id']=17555842, ['name']="OssuaryWorm", ['index']=386, ['level']=78},
    [17555843] = {['id']=17555843, ['name']="OgreBat", ['index']=387, ['level']=82},
    [17555844] = {['id']=17555844, ['name']="OgreBat", ['index']=388, ['level']=82},
    [17555845] = {['id']=17555845, ['name']="BarrowScorpion", ['index']=389, ['level']=82},
    [17555867] = {['id']=17555867, ['name']="BonnetBeetle", ['index']=411, ['level']=80},
    [17555870] = {['id']=17555870, ['name']="Hati", ['index']=414, ['level']=77},
    [17555872] = {['id']=17555872, ['name']="Hati", ['index']=416, ['level']=79},
    [17555873] = {['id']=17555873, ['name']="SpartoiWarrior", ['index']=417, ['level']=78},
    [17555874] = {['id']=17555874, ['name']="SpartoiWarrior", ['index']=418, ['level']=79},
    [17555875] = {['id']=17555875, ['name']="SpartoiWarrior", ['index']=419, ['level']=79},
    [17555876] = {['id']=17555876, ['name']="SpartoiSorcere", ['index']=420, ['level']=82},
    [17555877] = {['id']=17555877, ['name']="SpartoiSorcere", ['index']=421, ['level']=80},
    [17555878] = {['id']=17555878, ['name']="Lemures", ['index']=422, ['level']=80},
    [17555879] = {['id']=17555879, ['name']="SpartoiWarrior", ['index']=423, ['level']=79},
    [17555880] = {['id']=17555880, ['name']="SpartoiSorcere", ['index']=424, ['level']=80},
    [17555881] = {['id']=17555881, ['name']="SpartoiSorcere", ['index']=425, ['level']=80},
    [17555882] = {['id']=17555882, ['name']="SpartoiSorcere", ['index']=426, ['level']=82},
    [17555883] = {['id']=17555883, ['name']="Lemures", ['index']=427, ['level']=80},
    [17555884] = {['id']=17555884, ['name']="Hati", ['index']=428, ['level']=79},
    [17555885] = {['id']=17555885, ['name']="SpartoiWarrior", ['index']=429, ['level']=79},
    [17555886] = {['id']=17555886, ['name']="SpartoiSorcere", ['index']=430, ['level']=81},
    [17555887] = {['id']=17555887, ['name']="Hati", ['index']=431, ['level']=78},
    [17555888] = {['id']=17555888, ['name']="SpartoiWarrior", ['index']=432, ['level']=79},
    [17555889] = {['id']=17555889, ['name']="SpartoiSorcere", ['index']=433, ['level']=81},
    [17555890] = {['id']=17555890, ['name']="Vrtra", ['index']=434, ['level']=90},
    [17555897] = {['id']=17555897, ['name']="Lemures", ['index']=441, ['level']=80},
    [17555896] = {['id']=17555896, ['name']="Airi", ['index']=440, ['level']=81},
    [17555850] = {['id']=17555850, ['name']="OssuaryWorm", ['index']=394, ['level']=79},
    [17555852] = {['id']=17555852, ['name']="OssuaryWorm", ['index']=396, ['level']=79},
    [17555849] = {['id']=17555849, ['name']="OssuaryWorm", ['index']=393, ['level']=79},
    [17555806] = {['id']=17555806, ['name']="Lemures", ['index']=350, ['level']=80},
    [17555807] = {['id']=17555807, ['name']="SpartoiWarrior", ['index']=351, ['level']=79},
    [17555815] = {['id']=17555815, ['name']="SpartoiWarrior", ['index']=359, ['level']=80},
    [17555816] = {['id']=17555816, ['name']="SpartoiWarrior", ['index']=360, ['level']=80},
    [17555817] = {['id']=17555817, ['name']="SpartoiSorcere", ['index']=361, ['level']=81},
    [17555818] = {['id']=17555818, ['name']="SpartoiSorcere", ['index']=362, ['level']=80},
    [17555819] = {['id']=17555819, ['name']="SpartoiSorcere", ['index']=363, ['level']=80},
    [17555820] = {['id']=17555820, ['name']="SpartoiSorcere", ['index']=364, ['level']=81},
    [17555846] = {['id']=17555846, ['name']="OssuaryWorm", ['index']=390, ['level']=78},
    [17555848] = {['id']=17555848, ['name']="OssuaryWorm", ['index']=392, ['level']=80},
    [17555853] = {['id']=17555853, ['name']="CherrySapling", ['index']=397, ['level']=63},
    [17555854] = {['id']=17555854, ['name']="CherrySapling", ['index']=398, ['level']=64},
    [17555855] = {['id']=17555855, ['name']="CherrySapling", ['index']=399, ['level']=64},
    [17555856] = {['id']=17555856, ['name']="OssuaryWorm", ['index']=400, ['level']=78},
    [17555857] = {['id']=17555857, ['name']="OssuaryWorm", ['index']=401, ['level']=80},
    [17555864] = {['id']=17555864, ['name']="CherrySapling", ['index']=408, ['level']=64},
    [17555865] = {['id']=17555865, ['name']="CherrySapling", ['index']=409, ['level']=63},
    [17555863] = {['id']=17555863, ['name']="CemeteryCherry", ['index']=407, ['level']=73},
    [17555599] = {['id']=17555599, ['name']="WindBats", ['index']=143, ['level']=10},
    [17555603] = {['id']=17555603, ['name']="WindBats", ['index']=147, ['level']=10},
    [17555609] = {['id']=17555609, ['name']="WindBats", ['index']=153, ['level']=9},
    [17555608] = {['id']=17555608, ['name']="GoblinButcher", ['index']=152, ['level']=12},
    [17555600] = {['id']=17555600, ['name']="GoblinAmbusher", ['index']=144, ['level']=13},
    [17555604] = {['id']=17555604, ['name']="WindBats", ['index']=148, ['level']=11},
    [17555605] = {['id']=17555605, ['name']="StoneEater", ['index']=149, ['level']=7},
    [17555610] = {['id']=17555610, ['name']="WindBats", ['index']=154, ['level']=10},
    [17555611] = {['id']=17555611, ['name']="StoneEater", ['index']=155, ['level']=5},
    [17555669] = {['id']=17555669, ['name']="Nachzehrer", ['index']=213, ['level']=17},
    [17555670] = {['id']=17555670, ['name']="Nachzehrer", ['index']=214, ['level']=16},
    [17555672] = {['id']=17555672, ['name']="Nachzehrer", ['index']=216, ['level']=18},
    [17555673] = {['id']=17555673, ['name']="GraveBat", ['index']=217, ['level']=11},
    [17555713] = {['id']=17555713, ['name']="RockEater", ['index']=257, ['level']=16},
    [17555612] = {['id']=17555612, ['name']="GoblinAmbusher", ['index']=156, ['level']=16},
    [17555617] = {['id']=17555617, ['name']="GraveBat", ['index']=161, ['level']=13},
    [17555712] = {['id']=17555712, ['name']="RockEater", ['index']=256, ['level']=14},
    [17555618] = {['id']=17555618, ['name']="StoneEater", ['index']=162, ['level']=6},
    [17555615] = {['id']=17555615, ['name']="WindBats", ['index']=159, ['level']=9},
    [17555622] = {['id']=17555622, ['name']="WindBats", ['index']=166, ['level']=9},
    [17555619] = {['id']=17555619, ['name']="GoblinAmbusher", ['index']=163, ['level']=14},
    [17555625] = {['id']=17555625, ['name']="StoneEater", ['index']=169, ['level']=7},
    [17555623] = {['id']=17555623, ['name']="WindBats", ['index']=167, ['level']=9},
    [17555626] = {['id']=17555626, ['name']="GoblinAmbusher", ['index']=170, ['level']=16},
    [17555628] = {['id']=17555628, ['name']="GoblinButcher", ['index']=172, ['level']=14},
    [17555630] = {['id']=17555630, ['name']="GoblinTinkerer", ['index']=174, ['level']=15},
    [17555634] = {['id']=17555634, ['name']="GraveBat", ['index']=178, ['level']=13},
    [17555633] = {['id']=17555633, ['name']="WindBats", ['index']=177, ['level']=11},
    [17555632] = {['id']=17555632, ['name']="WindBats", ['index']=176, ['level']=11},
    [17555741] = {['id']=17555741, ['name']="GoblinGambler", ['index']=285, ['level']=23},
    [17555643] = {['id']=17555643, ['name']="RockEater", ['index']=187, ['level']=16},
    [17555637] = {['id']=17555637, ['name']="GoblinButcher", ['index']=181, ['level']=12},
    [17555638] = {['id']=17555638, ['name']="GraveBat", ['index']=182, ['level']=12},
    [17555639] = {['id']=17555639, ['name']="GraveBat", ['index']=183, ['level']=13},
    [17555640] = {['id']=17555640, ['name']="GraveBat", ['index']=184, ['level']=11},
    [17555651] = {['id']=17555651, ['name']="GraveBat", ['index']=195, ['level']=11},
    [17555652] = {['id']=17555652, ['name']="GraveBat", ['index']=196, ['level']=12},
    [17555642] = {['id']=17555642, ['name']="RockEater", ['index']=186, ['level']=16},
    [17555681] = {['id']=17555681, ['name']="GoblinTinkerer", ['index']=225, ['level']=12},
    [17555683] = {['id']=17555683, ['name']="GoblinAmbusher", ['index']=227, ['level']=16},
    [17555684] = {['id']=17555684, ['name']="GoblinTinkerer", ['index']=228, ['level']=12},
    [17555686] = {['id']=17555686, ['name']="GraveBat", ['index']=230, ['level']=11},
    [17555687] = {['id']=17555687, ['name']="GraveBat", ['index']=231, ['level']=11},
    [17555654] = {['id']=17555654, ['name']="Nachzehrer", ['index']=198, ['level']=18},
    [17555641] = {['id']=17555641, ['name']="RockEater", ['index']=185, ['level']=16},
    [17555658] = {['id']=17555658, ['name']="GraveBat", ['index']=202, ['level']=11},
    [17555716] = {['id']=17555716, ['name']="RockEater", ['index']=260, ['level']=15},
    [17555717] = {['id']=17555717, ['name']="RockEater", ['index']=261, ['level']=14},
    [17555721] = {['id']=17555721, ['name']="Barbastelle", ['index']=265, ['level']=17},
    [17555653] = {['id']=17555653, ['name']="Nachzehrer", ['index']=197, ['level']=15},
    [17555644] = {['id']=17555644, ['name']="RockEater", ['index']=188, ['level']=15},
    [17555647] = {['id']=17555647, ['name']="RockEater", ['index']=191, ['level']=14},
    [17555646] = {['id']=17555646, ['name']="RockEater", ['index']=190, ['level']=16},
    [17555650] = {['id']=17555650, ['name']="GoblinGruel", ['index']=194, ['level']=20},
    [17555645] = {['id']=17555645, ['name']="RockEater", ['index']=189, ['level']=14},
    [17555655] = {['id']=17555655, ['name']="Nachzehrer", ['index']=199, ['level']=18},
    [17555657] = {['id']=17555657, ['name']="GraveBat", ['index']=201, ['level']=12},
    [17555659] = {['id']=17555659, ['name']="Nachzehrer", ['index']=203, ['level']=16},
    [17555660] = {['id']=17555660, ['name']="Nachzehrer", ['index']=204, ['level']=18},
    [17555664] = {['id']=17555664, ['name']="Gwyllgi", ['index']=208, ['level']=31},
    [17555663] = {['id']=17555663, ['name']="GraveBat", ['index']=207, ['level']=13},
    [17555674] = {['id']=17555674, ['name']="Nachzehrer", ['index']=218, ['level']=17},
    [17555676] = {['id']=17555676, ['name']="Nachzehrer", ['index']=220, ['level']=16},
    [17555678] = {['id']=17555678, ['name']="GraveBat", ['index']=222, ['level']=13},
    [17555679] = {['id']=17555679, ['name']="GraveBat", ['index']=223, ['level']=13},
    [17555675] = {['id']=17555675, ['name']="Nachzehrer", ['index']=219, ['level']=18},
    [17555677] = {['id']=17555677, ['name']="Nachzehrer", ['index']=221, ['level']=16},
    [17555711] = {['id']=17555711, ['name']="PlagueBats", ['index']=255, ['level']=15},
    [17555740] = {['id']=17555740, ['name']="GoblinLeecher", ['index']=284, ['level']=21},
    [17555744] = {['id']=17555744, ['name']="GoblinGambler", ['index']=288, ['level']=22},
    [17555695] = {['id']=17555695, ['name']="GraveBat", ['index']=239, ['level']=11},
    [17555694] = {['id']=17555694, ['name']="GraveBat", ['index']=238, ['level']=11},
    [17555689] = {['id']=17555689, ['name']="GoblinTinkerer", ['index']=233, ['level']=15},
    [17555691] = {['id']=17555691, ['name']="GoblinAmbusher", ['index']=235, ['level']=15},
    [17555693] = {['id']=17555693, ['name']="GoblinButcher", ['index']=237, ['level']=14},
    [17555725] = {['id']=17555725, ['name']="RockEater", ['index']=269, ['level']=16},
    [17555724] = {['id']=17555724, ['name']="RockEater", ['index']=268, ['level']=14},
    [17555728] = {['id']=17555728, ['name']="RockEater", ['index']=272, ['level']=14},
    [17555727] = {['id']=17555727, ['name']="PlagueBats", ['index']=271, ['level']=17},
    [17555656] = {['id']=17555656, ['name']="Nachzehrer", ['index']=200, ['level']=17},
    [17555710] = {['id']=17555710, ['name']="PlagueBats", ['index']=254, ['level']=16},
    [17555715] = {['id']=17555715, ['name']="PlagueBats", ['index']=259, ['level']=15},
    [17555720] = {['id']=17555720, ['name']="PlagueBats", ['index']=264, ['level']=16},
    [17555722] = {['id']=17555722, ['name']="PlagueBats", ['index']=266, ['level']=15},
    [17555726] = {['id']=17555726, ['name']="PlagueBats", ['index']=270, ['level']=17},
    [17555746] = {['id']=17555746, ['name']="RockEater", ['index']=290, ['level']=15},
    [17555734] = {['id']=17555734, ['name']="GoblinLeecher", ['index']=278, ['level']=22},
    [17555737] = {['id']=17555737, ['name']="RockEater", ['index']=281, ['level']=15},
    [17555732] = {['id']=17555732, ['name']="GoblinGambler", ['index']=276, ['level']=22},
    [17555730] = {['id']=17555730, ['name']="GoblinMugger", ['index']=274, ['level']=21},
    [17555747] = {['id']=17555747, ['name']="PlagueBats", ['index']=291, ['level']=15},
    [17555704] = {['id']=17555704, ['name']="Nachzehrer", ['index']=248, ['level']=18},
    [17555705] = {['id']=17555705, ['name']="Nachzehrer", ['index']=249, ['level']=15},
    [17555707] = {['id']=17555707, ['name']="Nachzehrer", ['index']=251, ['level']=15},
    [17555708] = {['id']=17555708, ['name']="PlagueBats", ['index']=252, ['level']=16},
    [17555709] = {['id']=17555709, ['name']="Ankou", ['index']=253, ['level']=21},
    [17555714] = {['id']=17555714, ['name']="PlagueBats", ['index']=258, ['level']=17},
    [17555719] = {['id']=17555719, ['name']="PlagueBats", ['index']=263, ['level']=16},
    [17555723] = {['id']=17555723, ['name']="PlagueBats", ['index']=267, ['level']=15},
    [17555738] = {['id']=17555738, ['name']="PlagueBats", ['index']=282, ['level']=15},
    [17555745] = {['id']=17555745, ['name']="RockEater", ['index']=289, ['level']=15},
    [17555968] = {['id']=17555968, ['name']="GroundsTome", ['index']=512, ['level']=0},
    [17555700] = {['id']=17555700, ['name']="GoblinTinkerer", ['index']=244, ['level']=12},
    [17555702] = {['id']=17555702, ['name']="GraveBat", ['index']=246, ['level']=13},
    [17555699] = {['id']=17555699, ['name']="GoblinAmbusher", ['index']=243, ['level']=12},
    [17555703] = {['id']=17555703, ['name']="GraveBat", ['index']=247, ['level']=11},
    [17555697] = {['id']=17555697, ['name']="GoblinTinkerer", ['index']=241, ['level']=12},
