    [17486263] = {['id']=17486263, ['name']="GroundsTome", ['index']=439, ['level']=0},
    [17485831] = {['id']=17485831, ['name']="LandWorm", ['index']=7, ['level']=25},
    [17485830] = {['id']=17485830, ['name']="LandWorm", ['index']=6, ['level']=22},
    [17485832] = {['id']=17485832, ['name']="SeekerBats", ['index']=8, ['level']=24},
    [17485833] = {['id']=17485833, ['name']="LandWorm", ['index']=9, ['level']=22},
    [17485834] = {['id']=17485834, ['name']="LandWorm", ['index']=10, ['level']=24},
    [17485836] = {['id']=17485836, ['name']="SeekerBats", ['index']=12, ['level']=24},
    [17485835] = {['id']=17485835, ['name']="LandWorm", ['index']=11, ['level']=23},
    [17485838] = {['id']=17485838, ['name']="LandWorm", ['index']=14, ['level']=21},
    [17485839] = {['id']=17485839, ['name']="SeekerBats", ['index']=15, ['level']=26},
    [17485837] = {['id']=17485837, ['name']="LandWorm", ['index']=13, ['level']=21},
    [17486005] = {['id']=17486005, ['name']="SeekerBats", ['index']=181, ['level']=26},
    [17486007] = {['id']=17486007, ['name']="LandWorm", ['index']=183, ['level']=24},
    [17486008] = {['id']=17486008, ['name']="LandWorm", ['index']=184, ['level']=24},
    [17486009] = {['id']=17486009, ['name']="LandWorm", ['index']=185, ['level']=24},
    [17486010] = {['id']=17486010, ['name']="LandWorm", ['index']=186, ['level']=23},
    [17486011] = {['id']=17486011, ['name']="LandWorm", ['index']=187, ['level']=25},
    [17486015] = {['id']=17486015, ['name']="LandWorm", ['index']=191, ['level']=20},
    [17486016] = {['id']=17486016, ['name']="LandWorm", ['index']=192, ['level']=22},
    [17486017] = {['id']=17486017, ['name']="LandWorm", ['index']=193, ['level']=21},
    [17486018] = {['id']=17486018, ['name']="LandWorm", ['index']=194, ['level']=21},
    [17486027] = {['id']=17486027, ['name']="HugeSpider", ['index']=203, ['level']=31},
    [17486028] = {['id']=17486028, ['name']="HugeSpider", ['index']=204, ['level']=29},
    [17486030] = {['id']=17486030, ['name']="HugeSpider", ['index']=206, ['level']=28},
    [17486192] = {['id']=17486192, ['name']="GoblinBountyH", ['index']=368, ['level']=10},
    [17486195] = {['id']=17486195, ['name']="GoblinBountyH", ['index']=371, ['level']=10},
    [17486033] = {['id']=17486033, ['name']="HugeSpider", ['index']=209, ['level']=28},
    [17486032] = {['id']=17486032, ['name']="HugeSpider", ['index']=208, ['level']=29},
    [17486034] = {['id']=17486034, ['name']="HugeSpider", ['index']=210, ['level']=29},
    [17486037] = {['id']=17486037, ['name']="HugeSpider", ['index']=213, ['level']=31},
    [17486022] = {['id']=17486022, ['name']="SeekerBats", ['index']=198, ['level']=24},
    [17486021] = {['id']=17486021, ['name']="SeekerBats", ['index']=197, ['level']=23},
    [17485882] = {['id']=17485882, ['name']="ThreadLeech", ['index']=58, ['level']=30},
    [17485883] = {['id']=17485883, ['name']="ThreadLeech", ['index']=59, ['level']=28},
    [17485884] = {['id']=17485884, ['name']="ThreadLeech", ['index']=60, ['level']=29},
    [17485885] = {['id']=17485885, ['name']="HugeSpider", ['index']=61, ['level']=31},
    [17485886] = {['id']=17485886, ['name']="Combat", ['index']=62, ['level']=29},
    [17485887] = {['id']=17485887, ['name']="Jelly", ['index']=63, ['level']=23},
    [17485888] = {['id']=17485888, ['name']="ThreadLeech", ['index']=64, ['level']=30},
    [17485889] = {['id']=17485889, ['name']="ThreadLeech", ['index']=65, ['level']=31},
    [17485890] = {['id']=17485890, ['name']="HugeSpider", ['index']=66, ['level']=28},
    [17485891] = {['id']=17485891, ['name']="HugeSpider", ['index']=67, ['level']=29},
    [17485892] = {['id']=17485892, ['name']="Combat", ['index']=68, ['level']=27},
    [17485894] = {['id']=17485894, ['name']="Jelly", ['index']=70, ['level']=23},
    [17486019] = {['id']=17486019, ['name']="SeekerBats", ['index']=195, ['level']=23},
    [17486020] = {['id']=17486020, ['name']="SeekerBats", ['index']=196, ['level']=25},
    [17486163] = {['id']=17486163, ['name']="Combat", ['index']=339, ['level']=30},
    [17486164] = {['id']=17486164, ['name']="Combat", ['index']=340, ['level']=27},
    [17486165] = {['id']=17486165, ['name']="Combat", ['index']=341, ['level']=28},
    [17486210] = {['id']=17486210, ['name']="GoblinBountyH", ['index']=386, ['level']=10},
    [17486265] = {['id']=17486265, ['name']="GroundsTome", ['index']=441, ['level']=0},
    [17486181] = {['id']=17486181, ['name']="Gigas\'sSpider", ['index']=357, ['level']=30},
    [17486038] = {['id']=17486038, ['name']="Jelly", ['index']=214, ['level']=23},
    [17486194] = {['id']=17486194, ['name']="GoblinBountyH", ['index']=370, ['level']=10},
    [17486036] = {['id']=17486036, ['name']="HugeSpider", ['index']=212, ['level']=30},
    [17486040] = {['id']=17486040, ['name']="Clipper", ['index']=216, ['level']=30},
    [17486039] = {['id']=17486039, ['name']="Clipper", ['index']=215, ['level']=32},
    [17486043] = {['id']=17486043, ['name']="Clipper", ['index']=219, ['level']=32},
    [17486042] = {['id']=17486042, ['name']="Clipper", ['index']=218, ['level']=30},
    [17486023] = {['id']=17486023, ['name']="GreaterPugil", ['index']=199, ['level']=30},
    [17486209] = {['id']=17486209, ['name']="GoblinBountyH", ['index']=385, ['level']=10},
    [17486025] = {['id']=17486025, ['name']="GreaterPugil", ['index']=201, ['level']=32},
    [17486024] = {['id']=17486024, ['name']="GreaterPugil", ['index']=200, ['level']=32},
    [17486041] = {['id']=17486041, ['name']="Clipper", ['index']=217, ['level']=30},
    [17486061] = {['id']=17486061, ['name']="SeekerBats", ['index']=237, ['level']=22},
    [17486060] = {['id']=17486060, ['name']="SeekerBats", ['index']=236, ['level']=23},
    [17485900] = {['id']=17485900, ['name']="Combat", ['index']=76, ['level']=28},
    [17485895] = {['id']=17485895, ['name']="ThreadLeech", ['index']=71, ['level']=29},
    [17485908] = {['id']=17485908, ['name']="HugeSpider", ['index']=84, ['level']=29},
    [17485896] = {['id']=17485896, ['name']="ThreadLeech", ['index']=72, ['level']=30},
    [17485898] = {['id']=17485898, ['name']="HugeSpider", ['index']=74, ['level']=31},
    [17485902] = {['id']=17485902, ['name']="Jelly", ['index']=78, ['level']=24},
    [17486062] = {['id']=17486062, ['name']="SeekerBats", ['index']=238, ['level']=23},
    [17485907] = {['id']=17485907, ['name']="HugeSpider", ['index']=83, ['level']=28},
    [17485911] = {['id']=17485911, ['name']="Jelly", ['index']=87, ['level']=25},
    [17486205] = {['id']=17486205, ['name']="GoblinBountyH", ['index']=381, ['level']=10},
    [17485903] = {['id']=17485903, ['name']="GreaterPugil", ['index']=79, ['level']=32},
    [17485899] = {['id']=17485899, ['name']="Combat", ['index']=75, ['level']=30},
    [17485906] = {['id']=17485906, ['name']="ThreadLeech", ['index']=82, ['level']=31},
    [17486080] = {['id']=17486080, ['name']="ThreadLeech", ['index']=256, ['level']=29},
    [17486081] = {['id']=17486081, ['name']="Clipper", ['index']=257, ['level']=30},
    [17486082] = {['id']=17486082, ['name']="Clipper", ['index']=258, ['level']=30},
    [17486083] = {['id']=17486083, ['name']="ThreadLeech", ['index']=259, ['level']=28},
    [17486084] = {['id']=17486084, ['name']="ThreadLeech", ['index']=260, ['level']=31},
    [17486085] = {['id']=17486085, ['name']="Clipper", ['index']=261, ['level']=32},
    [17486086] = {['id']=17486086, ['name']="Clipper", ['index']=262, ['level']=29},
    [17486087] = {['id']=17486087, ['name']="ThreadLeech", ['index']=263, ['level']=29},
    [17486088] = {['id']=17486088, ['name']="ThreadLeech", ['index']=264, ['level']=29},
    [17486090] = {['id']=17486090, ['name']="GreaterPugil", ['index']=266, ['level']=32},
    [17486091] = {['id']=17486091, ['name']="Clipper", ['index']=267, ['level']=30},
    [17486096] = {['id']=17486096, ['name']="ThreadLeech", ['index']=272, ['level']=31},
    [17486122] = {['id']=17486122, ['name']="ThreadLeech", ['index']=298, ['level']=31},
    [17486123] = {['id']=17486123, ['name']="Bogy", ['index']=299, ['level']=30},
    [17486124] = {['id']=17486124, ['name']="Bogy", ['index']=300, ['level']=33},
    [17486125] = {['id']=17486125, ['name']="Bogy", ['index']=301, ['level']=32},
    [17486126] = {['id']=17486126, ['name']="Bogy", ['index']=302, ['level']=31},
    [17486127] = {['id']=17486127, ['name']="Bogy", ['index']=303, ['level']=32},
    [17486128] = {['id']=17486128, ['name']="Bogy", ['index']=304, ['level']=33},
    [17486196] = {['id']=17486196, ['name']="GoblinBountyH", ['index']=372, ['level']=10},
    [17486197] = {['id']=17486197, ['name']="GoblinBountyH", ['index']=373, ['level']=10},
    [17486202] = {['id']=17486202, ['name']="GoblinBountyH", ['index']=378, ['level']=10},
    [17486266] = {['id']=17486266, ['name']="GroundsTome", ['index']=442, ['level']=0},
    [17486098] = {['id']=17486098, ['name']="Lacerator", ['index']=274, ['level']=87},
    [17486100] = {['id']=17486100, ['name']="Lacerator", ['index']=276, ['level']=89},
    [17486104] = {['id']=17486104, ['name']="SpoolLeech", ['index']=280, ['level']=90},
    [17486101] = {['id']=17486101, ['name']="Lacerator", ['index']=277, ['level']=87},
    [17486131] = {['id']=17486131, ['name']="Lacerator", ['index']=307, ['level']=87},
    [17486102] = {['id']=17486102, ['name']="Lacerator", ['index']=278, ['level']=89},
    [17486106] = {['id']=17486106, ['name']="SpoolLeech", ['index']=282, ['level']=91},
    [17486133] = {['id']=17486133, ['name']="Lacerator", ['index']=309, ['level']=87},
    [17486132] = {['id']=17486132, ['name']="Lacerator", ['index']=308, ['level']=88},
    [17486107] = {['id']=17486107, ['name']="SpoolLeech", ['index']=283, ['level']=89},
    [17486105] = {['id']=17486105, ['name']="SpoolLeech", ['index']=281, ['level']=91},
    [17486203] = {['id']=17486203, ['name']="GoblinBountyH", ['index']=379, ['level']=10},
    [17486137] = {['id']=17486137, ['name']="Lacerator", ['index']=313, ['level']=88},
    [17486136] = {['id']=17486136, ['name']="Lacerator", ['index']=312, ['level']=87},
    [17486135] = {['id']=17486135, ['name']="Lacerator", ['index']=311, ['level']=89},
    [17486134] = {['id']=17486134, ['name']="Lacerator", ['index']=310, ['level']=87},
    [17486097] = {['id']=17486097, ['name']="Lacerator", ['index']=273, ['level']=88},
    [17486130] = {['id']=17486130, ['name']="WaterElemental", ['index']=306, ['level']=34},
    [17486138] = {['id']=17486138, ['name']="Lacerator", ['index']=314, ['level']=89},
    [17486139] = {['id']=17486139, ['name']="Lacerator", ['index']=315, ['level']=89},
    [17486140] = {['id']=17486140, ['name']="SpoolLeech", ['index']=316, ['level']=91},
    [17486141] = {['id']=17486141, ['name']="SpoolLeech", ['index']=317, ['level']=90},
    [17486142] = {['id']=17486142, ['name']="Lacerator", ['index']=318, ['level']=88},
    [17486143] = {['id']=17486143, ['name']="Lacerator", ['index']=319, ['level']=89},
    [17486201] = {['id']=17486201, ['name']="GoblinBountyH", ['index']=377, ['level']=10},
    [17486103] = {['id']=17486103, ['name']="SpoolLeech", ['index']=279, ['level']=90},
    [17486111] = {['id']=17486111, ['name']="ThreadLeech", ['index']=287, ['level']=31},
    [17486115] = {['id']=17486115, ['name']="Bogy", ['index']=291, ['level']=33},
    [17486112] = {['id']=17486112, ['name']="ThreadLeech", ['index']=288, ['level']=29},
    [17486114] = {['id']=17486114, ['name']="ThreadLeech", ['index']=290, ['level']=28},
    [17486108] = {['id']=17486108, ['name']="SpoolLeech", ['index']=284, ['level']=91},
    [17486110] = {['id']=17486110, ['name']="Lacerator", ['index']=286, ['level']=89},
    [17486204] = {['id']=17486204, ['name']="GoblinBountyH", ['index']=380, ['level']=10},
    [17486109] = {['id']=17486109, ['name']="SpoolLeech", ['index']=285, ['level']=91},
    [17486113] = {['id']=17486113, ['name']="ThreadLeech", ['index']=289, ['level']=30},
    [17486120] = {['id']=17486120, ['name']="ThreadLeech", ['index']=296, ['level']=31},
    [17486116] = {['id']=17486116, ['name']="ThreadLeech", ['index']=292, ['level']=31},
    [17486117] = {['id']=17486117, ['name']="ThreadLeech", ['index']=293, ['level']=30},
    [17486121] = {['id']=17486121, ['name']="ThreadLeech", ['index']=297, ['level']=29},
    [17486119] = {['id']=17486119, ['name']="Bogy", ['index']=295, ['level']=30},
    [17486118] = {['id']=17486118, ['name']="Bogy", ['index']=294, ['level']=30},
    [17486071] = {['id']=17486071, ['name']="Clipper", ['index']=247, ['level']=29},
    [17486074] = {['id']=17486074, ['name']="GreaterPugil", ['index']=250, ['level']=32},
    [17485897] = {['id']=17485897, ['name']="HugeSpider", ['index']=73, ['level']=28},
    [17486180] = {['id']=17486180, ['name']="GigasForeman", ['index']=356, ['level']=36},
    [17485893] = {['id']=17485893, ['name']="Combat", ['index']=69, ['level']=29},
    [17486162] = {['id']=17486162, ['name']="Combat", ['index']=338, ['level']=27},
    [17485877] = {['id']=17485877, ['name']="HugeSpider", ['index']=53, ['level']=31},
    [17485840] = {['id']=17485840, ['name']="LandWorm", ['index']=16, ['level']=25},
    [17485842] = {['id']=17485842, ['name']="SeekerBats", ['index']=18, ['level']=26},
    [17485843] = {['id']=17485843, ['name']="LandWorm", ['index']=19, ['level']=20},
    [17485844] = {['id']=17485844, ['name']="LandWorm", ['index']=20, ['level']=24},
    [17485845] = {['id']=17485845, ['name']="SeekerBats", ['index']=21, ['level']=25},
    [17485846] = {['id']=17485846, ['name']="LandWorm", ['index']=22, ['level']=25},
    [17485847] = {['id']=17485847, ['name']="LandWorm", ['index']=23, ['level']=23},
    [17485848] = {['id']=17485848, ['name']="ThreadLeech", ['index']=24, ['level']=31},
    [17485849] = {['id']=17485849, ['name']="HugeSpider", ['index']=25, ['level']=28},
    [17485850] = {['id']=17485850, ['name']="HugeSpider", ['index']=26, ['level']=29},
    [17485851] = {['id']=17485851, ['name']="HugeSpider", ['index']=27, ['level']=29},
    [17485852] = {['id']=17485852, ['name']="Combat", ['index']=28, ['level']=30},
    [17485853] = {['id']=17485853, ['name']="Jelly", ['index']=29, ['level']=24},
    [17485854] = {['id']=17485854, ['name']="ThreadLeech", ['index']=30, ['level']=31},
    [17485855] = {['id']=17485855, ['name']="HugeSpider", ['index']=31, ['level']=31},
    [17485856] = {['id']=17485856, ['name']="HugeSpider", ['index']=32, ['level']=29},
    [17485857] = {['id']=17485857, ['name']="HugeSpider", ['index']=33, ['level']=30},
    [17485858] = {['id']=17485858, ['name']="Combat", ['index']=34, ['level']=29},
    [17485859] = {['id']=17485859, ['name']="Jelly", ['index']=35, ['level']=23},
    [17485860] = {['id']=17485860, ['name']="ThreadLeech", ['index']=36, ['level']=28},
    [17485861] = {['id']=17485861, ['name']="HugeSpider", ['index']=37, ['level']=29},
    [17485862] = {['id']=17485862, ['name']="HugeSpider", ['index']=38, ['level']=29},
    [17485863] = {['id']=17485863, ['name']="Combat", ['index']=39, ['level']=30},
    [17485864] = {['id']=17485864, ['name']="Jelly", ['index']=40, ['level']=25},
    [17485865] = {['id']=17485865, ['name']="ThreadLeech", ['index']=41, ['level']=30},
    [17485866] = {['id']=17485866, ['name']="HugeSpider", ['index']=42, ['level']=28},
    [17485867] = {['id']=17485867, ['name']="HugeSpider", ['index']=43, ['level']=30},
    [17485868] = {['id']=17485868, ['name']="Combat", ['index']=44, ['level']=29},
    [17485870] = {['id']=17485870, ['name']="Jelly", ['index']=46, ['level']=27},
    [17485871] = {['id']=17485871, ['name']="ThreadLeech", ['index']=47, ['level']=31},
    [17485872] = {['id']=17485872, ['name']="HugeSpider", ['index']=48, ['level']=30},
    [17485873] = {['id']=17485873, ['name']="HugeSpider", ['index']=49, ['level']=28},
    [17485874] = {['id']=17485874, ['name']="Combat", ['index']=50, ['level']=29},
    [17485875] = {['id']=17485875, ['name']="Jelly", ['index']=51, ['level']=23},
    [17485936] = {['id']=17485936, ['name']="LandWorm", ['index']=112, ['level']=21},
    [17485937] = {['id']=17485937, ['name']="LandWorm", ['index']=113, ['level']=24},
    [17485938] = {['id']=17485938, ['name']="SeekerBats", ['index']=114, ['level']=23},
    [17485939] = {['id']=17485939, ['name']="SeekerBats", ['index']=115, ['level']=24},
    [17485940] = {['id']=17485940, ['name']="SeekerBats", ['index']=116, ['level']=23},
    [17485941] = {['id']=17485941, ['name']="SeekerBats", ['index']=117, ['level']=23},
    [17485942] = {['id']=17485942, ['name']="SeekerBats", ['index']=118, ['level']=26},
    [17485943] = {['id']=17485943, ['name']="SeekerBats", ['index']=119, ['level']=22},
    [17485944] = {['id']=17485944, ['name']="SeekerBats", ['index']=120, ['level']=24},
    [17485945] = {['id']=17485945, ['name']="Jelly", ['index']=121, ['level']=25},
    [17485949] = {['id']=17485949, ['name']="GreaterPugil", ['index']=125, ['level']=31},
    [17485952] = {['id']=17485952, ['name']="Clipper", ['index']=128, ['level']=29},
    [17485953] = {['id']=17485953, ['name']="SeekerBats", ['index']=129, ['level']=26},
    [17485954] = {['id']=17485954, ['name']="SeekerBats", ['index']=130, ['level']=26},
    [17485955] = {['id']=17485955, ['name']="SeekerBats", ['index']=131, ['level']=23},
    [17485956] = {['id']=17485956, ['name']="SeekerBats", ['index']=132, ['level']=22},
    [17485957] = {['id']=17485957, ['name']="SeekerBats", ['index']=133, ['level']=23},
    [17485958] = {['id']=17485958, ['name']="SeekerBats", ['index']=134, ['level']=23},
    [17486144] = {['id']=17486144, ['name']="Combat", ['index']=320, ['level']=30},
    [17486145] = {['id']=17486145, ['name']="Combat", ['index']=321, ['level']=28},
    [17486146] = {['id']=17486146, ['name']="Combat", ['index']=322, ['level']=30},
    [17486147] = {['id']=17486147, ['name']="Combat", ['index']=323, ['level']=28},
    [17486148] = {['id']=17486148, ['name']="Combat", ['index']=324, ['level']=30},
    [17486149] = {['id']=17486149, ['name']="Combat", ['index']=325, ['level']=29},
    [17486150] = {['id']=17486150, ['name']="Combat", ['index']=326, ['level']=28},
    [17486151] = {['id']=17486151, ['name']="Combat", ['index']=327, ['level']=27},
    [17486152] = {['id']=17486152, ['name']="Combat", ['index']=328, ['level']=29},
    [17486153] = {['id']=17486153, ['name']="Combat", ['index']=329, ['level']=30},
    [17486154] = {['id']=17486154, ['name']="Combat", ['index']=330, ['level']=29},
    [17486155] = {['id']=17486155, ['name']="Combat", ['index']=331, ['level']=29},
    [17486156] = {['id']=17486156, ['name']="Combat", ['index']=332, ['level']=28},
    [17486157] = {['id']=17486157, ['name']="Combat", ['index']=333, ['level']=30},
    [17486158] = {['id']=17486158, ['name']="Combat", ['index']=334, ['level']=30},
    [17486167] = {['id']=17486167, ['name']="GigasStonecarr", ['index']=343, ['level']=36},
    [17486172] = {['id']=17486172, ['name']="GigasStonemaso", ['index']=348, ['level']=35},
    [17486208] = {['id']=17486208, ['name']="GoblinBountyH", ['index']=384, ['level']=10},
    [17486264] = {['id']=17486264, ['name']="GroundsTome", ['index']=440, ['level']=0},
