    [17125463] = {['id']=17125463, ['name']="OrcishChampion", ['index']=87, ['level']=76},
    [17125465] = {['id']=17125465, ['name']="Mariehene", ['index']=89, ['level']=73},
    [17126100] = {['id']=17126100, ['name']="Radnor,C.A.", ['index']=724, ['level']=0},
    [17125382] = {['id']=17125382, ['name']="Mariehene", ['index']=6, ['level']=71},
    [17125383] = {['id']=17125383, ['name']="WarLizard", ['index']=7, ['level']=72},
    [17125384] = {['id']=17125384, ['name']="WolfBat", ['index']=8, ['level']=72},
    [17125410] = {['id']=17125410, ['name']="WarLizard", ['index']=34, ['level']=71},
    [17125411] = {['id']=17125411, ['name']="WarLizard", ['index']=35, ['level']=72},
    [17125409] = {['id']=17125409, ['name']="Mariehene", ['index']=33, ['level']=71},
    [17125386] = {['id']=17125386, ['name']="Mariehene", ['index']=10, ['level']=72},
    [17125407] = {['id']=17125407, ['name']="Mariehene", ['index']=31, ['level']=73},
    [17125402] = {['id']=17125402, ['name']="Mariehene", ['index']=26, ['level']=73},
    [17125405] = {['id']=17125405, ['name']="Mariehene", ['index']=29, ['level']=71},
    [17125399] = {['id']=17125399, ['name']="OrcishAugur", ['index']=23, ['level']=76},
    [17125413] = {['id']=17125413, ['name']="OrcishBowshoot", ['index']=37, ['level']=76},
    [17125414] = {['id']=17125414, ['name']="Mariehene", ['index']=38, ['level']=71},
    [17125412] = {['id']=17125412, ['name']="OrcishVeteran", ['index']=36, ['level']=77},
    [17125420] = {['id']=17125420, ['name']="OrcishAugur", ['index']=44, ['level']=76},
    [17125419] = {['id']=17125419, ['name']="OrcishVeteran", ['index']=43, ['level']=76},
    [17125421] = {['id']=17125421, ['name']="Mariehene", ['index']=45, ['level']=73},
    [17125416] = {['id']=17125416, ['name']="OrcishDragonbr", ['index']=40, ['level']=77},
    [17125417] = {['id']=17125417, ['name']="Mariehene", ['index']=41, ['level']=71},
    [17125418] = {['id']=17125418, ['name']="WarLizard", ['index']=42, ['level']=72},
    [17125415] = {['id']=17125415, ['name']="OrcishAugur", ['index']=39, ['level']=76},
    [17125422] = {['id']=17125422, ['name']="WarLizard", ['index']=46, ['level']=72},
    [17125423] = {['id']=17125423, ['name']="OrcishDragonbr", ['index']=47, ['level']=77},
    [17125424] = {['id']=17125424, ['name']="OrcishVeteran", ['index']=48, ['level']=76},
    [17125406] = {['id']=17125406, ['name']="WarLizard", ['index']=30, ['level']=72},
    [17125404] = {['id']=17125404, ['name']="OrcishChampion", ['index']=28, ['level']=76},
    [17125403] = {['id']=17125403, ['name']="OrcishVeteran", ['index']=27, ['level']=76},
    [17125397] = {['id']=17125397, ['name']="Mariehene", ['index']=21, ['level']=72},
    [17125400] = {['id']=17125400, ['name']="OrcishDragonbr", ['index']=24, ['level']=76},
    [17125388] = {['id']=17125388, ['name']="OrcishVeteran", ['index']=12, ['level']=77},
    [17125392] = {['id']=17125392, ['name']="WarLizard", ['index']=16, ['level']=72},
    [17125390] = {['id']=17125390, ['name']="OrcishAugur", ['index']=14, ['level']=76},
    [17125395] = {['id']=17125395, ['name']="WoodBats", ['index']=19, ['level']=72},
    [17125394] = {['id']=17125394, ['name']="Mariehene", ['index']=18, ['level']=72},
    [17125393] = {['id']=17125393, ['name']="OrcishChampion", ['index']=17, ['level']=76},
    [17125464] = {['id']=17125464, ['name']="Mariehene", ['index']=88, ['level']=73},
    [17125466] = {['id']=17125466, ['name']="OrcishAugur", ['index']=90, ['level']=77},
    [17125396] = {['id']=17125396, ['name']="Mariehene", ['index']=20, ['level']=72},
    [17125641] = {['id']=17125641, ['name']="OrcishImperial", ['index']=265, ['level']=82},
    [17125620] = {['id']=17125620, ['name']="LaVaulePugil", ['index']=244, ['level']=73},
    [17125621] = {['id']=17125621, ['name']="LaVaulePugil", ['index']=245, ['level']=73},
    [17125591] = {['id']=17125591, ['name']="OrcishImperial", ['index']=215, ['level']=83},
    [17125590] = {['id']=17125590, ['name']="OrcishDreadnou", ['index']=214, ['level']=81},
    [17125640] = {['id']=17125640, ['name']="OrcishDreadnou", ['index']=264, ['level']=81},
    [17125592] = {['id']=17125592, ['name']="OrcishDreadnou", ['index']=216, ['level']=83},
    [17125606] = {['id']=17125606, ['name']="SeneschalImp", ['index']=230, ['level']=79},
    [17125604] = {['id']=17125604, ['name']="OrcishWyrmbran", ['index']=228, ['level']=83},
    [17125603] = {['id']=17125603, ['name']="OrcishProphete", ['index']=227, ['level']=81},
    [17125593] = {['id']=17125593, ['name']="SeneschalImp", ['index']=217, ['level']=78},
    [17125608] = {['id']=17125608, ['name']="OrcishWyrmbran", ['index']=232, ['level']=81},
    [17125605] = {['id']=17125605, ['name']="SeneschalImp", ['index']=229, ['level']=79},
    [17125614] = {['id']=17125614, ['name']="OrcishProphete", ['index']=238, ['level']=83},
    [17125615] = {['id']=17125615, ['name']="OrcishWyrmbran", ['index']=239, ['level']=83},
    [17125601] = {['id']=17125601, ['name']="OrcishProphete", ['index']=225, ['level']=81},
    [17125602] = {['id']=17125602, ['name']="OrcishWyrmbran", ['index']=226, ['level']=82},
    [17125594] = {['id']=17125594, ['name']="OrcishImperial", ['index']=218, ['level']=82},
    [17125595] = {['id']=17125595, ['name']="OrcishWyrmbran", ['index']=219, ['level']=83},
    [17125596] = {['id']=17125596, ['name']="OrcishDreadnou", ['index']=220, ['level']=82},
    [17125598] = {['id']=17125598, ['name']="OrcishProphete", ['index']=222, ['level']=82},
    [17125607] = {['id']=17125607, ['name']="OrcishImperial", ['index']=231, ['level']=82},
    [17125609] = {['id']=17125609, ['name']="OrcishDreadnou", ['index']=233, ['level']=82},
    [17125610] = {['id']=17125610, ['name']="OrcishImperial", ['index']=234, ['level']=82},
    [17125611] = {['id']=17125611, ['name']="OrcishProphete", ['index']=235, ['level']=83},
    [17125612] = {['id']=17125612, ['name']="OrcishWyrmbran", ['index']=236, ['level']=82},
    [17125613] = {['id']=17125613, ['name']="OrcishProphete", ['index']=237, ['level']=83},
    [17125619] = {['id']=17125619, ['name']="LaVaulePugil", ['index']=243, ['level']=73},
    [17125597] = {['id']=17125597, ['name']="OrcishImperial", ['index']=221, ['level']=83},
    [17125632] = {['id']=17125632, ['name']="LaVaulePugil", ['index']=256, ['level']=74},
    [17125599] = {['id']=17125599, ['name']="OrcishWyrmbran", ['index']=223, ['level']=81},
    [17125631] = {['id']=17125631, ['name']="LaVaulePugil", ['index']=255, ['level']=74},
    [17125600] = {['id']=17125600, ['name']="OrcishDreadnou", ['index']=224, ['level']=83},
    [17125556] = {['id']=17125556, ['name']="OrcishFarkille", ['index']=180, ['level']=81},
    [17125630] = {['id']=17125630, ['name']="LaVaulePugil", ['index']=254, ['level']=73},
    [17125554] = {['id']=17125554, ['name']="OrcishFarkille", ['index']=178, ['level']=81},
    [17125576] = {['id']=17125576, ['name']="Lobison", ['index']=200, ['level']=81},
    [17125577] = {['id']=17125577, ['name']="Lobison", ['index']=201, ['level']=81},
    [17125622] = {['id']=17125622, ['name']="LaVaulePugil", ['index']=246, ['level']=74},
    [17125623] = {['id']=17125623, ['name']="LaVaulePugil", ['index']=247, ['level']=73},
    [17125642] = {['id']=17125642, ['name']="OrcishProphete", ['index']=266, ['level']=82},
    [17125643] = {['id']=17125643, ['name']="OrcishDreadnou", ['index']=267, ['level']=83},
    [17125662] = {['id']=17125662, ['name']="CogtoothSkagno", ['index']=286, ['level']=83},
    [17125650] = {['id']=17125650, ['name']="OrcishWyrmbran", ['index']=274, ['level']=82},
    [17125645] = {['id']=17125645, ['name']="SeneschalImp", ['index']=269, ['level']=78},
    [17125644] = {['id']=17125644, ['name']="OrcishWyrmbran", ['index']=268, ['level']=82},
    [17125649] = {['id']=17125649, ['name']="SeneschalImp", ['index']=273, ['level']=78},
    [17125646] = {['id']=17125646, ['name']="OrcishProphete", ['index']=270, ['level']=82},
    [17125648] = {['id']=17125648, ['name']="OrcishProphete", ['index']=272, ['level']=83},
    [17125647] = {['id']=17125647, ['name']="OrcishDreadnou", ['index']=271, ['level']=82},
    [17125624] = {['id']=17125624, ['name']="LaVaulePugil", ['index']=248, ['level']=73},
    [17125651] = {['id']=17125651, ['name']="OrcishImperial", ['index']=275, ['level']=83},
    [17125653] = {['id']=17125653, ['name']="OrcishWyrmbran", ['index']=277, ['level']=83},
    [17125652] = {['id']=17125652, ['name']="OrcishProphete", ['index']=276, ['level']=83},
    [17125460] = {['id']=17125460, ['name']="OrcishAugur", ['index']=84, ['level']=77},
    [17125461] = {['id']=17125461, ['name']="OrcishDragonbr", ['index']=85, ['level']=76},
    [17125459] = {['id']=17125459, ['name']="OrcishChampion", ['index']=83, ['level']=76},
    [17125458] = {['id']=17125458, ['name']="OrcishVeteran", ['index']=82, ['level']=77},
    [17125732] = {['id']=17125732, ['name']="FeldrautteIRo", ['index']=356, ['level']=69},
    [17125444] = {['id']=17125444, ['name']="OrcishAugur", ['index']=68, ['level']=77},
    [17125445] = {['id']=17125445, ['name']="FightingSmilod", ['index']=69, ['level']=75},
    [17125434] = {['id']=17125434, ['name']="SeneschalImp", ['index']=58, ['level']=77},
    [17125453] = {['id']=17125453, ['name']="FightingSmilod", ['index']=77, ['level']=76},
    [17125429] = {['id']=17125429, ['name']="WarLizard", ['index']=53, ['level']=71},
    [17125427] = {['id']=17125427, ['name']="OrcishAugur", ['index']=51, ['level']=76},
    [17125426] = {['id']=17125426, ['name']="OrcishBowshoot", ['index']=50, ['level']=76},
    [17125428] = {['id']=17125428, ['name']="WarLizard", ['index']=52, ['level']=71},
    [17125425] = {['id']=17125425, ['name']="Mariehene", ['index']=49, ['level']=73},
    [17125431] = {['id']=17125431, ['name']="OrcishBowshoot", ['index']=55, ['level']=77},
    [17125430] = {['id']=17125430, ['name']="OrcishDragonbr", ['index']=54, ['level']=77},
    [17125432] = {['id']=17125432, ['name']="Mariehene", ['index']=56, ['level']=71},
    [17125438] = {['id']=17125438, ['name']="FightingSmilod", ['index']=62, ['level']=75},
    [17125454] = {['id']=17125454, ['name']="FightingSmilod", ['index']=78, ['level']=75},
    [17125437] = {['id']=17125437, ['name']="OrcishVeteran", ['index']=61, ['level']=77},
    [17125442] = {['id']=17125442, ['name']="OrcishAugur", ['index']=66, ['level']=77},
    [17125441] = {['id']=17125441, ['name']="OrcishBowshoot", ['index']=65, ['level']=77},
    [17125443] = {['id']=17125443, ['name']="OrcishDragonbr", ['index']=67, ['level']=76},
    [17125440] = {['id']=17125440, ['name']="FightingSmilod", ['index']=64, ['level']=76},
    [17125439] = {['id']=17125439, ['name']="FightingSmilod", ['index']=63, ['level']=76},
    [17125447] = {['id']=17125447, ['name']="SeneschalImp", ['index']=71, ['level']=78},
    [17125436] = {['id']=17125436, ['name']="OrcishVeteran", ['index']=60, ['level']=77},
    [17125448] = {['id']=17125448, ['name']="OrcishVeteran", ['index']=72, ['level']=77},
    [17125451] = {['id']=17125451, ['name']="OrcishDragonbr", ['index']=75, ['level']=76},
    [17125450] = {['id']=17125450, ['name']="OrcishAugur", ['index']=74, ['level']=77},
    [17125457] = {['id']=17125457, ['name']="FightingSmilod", ['index']=81, ['level']=75},
    [17125455] = {['id']=17125455, ['name']="FightingSmilod", ['index']=79, ['level']=76},
    [17125456] = {['id']=17125456, ['name']="FightingSmilod", ['index']=80, ['level']=76},
    [17125627] = {['id']=17125627, ['name']="LaVaulePugil", ['index']=251, ['level']=74},
    [17125626] = {['id']=17125626, ['name']="LaVaulePugil", ['index']=250, ['level']=74},
    [17125628] = {['id']=17125628, ['name']="LaVaulePugil", ['index']=252, ['level']=73},
    [17125661] = {['id']=17125661, ['name']="All-seeingOnyx", ['index']=285, ['level']=83},
    [17125629] = {['id']=17125629, ['name']="Morbol", ['index']=253, ['level']=83},
    [17125625] = {['id']=17125625, ['name']="LaVaulePugil", ['index']=249, ['level']=73},
    [17125581] = {['id']=17125581, ['name']="Lobison", ['index']=205, ['level']=82},
    [17125580] = {['id']=17125580, ['name']="Lobison", ['index']=204, ['level']=82},
    [17125618] = {['id']=17125618, ['name']="LaVaulePugil", ['index']=242, ['level']=73},
    [17125474] = {['id']=17125474, ['name']="OrcishBowshoot", ['index']=98, ['level']=78},
    [17125476] = {['id']=17125476, ['name']="FightingSmilod", ['index']=100, ['level']=75},
    [17125475] = {['id']=17125475, ['name']="OrcishWarlord", ['index']=99, ['level']=79},
    [17125470] = {['id']=17125470, ['name']="OrcishDragonbr", ['index']=94, ['level']=77},
    [17125472] = {['id']=17125472, ['name']="Mariehene", ['index']=96, ['level']=73},
    [17125473] = {['id']=17125473, ['name']="Mariehene", ['index']=97, ['level']=71},
    [17125471] = {['id']=17125471, ['name']="OrcishVeteran", ['index']=95, ['level']=76},
    [17125663] = {['id']=17125663, ['name']="Agrios", ['index']=287, ['level']=83},
    [17125617] = {['id']=17125617, ['name']="LaVaulePugil", ['index']=241, ['level']=74},
    [17125555] = {['id']=17125555, ['name']="OrcishCupholde", ['index']=179, ['level']=83},
    [17125633] = {['id']=17125633, ['name']="LaVaulePugil", ['index']=257, ['level']=74},
    [17125634] = {['id']=17125634, ['name']="LaVaulePugil", ['index']=258, ['level']=73},
    [17125535] = {['id']=17125535, ['name']="OrcishWarlord", ['index']=159, ['level']=78},
    [17125536] = {['id']=17125536, ['name']="OrcishBowshoot", ['index']=160, ['level']=79},
    [17125537] = {['id']=17125537, ['name']="OrcishWarlord", ['index']=161, ['level']=78},
    [17125538] = {['id']=17125538, ['name']="OrcishChampion", ['index']=162, ['level']=78},
    [17125539] = {['id']=17125539, ['name']="OrcishWarlord", ['index']=163, ['level']=79},
    [17125540] = {['id']=17125540, ['name']="OrcishChampion", ['index']=164, ['level']=78},
    [17125635] = {['id']=17125635, ['name']="LaVaulePugil", ['index']=259, ['level']=73},
    [17125636] = {['id']=17125636, ['name']="LaVaulePugil", ['index']=260, ['level']=74},
    [17125531] = {['id']=17125531, ['name']="OrcishWarlord", ['index']=155, ['level']=79},
    [17125664] = {['id']=17125664, ['name']="FalsespinnerBh", ['index']=288, ['level']=83},
    [17125532] = {['id']=17125532, ['name']="OrcishBowshoot", ['index']=156, ['level']=78},
    [17125637] = {['id']=17125637, ['name']="LaVaulePugil", ['index']=261, ['level']=73},
    [17125638] = {['id']=17125638, ['name']="LaVaulePugil", ['index']=262, ['level']=74},
    [17125639] = {['id']=17125639, ['name']="LaVaulePugil", ['index']=263, ['level']=74},
    [17125528] = {['id']=17125528, ['name']="OrcishBowshoot", ['index']=152, ['level']=78},
    [17125526] = {['id']=17125526, ['name']="OrcishBowshoot", ['index']=150, ['level']=78},
    [17125527] = {['id']=17125527, ['name']="OrcishChampion", ['index']=151, ['level']=79},
    [17125482] = {['id']=17125482, ['name']="OrcishWarlord", ['index']=106, ['level']=78},
    [17125655] = {['id']=17125655, ['name']="DraketraderZlo", ['index']=279, ['level']=83},
    [17125481] = {['id']=17125481, ['name']="OrcishBowshoot", ['index']=105, ['level']=79},
    [17125483] = {['id']=17125483, ['name']="FightingSmilod", ['index']=107, ['level']=75},
    [17125511] = {['id']=17125511, ['name']="OrcishWarlord", ['index']=135, ['level']=78},
    [17125512] = {['id']=17125512, ['name']="OrcishBowshoot", ['index']=136, ['level']=78},
    [17125513] = {['id']=17125513, ['name']="OrcishChampion", ['index']=137, ['level']=78},
    [17125510] = {['id']=17125510, ['name']="OrcishProtecto", ['index']=134, ['level']=78},
    [17125508] = {['id']=17125508, ['name']="OrcishBowshoot", ['index']=132, ['level']=79},
    [17125509] = {['id']=17125509, ['name']="OrcishWarlord", ['index']=133, ['level']=78},
    [17125500] = {['id']=17125500, ['name']="OrcishBowshoot", ['index']=124, ['level']=78},
    [17125501] = {['id']=17125501, ['name']="OrcishWarlord", ['index']=125, ['level']=78},
    [17125504] = {['id']=17125504, ['name']="OrcishProtecto", ['index']=128, ['level']=79},
    [17125503] = {['id']=17125503, ['name']="OrcishBowshoot", ['index']=127, ['level']=79},
    [17125502] = {['id']=17125502, ['name']="OrcishChampion", ['index']=126, ['level']=78},
    [17125534] = {['id']=17125534, ['name']="OrcishBowshoot", ['index']=158, ['level']=78},
    [17125496] = {['id']=17125496, ['name']="OrcishBowshoot", ['index']=120, ['level']=79},
    [17125497] = {['id']=17125497, ['name']="OrcishWarlord", ['index']=121, ['level']=79},
    [17125498] = {['id']=17125498, ['name']="OrcishProtecto", ['index']=122, ['level']=79},
    [17125654] = {['id']=17125654, ['name']="CoinbiterCjakn", ['index']=278, ['level']=83},
    [17125507] = {['id']=17125507, ['name']="OrcishWarlord", ['index']=131, ['level']=78},
    [17125533] = {['id']=17125533, ['name']="OrcishChampion", ['index']=157, ['level']=78},
    [17125506] = {['id']=17125506, ['name']="OrcishChampion", ['index']=130, ['level']=78},
    [17125505] = {['id']=17125505, ['name']="OrcishWarlord", ['index']=129, ['level']=79},
    [17125495] = {['id']=17125495, ['name']="OrcishChampion", ['index']=119, ['level']=79},
    [17125499] = {['id']=17125499, ['name']="OrcishChampion", ['index']=123, ['level']=79},
    [17125515] = {['id']=17125515, ['name']="OrcishBowshoot", ['index']=139, ['level']=79},
    [17125516] = {['id']=17125516, ['name']="OrcishWarlord", ['index']=140, ['level']=79},
    [17125518] = {['id']=17125518, ['name']="OrcishChampion", ['index']=142, ['level']=78},
    [17125517] = {['id']=17125517, ['name']="OrcishProtecto", ['index']=141, ['level']=79},
    [17125519] = {['id']=17125519, ['name']="OrcishBowshoot", ['index']=143, ['level']=78},
    [17125514] = {['id']=17125514, ['name']="OrcishChampion", ['index']=138, ['level']=79},
    [17125488] = {['id']=17125488, ['name']="OrcishFirebelc", ['index']=112, ['level']=82},
    [17125489] = {['id']=17125489, ['name']="OrcishChampion", ['index']=113, ['level']=78},
    [17125490] = {['id']=17125490, ['name']="OrcishBowshoot", ['index']=114, ['level']=78},
    [17125491] = {['id']=17125491, ['name']="OrcishWarlord", ['index']=115, ['level']=78},
    [17125492] = {['id']=17125492, ['name']="OrcishChampion", ['index']=116, ['level']=79},
    [17125493] = {['id']=17125493, ['name']="OrcishBowshoot", ['index']=117, ['level']=78},
    [17125485] = {['id']=17125485, ['name']="OrcishBowshoot", ['index']=109, ['level']=79},
    [17125487] = {['id']=17125487, ['name']="FightingSmilod", ['index']=111, ['level']=75},
    [17125484] = {['id']=17125484, ['name']="OrcishChampion", ['index']=108, ['level']=78},
    [17125486] = {['id']=17125486, ['name']="FightingSmilod", ['index']=110, ['level']=76},
    [17125479] = {['id']=17125479, ['name']="OrcishBowshoot", ['index']=103, ['level']=78},
    [17125478] = {['id']=17125478, ['name']="OrcishChampion", ['index']=102, ['level']=79},
    [17125480] = {['id']=17125480, ['name']="FightingSmilod", ['index']=104, ['level']=75},
    [17125477] = {['id']=17125477, ['name']="ThunderElement", ['index']=101, ['level']=75},
    [17125468] = {['id']=17125468, ['name']="Mariehene", ['index']=92, ['level']=71},
    [17125469] = {['id']=17125469, ['name']="WarLizard", ['index']=93, ['level']=71},
    [17125467] = {['id']=17125467, ['name']="WarLizard", ['index']=91, ['level']=72},
    [17125462] = {['id']=17125462, ['name']="OrcishVeteran", ['index']=86, ['level']=77},
    [17125520] = {['id']=17125520, ['name']="OrcishWarlord", ['index']=144, ['level']=78},
    [17125521] = {['id']=17125521, ['name']="OrcishProtecto", ['index']=145, ['level']=79},
    [17125525] = {['id']=17125525, ['name']="OrcishWarlord", ['index']=149, ['level']=78},
    [17125522] = {['id']=17125522, ['name']="OrcishChampion", ['index']=146, ['level']=79},
    [17125523] = {['id']=17125523, ['name']="OrcishWarlord", ['index']=147, ['level']=79},
    [17125524] = {['id']=17125524, ['name']="OrcishBowshoot", ['index']=148, ['level']=79},
    [17125530] = {['id']=17125530, ['name']="OrcishWarlord", ['index']=154, ['level']=79},
    [17125529] = {['id']=17125529, ['name']="OrcishChampion", ['index']=153, ['level']=79},
    [17125561] = {['id']=17125561, ['name']="OrcishStrategi", ['index']=185, ['level']=82},
    [17125562] = {['id']=17125562, ['name']="OrcishFarkille", ['index']=186, ['level']=82},
    [17125547] = {['id']=17125547, ['name']="OrcishFarkille", ['index']=171, ['level']=81},
    [17125542] = {['id']=17125542, ['name']="OrcishStrategi", ['index']=166, ['level']=82},
    [17125541] = {['id']=17125541, ['name']="OrcishDreadnou", ['index']=165, ['level']=82},
    [17125543] = {['id']=17125543, ['name']="OrcishFarkille", ['index']=167, ['level']=81},
    [17125544] = {['id']=17125544, ['name']="OrcishCupholde", ['index']=168, ['level']=81},
    [17125545] = {['id']=17125545, ['name']="OrcishStrategi", ['index']=169, ['level']=83},
    [17125546] = {['id']=17125546, ['name']="OrcishFarkille", ['index']=170, ['level']=82},
    [17125563] = {['id']=17125563, ['name']="OrcishCupholde", ['index']=187, ['level']=83},
    [17125558] = {['id']=17125558, ['name']="OrcishDreadnou", ['index']=182, ['level']=81},
    [17125557] = {['id']=17125557, ['name']="OrcishStrategi", ['index']=181, ['level']=82},
    [17125564] = {['id']=17125564, ['name']="OrcishFarkille", ['index']=188, ['level']=83},
    [17125567] = {['id']=17125567, ['name']="OrcishDreadnou", ['index']=191, ['level']=81},
    [17125565] = {['id']=17125565, ['name']="OrcishStrategi", ['index']=189, ['level']=83},
    [17125566] = {['id']=17125566, ['name']="OrcishFarkille", ['index']=190, ['level']=83},
    [17125568] = {['id']=17125568, ['name']="OrcishDreadnou", ['index']=192, ['level']=82},
    [17125570] = {['id']=17125570, ['name']="OrcishStrategi", ['index']=194, ['level']=83},
    [17125571] = {['id']=17125571, ['name']="OrcishFarkille", ['index']=195, ['level']=83},
    [17125656] = {['id']=17125656, ['name']="FeebleschemeBh", ['index']=280, ['level']=83},
    [17125569] = {['id']=17125569, ['name']="OrcishCupholde", ['index']=193, ['level']=82},
    [17125572] = {['id']=17125572, ['name']="OrcishDreadnou", ['index']=196, ['level']=81},
    [17125573] = {['id']=17125573, ['name']="OrcishCupholde", ['index']=197, ['level']=81},
    [17125574] = {['id']=17125574, ['name']="OrcishFarkille", ['index']=198, ['level']=82},
    [17125559] = {['id']=17125559, ['name']="OrcishCupholde", ['index']=183, ['level']=83},
    [17125658] = {['id']=17125658, ['name']="Bhogbigg\'sGren", ['index']=282, ['level']=75},
    [17125560] = {['id']=17125560, ['name']="OrcishStrategi", ['index']=184, ['level']=82},
    [17125575] = {['id']=17125575, ['name']="OrcishDreadnou", ['index']=199, ['level']=81},
    [17125548] = {['id']=17125548, ['name']="OrcishDreadnou", ['index']=172, ['level']=83},
    [17125549] = {['id']=17125549, ['name']="OrcishStrategi", ['index']=173, ['level']=82},
    [17125551] = {['id']=17125551, ['name']="OrcishDreadnou", ['index']=175, ['level']=83},
    [17125553] = {['id']=17125553, ['name']="OrcishStrategi", ['index']=177, ['level']=81},
    [17125550] = {['id']=17125550, ['name']="OrcishFarkille", ['index']=174, ['level']=82},
    [17125552] = {['id']=17125552, ['name']="OrcishCupholde", ['index']=176, ['level']=83},
    [17125589] = {['id']=17125589, ['name']="Lobison", ['index']=213, ['level']=82},
    [17125588] = {['id']=17125588, ['name']="Lobison", ['index']=212, ['level']=82},
    [17125587] = {['id']=17125587, ['name']="Lobison", ['index']=211, ['level']=81},
    [17125585] = {['id']=17125585, ['name']="Lobison", ['index']=209, ['level']=81},
    [17125586] = {['id']=17125586, ['name']="Lobison", ['index']=210, ['level']=81},
    [17125665] = {['id']=17125665, ['name']="Rugaroo", ['index']=289, ['level']=83},
    [17125582] = {['id']=17125582, ['name']="Lobison", ['index']=206, ['level']=82},
    [17125578] = {['id']=17125578, ['name']="Lobison", ['index']=202, ['level']=82},
    [17125584] = {['id']=17125584, ['name']="Lobison", ['index']=208, ['level']=81},
    [17125583] = {['id']=17125583, ['name']="Lobison", ['index']=207, ['level']=81},
    [17125579] = {['id']=17125579, ['name']="Lobison", ['index']=203, ['level']=81},
    [17125925] = {['id']=17125925, ['name']="FiendishLeechk", ['index']=549, ['level']=60},
    [17125926] = {['id']=17125926, ['name']="FiendishLeechk", ['index']=550, ['level']=60},
    [17125930] = {['id']=17125930, ['name']="FiendishLeechk", ['index']=554, ['level']=60},
    [17125435] = {['id']=17125435, ['name']="OrcishDragonbr", ['index']=59, ['level']=76},
    [17125790] = {['id']=17125790, ['name']="ConquerorBakgo", ['index']=414, ['level']=70},
    [17125791] = {['id']=17125791, ['name']="SteelhideProte", ['index']=415, ['level']=70},
    [17125792] = {['id']=17125792, ['name']="SteelhideProte", ['index']=416, ['level']=70},
    [17125793] = {['id']=17125793, ['name']="SteelhideProte", ['index']=417, ['level']=70},
    [17125794] = {['id']=17125794, ['name']="SteelhideProte", ['index']=418, ['level']=70},
    [17125795] = {['id']=17125795, ['name']="SteelhideProte", ['index']=419, ['level']=70},
    [17125796] = {['id']=17125796, ['name']="SteelhideProte", ['index']=420, ['level']=70},
    [17125797] = {['id']=17125797, ['name']="SteelhideProte", ['index']=421, ['level']=70},
    [17125798] = {['id']=17125798, ['name']="SteelhideProte", ['index']=422, ['level']=70},
    [17125799] = {['id']=17125799, ['name']="SteelhideProte", ['index']=423, ['level']=70},
    [17125820] = {['id']=17125820, ['name']="Jagidbod\'sWarm", ['index']=444, ['level']=70},
    [17125822] = {['id']=17125822, ['name']="ClanReaperGru", ['index']=446, ['level']=70},
    [17125823] = {['id']=17125823, ['name']="ClanReaperGru", ['index']=447, ['level']=70},
    [17125824] = {['id']=17125824, ['name']="ClanReaperGru", ['index']=448, ['level']=70},
    [17125825] = {['id']=17125825, ['name']="ClanReaperGru", ['index']=449, ['level']=70},
    [17125826] = {['id']=17125826, ['name']="ClanReaperGru", ['index']=450, ['level']=70},
    [17125827] = {['id']=17125827, ['name']="ClanReaperGru", ['index']=451, ['level']=70},
    [17125828] = {['id']=17125828, ['name']="ClanReaperGru", ['index']=452, ['level']=70},
    [17125829] = {['id']=17125829, ['name']="ClanReaperGru", ['index']=453, ['level']=70},
    [17125830] = {['id']=17125830, ['name']="ClanReaperGru", ['index']=454, ['level']=70},
    [17125927] = {['id']=17125927, ['name']="FiendishLeechk", ['index']=551, ['level']=60},
    [17125928] = {['id']=17125928, ['name']="FiendishLeechk", ['index']=552, ['level']=60},
    [17125929] = {['id']=17125929, ['name']="FiendishLeechk", ['index']=553, ['level']=60},
