    [17588759] = {['id']=17588759, ['name']="AhkoMhalijikha", ['index']=535, ['level']=0},
    [17588788] = {['id']=17588788, ['name']="GroundsTome", ['index']=564, ['level']=0},
    [17588798] = {['id']=17588798, ['name']="SurvivalGuide", ['index']=574, ['level']=0},
    [17588235] = {['id']=17588235, ['name']="MazeMaker", ['index']=11, ['level']=19},
    [17588234] = {['id']=17588234, ['name']="MazeMaker", ['index']=10, ['level']=21},
    [17588228] = {['id']=17588228, ['name']="GoblinButcher", ['index']=4, ['level']=16},
    [17588233] = {['id']=17588233, ['name']="MazeMaker", ['index']=9, ['level']=20},
    [17588236] = {['id']=17588236, ['name']="StinkBats", ['index']=12, ['level']=18},
    [17588227] = {['id']=17588227, ['name']="GoblinTinkerer", ['index']=3, ['level']=17},
    [17588237] = {['id']=17588237, ['name']="StinkBats", ['index']=13, ['level']=17},
    [17588239] = {['id']=17588239, ['name']="StinkBats", ['index']=15, ['level']=15},
    [17588232] = {['id']=17588232, ['name']="MazeMaker", ['index']=8, ['level']=21},
    [17588238] = {['id']=17588238, ['name']="StinkBats", ['index']=14, ['level']=15},
    [17588231] = {['id']=17588231, ['name']="GoblinButcher", ['index']=7, ['level']=16},
    [17588240] = {['id']=17588240, ['name']="Combat", ['index']=16, ['level']=20},
    [17588248] = {['id']=17588248, ['name']="MazeMaker", ['index']=24, ['level']=19},
    [17588255] = {['id']=17588255, ['name']="Combat", ['index']=31, ['level']=23},
    [17588242] = {['id']=17588242, ['name']="GoblinTinkerer", ['index']=18, ['level']=18},
    [17588244] = {['id']=17588244, ['name']="GoblinAmbusher", ['index']=20, ['level']=18},
    [17588246] = {['id']=17588246, ['name']="GoblinButcher", ['index']=22, ['level']=18},
    [17588249] = {['id']=17588249, ['name']="MazeMaker", ['index']=25, ['level']=21},
    [17588250] = {['id']=17588250, ['name']="MazeMaker", ['index']=26, ['level']=21},
    [17588251] = {['id']=17588251, ['name']="StinkBats", ['index']=27, ['level']=15},
    [17588252] = {['id']=17588252, ['name']="StinkBats", ['index']=28, ['level']=18},
    [17588253] = {['id']=17588253, ['name']="StinkBats", ['index']=29, ['level']=16},
    [17588254] = {['id']=17588254, ['name']="Combat", ['index']=30, ['level']=22},
    [17588256] = {['id']=17588256, ['name']="CarnivorousCra", ['index']=32, ['level']=24},
    [17588257] = {['id']=17588257, ['name']="StinkBats", ['index']=33, ['level']=17},
    [17588258] = {['id']=17588258, ['name']="StinkBats", ['index']=34, ['level']=17},
    [17588259] = {['id']=17588259, ['name']="Combat", ['index']=35, ['level']=22},
    [17588260] = {['id']=17588260, ['name']="Combat", ['index']=36, ['level']=21},
    [17588261] = {['id']=17588261, ['name']="CarnivorousCra", ['index']=37, ['level']=23},
    [17588262] = {['id']=17588262, ['name']="CarnivorousCra", ['index']=38, ['level']=24},
    [17588265] = {['id']=17588265, ['name']="GoblinButcher", ['index']=41, ['level']=18},
    [17588269] = {['id']=17588269, ['name']="MazeMaker", ['index']=45, ['level']=18},
    [17588271] = {['id']=17588271, ['name']="MazeMaker", ['index']=47, ['level']=20},
    [17588275] = {['id']=17588275, ['name']="Combat", ['index']=51, ['level']=20},
    [17588279] = {['id']=17588279, ['name']="GoblinAmbusher", ['index']=55, ['level']=18},
    [17588283] = {['id']=17588283, ['name']="GoblinTinkerer", ['index']=59, ['level']=16},
    [17588288] = {['id']=17588288, ['name']="Combat", ['index']=64, ['level']=22},
    [17588291] = {['id']=17588291, ['name']="CarnivorousCra", ['index']=67, ['level']=25},
    [17588286] = {['id']=17588286, ['name']="StinkBats", ['index']=62, ['level']=17},
    [17588287] = {['id']=17588287, ['name']="StinkBats", ['index']=63, ['level']=16},
    [17588292] = {['id']=17588292, ['name']="CarnivorousCra", ['index']=68, ['level']=22},
    [17588268] = {['id']=17588268, ['name']="GoblinButcher", ['index']=44, ['level']=17},
    [17588274] = {['id']=17588274, ['name']="Combat", ['index']=50, ['level']=21},
    [17588273] = {['id']=17588273, ['name']="StinkBats", ['index']=49, ['level']=15},
    [17588270] = {['id']=17588270, ['name']="MazeMaker", ['index']=46, ['level']=19},
    [17588290] = {['id']=17588290, ['name']="CarnivorousCra", ['index']=66, ['level']=24},
    [17588296] = {['id']=17588296, ['name']="MazeScorpion", ['index']=72, ['level']=27},
    [17588295] = {['id']=17588295, ['name']="StinkBats", ['index']=71, ['level']=16},
    [17588294] = {['id']=17588294, ['name']="StinkBats", ['index']=70, ['level']=16},
    [17588293] = {['id']=17588293, ['name']="StinkBats", ['index']=69, ['level']=16},
    [17588301] = {['id']=17588301, ['name']="GoblinTinkerer", ['index']=77, ['level']=18},
    [17588300] = {['id']=17588300, ['name']="GoblinAmbusher", ['index']=76, ['level']=16},
    [17588281] = {['id']=17588281, ['name']="GoblinButcher", ['index']=57, ['level']=16},
    [17588289] = {['id']=17588289, ['name']="Combat", ['index']=65, ['level']=21},
    [17588297] = {['id']=17588297, ['name']="GoblinAmbusher", ['index']=73, ['level']=17},
    [17588326] = {['id']=17588326, ['name']="Ghoul", ['index']=102, ['level']=26},
    [17588791] = {['id']=17588791, ['name']="GroundsTome", ['index']=567, ['level']=0},
    [17588329] = {['id']=17588329, ['name']="Combat", ['index']=105, ['level']=23},
    [17588330] = {['id']=17588330, ['name']="Combat", ['index']=106, ['level']=21},
    [17588331] = {['id']=17588331, ['name']="CarnivorousCra", ['index']=107, ['level']=22},
    [17588332] = {['id']=17588332, ['name']="CarnivorousCra", ['index']=108, ['level']=23},
    [17588529] = {['id']=17588529, ['name']="Wight", ['index']=305, ['level']=32},
    [17588530] = {['id']=17588530, ['name']="Wight", ['index']=306, ['level']=32},
    [17588531] = {['id']=17588531, ['name']="Wight", ['index']=307, ['level']=32},
    [17588532] = {['id']=17588532, ['name']="Wight", ['index']=308, ['level']=35},
    [17588533] = {['id']=17588533, ['name']="AbyssWorm", ['index']=309, ['level']=30},
    [17588534] = {['id']=17588534, ['name']="AbyssWorm", ['index']=310, ['level']=27},
    [17588535] = {['id']=17588535, ['name']="AbyssWorm", ['index']=311, ['level']=28},
    [17588536] = {['id']=17588536, ['name']="AbyssWorm", ['index']=312, ['level']=28},
    [17588537] = {['id']=17588537, ['name']="AncientBat", ['index']=313, ['level']=26},
    [17588538] = {['id']=17588538, ['name']="AncientBat", ['index']=314, ['level']=28},
    [17588539] = {['id']=17588539, ['name']="LabyrinthScorp", ['index']=315, ['level']=31},
    [17588543] = {['id']=17588543, ['name']="Wight", ['index']=319, ['level']=35},
    [17588544] = {['id']=17588544, ['name']="Wight", ['index']=320, ['level']=34},
    [17588547] = {['id']=17588547, ['name']="AbyssWorm", ['index']=323, ['level']=27},
    [17588548] = {['id']=17588548, ['name']="AbyssWorm", ['index']=324, ['level']=28},
    [17588551] = {['id']=17588551, ['name']="AncientBat", ['index']=327, ['level']=29},
    [17588552] = {['id']=17588552, ['name']="AncientBat", ['index']=328, ['level']=26},
    [17588553] = {['id']=17588553, ['name']="LabyrinthScorp", ['index']=329, ['level']=31},
    [17588555] = {['id']=17588555, ['name']="Wight", ['index']=331, ['level']=32},
    [17588556] = {['id']=17588556, ['name']="Wight", ['index']=332, ['level']=34},
    [17588557] = {['id']=17588557, ['name']="Wight", ['index']=333, ['level']=33},
    [17588558] = {['id']=17588558, ['name']="AbyssWorm", ['index']=334, ['level']=28},
    [17588559] = {['id']=17588559, ['name']="AbyssWorm", ['index']=335, ['level']=30},
    [17588560] = {['id']=17588560, ['name']="AbyssWorm", ['index']=336, ['level']=30},
    [17588561] = {['id']=17588561, ['name']="AncientBat", ['index']=337, ['level']=29},
    [17588562] = {['id']=17588562, ['name']="AncientBat", ['index']=338, ['level']=26},
    [17588563] = {['id']=17588563, ['name']="LabyrinthScorp", ['index']=339, ['level']=32},
    [17588572] = {['id']=17588572, ['name']="Wight", ['index']=348, ['level']=35},
    [17588579] = {['id']=17588579, ['name']="Wight", ['index']=355, ['level']=33},
    [17588580] = {['id']=17588580, ['name']="Wight", ['index']=356, ['level']=33},
    [17588582] = {['id']=17588582, ['name']="Wight", ['index']=358, ['level']=35},
    [17588333] = {['id']=17588333, ['name']="CarnivorousCra", ['index']=109, ['level']=23},
    [17588334] = {['id']=17588334, ['name']="CarnivorousCra", ['index']=110, ['level']=25},
    [17588343] = {['id']=17588343, ['name']="MazeScorpion", ['index']=119, ['level']=25},
    [17588339] = {['id']=17588339, ['name']="CarnivorousCra", ['index']=115, ['level']=23},
    [17588342] = {['id']=17588342, ['name']="MazeScorpion", ['index']=118, ['level']=28},
    [17588335] = {['id']=17588335, ['name']="CarnivorousCra", ['index']=111, ['level']=24},
    [17588337] = {['id']=17588337, ['name']="CarnivorousCra", ['index']=113, ['level']=25},
    [17588338] = {['id']=17588338, ['name']="CarnivorousCra", ['index']=114, ['level']=24},
    [17588341] = {['id']=17588341, ['name']="MazeScorpion", ['index']=117, ['level']=27},
    [17588348] = {['id']=17588348, ['name']="PoisonLeech", ['index']=124, ['level']=26},
    [17588336] = {['id']=17588336, ['name']="CarnivorousCra", ['index']=112, ['level']=22},
    [17588349] = {['id']=17588349, ['name']="PoisonLeech", ['index']=125, ['level']=24},
    [17588345] = {['id']=17588345, ['name']="CarnivorousCra", ['index']=121, ['level']=25},
    [17588344] = {['id']=17588344, ['name']="CarnivorousCra", ['index']=120, ['level']=23},
    [17588347] = {['id']=17588347, ['name']="Jelly", ['index']=123, ['level']=27},
    [17588346] = {['id']=17588346, ['name']="Jelly", ['index']=122, ['level']=26},
    [17588526] = {['id']=17588526, ['name']="Wight", ['index']=302, ['level']=33},
    [17588521] = {['id']=17588521, ['name']="AbyssWorm", ['index']=297, ['level']=28},
    [17588523] = {['id']=17588523, ['name']="AbyssWorm", ['index']=299, ['level']=29},
    [17588520] = {['id']=17588520, ['name']="Wight", ['index']=296, ['level']=32},
    [17588350] = {['id']=17588350, ['name']="BleederLeech", ['index']=126, ['level']=84},
    [17588351] = {['id']=17588351, ['name']="BleederLeech", ['index']=127, ['level']=85},
    [17588352] = {['id']=17588352, ['name']="BleederLeech", ['index']=128, ['level']=84},
    [17588353] = {['id']=17588353, ['name']="BleederLeech", ['index']=129, ['level']=85},
    [17588354] = {['id']=17588354, ['name']="BleederLeech", ['index']=130, ['level']=85},
    [17588358] = {['id']=17588358, ['name']="BleederLeech", ['index']=134, ['level']=83},
    [17588360] = {['id']=17588360, ['name']="BleederLeech", ['index']=136, ['level']=84},
    [17588361] = {['id']=17588361, ['name']="ChaserBats", ['index']=137, ['level']=85},
    [17588365] = {['id']=17588365, ['name']="BleederLeech", ['index']=141, ['level']=83},
    [17588366] = {['id']=17588366, ['name']="BleederLeech", ['index']=142, ['level']=83},
    [17588367] = {['id']=17588367, ['name']="BleederLeech", ['index']=143, ['level']=84},
    [17588368] = {['id']=17588368, ['name']="BleederLeech", ['index']=144, ['level']=84},
    [17588370] = {['id']=17588370, ['name']="Crypterpillar", ['index']=146, ['level']=87},
    [17588374] = {['id']=17588374, ['name']="BleederLeech", ['index']=150, ['level']=84},
    [17588376] = {['id']=17588376, ['name']="BleederLeech", ['index']=152, ['level']=85},
    [17588377] = {['id']=17588377, ['name']="BleederLeech", ['index']=153, ['level']=85},
    [17588380] = {['id']=17588380, ['name']="BleederLeech", ['index']=156, ['level']=85},
    [17588382] = {['id']=17588382, ['name']="ChaserBats", ['index']=158, ['level']=85},
    [17588375] = {['id']=17588375, ['name']="BleederLeech", ['index']=151, ['level']=83},
    [17588373] = {['id']=17588373, ['name']="BleederLeech", ['index']=149, ['level']=84},
    [17588453] = {['id']=17588453, ['name']="AncientBat", ['index']=229, ['level']=29},
    [17588457] = {['id']=17588457, ['name']="Jelly", ['index']=233, ['level']=27},
    [17588458] = {['id']=17588458, ['name']="Jelly", ['index']=234, ['level']=27},
    [17588452] = {['id']=17588452, ['name']="AncientBat", ['index']=228, ['level']=26},
    [17588473] = {['id']=17588473, ['name']="Wendigo", ['index']=249, ['level']=24},
    [17588463] = {['id']=17588463, ['name']="Wendigo", ['index']=239, ['level']=25},
    [17588459] = {['id']=17588459, ['name']="Ghoul", ['index']=235, ['level']=26},
    [17588467] = {['id']=17588467, ['name']="SeekerBats", ['index']=243, ['level']=26},
    [17588405] = {['id']=17588405, ['name']="Crypterpillar", ['index']=181, ['level']=88},
    [17588407] = {['id']=17588407, ['name']="Crypterpillar", ['index']=183, ['level']=88},
    [17588406] = {['id']=17588406, ['name']="Crypterpillar", ['index']=182, ['level']=88},
    [17588403] = {['id']=17588403, ['name']="Crypterpillar", ['index']=179, ['level']=88},
    [17588404] = {['id']=17588404, ['name']="Crypterpillar", ['index']=180, ['level']=88},
    [17588402] = {['id']=17588402, ['name']="ChaserBats", ['index']=178, ['level']=84},
    [17588392] = {['id']=17588392, ['name']="ChaserBats", ['index']=168, ['level']=84},
    [17588393] = {['id']=17588393, ['name']="ChaserBats", ['index']=169, ['level']=84},
    [17588394] = {['id']=17588394, ['name']="ChaserBats", ['index']=170, ['level']=84},
    [17588389] = {['id']=17588389, ['name']="ChaserBats", ['index']=165, ['level']=84},
    [17588519] = {['id']=17588519, ['name']="AbyssWorm", ['index']=295, ['level']=27},
    [17588388] = {['id']=17588388, ['name']="ChaserBats", ['index']=164, ['level']=85},
    [17588517] = {['id']=17588517, ['name']="AbyssWorm", ['index']=293, ['level']=28},
    [17588390] = {['id']=17588390, ['name']="BleederLeech", ['index']=166, ['level']=85},
    [17588411] = {['id']=17588411, ['name']="Crypterpillar", ['index']=187, ['level']=88},
    [17588413] = {['id']=17588413, ['name']="Crypterpillar", ['index']=189, ['level']=87},
    [17588412] = {['id']=17588412, ['name']="Crypterpillar", ['index']=188, ['level']=87},
    [17588410] = {['id']=17588410, ['name']="Crypterpillar", ['index']=186, ['level']=88},
    [17588513] = {['id']=17588513, ['name']="AbyssWorm", ['index']=289, ['level']=29},
    [17588514] = {['id']=17588514, ['name']="SeekerBats", ['index']=290, ['level']=25},
    [17588515] = {['id']=17588515, ['name']="SeekerBats", ['index']=291, ['level']=24},
    [17588516] = {['id']=17588516, ['name']="AncientBat", ['index']=292, ['level']=26},
    [17588518] = {['id']=17588518, ['name']="AbyssWorm", ['index']=294, ['level']=28},
    [17588385] = {['id']=17588385, ['name']="ChaserBats", ['index']=161, ['level']=84},
    [17588386] = {['id']=17588386, ['name']="ChaserBats", ['index']=162, ['level']=85},
    [17588387] = {['id']=17588387, ['name']="ChaserBats", ['index']=163, ['level']=84},
    [17588391] = {['id']=17588391, ['name']="ChaserBats", ['index']=167, ['level']=85},
    [17588399] = {['id']=17588399, ['name']="ChaserBats", ['index']=175, ['level']=84},
    [17588401] = {['id']=17588401, ['name']="Crypterpillar", ['index']=177, ['level']=88},
    [17588398] = {['id']=17588398, ['name']="ChaserBats", ['index']=174, ['level']=84},
    [17588790] = {['id']=17588790, ['name']="GroundsTome", ['index']=566, ['level']=0},
    [17588384] = {['id']=17588384, ['name']="ChaserBats", ['index']=160, ['level']=85},
    [17588381] = {['id']=17588381, ['name']="ChaserBats", ['index']=157, ['level']=84},
    [17588359] = {['id']=17588359, ['name']="BleederLeech", ['index']=135, ['level']=84},
    [17588357] = {['id']=17588357, ['name']="BleederLeech", ['index']=133, ['level']=85},
    [17588397] = {['id']=17588397, ['name']="ChaserBats", ['index']=173, ['level']=84},
    [17588522] = {['id']=17588522, ['name']="AbyssWorm", ['index']=298, ['level']=29},
    [17588524] = {['id']=17588524, ['name']="SeekerBats", ['index']=300, ['level']=23},
    [17588383] = {['id']=17588383, ['name']="ChaserBats", ['index']=159, ['level']=85},
    [17588541] = {['id']=17588541, ['name']="AirElemental", ['index']=317, ['level']=35},
    [17588564] = {['id']=17588564, ['name']="LabyrinthScorp", ['index']=340, ['level']=30},
    [17588565] = {['id']=17588565, ['name']="AirElemental", ['index']=341, ['level']=35},
    [17588549] = {['id']=17588549, ['name']="AbyssWorm", ['index']=325, ['level']=28},
    [17588545] = {['id']=17588545, ['name']="Wight", ['index']=321, ['level']=35},
    [17588480] = {['id']=17588480, ['name']="MazeMaker", ['index']=256, ['level']=21},
    [17588550] = {['id']=17588550, ['name']="AbyssWorm", ['index']=326, ['level']=27},
    [17588546] = {['id']=17588546, ['name']="Wight", ['index']=322, ['level']=32},
    [17588474] = {['id']=17588474, ['name']="GoblinAmbusher", ['index']=250, ['level']=17},
    [17588488] = {['id']=17588488, ['name']="Ghoul", ['index']=264, ['level']=25},
    [17588484] = {['id']=17588484, ['name']="StinkBats", ['index']=260, ['level']=18},
    [17588482] = {['id']=17588482, ['name']="MazeMaker", ['index']=258, ['level']=21},
    [17588485] = {['id']=17588485, ['name']="Combat", ['index']=261, ['level']=20},
    [17588491] = {['id']=17588491, ['name']="MazeMaker", ['index']=267, ['level']=21},
    [17588492] = {['id']=17588492, ['name']="MazeMaker", ['index']=268, ['level']=20},
    [17588495] = {['id']=17588495, ['name']="Combat", ['index']=271, ['level']=20},
    [17588497] = {['id']=17588497, ['name']="MazeMaker", ['index']=273, ['level']=20},
    [17588512] = {['id']=17588512, ['name']="GoblinGambler", ['index']=288, ['level']=25},
    [17588568] = {['id']=17588568, ['name']="LabyrinthScorp", ['index']=344, ['level']=32},
    [17588483] = {['id']=17588483, ['name']="StinkBats", ['index']=259, ['level']=15},
    [17588567] = {['id']=17588567, ['name']="LabyrinthScorp", ['index']=343, ['level']=30},
    [17588584] = {['id']=17588584, ['name']="AncientBat", ['index']=360, ['level']=27},
    [17588585] = {['id']=17588585, ['name']="AncientBat", ['index']=361, ['level']=27},
    [17588276] = {['id']=17588276, ['name']="MazeMaker", ['index']=52, ['level']=21},
    [17588277] = {['id']=17588277, ['name']="MazeMaker", ['index']=53, ['level']=21},
    [17588325] = {['id']=17588325, ['name']="Ghoul", ['index']=101, ['level']=22},
    [17588569] = {['id']=17588569, ['name']="Protozoan", ['index']=345, ['level']=31},
    [17588486] = {['id']=17588486, ['name']="Combat", ['index']=262, ['level']=21},
    [17588478] = {['id']=17588478, ['name']="GoblinTinkerer", ['index']=254, ['level']=18},
    [17588476] = {['id']=17588476, ['name']="GoblinButcher", ['index']=252, ['level']=18},
    [17588481] = {['id']=17588481, ['name']="MazeMaker", ['index']=257, ['level']=21},
    [17588489] = {['id']=17588489, ['name']="Jelly", ['index']=265, ['level']=26},
    [17588490] = {['id']=17588490, ['name']="Jelly", ['index']=266, ['level']=26},
    [17588588] = {['id']=17588588, ['name']="Protozoan", ['index']=364, ['level']=30},
    [17588586] = {['id']=17588586, ['name']="LabyrinthScorp", ['index']=362, ['level']=33},
    [17588587] = {['id']=17588587, ['name']="Protozoan", ['index']=363, ['level']=31},
    [17588589] = {['id']=17588589, ['name']="Lesath", ['index']=365, ['level']=44},
    [17588600] = {['id']=17588600, ['name']="GoblinLeecher", ['index']=376, ['level']=25},
    [17588610] = {['id']=17588610, ['name']="Wendigo", ['index']=386, ['level']=27},
    [17588611] = {['id']=17588611, ['name']="Ghoul", ['index']=387, ['level']=26},
    [17588607] = {['id']=17588607, ['name']="MazeScorpion", ['index']=383, ['level']=28},
    [17588605] = {['id']=17588605, ['name']="CarnivorousCra", ['index']=381, ['level']=22},
    [17588602] = {['id']=17588602, ['name']="CarnivorousCra", ['index']=378, ['level']=22},
    [17588606] = {['id']=17588606, ['name']="CarnivorousCra", ['index']=382, ['level']=22},
    [17588603] = {['id']=17588603, ['name']="CarnivorousCra", ['index']=379, ['level']=23},
    [17588444] = {['id']=17588444, ['name']="AncientBat", ['index']=220, ['level']=26},
    [17588445] = {['id']=17588445, ['name']="AncientBat", ['index']=221, ['level']=28},
    [17588446] = {['id']=17588446, ['name']="SeekerBats", ['index']=222, ['level']=26},
    [17588447] = {['id']=17588447, ['name']="SeekerBats", ['index']=223, ['level']=26},
    [17588448] = {['id']=17588448, ['name']="PoisonLeech", ['index']=224, ['level']=27},
    [17588449] = {['id']=17588449, ['name']="PoisonLeech", ['index']=225, ['level']=27},
    [17588451] = {['id']=17588451, ['name']="Wendigo", ['index']=227, ['level']=26},
    [17588594] = {['id']=17588594, ['name']="GoblinLeecher", ['index']=370, ['level']=22},
    [17588431] = {['id']=17588431, ['name']="WarrenBat", ['index']=207, ['level']=87},
    [17588438] = {['id']=17588438, ['name']="WarrenBat", ['index']=214, ['level']=88},
    [17588676] = {['id']=17588676, ['name']="AncientBat", ['index']=452, ['level']=29},
    [17588434] = {['id']=17588434, ['name']="Crypterpillar", ['index']=210, ['level']=88},
    [17588436] = {['id']=17588436, ['name']="WarrenBat", ['index']=212, ['level']=87},
    [17588675] = {['id']=17588675, ['name']="AncientBat", ['index']=451, ['level']=29},
    [17588437] = {['id']=17588437, ['name']="WarrenBat", ['index']=213, ['level']=86},
    [17588435] = {['id']=17588435, ['name']="WarrenBat", ['index']=211, ['level']=88},
    [17588432] = {['id']=17588432, ['name']="WarrenBat", ['index']=208, ['level']=86},
    [17588440] = {['id']=17588440, ['name']="WarrenBat", ['index']=216, ['level']=87},
    [17588441] = {['id']=17588441, ['name']="WarrenBat", ['index']=217, ['level']=87},
    [17588429] = {['id']=17588429, ['name']="Crypterpillar", ['index']=205, ['level']=87},
    [17588443] = {['id']=17588443, ['name']="WarrenBat", ['index']=219, ['level']=88},
    [17588439] = {['id']=17588439, ['name']="Crypterpillar", ['index']=215, ['level']=87},
    [17588430] = {['id']=17588430, ['name']="Crypterpillar", ['index']=206, ['level']=87},
    [17588433] = {['id']=17588433, ['name']="WarrenBat", ['index']=209, ['level']=86},
    [17588442] = {['id']=17588442, ['name']="WarrenBat", ['index']=218, ['level']=88},
    [17588656] = {['id']=17588656, ['name']="GoblinPathfind", ['index']=432, ['level']=34},
    [17588660] = {['id']=17588660, ['name']="GoblinShaman", ['index']=436, ['level']=32},
    [17588657] = {['id']=17588657, ['name']="Goblin'sBat", ['index']=433, ['level']=25},
    [17588468] = {['id']=17588468, ['name']="SeekerBats", ['index']=244, ['level']=25},
    [17588653] = {['id']=17588653, ['name']="GoblinFurrier", ['index']=429, ['level']=32},
    [17588647] = {['id']=17588647, ['name']="AncientBat", ['index']=423, ['level']=28},
    [17588644] = {['id']=17588644, ['name']="AncientBat", ['index']=420, ['level']=29},
    [17588646] = {['id']=17588646, ['name']="Caterchipillar", ['index']=422, ['level']=29},
    [17588645] = {['id']=17588645, ['name']="AncientBat", ['index']=421, ['level']=26},
    [17588665] = {['id']=17588665, ['name']="GoblinShaman", ['index']=441, ['level']=32},
    [17588648] = {['id']=17588648, ['name']="AncientBat", ['index']=424, ['level']=27},
    [17588649] = {['id']=17588649, ['name']="Caterchipillar", ['index']=425, ['level']=31},
    [17588650] = {['id']=17588650, ['name']="Caterchipillar", ['index']=426, ['level']=31},
    [17588664] = {['id']=17588664, ['name']="GoblinSmithy", ['index']=440, ['level']=34},
    [17588672] = {['id']=17588672, ['name']="LabyrinthScorp", ['index']=448, ['level']=31},
    [17588670] = {['id']=17588670, ['name']="GoblinShaman", ['index']=446, ['level']=31},
    [17588680] = {['id']=17588680, ['name']="PoisonLeech", ['index']=456, ['level']=25},
    [17588686] = {['id']=17588686, ['name']="PoisonLeech", ['index']=462, ['level']=24},
    [17588687] = {['id']=17588687, ['name']="PoisonLeech", ['index']=463, ['level']=25},
    [17588688] = {['id']=17588688, ['name']="PoisonLeech", ['index']=464, ['level']=24},
    [17588689] = {['id']=17588689, ['name']="PoisonLeech", ['index']=465, ['level']=28},
    [17588690] = {['id']=17588690, ['name']="PoisonLeech", ['index']=466, ['level']=26},
    [17588691] = {['id']=17588691, ['name']="PoisonLeech", ['index']=467, ['level']=25},
    [17588692] = {['id']=17588692, ['name']="PoisonLeech", ['index']=468, ['level']=26},
    [17588693] = {['id']=17588693, ['name']="PoisonLeech", ['index']=469, ['level']=28},
    [17588699] = {['id']=17588699, ['name']="Wight", ['index']=475, ['level']=34},
    [17588674] = {['id']=17588674, ['name']="Argus", ['index']=450, ['level']=37},
    [17588694] = {['id']=17588694, ['name']="Protozoan", ['index']=470, ['level']=31},
    [17588673] = {['id']=17588673, ['name']="Protozoan", ['index']=449, ['level']=31},
    [17588671] = {['id']=17588671, ['name']="LabyrinthScorp", ['index']=447, ['level']=30},
    [17588226] = {['id']=17588226, ['name']="GoblinAmbusher", ['index']=2, ['level']=16},
    [17588228] = {['id']=17588228, ['name']="GoblinButcher", ['index']=4, ['level']=18},
    [17588230] = {['id']=17588230, ['name']="GoblinTinkerer", ['index']=6, ['level']=17},
    [17588232] = {['id']=17588232, ['name']="MazeMaker", ['index']=8, ['level']=19},
    [17588233] = {['id']=17588233, ['name']="MazeMaker", ['index']=9, ['level']=18},
    [17588234] = {['id']=17588234, ['name']="MazeMaker", ['index']=10, ['level']=18},
    [17588235] = {['id']=17588235, ['name']="MazeMaker", ['index']=11, ['level']=19},
    [17588236] = {['id']=17588236, ['name']="StinkBats", ['index']=12, ['level']=17},
    [17588237] = {['id']=17588237, ['name']="StinkBats", ['index']=13, ['level']=15},
    [17588238] = {['id']=17588238, ['name']="StinkBats", ['index']=14, ['level']=18},
    [17588239] = {['id']=17588239, ['name']="StinkBats", ['index']=15, ['level']=15},
    [17588240] = {['id']=17588240, ['name']="Combat", ['index']=16, ['level']=23},
    [17588242] = {['id']=17588242, ['name']="GoblinTinkerer", ['index']=18, ['level']=17},
    [17588244] = {['id']=17588244, ['name']="GoblinAmbusher", ['index']=20, ['level']=18},
    [17588246] = {['id']=17588246, ['name']="GoblinButcher", ['index']=22, ['level']=16},
    [17588247] = {['id']=17588247, ['name']="MazeMaker", ['index']=23, ['level']=19},
    [17588248] = {['id']=17588248, ['name']="MazeMaker", ['index']=24, ['level']=21},
    [17588249] = {['id']=17588249, ['name']="MazeMaker", ['index']=25, ['level']=20},
    [17588251] = {['id']=17588251, ['name']="StinkBats", ['index']=27, ['level']=18},
    [17588252] = {['id']=17588252, ['name']="StinkBats", ['index']=28, ['level']=17},
    [17588253] = {['id']=17588253, ['name']="StinkBats", ['index']=29, ['level']=16},
    [17588254] = {['id']=17588254, ['name']="Combat", ['index']=30, ['level']=21},
    [17588255] = {['id']=17588255, ['name']="Combat", ['index']=31, ['level']=23},
    [17588257] = {['id']=17588257, ['name']="StinkBats", ['index']=33, ['level']=16},
    [17588258] = {['id']=17588258, ['name']="StinkBats", ['index']=34, ['level']=16},
    [17588259] = {['id']=17588259, ['name']="Combat", ['index']=35, ['level']=20},
    [17588260] = {['id']=17588260, ['name']="Combat", ['index']=36, ['level']=21},
    [17588262] = {['id']=17588262, ['name']="CarnivorousCra", ['index']=38, ['level']=24},
    [17588267] = {['id']=17588267, ['name']="GoblinTinkerer", ['index']=43, ['level']=18},
    [17588269] = {['id']=17588269, ['name']="MazeMaker", ['index']=45, ['level']=21},
    [17588270] = {['id']=17588270, ['name']="MazeMaker", ['index']=46, ['level']=18},
    [17588274] = {['id']=17588274, ['name']="Combat", ['index']=50, ['level']=23},
    [17588275] = {['id']=17588275, ['name']="Combat", ['index']=51, ['level']=21},
    [17588276] = {['id']=17588276, ['name']="MazeMaker", ['index']=52, ['level']=19},
    [17588277] = {['id']=17588277, ['name']="MazeMaker", ['index']=53, ['level']=18},
    [17588325] = {['id']=17588325, ['name']="Ghoul", ['index']=101, ['level']=26},
    [17588489] = {['id']=17588489, ['name']="Jelly", ['index']=265, ['level']=26},
    [17588490] = {['id']=17588490, ['name']="Jelly", ['index']=266, ['level']=26},
    [17588759] = {['id']=17588759, ['name']="AhkoMhalijikha", ['index']=535, ['level']=0},
    [17588788] = {['id']=17588788, ['name']="GroundsTome", ['index']=564, ['level']=0},
    [17588798] = {['id']=17588798, ['name']="SurvivalGuide", ['index']=574, ['level']=0},
    [17588271] = {['id']=17588271, ['name']="MazeMaker", ['index']=47, ['level']=21},
    [17588273] = {['id']=17588273, ['name']="StinkBats", ['index']=49, ['level']=18},
    [17588279] = {['id']=17588279, ['name']="GoblinAmbusher", ['index']=55, ['level']=16},
    [17588285] = {['id']=17588285, ['name']="StinkBats", ['index']=61, ['level']=15},
    [17588286] = {['id']=17588286, ['name']="StinkBats", ['index']=62, ['level']=15},
    [17588287] = {['id']=17588287, ['name']="StinkBats", ['index']=63, ['level']=17},
    [17588291] = {['id']=17588291, ['name']="CarnivorousCra", ['index']=67, ['level']=24},
    [17588292] = {['id']=17588292, ['name']="CarnivorousCra", ['index']=68, ['level']=22},
    [17588294] = {['id']=17588294, ['name']="StinkBats", ['index']=70, ['level']=17},
    [17588250] = {['id']=17588250, ['name']="MazeMaker", ['index']=26, ['level']=18},
    [17588295] = {['id']=17588295, ['name']="StinkBats", ['index']=71, ['level']=17},
    [17588474] = {['id']=17588474, ['name']="GoblinAmbusher", ['index']=250, ['level']=17},
    [17588478] = {['id']=17588478, ['name']="GoblinTinkerer", ['index']=254, ['level']=17},
    [17588483] = {['id']=17588483, ['name']="StinkBats", ['index']=259, ['level']=15},
    [17588791] = {['id']=17588791, ['name']="GroundsTome", ['index']=567, ['level']=0},
    [17588261] = {['id']=17588261, ['name']="CarnivorousCra", ['index']=37, ['level']=23},
    [17588289] = {['id']=17588289, ['name']="Combat", ['index']=65, ['level']=22},
    [17588263] = {['id']=17588263, ['name']="GoblinAmbusher", ['index']=39, ['level']=16},
    [17588284] = {['id']=17588284, ['name']="GoblinButcher", ['index']=60, ['level']=16},
    [17588290] = {['id']=17588290, ['name']="CarnivorousCra", ['index']=66, ['level']=22},
    [17588293] = {['id']=17588293, ['name']="StinkBats", ['index']=69, ['level']=15},
    [17588297] = {['id']=17588297, ['name']="GoblinAmbusher", ['index']=73, ['level']=17},
    [17588326] = {['id']=17588326, ['name']="Ghoul", ['index']=102, ['level']=23},
    [17588480] = {['id']=17588480, ['name']="MazeMaker", ['index']=256, ['level']=21},
    [17588481] = {['id']=17588481, ['name']="MazeMaker", ['index']=257, ['level']=18},
    [17588482] = {['id']=17588482, ['name']="MazeMaker", ['index']=258, ['level']=18},
    [17588484] = {['id']=17588484, ['name']="StinkBats", ['index']=260, ['level']=18},
    [17588485] = {['id']=17588485, ['name']="Combat", ['index']=261, ['level']=20},
    [17588486] = {['id']=17588486, ['name']="Combat", ['index']=262, ['level']=20},
    [17588488] = {['id']=17588488, ['name']="Ghoul", ['index']=264, ['level']=24},
    [17588592] = {['id']=17588592, ['name']="GoblinGambler", ['index']=368, ['level']=26},
    [17588595] = {['id']=17588595, ['name']="GoblinGambler", ['index']=371, ['level']=25},
    [17588302] = {['id']=17588302, ['name']="GoblinButcher", ['index']=78, ['level']=16},
    [17588299] = {['id']=17588299, ['name']="GoblinButcher", ['index']=75, ['level']=16},
    [17588282] = {['id']=17588282, ['name']="GoblinAmbusher", ['index']=58, ['level']=17},
    [17588350] = {['id']=17588350, ['name']="BleederLeech", ['index']=126, ['level']=83},
    [17588351] = {['id']=17588351, ['name']="BleederLeech", ['index']=127, ['level']=85},
    [17588352] = {['id']=17588352, ['name']="BleederLeech", ['index']=128, ['level']=83},
    [17588353] = {['id']=17588353, ['name']="BleederLeech", ['index']=129, ['level']=84},
    [17588354] = {['id']=17588354, ['name']="BleederLeech", ['index']=130, ['level']=83},
    [17588357] = {['id']=17588357, ['name']="BleederLeech", ['index']=133, ['level']=83},
    [17588358] = {['id']=17588358, ['name']="BleederLeech", ['index']=134, ['level']=83},
    [17588359] = {['id']=17588359, ['name']="BleederLeech", ['index']=135, ['level']=83},
    [17588360] = {['id']=17588360, ['name']="BleederLeech", ['index']=136, ['level']=84},
    [17588361] = {['id']=17588361, ['name']="ChaserBats", ['index']=137, ['level']=84},
    [17588365] = {['id']=17588365, ['name']="BleederLeech", ['index']=141, ['level']=83},
    [17588366] = {['id']=17588366, ['name']="BleederLeech", ['index']=142, ['level']=84},
    [17588367] = {['id']=17588367, ['name']="BleederLeech", ['index']=143, ['level']=83},
    [17588368] = {['id']=17588368, ['name']="BleederLeech", ['index']=144, ['level']=83},
    [17588370] = {['id']=17588370, ['name']="Crypterpillar", ['index']=146, ['level']=87},
    [17588372] = {['id']=17588372, ['name']="EarthElemental", ['index']=148, ['level']=33},
    [17588374] = {['id']=17588374, ['name']="BleederLeech", ['index']=150, ['level']=84},
    [17588375] = {['id']=17588375, ['name']="BleederLeech", ['index']=151, ['level']=84},
    [17588376] = {['id']=17588376, ['name']="BleederLeech", ['index']=152, ['level']=83},
    [17588380] = {['id']=17588380, ['name']="BleederLeech", ['index']=156, ['level']=84},
    [17588381] = {['id']=17588381, ['name']="ChaserBats", ['index']=157, ['level']=84},
    [17588382] = {['id']=17588382, ['name']="ChaserBats", ['index']=158, ['level']=85},
    [17588384] = {['id']=17588384, ['name']="ChaserBats", ['index']=160, ['level']=85},
    [17588385] = {['id']=17588385, ['name']="ChaserBats", ['index']=161, ['level']=84},
    [17588386] = {['id']=17588386, ['name']="ChaserBats", ['index']=162, ['level']=84},
    [17588387] = {['id']=17588387, ['name']="ChaserBats", ['index']=163, ['level']=85},
    [17588388] = {['id']=17588388, ['name']="ChaserBats", ['index']=164, ['level']=84},
    [17588389] = {['id']=17588389, ['name']="ChaserBats", ['index']=165, ['level']=85},
    [17588394] = {['id']=17588394, ['name']="ChaserBats", ['index']=170, ['level']=85},
    [17588397] = {['id']=17588397, ['name']="ChaserBats", ['index']=173, ['level']=84},
    [17588398] = {['id']=17588398, ['name']="ChaserBats", ['index']=174, ['level']=84},
    [17588399] = {['id']=17588399, ['name']="ChaserBats", ['index']=175, ['level']=85},
    [17588329] = {['id']=17588329, ['name']="Combat", ['index']=105, ['level']=20},
    [17588330] = {['id']=17588330, ['name']="Combat", ['index']=106, ['level']=22},
    [17588331] = {['id']=17588331, ['name']="CarnivorousCra", ['index']=107, ['level']=22},
    [17588332] = {['id']=17588332, ['name']="CarnivorousCra", ['index']=108, ['level']=25},
    [17588333] = {['id']=17588333, ['name']="CarnivorousCra", ['index']=109, ['level']=23},
    [17588334] = {['id']=17588334, ['name']="CarnivorousCra", ['index']=110, ['level']=25},
    [17588335] = {['id']=17588335, ['name']="CarnivorousCra", ['index']=111, ['level']=23},
    [17588336] = {['id']=17588336, ['name']="CarnivorousCra", ['index']=112, ['level']=23},
    [17588337] = {['id']=17588337, ['name']="CarnivorousCra", ['index']=113, ['level']=25},
    [17588338] = {['id']=17588338, ['name']="CarnivorousCra", ['index']=114, ['level']=22},
    [17588339] = {['id']=17588339, ['name']="CarnivorousCra", ['index']=115, ['level']=22},
    [17588340] = {['id']=17588340, ['name']="CarnivorousCra", ['index']=116, ['level']=24},
    [17588344] = {['id']=17588344, ['name']="CarnivorousCra", ['index']=120, ['level']=25},
    [17588345] = {['id']=17588345, ['name']="CarnivorousCra", ['index']=121, ['level']=25},
    [17588346] = {['id']=17588346, ['name']="Jelly", ['index']=122, ['level']=26},
    [17588347] = {['id']=17588347, ['name']="Jelly", ['index']=123, ['level']=26},
    [17588348] = {['id']=17588348, ['name']="PoisonLeech", ['index']=124, ['level']=27},
    [17588349] = {['id']=17588349, ['name']="PoisonLeech", ['index']=125, ['level']=24},
    [17588520] = {['id']=17588520, ['name']="Wight", ['index']=296, ['level']=35},
    [17588521] = {['id']=17588521, ['name']="AbyssWorm", ['index']=297, ['level']=30},
    [17588524] = {['id']=17588524, ['name']="SeekerBats", ['index']=300, ['level']=23},
    [17588790] = {['id']=17588790, ['name']="GroundsTome", ['index']=566, ['level']=0},
    [17588525] = {['id']=17588525, ['name']="Wight", ['index']=301, ['level']=35},
    [17588373] = {['id']=17588373, ['name']="BleederLeech", ['index']=149, ['level']=84},
    [17588377] = {['id']=17588377, ['name']="BleederLeech", ['index']=153, ['level']=83},
    [17588383] = {['id']=17588383, ['name']="ChaserBats", ['index']=159, ['level']=84},
    [17588390] = {['id']=17588390, ['name']="BleederLeech", ['index']=166, ['level']=83},
    [17588391] = {['id']=17588391, ['name']="ChaserBats", ['index']=167, ['level']=84},
    [17588392] = {['id']=17588392, ['name']="ChaserBats", ['index']=168, ['level']=85},
    [17588393] = {['id']=17588393, ['name']="ChaserBats", ['index']=169, ['level']=85},
    [17588402] = {['id']=17588402, ['name']="ChaserBats", ['index']=178, ['level']=85},
    [17588404] = {['id']=17588404, ['name']="Crypterpillar", ['index']=180, ['level']=88},
    [17588405] = {['id']=17588405, ['name']="Crypterpillar", ['index']=181, ['level']=88},
    [17588407] = {['id']=17588407, ['name']="Crypterpillar", ['index']=183, ['level']=87},
    [17588410] = {['id']=17588410, ['name']="Crypterpillar", ['index']=186, ['level']=87},
    [17588411] = {['id']=17588411, ['name']="Crypterpillar", ['index']=187, ['level']=87},
    [17588412] = {['id']=17588412, ['name']="Crypterpillar", ['index']=188, ['level']=87},
    [17588413] = {['id']=17588413, ['name']="Crypterpillar", ['index']=189, ['level']=87},
    [17588452] = {['id']=17588452, ['name']="AncientBat", ['index']=228, ['level']=26},
    [17588453] = {['id']=17588453, ['name']="AncientBat", ['index']=229, ['level']=29},
    [17588454] = {['id']=17588454, ['name']="AncientBat", ['index']=230, ['level']=26},
    [17588456] = {['id']=17588456, ['name']="SeekerBats", ['index']=232, ['level']=23},
    [17588457] = {['id']=17588457, ['name']="Jelly", ['index']=233, ['level']=28},
    [17588458] = {['id']=17588458, ['name']="Jelly", ['index']=234, ['level']=28},
    [17588459] = {['id']=17588459, ['name']="Ghoul", ['index']=235, ['level']=23},
    [17588460] = {['id']=17588460, ['name']="Ghoul", ['index']=236, ['level']=25},
    [17588461] = {['id']=17588461, ['name']="Ghoul", ['index']=237, ['level']=24},
    [17588462] = {['id']=17588462, ['name']="Ghoul", ['index']=238, ['level']=22},
    [17588463] = {['id']=17588463, ['name']="Wendigo", ['index']=239, ['level']=26},
    [17588465] = {['id']=17588465, ['name']="AncientBat", ['index']=241, ['level']=26},
    [17588466] = {['id']=17588466, ['name']="AncientBat", ['index']=242, ['level']=29},
    [17588467] = {['id']=17588467, ['name']="SeekerBats", ['index']=243, ['level']=24},
    [17588468] = {['id']=17588468, ['name']="SeekerBats", ['index']=244, ['level']=25},
    [17588469] = {['id']=17588469, ['name']="GloomboundLurk", ['index']=245, ['level']=48},
    [17588471] = {['id']=17588471, ['name']="Wendigo", ['index']=247, ['level']=28},
    [17588396] = {['id']=17588396, ['name']="BleederLeech", ['index']=172, ['level']=85},
    [17588403] = {['id']=17588403, ['name']="Crypterpillar", ['index']=179, ['level']=88},
    [17588406] = {['id']=17588406, ['name']="Crypterpillar", ['index']=182, ['level']=87},
    [17588429] = {['id']=17588429, ['name']="Crypterpillar", ['index']=205, ['level']=87},
    [17588430] = {['id']=17588430, ['name']="Crypterpillar", ['index']=206, ['level']=88},
    [17588431] = {['id']=17588431, ['name']="WarrenBat", ['index']=207, ['level']=86},
    [17588432] = {['id']=17588432, ['name']="WarrenBat", ['index']=208, ['level']=88},
    [17588433] = {['id']=17588433, ['name']="WarrenBat", ['index']=209, ['level']=88},
    [17588435] = {['id']=17588435, ['name']="WarrenBat", ['index']=211, ['level']=88},
    [17588440] = {['id']=17588440, ['name']="WarrenBat", ['index']=216, ['level']=86},
    [17588418] = {['id']=17588418, ['name']="WarrenBat", ['index']=194, ['level']=86},
    [17588416] = {['id']=17588416, ['name']="WarrenBat", ['index']=192, ['level']=88},
    [17588423] = {['id']=17588423, ['name']="WarrenBat", ['index']=199, ['level']=87},
    [17588417] = {['id']=17588417, ['name']="WarrenBat", ['index']=193, ['level']=87},
    [17588434] = {['id']=17588434, ['name']="Crypterpillar", ['index']=210, ['level']=88},
    [17588436] = {['id']=17588436, ['name']="WarrenBat", ['index']=212, ['level']=87},
    [17588437] = {['id']=17588437, ['name']="WarrenBat", ['index']=213, ['level']=86},
    [17588438] = {['id']=17588438, ['name']="WarrenBat", ['index']=214, ['level']=87},
    [17588415] = {['id']=17588415, ['name']="Crypterpillar", ['index']=191, ['level']=87},
    [17588441] = {['id']=17588441, ['name']="WarrenBat", ['index']=217, ['level']=86},
    [17588443] = {['id']=17588443, ['name']="WarrenBat", ['index']=219, ['level']=87},
    [17588444] = {['id']=17588444, ['name']="AncientBat", ['index']=220, ['level']=27},
    [17588445] = {['id']=17588445, ['name']="AncientBat", ['index']=221, ['level']=27},
    [17588446] = {['id']=17588446, ['name']="SeekerBats", ['index']=222, ['level']=26},
    [17588447] = {['id']=17588447, ['name']="SeekerBats", ['index']=223, ['level']=23},
    [17588448] = {['id']=17588448, ['name']="PoisonLeech", ['index']=224, ['level']=26},
    [17588449] = {['id']=17588449, ['name']="PoisonLeech", ['index']=225, ['level']=26},
    [17588419] = {['id']=17588419, ['name']="Crypterpillar", ['index']=195, ['level']=88},
    [17588414] = {['id']=17588414, ['name']="Crypterpillar", ['index']=190, ['level']=87},
    [17588422] = {['id']=17588422, ['name']="WarrenBat", ['index']=198, ['level']=86},
    [17588421] = {['id']=17588421, ['name']="WarrenBat", ['index']=197, ['level']=87},
    [17588420] = {['id']=17588420, ['name']="Crypterpillar", ['index']=196, ['level']=88},
    [17588400] = {['id']=17588400, ['name']="ChaserBats", ['index']=176, ['level']=84},
    [17588426] = {['id']=17588426, ['name']="WarrenBat", ['index']=202, ['level']=88},
    [17588428] = {['id']=17588428, ['name']="WarrenBat", ['index']=204, ['level']=86},
    [17588425] = {['id']=17588425, ['name']="Crypterpillar", ['index']=201, ['level']=88},
    [17588427] = {['id']=17588427, ['name']="WarrenBat", ['index']=203, ['level']=86},
    [17588424] = {['id']=17588424, ['name']="Crypterpillar", ['index']=200, ['level']=87},
    [17588626] = {['id']=17588626, ['name']="Caterchipillar", ['index']=402, ['level']=30},
    [17588627] = {['id']=17588627, ['name']="Caterchipillar", ['index']=403, ['level']=29},
    [17588442] = {['id']=17588442, ['name']="WarrenBat", ['index']=218, ['level']=87},
    [17588439] = {['id']=17588439, ['name']="Crypterpillar", ['index']=215, ['level']=88},
    [17588641] = {['id']=17588641, ['name']="Caterchipillar", ['index']=417, ['level']=30},
    [17588647] = {['id']=17588647, ['name']="AncientBat", ['index']=423, ['level']=26},
    [17588648] = {['id']=17588648, ['name']="AncientBat", ['index']=424, ['level']=28},
    [17588642] = {['id']=17588642, ['name']="Caterchipillar", ['index']=418, ['level']=31},
    [17588472] = {['id']=17588472, ['name']="Ghoul", ['index']=248, ['level']=24},
    [17588455] = {['id']=17588455, ['name']="SeekerBats", ['index']=231, ['level']=23},
    [17588464] = {['id']=17588464, ['name']="Wendigo", ['index']=240, ['level']=27},
    [17588342] = {['id']=17588342, ['name']="MazeScorpion", ['index']=118, ['level']=26},
    [17588516] = {['id']=17588516, ['name']="AncientBat", ['index']=292, ['level']=28},
    [17588517] = {['id']=17588517, ['name']="AbyssWorm", ['index']=293, ['level']=30},
    [17588518] = {['id']=17588518, ['name']="AbyssWorm", ['index']=294, ['level']=27},
    [17588519] = {['id']=17588519, ['name']="AbyssWorm", ['index']=295, ['level']=27},
    [17588522] = {['id']=17588522, ['name']="AbyssWorm", ['index']=298, ['level']=29},
    [17588523] = {['id']=17588523, ['name']="AbyssWorm", ['index']=299, ['level']=29},
    [17588533] = {['id']=17588533, ['name']="AbyssWorm", ['index']=309, ['level']=30},
    [17588534] = {['id']=17588534, ['name']="AbyssWorm", ['index']=310, ['level']=30},
    [17588535] = {['id']=17588535, ['name']="AbyssWorm", ['index']=311, ['level']=28},
    [17588536] = {['id']=17588536, ['name']="AbyssWorm", ['index']=312, ['level']=30},
    [17588537] = {['id']=17588537, ['name']="AncientBat", ['index']=313, ['level']=29},
    [17588538] = {['id']=17588538, ['name']="AncientBat", ['index']=314, ['level']=28},
    [17588542] = {['id']=17588542, ['name']="EarthElemental", ['index']=318, ['level']=36},
    [17588543] = {['id']=17588543, ['name']="Wight", ['index']=319, ['level']=33},
    [17588544] = {['id']=17588544, ['name']="Wight", ['index']=320, ['level']=35},
    [17588547] = {['id']=17588547, ['name']="AbyssWorm", ['index']=323, ['level']=30},
    [17588548] = {['id']=17588548, ['name']="AbyssWorm", ['index']=324, ['level']=28},
    [17588549] = {['id']=17588549, ['name']="AbyssWorm", ['index']=325, ['level']=27},
    [17588550] = {['id']=17588550, ['name']="AbyssWorm", ['index']=326, ['level']=30},
    [17588551] = {['id']=17588551, ['name']="AncientBat", ['index']=327, ['level']=29},
    [17588552] = {['id']=17588552, ['name']="AncientBat", ['index']=328, ['level']=27},
    [17588556] = {['id']=17588556, ['name']="Wight", ['index']=332, ['level']=32},
    [17588557] = {['id']=17588557, ['name']="Wight", ['index']=333, ['level']=34},
    [17588558] = {['id']=17588558, ['name']="AbyssWorm", ['index']=334, ['level']=28},
    [17588559] = {['id']=17588559, ['name']="AbyssWorm", ['index']=335, ['level']=30},
    [17588561] = {['id']=17588561, ['name']="AncientBat", ['index']=337, ['level']=26},
    [17588562] = {['id']=17588562, ['name']="AncientBat", ['index']=338, ['level']=27},
    [17588563] = {['id']=17588563, ['name']="LabyrinthScorp", ['index']=339, ['level']=31},
    [17588566] = {['id']=17588566, ['name']="EarthElemental", ['index']=342, ['level']=33},
    [17588569] = {['id']=17588569, ['name']="Protozoan", ['index']=345, ['level']=31},
    [17588580] = {['id']=17588580, ['name']="Wight", ['index']=356, ['level']=34},
    [17588582] = {['id']=17588582, ['name']="Wight", ['index']=358, ['level']=35},
    [17588584] = {['id']=17588584, ['name']="AncientBat", ['index']=360, ['level']=26},
    [17588597] = {['id']=17588597, ['name']="GoblinLeecher", ['index']=373, ['level']=26},
    [17588598] = {['id']=17588598, ['name']="GoblinGambler", ['index']=374, ['level']=23},
    [17588601] = {['id']=17588601, ['name']="GoblinGambler", ['index']=377, ['level']=22},
    [17588602] = {['id']=17588602, ['name']="CarnivorousCra", ['index']=378, ['level']=24},
    [17588603] = {['id']=17588603, ['name']="CarnivorousCra", ['index']=379, ['level']=23},
    [17588604] = {['id']=17588604, ['name']="CarnivorousCra", ['index']=380, ['level']=22},
    [17588605] = {['id']=17588605, ['name']="CarnivorousCra", ['index']=381, ['level']=24},
    [17588606] = {['id']=17588606, ['name']="CarnivorousCra", ['index']=382, ['level']=23},
    [17588607] = {['id']=17588607, ['name']="MazeScorpion", ['index']=383, ['level']=27},
    [17588609] = {['id']=17588609, ['name']="Ghoul", ['index']=385, ['level']=25},
    [17588612] = {['id']=17588612, ['name']="Wendigo", ['index']=388, ['level']=25},
    [17588613] = {['id']=17588613, ['name']="Ghoul", ['index']=389, ['level']=24},
    [17588491] = {['id']=17588491, ['name']="MazeMaker", ['index']=267, ['level']=20},
    [17588492] = {['id']=17588492, ['name']="MazeMaker", ['index']=268, ['level']=21},
    [17588494] = {['id']=17588494, ['name']="StinkBats", ['index']=270, ['level']=17},
    [17588495] = {['id']=17588495, ['name']="Combat", ['index']=271, ['level']=23},
    [17588496] = {['id']=17588496, ['name']="MazeMaker", ['index']=272, ['level']=18},
    [17588497] = {['id']=17588497, ['name']="MazeMaker", ['index']=273, ['level']=19},
    [17588508] = {['id']=17588508, ['name']="StinkBats", ['index']=284, ['level']=18},
    [17588511] = {['id']=17588511, ['name']="GoblinLeecher", ['index']=287, ['level']=22},
    [17588560] = {['id']=17588560, ['name']="AbyssWorm", ['index']=336, ['level']=30},
    [17588586] = {['id']=17588586, ['name']="LabyrinthScorp", ['index']=362, ['level']=30},
    [17588587] = {['id']=17588587, ['name']="Protozoan", ['index']=363, ['level']=30},
    [17588588] = {['id']=17588588, ['name']="Protozoan", ['index']=364, ['level']=29},
    [17588589] = {['id']=17588589, ['name']="Lesath", ['index']=365, ['level']=44},
    [17588615] = {['id']=17588615, ['name']="CarnivorousCra", ['index']=391, ['level']=22},
    [17588616] = {['id']=17588616, ['name']="CarnivorousCra", ['index']=392, ['level']=23},
    [17588502] = {['id']=17588502, ['name']="GoblinTinkerer", ['index']=278, ['level']=16},
    [17588505] = {['id']=17588505, ['name']="GoblinTinkerer", ['index']=281, ['level']=17},
    [17588507] = {['id']=17588507, ['name']="StinkBats", ['index']=283, ['level']=16},
    [17588509] = {['id']=17588509, ['name']="Combat", ['index']=285, ['level']=21},
    [17588531] = {['id']=17588531, ['name']="Wight", ['index']=307, ['level']=32},
    [17588570] = {['id']=17588570, ['name']="Wight", ['index']=346, ['level']=35},
    [17588498] = {['id']=17588498, ['name']="StinkBats", ['index']=274, ['level']=16},
    [17588500] = {['id']=17588500, ['name']="Combat", ['index']=276, ['level']=21},
    [17588585] = {['id']=17588585, ['name']="AncientBat", ['index']=361, ['level']=29},
    [17588530] = {['id']=17588530, ['name']="Wight", ['index']=306, ['level']=32},
    [17588568] = {['id']=17588568, ['name']="LabyrinthScorp", ['index']=344, ['level']=32},
    [17588590] = {['id']=17588590, ['name']="GoblinMugger", ['index']=366, ['level']=23},
    [17588306] = {['id']=17588306, ['name']="CarnivorousCra", ['index']=82, ['level']=25},
    [17588303] = {['id']=17588303, ['name']="Combat", ['index']=79, ['level']=20},
    [17588304] = {['id']=17588304, ['name']="Combat", ['index']=80, ['level']=21},
    [17588314] = {['id']=17588314, ['name']="Combat", ['index']=90, ['level']=21},
    [17588316] = {['id']=17588316, ['name']="CarnivorousCra", ['index']=92, ['level']=22},
    [17588305] = {['id']=17588305, ['name']="CarnivorousCra", ['index']=81, ['level']=25},
    [17588311] = {['id']=17588311, ['name']="GoblinLeecher", ['index']=87, ['level']=26},
    [17588309] = {['id']=17588309, ['name']="GoblinGambler", ['index']=85, ['level']=22},
    [17588307] = {['id']=17588307, ['name']="GoblinMugger", ['index']=83, ['level']=25},
    [17588308] = {['id']=17588308, ['name']="GoblinLeecher", ['index']=84, ['level']=22},
    [17588313] = {['id']=17588313, ['name']="Combat", ['index']=89, ['level']=23},
    [17588315] = {['id']=17588315, ['name']="CarnivorousCra", ['index']=91, ['level']=23},
    [17588328] = {['id']=17588328, ['name']="Wendigo", ['index']=104, ['level']=26},
    [17588322] = {['id']=17588322, ['name']="CarnivorousCra", ['index']=98, ['level']=25},
    [17588320] = {['id']=17588320, ['name']="Combat", ['index']=96, ['level']=23},
    [17588321] = {['id']=17588321, ['name']="Combat", ['index']=97, ['level']=23},
    [17588318] = {['id']=17588318, ['name']="Ghoul", ['index']=94, ['level']=25},
    [17588319] = {['id']=17588319, ['name']="Wendigo", ['index']=95, ['level']=27},
    [17588226] = {['id']=17588226, ['name']="GoblinAmbusher", ['index']=2, ['level']=16},
    [17588228] = {['id']=17588228, ['name']="GoblinButcher", ['index']=4, ['level']=18},
    [17588230] = {['id']=17588230, ['name']="GoblinTinkerer", ['index']=6, ['level']=17},
    [17588232] = {['id']=17588232, ['name']="MazeMaker", ['index']=8, ['level']=19},
    [17588233] = {['id']=17588233, ['name']="MazeMaker", ['index']=9, ['level']=18},
    [17588234] = {['id']=17588234, ['name']="MazeMaker", ['index']=10, ['level']=18},
    [17588236] = {['id']=17588236, ['name']="StinkBats", ['index']=12, ['level']=17},
    [17588237] = {['id']=17588237, ['name']="StinkBats", ['index']=13, ['level']=15},
    [17588238] = {['id']=17588238, ['name']="StinkBats", ['index']=14, ['level']=18},
    [17588239] = {['id']=17588239, ['name']="StinkBats", ['index']=15, ['level']=15},
    [17588240] = {['id']=17588240, ['name']="Combat", ['index']=16, ['level']=23},
    [17588242] = {['id']=17588242, ['name']="GoblinTinkerer", ['index']=18, ['level']=17},
    [17588244] = {['id']=17588244, ['name']="GoblinAmbusher", ['index']=20, ['level']=18},
    [17588246] = {['id']=17588246, ['name']="GoblinButcher", ['index']=22, ['level']=16},
    [17588247] = {['id']=17588247, ['name']="MazeMaker", ['index']=23, ['level']=19},
    [17588248] = {['id']=17588248, ['name']="MazeMaker", ['index']=24, ['level']=21},
    [17588249] = {['id']=17588249, ['name']="MazeMaker", ['index']=25, ['level']=20},
    [17588250] = {['id']=17588250, ['name']="MazeMaker", ['index']=26, ['level']=18},
    [17588251] = {['id']=17588251, ['name']="StinkBats", ['index']=27, ['level']=18},
    [17588252] = {['id']=17588252, ['name']="StinkBats", ['index']=28, ['level']=17},
    [17588253] = {['id']=17588253, ['name']="StinkBats", ['index']=29, ['level']=16},
    [17588254] = {['id']=17588254, ['name']="Combat", ['index']=30, ['level']=21},
    [17588255] = {['id']=17588255, ['name']="Combat", ['index']=31, ['level']=23},
    [17588257] = {['id']=17588257, ['name']="StinkBats", ['index']=33, ['level']=16},
    [17588258] = {['id']=17588258, ['name']="StinkBats", ['index']=34, ['level']=16},
    [17588259] = {['id']=17588259, ['name']="Combat", ['index']=35, ['level']=20},
    [17588260] = {['id']=17588260, ['name']="Combat", ['index']=36, ['level']=21},
    [17588261] = {['id']=17588261, ['name']="CarnivorousCra", ['index']=37, ['level']=23},
    [17588262] = {['id']=17588262, ['name']="CarnivorousCra", ['index']=38, ['level']=24},
    [17588263] = {['id']=17588263, ['name']="GoblinAmbusher", ['index']=39, ['level']=16},
    [17588267] = {['id']=17588267, ['name']="GoblinTinkerer", ['index']=43, ['level']=18},
    [17588270] = {['id']=17588270, ['name']="MazeMaker", ['index']=46, ['level']=18},
    [17588271] = {['id']=17588271, ['name']="MazeMaker", ['index']=47, ['level']=21},
    [17588273] = {['id']=17588273, ['name']="StinkBats", ['index']=49, ['level']=18},
    [17588274] = {['id']=17588274, ['name']="Combat", ['index']=50, ['level']=23},
    [17588275] = {['id']=17588275, ['name']="Combat", ['index']=51, ['level']=21},
    [17588276] = {['id']=17588276, ['name']="MazeMaker", ['index']=52, ['level']=19},
    [17588277] = {['id']=17588277, ['name']="MazeMaker", ['index']=53, ['level']=18},
    [17588279] = {['id']=17588279, ['name']="GoblinAmbusher", ['index']=55, ['level']=16},
    [17588282] = {['id']=17588282, ['name']="GoblinAmbusher", ['index']=58, ['level']=17},
    [17588284] = {['id']=17588284, ['name']="GoblinButcher", ['index']=60, ['level']=16},
    [17588285] = {['id']=17588285, ['name']="StinkBats", ['index']=61, ['level']=15},
    [17588286] = {['id']=17588286, ['name']="StinkBats", ['index']=62, ['level']=15},
    [17588289] = {['id']=17588289, ['name']="Combat", ['index']=65, ['level']=22},
    [17588292] = {['id']=17588292, ['name']="CarnivorousCra", ['index']=68, ['level']=22},
    [17588303] = {['id']=17588303, ['name']="Combat", ['index']=79, ['level']=20},
    [17588304] = {['id']=17588304, ['name']="Combat", ['index']=80, ['level']=21},
    [17588305] = {['id']=17588305, ['name']="CarnivorousCra", ['index']=81, ['level']=25},
    [17588306] = {['id']=17588306, ['name']="CarnivorousCra", ['index']=82, ['level']=25},
    [17588325] = {['id']=17588325, ['name']="Ghoul", ['index']=101, ['level']=26},
    [17588489] = {['id']=17588489, ['name']="Jelly", ['index']=265, ['level']=26},
    [17588490] = {['id']=17588490, ['name']="Jelly", ['index']=266, ['level']=26},
    [17588759] = {['id']=17588759, ['name']="AhkoMhalijikha", ['index']=535, ['level']=0},
    [17588788] = {['id']=17588788, ['name']="GroundsTome", ['index']=564, ['level']=0},
    [17588235] = {['id']=17588235, ['name']="MazeMaker", ['index']=11, ['level']=19},
    [17588269] = {['id']=17588269, ['name']="MazeMaker", ['index']=45, ['level']=21},
    [17588287] = {['id']=17588287, ['name']="StinkBats", ['index']=63, ['level']=17},
    [17588290] = {['id']=17588290, ['name']="CarnivorousCra", ['index']=66, ['level']=22},
    [17588291] = {['id']=17588291, ['name']="CarnivorousCra", ['index']=67, ['level']=24},
    [17588293] = {['id']=17588293, ['name']="StinkBats", ['index']=69, ['level']=15},
    [17588294] = {['id']=17588294, ['name']="StinkBats", ['index']=70, ['level']=17},
    [17588295] = {['id']=17588295, ['name']="StinkBats", ['index']=71, ['level']=17},
    [17588297] = {['id']=17588297, ['name']="GoblinAmbusher", ['index']=73, ['level']=17},
    [17588299] = {['id']=17588299, ['name']="GoblinButcher", ['index']=75, ['level']=16},
    [17588302] = {['id']=17588302, ['name']="GoblinButcher", ['index']=78, ['level']=16},
    [17588307] = {['id']=17588307, ['name']="GoblinMugger", ['index']=83, ['level']=25},
    [17588308] = {['id']=17588308, ['name']="GoblinLeecher", ['index']=84, ['level']=22},
    [17588309] = {['id']=17588309, ['name']="GoblinGambler", ['index']=85, ['level']=22},
    [17588311] = {['id']=17588311, ['name']="GoblinLeecher", ['index']=87, ['level']=26},
    [17588326] = {['id']=17588326, ['name']="Ghoul", ['index']=102, ['level']=23},
    [17588474] = {['id']=17588474, ['name']="GoblinAmbusher", ['index']=250, ['level']=17},
    [17588478] = {['id']=17588478, ['name']="GoblinTinkerer", ['index']=254, ['level']=17},
    [17588480] = {['id']=17588480, ['name']="MazeMaker", ['index']=256, ['level']=21},
    [17588481] = {['id']=17588481, ['name']="MazeMaker", ['index']=257, ['level']=18},
    [17588482] = {['id']=17588482, ['name']="MazeMaker", ['index']=258, ['level']=18},
    [17588483] = {['id']=17588483, ['name']="StinkBats", ['index']=259, ['level']=15},
    [17588484] = {['id']=17588484, ['name']="StinkBats", ['index']=260, ['level']=18},
    [17588485] = {['id']=17588485, ['name']="Combat", ['index']=261, ['level']=20},
    [17588486] = {['id']=17588486, ['name']="Combat", ['index']=262, ['level']=20},
    [17588488] = {['id']=17588488, ['name']="Ghoul", ['index']=264, ['level']=24},
    [17588791] = {['id']=17588791, ['name']="GroundsTome", ['index']=567, ['level']=0},
    [17588331] = {['id']=17588331, ['name']="CarnivorousCra", ['index']=107, ['level']=22},
    [17588590] = {['id']=17588590, ['name']="GoblinMugger", ['index']=366, ['level']=23},
    [17588592] = {['id']=17588592, ['name']="GoblinGambler", ['index']=368, ['level']=26},
    [17588595] = {['id']=17588595, ['name']="GoblinGambler", ['index']=371, ['level']=25},
    [17588314] = {['id']=17588314, ['name']="Combat", ['index']=90, ['level']=21},
    [17588316] = {['id']=17588316, ['name']="CarnivorousCra", ['index']=92, ['level']=22},
    [17588328] = {['id']=17588328, ['name']="Wendigo", ['index']=104, ['level']=26},
    [17588350] = {['id']=17588350, ['name']="BleederLeech", ['index']=126, ['level']=83},
    [17588352] = {['id']=17588352, ['name']="BleederLeech", ['index']=128, ['level']=83},
    [17588353] = {['id']=17588353, ['name']="BleederLeech", ['index']=129, ['level']=84},
    [17588357] = {['id']=17588357, ['name']="BleederLeech", ['index']=133, ['level']=83},
    [17588358] = {['id']=17588358, ['name']="BleederLeech", ['index']=134, ['level']=83},
    [17588359] = {['id']=17588359, ['name']="BleederLeech", ['index']=135, ['level']=83},
    [17588360] = {['id']=17588360, ['name']="BleederLeech", ['index']=136, ['level']=84},
    [17588363] = {['id']=17588363, ['name']="AirElemental", ['index']=139, ['level']=35},
    [17588367] = {['id']=17588367, ['name']="BleederLeech", ['index']=143, ['level']=83},
    [17588380] = {['id']=17588380, ['name']="BleederLeech", ['index']=156, ['level']=84},
    [17588313] = {['id']=17588313, ['name']="Combat", ['index']=89, ['level']=23},
    [17588315] = {['id']=17588315, ['name']="CarnivorousCra", ['index']=91, ['level']=23},
    [17588318] = {['id']=17588318, ['name']="Ghoul", ['index']=94, ['level']=25},
    [17588319] = {['id']=17588319, ['name']="Wendigo", ['index']=95, ['level']=27},
    [17588320] = {['id']=17588320, ['name']="Combat", ['index']=96, ['level']=23},
    [17588321] = {['id']=17588321, ['name']="Combat", ['index']=97, ['level']=23},
    [17588322] = {['id']=17588322, ['name']="CarnivorousCra", ['index']=98, ['level']=25},
    [17588226] = {['id']=17588226, ['name']="GoblinAmbusher", ['index']=2, ['level']=18},
    [17588228] = {['id']=17588228, ['name']="GoblinButcher", ['index']=4, ['level']=17},
    [17588230] = {['id']=17588230, ['name']="GoblinTinkerer", ['index']=6, ['level']=18},
    [17588232] = {['id']=17588232, ['name']="MazeMaker", ['index']=8, ['level']=20},
    [17588233] = {['id']=17588233, ['name']="MazeMaker", ['index']=9, ['level']=18},
    [17588234] = {['id']=17588234, ['name']="MazeMaker", ['index']=10, ['level']=21},
    [17588235] = {['id']=17588235, ['name']="MazeMaker", ['index']=11, ['level']=18},
    [17588236] = {['id']=17588236, ['name']="StinkBats", ['index']=12, ['level']=16},
    [17588237] = {['id']=17588237, ['name']="StinkBats", ['index']=13, ['level']=18},
    [17588238] = {['id']=17588238, ['name']="StinkBats", ['index']=14, ['level']=17},
    [17588239] = {['id']=17588239, ['name']="StinkBats", ['index']=15, ['level']=18},
    [17588240] = {['id']=17588240, ['name']="Combat", ['index']=16, ['level']=22},
    [17588248] = {['id']=17588248, ['name']="MazeMaker", ['index']=24, ['level']=20},
    [17588249] = {['id']=17588249, ['name']="MazeMaker", ['index']=25, ['level']=20},
    [17588252] = {['id']=17588252, ['name']="StinkBats", ['index']=28, ['level']=15},
    [17588254] = {['id']=17588254, ['name']="Combat", ['index']=30, ['level']=23},
    [17588759] = {['id']=17588759, ['name']="AhkoMhalijikha", ['index']=535, ['level']=0},
    [17588788] = {['id']=17588788, ['name']="GroundsTome", ['index']=564, ['level']=0},
    [17588798] = {['id']=17588798, ['name']="SurvivalGuide", ['index']=574, ['level']=0},
    [17588242] = {['id']=17588242, ['name']="GoblinTinkerer", ['index']=18, ['level']=17},
    [17588244] = {['id']=17588244, ['name']="GoblinAmbusher", ['index']=20, ['level']=17},
    [17588246] = {['id']=17588246, ['name']="GoblinButcher", ['index']=22, ['level']=17},
    [17588250] = {['id']=17588250, ['name']="MazeMaker", ['index']=26, ['level']=21},
    [17588251] = {['id']=17588251, ['name']="StinkBats", ['index']=27, ['level']=15},
    [17588253] = {['id']=17588253, ['name']="StinkBats", ['index']=29, ['level']=15},
    [17588255] = {['id']=17588255, ['name']="Combat", ['index']=31, ['level']=23},
    [17588256] = {['id']=17588256, ['name']="CarnivorousCra", ['index']=32, ['level']=23},
    [17588257] = {['id']=17588257, ['name']="StinkBats", ['index']=33, ['level']=16},
    [17588258] = {['id']=17588258, ['name']="StinkBats", ['index']=34, ['level']=15},
    [17588259] = {['id']=17588259, ['name']="Combat", ['index']=35, ['level']=21},
    [17588260] = {['id']=17588260, ['name']="Combat", ['index']=36, ['level']=23},
    [17588261] = {['id']=17588261, ['name']="CarnivorousCra", ['index']=37, ['level']=23},
    [17588262] = {['id']=17588262, ['name']="CarnivorousCra", ['index']=38, ['level']=24},
    [17588263] = {['id']=17588263, ['name']="GoblinAmbusher", ['index']=39, ['level']=16},
    [17588267] = {['id']=17588267, ['name']="GoblinTinkerer", ['index']=43, ['level']=17},
    [17588269] = {['id']=17588269, ['name']="MazeMaker", ['index']=45, ['level']=21},
    [17588270] = {['id']=17588270, ['name']="MazeMaker", ['index']=46, ['level']=21},
    [17588271] = {['id']=17588271, ['name']="MazeMaker", ['index']=47, ['level']=19},
    [17588273] = {['id']=17588273, ['name']="StinkBats", ['index']=49, ['level']=15},
    [17588274] = {['id']=17588274, ['name']="Combat", ['index']=50, ['level']=23},
    [17588275] = {['id']=17588275, ['name']="Combat", ['index']=51, ['level']=21},
    [17588276] = {['id']=17588276, ['name']="MazeMaker", ['index']=52, ['level']=20},
    [17588277] = {['id']=17588277, ['name']="MazeMaker", ['index']=53, ['level']=20},
    [17588282] = {['id']=17588282, ['name']="GoblinAmbusher", ['index']=58, ['level']=17},
    [17588283] = {['id']=17588283, ['name']="GoblinTinkerer", ['index']=59, ['level']=17},
    [17588287] = {['id']=17588287, ['name']="StinkBats", ['index']=63, ['level']=16},
    [17588289] = {['id']=17588289, ['name']="Combat", ['index']=65, ['level']=20},
    [17588303] = {['id']=17588303, ['name']="Combat", ['index']=79, ['level']=22},
    [17588304] = {['id']=17588304, ['name']="Combat", ['index']=80, ['level']=22},
    [17588305] = {['id']=17588305, ['name']="CarnivorousCra", ['index']=81, ['level']=24},
    [17588306] = {['id']=17588306, ['name']="CarnivorousCra", ['index']=82, ['level']=24},
    [17588325] = {['id']=17588325, ['name']="Ghoul", ['index']=101, ['level']=25},
    [17588478] = {['id']=17588478, ['name']="GoblinTinkerer", ['index']=254, ['level']=16},
    [17588489] = {['id']=17588489, ['name']="Jelly", ['index']=265, ['level']=26},
    [17588490] = {['id']=17588490, ['name']="Jelly", ['index']=266, ['level']=26},
    [17588280] = {['id']=17588280, ['name']="GoblinTinkerer", ['index']=56, ['level']=16},
    [17588285] = {['id']=17588285, ['name']="StinkBats", ['index']=61, ['level']=15},
    [17588286] = {['id']=17588286, ['name']="StinkBats", ['index']=62, ['level']=16},
    [17588290] = {['id']=17588290, ['name']="CarnivorousCra", ['index']=66, ['level']=23},
    [17588291] = {['id']=17588291, ['name']="CarnivorousCra", ['index']=67, ['level']=23},
    [17588292] = {['id']=17588292, ['name']="CarnivorousCra", ['index']=68, ['level']=24},
    [17588293] = {['id']=17588293, ['name']="StinkBats", ['index']=69, ['level']=18},
    [17588294] = {['id']=17588294, ['name']="StinkBats", ['index']=70, ['level']=16},
    [17588295] = {['id']=17588295, ['name']="StinkBats", ['index']=71, ['level']=18},
    [17588296] = {['id']=17588296, ['name']="MazeScorpion", ['index']=72, ['level']=26},
    [17588298] = {['id']=17588298, ['name']="GoblinTinkerer", ['index']=74, ['level']=18},
    [17588299] = {['id']=17588299, ['name']="GoblinButcher", ['index']=75, ['level']=17},
    [17588301] = {['id']=17588301, ['name']="GoblinTinkerer", ['index']=77, ['level']=18},
    [17588307] = {['id']=17588307, ['name']="GoblinMugger", ['index']=83, ['level']=26},
    [17588308] = {['id']=17588308, ['name']="GoblinLeecher", ['index']=84, ['level']=24},
    [17588309] = {['id']=17588309, ['name']="GoblinGambler", ['index']=85, ['level']=24},
    [17588311] = {['id']=17588311, ['name']="GoblinLeecher", ['index']=87, ['level']=26},
    [17588313] = {['id']=17588313, ['name']="Combat", ['index']=89, ['level']=23},
    [17588314] = {['id']=17588314, ['name']="Combat", ['index']=90, ['level']=21},
    [17588315] = {['id']=17588315, ['name']="CarnivorousCra", ['index']=91, ['level']=25},
    [17588316] = {['id']=17588316, ['name']="CarnivorousCra", ['index']=92, ['level']=22},
    [17588324] = {['id']=17588324, ['name']="Ghoul", ['index']=100, ['level']=24},
    [17588327] = {['id']=17588327, ['name']="Ghoul", ['index']=103, ['level']=24},
    [17588350] = {['id']=17588350, ['name']="BleederLeech", ['index']=126, ['level']=84},
    [17588351] = {['id']=17588351, ['name']="BleederLeech", ['index']=127, ['level']=83},
    [17588352] = {['id']=17588352, ['name']="BleederLeech", ['index']=128, ['level']=85},
    [17588353] = {['id']=17588353, ['name']="BleederLeech", ['index']=129, ['level']=84},
    [17588354] = {['id']=17588354, ['name']="BleederLeech", ['index']=130, ['level']=83},
    [17588357] = {['id']=17588357, ['name']="BleederLeech", ['index']=133, ['level']=84},
    [17588358] = {['id']=17588358, ['name']="BleederLeech", ['index']=134, ['level']=84},
    [17588359] = {['id']=17588359, ['name']="BleederLeech", ['index']=135, ['level']=85},
    [17588360] = {['id']=17588360, ['name']="BleederLeech", ['index']=136, ['level']=85},
    [17588361] = {['id']=17588361, ['name']="ChaserBats", ['index']=137, ['level']=85},
    [17588363] = {['id']=17588363, ['name']="AirElemental", ['index']=139, ['level']=36},
    [17588365] = {['id']=17588365, ['name']="BleederLeech", ['index']=141, ['level']=85},
    [17588367] = {['id']=17588367, ['name']="BleederLeech", ['index']=143, ['level']=85},
    [17588368] = {['id']=17588368, ['name']="BleederLeech", ['index']=144, ['level']=83},
    [17588369] = {['id']=17588369, ['name']="BleederLeech", ['index']=145, ['level']=84},
    [17588380] = {['id']=17588380, ['name']="BleederLeech", ['index']=156, ['level']=85},
    [17588475] = {['id']=17588475, ['name']="GoblinTinkerer", ['index']=251, ['level']=16},
    [17588480] = {['id']=17588480, ['name']="MazeMaker", ['index']=256, ['level']=18},
    [17588481] = {['id']=17588481, ['name']="MazeMaker", ['index']=257, ['level']=18},
    [17588482] = {['id']=17588482, ['name']="MazeMaker", ['index']=258, ['level']=19},
    [17588483] = {['id']=17588483, ['name']="StinkBats", ['index']=259, ['level']=16},
    [17588484] = {['id']=17588484, ['name']="StinkBats", ['index']=260, ['level']=18},
    [17588485] = {['id']=17588485, ['name']="Combat", ['index']=261, ['level']=21},
    [17588486] = {['id']=17588486, ['name']="Combat", ['index']=262, ['level']=20},
    [17588487] = {['id']=17588487, ['name']="Ghoul", ['index']=263, ['level']=23},
    [17588591] = {['id']=17588591, ['name']="GoblinLeecher", ['index']=367, ['level']=25},
    [17588592] = {['id']=17588592, ['name']="GoblinGambler", ['index']=368, ['level']=26},
    [17588595] = {['id']=17588595, ['name']="GoblinGambler", ['index']=371, ['level']=22},
    [17588791] = {['id']=17588791, ['name']="GroundsTome", ['index']=567, ['level']=0},
