    [17174529] = {['id']=17174529, ['name']="YagudoChanter", ['index']=1, ['level']=78},
    [17174530] = {['id']=17174530, ['name']="YagudoPrioress", ['index']=2, ['level']=78},
    [17174531] = {['id']=17174531, ['name']="Yagudo'sElemen", ['index']=3, ['level']=73},
    [17174532] = {['id']=17174532, ['name']="YagudoKnightT", ['index']=4, ['level']=78},
    [17174534] = {['id']=17174534, ['name']="YagudoEradicat", ['index']=6, ['level']=77},
    [17174535] = {['id']=17174535, ['name']="YagudoPrelate", ['index']=7, ['level']=79},
    [17174536] = {['id']=17174536, ['name']="YagudoSentinel", ['index']=8, ['level']=78},
    [17175428] = {['id']=17175428, ['name']="SurvivalGuide", ['index']=900, ['level']=0},
    [17174533] = {['id']=17174533, ['name']="YagudoHighPri", ['index']=5, ['level']=77},
    [17174537] = {['id']=17174537, ['name']="YagudoPrioress", ['index']=9, ['level']=78},
    [17174538] = {['id']=17174538, ['name']="Yagudo'sElemen", ['index']=10, ['level']=71},
    [17174539] = {['id']=17174539, ['name']="YagudoChanter", ['index']=11, ['level']=79},
    [17174883] = {['id']=17174883, ['name']="Gnat", ['index']=355, ['level']=81},
    [17174884] = {['id']=17174884, ['name']="Gnat", ['index']=356, ['level']=80},
    [17174882] = {['id']=17174882, ['name']="JumboRafflesia", ['index']=354, ['level']=70},
    [17174540] = {['id']=17174540, ['name']="YagudoKnightT", ['index']=12, ['level']=78},
    [17174886] = {['id']=17174886, ['name']="Gnat", ['index']=358, ['level']=82},
    [17174885] = {['id']=17174885, ['name']="JumboRafflesia", ['index']=357, ['level']=69},
    [17174584] = {['id']=17174584, ['name']="StagBeetle", ['index']=56, ['level']=44},
    [17174583] = {['id']=17174583, ['name']="StagBeetle", ['index']=55, ['level']=45},
    [17174579] = {['id']=17174579, ['name']="StagBeetle", ['index']=51, ['level']=47},
    [17174580] = {['id']=17174580, ['name']="StagBeetle", ['index']=52, ['level']=46},
    [17174577] = {['id']=17174577, ['name']="WarLynx", ['index']=49, ['level']=69},
    [17174578] = {['id']=17174578, ['name']="WarLynx", ['index']=50, ['level']=69},
    [17174576] = {['id']=17174576, ['name']="TreantSapling", ['index']=48, ['level']=56},
    [17174575] = {['id']=17174575, ['name']="TreantSapling", ['index']=47, ['level']=57},
    [17174574] = {['id']=17174574, ['name']="TreantSapling", ['index']=46, ['level']=56},
    [17174875] = {['id']=17174875, ['name']="GoblinPicket", ['index']=347, ['level']=71},
    [17174570] = {['id']=17174570, ['name']="TreantSapling", ['index']=42, ['level']=59},
    [17174569] = {['id']=17174569, ['name']="TreantSapling", ['index']=41, ['level']=59},
    [17174573] = {['id']=17174573, ['name']="TreantSapling", ['index']=45, ['level']=58},
    [17174568] = {['id']=17174568, ['name']="WarLynx", ['index']=40, ['level']=70},
    [17174567] = {['id']=17174567, ['name']="WarLynx", ['index']=39, ['level']=70},
    [17174572] = {['id']=17174572, ['name']="TreantSapling", ['index']=44, ['level']=56},
    [17174878] = {['id']=17174878, ['name']="GoblinMine", ['index']=350, ['level']=66},
    [17174571] = {['id']=17174571, ['name']="TreantSapling", ['index']=43, ['level']=56},
    [17174565] = {['id']=17174565, ['name']="WarLynx", ['index']=37, ['level']=70},
    [17174566] = {['id']=17174566, ['name']="WarLynx", ['index']=38, ['level']=70},
    [17174558] = {['id']=17174558, ['name']="WarLynx", ['index']=30, ['level']=69},
    [17174561] = {['id']=17174561, ['name']="MuqShabeel", ['index']=33, ['level']=72},
    [17174562] = {['id']=17174562, ['name']="WarLynx", ['index']=34, ['level']=70},
    [17174564] = {['id']=17174564, ['name']="WarLynx", ['index']=36, ['level']=68},
    [17174559] = {['id']=17174559, ['name']="WarLynx", ['index']=31, ['level']=70},
    [17174560] = {['id']=17174560, ['name']="WarLynx", ['index']=32, ['level']=70},
    [17174563] = {['id']=17174563, ['name']="WarLynx", ['index']=35, ['level']=68},
    [17174721] = {['id']=17174721, ['name']="MountainScolop", ['index']=193, ['level']=78},
    [17175355] = {['id']=17175355, ['name']="Lidaise", ['index']=827, ['level']=0},
    [17174540] = {['id']=17174540, ['name']="YagudoKnightT", ['index']=12, ['level']=76},
    [17174583] = {['id']=17174583, ['name']="StagBeetle", ['index']=55, ['level']=44},
    [17174584] = {['id']=17174584, ['name']="StagBeetle", ['index']=56, ['level']=45},
    [17174879] = {['id']=17174879, ['name']="JumboRafflesia", ['index']=351, ['level']=70},
    [17174882] = {['id']=17174882, ['name']="JumboRafflesia", ['index']=354, ['level']=70},
    [17174883] = {['id']=17174883, ['name']="Gnat", ['index']=355, ['level']=80},
    [17174885] = {['id']=17174885, ['name']="JumboRafflesia", ['index']=357, ['level']=69},
    [17174886] = {['id']=17174886, ['name']="Gnat", ['index']=358, ['level']=81},
    [17174880] = {['id']=17174880, ['name']="JumboRafflesia", ['index']=352, ['level']=70},
    [17174881] = {['id']=17174881, ['name']="Gnat", ['index']=353, ['level']=82},
    [17174529] = {['id']=17174529, ['name']="YagudoChanter", ['index']=1, ['level']=76},
    [17174530] = {['id']=17174530, ['name']="YagudoPrioress", ['index']=2, ['level']=76},
    [17174531] = {['id']=17174531, ['name']="Yagudo\'sElemen", ['index']=3, ['level']=73},
    [17174532] = {['id']=17174532, ['name']="YagudoKnightT", ['index']=4, ['level']=79},
    [17174533] = {['id']=17174533, ['name']="YagudoHighPri", ['index']=5, ['level']=79},
    [17174534] = {['id']=17174534, ['name']="YagudoEradicat", ['index']=6, ['level']=78},
    [17174535] = {['id']=17174535, ['name']="YagudoPrelate", ['index']=7, ['level']=79},
    [17174536] = {['id']=17174536, ['name']="YagudoSentinel", ['index']=8, ['level']=78},
    [17174537] = {['id']=17174537, ['name']="YagudoPrioress", ['index']=9, ['level']=77},
    [17174538] = {['id']=17174538, ['name']="Yagudo\'sElemen", ['index']=10, ['level']=74},
    [17174539] = {['id']=17174539, ['name']="YagudoChanter", ['index']=11, ['level']=79},
    [17174884] = {['id']=17174884, ['name']="Gnat", ['index']=356, ['level']=80},
    [17175428] = {['id']=17175428, ['name']="SurvivalGuide", ['index']=900, ['level']=0},
    [17174559] = {['id']=17174559, ['name']="WarLynx", ['index']=31, ['level']=69},
    [17174560] = {['id']=17174560, ['name']="WarLynx", ['index']=32, ['level']=68},
    [17174562] = {['id']=17174562, ['name']="WarLynx", ['index']=34, ['level']=68},
    [17174563] = {['id']=17174563, ['name']="WarLynx", ['index']=35, ['level']=69},
    [17174565] = {['id']=17174565, ['name']="WarLynx", ['index']=37, ['level']=69},
    [17174566] = {['id']=17174566, ['name']="WarLynx", ['index']=38, ['level']=69},
    [17174567] = {['id']=17174567, ['name']="WarLynx", ['index']=39, ['level']=68},
    [17174568] = {['id']=17174568, ['name']="WarLynx", ['index']=40, ['level']=69},
    [17174571] = {['id']=17174571, ['name']="TreantSapling", ['index']=43, ['level']=56},
    [17174572] = {['id']=17174572, ['name']="TreantSapling", ['index']=44, ['level']=57},
    [17174573] = {['id']=17174573, ['name']="TreantSapling", ['index']=45, ['level']=58},
    [17174875] = {['id']=17174875, ['name']="GoblinPicket", ['index']=347, ['level']=73},
    [17174561] = {['id']=17174561, ['name']="MuqShabeel", ['index']=33, ['level']=72},
    [17174558] = {['id']=17174558, ['name']="WarLynx", ['index']=30, ['level']=70},
    [17174575] = {['id']=17174575, ['name']="TreantSapling", ['index']=47, ['level']=59},
    [17174576] = {['id']=17174576, ['name']="TreantSapling", ['index']=48, ['level']=59},
    [17174577] = {['id']=17174577, ['name']="WarLynx", ['index']=49, ['level']=69},
    [17174578] = {['id']=17174578, ['name']="WarLynx", ['index']=50, ['level']=69},
    [17174579] = {['id']=17174579, ['name']="StagBeetle", ['index']=51, ['level']=46},
    [17174580] = {['id']=17174580, ['name']="StagBeetle", ['index']=52, ['level']=46},
    [17174581] = {['id']=17174581, ['name']="Dragonfly", ['index']=53, ['level']=59},
    [17174582] = {['id']=17174582, ['name']="Dragonfly", ['index']=54, ['level']=58},
    [17174585] = {['id']=17174585, ['name']="StagBeetle", ['index']=57, ['level']=44},
    [17174586] = {['id']=17174586, ['name']="Dragonfly", ['index']=58, ['level']=60},
    [17174587] = {['id']=17174587, ['name']="Dragonfly", ['index']=59, ['level']=60},
    [17174592] = {['id']=17174592, ['name']="Dragonfly", ['index']=64, ['level']=59},
    [17174591] = {['id']=17174591, ['name']="Dragonfly", ['index']=63, ['level']=58},
    [17174589] = {['id']=17174589, ['name']="StagBeetle", ['index']=61, ['level']=46},
    [17174656] = {['id']=17174656, ['name']="Dragonfly", ['index']=128, ['level']=59},
    [17174655] = {['id']=17174655, ['name']="Dragonfly", ['index']=127, ['level']=60},
    [17174654] = {['id']=17174654, ['name']="Lynx", ['index']=126, ['level']=49},
    [17174653] = {['id']=17174653, ['name']="Lynx", ['index']=125, ['level']=51},
    [17175358] = {['id']=17175358, ['name']="WatchfulPixie", ['index']=830, ['level']=0},
    [17174651] = {['id']=17174651, ['name']="Dragonfly", ['index']=123, ['level']=60},
    [17174652] = {['id']=17174652, ['name']="Lynx", ['index']=124, ['level']=49},
    [17174542] = {['id']=17174542, ['name']="YagudoSentinel", ['index']=14, ['level']=77},
    [17174650] = {['id']=17174650, ['name']="Dragonfly", ['index']=122, ['level']=59},
    [17174646] = {['id']=17174646, ['name']="Lynx", ['index']=118, ['level']=51},
    [17174648] = {['id']=17174648, ['name']="Lynx", ['index']=120, ['level']=49},
    [17174647] = {['id']=17174647, ['name']="Lynx", ['index']=119, ['level']=49},
    [17174649] = {['id']=17174649, ['name']="Lynx", ['index']=121, ['level']=50},
    [17174870] = {['id']=17174870, ['name']="Sprite", ['index']=342, ['level']=67},
    [17174644] = {['id']=17174644, ['name']="Lynx", ['index']=116, ['level']=51},
    [17174645] = {['id']=17174645, ['name']="Lynx", ['index']=117, ['level']=49},
    [17174643] = {['id']=17174643, ['name']="Lynx", ['index']=115, ['level']=51},
    [17174632] = {['id']=17174632, ['name']="Lynx", ['index']=104, ['level']=51},
    [17174633] = {['id']=17174633, ['name']="Lynx", ['index']=105, ['level']=50},
    [17174634] = {['id']=17174634, ['name']="Lynx", ['index']=106, ['level']=51},
    [17174630] = {['id']=17174630, ['name']="WanderingSapli", ['index']=102, ['level']=30},
    [17174631] = {['id']=17174631, ['name']="WanderingSapli", ['index']=103, ['level']=29},
    [17174628] = {['id']=17174628, ['name']="HillLizard", ['index']=100, ['level']=44},
    [17174629] = {['id']=17174629, ['name']="HillLizard", ['index']=101, ['level']=42},
    [17174626] = {['id']=17174626, ['name']="Lynx", ['index']=98, ['level']=49},
    [17174627] = {['id']=17174627, ['name']="Lynx", ['index']=99, ['level']=50},
    [17174625] = {['id']=17174625, ['name']="Lynx", ['index']=97, ['level']=49},
    [17174624] = {['id']=17174624, ['name']="Lynx", ['index']=96, ['level']=51},
    [17174623] = {['id']=17174623, ['name']="Lynx", ['index']=95, ['level']=50},
    [17174605] = {['id']=17174605, ['name']="Lycopodium", ['index']=77, ['level']=34},
    [17174812] = {['id']=17174812, ['name']="Lycopodium", ['index']=284, ['level']=32},
    [17174814] = {['id']=17174814, ['name']="Lycopodium", ['index']=286, ['level']=34},
    [17174840] = {['id']=17174840, ['name']="Lycopodium", ['index']=312, ['level']=32},
    [17174845] = {['id']=17174845, ['name']="Lycopodium", ['index']=317, ['level']=33},
    [17174595] = {['id']=17174595, ['name']="HillLizard", ['index']=67, ['level']=43},
    [17174594] = {['id']=17174594, ['name']="HillLizard", ['index']=66, ['level']=44},
    [17174597] = {['id']=17174597, ['name']="WanderingSapli", ['index']=69, ['level']=29},
    [17174598] = {['id']=17174598, ['name']="HillLizard", ['index']=70, ['level']=43},
    [17174603] = {['id']=17174603, ['name']="Lycopodium", ['index']=75, ['level']=32},
    [17174601] = {['id']=17174601, ['name']="StagBeetle", ['index']=73, ['level']=45},
    [17174602] = {['id']=17174602, ['name']="StagBeetle", ['index']=74, ['level']=46},
    [17174599] = {['id']=17174599, ['name']="Lycopodium", ['index']=71, ['level']=33},
    [17174872] = {['id']=17174872, ['name']="Sprite", ['index']=344, ['level']=66},
    [17174606] = {['id']=17174606, ['name']="StagBeetle", ['index']=78, ['level']=47},
    [17174604] = {['id']=17174604, ['name']="StagBeetle", ['index']=76, ['level']=47},
    [17174614] = {['id']=17174614, ['name']="StagBeetle", ['index']=86, ['level']=44},
    [17174613] = {['id']=17174613, ['name']="Dragonfly", ['index']=85, ['level']=58},
    [17174608] = {['id']=17174608, ['name']="HillLizard", ['index']=80, ['level']=43},
    [17174612] = {['id']=17174612, ['name']="Dragonfly", ['index']=84, ['level']=58},
    [17174615] = {['id']=17174615, ['name']="StagBeetle", ['index']=87, ['level']=44},
    [17174609] = {['id']=17174609, ['name']="WanderingSapli", ['index']=81, ['level']=28},
    [17174610] = {['id']=17174610, ['name']="WanderingSapli", ['index']=82, ['level']=28},
    [17174616] = {['id']=17174616, ['name']="StagBeetle", ['index']=88, ['level']=46},
    [17174617] = {['id']=17174617, ['name']="StagBeetle", ['index']=89, ['level']=46},
    [17174618] = {['id']=17174618, ['name']="StagBeetle", ['index']=90, ['level']=46},
    [17174619] = {['id']=17174619, ['name']="Dragonfly", ['index']=91, ['level']=59},
    [17174620] = {['id']=17174620, ['name']="Dragonfly", ['index']=92, ['level']=58},
    [17174621] = {['id']=17174621, ['name']="GoblinParatroo", ['index']=93, ['level']=73},
    [17174635] = {['id']=17174635, ['name']="Dragonfly", ['index']=107, ['level']=59},
    [17174622] = {['id']=17174622, ['name']="GoblinBombardi", ['index']=94, ['level']=72},
    [17174636] = {['id']=17174636, ['name']="Dragonfly", ['index']=108, ['level']=60},
    [17174639] = {['id']=17174639, ['name']="GoblinParatroo", ['index']=111, ['level']=73},
    [17174640] = {['id']=17174640, ['name']="GoblinFieldDo", ['index']=112, ['level']=71},
    [17174657] = {['id']=17174657, ['name']="WanderingSapli", ['index']=129, ['level']=30},
    [17175078] = {['id']=17175078, ['name']="VaaOozutheRe", ['index']=550, ['level']=70},
    [17175082] = {['id']=17175082, ['name']="DivineInciter", ['index']=554, ['level']=70},
    [17175088] = {['id']=17175088, ['name']="DivineInciter", ['index']=560, ['level']=70},
    [17174658] = {['id']=17174658, ['name']="WanderingSapli", ['index']=130, ['level']=28},
    [17175081] = {['id']=17175081, ['name']="DivineInciter", ['index']=553, ['level']=70},
    [17174641] = {['id']=17174641, ['name']="WanderingSapli", ['index']=113, ['level']=29},
    [17174642] = {['id']=17174642, ['name']="WanderingSapli", ['index']=114, ['level']=30},
    [17174637] = {['id']=17174637, ['name']="Dragonfly", ['index']=109, ['level']=60},
    [17174638] = {['id']=17174638, ['name']="Dragonfly", ['index']=110, ['level']=60},
    [17174611] = {['id']=17174611, ['name']="TreantSapling", ['index']=83, ['level']=56},
    [17175087] = {['id']=17175087, ['name']="DivineInciter", ['index']=559, ['level']=70},
    [17175083] = {['id']=17175083, ['name']="DivineInciter", ['index']=555, ['level']=70},
    [17174978] = {['id']=17174978, ['name']="CougarVoluntee", ['index']=450, ['level']=68},
    [17174973] = {['id']=17174973, ['name']="MikheAryohcha", ['index']=445, ['level']=68},
    [17174981] = {['id']=17174981, ['name']="CougarVoluntee", ['index']=453, ['level']=68},
    [17174975] = {['id']=17174975, ['name']="CougarVoluntee", ['index']=447, ['level']=68},
    [17175020] = {['id']=17175020, ['name']="CombatSalvemix", ['index']=492, ['level']=60},
    [17175084] = {['id']=17175084, ['name']="DivineInciter", ['index']=556, ['level']=70},
    [17175015] = {['id']=17175015, ['name']="CombatSalvemix", ['index']=487, ['level']=60},
    [17175016] = {['id']=17175016, ['name']="CombatSalvemix", ['index']=488, ['level']=60},
    [17174977] = {['id']=17174977, ['name']="CougarVoluntee", ['index']=449, ['level']=68},
    [17175089] = {['id']=17175089, ['name']="DivineInciter", ['index']=561, ['level']=70},
    [17174976] = {['id']=17174976, ['name']="CougarVoluntee", ['index']=448, ['level']=68},
    [17174982] = {['id']=17174982, ['name']="CougarVoluntee", ['index']=454, ['level']=68},
    [17174607] = {['id']=17174607, ['name']="HillLizard", ['index']=79, ['level']=43},
    [17174979] = {['id']=17174979, ['name']="CougarVoluntee", ['index']=451, ['level']=68},
    [17175018] = {['id']=17175018, ['name']="CombatSalvemix", ['index']=490, ['level']=60},
    [17175017] = {['id']=17175017, ['name']="CombatSalvemix", ['index']=489, ['level']=60},
    [17175019] = {['id']=17175019, ['name']="CombatSalvemix", ['index']=491, ['level']=60},
    [17174974] = {['id']=17174974, ['name']="CougarVoluntee", ['index']=446, ['level']=68},
    [17174980] = {['id']=17174980, ['name']="CougarVoluntee", ['index']=452, ['level']=68},
    [17175301] = {['id']=17175301, ['name']="DhenKwherri,M", ['index']=773, ['level']=0},
    [17175079] = {['id']=17175079, ['name']="VaaOozu\'sScol", ['index']=551, ['level']=70},
    [17175080] = {['id']=17175080, ['name']="VaaOozu\'sScol", ['index']=552, ['level']=70},
    [17175086] = {['id']=17175086, ['name']="DivineInciter", ['index']=558, ['level']=70},
    [17174600] = {['id']=17174600, ['name']="Lycopodium", ['index']=72, ['level']=32},
    [17174596] = {['id']=17174596, ['name']="ScavengingHoun", ['index']=68, ['level']=49},
    [17174594] = {['id']=17174594, ['name']="HillLizard", ['index']=66, ['level']=44},
    [17174596] = {['id']=17174596, ['name']="ScavengingHoun", ['index']=68, ['level']=47},
    [17174597] = {['id']=17174597, ['name']="WanderingSapli", ['index']=69, ['level']=29},
    [17174598] = {['id']=17174598, ['name']="HillLizard", ['index']=70, ['level']=43},
    [17174599] = {['id']=17174599, ['name']="Lycopodium", ['index']=71, ['level']=33},
    [17174600] = {['id']=17174600, ['name']="Lycopodium", ['index']=72, ['level']=32},
    [17174601] = {['id']=17174601, ['name']="StagBeetle", ['index']=73, ['level']=45},
    [17174602] = {['id']=17174602, ['name']="StagBeetle", ['index']=74, ['level']=46},
    [17174603] = {['id']=17174603, ['name']="Lycopodium", ['index']=75, ['level']=32},
    [17174605] = {['id']=17174605, ['name']="Lycopodium", ['index']=77, ['level']=34},
    [17174607] = {['id']=17174607, ['name']="HillLizard", ['index']=79, ['level']=43},
    [17174608] = {['id']=17174608, ['name']="HillLizard", ['index']=80, ['level']=43},
    [17174609] = {['id']=17174609, ['name']="WanderingSapli", ['index']=81, ['level']=28},
    [17174610] = {['id']=17174610, ['name']="WanderingSapli", ['index']=82, ['level']=28},
    [17174611] = {['id']=17174611, ['name']="TreantSapling", ['index']=83, ['level']=56},
    [17174612] = {['id']=17174612, ['name']="Dragonfly", ['index']=84, ['level']=58},
    [17174613] = {['id']=17174613, ['name']="Dragonfly", ['index']=85, ['level']=58},
    [17174614] = {['id']=17174614, ['name']="StagBeetle", ['index']=86, ['level']=44},
    [17174615] = {['id']=17174615, ['name']="StagBeetle", ['index']=87, ['level']=44},
    [17174616] = {['id']=17174616, ['name']="StagBeetle", ['index']=88, ['level']=46},
    [17174625] = {['id']=17174625, ['name']="Lynx", ['index']=97, ['level']=49},
    [17174840] = {['id']=17174840, ['name']="Lycopodium", ['index']=312, ['level']=32},
    [17174845] = {['id']=17174845, ['name']="Lycopodium", ['index']=317, ['level']=33},
    [17175301] = {['id']=17175301, ['name']="DhenKwherri,M", ['index']=773, ['level']=0},
    [17174529] = {['id']=17174529, ['name']="YagudoChanter", ['index']=1, ['level']=77},
    [17174530] = {['id']=17174530, ['name']="YagudoPrioress", ['index']=2, ['level']=77},
    [17174531] = {['id']=17174531, ['name']="Yagudo\'sElemen", ['index']=3, ['level']=71},
    [17174532] = {['id']=17174532, ['name']="YagudoKnightT", ['index']=4, ['level']=76},
    [17174533] = {['id']=17174533, ['name']="YagudoHighPri", ['index']=5, ['level']=78},
    [17174534] = {['id']=17174534, ['name']="YagudoEradicat", ['index']=6, ['level']=79},
    [17174535] = {['id']=17174535, ['name']="YagudoPrelate", ['index']=7, ['level']=79},
    [17174536] = {['id']=17174536, ['name']="YagudoSentinel", ['index']=8, ['level']=79},
    [17174537] = {['id']=17174537, ['name']="YagudoPrioress", ['index']=9, ['level']=79},
    [17174538] = {['id']=17174538, ['name']="Yagudo\'sElemen", ['index']=10, ['level']=72},
    [17174539] = {['id']=17174539, ['name']="YagudoChanter", ['index']=11, ['level']=77},
    [17174540] = {['id']=17174540, ['name']="YagudoKnightT", ['index']=12, ['level']=78},
    [17174879] = {['id']=17174879, ['name']="JumboRafflesia", ['index']=351, ['level']=70},
    [17174880] = {['id']=17174880, ['name']="JumboRafflesia", ['index']=352, ['level']=70},
    [17174881] = {['id']=17174881, ['name']="Gnat", ['index']=353, ['level']=80},
    [17174882] = {['id']=17174882, ['name']="JumboRafflesia", ['index']=354, ['level']=70},
    [17174883] = {['id']=17174883, ['name']="Gnat", ['index']=355, ['level']=82},
    [17174884] = {['id']=17174884, ['name']="Gnat", ['index']=356, ['level']=80},
    [17174885] = {['id']=17174885, ['name']="JumboRafflesia", ['index']=357, ['level']=69},
    [17175428] = {['id']=17175428, ['name']="SurvivalGuide", ['index']=900, ['level']=0},
    [17174591] = {['id']=17174591, ['name']="Dragonfly", ['index']=63, ['level']=58},
    [17174693] = {['id']=17174693, ['name']="WanderingSapli", ['index']=165, ['level']=30},
    [17174694] = {['id']=17174694, ['name']="WanderingSapli", ['index']=166, ['level']=30},
    [17174716] = {['id']=17174716, ['name']="MountainScolop", ['index']=188, ['level']=79},
    [17174721] = {['id']=17174721, ['name']="MountainScolop", ['index']=193, ['level']=78},
    [17174758] = {['id']=17174758, ['name']="AxeBeak", ['index']=230, ['level']=66},
    [17175355] = {['id']=17175355, ['name']="Lidaise", ['index']=827, ['level']=0},
    [17175356] = {['id']=17175356, ['name']="", ['index']=828, ['level']=0},
    [17174760] = {['id']=17174760, ['name']="MountainJubjub", ['index']=232, ['level']=61},
    [17174759] = {['id']=17174759, ['name']="MountainJubjub", ['index']=231, ['level']=63},
    [17174717] = {['id']=17174717, ['name']="MountainScolop", ['index']=189, ['level']=79},
    [17174743] = {['id']=17174743, ['name']="AxeBeak", ['index']=215, ['level']=68},
    [17174744] = {['id']=17174744, ['name']="Raptor", ['index']=216, ['level']=65},
    [17174745] = {['id']=17174745, ['name']="Raptor", ['index']=217, ['level']=66},
    [17174723] = {['id']=17174723, ['name']="MountainScolop", ['index']=195, ['level']=81},
    [17174722] = {['id']=17174722, ['name']="MountainScolop", ['index']=194, ['level']=81},
    [17174739] = {['id']=17174739, ['name']="AxeBeak", ['index']=211, ['level']=67},
    [17174733] = {['id']=17174733, ['name']="Raptor", ['index']=205, ['level']=65},
    [17174734] = {['id']=17174734, ['name']="Raptor", ['index']=206, ['level']=66},
    [17174728] = {['id']=17174728, ['name']="Gnat", ['index']=200, ['level']=82},
    [17174726] = {['id']=17174726, ['name']="Gnat", ['index']=198, ['level']=82},
    [17174725] = {['id']=17174725, ['name']="Gnat", ['index']=197, ['level']=82},
    [17174729] = {['id']=17174729, ['name']="Gnat", ['index']=201, ['level']=80},
    [17174730] = {['id']=17174730, ['name']="GoblinParatroo", ['index']=202, ['level']=73},
    [17174731] = {['id']=17174731, ['name']="GoblinFieldDo", ['index']=203, ['level']=73},
    [17174724] = {['id']=17174724, ['name']="Gnat", ['index']=196, ['level']=82},
    [17174725] = {['id']=17174725, ['name']="Gnat", ['index']=197, ['level']=82},
    [17174726] = {['id']=17174726, ['name']="Gnat", ['index']=198, ['level']=82},
    [17174727] = {['id']=17174727, ['name']="Gnat", ['index']=199, ['level']=81},
    [17174728] = {['id']=17174728, ['name']="Gnat", ['index']=200, ['level']=82},
    [17174729] = {['id']=17174729, ['name']="Gnat", ['index']=201, ['level']=80},
    [17174730] = {['id']=17174730, ['name']="GoblinParatroo", ['index']=202, ['level']=73},
    [17174731] = {['id']=17174731, ['name']="GoblinFieldDo", ['index']=203, ['level']=73},
    [17174732] = {['id']=17174732, ['name']="GoblinBombardi", ['index']=204, ['level']=71},
    [17174733] = {['id']=17174733, ['name']="Raptor", ['index']=205, ['level']=65},
    [17174734] = {['id']=17174734, ['name']="Raptor", ['index']=206, ['level']=66},
    [17174735] = {['id']=17174735, ['name']="Raptor", ['index']=207, ['level']=67},
    [17174736] = {['id']=17174736, ['name']="Raptor", ['index']=208, ['level']=68},
    [17174719] = {['id']=17174719, ['name']="MountainScolop", ['index']=191, ['level']=79},
    [17174748] = {['id']=17174748, ['name']="TreantSapling", ['index']=220, ['level']=56},
    [17174749] = {['id']=17174749, ['name']="TreantSapling", ['index']=221, ['level']=56},
    [17174738] = {['id']=17174738, ['name']="Raptor", ['index']=210, ['level']=67},
    [17174751] = {['id']=17174751, ['name']="MountainJubjub", ['index']=223, ['level']=62},
    [17174750] = {['id']=17174750, ['name']="MountainJubjub", ['index']=222, ['level']=63},
    [17174746] = {['id']=17174746, ['name']="AxeBeak", ['index']=218, ['level']=66},
    [17174747] = {['id']=17174747, ['name']="AxeBeak", ['index']=219, ['level']=67},
    [17174741] = {['id']=17174741, ['name']="AxeBeak", ['index']=213, ['level']=68},
    [17174718] = {['id']=17174718, ['name']="MountainScolop", ['index']=190, ['level']=80},
    [17174742] = {['id']=17174742, ['name']="AxeBeak", ['index']=214, ['level']=66},
    [17174693] = {['id']=17174693, ['name']="WanderingSapli", ['index']=165, ['level']=30},
    [17174694] = {['id']=17174694, ['name']="WanderingSapli", ['index']=166, ['level']=30},
    [17174715] = {['id']=17174715, ['name']="MountainScolop", ['index']=187, ['level']=80},
    [17174716] = {['id']=17174716, ['name']="MountainScolop", ['index']=188, ['level']=79},
    [17174717] = {['id']=17174717, ['name']="MountainScolop", ['index']=189, ['level']=79},
    [17174721] = {['id']=17174721, ['name']="MountainScolop", ['index']=193, ['level']=78},
    [17174743] = {['id']=17174743, ['name']="AxeBeak", ['index']=215, ['level']=68},
    [17174758] = {['id']=17174758, ['name']="AxeBeak", ['index']=230, ['level']=66},
    [17174759] = {['id']=17174759, ['name']="MountainJubjub", ['index']=231, ['level']=63},
    [17174760] = {['id']=17174760, ['name']="MountainJubjub", ['index']=232, ['level']=61},
    [17175355] = {['id']=17175355, ['name']="Lidaise", ['index']=827, ['level']=0},
    [17175356] = {['id']=17175356, ['name']="", ['index']=828, ['level']=0},
    [17174863] = {['id']=17174863, ['name']="Raptor", ['index']=335, ['level']=68},
    [17174761] = {['id']=17174761, ['name']="Raptor", ['index']=233, ['level']=66},
    [17174714] = {['id']=17174714, ['name']="MountainScolop", ['index']=186, ['level']=79},
    [17174690] = {['id']=17174690, ['name']="StagBeetle", ['index']=162, ['level']=44},
    [17174710] = {['id']=17174710, ['name']="MountainScolop", ['index']=182, ['level']=79},
    [17174755] = {['id']=17174755, ['name']="TreantSapling", ['index']=227, ['level']=56},
    [17174766] = {['id']=17174766, ['name']="Jubjub", ['index']=238, ['level']=42},
    [17174762] = {['id']=17174762, ['name']="Jubjub", ['index']=234, ['level']=45},
    [17174713] = {['id']=17174713, ['name']="MountainScolop", ['index']=185, ['level']=78},
    [17174764] = {['id']=17174764, ['name']="Jubjub", ['index']=236, ['level']=45},
    [17174712] = {['id']=17174712, ['name']="MountainScolop", ['index']=184, ['level']=81},
    [17174686] = {['id']=17174686, ['name']="StagBeetle", ['index']=158, ['level']=45},
    [17174767] = {['id']=17174767, ['name']="Condor", ['index']=239, ['level']=92},
    [17174769] = {['id']=17174769, ['name']="Condor", ['index']=241, ['level']=93},
    [17174770] = {['id']=17174770, ['name']="Condor", ['index']=242, ['level']=92},
    [17174768] = {['id']=17174768, ['name']="Condor", ['index']=240, ['level']=93},
    [17174777] = {['id']=17174777, ['name']="Condor", ['index']=249, ['level']=92},
    [17174771] = {['id']=17174771, ['name']="Condor", ['index']=243, ['level']=93},
    [17174774] = {['id']=17174774, ['name']="Condor", ['index']=246, ['level']=93},
    [17174685] = {['id']=17174685, ['name']="Dragonfly", ['index']=157, ['level']=59},
    [17174871] = {['id']=17174871, ['name']="Sprite", ['index']=343, ['level']=67},
    [17174795] = {['id']=17174795, ['name']="GoblinBombardi", ['index']=267, ['level']=73},
    [17174796] = {['id']=17174796, ['name']="GoblinParatroo", ['index']=268, ['level']=71},
    [17174793] = {['id']=17174793, ['name']="HillLizard", ['index']=265, ['level']=42},
    [17174792] = {['id']=17174792, ['name']="HillLizard", ['index']=264, ['level']=43},
    [17174794] = {['id']=17174794, ['name']="GoblinFieldDo", ['index']=266, ['level']=74},
    [17174673] = {['id']=17174673, ['name']="Dragonfly", ['index']=145, ['level']=60},
    [17174672] = {['id']=17174672, ['name']="JumboRafflesia", ['index']=144, ['level']=70},
    [17174664] = {['id']=17174664, ['name']="Dragonfly", ['index']=136, ['level']=60},
    [17174657] = {['id']=17174657, ['name']="WanderingSapli", ['index']=129, ['level']=30},
    [17174658] = {['id']=17174658, ['name']="WanderingSapli", ['index']=130, ['level']=28},
    [17174667] = {['id']=17174667, ['name']="JumboRafflesia", ['index']=139, ['level']=70},
    [17174665] = {['id']=17174665, ['name']="Dragonfly", ['index']=137, ['level']=59},
    [17174674] = {['id']=17174674, ['name']="JumboRafflesia", ['index']=146, ['level']=69},
    [17174660] = {['id']=17174660, ['name']="Dragonfly", ['index']=132, ['level']=60},
    [17174659] = {['id']=17174659, ['name']="Dragonfly", ['index']=131, ['level']=59},
    [17174594] = {['id']=17174594, ['name']="HillLizard", ['index']=66, ['level']=44},
    [17174597] = {['id']=17174597, ['name']="WanderingSapli", ['index']=69, ['level']=29},
    [17174598] = {['id']=17174598, ['name']="HillLizard", ['index']=70, ['level']=43},
    [17174599] = {['id']=17174599, ['name']="Lycopodium", ['index']=71, ['level']=33},
    [17174600] = {['id']=17174600, ['name']="Lycopodium", ['index']=72, ['level']=32},
    [17174601] = {['id']=17174601, ['name']="StagBeetle", ['index']=73, ['level']=45},
    [17174602] = {['id']=17174602, ['name']="StagBeetle", ['index']=74, ['level']=46},
    [17174603] = {['id']=17174603, ['name']="Lycopodium", ['index']=75, ['level']=32},
    [17174605] = {['id']=17174605, ['name']="Lycopodium", ['index']=77, ['level']=34},
    [17174607] = {['id']=17174607, ['name']="HillLizard", ['index']=79, ['level']=43},
    [17174608] = {['id']=17174608, ['name']="HillLizard", ['index']=80, ['level']=43},
    [17174609] = {['id']=17174609, ['name']="WanderingSapli", ['index']=81, ['level']=28},
    [17174610] = {['id']=17174610, ['name']="WanderingSapli", ['index']=82, ['level']=28},
    [17174611] = {['id']=17174611, ['name']="TreantSapling", ['index']=83, ['level']=56},
    [17174612] = {['id']=17174612, ['name']="Dragonfly", ['index']=84, ['level']=58},
    [17174613] = {['id']=17174613, ['name']="Dragonfly", ['index']=85, ['level']=58},
    [17174614] = {['id']=17174614, ['name']="StagBeetle", ['index']=86, ['level']=44},
    [17174615] = {['id']=17174615, ['name']="StagBeetle", ['index']=87, ['level']=44},
    [17174616] = {['id']=17174616, ['name']="StagBeetle", ['index']=88, ['level']=46},
    [17174617] = {['id']=17174617, ['name']="StagBeetle", ['index']=89, ['level']=46},
    [17174814] = {['id']=17174814, ['name']="Lycopodium", ['index']=286, ['level']=34},
    [17174840] = {['id']=17174840, ['name']="Lycopodium", ['index']=312, ['level']=32},
    [17174845] = {['id']=17174845, ['name']="Lycopodium", ['index']=317, ['level']=33},
    [17174872] = {['id']=17174872, ['name']="Sprite", ['index']=344, ['level']=66},
    [17174973] = {['id']=17174973, ['name']="MikheAryohcha", ['index']=445, ['level']=68},
    [17174974] = {['id']=17174974, ['name']="CougarVoluntee", ['index']=446, ['level']=68},
    [17174975] = {['id']=17174975, ['name']="CougarVoluntee", ['index']=447, ['level']=68},
    [17174976] = {['id']=17174976, ['name']="CougarVoluntee", ['index']=448, ['level']=68},
    [17174977] = {['id']=17174977, ['name']="CougarVoluntee", ['index']=449, ['level']=68},
    [17174978] = {['id']=17174978, ['name']="CougarVoluntee", ['index']=450, ['level']=68},
    [17174979] = {['id']=17174979, ['name']="CougarVoluntee", ['index']=451, ['level']=68},
    [17174980] = {['id']=17174980, ['name']="CougarVoluntee", ['index']=452, ['level']=68},
    [17174981] = {['id']=17174981, ['name']="CougarVoluntee", ['index']=453, ['level']=68},
    [17174982] = {['id']=17174982, ['name']="CougarVoluntee", ['index']=454, ['level']=68},
    [17175015] = {['id']=17175015, ['name']="CombatSalvemix", ['index']=487, ['level']=60},
    [17175016] = {['id']=17175016, ['name']="CombatSalvemix", ['index']=488, ['level']=60},
    [17175017] = {['id']=17175017, ['name']="CombatSalvemix", ['index']=489, ['level']=60},
    [17175018] = {['id']=17175018, ['name']="CombatSalvemix", ['index']=490, ['level']=60},
    [17175019] = {['id']=17175019, ['name']="CombatSalvemix", ['index']=491, ['level']=60},
    [17175020] = {['id']=17175020, ['name']="CombatSalvemix", ['index']=492, ['level']=60},
    [17175301] = {['id']=17175301, ['name']="DhenKwherri,M", ['index']=773, ['level']=0},
    [17174595] = {['id']=17174595, ['name']="HillLizard", ['index']=67, ['level']=43},
    [17174604] = {['id']=17174604, ['name']="StagBeetle", ['index']=76, ['level']=47},
    [17174623] = {['id']=17174623, ['name']="Lynx", ['index']=95, ['level']=50},
    [17174624] = {['id']=17174624, ['name']="Lynx", ['index']=96, ['level']=51},
    [17174812] = {['id']=17174812, ['name']="Lycopodium", ['index']=284, ['level']=32},
    [17174618] = {['id']=17174618, ['name']="StagBeetle", ['index']=90, ['level']=46},
    [17174619] = {['id']=17174619, ['name']="Dragonfly", ['index']=91, ['level']=59},
    [17174620] = {['id']=17174620, ['name']="Dragonfly", ['index']=92, ['level']=58},
    [17174621] = {['id']=17174621, ['name']="GoblinParatroo", ['index']=93, ['level']=73},
    [17174622] = {['id']=17174622, ['name']="GoblinBombardi", ['index']=94, ['level']=72},
    [17174628] = {['id']=17174628, ['name']="HillLizard", ['index']=100, ['level']=44},
    [17174629] = {['id']=17174629, ['name']="HillLizard", ['index']=101, ['level']=42},
    [17174630] = {['id']=17174630, ['name']="WanderingSapli", ['index']=102, ['level']=30},
    [17174631] = {['id']=17174631, ['name']="WanderingSapli", ['index']=103, ['level']=29},
    [17174634] = {['id']=17174634, ['name']="Lynx", ['index']=106, ['level']=51},
    [17174635] = {['id']=17174635, ['name']="Dragonfly", ['index']=107, ['level']=59},
    [17174636] = {['id']=17174636, ['name']="Dragonfly", ['index']=108, ['level']=60},
    [17174637] = {['id']=17174637, ['name']="Dragonfly", ['index']=109, ['level']=60},
    [17174638] = {['id']=17174638, ['name']="Dragonfly", ['index']=110, ['level']=60},
    [17174639] = {['id']=17174639, ['name']="GoblinParatroo", ['index']=111, ['level']=73},
    [17174640] = {['id']=17174640, ['name']="GoblinFieldDo", ['index']=112, ['level']=71},
    [17174641] = {['id']=17174641, ['name']="WanderingSapli", ['index']=113, ['level']=29},
    [17174642] = {['id']=17174642, ['name']="WanderingSapli", ['index']=114, ['level']=30},
    [17174666] = {['id']=17174666, ['name']="JumboRafflesia", ['index']=138, ['level']=69},
    [17174675] = {['id']=17174675, ['name']="Dragonfly", ['index']=147, ['level']=58},
    [17174679] = {['id']=17174679, ['name']="Gnat", ['index']=151, ['level']=79},
    [17174678] = {['id']=17174678, ['name']="Gnat", ['index']=150, ['level']=79},
    [17174680] = {['id']=17174680, ['name']="Gnat", ['index']=152, ['level']=79},
    [17174681] = {['id']=17174681, ['name']="Gnat", ['index']=153, ['level']=78},
    [17174697] = {['id']=17174697, ['name']="Scolopendrid", ['index']=169, ['level']=68},
    [17174684] = {['id']=17174684, ['name']="Gnat", ['index']=156, ['level']=80},
    [17174683] = {['id']=17174683, ['name']="Gnat", ['index']=155, ['level']=80},
    [17174790] = {['id']=17174790, ['name']="Jubjub", ['index']=262, ['level']=44},
    [17174789] = {['id']=17174789, ['name']="Jubjub", ['index']=261, ['level']=45},
    [17174788] = {['id']=17174788, ['name']="HillLizard", ['index']=260, ['level']=43},
    [17174787] = {['id']=17174787, ['name']="HillLizard", ['index']=259, ['level']=43},
    [17174786] = {['id']=17174786, ['name']="HillLizard", ['index']=258, ['level']=44},
    [17174695] = {['id']=17174695, ['name']="Scolopendrid", ['index']=167, ['level']=67},
    [17174696] = {['id']=17174696, ['name']="Scolopendrid", ['index']=168, ['level']=68},
    [17175317] = {['id']=17175317, ['name']="GateSentry", ['index']=789, ['level']=75},
    [17174841] = {['id']=17174841, ['name']="Lycopodium", ['index']=313, ['level']=33},
    [17174842] = {['id']=17174842, ['name']="Lycopodium", ['index']=314, ['level']=32},
    [17174843] = {['id']=17174843, ['name']="Lycopodium", ['index']=315, ['level']=34},
    [17174844] = {['id']=17174844, ['name']="Lycopodium", ['index']=316, ['level']=33},
    [17174838] = {['id']=17174838, ['name']="HillLizard", ['index']=310, ['level']=44},
    [17174813] = {['id']=17174813, ['name']="WanderingSapli", ['index']=285, ['level']=29},
    [17174817] = {['id']=17174817, ['name']="Jubjub", ['index']=289, ['level']=42},
    [17174816] = {['id']=17174816, ['name']="Jubjub", ['index']=288, ['level']=45},
    [17174815] = {['id']=17174815, ['name']="Lycopodium", ['index']=287, ['level']=32},
    [17174839] = {['id']=17174839, ['name']="HillLizard", ['index']=311, ['level']=43},
    [17174820] = {['id']=17174820, ['name']="AxeBeak", ['index']=292, ['level']=66},
    [17174836] = {['id']=17174836, ['name']="Condor", ['index']=308, ['level']=92},
    [17174834] = {['id']=17174834, ['name']="Condor", ['index']=306, ['level']=93},
    [17174819] = {['id']=17174819, ['name']="WanderingSapli", ['index']=291, ['level']=30},
    [17174827] = {['id']=17174827, ['name']="Condor", ['index']=299, ['level']=91},
    [17174835] = {['id']=17174835, ['name']="Condor", ['index']=307, ['level']=92},
    [17174837] = {['id']=17174837, ['name']="Condor", ['index']=309, ['level']=93},
    [17174831] = {['id']=17174831, ['name']="Condor", ['index']=303, ['level']=92},
    [17174829] = {['id']=17174829, ['name']="Condor", ['index']=301, ['level']=91},
    [17174832] = {['id']=17174832, ['name']="Condor", ['index']=304, ['level']=93},
    [17174828] = {['id']=17174828, ['name']="Condor", ['index']=300, ['level']=93},
    [17174821] = {['id']=17174821, ['name']="HillLizard", ['index']=293, ['level']=43},
    [17174822] = {['id']=17174822, ['name']="AxeBeak", ['index']=294, ['level']=67},
    [17174806] = {['id']=17174806, ['name']="HillLizard", ['index']=278, ['level']=44},
    [17174808] = {['id']=17174808, ['name']="HillLizard", ['index']=280, ['level']=43},
    [17174811] = {['id']=17174811, ['name']="Lycopodium", ['index']=283, ['level']=32},
    [17174810] = {['id']=17174810, ['name']="Lycopodium", ['index']=282, ['level']=34},
    [17174809] = {['id']=17174809, ['name']="Lycopodium", ['index']=281, ['level']=33},
    [17174818] = {['id']=17174818, ['name']="Jubjub", ['index']=290, ['level']=43},
    [17174799] = {['id']=17174799, ['name']="HillLizard", ['index']=271, ['level']=42},
    [17174800] = {['id']=17174800, ['name']="HillLizard", ['index']=272, ['level']=43},
    [17174797] = {['id']=17174797, ['name']="HillLizard", ['index']=269, ['level']=42},
    [17174798] = {['id']=17174798, ['name']="HillLizard", ['index']=270, ['level']=42},
    [17174804] = {['id']=17174804, ['name']="WanderingSapli", ['index']=276, ['level']=30},
    [17174803] = {['id']=17174803, ['name']="WanderingSapli", ['index']=275, ['level']=30},
    [17174823] = {['id']=17174823, ['name']="Condor", ['index']=295, ['level']=93},
    [17174826] = {['id']=17174826, ['name']="Condor", ['index']=298, ['level']=93},
    [17174825] = {['id']=17174825, ['name']="Condor", ['index']=297, ['level']=91},
    [17174824] = {['id']=17174824, ['name']="Condor", ['index']=296, ['level']=92},
    [17174698] = {['id']=17174698, ['name']="Scolopendrid", ['index']=170, ['level']=68},
    [17174700] = {['id']=17174700, ['name']="Scolopendrid", ['index']=172, ['level']=68},
    [17174857] = {['id']=17174857, ['name']="Raptor", ['index']=329, ['level']=65},
    [17174856] = {['id']=17174856, ['name']="Raptor", ['index']=328, ['level']=65},
    [17174855] = {['id']=17174855, ['name']="Raptor", ['index']=327, ['level']=66},
    [17174854] = {['id']=17174854, ['name']="Raptor", ['index']=326, ['level']=65},
    [17174873] = {['id']=17174873, ['name']="GoblinPicket", ['index']=345, ['level']=74},
    [17174853] = {['id']=17174853, ['name']="TreantSapling", ['index']=325, ['level']=56},
    [17174852] = {['id']=17174852, ['name']="TreantSapling", ['index']=324, ['level']=58},
    [17174850] = {['id']=17174850, ['name']="TreantSapling", ['index']=322, ['level']=59},
    [17174851] = {['id']=17174851, ['name']="TreantSapling", ['index']=323, ['level']=58},
    [17174737] = {['id']=17174737, ['name']="Raptor", ['index']=209, ['level']=68},
    [17174720] = {['id']=17174720, ['name']="MountainScolop", ['index']=192, ['level']=80},
    [17174752] = {['id']=17174752, ['name']="Raptor", ['index']=224, ['level']=65},
    [17174753] = {['id']=17174753, ['name']="Raptor", ['index']=225, ['level']=65},
    [17174862] = {['id']=17174862, ['name']="Raptor", ['index']=334, ['level']=65},
    [17174711] = {['id']=17174711, ['name']="MountainScolop", ['index']=183, ['level']=79},
    [17174754] = {['id']=17174754, ['name']="TreantSapling", ['index']=226, ['level']=56},
    [17174756] = {['id']=17174756, ['name']="TreantSapling", ['index']=228, ['level']=58},
    [17174706] = {['id']=17174706, ['name']="MountainScolop", ['index']=178, ['level']=81},
    [17174773] = {['id']=17174773, ['name']="Condor", ['index']=245, ['level']=92},
    [17174772] = {['id']=17174772, ['name']="Condor", ['index']=244, ['level']=93},
    [17174775] = {['id']=17174775, ['name']="Condor", ['index']=247, ['level']=91},
    [17174779] = {['id']=17174779, ['name']="Condor", ['index']=251, ['level']=92},
    [17174776] = {['id']=17174776, ['name']="Condor", ['index']=248, ['level']=91},
    [17174778] = {['id']=17174778, ['name']="Condor", ['index']=250, ['level']=92},
    [17174780] = {['id']=17174780, ['name']="Condor", ['index']=252, ['level']=93},
    [17174702] = {['id']=17174702, ['name']="Scolopendrid", ['index']=174, ['level']=69},
    [17174849] = {['id']=17174849, ['name']="HillLizard", ['index']=321, ['level']=42},
    [17174781] = {['id']=17174781, ['name']="Condor", ['index']=253, ['level']=93},
    [17174784] = {['id']=17174784, ['name']="TreantSapling", ['index']=256, ['level']=59},
    [17174783] = {['id']=17174783, ['name']="TreantSapling", ['index']=255, ['level']=56},
    [17174785] = {['id']=17174785, ['name']="HillLizard", ['index']=257, ['level']=44},
    [17174874] = {['id']=17174874, ['name']="GoblinPicket", ['index']=346, ['level']=71},
    [17174877] = {['id']=17174877, ['name']="GoblinMine", ['index']=349, ['level']=67},
    [17174782] = {['id']=17174782, ['name']="HillLizard", ['index']=254, ['level']=43},
    [17174830] = {['id']=17174830, ['name']="Condor", ['index']=302, ['level']=93},
    [17174802] = {['id']=17174802, ['name']="NightBats", ['index']=274, ['level']=57},
    [17174833] = {['id']=17174833, ['name']="Condor", ['index']=305, ['level']=92},
    [17174701] = {['id']=17174701, ['name']="Scolopendrid", ['index']=173, ['level']=67},
    [17174699] = {['id']=17174699, ['name']="Scolopendrid", ['index']=171, ['level']=69},
    [17174687] = {['id']=17174687, ['name']="WanderingSapli", ['index']=159, ['level']=29},
    [17174688] = {['id']=17174688, ['name']="WanderingSapli", ['index']=160, ['level']=30},
    [17174689] = {['id']=17174689, ['name']="StagBeetle", ['index']=161, ['level']=45},
    [17174592] = {['id']=17174592, ['name']="Dragonfly", ['index']=64, ['level']=60},
    [17174744] = {['id']=17174744, ['name']="Raptor", ['index']=216, ['level']=65},
    [17174745] = {['id']=17174745, ['name']="Raptor", ['index']=217, ['level']=66},
    [17174529] = {['id']=17174529, ['name']="YagudoChanter", ['index']=1, ['level']=77},
    [17174530] = {['id']=17174530, ['name']="YagudoPrioress", ['index']=2, ['level']=77},
    [17174531] = {['id']=17174531, ['name']="Yagudo\'sElemen", ['index']=3, ['level']=71},
    [17174532] = {['id']=17174532, ['name']="YagudoKnightT", ['index']=4, ['level']=76},
    [17174533] = {['id']=17174533, ['name']="YagudoHighPri", ['index']=5, ['level']=78},
    [17174534] = {['id']=17174534, ['name']="YagudoEradicat", ['index']=6, ['level']=79},
    [17174535] = {['id']=17174535, ['name']="YagudoPrelate", ['index']=7, ['level']=79},
    [17174536] = {['id']=17174536, ['name']="YagudoSentinel", ['index']=8, ['level']=79},
    [17174537] = {['id']=17174537, ['name']="YagudoPrioress", ['index']=9, ['level']=79},
    [17174538] = {['id']=17174538, ['name']="Yagudo\'sElemen", ['index']=10, ['level']=72},
    [17174539] = {['id']=17174539, ['name']="YagudoChanter", ['index']=11, ['level']=77},
    [17174540] = {['id']=17174540, ['name']="YagudoKnightT", ['index']=12, ['level']=78},
    [17174880] = {['id']=17174880, ['name']="JumboRafflesia", ['index']=352, ['level']=70},
    [17174881] = {['id']=17174881, ['name']="Gnat", ['index']=353, ['level']=80},
    [17174882] = {['id']=17174882, ['name']="JumboRafflesia", ['index']=354, ['level']=70},
    [17174883] = {['id']=17174883, ['name']="Gnat", ['index']=355, ['level']=82},
    [17174884] = {['id']=17174884, ['name']="Gnat", ['index']=356, ['level']=80},
    [17174885] = {['id']=17174885, ['name']="JumboRafflesia", ['index']=357, ['level']=69},
    [17174886] = {['id']=17174886, ['name']="Gnat", ['index']=358, ['level']=82},
    [17175428] = {['id']=17175428, ['name']="SurvivalGuide", ['index']=900, ['level']=0},
    [17174541] = {['id']=17174541, ['name']="YagudoEradicat", ['index']=13, ['level']=76},
    [17174579] = {['id']=17174579, ['name']="StagBeetle", ['index']=51, ['level']=47},
    [17174580] = {['id']=17174580, ['name']="StagBeetle", ['index']=52, ['level']=46},
    [17174581] = {['id']=17174581, ['name']="Dragonfly", ['index']=53, ['level']=59},
    [17174582] = {['id']=17174582, ['name']="Dragonfly", ['index']=54, ['level']=58},
    [17174583] = {['id']=17174583, ['name']="StagBeetle", ['index']=55, ['level']=45},
    [17174584] = {['id']=17174584, ['name']="StagBeetle", ['index']=56, ['level']=46},
    [17174585] = {['id']=17174585, ['name']="StagBeetle", ['index']=57, ['level']=44},
    [17174586] = {['id']=17174586, ['name']="Dragonfly", ['index']=58, ['level']=58},
    [17174587] = {['id']=17174587, ['name']="Dragonfly", ['index']=59, ['level']=60},
    [17174588] = {['id']=17174588, ['name']="NightBats", ['index']=60, ['level']=55},
    [17174879] = {['id']=17174879, ['name']="JumboRafflesia", ['index']=351, ['level']=70},
    [17174887] = {['id']=17174887, ['name']="JumboRafflesia", ['index']=359, ['level']=69},
    [17174589] = {['id']=17174589, ['name']="StagBeetle", ['index']=61, ['level']=46},
    [17174591] = {['id']=17174591, ['name']="Dragonfly", ['index']=63, ['level']=58},
    [17174593] = {['id']=17174593, ['name']="BlackBat", ['index']=65, ['level']=55},
    [17174652] = {['id']=17174652, ['name']="Lynx", ['index']=124, ['level']=49},
    [17174653] = {['id']=17174653, ['name']="Lynx", ['index']=125, ['level']=51},
    [17174654] = {['id']=17174654, ['name']="Lynx", ['index']=126, ['level']=49},
    [17174655] = {['id']=17174655, ['name']="Dragonfly", ['index']=127, ['level']=59},
    [17174656] = {['id']=17174656, ['name']="Dragonfly", ['index']=128, ['level']=59},
    [17175358] = {['id']=17175358, ['name']="WatchfulPixie", ['index']=830, ['level']=0},
    [17174590] = {['id']=17174590, ['name']="StagBeetle", ['index']=62, ['level']=47},
