    [17264659] = {['id']=17264659, ['name']="Jubjub", ['index']=19, ['level']=17},
    [17264672] = {['id']=17264672, ['name']="WanderingSapli", ['index']=32, ['level']=15},
    [17264673] = {['id']=17264673, ['name']="Jubjub", ['index']=33, ['level']=18},
    [17264674] = {['id']=17264674, ['name']="Jubjub", ['index']=34, ['level']=17},
    [17264675] = {['id']=17264675, ['name']="HillLizard", ['index']=35, ['level']=21},
    [17264682] = {['id']=17264682, ['name']="WanderingSapli", ['index']=42, ['level']=15},
    [17264676] = {['id']=17264676, ['name']="HillLizard", ['index']=36, ['level']=21},
    [17264671] = {['id']=17264671, ['name']="WanderingSapli", ['index']=31, ['level']=15},
    [17264686] = {['id']=17264686, ['name']="HillLizard", ['index']=46, ['level']=21},
    [17264703] = {['id']=17264703, ['name']="GoblinGambler", ['index']=63, ['level']=21},
    [17264683] = {['id']=17264683, ['name']="WanderingSapli", ['index']=43, ['level']=16},
    [17264685] = {['id']=17264685, ['name']="Jubjub", ['index']=45, ['level']=18},
    [17264684] = {['id']=17264684, ['name']="Jubjub", ['index']=44, ['level']=17},
    [17264704] = {['id']=17264704, ['name']="GoblinButcher", ['index']=64, ['level']=16},
    [17264701] = {['id']=17264701, ['name']="GoblinLeecher", ['index']=61, ['level']=22},
    [17264691] = {['id']=17264691, ['name']="HillLizard", ['index']=51, ['level']=21},
    [17265134] = {['id']=17265134, ['name']="WarbladeBeak", ['index']=494, ['level']=99},
    [17264700] = {['id']=17264700, ['name']="GoblinAmbusher", ['index']=60, ['level']=16},
    [17264727] = {['id']=17264727, ['name']="AxeBeak", ['index']=87, ['level']=28},
    [17264699] = {['id']=17264699, ['name']="GoblinMugger", ['index']=59, ['level']=21},
    [17264724] = {['id']=17264724, ['name']="Jubjub", ['index']=84, ['level']=18},
    [17264692] = {['id']=17264692, ['name']="HillLizard", ['index']=52, ['level']=21},
    [17264690] = {['id']=17264690, ['name']="HillLizard", ['index']=50, ['level']=22},
    [17264726] = {['id']=17264726, ['name']="HillLizard", ['index']=86, ['level']=22},
    [17264723] = {['id']=17264723, ['name']="Jubjub", ['index']=83, ['level']=17},
    [17264696] = {['id']=17264696, ['name']="BlackBat", ['index']=56, ['level']=18},
    [17264694] = {['id']=17264694, ['name']="NightBats", ['index']=54, ['level']=15},
    [17264688] = {['id']=17264688, ['name']="Jubjub", ['index']=48, ['level']=17},
    [17264689] = {['id']=17264689, ['name']="Jubjub", ['index']=49, ['level']=18},
    [17264728] = {['id']=17264728, ['name']="NightBats", ['index']=88, ['level']=16},
    [17264695] = {['id']=17264695, ['name']="NightBats", ['index']=55, ['level']=15},
    [17264698] = {['id']=17264698, ['name']="EarthElemental", ['index']=58, ['level']=27},
    [17265009] = {['id']=17265009, ['name']="WanderingSapli", ['index']=369, ['level']=15},
    [17265012] = {['id']=17265012, ['name']="CraneFly", ['index']=372, ['level']=21},
    [17265294] = {['id']=17265294, ['name']="FieldManual", ['index']=654, ['level']=0},
    [17265321] = {['id']=17265321, ['name']="SurvivalGuide", ['index']=681, ['level']=0},
    [17265058] = {['id']=17265058, ['name']="HillLizard", ['index']=418, ['level']=22},
    [17265053] = {['id']=17265053, ['name']="WanderingSapli", ['index']=413, ['level']=16},
    [17265059] = {['id']=17265059, ['name']="HillLizard", ['index']=419, ['level']=21},
    [17265057] = {['id']=17265057, ['name']="CraneFly", ['index']=417, ['level']=20},
    [17265029] = {['id']=17265029, ['name']="CraneFly", ['index']=389, ['level']=21},
    [17265027] = {['id']=17265027, ['name']="WanderingSapli", ['index']=387, ['level']=15},
    [17265026] = {['id']=17265026, ['name']="WanderingSapli", ['index']=386, ['level']=15},
    [17265025] = {['id']=17265025, ['name']="WanderingSapli", ['index']=385, ['level']=15},
    [17265030] = {['id']=17265030, ['name']="CraneFly", ['index']=390, ['level']=21},
    [17264999] = {['id']=17264999, ['name']="WanderingSapli", ['index']=359, ['level']=16},
    [17265002] = {['id']=17265002, ['name']="WanderingSapli", ['index']=362, ['level']=16},
    [17265004] = {['id']=17265004, ['name']="CraneFly", ['index']=364, ['level']=20},
    [17265006] = {['id']=17265006, ['name']="CraneFly", ['index']=366, ['level']=21},
    [17265020] = {['id']=17265020, ['name']="GoblinTinkerer", ['index']=380, ['level']=16},
    [17265001] = {['id']=17265001, ['name']="WanderingSapli", ['index']=361, ['level']=16},
    [17265003] = {['id']=17265003, ['name']="CraneFly", ['index']=363, ['level']=20},
    [17265019] = {['id']=17265019, ['name']="GoblinLeecher", ['index']=379, ['level']=21},
    [17265000] = {['id']=17265000, ['name']="WanderingSapli", ['index']=360, ['level']=16},
    [17264997] = {['id']=17264997, ['name']="HillLizard", ['index']=357, ['level']=22},
    [17264996] = {['id']=17264996, ['name']="CraneFly", ['index']=356, ['level']=21},
    [17264989] = {['id']=17264989, ['name']="WanderingSapli", ['index']=349, ['level']=16},
    [17264992] = {['id']=17264992, ['name']="WanderingSapli", ['index']=352, ['level']=16},
    [17264991] = {['id']=17264991, ['name']="WanderingSapli", ['index']=351, ['level']=15},
    [17264998] = {['id']=17264998, ['name']="HillLizard", ['index']=358, ['level']=22},
    [17264995] = {['id']=17264995, ['name']="CraneFly", ['index']=355, ['level']=21},
    [17264990] = {['id']=17264990, ['name']="WanderingSapli", ['index']=350, ['level']=16},
    [17265035] = {['id']=17265035, ['name']="CraneFly", ['index']=395, ['level']=20},
    [17265033] = {['id']=17265033, ['name']="WanderingSapli", ['index']=393, ['level']=15},
    [17265063] = {['id']=17265063, ['name']="GoblinLeecher", ['index']=423, ['level']=21},
    [17265036] = {['id']=17265036, ['name']="CraneFly", ['index']=396, ['level']=21},
    [17265038] = {['id']=17265038, ['name']="HillLizard", ['index']=398, ['level']=21},
    [17265034] = {['id']=17265034, ['name']="WanderingSapli", ['index']=394, ['level']=16},
    [17265031] = {['id']=17265031, ['name']="WanderingSapli", ['index']=391, ['level']=15},
    [17265039] = {['id']=17265039, ['name']="HillLizard", ['index']=399, ['level']=21},
    [17265040] = {['id']=17265040, ['name']="HillLizard", ['index']=400, ['level']=21},
    [17265037] = {['id']=17265037, ['name']="CraneFly", ['index']=397, ['level']=20},
    [17265032] = {['id']=17265032, ['name']="WanderingSapli", ['index']=392, ['level']=16},
    [17265043] = {['id']=17265043, ['name']="WanderingSapli", ['index']=403, ['level']=16},
    [17265042] = {['id']=17265042, ['name']="WanderingSapli", ['index']=402, ['level']=15},
    [17265044] = {['id']=17265044, ['name']="WanderingSapli", ['index']=404, ['level']=15},
    [17265062] = {['id']=17265062, ['name']="GoblinAmbusher", ['index']=422, ['level']=16},
    [17265065] = {['id']=17265065, ['name']="GoblinGambler", ['index']=425, ['level']=21},
    [17265050] = {['id']=17265050, ['name']="HillLizard", ['index']=410, ['level']=22},
    [17265046] = {['id']=17265046, ['name']="CraneFly", ['index']=406, ['level']=21},
    [17265041] = {['id']=17265041, ['name']="WanderingSapli", ['index']=401, ['level']=15},
    [17265066] = {['id']=17265066, ['name']="GoblinButcher", ['index']=426, ['level']=16},
    [17265061] = {['id']=17265061, ['name']="GoblinMugger", ['index']=421, ['level']=21},
    [17265048] = {['id']=17265048, ['name']="HillLizard", ['index']=408, ['level']=22},
    [17265045] = {['id']=17265045, ['name']="CraneFly", ['index']=405, ['level']=21},
    [17265049] = {['id']=17265049, ['name']="HillLizard", ['index']=409, ['level']=22},
    [17265055] = {['id']=17265055, ['name']="CraneFly", ['index']=415, ['level']=20},
    [17265054] = {['id']=17265054, ['name']="WanderingSapli", ['index']=414, ['level']=15},
    [17265051] = {['id']=17265051, ['name']="WanderingSapli", ['index']=411, ['level']=15},
    [17265052] = {['id']=17265052, ['name']="WanderingSapli", ['index']=412, ['level']=16},
    [17265056] = {['id']=17265056, ['name']="CraneFly", ['index']=416, ['level']=21},
    [17265060] = {['id']=17265060, ['name']="HillLizard", ['index']=420, ['level']=21},
    [17265044] = {['id']=17265044, ['name']="WanderingSapli", ['index']=404, ['level']=15},
    [17265045] = {['id']=17265045, ['name']="CraneFly", ['index']=405, ['level']=21},
    [17265046] = {['id']=17265046, ['name']="CraneFly", ['index']=406, ['level']=21},
    [17265050] = {['id']=17265050, ['name']="HillLizard", ['index']=410, ['level']=22},
    [17265051] = {['id']=17265051, ['name']="WanderingSapli", ['index']=411, ['level']=15},
    [17265052] = {['id']=17265052, ['name']="WanderingSapli", ['index']=412, ['level']=16},
    [17265053] = {['id']=17265053, ['name']="WanderingSapli", ['index']=413, ['level']=16},
    [17265054] = {['id']=17265054, ['name']="WanderingSapli", ['index']=414, ['level']=15},
    [17265055] = {['id']=17265055, ['name']="CraneFly", ['index']=415, ['level']=20},
    [17265056] = {['id']=17265056, ['name']="CraneFly", ['index']=416, ['level']=21},
    [17265057] = {['id']=17265057, ['name']="CraneFly", ['index']=417, ['level']=20},
    [17265058] = {['id']=17265058, ['name']="HillLizard", ['index']=418, ['level']=22},
    [17265059] = {['id']=17265059, ['name']="HillLizard", ['index']=419, ['level']=21},
    [17265060] = {['id']=17265060, ['name']="HillLizard", ['index']=420, ['level']=21},
    [17265062] = {['id']=17265062, ['name']="GoblinAmbusher", ['index']=422, ['level']=16},
    [17265065] = {['id']=17265065, ['name']="GoblinGambler", ['index']=425, ['level']=21},
    [17265066] = {['id']=17265066, ['name']="GoblinButcher", ['index']=426, ['level']=16},
    [17265064] = {['id']=17265064, ['name']="GoblinTinkerer", ['index']=424, ['level']=16},
    [17265009] = {['id']=17265009, ['name']="WanderingSapli", ['index']=369, ['level']=15},
    [17265032] = {['id']=17265032, ['name']="WanderingSapli", ['index']=392, ['level']=16},
    [17265037] = {['id']=17265037, ['name']="CraneFly", ['index']=397, ['level']=20},
    [17265039] = {['id']=17265039, ['name']="HillLizard", ['index']=399, ['level']=21},
    [17265040] = {['id']=17265040, ['name']="HillLizard", ['index']=400, ['level']=21},
    [17265041] = {['id']=17265041, ['name']="WanderingSapli", ['index']=401, ['level']=15},
    [17265042] = {['id']=17265042, ['name']="WanderingSapli", ['index']=402, ['level']=15},
    [17265043] = {['id']=17265043, ['name']="WanderingSapli", ['index']=403, ['level']=16},
    [17265048] = {['id']=17265048, ['name']="HillLizard", ['index']=408, ['level']=22},
    [17265049] = {['id']=17265049, ['name']="HillLizard", ['index']=409, ['level']=22},
    [17265061] = {['id']=17265061, ['name']="GoblinMugger", ['index']=421, ['level']=21},
    [17265294] = {['id']=17265294, ['name']="FieldManual", ['index']=654, ['level']=0},
    [17265321] = {['id']=17265321, ['name']="SurvivalGuide", ['index']=681, ['level']=0},
    [17265047] = {['id']=17265047, ['name']="CraneFly", ['index']=407, ['level']=20},
    [17265079] = {['id']=17265079, ['name']="Boggart", ['index']=439, ['level']=27},
    [17265069] = {['id']=17265069, ['name']="GoblinMugger", ['index']=429, ['level']=21},
    [17265070] = {['id']=17265070, ['name']="GoblinLeecher", ['index']=430, ['level']=21},
    [17265072] = {['id']=17265072, ['name']="GoblinGambler", ['index']=432, ['level']=22},
    [17265071] = {['id']=17265071, ['name']="GoblinTinkerer", ['index']=431, ['level']=17},
    [17265073] = {['id']=17265073, ['name']="CraneFly", ['index']=433, ['level']=21},
    [17265078] = {['id']=17265078, ['name']="Coeurl", ['index']=438, ['level']=25},
    [17265077] = {['id']=17265077, ['name']="Coeurl", ['index']=437, ['level']=25},
    [17265074] = {['id']=17265074, ['name']="CraneFly", ['index']=434, ['level']=20},
    [17265076] = {['id']=17265076, ['name']="HillLizard", ['index']=436, ['level']=22},
    [17265075] = {['id']=17265075, ['name']="HillLizard", ['index']=435, ['level']=22},
    [17265083] = {['id']=17265083, ['name']="Boggart", ['index']=443, ['level']=26},
    [17265082] = {['id']=17265082, ['name']="Boggart", ['index']=442, ['level']=26},
    [17265013] = {['id']=17265013, ['name']="CraneFly", ['index']=373, ['level']=20},
    [17265011] = {['id']=17265011, ['name']="WanderingSapli", ['index']=371, ['level']=16},
    [17265015] = {['id']=17265015, ['name']="HillLizard", ['index']=375, ['level']=21},
    [17265014] = {['id']=17265014, ['name']="CraneFly", ['index']=374, ['level']=20},
    [17265001] = {['id']=17265001, ['name']="WanderingSapli", ['index']=361, ['level']=16},
    [17265012] = {['id']=17265012, ['name']="CraneFly", ['index']=372, ['level']=21},
    [17265031] = {['id']=17265031, ['name']="WanderingSapli", ['index']=391, ['level']=15},
    [17265033] = {['id']=17265033, ['name']="WanderingSapli", ['index']=393, ['level']=15},
    [17265034] = {['id']=17265034, ['name']="WanderingSapli", ['index']=394, ['level']=16},
    [17265035] = {['id']=17265035, ['name']="CraneFly", ['index']=395, ['level']=20},
    [17265036] = {['id']=17265036, ['name']="CraneFly", ['index']=396, ['level']=21},
    [17265038] = {['id']=17265038, ['name']="HillLizard", ['index']=398, ['level']=21},
    [17265016] = {['id']=17265016, ['name']="HillLizard", ['index']=376, ['level']=21},
    [17265010] = {['id']=17265010, ['name']="WanderingSapli", ['index']=370, ['level']=16},
    [17265021] = {['id']=17265021, ['name']="GoblinGambler", ['index']=381, ['level']=21},
    [17265018] = {['id']=17265018, ['name']="GoblinAmbusher", ['index']=378, ['level']=17},
    [17265004] = {['id']=17265004, ['name']="CraneFly", ['index']=364, ['level']=20},
    [17265063] = {['id']=17265063, ['name']="GoblinLeecher", ['index']=423, ['level']=21},
    [17265005] = {['id']=17265005, ['name']="CraneFly", ['index']=365, ['level']=20},
    [17264989] = {['id']=17264989, ['name']="WanderingSapli", ['index']=349, ['level']=16},
    [17264990] = {['id']=17264990, ['name']="WanderingSapli", ['index']=350, ['level']=16},
    [17264991] = {['id']=17264991, ['name']="WanderingSapli", ['index']=351, ['level']=15},
    [17264992] = {['id']=17264992, ['name']="WanderingSapli", ['index']=352, ['level']=16},
    [17264995] = {['id']=17264995, ['name']="CraneFly", ['index']=355, ['level']=21},
    [17264996] = {['id']=17264996, ['name']="CraneFly", ['index']=356, ['level']=21},
    [17264997] = {['id']=17264997, ['name']="HillLizard", ['index']=357, ['level']=22},
    [17264998] = {['id']=17264998, ['name']="HillLizard", ['index']=358, ['level']=22},
    [17264999] = {['id']=17264999, ['name']="WanderingSapli", ['index']=359, ['level']=16},
    [17265000] = {['id']=17265000, ['name']="WanderingSapli", ['index']=360, ['level']=16},
    [17265002] = {['id']=17265002, ['name']="WanderingSapli", ['index']=362, ['level']=16},
    [17265003] = {['id']=17265003, ['name']="CraneFly", ['index']=363, ['level']=20},
    [17265006] = {['id']=17265006, ['name']="CraneFly", ['index']=366, ['level']=21},
    [17265007] = {['id']=17265007, ['name']="HillLizard", ['index']=367, ['level']=22},
    [17265008] = {['id']=17265008, ['name']="HillLizard", ['index']=368, ['level']=22},
    [17265017] = {['id']=17265017, ['name']="GoblinMugger", ['index']=377, ['level']=22},
    [17265019] = {['id']=17265019, ['name']="GoblinLeecher", ['index']=379, ['level']=21},
    [17265020] = {['id']=17265020, ['name']="GoblinTinkerer", ['index']=380, ['level']=16},
    [17264974] = {['id']=17264974, ['name']="WanderingSapli", ['index']=334, ['level']=15},
    [17264975] = {['id']=17264975, ['name']="WanderingSapli", ['index']=335, ['level']=15},
    [17264976] = {['id']=17264976, ['name']="WanderingSapli", ['index']=336, ['level']=15},
    [17264977] = {['id']=17264977, ['name']="CraneFly", ['index']=337, ['level']=20},
    [17264978] = {['id']=17264978, ['name']="CraneFly", ['index']=338, ['level']=21},
    [17264979] = {['id']=17264979, ['name']="CraneFly", ['index']=339, ['level']=20},
    [17264981] = {['id']=17264981, ['name']="HillLizard", ['index']=341, ['level']=22},
    [17264982] = {['id']=17264982, ['name']="HillLizard", ['index']=342, ['level']=22},
    [17264983] = {['id']=17264983, ['name']="HillLizard", ['index']=343, ['level']=22},
    [17264973] = {['id']=17264973, ['name']="WanderingSapli", ['index']=333, ['level']=15},
    [17264984] = {['id']=17264984, ['name']="HillLizard", ['index']=344, ['level']=22},
    [17264980] = {['id']=17264980, ['name']="CraneFly", ['index']=340, ['level']=21},
    [17264986] = {['id']=17264986, ['name']="HillLizard", ['index']=346, ['level']=21},
    [17264987] = {['id']=17264987, ['name']="HillLizard", ['index']=347, ['level']=22},
    [17264985] = {['id']=17264985, ['name']="HillLizard", ['index']=345, ['level']=21},
    [17264894] = {['id']=17264894, ['name']="CraneFly", ['index']=254, ['level']=21},
    [17264897] = {['id']=17264897, ['name']="CraneFly", ['index']=257, ['level']=20},
    [17265084] = {['id']=17265084, ['name']="GoblinDigger", ['index']=444, ['level']=18},
    [17264893] = {['id']=17264893, ['name']="WanderingSapli", ['index']=253, ['level']=15},
    [17264895] = {['id']=17264895, ['name']="CraneFly", ['index']=255, ['level']=20},
    [17264892] = {['id']=17264892, ['name']="WanderingSapli", ['index']=252, ['level']=15},
    [17264898] = {['id']=17264898, ['name']="StagBeetle", ['index']=258, ['level']=22},
    [17264899] = {['id']=17264899, ['name']="StagBeetle", ['index']=259, ['level']=23},
    [17264907] = {['id']=17264907, ['name']="Coeurl", ['index']=267, ['level']=26},
    [17264910] = {['id']=17264910, ['name']="YagudoMendican", ['index']=270, ['level']=18},
    [17264911] = {['id']=17264911, ['name']="Yagudo\'sElemen", ['index']=271, ['level']=12},
    [17264920] = {['id']=17264920, ['name']="YagudoVotary", ['index']=280, ['level']=22},
    [17264921] = {['id']=17264921, ['name']="YagudoTheologi", ['index']=281, ['level']=22},
    [17264923] = {['id']=17264923, ['name']="YagudoPersecut", ['index']=283, ['level']=18},
    [17264902] = {['id']=17264902, ['name']="CraneFly", ['index']=262, ['level']=20},
    [17264950] = {['id']=17264950, ['name']="WanderingSapli", ['index']=310, ['level']=16},
    [17264956] = {['id']=17264956, ['name']="StagBeetle", ['index']=316, ['level']=23},
    [17264952] = {['id']=17264952, ['name']="CraneFly", ['index']=312, ['level']=21},
    [17264953] = {['id']=17264953, ['name']="CraneFly", ['index']=313, ['level']=21},
    [17264955] = {['id']=17264955, ['name']="StagBeetle", ['index']=315, ['level']=22},
    [17264951] = {['id']=17264951, ['name']="WanderingSapli", ['index']=311, ['level']=15},
    [17264954] = {['id']=17264954, ['name']="CraneFly", ['index']=314, ['level']=21},
    [17264958] = {['id']=17264958, ['name']="Coeurl", ['index']=318, ['level']=26},
    [17264959] = {['id']=17264959, ['name']="Coeurl", ['index']=319, ['level']=25},
    [17264949] = {['id']=17264949, ['name']="WanderingSapli", ['index']=309, ['level']=16},
    [17264957] = {['id']=17264957, ['name']="StagBeetle", ['index']=317, ['level']=22},
    [17264962] = {['id']=17264962, ['name']="WanderingSapli", ['index']=322, ['level']=16},
    [17264963] = {['id']=17264963, ['name']="WanderingSapli", ['index']=323, ['level']=16},
    [17264965] = {['id']=17264965, ['name']="CraneFly", ['index']=325, ['level']=20},
    [17264968] = {['id']=17264968, ['name']="Coeurl", ['index']=328, ['level']=25},
    [17264961] = {['id']=17264961, ['name']="WanderingSapli", ['index']=321, ['level']=16},
    [17264969] = {['id']=17264969, ['name']="Coeurl", ['index']=329, ['level']=26},
    [17264966] = {['id']=17264966, ['name']="CraneFly", ['index']=326, ['level']=20},
    [17264967] = {['id']=17264967, ['name']="Coeurl", ['index']=327, ['level']=25},
    [17264964] = {['id']=17264964, ['name']="CraneFly", ['index']=324, ['level']=20},
    [17264949] = {['id']=17264949, ['name']="WanderingSapli", ['index']=309, ['level']=16},
    [17264951] = {['id']=17264951, ['name']="WanderingSapli", ['index']=311, ['level']=15},
    [17264952] = {['id']=17264952, ['name']="CraneFly", ['index']=312, ['level']=21},
    [17264953] = {['id']=17264953, ['name']="CraneFly", ['index']=313, ['level']=21},
    [17264954] = {['id']=17264954, ['name']="CraneFly", ['index']=314, ['level']=21},
    [17264955] = {['id']=17264955, ['name']="StagBeetle", ['index']=315, ['level']=22},
    [17264957] = {['id']=17264957, ['name']="StagBeetle", ['index']=317, ['level']=22},
    [17264958] = {['id']=17264958, ['name']="Coeurl", ['index']=318, ['level']=26},
    [17264959] = {['id']=17264959, ['name']="Coeurl", ['index']=319, ['level']=25},
    [17264950] = {['id']=17264950, ['name']="WanderingSapli", ['index']=310, ['level']=16},
    [17264956] = {['id']=17264956, ['name']="StagBeetle", ['index']=316, ['level']=23},
    [17265296] = {['id']=17265296, ['name']="FieldManual", ['index']=656, ['level']=0},
    [17264941] = {['id']=17264941, ['name']="Yagudo\'sElemen", ['index']=301, ['level']=13},
    [17264940] = {['id']=17264940, ['name']="YagudoMendican", ['index']=300, ['level']=17},
    [17264946] = {['id']=17264946, ['name']="CooKejatheUn", ['index']=306, ['level']=37},
    [17264947] = {['id']=17264947, ['name']="YagudoVotary", ['index']=307, ['level']=25},
    [17264948] = {['id']=17264948, ['name']="YagudoTheologi", ['index']=308, ['level']=25},
    [17264943] = {['id']=17264943, ['name']="YagudoPiper", ['index']=303, ['level']=18},
    [17264902] = {['id']=17264902, ['name']="CraneFly", ['index']=262, ['level']=20},
    [17264938] = {['id']=17264938, ['name']="StagBeetle", ['index']=298, ['level']=22},
    [17264942] = {['id']=17264942, ['name']="YagudoTheologi", ['index']=302, ['level']=23},
    [17264931] = {['id']=17264931, ['name']="WanderingSapli", ['index']=291, ['level']=16},
    [17264932] = {['id']=17264932, ['name']="WanderingSapli", ['index']=292, ['level']=16},
    [17264934] = {['id']=17264934, ['name']="CraneFly", ['index']=294, ['level']=21},
    [17264936] = {['id']=17264936, ['name']="CraneFly", ['index']=296, ['level']=20},
    [17264945] = {['id']=17264945, ['name']="YagudoPersecut", ['index']=305, ['level']=17},
    [17264930] = {['id']=17264930, ['name']="Boggart", ['index']=290, ['level']=26},
    [17264935] = {['id']=17264935, ['name']="CraneFly", ['index']=295, ['level']=21},
    [17264944] = {['id']=17264944, ['name']="YagudoPriest", ['index']=304, ['level']=23},
    [17264906] = {['id']=17264906, ['name']="Coeurl", ['index']=266, ['level']=25},
    [17264900] = {['id']=17264900, ['name']="WanderingSapli", ['index']=260, ['level']=16},
    [17264926] = {['id']=17264926, ['name']="Boggart", ['index']=286, ['level']=27},
    [17264864] = {['id']=17264864, ['name']="WanderingSapli", ['index']=224, ['level']=16},
    [17264870] = {['id']=17264870, ['name']="StagBeetle", ['index']=230, ['level']=22},
    [17264907] = {['id']=17264907, ['name']="Coeurl", ['index']=267, ['level']=26},
    [17264910] = {['id']=17264910, ['name']="YagudoMendican", ['index']=270, ['level']=18},
    [17264911] = {['id']=17264911, ['name']="Yagudo\'sElemen", ['index']=271, ['level']=12},
    [17264920] = {['id']=17264920, ['name']="YagudoVotary", ['index']=280, ['level']=22},
    [17264921] = {['id']=17264921, ['name']="YagudoTheologi", ['index']=281, ['level']=22},
    [17264923] = {['id']=17264923, ['name']="YagudoPersecut", ['index']=283, ['level']=18},
    [17264927] = {['id']=17264927, ['name']="Boggart", ['index']=287, ['level']=27},
    [17264928] = {['id']=17264928, ['name']="Boggart", ['index']=288, ['level']=26},
    [17265084] = {['id']=17265084, ['name']="GoblinDigger", ['index']=444, ['level']=18},
    [17264924] = {['id']=17264924, ['name']="Boggart", ['index']=284, ['level']=27},
    [17264904] = {['id']=17264904, ['name']="CraneFly", ['index']=264, ['level']=20},
    [17264865] = {['id']=17264865, ['name']="WanderingSapli", ['index']=225, ['level']=16},
    [17264867] = {['id']=17264867, ['name']="CraneFly", ['index']=227, ['level']=20},
    [17264868] = {['id']=17264868, ['name']="CraneFly", ['index']=228, ['level']=20},
    [17264799] = {['id']=17264799, ['name']="Jubjub", ['index']=159, ['level']=17},
    [17264692] = {['id']=17264692, ['name']="HillLizard", ['index']=52, ['level']=21},
    [17264701] = {['id']=17264701, ['name']="GoblinLeecher", ['index']=61, ['level']=21},
    [17264866] = {['id']=17264866, ['name']="CraneFly", ['index']=226, ['level']=21},
    [17264869] = {['id']=17264869, ['name']="StagBeetle", ['index']=229, ['level']=22},
    [17264875] = {['id']=17264875, ['name']="YagudoMendican", ['index']=235, ['level']=18},
    [17264876] = {['id']=17264876, ['name']="Yagudo\'sElemen", ['index']=236, ['level']=12},
    [17264877] = {['id']=17264877, ['name']="YagudoTheologi", ['index']=237, ['level']=23},
    [17264879] = {['id']=17264879, ['name']="YagudoPriest", ['index']=239, ['level']=22},
    [17264884] = {['id']=17264884, ['name']="WanderingSapli", ['index']=244, ['level']=15},
    [17264878] = {['id']=17264878, ['name']="YagudoPiper", ['index']=238, ['level']=18},
    [17264852] = {['id']=17264852, ['name']="WanderingSapli", ['index']=212, ['level']=15},
    [17264703] = {['id']=17264703, ['name']="GoblinGambler", ['index']=63, ['level']=21},
    [17264890] = {['id']=17264890, ['name']="StagBeetle", ['index']=250, ['level']=23},
    [17264855] = {['id']=17264855, ['name']="CraneFly", ['index']=215, ['level']=20},
    [17264880] = {['id']=17264880, ['name']="YagudoPersecut", ['index']=240, ['level']=17},
    [17264854] = {['id']=17264854, ['name']="CraneFly", ['index']=214, ['level']=21},
    [17264859] = {['id']=17264859, ['name']="StagBeetle", ['index']=219, ['level']=22},
    [17264853] = {['id']=17264853, ['name']="WanderingSapli", ['index']=213, ['level']=16},
    [17264671] = {['id']=17264671, ['name']="WanderingSapli", ['index']=31, ['level']=15},
    [17264682] = {['id']=17264682, ['name']="WanderingSapli", ['index']=42, ['level']=15},
    [17264683] = {['id']=17264683, ['name']="WanderingSapli", ['index']=43, ['level']=16},
    [17264684] = {['id']=17264684, ['name']="Jubjub", ['index']=44, ['level']=18},
    [17264685] = {['id']=17264685, ['name']="Jubjub", ['index']=45, ['level']=18},
    [17264689] = {['id']=17264689, ['name']="Jubjub", ['index']=49, ['level']=18},
    [17264856] = {['id']=17264856, ['name']="CraneFly", ['index']=216, ['level']=21},
    [17264858] = {['id']=17264858, ['name']="StagBeetle", ['index']=218, ['level']=22},
    [17264874] = {['id']=17264874, ['name']="YagudoVotary", ['index']=234, ['level']=22},
    [17264837] = {['id']=17264837, ['name']="GoblinGambler", ['index']=197, ['level']=21},
    [17264838] = {['id']=17264838, ['name']="GoblinButcher", ['index']=198, ['level']=16},
    [17264848] = {['id']=17264848, ['name']="Boggart", ['index']=208, ['level']=26},
    [17264851] = {['id']=17264851, ['name']="Boggart", ['index']=211, ['level']=27},
    [17264836] = {['id']=17264836, ['name']="GoblinTinkerer", ['index']=196, ['level']=17},
    [17264672] = {['id']=17264672, ['name']="WanderingSapli", ['index']=32, ['level']=15},
    [17264673] = {['id']=17264673, ['name']="Jubjub", ['index']=33, ['level']=18},
    [17264674] = {['id']=17264674, ['name']="Jubjub", ['index']=34, ['level']=18},
    [17264676] = {['id']=17264676, ['name']="HillLizard", ['index']=36, ['level']=22},
    [17264686] = {['id']=17264686, ['name']="HillLizard", ['index']=46, ['level']=22},
    [17264847] = {['id']=17264847, ['name']="Boggart", ['index']=207, ['level']=26},
    [17264849] = {['id']=17264849, ['name']="Boggart", ['index']=209, ['level']=27},
    [17264850] = {['id']=17264850, ['name']="Boggart", ['index']=210, ['level']=27},
    [17264843] = {['id']=17264843, ['name']="GoblinAmbusher", ['index']=203, ['level']=16},
    [17264844] = {['id']=17264844, ['name']="GoblinLeecher", ['index']=204, ['level']=21},
    [17265248] = {['id']=17265248, ['name']="Herald", ['index']=608, ['level']=0},
    [17265249] = {['id']=17265249, ['name']="Marshal", ['index']=609, ['level']=0},
    [17264833] = {['id']=17264833, ['name']="GoblinMugger", ['index']=193, ['level']=21},
    [17265253] = {['id']=17265253, ['name']="Muzeze", ['index']=613, ['level']=0},
    [17264989] = {['id']=17264989, ['name']="WanderingSapli", ['index']=349, ['level']=16},
    [17264990] = {['id']=17264990, ['name']="WanderingSapli", ['index']=350, ['level']=16},
    [17264992] = {['id']=17264992, ['name']="WanderingSapli", ['index']=352, ['level']=16},
    [17264993] = {['id']=17264993, ['name']="CraneFly", ['index']=353, ['level']=20},
    [17264994] = {['id']=17264994, ['name']="CraneFly", ['index']=354, ['level']=21},
    [17264995] = {['id']=17264995, ['name']="CraneFly", ['index']=355, ['level']=21},
    [17264996] = {['id']=17264996, ['name']="CraneFly", ['index']=356, ['level']=21},
    [17264997] = {['id']=17264997, ['name']="HillLizard", ['index']=357, ['level']=21},
    [17264998] = {['id']=17264998, ['name']="HillLizard", ['index']=358, ['level']=22},
    [17265033] = {['id']=17265033, ['name']="WanderingSapli", ['index']=393, ['level']=15},
    [17264991] = {['id']=17264991, ['name']="WanderingSapli", ['index']=351, ['level']=15},
    [17264999] = {['id']=17264999, ['name']="WanderingSapli", ['index']=359, ['level']=16},
    [17265000] = {['id']=17265000, ['name']="WanderingSapli", ['index']=360, ['level']=16},
    [17265001] = {['id']=17265001, ['name']="WanderingSapli", ['index']=361, ['level']=16},
    [17265002] = {['id']=17265002, ['name']="WanderingSapli", ['index']=362, ['level']=16},
    [17265003] = {['id']=17265003, ['name']="CraneFly", ['index']=363, ['level']=20},
    [17265004] = {['id']=17265004, ['name']="CraneFly", ['index']=364, ['level']=20},
    [17265005] = {['id']=17265005, ['name']="CraneFly", ['index']=365, ['level']=20},
    [17265006] = {['id']=17265006, ['name']="CraneFly", ['index']=366, ['level']=21},
    [17265007] = {['id']=17265007, ['name']="HillLizard", ['index']=367, ['level']=22},
    [17265017] = {['id']=17265017, ['name']="GoblinMugger", ['index']=377, ['level']=22},
    [17265018] = {['id']=17265018, ['name']="GoblinAmbusher", ['index']=378, ['level']=17},
    [17265019] = {['id']=17265019, ['name']="GoblinLeecher", ['index']=379, ['level']=21},
    [17265020] = {['id']=17265020, ['name']="GoblinTinkerer", ['index']=380, ['level']=16},
    [17265022] = {['id']=17265022, ['name']="GoblinButcher", ['index']=382, ['level']=16},
    [17264913] = {['id']=17264913, ['name']="YagudoPiper", ['index']=273, ['level']=17},
    [17264892] = {['id']=17264892, ['name']="WanderingSapli", ['index']=252, ['level']=15},
    [17264893] = {['id']=17264893, ['name']="WanderingSapli", ['index']=253, ['level']=15},
    [17264894] = {['id']=17264894, ['name']="CraneFly", ['index']=254, ['level']=21},
    [17264895] = {['id']=17264895, ['name']="CraneFly", ['index']=255, ['level']=20},
    [17264897] = {['id']=17264897, ['name']="CraneFly", ['index']=257, ['level']=20},
    [17264898] = {['id']=17264898, ['name']="StagBeetle", ['index']=258, ['level']=22},
    [17264899] = {['id']=17264899, ['name']="StagBeetle", ['index']=259, ['level']=23},
    [17264887] = {['id']=17264887, ['name']="CraneFly", ['index']=247, ['level']=20},
    [17264886] = {['id']=17264886, ['name']="CraneFly", ['index']=246, ['level']=21},
    [17264885] = {['id']=17264885, ['name']="WanderingSapli", ['index']=245, ['level']=16},
    [17264905] = {['id']=17264905, ['name']="StagBeetle", ['index']=265, ['level']=22},
    [17264901] = {['id']=17264901, ['name']="WanderingSapli", ['index']=261, ['level']=15},
    [17264903] = {['id']=17264903, ['name']="CraneFly", ['index']=263, ['level']=20},
    [17264896] = {['id']=17264896, ['name']="CraneFly", ['index']=256, ['level']=20},
    [17264888] = {['id']=17264888, ['name']="CraneFly", ['index']=248, ['level']=21},
    [17264891] = {['id']=17264891, ['name']="StagBeetle", ['index']=251, ['level']=22},
    [17264889] = {['id']=17264889, ['name']="CraneFly", ['index']=249, ['level']=21},
    [17264914] = {['id']=17264914, ['name']="YagudoPriest", ['index']=274, ['level']=23},
    [17264691] = {['id']=17264691, ['name']="HillLizard", ['index']=51, ['level']=21},
    [17264694] = {['id']=17264694, ['name']="NightBats", ['index']=54, ['level']=15},
    [17264700] = {['id']=17264700, ['name']="GoblinAmbusher", ['index']=60, ['level']=16},
    [17264861] = {['id']=17264861, ['name']="NightBats", ['index']=221, ['level']=15},
    [17264857] = {['id']=17264857, ['name']="CraneFly", ['index']=217, ['level']=20},
    [17264675] = {['id']=17264675, ['name']="HillLizard", ['index']=35, ['level']=22},
    [17264664] = {['id']=17264664, ['name']="WanderingSapli", ['index']=24, ['level']=16},
    [17264663] = {['id']=17264663, ['name']="WanderingSapli", ['index']=23, ['level']=15},
    [17264665] = {['id']=17264665, ['name']="WanderingSapli", ['index']=25, ['level']=15},
    [17264667] = {['id']=17264667, ['name']="Jubjub", ['index']=27, ['level']=18},
    [17264668] = {['id']=17264668, ['name']="HillLizard", ['index']=28, ['level']=22},
    [17264669] = {['id']=17264669, ['name']="HillLizard", ['index']=29, ['level']=22},
    [17264666] = {['id']=17264666, ['name']="Jubjub", ['index']=26, ['level']=17},
    [17264653] = {['id']=17264653, ['name']="WanderingSapli", ['index']=13, ['level']=15},
    [17264654] = {['id']=17264654, ['name']="WanderingSapli", ['index']=14, ['level']=15},
    [17264656] = {['id']=17264656, ['name']="WanderingSapli", ['index']=16, ['level']=16},
    [17264657] = {['id']=17264657, ['name']="Jubjub", ['index']=17, ['level']=17},
    [17264658] = {['id']=17264658, ['name']="Jubjub", ['index']=18, ['level']=17},
    [17264659] = {['id']=17264659, ['name']="Jubjub", ['index']=19, ['level']=17},
    [17264660] = {['id']=17264660, ['name']="HillLizard", ['index']=20, ['level']=21},
    [17264661] = {['id']=17264661, ['name']="HillLizard", ['index']=21, ['level']=21},
    [17264662] = {['id']=17264662, ['name']="HillLizard", ['index']=22, ['level']=21},
    [17264646] = {['id']=17264646, ['name']="Jubjub", ['index']=6, ['level']=17},
    [17264644] = {['id']=17264644, ['name']="WanderingSapli", ['index']=4, ['level']=15},
    [17264643] = {['id']=17264643, ['name']="WanderingSapli", ['index']=3, ['level']=16},
    [17264647] = {['id']=17264647, ['name']="HillLizard", ['index']=7, ['level']=21},
    [17264648] = {['id']=17264648, ['name']="HillLizard", ['index']=8, ['level']=21},
    [17264652] = {['id']=17264652, ['name']="BlackBat", ['index']=12, ['level']=18},
    [17264690] = {['id']=17264690, ['name']="HillLizard", ['index']=50, ['level']=22},
    [17264724] = {['id']=17264724, ['name']="Jubjub", ['index']=84, ['level']=18},
    [17264728] = {['id']=17264728, ['name']="NightBats", ['index']=88, ['level']=16},
    [17264650] = {['id']=17264650, ['name']="NightBats", ['index']=10, ['level']=15},
    [17264719] = {['id']=17264719, ['name']="NightBats", ['index']=79, ['level']=16},
    [17264761] = {['id']=17264761, ['name']="YagudoPiper", ['index']=121, ['level']=17},
    [17264723] = {['id']=17264723, ['name']="Jubjub", ['index']=83, ['level']=17},
    [17264726] = {['id']=17264726, ['name']="HillLizard", ['index']=86, ['level']=22},
    [17264741] = {['id']=17264741, ['name']="WanderingSapli", ['index']=101, ['level']=16},
    [17264743] = {['id']=17264743, ['name']="Jubjub", ['index']=103, ['level']=17},
    [17264746] = {['id']=17264746, ['name']="Raptor", ['index']=106, ['level']=25},
    [17264742] = {['id']=17264742, ['name']="Jubjub", ['index']=102, ['level']=17},
    [17264747] = {['id']=17264747, ['name']="Raptor", ['index']=107, ['level']=25},
    [17264740] = {['id']=17264740, ['name']="WanderingSapli", ['index']=100, ['level']=16},
    [17264739] = {['id']=17264739, ['name']="WanderingSapli", ['index']=99, ['level']=15},
    [17264744] = {['id']=17264744, ['name']="Jubjub", ['index']=104, ['level']=18},
    [17264758] = {['id']=17264758, ['name']="YagudoMendican", ['index']=118, ['level']=18},
    [17264759] = {['id']=17264759, ['name']="Yagudo\'sElemen", ['index']=119, ['level']=13},
    [17264762] = {['id']=17264762, ['name']="YagudoPriest", ['index']=122, ['level']=22},
    [17264768] = {['id']=17264768, ['name']="NaaZekutheUn", ['index']=128, ['level']=49},
    [17264757] = {['id']=17264757, ['name']="YagudoVotary", ['index']=117, ['level']=22},
    [17264756] = {['id']=17264756, ['name']="Raptor", ['index']=116, ['level']=25},
    [17264745] = {['id']=17264745, ['name']="Raptor", ['index']=105, ['level']=25},
    [17264789] = {['id']=17264789, ['name']="YagudoVotary", ['index']=149, ['level']=22},
    [17264769] = {['id']=17264769, ['name']="Jubjub", ['index']=129, ['level']=18},
    [17264773] = {['id']=17264773, ['name']="Raptor", ['index']=133, ['level']=25},
    [17264790] = {['id']=17264790, ['name']="YagudoMendican", ['index']=150, ['level']=18},
    [17264791] = {['id']=17264791, ['name']="Yagudo\'sElemen", ['index']=151, ['level']=13},
    [17264792] = {['id']=17264792, ['name']="YagudoTheologi", ['index']=152, ['level']=23},
    [17264883] = {['id']=17264883, ['name']="Bogy", ['index']=243, ['level']=26},
    [17264771] = {['id']=17264771, ['name']="Jubjub", ['index']=131, ['level']=17},
    [17264794] = {['id']=17264794, ['name']="YagudoPriest", ['index']=154, ['level']=23},
    [17264777] = {['id']=17264777, ['name']="NightBats", ['index']=137, ['level']=15},
    [17264770] = {['id']=17264770, ['name']="Jubjub", ['index']=130, ['level']=18},
    [17264863] = {['id']=17264863, ['name']="BlackBat", ['index']=223, ['level']=18},
    [17264872] = {['id']=17264872, ['name']="NightBats", ['index']=232, ['level']=15},
    [17264873] = {['id']=17264873, ['name']="BlackBat", ['index']=233, ['level']=17},
    [17264787] = {['id']=17264787, ['name']="NightBats", ['index']=147, ['level']=15},
    [17264788] = {['id']=17264788, ['name']="BlackBat", ['index']=148, ['level']=17},
    [17264793] = {['id']=17264793, ['name']="YagudoPiper", ['index']=153, ['level']=17},
    [17264781] = {['id']=17264781, ['name']="Jubjub", ['index']=141, ['level']=17},
    [17264784] = {['id']=17264784, ['name']="AxeBeak", ['index']=144, ['level']=27},
    [17264779] = {['id']=17264779, ['name']="Jubjub", ['index']=139, ['level']=18},
    [17264783] = {['id']=17264783, ['name']="Raptor", ['index']=143, ['level']=25},
    [17264780] = {['id']=17264780, ['name']="Jubjub", ['index']=140, ['level']=18},
    [17264753] = {['id']=17264753, ['name']="Jubjub", ['index']=113, ['level']=17},
    [17264772] = {['id']=17264772, ['name']="Raptor", ['index']=132, ['level']=24},
    [17264749] = {['id']=17264749, ['name']="WanderingSapli", ['index']=109, ['level']=15},
    [17264751] = {['id']=17264751, ['name']="Jubjub", ['index']=111, ['level']=17},
    [17264752] = {['id']=17264752, ['name']="Jubjub", ['index']=112, ['level']=17},
    [17264754] = {['id']=17264754, ['name']="Raptor", ['index']=114, ['level']=24},
    [17264748] = {['id']=17264748, ['name']="WanderingSapli", ['index']=108, ['level']=15},
    [17264750] = {['id']=17264750, ['name']="WanderingSapli", ['index']=110, ['level']=16},
    [17264763] = {['id']=17264763, ['name']="YagudoPersecut", ['index']=123, ['level']=18},
    [17264755] = {['id']=17264755, ['name']="Raptor", ['index']=115, ['level']=25},
    [17264806] = {['id']=17264806, ['name']="Jubjub", ['index']=166, ['level']=17},
    [17264801] = {['id']=17264801, ['name']="Raptor", ['index']=161, ['level']=25},
    [17264808] = {['id']=17264808, ['name']="AxeBeak", ['index']=168, ['level']=28},
    [17264805] = {['id']=17264805, ['name']="BlackBat", ['index']=165, ['level']=17},
    [17264804] = {['id']=17264804, ['name']="NightBats", ['index']=164, ['level']=16},
    [17264800] = {['id']=17264800, ['name']="Raptor", ['index']=160, ['level']=24},
    [17264778] = {['id']=17264778, ['name']="BlackBat", ['index']=138, ['level']=17},
    [17264731] = {['id']=17264731, ['name']="Jubjub", ['index']=91, ['level']=17},
    [17264735] = {['id']=17264735, ['name']="AxeBeak", ['index']=95, ['level']=28},
    [17264737] = {['id']=17264737, ['name']="BlackBat", ['index']=97, ['level']=17},
    [17264736] = {['id']=17264736, ['name']="NightBats", ['index']=96, ['level']=16},
    [17264734] = {['id']=17264734, ['name']="HillLizard", ['index']=94, ['level']=21},
    [17264733] = {['id']=17264733, ['name']="HillLizard", ['index']=93, ['level']=21},
    [17264702] = {['id']=17264702, ['name']="GoblinTinkerer", ['index']=62, ['level']=16},
    [17264693] = {['id']=17264693, ['name']="AxeBeak", ['index']=53, ['level']=27},
    [17264687] = {['id']=17264687, ['name']="HillLizard", ['index']=47, ['level']=22},
    [17264710] = {['id']=17264710, ['name']="GoblinButcher", ['index']=70, ['level']=17},
    [17264707] = {['id']=17264707, ['name']="GoblinMugger", ['index']=67, ['level']=21},
    [17264678] = {['id']=17264678, ['name']="NightBats", ['index']=38, ['level']=15},
    [17264679] = {['id']=17264679, ['name']="BlackBat", ['index']=39, ['level']=17},
    [17264681] = {['id']=17264681, ['name']="Bogy", ['index']=41, ['level']=26},
    [17264715] = {['id']=17264715, ['name']="HillLizard", ['index']=75, ['level']=22},
    [17264720] = {['id']=17264720, ['name']="BlackBat", ['index']=80, ['level']=17},
    [17264717] = {['id']=17264717, ['name']="AxeBeak", ['index']=77, ['level']=28},
    [17264722] = {['id']=17264722, ['name']="Chonchon", ['index']=82, ['level']=42},
    [17264716] = {['id']=17264716, ['name']="HillLizard", ['index']=76, ['level']=21},
    [17264695] = {['id']=17264695, ['name']="NightBats", ['index']=55, ['level']=16},
    [17264711] = {['id']=17264711, ['name']="Jubjub", ['index']=71, ['level']=18},
    [17264712] = {['id']=17264712, ['name']="Jubjub", ['index']=72, ['level']=18},
    [17264688] = {['id']=17264688, ['name']="Jubjub", ['index']=48, ['level']=18},
    [17264696] = {['id']=17264696, ['name']="BlackBat", ['index']=56, ['level']=18},
    [17264810] = {['id']=17264810, ['name']="WanderingSapli", ['index']=170, ['level']=15},
    [17264809] = {['id']=17264809, ['name']="WanderingSapli", ['index']=169, ['level']=16},
    [17264815] = {['id']=17264815, ['name']="Raptor", ['index']=175, ['level']=24},
    [17264824] = {['id']=17264824, ['name']="GoblinGambler", ['index']=184, ['level']=22},
    [17264814] = {['id']=17264814, ['name']="Jubjub", ['index']=174, ['level']=17},
    [17264816] = {['id']=17264816, ['name']="Raptor", ['index']=176, ['level']=24},
    [17264817] = {['id']=17264817, ['name']="Raptor", ['index']=177, ['level']=25},
    [17264813] = {['id']=17264813, ['name']="Jubjub", ['index']=173, ['level']=17},
    [17264812] = {['id']=17264812, ['name']="Jubjub", ['index']=172, ['level']=18},
    [17264823] = {['id']=17264823, ['name']="GoblinTinkerer", ['index']=183, ['level']=16},
    [17264820] = {['id']=17264820, ['name']="GoblinMugger", ['index']=180, ['level']=21},
    [17264821] = {['id']=17264821, ['name']="GoblinAmbusher", ['index']=181, ['level']=16},
    [17264822] = {['id']=17264822, ['name']="GoblinLeecher", ['index']=182, ['level']=21},
    [17264828] = {['id']=17264828, ['name']="WaraxeBeak", ['index']=188, ['level']=55},
    [17264811] = {['id']=17264811, ['name']="WanderingSapli", ['index']=171, ['level']=16},
    [17264832] = {['id']=17264832, ['name']="GoblinButcher", ['index']=192, ['level']=16},
    [17264760] = {['id']=17264760, ['name']="YagudoTheologi", ['index']=120, ['level']=22},
    [17264641] = {['id']=17264641, ['name']="WanderingSapli", ['index']=1, ['level']=16},
    [17264645] = {['id']=17264645, ['name']="Jubjub", ['index']=5, ['level']=17},
    [17264651] = {['id']=17264651, ['name']="NightBats", ['index']=11, ['level']=16},
    [17264713] = {['id']=17264713, ['name']="Jubjub", ['index']=73, ['level']=17},
    [17264841] = {['id']=17264841, ['name']="Bogy", ['index']=201, ['level']=26},
    [17264919] = {['id']=17264919, ['name']="Bogy", ['index']=279, ['level']=25},
    [17264933] = {['id']=17264933, ['name']="CraneFly", ['index']=293, ['level']=21},
    [17264939] = {['id']=17264939, ['name']="YagudoVotary", ['index']=299, ['level']=22},
