    [17747976] = {['id']=17747976, ['name']="Olaf", ['index']=8, ['level']=0},
    [17747977] = {['id']=17747977, ['name']="Nogga", ['index']=9, ['level']=0},
    [17747978] = {['id']=17747978, ['name']="Veit", ['index']=10, ['level']=0},
    [17747979] = {['id']=17747979, ['name']="StrikingSnake", ['index']=11, ['level']=0},
    [17747982] = {['id']=17747982, ['name']="Lutia", ['index']=14, ['level']=0},
    [17747983] = {['id']=17747983, ['name']="Chantain", ['index']=15, ['level']=0},
    [17747986] = {['id']=17747986, ['name']="Moyoyo", ['index']=18, ['level']=0},
    [17747987] = {['id']=17747987, ['name']="MihKetto", ['index']=19, ['level']=0},
    [17748005] = {['id']=17748005, ['name']="Tomasa", ['index']=37, ['level']=0},
    [17748006] = {['id']=17748006, ['name']="Ferghus", ['index']=38, ['level']=0},
    [17748007] = {['id']=17748007, ['name']="HungryWolf", ['index']=39, ['level']=0},
    [17748008] = {['id']=17748008, ['name']="Grohm", ['index']=40, ['level']=0},
    [17748011] = {['id']=17748011, ['name']="Cid", ['index']=43, ['level']=0},
    [17748012] = {['id']=17748012, ['name']="Raibaht", ['index']=44, ['level']=0},
    [17748023] = {['id']=17748023, ['name']="Elayne", ['index']=55, ['level']=0},
    [17748026] = {['id']=17748026, ['name']="MightyFist", ['index']=58, ['level']=0},
    [17748028] = {['id']=17748028, ['name']="Krieger", ['index']=60, ['level']=0},
    [17748030] = {['id']=17748030, ['name']="HighBear", ['index']=62, ['level']=0},
    [17748031] = {['id']=17748031, ['name']="Patricius", ['index']=63, ['level']=0},
    [17748062] = {['id']=17748062, ['name']="Quasim", ['index']=94, ['level']=0},
    [17748063] = {['id']=17748063, ['name']="Izabele", ['index']=95, ['level']=0},
    [17748064] = {['id']=17748064, ['name']="Glarociquet,T.", ['index']=96, ['level']=0},
    [17748065] = {['id']=17748065, ['name']="Lexun-Marixun,", ['index']=97, ['level']=0},
    [17748093] = {['id']=17748093, ['name']="InvincibleShie", ['index']=125, ['level']=0},
    [17748094] = {['id']=17748094, ['name']="UdineA.M.A.N.", ['index']=126, ['level']=0},
    [17748131] = {['id']=17748131, ['name']="Vladinek", ['index']=163, ['level']=0},
    [17748164] = {['id']=17748164, ['name']="Helga", ['index']=196, ['level']=0},
    [17748165] = {['id']=17748165, ['name']="Leonhardt", ['index']=197, ['level']=0},
    [17748024] = {['id']=17748024, ['name']="Baldric", ['index']=56, ['level']=0},
    [17748000] = {['id']=17748000, ['name']="Manilam", ['index']=32, ['level']=0},
    [17748001] = {['id']=17748001, ['name']="Remus", ['index']=33, ['level']=0},
    [17747999] = {['id']=17747999, ['name']="Salim", ['index']=31, ['level']=0},
    [17748025] = {['id']=17748025, ['name']="Abbudin", ['index']=57, ['level']=0},
    [17748027] = {['id']=17748027, ['name']="UnluckyRat", ['index']=59, ['level']=0},
    [17748002] = {['id']=17748002, ['name']="Helmut", ['index']=34, ['level']=0},
    [17748168] = {['id']=17748168, ['name']="Hildolf", ['index']=200, ['level']=0},
    [17747975] = {['id']=17747975, ['name']="DarkClouds", ['index']=7, ['level']=0},
    [17748029] = {['id']=17748029, ['name']="Darha", ['index']=61, ['level']=0},
    [17748003] = {['id']=17748003, ['name']="Folzen", ['index']=35, ['level']=0},
    [17747969] = {['id']=17747969, ['name']="ViciousEye", ['index']=1, ['level']=0},
    [17747970] = {['id']=17747970, ['name']="Amulya", ['index']=2, ['level']=0},
    [17747972] = {['id']=17747972, ['name']="WiseOwl", ['index']=4, ['level']=0},
    [17747974] = {['id']=17747974, ['name']="Romero", ['index']=6, ['level']=0},
    [17747973] = {['id']=17747973, ['name']="Hugues", ['index']=5, ['level']=0},
    [17748194] = {['id']=17748194, ['name']="Esvin", ['index']=226, ['level']=0},
    [17747971] = {['id']=17747971, ['name']="Ghemp", ['index']=3, ['level']=0},
    [17748090] = {['id']=17748090, ['name']="Lorena", ['index']=122, ['level']=0},
    [17747984] = {['id']=17747984, ['name']="Patt-Pott", ['index']=16, ['level']=0},
    [17747980] = {['id']=17747980, ['name']="SavaeEPaleade", ['index']=12, ['level']=0},
    [17747981] = {['id']=17747981, ['name']="Riault", ['index']=13, ['level']=0},
    [17748082] = {['id']=17748082, ['name']="Taulluque", ['index']=114, ['level']=0},
    [17748034] = {['id']=17748034, ['name']="Kaela", ['index']=66, ['level']=0},
    [17748033] = {['id']=17748033, ['name']="Fariel", ['index']=65, ['level']=0},
    [17748138] = {['id']=17748138, ['name']="Takiyah", ['index']=170, ['level']=0},
    [17747985] = {['id']=17747985, ['name']="Topuru-Kuperu", ['index']=17, ['level']=0},
    [17747993] = {['id']=17747993, ['name']="Hans", ['index']=25, ['level']=0},
    [17748017] = {['id']=17748017, ['name']="Malduc", ['index']=49, ['level']=0},
    [17748013] = {['id']=17748013, ['name']="Naji", ['index']=45, ['level']=0},
    [17747992] = {['id']=17747992, ['name']="Lucius", ['index']=24, ['level']=0},
    [17748169] = {['id']=17748169, ['name']="CloudWalker", ['index']=201, ['level']=0},
    [17747996] = {['id']=17747996, ['name']="Mythily", ['index']=28, ['level']=0},
    [17747995] = {['id']=17747995, ['name']="Kachina", ['index']=27, ['level']=0},
    [17748016] = {['id']=17748016, ['name']="IronEater", ['index']=48, ['level']=0},
    [17747991] = {['id']=17747991, ['name']="Cerberus", ['index']=23, ['level']=0},
    [17747990] = {['id']=17747990, ['name']="Hadelind", ['index']=22, ['level']=0},
    [17747988] = {['id']=17747988, ['name']="Zenobia", ['index']=20, ['level']=0},
    [17747989] = {['id']=17747989, ['name']="Dietrich", ['index']=21, ['level']=0},
    [17747997] = {['id']=17747997, ['name']="Alois", ['index']=29, ['level']=0},
    [17747998] = {['id']=17747998, ['name']="Mukunda", ['index']=30, ['level']=0},
    [17748032] = {['id']=17748032, ['name']="Indiran", ['index']=64, ['level']=0},
    [17748009] = {['id']=17748009, ['name']="Galina", ['index']=41, ['level']=0},
    [17748010] = {['id']=17748010, ['name']="Karst", ['index']=42, ['level']=0},
    [17747994] = {['id']=17747994, ['name']="Pius", ['index']=26, ['level']=0},
    [17748004] = {['id']=17748004, ['name']="Franziska", ['index']=36, ['level']=0},
    [17748015] = {['id']=17748015, ['name']="Ayame", ['index']=47, ['level']=0},
    [17748022] = {['id']=17748022, ['name']="Romualdo", ['index']=54, ['level']=0},
    [17747969] = {['id']=17747969, ['name']="ViciousEye", ['index']=1, ['level']=0},
    [17747970] = {['id']=17747970, ['name']="Amulya", ['index']=2, ['level']=0},
    [17747971] = {['id']=17747971, ['name']="Ghemp", ['index']=3, ['level']=0},
    [17747972] = {['id']=17747972, ['name']="WiseOwl", ['index']=4, ['level']=0},
    [17747973] = {['id']=17747973, ['name']="Hugues", ['index']=5, ['level']=0},
    [17747974] = {['id']=17747974, ['name']="Romero", ['index']=6, ['level']=0},
    [17747975] = {['id']=17747975, ['name']="DarkClouds", ['index']=7, ['level']=0},
    [17747976] = {['id']=17747976, ['name']="Olaf", ['index']=8, ['level']=0},
    [17747977] = {['id']=17747977, ['name']="Nogga", ['index']=9, ['level']=0},
    [17747978] = {['id']=17747978, ['name']="Veit", ['index']=10, ['level']=0},
    [17747979] = {['id']=17747979, ['name']="StrikingSnake", ['index']=11, ['level']=0},
    [17747980] = {['id']=17747980, ['name']="SavaeEPaleade", ['index']=12, ['level']=0},
    [17747981] = {['id']=17747981, ['name']="Riault", ['index']=13, ['level']=0},
    [17747982] = {['id']=17747982, ['name']="Lutia", ['index']=14, ['level']=0},
    [17747983] = {['id']=17747983, ['name']="Chantain", ['index']=15, ['level']=0},
    [17747984] = {['id']=17747984, ['name']="Patt-Pott", ['index']=16, ['level']=0},
    [17747985] = {['id']=17747985, ['name']="Topuru-Kuperu", ['index']=17, ['level']=0},
    [17747986] = {['id']=17747986, ['name']="Moyoyo", ['index']=18, ['level']=0},
    [17747987] = {['id']=17747987, ['name']="MihKetto", ['index']=19, ['level']=0},
    [17747988] = {['id']=17747988, ['name']="Zenobia", ['index']=20, ['level']=0},
    [17747989] = {['id']=17747989, ['name']="Dietrich", ['index']=21, ['level']=0},
    [17747990] = {['id']=17747990, ['name']="Hadelind", ['index']=22, ['level']=0},
    [17747991] = {['id']=17747991, ['name']="Cerberus", ['index']=23, ['level']=0},
    [17747992] = {['id']=17747992, ['name']="Lucius", ['index']=24, ['level']=0},
    [17747993] = {['id']=17747993, ['name']="Hans", ['index']=25, ['level']=0},
    [17747995] = {['id']=17747995, ['name']="Kachina", ['index']=27, ['level']=0},
    [17747996] = {['id']=17747996, ['name']="Mythily", ['index']=28, ['level']=0},
    [17747999] = {['id']=17747999, ['name']="Salim", ['index']=31, ['level']=0},
    [17748000] = {['id']=17748000, ['name']="Manilam", ['index']=32, ['level']=0},
    [17748001] = {['id']=17748001, ['name']="Remus", ['index']=33, ['level']=0},
    [17748002] = {['id']=17748002, ['name']="Helmut", ['index']=34, ['level']=0},
    [17748003] = {['id']=17748003, ['name']="Folzen", ['index']=35, ['level']=0},
    [17748005] = {['id']=17748005, ['name']="Tomasa", ['index']=37, ['level']=0},
    [17748006] = {['id']=17748006, ['name']="Ferghus", ['index']=38, ['level']=0},
    [17748007] = {['id']=17748007, ['name']="HungryWolf", ['index']=39, ['level']=0},
    [17748008] = {['id']=17748008, ['name']="Grohm", ['index']=40, ['level']=0},
    [17748011] = {['id']=17748011, ['name']="Cid", ['index']=43, ['level']=0},
    [17748012] = {['id']=17748012, ['name']="Raibaht", ['index']=44, ['level']=0},
    [17748013] = {['id']=17748013, ['name']="Naji", ['index']=45, ['level']=0},
    [17748016] = {['id']=17748016, ['name']="IronEater", ['index']=48, ['level']=0},
    [17748017] = {['id']=17748017, ['name']="Malduc", ['index']=49, ['level']=0},
    [17748023] = {['id']=17748023, ['name']="Elayne", ['index']=55, ['level']=0},
    [17748024] = {['id']=17748024, ['name']="Baldric", ['index']=56, ['level']=0},
    [17748025] = {['id']=17748025, ['name']="Abbudin", ['index']=57, ['level']=0},
    [17748026] = {['id']=17748026, ['name']="MightyFist", ['index']=58, ['level']=0},
    [17748027] = {['id']=17748027, ['name']="UnluckyRat", ['index']=59, ['level']=0},
    [17748028] = {['id']=17748028, ['name']="Krieger", ['index']=60, ['level']=0},
    [17748029] = {['id']=17748029, ['name']="Darha", ['index']=61, ['level']=0},
    [17748030] = {['id']=17748030, ['name']="HighBear", ['index']=62, ['level']=0},
    [17748031] = {['id']=17748031, ['name']="Patricius", ['index']=63, ['level']=0},
    [17748033] = {['id']=17748033, ['name']="Fariel", ['index']=65, ['level']=0},
    [17748034] = {['id']=17748034, ['name']="Kaela", ['index']=66, ['level']=0},
    [17748062] = {['id']=17748062, ['name']="Quasim", ['index']=94, ['level']=0},
    [17748063] = {['id']=17748063, ['name']="Izabele", ['index']=95, ['level']=0},
    [17748064] = {['id']=17748064, ['name']="Glarociquet,T.", ['index']=96, ['level']=0},
    [17748065] = {['id']=17748065, ['name']="Lexun-Marixun,", ['index']=97, ['level']=0},
    [17748082] = {['id']=17748082, ['name']="Taulluque", ['index']=114, ['level']=0},
    [17748090] = {['id']=17748090, ['name']="Lorena", ['index']=122, ['level']=0},
    [17748093] = {['id']=17748093, ['name']="InvincibleShie", ['index']=125, ['level']=0},
    [17748094] = {['id']=17748094, ['name']="UdineA.M.A.N.", ['index']=126, ['level']=0},
    [17748131] = {['id']=17748131, ['name']="Vladinek", ['index']=163, ['level']=0},
    [17748138] = {['id']=17748138, ['name']="Takiyah", ['index']=170, ['level']=0},
    [17748164] = {['id']=17748164, ['name']="Helga", ['index']=196, ['level']=0},
    [17748165] = {['id']=17748165, ['name']="Leonhardt", ['index']=197, ['level']=0},
    [17748168] = {['id']=17748168, ['name']="Hildolf", ['index']=200, ['level']=0},
    [17748169] = {['id']=17748169, ['name']="CloudWalker", ['index']=201, ['level']=0},
    [17748194] = {['id']=17748194, ['name']="Esvin", ['index']=226, ['level']=0},
