    [17420291] = {['id']=17420291, ['name']="MoldBats", ['index']=3, ['level']=26},
    [17420293] = {['id']=17420293, ['name']="Stirge", ['index']=5, ['level']=28},
    [17420289] = {['id']=17420289, ['name']="MoldBats", ['index']=1, ['level']=27},
    [17420290] = {['id']=17420290, ['name']="MoldBats", ['index']=2, ['level']=27},
    [17420339] = {['id']=17420339, ['name']="GoblinShaman", ['index']=51, ['level']=31},
    [17420679] = {['id']=17420679, ['name']="GroundsTome", ['index']=391, ['level']=0},
    [17420334] = {['id']=17420334, ['name']="GoblinShaman", ['index']=46, ['level']=31},
    [17420303] = {['id']=17420303, ['name']="GoblinShaman", ['index']=15, ['level']=30},
    [17420298] = {['id']=17420298, ['name']="GoblinShaman", ['index']=10, ['level']=31},
    [17420296] = {['id']=17420296, ['name']="GoblinFurrier", ['index']=8, ['level']=32},
    [17420312] = {['id']=17420312, ['name']="GoblinSmithy", ['index']=24, ['level']=32},
    [17420311] = {['id']=17420311, ['name']="GoblinFurrier", ['index']=23, ['level']=32},
    [17420308] = {['id']=17420308, ['name']="GoblinShaman", ['index']=20, ['level']=31},
    [17420306] = {['id']=17420306, ['name']="GoblinFurrier", ['index']=18, ['level']=30},
    [17420320] = {['id']=17420320, ['name']="GiantGuard", ['index']=32, ['level']=31},
    [17420323] = {['id']=17420323, ['name']="GiantLobber", ['index']=35, ['level']=30},
    [17420314] = {['id']=17420314, ['name']="GiantGatekeepe", ['index']=26, ['level']=30},
    [17420340] = {['id']=17420340, ['name']="MagicPot", ['index']=52, ['level']=28},
    [17420329] = {['id']=17420329, ['name']="GiantLobber", ['index']=41, ['level']=30},
    [17420325] = {['id']=17420325, ['name']="GiantGatekeepe", ['index']=37, ['level']=30},
    [17420535] = {['id']=17420535, ['name']="GoblinPathfind", ['index']=247, ['level']=32},
    [17420536] = {['id']=17420536, ['name']="Goblin\'sBat", ['index']=248, ['level']=24},
    [17420537] = {['id']=17420537, ['name']="GoblinFurrier", ['index']=249, ['level']=33},
    [17420538] = {['id']=17420538, ['name']="GoblinSmithy", ['index']=250, ['level']=34},
    [17420539] = {['id']=17420539, ['name']="GoblinShaman", ['index']=251, ['level']=32},
    [17420540] = {['id']=17420540, ['name']="GoblinPathfind", ['index']=252, ['level']=33},
    [17420541] = {['id']=17420541, ['name']="Goblin\'sBat", ['index']=253, ['level']=23},
    [17420542] = {['id']=17420542, ['name']="GoblinFurrier", ['index']=254, ['level']=34},
    [17420546] = {['id']=17420546, ['name']="GigasJailer", ['index']=258, ['level']=32},
    [17420550] = {['id']=17420550, ['name']="GigasWallwatch", ['index']=262, ['level']=34},
    [17420551] = {['id']=17420551, ['name']="GigasJailer", ['index']=263, ['level']=34},
    [17420556] = {['id']=17420556, ['name']="GigasQuarrier", ['index']=268, ['level']=34},
    [17420557] = {['id']=17420557, ['name']="GigasWallwatch", ['index']=269, ['level']=33},
    [17420561] = {['id']=17420561, ['name']="GigasQuarrier", ['index']=273, ['level']=32},
    [17420563] = {['id']=17420563, ['name']="GigasJailer", ['index']=275, ['level']=33},
    [17420568] = {['id']=17420568, ['name']="TowerBats", ['index']=280, ['level']=27},
    [17420569] = {['id']=17420569, ['name']="TowerBats", ['index']=281, ['level']=28},
    [17420570] = {['id']=17420570, ['name']="BigBat", ['index']=282, ['level']=31},
    [17420571] = {['id']=17420571, ['name']="BigBat", ['index']=283, ['level']=29},
    [17420572] = {['id']=17420572, ['name']="JagdDoll", ['index']=284, ['level']=34},
    [17420573] = {['id']=17420573, ['name']="JagdDoll", ['index']=285, ['level']=34},
    [17420574] = {['id']=17420574, ['name']="ThunderElement", ['index']=286, ['level']=35},
    [17420577] = {['id']=17420577, ['name']="BigBat", ['index']=289, ['level']=29},
    [17420578] = {['id']=17420578, ['name']="BigBat", ['index']=290, ['level']=31},
    [17420579] = {['id']=17420579, ['name']="TowerBats", ['index']=291, ['level']=28},
    [17420581] = {['id']=17420581, ['name']="BigBat", ['index']=293, ['level']=29},
    [17420589] = {['id']=17420589, ['name']="MagicJar", ['index']=301, ['level']=31},
    [17420590] = {['id']=17420590, ['name']="ThunderElement", ['index']=302, ['level']=35},
    [17420592] = {['id']=17420592, ['name']="Ogygos", ['index']=304, ['level']=35},
    [17420594] = {['id']=17420594, ['name']="GigasJailer", ['index']=306, ['level']=34},
    [17420595] = {['id']=17420595, ['name']="GigasWallwatch", ['index']=307, ['level']=33},
    [17420599] = {['id']=17420599, ['name']="GigasQuarrier", ['index']=311, ['level']=33},
    [17420600] = {['id']=17420600, ['name']="GigasWallwatch", ['index']=312, ['level']=34},
    [17420601] = {['id']=17420601, ['name']="GigasJailer", ['index']=313, ['level']=32},
    [17420607] = {['id']=17420607, ['name']="GigasKettlemas", ['index']=319, ['level']=32},
    [17420608] = {['id']=17420608, ['name']="Gigas\'sBats", ['index']=320, ['level']=25},
    [17420609] = {['id']=17420609, ['name']="GigasQuarrier", ['index']=321, ['level']=33},
    [17420610] = {['id']=17420610, ['name']="GigasWallwatch", ['index']=322, ['level']=33},
    [17420615] = {['id']=17420615, ['name']="GoblinPathfind", ['index']=327, ['level']=33},
    [17420616] = {['id']=17420616, ['name']="Goblin\'sBat", ['index']=328, ['level']=25},
    [17420619] = {['id']=17420619, ['name']="GoblinShaman", ['index']=331, ['level']=32},
    [17420622] = {['id']=17420622, ['name']="GoblinFurrier", ['index']=334, ['level']=33},
    [17420625] = {['id']=17420625, ['name']="MagicJar", ['index']=337, ['level']=31},
    [17420626] = {['id']=17420626, ['name']="JagdDoll", ['index']=338, ['level']=34},
    [17420627] = {['id']=17420627, ['name']="ThunderElement", ['index']=339, ['level']=35},
    [17420682] = {['id']=17420682, ['name']="GroundsTome", ['index']=394, ['level']=0},
