    [16879823] = {['id']=16879823, ['name']="SeaboardVultur", ['index']=207, ['level']=84},
    [16879824] = {['id']=16879824, ['name']="SeaboardVultur", ['index']=208, ['level']=83},
    [16879825] = {['id']=16879825, ['name']="SeaboardVultur", ['index']=209, ['level']=83},
    [16879827] = {['id']=16879827, ['name']="SeaboardVultur", ['index']=211, ['level']=84},
    [16879995] = {['id']=16879995, ['name']="SurvivalGuide", ['index']=379, ['level']=0},
    [16879826] = {['id']=16879826, ['name']="SeaboardVultur", ['index']=210, ['level']=84},
    [16879832] = {['id']=16879832, ['name']="SeaboardVultur", ['index']=216, ['level']=83},
    [16879828] = {['id']=16879828, ['name']="SeaboardVultur", ['index']=212, ['level']=83},
    [16879831] = {['id']=16879831, ['name']="SeaboardVultur", ['index']=215, ['level']=84},
    [16879829] = {['id']=16879829, ['name']="SeaboardVultur", ['index']=213, ['level']=84},
    [16879834] = {['id']=16879834, ['name']="Gigantobugard", ['index']=218, ['level']=41},
    [16879830] = {['id']=16879830, ['name']="SeaboardVultur", ['index']=214, ['level']=83},
    [16879835] = {['id']=16879835, ['name']="Gigantobugard", ['index']=219, ['level']=41},
    [16879836] = {['id']=16879836, ['name']="GigasCatapulte", ['index']=220, ['level']=42},
    [16879837] = {['id']=16879837, ['name']="OrcishStonelau", ['index']=221, ['level']=43},
    [16879750] = {['id']=16879750, ['name']="DeathJacket", ['index']=134, ['level']=39},
    [16879739] = {['id']=16879739, ['name']="GigasBraver", ['index']=123, ['level']=42},
    [16879746] = {['id']=16879746, ['name']="Gigantobugard", ['index']=130, ['level']=43},
    [16879749] = {['id']=16879749, ['name']="DeathJacket", ['index']=133, ['level']=40},
    [16879850] = {['id']=16879850, ['name']="Bigclaw", ['index']=234, ['level']=48},
    [16879744] = {['id']=16879744, ['name']="OrcishBowshoot", ['index']=128, ['level']=41},
    [16879738] = {['id']=16879738, ['name']="Gigantobugard", ['index']=122, ['level']=41},
    [16879723] = {['id']=16879723, ['name']="Gigantobugard", ['index']=107, ['level']=42},
    [16879725] = {['id']=16879725, ['name']="Gigantobugard", ['index']=109, ['level']=41},
    [16879731] = {['id']=16879731, ['name']="OrcishTrooper", ['index']=115, ['level']=41},
    [16879727] = {['id']=16879727, ['name']="GigasWarwolf", ['index']=111, ['level']=41},
    [16879733] = {['id']=16879733, ['name']="Gigas'sSheep", ['index']=117, ['level']=35},
    [16879724] = {['id']=16879724, ['name']="Gigantobugard", ['index']=108, ['level']=40},
    [16879730] = {['id']=16879730, ['name']="OrcishFootsold", ['index']=114, ['level']=41},
    [16879726] = {['id']=16879726, ['name']="GigasBraver", ['index']=110, ['level']=41},
    [16879747] = {['id']=16879747, ['name']="DeathJacket", ['index']=131, ['level']=37},
    [16879748] = {['id']=16879748, ['name']="DeathJacket", ['index']=132, ['level']=40},
    [16879786] = {['id']=16879786, ['name']="OrcishGladiato", ['index']=170, ['level']=41},
    [16879781] = {['id']=16879781, ['name']="GigasBraver", ['index']=165, ['level']=43},
    [16879782] = {['id']=16879782, ['name']="GigasMartialis", ['index']=166, ['level']=43},
    [16879784] = {['id']=16879784, ['name']="GigasCatapulte", ['index']=168, ['level']=42},
    [16879771] = {['id']=16879771, ['name']="GigasCatapulte", ['index']=155, ['level']=43},
    [16879790] = {['id']=16879790, ['name']="OrcishStonelau", ['index']=174, ['level']=46},
    [16879768] = {['id']=16879768, ['name']="GigasBraver", ['index']=152, ['level']=43},
    [16879773] = {['id']=16879773, ['name']="OrcishGladiato", ['index']=157, ['level']=41},
    [16879765] = {['id']=16879765, ['name']="Gigantobugard", ['index']=149, ['level']=43},
    [16879767] = {['id']=16879767, ['name']="Gigantobugard", ['index']=151, ['level']=41},
    [16879774] = {['id']=16879774, ['name']="OrcishTrooper", ['index']=158, ['level']=41},
    [16879766] = {['id']=16879766, ['name']="Gigantobugard", ['index']=150, ['level']=42},
    [16879791] = {['id']=16879791, ['name']="DeathJacket", ['index']=175, ['level']=40},
    [16879795] = {['id']=16879795, ['name']="Mantrap", ['index']=179, ['level']=47},
    [16879796] = {['id']=16879796, ['name']="Mantrap", ['index']=180, ['level']=46},
    [16879794] = {['id']=16879794, ['name']="Mantrap", ['index']=178, ['level']=46},
    [16879797] = {['id']=16879797, ['name']="OvergrownRose", ['index']=181, ['level']=48},
    [16879792] = {['id']=16879792, ['name']="Mantrap", ['index']=176, ['level']=45},
    [16879793] = {['id']=16879793, ['name']="Mantrap", ['index']=177, ['level']=47},
    [16879807] = {['id']=16879807, ['name']="OvergrownRose", ['index']=191, ['level']=49},
    [16879802] = {['id']=16879802, ['name']="Mantrap", ['index']=186, ['level']=48},
    [16879805] = {['id']=16879805, ['name']="Mantrap", ['index']=189, ['level']=48},
    [16879804] = {['id']=16879804, ['name']="Mantrap", ['index']=188, ['level']=45},
    [16879810] = {['id']=16879810, ['name']="Upyri", ['index']=194, ['level']=45},
    [16879801] = {['id']=16879801, ['name']="Mantrap", ['index']=185, ['level']=48},
    [16879806] = {['id']=16879806, ['name']="OvergrownRose", ['index']=190, ['level']=49},
    [16879800] = {['id']=16879800, ['name']="Mantrap", ['index']=184, ['level']=47},
    [16879803] = {['id']=16879803, ['name']="Mantrap", ['index']=187, ['level']=48},
    [16879846] = {['id']=16879846, ['name']="Mantrap", ['index']=230, ['level']=46},
    [16879849] = {['id']=16879849, ['name']="Diatryma", ['index']=233, ['level']=47},
    [16879872] = {['id']=16879872, ['name']="Mantrap", ['index']=256, ['level']=48},
    [16879873] = {['id']=16879873, ['name']="Diatryma", ['index']=257, ['level']=47},
    [16879874] = {['id']=16879874, ['name']="Bigclaw", ['index']=258, ['level']=48},
    [16879875] = {['id']=16879875, ['name']="Bigclaw", ['index']=259, ['level']=46},
    [16879999] = {['id']=16879999, ['name']="UndulatingConf", ['index']=383, ['level']=0},
    [16879868] = {['id']=16879868, ['name']="Diatryma", ['index']=252, ['level']=47},
    [16879870] = {['id']=16879870, ['name']="Bigclaw", ['index']=254, ['level']=45},
    [16879793] = {['id']=16879793, ['name']="Mantrap", ['index']=177, ['level']=49},
    [16879795] = {['id']=16879795, ['name']="Mantrap", ['index']=179, ['level']=46},
    [16879797] = {['id']=16879797, ['name']="OvergrownRose", ['index']=181, ['level']=47},
    [16879824] = {['id']=16879824, ['name']="SeaboardVultur", ['index']=208, ['level']=84},
    [16879830] = {['id']=16879830, ['name']="SeaboardVultur", ['index']=214, ['level']=84},
    [16879831] = {['id']=16879831, ['name']="SeaboardVultur", ['index']=215, ['level']=83},
    [16879832] = {['id']=16879832, ['name']="SeaboardVultur", ['index']=216, ['level']=84},
    [16879834] = {['id']=16879834, ['name']="Gigantobugard", ['index']=218, ['level']=42},
    [16879835] = {['id']=16879835, ['name']="Gigantobugard", ['index']=219, ['level']=41},
    [16879836] = {['id']=16879836, ['name']="GigasCatapulte", ['index']=220, ['level']=42},
    [16879837] = {['id']=16879837, ['name']="OrcishStonelau", ['index']=221, ['level']=45},
    [16879995] = {['id']=16879995, ['name']="SurvivalGuide", ['index']=379, ['level']=0},
    [16879827] = {['id']=16879827, ['name']="SeaboardVultur", ['index']=211, ['level']=83},
    [16879828] = {['id']=16879828, ['name']="SeaboardVultur", ['index']=212, ['level']=84},
    [16879796] = {['id']=16879796, ['name']="Mantrap", ['index']=180, ['level']=48},
    [16879823] = {['id']=16879823, ['name']="SeaboardVultur", ['index']=207, ['level']=84},
    [16879825] = {['id']=16879825, ['name']="SeaboardVultur", ['index']=209, ['level']=83},
    [16879826] = {['id']=16879826, ['name']="SeaboardVultur", ['index']=210, ['level']=83},
    [16879829] = {['id']=16879829, ['name']="SeaboardVultur", ['index']=213, ['level']=84},
    [16879749] = {['id']=16879749, ['name']="DeathJacket", ['index']=133, ['level']=39},
    [16879750] = {['id']=16879750, ['name']="DeathJacket", ['index']=134, ['level']=37},
    [16879839] = {['id']=16879839, ['name']="Diatryma", ['index']=223, ['level']=47},
    [16879844] = {['id']=16879844, ['name']="Mantrap", ['index']=228, ['level']=49},
    [16879840] = {['id']=16879840, ['name']="Diatryma", ['index']=224, ['level']=49},
    [16879845] = {['id']=16879845, ['name']="Mantrap", ['index']=229, ['level']=46},
    [16879846] = {['id']=16879846, ['name']="Mantrap", ['index']=230, ['level']=46},
    [16879849] = {['id']=16879849, ['name']="Diatryma", ['index']=233, ['level']=49},
    [16879868] = {['id']=16879868, ['name']="Diatryma", ['index']=252, ['level']=47},
    [16879870] = {['id']=16879870, ['name']="Bigclaw", ['index']=254, ['level']=48},
    [16879872] = {['id']=16879872, ['name']="Mantrap", ['index']=256, ['level']=46},
    [16879873] = {['id']=16879873, ['name']="Diatryma", ['index']=257, ['level']=49},
    [16879874] = {['id']=16879874, ['name']="Bigclaw", ['index']=258, ['level']=47},
    [16879875] = {['id']=16879875, ['name']="Bigclaw", ['index']=259, ['level']=45},
    [16879999] = {['id']=16879999, ['name']="UndulatingConf", ['index']=383, ['level']=0},
    [16879842] = {['id']=16879842, ['name']="Diatryma", ['index']=226, ['level']=48},
    [16879843] = {['id']=16879843, ['name']="Mantrap", ['index']=227, ['level']=46},
    [16879841] = {['id']=16879841, ['name']="Diatryma", ['index']=225, ['level']=48},
    [16879877] = {['id']=16879877, ['name']="Mantrap", ['index']=261, ['level']=48},
    [16879876] = {['id']=16879876, ['name']="Makara", ['index']=260, ['level']=49},
    [16879883] = {['id']=16879883, ['name']="Diatryma", ['index']=267, ['level']=51},
    [16879879] = {['id']=16879879, ['name']="Bigclaw", ['index']=263, ['level']=47},
    [16879880] = {['id']=16879880, ['name']="Makara", ['index']=264, ['level']=48},
    [16879878] = {['id']=16879878, ['name']="Bigclaw", ['index']=262, ['level']=45},
    [16879882] = {['id']=16879882, ['name']="Makara", ['index']=266, ['level']=47},
    [16879881] = {['id']=16879881, ['name']="Diatryma", ['index']=265, ['level']=51},
    [16879884] = {['id']=16879884, ['name']="Mantrap", ['index']=268, ['level']=47},
    [16879885] = {['id']=16879885, ['name']="Mantrap", ['index']=269, ['level']=49},
    [16879890] = {['id']=16879890, ['name']="Mantrap", ['index']=274, ['level']=48},
    [16879891] = {['id']=16879891, ['name']="Diatryma", ['index']=275, ['level']=50},
    [16879892] = {['id']=16879892, ['name']="Mantrap", ['index']=276, ['level']=47},
    [16879871] = {['id']=16879871, ['name']="Makara", ['index']=255, ['level']=48},
    [16879864] = {['id']=16879864, ['name']="Bigclaw", ['index']=248, ['level']=46},
    [16879867] = {['id']=16879867, ['name']="Makara", ['index']=251, ['level']=46},
    [16879863] = {['id']=16879863, ['name']="Bigclaw", ['index']=247, ['level']=45},
    [16879866] = {['id']=16879866, ['name']="Makara", ['index']=250, ['level']=49},
    [16879746] = {['id']=16879746, ['name']="Gigantobugard", ['index']=130, ['level']=41},
    [16879850] = {['id']=16879850, ['name']="Bigclaw", ['index']=234, ['level']=46},
    [16879856] = {['id']=16879856, ['name']="Bigclaw", ['index']=240, ['level']=45},
    [16879857] = {['id']=16879857, ['name']="Bigclaw", ['index']=241, ['level']=46},
    [16879858] = {['id']=16879858, ['name']="Bigclaw", ['index']=242, ['level']=47},
    [16879859] = {['id']=16879859, ['name']="Makara", ['index']=243, ['level']=49},
    [16879860] = {['id']=16879860, ['name']="Makara", ['index']=244, ['level']=46},
    [16879861] = {['id']=16879861, ['name']="Makara", ['index']=245, ['level']=46},
    [16879862] = {['id']=16879862, ['name']="Makara", ['index']=246, ['level']=48},
    [16879852] = {['id']=16879852, ['name']="Bigclaw", ['index']=236, ['level']=48},
    [16879855] = {['id']=16879855, ['name']="Makara", ['index']=239, ['level']=48},
    [16879851] = {['id']=16879851, ['name']="Bigclaw", ['index']=235, ['level']=46},
    [16879854] = {['id']=16879854, ['name']="Makara", ['index']=238, ['level']=48},
    [16879853] = {['id']=16879853, ['name']="Bigclaw", ['index']=237, ['level']=46},
    [16879723] = {['id']=16879723, ['name']="Gigantobugard", ['index']=107, ['level']=40},
    [16879727] = {['id']=16879727, ['name']="GigasWarwolf", ['index']=111, ['level']=44},
    [16879733] = {['id']=16879733, ['name']="Gigas\'sSheep", ['index']=117, ['level']=34},
    [16879738] = {['id']=16879738, ['name']="Gigantobugard", ['index']=122, ['level']=40},
    [16879739] = {['id']=16879739, ['name']="GigasBraver", ['index']=123, ['level']=42},
    [16879745] = {['id']=16879745, ['name']="Gigas\'sSheep", ['index']=129, ['level']=36},
    [16879740] = {['id']=16879740, ['name']="GigasWarwolf", ['index']=124, ['level']=41},
    [16879743] = {['id']=16879743, ['name']="OrcishTrooper", ['index']=127, ['level']=41},
    [16879724] = {['id']=16879724, ['name']="Gigantobugard", ['index']=108, ['level']=42},
    [16879725] = {['id']=16879725, ['name']="Gigantobugard", ['index']=109, ['level']=42},
    [16879730] = {['id']=16879730, ['name']="OrcishFootsold", ['index']=114, ['level']=43},
    [16879731] = {['id']=16879731, ['name']="OrcishTrooper", ['index']=115, ['level']=42},
    [16879736] = {['id']=16879736, ['name']="Gigantobugard", ['index']=120, ['level']=41},
    [16879735] = {['id']=16879735, ['name']="OrcishGladiato", ['index']=119, ['level']=44},
    [16879726] = {['id']=16879726, ['name']="GigasBraver", ['index']=110, ['level']=42},
    [16879729] = {['id']=16879729, ['name']="OrcishStonelau", ['index']=113, ['level']=46},
    [16879747] = {['id']=16879747, ['name']="DeathJacket", ['index']=131, ['level']=37},
    [16879748] = {['id']=16879748, ['name']="DeathJacket", ['index']=132, ['level']=37},
    [16879721] = {['id']=16879721, ['name']="DeathJacket", ['index']=105, ['level']=40},
    [16879720] = {['id']=16879720, ['name']="DeathJacket", ['index']=104, ['level']=39},
    [16879702] = {['id']=16879702, ['name']="Gigantobugard", ['index']=86, ['level']=43},
    [16879713] = {['id']=16879713, ['name']="SeaboardVultur", ['index']=97, ['level']=83},
    [16879701] = {['id']=16879701, ['name']="Gigantobugard", ['index']=85, ['level']=40},
    [16879704] = {['id']=16879704, ['name']="GigasMartialis", ['index']=88, ['level']=43},
    [16879706] = {['id']=16879706, ['name']="OrcishTrooper", ['index']=90, ['level']=42},
    [16879714] = {['id']=16879714, ['name']="SeaboardVultur", ['index']=98, ['level']=84},
    [16879708] = {['id']=16879708, ['name']="Gigantobugard", ['index']=92, ['level']=42},
    [16879717] = {['id']=16879717, ['name']="SeaboardVultur", ['index']=101, ['level']=84},
    [16879709] = {['id']=16879709, ['name']="SeaboardVultur", ['index']=93, ['level']=83},
    [16879711] = {['id']=16879711, ['name']="SeaboardVultur", ['index']=95, ['level']=84},
    [16879712] = {['id']=16879712, ['name']="SeaboardVultur", ['index']=96, ['level']=84},
    [16879710] = {['id']=16879710, ['name']="SeaboardVultur", ['index']=94, ['level']=84},
    [16879718] = {['id']=16879718, ['name']="SeaboardVultur", ['index']=102, ['level']=84},
    [16879716] = {['id']=16879716, ['name']="SeaboardVultur", ['index']=100, ['level']=83},
    [16879715] = {['id']=16879715, ['name']="SeaboardVultur", ['index']=99, ['level']=84},
    [16879719] = {['id']=16879719, ['name']="SeaboardVultur", ['index']=103, ['level']=84},
    [16879705] = {['id']=16879705, ['name']="OrcishStonelau", ['index']=89, ['level']=45},
    [16879698] = {['id']=16879698, ['name']="SeaboardVultur", ['index']=82, ['level']=83},
    [16879696] = {['id']=16879696, ['name']="SeaboardVultur", ['index']=80, ['level']=83},
    [16879699] = {['id']=16879699, ['name']="SeaboardVultur", ['index']=83, ['level']=83},
    [16879700] = {['id']=16879700, ['name']="SeaboardVultur", ['index']=84, ['level']=84},
    [16879697] = {['id']=16879697, ['name']="SeaboardVultur", ['index']=81, ['level']=84},
    [16879694] = {['id']=16879694, ['name']="SeaboardVultur", ['index']=78, ['level']=83},
    [16879693] = {['id']=16879693, ['name']="SeaboardVultur", ['index']=77, ['level']=84},
    [16879691] = {['id']=16879691, ['name']="SeaboardVultur", ['index']=75, ['level']=83},
    [16879695] = {['id']=16879695, ['name']="SeaboardVultur", ['index']=79, ['level']=83},
    [16879692] = {['id']=16879692, ['name']="SeaboardVultur", ['index']=76, ['level']=83},
    [16879904] = {['id']=16879904, ['name']="Tsui-Goab", ['index']=288, ['level']=65},
    [16879787] = {['id']=16879787, ['name']="OrcishTrooper", ['index']=171, ['level']=43},
    [16879774] = {['id']=16879774, ['name']="OrcishTrooper", ['index']=158, ['level']=44},
    [16879783] = {['id']=16879783, ['name']="GigasWarwolf", ['index']=167, ['level']=44},
    [16879784] = {['id']=16879784, ['name']="GigasCatapulte", ['index']=168, ['level']=44},
    [16879785] = {['id']=16879785, ['name']="OrcishFootsold", ['index']=169, ['level']=43},
    [16879789] = {['id']=16879789, ['name']="Gigas\'sSheep", ['index']=173, ['level']=34},
    [16879790] = {['id']=16879790, ['name']="OrcishStonelau", ['index']=174, ['level']=45},
    [16879779] = {['id']=16879779, ['name']="Gigantobugard", ['index']=163, ['level']=43},
    [16879778] = {['id']=16879778, ['name']="Gigantobugard", ['index']=162, ['level']=40},
    [16879780] = {['id']=16879780, ['name']="Gigantobugard", ['index']=164, ['level']=40},
    [16879759] = {['id']=16879759, ['name']="Gigantobugard", ['index']=143, ['level']=40},
    [16879765] = {['id']=16879765, ['name']="Gigantobugard", ['index']=149, ['level']=40},
    [16879766] = {['id']=16879766, ['name']="Gigantobugard", ['index']=150, ['level']=40},
    [16879791] = {['id']=16879791, ['name']="DeathJacket", ['index']=175, ['level']=40},
    [16879754] = {['id']=16879754, ['name']="GigasCatapulte", ['index']=138, ['level']=44},
    [16879763] = {['id']=16879763, ['name']="OrcishTrooper", ['index']=147, ['level']=44},
    [16879756] = {['id']=16879756, ['name']="OrcishGladiato", ['index']=140, ['level']=44},
    [16879751] = {['id']=16879751, ['name']="Gigantobugard", ['index']=135, ['level']=42},
    [16879752] = {['id']=16879752, ['name']="Gigantobugard", ['index']=136, ['level']=41},
    [16879753] = {['id']=16879753, ['name']="GigasBraver", ['index']=137, ['level']=41},
    [16879690] = {['id']=16879690, ['name']="Gigantobugard", ['index']=74, ['level']=41},
    [16879687] = {['id']=16879687, ['name']="VampireBat", ['index']=71, ['level']=44},
    [16879688] = {['id']=16879688, ['name']="Wingrats", ['index']=72, ['level']=43},
    [16879686] = {['id']=16879686, ['name']="VampireBat", ['index']=70, ['level']=44},
    [16879685] = {['id']=16879685, ['name']="MinerBee", ['index']=69, ['level']=34},
    [16879655] = {['id']=16879655, ['name']="TavnazianSheep", ['index']=39, ['level']=35},
    [16879651] = {['id']=16879651, ['name']="MinerBee", ['index']=35, ['level']=34},
    [16879652] = {['id']=16879652, ['name']="MinerBee", ['index']=36, ['level']=31},
    [16879650] = {['id']=16879650, ['name']="MinerBee", ['index']=34, ['level']=31},
    [16879653] = {['id']=16879653, ['name']="Bugard", ['index']=37, ['level']=36},
    [16879654] = {['id']=16879654, ['name']="Bugard", ['index']=38, ['level']=36},
    [16879656] = {['id']=16879656, ['name']="TavnazianSheep", ['index']=40, ['level']=35},
    [16879684] = {['id']=16879684, ['name']="MinerBee", ['index']=68, ['level']=34},
    [16879649] = {['id']=16879649, ['name']="MinerBee", ['index']=33, ['level']=33},
    [16879638] = {['id']=16879638, ['name']="Bugard", ['index']=22, ['level']=34},
    [16879636] = {['id']=16879636, ['name']="MinerBee", ['index']=20, ['level']=32},
    [16879637] = {['id']=16879637, ['name']="MinerBee", ['index']=21, ['level']=33},
    [16879628] = {['id']=16879628, ['name']="Bugard", ['index']=12, ['level']=36},
    [16879629] = {['id']=16879629, ['name']="TavnazianSheep", ['index']=13, ['level']=33},
    [16879630] = {['id']=16879630, ['name']="TavnazianSheep", ['index']=14, ['level']=36},
    [16879631] = {['id']=16879631, ['name']="MinerBee", ['index']=15, ['level']=31},
    [16879632] = {['id']=16879632, ['name']="MinerBee", ['index']=16, ['level']=33},
    [16879633] = {['id']=16879633, ['name']="Bugard", ['index']=17, ['level']=36},
    [16879634] = {['id']=16879634, ['name']="TavnazianSheep", ['index']=18, ['level']=34},
    [16879635] = {['id']=16879635, ['name']="TavnazianSheep", ['index']=19, ['level']=35},
    [16879644] = {['id']=16879644, ['name']="Bugard", ['index']=28, ['level']=36},
    [16879626] = {['id']=16879626, ['name']="MinerBee", ['index']=10, ['level']=33},
    [16879627] = {['id']=16879627, ['name']="MinerBee", ['index']=11, ['level']=34},
    [16879659] = {['id']=16879659, ['name']="MinerBee", ['index']=43, ['level']=31},
    [16879658] = {['id']=16879658, ['name']="MinerBee", ['index']=42, ['level']=33},
    [16879674] = {['id']=16879674, ['name']="CrimsonKnight", ['index']=58, ['level']=34},
    [16879673] = {['id']=16879673, ['name']="CrimsonKnight", ['index']=57, ['level']=33},
    [16879661] = {['id']=16879661, ['name']="Bugard", ['index']=45, ['level']=37},
    [16879671] = {['id']=16879671, ['name']="CrimsonKnight", ['index']=55, ['level']=35},
    [16879672] = {['id']=16879672, ['name']="CrimsonKnight", ['index']=56, ['level']=33},
    [16879663] = {['id']=16879663, ['name']="TavnazianSheep", ['index']=47, ['level']=36},
    [16879665] = {['id']=16879665, ['name']="Goaftrap", ['index']=49, ['level']=51},
    [16879664] = {['id']=16879664, ['name']="TavnazianSheep", ['index']=48, ['level']=33},
    [16879660] = {['id']=16879660, ['name']="Bugard", ['index']=44, ['level']=35},
    [16879625] = {['id']=16879625, ['name']="TavnazianSheep", ['index']=9, ['level']=34},
    [16879622] = {['id']=16879622, ['name']="MinerBee", ['index']=6, ['level']=33},
    [16879623] = {['id']=16879623, ['name']="MinerBee", ['index']=7, ['level']=34},
    [16879624] = {['id']=16879624, ['name']="TavnazianSheep", ['index']=8, ['level']=35},
    [16879642] = {['id']=16879642, ['name']="TavnazianSheep", ['index']=26, ['level']=37},
    [16879640] = {['id']=16879640, ['name']="MinerBee", ['index']=24, ['level']=33},
    [16879643] = {['id']=16879643, ['name']="MinerBee", ['index']=27, ['level']=31},
    [16879645] = {['id']=16879645, ['name']="TavnazianSheep", ['index']=29, ['level']=35},
    [16879648] = {['id']=16879648, ['name']="TavnazianSheep", ['index']=32, ['level']=35},
    [16879647] = {['id']=16879647, ['name']="Bugard", ['index']=31, ['level']=35},
    [16879646] = {['id']=16879646, ['name']="MinerBee", ['index']=30, ['level']=34},
    [16879773] = {['id']=16879773, ['name']="OrcishGladiato", ['index']=157, ['level']=43},
    [16879769] = {['id']=16879769, ['name']="GigasMartialis", ['index']=153, ['level']=44},
    [16879775] = {['id']=16879775, ['name']="OrcishBowshoot", ['index']=159, ['level']=43},
    [16879792] = {['id']=16879792, ['name']="Mantrap", ['index']=176, ['level']=48},
    [16879794] = {['id']=16879794, ['name']="Mantrap", ['index']=178, ['level']=48},
    [16879800] = {['id']=16879800, ['name']="Mantrap", ['index']=184, ['level']=46},
    [16879801] = {['id']=16879801, ['name']="Mantrap", ['index']=185, ['level']=45},
    [16879802] = {['id']=16879802, ['name']="Mantrap", ['index']=186, ['level']=45},
    [16879803] = {['id']=16879803, ['name']="Mantrap", ['index']=187, ['level']=49},
    [16879804] = {['id']=16879804, ['name']="Mantrap", ['index']=188, ['level']=46},
    [16879805] = {['id']=16879805, ['name']="Mantrap", ['index']=189, ['level']=47},
    [16879806] = {['id']=16879806, ['name']="OvergrownRose", ['index']=190, ['level']=49},
    [16879807] = {['id']=16879807, ['name']="OvergrownRose", ['index']=191, ['level']=47},
