    [17027152] = {['id']=17027152, ['name']="MagmaticEruca", ['index']=80, ['level']=74},
    [17027318] = {['id']=17027318, ['name']="EbonyPudding", ['index']=246, ['level']=80},
    [17027320] = {['id']=17027320, ['name']="EbonyPudding", ['index']=248, ['level']=80},
    [17027319] = {['id']=17027319, ['name']="EbonyPudding", ['index']=247, ['level']=79},
    [17027321] = {['id']=17027321, ['name']="EbonyPudding", ['index']=249, ['level']=80},
    [17027322] = {['id']=17027322, ['name']="EbonyPudding", ['index']=250, ['level']=80},
    [17027207] = {['id']=17027207, ['name']="MountainClot", ['index']=135, ['level']=74},
    [17027202] = {['id']=17027202, ['name']="WamouraPrince", ['index']=130, ['level']=79},
    [17027190] = {['id']=17027190, ['name']="MountainClot", ['index']=118, ['level']=75},
    [17027206] = {['id']=17027206, ['name']="SweepingCluste", ['index']=134, ['level']=78},
    [17027201] = {['id']=17027201, ['name']="Wamoura", ['index']=129, ['level']=80},
    [17027199] = {['id']=17027199, ['name']="WamouraPrince", ['index']=127, ['level']=80},
    [17027196] = {['id']=17027196, ['name']="WamouraPrince", ['index']=124, ['level']=81},
    [17027204] = {['id']=17027204, ['name']="WamouraPrince", ['index']=132, ['level']=81},
    [17027203] = {['id']=17027203, ['name']="WamouraPrince", ['index']=131, ['level']=80},
    [17027205] = {['id']=17027205, ['name']="SweepingCluste", ['index']=133, ['level']=78},
    [17027191] = {['id']=17027191, ['name']="MountainClot", ['index']=119, ['level']=75},
    [17027194] = {['id']=17027194, ['name']="MountainClot", ['index']=122, ['level']=75},
    [17027195] = {['id']=17027195, ['name']="MountainClot", ['index']=123, ['level']=74},
    [17027198] = {['id']=17027198, ['name']="Wamoura", ['index']=126, ['level']=80},
    [17027543] = {['id']=17027543, ['name']="Bapokk", ['index']=471, ['level']=0},
    [17027435] = {['id']=17027435, ['name']="WamouraPrince", ['index']=363, ['level']=81},
    [17027457] = {['id']=17027457, ['name']="Dahak", ['index']=385, ['level']=82},
    [17027438] = {['id']=17027438, ['name']="WamouraPrince", ['index']=366, ['level']=80},
    [17027437] = {['id']=17027437, ['name']="WamouraPrince", ['index']=365, ['level']=80},
    [17027439] = {['id']=17027439, ['name']="ScoriaceousEru", ['index']=367, ['level']=88},
    [17027442] = {['id']=17027442, ['name']="ScoriaceousEru", ['index']=370, ['level']=89},
    [17027443] = {['id']=17027443, ['name']="ScoriaceousEru", ['index']=371, ['level']=89},
    [17027444] = {['id']=17027444, ['name']="ScoriaceousEru", ['index']=372, ['level']=88},
    [17027447] = {['id']=17027447, ['name']="ScoriaceousEru", ['index']=375, ['level']=88},
    [17027448] = {['id']=17027448, ['name']="ScoriaceousEru", ['index']=376, ['level']=88},
    [17027449] = {['id']=17027449, ['name']="ScoriaceousEru", ['index']=377, ['level']=88},
    [17027450] = {['id']=17027450, ['name']="ScoriaceousEru", ['index']=378, ['level']=88},
    [17027456] = {['id']=17027456, ['name']="Dahak", ['index']=384, ['level']=81},
    [17027455] = {['id']=17027455, ['name']="Dahak", ['index']=383, ['level']=81},
    [17027452] = {['id']=17027452, ['name']="ScoriaceousEru", ['index']=380, ['level']=88},
    [17027451] = {['id']=17027451, ['name']="ScoriaceousEru", ['index']=379, ['level']=89},
    [17027445] = {['id']=17027445, ['name']="ScoriaceousEru", ['index']=373, ['level']=88},
    [17027453] = {['id']=17027453, ['name']="ScoriaceousEru", ['index']=381, ['level']=88},
    [17027434] = {['id']=17027434, ['name']="WamouraPrince", ['index']=362, ['level']=80},
    [17027433] = {['id']=17027433, ['name']="WamouraPrince", ['index']=361, ['level']=81},
    [17027431] = {['id']=17027431, ['name']="WamouraPrince", ['index']=359, ['level']=79},
    [17027454] = {['id']=17027454, ['name']="Dahak", ['index']=382, ['level']=81},
    [17027430] = {['id']=17027430, ['name']="WamouraPrince", ['index']=358, ['level']=80},
    [17027426] = {['id']=17027426, ['name']="Wamoura", ['index']=354, ['level']=81},
    [17027427] = {['id']=17027427, ['name']="WamouraPrince", ['index']=355, ['level']=81},
    [17027429] = {['id']=17027429, ['name']="Wamoura", ['index']=357, ['level']=80},
    [17027415] = {['id']=17027415, ['name']="WamouraPrince", ['index']=343, ['level']=79},
    [17027420] = {['id']=17027420, ['name']="Wamoura", ['index']=348, ['level']=82},
    [17027414] = {['id']=17027414, ['name']="WamouraPrince", ['index']=342, ['level']=81},
    [17027422] = {['id']=17027422, ['name']="Wamoura", ['index']=350, ['level']=82},
    [17027413] = {['id']=17027413, ['name']="WamouraPrince", ['index']=341, ['level']=81},
    [17027416] = {['id']=17027416, ['name']="WamouraPrince", ['index']=344, ['level']=81},
    [17027423] = {['id']=17027423, ['name']="Ignamoth", ['index']=351, ['level']=84},
    [17027418] = {['id']=17027418, ['name']="Wamoura", ['index']=346, ['level']=81},
    [17027412] = {['id']=17027412, ['name']="WamouraPrince", ['index']=340, ['level']=79},
    [17027410] = {['id']=17027410, ['name']="SweepingCluste", ['index']=338, ['level']=77},
    [17027411] = {['id']=17027411, ['name']="EbonyPudding", ['index']=339, ['level']=80},
    [17027409] = {['id']=17027409, ['name']="SweepingCluste", ['index']=337, ['level']=77},
    [17027408] = {['id']=17027408, ['name']="SweepingCluste", ['index']=336, ['level']=77},
    [17027407] = {['id']=17027407, ['name']="EbonyPudding", ['index']=335, ['level']=79},
    [17027406] = {['id']=17027406, ['name']="SweepingCluste", ['index']=334, ['level']=78},
    [17027405] = {['id']=17027405, ['name']="SweepingCluste", ['index']=333, ['level']=78},
    [17027404] = {['id']=17027404, ['name']="WamouraPrince", ['index']=332, ['level']=79},
    [17027403] = {['id']=17027403, ['name']="WamouraPrince", ['index']=331, ['level']=79},
    [17027396] = {['id']=17027396, ['name']="Orichalcumshell", ['index']=324, ['level']=88},
    [17027395] = {['id']=17027395, ['name']="Orichalcumshell", ['index']=323, ['level']=88},
    [17027393] = {['id']=17027393, ['name']="Orichalcumshell", ['index']=321, ['level']=89},
    [17027399] = {['id']=17027399, ['name']="Orichalcumshell", ['index']=327, ['level']=88},
    [17027394] = {['id']=17027394, ['name']="Orichalcumshell", ['index']=322, ['level']=88},
    [17027400] = {['id']=17027400, ['name']="Orichalcumshell", ['index']=328, ['level']=89},
    [17027402] = {['id']=17027402, ['name']="Orichalcumshell", ['index']=330, ['level']=89},
    [17027401] = {['id']=17027401, ['name']="Orichalcumshell", ['index']=329, ['level']=88},
    [17027392] = {['id']=17027392, ['name']="Orichalcumshell", ['index']=320, ['level']=89},
    [17027391] = {['id']=17027391, ['name']="Orichalcumshell", ['index']=319, ['level']=89},
    [17027373] = {['id']=17027373, ['name']="WamouraPrince", ['index']=301, ['level']=80},
    [17027375] = {['id']=17027375, ['name']="WamouraPrince", ['index']=303, ['level']=79},
    [17027376] = {['id']=17027376, ['name']="KingApkallu", ['index']=304, ['level']=79},
    [17027388] = {['id']=17027388, ['name']="Orichalcumshell", ['index']=316, ['level']=88},
    [17027389] = {['id']=17027389, ['name']="Orichalcumshell", ['index']=317, ['level']=89},
    [17027377] = {['id']=17027377, ['name']="KingApkallu", ['index']=305, ['level']=78},
    [17027390] = {['id']=17027390, ['name']="Orichalcumshell", ['index']=318, ['level']=88},
    [17027380] = {['id']=17027380, ['name']="KingApkallu", ['index']=308, ['level']=79},
    [17027383] = {['id']=17027383, ['name']="KingApkallu", ['index']=311, ['level']=79},
    [17027369] = {['id']=17027369, ['name']="KingApkallu", ['index']=297, ['level']=78},
    [17027368] = {['id']=17027368, ['name']="KingApkallu", ['index']=296, ['level']=78},
    [17027378] = {['id']=17027378, ['name']="KingApkallu", ['index']=306, ['level']=79},
    [17027379] = {['id']=17027379, ['name']="KingApkallu", ['index']=307, ['level']=80},
    [17027384] = {['id']=17027384, ['name']="KingApkallu", ['index']=312, ['level']=78},
    [17027381] = {['id']=17027381, ['name']="KingApkallu", ['index']=309, ['level']=80},
    [17027382] = {['id']=17027382, ['name']="KingApkallu", ['index']=310, ['level']=79},
    [17027370] = {['id']=17027370, ['name']="KingApkallu", ['index']=298, ['level']=78},
    [17027365] = {['id']=17027365, ['name']="WamouraPrince", ['index']=293, ['level']=80},
    [17027367] = {['id']=17027367, ['name']="KingApkallu", ['index']=295, ['level']=80},
    [17027366] = {['id']=17027366, ['name']="KingApkallu", ['index']=294, ['level']=78},
    [17027372] = {['id']=17027372, ['name']="WamouraPrince", ['index']=300, ['level']=81},
    [17027364] = {['id']=17027364, ['name']="WamouraPrince", ['index']=292, ['level']=80},
    [17027349] = {['id']=17027349, ['name']="HilltrollRange", ['index']=277, ['level']=81},
    [17027356] = {['id']=17027356, ['name']="HilltrollRedM", ['index']=284, ['level']=81},
    [17027357] = {['id']=17027357, ['name']="HilltrollRange", ['index']=285, ['level']=81},
    [17027359] = {['id']=17027359, ['name']="HilltrollPalad", ['index']=287, ['level']=81},
    [17027360] = {['id']=17027360, ['name']="HilltrollRedM", ['index']=288, ['level']=82},
    [17027458] = {['id']=17027458, ['name']="Cerberus", ['index']=386, ['level']=85},
    [17027361] = {['id']=17027361, ['name']="HilltrollWarri", ['index']=289, ['level']=83},
    [17027336] = {['id']=17027336, ['name']="HilltrollPalad", ['index']=264, ['level']=82},
    [17027335] = {['id']=17027335, ['name']="HilltrollDark", ['index']=263, ['level']=81},
    [17027353] = {['id']=17027353, ['name']="HilltrollWarri", ['index']=281, ['level']=82},
    [17027358] = {['id']=17027358, ['name']="HilltrollDark", ['index']=286, ['level']=82},
    [17027321] = {['id']=17027321, ['name']="EbonyPudding", ['index']=249, ['level']=80},
    [17027322] = {['id']=17027322, ['name']="EbonyPudding", ['index']=250, ['level']=79},
    [17027354] = {['id']=17027354, ['name']="HilltrollRange", ['index']=282, ['level']=82},
    [17027348] = {['id']=17027348, ['name']="HilltrollMonk", ['index']=276, ['level']=82},
    [17027350] = {['id']=17027350, ['name']="HilltrollPalad", ['index']=278, ['level']=81},
    [17027338] = {['id']=17027338, ['name']="WamouraPrince", ['index']=266, ['level']=80},
    [17027342] = {['id']=17027342, ['name']="Wamoura", ['index']=270, ['level']=81},
    [17027340] = {['id']=17027340, ['name']="WamouraPrince", ['index']=268, ['level']=80},
    [17027344] = {['id']=17027344, ['name']="WamouraPrince", ['index']=272, ['level']=80},
    [17027339] = {['id']=17027339, ['name']="SweepingCluste", ['index']=267, ['level']=78},
    [17027343] = {['id']=17027343, ['name']="WamouraPrince", ['index']=271, ['level']=80},
    [17027347] = {['id']=17027347, ['name']="Wamoura", ['index']=275, ['level']=81},
    [17027345] = {['id']=17027345, ['name']="WamouraPrince", ['index']=273, ['level']=80},
    [17027337] = {['id']=17027337, ['name']="EarthElemental", ['index']=265, ['level']=76},
    [17027307] = {['id']=17027307, ['name']="SweepingCluste", ['index']=235, ['level']=74},
    [17027329] = {['id']=17027329, ['name']="HilltrollMonk", ['index']=257, ['level']=82},
    [17027328] = {['id']=17027328, ['name']="HilltrollRange", ['index']=256, ['level']=81},
    [17027333] = {['id']=17027333, ['name']="Phasma", ['index']=261, ['level']=73},
    [17027334] = {['id']=17027334, ['name']="HilltrollRedM", ['index']=262, ['level']=83},
    [17027355] = {['id']=17027355, ['name']="HilltrollRange", ['index']=283, ['level']=83},
    [17027318] = {['id']=17027318, ['name']="EbonyPudding", ['index']=246, ['level']=79},
    [17027320] = {['id']=17027320, ['name']="EbonyPudding", ['index']=248, ['level']=79},
    [17027327] = {['id']=17027327, ['name']="EbonyPudding", ['index']=255, ['level']=79},
    [17027207] = {['id']=17027207, ['name']="MountainClot", ['index']=135, ['level']=74},
    [17027331] = {['id']=17027331, ['name']="HilltrollPuppe", ['index']=259, ['level']=81},
    [17027351] = {['id']=17027351, ['name']="EarthElemental", ['index']=279, ['level']=74},
    [17027323] = {['id']=17027323, ['name']="EbonyPudding", ['index']=251, ['level']=80},
    [17027202] = {['id']=17027202, ['name']="WamouraPrince", ['index']=130, ['level']=81},
    [17027319] = {['id']=17027319, ['name']="EbonyPudding", ['index']=247, ['level']=79},
    [17027324] = {['id']=17027324, ['name']="EbonyPudding", ['index']=252, ['level']=80},
    [17027199] = {['id']=17027199, ['name']="WamouraPrince", ['index']=127, ['level']=79},
    [17027201] = {['id']=17027201, ['name']="Wamoura", ['index']=129, ['level']=80},
    [17027203] = {['id']=17027203, ['name']="WamouraPrince", ['index']=131, ['level']=81},
    [17027204] = {['id']=17027204, ['name']="WamouraPrince", ['index']=132, ['level']=81},
    [17027268] = {['id']=17027268, ['name']="MountainClot", ['index']=196, ['level']=74},
    [17027157] = {['id']=17027157, ['name']="MagmaticEruca", ['index']=85, ['level']=75},
    [17027267] = {['id']=17027267, ['name']="MountainClot", ['index']=195, ['level']=72},
    [17027266] = {['id']=17027266, ['name']="MountainClot", ['index']=194, ['level']=74},
    [17027265] = {['id']=17027265, ['name']="MountainClot", ['index']=193, ['level']=74},
    [17027212] = {['id']=17027212, ['name']="MagmaticEruca", ['index']=140, ['level']=74},
    [17027213] = {['id']=17027213, ['name']="MagmaticEruca", ['index']=141, ['level']=73},
    [17027263] = {['id']=17027263, ['name']="MountainClot", ['index']=191, ['level']=72},
    [17027264] = {['id']=17027264, ['name']="MountainClot", ['index']=192, ['level']=73},
    [17027311] = {['id']=17027311, ['name']="AssassinFly", ['index']=239, ['level']=72},
    [17027312] = {['id']=17027312, ['name']="AssassinFly", ['index']=240, ['level']=74},
    [17027310] = {['id']=17027310, ['name']="AssassinFly", ['index']=238, ['level']=75},
    [17027314] = {['id']=17027314, ['name']="SweepingCluste", ['index']=242, ['level']=73},
    [17027309] = {['id']=17027309, ['name']="SweepingCluste", ['index']=237, ['level']=75},
    [17027238] = {['id']=17027238, ['name']="MagmaticEruca", ['index']=166, ['level']=73},
    [17027237] = {['id']=17027237, ['name']="MagmaticEruca", ['index']=165, ['level']=72},
    [17027235] = {['id']=17027235, ['name']="MagmaticEruca", ['index']=163, ['level']=73},
    [17027223] = {['id']=17027223, ['name']="EarthElemental", ['index']=151, ['level']=74},
    [17027234] = {['id']=17027234, ['name']="MagmaticEruca", ['index']=162, ['level']=73},
    [17027240] = {['id']=17027240, ['name']="ZhayolmApkallu", ['index']=168, ['level']=73},
    [17027222] = {['id']=17027222, ['name']="ZhayolmApkallu", ['index']=150, ['level']=73},
    [17027210] = {['id']=17027210, ['name']="AssassinFly", ['index']=138, ['level']=71},
    [17027211] = {['id']=17027211, ['name']="MagmaticEruca", ['index']=139, ['level']=74},
    [17027208] = {['id']=17027208, ['name']="AssassinFly", ['index']=136, ['level']=73},
    [17027215] = {['id']=17027215, ['name']="SicklemoonJagi", ['index']=143, ['level']=75},
    [17027217] = {['id']=17027217, ['name']="SicklemoonJagi", ['index']=145, ['level']=74},
    [17027218] = {['id']=17027218, ['name']="SicklemoonJagi", ['index']=146, ['level']=74},
    [17027219] = {['id']=17027219, ['name']="MagmaticEruca", ['index']=147, ['level']=72},
    [17027220] = {['id']=17027220, ['name']="ZhayolmApkallu", ['index']=148, ['level']=74},
    [17027221] = {['id']=17027221, ['name']="ZhayolmApkallu", ['index']=149, ['level']=72},
    [17027214] = {['id']=17027214, ['name']="MagmaticEruca", ['index']=142, ['level']=74},
    [17027209] = {['id']=17027209, ['name']="AssassinFly", ['index']=137, ['level']=72},
    [17027346] = {['id']=17027346, ['name']="WamouraPrince", ['index']=274, ['level']=81},
    [17027224] = {['id']=17027224, ['name']="ZhayolmApkallu", ['index']=152, ['level']=73},
    [17027228] = {['id']=17027228, ['name']="CharyApkallu", ['index']=156, ['level']=77},
    [17027239] = {['id']=17027239, ['name']="ZhayolmApkallu", ['index']=167, ['level']=72},
    [17027241] = {['id']=17027241, ['name']="MagmaticEruca", ['index']=169, ['level']=74},
    [17027242] = {['id']=17027242, ['name']="MagmaticEruca", ['index']=170, ['level']=72},
    [17027244] = {['id']=17027244, ['name']="ZhayolmApkallu", ['index']=172, ['level']=72},
    [17027243] = {['id']=17027243, ['name']="ZhayolmApkallu", ['index']=171, ['level']=74},
    [17027254] = {['id']=17027254, ['name']="AssassinFly", ['index']=182, ['level']=74},
    [17027255] = {['id']=17027255, ['name']="AssassinFly", ['index']=183, ['level']=72},
    [17027256] = {['id']=17027256, ['name']="AssassinFly", ['index']=184, ['level']=72},
    [17027252] = {['id']=17027252, ['name']="MagmaticEruca", ['index']=180, ['level']=74},
    [17027246] = {['id']=17027246, ['name']="ZhayolmApkallu", ['index']=174, ['level']=72},
    [17027245] = {['id']=17027245, ['name']="ZhayolmApkallu", ['index']=173, ['level']=72},
    [17027253] = {['id']=17027253, ['name']="MagmaticEruca", ['index']=181, ['level']=74},
    [17027258] = {['id']=17027258, ['name']="MagmaticEruca", ['index']=186, ['level']=73},
    [17027248] = {['id']=17027248, ['name']="MagmaticEruca", ['index']=176, ['level']=72},
    [17027247] = {['id']=17027247, ['name']="ZhayolmApkallu", ['index']=175, ['level']=74},
    [17027229] = {['id']=17027229, ['name']="ZhayolmApkallu", ['index']=157, ['level']=72},
    [17027230] = {['id']=17027230, ['name']="SicklemoonJagi", ['index']=158, ['level']=75},
    [17027225] = {['id']=17027225, ['name']="SicklemoonJagi", ['index']=153, ['level']=75},
    [17027231] = {['id']=17027231, ['name']="SicklemoonJagi", ['index']=159, ['level']=74},
    [17027250] = {['id']=17027250, ['name']="MagmaticEruca", ['index']=178, ['level']=73},
    [17027232] = {['id']=17027232, ['name']="SicklemoonJagi", ['index']=160, ['level']=74},
    [17027249] = {['id']=17027249, ['name']="ZhayolmApkallu", ['index']=177, ['level']=72},
    [17027233] = {['id']=17027233, ['name']="ZhayolmApkallu", ['index']=161, ['level']=72},
    [17027262] = {['id']=17027262, ['name']="MagmaticEruca", ['index']=190, ['level']=74},
    [17027259] = {['id']=17027259, ['name']="MagmaticEruca", ['index']=187, ['level']=72},
    [17027260] = {['id']=17027260, ['name']="MagmaticEruca", ['index']=188, ['level']=74},
    [17027261] = {['id']=17027261, ['name']="MagmaticEruca", ['index']=189, ['level']=73},
    [17027269] = {['id']=17027269, ['name']="MountainClot", ['index']=197, ['level']=72},
    [17027270] = {['id']=17027270, ['name']="MountainClot", ['index']=198, ['level']=73},
    [17027271] = {['id']=17027271, ['name']="MountainClot", ['index']=199, ['level']=72},
    [17027272] = {['id']=17027272, ['name']="ZhayolmApkallu", ['index']=200, ['level']=72},
    [17027284] = {['id']=17027284, ['name']="ZhayolmApkallu", ['index']=212, ['level']=72},
    [17027274] = {['id']=17027274, ['name']="MagmaticEruca", ['index']=202, ['level']=73},
    [17027283] = {['id']=17027283, ['name']="ZhayolmApkallu", ['index']=211, ['level']=72},
    [17027285] = {['id']=17027285, ['name']="ZhayolmApkallu", ['index']=213, ['level']=72},
    [17027286] = {['id']=17027286, ['name']="ZhayolmApkallu", ['index']=214, ['level']=70},
    [17027277] = {['id']=17027277, ['name']="VolcanicLeech", ['index']=205, ['level']=73},
    [17027278] = {['id']=17027278, ['name']="ZhayolmApkallu", ['index']=206, ['level']=70},
    [17027280] = {['id']=17027280, ['name']="VolcanicLeech", ['index']=208, ['level']=73},
    [17027279] = {['id']=17027279, ['name']="ZhayolmApkallu", ['index']=207, ['level']=71},
    [17027289] = {['id']=17027289, ['name']="ZhayolmApkallu", ['index']=217, ['level']=71},
    [17027292] = {['id']=17027292, ['name']="ZhayolmApkallu", ['index']=220, ['level']=72},
    [17027282] = {['id']=17027282, ['name']="VolcanicLeech", ['index']=210, ['level']=72},
    [17027281] = {['id']=17027281, ['name']="ZhayolmApkallu", ['index']=209, ['level']=71},
    [17027291] = {['id']=17027291, ['name']="VolcanicLeech", ['index']=219, ['level']=72},
    [17027290] = {['id']=17027290, ['name']="ZhayolmApkallu", ['index']=218, ['level']=70},
    [17027293] = {['id']=17027293, ['name']="ZhayolmApkallu", ['index']=221, ['level']=70},
    [17027295] = {['id']=17027295, ['name']="ZhayolmApkallu", ['index']=223, ['level']=71},
    [17027273] = {['id']=17027273, ['name']="MagmaticEruca", ['index']=201, ['level']=71},
    [17027275] = {['id']=17027275, ['name']="MountainClot", ['index']=203, ['level']=74},
    [17027276] = {['id']=17027276, ['name']="MountainClot", ['index']=204, ['level']=73},
    [17027299] = {['id']=17027299, ['name']="SweepingCluste", ['index']=227, ['level']=74},
    [17027302] = {['id']=17027302, ['name']="AssassinFly", ['index']=230, ['level']=76},
    [17027301] = {['id']=17027301, ['name']="SweepingCluste", ['index']=229, ['level']=73},
    [17027303] = {['id']=17027303, ['name']="AssassinFly", ['index']=231, ['level']=72},
    [17027304] = {['id']=17027304, ['name']="AssassinFly", ['index']=232, ['level']=73},
    [17027308] = {['id']=17027308, ['name']="SweepingCluste", ['index']=236, ['level']=74},
    [17027300] = {['id']=17027300, ['name']="SweepingCluste", ['index']=228, ['level']=73},
    [17027296] = {['id']=17027296, ['name']="AssassinFly", ['index']=224, ['level']=75},
    [17027306] = {['id']=17027306, ['name']="SweepingCluste", ['index']=234, ['level']=74},
    [17027297] = {['id']=17027297, ['name']="AssassinFly", ['index']=225, ['level']=74},
    [17027298] = {['id']=17027298, ['name']="AssassinFly", ['index']=226, ['level']=74},
    [17027316] = {['id']=17027316, ['name']="SweepingCluste", ['index']=244, ['level']=75},
    [17027317] = {['id']=17027317, ['name']="SweepingCluste", ['index']=245, ['level']=74},
    [17027558] = {['id']=17027558, ['name']="Waudeen", ['index']=486, ['level']=0},
    [17027271] = {['id']=17027271, ['name']="MountainClot", ['index']=199, ['level']=72},
    [17027273] = {['id']=17027273, ['name']="MagmaticEruca", ['index']=201, ['level']=71},
    [17027274] = {['id']=17027274, ['name']="MagmaticEruca", ['index']=202, ['level']=73},
    [17027275] = {['id']=17027275, ['name']="MountainClot", ['index']=203, ['level']=74},
    [17027276] = {['id']=17027276, ['name']="MountainClot", ['index']=204, ['level']=73},
    [17027284] = {['id']=17027284, ['name']="ZhayolmApkallu", ['index']=212, ['level']=72},
    [17027285] = {['id']=17027285, ['name']="ZhayolmApkallu", ['index']=213, ['level']=72},
    [17027292] = {['id']=17027292, ['name']="ZhayolmApkallu", ['index']=220, ['level']=72},
    [17027293] = {['id']=17027293, ['name']="ZhayolmApkallu", ['index']=221, ['level']=70},
    [17027295] = {['id']=17027295, ['name']="ZhayolmApkallu", ['index']=223, ['level']=71},
    [17027296] = {['id']=17027296, ['name']="AssassinFly", ['index']=224, ['level']=75},
    [17027297] = {['id']=17027297, ['name']="AssassinFly", ['index']=225, ['level']=74},
    [17027298] = {['id']=17027298, ['name']="AssassinFly", ['index']=226, ['level']=74},
    [17027299] = {['id']=17027299, ['name']="SweepingCluste", ['index']=227, ['level']=74},
    [17027300] = {['id']=17027300, ['name']="SweepingCluste", ['index']=228, ['level']=73},
    [17027301] = {['id']=17027301, ['name']="SweepingCluste", ['index']=229, ['level']=73},
    [17027302] = {['id']=17027302, ['name']="AssassinFly", ['index']=230, ['level']=76},
    [17027303] = {['id']=17027303, ['name']="AssassinFly", ['index']=231, ['level']=72},
    [17027304] = {['id']=17027304, ['name']="AssassinFly", ['index']=232, ['level']=73},
    [17027306] = {['id']=17027306, ['name']="SweepingCluste", ['index']=234, ['level']=74},
    [17027316] = {['id']=17027316, ['name']="SweepingCluste", ['index']=244, ['level']=75},
    [17027317] = {['id']=17027317, ['name']="SweepingCluste", ['index']=245, ['level']=74},
    [17027558] = {['id']=17027558, ['name']="Waudeen", ['index']=486, ['level']=0},
    [17027263] = {['id']=17027263, ['name']="MountainClot", ['index']=191, ['level']=72},
    [17027264] = {['id']=17027264, ['name']="MountainClot", ['index']=192, ['level']=73},
    [17027265] = {['id']=17027265, ['name']="MountainClot", ['index']=193, ['level']=74},
    [17027307] = {['id']=17027307, ['name']="SweepingCluste", ['index']=235, ['level']=74},
    [17027308] = {['id']=17027308, ['name']="SweepingCluste", ['index']=236, ['level']=74},
    [17027309] = {['id']=17027309, ['name']="SweepingCluste", ['index']=237, ['level']=75},
    [17027310] = {['id']=17027310, ['name']="AssassinFly", ['index']=238, ['level']=75},
    [17027311] = {['id']=17027311, ['name']="AssassinFly", ['index']=239, ['level']=72},
    [17027312] = {['id']=17027312, ['name']="AssassinFly", ['index']=240, ['level']=74},
    [17027314] = {['id']=17027314, ['name']="SweepingCluste", ['index']=242, ['level']=73},
    [17027343] = {['id']=17027343, ['name']="WamouraPrince", ['index']=271, ['level']=80},
    [17027157] = {['id']=17027157, ['name']="MagmaticEruca", ['index']=85, ['level']=75},
    [17027213] = {['id']=17027213, ['name']="MagmaticEruca", ['index']=141, ['level']=73},
    [17027234] = {['id']=17027234, ['name']="MagmaticEruca", ['index']=162, ['level']=73},
    [17027235] = {['id']=17027235, ['name']="MagmaticEruca", ['index']=163, ['level']=73},
    [17027237] = {['id']=17027237, ['name']="MagmaticEruca", ['index']=165, ['level']=72},
    [17027238] = {['id']=17027238, ['name']="MagmaticEruca", ['index']=166, ['level']=73},
    [17027239] = {['id']=17027239, ['name']="ZhayolmApkallu", ['index']=167, ['level']=72},
    [17027240] = {['id']=17027240, ['name']="ZhayolmApkallu", ['index']=168, ['level']=73},
    [17027241] = {['id']=17027241, ['name']="MagmaticEruca", ['index']=169, ['level']=74},
    [17027266] = {['id']=17027266, ['name']="MountainClot", ['index']=194, ['level']=74},
    [17027267] = {['id']=17027267, ['name']="MountainClot", ['index']=195, ['level']=72},
    [17027268] = {['id']=17027268, ['name']="MountainClot", ['index']=196, ['level']=74},
    [17027339] = {['id']=17027339, ['name']="SweepingCluste", ['index']=267, ['level']=78},
    [17027340] = {['id']=17027340, ['name']="WamouraPrince", ['index']=268, ['level']=80},
    [17027342] = {['id']=17027342, ['name']="Wamoura", ['index']=270, ['level']=81},
    [17027344] = {['id']=17027344, ['name']="WamouraPrince", ['index']=272, ['level']=80},
    [17027345] = {['id']=17027345, ['name']="WamouraPrince", ['index']=273, ['level']=81},
    [17027346] = {['id']=17027346, ['name']="WamouraPrince", ['index']=274, ['level']=81},
    [17027259] = {['id']=17027259, ['name']="MagmaticEruca", ['index']=187, ['level']=72},
    [17027262] = {['id']=17027262, ['name']="MagmaticEruca", ['index']=190, ['level']=74},
    [17027269] = {['id']=17027269, ['name']="MountainClot", ['index']=197, ['level']=72},
    [17027270] = {['id']=17027270, ['name']="MountainClot", ['index']=198, ['level']=73},
    [17027272] = {['id']=17027272, ['name']="ZhayolmApkallu", ['index']=200, ['level']=72},
    [17027277] = {['id']=17027277, ['name']="VolcanicLeech", ['index']=205, ['level']=73},
    [17027278] = {['id']=17027278, ['name']="ZhayolmApkallu", ['index']=206, ['level']=70},
    [17027279] = {['id']=17027279, ['name']="ZhayolmApkallu", ['index']=207, ['level']=71},
    [17027280] = {['id']=17027280, ['name']="VolcanicLeech", ['index']=208, ['level']=73},
    [17027281] = {['id']=17027281, ['name']="ZhayolmApkallu", ['index']=209, ['level']=71},
    [17027282] = {['id']=17027282, ['name']="VolcanicLeech", ['index']=210, ['level']=72},
    [17027283] = {['id']=17027283, ['name']="ZhayolmApkallu", ['index']=211, ['level']=72},
    [17027286] = {['id']=17027286, ['name']="ZhayolmApkallu", ['index']=214, ['level']=70},
    [17027288] = {['id']=17027288, ['name']="EarthElemental", ['index']=216, ['level']=76},
    [17027289] = {['id']=17027289, ['name']="ZhayolmApkallu", ['index']=217, ['level']=71},
    [17027290] = {['id']=17027290, ['name']="ZhayolmApkallu", ['index']=218, ['level']=70},
    [17027291] = {['id']=17027291, ['name']="VolcanicLeech", ['index']=219, ['level']=72},
    [17027261] = {['id']=17027261, ['name']="MagmaticEruca", ['index']=189, ['level']=73},
    [17027221] = {['id']=17027221, ['name']="ZhayolmApkallu", ['index']=149, ['level']=72},
    [17027222] = {['id']=17027222, ['name']="ZhayolmApkallu", ['index']=150, ['level']=73},
    [17027224] = {['id']=17027224, ['name']="ZhayolmApkallu", ['index']=152, ['level']=73},
    [17027225] = {['id']=17027225, ['name']="SicklemoonJagi", ['index']=153, ['level']=75},
    [17027228] = {['id']=17027228, ['name']="CharyApkallu", ['index']=156, ['level']=77},
    [17027229] = {['id']=17027229, ['name']="ZhayolmApkallu", ['index']=157, ['level']=72},
    [17027230] = {['id']=17027230, ['name']="SicklemoonJagi", ['index']=158, ['level']=75},
    [17027231] = {['id']=17027231, ['name']="SicklemoonJagi", ['index']=159, ['level']=74},
    [17027232] = {['id']=17027232, ['name']="SicklemoonJagi", ['index']=160, ['level']=74},
    [17027233] = {['id']=17027233, ['name']="ZhayolmApkallu", ['index']=161, ['level']=72},
    [17027242] = {['id']=17027242, ['name']="MagmaticEruca", ['index']=170, ['level']=72},
    [17027243] = {['id']=17027243, ['name']="ZhayolmApkallu", ['index']=171, ['level']=74},
    [17027244] = {['id']=17027244, ['name']="ZhayolmApkallu", ['index']=172, ['level']=72},
    [17027245] = {['id']=17027245, ['name']="ZhayolmApkallu", ['index']=173, ['level']=72},
    [17027246] = {['id']=17027246, ['name']="ZhayolmApkallu", ['index']=174, ['level']=72},
    [17027247] = {['id']=17027247, ['name']="ZhayolmApkallu", ['index']=175, ['level']=74},
    [17027248] = {['id']=17027248, ['name']="MagmaticEruca", ['index']=176, ['level']=72},
    [17027249] = {['id']=17027249, ['name']="ZhayolmApkallu", ['index']=177, ['level']=72},
    [17027250] = {['id']=17027250, ['name']="MagmaticEruca", ['index']=178, ['level']=73},
    [17027252] = {['id']=17027252, ['name']="MagmaticEruca", ['index']=180, ['level']=74},
    [17027253] = {['id']=17027253, ['name']="MagmaticEruca", ['index']=181, ['level']=74},
    [17027254] = {['id']=17027254, ['name']="AssassinFly", ['index']=182, ['level']=74},
    [17027255] = {['id']=17027255, ['name']="AssassinFly", ['index']=183, ['level']=72},
    [17027256] = {['id']=17027256, ['name']="AssassinFly", ['index']=184, ['level']=72},
    [17027258] = {['id']=17027258, ['name']="MagmaticEruca", ['index']=186, ['level']=73},
    [17027260] = {['id']=17027260, ['name']="MagmaticEruca", ['index']=188, ['level']=74},
    [17027226] = {['id']=17027226, ['name']="ZhayolmApkallu", ['index']=154, ['level']=72},
    [17027208] = {['id']=17027208, ['name']="AssassinFly", ['index']=136, ['level']=73},
    [17027209] = {['id']=17027209, ['name']="AssassinFly", ['index']=137, ['level']=72},
    [17027210] = {['id']=17027210, ['name']="AssassinFly", ['index']=138, ['level']=71},
    [17027211] = {['id']=17027211, ['name']="MagmaticEruca", ['index']=139, ['level']=74},
    [17027212] = {['id']=17027212, ['name']="MagmaticEruca", ['index']=140, ['level']=74},
    [17027215] = {['id']=17027215, ['name']="SicklemoonJagi", ['index']=143, ['level']=75},
    [17027217] = {['id']=17027217, ['name']="SicklemoonJagi", ['index']=145, ['level']=74},
    [17027218] = {['id']=17027218, ['name']="SicklemoonJagi", ['index']=146, ['level']=74},
    [17027219] = {['id']=17027219, ['name']="MagmaticEruca", ['index']=147, ['level']=72},
    [17027220] = {['id']=17027220, ['name']="ZhayolmApkallu", ['index']=148, ['level']=74},
    [17027223] = {['id']=17027223, ['name']="EarthElemental", ['index']=151, ['level']=74},
    [17027214] = {['id']=17027214, ['name']="MagmaticEruca", ['index']=142, ['level']=74},
    [17027156] = {['id']=17027156, ['name']="MountainClot", ['index']=84, ['level']=74},
    [17027155] = {['id']=17027155, ['name']="MountainClot", ['index']=83, ['level']=72},
    [17027153] = {['id']=17027153, ['name']="MountainClot", ['index']=81, ['level']=72},
    [17027154] = {['id']=17027154, ['name']="MountainClot", ['index']=82, ['level']=72},
    [17027329] = {['id']=17027329, ['name']="HilltrollMonk", ['index']=257, ['level']=82},
    [17027335] = {['id']=17027335, ['name']="HilltrollDark", ['index']=263, ['level']=81},
    [17027336] = {['id']=17027336, ['name']="HilltrollPalad", ['index']=264, ['level']=82},
    [17027337] = {['id']=17027337, ['name']="EarthElemental", ['index']=265, ['level']=76},
    [17027348] = {['id']=17027348, ['name']="HilltrollMonk", ['index']=276, ['level']=82},
    [17027349] = {['id']=17027349, ['name']="HilltrollRange", ['index']=277, ['level']=81},
    [17027350] = {['id']=17027350, ['name']="HilltrollPalad", ['index']=278, ['level']=81},
    [17027351] = {['id']=17027351, ['name']="EarthElemental", ['index']=279, ['level']=75},
    [17027353] = {['id']=17027353, ['name']="HilltrollWarri", ['index']=281, ['level']=82},
    [17027356] = {['id']=17027356, ['name']="HilltrollRedM", ['index']=284, ['level']=81},
    [17027357] = {['id']=17027357, ['name']="HilltrollRange", ['index']=285, ['level']=81},
    [17027358] = {['id']=17027358, ['name']="HilltrollDark", ['index']=286, ['level']=82},
    [17027359] = {['id']=17027359, ['name']="HilltrollPalad", ['index']=287, ['level']=81},
    [17027360] = {['id']=17027360, ['name']="HilltrollRedM", ['index']=288, ['level']=82},
    [17027361] = {['id']=17027361, ['name']="HilltrollWarri", ['index']=289, ['level']=83},
    [17027152] = {['id']=17027152, ['name']="MagmaticEruca", ['index']=80, ['level']=75},
    [17027140] = {['id']=17027140, ['name']="MagmaticEruca", ['index']=68, ['level']=75},
    [17027142] = {['id']=17027142, ['name']="MagmaticEruca", ['index']=70, ['level']=75},
    [17027139] = {['id']=17027139, ['name']="MagmaticEruca", ['index']=67, ['level']=75},
    [17027141] = {['id']=17027141, ['name']="MagmaticEruca", ['index']=69, ['level']=73},
    [17027135] = {['id']=17027135, ['name']="MagmaticEruca", ['index']=63, ['level']=73},
    [17027133] = {['id']=17027133, ['name']="AssassinFly", ['index']=61, ['level']=71},
    [17027132] = {['id']=17027132, ['name']="AssassinFly", ['index']=60, ['level']=75},
    [17027134] = {['id']=17027134, ['name']="AssassinFly", ['index']=62, ['level']=71},
    [17027137] = {['id']=17027137, ['name']="MagmaticEruca", ['index']=65, ['level']=75},
    [17027097] = {['id']=17027097, ['name']="SicklemoonJagi", ['index']=25, ['level']=75},
    [17027098] = {['id']=17027098, ['name']="Wootzshell", ['index']=26, ['level']=71},
    [17027136] = {['id']=17027136, ['name']="MagmaticEruca", ['index']=64, ['level']=74},
    [17027131] = {['id']=17027131, ['name']="MagmaticEruca", ['index']=59, ['level']=73},
    [17027095] = {['id']=17027095, ['name']="SicklemoonJagi", ['index']=23, ['level']=76},
    [17027094] = {['id']=17027094, ['name']="Wootzshell", ['index']=22, ['level']=70},
    [17027130] = {['id']=17027130, ['name']="MagmaticEruca", ['index']=58, ['level']=75},
    [17027080] = {['id']=17027080, ['name']="Wootzshell", ['index']=8, ['level']=70},
    [17027126] = {['id']=17027126, ['name']="MagmaticEruca", ['index']=54, ['level']=75},
    [17027127] = {['id']=17027127, ['name']="MagmaticEruca", ['index']=55, ['level']=74},
    [17027125] = {['id']=17027125, ['name']="AssassinFly", ['index']=53, ['level']=71},
    [17027124] = {['id']=17027124, ['name']="AssassinFly", ['index']=52, ['level']=73},
    [17027123] = {['id']=17027123, ['name']="AssassinFly", ['index']=51, ['level']=75},
    [17027079] = {['id']=17027079, ['name']="Wootzshell", ['index']=7, ['level']=71},
    [17027129] = {['id']=17027129, ['name']="MagmaticEruca", ['index']=57, ['level']=73},
    [17027121] = {['id']=17027121, ['name']="SulphuricJagil", ['index']=49, ['level']=88},
    [17027128] = {['id']=17027128, ['name']="MagmaticEruca", ['index']=56, ['level']=73},
    [17027081] = {['id']=17027081, ['name']="Wootzshell", ['index']=9, ['level']=70},
    [17027082] = {['id']=17027082, ['name']="Wootzshell", ['index']=10, ['level']=70},
    [17027083] = {['id']=17027083, ['name']="Wootzshell", ['index']=11, ['level']=70},
    [17027119] = {['id']=17027119, ['name']="SulphuricJagil", ['index']=47, ['level']=88},
    [17027084] = {['id']=17027084, ['name']="SicklemoonJagi", ['index']=12, ['level']=75},
    [17027086] = {['id']=17027086, ['name']="SulphuricJagil", ['index']=14, ['level']=87},
    [17027087] = {['id']=17027087, ['name']="SulphuricJagil", ['index']=15, ['level']=87},
    [17027085] = {['id']=17027085, ['name']="SulphuricJagil", ['index']=13, ['level']=88},
    [17027120] = {['id']=17027120, ['name']="SulphuricJagil", ['index']=48, ['level']=88},
    [17027122] = {['id']=17027122, ['name']="EarthElemental", ['index']=50, ['level']=74},
    [17027115] = {['id']=17027115, ['name']="SulphuricJagil", ['index']=43, ['level']=88},
    [17027116] = {['id']=17027116, ['name']="SulphuricJagil", ['index']=44, ['level']=88},
    [17027092] = {['id']=17027092, ['name']="SulphuricJagil", ['index']=20, ['level']=88},
    [17027091] = {['id']=17027091, ['name']="SulphuricJagil", ['index']=19, ['level']=87},
    [17027113] = {['id']=17027113, ['name']="SulphuricJagil", ['index']=41, ['level']=88},
    [17027114] = {['id']=17027114, ['name']="SulphuricJagil", ['index']=42, ['level']=87},
    [17027118] = {['id']=17027118, ['name']="SulphuricJagil", ['index']=46, ['level']=87},
    [17027117] = {['id']=17027117, ['name']="SulphuricJagil", ['index']=45, ['level']=87},
    [17027093] = {['id']=17027093, ['name']="SulphuricJagil", ['index']=21, ['level']=88},
    [17027090] = {['id']=17027090, ['name']="SulphuricJagil", ['index']=18, ['level']=88},
    [17027089] = {['id']=17027089, ['name']="SulphuricJagil", ['index']=17, ['level']=87},
    [17027088] = {['id']=17027088, ['name']="SulphuricJagil", ['index']=16, ['level']=87},
    [17027144] = {['id']=17027144, ['name']="MagmaticEruca", ['index']=72, ['level']=73},
    [17027149] = {['id']=17027149, ['name']="AssassinFly", ['index']=77, ['level']=71},
    [17027147] = {['id']=17027147, ['name']="AssassinFly", ['index']=75, ['level']=74},
    [17027148] = {['id']=17027148, ['name']="AssassinFly", ['index']=76, ['level']=71},
    [17027146] = {['id']=17027146, ['name']="MagmaticEruca", ['index']=74, ['level']=73},
    [17027101] = {['id']=17027101, ['name']="SicklemoonJagi", ['index']=29, ['level']=75},
    [17027100] = {['id']=17027100, ['name']="SicklemoonJagi", ['index']=28, ['level']=76},
    [17027096] = {['id']=17027096, ['name']="Phasma", ['index']=24, ['level']=75},
    [17027099] = {['id']=17027099, ['name']="Phasma", ['index']=27, ['level']=74},
    [17027143] = {['id']=17027143, ['name']="Phasma", ['index']=71, ['level']=75},
    [17027103] = {['id']=17027103, ['name']="SicklemoonJagi", ['index']=31, ['level']=75},
    [17027104] = {['id']=17027104, ['name']="Wootzshell", ['index']=32, ['level']=70},
    [17027145] = {['id']=17027145, ['name']="MagmaticEruca", ['index']=73, ['level']=74},
    [17027102] = {['id']=17027102, ['name']="SicklemoonJagi", ['index']=30, ['level']=75},
    [17027106] = {['id']=17027106, ['name']="Wootzshell", ['index']=34, ['level']=70},
    [17027105] = {['id']=17027105, ['name']="Wootzshell", ['index']=33, ['level']=70},
    [17027151] = {['id']=17027151, ['name']="MagmaticEruca", ['index']=79, ['level']=73},
    [17027150] = {['id']=17027150, ['name']="MagmaticEruca", ['index']=78, ['level']=73},
    [17027110] = {['id']=17027110, ['name']="Wootzshell", ['index']=38, ['level']=71},
    [17027112] = {['id']=17027112, ['name']="Phasma", ['index']=40, ['level']=74},
    [17027109] = {['id']=17027109, ['name']="Phasma", ['index']=37, ['level']=74},
    [17027107] = {['id']=17027107, ['name']="SicklemoonJagi", ['index']=35, ['level']=75},
    [17027108] = {['id']=17027108, ['name']="SicklemoonJagi", ['index']=36, ['level']=75},
    [17027158] = {['id']=17027158, ['name']="MagmaticEruca", ['index']=86, ['level']=74},
    [17027160] = {['id']=17027160, ['name']="MagmaticEruca", ['index']=88, ['level']=74},
    [17027159] = {['id']=17027159, ['name']="MagmaticEruca", ['index']=87, ['level']=75},
    [17027328] = {['id']=17027328, ['name']="HilltrollRange", ['index']=256, ['level']=81},
    [17027333] = {['id']=17027333, ['name']="Phasma", ['index']=261, ['level']=73},
    [17027334] = {['id']=17027334, ['name']="HilltrollRedM", ['index']=262, ['level']=83},
    [17027355] = {['id']=17027355, ['name']="HilltrollRange", ['index']=283, ['level']=83},
    [17027162] = {['id']=17027162, ['name']="HilltrollPuppe", ['index']=90, ['level']=81},
    [17027163] = {['id']=17027163, ['name']="Troll\'sAutomat", ['index']=91, ['level']=78},
    [17027161] = {['id']=17027161, ['name']="HilltrollWarri", ['index']=89, ['level']=80},
