    [17568035] = {['id']=17568035, ['name']="StinkBats", ['index']=291, ['level']=18},
    [17568036] = {['id']=17568036, ['name']="StinkBats", ['index']=292, ['level']=18},
    [17568037] = {['id']=17568037, ['name']="StinkBats", ['index']=293, ['level']=16},
    [17568038] = {['id']=17568038, ['name']="ThreadLeech", ['index']=294, ['level']=18},
    [17568039] = {['id']=17568039, ['name']="ThreadLeech", ['index']=295, ['level']=21},
    [17568032] = {['id']=17568032, ['name']="FlyAgaric", ['index']=288, ['level']=24},
    [17568030] = {['id']=17568030, ['name']="FlyAgaric", ['index']=286, ['level']=23},
    [17568033] = {['id']=17568033, ['name']="FlyAgaric", ['index']=289, ['level']=23},
    [17568034] = {['id']=17568034, ['name']="FlyAgaric", ['index']=290, ['level']=24},
    [17568031] = {['id']=17568031, ['name']="FlyAgaric", ['index']=287, ['level']=21},
    [17568040] = {['id']=17568040, ['name']="StinkBats", ['index']=296, ['level']=18},
    [17568042] = {['id']=17568042, ['name']="HognosedBat", ['index']=298, ['level']=18},
    [17568041] = {['id']=17568041, ['name']="StinkBats", ['index']=297, ['level']=17},
    [17568028] = {['id']=17568028, ['name']="ThreadLeech", ['index']=284, ['level']=20},
    [17568027] = {['id']=17568027, ['name']="StinkBats", ['index']=283, ['level']=17},
    [17568029] = {['id']=17568029, ['name']="ThreadLeech", ['index']=285, ['level']=20},
    [17568026] = {['id']=17568026, ['name']="StinkBats", ['index']=282, ['level']=15},
    [17568045] = {['id']=17568045, ['name']="HognosedBat", ['index']=301, ['level']=18},
    [17568044] = {['id']=17568044, ['name']="HognosedBat", ['index']=300, ['level']=17},
    [17568043] = {['id']=17568043, ['name']="StinkBats", ['index']=299, ['level']=18},
    [17568060] = {['id']=17568060, ['name']="Clipper", ['index']=316, ['level']=27},
    [17568062] = {['id']=17568062, ['name']="Clipper", ['index']=318, ['level']=28},
    [17568056] = {['id']=17568056, ['name']="Shrieker", ['index']=312, ['level']=25},
    [17568049] = {['id']=17568049, ['name']="Shrieker", ['index']=305, ['level']=26},
    [17568046] = {['id']=17568046, ['name']="HognosedBat", ['index']=302, ['level']=17},
    [17568054] = {['id']=17568054, ['name']="Shrieker", ['index']=310, ['level']=26},
    [17568064] = {['id']=17568064, ['name']="GoliathBeetle", ['index']=320, ['level']=29},
    [17568048] = {['id']=17568048, ['name']="HognosedBat", ['index']=304, ['level']=18},
    [17568052] = {['id']=17568052, ['name']="Shrieker", ['index']=308, ['level']=27},
    [17568047] = {['id']=17568047, ['name']="HognosedBat", ['index']=303, ['level']=18},
    [17568053] = {['id']=17568053, ['name']="Shrieker", ['index']=309, ['level']=25},
    [17568055] = {['id']=17568055, ['name']="Shrieker", ['index']=311, ['level']=24},
    [17568065] = {['id']=17568065, ['name']="GoliathBeetle", ['index']=321, ['level']=31},
    [17568087] = {['id']=17568087, ['name']="GoliathBeetle", ['index']=343, ['level']=31},
    [17567780] = {['id']=17567780, ['name']="BloodBunny", ['index']=36, ['level']=19},
    [17568025] = {['id']=17568025, ['name']="ThreadLeech", ['index']=281, ['level']=20},
    [17568023] = {['id']=17568023, ['name']="StinkBats", ['index']=279, ['level']=17},
    [17568024] = {['id']=17568024, ['name']="StinkBats", ['index']=280, ['level']=17},
    [17568020] = {['id']=17568020, ['name']="StinkBats", ['index']=276, ['level']=18},
    [17568019] = {['id']=17568019, ['name']="StinkBats", ['index']=275, ['level']=15},
    [17568021] = {['id']=17568021, ['name']="ThreadLeech", ['index']=277, ['level']=20},
    [17567998] = {['id']=17567998, ['name']="StalkingSaplin", ['index']=254, ['level']=20},
    [17568003] = {['id']=17568003, ['name']="ThreadLeech", ['index']=259, ['level']=19},
    [17568004] = {['id']=17568004, ['name']="ThreadLeech", ['index']=260, ['level']=19},
    [17567993] = {['id']=17567993, ['name']="StinkBats", ['index']=249, ['level']=15},
    [17568002] = {['id']=17568002, ['name']="ThreadLeech", ['index']=258, ['level']=20},
    [17567997] = {['id']=17567997, ['name']="HognosedBat", ['index']=253, ['level']=18},
    [17567996] = {['id']=17567996, ['name']="HognosedBat", ['index']=252, ['level']=18},
    [17567995] = {['id']=17567995, ['name']="HognosedBat", ['index']=251, ['level']=17},
    [17567994] = {['id']=17567994, ['name']="StinkBats", ['index']=250, ['level']=15},
    [17567759] = {['id']=17567759, ['name']="BloodBunny", ['index']=15, ['level']=17},
    [17567775] = {['id']=17567775, ['name']="GoblinAmbusher", ['index']=31, ['level']=19},
    [17567776] = {['id']=17567776, ['name']="StinkBats", ['index']=32, ['level']=18},
    [17567777] = {['id']=17567777, ['name']="StinkBats", ['index']=33, ['level']=15},
    [17567778] = {['id']=17567778, ['name']="BloodBunny", ['index']=34, ['level']=19},
    [17567760] = {['id']=17567760, ['name']="BloodBunny", ['index']=16, ['level']=18},
    [17567991] = {['id']=17567991, ['name']="StinkBats", ['index']=247, ['level']=16},
    [17567992] = {['id']=17567992, ['name']="StinkBats", ['index']=248, ['level']=17},
    [17567999] = {['id']=17567999, ['name']="StalkingSaplin", ['index']=255, ['level']=21},
    [17568005] = {['id']=17568005, ['name']="StinkBats", ['index']=261, ['level']=17},
    [17568006] = {['id']=17568006, ['name']="StinkBats", ['index']=262, ['level']=16},
    [17568008] = {['id']=17568008, ['name']="HognosedBat", ['index']=264, ['level']=17},
    [17568009] = {['id']=17568009, ['name']="HognosedBat", ['index']=265, ['level']=17},
    [17568011] = {['id']=17568011, ['name']="StalkingSaplin", ['index']=267, ['level']=18},
    [17568012] = {['id']=17568012, ['name']="StalkingSaplin", ['index']=268, ['level']=21},
    [17568013] = {['id']=17568013, ['name']="ThreadLeech", ['index']=269, ['level']=21},
    [17568014] = {['id']=17568014, ['name']="ThreadLeech", ['index']=270, ['level']=21},
    [17568015] = {['id']=17568015, ['name']="ThreadLeech", ['index']=271, ['level']=18},
    [17568016] = {['id']=17568016, ['name']="ThreadLeech", ['index']=272, ['level']=19},
    [17568017] = {['id']=17568017, ['name']="StinkBats", ['index']=273, ['level']=18},
    [17568018] = {['id']=17568018, ['name']="StinkBats", ['index']=274, ['level']=15},
    [17568022] = {['id']=17568022, ['name']="ThreadLeech", ['index']=278, ['level']=19},
    [17568180] = {['id']=17568180, ['name']="Rojaireaut", ['index']=436, ['level']=0},
    [17567757] = {['id']=17567757, ['name']="StinkBats", ['index']=13, ['level']=17},
    [17567764] = {['id']=17567764, ['name']="BloodBunny", ['index']=20, ['level']=18},
    [17567758] = {['id']=17567758, ['name']="StinkBats", ['index']=14, ['level']=16},
    [17567762] = {['id']=17567762, ['name']="StinkBats", ['index']=18, ['level']=18},
    [17568000] = {['id']=17568000, ['name']="StalkingSaplin", ['index']=256, ['level']=21},
    [17567988] = {['id']=17567988, ['name']="BloodBunny", ['index']=244, ['level']=18},
    [17567979] = {['id']=17567979, ['name']="GoblinAmbusher", ['index']=235, ['level']=17},
    [17567987] = {['id']=17567987, ['name']="BloodBunny", ['index']=243, ['level']=17},
    [17567990] = {['id']=17567990, ['name']="BloodBunny", ['index']=246, ['level']=19},
    [17567981] = {['id']=17567981, ['name']="GoblinButcher", ['index']=237, ['level']=20},
    [17567986] = {['id']=17567986, ['name']="StinkBats", ['index']=242, ['level']=18},
    [17567980] = {['id']=17567980, ['name']="GoblinTinkerer", ['index']=236, ['level']=19},
    [17567984] = {['id']=17567984, ['name']="GoblinButcher", ['index']=240, ['level']=17},
    [17567989] = {['id']=17567989, ['name']="BloodBunny", ['index']=245, ['level']=19},
    [17567985] = {['id']=17567985, ['name']="StinkBats", ['index']=241, ['level']=17},
    [17567968] = {['id']=17567968, ['name']="GoblinTinkerer", ['index']=224, ['level']=17},
    [17567970] = {['id']=17567970, ['name']="GoblinAmbusher", ['index']=226, ['level']=17},
    [17567977] = {['id']=17567977, ['name']="BloodBunny", ['index']=233, ['level']=17},
    [17567974] = {['id']=17567974, ['name']="StinkBats", ['index']=230, ['level']=17},
    [17567976] = {['id']=17567976, ['name']="BloodBunny", ['index']=232, ['level']=17},
    [17567966] = {['id']=17567966, ['name']="StinkBats", ['index']=222, ['level']=15},
    [17567965] = {['id']=17567965, ['name']="StinkBats", ['index']=221, ['level']=16},
    [17567752] = {['id']=17567752, ['name']="StinkBats", ['index']=8, ['level']=17},
    [17567750] = {['id']=17567750, ['name']="StinkBats", ['index']=6, ['level']=16},
    [17567751] = {['id']=17567751, ['name']="StinkBats", ['index']=7, ['level']=15},
    [17567753] = {['id']=17567753, ['name']="StinkBats", ['index']=9, ['level']=16},
    [17567755] = {['id']=17567755, ['name']="Snipper", ['index']=11, ['level']=17},
    [17567754] = {['id']=17567754, ['name']="Snipper", ['index']=10, ['level']=17},
    [17568212] = {['id']=17568212, ['name']="SurvivalGuide", ['index']=468, ['level']=0},
    [17568170] = {['id']=17568170, ['name']="Ruillont", ['index']=426, ['level']=0},
    [17568204] = {['id']=17568204, ['name']="GroundsTome", ['index']=460, ['level']=0},
    [17567761] = {['id']=17567761, ['name']="StinkBats", ['index']=17, ['level']=18},
    [17567768] = {['id']=17567768, ['name']="GoblinTinkerer", ['index']=24, ['level']=17},
    [17567766] = {['id']=17567766, ['name']="GoblinButcher", ['index']=22, ['level']=17},
    [17567774] = {['id']=17567774, ['name']="BloodBunny", ['index']=30, ['level']=19},
    [17567771] = {['id']=17567771, ['name']="GoblinTinkerer", ['index']=27, ['level']=17},
    [17567773] = {['id']=17567773, ['name']="BloodBunny", ['index']=29, ['level']=17},
    [17567769] = {['id']=17567769, ['name']="GoblinButcher", ['index']=25, ['level']=18},
    [17567784] = {['id']=17567784, ['name']="BloodBunny", ['index']=40, ['level']=18},
    [17567782] = {['id']=17567782, ['name']="StinkBats", ['index']=38, ['level']=16},
    [17567783] = {['id']=17567783, ['name']="BloodBunny", ['index']=39, ['level']=19},
    [17567781] = {['id']=17567781, ['name']="StinkBats", ['index']=37, ['level']=15},
    [17567785] = {['id']=17567785, ['name']="StinkBats", ['index']=41, ['level']=16},
    [17567787] = {['id']=17567787, ['name']="StinkBats", ['index']=43, ['level']=16},
    [17567788] = {['id']=17567788, ['name']="StinkBats", ['index']=44, ['level']=17},
    [17567800] = {['id']=17567800, ['name']="FlyAgaric", ['index']=56, ['level']=21},
    [17567792] = {['id']=17567792, ['name']="StalkingSaplin", ['index']=48, ['level']=20},
    [17567791] = {['id']=17567791, ['name']="HognosedBat", ['index']=47, ['level']=17},
    [17567794] = {['id']=17567794, ['name']="StalkingSaplin", ['index']=50, ['level']=18},
    [17567797] = {['id']=17567797, ['name']="FlyAgaric", ['index']=53, ['level']=23},
    [17567795] = {['id']=17567795, ['name']="StalkingSaplin", ['index']=51, ['level']=20},
    [17567799] = {['id']=17567799, ['name']="FlyAgaric", ['index']=55, ['level']=23},
    [17567793] = {['id']=17567793, ['name']="StalkingSaplin", ['index']=49, ['level']=21},
    [17567790] = {['id']=17567790, ['name']="HognosedBat", ['index']=46, ['level']=18},
    [17567798] = {['id']=17567798, ['name']="FlyAgaric", ['index']=54, ['level']=24},
    [17567803] = {['id']=17567803, ['name']="StinkBats", ['index']=59, ['level']=15},
    [17567802] = {['id']=17567802, ['name']="StinkBats", ['index']=58, ['level']=16},
    [17567817] = {['id']=17567817, ['name']="StalkingSaplin", ['index']=73, ['level']=19},
    [17567812] = {['id']=17567812, ['name']="StinkBats", ['index']=68, ['level']=16},
    [17567811] = {['id']=17567811, ['name']="StinkBats", ['index']=67, ['level']=15},
    [17567815] = {['id']=17567815, ['name']="StalkingSaplin", ['index']=71, ['level']=20},
    [17567809] = {['id']=17567809, ['name']="GoblinLeecher", ['index']=65, ['level']=22},
    [17567807] = {['id']=17567807, ['name']="GoblinGambler", ['index']=63, ['level']=26},
    [17567813] = {['id']=17567813, ['name']="HognosedBat", ['index']=69, ['level']=19},
    [17567814] = {['id']=17567814, ['name']="StalkingSaplin", ['index']=70, ['level']=18},
    [17567805] = {['id']=17567805, ['name']="GoblinMugger", ['index']=61, ['level']=25},
    [17567816] = {['id']=17567816, ['name']="StalkingSaplin", ['index']=72, ['level']=18},
    [17567896] = {['id']=17567896, ['name']="Jelly", ['index']=152, ['level']=28},
    [17567899] = {['id']=17567899, ['name']="Jelly", ['index']=155, ['level']=28},
    [17567824] = {['id']=17567824, ['name']="StinkBats", ['index']=80, ['level']=17},
    [17567822] = {['id']=17567822, ['name']="GoblinLeecher", ['index']=78, ['level']=25},
    [17567828] = {['id']=17567828, ['name']="StalkingSaplin", ['index']=84, ['level']=19},
    [17567830] = {['id']=17567830, ['name']="StalkingSaplin", ['index']=86, ['level']=21},
    [17567819] = {['id']=17567819, ['name']="GoblinLeecher", ['index']=75, ['level']=25},
    [17567827] = {['id']=17567827, ['name']="StalkingSaplin", ['index']=83, ['level']=20},
    [17567821] = {['id']=17567821, ['name']="GoblinMugger", ['index']=77, ['level']=25},
    [17567826] = {['id']=17567826, ['name']="HognosedBat", ['index']=82, ['level']=18},
    [17567868] = {['id']=17567868, ['name']="HognosedBat", ['index']=124, ['level']=18},
    [17567825] = {['id']=17567825, ['name']="StinkBats", ['index']=81, ['level']=17},
    [17567867] = {['id']=17567867, ['name']="HognosedBat", ['index']=123, ['level']=17},
    [17567829] = {['id']=17567829, ['name']="StalkingSaplin", ['index']=85, ['level']=20},
    [17567832] = {['id']=17567832, ['name']="HognosedBat", ['index']=88, ['level']=18},
    [17567831] = {['id']=17567831, ['name']="GoblinMugger", ['index']=87, ['level']=25},
    [17567833] = {['id']=17567833, ['name']="HognosedBat", ['index']=89, ['level']=17},
    [17567834] = {['id']=17567834, ['name']="HognosedBat", ['index']=90, ['level']=18},
    [17567835] = {['id']=17567835, ['name']="BudsBunny", ['index']=91, ['level']=86},
    [17567836] = {['id']=17567836, ['name']="BudsBunny", ['index']=92, ['level']=84},
    [17567837] = {['id']=17567837, ['name']="BudsBunny", ['index']=93, ['level']=85},
    [17567838] = {['id']=17567838, ['name']="BudsBunny", ['index']=94, ['level']=84},
    [17567839] = {['id']=17567839, ['name']="BudsBunny", ['index']=95, ['level']=86},
    [17567840] = {['id']=17567840, ['name']="BudsBunny", ['index']=96, ['level']=84},
    [17567841] = {['id']=17567841, ['name']="BudsBunny", ['index']=97, ['level']=84},
    [17567842] = {['id']=17567842, ['name']="BudsBunny", ['index']=98, ['level']=85},
    [17567844] = {['id']=17567844, ['name']="BudsBunny", ['index']=100, ['level']=84},
    [17567852] = {['id']=17567852, ['name']="BilisLeech", ['index']=108, ['level']=88},
    [17567853] = {['id']=17567853, ['name']="BilisLeech", ['index']=109, ['level']=88},
    [17567847] = {['id']=17567847, ['name']="BudsBunny", ['index']=103, ['level']=85},
    [17567851] = {['id']=17567851, ['name']="BilisLeech", ['index']=107, ['level']=88},
    [17567854] = {['id']=17567854, ['name']="BilisLeech", ['index']=110, ['level']=88},
    [17567849] = {['id']=17567849, ['name']="BudsBunny", ['index']=105, ['level']=84},
    [17567850] = {['id']=17567850, ['name']="BudsBunny", ['index']=106, ['level']=85},
    [17567848] = {['id']=17567848, ['name']="BudsBunny", ['index']=104, ['level']=85},
    [17567846] = {['id']=17567846, ['name']="BudsBunny", ['index']=102, ['level']=84},
    [17567843] = {['id']=17567843, ['name']="BudsBunny", ['index']=99, ['level']=86},
    [17567845] = {['id']=17567845, ['name']="BudsBunny", ['index']=101, ['level']=86},
    [17567857] = {['id']=17567857, ['name']="BilisLeech", ['index']=113, ['level']=87},
    [17567855] = {['id']=17567855, ['name']="BilisLeech", ['index']=111, ['level']=87},
    [17567869] = {['id']=17567869, ['name']="DungBeetle", ['index']=125, ['level']=26},
    [17567898] = {['id']=17567898, ['name']="Jelly", ['index']=154, ['level']=26},
    [17567897] = {['id']=17567897, ['name']="Jelly", ['index']=153, ['level']=28},
    [17567871] = {['id']=17567871, ['name']="DungBeetle", ['index']=127, ['level']=24},
    [17567900] = {['id']=17567900, ['name']="Jelly", ['index']=156, ['level']=28},
    [17567872] = {['id']=17567872, ['name']="DungBeetle", ['index']=128, ['level']=24},
    [17567873] = {['id']=17567873, ['name']="VorpalBunny", ['index']=129, ['level']=26},
    [17567870] = {['id']=17567870, ['name']="DungBeetle", ['index']=126, ['level']=24},
    [17567877] = {['id']=17567877, ['name']="VorpalBunny", ['index']=133, ['level']=26},
    [17567876] = {['id']=17567876, ['name']="DungBeetle", ['index']=132, ['level']=25},
    [17567875] = {['id']=17567875, ['name']="DungBeetle", ['index']=131, ['level']=25},
    [17567874] = {['id']=17567874, ['name']="DungBeetle", ['index']=130, ['level']=26},
    [17567882] = {['id']=17567882, ['name']="VorpalBunny", ['index']=138, ['level']=25},
    [17567878] = {['id']=17567878, ['name']="VorpalBunny", ['index']=134, ['level']=25},
    [17567879] = {['id']=17567879, ['name']="DungBeetle", ['index']=135, ['level']=24},
    [17567883] = {['id']=17567883, ['name']="VorpalBunny", ['index']=139, ['level']=24},
    [17567880] = {['id']=17567880, ['name']="DungBeetle", ['index']=136, ['level']=26},
    [17567881] = {['id']=17567881, ['name']="VorpalBunny", ['index']=137, ['level']=25},
    [17567887] = {['id']=17567887, ['name']="VorpalBunny", ['index']=143, ['level']=23},
    [17567884] = {['id']=17567884, ['name']="DungBeetle", ['index']=140, ['level']=26},
    [17567894] = {['id']=17567894, ['name']="PoisonLeech", ['index']=150, ['level']=27},
    [17567886] = {['id']=17567886, ['name']="VorpalBunny", ['index']=142, ['level']=23},
    [17567934] = {['id']=17567934, ['name']="HognosedBat", ['index']=190, ['level']=19},
    [17567890] = {['id']=17567890, ['name']="PoisonLeech", ['index']=146, ['level']=25},
    [17567892] = {['id']=17567892, ['name']="PoisonLeech", ['index']=148, ['level']=27},
    [17567885] = {['id']=17567885, ['name']="VorpalBunny", ['index']=141, ['level']=25},
    [17567889] = {['id']=17567889, ['name']="PoisonLeech", ['index']=145, ['level']=25},
    [17567888] = {['id']=17567888, ['name']="VorpalBunny", ['index']=144, ['level']=24},
    [17567891] = {['id']=17567891, ['name']="PoisonLeech", ['index']=147, ['level']=25},
    [17567893] = {['id']=17567893, ['name']="PoisonLeech", ['index']=149, ['level']=25},
    [17567895] = {['id']=17567895, ['name']="Jelly", ['index']=151, ['level']=26},
    [17567905] = {['id']=17567905, ['name']="HognosedBat", ['index']=161, ['level']=20},
    [17567904] = {['id']=17567904, ['name']="HognosedBat", ['index']=160, ['level']=18},
    [17567903] = {['id']=17567903, ['name']="HognosedBat", ['index']=159, ['level']=17},
    [17567902] = {['id']=17567902, ['name']="GoblinMugger", ['index']=158, ['level']=25},
    [17567914] = {['id']=17567914, ['name']="SwaggerSpruce", ['index']=170, ['level']=87},
    [17567921] = {['id']=17567921, ['name']="SwaggerSpruce", ['index']=177, ['level']=86},
    [17567917] = {['id']=17567917, ['name']="SwaggerSpruce", ['index']=173, ['level']=86},
    [17567916] = {['id']=17567916, ['name']="SwaggerSpruce", ['index']=172, ['level']=88},
    [17567915] = {['id']=17567915, ['name']="SwaggerSpruce", ['index']=171, ['level']=88},
    [17567910] = {['id']=17567910, ['name']="SwaggerSpruce", ['index']=166, ['level']=86},
    [17567907] = {['id']=17567907, ['name']="SwaggerSpruce", ['index']=163, ['level']=86},
    [17567913] = {['id']=17567913, ['name']="SwaggerSpruce", ['index']=169, ['level']=86},
    [17567906] = {['id']=17567906, ['name']="SwaggerSpruce", ['index']=162, ['level']=86},
    [17567918] = {['id']=17567918, ['name']="SwaggerSpruce", ['index']=174, ['level']=87},
    [17567919] = {['id']=17567919, ['name']="SwaggerSpruce", ['index']=175, ['level']=87},
    [17567920] = {['id']=17567920, ['name']="SwaggerSpruce", ['index']=176, ['level']=88},
    [17567909] = {['id']=17567909, ['name']="SwaggerSpruce", ['index']=165, ['level']=87},
    [17567911] = {['id']=17567911, ['name']="SwaggerSpruce", ['index']=167, ['level']=88},
    [17567908] = {['id']=17567908, ['name']="SwaggerSpruce", ['index']=164, ['level']=88},
    [17567912] = {['id']=17567912, ['name']="SwaggerSpruce", ['index']=168, ['level']=86},
    [17567940] = {['id']=17567940, ['name']="HognosedBat", ['index']=196, ['level']=19},
    [17567944] = {['id']=17567944, ['name']="StalkingSaplin", ['index']=200, ['level']=19},
    [17567943] = {['id']=17567943, ['name']="StalkingSaplin", ['index']=199, ['level']=19},
    [17568205] = {['id']=17568205, ['name']="GroundsTome", ['index']=461, ['level']=0},
    [17567922] = {['id']=17567922, ['name']="TargeBeetle", ['index']=178, ['level']=84},
    [17567925] = {['id']=17567925, ['name']="TargeBeetle", ['index']=181, ['level']=85},
    [17567923] = {['id']=17567923, ['name']="TargeBeetle", ['index']=179, ['level']=85},
    [17567924] = {['id']=17567924, ['name']="TargeBeetle", ['index']=180, ['level']=85},
    [17567928] = {['id']=17567928, ['name']="TargeBeetle", ['index']=184, ['level']=85},
    [17567933] = {['id']=17567933, ['name']="TargeBeetle", ['index']=189, ['level']=84},
    [17567932] = {['id']=17567932, ['name']="TargeBeetle", ['index']=188, ['level']=84},
    [17567936] = {['id']=17567936, ['name']="HognosedBat", ['index']=192, ['level']=19},
    [17567939] = {['id']=17567939, ['name']="StalkingSaplin", ['index']=195, ['level']=21},
    [17567937] = {['id']=17567937, ['name']="HognosedBat", ['index']=193, ['level']=19},
    [17567942] = {['id']=17567942, ['name']="HognosedBat", ['index']=198, ['level']=18},
    [17567941] = {['id']=17567941, ['name']="HognosedBat", ['index']=197, ['level']=17},
    [17567945] = {['id']=17567945, ['name']="BudsBunny", ['index']=201, ['level']=85},
    [17567946] = {['id']=17567946, ['name']="BudsBunny", ['index']=202, ['level']=85},
    [17567947] = {['id']=17567947, ['name']="BudsBunny", ['index']=203, ['level']=84},
    [17567948] = {['id']=17567948, ['name']="BudsBunny", ['index']=204, ['level']=86},
    [17567949] = {['id']=17567949, ['name']="SwaggerSpruce", ['index']=205, ['level']=88},
    [17567950] = {['id']=17567950, ['name']="BudsBunny", ['index']=206, ['level']=84},
    [17567951] = {['id']=17567951, ['name']="BudsBunny", ['index']=207, ['level']=85},
    [17567954] = {['id']=17567954, ['name']="SwaggerSpruce", ['index']=210, ['level']=86},
    [17567953] = {['id']=17567953, ['name']="BudsBunny", ['index']=209, ['level']=86},
    [17567952] = {['id']=17567952, ['name']="BudsBunny", ['index']=208, ['level']=86},
    [17567956] = {['id']=17567956, ['name']="SwaggerSpruce", ['index']=212, ['level']=86},
    [17567955] = {['id']=17567955, ['name']="SwaggerSpruce", ['index']=211, ['level']=87},
    [17567958] = {['id']=17567958, ['name']="SwaggerSpruce", ['index']=214, ['level']=88},
    [17567959] = {['id']=17567959, ['name']="SwaggerSpruce", ['index']=215, ['level']=88},
    [17567957] = {['id']=17567957, ['name']="BudsBunny", ['index']=213, ['level']=84},
    [17567960] = {['id']=17567960, ['name']="SwaggerSpruce", ['index']=216, ['level']=87},
    [17567961] = {['id']=17567961, ['name']="SwaggerSpruce", ['index']=217, ['level']=87},
    [17567963] = {['id']=17567963, ['name']="SwaggerSpruce", ['index']=219, ['level']=88},
    [17567964] = {['id']=17567964, ['name']="SwaggerSpruce", ['index']=220, ['level']=88},
    [17567962] = {['id']=17567962, ['name']="BudsBunny", ['index']=218, ['level']=85},
    [17567862] = {['id']=17567862, ['name']="BilisLeech", ['index']=118, ['level']=88},
    [17567860] = {['id']=17567860, ['name']="BilisLeech", ['index']=116, ['level']=87},
    [17567861] = {['id']=17567861, ['name']="BilisLeech", ['index']=117, ['level']=87},
    [17567858] = {['id']=17567858, ['name']="BilisLeech", ['index']=114, ['level']=87},
    [17567859] = {['id']=17567859, ['name']="BilisLeech", ['index']=115, ['level']=87},
    [17567856] = {['id']=17567856, ['name']="BilisLeech", ['index']=112, ['level']=87},
    [17567864] = {['id']=17567864, ['name']="BilisLeech", ['index']=120, ['level']=87},
    [17567865] = {['id']=17567865, ['name']="BilisLeech", ['index']=121, ['level']=87},
    [17567863] = {['id']=17567863, ['name']="BilisLeech", ['index']=119, ['level']=88},
    [17567929] = {['id']=17567929, ['name']="TargeBeetle", ['index']=185, ['level']=85},
    [17567927] = {['id']=17567927, ['name']="TargeBeetle", ['index']=183, ['level']=84},
    [17567926] = {['id']=17567926, ['name']="TargeBeetle", ['index']=182, ['level']=85},
    [17567931] = {['id']=17567931, ['name']="TargeBeetle", ['index']=187, ['level']=84},
    [17567930] = {['id']=17567930, ['name']="TargeBeetle", ['index']=186, ['level']=84},
    [17568066] = {['id']=17568066, ['name']="SeekerBats", ['index']=322, ['level']=24},
    [17568067] = {['id']=17568067, ['name']="SeekerBats", ['index']=323, ['level']=24},
    [17568068] = {['id']=17568068, ['name']="SeekerBats", ['index']=324, ['level']=24},
    [17568069] = {['id']=17568069, ['name']="SeekerBats", ['index']=325, ['level']=26},
    [17568070] = {['id']=17568070, ['name']="SeekerBats", ['index']=326, ['level']=25},
    [17568072] = {['id']=17568072, ['name']="SeekerBats", ['index']=328, ['level']=23},
    [17568071] = {['id']=17568071, ['name']="SeekerBats", ['index']=327, ['level']=24},
    [17568073] = {['id']=17568073, ['name']="SeekerBats", ['index']=329, ['level']=23},
    [17568074] = {['id']=17568074, ['name']="SeekerBats", ['index']=330, ['level']=24},
    [17568082] = {['id']=17568082, ['name']="GoliathBeetle", ['index']=338, ['level']=30},
    [17568081] = {['id']=17568081, ['name']="GoliathBeetle", ['index']=337, ['level']=31},
    [17568077] = {['id']=17568077, ['name']="AncientBat", ['index']=333, ['level']=28},
    [17568080] = {['id']=17568080, ['name']="GoliathBeetle", ['index']=336, ['level']=31},
    [17568078] = {['id']=17568078, ['name']="AncientBat", ['index']=334, ['level']=28},
    [17568076] = {['id']=17568076, ['name']="SeekerBats", ['index']=332, ['level']=26},
    [17568079] = {['id']=17568079, ['name']="GoliathBeetle", ['index']=335, ['level']=31},
    [17568075] = {['id']=17568075, ['name']="SeekerBats", ['index']=331, ['level']=25},
    [17568083] = {['id']=17568083, ['name']="StroperChyme", ['index']=339, ['level']=35},
    [17568084] = {['id']=17568084, ['name']="SeekerBats", ['index']=340, ['level']=24},
    [17568085] = {['id']=17568085, ['name']="SeekerBats", ['index']=341, ['level']=25},
    [17568086] = {['id']=17568086, ['name']="AncientBat", ['index']=342, ['level']=27},
    [17568088] = {['id']=17568088, ['name']="GoliathBeetle", ['index']=344, ['level']=31},
    [17568090] = {['id']=17568090, ['name']="SeekerBats", ['index']=346, ['level']=25},
    [17568089] = {['id']=17568089, ['name']="SeekerBats", ['index']=345, ['level']=23},
    [17568093] = {['id']=17568093, ['name']="GoblinFurrier", ['index']=349, ['level']=33},
    [17568101] = {['id']=17568101, ['name']="SlashPine", ['index']=357, ['level']=29},
    [17568102] = {['id']=17568102, ['name']="SlashPine", ['index']=358, ['level']=28},
    [17568104] = {['id']=17568104, ['name']="SlashPine", ['index']=360, ['level']=29},
    [17568095] = {['id']=17568095, ['name']="GoblinShaman", ['index']=351, ['level']=34},
    [17568099] = {['id']=17568099, ['name']="GoblinSmithy", ['index']=355, ['level']=34},
    [17568100] = {['id']=17568100, ['name']="GoblinShaman", ['index']=356, ['level']=34},
    [17568103] = {['id']=17568103, ['name']="SlashPine", ['index']=359, ['level']=27},
    [17568106] = {['id']=17568106, ['name']="SeekerBats", ['index']=362, ['level']=24},
    [17568107] = {['id']=17568107, ['name']="AncientBat", ['index']=363, ['level']=28},
    [17568105] = {['id']=17568105, ['name']="SeekerBats", ['index']=361, ['level']=23},
    [17568110] = {['id']=17568110, ['name']="AncientBat", ['index']=366, ['level']=27},
    [17568108] = {['id']=17568108, ['name']="SeekerBats", ['index']=364, ['level']=23},
    [17568109] = {['id']=17568109, ['name']="SeekerBats", ['index']=365, ['level']=25},
    [17568133] = {['id']=17568133, ['name']="StroperChyme", ['index']=389, ['level']=33},
    [17568122] = {['id']=17568122, ['name']="AncientBat", ['index']=378, ['level']=26},
    [17568118] = {['id']=17568118, ['name']="GoblinFurrier", ['index']=374, ['level']=31},
    [17568124] = {['id']=17568124, ['name']="Stroper", ['index']=380, ['level']=31},
    [17568116] = {['id']=17568116, ['name']="GoblinPathfind", ['index']=372, ['level']=34},
    [17568117] = {['id']=17568117, ['name']="Goblin\'sBats", ['index']=373, ['level']=25},
    [17568115] = {['id']=17568115, ['name']="GoblinShaman", ['index']=371, ['level']=34},
    [17568125] = {['id']=17568125, ['name']="Stroper", ['index']=381, ['level']=34},
    [17568123] = {['id']=17568123, ['name']="AncientBat", ['index']=379, ['level']=27},
    [17568127] = {['id']=17568127, ['name']="Morbolger", ['index']=383, ['level']=42},
    [17568126] = {['id']=17568126, ['name']="Stroper", ['index']=382, ['level']=32},
    [17568121] = {['id']=17568121, ['name']="AncientBat", ['index']=377, ['level']=28},
    [17568113] = {['id']=17568113, ['name']="GoblinFurrier", ['index']=369, ['level']=34},
    [17568128] = {['id']=17568128, ['name']="Napalm", ['index']=384, ['level']=32},
    [17568132] = {['id']=17568132, ['name']="Bombast", ['index']=388, ['level']=44},
    [17568129] = {['id']=17568129, ['name']="Napalm", ['index']=385, ['level']=32},
    [17568131] = {['id']=17568131, ['name']="WaterElemental", ['index']=387, ['level']=36},
