    [17900003] = {['id']=17900003, ['name']="DuskbroodGate", ['index']=483, ['level']=0},
    [17900004] = {['id']=17900004, ['name']="BrashGate", ['index']=484, ['level']=0},
    [17900009] = {['id']=17900009, ['name']="Lerene", ['index']=489, ['level']=0},
    [17899725] = {['id']=17899725, ['name']="BristlehairBat", ['index']=205, ['level']=115},
    [17899808] = {['id']=17899808, ['name']="VengefulShunne", ['index']=288, ['level']=115},
    [17899809] = {['id']=17899809, ['name']="VengefulShunne", ['index']=289, ['level']=115},
    [17899803] = {['id']=17899803, ['name']="AmaranthBarrie", ['index']=283, ['level']=115},
    [17899804] = {['id']=17899804, ['name']="AmaranthBarrie", ['index']=284, ['level']=115},
    [17899805] = {['id']=17899805, ['name']="AmaranthBarrie", ['index']=285, ['level']=115},
    [17899723] = {['id']=17899723, ['name']="BristlehairBat", ['index']=203, ['level']=113},
    [17899807] = {['id']=17899807, ['name']="VengefulShunne", ['index']=287, ['level']=115},
    [17899724] = {['id']=17899724, ['name']="BristlehairBat", ['index']=204, ['level']=115},
    [17899806] = {['id']=17899806, ['name']="VengefulShunne", ['index']=286, ['level']=115},
    [17899722] = {['id']=17899722, ['name']="BristlehairBat", ['index']=202, ['level']=114},
    [17899721] = {['id']=17899721, ['name']="BristlehairBat", ['index']=201, ['level']=113},
    [17899720] = {['id']=17899720, ['name']="BristlehairBat", ['index']=200, ['level']=113},
    [17899768] = {['id']=17899768, ['name']="UndulatingUmbr", ['index']=248, ['level']=114},
    [17899769] = {['id']=17899769, ['name']="UndulatingUmbr", ['index']=249, ['level']=115},
    [17899703] = {['id']=17899703, ['name']="ShunnedHexer", ['index']=183, ['level']=114},
    [17899707] = {['id']=17899707, ['name']="ShunnedElement", ['index']=187, ['level']=114},
    [17899706] = {['id']=17899706, ['name']="ShunnedElement", ['index']=186, ['level']=115},
    [17899705] = {['id']=17899705, ['name']="ShunnedElement", ['index']=185, ['level']=114},
    [17899704] = {['id']=17899704, ['name']="ShunnedHexer", ['index']=184, ['level']=114},
    [17899600] = {['id']=17899600, ['name']="LegionlessDrau", ['index']=80, ['level']=114},
    [17899599] = {['id']=17899599, ['name']="LegionlessDrau", ['index']=79, ['level']=116},
    [17899601] = {['id']=17899601, ['name']="ObfuscousObdel", ['index']=81, ['level']=114},
    [17899598] = {['id']=17899598, ['name']="LegionlessDrau", ['index']=78, ['level']=116},
    [17899595] = {['id']=17899595, ['name']="LegionlessDrau", ['index']=75, ['level']=114},
    [17899596] = {['id']=17899596, ['name']="LegionlessDrau", ['index']=76, ['level']=114},
    [17899597] = {['id']=17899597, ['name']="ObfuscousObdel", ['index']=77, ['level']=114},
    [17899592] = {['id']=17899592, ['name']="LegionlessDrau", ['index']=72, ['level']=116},
    [17899591] = {['id']=17899591, ['name']="LegionlessDrau", ['index']=71, ['level']=116},
    [17899593] = {['id']=17899593, ['name']="LegionlessDrau", ['index']=73, ['level']=114},
    [17899594] = {['id']=17899594, ['name']="ObfuscousObdel", ['index']=74, ['level']=113},
    [17899641] = {['id']=17899641, ['name']="SuspendedSculp", ['index']=121, ['level']=1},
    [17899576] = {['id']=17899576, ['name']="AstringentAcue", ['index']=56, ['level']=114},
    [17899577] = {['id']=17899577, ['name']="AstringentAcue", ['index']=57, ['level']=115},
    [17899578] = {['id']=17899578, ['name']="ObfuscousObdel", ['index']=58, ['level']=113},
    [17899579] = {['id']=17899579, ['name']="ObfuscousObdel", ['index']=59, ['level']=114},
    [17900043] = {['id']=17900043, ['name']="EffigyofSeali", ['index']=523, ['level']=0},
    [17899580] = {['id']=17899580, ['name']="AstringentAcue", ['index']=60, ['level']=116},
    [17899586] = {['id']=17899586, ['name']="ObfuscousObdel", ['index']=66, ['level']=113},
    [17899581] = {['id']=17899581, ['name']="AstringentAcue", ['index']=61, ['level']=116},
    [17899583] = {['id']=17899583, ['name']="ObfuscousObdel", ['index']=63, ['level']=114},
    [17899582] = {['id']=17899582, ['name']="AstringentAcue", ['index']=62, ['level']=115},
    [17899584] = {['id']=17899584, ['name']="AstringentAcue", ['index']=64, ['level']=114},
    [17899585] = {['id']=17899585, ['name']="AstringentAcue", ['index']=65, ['level']=114},
    [17899587] = {['id']=17899587, ['name']="ObfuscousObdel", ['index']=67, ['level']=114},
    [17899642] = {['id']=17899642, ['name']="SuspendedSculp", ['index']=122, ['level']=1},
    [17899653] = {['id']=17899653, ['name']="UndulatingUmbr", ['index']=133, ['level']=116},
    [17899654] = {['id']=17899654, ['name']="UndulatingUmbr", ['index']=134, ['level']=116},
    [17899727] = {['id']=17899727, ['name']="BristlehairBat", ['index']=207, ['level']=114},
    [17899813] = {['id']=17899813, ['name']="VengefulShunne", ['index']=293, ['level']=115},
    [17899814] = {['id']=17899814, ['name']="VengefulShunne", ['index']=294, ['level']=115},
    [17899812] = {['id']=17899812, ['name']="AmaranthBarrie", ['index']=292, ['level']=115},
    [17899811] = {['id']=17899811, ['name']="AmaranthBarrie", ['index']=291, ['level']=115},
    [17899810] = {['id']=17899810, ['name']="AmaranthBarrie", ['index']=290, ['level']=115},
    [17899726] = {['id']=17899726, ['name']="BristlehairBat", ['index']=206, ['level']=113},
    [17899815] = {['id']=17899815, ['name']="VengefulShunne", ['index']=295, ['level']=115},
    [17899728] = {['id']=17899728, ['name']="BristlehairBat", ['index']=208, ['level']=113},
    [17899816] = {['id']=17899816, ['name']="VengefulShunne", ['index']=296, ['level']=115},
    [17899730] = {['id']=17899730, ['name']="BristlehairBat", ['index']=210, ['level']=115},
    [17899731] = {['id']=17899731, ['name']="BristlehairBat", ['index']=211, ['level']=114},
    [17899729] = {['id']=17899729, ['name']="BristlehairBat", ['index']=209, ['level']=114},
    [17899708] = {['id']=17899708, ['name']="ShunnedEngrave", ['index']=188, ['level']=116},
    [17899709] = {['id']=17899709, ['name']="ShunnedEngrave", ['index']=189, ['level']=116},
    [17899711] = {['id']=17899711, ['name']="ShunnedValiant", ['index']=191, ['level']=116},
    [17899632] = {['id']=17899632, ['name']="Fluturini", ['index']=112, ['level']=115},
    [17899638] = {['id']=17899638, ['name']="RestlessTwithe", ['index']=118, ['level']=114},
    [17899633] = {['id']=17899633, ['name']="RestlessTwithe", ['index']=113, ['level']=115},
    [17899637] = {['id']=17899637, ['name']="RestlessTwithe", ['index']=117, ['level']=114},
    [17899636] = {['id']=17899636, ['name']="RestlessTwithe", ['index']=116, ['level']=114},
    [17899634] = {['id']=17899634, ['name']="RestlessTwithe", ['index']=114, ['level']=113},
    [17899635] = {['id']=17899635, ['name']="RestlessTwithe", ['index']=115, ['level']=113},
    [17899631] = {['id']=17899631, ['name']="Fluturini", ['index']=111, ['level']=115},
    [17899795] = {['id']=17899795, ['name']="FesteringUmbri", ['index']=275, ['level']=115},
    [17899793] = {['id']=17899793, ['name']="ProcrusteanDra", ['index']=273, ['level']=115},
    [17899794] = {['id']=17899794, ['name']="ProcrusteanDra", ['index']=274, ['level']=115},
    [17899792] = {['id']=17899792, ['name']="DimensionalTet", ['index']=272, ['level']=115},
    [17899567] = {['id']=17899567, ['name']="PhlegmaticByrg", ['index']=47, ['level']=116},
    [17899566] = {['id']=17899566, ['name']="UndulatingUmbr", ['index']=46, ['level']=116},
    [17899565] = {['id']=17899565, ['name']="UndulatingUmbr", ['index']=45, ['level']=114},
    [17899564] = {['id']=17899564, ['name']="UndulatingUmbr", ['index']=44, ['level']=115},
    [17899562] = {['id']=17899562, ['name']="UndulatingUmbr", ['index']=42, ['level']=114},
    [17899561] = {['id']=17899561, ['name']="UndulatingUmbr", ['index']=41, ['level']=114},
    [17899783] = {['id']=17899783, ['name']="FesteringUmbri", ['index']=263, ['level']=115},
    [17899573] = {['id']=17899573, ['name']="RestlessTwithe", ['index']=53, ['level']=113},
    [17899572] = {['id']=17899572, ['name']="RestlessTwithe", ['index']=52, ['level']=113},
    [17899575] = {['id']=17899575, ['name']="RestlessTwithe", ['index']=55, ['level']=115},
    [17899571] = {['id']=17899571, ['name']="RestlessTwithe", ['index']=51, ['level']=114},
    [17899570] = {['id']=17899570, ['name']="RestlessTwithe", ['index']=50, ['level']=113},
    [17899568] = {['id']=17899568, ['name']="Fluturini", ['index']=48, ['level']=115},
    [17899574] = {['id']=17899574, ['name']="RestlessTwithe", ['index']=54, ['level']=113},
    [17899569] = {['id']=17899569, ['name']="Fluturini", ['index']=49, ['level']=114},
    [17899766] = {['id']=17899766, ['name']="UndulatingUmbr", ['index']=246, ['level']=114},
    [17899767] = {['id']=17899767, ['name']="UndulatingUmbr", ['index']=247, ['level']=116},
    [17899717] = {['id']=17899717, ['name']="BristlehairBat", ['index']=197, ['level']=115},
    [17899718] = {['id']=17899718, ['name']="BristlehairBat", ['index']=198, ['level']=113},
    [17899719] = {['id']=17899719, ['name']="BristlehairBat", ['index']=199, ['level']=114},
    [17899796] = {['id']=17899796, ['name']="AmaranthBarrie", ['index']=276, ['level']=115},
    [17899797] = {['id']=17899797, ['name']="AmaranthBarrie", ['index']=277, ['level']=115},
    [17899798] = {['id']=17899798, ['name']="AmaranthBarrie", ['index']=278, ['level']=115},
    [17899799] = {['id']=17899799, ['name']="VengefulShunne", ['index']=279, ['level']=115},
    [17899800] = {['id']=17899800, ['name']="VengefulShunne", ['index']=280, ['level']=115},
    [17899801] = {['id']=17899801, ['name']="VengefulShunne", ['index']=281, ['level']=115},
    [17899802] = {['id']=17899802, ['name']="VengefulShunne", ['index']=282, ['level']=115},
    [17899716] = {['id']=17899716, ['name']="BristlehairBat", ['index']=196, ['level']=115},
    [17899714] = {['id']=17899714, ['name']="BristlehairBat", ['index']=194, ['level']=113},
    [17899715] = {['id']=17899715, ['name']="BristlehairBat", ['index']=195, ['level']=115},
    [17899693] = {['id']=17899693, ['name']="ShunnedFlutesl", ['index']=173, ['level']=115},
    [17899694] = {['id']=17899694, ['name']="ShunnedFlutesl", ['index']=174, ['level']=115},
    [17899692] = {['id']=17899692, ['name']="ShunnedSaboteu", ['index']=172, ['level']=114},
    [17899695] = {['id']=17899695, ['name']="ShunnedFlutesl", ['index']=175, ['level']=116},
    [17899690] = {['id']=17899690, ['name']="ShunnedSaboteu", ['index']=170, ['level']=114},
    [17899691] = {['id']=17899691, ['name']="ShunnedSaboteu", ['index']=171, ['level']=115},
    [17900003] = {['id']=17900003, ['name']="DuskbroodGate", ['index']=483, ['level']=0},
    [17900004] = {['id']=17900004, ['name']="BrashGate", ['index']=484, ['level']=0},
    [17900009] = {['id']=17900009, ['name']="Lerene", ['index']=489, ['level']=0},
    [17900005] = {['id']=17900005, ['name']="DeathborneGate", ['index']=485, ['level']=0},
    [17899690] = {['id']=17899690, ['name']="ShunnedSaboteu", ['index']=170, ['level']=114},
    [17899691] = {['id']=17899691, ['name']="ShunnedSaboteu", ['index']=171, ['level']=115},
    [17899702] = {['id']=17899702, ['name']="ShunnedHexer", ['index']=182, ['level']=115},
    [17899703] = {['id']=17899703, ['name']="ShunnedHexer", ['index']=183, ['level']=114},
    [17899704] = {['id']=17899704, ['name']="ShunnedHexer", ['index']=184, ['level']=114},
    [17899705] = {['id']=17899705, ['name']="ShunnedElement", ['index']=185, ['level']=114},
    [17899706] = {['id']=17899706, ['name']="ShunnedElement", ['index']=186, ['level']=115},
    [17899707] = {['id']=17899707, ['name']="ShunnedElement", ['index']=187, ['level']=114},
    [17899720] = {['id']=17899720, ['name']="BristlehairBat", ['index']=200, ['level']=113},
    [17899721] = {['id']=17899721, ['name']="BristlehairBat", ['index']=201, ['level']=113},
    [17899722] = {['id']=17899722, ['name']="BristlehairBat", ['index']=202, ['level']=114},
    [17899723] = {['id']=17899723, ['name']="BristlehairBat", ['index']=203, ['level']=113},
    [17899724] = {['id']=17899724, ['name']="BristlehairBat", ['index']=204, ['level']=115},
    [17899725] = {['id']=17899725, ['name']="BristlehairBat", ['index']=205, ['level']=115},
    [17899692] = {['id']=17899692, ['name']="ShunnedSaboteu", ['index']=172, ['level']=114},
    [17899693] = {['id']=17899693, ['name']="ShunnedFlutesl", ['index']=173, ['level']=115},
    [17899726] = {['id']=17899726, ['name']="BristlehairBat", ['index']=206, ['level']=113},
    [17899727] = {['id']=17899727, ['name']="BristlehairBat", ['index']=207, ['level']=114},
    [17899728] = {['id']=17899728, ['name']="BristlehairBat", ['index']=208, ['level']=113},
    [17899813] = {['id']=17899813, ['name']="VengefulShunne", ['index']=293, ['level']=115},
    [17899814] = {['id']=17899814, ['name']="VengefulShunne", ['index']=294, ['level']=115},
    [17899595] = {['id']=17899595, ['name']="LegionlessDrau", ['index']=75, ['level']=115},
    [17899596] = {['id']=17899596, ['name']="LegionlessDrau", ['index']=76, ['level']=114},
    [17899597] = {['id']=17899597, ['name']="ObfuscousObdel", ['index']=77, ['level']=114},
    [17899598] = {['id']=17899598, ['name']="LegionlessDrau", ['index']=78, ['level']=116},
    [17899599] = {['id']=17899599, ['name']="LegionlessDrau", ['index']=79, ['level']=116},
    [17899600] = {['id']=17899600, ['name']="LegionlessDrau", ['index']=80, ['level']=114},
    [17899601] = {['id']=17899601, ['name']="ObfuscousObdel", ['index']=81, ['level']=114},
    [17899783] = {['id']=17899783, ['name']="FesteringUmbri", ['index']=263, ['level']=115},
    [17899792] = {['id']=17899792, ['name']="DimensionalTet", ['index']=272, ['level']=115},
    [17899793] = {['id']=17899793, ['name']="ProcrusteanDra", ['index']=273, ['level']=115},
    [17899794] = {['id']=17899794, ['name']="ProcrusteanDra", ['index']=274, ['level']=115},
    [17899795] = {['id']=17899795, ['name']="FesteringUmbri", ['index']=275, ['level']=115},
    [17899607] = {['id']=17899607, ['name']="RestlessTwithe", ['index']=87, ['level']=113},
    [17899609] = {['id']=17899609, ['name']="RestlessTwithe", ['index']=89, ['level']=115},
    [17899608] = {['id']=17899608, ['name']="RestlessTwithe", ['index']=88, ['level']=114},
    [17899604] = {['id']=17899604, ['name']="RestlessTwithe", ['index']=84, ['level']=114},
    [17899603] = {['id']=17899603, ['name']="Fluturini", ['index']=83, ['level']=115},
    [17899605] = {['id']=17899605, ['name']="RestlessTwithe", ['index']=85, ['level']=115},
    [17899602] = {['id']=17899602, ['name']="Fluturini", ['index']=82, ['level']=114},
    [17899606] = {['id']=17899606, ['name']="RestlessTwithe", ['index']=86, ['level']=114},
    [17899591] = {['id']=17899591, ['name']="LegionlessDrau", ['index']=71, ['level']=116},
    [17899592] = {['id']=17899592, ['name']="LegionlessDrau", ['index']=72, ['level']=116},
    [17899593] = {['id']=17899593, ['name']="LegionlessDrau", ['index']=73, ['level']=114},
    [17899653] = {['id']=17899653, ['name']="UndulatingUmbr", ['index']=133, ['level']=116},
    [17899654] = {['id']=17899654, ['name']="UndulatingUmbr", ['index']=134, ['level']=116},
    [17899628] = {['id']=17899628, ['name']="LegionlessDrau", ['index']=108, ['level']=116},
    [17899627] = {['id']=17899627, ['name']="LegionlessDrau", ['index']=107, ['level']=116},
    [17899629] = {['id']=17899629, ['name']="LegionlessDrau", ['index']=109, ['level']=116},
    [17899630] = {['id']=17899630, ['name']="Dreadhound", ['index']=110, ['level']=116},
    [17899624] = {['id']=17899624, ['name']="LegionlessDrau", ['index']=104, ['level']=113},
    [17899631] = {['id']=17899631, ['name']="Fluturini", ['index']=111, ['level']=115},
    [17899633] = {['id']=17899633, ['name']="RestlessTwithe", ['index']=113, ['level']=115},
    [17899636] = {['id']=17899636, ['name']="RestlessTwithe", ['index']=116, ['level']=114},
    [17899637] = {['id']=17899637, ['name']="RestlessTwithe", ['index']=117, ['level']=114},
    [17899638] = {['id']=17899638, ['name']="RestlessTwithe", ['index']=118, ['level']=114},
    [17899626] = {['id']=17899626, ['name']="Dreadhound", ['index']=106, ['level']=116},
    [17899625] = {['id']=17899625, ['name']="LegionlessDrau", ['index']=105, ['level']=115},
    [17899618] = {['id']=17899618, ['name']="LegionlessDrau", ['index']=98, ['level']=116},
    [17899619] = {['id']=17899619, ['name']="LegionlessDrau", ['index']=99, ['level']=113},
    [17899620] = {['id']=17899620, ['name']="LegionlessDrau", ['index']=100, ['level']=114},
    [17899621] = {['id']=17899621, ['name']="LegionlessDrau", ['index']=101, ['level']=116},
    [17899623] = {['id']=17899623, ['name']="Dreadhound", ['index']=103, ['level']=116},
    [17899622] = {['id']=17899622, ['name']="Dreadhound", ['index']=102, ['level']=113},
    [17899632] = {['id']=17899632, ['name']="Fluturini", ['index']=112, ['level']=115},
    [17899634] = {['id']=17899634, ['name']="RestlessTwithe", ['index']=114, ['level']=113},
    [17899635] = {['id']=17899635, ['name']="RestlessTwithe", ['index']=115, ['level']=113},
    [17899616] = {['id']=17899616, ['name']="Dullahan", ['index']=96, ['level']=118},
    [17899617] = {['id']=17899617, ['name']="HorrificBhoot", ['index']=97, ['level']=115},
    [17899610] = {['id']=17899610, ['name']="Dullahan", ['index']=90, ['level']=115},
    [17899611] = {['id']=17899611, ['name']="Dullahan", ['index']=91, ['level']=116},
    [17899612] = {['id']=17899612, ['name']="HorrificBhoot", ['index']=92, ['level']=115},
    [17899613] = {['id']=17899613, ['name']="Dullahan", ['index']=93, ['level']=115},
    [17899614] = {['id']=17899614, ['name']="Dullahan", ['index']=94, ['level']=115},
    [17899615] = {['id']=17899615, ['name']="HorrificBhoot", ['index']=95, ['level']=114},
    [17899788] = {['id']=17899788, ['name']="DimensionalTet", ['index']=268, ['level']=115},
    [17899789] = {['id']=17899789, ['name']="ProcrusteanDra", ['index']=269, ['level']=115},
    [17899790] = {['id']=17899790, ['name']="ProcrusteanDra", ['index']=270, ['level']=115},
    [17899791] = {['id']=17899791, ['name']="FesteringUmbri", ['index']=271, ['level']=115},
    [17899642] = {['id']=17899642, ['name']="SuspendedSculp", ['index']=122, ['level']=1},
    [17899729] = {['id']=17899729, ['name']="BristlehairBat", ['index']=209, ['level']=114},
    [17899730] = {['id']=17899730, ['name']="BristlehairBat", ['index']=210, ['level']=115},
    [17899731] = {['id']=17899731, ['name']="BristlehairBat", ['index']=211, ['level']=114},
    [17899810] = {['id']=17899810, ['name']="AmaranthBarrie", ['index']=290, ['level']=115},
    [17899811] = {['id']=17899811, ['name']="AmaranthBarrie", ['index']=291, ['level']=115},
    [17899812] = {['id']=17899812, ['name']="AmaranthBarrie", ['index']=292, ['level']=115},
    [17899815] = {['id']=17899815, ['name']="VengefulShunne", ['index']=295, ['level']=115},
    [17899816] = {['id']=17899816, ['name']="VengefulShunne", ['index']=296, ['level']=115},
    [17899708] = {['id']=17899708, ['name']="ShunnedEngrave", ['index']=188, ['level']=114},
    [17899711] = {['id']=17899711, ['name']="ShunnedValiant", ['index']=191, ['level']=116},
    [17899923] = {['id']=17899923, ['name']="SoulPyre", ['index']=403, ['level']=0},
    [17899921] = {['id']=17899921, ['name']="SoulPyre", ['index']=401, ['level']=0},
    [17899561] = {['id']=17899561, ['name']="UndulatingUmbr", ['index']=41, ['level']=114},
    [17899562] = {['id']=17899562, ['name']="UndulatingUmbr", ['index']=42, ['level']=114},
    [17899563] = {['id']=17899563, ['name']="PhlegmaticByrg", ['index']=43, ['level']=116},
    [17899564] = {['id']=17899564, ['name']="UndulatingUmbr", ['index']=44, ['level']=115},
    [17899565] = {['id']=17899565, ['name']="UndulatingUmbr", ['index']=45, ['level']=114},
    [17899566] = {['id']=17899566, ['name']="UndulatingUmbr", ['index']=46, ['level']=116},
    [17899567] = {['id']=17899567, ['name']="PhlegmaticByrg", ['index']=47, ['level']=116},
    [17899568] = {['id']=17899568, ['name']="Fluturini", ['index']=48, ['level']=115},
    [17899569] = {['id']=17899569, ['name']="Fluturini", ['index']=49, ['level']=114},
    [17899570] = {['id']=17899570, ['name']="RestlessTwithe", ['index']=50, ['level']=113},
    [17899571] = {['id']=17899571, ['name']="RestlessTwithe", ['index']=51, ['level']=114},
    [17899572] = {['id']=17899572, ['name']="RestlessTwithe", ['index']=52, ['level']=113},
    [17899573] = {['id']=17899573, ['name']="RestlessTwithe", ['index']=53, ['level']=113},
    [17899574] = {['id']=17899574, ['name']="RestlessTwithe", ['index']=54, ['level']=113},
    [17899559] = {['id']=17899559, ['name']="UndulatingUmbr", ['index']=39, ['level']=115},
    [17899575] = {['id']=17899575, ['name']="RestlessTwithe", ['index']=55, ['level']=115},
