    [17572312] = {['id']=17572312, ['name']="GroundsTome", ['index']=472, ['level']=0},
    [17572190] = {['id']=17572190, ['name']="BladeBat", ['index']=350, ['level']=6},
    [17572172] = {['id']=17572172, ['name']="GoblinWeaver", ['index']=332, ['level']=7},
    [17572171] = {['id']=17572171, ['name']="GoblinThug", ['index']=331, ['level']=7},
    [17572184] = {['id']=17572184, ['name']="BladeBat", ['index']=344, ['level']=6},
    [17572195] = {['id']=17572195, ['name']="Balloon", ['index']=355, ['level']=8},
    [17572182] = {['id']=17572182, ['name']="GoblinWeaver", ['index']=342, ['level']=6},
    [17572183] = {['id']=17572183, ['name']="BladeBat", ['index']=343, ['level']=5},
    [17572189] = {['id']=17572189, ['name']="BladeBat", ['index']=349, ['level']=5},
    [17572185] = {['id']=17572185, ['name']="BladeBat", ['index']=345, ['level']=6},
    [17572187] = {['id']=17572187, ['name']="GoblinWeaver", ['index']=347, ['level']=6},
    [17572188] = {['id']=17572188, ['name']="BladeBat", ['index']=348, ['level']=4},
    [17572168] = {['id']=17572168, ['name']="GoblinThug", ['index']=328, ['level']=5},
    [17572166] = {['id']=17572166, ['name']="GoblinWeaver", ['index']=326, ['level']=6},
    [17572165] = {['id']=17572165, ['name']="GoblinThug", ['index']=325, ['level']=4},
    [17572169] = {['id']=17572169, ['name']="GoblinWeaver", ['index']=329, ['level']=4},
    [17572164] = {['id']=17572164, ['name']="GoblinThug", ['index']=324, ['level']=4},
    [17572161] = {['id']=17572161, ['name']="BattueBats", ['index']=321, ['level']=3},
    [17572162] = {['id']=17572162, ['name']="BattueBats", ['index']=322, ['level']=3},
    [17572163] = {['id']=17572163, ['name']="BattueBats", ['index']=323, ['level']=3},
    [17572178] = {['id']=17572178, ['name']="GoblinWeaver", ['index']=338, ['level']=4},
    [17572175] = {['id']=17572175, ['name']="BattueBats", ['index']=335, ['level']=4},
    [17572176] = {['id']=17572176, ['name']="BattueBats", ['index']=336, ['level']=4},
    [17572180] = {['id']=17572180, ['name']="BattueBats", ['index']=340, ['level']=3},
    [17572174] = {['id']=17572174, ['name']="GoblinWeaver", ['index']=334, ['level']=5},
    [17572179] = {['id']=17572179, ['name']="BattueBats", ['index']=339, ['level']=3},
    [17572193] = {['id']=17572193, ['name']="Balloon", ['index']=353, ['level']=10},
    [17572194] = {['id']=17572194, ['name']="GoblinWeaver", ['index']=354, ['level']=6},
    [17572191] = {['id']=17572191, ['name']="Balloon", ['index']=351, ['level']=10},
    [17572311] = {['id']=17572311, ['name']="GroundsTome", ['index']=471, ['level']=0},
    [17572053] = {['id']=17572053, ['name']="TwoofCups", ['index']=213, ['level']=2},
    [17572086] = {['id']=17572086, ['name']="ThreeofBatons", ['index']=246, ['level']=6},
    [17572062] = {['id']=17572062, ['name']="TwoofBatons", ['index']=222, ['level']=2},
    [17572061] = {['id']=17572061, ['name']="TwoofCups", ['index']=221, ['level']=4},
    [17572057] = {['id']=17572057, ['name']="TwoofCups", ['index']=217, ['level']=3},
    [17572089] = {['id']=17572089, ['name']="ThreeofCups", ['index']=249, ['level']=9},
    [17572067] = {['id']=17572067, ['name']="TwoofSwords", ['index']=227, ['level']=1},
    [17572070] = {['id']=17572070, ['name']="TwoofBatons", ['index']=230, ['level']=3},
    [17572072] = {['id']=17572072, ['name']="TwoofCoins", ['index']=232, ['level']=2},
    [17572074] = {['id']=17572074, ['name']="TwoofBatons", ['index']=234, ['level']=3},
    [17572096] = {['id']=17572096, ['name']="DoppelgangerDi", ['index']=256, ['level']=25},
    [17572104] = {['id']=17572104, ['name']="ThreeofCoins", ['index']=264, ['level']=9},
    [17572101] = {['id']=17572101, ['name']="ThreeofCups", ['index']=261, ['level']=7},
    [17572115] = {['id']=17572115, ['name']="TwoofSwords", ['index']=275, ['level']=5},
    [17572139] = {['id']=17572139, ['name']="ThreeofSwords", ['index']=299, ['level']=9},
    [17572107] = {['id']=17572107, ['name']="TwoofSwords", ['index']=267, ['level']=1},
    [17572109] = {['id']=17572109, ['name']="TwoofCups", ['index']=269, ['level']=3},
    [17572111] = {['id']=17572111, ['name']="TwoofSwords", ['index']=271, ['level']=1},
    [17572124] = {['id']=17572124, ['name']="TwoofCoins", ['index']=284, ['level']=5},
    [17572121] = {['id']=17572121, ['name']="TwoofCups", ['index']=281, ['level']=1},
    [17572128] = {['id']=17572128, ['name']="TwoofCoins", ['index']=288, ['level']=5},
    [17572119] = {['id']=17572119, ['name']="TwoofSwords", ['index']=279, ['level']=2},
    [17572154] = {['id']=17572154, ['name']="ThreeofBatons", ['index']=314, ['level']=7},
    [17572152] = {['id']=17572152, ['name']="ThreeofCoins", ['index']=312, ['level']=6},
    [17571931] = {['id']=17571931, ['name']="TwoofSwords", ['index']=91, ['level']=1},
    [17571933] = {['id']=17571933, ['name']="TwoofCups", ['index']=93, ['level']=5},
    [17571935] = {['id']=17571935, ['name']="TwoofSwords", ['index']=95, ['level']=3},
    [17571938] = {['id']=17571938, ['name']="TwoofBatons", ['index']=98, ['level']=5},
    [17571940] = {['id']=17571940, ['name']="TwoofCoins", ['index']=100, ['level']=4},
    [17571942] = {['id']=17571942, ['name']="ThreeofBatons", ['index']=102, ['level']=8},
    [17571943] = {['id']=17571943, ['name']="ThreeofSwords", ['index']=103, ['level']=7},
    [17571947] = {['id']=17571947, ['name']="ThreeofSwords", ['index']=107, ['level']=7},
    [17571950] = {['id']=17571950, ['name']="ThreeofBatons", ['index']=110, ['level']=7},
    [17571951] = {['id']=17571951, ['name']="ThreeofSwords", ['index']=111, ['level']=7},
    [17571955] = {['id']=17571955, ['name']="FourofSwords", ['index']=115, ['level']=10},
    [17571957] = {['id']=17571957, ['name']="FourofCups", ['index']=117, ['level']=14},
    [17571959] = {['id']=17571959, ['name']="FourofSwords", ['index']=119, ['level']=14},
    [17571961] = {['id']=17571961, ['name']="FiveofCups", ['index']=121, ['level']=19},
    [17571965] = {['id']=17571965, ['name']="FiveofCups", ['index']=125, ['level']=16},
    [17571967] = {['id']=17571967, ['name']="FiveofSwords", ['index']=127, ['level']=18},
    [17571969] = {['id']=17571969, ['name']="FiveofCups", ['index']=129, ['level']=18},
    [17571971] = {['id']=17571971, ['name']="FiveofSwords", ['index']=131, ['level']=18},
    [17571974] = {['id']=17571974, ['name']="SixofBatons", ['index']=134, ['level']=22},
    [17571975] = {['id']=17571975, ['name']="SixofSwords", ['index']=135, ['level']=20},
    [17571978] = {['id']=17571978, ['name']="SixofBatons", ['index']=138, ['level']=24},
    [17571980] = {['id']=17571980, ['name']="SixofCoins", ['index']=140, ['level']=23},
    [17571982] = {['id']=17571982, ['name']="SixofBatons", ['index']=142, ['level']=21},
    [17571988] = {['id']=17571988, ['name']="EightofCoins", ['index']=148, ['level']=30},
    [17571997] = {['id']=17571997, ['name']="EightofCups", ['index']=157, ['level']=33},
    [17572004] = {['id']=17572004, ['name']="DancingWeapon", ['index']=164, ['level']=28},
    [17572041] = {['id']=17572041, ['name']="DancingWeapon", ['index']=201, ['level']=30},
    [17572007] = {['id']=17572007, ['name']="SevenofSwords", ['index']=167, ['level']=29},
    [17572024] = {['id']=17572024, ['name']="DancingWeapon", ['index']=184, ['level']=30},
    [17571989] = {['id']=17571989, ['name']="EightofCups", ['index']=149, ['level']=33},
    [17572029] = {['id']=17572029, ['name']="NineofBatons", ['index']=189, ['level']=38},
    [17572012] = {['id']=17572012, ['name']="SevenofCoins", ['index']=172, ['level']=27},
    [17571993] = {['id']=17571993, ['name']="EightofCups", ['index']=153, ['level']=34},
    [17572028] = {['id']=17572028, ['name']="NineofCoins", ['index']=188, ['level']=36},
    [17572022] = {['id']=17572022, ['name']="DancingWeapon", ['index']=182, ['level']=30},
    [17572043] = {['id']=17572043, ['name']="DancingWeapon", ['index']=203, ['level']=28},
    [17572020] = {['id']=17572020, ['name']="SevenofCoins", ['index']=180, ['level']=25},
    [17572015] = {['id']=17572015, ['name']="SevenofSwords", ['index']=175, ['level']=26},
    [17572034] = {['id']=17572034, ['name']="NineofCups", ['index']=194, ['level']=37},
    [17572037] = {['id']=17572037, ['name']="NineofBatons", ['index']=197, ['level']=36},
    [17572002] = {['id']=17572002, ['name']="DancingWeapon", ['index']=162, ['level']=30},
    [17572045] = {['id']=17572045, ['name']="TenofCups", ['index']=205, ['level']=44},
    [17572048] = {['id']=17572048, ['name']="TenofCoins", ['index']=208, ['level']=44},
    [17572050] = {['id']=17572050, ['name']="TenofBatons", ['index']=210, ['level']=43},
    [17571842] = {['id']=17571842, ['name']="GoblinTinkerer", ['index']=2, ['level']=12},
    [17572309] = {['id']=17572309, ['name']="GroundsTome", ['index']=469, ['level']=0},
    [17571843] = {['id']=17571843, ['name']="GoblinButcher", ['index']=3, ['level']=14},
    [17571844] = {['id']=17571844, ['name']="StinkBats", ['index']=4, ['level']=17},
    [17571841] = {['id']=17571841, ['name']="GoblinAmbusher", ['index']=1, ['level']=12},
    [17571845] = {['id']=17571845, ['name']="GoblinAmbusher", ['index']=5, ['level']=11},
    [17571857] = {['id']=17571857, ['name']="GoblinButcher", ['index']=17, ['level']=14},
    [17571855] = {['id']=17571855, ['name']="GoblinTinkerer", ['index']=15, ['level']=14},
    [17571853] = {['id']=17571853, ['name']="GoblinAmbusher", ['index']=13, ['level']=13},
    [17571847] = {['id']=17571847, ['name']="GoblinTinkerer", ['index']=7, ['level']=13},
    [17571850] = {['id']=17571850, ['name']="GoblinButcher", ['index']=10, ['level']=12},
    [17571851] = {['id']=17571851, ['name']="StinkBats", ['index']=11, ['level']=16},
    [17571852] = {['id']=17571852, ['name']="StinkBats", ['index']=12, ['level']=17},
    [17571859] = {['id']=17571859, ['name']="StinkBats", ['index']=19, ['level']=16},
    [17571854] = {['id']=17571854, ['name']="GoblinAmbusher", ['index']=14, ['level']=13},
    [17571849] = {['id']=17571849, ['name']="GoblinButcher", ['index']=9, ['level']=14},
    [17571860] = {['id']=17571860, ['name']="StinkBats", ['index']=20, ['level']=16},
    [17571866] = {['id']=17571866, ['name']="GoblinTinkerer", ['index']=26, ['level']=13},
    [17571856] = {['id']=17571856, ['name']="GoblinTinkerer", ['index']=16, ['level']=14},
    [17571865] = {['id']=17571865, ['name']="GoblinAmbusher", ['index']=25, ['level']=14},
    [17571863] = {['id']=17571863, ['name']="GoblinButcher", ['index']=23, ['level']=12},
    [17571869] = {['id']=17571869, ['name']="StinkBats", ['index']=29, ['level']=18},
    [17571864] = {['id']=17571864, ['name']="StinkBats", ['index']=24, ['level']=15},
    [17571862] = {['id']=17571862, ['name']="GoblinTinkerer", ['index']=22, ['level']=13},
    [17571861] = {['id']=17571861, ['name']="GoblinAmbusher", ['index']=21, ['level']=10},
    [17571868] = {['id']=17571868, ['name']="StinkBats", ['index']=28, ['level']=18},
    [17571873] = {['id']=17571873, ['name']="LegaloxHeftyhi", ['index']=33, ['level']=32},
    [17571871] = {['id']=17571871, ['name']="RottenJam", ['index']=31, ['level']=12},
    [17571872] = {['id']=17571872, ['name']="RottenJam", ['index']=32, ['level']=13},
