    [16887814] = {['id']=16887814, ['name']="BigJaw", ['index']=6, ['level']=37},
    [16887815] = {['id']=16887815, ['name']="Gloop", ['index']=7, ['level']=36},
    [16888126] = {['id']=16888126, ['name']="SurvivalGuide", ['index']=318, ['level']=0},
    [16887816] = {['id']=16887816, ['name']="BigJaw", ['index']=8, ['level']=38},
    [16887818] = {['id']=16887818, ['name']="Gloop", ['index']=10, ['level']=38},
    [16887819] = {['id']=16887819, ['name']="Gloop", ['index']=11, ['level']=37},
    [16887817] = {['id']=16887817, ['name']="BigJaw", ['index']=9, ['level']=37},
    [16887821] = {['id']=16887821, ['name']="Gloop", ['index']=13, ['level']=37},
    [16888012] = {['id']=16888012, ['name']="AqueductSpider", ['index']=204, ['level']=84},
    [16887823] = {['id']=16887823, ['name']="BigJaw", ['index']=15, ['level']=38},
    [16888015] = {['id']=16888015, ['name']="AqueductSpider", ['index']=207, ['level']=84},
    [16888011] = {['id']=16888011, ['name']="AqueductSpider", ['index']=203, ['level']=84},
    [16888014] = {['id']=16888014, ['name']="AqueductSpider", ['index']=206, ['level']=84},
    [16887822] = {['id']=16887822, ['name']="BigJaw", ['index']=14, ['level']=38},
    [16887824] = {['id']=16887824, ['name']="BigJaw", ['index']=16, ['level']=37},
    [16887820] = {['id']=16887820, ['name']="AddledTumor", ['index']=12, ['level']=37},
    [16887825] = {['id']=16887825, ['name']="Taurus", ['index']=17, ['level']=38},
    [16887826] = {['id']=16887826, ['name']="Taurus", ['index']=18, ['level']=37},
    [16887827] = {['id']=16887827, ['name']="Taurus", ['index']=19, ['level']=37},
    [16887830] = {['id']=16887830, ['name']="VampireBat", ['index']=22, ['level']=38},
    [16887829] = {['id']=16887829, ['name']="VampireBat", ['index']=21, ['level']=36},
    [16887828] = {['id']=16887828, ['name']="VampireBat", ['index']=20, ['level']=36},
    [16887831] = {['id']=16887831, ['name']="Diremite", ['index']=23, ['level']=44},
    [16887832] = {['id']=16887832, ['name']="Diremite", ['index']=24, ['level']=42},
    [16887834] = {['id']=16887834, ['name']="Diremite", ['index']=26, ['level']=42},
    [16887833] = {['id']=16887833, ['name']="CanalBats", ['index']=25, ['level']=43},
    [16887836] = {['id']=16887836, ['name']="Diremite", ['index']=28, ['level']=44},
    [16887835] = {['id']=16887835, ['name']="CanalBats", ['index']=27, ['level']=41},
    [16887839] = {['id']=16887839, ['name']="CanalBats", ['index']=31, ['level']=42},
    [16887838] = {['id']=16887838, ['name']="CanalBats", ['index']=30, ['level']=43},
    [16887837] = {['id']=16887837, ['name']="Gloop", ['index']=29, ['level']=37},
    [16887844] = {['id']=16887844, ['name']="Stegotaur", ['index']=36, ['level']=44},
    [16887845] = {['id']=16887845, ['name']="Stegotaur", ['index']=37, ['level']=44},
    [16887846] = {['id']=16887846, ['name']="Stegotaur", ['index']=38, ['level']=46},
    [16887847] = {['id']=16887847, ['name']="CanalBats", ['index']=39, ['level']=46},
    [16887848] = {['id']=16887848, ['name']="CanalBats", ['index']=40, ['level']=45},
    [16887933] = {['id']=16887933, ['name']="OilSpill", ['index']=125, ['level']=45},
    [16887934] = {['id']=16887934, ['name']="FoulMeat", ['index']=126, ['level']=47},
    [16887849] = {['id']=16887849, ['name']="Diremite", ['index']=41, ['level']=44},
    [16888021] = {['id']=16888021, ['name']="AqueductSpider", ['index']=213, ['level']=84},
    [16888020] = {['id']=16888020, ['name']="AqueductSpider", ['index']=212, ['level']=84},
    [16887865] = {['id']=16887865, ['name']="FomorThief", ['index']=57, ['level']=46},
    [16887867] = {['id']=16887867, ['name']="Fomor'sElement", ['index']=59, ['level']=40},
    [16887864] = {['id']=16887864, ['name']="FomorWarrior", ['index']=56, ['level']=45},
    [16887866] = {['id']=16887866, ['name']="FomorSummoner", ['index']=58, ['level']=45},
    [16887863] = {['id']=16887863, ['name']="OilSpill", ['index']=55, ['level']=46},
    [16887862] = {['id']=16887862, ['name']="Makara", ['index']=54, ['level']=47},
    [16887861] = {['id']=16887861, ['name']="Makara", ['index']=53, ['level']=45},
    [16887854] = {['id']=16887854, ['name']="Makara", ['index']=46, ['level']=45},
    [16887852] = {['id']=16887852, ['name']="Stegotaur", ['index']=44, ['level']=46},
    [16887853] = {['id']=16887853, ['name']="Makara", ['index']=45, ['level']=44},
    [16887856] = {['id']=16887856, ['name']="Fomor'sWyvern", ['index']=48, ['level']=37},
    [16887855] = {['id']=16887855, ['name']="FomorDragoon", ['index']=47, ['level']=44},
    [16887860] = {['id']=16887860, ['name']="OilSpill", ['index']=52, ['level']=47},
    [16887859] = {['id']=16887859, ['name']="Stegotaur", ['index']=51, ['level']=44},
    [16887857] = {['id']=16887857, ['name']="FomorNinja", ['index']=49, ['level']=44},
    [16887932] = {['id']=16887932, ['name']="Makara", ['index']=124, ['level']=44},
    [16887928] = {['id']=16887928, ['name']="OilSpill", ['index']=120, ['level']=44},
    [16887927] = {['id']=16887927, ['name']="Makara", ['index']=119, ['level']=45},
    [16887858] = {['id']=16887858, ['name']="Stegotaur", ['index']=50, ['level']=44},
    [16887929] = {['id']=16887929, ['name']="FoulMeat", ['index']=121, ['level']=46},
    [16887870] = {['id']=16887870, ['name']="Diremite", ['index']=62, ['level']=44},
    [16887871] = {['id']=16887871, ['name']="HellBat", ['index']=63, ['level']=45},
    [16887874] = {['id']=16887874, ['name']="Diremite", ['index']=66, ['level']=46},
    [16887876] = {['id']=16887876, ['name']="HellBat", ['index']=68, ['level']=46},
    [16887873] = {['id']=16887873, ['name']="Diremite", ['index']=65, ['level']=46},
    [16887894] = {['id']=16887894, ['name']="CanalBats", ['index']=86, ['level']=44},
    [16887872] = {['id']=16887872, ['name']="Diremite", ['index']=64, ['level']=45},
    [16887893] = {['id']=16887893, ['name']="Stegotaur", ['index']=85, ['level']=45},
    [16887895] = {['id']=16887895, ['name']="HellBat", ['index']=87, ['level']=45},
    [16887896] = {['id']=16887896, ['name']="Makara", ['index']=88, ['level']=45},
    [16887892] = {['id']=16887892, ['name']="Makara", ['index']=84, ['level']=46},
    [16887897] = {['id']=16887897, ['name']="Stegotaur", ['index']=89, ['level']=46},
    [16887890] = {['id']=16887890, ['name']="Stegotaur", ['index']=82, ['level']=45},
    [16887891] = {['id']=16887891, ['name']="CanalBats", ['index']=83, ['level']=44},
    [16887901] = {['id']=16887901, ['name']="Diremite", ['index']=93, ['level']=46},
    [16887917] = {['id']=16887917, ['name']="Diremite", ['index']=109, ['level']=46},
    [16887911] = {['id']=16887911, ['name']="Diremite", ['index']=103, ['level']=44},
    [16887912] = {['id']=16887912, ['name']="FomorMonk", ['index']=104, ['level']=47},
    [16887910] = {['id']=16887910, ['name']="FomorMonk", ['index']=102, ['level']=47},
    [16887904] = {['id']=16887904, ['name']="FomorRanger", ['index']=96, ['level']=45},
    [16887906] = {['id']=16887906, ['name']="FomorNinja", ['index']=98, ['level']=44},
    [16887903] = {['id']=16887903, ['name']="FomorSamurai", ['index']=95, ['level']=45},
    [16887905] = {['id']=16887905, ['name']="FomorDarkKnig", ['index']=97, ['level']=45},
    [16887907] = {['id']=16887907, ['name']="FomorBlackMag", ['index']=99, ['level']=46},
    [16887844] = {['id']=16887844, ['name']="Stegotaur", ['index']=36, ['level']=46},
    [16887845] = {['id']=16887845, ['name']="Stegotaur", ['index']=37, ['level']=44},
    [16887846] = {['id']=16887846, ['name']="Stegotaur", ['index']=38, ['level']=45},
    [16887847] = {['id']=16887847, ['name']="CanalBats", ['index']=39, ['level']=44},
    [16887848] = {['id']=16887848, ['name']="CanalBats", ['index']=40, ['level']=45},
    [16887849] = {['id']=16887849, ['name']="Diremite", ['index']=41, ['level']=43},
    [16887854] = {['id']=16887854, ['name']="Makara", ['index']=46, ['level']=44},
    [16887861] = {['id']=16887861, ['name']="Makara", ['index']=53, ['level']=47},
    [16887862] = {['id']=16887862, ['name']="Makara", ['index']=54, ['level']=46},
    [16887863] = {['id']=16887863, ['name']="OilSpill", ['index']=55, ['level']=47},
    [16887864] = {['id']=16887864, ['name']="FomorWarrior", ['index']=56, ['level']=46},
    [16887865] = {['id']=16887865, ['name']="FomorThief", ['index']=57, ['level']=47},
    [16887866] = {['id']=16887866, ['name']="FomorSummoner", ['index']=58, ['level']=44},
    [16887867] = {['id']=16887867, ['name']="Fomor\'sElement", ['index']=59, ['level']=42},
    [16887852] = {['id']=16887852, ['name']="Stegotaur", ['index']=44, ['level']=44},
    [16887934] = {['id']=16887934, ['name']="FoulMeat", ['index']=126, ['level']=45},
    [16888020] = {['id']=16888020, ['name']="AqueductSpider", ['index']=212, ['level']=85},
    [16888021] = {['id']=16888021, ['name']="AqueductSpider", ['index']=213, ['level']=85},
    [16887860] = {['id']=16887860, ['name']="OilSpill", ['index']=52, ['level']=47},
    [16887933] = {['id']=16887933, ['name']="OilSpill", ['index']=125, ['level']=44},
    [16887858] = {['id']=16887858, ['name']="Stegotaur", ['index']=50, ['level']=44},
    [16887932] = {['id']=16887932, ['name']="Makara", ['index']=124, ['level']=44},
    [16887857] = {['id']=16887857, ['name']="FomorNinja", ['index']=49, ['level']=41},
    [16887856] = {['id']=16887856, ['name']="Fomor\'sWyvern", ['index']=48, ['level']=39},
    [16887855] = {['id']=16887855, ['name']="FomorDragoon", ['index']=47, ['level']=43},
    [16887859] = {['id']=16887859, ['name']="Stegotaur", ['index']=51, ['level']=46},
    [16887927] = {['id']=16887927, ['name']="Makara", ['index']=119, ['level']=44},
    [16887853] = {['id']=16887853, ['name']="Makara", ['index']=45, ['level']=44},
    [16887929] = {['id']=16887929, ['name']="FoulMeat", ['index']=121, ['level']=45},
    [16887870] = {['id']=16887870, ['name']="Diremite", ['index']=62, ['level']=45},
    [16887871] = {['id']=16887871, ['name']="HellBat", ['index']=63, ['level']=46},
    [16887874] = {['id']=16887874, ['name']="Diremite", ['index']=66, ['level']=44},
    [16887876] = {['id']=16887876, ['name']="HellBat", ['index']=68, ['level']=45},
    [16887872] = {['id']=16887872, ['name']="Diremite", ['index']=64, ['level']=45},
    [16887873] = {['id']=16887873, ['name']="Diremite", ['index']=65, ['level']=45},
    [16887918] = {['id']=16887918, ['name']="Makara", ['index']=110, ['level']=46},
    [16887890] = {['id']=16887890, ['name']="Stegotaur", ['index']=82, ['level']=46},
    [16887891] = {['id']=16887891, ['name']="CanalBats", ['index']=83, ['level']=44},
    [16887892] = {['id']=16887892, ['name']="Makara", ['index']=84, ['level']=45},
    [16887893] = {['id']=16887893, ['name']="Stegotaur", ['index']=85, ['level']=46},
    [16887894] = {['id']=16887894, ['name']="CanalBats", ['index']=86, ['level']=46},
    [16887895] = {['id']=16887895, ['name']="HellBat", ['index']=87, ['level']=46},
    [16887896] = {['id']=16887896, ['name']="Makara", ['index']=88, ['level']=46},
    [16887897] = {['id']=16887897, ['name']="Stegotaur", ['index']=89, ['level']=45},
    [16887898] = {['id']=16887898, ['name']="AirElemental", ['index']=90, ['level']=45},
    [16887901] = {['id']=16887901, ['name']="Diremite", ['index']=93, ['level']=44},
    [16887917] = {['id']=16887917, ['name']="Diremite", ['index']=109, ['level']=44},
    [16887910] = {['id']=16887910, ['name']="FomorMonk", ['index']=102, ['level']=45},
    [16887911] = {['id']=16887911, ['name']="Diremite", ['index']=103, ['level']=46},
    [16887912] = {['id']=16887912, ['name']="FomorMonk", ['index']=104, ['level']=46},
    [16887904] = {['id']=16887904, ['name']="FomorRanger", ['index']=96, ['level']=45},
    [16887906] = {['id']=16887906, ['name']="FomorNinja", ['index']=98, ['level']=46},
    [16887903] = {['id']=16887903, ['name']="FomorSamurai", ['index']=95, ['level']=46},
    [16887905] = {['id']=16887905, ['name']="FomorDarkKnig", ['index']=97, ['level']=46},
    [16887909] = {['id']=16887909, ['name']="Duendes\'Amoros", ['index']=101, ['level']=45},
    [16887908] = {['id']=16887908, ['name']="TresDuendes", ['index']=100, ['level']=47},
    [16887814] = {['id']=16887814, ['name']="BigJaw", ['index']=6, ['level']=37},
    [16887815] = {['id']=16887815, ['name']="Gloop", ['index']=7, ['level']=38},
    [16887816] = {['id']=16887816, ['name']="BigJaw", ['index']=8, ['level']=38},
    [16887817] = {['id']=16887817, ['name']="BigJaw", ['index']=9, ['level']=37},
    [16887818] = {['id']=16887818, ['name']="Gloop", ['index']=10, ['level']=38},
    [16887819] = {['id']=16887819, ['name']="Gloop", ['index']=11, ['level']=38},
    [16887820] = {['id']=16887820, ['name']="AddledTumor", ['index']=12, ['level']=37},
    [16887821] = {['id']=16887821, ['name']="Gloop", ['index']=13, ['level']=38},
    [16887822] = {['id']=16887822, ['name']="BigJaw", ['index']=14, ['level']=37},
    [16887823] = {['id']=16887823, ['name']="BigJaw", ['index']=15, ['level']=37},
    [16887824] = {['id']=16887824, ['name']="BigJaw", ['index']=16, ['level']=39},
    [16887828] = {['id']=16887828, ['name']="VampireBat", ['index']=20, ['level']=37},
    [16888011] = {['id']=16888011, ['name']="AqueductSpider", ['index']=203, ['level']=85},
    [16888012] = {['id']=16888012, ['name']="AqueductSpider", ['index']=204, ['level']=85},
    [16888014] = {['id']=16888014, ['name']="AqueductSpider", ['index']=206, ['level']=85},
    [16888015] = {['id']=16888015, ['name']="AqueductSpider", ['index']=207, ['level']=84},
    [16888126] = {['id']=16888126, ['name']="SurvivalGuide", ['index']=318, ['level']=0},
    [16888013] = {['id']=16888013, ['name']="AqueductSpider", ['index']=205, ['level']=85},
    [16887825] = {['id']=16887825, ['name']="Taurus", ['index']=17, ['level']=37},
    [16887826] = {['id']=16887826, ['name']="Taurus", ['index']=18, ['level']=38},
    [16887827] = {['id']=16887827, ['name']="Taurus", ['index']=19, ['level']=38},
    [16887829] = {['id']=16887829, ['name']="VampireBat", ['index']=21, ['level']=36},
    [16887830] = {['id']=16887830, ['name']="VampireBat", ['index']=22, ['level']=37},
    [16887831] = {['id']=16887831, ['name']="Diremite", ['index']=23, ['level']=42},
    [16887832] = {['id']=16887832, ['name']="Diremite", ['index']=24, ['level']=44},
    [16887833] = {['id']=16887833, ['name']="CanalBats", ['index']=25, ['level']=41},
    [16887834] = {['id']=16887834, ['name']="Diremite", ['index']=26, ['level']=42},
    [16887835] = {['id']=16887835, ['name']="CanalBats", ['index']=27, ['level']=41},
    [16887836] = {['id']=16887836, ['name']="Diremite", ['index']=28, ['level']=44},
    [16887837] = {['id']=16887837, ['name']="Gloop", ['index']=29, ['level']=38},
    [16887838] = {['id']=16887838, ['name']="CanalBats", ['index']=30, ['level']=41},
    [16887839] = {['id']=16887839, ['name']="CanalBats", ['index']=31, ['level']=43},
    [16887840] = {['id']=16887840, ['name']="Diremite", ['index']=32, ['level']=42},
    [16887841] = {['id']=16887841, ['name']="Diremite", ['index']=33, ['level']=42},
    [16887843] = {['id']=16887843, ['name']="Diremite", ['index']=35, ['level']=44},
    [16888016] = {['id']=16888016, ['name']="AqueductSpider", ['index']=208, ['level']=84},
    [16888017] = {['id']=16888017, ['name']="AqueductSpider", ['index']=209, ['level']=85},
    [16887842] = {['id']=16887842, ['name']="HellBat", ['index']=34, ['level']=44},
    [16887852] = {['id']=16887852, ['name']="Stegotaur", ['index']=44, ['level']=45},
    [16887853] = {['id']=16887853, ['name']="Makara", ['index']=45, ['level']=44},
    [16887854] = {['id']=16887854, ['name']="Makara", ['index']=46, ['level']=45},
    [16887855] = {['id']=16887855, ['name']="FomorDragoon", ['index']=47, ['level']=43},
    [16887856] = {['id']=16887856, ['name']="Fomor\'sWyvern", ['index']=48, ['level']=39},
    [16887857] = {['id']=16887857, ['name']="FomorNinja", ['index']=49, ['level']=44},
    [16887858] = {['id']=16887858, ['name']="Stegotaur", ['index']=50, ['level']=46},
    [16887860] = {['id']=16887860, ['name']="OilSpill", ['index']=52, ['level']=47},
    [16887890] = {['id']=16887890, ['name']="Stegotaur", ['index']=82, ['level']=46},
    [16887891] = {['id']=16887891, ['name']="CanalBats", ['index']=83, ['level']=46},
    [16887892] = {['id']=16887892, ['name']="Makara", ['index']=84, ['level']=46},
    [16887897] = {['id']=16887897, ['name']="Stegotaur", ['index']=89, ['level']=45},
    [16887917] = {['id']=16887917, ['name']="Diremite", ['index']=109, ['level']=46},
    [16887918] = {['id']=16887918, ['name']="Makara", ['index']=110, ['level']=47},
    [16887923] = {['id']=16887923, ['name']="Makara", ['index']=115, ['level']=45},
    [16887927] = {['id']=16887927, ['name']="Makara", ['index']=119, ['level']=44},
    [16887928] = {['id']=16887928, ['name']="OilSpill", ['index']=120, ['level']=45},
    [16887929] = {['id']=16887929, ['name']="FoulMeat", ['index']=121, ['level']=45},
    [16887930] = {['id']=16887930, ['name']="Makara", ['index']=122, ['level']=45},
    [16887931] = {['id']=16887931, ['name']="OilSpill", ['index']=123, ['level']=44},
    [16887932] = {['id']=16887932, ['name']="Makara", ['index']=124, ['level']=45},
    [16887933] = {['id']=16887933, ['name']="OilSpill", ['index']=125, ['level']=44},
    [16887934] = {['id']=16887934, ['name']="FoulMeat", ['index']=126, ['level']=47},
    [16887937] = {['id']=16887937, ['name']="Stegotaur", ['index']=129, ['level']=45},
    [16887938] = {['id']=16887938, ['name']="Diremite", ['index']=130, ['level']=46},
    [16887939] = {['id']=16887939, ['name']="Diremite", ['index']=131, ['level']=46},
    [16887940] = {['id']=16887940, ['name']="Stegotaur", ['index']=132, ['level']=44},
    [16887935] = {['id']=16887935, ['name']="Stegotaur", ['index']=127, ['level']=46},
    [16887936] = {['id']=16887936, ['name']="Diremite", ['index']=128, ['level']=44},
    [16887943] = {['id']=16887943, ['name']="Diremite", ['index']=135, ['level']=44},
    [16887942] = {['id']=16887942, ['name']="Diremite", ['index']=134, ['level']=44},
    [16887954] = {['id']=16887954, ['name']="Diremite", ['index']=146, ['level']=44},
    [16887951] = {['id']=16887951, ['name']="HellBat", ['index']=143, ['level']=45},
    [16887952] = {['id']=16887952, ['name']="HellBat", ['index']=144, ['level']=46},
    [16887946] = {['id']=16887946, ['name']="FomorBeastmast", ['index']=138, ['level']=44},
    [16887944] = {['id']=16887944, ['name']="FomorDragoon", ['index']=136, ['level']=44},
    [16887945] = {['id']=16887945, ['name']="Fomor\'sWyvern", ['index']=137, ['level']=41},
    [16887947] = {['id']=16887947, ['name']="Fomor\'sBat", ['index']=139, ['level']=41},
    [16887948] = {['id']=16887948, ['name']="FomorThief", ['index']=140, ['level']=44},
    [16887950] = {['id']=16887950, ['name']="FomorNinja", ['index']=142, ['level']=46},
    [16887955] = {['id']=16887955, ['name']="Makara", ['index']=147, ['level']=45},
    [16887956] = {['id']=16887956, ['name']="Makara", ['index']=148, ['level']=45},
    [16887957] = {['id']=16887957, ['name']="HellBat", ['index']=149, ['level']=44},
    [16887958] = {['id']=16887958, ['name']="HellBat", ['index']=150, ['level']=44},
    [16887959] = {['id']=16887959, ['name']="FomorSummoner", ['index']=151, ['level']=46},
    [16887960] = {['id']=16887960, ['name']="Fomor\'sElement", ['index']=152, ['level']=41},
    [16887962] = {['id']=16887962, ['name']="FomorNinja", ['index']=154, ['level']=44},
    [16887968] = {['id']=16887968, ['name']="FomorDarkKnig", ['index']=160, ['level']=45},
    [16887966] = {['id']=16887966, ['name']="FomorBlackMag", ['index']=158, ['level']=46},
    [16887967] = {['id']=16887967, ['name']="FomorWarrior", ['index']=159, ['level']=44},
    [16887921] = {['id']=16887921, ['name']="FomorSamurai", ['index']=113, ['level']=44},
    [16887920] = {['id']=16887920, ['name']="FomorPaladin", ['index']=112, ['level']=45},
    [16887922] = {['id']=16887922, ['name']="FomorRedMage", ['index']=114, ['level']=46},
    [16887919] = {['id']=16887919, ['name']="Stegotaur", ['index']=111, ['level']=45},
    [16887859] = {['id']=16887859, ['name']="Stegotaur", ['index']=51, ['level']=44},
    [16887870] = {['id']=16887870, ['name']="Diremite", ['index']=62, ['level']=45},
    [16887871] = {['id']=16887871, ['name']="HellBat", ['index']=63, ['level']=45},
    [16887872] = {['id']=16887872, ['name']="Diremite", ['index']=64, ['level']=45},
    [16887893] = {['id']=16887893, ['name']="Stegotaur", ['index']=85, ['level']=45},
    [16887894] = {['id']=16887894, ['name']="CanalBats", ['index']=86, ['level']=45},
    [16887895] = {['id']=16887895, ['name']="HellBat", ['index']=87, ['level']=45},
    [16887896] = {['id']=16887896, ['name']="Makara", ['index']=88, ['level']=47},
    [16887901] = {['id']=16887901, ['name']="Diremite", ['index']=93, ['level']=45},
    [16887911] = {['id']=16887911, ['name']="Diremite", ['index']=103, ['level']=45},
    [16887912] = {['id']=16887912, ['name']="FomorMonk", ['index']=104, ['level']=44},
    [16887926] = {['id']=16887926, ['name']="Makara", ['index']=118, ['level']=44},
    [16887925] = {['id']=16887925, ['name']="OilSpill", ['index']=117, ['level']=44},
    [16887873] = {['id']=16887873, ['name']="Diremite", ['index']=65, ['level']=44},
    [16887874] = {['id']=16887874, ['name']="Diremite", ['index']=66, ['level']=45},
    [16887910] = {['id']=16887910, ['name']="FomorMonk", ['index']=102, ['level']=46},
    [16887844] = {['id']=16887844, ['name']="Stegotaur", ['index']=36, ['level']=44},
    [16887845] = {['id']=16887845, ['name']="Stegotaur", ['index']=37, ['level']=44},
    [16887846] = {['id']=16887846, ['name']="Stegotaur", ['index']=38, ['level']=44},
    [16887847] = {['id']=16887847, ['name']="CanalBats", ['index']=39, ['level']=46},
    [16887849] = {['id']=16887849, ['name']="Diremite", ['index']=41, ['level']=42},
    [16887861] = {['id']=16887861, ['name']="Makara", ['index']=53, ['level']=47},
    [16887862] = {['id']=16887862, ['name']="Makara", ['index']=54, ['level']=46},
    [16887863] = {['id']=16887863, ['name']="OilSpill", ['index']=55, ['level']=47},
    [16887903] = {['id']=16887903, ['name']="FomorSamurai", ['index']=95, ['level']=44},
    [16887904] = {['id']=16887904, ['name']="FomorRanger", ['index']=96, ['level']=44},
    [16887905] = {['id']=16887905, ['name']="FomorDarkKnig", ['index']=97, ['level']=45},
    [16887906] = {['id']=16887906, ['name']="FomorNinja", ['index']=98, ['level']=45},
    [16887907] = {['id']=16887907, ['name']="FomorBlackMag", ['index']=99, ['level']=47},
    [16887899] = {['id']=16887899, ['name']="ThunderElement", ['index']=91, ['level']=45},
    [16887964] = {['id']=16887964, ['name']="ThunderElement", ['index']=156, ['level']=50},
    [16887914] = {['id']=16887914, ['name']="FoulMeat", ['index']=106, ['level']=46},
    [16887915] = {['id']=16887915, ['name']="FoulMeat", ['index']=107, ['level']=47},
    [16887848] = {['id']=16887848, ['name']="CanalBats", ['index']=40, ['level']=46},
    [16887864] = {['id']=16887864, ['name']="FomorWarrior", ['index']=56, ['level']=45},
    [16887865] = {['id']=16887865, ['name']="FomorThief", ['index']=57, ['level']=46},
    [16887866] = {['id']=16887866, ['name']="FomorSummoner", ['index']=58, ['level']=44},
    [16887867] = {['id']=16887867, ['name']="Fomor\'sElement", ['index']=59, ['level']=39},
    [16888020] = {['id']=16888020, ['name']="AqueductSpider", ['index']=212, ['level']=85},
    [16888021] = {['id']=16888021, ['name']="AqueductSpider", ['index']=213, ['level']=84},
    [16887879] = {['id']=16887879, ['name']="Diremite", ['index']=71, ['level']=45},
    [16887880] = {['id']=16887880, ['name']="CanalBats", ['index']=72, ['level']=44},
    [16888019] = {['id']=16888019, ['name']="AqueductSpider", ['index']=211, ['level']=85},
    [16888018] = {['id']=16888018, ['name']="AqueductSpider", ['index']=210, ['level']=84},
    [16888022] = {['id']=16888022, ['name']="AqueductSpider", ['index']=214, ['level']=85},
    [16888023] = {['id']=16888023, ['name']="AqueductSpider", ['index']=215, ['level']=85},
    [16888025] = {['id']=16888025, ['name']="AqueductSpider", ['index']=217, ['level']=85},
    [16888024] = {['id']=16888024, ['name']="AqueductSpider", ['index']=216, ['level']=84},
    [16887884] = {['id']=16887884, ['name']="FomorBard", ['index']=76, ['level']=46},
    [16887883] = {['id']=16887883, ['name']="FomorPaladin", ['index']=75, ['level']=45},
    [16887868] = {['id']=16887868, ['name']="FoulMeat", ['index']=60, ['level']=46},
    [16888026] = {['id']=16888026, ['name']="AqueductSpider", ['index']=218, ['level']=84},
    [16888027] = {['id']=16888027, ['name']="AqueductSpider", ['index']=219, ['level']=85},
    [16888028] = {['id']=16888028, ['name']="AqueductSpider", ['index']=220, ['level']=85},
    [16887869] = {['id']=16887869, ['name']="Stegotaur", ['index']=61, ['level']=47},
    [16888029] = {['id']=16888029, ['name']="AqueductSpider", ['index']=221, ['level']=85},
    [16888030] = {['id']=16888030, ['name']="AqueductSpider", ['index']=222, ['level']=84},
    [16888032] = {['id']=16888032, ['name']="AqueductSpider", ['index']=224, ['level']=84},
    [16888031] = {['id']=16888031, ['name']="AqueductSpider", ['index']=223, ['level']=85},
    [16887969] = {['id']=16887969, ['name']="Diremite", ['index']=161, ['level']=47},
    [16887976] = {['id']=16887976, ['name']="FomorRanger", ['index']=168, ['level']=48},
    [16887977] = {['id']=16887977, ['name']="FomorPaladin", ['index']=169, ['level']=47},
    [16887980] = {['id']=16887980, ['name']="Stegotaur", ['index']=172, ['level']=46},
    [16887981] = {['id']=16887981, ['name']="Stegotaur", ['index']=173, ['level']=46},
    [16887982] = {['id']=16887982, ['name']="FomorRedMage", ['index']=174, ['level']=48},
    [16887983] = {['id']=16887983, ['name']="FomorBlackMag", ['index']=175, ['level']=48},
    [16887984] = {['id']=16887984, ['name']="FomorBlackMag", ['index']=176, ['level']=47},
    [16887985] = {['id']=16887985, ['name']="FomorRedMage", ['index']=177, ['level']=48},
    [16887970] = {['id']=16887970, ['name']="Stegotaur", ['index']=162, ['level']=48},
    [16887971] = {['id']=16887971, ['name']="Stegotaur", ['index']=163, ['level']=46},
    [16887973] = {['id']=16887973, ['name']="FomorBard", ['index']=165, ['level']=48},
    [16887972] = {['id']=16887972, ['name']="FomorRanger", ['index']=164, ['level']=48},
    [16887974] = {['id']=16887974, ['name']="FomorBard", ['index']=166, ['level']=48},
    [16887986] = {['id']=16887986, ['name']="FomorRedMage", ['index']=178, ['level']=48},
    [16887987] = {['id']=16887987, ['name']="FomorMonk", ['index']=179, ['level']=48},
    [16887995] = {['id']=16887995, ['name']="FomorSamurai", ['index']=187, ['level']=47},
    [16888003] = {['id']=16888003, ['name']="FomorBard", ['index']=195, ['level']=47},
    [16888004] = {['id']=16888004, ['name']="FomorThief", ['index']=196, ['level']=48},
    [16887881] = {['id']=16887881, ['name']="Stegotaur", ['index']=73, ['level']=46},
    [16887885] = {['id']=16887885, ['name']="Mahisha", ['index']=77, ['level']=50},
    [16887875] = {['id']=16887875, ['name']="CanalBats", ['index']=67, ['level']=45},
    [16887878] = {['id']=16887878, ['name']="Diremite", ['index']=70, ['level']=44},
    [16887877] = {['id']=16887877, ['name']="Diremite", ['index']=69, ['level']=45},
    [16887887] = {['id']=16887887, ['name']="Makara", ['index']=79, ['level']=46},
    [16887888] = {['id']=16887888, ['name']="Makara", ['index']=80, ['level']=45},
    [16887882] = {['id']=16887882, ['name']="Stegotaur", ['index']=74, ['level']=46},
    [16887886] = {['id']=16887886, ['name']="Makara", ['index']=78, ['level']=45},
    [16887889] = {['id']=16887889, ['name']="Minotaur", ['index']=81, ['level']=46},
    [16887913] = {['id']=16887913, ['name']="FoulMeat", ['index']=105, ['level']=47},
    [16887916] = {['id']=16887916, ['name']="CanalBats", ['index']=108, ['level']=45},
    [16887990] = {['id']=16887990, ['name']="Stegotaur", ['index']=182, ['level']=46},
    [16887992] = {['id']=16887992, ['name']="Diremite", ['index']=184, ['level']=47},
    [16887993] = {['id']=16887993, ['name']="FomorWarrior", ['index']=185, ['level']=47},
    [16887994] = {['id']=16887994, ['name']="FomorSamurai", ['index']=186, ['level']=47},
    [16887996] = {['id']=16887996, ['name']="FomorWarrior", ['index']=188, ['level']=48},
    [16887999] = {['id']=16887999, ['name']="FomorRanger", ['index']=191, ['level']=47},
    [16888000] = {['id']=16888000, ['name']="FomorWarrior", ['index']=192, ['level']=48},
    [16888002] = {['id']=16888002, ['name']="Stegotaur", ['index']=194, ['level']=46},
    [16888005] = {['id']=16888005, ['name']="FomorThief", ['index']=197, ['level']=48},
    [16888006] = {['id']=16888006, ['name']="FomorBard", ['index']=198, ['level']=47},
    [16888007] = {['id']=16888007, ['name']="FomorBard", ['index']=199, ['level']=47},
    [16888008] = {['id']=16888008, ['name']="FomorThief", ['index']=200, ['level']=48},
    [16887991] = {['id']=16887991, ['name']="Stegotaur", ['index']=183, ['level']=46},
    [16888001] = {['id']=16888001, ['name']="Stegotaur", ['index']=193, ['level']=47},
