    [17784833] = {['id']=17784833, ['name']="Rinzei", ['index']=1, ['level']=0},
    [17784834] = {['id']=17784834, ['name']="Gekko", ['index']=2, ['level']=0},
    [17784835] = {['id']=17784835, ['name']="Leyla", ['index']=3, ['level']=0},
    [17784836] = {['id']=17784836, ['name']="Karl", ['index']=4, ['level']=0},
    [17784837] = {['id']=17784837, ['name']="Buntz", ['index']=5, ['level']=0},
    [17784838] = {['id']=17784838, ['name']="JahaAmariyo", ['index']=6, ['level']=0},
    [17784839] = {['id']=17784839, ['name']="Cumetouflaix", ['index']=7, ['level']=0},
    [17784841] = {['id']=17784841, ['name']="Yurugu-Homurugu", ['index']=9, ['level']=0},
    [17784842] = {['id']=17784842, ['name']="Chudigrimane", ['index']=10, ['level']=0},
    [17784844] = {['id']=17784844, ['name']="Roupatour", ['index']=12, ['level']=0},
    [17784847] = {['id']=17784847, ['name']="Naravime", ['index']=15, ['level']=0},
    [17784848] = {['id']=17784848, ['name']="Ceno", ['index']=16, ['level']=0},
    [17784849] = {['id']=17784849, ['name']="Asolmieu", ['index']=17, ['level']=0},
    [17784852] = {['id']=17784852, ['name']="Gatita", ['index']=20, ['level']=0},
    [17784853] = {['id']=17784853, ['name']="Zedduva", ['index']=21, ['level']=0},
    [17784856] = {['id']=17784856, ['name']="RagingLion", ['index']=24, ['level']=0},
    [17784857] = {['id']=17784857, ['name']="Inesh", ['index']=25, ['level']=0},
    [17784858] = {['id']=17784858, ['name']="Anneliese", ['index']=26, ['level']=0},
    [17784859] = {['id']=17784859, ['name']="Pranab", ['index']=27, ['level']=0},
    [17784860] = {['id']=17784860, ['name']="Cheli", ['index']=28, ['level']=0},
    [17784863] = {['id']=17784863, ['name']="Omiro-Zamiro", ['index']=31, ['level']=0},
    [17784865] = {['id']=17784865, ['name']="Kuya-Moya", ['index']=33, ['level']=0},
    [17784866] = {['id']=17784866, ['name']="Supiroro", ['index']=34, ['level']=0},
    [17784867] = {['id']=17784867, ['name']="PuhnDapojal", ['index']=35, ['level']=0},
    [17784868] = {['id']=17784868, ['name']="VikhuNakuaino", ['index']=36, ['level']=0},
    [17784869] = {['id']=17784869, ['name']="YonBoskoti", ['index']=37, ['level']=0},
    [17784870] = {['id']=17784870, ['name']="DhasoToehprin", ['index']=38, ['level']=0},
    [17784872] = {['id']=17784872, ['name']="Ramicharaux", ['index']=40, ['level']=0},
    [17784873] = {['id']=17784873, ['name']="SilentLynx", ['index']=41, ['level']=0},
    [17784874] = {['id']=17784874, ['name']="ChakaSkitimah", ['index']=42, ['level']=0},
    [17784879] = {['id']=17784879, ['name']="Dapol", ['index']=47, ['level']=0},
    [17784880] = {['id']=17784880, ['name']="Saprut", ['index']=48, ['level']=0},
    [17784881] = {['id']=17784881, ['name']="Gavin", ['index']=49, ['level']=0},
    [17784882] = {['id']=17784882, ['name']="Tsolag", ['index']=50, ['level']=0},
    [17784884] = {['id']=17784884, ['name']="Chocobo", ['index']=52, ['level']=0},
    [17784885] = {['id']=17784885, ['name']="Chocobo", ['index']=53, ['level']=0},
    [17784886] = {['id']=17784886, ['name']="Challoux", ['index']=54, ['level']=0},
    [17784887] = {['id']=17784887, ['name']="Caffie", ['index']=55, ['level']=0},
    [17784888] = {['id']=17784888, ['name']="Narsha", ['index']=56, ['level']=0},
    [17784894] = {['id']=17784894, ['name']="Leffquen", ['index']=62, ['level']=0},
    [17784895] = {['id']=17784895, ['name']="Marnie", ['index']=63, ['level']=0},
    [17784896] = {['id']=17784896, ['name']="ZonaShodhun", ['index']=64, ['level']=0},
    [17784898] = {['id']=17784898, ['name']="Naurmaire", ['index']=66, ['level']=0},
    [17784899] = {['id']=17784899, ['name']="KhumoDaramaste", ['index']=67, ['level']=0},
    [17784900] = {['id']=17784900, ['name']="RedGhost", ['index']=68, ['level']=0},
    [17784901] = {['id']=17784901, ['name']="Falak", ['index']=69, ['level']=0},
    [17784902] = {['id']=17784902, ['name']="Pitantimand", ['index']=70, ['level']=0},
    [17784905] = {['id']=17784905, ['name']="Shami", ['index']=73, ['level']=0},
    [17784906] = {['id']=17784906, ['name']="Basmus", ['index']=74, ['level']=0},
    [17784907] = {['id']=17784907, ['name']="Kouang", ['index']=75, ['level']=0},
    [17784908] = {['id']=17784908, ['name']="Rilve-Hitolve", ['index']=76, ['level']=0},
    [17784909] = {['id']=17784909, ['name']="Sapladrepoin", ['index']=77, ['level']=0},
    [17784910] = {['id']=17784910, ['name']="Digaga", ['index']=78, ['level']=0},
    [17784911] = {['id']=17784911, ['name']="Veujaie", ['index']=79, ['level']=0},
    [17784912] = {['id']=17784912, ['name']="Kochahy-Muwacha", ['index']=80, ['level']=0},
    [17784913] = {['id']=17784913, ['name']="Dohhel", ['index']=81, ['level']=0},
    [17784953] = {['id']=17784953, ['name']="Guddal", ['index']=121, ['level']=0},
    [17784954] = {['id']=17784954, ['name']="Sanosuke", ['index']=122, ['level']=0},
    [17784955] = {['id']=17784955, ['name']="Garridan", ['index']=123, ['level']=0},
    [17784962] = {['id']=17784962, ['name']="Sagheera", ['index']=130, ['level']=0},
    [17784966] = {['id']=17784966, ['name']="SquintroxDryey", ['index']=134, ['level']=0},
    [17784967] = {['id']=17784967, ['name']="SynergyEnginee", ['index']=135, ['level']=0},
    [17784968] = {['id']=17784968, ['name']="SynergyEnginee", ['index']=136, ['level']=0},
    [17784973] = {['id']=17784973, ['name']="SynergyEnthusi", ['index']=141, ['level']=0},
    [17784979] = {['id']=17784979, ['name']="Joachim", ['index']=147, ['level']=0},
    [17784980] = {['id']=17784980, ['name']="ZuahLepahnyu", ['index']=148, ['level']=0},
    [17784981] = {['id']=17784981, ['name']="Horst", ['index']=149, ['level']=0},
    [17784984] = {['id']=17784984, ['name']="Kindlix", ['index']=152, ['level']=0},
    [17784985] = {['id']=17784985, ['name']="Pyropox", ['index']=153, ['level']=0},
    [17784986] = {['id']=17784986, ['name']="VoidwatchPurve", ['index']=154, ['level']=0},
    [17784987] = {['id']=17784987, ['name']="Shemo", ['index']=155, ['level']=0},
    [17784989] = {['id']=17784989, ['name']="Monisette", ['index']=157, ['level']=0},
    [17784999] = {['id']=17784999, ['name']="MewkChorosap", ['index']=167, ['level']=0},
    [17785000] = {['id']=17785000, ['name']="SynthesisFocus", ['index']=168, ['level']=0},
    [17784850] = {['id']=17784850, ['name']="Phouminnet", ['index']=18, ['level']=0},
    [17784839] = {['id']=17784839, ['name']="Cumetouflaix", ['index']=7, ['level']=0},
    [17784841] = {['id']=17784841, ['name']="Yurugu-Homurugu", ['index']=9, ['level']=0},
    [17784895] = {['id']=17784895, ['name']="Marnie", ['index']=63, ['level']=0},
    [17784896] = {['id']=17784896, ['name']="ZonaShodhun", ['index']=64, ['level']=0},
    [17784913] = {['id']=17784913, ['name']="Dohhel", ['index']=81, ['level']=0},
    [17784966] = {['id']=17784966, ['name']="SquintroxDryey", ['index']=134, ['level']=0},
    [17784988] = {['id']=17784988, ['name']="Oboro", ['index']=156, ['level']=0},
    [17784840] = {['id']=17784840, ['name']="Imasuke", ['index']=8, ['level']=0},
    [17784900] = {['id']=17784900, ['name']="RedGhost", ['index']=68, ['level']=0},
    [17785000] = {['id']=17785000, ['name']="SynthesisFocus", ['index']=168, ['level']=0},
    [17784999] = {['id']=17784999, ['name']="MewkChorosap", ['index']=167, ['level']=0},
    [17784856] = {['id']=17784856, ['name']="RagingLion", ['index']=24, ['level']=0},
    [17784842] = {['id']=17784842, ['name']="Chudigrimane", ['index']=10, ['level']=0},
    [17784973] = {['id']=17784973, ['name']="SynergyEnthusi", ['index']=141, ['level']=0},
    [17784834] = {['id']=17784834, ['name']="Gekko", ['index']=2, ['level']=0},
    [17784835] = {['id']=17784835, ['name']="Leyla", ['index']=3, ['level']=0},
    [17784873] = {['id']=17784873, ['name']="SilentLynx", ['index']=41, ['level']=0},
    [17784968] = {['id']=17784968, ['name']="SynergyEnginee", ['index']=136, ['level']=0},
    [17784857] = {['id']=17784857, ['name']="Inesh", ['index']=25, ['level']=0},
    [17784836] = {['id']=17784836, ['name']="Karl", ['index']=4, ['level']=0},
    [17784837] = {['id']=17784837, ['name']="Buntz", ['index']=5, ['level']=0},
    [17784954] = {['id']=17784954, ['name']="Sanosuke", ['index']=122, ['level']=0},
    [17784838] = {['id']=17784838, ['name']="JahaAmariyo", ['index']=6, ['level']=0},
    [17784849] = {['id']=17784849, ['name']="Asolmieu", ['index']=17, ['level']=0},
    [17784987] = {['id']=17784987, ['name']="Shemo", ['index']=155, ['level']=0},
    [17784981] = {['id']=17784981, ['name']="Horst", ['index']=149, ['level']=0},
    [17784905] = {['id']=17784905, ['name']="Shami", ['index']=73, ['level']=0},
    [17784910] = {['id']=17784910, ['name']="Digaga", ['index']=78, ['level']=0},
    [17784979] = {['id']=17784979, ['name']="Joachim", ['index']=147, ['level']=0},
    [17784872] = {['id']=17784872, ['name']="Ramicharaux", ['index']=40, ['level']=0},
    [17784859] = {['id']=17784859, ['name']="Pranab", ['index']=27, ['level']=0},
    [17784906] = {['id']=17784906, ['name']="Basmus", ['index']=74, ['level']=0},
    [17784909] = {['id']=17784909, ['name']="Sapladrepoin", ['index']=77, ['level']=0},
    [17784907] = {['id']=17784907, ['name']="Kouang", ['index']=75, ['level']=0},
    [17784858] = {['id']=17784858, ['name']="Anneliese", ['index']=26, ['level']=0},
    [17784855] = {['id']=17784855, ['name']="WhiteBeetle", ['index']=23, ['level']=0},
    [17784860] = {['id']=17784860, ['name']="Cheli", ['index']=28, ['level']=0},
    [17784853] = {['id']=17784853, ['name']="Zedduva", ['index']=21, ['level']=0},
    [17784854] = {['id']=17784854, ['name']="Nikki", ['index']=22, ['level']=0},
    [17784852] = {['id']=17784852, ['name']="Gatita", ['index']=20, ['level']=0},
    [17784908] = {['id']=17784908, ['name']="Rilve-Hitolve", ['index']=76, ['level']=0},
    [17784911] = {['id']=17784911, ['name']="Veujaie", ['index']=79, ['level']=0},
    [17784833] = {['id']=17784833, ['name']="Rinzei", ['index']=1, ['level']=0},
    [17784886] = {['id']=17784886, ['name']="Challoux", ['index']=54, ['level']=0},
    [17784868] = {['id']=17784868, ['name']="VikhuNakuaino", ['index']=36, ['level']=0},
    [17784861] = {['id']=17784861, ['name']="Gaura", ['index']=29, ['level']=0},
    [17784865] = {['id']=17784865, ['name']="Kuya-Moya", ['index']=33, ['level']=0},
    [17784864] = {['id']=17784864, ['name']="Funono", ['index']=32, ['level']=0},
    [17784867] = {['id']=17784867, ['name']="PuhnDapojal", ['index']=35, ['level']=0},
    [17784847] = {['id']=17784847, ['name']="Naravime", ['index']=15, ['level']=0},
    [17784902] = {['id']=17784902, ['name']="Pitantimand", ['index']=70, ['level']=0},
    [17784850] = {['id']=17784850, ['name']="Phouminnet", ['index']=18, ['level']=0},
    [17784848] = {['id']=17784848, ['name']="Ceno", ['index']=16, ['level']=0},
    [17784846] = {['id']=17784846, ['name']="Purequane", ['index']=14, ['level']=0},
    [17784845] = {['id']=17784845, ['name']="Moulloie", ['index']=13, ['level']=0},
    [17784844] = {['id']=17784844, ['name']="Roupatour", ['index']=12, ['level']=0},
    [17784843] = {['id']=17784843, ['name']="Haubijoux", ['index']=11, ['level']=0},
    [17784985] = {['id']=17784985, ['name']="Pyropox", ['index']=153, ['level']=0},
    [17784984] = {['id']=17784984, ['name']="Kindlix", ['index']=152, ['level']=0},
    [17784967] = {['id']=17784967, ['name']="SynergyEnginee", ['index']=135, ['level']=0},
    [17784953] = {['id']=17784953, ['name']="Guddal", ['index']=121, ['level']=0},
    [17784851] = {['id']=17784851, ['name']="Avijit", ['index']=19, ['level']=0},
    [17784882] = {['id']=17784882, ['name']="Tsolag", ['index']=50, ['level']=0},
    [17784877] = {['id']=17784877, ['name']="Tautorie", ['index']=45, ['level']=0},
    [17784878] = {['id']=17784878, ['name']="Illauvolahaut", ['index']=46, ['level']=0},
    [17784881] = {['id']=17784881, ['name']="Gavin", ['index']=49, ['level']=0},
    [17784901] = {['id']=17784901, ['name']="Falak", ['index']=69, ['level']=0},
    [17784887] = {['id']=17784887, ['name']="Caffie", ['index']=55, ['level']=0},
    [17784989] = {['id']=17784989, ['name']="Monisette", ['index']=157, ['level']=0},
    [17784884] = {['id']=17784884, ['name']="Chocobo", ['index']=52, ['level']=0},
    [17784962] = {['id']=17784962, ['name']="Sagheera", ['index']=130, ['level']=0},
    [17784980] = {['id']=17784980, ['name']="ZuahLepahnyu", ['index']=148, ['level']=0},
    [17784888] = {['id']=17784888, ['name']="Narsha", ['index']=56, ['level']=0},
    [17784885] = {['id']=17784885, ['name']="Chocobo", ['index']=53, ['level']=0},
    [17784869] = {['id']=17784869, ['name']="YonBoskoti", ['index']=37, ['level']=0},
    [17784866] = {['id']=17784866, ['name']="Supiroro", ['index']=34, ['level']=0},
    [17784874] = {['id']=17784874, ['name']="ChakaSkitimah", ['index']=42, ['level']=0},
    [17784955] = {['id']=17784955, ['name']="Garridan", ['index']=123, ['level']=0},
    [17784899] = {['id']=17784899, ['name']="KhumoDaramaste", ['index']=67, ['level']=0},
    [17784879] = {['id']=17784879, ['name']="Dapol", ['index']=47, ['level']=0},
    [17784986] = {['id']=17784986, ['name']="VoidwatchPurve", ['index']=154, ['level']=0},
    [17784912] = {['id']=17784912, ['name']="Kochahy-Muwacha", ['index']=80, ['level']=0},
    [17784894] = {['id']=17784894, ['name']="Leffquen", ['index']=62, ['level']=0},
    [17784898] = {['id']=17784898, ['name']="Naurmaire", ['index']=66, ['level']=0},
    [17784880] = {['id']=17784880, ['name']="Saprut", ['index']=48, ['level']=0},
    [17784876] = {['id']=17784876, ['name']="Daju", ['index']=44, ['level']=0},
    [17784875] = {['id']=17784875, ['name']="JhuoHalmanzoh", ['index']=43, ['level']=0},
    [17784883] = {['id']=17784883, ['name']="Jaipal", ['index']=51, ['level']=0},
    [17784870] = {['id']=17784870, ['name']="DhasoToehprin", ['index']=38, ['level']=0},
    [17784863] = {['id']=17784863, ['name']="Omiro-Zamiro", ['index']=31, ['level']=0},
    [17784862] = {['id']=17784862, ['name']="Rachocho", ['index']=30, ['level']=0},
    [17784871] = {['id']=17784871, ['name']="Najib", ['index']=39, ['level']=0},
    [17784833] = {['id']=17784833, ['name']="Rinzei", ['index']=1, ['level']=0},
    [17784834] = {['id']=17784834, ['name']="Gekko", ['index']=2, ['level']=0},
    [17797123] = {['id']=17797123, ['name']="Leyla", ['index']=3, ['level']=0},
    [17797124] = {['id']=17797124, ['name']="Karl", ['index']=4, ['level']=0},
    [17797125] = {['id']=17797125, ['name']="Buntz", ['index']=5, ['level']=0},
    [17797126] = {['id']=17797126, ['name']="JahaAmariyo", ['index']=6, ['level']=0},
    [17797127] = {['id']=17797127, ['name']="Cumetouflaix", ['index']=7, ['level']=0},
    [17797128] = {['id']=17797128, ['name']="Imasuke", ['index']=8, ['level']=0},
    [17797129] = {['id']=17797129, ['name']="Yurugu-Homurugu", ['index']=9, ['level']=0},
    [17797130] = {['id']=17797130, ['name']="Chudigrimane", ['index']=10, ['level']=0},
    [17797131] = {['id']=17797131, ['name']="Haubijoux", ['index']=11, ['level']=0},
    [17797132] = {['id']=17797132, ['name']="Roupatour", ['index']=12, ['level']=0},
    [17797133] = {['id']=17797133, ['name']="Moulloie", ['index']=13, ['level']=0},
    [17784846] = {['id']=17784846, ['name']="Purequane", ['index']=14, ['level']=0},
    [17784847] = {['id']=17784847, ['name']="Naravime", ['index']=15, ['level']=0},
    [17784848] = {['id']=17784848, ['name']="Ceno", ['index']=16, ['level']=0},
    [17784849] = {['id']=17784849, ['name']="Asolmieu", ['index']=17, ['level']=0},
    [17797138] = {['id']=17797138, ['name']="Phouminnet", ['index']=18, ['level']=0},
    [17797139] = {['id']=17797139, ['name']="Avijit", ['index']=19, ['level']=0},
    [17797140] = {['id']=17797140, ['name']="Gatita", ['index']=20, ['level']=0},
    [17797141] = {['id']=17797141, ['name']="Zedduva", ['index']=21, ['level']=0},
    [17797142] = {['id']=17797142, ['name']="Nikki", ['index']=22, ['level']=0},
    [17797143] = {['id']=17797143, ['name']="WhiteBeetle", ['index']=23, ['level']=0},
    [17797144] = {['id']=17797144, ['name']="RagingLion", ['index']=24, ['level']=0},
    [17797145] = {['id']=17797145, ['name']="Inesh", ['index']=25, ['level']=0},
    [17784858] = {['id']=17784858, ['name']="Anneliese", ['index']=26, ['level']=0},
    [17797147] = {['id']=17797147, ['name']="Pranab", ['index']=27, ['level']=0},
    [17784860] = {['id']=17784860, ['name']="Cheli", ['index']=28, ['level']=0},
    [17797149] = {['id']=17797149, ['name']="Gaura", ['index']=29, ['level']=0},
    [17797150] = {['id']=17797150, ['name']="Rachocho", ['index']=30, ['level']=0},
    [17797151] = {['id']=17797151, ['name']="Omiro-Zamiro", ['index']=31, ['level']=0},
    [17784864] = {['id']=17784864, ['name']="Funono", ['index']=32, ['level']=0},
    [17797153] = {['id']=17797153, ['name']="Kuya-Moya", ['index']=33, ['level']=0},
    [17797154] = {['id']=17797154, ['name']="Supiroro", ['index']=34, ['level']=0},
    [17797155] = {['id']=17797155, ['name']="PuhnDapojal", ['index']=35, ['level']=0},
    [17784868] = {['id']=17784868, ['name']="VikhuNakuaino", ['index']=36, ['level']=0},
    [17797157] = {['id']=17797157, ['name']="YonBoskoti", ['index']=37, ['level']=0},
    [17797158] = {['id']=17797158, ['name']="DhasoToehprin", ['index']=38, ['level']=0},
    [17797159] = {['id']=17797159, ['name']="Najib", ['index']=39, ['level']=0},
    [17784872] = {['id']=17784872, ['name']="Ramicharaux", ['index']=40, ['level']=0},
    [17784873] = {['id']=17784873, ['name']="SilentLynx", ['index']=41, ['level']=0},
    [17784874] = {['id']=17784874, ['name']="ChakaSkitimah", ['index']=42, ['level']=0},
    [17784875] = {['id']=17784875, ['name']="JhuoHalmanzoh", ['index']=43, ['level']=0},
    [17784876] = {['id']=17784876, ['name']="Daju", ['index']=44, ['level']=0},
    [17784877] = {['id']=17784877, ['name']="Tautorie", ['index']=45, ['level']=0},
    [17797166] = {['id']=17797166, ['name']="Illauvolahaut", ['index']=46, ['level']=0},
    [17797167] = {['id']=17797167, ['name']="Dapol", ['index']=47, ['level']=0},
    [17797168] = {['id']=17797168, ['name']="Saprut", ['index']=48, ['level']=0},
    [17784881] = {['id']=17784881, ['name']="Gavin", ['index']=49, ['level']=0},
    [17784882] = {['id']=17784882, ['name']="Tsolag", ['index']=50, ['level']=0},
    [17784883] = {['id']=17784883, ['name']="Jaipal", ['index']=51, ['level']=0},
    [17784884] = {['id']=17784884, ['name']="Chocobo", ['index']=52, ['level']=0},
    [17784885] = {['id']=17784885, ['name']="Chocobo", ['index']=53, ['level']=0},
    [17784886] = {['id']=17784886, ['name']="Challoux", ['index']=54, ['level']=0},
    [17784887] = {['id']=17784887, ['name']="Caffie", ['index']=55, ['level']=0},
    [17784888] = {['id']=17784888, ['name']="Narsha", ['index']=56, ['level']=0},
    [17784894] = {['id']=17784894, ['name']="Leffquen", ['index']=62, ['level']=0},
    [17797183] = {['id']=17797183, ['name']="Marnie", ['index']=63, ['level']=0},
    [17784896] = {['id']=17784896, ['name']="ZonaShodhun", ['index']=64, ['level']=0},
    [17784898] = {['id']=17784898, ['name']="Naurmaire", ['index']=66, ['level']=0},
    [17784899] = {['id']=17784899, ['name']="KhumoDaramaste", ['index']=67, ['level']=0},
    [17784900] = {['id']=17784900, ['name']="RedGhost", ['index']=68, ['level']=0},
    [17784901] = {['id']=17784901, ['name']="Falak", ['index']=69, ['level']=0},
    [17784902] = {['id']=17784902, ['name']="Pitantimand", ['index']=70, ['level']=0},
    [17784905] = {['id']=17784905, ['name']="Shami", ['index']=73, ['level']=0},
    [17784906] = {['id']=17784906, ['name']="Basmus", ['index']=74, ['level']=0},
    [17797195] = {['id']=17797195, ['name']="Kouang", ['index']=75, ['level']=0},
    [17797196] = {['id']=17797196, ['name']="Rilve-Hitolve", ['index']=76, ['level']=0},
    [17784909] = {['id']=17784909, ['name']="Sapladrepoin", ['index']=77, ['level']=0},
    [17784910] = {['id']=17784910, ['name']="Digaga", ['index']=78, ['level']=0},
    [17784911] = {['id']=17784911, ['name']="Veujaie", ['index']=79, ['level']=0},
    [17784912] = {['id']=17784912, ['name']="Kochahy-Muwacha", ['index']=80, ['level']=0},
    [17784913] = {['id']=17784913, ['name']="Dohhel", ['index']=81, ['level']=0},
    [17784953] = {['id']=17784953, ['name']="Guddal", ['index']=121, ['level']=0},
    [17784954] = {['id']=17784954, ['name']="Sanosuke", ['index']=122, ['level']=0},
    [17784955] = {['id']=17784955, ['name']="Garridan", ['index']=123, ['level']=0},
    [17784962] = {['id']=17784962, ['name']="Sagheera", ['index']=130, ['level']=0},
    [17784964] = {['id']=17784964, ['name']="", ['index']=132, ['level']=0},
    [17784966] = {['id']=17784966, ['name']="SquintroxDryey", ['index']=134, ['level']=0},
    [17784967] = {['id']=17784967, ['name']="SynergyEnginee", ['index']=135, ['level']=0},
    [17784968] = {['id']=17784968, ['name']="SynergyEnginee", ['index']=136, ['level']=0},
    [17784973] = {['id']=17784973, ['name']="SynergyEnthusi", ['index']=141, ['level']=0},
    [17784979] = {['id']=17784979, ['name']="Joachim", ['index']=147, ['level']=0},
    [17784980] = {['id']=17784980, ['name']="ZuahLepahnyu", ['index']=148, ['level']=0},
    [17784981] = {['id']=17784981, ['name']="Horst", ['index']=149, ['level']=0},
    [17784984] = {['id']=17784984, ['name']="Kindlix", ['index']=152, ['level']=0},
    [17784985] = {['id']=17784985, ['name']="Pyropox", ['index']=153, ['level']=0},
    [17797274] = {['id']=17797274, ['name']="VoidwatchPurve", ['index']=154, ['level']=0},
    [17784987] = {['id']=17784987, ['name']="Shemo", ['index']=155, ['level']=0},
    [17784988] = {['id']=17784988, ['name']="Oboro", ['index']=156, ['level']=0},
    [17784989] = {['id']=17784989, ['name']="Monisette", ['index']=157, ['level']=0},
    [17784999] = {['id']=17784999, ['name']="MewkChorosap", ['index']=167, ['level']=0},
    [17785000] = {['id']=17785000, ['name']="SynthesisFocus", ['index']=168, ['level']=0},
    [17784866] = {['id']=17784866, ['name']="Supiroro", ['index']=34, ['level']=0},
    [17784869] = {['id']=17784869, ['name']="YonBoskoti", ['index']=37, ['level']=0},
    [17784867] = {['id']=17784867, ['name']="PuhnDapojal", ['index']=35, ['level']=0},
    [17784865] = {['id']=17784865, ['name']="Kuya-Moya", ['index']=33, ['level']=0},
    [17784859] = {['id']=17784859, ['name']="Pranab", ['index']=27, ['level']=0},
    [17784856] = {['id']=17784856, ['name']="RagingLion", ['index']=24, ['level']=0},
    [17784842] = {['id']=17784842, ['name']="Chudigrimane", ['index']=10, ['level']=0},
    [17784857] = {['id']=17784857, ['name']="Inesh", ['index']=25, ['level']=0},
    [17784853] = {['id']=17784853, ['name']="Zedduva", ['index']=21, ['level']=0},
    [17784895] = {['id']=17784895, ['name']="Marnie", ['index']=63, ['level']=0},
    [17784839] = {['id']=17784839, ['name']="Cumetouflaix", ['index']=7, ['level']=0},
    [17784841] = {['id']=17784841, ['name']="Yurugu-Homurugu", ['index']=9, ['level']=0},
    [17784833] = {['id']=17784833, ['name']="Rinzei", ['index']=1, ['level']=0},
    [17784834] = {['id']=17784834, ['name']="Gekko", ['index']=2, ['level']=0},
    [17784835] = {['id']=17784835, ['name']="Leyla", ['index']=3, ['level']=0},
    [17784836] = {['id']=17784836, ['name']="Karl", ['index']=4, ['level']=0},
    [17784837] = {['id']=17784837, ['name']="Buntz", ['index']=5, ['level']=0},
    [17784838] = {['id']=17784838, ['name']="JahaAmariyo", ['index']=6, ['level']=0},
    [17784839] = {['id']=17784839, ['name']="Cumetouflaix", ['index']=7, ['level']=0},
    [17797128] = {['id']=17797128, ['name']="Imasuke", ['index']=8, ['level']=0},
    [17784841] = {['id']=17784841, ['name']="Yurugu-Homurugu", ['index']=9, ['level']=0},
    [17784842] = {['id']=17784842, ['name']="Chudigrimane", ['index']=10, ['level']=0},
    [17797131] = {['id']=17797131, ['name']="Haubijoux", ['index']=11, ['level']=0},
    [17797132] = {['id']=17797132, ['name']="Roupatour", ['index']=12, ['level']=0},
    [17797133] = {['id']=17797133, ['name']="Moulloie", ['index']=13, ['level']=0},
    [17784846] = {['id']=17784846, ['name']="Purequane", ['index']=14, ['level']=0},
    [17784847] = {['id']=17784847, ['name']="Naravime", ['index']=15, ['level']=0},
    [17784848] = {['id']=17784848, ['name']="Ceno", ['index']=16, ['level']=0},
    [17784849] = {['id']=17784849, ['name']="Asolmieu", ['index']=17, ['level']=0},
    [17797138] = {['id']=17797138, ['name']="Phouminnet", ['index']=18, ['level']=0},
    [17797139] = {['id']=17797139, ['name']="Avijit", ['index']=19, ['level']=0},
    [17797140] = {['id']=17797140, ['name']="Gatita", ['index']=20, ['level']=0},
    [17797141] = {['id']=17797141, ['name']="Zedduva", ['index']=21, ['level']=0},
    [17797142] = {['id']=17797142, ['name']="Nikki", ['index']=22, ['level']=0},
    [17797143] = {['id']=17797143, ['name']="WhiteBeetle", ['index']=23, ['level']=0},
    [17784856] = {['id']=17784856, ['name']="RagingLion", ['index']=24, ['level']=0},
    [17784857] = {['id']=17784857, ['name']="Inesh", ['index']=25, ['level']=0},
    [17797146] = {['id']=17797146, ['name']="Anneliese", ['index']=26, ['level']=0},
    [17784859] = {['id']=17784859, ['name']="Pranab", ['index']=27, ['level']=0},
    [17797148] = {['id']=17797148, ['name']="Cheli", ['index']=28, ['level']=0},
    [17797149] = {['id']=17797149, ['name']="Gaura", ['index']=29, ['level']=0},
    [17797150] = {['id']=17797150, ['name']="Rachocho", ['index']=30, ['level']=0},
    [17797151] = {['id']=17797151, ['name']="Omiro-Zamiro", ['index']=31, ['level']=0},
    [17784864] = {['id']=17784864, ['name']="Funono", ['index']=32, ['level']=0},
    [17797153] = {['id']=17797153, ['name']="Kuya-Moya", ['index']=33, ['level']=0},
    [17797154] = {['id']=17797154, ['name']="Supiroro", ['index']=34, ['level']=0},
    [17797155] = {['id']=17797155, ['name']="PuhnDapojal", ['index']=35, ['level']=0},
    [17784868] = {['id']=17784868, ['name']="VikhuNakuaino", ['index']=36, ['level']=0},
    [17797157] = {['id']=17797157, ['name']="YonBoskoti", ['index']=37, ['level']=0},
    [17797158] = {['id']=17797158, ['name']="DhasoToehprin", ['index']=38, ['level']=0},
    [17797159] = {['id']=17797159, ['name']="Najib", ['index']=39, ['level']=0},
    [17784872] = {['id']=17784872, ['name']="Ramicharaux", ['index']=40, ['level']=0},
    [17784873] = {['id']=17784873, ['name']="SilentLynx", ['index']=41, ['level']=0},
    [17784874] = {['id']=17784874, ['name']="ChakaSkitimah", ['index']=42, ['level']=0},
    [17784875] = {['id']=17784875, ['name']="JhuoHalmanzoh", ['index']=43, ['level']=0},
    [17784876] = {['id']=17784876, ['name']="Daju", ['index']=44, ['level']=0},
    [17784877] = {['id']=17784877, ['name']="Tautorie", ['index']=45, ['level']=0},
    [17797166] = {['id']=17797166, ['name']="Illauvolahaut", ['index']=46, ['level']=0},
    [17797167] = {['id']=17797167, ['name']="Dapol", ['index']=47, ['level']=0},
    [17797168] = {['id']=17797168, ['name']="Saprut", ['index']=48, ['level']=0},
    [17784881] = {['id']=17784881, ['name']="Gavin", ['index']=49, ['level']=0},
    [17784882] = {['id']=17784882, ['name']="Tsolag", ['index']=50, ['level']=0},
    [17784883] = {['id']=17784883, ['name']="Jaipal", ['index']=51, ['level']=0},
    [17784884] = {['id']=17784884, ['name']="Chocobo", ['index']=52, ['level']=0},
    [17784885] = {['id']=17784885, ['name']="Chocobo", ['index']=53, ['level']=0},
    [17784886] = {['id']=17784886, ['name']="Challoux", ['index']=54, ['level']=0},
    [17784887] = {['id']=17784887, ['name']="Caffie", ['index']=55, ['level']=0},
    [17784888] = {['id']=17784888, ['name']="Narsha", ['index']=56, ['level']=0},
    [17784894] = {['id']=17784894, ['name']="Leffquen", ['index']=62, ['level']=0},
    [17784895] = {['id']=17784895, ['name']="Marnie", ['index']=63, ['level']=0},
    [17784896] = {['id']=17784896, ['name']="ZonaShodhun", ['index']=64, ['level']=0},
    [17784898] = {['id']=17784898, ['name']="Naurmaire", ['index']=66, ['level']=0},
    [17784899] = {['id']=17784899, ['name']="KhumoDaramaste", ['index']=67, ['level']=0},
    [17784900] = {['id']=17784900, ['name']="RedGhost", ['index']=68, ['level']=0},
    [17784901] = {['id']=17784901, ['name']="Falak", ['index']=69, ['level']=0},
    [17784902] = {['id']=17784902, ['name']="Pitantimand", ['index']=70, ['level']=0},
    [17784905] = {['id']=17784905, ['name']="Shami", ['index']=73, ['level']=0},
    [17784906] = {['id']=17784906, ['name']="Basmus", ['index']=74, ['level']=0},
    [17784907] = {['id']=17784907, ['name']="Kouang", ['index']=75, ['level']=0},
    [17784908] = {['id']=17784908, ['name']="Rilve-Hitolve", ['index']=76, ['level']=0},
    [17784909] = {['id']=17784909, ['name']="Sapladrepoin", ['index']=77, ['level']=0},
    [17784910] = {['id']=17784910, ['name']="Digaga", ['index']=78, ['level']=0},
    [17784911] = {['id']=17784911, ['name']="Veujaie", ['index']=79, ['level']=0},
    [17784912] = {['id']=17784912, ['name']="Kochahy-Muwacha", ['index']=80, ['level']=0},
    [17784913] = {['id']=17784913, ['name']="Dohhel", ['index']=81, ['level']=0},
    [17784953] = {['id']=17784953, ['name']="Guddal", ['index']=121, ['level']=0},
    [17784954] = {['id']=17784954, ['name']="Sanosuke", ['index']=122, ['level']=0},
    [17784955] = {['id']=17784955, ['name']="Garridan", ['index']=123, ['level']=0},
    [17784962] = {['id']=17784962, ['name']="Sagheera", ['index']=130, ['level']=0},
    [17784964] = {['id']=17784964, ['name']="", ['index']=132, ['level']=0},
    [17784966] = {['id']=17784966, ['name']="SquintroxDryey", ['index']=134, ['level']=0},
    [17784967] = {['id']=17784967, ['name']="SynergyEnginee", ['index']=135, ['level']=0},
    [17784968] = {['id']=17784968, ['name']="SynergyEnginee", ['index']=136, ['level']=0},
    [17784973] = {['id']=17784973, ['name']="SynergyEnthusi", ['index']=141, ['level']=0},
    [17784979] = {['id']=17784979, ['name']="Joachim", ['index']=147, ['level']=0},
    [17784980] = {['id']=17784980, ['name']="ZuahLepahnyu", ['index']=148, ['level']=0},
    [17784981] = {['id']=17784981, ['name']="Horst", ['index']=149, ['level']=0},
    [17784984] = {['id']=17784984, ['name']="Kindlix", ['index']=152, ['level']=0},
    [17797273] = {['id']=17797273, ['name']="Pyropox", ['index']=153, ['level']=0},
    [17797274] = {['id']=17797274, ['name']="VoidwatchPurve", ['index']=154, ['level']=0},
    [17784987] = {['id']=17784987, ['name']="Shemo", ['index']=155, ['level']=0},
    [17784988] = {['id']=17784988, ['name']="Oboro", ['index']=156, ['level']=0},
    [17784989] = {['id']=17784989, ['name']="Monisette", ['index']=157, ['level']=0},
    [17784999] = {['id']=17784999, ['name']="MewkChorosap", ['index']=167, ['level']=0},
    [17785000] = {['id']=17785000, ['name']="SynthesisFocus", ['index']=168, ['level']=0},
    [17784985] = {['id']=17784985, ['name']="Pyropox", ['index']=153, ['level']=0},
    [17784866] = {['id']=17784866, ['name']="Supiroro", ['index']=34, ['level']=0},
    [17784869] = {['id']=17784869, ['name']="YonBoskoti", ['index']=37, ['level']=0},
    [17784879] = {['id']=17784879, ['name']="Dapol", ['index']=47, ['level']=0},
    [17784986] = {['id']=17784986, ['name']="VoidwatchPurve", ['index']=154, ['level']=0},
    [17784880] = {['id']=17784880, ['name']="Saprut", ['index']=48, ['level']=0},
    [17784878] = {['id']=17784878, ['name']="Illauvolahaut", ['index']=46, ['level']=0},
    [17784844] = {['id']=17784844, ['name']="Roupatour", ['index']=12, ['level']=0},
    [17784843] = {['id']=17784843, ['name']="Haubijoux", ['index']=11, ['level']=0},
    [17784851] = {['id']=17784851, ['name']="Avijit", ['index']=19, ['level']=0},
