    [16850946] = {['id']=16850946, ['name']="Wanderer", ['index']=2, ['level']=24},
    [16850948] = {['id']=16850948, ['name']="Wanderer", ['index']=4, ['level']=24},
    [16850949] = {['id']=16850949, ['name']="Wanderer", ['index']=5, ['level']=22},
    [16850951] = {['id']=16850951, ['name']="IdleWanderer", ['index']=7, ['level']=84},
    [16850952] = {['id']=16850952, ['name']="IdleWanderer", ['index']=8, ['level']=83},
    [16850950] = {['id']=16850950, ['name']="IdleWanderer", ['index']=6, ['level']=83},
    [16850953] = {['id']=16850953, ['name']="IdleWanderer", ['index']=9, ['level']=84},
    [16850955] = {['id']=16850955, ['name']="IdleWanderer", ['index']=11, ['level']=83},
    [16850969] = {['id']=16850969, ['name']="Weeper", ['index']=25, ['level']=25},
    [16850956] = {['id']=16850956, ['name']="IdleWanderer", ['index']=12, ['level']=84},
    [16850954] = {['id']=16850954, ['name']="IdleWanderer", ['index']=10, ['level']=84},
    [16850961] = {['id']=16850961, ['name']="Wanderer", ['index']=17, ['level']=22},
    [16850958] = {['id']=16850958, ['name']="Wanderer", ['index']=14, ['level']=23},
    [16850965] = {['id']=16850965, ['name']="Weeper", ['index']=21, ['level']=24},
    [16850957] = {['id']=16850957, ['name']="Weeper", ['index']=13, ['level']=25},
    [16850963] = {['id']=16850963, ['name']="Wanderer", ['index']=19, ['level']=24},
    [16850962] = {['id']=16850962, ['name']="Wanderer", ['index']=18, ['level']=22},
    [16850966] = {['id']=16850966, ['name']="Wanderer", ['index']=22, ['level']=24},
    [16850960] = {['id']=16850960, ['name']="Weeper", ['index']=16, ['level']=25},
    [16850959] = {['id']=16850959, ['name']="Wanderer", ['index']=15, ['level']=22},
    [16850964] = {['id']=16850964, ['name']="Weeper", ['index']=20, ['level']=26},
    [16850968] = {['id']=16850968, ['name']="Weeper", ['index']=24, ['level']=26},
    [16850974] = {['id']=16850974, ['name']="Stray", ['index']=30, ['level']=20},
    [16850972] = {['id']=16850972, ['name']="Stray", ['index']=28, ['level']=20},
    [16850971] = {['id']=16850971, ['name']="MemoryReceptac", ['index']=27, ['level']=30},
    [16850970] = {['id']=16850970, ['name']="", ['index']=26, ['level']=1},
    [16850973] = {['id']=16850973, ['name']="Stray", ['index']=29, ['level']=21},
    [16850985] = {['id']=16850985, ['name']="Weeper", ['index']=41, ['level']=30},
    [16850987] = {['id']=16850987, ['name']="Wanderer", ['index']=43, ['level']=27},
    [16850988] = {['id']=16850988, ['name']="Wanderer", ['index']=44, ['level']=26},
    [16850986] = {['id']=16850986, ['name']="Weeper", ['index']=42, ['level']=30},
    [16851023] = {['id']=16851023, ['name']="Gorger", ['index']=79, ['level']=32},
    [16850991] = {['id']=16850991, ['name']="Weeper", ['index']=47, ['level']=28},
    [16850989] = {['id']=16850989, ['name']="Weeper", ['index']=45, ['level']=30},
    [16850990] = {['id']=16850990, ['name']="Weeper", ['index']=46, ['level']=30},
    [16850994] = {['id']=16850994, ['name']="Weeper", ['index']=50, ['level']=30},
    [16850996] = {['id']=16850996, ['name']="Wanderer", ['index']=52, ['level']=26},
    [16850995] = {['id']=16850995, ['name']="Seether", ['index']=51, ['level']=32},
    [16850979] = {['id']=16850979, ['name']="Wanderer", ['index']=35, ['level']=27},
    [16850980] = {['id']=16850980, ['name']="Weeper", ['index']=36, ['level']=28},
    [16850978] = {['id']=16850978, ['name']="Weeper", ['index']=34, ['level']=28},
    [16850998] = {['id']=16850998, ['name']="Wanderer", ['index']=54, ['level']=27},
    [16850997] = {['id']=16850997, ['name']="Seether", ['index']=53, ['level']=32},
    [16851020] = {['id']=16851020, ['name']="Gorger", ['index']=76, ['level']=34},
    [16851000] = {['id']=16851000, ['name']="Weeper", ['index']=56, ['level']=28},
    [16850999] = {['id']=16850999, ['name']="Seether", ['index']=55, ['level']=31},
    [16851027] = {['id']=16851027, ['name']="Stray", ['index']=83, ['level']=24},
    [16851026] = {['id']=16851026, ['name']="Stray", ['index']=82, ['level']=24},
    [16851030] = {['id']=16851030, ['name']="Stray", ['index']=86, ['level']=24},
    [16851029] = {['id']=16851029, ['name']="Stray", ['index']=85, ['level']=23},
    [16851028] = {['id']=16851028, ['name']="Stray", ['index']=84, ['level']=23},
    [16851025] = {['id']=16851025, ['name']="MemoryReceptac", ['index']=81, ['level']=30},
    [16851024] = {['id']=16851024, ['name']="", ['index']=80, ['level']=1},
    [16850981] = {['id']=16850981, ['name']="Wanderer", ['index']=37, ['level']=26},
    [16850982] = {['id']=16850982, ['name']="Weeper", ['index']=38, ['level']=29},
    [16851003] = {['id']=16851003, ['name']="Wanderer", ['index']=59, ['level']=28},
    [16851004] = {['id']=16851004, ['name']="Weeper", ['index']=60, ['level']=29},
    [16851033] = {['id']=16851033, ['name']="Stray", ['index']=89, ['level']=24},
    [16851036] = {['id']=16851036, ['name']="Stray", ['index']=92, ['level']=24},
    [16851034] = {['id']=16851034, ['name']="Stray", ['index']=90, ['level']=23},
    [16851006] = {['id']=16851006, ['name']="Weeper", ['index']=62, ['level']=30},
    [16851019] = {['id']=16851019, ['name']="Gorger", ['index']=75, ['level']=34},
    [16851005] = {['id']=16851005, ['name']="Weeper", ['index']=61, ['level']=29},
    [16851007] = {['id']=16851007, ['name']="Weeper", ['index']=63, ['level']=28},
    [16851008] = {['id']=16851008, ['name']="Seether", ['index']=64, ['level']=32},
    [16851010] = {['id']=16851010, ['name']="Wanderer", ['index']=66, ['level']=28},
    [16851012] = {['id']=16851012, ['name']="Seether", ['index']=68, ['level']=30},
    [16851011] = {['id']=16851011, ['name']="Wanderer", ['index']=67, ['level']=27},
    [16851016] = {['id']=16851016, ['name']="Wanderer", ['index']=72, ['level']=27},
    [16851015] = {['id']=16851015, ['name']="Wanderer", ['index']=71, ['level']=26},
    [16851017] = {['id']=16851017, ['name']="Weeper", ['index']=73, ['level']=30},
    [16851047] = {['id']=16851047, ['name']="Stray", ['index']=103, ['level']=24},
    [16851048] = {['id']=16851048, ['name']="Stray", ['index']=104, ['level']=23},
    [16851049] = {['id']=16851049, ['name']="Stray", ['index']=105, ['level']=24},
    [16851050] = {['id']=16851050, ['name']="Stray", ['index']=106, ['level']=24},
    [16851051] = {['id']=16851051, ['name']="Stray", ['index']=107, ['level']=23},
    [16851018] = {['id']=16851018, ['name']="Seether", ['index']=74, ['level']=31},
    [16850977] = {['id']=16850977, ['name']="Weeper", ['index']=33, ['level']=30},
    [16850976] = {['id']=16850976, ['name']="Wanderer", ['index']=32, ['level']=26},
    [16850975] = {['id']=16850975, ['name']="Weeper", ['index']=31, ['level']=28},
    [16850983] = {['id']=16850983, ['name']="Wanderer", ['index']=39, ['level']=27},
    [16851001] = {['id']=16851001, ['name']="Wanderer", ['index']=57, ['level']=26},
    [16851002] = {['id']=16851002, ['name']="Weeper", ['index']=58, ['level']=28},
    [16851054] = {['id']=16851054, ['name']="Wanderer", ['index']=110, ['level']=31},
    [16851053] = {['id']=16851053, ['name']="Weeper", ['index']=109, ['level']=33},
    [16851055] = {['id']=16851055, ['name']="Weeper", ['index']=111, ['level']=31},
    [16851079] = {['id']=16851079, ['name']="Stray", ['index']=135, ['level']=27},
    [16851077] = {['id']=16851077, ['name']="Stray", ['index']=133, ['level']=27},
    [16851074] = {['id']=16851074, ['name']="Stray", ['index']=130, ['level']=26},
    [16851078] = {['id']=16851078, ['name']="Stray", ['index']=134, ['level']=26},
    [16851065] = {['id']=16851065, ['name']="Weeper", ['index']=121, ['level']=32},
    [16851073] = {['id']=16851073, ['name']="Stray", ['index']=129, ['level']=26},
    [16851072] = {['id']=16851072, ['name']="MemoryReceptac", ['index']=128, ['level']=30},
    [16851071] = {['id']=16851071, ['name']="", ['index']=127, ['level']=1},
    [16851075] = {['id']=16851075, ['name']="Stray", ['index']=131, ['level']=27},
    [16851076] = {['id']=16851076, ['name']="Stray", ['index']=132, ['level']=27},
    [16851070] = {['id']=16851070, ['name']="Gorger", ['index']=126, ['level']=37},
    [16850945] = {['id']=16850945, ['name']="Wanderer", ['index']=1, ['level']=23},
    [16850947] = {['id']=16850947, ['name']="Wanderer", ['index']=3, ['level']=22},
    [16851066] = {['id']=16851066, ['name']="Weeper", ['index']=122, ['level']=31},
    [16851067] = {['id']=16851067, ['name']="Seether", ['index']=123, ['level']=34},
    [16851068] = {['id']=16851068, ['name']="Weeper", ['index']=124, ['level']=33},
    [16851088] = {['id']=16851088, ['name']="Stray", ['index']=144, ['level']=27},
    [16851082] = {['id']=16851082, ['name']="Stray", ['index']=138, ['level']=26},
    [16851084] = {['id']=16851084, ['name']="Stray", ['index']=140, ['level']=26},
    [16851087] = {['id']=16851087, ['name']="Stray", ['index']=143, ['level']=26},
    [16851083] = {['id']=16851083, ['name']="Stray", ['index']=139, ['level']=26},
    [16851081] = {['id']=16851081, ['name']="MemoryReceptac", ['index']=137, ['level']=30},
    [16851080] = {['id']=16851080, ['name']="", ['index']=136, ['level']=1},
    [16851085] = {['id']=16851085, ['name']="Stray", ['index']=141, ['level']=27},
    [16851086] = {['id']=16851086, ['name']="Stray", ['index']=142, ['level']=26},
    [16851064] = {['id']=16851064, ['name']="Weeper", ['index']=120, ['level']=31},
    [16851069] = {['id']=16851069, ['name']="Gorger", ['index']=125, ['level']=36},
    [16851060] = {['id']=16851060, ['name']="Weeper", ['index']=116, ['level']=31},
    [16851063] = {['id']=16851063, ['name']="Seether", ['index']=119, ['level']=34},
    [16851062] = {['id']=16851062, ['name']="Weeper", ['index']=118, ['level']=33},
    [16851061] = {['id']=16851061, ['name']="Wanderer", ['index']=117, ['level']=30},
    [16851058] = {['id']=16851058, ['name']="Weeper", ['index']=114, ['level']=31},
    [16851056] = {['id']=16851056, ['name']="Wanderer", ['index']=112, ['level']=29},
    [16851057] = {['id']=16851057, ['name']="Weeper", ['index']=113, ['level']=31},
    [16851094] = {['id']=16851094, ['name']="Stray", ['index']=150, ['level']=27},
    [16851091] = {['id']=16851091, ['name']="Stray", ['index']=147, ['level']=27},
    [16851095] = {['id']=16851095, ['name']="Stray", ['index']=151, ['level']=27},
    [16851092] = {['id']=16851092, ['name']="Stray", ['index']=148, ['level']=27},
    [16851090] = {['id']=16851090, ['name']="MemoryReceptac", ['index']=146, ['level']=30},
    [16851096] = {['id']=16851096, ['name']="Stray", ['index']=152, ['level']=27},
    [16851089] = {['id']=16851089, ['name']="", ['index']=145, ['level']=1},
    [16851097] = {['id']=16851097, ['name']="Stray", ['index']=153, ['level']=27},
    [16851093] = {['id']=16851093, ['name']="Stray", ['index']=149, ['level']=26},
    [16851052] = {['id']=16851052, ['name']="Wanderer", ['index']=108, ['level']=30},
    [16851098] = {['id']=16851098, ['name']="Weeper", ['index']=154, ['level']=33},
    [16851099] = {['id']=16851099, ['name']="Wanderer", ['index']=155, ['level']=30},
    [16851100] = {['id']=16851100, ['name']="Weeper", ['index']=156, ['level']=31},
    [16851101] = {['id']=16851101, ['name']="Weeper", ['index']=157, ['level']=33},
    [16851102] = {['id']=16851102, ['name']="Wanderer", ['index']=158, ['level']=29},
    [16851104] = {['id']=16851104, ['name']="Wanderer", ['index']=160, ['level']=31},
    [16851105] = {['id']=16851105, ['name']="Wanderer", ['index']=161, ['level']=29},
    [16851103] = {['id']=16851103, ['name']="Weeper", ['index']=159, ['level']=32},
    [16851106] = {['id']=16851106, ['name']="Weeper", ['index']=162, ['level']=33},
    [16851107] = {['id']=16851107, ['name']="Weeper", ['index']=163, ['level']=32},
    [16851130] = {['id']=16851130, ['name']="Gorger", ['index']=186, ['level']=35},
    [16851108] = {['id']=16851108, ['name']="Weeper", ['index']=164, ['level']=31},
    [16851258] = {['id']=16851258, ['name']="Satiator", ['index']=314, ['level']=38},
    [16851110] = {['id']=16851110, ['name']="Wanderer", ['index']=166, ['level']=30},
    [16851124] = {['id']=16851124, ['name']="Weeper", ['index']=180, ['level']=32},
    [16851032] = {['id']=16851032, ['name']="MemoryReceptac", ['index']=88, ['level']=30},
    [16851109] = {['id']=16851109, ['name']="Weeper", ['index']=165, ['level']=32},
    [16851112] = {['id']=16851112, ['name']="Weeper", ['index']=168, ['level']=32},
    [16851113] = {['id']=16851113, ['name']="Seether", ['index']=169, ['level']=33},
    [16851114] = {['id']=16851114, ['name']="Weeper", ['index']=170, ['level']=31},
    [16851125] = {['id']=16851125, ['name']="Weeper", ['index']=181, ['level']=32},
    [16851126] = {['id']=16851126, ['name']="Seether", ['index']=182, ['level']=35},
    [16851155] = {['id']=16851155, ['name']="Stray", ['index']=211, ['level']=27},
    [16851151] = {['id']=16851151, ['name']="Stray", ['index']=207, ['level']=27},
    [16851156] = {['id']=16851156, ['name']="Stray", ['index']=212, ['level']=26},
    [16851154] = {['id']=16851154, ['name']="Stray", ['index']=210, ['level']=27},
    [16851153] = {['id']=16851153, ['name']="Stray", ['index']=209, ['level']=27},
    [16851149] = {['id']=16851149, ['name']="MemoryReceptac", ['index']=205, ['level']=30},
    [16851148] = {['id']=16851148, ['name']="", ['index']=204, ['level']=1},
    [16851150] = {['id']=16851150, ['name']="Stray", ['index']=206, ['level']=26},
    [16851152] = {['id']=16851152, ['name']="Stray", ['index']=208, ['level']=26},
    [16851046] = {['id']=16851046, ['name']="MemoryReceptac", ['index']=102, ['level']=30},
    [16851116] = {['id']=16851116, ['name']="Seether", ['index']=172, ['level']=34},
    [16851122] = {['id']=16851122, ['name']="Weeper", ['index']=178, ['level']=32},
    [16851117] = {['id']=16851117, ['name']="Weeper", ['index']=173, ['level']=33},
    [16851118] = {['id']=16851118, ['name']="Weeper", ['index']=174, ['level']=33},
    [16851121] = {['id']=16851121, ['name']="Seether", ['index']=177, ['level']=33},
    [16851172] = {['id']=16851172, ['name']="Stray", ['index']=228, ['level']=26},
    [16851169] = {['id']=16851169, ['name']="Stray", ['index']=225, ['level']=26},
    [16851168] = {['id']=16851168, ['name']="Stray", ['index']=224, ['level']=26},
    [16851170] = {['id']=16851170, ['name']="Stray", ['index']=226, ['level']=27},
    [16851167] = {['id']=16851167, ['name']="MemoryReceptac", ['index']=223, ['level']=30},
    [16851166] = {['id']=16851166, ['name']="", ['index']=222, ['level']=1},
    [16851171] = {['id']=16851171, ['name']="Stray", ['index']=227, ['level']=27},
    [16851173] = {['id']=16851173, ['name']="Stray", ['index']=229, ['level']=26},
    [16851174] = {['id']=16851174, ['name']="Stray", ['index']=230, ['level']=26},
    [16851135] = {['id']=16851135, ['name']="IdleWanderer", ['index']=191, ['level']=83},
    [16851133] = {['id']=16851133, ['name']="IdleWanderer", ['index']=189, ['level']=83},
    [16851132] = {['id']=16851132, ['name']="IdleWanderer", ['index']=188, ['level']=84},
    [16851138] = {['id']=16851138, ['name']="WoefulWeeper", ['index']=194, ['level']=84},
    [16851137] = {['id']=16851137, ['name']="IdleWanderer", ['index']=193, ['level']=84},
    [16851134] = {['id']=16851134, ['name']="IdleWanderer", ['index']=190, ['level']=84},
    [16851144] = {['id']=16851144, ['name']="IdleWanderer", ['index']=200, ['level']=83},
    [16851140] = {['id']=16851140, ['name']="IdleWanderer", ['index']=196, ['level']=84},
    [16851136] = {['id']=16851136, ['name']="IdleWanderer", ['index']=192, ['level']=84},
    [16851139] = {['id']=16851139, ['name']="IdleWanderer", ['index']=195, ['level']=83},
    [16851141] = {['id']=16851141, ['name']="IdleWanderer", ['index']=197, ['level']=84},
    [16851143] = {['id']=16851143, ['name']="IdleWanderer", ['index']=199, ['level']=83},
    [16851142] = {['id']=16851142, ['name']="IdleWanderer", ['index']=198, ['level']=84},
    [16851119] = {['id']=16851119, ['name']="Weeper", ['index']=175, ['level']=33},
    [16851127] = {['id']=16851127, ['name']="Seether", ['index']=183, ['level']=35},
    [16851131] = {['id']=16851131, ['name']="Gorger", ['index']=187, ['level']=36},
    [16851128] = {['id']=16851128, ['name']="Weeper", ['index']=184, ['level']=32},
    [16851129] = {['id']=16851129, ['name']="Weeper", ['index']=185, ['level']=32},
    [16851160] = {['id']=16851160, ['name']="Stray", ['index']=216, ['level']=26},
    [16851159] = {['id']=16851159, ['name']="Stray", ['index']=215, ['level']=27},
    [16851162] = {['id']=16851162, ['name']="Stray", ['index']=218, ['level']=27},
    [16851164] = {['id']=16851164, ['name']="Stray", ['index']=220, ['level']=26},
    [16851165] = {['id']=16851165, ['name']="Stray", ['index']=221, ['level']=27},
    [16851161] = {['id']=16851161, ['name']="Stray", ['index']=217, ['level']=27},
    [16851158] = {['id']=16851158, ['name']="MemoryReceptac", ['index']=214, ['level']=30},
    [16851157] = {['id']=16851157, ['name']="", ['index']=213, ['level']=1},
    [16851163] = {['id']=16851163, ['name']="Stray", ['index']=219, ['level']=26},
    [16851175] = {['id']=16851175, ['name']="Seether", ['index']=231, ['level']=35},
    [16851177] = {['id']=16851177, ['name']="Seether", ['index']=233, ['level']=36},
    [16851179] = {['id']=16851179, ['name']="Weeper", ['index']=235, ['level']=35},
    [16851178] = {['id']=16851178, ['name']="Seether", ['index']=234, ['level']=36},
    [16851185] = {['id']=16851185, ['name']="IdleWanderer", ['index']=241, ['level']=83},
    [16851180] = {['id']=16851180, ['name']="Wanderer", ['index']=236, ['level']=33},
    [16851181] = {['id']=16851181, ['name']="Weeper", ['index']=237, ['level']=34},
    [16851234] = {['id']=16851234, ['name']="Gorger", ['index']=290, ['level']=39},
    [16851182] = {['id']=16851182, ['name']="Weeper", ['index']=238, ['level']=33},
    [16851183] = {['id']=16851183, ['name']="Seether", ['index']=239, ['level']=35},
    [16851187] = {['id']=16851187, ['name']="IdleWanderer", ['index']=243, ['level']=83},
    [16851188] = {['id']=16851188, ['name']="IdleWanderer", ['index']=244, ['level']=83},
    [16851184] = {['id']=16851184, ['name']="Seether", ['index']=240, ['level']=37},
    [16851199] = {['id']=16851199, ['name']="Wanderer", ['index']=255, ['level']=32},
    [16851233] = {['id']=16851233, ['name']="Gorger", ['index']=289, ['level']=39},
    [16851200] = {['id']=16851200, ['name']="Seether", ['index']=256, ['level']=37},
    [16851201] = {['id']=16851201, ['name']="Weeper", ['index']=257, ['level']=35},
    [16851198] = {['id']=16851198, ['name']="IdleWanderer", ['index']=254, ['level']=84},
    [16851197] = {['id']=16851197, ['name']="LividSeether", ['index']=253, ['level']=84},
    [16851196] = {['id']=16851196, ['name']="LividSeether", ['index']=252, ['level']=84},
    [16851189] = {['id']=16851189, ['name']="IdleWanderer", ['index']=245, ['level']=84},
    [16851195] = {['id']=16851195, ['name']="IdleWanderer", ['index']=251, ['level']=84},
    [16851190] = {['id']=16851190, ['name']="IdleWanderer", ['index']=246, ['level']=84},
    [16851191] = {['id']=16851191, ['name']="IdleWanderer", ['index']=247, ['level']=83},
    [16851192] = {['id']=16851192, ['name']="IdleWanderer", ['index']=248, ['level']=84},
    [16851194] = {['id']=16851194, ['name']="LividSeether", ['index']=250, ['level']=84},
    [16851193] = {['id']=16851193, ['name']="IdleWanderer", ['index']=249, ['level']=83},
    [16851186] = {['id']=16851186, ['name']="IdleWanderer", ['index']=242, ['level']=83},
    [16851221] = {['id']=16851221, ['name']="Wanderer", ['index']=277, ['level']=33},
    [16851222] = {['id']=16851222, ['name']="Weeper", ['index']=278, ['level']=35},
    [16851223] = {['id']=16851223, ['name']="Weeper", ['index']=279, ['level']=33},
    [16851224] = {['id']=16851224, ['name']="Seether", ['index']=280, ['level']=36},
    [16851226] = {['id']=16851226, ['name']="Weeper", ['index']=282, ['level']=34},
    [16851239] = {['id']=16851239, ['name']="Gorger", ['index']=295, ['level']=37},
    [16851228] = {['id']=16851228, ['name']="Weeper", ['index']=284, ['level']=33},
    [16851229] = {['id']=16851229, ['name']="Seether", ['index']=285, ['level']=36},
    [16851227] = {['id']=16851227, ['name']="Weeper", ['index']=283, ['level']=35},
    [16851230] = {['id']=16851230, ['name']="Seether", ['index']=286, ['level']=35},
    [16851231] = {['id']=16851231, ['name']="Wanderer", ['index']=287, ['level']=32},
    [16851241] = {['id']=16851241, ['name']="Gorger", ['index']=297, ['level']=37},
    [16851225] = {['id']=16851225, ['name']="Weeper", ['index']=281, ['level']=34},
    [16851215] = {['id']=16851215, ['name']="Seether", ['index']=271, ['level']=35},
    [16851214] = {['id']=16851214, ['name']="Wanderer", ['index']=270, ['level']=31},
    [16851208] = {['id']=16851208, ['name']="Weeper", ['index']=264, ['level']=33},
    [16851207] = {['id']=16851207, ['name']="Seether", ['index']=263, ['level']=37},
    [16851212] = {['id']=16851212, ['name']="Wanderer", ['index']=268, ['level']=32},
    [16851213] = {['id']=16851213, ['name']="Weeper", ['index']=269, ['level']=33},
    [16851211] = {['id']=16851211, ['name']="Seether", ['index']=267, ['level']=37},
    [16851204] = {['id']=16851204, ['name']="Seether", ['index']=260, ['level']=37},
    [16851206] = {['id']=16851206, ['name']="Weeper", ['index']=262, ['level']=34},
    [16851205] = {['id']=16851205, ['name']="Weeper", ['index']=261, ['level']=34},
    [16851210] = {['id']=16851210, ['name']="Seether", ['index']=266, ['level']=36},
    [16851209] = {['id']=16851209, ['name']="Wanderer", ['index']=265, ['level']=32},
    [16851203] = {['id']=16851203, ['name']="Seether", ['index']=259, ['level']=36},
    [16851202] = {['id']=16851202, ['name']="Weeper", ['index']=258, ['level']=33},
    [16851243] = {['id']=16851243, ['name']="IdleWanderer", ['index']=299, ['level']=84},
    [16851245] = {['id']=16851245, ['name']="IdleWanderer", ['index']=301, ['level']=84},
    [16851242] = {['id']=16851242, ['name']="IdleWanderer", ['index']=298, ['level']=83},
    [16851246] = {['id']=16851246, ['name']="LividSeether", ['index']=302, ['level']=84},
    [16851244] = {['id']=16851244, ['name']="IdleWanderer", ['index']=300, ['level']=84},
    [16851247] = {['id']=16851247, ['name']="IdleWanderer", ['index']=303, ['level']=83},
    [16851249] = {['id']=16851249, ['name']="IdleWanderer", ['index']=305, ['level']=84},
    [16851253] = {['id']=16851253, ['name']="IdleWanderer", ['index']=309, ['level']=84},
    [16851252] = {['id']=16851252, ['name']="LividSeether", ['index']=308, ['level']=83},
    [16851254] = {['id']=16851254, ['name']="IdleWanderer", ['index']=310, ['level']=84},
    [16851251] = {['id']=16851251, ['name']="IdleWanderer", ['index']=307, ['level']=84},
    [16851248] = {['id']=16851248, ['name']="IdleWanderer", ['index']=304, ['level']=83},
    [16851250] = {['id']=16851250, ['name']="IdleWanderer", ['index']=306, ['level']=84},
    [16851220] = {['id']=16851220, ['name']="Weeper", ['index']=276, ['level']=34},
    [16851255] = {['id']=16851255, ['name']="IdleWanderer", ['index']=311, ['level']=83},
    [16851219] = {['id']=16851219, ['name']="Weeper", ['index']=275, ['level']=33},
    [16851257] = {['id']=16851257, ['name']="LividSeether", ['index']=313, ['level']=83},
    [16851256] = {['id']=16851256, ['name']="IdleWanderer", ['index']=312, ['level']=83},
    [16851236] = {['id']=16851236, ['name']="Gorger", ['index']=292, ['level']=39},
    [16851218] = {['id']=16851218, ['name']="Weeper", ['index']=274, ['level']=33},
    [16851217] = {['id']=16851217, ['name']="Weeper", ['index']=273, ['level']=35},
    [16851216] = {['id']=16851216, ['name']="Seether", ['index']=272, ['level']=35},
