    [16867334] = {['id']=16867334, ['name']="Wanderer", ['index']=6, ['level']=46},
    [16867335] = {['id']=16867335, ['name']="Wanderer", ['index']=7, ['level']=46},
    [16867339] = {['id']=16867339, ['name']="Wanderer", ['index']=11, ['level']=48},
    [16867340] = {['id']=16867340, ['name']="Wanderer", ['index']=12, ['level']=48},
    [16867338] = {['id']=16867338, ['name']="Wanderer", ['index']=10, ['level']=47},
    [16867336] = {['id']=16867336, ['name']="Weeper", ['index']=8, ['level']=48},
    [16867337] = {['id']=16867337, ['name']="Wanderer", ['index']=9, ['level']=46},
    [16867378] = {['id']=16867378, ['name']="Thinker", ['index']=50, ['level']=54},
    [16867387] = {['id']=16867387, ['name']="MemoryReceptac", ['index']=59, ['level']=50},
    [16867386] = {['id']=16867386, ['name']="", ['index']=58, ['level']=1},
    [16867390] = {['id']=16867390, ['name']="Stray", ['index']=62, ['level']=39},
    [16867388] = {['id']=16867388, ['name']="Stray", ['index']=60, ['level']=39},
    [16867389] = {['id']=16867389, ['name']="Stray", ['index']=61, ['level']=40},
    [16867341] = {['id']=16867341, ['name']="Wanderer", ['index']=13, ['level']=47},
    [16867342] = {['id']=16867342, ['name']="IdleWanderer", ['index']=14, ['level']=84},
    [16867344] = {['id']=16867344, ['name']="IdleWanderer", ['index']=16, ['level']=85},
    [16867343] = {['id']=16867343, ['name']="IdleWanderer", ['index']=15, ['level']=84},
    [16867345] = {['id']=16867345, ['name']="IdleWanderer", ['index']=17, ['level']=84},
    [16867349] = {['id']=16867349, ['name']="IdleWanderer", ['index']=21, ['level']=85},
    [16867348] = {['id']=16867348, ['name']="IdleWanderer", ['index']=20, ['level']=85},
    [16867346] = {['id']=16867346, ['name']="IdleWanderer", ['index']=18, ['level']=84},
    [16867347] = {['id']=16867347, ['name']="IdleWanderer", ['index']=19, ['level']=85},
    [16867351] = {['id']=16867351, ['name']="IdleWanderer", ['index']=23, ['level']=85},
    [16867376] = {['id']=16867376, ['name']="Gorger", ['index']=48, ['level']=54},
    [16867352] = {['id']=16867352, ['name']="IdleWanderer", ['index']=24, ['level']=84},
    [16867350] = {['id']=16867350, ['name']="IdleWanderer", ['index']=22, ['level']=84},
    [16867353] = {['id']=16867353, ['name']="IdleWanderer", ['index']=25, ['level']=84},
    [16867358] = {['id']=16867358, ['name']="IdleWanderer", ['index']=30, ['level']=85},
    [16867355] = {['id']=16867355, ['name']="IdleWanderer", ['index']=27, ['level']=85},
    [16867361] = {['id']=16867361, ['name']="Wanderer", ['index']=33, ['level']=47},
    [16867354] = {['id']=16867354, ['name']="IdleWanderer", ['index']=26, ['level']=85},
    [16867356] = {['id']=16867356, ['name']="IdleWanderer", ['index']=28, ['level']=85},
    [16867357] = {['id']=16867357, ['name']="IdleWanderer", ['index']=29, ['level']=84},
    [16867359] = {['id']=16867359, ['name']="IdleWanderer", ['index']=31, ['level']=84},
    [16867360] = {['id']=16867360, ['name']="IdleWanderer", ['index']=32, ['level']=85},
    [16867363] = {['id']=16867363, ['name']="Wanderer", ['index']=35, ['level']=47},
    [16867364] = {['id']=16867364, ['name']="Weeper", ['index']=36, ['level']=50},
    [16867365] = {['id']=16867365, ['name']="Wanderer", ['index']=37, ['level']=48},
    [16867374] = {['id']=16867374, ['name']="Wanderer", ['index']=46, ['level']=46},
    [16867372] = {['id']=16867372, ['name']="Wanderer", ['index']=44, ['level']=48},
    [16867371] = {['id']=16867371, ['name']="Weeper", ['index']=43, ['level']=48},
    [16867369] = {['id']=16867369, ['name']="Wanderer", ['index']=41, ['level']=48},
    [16867373] = {['id']=16867373, ['name']="Weeper", ['index']=45, ['level']=49},
    [16867384] = {['id']=16867384, ['name']="Stray", ['index']=56, ['level']=40},
    [16867370] = {['id']=16867370, ['name']="Wanderer", ['index']=42, ['level']=46},
    [16867366] = {['id']=16867366, ['name']="Weeper", ['index']=38, ['level']=48},
    [16867368] = {['id']=16867368, ['name']="Weeper", ['index']=40, ['level']=48},
    [16867367] = {['id']=16867367, ['name']="Wanderer", ['index']=39, ['level']=47},
    [16867391] = {['id']=16867391, ['name']="Weeper", ['index']=63, ['level']=48},
    [16867392] = {['id']=16867392, ['name']="Wanderer", ['index']=64, ['level']=47},
    [16867393] = {['id']=16867393, ['name']="Weeper", ['index']=65, ['level']=50},
    [16867394] = {['id']=16867394, ['name']="Weeper", ['index']=66, ['level']=48},
    [16867401] = {['id']=16867401, ['name']="IdleWanderer", ['index']=73, ['level']=85},
    [16867403] = {['id']=16867403, ['name']="LividSeether", ['index']=75, ['level']=86},
    [16867402] = {['id']=16867402, ['name']="IdleWanderer", ['index']=74, ['level']=85},
    [16867404] = {['id']=16867404, ['name']="IdleWanderer", ['index']=76, ['level']=85},
    [16867396] = {['id']=16867396, ['name']="Wanderer", ['index']=68, ['level']=48},
    [16867422] = {['id']=16867422, ['name']="Gorger", ['index']=94, ['level']=54},
    [16867406] = {['id']=16867406, ['name']="IdleWanderer", ['index']=78, ['level']=85},
    [16867407] = {['id']=16867407, ['name']="LividSeether", ['index']=79, ['level']=86},
    [16867405] = {['id']=16867405, ['name']="IdleWanderer", ['index']=77, ['level']=85},
    [16867408] = {['id']=16867408, ['name']="Wanderer", ['index']=80, ['level']=48},
    [16867410] = {['id']=16867410, ['name']="Weeper", ['index']=82, ['level']=49},
    [16867409] = {['id']=16867409, ['name']="Weeper", ['index']=81, ['level']=48},
    [16867399] = {['id']=16867399, ['name']="Wanderer", ['index']=71, ['level']=48},
    [16867400] = {['id']=16867400, ['name']="Weeper", ['index']=72, ['level']=48},
    [16867398] = {['id']=16867398, ['name']="Wanderer", ['index']=70, ['level']=48},
    [16867397] = {['id']=16867397, ['name']="Seether", ['index']=69, ['level']=52},
    [16867411] = {['id']=16867411, ['name']="Weeper", ['index']=83, ['level']=50},
    [16867412] = {['id']=16867412, ['name']="Weeper", ['index']=84, ['level']=49},
    [16867414] = {['id']=16867414, ['name']="Weeper", ['index']=86, ['level']=48},
    [16867415] = {['id']=16867415, ['name']="Weeper", ['index']=87, ['level']=50},
    [16867418] = {['id']=16867418, ['name']="Wanderer", ['index']=90, ['level']=46},
    [16867420] = {['id']=16867420, ['name']="Seether", ['index']=92, ['level']=52},
    [16867426] = {['id']=16867426, ['name']="Craver", ['index']=98, ['level']=52},
    [16867427] = {['id']=16867427, ['name']="Seether", ['index']=99, ['level']=52},
    [16867429] = {['id']=16867429, ['name']="MemoryReceptac", ['index']=101, ['level']=50},
    [16867430] = {['id']=16867430, ['name']="Stray", ['index']=102, ['level']=42},
    [16867431] = {['id']=16867431, ['name']="Stray", ['index']=103, ['level']=42},
    [16867432] = {['id']=16867432, ['name']="Stray", ['index']=104, ['level']=41},
    [16867433] = {['id']=16867433, ['name']="Stray", ['index']=105, ['level']=41},
    [16867434] = {['id']=16867434, ['name']="Stray", ['index']=106, ['level']=41},
    [16867436] = {['id']=16867436, ['name']="MemoryReceptac", ['index']=108, ['level']=50},
    [16867437] = {['id']=16867437, ['name']="Stray", ['index']=109, ['level']=42},
    [16867438] = {['id']=16867438, ['name']="Stray", ['index']=110, ['level']=41},
    [16867439] = {['id']=16867439, ['name']="Stray", ['index']=111, ['level']=42},
    [16867440] = {['id']=16867440, ['name']="Stray", ['index']=112, ['level']=41},
    [16867441] = {['id']=16867441, ['name']="Stray", ['index']=113, ['level']=41},
    [16867442] = {['id']=16867442, ['name']="Wanderer", ['index']=114, ['level']=52},
    [16867443] = {['id']=16867443, ['name']="Weeper", ['index']=115, ['level']=54},
    [16867490] = {['id']=16867490, ['name']="Thinker", ['index']=162, ['level']=57},
    [16867492] = {['id']=16867492, ['name']="Craver", ['index']=164, ['level']=56},
    [16867445] = {['id']=16867445, ['name']="Wanderer", ['index']=117, ['level']=51},
    [16867447] = {['id']=16867447, ['name']="Weeper", ['index']=119, ['level']=52},
    [16867444] = {['id']=16867444, ['name']="Seether", ['index']=116, ['level']=54},
    [16867446] = {['id']=16867446, ['name']="Wanderer", ['index']=118, ['level']=51},
    [16867462] = {['id']=16867462, ['name']="Weeper", ['index']=134, ['level']=52},
    [16867460] = {['id']=16867460, ['name']="Seether", ['index']=132, ['level']=54},
    [16867461] = {['id']=16867461, ['name']="Weeper", ['index']=133, ['level']=54},
    [16867463] = {['id']=16867463, ['name']="Weeper", ['index']=135, ['level']=53},
    [16867467] = {['id']=16867467, ['name']="Weeper", ['index']=139, ['level']=54},
    [16867487] = {['id']=16867487, ['name']="Thinker", ['index']=159, ['level']=58},
    [16867464] = {['id']=16867464, ['name']="Seether", ['index']=136, ['level']=56},
    [16867465] = {['id']=16867465, ['name']="Wanderer", ['index']=137, ['level']=50},
    [16867466] = {['id']=16867466, ['name']="Weeper", ['index']=138, ['level']=54},
    [16867468] = {['id']=16867468, ['name']="Wanderer", ['index']=140, ['level']=52},
    [16867470] = {['id']=16867470, ['name']="Weeper", ['index']=142, ['level']=52},
    [16867469] = {['id']=16867469, ['name']="Seether", ['index']=141, ['level']=54},
    [16867515] = {['id']=16867515, ['name']="MemoryReceptac", ['index']=187, ['level']=50},
    [16867505] = {['id']=16867505, ['name']="Stray", ['index']=177, ['level']=44},
    [16867516] = {['id']=16867516, ['name']="Stray", ['index']=188, ['level']=44},
    [16867517] = {['id']=16867517, ['name']="Stray", ['index']=189, ['level']=44},
    [16867518] = {['id']=16867518, ['name']="Stray", ['index']=190, ['level']=43},
    [16867519] = {['id']=16867519, ['name']="Stray", ['index']=191, ['level']=43},
    [16867520] = {['id']=16867520, ['name']="Stray", ['index']=192, ['level']=44},
    [16867502] = {['id']=16867502, ['name']="Stray", ['index']=174, ['level']=43},
    [16867481] = {['id']=16867481, ['name']="Seether", ['index']=153, ['level']=56},
    [16867504] = {['id']=16867504, ['name']="Stray", ['index']=176, ['level']=44},
    [16867501] = {['id']=16867501, ['name']="MemoryReceptac", ['index']=173, ['level']=50},
    [16867500] = {['id']=16867500, ['name']="", ['index']=172, ['level']=1},
    [16867503] = {['id']=16867503, ['name']="Stray", ['index']=175, ['level']=44},
    [16867506] = {['id']=16867506, ['name']="Stray", ['index']=178, ['level']=43},
    [16867483] = {['id']=16867483, ['name']="Weeper", ['index']=155, ['level']=54},
    [16867482] = {['id']=16867482, ['name']="Seether", ['index']=154, ['level']=56},
    [16867485] = {['id']=16867485, ['name']="Gorger", ['index']=157, ['level']=58},
    [16867480] = {['id']=16867480, ['name']="Weeper", ['index']=152, ['level']=53},
    [16867475] = {['id']=16867475, ['name']="Seether", ['index']=147, ['level']=54},
    [16867477] = {['id']=16867477, ['name']="Weeper", ['index']=149, ['level']=54},
    [16867476] = {['id']=16867476, ['name']="Wanderer", ['index']=148, ['level']=50},
    [16867499] = {['id']=16867499, ['name']="Stray", ['index']=171, ['level']=43},
    [16867495] = {['id']=16867495, ['name']="Stray", ['index']=167, ['level']=43},
    [16867498] = {['id']=16867498, ['name']="Stray", ['index']=170, ['level']=44},
    [16867497] = {['id']=16867497, ['name']="Stray", ['index']=169, ['level']=43},
    [16867496] = {['id']=16867496, ['name']="Stray", ['index']=168, ['level']=44},
    [16867478] = {['id']=16867478, ['name']="Weeper", ['index']=150, ['level']=53},
    [16867473] = {['id']=16867473, ['name']="Wanderer", ['index']=145, ['level']=52},
    [16867458] = {['id']=16867458, ['name']="Weeper", ['index']=130, ['level']=54},
    [16867472] = {['id']=16867472, ['name']="Wanderer", ['index']=144, ['level']=52},
    [16867471] = {['id']=16867471, ['name']="Weeper", ['index']=143, ['level']=53},
    [16867488] = {['id']=16867488, ['name']="Gorger", ['index']=160, ['level']=58},
    [16867456] = {['id']=16867456, ['name']="Wanderer", ['index']=128, ['level']=51},
    [16867489] = {['id']=16867489, ['name']="Craver", ['index']=161, ['level']=56},
    [16867457] = {['id']=16867457, ['name']="Wanderer", ['index']=129, ['level']=52},
    [16867451] = {['id']=16867451, ['name']="Seether", ['index']=123, ['level']=54},
    [16867491] = {['id']=16867491, ['name']="Gorger", ['index']=163, ['level']=57},
    [16867448] = {['id']=16867448, ['name']="Seether", ['index']=120, ['level']=55},
    [16867450] = {['id']=16867450, ['name']="Weeper", ['index']=122, ['level']=53},
    [16867449] = {['id']=16867449, ['name']="Weeper", ['index']=121, ['level']=52},
    [16867452] = {['id']=16867452, ['name']="Wanderer", ['index']=124, ['level']=51},
    [16867521] = {['id']=16867521, ['name']="Wanderer", ['index']=193, ['level']=50},
    [16867579] = {['id']=16867579, ['name']="Thinker", ['index']=251, ['level']=58},
    [16867580] = {['id']=16867580, ['name']="Gorger", ['index']=252, ['level']=56},
    [16867522] = {['id']=16867522, ['name']="Weeper", ['index']=194, ['level']=53},
    [16867578] = {['id']=16867578, ['name']="Craver", ['index']=250, ['level']=58},
    [16867528] = {['id']=16867528, ['name']="Wanderer", ['index']=200, ['level']=51},
    [16867575] = {['id']=16867575, ['name']="Craver", ['index']=247, ['level']=56},
    [16867555] = {['id']=16867555, ['name']="IdleWanderer", ['index']=227, ['level']=84},
    [16867530] = {['id']=16867530, ['name']="Weeper", ['index']=202, ['level']=54},
    [16867529] = {['id']=16867529, ['name']="Wanderer", ['index']=201, ['level']=51},
    [16867533] = {['id']=16867533, ['name']="Seether", ['index']=205, ['level']=55},
    [16867531] = {['id']=16867531, ['name']="Weeper", ['index']=203, ['level']=54},
    [16867534] = {['id']=16867534, ['name']="Weeper", ['index']=206, ['level']=54},
    [16867535] = {['id']=16867535, ['name']="Seether", ['index']=207, ['level']=56},
    [16867592] = {['id']=16867592, ['name']="Stray", ['index']=264, ['level']=46},
    [16867589] = {['id']=16867589, ['name']="Stray", ['index']=261, ['level']=46},
    [16867591] = {['id']=16867591, ['name']="Stray", ['index']=263, ['level']=46},
    [16867588] = {['id']=16867588, ['name']="Stray", ['index']=260, ['level']=46},
    [16867587] = {['id']=16867587, ['name']="Stray", ['index']=259, ['level']=46},
    [16867585] = {['id']=16867585, ['name']="", ['index']=257, ['level']=1},
    [16867586] = {['id']=16867586, ['name']="MemoryReceptac", ['index']=258, ['level']=50},
    [16867593] = {['id']=16867593, ['name']="Stray", ['index']=265, ['level']=45},
    [16867590] = {['id']=16867590, ['name']="Stray", ['index']=262, ['level']=45},
    [16867524] = {['id']=16867524, ['name']="Wanderer", ['index']=196, ['level']=52},
    [16867527] = {['id']=16867527, ['name']="Seether", ['index']=199, ['level']=55},
    [16867537] = {['id']=16867537, ['name']="Weeper", ['index']=209, ['level']=53},
    [16867536] = {['id']=16867536, ['name']="Wanderer", ['index']=208, ['level']=52},
    [16867583] = {['id']=16867583, ['name']="Gorger", ['index']=255, ['level']=58},
    [16867556] = {['id']=16867556, ['name']="IdleWanderer", ['index']=228, ['level']=84},
    [16867557] = {['id']=16867557, ['name']="IdleWanderer", ['index']=229, ['level']=84},
    [16867558] = {['id']=16867558, ['name']="IdleWanderer", ['index']=230, ['level']=85},
    [16867554] = {['id']=16867554, ['name']="IdleWanderer", ['index']=226, ['level']=85},
    [16867523] = {['id']=16867523, ['name']="Weeper", ['index']=195, ['level']=54},
    [16867525] = {['id']=16867525, ['name']="Weeper", ['index']=197, ['level']=53},
    [16867526] = {['id']=16867526, ['name']="Weeper", ['index']=198, ['level']=54},
    [16867538] = {['id']=16867538, ['name']="Seether", ['index']=210, ['level']=55},
    [16867539] = {['id']=16867539, ['name']="Wanderer", ['index']=211, ['level']=50},
    [16867540] = {['id']=16867540, ['name']="Weeper", ['index']=212, ['level']=53},
    [16867541] = {['id']=16867541, ['name']="Weeper", ['index']=213, ['level']=53},
    [16867542] = {['id']=16867542, ['name']="Seether", ['index']=214, ['level']=56},
    [16867546] = {['id']=16867546, ['name']="Weeper", ['index']=218, ['level']=52},
    [16867547] = {['id']=16867547, ['name']="Seether", ['index']=219, ['level']=56},
    [16867548] = {['id']=16867548, ['name']="Seether", ['index']=220, ['level']=55},
    [16867549] = {['id']=16867549, ['name']="Weeper", ['index']=221, ['level']=53},
    [16867550] = {['id']=16867550, ['name']="Weeper", ['index']=222, ['level']=53},
    [16867553] = {['id']=16867553, ['name']="Wanderer", ['index']=225, ['level']=52},
    [16867559] = {['id']=16867559, ['name']="IdleWanderer", ['index']=231, ['level']=85},
    [16867561] = {['id']=16867561, ['name']="IdleWanderer", ['index']=233, ['level']=84},
    [16867562] = {['id']=16867562, ['name']="IdleWanderer", ['index']=234, ['level']=84},
    [16867563] = {['id']=16867563, ['name']="IdleWanderer", ['index']=235, ['level']=85},
    [16867564] = {['id']=16867564, ['name']="IdleWanderer", ['index']=236, ['level']=85},
    [16867565] = {['id']=16867565, ['name']="WoefulWeeper", ['index']=237, ['level']=86},
    [16867566] = {['id']=16867566, ['name']="IdleWanderer", ['index']=238, ['level']=85},
    [16867567] = {['id']=16867567, ['name']="IdleWanderer", ['index']=239, ['level']=85},
    [16867568] = {['id']=16867568, ['name']="IdleWanderer", ['index']=240, ['level']=84},
    [16867581] = {['id']=16867581, ['name']="Craver", ['index']=253, ['level']=56},
    [16867582] = {['id']=16867582, ['name']="Thinker", ['index']=254, ['level']=56},
    [16867584] = {['id']=16867584, ['name']="Craver", ['index']=256, ['level']=57},
    [16867570] = {['id']=16867570, ['name']="Wanderer", ['index']=242, ['level']=52},
    [16867571] = {['id']=16867571, ['name']="Wanderer", ['index']=243, ['level']=50},
    [16867595] = {['id']=16867595, ['name']="MemoryReceptac", ['index']=267, ['level']=50},
    [16867596] = {['id']=16867596, ['name']="Stray", ['index']=268, ['level']=46},
    [16867597] = {['id']=16867597, ['name']="Stray", ['index']=269, ['level']=45},
    [16867615] = {['id']=16867615, ['name']="Weeper", ['index']=287, ['level']=53},
    [16867613] = {['id']=16867613, ['name']="Wanderer", ['index']=285, ['level']=51},
    [16867612] = {['id']=16867612, ['name']="Seether", ['index']=284, ['level']=54},
    [16867614] = {['id']=16867614, ['name']="Weeper", ['index']=286, ['level']=53},
    [16867618] = {['id']=16867618, ['name']="Weeper", ['index']=290, ['level']=54},
    [16867616] = {['id']=16867616, ['name']="Wanderer", ['index']=288, ['level']=52},
    [16867617] = {['id']=16867617, ['name']="Weeper", ['index']=289, ['level']=53},
    [16867619] = {['id']=16867619, ['name']="Seether", ['index']=291, ['level']=55},
    [16867621] = {['id']=16867621, ['name']="Weeper", ['index']=293, ['level']=53},
    [16867620] = {['id']=16867620, ['name']="Weeper", ['index']=292, ['level']=54},
    [16867622] = {['id']=16867622, ['name']="Wanderer", ['index']=294, ['level']=51},
    [16867623] = {['id']=16867623, ['name']="Wanderer", ['index']=295, ['level']=51},
    [16867624] = {['id']=16867624, ['name']="Wanderer", ['index']=296, ['level']=50},
    [16867626] = {['id']=16867626, ['name']="Weeper", ['index']=298, ['level']=54},
    [16867625] = {['id']=16867625, ['name']="Seether", ['index']=297, ['level']=56},
    [16867628] = {['id']=16867628, ['name']="Wanderer", ['index']=300, ['level']=50},
    [16867636] = {['id']=16867636, ['name']="Seether", ['index']=308, ['level']=54},
    [16867637] = {['id']=16867637, ['name']="Weeper", ['index']=309, ['level']=54},
    [16867638] = {['id']=16867638, ['name']="Weeper", ['index']=310, ['level']=53},
    [16867655] = {['id']=16867655, ['name']="IdleWanderer", ['index']=327, ['level']=84},
    [16867656] = {['id']=16867656, ['name']="IdleWanderer", ['index']=328, ['level']=84},
    [16867657] = {['id']=16867657, ['name']="WoefulWeeper", ['index']=329, ['level']=86},
    [16867658] = {['id']=16867658, ['name']="IdleWanderer", ['index']=330, ['level']=85},
    [16867659] = {['id']=16867659, ['name']="IdleWanderer", ['index']=331, ['level']=85},
    [16867660] = {['id']=16867660, ['name']="IdleWanderer", ['index']=332, ['level']=85},
    [16867661] = {['id']=16867661, ['name']="IdleWanderer", ['index']=333, ['level']=85},
    [16867662] = {['id']=16867662, ['name']="IdleWanderer", ['index']=334, ['level']=84},
    [16867663] = {['id']=16867663, ['name']="IdleWanderer", ['index']=335, ['level']=84},
    [16867664] = {['id']=16867664, ['name']="IdleWanderer", ['index']=336, ['level']=85},
    [16867665] = {['id']=16867665, ['name']="WoefulWeeper", ['index']=337, ['level']=86},
    [16867666] = {['id']=16867666, ['name']="LividSeether", ['index']=338, ['level']=86},
    [16867667] = {['id']=16867667, ['name']="IdleWanderer", ['index']=339, ['level']=85},
    [16867668] = {['id']=16867668, ['name']="IdleWanderer", ['index']=340, ['level']=84},
    [16867669] = {['id']=16867669, ['name']="IdleWanderer", ['index']=341, ['level']=85},
    [16867670] = {['id']=16867670, ['name']="LividSeether", ['index']=342, ['level']=85},
    [16867672] = {['id']=16867672, ['name']="Gorger", ['index']=344, ['level']=58},
    [16867676] = {['id']=16867676, ['name']="Craver", ['index']=348, ['level']=57},
    [16867682] = {['id']=16867682, ['name']="Craver", ['index']=354, ['level']=58},
    [16867646] = {['id']=16867646, ['name']="Weeper", ['index']=318, ['level']=53},
    [16867654] = {['id']=16867654, ['name']="Weeper", ['index']=326, ['level']=54},
    [16867652] = {['id']=16867652, ['name']="Weeper", ['index']=324, ['level']=54},
    [16867647] = {['id']=16867647, ['name']="Wanderer", ['index']=319, ['level']=51},
    [16867683] = {['id']=16867683, ['name']="Gorger", ['index']=355, ['level']=57},
    [16867649] = {['id']=16867649, ['name']="Seether", ['index']=321, ['level']=54},
    [16867651] = {['id']=16867651, ['name']="Weeper", ['index']=323, ['level']=52},
    [16867650] = {['id']=16867650, ['name']="Wanderer", ['index']=322, ['level']=51},
    [16867648] = {['id']=16867648, ['name']="Weeper", ['index']=320, ['level']=54},
    [16867684] = {['id']=16867684, ['name']="Craver", ['index']=356, ['level']=57},
    [16867641] = {['id']=16867641, ['name']="Weeper", ['index']=313, ['level']=53},
