    [16842777] = {['id']=16842777, ['name']="IdleWanderer", ['index']=25, ['level']=83},
    [16842778] = {['id']=16842778, ['name']="IdleWanderer", ['index']=26, ['level']=84},
    [16842776] = {['id']=16842776, ['name']="IdleWanderer", ['index']=24, ['level']=83},
    [16842775] = {['id']=16842775, ['name']="IdleWanderer", ['index']=23, ['level']=83},
    [16842754] = {['id']=16842754, ['name']="Wanderer", ['index']=2, ['level']=24},
    [16842753] = {['id']=16842753, ['name']="Wanderer", ['index']=1, ['level']=22},
    [16842755] = {['id']=16842755, ['name']="Weeper", ['index']=3, ['level']=26},
    [16842779] = {['id']=16842779, ['name']="Thinker", ['index']=27, ['level']=28},
    [16842757] = {['id']=16842757, ['name']="Wanderer", ['index']=5, ['level']=23},
    [16842756] = {['id']=16842756, ['name']="Wanderer", ['index']=4, ['level']=24},
    [16842758] = {['id']=16842758, ['name']="Weeper", ['index']=6, ['level']=26},
    [16842764] = {['id']=16842764, ['name']="Weeper", ['index']=12, ['level']=24},
    [16842761] = {['id']=16842761, ['name']="Wanderer", ['index']=9, ['level']=23},
    [16842763] = {['id']=16842763, ['name']="Weeper", ['index']=11, ['level']=24},
    [16842760] = {['id']=16842760, ['name']="Wanderer", ['index']=8, ['level']=22},
    [16842759] = {['id']=16842759, ['name']="Wanderer", ['index']=7, ['level']=24},
    [16842762] = {['id']=16842762, ['name']="Weeper", ['index']=10, ['level']=25},
    [16842768] = {['id']=16842768, ['name']="IdleWanderer", ['index']=16, ['level']=84},
    [16842765] = {['id']=16842765, ['name']="IdleWanderer", ['index']=13, ['level']=83},
    [16842766] = {['id']=16842766, ['name']="IdleWanderer", ['index']=14, ['level']=84},
    [16842767] = {['id']=16842767, ['name']="IdleWanderer", ['index']=15, ['level']=84},
    [16842784] = {['id']=16842784, ['name']="Stray", ['index']=32, ['level']=21},
    [16842770] = {['id']=16842770, ['name']="IdleWanderer", ['index']=18, ['level']=83},
    [16842771] = {['id']=16842771, ['name']="IdleWanderer", ['index']=19, ['level']=83},
    [16842772] = {['id']=16842772, ['name']="IdleWanderer", ['index']=20, ['level']=84},
    [16842774] = {['id']=16842774, ['name']="IdleWanderer", ['index']=22, ['level']=84},
    [16842769] = {['id']=16842769, ['name']="IdleWanderer", ['index']=17, ['level']=84},
    [16842773] = {['id']=16842773, ['name']="IdleWanderer", ['index']=21, ['level']=84},
    [16842783] = {['id']=16842783, ['name']="Stray", ['index']=31, ['level']=21},
    [16842781] = {['id']=16842781, ['name']="MemoryReceptac", ['index']=29, ['level']=30},
    [16842780] = {['id']=16842780, ['name']="", ['index']=28, ['level']=1},
    [16842782] = {['id']=16842782, ['name']="Stray", ['index']=30, ['level']=21},
    [16842827] = {['id']=16842827, ['name']="Wanderer", ['index']=75, ['level']=27},
    [16842785] = {['id']=16842785, ['name']="Wanderer", ['index']=33, ['level']=28},
    [16842795] = {['id']=16842795, ['name']="Wanderer", ['index']=43, ['level']=26},
    [16842786] = {['id']=16842786, ['name']="Wanderer", ['index']=34, ['level']=27},
    [16842796] = {['id']=16842796, ['name']="Wanderer", ['index']=44, ['level']=28},
    [16842799] = {['id']=16842799, ['name']="Wanderer", ['index']=47, ['level']=26},
    [16842797] = {['id']=16842797, ['name']="Thinker", ['index']=45, ['level']=33},
    [16842794] = {['id']=16842794, ['name']="Wanderer", ['index']=42, ['level']=26},
    [16842798] = {['id']=16842798, ['name']="Wanderer", ['index']=46, ['level']=26},
    [16842789] = {['id']=16842789, ['name']="Wanderer", ['index']=37, ['level']=27},
    [16842790] = {['id']=16842790, ['name']="Wanderer", ['index']=38, ['level']=28},
    [16842793] = {['id']=16842793, ['name']="Wanderer", ['index']=41, ['level']=28},
    [16842801] = {['id']=16842801, ['name']="Weeper", ['index']=49, ['level']=28},
    [16842791] = {['id']=16842791, ['name']="Weeper", ['index']=39, ['level']=28},
    [16842834] = {['id']=16842834, ['name']="Wanderer", ['index']=82, ['level']=27},
    [16842843] = {['id']=16842843, ['name']="Stray", ['index']=91, ['level']=23},
    [16842841] = {['id']=16842841, ['name']="Stray", ['index']=89, ['level']=23},
    [16842839] = {['id']=16842839, ['name']="MemoryReceptac", ['index']=87, ['level']=30},
    [16842838] = {['id']=16842838, ['name']="", ['index']=86, ['level']=1},
    [16842844] = {['id']=16842844, ['name']="Stray", ['index']=92, ['level']=24},
    [16842850] = {['id']=16842850, ['name']="Stray", ['index']=98, ['level']=23},
    [16842851] = {['id']=16842851, ['name']="Stray", ['index']=99, ['level']=24},
    [16842849] = {['id']=16842849, ['name']="Stray", ['index']=97, ['level']=23},
    [16842848] = {['id']=16842848, ['name']="Stray", ['index']=96, ['level']=23},
    [16842847] = {['id']=16842847, ['name']="Stray", ['index']=95, ['level']=23},
    [16842845] = {['id']=16842845, ['name']="", ['index']=93, ['level']=1},
    [16842846] = {['id']=16842846, ['name']="MemoryReceptac", ['index']=94, ['level']=30},
    [16842840] = {['id']=16842840, ['name']="Stray", ['index']=88, ['level']=23},
    [16842842] = {['id']=16842842, ['name']="Stray", ['index']=90, ['level']=23},
    [16842792] = {['id']=16842792, ['name']="Wanderer", ['index']=40, ['level']=28},
    [16842813] = {['id']=16842813, ['name']="IdleWanderer", ['index']=61, ['level']=84},
    [16842837] = {['id']=16842837, ['name']="Thinker", ['index']=85, ['level']=34},
    [16842816] = {['id']=16842816, ['name']="WoefulWeeper", ['index']=64, ['level']=83},
    [16842812] = {['id']=16842812, ['name']="IdleWanderer", ['index']=60, ['level']=83},
    [16842815] = {['id']=16842815, ['name']="IdleWanderer", ['index']=63, ['level']=84},
    [16842814] = {['id']=16842814, ['name']="IdleWanderer", ['index']=62, ['level']=84},
    [16842817] = {['id']=16842817, ['name']="IdleWanderer", ['index']=65, ['level']=83},
    [16842819] = {['id']=16842819, ['name']="IdleWanderer", ['index']=67, ['level']=84},
    [16842820] = {['id']=16842820, ['name']="WoefulWeeper", ['index']=68, ['level']=84},
    [16842818] = {['id']=16842818, ['name']="IdleWanderer", ['index']=66, ['level']=83},
    [16842822] = {['id']=16842822, ['name']="IdleWanderer", ['index']=70, ['level']=83},
    [16842823] = {['id']=16842823, ['name']="IdleWanderer", ['index']=71, ['level']=84},
    [16842821] = {['id']=16842821, ['name']="IdleWanderer", ['index']=69, ['level']=84},
    [16842788] = {['id']=16842788, ['name']="Weeper", ['index']=36, ['level']=28},
    [16842825] = {['id']=16842825, ['name']="IdleWanderer", ['index']=73, ['level']=84},
    [16842824] = {['id']=16842824, ['name']="IdleWanderer", ['index']=72, ['level']=83},
    [16842807] = {['id']=16842807, ['name']="Weeper", ['index']=55, ['level']=30},
    [16842805] = {['id']=16842805, ['name']="Weeper", ['index']=53, ['level']=28},
    [16842803] = {['id']=16842803, ['name']="Weeper", ['index']=51, ['level']=28},
    [16842804] = {['id']=16842804, ['name']="Seether", ['index']=52, ['level']=30},
    [16842828] = {['id']=16842828, ['name']="Weeper", ['index']=76, ['level']=28},
    [16842829] = {['id']=16842829, ['name']="Seether", ['index']=77, ['level']=31},
    [16842831] = {['id']=16842831, ['name']="Seether", ['index']=79, ['level']=32},
    [16842830] = {['id']=16842830, ['name']="Weeper", ['index']=78, ['level']=28},
    [16842836] = {['id']=16842836, ['name']="Thinker", ['index']=84, ['level']=34},
    [16842832] = {['id']=16842832, ['name']="Seether", ['index']=80, ['level']=32},
    [16842862] = {['id']=16842862, ['name']="Stray", ['index']=110, ['level']=23},
    [16842863] = {['id']=16842863, ['name']="Stray", ['index']=111, ['level']=24},
    [16842865] = {['id']=16842865, ['name']="Stray", ['index']=113, ['level']=23},
    [16842860] = {['id']=16842860, ['name']="MemoryReceptac", ['index']=108, ['level']=30},
    [16842859] = {['id']=16842859, ['name']="", ['index']=107, ['level']=1},
    [16842864] = {['id']=16842864, ['name']="Stray", ['index']=112, ['level']=23},
    [16842861] = {['id']=16842861, ['name']="Stray", ['index']=109, ['level']=24},
    [16842999] = {['id']=16842999, ['name']="Weeper", ['index']=247, ['level']=35},
    [16843000] = {['id']=16843000, ['name']="Weeper", ['index']=248, ['level']=33},
    [16842810] = {['id']=16842810, ['name']="Weeper", ['index']=58, ['level']=29},
    [16842809] = {['id']=16842809, ['name']="Wanderer", ['index']=57, ['level']=26},
    [16842811] = {['id']=16842811, ['name']="Weeper", ['index']=59, ['level']=30},
    [16842835] = {['id']=16842835, ['name']="Seether", ['index']=83, ['level']=32},
    [16842857] = {['id']=16842857, ['name']="Stray", ['index']=105, ['level']=24},
    [16842854] = {['id']=16842854, ['name']="Stray", ['index']=102, ['level']=23},
    [16842855] = {['id']=16842855, ['name']="Stray", ['index']=103, ['level']=24},
    [16842853] = {['id']=16842853, ['name']="MemoryReceptac", ['index']=101, ['level']=30},
    [16842852] = {['id']=16842852, ['name']="", ['index']=100, ['level']=1},
    [16842856] = {['id']=16842856, ['name']="Stray", ['index']=104, ['level']=24},
    [16842858] = {['id']=16842858, ['name']="Stray", ['index']=106, ['level']=24},
    [16842826] = {['id']=16842826, ['name']="IdleWanderer", ['index']=74, ['level']=84},
    [16842914] = {['id']=16842914, ['name']="Wanderer", ['index']=162, ['level']=31},
    [16842916] = {['id']=16842916, ['name']="Weeper", ['index']=164, ['level']=32},
    [16842915] = {['id']=16842915, ['name']="Weeper", ['index']=163, ['level']=31},
    [16842912] = {['id']=16842912, ['name']="Weeper", ['index']=160, ['level']=31},
    [16842930] = {['id']=16842930, ['name']="Weeper", ['index']=178, ['level']=32},
    [16842935] = {['id']=16842935, ['name']="Thinker", ['index']=183, ['level']=37},
    [16842926] = {['id']=16842926, ['name']="Weeper", ['index']=174, ['level']=33},
    [16842927] = {['id']=16842927, ['name']="Seether", ['index']=175, ['level']=33},
    [16842953] = {['id']=16842953, ['name']="Stray", ['index']=201, ['level']=27},
    [16842929] = {['id']=16842929, ['name']="Weeper", ['index']=177, ['level']=31},
    [16842952] = {['id']=16842952, ['name']="Stray", ['index']=200, ['level']=26},
    [16842947] = {['id']=16842947, ['name']="MemoryReceptac", ['index']=195, ['level']=30},
    [16842946] = {['id']=16842946, ['name']="", ['index']=194, ['level']=1},
    [16842949] = {['id']=16842949, ['name']="Stray", ['index']=197, ['level']=27},
    [16842931] = {['id']=16842931, ['name']="Wanderer", ['index']=179, ['level']=30},
    [16842951] = {['id']=16842951, ['name']="Stray", ['index']=199, ['level']=27},
    [16842948] = {['id']=16842948, ['name']="Stray", ['index']=196, ['level']=27},
    [16842954] = {['id']=16842954, ['name']="Stray", ['index']=202, ['level']=27},
    [16842950] = {['id']=16842950, ['name']="Stray", ['index']=198, ['level']=26},
    [16842932] = {['id']=16842932, ['name']="Weeper", ['index']=180, ['level']=32},
    [16842933] = {['id']=16842933, ['name']="Weeper", ['index']=181, ['level']=32},
    [16842934] = {['id']=16842934, ['name']="Weeper", ['index']=182, ['level']=31},
    [16842923] = {['id']=16842923, ['name']="Weeper", ['index']=171, ['level']=33},
    [16842936] = {['id']=16842936, ['name']="Thinker", ['index']=184, ['level']=35},
    [16842924] = {['id']=16842924, ['name']="Seether", ['index']=172, ['level']=33},
    [16842922] = {['id']=16842922, ['name']="Wanderer", ['index']=170, ['level']=31},
    [16842920] = {['id']=16842920, ['name']="Weeper", ['index']=168, ['level']=33},
    [16842919] = {['id']=16842919, ['name']="Weeper", ['index']=167, ['level']=32},
    [16842921] = {['id']=16842921, ['name']="Seether", ['index']=169, ['level']=33},
    [16842918] = {['id']=16842918, ['name']="Weeper", ['index']=166, ['level']=32},
    [16842917] = {['id']=16842917, ['name']="Wanderer", ['index']=165, ['level']=30},
    [16842925] = {['id']=16842925, ['name']="Seether", ['index']=173, ['level']=35},
    [16842940] = {['id']=16842940, ['name']="Stray", ['index']=188, ['level']=26},
    [16842939] = {['id']=16842939, ['name']="Stray", ['index']=187, ['level']=26},
    [16842944] = {['id']=16842944, ['name']="Stray", ['index']=192, ['level']=27},
    [16842942] = {['id']=16842942, ['name']="Stray", ['index']=190, ['level']=27},
    [16842938] = {['id']=16842938, ['name']="MemoryReceptac", ['index']=186, ['level']=30},
    [16842937] = {['id']=16842937, ['name']="", ['index']=185, ['level']=1},
    [16842945] = {['id']=16842945, ['name']="Stray", ['index']=193, ['level']=27},
    [16842941] = {['id']=16842941, ['name']="Stray", ['index']=189, ['level']=26},
    [16842943] = {['id']=16842943, ['name']="Stray", ['index']=191, ['level']=27},
    [16842913] = {['id']=16842913, ['name']="Seether", ['index']=161, ['level']=33},
    [16842959] = {['id']=16842959, ['name']="Stray", ['index']=207, ['level']=26},
    [16842958] = {['id']=16842958, ['name']="Stray", ['index']=206, ['level']=26},
    [16842960] = {['id']=16842960, ['name']="Stray", ['index']=208, ['level']=26},
    [16842961] = {['id']=16842961, ['name']="Stray", ['index']=209, ['level']=26},
    [16842957] = {['id']=16842957, ['name']="Stray", ['index']=205, ['level']=27},
    [16842956] = {['id']=16842956, ['name']="MemoryReceptac", ['index']=204, ['level']=30},
    [16842955] = {['id']=16842955, ['name']="", ['index']=203, ['level']=1},
    [16842963] = {['id']=16842963, ['name']="Stray", ['index']=211, ['level']=26},
    [16842962] = {['id']=16842962, ['name']="Stray", ['index']=210, ['level']=27},
    [16842867] = {['id']=16842867, ['name']="Wanderer", ['index']=115, ['level']=30},
    [16842866] = {['id']=16842866, ['name']="Wanderer", ['index']=114, ['level']=29},
    [16843041] = {['id']=16843041, ['name']="Cerebrator", ['index']=289, ['level']=38},
    [16842868] = {['id']=16842868, ['name']="Weeper", ['index']=116, ['level']=31},
    [16842869] = {['id']=16842869, ['name']="Weeper", ['index']=117, ['level']=31},
    [16842870] = {['id']=16842870, ['name']="Seether", ['index']=118, ['level']=35},
    [16842871] = {['id']=16842871, ['name']="Weeper", ['index']=119, ['level']=33},
    [16842873] = {['id']=16842873, ['name']="Weeper", ['index']=121, ['level']=33},
    [16842881] = {['id']=16842881, ['name']="Weeper", ['index']=129, ['level']=31},
    [16842874] = {['id']=16842874, ['name']="Wanderer", ['index']=122, ['level']=30},
    [16842875] = {['id']=16842875, ['name']="Weeper", ['index']=123, ['level']=32},
    [16842883] = {['id']=16842883, ['name']="Thinker", ['index']=131, ['level']=35},
    [16842905] = {['id']=16842905, ['name']="Stray", ['index']=153, ['level']=26},
    [16842907] = {['id']=16842907, ['name']="Stray", ['index']=155, ['level']=26},
    [16842910] = {['id']=16842910, ['name']="Stray", ['index']=158, ['level']=27},
    [16842908] = {['id']=16842908, ['name']="Stray", ['index']=156, ['level']=27},
    [16842911] = {['id']=16842911, ['name']="Stray", ['index']=159, ['level']=27},
    [16842906] = {['id']=16842906, ['name']="Stray", ['index']=154, ['level']=27},
    [16842879] = {['id']=16842879, ['name']="Seether", ['index']=127, ['level']=33},
    [16842884] = {['id']=16842884, ['name']="Thinker", ['index']=132, ['level']=36},
    [16842878] = {['id']=16842878, ['name']="Seether", ['index']=126, ['level']=34},
    [16842877] = {['id']=16842877, ['name']="Wanderer", ['index']=125, ['level']=30},
    [16842896] = {['id']=16842896, ['name']="Stray", ['index']=144, ['level']=26},
    [16842899] = {['id']=16842899, ['name']="Stray", ['index']=147, ['level']=27},
    [16842897] = {['id']=16842897, ['name']="Stray", ['index']=145, ['level']=27},
    [16842876] = {['id']=16842876, ['name']="Seether", ['index']=124, ['level']=35},
    [16842902] = {['id']=16842902, ['name']="Stray", ['index']=150, ['level']=27},
    [16842901] = {['id']=16842901, ['name']="Stray", ['index']=149, ['level']=26},
    [16842900] = {['id']=16842900, ['name']="Stray", ['index']=148, ['level']=27},
    [16842880] = {['id']=16842880, ['name']="Seether", ['index']=128, ['level']=35},
    [16842892] = {['id']=16842892, ['name']="Stray", ['index']=140, ['level']=26},
    [16842889] = {['id']=16842889, ['name']="Stray", ['index']=137, ['level']=26},
    [16842887] = {['id']=16842887, ['name']="Stray", ['index']=135, ['level']=27},
    [16842891] = {['id']=16842891, ['name']="Stray", ['index']=139, ['level']=26},
    [16842888] = {['id']=16842888, ['name']="Stray", ['index']=136, ['level']=27},
    [16842886] = {['id']=16842886, ['name']="MemoryReceptac", ['index']=134, ['level']=30},
    [16842885] = {['id']=16842885, ['name']="", ['index']=133, ['level']=1},
    [16842890] = {['id']=16842890, ['name']="Stray", ['index']=138, ['level']=27},
    [16842893] = {['id']=16842893, ['name']="Stray", ['index']=141, ['level']=27},
    [16842964] = {['id']=16842964, ['name']="Weeper", ['index']=212, ['level']=34},
    [16842966] = {['id']=16842966, ['name']="Seether", ['index']=214, ['level']=35},
    [16842965] = {['id']=16842965, ['name']="Weeper", ['index']=213, ['level']=33},
    [16842969] = {['id']=16842969, ['name']="IdleWanderer", ['index']=217, ['level']=84},
    [16842967] = {['id']=16842967, ['name']="IdleWanderer", ['index']=215, ['level']=83},
    [16842968] = {['id']=16842968, ['name']="IdleWanderer", ['index']=216, ['level']=83},
    [16842972] = {['id']=16842972, ['name']="IdleWanderer", ['index']=220, ['level']=84},
    [16842970] = {['id']=16842970, ['name']="IdleWanderer", ['index']=218, ['level']=83},
    [16842973] = {['id']=16842973, ['name']="IdleWanderer", ['index']=221, ['level']=83},
    [16842971] = {['id']=16842971, ['name']="IdleWanderer", ['index']=219, ['level']=84},
    [16842974] = {['id']=16842974, ['name']="IdleWanderer", ['index']=222, ['level']=83},
    [16842978] = {['id']=16842978, ['name']="IdleWanderer", ['index']=226, ['level']=84},
    [16843003] = {['id']=16843003, ['name']="Weeper", ['index']=251, ['level']=34},
    [16843004] = {['id']=16843004, ['name']="Weeper", ['index']=252, ['level']=34},
    [16842975] = {['id']=16842975, ['name']="IdleWanderer", ['index']=223, ['level']=84},
    [16842979] = {['id']=16842979, ['name']="LividSeether", ['index']=227, ['level']=83},
    [16842977] = {['id']=16842977, ['name']="IdleWanderer", ['index']=225, ['level']=83},
    [16842976] = {['id']=16842976, ['name']="IdleWanderer", ['index']=224, ['level']=84},
    [16842982] = {['id']=16842982, ['name']="IdleWanderer", ['index']=230, ['level']=84},
    [16842984] = {['id']=16842984, ['name']="IdleWanderer", ['index']=232, ['level']=83},
    [16842985] = {['id']=16842985, ['name']="IdleWanderer", ['index']=233, ['level']=83},
    [16842980] = {['id']=16842980, ['name']="IdleWanderer", ['index']=228, ['level']=84},
    [16842981] = {['id']=16842981, ['name']="IdleWanderer", ['index']=229, ['level']=83},
    [16842983] = {['id']=16842983, ['name']="IdleWanderer", ['index']=231, ['level']=83},
    [16842988] = {['id']=16842988, ['name']="IdleWanderer", ['index']=236, ['level']=84},
    [16842989] = {['id']=16842989, ['name']="LividSeether", ['index']=237, ['level']=84},
    [16842987] = {['id']=16842987, ['name']="IdleWanderer", ['index']=235, ['level']=84},
    [16842986] = {['id']=16842986, ['name']="IdleWanderer", ['index']=234, ['level']=84},
    [16842990] = {['id']=16842990, ['name']="IdleWanderer", ['index']=238, ['level']=84},
    [16842992] = {['id']=16842992, ['name']="IdleWanderer", ['index']=240, ['level']=83},
    [16842991] = {['id']=16842991, ['name']="IdleWanderer", ['index']=239, ['level']=84},
    [16843039] = {['id']=16843039, ['name']="Thinker", ['index']=287, ['level']=37},
    [16842993] = {['id']=16842993, ['name']="LividSeether", ['index']=241, ['level']=84},
    [16842995] = {['id']=16842995, ['name']="Seether", ['index']=243, ['level']=35},
    [16842997] = {['id']=16842997, ['name']="Weeper", ['index']=245, ['level']=33},
    [16842996] = {['id']=16842996, ['name']="Weeper", ['index']=244, ['level']=35},
    [16842998] = {['id']=16842998, ['name']="Seether", ['index']=246, ['level']=35},
    [16843001] = {['id']=16843001, ['name']="Weeper", ['index']=249, ['level']=35},
    [16843002] = {['id']=16843002, ['name']="Seether", ['index']=250, ['level']=37},
    [16843040] = {['id']=16843040, ['name']="Thinker", ['index']=288, ['level']=38},
    [16843006] = {['id']=16843006, ['name']="Seether", ['index']=254, ['level']=37},
    [16843005] = {['id']=16843005, ['name']="Seether", ['index']=253, ['level']=35},
    [16843007] = {['id']=16843007, ['name']="Seether", ['index']=255, ['level']=36},
    [16843037] = {['id']=16843037, ['name']="Thinker", ['index']=285, ['level']=39},
    [16843035] = {['id']=16843035, ['name']="Wanderer", ['index']=283, ['level']=32},
    [16843036] = {['id']=16843036, ['name']="Seether", ['index']=284, ['level']=36},
    [16843028] = {['id']=16843028, ['name']="Wanderer", ['index']=276, ['level']=32},
    [16843029] = {['id']=16843029, ['name']="Weeper", ['index']=277, ['level']=34},
    [16843030] = {['id']=16843030, ['name']="Seether", ['index']=278, ['level']=37},
    [16843033] = {['id']=16843033, ['name']="Weeper", ['index']=281, ['level']=34},
    [16843038] = {['id']=16843038, ['name']="Thinker", ['index']=286, ['level']=37},
    [16843031] = {['id']=16843031, ['name']="Weeper", ['index']=279, ['level']=33},
    [16843034] = {['id']=16843034, ['name']="Seether", ['index']=282, ['level']=37},
    [16843032] = {['id']=16843032, ['name']="Weeper", ['index']=280, ['level']=33},
    [16843027] = {['id']=16843027, ['name']="Seether", ['index']=275, ['level']=35},
    [16843025] = {['id']=16843025, ['name']="Weeper", ['index']=273, ['level']=34},
    [16843024] = {['id']=16843024, ['name']="Seether", ['index']=272, ['level']=37},
    [16843026] = {['id']=16843026, ['name']="Thinker", ['index']=274, ['level']=38},
    [16843019] = {['id']=16843019, ['name']="Weeper", ['index']=267, ['level']=34},
    [16843016] = {['id']=16843016, ['name']="Weeper", ['index']=264, ['level']=35},
    [16843020] = {['id']=16843020, ['name']="Weeper", ['index']=268, ['level']=35},
    [16843021] = {['id']=16843021, ['name']="Weeper", ['index']=269, ['level']=34},
    [16843022] = {['id']=16843022, ['name']="Seether", ['index']=270, ['level']=36},
    [16843023] = {['id']=16843023, ['name']="Seether", ['index']=271, ['level']=37},
    [16843014] = {['id']=16843014, ['name']="Weeper", ['index']=262, ['level']=34},
    [16843011] = {['id']=16843011, ['name']="Wanderer", ['index']=259, ['level']=33},
    [16843013] = {['id']=16843013, ['name']="Weeper", ['index']=261, ['level']=33},
    [16843015] = {['id']=16843015, ['name']="Seether", ['index']=263, ['level']=37},
    [16843012] = {['id']=16843012, ['name']="Wanderer", ['index']=260, ['level']=33},
    [16843018] = {['id']=16843018, ['name']="Seether", ['index']=266, ['level']=36},
    [16843017] = {['id']=16843017, ['name']="Weeper", ['index']=265, ['level']=35},
