    [17293507] = {['id']=17293507, ['name']="Clipper", ['index']=195, ['level']=28},
    [17293509] = {['id']=17293509, ['name']="Clipper", ['index']=197, ['level']=28},
    [17293516] = {['id']=17293516, ['name']="Acrophies", ['index']=204, ['level']=33},
    [17293538] = {['id']=17293538, ['name']="Clipper", ['index']=226, ['level']=28},
    [17293541] = {['id']=17293541, ['name']="Clipper", ['index']=229, ['level']=29},
    [17293546] = {['id']=17293546, ['name']="Acrophies", ['index']=234, ['level']=33},
    [17293547] = {['id']=17293547, ['name']="Acrophies", ['index']=235, ['level']=33},
    [17293557] = {['id']=17293557, ['name']="GiantTrapper", ['index']=245, ['level']=30},
    [17293558] = {['id']=17293558, ['name']="Gigas'sLeech", ['index']=246, ['level']=24},
    [17293533] = {['id']=17293533, ['name']="DancingWeapon", ['index']=221, ['level']=28},
    [17293566] = {['id']=17293566, ['name']="Clipper", ['index']=254, ['level']=29},
    [17293571] = {['id']=17293571, ['name']="Acrophies", ['index']=259, ['level']=34},
    [17293578] = {['id']=17293578, ['name']="GiantHunter", ['index']=266, ['level']=30},
    [17293510] = {['id']=17293510, ['name']="Clipper", ['index']=198, ['level']=29},
    [17293715] = {['id']=17293715, ['name']="Pitoire,R.K.", ['index']=403, ['level']=0},
    [17293725] = {['id']=17293725, ['name']="Jiwon", ['index']=413, ['level']=0},
    [17293780] = {['id']=17293780, ['name']="FieldManual", ['index']=468, ['level']=0},
    [17293815] = {['id']=17293815, ['name']="SurvivalGuide", ['index']=503, ['level']=0},
    [17293511] = {['id']=17293511, ['name']="Clipper", ['index']=199, ['level']=28},
    [17293488] = {['id']=17293488, ['name']="Clipper", ['index']=176, ['level']=28},
    [17293515] = {['id']=17293515, ['name']="Acrophies", ['index']=203, ['level']=34},
    [17293498] = {['id']=17293498, ['name']="GiantTrapper", ['index']=186, ['level']=29},
    [17293499] = {['id']=17293499, ['name']="Gigas'sLeech", ['index']=187, ['level']=25},
    [17293489] = {['id']=17293489, ['name']="Clipper", ['index']=177, ['level']=28},
    [17293493] = {['id']=17293493, ['name']="Acrophies", ['index']=181, ['level']=34},
    [17293494] = {['id']=17293494, ['name']="Acrophies", ['index']=182, ['level']=34},
    [17293825] = {['id']=17293825, ['name']="UndulatingConf", ['index']=513, ['level']=0},
    [17293490] = {['id']=17293490, ['name']="Clipper", ['index']=178, ['level']=28},
    [17293487] = {['id']=17293487, ['name']="Clipper", ['index']=175, ['level']=28},
    [17293471] = {['id']=17293471, ['name']="Clipper", ['index']=159, ['level']=29},
    [17293485] = {['id']=17293485, ['name']="Atkorkamuy", ['index']=173, ['level']=73},
    [17293655] = {['id']=17293655, ['name']="GoblinBountyH", ['index']=343, ['level']=34},
    [17293486] = {['id']=17293486, ['name']="Kraken", ['index']=174, ['level']=37},
    [17293473] = {['id']=17293473, ['name']="Clipper", ['index']=161, ['level']=29},
    [17293479] = {['id']=17293479, ['name']="Acrophies", ['index']=167, ['level']=33},
    [17293478] = {['id']=17293478, ['name']="Acrophies", ['index']=166, ['level']=33},
    [17293656] = {['id']=17293656, ['name']="GoblinBountyH", ['index']=344, ['level']=33},
    [17293477] = {['id']=17293477, ['name']="GreaterPugil", ['index']=165, ['level']=28},
    [17293476] = {['id']=17293476, ['name']="GreaterPugil", ['index']=164, ['level']=29},
    [17293470] = {['id']=17293470, ['name']="Clipper", ['index']=158, ['level']=29},
    [17293472] = {['id']=17293472, ['name']="Clipper", ['index']=160, ['level']=29},
    [17293480] = {['id']=17293480, ['name']="Acrophies", ['index']=168, ['level']=34},
    [17293657] = {['id']=17293657, ['name']="GoblinBountyH", ['index']=345, ['level']=32},
    [17293475] = {['id']=17293475, ['name']="GreaterPugil", ['index']=163, ['level']=29},
    [17293474] = {['id']=17293474, ['name']="GreaterPugil", ['index']=162, ['level']=28},
    [17293481] = {['id']=17293481, ['name']="Acrophies", ['index']=169, ['level']=34},
    [17293508] = {['id']=17293508, ['name']="Clipper", ['index']=196, ['level']=28},
    [17293564] = {['id']=17293564, ['name']="Clipper", ['index']=252, ['level']=29},
    [17293553] = {['id']=17293553, ['name']="Gigas'sLeech", ['index']=241, ['level']=24},
    [17293552] = {['id']=17293552, ['name']="GiantTrapper", ['index']=240, ['level']=29},
    [17293567] = {['id']=17293567, ['name']="Clipper", ['index']=255, ['level']=29},
    [17293582] = {['id']=17293582, ['name']="Clipper", ['index']=270, ['level']=28},
    [17293593] = {['id']=17293593, ['name']="Acrophies", ['index']=281, ['level']=34},
    [17293584] = {['id']=17293584, ['name']="Clipper", ['index']=272, ['level']=28},
    [17293591] = {['id']=17293591, ['name']="Acrophies", ['index']=279, ['level']=34},
    [17293590] = {['id']=17293590, ['name']="Acrophies", ['index']=278, ['level']=34},
    [17293597] = {['id']=17293597, ['name']="Qoofim", ['index']=285, ['level']=47},
    [17293589] = {['id']=17293589, ['name']="GreaterPugil", ['index']=277, ['level']=29},
    [17293587] = {['id']=17293587, ['name']="GreaterPugil", ['index']=275, ['level']=28},
    [17293585] = {['id']=17293585, ['name']="Clipper", ['index']=273, ['level']=29},
    [17293586] = {['id']=17293586, ['name']="GreaterPugil", ['index']=274, ['level']=29},
    [17293658] = {['id']=17293658, ['name']="GoblinBountyH", ['index']=346, ['level']=36},
    [17293592] = {['id']=17293592, ['name']="Acrophies", ['index']=280, ['level']=33},
    [17293659] = {['id']=17293659, ['name']="GoblinBountyH", ['index']=347, ['level']=33},
    [17293588] = {['id']=17293588, ['name']="GreaterPugil", ['index']=276, ['level']=29},
    [17293583] = {['id']=17293583, ['name']="Clipper", ['index']=271, ['level']=28},
    [17293321] = {['id']=17293321, ['name']="DancingWeapon", ['index']=9, ['level']=29},
    [17293807] = {['id']=17293807, ['name']="AtmaciteRefine", ['index']=495, ['level']=0},
    [17293808] = {['id']=17293808, ['name']="VoidwatchOffic", ['index']=496, ['level']=0},
    [17293320] = {['id']=17293320, ['name']="SeekerBats", ['index']=8, ['level']=26},
    [17293319] = {['id']=17293319, ['name']="SeekerBats", ['index']=7, ['level']=27},
    [17293470] = {['id']=17293470, ['name']="Clipper", ['index']=158, ['level']=29},
    [17293471] = {['id']=17293471, ['name']="Clipper", ['index']=159, ['level']=29},
    [17293472] = {['id']=17293472, ['name']="Clipper", ['index']=160, ['level']=28},
    [17293474] = {['id']=17293474, ['name']="GreaterPugil", ['index']=162, ['level']=29},
    [17293475] = {['id']=17293475, ['name']="GreaterPugil", ['index']=163, ['level']=29},
    [17293476] = {['id']=17293476, ['name']="GreaterPugil", ['index']=164, ['level']=28},
    [17293477] = {['id']=17293477, ['name']="GreaterPugil", ['index']=165, ['level']=28},
    [17293478] = {['id']=17293478, ['name']="Acrophies", ['index']=166, ['level']=34},
    [17293479] = {['id']=17293479, ['name']="Acrophies", ['index']=167, ['level']=33},
    [17293480] = {['id']=17293480, ['name']="Acrophies", ['index']=168, ['level']=33},
    [17293481] = {['id']=17293481, ['name']="Acrophies", ['index']=169, ['level']=34},
    [17293485] = {['id']=17293485, ['name']="Atkorkamuy", ['index']=173, ['level']=73},
    [17293486] = {['id']=17293486, ['name']="Kraken", ['index']=174, ['level']=38},
    [17293487] = {['id']=17293487, ['name']="Clipper", ['index']=175, ['level']=28},
    [17293489] = {['id']=17293489, ['name']="Clipper", ['index']=177, ['level']=28},
    [17293493] = {['id']=17293493, ['name']="Acrophies", ['index']=181, ['level']=34},
    [17293494] = {['id']=17293494, ['name']="Acrophies", ['index']=182, ['level']=34},
    [17293498] = {['id']=17293498, ['name']="GiantTrapper", ['index']=186, ['level']=30},
    [17293499] = {['id']=17293499, ['name']="Gigas\'sLeech", ['index']=187, ['level']=25},
    [17293509] = {['id']=17293509, ['name']="Clipper", ['index']=197, ['level']=29},
    [17293510] = {['id']=17293510, ['name']="Clipper", ['index']=198, ['level']=29},
    [17293515] = {['id']=17293515, ['name']="Acrophies", ['index']=203, ['level']=34},
    [17293655] = {['id']=17293655, ['name']="GoblinBountyH", ['index']=343, ['level']=33},
    [17293656] = {['id']=17293656, ['name']="GoblinBountyH", ['index']=344, ['level']=34},
    [17293657] = {['id']=17293657, ['name']="GoblinBountyH", ['index']=345, ['level']=33},
    [17293825] = {['id']=17293825, ['name']="UndulatingConf", ['index']=513, ['level']=0},
    [17293473] = {['id']=17293473, ['name']="Clipper", ['index']=161, ['level']=28},
    [17293488] = {['id']=17293488, ['name']="Clipper", ['index']=176, ['level']=28},
    [17293490] = {['id']=17293490, ['name']="Clipper", ['index']=178, ['level']=29},
    [17293425] = {['id']=17293425, ['name']="Clipper", ['index']=113, ['level']=28},
    [17293426] = {['id']=17293426, ['name']="Clipper", ['index']=114, ['level']=28},
    [17293427] = {['id']=17293427, ['name']="Clipper", ['index']=115, ['level']=28},
    [17293428] = {['id']=17293428, ['name']="Wight", ['index']=116, ['level']=28},
    [17293429] = {['id']=17293429, ['name']="Wight", ['index']=117, ['level']=28},
    [17293430] = {['id']=17293430, ['name']="Clipper", ['index']=118, ['level']=29},
    [17293432] = {['id']=17293432, ['name']="Clipper", ['index']=120, ['level']=28},
    [17293433] = {['id']=17293433, ['name']="Clipper", ['index']=121, ['level']=28},
    [17293434] = {['id']=17293434, ['name']="Clipper", ['index']=122, ['level']=28},
    [17293437] = {['id']=17293437, ['name']="LandWorm", ['index']=125, ['level']=27},
    [17293438] = {['id']=17293438, ['name']="LandWorm", ['index']=126, ['level']=27},
    [17293439] = {['id']=17293439, ['name']="LandWorm", ['index']=127, ['level']=27},
    [17293440] = {['id']=17293440, ['name']="Banshee", ['index']=128, ['level']=31},
    [17293489] = {['id']=17293489, ['name']="Clipper", ['index']=177, ['level']=28},
    [17293496] = {['id']=17293496, ['name']="GiantRanger", ['index']=184, ['level']=30},
    [17293502] = {['id']=17293502, ['name']="Wight", ['index']=190, ['level']=28},
    [17293662] = {['id']=17293662, ['name']="GoblinBountyH", ['index']=350, ['level']=11},
    [17293431] = {['id']=17293431, ['name']="Clipper", ['index']=119, ['level']=29},
    [17293435] = {['id']=17293435, ['name']="LandWorm", ['index']=123, ['level']=27},
    [17293441] = {['id']=17293441, ['name']="Banshee", ['index']=129, ['level']=32},
    [17293436] = {['id']=17293436, ['name']="LandWorm", ['index']=124, ['level']=27},
