    [17907716] = {['id']=17907716, ['name']="DeserterDrauga", ['index']=4, ['level']=121},
    [17907713] = {['id']=17907713, ['name']="DraftdanceFlut", ['index']=1, ['level']=118},
    [17907715] = {['id']=17907715, ['name']="Poxhound", ['index']=3, ['level']=119},
    [17907714] = {['id']=17907714, ['name']="DraftdanceFlut", ['index']=2, ['level']=118},
    [17907722] = {['id']=17907722, ['name']="DraftdanceFlut", ['index']=10, ['level']=117},
    [17907723] = {['id']=17907723, ['name']="Poxhound", ['index']=11, ['level']=120},
    [17907721] = {['id']=17907721, ['name']="DraftdanceFlut", ['index']=9, ['level']=118},
    [17907720] = {['id']=17907720, ['name']="DeserterDrauga", ['index']=8, ['level']=120},
    [17907719] = {['id']=17907719, ['name']="DeserterDrauga", ['index']=7, ['level']=119},
    [17907718] = {['id']=17907718, ['name']="DeserterDrauga", ['index']=6, ['level']=120},
    [17907717] = {['id']=17907717, ['name']="DeserterDrauga", ['index']=5, ['level']=121},
    [17907728] = {['id']=17907728, ['name']="DraftdanceFlut", ['index']=16, ['level']=117},
    [17907729] = {['id']=17907729, ['name']="Poxhound", ['index']=17, ['level']=118},
    [17907727] = {['id']=17907727, ['name']="DraftdanceFlut", ['index']=15, ['level']=117},
    [17907738] = {['id']=17907738, ['name']="Poxhound", ['index']=26, ['level']=119},
    [17907737] = {['id']=17907737, ['name']="Poxhound", ['index']=25, ['level']=121},
    [17907745] = {['id']=17907745, ['name']="SpurnedFlutesl", ['index']=33, ['level']=121},
    [17907750] = {['id']=17907750, ['name']="SpurnedElement", ['index']=38, ['level']=121},
    [17907749] = {['id']=17907749, ['name']="SpurnedElement", ['index']=37, ['level']=120},
    [17907753] = {['id']=17907753, ['name']="SpurnedValiant", ['index']=41, ['level']=123},
    [17907751] = {['id']=17907751, ['name']="SpurnedEngrave", ['index']=39, ['level']=120},
    [17907754] = {['id']=17907754, ['name']="SpurnedValiant", ['index']=42, ['level']=120},
    [17907752] = {['id']=17907752, ['name']="SpurnedEngrave", ['index']=40, ['level']=122},
    [17907756] = {['id']=17907756, ['name']="SpurnedHexer", ['index']=44, ['level']=122},
    [17907755] = {['id']=17907755, ['name']="SpurnedHexer", ['index']=43, ['level']=122},
    [17907767] = {['id']=17907767, ['name']="SpurnedHexer", ['index']=55, ['level']=122},
    [17907766] = {['id']=17907766, ['name']="SpurnedDeeparr", ['index']=54, ['level']=120},
    [17908146] = {['id']=17908146, ['name']="IndomitableSpu", ['index']=434, ['level']=118},
    [17908144] = {['id']=17908144, ['name']="HeliotropeBarr", ['index']=432, ['level']=118},
    [17908145] = {['id']=17908145, ['name']="IndomitableSpu", ['index']=433, ['level']=118},
    [17908143] = {['id']=17908143, ['name']="HeliotropeBarr", ['index']=431, ['level']=118},
    [17908142] = {['id']=17908142, ['name']="HeliotropeBarr", ['index']=430, ['level']=118},
    [17908148] = {['id']=17908148, ['name']="IndomitableSpu", ['index']=436, ['level']=118},
    [17908147] = {['id']=17908147, ['name']="IndomitableSpu", ['index']=435, ['level']=118},
    [17907743] = {['id']=17907743, ['name']="SpurnedSaboteu", ['index']=31, ['level']=123},
    [17907744] = {['id']=17907744, ['name']="SpurnedSaboteu", ['index']=32, ['level']=121},
    [17907746] = {['id']=17907746, ['name']="SpurnedNightst", ['index']=34, ['level']=122},
    [17907747] = {['id']=17907747, ['name']="SpurnedNightst", ['index']=35, ['level']=120},
    [17907773] = {['id']=17907773, ['name']="SpurnedHexer", ['index']=61, ['level']=120},
    [17907771] = {['id']=17907771, ['name']="SpurnedNightst", ['index']=59, ['level']=123},
    [17907770] = {['id']=17907770, ['name']="SpurnedNightst", ['index']=58, ['level']=121},
    [17907772] = {['id']=17907772, ['name']="SpurnedHexer", ['index']=60, ['level']=121},
    [17907774] = {['id']=17907774, ['name']="SpurnedValiant", ['index']=62, ['level']=122},
    [17907775] = {['id']=17907775, ['name']="SpurnedValiant", ['index']=63, ['level']=121},
    [17907776] = {['id']=17907776, ['name']="SpurnedFlutesl", ['index']=64, ['level']=122},
    [17907777] = {['id']=17907777, ['name']="SpurnedFlutesl", ['index']=65, ['level']=122},
    [17908155] = {['id']=17908155, ['name']="IndomitableSpu", ['index']=443, ['level']=118},
    [17908154] = {['id']=17908154, ['name']="IndomitableSpu", ['index']=442, ['level']=118},
    [17908149] = {['id']=17908149, ['name']="HeliotropeBarr", ['index']=437, ['level']=118},
    [17908150] = {['id']=17908150, ['name']="HeliotropeBarr", ['index']=438, ['level']=118},
    [17908151] = {['id']=17908151, ['name']="HeliotropeBarr", ['index']=439, ['level']=118},
    [17908153] = {['id']=17908153, ['name']="IndomitableSpu", ['index']=441, ['level']=118},
    [17908152] = {['id']=17908152, ['name']="IndomitableSpu", ['index']=440, ['level']=118},
    [17907786] = {['id']=17907786, ['name']="ScowlingVodori", ['index']=74, ['level']=120},
    [17907785] = {['id']=17907785, ['name']="ScowlingVodori", ['index']=73, ['level']=123},
    [17907783] = {['id']=17907783, ['name']="ScowlingVodori", ['index']=71, ['level']=122},
    [17907780] = {['id']=17907780, ['name']="SpurnedHexer", ['index']=68, ['level']=120},
    [17907784] = {['id']=17907784, ['name']="ScowlingVodori", ['index']=72, ['level']=121},
    [17907782] = {['id']=17907782, ['name']="SpurnedValiant", ['index']=70, ['level']=121},
    [17907778] = {['id']=17907778, ['name']="SpurnedSaboteu", ['index']=66, ['level']=121},
    [17907781] = {['id']=17907781, ['name']="SpurnedEngrave", ['index']=69, ['level']=123},
    [17907779] = {['id']=17907779, ['name']="SpurnedFlutesl", ['index']=67, ['level']=123},
    [17907787] = {['id']=17907787, ['name']="ScowlingVodori", ['index']=75, ['level']=123},
    [17907788] = {['id']=17907788, ['name']="ScowlingVodori", ['index']=76, ['level']=123},
    [17907789] = {['id']=17907789, ['name']="ScowlingVodori", ['index']=77, ['level']=123},
    [17907790] = {['id']=17907790, ['name']="ScowlingVodori", ['index']=78, ['level']=123},
    [17907935] = {['id']=17907935, ['name']="ScowlingVodori", ['index']=223, ['level']=120},
    [17907936] = {['id']=17907936, ['name']="ScowlingVodori", ['index']=224, ['level']=123},
    [17907927] = {['id']=17907927, ['name']="DullahanAxegri", ['index']=215, ['level']=121},
    [17907934] = {['id']=17907934, ['name']="ScowlingVodori", ['index']=222, ['level']=120},
    [17907925] = {['id']=17907925, ['name']="DullahanAxegri", ['index']=213, ['level']=123},
    [17907933] = {['id']=17907933, ['name']="ScowlingVodori", ['index']=221, ['level']=122},
    [17907930] = {['id']=17907930, ['name']="SuspendedSculp", ['index']=218, ['level']=1},
    [17907926] = {['id']=17907926, ['name']="DullahanAxegri", ['index']=214, ['level']=124},
    [17907928] = {['id']=17907928, ['name']="DullahanAxegri", ['index']=216, ['level']=121},
    [17907938] = {['id']=17907938, ['name']="ScowlingVodori", ['index']=226, ['level']=122},
    [17907937] = {['id']=17907937, ['name']="ScowlingVodori", ['index']=225, ['level']=120},
    [17907931] = {['id']=17907931, ['name']="ScowlingVodori", ['index']=219, ['level']=123},
    [17907932] = {['id']=17907932, ['name']="ScowlingVodori", ['index']=220, ['level']=122},
    [17907946] = {['id']=17907946, ['name']="ScowlingVodori", ['index']=234, ['level']=122},
    [17907945] = {['id']=17907945, ['name']="ScowlingVodori", ['index']=233, ['level']=120},
    [17907941] = {['id']=17907941, ['name']="ScowlingVodori", ['index']=229, ['level']=120},
    [17907939] = {['id']=17907939, ['name']="ScowlingVodori", ['index']=227, ['level']=122},
    [17907940] = {['id']=17907940, ['name']="ScowlingVodori", ['index']=228, ['level']=122},
    [17907944] = {['id']=17907944, ['name']="SuspendedSculp", ['index']=232, ['level']=1},
    [17907942] = {['id']=17907942, ['name']="ScowlingVodori", ['index']=230, ['level']=123},
    [17907947] = {['id']=17907947, ['name']="ScowlingVodori", ['index']=235, ['level']=122},
    [17907948] = {['id']=17907948, ['name']="ScowlingVodori", ['index']=236, ['level']=120},
    [17907949] = {['id']=17907949, ['name']="ScowlingVodori", ['index']=237, ['level']=122},
    [17907950] = {['id']=17907950, ['name']="ScowlingVodori", ['index']=238, ['level']=123},
    [17907872] = {['id']=17907872, ['name']="BoilriddenUmbr", ['index']=160, ['level']=122},
    [17907873] = {['id']=17907873, ['name']="BoilriddenUmbr", ['index']=161, ['level']=122},
    [17907876] = {['id']=17907876, ['name']="BoilriddenUmbr", ['index']=164, ['level']=122},
    [17907874] = {['id']=17907874, ['name']="BoilriddenUmbr", ['index']=162, ['level']=120},
    [17907875] = {['id']=17907875, ['name']="BoilriddenUmbr", ['index']=163, ['level']=122},
    [17907878] = {['id']=17907878, ['name']="BoilriddenUmbr", ['index']=166, ['level']=123},
    [17907877] = {['id']=17907877, ['name']="BoilriddenUmbr", ['index']=165, ['level']=120},
    [17907879] = {['id']=17907879, ['name']="BoilriddenUmbr", ['index']=167, ['level']=121},
    [17907880] = {['id']=17907880, ['name']="BoilriddenUmbr", ['index']=168, ['level']=122},
    [17907881] = {['id']=17907881, ['name']="BoilriddenUmbr", ['index']=169, ['level']=121},
    [17907886] = {['id']=17907886, ['name']="SpurnedSaboteu", ['index']=174, ['level']=120},
    [17907884] = {['id']=17907884, ['name']="SpurnedDeeparr", ['index']=172, ['level']=120},
    [17907888] = {['id']=17907888, ['name']="SpurnedEngrave", ['index']=176, ['level']=121},
    [17907889] = {['id']=17907889, ['name']="SpurnedEngrave", ['index']=177, ['level']=122},
    [17907890] = {['id']=17907890, ['name']="SpurnedValiant", ['index']=178, ['level']=123},
    [17907891] = {['id']=17907891, ['name']="SpurnedValiant", ['index']=179, ['level']=123},
    [17907893] = {['id']=17907893, ['name']="SpurnedNightst", ['index']=181, ['level']=120},
    [17907895] = {['id']=17907895, ['name']="BoilriddenUmbr", ['index']=183, ['level']=122},
    [17907894] = {['id']=17907894, ['name']="BoilriddenUmbr", ['index']=182, ['level']=120},
    [17907896] = {['id']=17907896, ['name']="SpurnedSaboteu", ['index']=184, ['level']=120},
    [17907897] = {['id']=17907897, ['name']="SpurnedValiant", ['index']=185, ['level']=123},
    [17907898] = {['id']=17907898, ['name']="SpurnedEngrave", ['index']=186, ['level']=120},
    [17907899] = {['id']=17907899, ['name']="SpurnedNightst", ['index']=187, ['level']=123},
    [17907900] = {['id']=17907900, ['name']="SpurnedFlutesl", ['index']=188, ['level']=121},
    [17907901] = {['id']=17907901, ['name']="SpurnedDeeparr", ['index']=189, ['level']=122},
    [17907902] = {['id']=17907902, ['name']="SpurnedHexer", ['index']=190, ['level']=120},
    [17907903] = {['id']=17907903, ['name']="SpurnedDeeparr", ['index']=191, ['level']=120},
    [17907904] = {['id']=17907904, ['name']="SpurnedElement", ['index']=192, ['level']=120},
    [17907905] = {['id']=17907905, ['name']="SpurnedDeeparr", ['index']=193, ['level']=122},
    [17907908] = {['id']=17907908, ['name']="SpurnedNightst", ['index']=196, ['level']=120},
    [17907909] = {['id']=17907909, ['name']="SpurnedDeeparr", ['index']=197, ['level']=121},
    [17908219] = {['id']=17908219, ['name']="SoulPyre", ['index']=507, ['level']=0},
    [17907912] = {['id']=17907912, ['name']="SpurnedNightst", ['index']=200, ['level']=121},
    [17907910] = {['id']=17907910, ['name']="SpurnedElement", ['index']=198, ['level']=120},
    [17908224] = {['id']=17908224, ['name']="SoulPyre", ['index']=512, ['level']=0},
    [17907913] = {['id']=17907913, ['name']="SpurnedDeeparr", ['index']=201, ['level']=123},
    [17907917] = {['id']=17907917, ['name']="SpurnedDeeparr", ['index']=205, ['level']=122},
    [17907983] = {['id']=17907983, ['name']="BoilriddenUmbr", ['index']=271, ['level']=120},
    [17907984] = {['id']=17907984, ['name']="BoilriddenUmbr", ['index']=272, ['level']=122},
    [17907985] = {['id']=17907985, ['name']="BoilriddenUmbr", ['index']=273, ['level']=120},
    [17907993] = {['id']=17907993, ['name']="SpurnedDeeparr", ['index']=281, ['level']=120},
    [17907992] = {['id']=17907992, ['name']="SpurnedNightst", ['index']=280, ['level']=122},
    [17907989] = {['id']=17907989, ['name']="SpurnedHexer", ['index']=277, ['level']=123},
    [17907988] = {['id']=17907988, ['name']="SpurnedHexer", ['index']=276, ['level']=123},
    [17907986] = {['id']=17907986, ['name']="SpurnedElement", ['index']=274, ['level']=122},
    [17907990] = {['id']=17907990, ['name']="SpurnedSaboteu", ['index']=278, ['level']=123},
    [17907991] = {['id']=17907991, ['name']="SpurnedValiant", ['index']=279, ['level']=123},
    [17907987] = {['id']=17907987, ['name']="SpurnedElement", ['index']=275, ['level']=121},
    [17907995] = {['id']=17907995, ['name']="SpurnedEngrave", ['index']=283, ['level']=122},
    [17907994] = {['id']=17907994, ['name']="SpurnedFlutesl", ['index']=282, ['level']=120},
    [17908167] = {['id']=17908167, ['name']="IndomitableSpu", ['index']=455, ['level']=118},
    [17908166] = {['id']=17908166, ['name']="IndomitableSpu", ['index']=454, ['level']=118},
    [17908163] = {['id']=17908163, ['name']="HeliotropeBarr", ['index']=451, ['level']=118},
    [17908164] = {['id']=17908164, ['name']="HeliotropeBarr", ['index']=452, ['level']=118},
    [17908165] = {['id']=17908165, ['name']="HeliotropeBarr", ['index']=453, ['level']=118},
    [17908168] = {['id']=17908168, ['name']="IndomitableSpu", ['index']=456, ['level']=118},
    [17908169] = {['id']=17908169, ['name']="IndomitableSpu", ['index']=457, ['level']=118},
    [17907923] = {['id']=17907923, ['name']="ScowlingVodori", ['index']=211, ['level']=121},
    [17907924] = {['id']=17907924, ['name']="ScowlingVodori", ['index']=212, ['level']=123},
    [17907922] = {['id']=17907922, ['name']="ScowlingVodori", ['index']=210, ['level']=123},
    [17908260] = {['id']=17908260, ['name']="???", ['index']=548, ['level']=0},
    [17908274] = {['id']=17908274, ['name']="", ['index']=562, ['level']=0},
    [17908275] = {['id']=17908275, ['name']="InfernalTransp", ['index']=563, ['level']=0},
    [17907770] = {['id']=17907770, ['name']="SpurnedNightst", ['index']=58, ['level']=121},
    [17907771] = {['id']=17907771, ['name']="SpurnedNightst", ['index']=59, ['level']=123},
    [17907772] = {['id']=17907772, ['name']="SpurnedHexer", ['index']=60, ['level']=121},
    [17907773] = {['id']=17907773, ['name']="SpurnedHexer", ['index']=61, ['level']=120},
    [17908260] = {['id']=17908260, ['name']="???", ['index']=548, ['level']=0},
    [17908274] = {['id']=17908274, ['name']="", ['index']=562, ['level']=0},
    [17908275] = {['id']=17908275, ['name']="InfernalTransp", ['index']=563, ['level']=0},
    [17907984] = {['id']=17907984, ['name']="BoilriddenUmbr", ['index']=272, ['level']=122},
    [17907994] = {['id']=17907994, ['name']="SpurnedFlutesl", ['index']=282, ['level']=121},
    [17907995] = {['id']=17907995, ['name']="SpurnedEngrave", ['index']=283, ['level']=123},
    [17908165] = {['id']=17908165, ['name']="HeliotropeBarr", ['index']=453, ['level']=118},
    [17908166] = {['id']=17908166, ['name']="IndomitableSpu", ['index']=454, ['level']=118},
    [17908168] = {['id']=17908168, ['name']="IndomitableSpu", ['index']=456, ['level']=118},
    [17908169] = {['id']=17908169, ['name']="IndomitableSpu", ['index']=457, ['level']=118},
    [17907983] = {['id']=17907983, ['name']="BoilriddenUmbr", ['index']=271, ['level']=120},
    [17907984] = {['id']=17907984, ['name']="BoilriddenUmbr", ['index']=272, ['level']=122},
    [17907985] = {['id']=17907985, ['name']="BoilriddenUmbr", ['index']=273, ['level']=120},
    [17907989] = {['id']=17907989, ['name']="SpurnedHexer", ['index']=277, ['level']=121},
    [17907990] = {['id']=17907990, ['name']="SpurnedSaboteu", ['index']=278, ['level']=120},
    [17907991] = {['id']=17907991, ['name']="SpurnedValiant", ['index']=279, ['level']=121},
    [17907992] = {['id']=17907992, ['name']="SpurnedNightst", ['index']=280, ['level']=123},
    [17907993] = {['id']=17907993, ['name']="SpurnedDeeparr", ['index']=281, ['level']=120},
    [17907995] = {['id']=17907995, ['name']="SpurnedEngrave", ['index']=283, ['level']=122},
    [17908221] = {['id']=17908221, ['name']="SoulPyre", ['index']=509, ['level']=0},
    [17907986] = {['id']=17907986, ['name']="SpurnedElement", ['index']=274, ['level']=120},
    [17907987] = {['id']=17907987, ['name']="SpurnedElement", ['index']=275, ['level']=121},
    [17907994] = {['id']=17907994, ['name']="SpurnedFlutesl", ['index']=282, ['level']=120},
    [17908222] = {['id']=17908222, ['name']="SoulPyre", ['index']=510, ['level']=0},
    [17907988] = {['id']=17907988, ['name']="SpurnedHexer", ['index']=276, ['level']=120},
    [17908163] = {['id']=17908163, ['name']="HeliotropeBarr", ['index']=451, ['level']=118},
    [17908164] = {['id']=17908164, ['name']="HeliotropeBarr", ['index']=452, ['level']=118},
    [17908165] = {['id']=17908165, ['name']="HeliotropeBarr", ['index']=453, ['level']=118},
    [17908166] = {['id']=17908166, ['name']="IndomitableSpu", ['index']=454, ['level']=118},
    [17908167] = {['id']=17908167, ['name']="IndomitableSpu", ['index']=455, ['level']=118},
    [17908168] = {['id']=17908168, ['name']="IndomitableSpu", ['index']=456, ['level']=118},
    [17908169] = {['id']=17908169, ['name']="IndomitableSpu", ['index']=457, ['level']=118},
    [17907983] = {['id']=17907983, ['name']="BoilriddenUmbr", ['index']=271, ['level']=120},
    [17907984] = {['id']=17907984, ['name']="BoilriddenUmbr", ['index']=272, ['level']=122},
    [17907985] = {['id']=17907985, ['name']="BoilriddenUmbr", ['index']=273, ['level']=120},
    [17907988] = {['id']=17907988, ['name']="SpurnedHexer", ['index']=276, ['level']=120},
    [17907991] = {['id']=17907991, ['name']="SpurnedValiant", ['index']=279, ['level']=120},
    [17907992] = {['id']=17907992, ['name']="SpurnedNightst", ['index']=280, ['level']=122},
    [17907993] = {['id']=17907993, ['name']="SpurnedDeeparr", ['index']=281, ['level']=122},
    [17907994] = {['id']=17907994, ['name']="SpurnedFlutesl", ['index']=282, ['level']=122},
    [17907995] = {['id']=17907995, ['name']="SpurnedEngrave", ['index']=283, ['level']=122},
    [17908163] = {['id']=17908163, ['name']="HeliotropeBarr", ['index']=451, ['level']=118},
    [17908164] = {['id']=17908164, ['name']="HeliotropeBarr", ['index']=452, ['level']=118},
    [17908165] = {['id']=17908165, ['name']="HeliotropeBarr", ['index']=453, ['level']=118},
    [17908166] = {['id']=17908166, ['name']="IndomitableSpu", ['index']=454, ['level']=118},
    [17908167] = {['id']=17908167, ['name']="IndomitableSpu", ['index']=455, ['level']=118},
    [17908168] = {['id']=17908168, ['name']="IndomitableSpu", ['index']=456, ['level']=118},
    [17908169] = {['id']=17908169, ['name']="IndomitableSpu", ['index']=457, ['level']=118},
    [17907986] = {['id']=17907986, ['name']="SpurnedElement", ['index']=274, ['level']=121},
    [17907989] = {['id']=17907989, ['name']="SpurnedHexer", ['index']=277, ['level']=122},
    [17907990] = {['id']=17907990, ['name']="SpurnedSaboteu", ['index']=278, ['level']=123},
    [17908219] = {['id']=17908219, ['name']="SoulPyre", ['index']=507, ['level']=0},
    [17908222] = {['id']=17908222, ['name']="SoulPyre", ['index']=510, ['level']=0},
    [17907987] = {['id']=17907987, ['name']="SpurnedElement", ['index']=275, ['level']=123},
    [17908220] = {['id']=17908220, ['name']="SoulPyre", ['index']=508, ['level']=0},
    [17907770] = {['id']=17907770, ['name']="SpurnedNightst", ['index']=58, ['level']=121},
    [17907771] = {['id']=17907771, ['name']="SpurnedNightst", ['index']=59, ['level']=123},
    [17907772] = {['id']=17907772, ['name']="SpurnedHexer", ['index']=60, ['level']=121},
    [17907773] = {['id']=17907773, ['name']="SpurnedHexer", ['index']=61, ['level']=120},
    [17907774] = {['id']=17907774, ['name']="SpurnedValiant", ['index']=62, ['level']=122},
    [17907775] = {['id']=17907775, ['name']="SpurnedValiant", ['index']=63, ['level']=121},
    [17907776] = {['id']=17907776, ['name']="SpurnedFlutesl", ['index']=64, ['level']=122},
    [17907777] = {['id']=17907777, ['name']="SpurnedFlutesl", ['index']=65, ['level']=122},
    [17908260] = {['id']=17908260, ['name']="???", ['index']=548, ['level']=0},
    [17908274] = {['id']=17908274, ['name']="", ['index']=562, ['level']=0},
    [17908275] = {['id']=17908275, ['name']="InfernalTransp", ['index']=563, ['level']=0},
    [17907766] = {['id']=17907766, ['name']="SpurnedDeeparr", ['index']=54, ['level']=120},
    [17907767] = {['id']=17907767, ['name']="SpurnedHexer", ['index']=55, ['level']=122},
    [17907983] = {['id']=17907983, ['name']="BoilriddenUmbr", ['index']=271, ['level']=123},
    [17907984] = {['id']=17907984, ['name']="BoilriddenUmbr", ['index']=272, ['level']=121},
    [17907985] = {['id']=17907985, ['name']="BoilriddenUmbr", ['index']=273, ['level']=123},
    [17907986] = {['id']=17907986, ['name']="SpurnedElement", ['index']=274, ['level']=121},
    [17907987] = {['id']=17907987, ['name']="SpurnedElement", ['index']=275, ['level']=122},
    [17907992] = {['id']=17907992, ['name']="SpurnedNightst", ['index']=280, ['level']=122},
    [17907993] = {['id']=17907993, ['name']="SpurnedDeeparr", ['index']=281, ['level']=120},
    [17908223] = {['id']=17908223, ['name']="SoulPyre", ['index']=511, ['level']=0},
    [17907989] = {['id']=17907989, ['name']="SpurnedHexer", ['index']=277, ['level']=120},
    [17907990] = {['id']=17907990, ['name']="SpurnedSaboteu", ['index']=278, ['level']=121},
    [17907991] = {['id']=17907991, ['name']="SpurnedValiant", ['index']=279, ['level']=123},
    [17907988] = {['id']=17907988, ['name']="SpurnedHexer", ['index']=276, ['level']=123},
    [17907994] = {['id']=17907994, ['name']="SpurnedFlutesl", ['index']=282, ['level']=120},
    [17907995] = {['id']=17907995, ['name']="SpurnedEngrave", ['index']=283, ['level']=121},
    [17908163] = {['id']=17908163, ['name']="HeliotropeBarr", ['index']=451, ['level']=118},
    [17908164] = {['id']=17908164, ['name']="HeliotropeBarr", ['index']=452, ['level']=118},
    [17908165] = {['id']=17908165, ['name']="HeliotropeBarr", ['index']=453, ['level']=118},
    [17908166] = {['id']=17908166, ['name']="IndomitableSpu", ['index']=454, ['level']=118},
    [17908167] = {['id']=17908167, ['name']="IndomitableSpu", ['index']=455, ['level']=118},
    [17907770] = {['id']=17907770, ['name']="SpurnedNightst", ['index']=58, ['level']=121},
    [17907771] = {['id']=17907771, ['name']="SpurnedNightst", ['index']=59, ['level']=123},
    [17907772] = {['id']=17907772, ['name']="SpurnedHexer", ['index']=60, ['level']=121},
    [17907773] = {['id']=17907773, ['name']="SpurnedHexer", ['index']=61, ['level']=120},
    [17907774] = {['id']=17907774, ['name']="SpurnedValiant", ['index']=62, ['level']=122},
    [17907775] = {['id']=17907775, ['name']="SpurnedValiant", ['index']=63, ['level']=121},
    [17907776] = {['id']=17907776, ['name']="SpurnedFlutesl", ['index']=64, ['level']=122},
    [17907777] = {['id']=17907777, ['name']="SpurnedFlutesl", ['index']=65, ['level']=122},
    [17908260] = {['id']=17908260, ['name']="???", ['index']=548, ['level']=0},
    [17908274] = {['id']=17908274, ['name']="", ['index']=562, ['level']=0},
    [17908275] = {['id']=17908275, ['name']="InfernalTransp", ['index']=563, ['level']=0},
    [17907766] = {['id']=17907766, ['name']="SpurnedDeeparr", ['index']=54, ['level']=120},
    [17907767] = {['id']=17907767, ['name']="SpurnedHexer", ['index']=55, ['level']=122},
    [17907983] = {['id']=17907983, ['name']="BoilriddenUmbr", ['index']=271, ['level']=122},
    [17907984] = {['id']=17907984, ['name']="BoilriddenUmbr", ['index']=272, ['level']=120},
    [17907985] = {['id']=17907985, ['name']="BoilriddenUmbr", ['index']=273, ['level']=123},
    [17907986] = {['id']=17907986, ['name']="SpurnedElement", ['index']=274, ['level']=120},
    [17907990] = {['id']=17907990, ['name']="SpurnedSaboteu", ['index']=278, ['level']=121},
    [17907991] = {['id']=17907991, ['name']="SpurnedValiant", ['index']=279, ['level']=120},
    [17907994] = {['id']=17907994, ['name']="SpurnedFlutesl", ['index']=282, ['level']=123},
    [17907995] = {['id']=17907995, ['name']="SpurnedEngrave", ['index']=283, ['level']=123},
    [17908220] = {['id']=17908220, ['name']="SoulPyre", ['index']=508, ['level']=0},
    [17908221] = {['id']=17908221, ['name']="SoulPyre", ['index']=509, ['level']=0},
    [17907983] = {['id']=17907983, ['name']="BoilriddenUmbr", ['index']=271, ['level']=123},
    [17907984] = {['id']=17907984, ['name']="BoilriddenUmbr", ['index']=272, ['level']=122},
    [17907985] = {['id']=17907985, ['name']="BoilriddenUmbr", ['index']=273, ['level']=120},
    [17907988] = {['id']=17907988, ['name']="SpurnedHexer", ['index']=276, ['level']=122},
    [17907989] = {['id']=17907989, ['name']="SpurnedHexer", ['index']=277, ['level']=122},
    [17907994] = {['id']=17907994, ['name']="SpurnedFlutesl", ['index']=282, ['level']=121},
    [17907995] = {['id']=17907995, ['name']="SpurnedEngrave", ['index']=283, ['level']=123},
    [17907990] = {['id']=17907990, ['name']="SpurnedSaboteu", ['index']=278, ['level']=123},
    [17907991] = {['id']=17907991, ['name']="SpurnedValiant", ['index']=279, ['level']=123},
    [17907992] = {['id']=17907992, ['name']="SpurnedNightst", ['index']=280, ['level']=120},
    [17907993] = {['id']=17907993, ['name']="SpurnedDeeparr", ['index']=281, ['level']=122},
    [17907987] = {['id']=17907987, ['name']="SpurnedElement", ['index']=275, ['level']=120},
    [17907986] = {['id']=17907986, ['name']="SpurnedElement", ['index']=274, ['level']=122},
    [17908166] = {['id']=17908166, ['name']="IndomitableSpu", ['index']=454, ['level']=118},
    [17908219] = {['id']=17908219, ['name']="SoulPyre", ['index']=507, ['level']=0},
    [17908223] = {['id']=17908223, ['name']="SoulPyre", ['index']=511, ['level']=0},
    [17908167] = {['id']=17908167, ['name']="IndomitableSpu", ['index']=455, ['level']=118},
    [17908220] = {['id']=17908220, ['name']="SoulPyre", ['index']=508, ['level']=0},
    [17908222] = {['id']=17908222, ['name']="SoulPyre", ['index']=510, ['level']=0},
