    [17457379] = {['id']=17457379, ['name']="GroundsTome", ['index']=227, ['level']=0},
    [17457388] = {['id']=17457388, ['name']="SurvivalGuide", ['index']=236, ['level']=0},
    [17457160] = {['id']=17457160, ['name']="GoblinWeaver", ['index']=8, ['level']=6},
    [17457158] = {['id']=17457158, ['name']="OilSlick", ['index']=6, ['level']=8},
    [17457153] = {['id']=17457153, ['name']="WindBats", ['index']=1, ['level']=4},
    [17457162] = {['id']=17457162, ['name']="WindBats", ['index']=10, ['level']=4},
    [17457164] = {['id']=17457164, ['name']="BladeBat", ['index']=12, ['level']=5},
    [17457156] = {['id']=17457156, ['name']="BladeBat", ['index']=4, ['level']=4},
    [17457163] = {['id']=17457163, ['name']="WindBats", ['index']=11, ['level']=3},
    [17457161] = {['id']=17457161, ['name']="WindBats", ['index']=9, ['level']=4},
    [17457165] = {['id']=17457165, ['name']="BladeBat", ['index']=13, ['level']=5},
    [17457159] = {['id']=17457159, ['name']="GoblinThug", ['index']=7, ['level']=6},
    [17457167] = {['id']=17457167, ['name']="GoblinWeaver", ['index']=15, ['level']=6},
    [17457154] = {['id']=17457154, ['name']="WindBats", ['index']=2, ['level']=3},
    [17457155] = {['id']=17457155, ['name']="BladeBat", ['index']=3, ['level']=6},
    [17457196] = {['id']=17457196, ['name']="SeekerBats", ['index']=44, ['level']=26},
    [17457194] = {['id']=17457194, ['name']="CaveScorpion", ['index']=42, ['level']=30},
    [17457197] = {['id']=17457197, ['name']="SeekerBats", ['index']=45, ['level']=26},
    [17457166] = {['id']=17457166, ['name']="GoblinThug", ['index']=14, ['level']=6},
    [17457336] = {['id']=17457336, ['name']="Myffore", ['index']=184, ['level']=0},
    [17457169] = {['id']=17457169, ['name']="BladeBat", ['index']=17, ['level']=7},
    [17457168] = {['id']=17457168, ['name']="GoblinWeaver", ['index']=16, ['level']=6},
    [17457357] = {['id']=17457357, ['name']="Perchond", ['index']=205, ['level']=0},
    [17457170] = {['id']=17457170, ['name']="BladeBat", ['index']=18, ['level']=5},
    [17457195] = {['id']=17457195, ['name']="SeekerBats", ['index']=43, ['level']=25},
    [17457171] = {['id']=17457171, ['name']="GoblinMugger", ['index']=19, ['level']=28},
    [17457174] = {['id']=17457174, ['name']="GoblinMugger", ['index']=22, ['level']=27},
    [17457175] = {['id']=17457175, ['name']="GoblinLeecher", ['index']=23, ['level']=30},
    [17457177] = {['id']=17457177, ['name']="SeekerBats", ['index']=25, ['level']=27},
    [17457178] = {['id']=17457178, ['name']="SeekerBats", ['index']=26, ['level']=25},
    [17457198] = {['id']=17457198, ['name']="SeekerBats", ['index']=46, ['level']=25},
    [17457199] = {['id']=17457199, ['name']="SeekerBats", ['index']=47, ['level']=25},
    [17457182] = {['id']=17457182, ['name']="Ooze", ['index']=30, ['level']=29},
    [17457181] = {['id']=17457181, ['name']="SeekerBats", ['index']=29, ['level']=28},
    [17457192] = {['id']=17457192, ['name']="GoblinMugger", ['index']=40, ['level']=28},
    [17457191] = {['id']=17457191, ['name']="GoblinMugger", ['index']=39, ['level']=28},
    [17457193] = {['id']=17457193, ['name']="GoblinLeecher", ['index']=41, ['level']=27},
    [17457179] = {['id']=17457179, ['name']="SeekerBats", ['index']=27, ['level']=25},
    [17457180] = {['id']=17457180, ['name']="SeekerBats", ['index']=28, ['level']=28},
    [17457183] = {['id']=17457183, ['name']="GoblinMugger", ['index']=31, ['level']=29},
    [17457190] = {['id']=17457190, ['name']="SeekerBats", ['index']=38, ['level']=28},
    [17457188] = {['id']=17457188, ['name']="GoblinGambler", ['index']=36, ['level']=26},
    [17457189] = {['id']=17457189, ['name']="SeekerBats", ['index']=37, ['level']=25},
    [17457185] = {['id']=17457185, ['name']="GoblinGambler", ['index']=33, ['level']=27},
    [17457200] = {['id']=17457200, ['name']="SeekerBats", ['index']=48, ['level']=25},
    [17457201] = {['id']=17457201, ['name']="SeekerBats", ['index']=49, ['level']=25},
    [17457205] = {['id']=17457205, ['name']="Ooze", ['index']=53, ['level']=30},
    [17457206] = {['id']=17457206, ['name']="Ooze", ['index']=54, ['level']=28},
    [17457202] = {['id']=17457202, ['name']="SeekerBats", ['index']=50, ['level']=27},
    [17457203] = {['id']=17457203, ['name']="Stirge", ['index']=51, ['level']=31},
    [17457207] = {['id']=17457207, ['name']="CaveScorpion", ['index']=55, ['level']=33},
    [17457208] = {['id']=17457208, ['name']="SeekerBats", ['index']=56, ['level']=26},
    [17457246] = {['id']=17457246, ['name']="SeekerBats", ['index']=94, ['level']=27},
    [17457381] = {['id']=17457381, ['name']="GroundsTome", ['index']=229, ['level']=0},
    [17457209] = {['id']=17457209, ['name']="SeekerBats", ['index']=57, ['level']=27},
    [17457210] = {['id']=17457210, ['name']="Stirge", ['index']=58, ['level']=32},
    [17457211] = {['id']=17457211, ['name']="Stirge", ['index']=59, ['level']=30},
    [17457212] = {['id']=17457212, ['name']="Stirge", ['index']=60, ['level']=33},
    [17457213] = {['id']=17457213, ['name']="Taisai", ['index']=61, ['level']=38},
    [17457214] = {['id']=17457214, ['name']="Taisai", ['index']=62, ['level']=36},
    [17457215] = {['id']=17457215, ['name']="Taisai", ['index']=63, ['level']=38},
    [17457217] = {['id']=17457217, ['name']="GoblinMugger", ['index']=65, ['level']=29},
    [17457218] = {['id']=17457218, ['name']="GoblinLeecher", ['index']=66, ['level']=28},
    [17457219] = {['id']=17457219, ['name']="GoblinGambler", ['index']=67, ['level']=27},
    [17457222] = {['id']=17457222, ['name']="GoblinGambler", ['index']=70, ['level']=27},
    [17457223] = {['id']=17457223, ['name']="Stirge", ['index']=71, ['level']=33},
    [17457224] = {['id']=17457224, ['name']="Stirge", ['index']=72, ['level']=31},
    [17457225] = {['id']=17457225, ['name']="GiantScorpion", ['index']=73, ['level']=39},
    [17457227] = {['id']=17457227, ['name']="SeekerBats", ['index']=75, ['level']=27},
    [17457228] = {['id']=17457228, ['name']="SeekerBats", ['index']=76, ['level']=28},
    [17457229] = {['id']=17457229, ['name']="Hecteyes", ['index']=77, ['level']=32},
    [17457230] = {['id']=17457230, ['name']="Hecteyes", ['index']=78, ['level']=33},
    [17457231] = {['id']=17457231, ['name']="Hecteyes", ['index']=79, ['level']=31},
    [17457232] = {['id']=17457232, ['name']="Hecteyes", ['index']=80, ['level']=31},
    [17457233] = {['id']=17457233, ['name']="Hecteyes", ['index']=81, ['level']=34},
    [17457234] = {['id']=17457234, ['name']="Stirge", ['index']=82, ['level']=32},
    [17457235] = {['id']=17457235, ['name']="Stirge", ['index']=83, ['level']=31},
    [17457237] = {['id']=17457237, ['name']="SeekerBats", ['index']=85, ['level']=26},
    [17457238] = {['id']=17457238, ['name']="SeekerBats", ['index']=86, ['level']=25},
    [17457240] = {['id']=17457240, ['name']="SeekerBats", ['index']=88, ['level']=28},
    [17457241] = {['id']=17457241, ['name']="Stirge", ['index']=89, ['level']=30},
    [17457243] = {['id']=17457243, ['name']="Ooze", ['index']=91, ['level']=30},
    [17457245] = {['id']=17457245, ['name']="MucoidMass", ['index']=93, ['level']=47},
    [17457244] = {['id']=17457244, ['name']="Ooze", ['index']=92, ['level']=29},
    [17457242] = {['id']=17457242, ['name']="Stirge", ['index']=90, ['level']=31},
    [17457239] = {['id']=17457239, ['name']="SeekerBats", ['index']=87, ['level']=28},
    [17457247] = {['id']=17457247, ['name']="SeekerBats", ['index']=95, ['level']=28},
    [17457248] = {['id']=17457248, ['name']="HoveringOculus", ['index']=96, ['level']=91},
    [17457249] = {['id']=17457249, ['name']="Bilesucker", ['index']=97, ['level']=88},
    [17457250] = {['id']=17457250, ['name']="Bilesucker", ['index']=98, ['level']=89},
    [17457259] = {['id']=17457259, ['name']="Bilesucker", ['index']=107, ['level']=87},
    [17457261] = {['id']=17457261, ['name']="Bilesucker", ['index']=109, ['level']=87},
    [17457260] = {['id']=17457260, ['name']="Bilesucker", ['index']=108, ['level']=87},
    [17457264] = {['id']=17457264, ['name']="GoblinTanner", ['index']=112, ['level']=89},
    [17457269] = {['id']=17457269, ['name']="Bilesucker", ['index']=117, ['level']=88},
    [17457262] = {['id']=17457262, ['name']="GoblinHoodoo", ['index']=110, ['level']=90},
    [17457268] = {['id']=17457268, ['name']="Bilesucker", ['index']=116, ['level']=89},
    [17457263] = {['id']=17457263, ['name']="GoblinArtifice", ['index']=111, ['level']=88},
    [17457265] = {['id']=17457265, ['name']="GoblinChaser", ['index']=113, ['level']=88},
    [17457266] = {['id']=17457266, ['name']="Goblin\'sBats", ['index']=114, ['level']=84},
    [17457267] = {['id']=17457267, ['name']="Bilesucker", ['index']=115, ['level']=89},
    [17457270] = {['id']=17457270, ['name']="Bilesucker", ['index']=118, ['level']=88},
    [17457271] = {['id']=17457271, ['name']="Bilesucker", ['index']=119, ['level']=87},
    [17457272] = {['id']=17457272, ['name']="Bilesucker", ['index']=120, ['level']=88},
    [17457275] = {['id']=17457275, ['name']="EvilWeapon", ['index']=123, ['level']=37},
    [17457278] = {['id']=17457278, ['name']="Bilesucker", ['index']=126, ['level']=87},
    [17457277] = {['id']=17457277, ['name']="Bilesucker", ['index']=125, ['level']=89},
    [17457276] = {['id']=17457276, ['name']="Bilesucker", ['index']=124, ['level']=87},
    [17457280] = {['id']=17457280, ['name']="HoveringOculus", ['index']=128, ['level']=92},
    [17457281] = {['id']=17457281, ['name']="Bilesucker", ['index']=129, ['level']=89},
    [17457291] = {['id']=17457291, ['name']="Goblin\'sBats", ['index']=139, ['level']=83},
    [17457290] = {['id']=17457290, ['name']="GoblinChaser", ['index']=138, ['level']=89},
    [17457292] = {['id']=17457292, ['name']="Bilesucker", ['index']=140, ['level']=87},
    [17457294] = {['id']=17457294, ['name']="Bilesucker", ['index']=142, ['level']=87},
    [17457293] = {['id']=17457293, ['name']="Bilesucker", ['index']=141, ['level']=88},
    [17457252] = {['id']=17457252, ['name']="Bilesucker", ['index']=100, ['level']=89},
    [17457253] = {['id']=17457253, ['name']="Bilesucker", ['index']=101, ['level']=89},
    [17457251] = {['id']=17457251, ['name']="Bilesucker", ['index']=99, ['level']=88},
    [17457254] = {['id']=17457254, ['name']="GoblinHoodoo", ['index']=102, ['level']=90},
    [17457255] = {['id']=17457255, ['name']="GoblinArtifice", ['index']=103, ['level']=90},
    [17457256] = {['id']=17457256, ['name']="GoblinTanner", ['index']=104, ['level']=90},
    [17457257] = {['id']=17457257, ['name']="GoblinChaser", ['index']=105, ['level']=90},
    [17457258] = {['id']=17457258, ['name']="Goblin\'sBats", ['index']=106, ['level']=83},
    [17457279] = {['id']=17457279, ['name']="HoveringOculus", ['index']=127, ['level']=92},
    [17457282] = {['id']=17457282, ['name']="Bilesucker", ['index']=130, ['level']=88},
    [17457283] = {['id']=17457283, ['name']="Bilesucker", ['index']=131, ['level']=87},
    [17457284] = {['id']=17457284, ['name']="HoveringOculus", ['index']=132, ['level']=91},
    [17457285] = {['id']=17457285, ['name']="Bilesucker", ['index']=133, ['level']=89},
    [17457286] = {['id']=17457286, ['name']="Bilesucker", ['index']=134, ['level']=87},
    [17457288] = {['id']=17457288, ['name']="GoblinArtifice", ['index']=136, ['level']=88},
    [17457296] = {['id']=17457296, ['name']="HoveringOculus", ['index']=144, ['level']=92},
    [17457297] = {['id']=17457297, ['name']="Bilesucker", ['index']=145, ['level']=88},
    [17457298] = {['id']=17457298, ['name']="Bilesucker", ['index']=146, ['level']=87},
    [17457295] = {['id']=17457295, ['name']="HoveringOculus", ['index']=143, ['level']=92},
    [17457299] = {['id']=17457299, ['name']="Bilesucker", ['index']=147, ['level']=88},
    [17457301] = {['id']=17457301, ['name']="Bilesucker", ['index']=149, ['level']=89},
    [17457300] = {['id']=17457300, ['name']="Bilesucker", ['index']=148, ['level']=89},
    [17457153] = {['id']=17457153, ['name']="WindBats", ['index']=1, ['level']=3},
    [17457154] = {['id']=17457154, ['name']="WindBats", ['index']=2, ['level']=5},
    [17457155] = {['id']=17457155, ['name']="BladeBat", ['index']=3, ['level']=4},
    [17457157] = {['id']=17457157, ['name']="OilSlick", ['index']=5, ['level']=9},
    [17457158] = {['id']=17457158, ['name']="OilSlick", ['index']=6, ['level']=9},
    [17457159] = {['id']=17457159, ['name']="GoblinThug", ['index']=7, ['level']=7},
    [17457160] = {['id']=17457160, ['name']="GoblinWeaver", ['index']=8, ['level']=7},
    [17457161] = {['id']=17457161, ['name']="WindBats", ['index']=9, ['level']=3},
    [17457162] = {['id']=17457162, ['name']="WindBats", ['index']=10, ['level']=5},
    [17457163] = {['id']=17457163, ['name']="WindBats", ['index']=11, ['level']=4},
    [17457164] = {['id']=17457164, ['name']="BladeBat", ['index']=12, ['level']=4},
    [17457165] = {['id']=17457165, ['name']="BladeBat", ['index']=13, ['level']=6},
    [17457166] = {['id']=17457166, ['name']="GoblinThug", ['index']=14, ['level']=7},
    [17457167] = {['id']=17457167, ['name']="GoblinWeaver", ['index']=15, ['level']=7},
    [17457168] = {['id']=17457168, ['name']="GoblinWeaver", ['index']=16, ['level']=8},
    [17457169] = {['id']=17457169, ['name']="BladeBat", ['index']=17, ['level']=5},
    [17457170] = {['id']=17457170, ['name']="BladeBat", ['index']=18, ['level']=6},
    [17457172] = {['id']=17457172, ['name']="GoblinLeecher", ['index']=20, ['level']=29},
    [17457173] = {['id']=17457173, ['name']="GoblinGambler", ['index']=21, ['level']=28},
    [17457175] = {['id']=17457175, ['name']="GoblinLeecher", ['index']=23, ['level']=27},
    [17457177] = {['id']=17457177, ['name']="SeekerBats", ['index']=25, ['level']=27},
    [17457178] = {['id']=17457178, ['name']="SeekerBats", ['index']=26, ['level']=25},
    [17457179] = {['id']=17457179, ['name']="SeekerBats", ['index']=27, ['level']=26},
    [17457180] = {['id']=17457180, ['name']="SeekerBats", ['index']=28, ['level']=27},
    [17457181] = {['id']=17457181, ['name']="SeekerBats", ['index']=29, ['level']=26},
    [17457182] = {['id']=17457182, ['name']="Ooze", ['index']=30, ['level']=30},
    [17457183] = {['id']=17457183, ['name']="GoblinMugger", ['index']=31, ['level']=30},
    [17457186] = {['id']=17457186, ['name']="GoblinMugger", ['index']=34, ['level']=30},
    [17457187] = {['id']=17457187, ['name']="GoblinLeecher", ['index']=35, ['level']=26},
    [17457189] = {['id']=17457189, ['name']="SeekerBats", ['index']=37, ['level']=28},
    [17457190] = {['id']=17457190, ['name']="SeekerBats", ['index']=38, ['level']=27},
    [17457191] = {['id']=17457191, ['name']="GoblinMugger", ['index']=39, ['level']=29},
    [17457192] = {['id']=17457192, ['name']="GoblinMugger", ['index']=40, ['level']=30},
    [17457193] = {['id']=17457193, ['name']="GoblinLeecher", ['index']=41, ['level']=30},
    [17457194] = {['id']=17457194, ['name']="CaveScorpion", ['index']=42, ['level']=33},
    [17457195] = {['id']=17457195, ['name']="SeekerBats", ['index']=43, ['level']=26},
    [17457196] = {['id']=17457196, ['name']="SeekerBats", ['index']=44, ['level']=25},
    [17457197] = {['id']=17457197, ['name']="SeekerBats", ['index']=45, ['level']=25},
    [17457198] = {['id']=17457198, ['name']="SeekerBats", ['index']=46, ['level']=27},
    [17457199] = {['id']=17457199, ['name']="SeekerBats", ['index']=47, ['level']=26},
    [17457200] = {['id']=17457200, ['name']="SeekerBats", ['index']=48, ['level']=26},
    [17457201] = {['id']=17457201, ['name']="SeekerBats", ['index']=49, ['level']=25},
    [17457202] = {['id']=17457202, ['name']="SeekerBats", ['index']=50, ['level']=28},
    [17457203] = {['id']=17457203, ['name']="Stirge", ['index']=51, ['level']=30},
    [17457205] = {['id']=17457205, ['name']="Ooze", ['index']=53, ['level']=29},
    [17457206] = {['id']=17457206, ['name']="Ooze", ['index']=54, ['level']=28},
    [17457207] = {['id']=17457207, ['name']="CaveScorpion", ['index']=55, ['level']=30},
    [17457208] = {['id']=17457208, ['name']="SeekerBats", ['index']=56, ['level']=27},
    [17457212] = {['id']=17457212, ['name']="Stirge", ['index']=60, ['level']=32},
    [17457213] = {['id']=17457213, ['name']="Taisai", ['index']=61, ['level']=38},
    [17457336] = {['id']=17457336, ['name']="Myffore", ['index']=184, ['level']=0},
    [17457357] = {['id']=17457357, ['name']="Perchond", ['index']=205, ['level']=0},
    [17457379] = {['id']=17457379, ['name']="GroundsTome", ['index']=227, ['level']=0},
    [17457381] = {['id']=17457381, ['name']="GroundsTome", ['index']=229, ['level']=0},
    [17457388] = {['id']=17457388, ['name']="SurvivalGuide", ['index']=236, ['level']=0},
    [17457209] = {['id']=17457209, ['name']="SeekerBats", ['index']=57, ['level']=25},
    [17457210] = {['id']=17457210, ['name']="Stirge", ['index']=58, ['level']=30},
    [17457211] = {['id']=17457211, ['name']="Stirge", ['index']=59, ['level']=30},
    [17457214] = {['id']=17457214, ['name']="Taisai", ['index']=62, ['level']=38},
    [17457216] = {['id']=17457216, ['name']="Taisaijin", ['index']=64, ['level']=60},
    [17457217] = {['id']=17457217, ['name']="GoblinMugger", ['index']=65, ['level']=27},
    [17457218] = {['id']=17457218, ['name']="GoblinLeecher", ['index']=66, ['level']=29},
    [17457219] = {['id']=17457219, ['name']="GoblinGambler", ['index']=67, ['level']=29},
    [17457222] = {['id']=17457222, ['name']="GoblinGambler", ['index']=70, ['level']=27},
    [17457223] = {['id']=17457223, ['name']="Stirge", ['index']=71, ['level']=30},
    [17457224] = {['id']=17457224, ['name']="Stirge", ['index']=72, ['level']=32},
    [17457225] = {['id']=17457225, ['name']="GiantScorpion", ['index']=73, ['level']=38},
    [17457227] = {['id']=17457227, ['name']="SeekerBats", ['index']=75, ['level']=27},
    [17457228] = {['id']=17457228, ['name']="SeekerBats", ['index']=76, ['level']=25},
    [17457235] = {['id']=17457235, ['name']="Stirge", ['index']=83, ['level']=30},
    [17457237] = {['id']=17457237, ['name']="SeekerBats", ['index']=85, ['level']=27},
    [17457238] = {['id']=17457238, ['name']="SeekerBats", ['index']=86, ['level']=28},
    [17457242] = {['id']=17457242, ['name']="Stirge", ['index']=90, ['level']=32},
    [17457246] = {['id']=17457246, ['name']="SeekerBats", ['index']=94, ['level']=25},
    [17457247] = {['id']=17457247, ['name']="SeekerBats", ['index']=95, ['level']=27},
    [17457248] = {['id']=17457248, ['name']="HoveringOculus", ['index']=96, ['level']=90},
    [17457249] = {['id']=17457249, ['name']="Bilesucker", ['index']=97, ['level']=88},
    [17457250] = {['id']=17457250, ['name']="Bilesucker", ['index']=98, ['level']=89},
    [17457251] = {['id']=17457251, ['name']="Bilesucker", ['index']=99, ['level']=89},
    [17457252] = {['id']=17457252, ['name']="Bilesucker", ['index']=100, ['level']=89},
    [17457259] = {['id']=17457259, ['name']="Bilesucker", ['index']=107, ['level']=88},
    [17457260] = {['id']=17457260, ['name']="Bilesucker", ['index']=108, ['level']=88},
    [17457261] = {['id']=17457261, ['name']="Bilesucker", ['index']=109, ['level']=88},
    [17457229] = {['id']=17457229, ['name']="Hecteyes", ['index']=77, ['level']=34},
    [17457231] = {['id']=17457231, ['name']="Hecteyes", ['index']=79, ['level']=31},
    [17457234] = {['id']=17457234, ['name']="Stirge", ['index']=82, ['level']=33},
    [17457240] = {['id']=17457240, ['name']="SeekerBats", ['index']=88, ['level']=26},
