    [16896132] = {['id']=16896132, ['name']="Ignidrake", ['index']=132, ['level']=59},
    [16896133] = {['id']=16896133, ['name']="Lunantishee", ['index']=133, ['level']=56},
    [16896136] = {['id']=16896136, ['name']="Ignidrake", ['index']=136, ['level']=58},
    [16896138] = {['id']=16896138, ['name']="Ignidrake", ['index']=138, ['level']=59},
    [16896140] = {['id']=16896140, ['name']="NitroCluster", ['index']=140, ['level']=56},
    [16896141] = {['id']=16896141, ['name']="NitroCluster", ['index']=141, ['level']=56},
    [16896137] = {['id']=16896137, ['name']="Ignidrake", ['index']=137, ['level']=57},
    [16896139] = {['id']=16896139, ['name']="Ignidrake", ['index']=139, ['level']=58},
    [16896143] = {['id']=16896143, ['name']="StratoHippogry", ['index']=143, ['level']=56},
    [16896144] = {['id']=16896144, ['name']="StratoHippogry", ['index']=144, ['level']=56},
    [16896146] = {['id']=16896146, ['name']="StratoHippogry", ['index']=146, ['level']=56},
    [16896145] = {['id']=16896145, ['name']="StratoHippogry", ['index']=145, ['level']=55},
    [16896147] = {['id']=16896147, ['name']="StratoHippogry", ['index']=147, ['level']=57},
    [16896148] = {['id']=16896148, ['name']="Lunantishee", ['index']=148, ['level']=55},
    [16896150] = {['id']=16896150, ['name']="NitroCluster", ['index']=150, ['level']=56},
    [16896151] = {['id']=16896151, ['name']="NitroCluster", ['index']=151, ['level']=57},
    [16896135] = {['id']=16896135, ['name']="Ignidrake", ['index']=135, ['level']=58},
    [16896149] = {['id']=16896149, ['name']="Ignidrake", ['index']=149, ['level']=59},
    [16896079] = {['id']=16896079, ['name']="Blazedrake", ['index']=79, ['level']=85},
    [16896080] = {['id']=16896080, ['name']="Blazedrake", ['index']=80, ['level']=85},
    [16896078] = {['id']=16896078, ['name']="Blazedrake", ['index']=78, ['level']=85},
    [16896081] = {['id']=16896081, ['name']="Blazedrake", ['index']=81, ['level']=85},
    [16896084] = {['id']=16896084, ['name']="Blazedrake", ['index']=84, ['level']=86},
    [16896082] = {['id']=16896082, ['name']="Blazedrake", ['index']=82, ['level']=85},
    [16896085] = {['id']=16896085, ['name']="Blazedrake", ['index']=85, ['level']=85},
    [16896083] = {['id']=16896083, ['name']="Blazedrake", ['index']=83, ['level']=86},
    [16896131] = {['id']=16896131, ['name']="Boroka", ['index']=131, ['level']=58},
    [16896089] = {['id']=16896089, ['name']="Blazedrake", ['index']=89, ['level']=86},
    [16896063] = {['id']=16896063, ['name']="Blazedrake", ['index']=63, ['level']=86},
    [16896064] = {['id']=16896064, ['name']="Blazedrake", ['index']=64, ['level']=85},
    [16896065] = {['id']=16896065, ['name']="Blazedrake", ['index']=65, ['level']=85},
    [16896066] = {['id']=16896066, ['name']="Blazedrake", ['index']=66, ['level']=86},
    [16896067] = {['id']=16896067, ['name']="Blazedrake", ['index']=67, ['level']=86},
    [16896068] = {['id']=16896068, ['name']="Blazedrake", ['index']=68, ['level']=85},
    [16896077] = {['id']=16896077, ['name']="Lunantishee", ['index']=77, ['level']=55},
    [16896074] = {['id']=16896074, ['name']="StratoHippogry", ['index']=74, ['level']=55},
    [16896076] = {['id']=16896076, ['name']="Lunantishee", ['index']=76, ['level']=55},
    [16896075] = {['id']=16896075, ['name']="StratoHippogry", ['index']=75, ['level']=56},
    [16896124] = {['id']=16896124, ['name']="StratoHippogry", ['index']=124, ['level']=55},
    [16896125] = {['id']=16896125, ['name']="StratoHippogry", ['index']=125, ['level']=55},
    [16896126] = {['id']=16896126, ['name']="Lunantishee", ['index']=126, ['level']=56},
    [16896127] = {['id']=16896127, ['name']="Lunantishee", ['index']=127, ['level']=58},
    [16896128] = {['id']=16896128, ['name']="Lunantishee", ['index']=128, ['level']=57},
    [16896129] = {['id']=16896129, ['name']="Lunantishee", ['index']=129, ['level']=56},
    [16896130] = {['id']=16896130, ['name']="Lunantishee", ['index']=130, ['level']=56},
    [16896121] = {['id']=16896121, ['name']="Lunantishee", ['index']=121, ['level']=56},
    [16896122] = {['id']=16896122, ['name']="Lunantishee", ['index']=122, ['level']=58},
    [16896120] = {['id']=16896120, ['name']="Lunantishee", ['index']=120, ['level']=56},
    [16896118] = {['id']=16896118, ['name']="NitroCluster", ['index']=118, ['level']=56},
    [16896119] = {['id']=16896119, ['name']="NitroCluster", ['index']=119, ['level']=57},
    [16896050] = {['id']=16896050, ['name']="Lunantishee", ['index']=50, ['level']=58},
    [16896049] = {['id']=16896049, ['name']="Lunantishee", ['index']=49, ['level']=58},
    [16896045] = {['id']=16896045, ['name']="StratoHippogry", ['index']=45, ['level']=55},
    [16896044] = {['id']=16896044, ['name']="StratoHippogry", ['index']=44, ['level']=55},
    [16896046] = {['id']=16896046, ['name']="StratoHippogry", ['index']=46, ['level']=57},
    [16896048] = {['id']=16896048, ['name']="Lunantishee", ['index']=48, ['level']=56},
    [16896070] = {['id']=16896070, ['name']="StratoHippogry", ['index']=70, ['level']=56},
    [16896043] = {['id']=16896043, ['name']="StratoHippogry", ['index']=43, ['level']=55},
    [16896071] = {['id']=16896071, ['name']="StratoHippogry", ['index']=71, ['level']=57},
    [16896073] = {['id']=16896073, ['name']="Lunantishee", ['index']=73, ['level']=55},
    [16896072] = {['id']=16896072, ['name']="Lunantishee", ['index']=72, ['level']=55},
    [16896057] = {['id']=16896057, ['name']="NitroCluster", ['index']=57, ['level']=56},
    [16896055] = {['id']=16896055, ['name']="Ignidrake", ['index']=55, ['level']=58},
    [16896058] = {['id']=16896058, ['name']="NitroCluster", ['index']=58, ['level']=55},
    [16896060] = {['id']=16896060, ['name']="NitroCluster", ['index']=60, ['level']=57},
    [16896053] = {['id']=16896053, ['name']="Ignidrake", ['index']=53, ['level']=59},
    [16896056] = {['id']=16896056, ['name']="Ignidrake", ['index']=56, ['level']=57},
    [16896054] = {['id']=16896054, ['name']="Ignidrake", ['index']=54, ['level']=57},
    [16896052] = {['id']=16896052, ['name']="Ignidrake", ['index']=52, ['level']=59},
    [16896059] = {['id']=16896059, ['name']="NitroCluster", ['index']=59, ['level']=56},
    [16896061] = {['id']=16896061, ['name']="NitroCluster", ['index']=61, ['level']=56},
    [16896062] = {['id']=16896062, ['name']="NitroCluster", ['index']=62, ['level']=57},
    [16896155] = {['id']=16896155, ['name']="UnstableCluste", ['index']=155, ['level']=56},
    [16896047] = {['id']=16896047, ['name']="Lunantishee", ['index']=47, ['level']=56},
    [16896038] = {['id']=16896038, ['name']="NimbusHippogry", ['index']=38, ['level']=49},
    [16896032] = {['id']=16896032, ['name']="LesserRoc", ['index']=32, ['level']=51},
    [16896033] = {['id']=16896033, ['name']="LesserRoc", ['index']=33, ['level']=50},
    [16896036] = {['id']=16896036, ['name']="Pyrodrake", ['index']=36, ['level']=51},
    [16896037] = {['id']=16896037, ['name']="NimbusHippogry", ['index']=37, ['level']=52},
    [16896035] = {['id']=16896035, ['name']="Pyrodrake", ['index']=35, ['level']=53},
    [16896042] = {['id']=16896042, ['name']="LesserRoc", ['index']=42, ['level']=47},
    [16896040] = {['id']=16896040, ['name']="LesserRoc", ['index']=40, ['level']=48},
    [16896041] = {['id']=16896041, ['name']="LesserRoc", ['index']=41, ['level']=48},
    [16896116] = {['id']=16896116, ['name']="LesserRoc", ['index']=116, ['level']=49},
    [16896117] = {['id']=16896117, ['name']="NimbusHippogry", ['index']=117, ['level']=50},
    [16896108] = {['id']=16896108, ['name']="NimbusHippogry", ['index']=108, ['level']=52},
    [16896109] = {['id']=16896109, ['name']="NimbusHippogry", ['index']=109, ['level']=52},
    [16896110] = {['id']=16896110, ['name']="NimbusHippogry", ['index']=110, ['level']=52},
    [16896098] = {['id']=16896098, ['name']="LesserRoc", ['index']=98, ['level']=50},
    [16896103] = {['id']=16896103, ['name']="NimbusHippogry", ['index']=103, ['level']=52},
    [16896104] = {['id']=16896104, ['name']="NimbusHippogry", ['index']=104, ['level']=49},
    [16896105] = {['id']=16896105, ['name']="NimbusHippogry", ['index']=105, ['level']=52},
    [16896106] = {['id']=16896106, ['name']="NimbusHippogry", ['index']=106, ['level']=50},
    [16896099] = {['id']=16896099, ['name']="LesserRoc", ['index']=99, ['level']=51},
    [16896102] = {['id']=16896102, ['name']="NimbusHippogry", ['index']=102, ['level']=51},
    [16896100] = {['id']=16896100, ['name']="LesserRoc", ['index']=100, ['level']=49},
    [16896001] = {['id']=16896001, ['name']="LesserRoc", ['index']=1, ['level']=51},
    [16896003] = {['id']=16896003, ['name']="LesserRoc", ['index']=3, ['level']=49},
    [16896004] = {['id']=16896004, ['name']="LesserRoc", ['index']=4, ['level']=51},
    [16896012] = {['id']=16896012, ['name']="Pyrodrake", ['index']=12, ['level']=50},
    [16896015] = {['id']=16896015, ['name']="NimbusHippogry", ['index']=15, ['level']=49},
    [16896017] = {['id']=16896017, ['name']="NimbusHippogry", ['index']=17, ['level']=50},
    [16896008] = {['id']=16896008, ['name']="LesserRoc", ['index']=8, ['level']=47},
    [16896013] = {['id']=16896013, ['name']="NimbusHippogry", ['index']=13, ['level']=51},
    [16896016] = {['id']=16896016, ['name']="NimbusHippogry", ['index']=16, ['level']=49},
    [16896002] = {['id']=16896002, ['name']="LesserRoc", ['index']=2, ['level']=48},
    [16896007] = {['id']=16896007, ['name']="LesserRoc", ['index']=7, ['level']=49},
    [16896006] = {['id']=16896006, ['name']="LesserRoc", ['index']=6, ['level']=50},
    [16896011] = {['id']=16896011, ['name']="Pyrodrake", ['index']=11, ['level']=51},
    [16896005] = {['id']=16896005, ['name']="LesserRoc", ['index']=5, ['level']=51},
    [16896014] = {['id']=16896014, ['name']="NimbusHippogry", ['index']=14, ['level']=51},
    [16896009] = {['id']=16896009, ['name']="LesserRoc", ['index']=9, ['level']=51},
    [16896018] = {['id']=16896018, ['name']="Pyrodrake", ['index']=18, ['level']=52},
    [16896020] = {['id']=16896020, ['name']="NimbusHippogry", ['index']=20, ['level']=50},
    [16896019] = {['id']=16896019, ['name']="NimbusHippogry", ['index']=19, ['level']=50},
    [16896022] = {['id']=16896022, ['name']="LesserRoc", ['index']=22, ['level']=50},
    [16896028] = {['id']=16896028, ['name']="Pyrodrake", ['index']=28, ['level']=52},
    [16896024] = {['id']=16896024, ['name']="Pyrodrake", ['index']=24, ['level']=51},
    [16896023] = {['id']=16896023, ['name']="LesserRoc", ['index']=23, ['level']=48},
    [16896029] = {['id']=16896029, ['name']="NimbusHippogry", ['index']=29, ['level']=50},
    [16896025] = {['id']=16896025, ['name']="Pyrodrake", ['index']=25, ['level']=52},
    [16896026] = {['id']=16896026, ['name']="Pyrodrake", ['index']=26, ['level']=53},
    [16896027] = {['id']=16896027, ['name']="Pyrodrake", ['index']=27, ['level']=50},
    [16896093] = {['id']=16896093, ['name']="LesserRoc", ['index']=93, ['level']=51},
    [16896094] = {['id']=16896094, ['name']="LesserRoc", ['index']=94, ['level']=51},
    [16896095] = {['id']=16896095, ['name']="LesserRoc", ['index']=95, ['level']=47},
    [16896096] = {['id']=16896096, ['name']="LesserRoc", ['index']=96, ['level']=48},
