    [17228042] = {['id']=17228042, ['name']="DeathWasp", ['index']=266, ['level']=26},
    [17228054] = {['id']=17228054, ['name']="DeathWasp", ['index']=278, ['level']=26},
    [17228056] = {['id']=17228056, ['name']="MoonBat", ['index']=280, ['level']=25},
    [17228059] = {['id']=17228059, ['name']="GoobbueFarmer", ['index']=283, ['level']=31},
    [17228061] = {['id']=17228061, ['name']="BerryGrub", ['index']=285, ['level']=28},
    [17228062] = {['id']=17228062, ['name']="BerryGrub", ['index']=286, ['level']=28},
    [17228069] = {['id']=17228069, ['name']="BronzeQuadav", ['index']=293, ['level']=32},
    [17228043] = {['id']=17228043, ['name']="DeathWasp", ['index']=267, ['level']=25},
    [17228236] = {['id']=17228236, ['name']="DroolingDaisy", ['index']=460, ['level']=39},
    [17228234] = {['id']=17228234, ['name']="PoisonLeech", ['index']=458, ['level']=26},
    [17228232] = {['id']=17228232, ['name']="PoisonLeech", ['index']=456, ['level']=25},
    [17228240] = {['id']=17228240, ['name']="Clipper", ['index']=464, ['level']=24},
    [17228239] = {['id']=17228239, ['name']="Clipper", ['index']=463, ['level']=24},
    [17228238] = {['id']=17228238, ['name']="Clipper", ['index']=462, ['level']=24},
    [17228242] = {['id']=17228242, ['name']="Simurgh", ['index']=466, ['level']=58},
    [17228231] = {['id']=17228231, ['name']="PoisonLeech", ['index']=455, ['level']=26},
    [17228237] = {['id']=17228237, ['name']="Clipper", ['index']=461, ['level']=25},
    [17228233] = {['id']=17228233, ['name']="PoisonLeech", ['index']=457, ['level']=25},
    [17228120] = {['id']=17228120, ['name']="BerryGrub", ['index']=344, ['level']=27},
    [17228121] = {['id']=17228121, ['name']="BerryGrub", ['index']=345, ['level']=28},
    [17228215] = {['id']=17228215, ['name']="DeathWasp", ['index']=439, ['level']=25},
    [17228216] = {['id']=17228216, ['name']="DeathWasp", ['index']=440, ['level']=25},
    [17228218] = {['id']=17228218, ['name']="DeathWasp", ['index']=442, ['level']=26},
    [17228219] = {['id']=17228219, ['name']="MidnightWings", ['index']=443, ['level']=22},
    [17228379] = {['id']=17228379, ['name']="FieldManual", ['index']=603, ['level']=0},
    [17228392] = {['id']=17228392, ['name']="AtmaciteRefine", ['index']=616, ['level']=0},
    [17228393] = {['id']=17228393, ['name']="VoidwatchOffic", ['index']=617, ['level']=0},
    [17228394] = {['id']=17228394, ['name']="Saarlan", ['index']=618, ['level']=0},
    [17228395] = {['id']=17228395, ['name']="LegionTome", ['index']=619, ['level']=0},
    [17228396] = {['id']=17228396, ['name']="Mayuyu", ['index']=620, ['level']=0},
    [17228220] = {['id']=17228220, ['name']="MidnightWings", ['index']=444, ['level']=23},
    [17228222] = {['id']=17228222, ['name']="MoonBat", ['index']=446, ['level']=25},
    [17228217] = {['id']=17228217, ['name']="DeathWasp", ['index']=441, ['level']=25},
    [17228223] = {['id']=17228223, ['name']="GoblinMugger", ['index']=447, ['level']=26},
    [17228207] = {['id']=17228207, ['name']="DeathWasp", ['index']=431, ['level']=25},
    [17228230] = {['id']=17228230, ['name']="GoblinShaman", ['index']=454, ['level']=31},
    [17228209] = {['id']=17228209, ['name']="DeathWasp", ['index']=433, ['level']=26},
    [17228221] = {['id']=17228221, ['name']="MoonBat", ['index']=445, ['level']=25},
    [17228210] = {['id']=17228210, ['name']="DeathWasp", ['index']=434, ['level']=25},
    [17228225] = {['id']=17228225, ['name']="Goblin\'sBee", ['index']=449, ['level']=25},
    [17228224] = {['id']=17228224, ['name']="GoblinPathfind", ['index']=448, ['level']=31},
    [17228211] = {['id']=17228211, ['name']="MidnightWings", ['index']=435, ['level']=22},
    [17228213] = {['id']=17228213, ['name']="MoonBat", ['index']=437, ['level']=25},
    [17228208] = {['id']=17228208, ['name']="DeathWasp", ['index']=432, ['level']=26},
    [17228228] = {['id']=17228228, ['name']="GoblinGambler", ['index']=452, ['level']=27},
    [17228182] = {['id']=17228182, ['name']="MidnightWings", ['index']=406, ['level']=22},
    [17228176] = {['id']=17228176, ['name']="BerryGrub", ['index']=400, ['level']=27},
    [17228214] = {['id']=17228214, ['name']="MoonBat", ['index']=438, ['level']=26},
    [17228191] = {['id']=17228191, ['name']="BrassQuadav", ['index']=415, ['level']=28},
    [17228187] = {['id']=17228187, ['name']="EvilSpirit", ['index']=411, ['level']=36},
    [17228184] = {['id']=17228184, ['name']="MoonBat", ['index']=408, ['level']=25},
    [17228178] = {['id']=17228178, ['name']="BerryGrub", ['index']=402, ['level']=27},
    [17228212] = {['id']=17228212, ['name']="MidnightWings", ['index']=436, ['level']=22},
    [17228227] = {['id']=17228227, ['name']="GoblinFurrier", ['index']=451, ['level']=32},
    [17228156] = {['id']=17228156, ['name']="EvilWeapon", ['index']=380, ['level']=38},
    [17228181] = {['id']=17228181, ['name']="MidnightWings", ['index']=405, ['level']=23},
    [17228153] = {['id']=17228153, ['name']="EvilWeapon", ['index']=377, ['level']=37},
    [17228154] = {['id']=17228154, ['name']="EvilWeapon", ['index']=378, ['level']=37},
    [17228155] = {['id']=17228155, ['name']="EvilWeapon", ['index']=379, ['level']=38},
    [17227782] = {['id']=17227782, ['name']="SilkCaterpilla", ['index']=6, ['level']=28},
    [17228183] = {['id']=17228183, ['name']="MoonBat", ['index']=407, ['level']=26},
    [17228147] = {['id']=17228147, ['name']="EvilSpirit", ['index']=371, ['level']=35},
    [17228146] = {['id']=17228146, ['name']="EvilSpirit", ['index']=370, ['level']=35},
    [17228152] = {['id']=17228152, ['name']="EvilWeapon", ['index']=376, ['level']=38},
    [17228148] = {['id']=17228148, ['name']="EvilWeapon", ['index']=372, ['level']=38},
    [17228002] = {['id']=17228002, ['name']="BerryGrub", ['index']=226, ['level']=27},
    [17228003] = {['id']=17228003, ['name']="BerryGrub", ['index']=227, ['level']=28},
    [17228005] = {['id']=17228005, ['name']="PoisonLeech", ['index']=229, ['level']=25},
    [17228006] = {['id']=17228006, ['name']="PoisonLeech", ['index']=230, ['level']=25},
    [17228007] = {['id']=17228007, ['name']="PoisonLeech", ['index']=231, ['level']=25},
    [17228008] = {['id']=17228008, ['name']="MidnightWings", ['index']=232, ['level']=22},
    [17228009] = {['id']=17228009, ['name']="MidnightWings", ['index']=233, ['level']=23},
    [17228020] = {['id']=17228020, ['name']="Clipper", ['index']=244, ['level']=24},
    [17228021] = {['id']=17228021, ['name']="Clipper", ['index']=245, ['level']=24},
    [17228022] = {['id']=17228022, ['name']="Clipper", ['index']=246, ['level']=25},
    [17228028] = {['id']=17228028, ['name']="EvilWeapon", ['index']=252, ['level']=38},
    [17228026] = {['id']=17228026, ['name']="MidnightWings", ['index']=250, ['level']=23},
    [17228029] = {['id']=17228029, ['name']="EvilWeapon", ['index']=253, ['level']=37},
    [17228027] = {['id']=17228027, ['name']="EvilWeapon", ['index']=251, ['level']=38},
    [17228024] = {['id']=17228024, ['name']="GoobbueFarmer", ['index']=248, ['level']=32},
    [17227997] = {['id']=17227997, ['name']="Ochu", ['index']=221, ['level']=36},
    [17227995] = {['id']=17227995, ['name']="BerryGrub", ['index']=219, ['level']=28},
    [17228004] = {['id']=17228004, ['name']="PoisonLeech", ['index']=228, ['level']=25},
    [17228012] = {['id']=17228012, ['name']="Goblin\'sBee", ['index']=236, ['level']=25},
    [17228011] = {['id']=17228011, ['name']="GoblinPathfind", ['index']=235, ['level']=31},
    [17228014] = {['id']=17228014, ['name']="GoblinFurrier", ['index']=238, ['level']=31},
    [17228015] = {['id']=17228015, ['name']="GoblinGambler", ['index']=239, ['level']=27},
    [17228013] = {['id']=17228013, ['name']="GoblinLeecher", ['index']=237, ['level']=26},
    [17227998] = {['id']=17227998, ['name']="MidnightWings", ['index']=222, ['level']=22},
    [17228010] = {['id']=17228010, ['name']="GoblinMugger", ['index']=234, ['level']=27},
    [17228017] = {['id']=17228017, ['name']="GoblinShaman", ['index']=241, ['level']=31},
    [17228000] = {['id']=17228000, ['name']="MidnightWings", ['index']=224, ['level']=22},
    [17227990] = {['id']=17227990, ['name']="MidnightWings", ['index']=214, ['level']=22},
    [17228001] = {['id']=17228001, ['name']="MidnightWings", ['index']=225, ['level']=23},
    [17227993] = {['id']=17227993, ['name']="BerryGrub", ['index']=217, ['level']=28},
    [17227984] = {['id']=17227984, ['name']="BerryGrub", ['index']=208, ['level']=28},
    [17228016] = {['id']=17228016, ['name']="GoblinSmithy", ['index']=240, ['level']=31},
    [17227949] = {['id']=17227949, ['name']="Ochu", ['index']=173, ['level']=37},
    [17227991] = {['id']=17227991, ['name']="MidnightWings", ['index']=215, ['level']=23},
    [17227989] = {['id']=17227989, ['name']="MidnightWings", ['index']=213, ['level']=22},
    [17227986] = {['id']=17227986, ['name']="Ochu", ['index']=210, ['level']=37},
    [17227985] = {['id']=17227985, ['name']="BerryGrub", ['index']=209, ['level']=28},
    [17227950] = {['id']=17227950, ['name']="MidnightWings", ['index']=174, ['level']=23},
    [17227947] = {['id']=17227947, ['name']="BerryGrub", ['index']=171, ['level']=28},
    [17227945] = {['id']=17227945, ['name']="BerryGrub", ['index']=169, ['level']=27},
    [17227951] = {['id']=17227951, ['name']="MidnightWings", ['index']=175, ['level']=22},
    [17227987] = {['id']=17227987, ['name']="Ochu", ['index']=211, ['level']=37},
    [17227983] = {['id']=17227983, ['name']="BerryGrub", ['index']=207, ['level']=28},
    [17227965] = {['id']=17227965, ['name']="BerryGrub", ['index']=189, ['level']=27},
    [17227968] = {['id']=17227968, ['name']="MidnightWings", ['index']=192, ['level']=23},
    [17227969] = {['id']=17227969, ['name']="MidnightWings", ['index']=193, ['level']=22},
    [17227994] = {['id']=17227994, ['name']="BerryGrub", ['index']=218, ['level']=28},
    [17227971] = {['id']=17227971, ['name']="MidnightWings", ['index']=195, ['level']=23},
    [17227977] = {['id']=17227977, ['name']="GoblinFurrier", ['index']=201, ['level']=31},
    [17227980] = {['id']=17227980, ['name']="GoblinShaman", ['index']=204, ['level']=32},
    [17227957] = {['id']=17227957, ['name']="Ochu", ['index']=181, ['level']=36},
    [17227958] = {['id']=17227958, ['name']="Ochu", ['index']=182, ['level']=37},
    [17227963] = {['id']=17227963, ['name']="BerryGrub", ['index']=187, ['level']=28},
    [17227966] = {['id']=17227966, ['name']="Ochu", ['index']=190, ['level']=37},
    [17227970] = {['id']=17227970, ['name']="MidnightWings", ['index']=194, ['level']=23},
    [17227967] = {['id']=17227967, ['name']="Ochu", ['index']=191, ['level']=37},
    [17227996] = {['id']=17227996, ['name']="Ochu", ['index']=220, ['level']=36},
    [17227979] = {['id']=17227979, ['name']="GoblinSmithy", ['index']=203, ['level']=31},
    [17227964] = {['id']=17227964, ['name']="BerryGrub", ['index']=188, ['level']=27},
    [17227962] = {['id']=17227962, ['name']="MidnightWings", ['index']=186, ['level']=22},
    [17227961] = {['id']=17227961, ['name']="MidnightWings", ['index']=185, ['level']=22},
    [17227976] = {['id']=17227976, ['name']="GoblinLeecher", ['index']=200, ['level']=26},
    [17227956] = {['id']=17227956, ['name']="BerryGrub", ['index']=180, ['level']=28},
    [17227959] = {['id']=17227959, ['name']="MidnightWings", ['index']=183, ['level']=22},
    [17228033] = {['id']=17228033, ['name']="DeathWasp", ['index']=257, ['level']=26},
    [17228036] = {['id']=17228036, ['name']="MoonBat", ['index']=260, ['level']=26},
    [17228039] = {['id']=17228039, ['name']="BerryGrub", ['index']=263, ['level']=28},
    [17228040] = {['id']=17228040, ['name']="BerryGrub", ['index']=264, ['level']=28},
    [17228067] = {['id']=17228067, ['name']="OldQuadav", ['index']=291, ['level']=28},
    [17228038] = {['id']=17228038, ['name']="BerryGrub", ['index']=262, ['level']=28},
    [17228031] = {['id']=17228031, ['name']="DeathWasp", ['index']=255, ['level']=25},
    [17228032] = {['id']=17228032, ['name']="DeathWasp", ['index']=256, ['level']=25},
    [17227955] = {['id']=17227955, ['name']="BerryGrub", ['index']=179, ['level']=27},
    [17227954] = {['id']=17227954, ['name']="BerryGrub", ['index']=178, ['level']=27},
    [17227940] = {['id']=17227940, ['name']="ZirconQuadav", ['index']=164, ['level']=32},
    [17227928] = {['id']=17227928, ['name']="DeathWasp", ['index']=152, ['level']=26},
    [17227960] = {['id']=17227960, ['name']="MidnightWings", ['index']=184, ['level']=23},
    [17227925] = {['id']=17227925, ['name']="DeathWasp", ['index']=149, ['level']=26},
    [17227926] = {['id']=17227926, ['name']="DeathWasp", ['index']=150, ['level']=25},
    [17227973] = {['id']=17227973, ['name']="GoblinMugger", ['index']=197, ['level']=26},
    [17227952] = {['id']=17227952, ['name']="MidnightWings", ['index']=176, ['level']=23},
    [17227927] = {['id']=17227927, ['name']="DeathWasp", ['index']=151, ['level']=26},
    [17227946] = {['id']=17227946, ['name']="BerryGrub", ['index']=170, ['level']=28},
    [17227948] = {['id']=17227948, ['name']="Ochu", ['index']=172, ['level']=37},
    [17227974] = {['id']=17227974, ['name']="GoblinPathfind", ['index']=198, ['level']=31},
    [17227895] = {['id']=17227895, ['name']="BerryGrub", ['index']=119, ['level']=27},
    [17227975] = {['id']=17227975, ['name']="Goblin\'sBee", ['index']=199, ['level']=23},
    [17227978] = {['id']=17227978, ['name']="GoblinGambler", ['index']=202, ['level']=27},
    [17227953] = {['id']=17227953, ['name']="MidnightWings", ['index']=177, ['level']=22},
    [17227896] = {['id']=17227896, ['name']="Ochu", ['index']=120, ['level']=37},
    [17227923] = {['id']=17227923, ['name']="BerryGrub", ['index']=147, ['level']=27},
    [17227924] = {['id']=17227924, ['name']="BerryGrub", ['index']=148, ['level']=27},
    [17227930] = {['id']=17227930, ['name']="MoonBat", ['index']=154, ['level']=25},
    [17227931] = {['id']=17227931, ['name']="MoonBat", ['index']=155, ['level']=26},
    [17227937] = {['id']=17227937, ['name']="BronzeQuadav", ['index']=161, ['level']=33},
    [17227899] = {['id']=17227899, ['name']="MidnightWings", ['index']=123, ['level']=22},
    [17227901] = {['id']=17227901, ['name']="MidnightWings", ['index']=125, ['level']=22},
    [17227897] = {['id']=17227897, ['name']="Ochu", ['index']=121, ['level']=36},
    [17227817] = {['id']=17227817, ['name']="BerryGrub", ['index']=41, ['level']=28},
    [17227819] = {['id']=17227819, ['name']="BerryGrub", ['index']=43, ['level']=27},
    [17227818] = {['id']=17227818, ['name']="BerryGrub", ['index']=42, ['level']=28},
    [17227798] = {['id']=17227798, ['name']="DeathWasp", ['index']=22, ['level']=25},
    [17227808] = {['id']=17227808, ['name']="BerryGrub", ['index']=32, ['level']=27},
    [17227809] = {['id']=17227809, ['name']="DeathWasp", ['index']=33, ['level']=25},
    [17227824] = {['id']=17227824, ['name']="BronzeQuadav", ['index']=48, ['level']=33},
    [17227825] = {['id']=17227825, ['name']="BrassQuadav", ['index']=49, ['level']=27},
    [17227821] = {['id']=17227821, ['name']="BerryGrub", ['index']=45, ['level']=28},
    [17227820] = {['id']=17227820, ['name']="BerryGrub", ['index']=44, ['level']=28},
    [17227814] = {['id']=17227814, ['name']="MoonBat", ['index']=38, ['level']=25},
    [17227816] = {['id']=17227816, ['name']="GoobbueFarmer", ['index']=40, ['level']=32},
    [17227851] = {['id']=17227851, ['name']="MidnightWings", ['index']=75, ['level']=22},
    [17227850] = {['id']=17227850, ['name']="MidnightWings", ['index']=74, ['level']=23},
    [17227843] = {['id']=17227843, ['name']="BerryGrub", ['index']=67, ['level']=28},
    [17227842] = {['id']=17227842, ['name']="BerryGrub", ['index']=66, ['level']=28},
    [17227871] = {['id']=17227871, ['name']="MidnightWings", ['index']=95, ['level']=23},
    [17227827] = {['id']=17227827, ['name']="ZirconQuadav", ['index']=51, ['level']=33},
    [17227870] = {['id']=17227870, ['name']="MidnightWings", ['index']=94, ['level']=22},
    [17227864] = {['id']=17227864, ['name']="BerryGrub", ['index']=88, ['level']=27},
    [17227826] = {['id']=17227826, ['name']="SilverQuadav", ['index']=50, ['level']=33},
    [17227805] = {['id']=17227805, ['name']="BerryGrub", ['index']=29, ['level']=27},
    [17227804] = {['id']=17227804, ['name']="BerryGrub", ['index']=28, ['level']=28},
    [17227806] = {['id']=17227806, ['name']="BerryGrub", ['index']=30, ['level']=28},
    [17227803] = {['id']=17227803, ['name']="BerryGrub", ['index']=27, ['level']=28},
    [17227802] = {['id']=17227802, ['name']="GoobbueFarmer", ['index']=26, ['level']=32},
    [17227807] = {['id']=17227807, ['name']="BerryGrub", ['index']=31, ['level']=27},
    [17227800] = {['id']=17227800, ['name']="MoonBat", ['index']=24, ['level']=25},
    [17227796] = {['id']=17227796, ['name']="DeathWasp", ['index']=20, ['level']=26},
    [17227797] = {['id']=17227797, ['name']="DeathWasp", ['index']=21, ['level']=26},
    [17228241] = {['id']=17228241, ['name']="GoblinDigger", ['index']=465, ['level']=29},
    [17227795] = {['id']=17227795, ['name']="DeathWasp", ['index']=19, ['level']=25},
    [17227832] = {['id']=17227832, ['name']="BerryGrub", ['index']=56, ['level']=28},
    [17227801] = {['id']=17227801, ['name']="MoonBat", ['index']=25, ['level']=26},
    [17227823] = {['id']=17227823, ['name']="CopperQuadav", ['index']=47, ['level']=27},
    [17227837] = {['id']=17227837, ['name']="Ochu", ['index']=61, ['level']=36},
    [17227783] = {['id']=17227783, ['name']="DeathWasp", ['index']=7, ['level']=25},
    [17227828] = {['id']=17227828, ['name']="GarnetQuadav", ['index']=52, ['level']=32},
    [17227841] = {['id']=17227841, ['name']="MidnightWings", ['index']=65, ['level']=22},
    [17227838] = {['id']=17227838, ['name']="MidnightWings", ['index']=62, ['level']=22},
    [17227839] = {['id']=17227839, ['name']="MidnightWings", ['index']=63, ['level']=22},
    [17227840] = {['id']=17227840, ['name']="MidnightWings", ['index']=64, ['level']=22},
    [17227834] = {['id']=17227834, ['name']="BerryGrub", ['index']=58, ['level']=28},
    [17227836] = {['id']=17227836, ['name']="Ochu", ['index']=60, ['level']=36},
    [17227833] = {['id']=17227833, ['name']="BerryGrub", ['index']=57, ['level']=28},
    [17227835] = {['id']=17227835, ['name']="BerryGrub", ['index']=59, ['level']=27},
    [17227794] = {['id']=17227794, ['name']="BerryGrub", ['index']=18, ['level']=28},
    [17227788] = {['id']=17227788, ['name']="MoonBat", ['index']=12, ['level']=26},
    [17227793] = {['id']=17227793, ['name']="BerryGrub", ['index']=17, ['level']=28},
    [17227822] = {['id']=17227822, ['name']="OldQuadav", ['index']=46, ['level']=27},
    [17227785] = {['id']=17227785, ['name']="DeathWasp", ['index']=9, ['level']=26},
    [17227789] = {['id']=17227789, ['name']="MoonBat", ['index']=13, ['level']=25},
    [17227786] = {['id']=17227786, ['name']="DeathWasp", ['index']=10, ['level']=25},
    [17227791] = {['id']=17227791, ['name']="BerryGrub", ['index']=15, ['level']=27},
    [17227792] = {['id']=17227792, ['name']="BerryGrub", ['index']=16, ['level']=28},
    [17227784] = {['id']=17227784, ['name']="DeathWasp", ['index']=8, ['level']=26},
    [17227790] = {['id']=17227790, ['name']="GoobbueFarmer", ['index']=14, ['level']=32},
    [17227869] = {['id']=17227869, ['name']="MidnightWings", ['index']=93, ['level']=23},
    [17227863] = {['id']=17227863, ['name']="BerryGrub", ['index']=87, ['level']=27},
    [17227865] = {['id']=17227865, ['name']="BerryGrub", ['index']=89, ['level']=27},
    [17227848] = {['id']=17227848, ['name']="MidnightWings", ['index']=72, ['level']=23},
    [17227812] = {['id']=17227812, ['name']="DeathWasp", ['index']=36, ['level']=26},
    [17227903] = {['id']=17227903, ['name']="DeathWasp", ['index']=127, ['level']=25},
    [17227939] = {['id']=17227939, ['name']="SilverQuadav", ['index']=163, ['level']=32},
    [17227904] = {['id']=17227904, ['name']="DeathWasp", ['index']=128, ['level']=26},
    [17227905] = {['id']=17227905, ['name']="DeathWasp", ['index']=129, ['level']=25},
    [17227906] = {['id']=17227906, ['name']="DeathWasp", ['index']=130, ['level']=26},
    [17227910] = {['id']=17227910, ['name']="GoobbueFarmer", ['index']=134, ['level']=32},
    [17227908] = {['id']=17227908, ['name']="MoonBat", ['index']=132, ['level']=25},
    [17227907] = {['id']=17227907, ['name']="MoonBat", ['index']=131, ['level']=25},
    [17227941] = {['id']=17227941, ['name']="GarnetQuadav", ['index']=165, ['level']=32},
    [17227935] = {['id']=17227935, ['name']="OldQuadav", ['index']=159, ['level']=27},
    [17227811] = {['id']=17227811, ['name']="DeathWasp", ['index']=35, ['level']=25},
    [17227810] = {['id']=17227810, ['name']="DeathWasp", ['index']=34, ['level']=25},
    [17227815] = {['id']=17227815, ['name']="MoonBat", ['index']=39, ['level']=25},
    [17227893] = {['id']=17227893, ['name']="BerryGrub", ['index']=117, ['level']=28},
    [17227898] = {['id']=17227898, ['name']="MidnightWings", ['index']=122, ['level']=23},
    [17227894] = {['id']=17227894, ['name']="BerryGrub", ['index']=118, ['level']=27},
    [17227909] = {['id']=17227909, ['name']="MoonBat", ['index']=133, ['level']=25},
    [17227892] = {['id']=17227892, ['name']="BerryGrub", ['index']=116, ['level']=27},
    [17227900] = {['id']=17227900, ['name']="MidnightWings", ['index']=124, ['level']=23},
    [17227932] = {['id']=17227932, ['name']="GoobbueFarmer", ['index']=156, ['level']=31},
    [17227929] = {['id']=17227929, ['name']="MoonBat", ['index']=153, ['level']=26},
    [17227933] = {['id']=17227933, ['name']="BerryGrub", ['index']=157, ['level']=28},
    [17227934] = {['id']=17227934, ['name']="BerryGrub", ['index']=158, ['level']=27},
    [17227917] = {['id']=17227917, ['name']="DeathWasp", ['index']=141, ['level']=25},
    [17227936] = {['id']=17227936, ['name']="CopperQuadav", ['index']=160, ['level']=27},
    [17227920] = {['id']=17227920, ['name']="MoonBat", ['index']=144, ['level']=26},
    [17227938] = {['id']=17227938, ['name']="BrassQuadav", ['index']=162, ['level']=28},
    [17227922] = {['id']=17227922, ['name']="GoobbueFarmer", ['index']=146, ['level']=32},
    [17227916] = {['id']=17227916, ['name']="DeathWasp", ['index']=140, ['level']=26},
    [17227918] = {['id']=17227918, ['name']="DeathWasp", ['index']=142, ['level']=26},
    [17227915] = {['id']=17227915, ['name']="DeathWasp", ['index']=139, ['level']=26},
    [17227921] = {['id']=17227921, ['name']="MoonBat", ['index']=145, ['level']=25},
    [17228108] = {['id']=17228108, ['name']="BerryGrub", ['index']=332, ['level']=28},
    [17228136] = {['id']=17228136, ['name']="GoblinMugger", ['index']=360, ['level']=26},
    [17228107] = {['id']=17228107, ['name']="BerryGrub", ['index']=331, ['level']=27},
    [17228120] = {['id']=17228120, ['name']="BerryGrub", ['index']=344, ['level']=27},
    [17228112] = {['id']=17228112, ['name']="BerryGrub", ['index']=336, ['level']=27},
    [17228114] = {['id']=17228114, ['name']="PoisonLeech", ['index']=338, ['level']=25},
    [17228115] = {['id']=17228115, ['name']="MidnightWings", ['index']=339, ['level']=22},
    [17228118] = {['id']=17228118, ['name']="Clipper", ['index']=342, ['level']=24},
    [17228111] = {['id']=17228111, ['name']="BerryGrub", ['index']=335, ['level']=28},
    [17228135] = {['id']=17228135, ['name']="Ochu", ['index']=359, ['level']=37},
    [17228140] = {['id']=17228140, ['name']="GoblinFurrier", ['index']=364, ['level']=32},
    [17228141] = {['id']=17228141, ['name']="GoblinGambler", ['index']=365, ['level']=27},
    [17228117] = {['id']=17228117, ['name']="Clipper", ['index']=341, ['level']=24},
    [17228121] = {['id']=17228121, ['name']="BerryGrub", ['index']=345, ['level']=28},
    [17228233] = {['id']=17228233, ['name']="PoisonLeech", ['index']=457, ['level']=26},
    [17228086] = {['id']=17228086, ['name']="RavenousCrawle", ['index']=310, ['level']=42},
    [17228078] = {['id']=17228078, ['name']="BerryGrub", ['index']=302, ['level']=27},
    [17228077] = {['id']=17228077, ['name']="BerryGrub", ['index']=301, ['level']=27},
    [17228082] = {['id']=17228082, ['name']="MidnightWings", ['index']=306, ['level']=23},
    [17228080] = {['id']=17228080, ['name']="Ochu", ['index']=304, ['level']=37},
    [17228100] = {['id']=17228100, ['name']="GoblinLeecher", ['index']=324, ['level']=27},
    [17228046] = {['id']=17228046, ['name']="MoonBat", ['index']=270, ['level']=25},
    [17228104] = {['id']=17228104, ['name']="GoblinShaman", ['index']=328, ['level']=32},
    [17228101] = {['id']=17228101, ['name']="GoblinFurrier", ['index']=325, ['level']=32},
    [17228049] = {['id']=17228049, ['name']="BerryGrub", ['index']=273, ['level']=28},
    [17228051] = {['id']=17228051, ['name']="BerryGrub", ['index']=275, ['level']=28},
    [17228050] = {['id']=17228050, ['name']="BerryGrub", ['index']=274, ['level']=28},
    [17228047] = {['id']=17228047, ['name']="MoonBat", ['index']=271, ['level']=26},
    [17228044] = {['id']=17228044, ['name']="DeathWasp", ['index']=268, ['level']=26},
    [17228069] = {['id']=17228069, ['name']="BronzeQuadav", ['index']=293, ['level']=33},
    [17228041] = {['id']=17228041, ['name']="DeathWasp", ['index']=265, ['level']=26},
    [17228042] = {['id']=17228042, ['name']="DeathWasp", ['index']=266, ['level']=25},
    [17228045] = {['id']=17228045, ['name']="MoonBat", ['index']=269, ['level']=26},
    [17228048] = {['id']=17228048, ['name']="GoobbueFarmer", ['index']=272, ['level']=32},
    [17228043] = {['id']=17228043, ['name']="DeathWasp", ['index']=267, ['level']=26},
    [17228072] = {['id']=17228072, ['name']="ZirconQuadav", ['index']=296, ['level']=33},
    [17228073] = {['id']=17228073, ['name']="GarnetQuadav", ['index']=297, ['level']=33},
    [17228099] = {['id']=17228099, ['name']="Goblin\'sBee", ['index']=323, ['level']=25},
    [17228098] = {['id']=17228098, ['name']="GoblinPathfind", ['index']=322, ['level']=32},
    [17228097] = {['id']=17228097, ['name']="GoblinMugger", ['index']=321, ['level']=26},
    [17228030] = {['id']=17228030, ['name']="DeathWasp", ['index']=254, ['level']=26},
    [17228035] = {['id']=17228035, ['name']="MoonBat", ['index']=259, ['level']=26},
    [17228081] = {['id']=17228081, ['name']="Ochu", ['index']=305, ['level']=36},
    [17228083] = {['id']=17228083, ['name']="MidnightWings", ['index']=307, ['level']=23},
    [17228079] = {['id']=17228079, ['name']="BerryGrub", ['index']=303, ['level']=28},
    [17228085] = {['id']=17228085, ['name']="MidnightWings", ['index']=309, ['level']=23},
    [17228093] = {['id']=17228093, ['name']="Ochu", ['index']=317, ['level']=36},
    [17228088] = {['id']=17228088, ['name']="Ochu", ['index']=312, ['level']=37},
    [17228087] = {['id']=17228087, ['name']="BerryGrub", ['index']=311, ['level']=28},
    [17228103] = {['id']=17228103, ['name']="GoblinSmithy", ['index']=327, ['level']=31},
    [17228052] = {['id']=17228052, ['name']="DeathWasp", ['index']=276, ['level']=25},
    [17228066] = {['id']=17228066, ['name']="BerryGrub", ['index']=290, ['level']=27},
    [17228070] = {['id']=17228070, ['name']="BrassQuadav", ['index']=294, ['level']=27},
    [17228092] = {['id']=17228092, ['name']="BerryGrub", ['index']=316, ['level']=27},
    [17228102] = {['id']=17228102, ['name']="GoblinGambler", ['index']=326, ['level']=27},
    [17228096] = {['id']=17228096, ['name']="MidnightWings", ['index']=320, ['level']=23},
    [17228142] = {['id']=17228142, ['name']="GoblinSmithy", ['index']=366, ['level']=31},
    [17228127] = {['id']=17228127, ['name']="PoisonLeech", ['index']=351, ['level']=26},
    [17228137] = {['id']=17228137, ['name']="GoblinPathfind", ['index']=361, ['level']=31},
    [17228138] = {['id']=17228138, ['name']="Goblin\'sBee", ['index']=362, ['level']=24},
    [17228125] = {['id']=17228125, ['name']="PoisonLeech", ['index']=349, ['level']=25},
    [17228122] = {['id']=17228122, ['name']="Ochu", ['index']=346, ['level']=37},
    [17228128] = {['id']=17228128, ['name']="MidnightWings", ['index']=352, ['level']=23},
    [17228123] = {['id']=17228123, ['name']="PoisonLeech", ['index']=347, ['level']=25},
    [17228139] = {['id']=17228139, ['name']="GoblinLeecher", ['index']=363, ['level']=26},
    [17228132] = {['id']=17228132, ['name']="Clipper", ['index']=356, ['level']=25},
    [17228130] = {['id']=17228130, ['name']="Clipper", ['index']=354, ['level']=25},
    [17228131] = {['id']=17228131, ['name']="Clipper", ['index']=355, ['level']=25},
    [17228133] = {['id']=17228133, ['name']="Clipper", ['index']=357, ['level']=24},
    [17228126] = {['id']=17228126, ['name']="PoisonLeech", ['index']=350, ['level']=25},
    [17228143] = {['id']=17228143, ['name']="GoblinShaman", ['index']=367, ['level']=31},
    [17228231] = {['id']=17228231, ['name']="PoisonLeech", ['index']=455, ['level']=25},
    [17228240] = {['id']=17228240, ['name']="Clipper", ['index']=464, ['level']=25},
    [17228124] = {['id']=17228124, ['name']="PoisonLeech", ['index']=348, ['level']=25},
    [17228242] = {['id']=17228242, ['name']="Simurgh", ['index']=466, ['level']=58},
    [17228232] = {['id']=17228232, ['name']="PoisonLeech", ['index']=456, ['level']=26},
    [17228238] = {['id']=17228238, ['name']="Clipper", ['index']=462, ['level']=24},
    [17228239] = {['id']=17228239, ['name']="Clipper", ['index']=463, ['level']=25},
    [17228113] = {['id']=17228113, ['name']="PoisonLeech", ['index']=337, ['level']=25},
    [17227912] = {['id']=17227912, ['name']="BerryGrub", ['index']=136, ['level']=27},
    [17227911] = {['id']=17227911, ['name']="BerryGrub", ['index']=135, ['level']=27},
    [17227919] = {['id']=17227919, ['name']="MoonBat", ['index']=143, ['level']=26},
    [17227914] = {['id']=17227914, ['name']="BerryGrub", ['index']=138, ['level']=27},
    [17227849] = {['id']=17227849, ['name']="MidnightWings", ['index']=73, ['level']=23},
    [17227845] = {['id']=17227845, ['name']="BerryGrub", ['index']=69, ['level']=27},
    [17227846] = {['id']=17227846, ['name']="Ochu", ['index']=70, ['level']=37},
    [17227856] = {['id']=17227856, ['name']="Ochu", ['index']=80, ['level']=36},
    [17227857] = {['id']=17227857, ['name']="Ochu", ['index']=81, ['level']=37},
    [17227847] = {['id']=17227847, ['name']="Ochu", ['index']=71, ['level']=37},
    [17227913] = {['id']=17227913, ['name']="BerryGrub", ['index']=137, ['level']=28},
    [17227844] = {['id']=17227844, ['name']="BerryGrub", ['index']=68, ['level']=28},
    [17227853] = {['id']=17227853, ['name']="BerryGrub", ['index']=77, ['level']=28},
    [17227860] = {['id']=17227860, ['name']="MidnightWings", ['index']=84, ['level']=22},
    [17227858] = {['id']=17227858, ['name']="MidnightWings", ['index']=82, ['level']=23},
    [17227852] = {['id']=17227852, ['name']="BerryGrub", ['index']=76, ['level']=28},
    [17227880] = {['id']=17227880, ['name']="MidnightWings", ['index']=104, ['level']=22},
    [17227854] = {['id']=17227854, ['name']="BerryGrub", ['index']=78, ['level']=28},
    [17227872] = {['id']=17227872, ['name']="BerryGrub", ['index']=96, ['level']=28},
    [17227875] = {['id']=17227875, ['name']="BerryGrub", ['index']=99, ['level']=28},
    [17227888] = {['id']=17227888, ['name']="GoblinSmithy", ['index']=112, ['level']=32},
    [17227889] = {['id']=17227889, ['name']="GoblinShaman", ['index']=113, ['level']=31},
    [17227887] = {['id']=17227887, ['name']="GoblinGambler", ['index']=111, ['level']=26},
    [17227855] = {['id']=17227855, ['name']="BerryGrub", ['index']=79, ['level']=27},
    [17227882] = {['id']=17227882, ['name']="GoblinMugger", ['index']=106, ['level']=26},
    [17227877] = {['id']=17227877, ['name']="Ochu", ['index']=101, ['level']=37},
    [17227885] = {['id']=17227885, ['name']="GoblinLeecher", ['index']=109, ['level']=27},
    [17227866] = {['id']=17227866, ['name']="Ochu", ['index']=90, ['level']=36},
    [17227862] = {['id']=17227862, ['name']="BerryGrub", ['index']=86, ['level']=27},
    [17227886] = {['id']=17227886, ['name']="GoblinFurrier", ['index']=110, ['level']=31},
    [17227867] = {['id']=17227867, ['name']="Ochu", ['index']=91, ['level']=37},
    [17227874] = {['id']=17227874, ['name']="BerryGrub", ['index']=98, ['level']=27},
    [17227873] = {['id']=17227873, ['name']="BerryGrub", ['index']=97, ['level']=28},
    [17227884] = {['id']=17227884, ['name']="Goblin\'sBee", ['index']=108, ['level']=23},
    [17227883] = {['id']=17227883, ['name']="GoblinPathfind", ['index']=107, ['level']=31},
    [17227876] = {['id']=17227876, ['name']="Ochu", ['index']=100, ['level']=37},
    [17228037] = {['id']=17228037, ['name']="GoobbueFarmer", ['index']=261, ['level']=31},
    [17228034] = {['id']=17228034, ['name']="MoonBat", ['index']=258, ['level']=26},
    [17228068] = {['id']=17228068, ['name']="CopperQuadav", ['index']=292, ['level']=28},
    [17227999] = {['id']=17227999, ['name']="MidnightWings", ['index']=223, ['level']=22},
    [17228055] = {['id']=17228055, ['name']="DeathWasp", ['index']=279, ['level']=26},
    [17228064] = {['id']=17228064, ['name']="BerryGrub", ['index']=288, ['level']=28},
    [17228065] = {['id']=17228065, ['name']="BerryGrub", ['index']=289, ['level']=28},
    [17228063] = {['id']=17228063, ['name']="BerryGrub", ['index']=287, ['level']=28},
    [17228060] = {['id']=17228060, ['name']="BerryGrub", ['index']=284, ['level']=28},
    [17228192] = {['id']=17228192, ['name']="SilverQuadav", ['index']=416, ['level']=33},
    [17228170] = {['id']=17228170, ['name']="DeathWasp", ['index']=394, ['level']=25},
    [17228169] = {['id']=17228169, ['name']="DeathWasp", ['index']=393, ['level']=25},
    [17228171] = {['id']=17228171, ['name']="DeathWasp", ['index']=395, ['level']=26},
    [17228168] = {['id']=17228168, ['name']="DeathWasp", ['index']=392, ['level']=26},
    [17228422] = {['id']=17228422, ['name']="SurvivalGuide", ['index']=646, ['level']=0},
    [17228158] = {['id']=17228158, ['name']="DeathWasp", ['index']=382, ['level']=26},
    [17228194] = {['id']=17228194, ['name']="GarnetQuadav", ['index']=418, ['level']=33},
    [17228201] = {['id']=17228201, ['name']="DeathWasp", ['index']=425, ['level']=26},
    [17228203] = {['id']=17228203, ['name']="MidnightWings", ['index']=427, ['level']=22},
    [17228226] = {['id']=17228226, ['name']="GoblinLeecher", ['index']=450, ['level']=26},
    [17228204] = {['id']=17228204, ['name']="MidnightWings", ['index']=428, ['level']=22},
    [17228205] = {['id']=17228205, ['name']="MoonBat", ['index']=429, ['level']=26},
    [17228229] = {['id']=17228229, ['name']="GoblinSmithy", ['index']=453, ['level']=32},
    [17228202] = {['id']=17228202, ['name']="DeathWasp", ['index']=426, ['level']=26},
    [17228406] = {['id']=17228406, ['name']="Marlena", ['index']=630, ['level']=0},
    [17228200] = {['id']=17228200, ['name']="DeathWasp", ['index']=424, ['level']=25},
    [17228199] = {['id']=17228199, ['name']="DeathWasp", ['index']=423, ['level']=26},
    [17228206] = {['id']=17228206, ['name']="MoonBat", ['index']=430, ['level']=25},
    [17228176] = {['id']=17228176, ['name']="BerryGrub", ['index']=400, ['level']=27},
    [17228177] = {['id']=17228177, ['name']="BerryGrub", ['index']=401, ['level']=28},
    [17228178] = {['id']=17228178, ['name']="BerryGrub", ['index']=402, ['level']=27},
    [17228179] = {['id']=17228179, ['name']="DeathWasp", ['index']=403, ['level']=25},
    [17228180] = {['id']=17228180, ['name']="DeathWasp", ['index']=404, ['level']=25},
    [17228181] = {['id']=17228181, ['name']="MidnightWings", ['index']=405, ['level']=22},
    [17228182] = {['id']=17228182, ['name']="MidnightWings", ['index']=406, ['level']=23},
    [17228187] = {['id']=17228187, ['name']="EvilSpirit", ['index']=411, ['level']=36},
    [17228200] = {['id']=17228200, ['name']="DeathWasp", ['index']=424, ['level']=25},
    [17228202] = {['id']=17228202, ['name']="DeathWasp", ['index']=426, ['level']=26},
    [17228203] = {['id']=17228203, ['name']="MidnightWings", ['index']=427, ['level']=23},
    [17228208] = {['id']=17228208, ['name']="DeathWasp", ['index']=432, ['level']=26},
    [17228211] = {['id']=17228211, ['name']="MidnightWings", ['index']=435, ['level']=23},
    [17228213] = {['id']=17228213, ['name']="MoonBat", ['index']=437, ['level']=26},
    [17228214] = {['id']=17228214, ['name']="MoonBat", ['index']=438, ['level']=26},
    [17228223] = {['id']=17228223, ['name']="GoblinMugger", ['index']=447, ['level']=26},
    [17228227] = {['id']=17228227, ['name']="GoblinFurrier", ['index']=451, ['level']=31},
    [17228228] = {['id']=17228228, ['name']="GoblinGambler", ['index']=452, ['level']=26},
    [17228229] = {['id']=17228229, ['name']="GoblinSmithy", ['index']=453, ['level']=31},
    [17228230] = {['id']=17228230, ['name']="GoblinShaman", ['index']=454, ['level']=32},
    [17228158] = {['id']=17228158, ['name']="DeathWasp", ['index']=382, ['level']=26},
    [17228160] = {['id']=17228160, ['name']="DeathWasp", ['index']=384, ['level']=25},
    [17228162] = {['id']=17228162, ['name']="MidnightWings", ['index']=386, ['level']=23},
    [17228163] = {['id']=17228163, ['name']="MidnightWings", ['index']=387, ['level']=22},
    [17228166] = {['id']=17228166, ['name']="MoonBat", ['index']=390, ['level']=26},
    [17228173] = {['id']=17228173, ['name']="MidnightWings", ['index']=397, ['level']=22},
    [17228191] = {['id']=17228191, ['name']="BrassQuadav", ['index']=415, ['level']=28},
    [17228192] = {['id']=17228192, ['name']="SilverQuadav", ['index']=416, ['level']=33},
    [17228194] = {['id']=17228194, ['name']="GarnetQuadav", ['index']=418, ['level']=33},
    [17228199] = {['id']=17228199, ['name']="DeathWasp", ['index']=423, ['level']=26},
    [17228201] = {['id']=17228201, ['name']="DeathWasp", ['index']=425, ['level']=26},
    [17228204] = {['id']=17228204, ['name']="MidnightWings", ['index']=428, ['level']=22},
    [17228206] = {['id']=17228206, ['name']="MoonBat", ['index']=430, ['level']=26},
    [17228422] = {['id']=17228422, ['name']="SurvivalGuide", ['index']=646, ['level']=0},
    [17228165] = {['id']=17228165, ['name']="MoonBat", ['index']=389, ['level']=25},
    [17228157] = {['id']=17228157, ['name']="DeathWasp", ['index']=381, ['level']=26},
    [17228205] = {['id']=17228205, ['name']="MoonBat", ['index']=429, ['level']=25},
    [17228207] = {['id']=17228207, ['name']="DeathWasp", ['index']=431, ['level']=25},
    [17228209] = {['id']=17228209, ['name']="DeathWasp", ['index']=433, ['level']=26},
    [17228212] = {['id']=17228212, ['name']="MidnightWings", ['index']=436, ['level']=23},
    [17228215] = {['id']=17228215, ['name']="DeathWasp", ['index']=439, ['level']=25},
    [17228216] = {['id']=17228216, ['name']="DeathWasp", ['index']=440, ['level']=26},
    [17228217] = {['id']=17228217, ['name']="DeathWasp", ['index']=441, ['level']=25},
    [17228219] = {['id']=17228219, ['name']="MidnightWings", ['index']=443, ['level']=22},
    [17228220] = {['id']=17228220, ['name']="MidnightWings", ['index']=444, ['level']=23},
    [17228224] = {['id']=17228224, ['name']="GoblinPathfind", ['index']=448, ['level']=32},
    [17228225] = {['id']=17228225, ['name']="Goblin\'sBee", ['index']=449, ['level']=25},
    [17228226] = {['id']=17228226, ['name']="GoblinLeecher", ['index']=450, ['level']=27},
    [17228379] = {['id']=17228379, ['name']="FieldManual", ['index']=603, ['level']=0},
    [17228392] = {['id']=17228392, ['name']="AtmaciteRefine", ['index']=616, ['level']=0},
    [17228393] = {['id']=17228393, ['name']="VoidwatchOffic", ['index']=617, ['level']=0},
    [17228406] = {['id']=17228406, ['name']="Marlena", ['index']=630, ['level']=0},
    [17228189] = {['id']=17228189, ['name']="CopperQuadav", ['index']=413, ['level']=28},
    [17228190] = {['id']=17228190, ['name']="BronzeQuadav", ['index']=414, ['level']=33},
    [17228198] = {['id']=17228198, ['name']="EvilSpirit", ['index']=422, ['level']=35},
    [17228188] = {['id']=17228188, ['name']="OldQuadav", ['index']=412, ['level']=27},
    [17228052] = {['id']=17228052, ['name']="DeathWasp", ['index']=276, ['level']=25},
    [17228055] = {['id']=17228055, ['name']="DeathWasp", ['index']=279, ['level']=26},
    [17228058] = {['id']=17228058, ['name']="MoonBat", ['index']=282, ['level']=25},
    [17228060] = {['id']=17228060, ['name']="BerryGrub", ['index']=284, ['level']=28},
    [17228069] = {['id']=17228069, ['name']="BronzeQuadav", ['index']=293, ['level']=33},
    [17228072] = {['id']=17228072, ['name']="ZirconQuadav", ['index']=296, ['level']=33},
    [17228073] = {['id']=17228073, ['name']="GarnetQuadav", ['index']=297, ['level']=33},
    [17228159] = {['id']=17228159, ['name']="DeathWasp", ['index']=383, ['level']=26},
    [17228167] = {['id']=17228167, ['name']="GoobbueFarmer", ['index']=391, ['level']=32},
    [17228168] = {['id']=17228168, ['name']="DeathWasp", ['index']=392, ['level']=26},
    [17228170] = {['id']=17228170, ['name']="DeathWasp", ['index']=394, ['level']=25},
    [17228175] = {['id']=17228175, ['name']="MoonBat", ['index']=399, ['level']=25},
    [17228061] = {['id']=17228061, ['name']="BerryGrub", ['index']=285, ['level']=28},
    [17228062] = {['id']=17228062, ['name']="BerryGrub", ['index']=286, ['level']=28},
    [17228041] = {['id']=17228041, ['name']="DeathWasp", ['index']=265, ['level']=26},
    [17228044] = {['id']=17228044, ['name']="DeathWasp", ['index']=268, ['level']=26},
    [17228046] = {['id']=17228046, ['name']="MoonBat", ['index']=270, ['level']=26},
    [17228047] = {['id']=17228047, ['name']="MoonBat", ['index']=271, ['level']=25},
    [17228063] = {['id']=17228063, ['name']="BerryGrub", ['index']=287, ['level']=28},
    [17228064] = {['id']=17228064, ['name']="BerryGrub", ['index']=288, ['level']=28},
    [17228065] = {['id']=17228065, ['name']="BerryGrub", ['index']=289, ['level']=28},
    [17228066] = {['id']=17228066, ['name']="BerryGrub", ['index']=290, ['level']=27},
    [17228067] = {['id']=17228067, ['name']="OldQuadav", ['index']=291, ['level']=28},
    [17228087] = {['id']=17228087, ['name']="BerryGrub", ['index']=311, ['level']=28},
    [17228088] = {['id']=17228088, ['name']="Ochu", ['index']=312, ['level']=37},
    [17228089] = {['id']=17228089, ['name']="MidnightWings", ['index']=313, ['level']=23},
    [17228090] = {['id']=17228090, ['name']="MidnightWings", ['index']=314, ['level']=23},
    [17228091] = {['id']=17228091, ['name']="MidnightWings", ['index']=315, ['level']=22},
    [17228098] = {['id']=17228098, ['name']="GoblinPathfind", ['index']=322, ['level']=32},
    [17228099] = {['id']=17228099, ['name']="Goblin\'sBee", ['index']=323, ['level']=25},
    [17228169] = {['id']=17228169, ['name']="DeathWasp", ['index']=393, ['level']=25},
    [17228171] = {['id']=17228171, ['name']="DeathWasp", ['index']=395, ['level']=26},
    [17228059] = {['id']=17228059, ['name']="GoobbueFarmer", ['index']=283, ['level']=31},
    [17228054] = {['id']=17228054, ['name']="DeathWasp", ['index']=278, ['level']=25},
    [17228193] = {['id']=17228193, ['name']="ZirconQuadav", ['index']=417, ['level']=33},
    [17228053] = {['id']=17228053, ['name']="DeathWasp", ['index']=277, ['level']=25},
    [17228071] = {['id']=17228071, ['name']="SilverQuadav", ['index']=295, ['level']=32},
    [17228070] = {['id']=17228070, ['name']="BrassQuadav", ['index']=294, ['level']=27},
    [17228101] = {['id']=17228101, ['name']="GoblinFurrier", ['index']=325, ['level']=32},
    [17228056] = {['id']=17228056, ['name']="MoonBat", ['index']=280, ['level']=25},
    [17228057] = {['id']=17228057, ['name']="MoonBat", ['index']=281, ['level']=25},
    [17228043] = {['id']=17228043, ['name']="DeathWasp", ['index']=267, ['level']=26},
    [17228045] = {['id']=17228045, ['name']="MoonBat", ['index']=269, ['level']=26},
    [17228048] = {['id']=17228048, ['name']="GoobbueFarmer", ['index']=272, ['level']=31},
    [17228068] = {['id']=17228068, ['name']="CopperQuadav", ['index']=292, ['level']=28},
    [17228079] = {['id']=17228079, ['name']="BerryGrub", ['index']=303, ['level']=28},
    [17228081] = {['id']=17228081, ['name']="Ochu", ['index']=305, ['level']=36},
    [17228082] = {['id']=17228082, ['name']="MidnightWings", ['index']=306, ['level']=22},
    [17228086] = {['id']=17228086, ['name']="RavenousCrawle", ['index']=310, ['level']=42},
    [17228100] = {['id']=17228100, ['name']="GoblinLeecher", ['index']=324, ['level']=26},
    [17228102] = {['id']=17228102, ['name']="GoblinGambler", ['index']=326, ['level']=27},
    [17228104] = {['id']=17228104, ['name']="GoblinShaman", ['index']=328, ['level']=32},
    [17227957] = {['id']=17227957, ['name']="Ochu", ['index']=181, ['level']=36},
    [17228030] = {['id']=17228030, ['name']="DeathWasp", ['index']=254, ['level']=26},
    [17228032] = {['id']=17228032, ['name']="DeathWasp", ['index']=256, ['level']=25},
    [17228033] = {['id']=17228033, ['name']="DeathWasp", ['index']=257, ['level']=26},
    [17228038] = {['id']=17228038, ['name']="BerryGrub", ['index']=262, ['level']=28},
    [17228039] = {['id']=17228039, ['name']="BerryGrub", ['index']=263, ['level']=28},
    [17228040] = {['id']=17228040, ['name']="BerryGrub", ['index']=264, ['level']=28},
    [17228042] = {['id']=17228042, ['name']="DeathWasp", ['index']=266, ['level']=25},
    [17228049] = {['id']=17228049, ['name']="BerryGrub", ['index']=273, ['level']=28},
    [17228050] = {['id']=17228050, ['name']="BerryGrub", ['index']=274, ['level']=28},
    [17228051] = {['id']=17228051, ['name']="BerryGrub", ['index']=275, ['level']=28},
    [17228077] = {['id']=17228077, ['name']="BerryGrub", ['index']=301, ['level']=27},
    [17228078] = {['id']=17228078, ['name']="BerryGrub", ['index']=302, ['level']=27},
    [17228080] = {['id']=17228080, ['name']="Ochu", ['index']=304, ['level']=37},
    [17228092] = {['id']=17228092, ['name']="BerryGrub", ['index']=316, ['level']=27},
    [17228097] = {['id']=17228097, ['name']="GoblinMugger", ['index']=321, ['level']=26},
    [17227918] = {['id']=17227918, ['name']="DeathWasp", ['index']=142, ['level']=26},
    [17227923] = {['id']=17227923, ['name']="BerryGrub", ['index']=147, ['level']=27},
    [17227924] = {['id']=17227924, ['name']="BerryGrub", ['index']=148, ['level']=27},
    [17227926] = {['id']=17227926, ['name']="DeathWasp", ['index']=150, ['level']=25},
    [17227927] = {['id']=17227927, ['name']="DeathWasp", ['index']=151, ['level']=26},
    [17227928] = {['id']=17227928, ['name']="DeathWasp", ['index']=152, ['level']=26},
    [17227932] = {['id']=17227932, ['name']="GoobbueFarmer", ['index']=156, ['level']=31},
    [17227933] = {['id']=17227933, ['name']="BerryGrub", ['index']=157, ['level']=28},
    [17227934] = {['id']=17227934, ['name']="BerryGrub", ['index']=158, ['level']=27},
    [17227954] = {['id']=17227954, ['name']="BerryGrub", ['index']=178, ['level']=27},
    [17227955] = {['id']=17227955, ['name']="BerryGrub", ['index']=179, ['level']=27},
    [17227956] = {['id']=17227956, ['name']="BerryGrub", ['index']=180, ['level']=28},
    [17227958] = {['id']=17227958, ['name']="Ochu", ['index']=182, ['level']=37},
    [17227966] = {['id']=17227966, ['name']="Ochu", ['index']=190, ['level']=37},
    [17227974] = {['id']=17227974, ['name']="GoblinPathfind", ['index']=198, ['level']=32},
    [17227975] = {['id']=17227975, ['name']="Goblin\'sBee", ['index']=199, ['level']=24},
    [17227976] = {['id']=17227976, ['name']="GoblinLeecher", ['index']=200, ['level']=26},
    [17227977] = {['id']=17227977, ['name']="GoblinFurrier", ['index']=201, ['level']=32},
    [17227978] = {['id']=17227978, ['name']="GoblinGambler", ['index']=202, ['level']=26},
    [17227980] = {['id']=17227980, ['name']="GoblinShaman", ['index']=204, ['level']=31},
    [17228031] = {['id']=17228031, ['name']="DeathWasp", ['index']=255, ['level']=25},
    [17228037] = {['id']=17228037, ['name']="GoobbueFarmer", ['index']=261, ['level']=32},
    [17227917] = {['id']=17227917, ['name']="DeathWasp", ['index']=141, ['level']=25},
    [17227922] = {['id']=17227922, ['name']="GoobbueFarmer", ['index']=146, ['level']=32},
    [17227925] = {['id']=17227925, ['name']="DeathWasp", ['index']=149, ['level']=26},
    [17227945] = {['id']=17227945, ['name']="BerryGrub", ['index']=169, ['level']=27},
    [17227947] = {['id']=17227947, ['name']="BerryGrub", ['index']=171, ['level']=28},
    [17227948] = {['id']=17227948, ['name']="Ochu", ['index']=172, ['level']=37},
    [17227963] = {['id']=17227963, ['name']="BerryGrub", ['index']=187, ['level']=28},
    [17227965] = {['id']=17227965, ['name']="BerryGrub", ['index']=189, ['level']=27},
    [17227967] = {['id']=17227967, ['name']="Ochu", ['index']=191, ['level']=37},
    [17227979] = {['id']=17227979, ['name']="GoblinSmithy", ['index']=203, ['level']=32},
    [17227816] = {['id']=17227816, ['name']="GoobbueFarmer", ['index']=40, ['level']=32},
    [17227843] = {['id']=17227843, ['name']="BerryGrub", ['index']=67, ['level']=28},
    [17227856] = {['id']=17227856, ['name']="Ochu", ['index']=80, ['level']=36},
    [17227892] = {['id']=17227892, ['name']="BerryGrub", ['index']=116, ['level']=27},
    [17227893] = {['id']=17227893, ['name']="BerryGrub", ['index']=117, ['level']=28},
    [17227894] = {['id']=17227894, ['name']="BerryGrub", ['index']=118, ['level']=27},
    [17227895] = {['id']=17227895, ['name']="BerryGrub", ['index']=119, ['level']=27},
    [17227896] = {['id']=17227896, ['name']="Ochu", ['index']=120, ['level']=37},
    [17227897] = {['id']=17227897, ['name']="Ochu", ['index']=121, ['level']=36},
    [17227903] = {['id']=17227903, ['name']="DeathWasp", ['index']=127, ['level']=25},
    [17227904] = {['id']=17227904, ['name']="DeathWasp", ['index']=128, ['level']=26},
    [17227905] = {['id']=17227905, ['name']="DeathWasp", ['index']=129, ['level']=25},
    [17227906] = {['id']=17227906, ['name']="DeathWasp", ['index']=130, ['level']=26},
    [17227910] = {['id']=17227910, ['name']="GoobbueFarmer", ['index']=134, ['level']=32},
    [17227911] = {['id']=17227911, ['name']="BerryGrub", ['index']=135, ['level']=27},
    [17227912] = {['id']=17227912, ['name']="BerryGrub", ['index']=136, ['level']=27},
    [17227913] = {['id']=17227913, ['name']="BerryGrub", ['index']=137, ['level']=28},
    [17227914] = {['id']=17227914, ['name']="BerryGrub", ['index']=138, ['level']=27},
    [17227915] = {['id']=17227915, ['name']="DeathWasp", ['index']=139, ['level']=26},
    [17227916] = {['id']=17227916, ['name']="DeathWasp", ['index']=140, ['level']=26},
    [17227936] = {['id']=17227936, ['name']="CopperQuadav", ['index']=160, ['level']=27},
    [17227937] = {['id']=17227937, ['name']="BronzeQuadav", ['index']=161, ['level']=33},
    [17227938] = {['id']=17227938, ['name']="BrassQuadav", ['index']=162, ['level']=28},
    [17227939] = {['id']=17227939, ['name']="SilverQuadav", ['index']=163, ['level']=32},
    [17227940] = {['id']=17227940, ['name']="ZirconQuadav", ['index']=164, ['level']=32},
    [17227941] = {['id']=17227941, ['name']="GarnetQuadav", ['index']=165, ['level']=32},
    [17227964] = {['id']=17227964, ['name']="BerryGrub", ['index']=188, ['level']=28},
    [17228241] = {['id']=17228241, ['name']="GoblinDigger", ['index']=465, ['level']=29},
    [17228093] = {['id']=17228093, ['name']="Ochu", ['index']=317, ['level']=37},
    [17228103] = {['id']=17228103, ['name']="GoblinSmithy", ['index']=327, ['level']=32},
    [17228125] = {['id']=17228125, ['name']="PoisonLeech", ['index']=349, ['level']=25},
    [17228136] = {['id']=17228136, ['name']="GoblinMugger", ['index']=360, ['level']=26},
    [17228141] = {['id']=17228141, ['name']="GoblinGambler", ['index']=365, ['level']=26},
    [17228143] = {['id']=17228143, ['name']="GoblinShaman", ['index']=367, ['level']=32},
    [17228156] = {['id']=17228156, ['name']="EvilWeapon", ['index']=380, ['level']=38},
    [17228210] = {['id']=17228210, ['name']="DeathWasp", ['index']=434, ['level']=25},
    [17228218] = {['id']=17228218, ['name']="DeathWasp", ['index']=442, ['level']=26},
    [17228394] = {['id']=17228394, ['name']="Saarlan", ['index']=618, ['level']=0},
    [17228395] = {['id']=17228395, ['name']="LegionTome", ['index']=619, ['level']=0},
    [17228396] = {['id']=17228396, ['name']="Mayuyu", ['index']=620, ['level']=0},
