    [17150210] = {['id']=17150210, ['name']="Hawker", ['index']=258, ['level']=45},
    [17150211] = {['id']=17150211, ['name']="Hawker", ['index']=259, ['level']=45},
    [17150213] = {['id']=17150213, ['name']="Hawker", ['index']=261, ['level']=46},
    [17150751] = {['id']=17150751, ['name']="Vilmar", ['index']=799, ['level']=0},
    [17150805] = {['id']=17150805, ['name']="GateSentry", ['index']=853, ['level']=75},
    [17150847] = {['id']=17150847, ['name']="SurvivalGuide", ['index']=895, ['level']=0},
    [17150114] = {['id']=17150114, ['name']="DeathJacket", ['index']=162, ['level']=41},
    [17150116] = {['id']=17150116, ['name']="DeathJacket", ['index']=164, ['level']=40},
    [17150205] = {['id']=17150205, ['name']="Hawker", ['index']=253, ['level']=48},
    [17150206] = {['id']=17150206, ['name']="Hawker", ['index']=254, ['level']=47},
    [17150207] = {['id']=17150207, ['name']="Hawker", ['index']=255, ['level']=46},
    [17150208] = {['id']=17150208, ['name']="GoobbueFarmer", ['index']=256, ['level']=59},
    [17150212] = {['id']=17150212, ['name']="Hawker", ['index']=260, ['level']=48},
    [17150115] = {['id']=17150115, ['name']="DeathJacket", ['index']=163, ['level']=42},
    [17150113] = {['id']=17150113, ['name']="GoobbueFarmer", ['index']=161, ['level']=60},
    [17150112] = {['id']=17150112, ['name']="DeathJacket", ['index']=160, ['level']=42},
    [17150110] = {['id']=17150110, ['name']="DeathJacket", ['index']=158, ['level']=42},
    [17150109] = {['id']=17150109, ['name']="DeathJacket", ['index']=157, ['level']=41},
    [17150111] = {['id']=17150111, ['name']="DeathJacket", ['index']=159, ['level']=41},
    [17150121] = {['id']=17150121, ['name']="Dragonfly", ['index']=169, ['level']=62},
    [17150122] = {['id']=17150122, ['name']="Dragonfly", ['index']=170, ['level']=60},
    [17150126] = {['id']=17150126, ['name']="Dragonfly", ['index']=174, ['level']=60},
    [17150123] = {['id']=17150123, ['name']="Dragonfly", ['index']=171, ['level']=61},
    [17150125] = {['id']=17150125, ['name']="Dragonfly", ['index']=173, ['level']=62},
    [17150061] = {['id']=17150061, ['name']="DeathJacket", ['index']=109, ['level']=40},
    [17150062] = {['id']=17150062, ['name']="DeathJacket", ['index']=110, ['level']=40},
    [17150063] = {['id']=17150063, ['name']="GoobbueFarmer", ['index']=111, ['level']=59},
    [17150060] = {['id']=17150060, ['name']="DeathJacket", ['index']=108, ['level']=41},
    [17149976] = {['id']=17149976, ['name']="DeathWasp", ['index']=24, ['level']=38},
    [17149975] = {['id']=17149975, ['name']="DeathWasp", ['index']=23, ['level']=38},
    [17149978] = {['id']=17149978, ['name']="DeathWasp", ['index']=26, ['level']=39},
    [17149973] = {['id']=17149973, ['name']="Lycopodium", ['index']=21, ['level']=28},
    [17149977] = {['id']=17149977, ['name']="DeathWasp", ['index']=25, ['level']=39},
    [17149974] = {['id']=17149974, ['name']="Lycopodium", ['index']=22, ['level']=31},
    [17149972] = {['id']=17149972, ['name']="Lycopodium", ['index']=20, ['level']=31},
    [17150304] = {['id']=17150304, ['name']="Sprite", ['index']=352, ['level']=62},
    [17149970] = {['id']=17149970, ['name']="DeathWasp", ['index']=18, ['level']=38},
    [17149960] = {['id']=17149960, ['name']="Lycopodium", ['index']=8, ['level']=29},
    [17149965] = {['id']=17149965, ['name']="Lycopodium", ['index']=13, ['level']=30},
    [17149966] = {['id']=17149966, ['name']="Lycopodium", ['index']=14, ['level']=31},
    [17149967] = {['id']=17149967, ['name']="Lycopodium", ['index']=15, ['level']=29},
    [17149968] = {['id']=17149968, ['name']="Lycopodium", ['index']=16, ['level']=29},
    [17149969] = {['id']=17149969, ['name']="DeathWasp", ['index']=17, ['level']=39},
    [17149971] = {['id']=17149971, ['name']="DeathWasp", ['index']=19, ['level']=38},
    [17149959] = {['id']=17149959, ['name']="Lycopodium", ['index']=7, ['level']=30},
    [17149987] = {['id']=17149987, ['name']="DeathWasp", ['index']=35, ['level']=38},
    [17150718] = {['id']=17150718, ['name']="WaywardEcho,L", ['index']=766, ['level']=0},
    [17149988] = {['id']=17149988, ['name']="DeathWasp", ['index']=36, ['level']=38},
    [17149989] = {['id']=17149989, ['name']="DeathWasp", ['index']=37, ['level']=38},
    [17149997] = {['id']=17149997, ['name']="GoobbueFarmer", ['index']=45, ['level']=61},
    [17149994] = {['id']=17149994, ['name']="DeathWasp", ['index']=42, ['level']=39},
    [17149995] = {['id']=17149995, ['name']="DeathWasp", ['index']=43, ['level']=39},
    [17150305] = {['id']=17150305, ['name']="Sprite", ['index']=353, ['level']=62},
    [17150010] = {['id']=17150010, ['name']="GoobbueFarmer", ['index']=58, ['level']=60},
    [17150020] = {['id']=17150020, ['name']="Coppercap", ['index']=68, ['level']=49},
    [17150021] = {['id']=17150021, ['name']="Coppercap", ['index']=69, ['level']=47},
    [17150023] = {['id']=17150023, ['name']="MidnightWings", ['index']=71, ['level']=41},
    [17150022] = {['id']=17150022, ['name']="MidnightWings", ['index']=70, ['level']=39},
    [17150019] = {['id']=17150019, ['name']="Coppercap", ['index']=67, ['level']=48},
    [17149964] = {['id']=17149964, ['name']="DeathWasp", ['index']=12, ['level']=38},
    [17149983] = {['id']=17149983, ['name']="Lycopodium", ['index']=31, ['level']=30},
    [17149981] = {['id']=17149981, ['name']="Lycopodium", ['index']=29, ['level']=30},
    [17149982] = {['id']=17149982, ['name']="Lycopodium", ['index']=30, ['level']=31},
    [17149980] = {['id']=17149980, ['name']="Lycopodium", ['index']=28, ['level']=28},
    [17149984] = {['id']=17149984, ['name']="DeathWasp", ['index']=32, ['level']=39},
    [17149985] = {['id']=17149985, ['name']="DeathWasp", ['index']=33, ['level']=39},
    [17149979] = {['id']=17149979, ['name']="Lycopodium", ['index']=27, ['level']=30},
    [17149963] = {['id']=17149963, ['name']="DeathWasp", ['index']=11, ['level']=39},
    [17150843] = {['id']=17150843, ['name']="VoidwatchOffic", ['index']=891, ['level']=0},
    [17150842] = {['id']=17150842, ['name']="AtmaciteRefine", ['index']=890, ['level']=0},
    [17149961] = {['id']=17149961, ['name']="Lycopodium", ['index']=9, ['level']=30},
    [17149962] = {['id']=17149962, ['name']="Lycopodium", ['index']=10, ['level']=30},
    [17149958] = {['id']=17149958, ['name']="Lycopodium", ['index']=6, ['level']=31},
    [17150189] = {['id']=17150189, ['name']="Clipper", ['index']=237, ['level']=43},
    [17150190] = {['id']=17150190, ['name']="Clipper", ['index']=238, ['level']=44},
    [17150191] = {['id']=17150191, ['name']="GoblinPatrolma", ['index']=239, ['level']=57},
    [17150192] = {['id']=17150192, ['name']="Goblin\'sCrawle", ['index']=240, ['level']=51},
    [17150188] = {['id']=17150188, ['name']="Clipper", ['index']=236, ['level']=43},
    [17150183] = {['id']=17150183, ['name']="Clipper", ['index']=231, ['level']=44},
    [17150184] = {['id']=17150184, ['name']="Clipper", ['index']=232, ['level']=45},
    [17150185] = {['id']=17150185, ['name']="Clipper", ['index']=233, ['level']=43},
    [17150187] = {['id']=17150187, ['name']="GoblinDraftee", ['index']=235, ['level']=56},
    [17150181] = {['id']=17150181, ['name']="PoisonLeech", ['index']=229, ['level']=44},
    [17150178] = {['id']=17150178, ['name']="ScabrousSlug", ['index']=226, ['level']=58},
    [17150181] = {['id']=17150181, ['name']="PoisonLeech", ['index']=229, ['level']=44},
    [17150182] = {['id']=17150182, ['name']="EvilSpirit", ['index']=230, ['level']=43},
    [17150183] = {['id']=17150183, ['name']="Clipper", ['index']=231, ['level']=44},
    [17150184] = {['id']=17150184, ['name']="Clipper", ['index']=232, ['level']=45},
    [17150185] = {['id']=17150185, ['name']="Clipper", ['index']=233, ['level']=43},
    [17150187] = {['id']=17150187, ['name']="GoblinDraftee", ['index']=235, ['level']=56},
    [17150180] = {['id']=17150180, ['name']="PoisonLeech", ['index']=228, ['level']=44},
    [17150179] = {['id']=17150179, ['name']="ScabrousSlug", ['index']=227, ['level']=59},
    [17150176] = {['id']=17150176, ['name']="PoisonLeech", ['index']=224, ['level']=44},
    [17150177] = {['id']=17150177, ['name']="PoisonLeech", ['index']=225, ['level']=47},
    [17150168] = {['id']=17150168, ['name']="ScabrousSlug", ['index']=216, ['level']=58},
    [17150169] = {['id']=17150169, ['name']="PoisonLeech", ['index']=217, ['level']=46},
    [17150170] = {['id']=17150170, ['name']="PoisonLeech", ['index']=218, ['level']=44},
    [17150166] = {['id']=17150166, ['name']="ScabrousSlug", ['index']=214, ['level']=59},
    [17150167] = {['id']=17150167, ['name']="ScabrousSlug", ['index']=215, ['level']=59},
    [17150098] = {['id']=17150098, ['name']="DeathJacket", ['index']=146, ['level']=42},
    [17150099] = {['id']=17150099, ['name']="DeathJacket", ['index']=147, ['level']=42},
    [17150194] = {['id']=17150194, ['name']="GoobbueFarmer", ['index']=242, ['level']=59},
    [17150195] = {['id']=17150195, ['name']="MoonBat", ['index']=243, ['level']=41},
    [17150100] = {['id']=17150100, ['name']="DeathJacket", ['index']=148, ['level']=40},
    [17150196] = {['id']=17150196, ['name']="MoonBat", ['index']=244, ['level']=41},
    [17150103] = {['id']=17150103, ['name']="DeathJacket", ['index']=151, ['level']=42},
    [17150198] = {['id']=17150198, ['name']="MoonBat", ['index']=246, ['level']=41},
    [17150199] = {['id']=17150199, ['name']="MoonBat", ['index']=247, ['level']=40},
    [17150197] = {['id']=17150197, ['name']="Ochu", ['index']=245, ['level']=64},
    [17150265] = {['id']=17150265, ['name']="Ochu", ['index']=313, ['level']=66},
    [17150301] = {['id']=17150301, ['name']="BrassQuadav", ['index']=349, ['level']=67},
    [17150200] = {['id']=17150200, ['name']="Ochu", ['index']=248, ['level']=67},
    [17150264] = {['id']=17150264, ['name']="Ochu", ['index']=312, ['level']=65},
    [17150302] = {['id']=17150302, ['name']="HeliodorQuadav", ['index']=350, ['level']=66},
    [17150303] = {['id']=17150303, ['name']="EmeraldQuadav", ['index']=351, ['level']=66},
    [17150278] = {['id']=17150278, ['name']="Ochu", ['index']=326, ['level']=65},
    [17150279] = {['id']=17150279, ['name']="Ochu", ['index']=327, ['level']=65},
    [17150292] = {['id']=17150292, ['name']="OldQuadav", ['index']=340, ['level']=67},
    [17150293] = {['id']=17150293, ['name']="SapphirineQuad", ['index']=341, ['level']=66},
    [17150294] = {['id']=17150294, ['name']="EmeraldQuadav", ['index']=342, ['level']=66},
    [17150276] = {['id']=17150276, ['name']="WorkerCrawler", ['index']=324, ['level']=60},
    [17150288] = {['id']=17150288, ['name']="BronzeQuadav", ['index']=336, ['level']=66},
    [17150287] = {['id']=17150287, ['name']="OldQuadav", ['index']=335, ['level']=67},
    [17150283] = {['id']=17150283, ['name']="BronzeQuadav", ['index']=331, ['level']=66},
    [17150284] = {['id']=17150284, ['name']="SapphirineQuad", ['index']=332, ['level']=66},
    [17150262] = {['id']=17150262, ['name']="Ochu", ['index']=310, ['level']=65},
    [17150201] = {['id']=17150201, ['name']="MoonBat", ['index']=249, ['level']=38},
    [17150102] = {['id']=17150102, ['name']="DeathJacket", ['index']=150, ['level']=42},
    [17150104] = {['id']=17150104, ['name']="DeathJacket", ['index']=152, ['level']=40},
    [17150101] = {['id']=17150101, ['name']="DeathJacket", ['index']=149, ['level']=42},
    [17150093] = {['id']=17150093, ['name']="DeathJacket", ['index']=141, ['level']=41},
    [17150094] = {['id']=17150094, ['name']="DeathJacket", ['index']=142, ['level']=41},
    [17150092] = {['id']=17150092, ['name']="DeathJacket", ['index']=140, ['level']=42},
    [17150095] = {['id']=17150095, ['name']="DeathJacket", ['index']=143, ['level']=40},
    [17150096] = {['id']=17150096, ['name']="DeathJacket", ['index']=144, ['level']=42},
    [17150097] = {['id']=17150097, ['name']="GoobbueFarmer", ['index']=145, ['level']=59},
    [17150216] = {['id']=17150216, ['name']="GoobbueFarmer", ['index']=264, ['level']=59},
    [17150217] = {['id']=17150217, ['name']="GoobbueFarmer", ['index']=265, ['level']=59},
    [17150089] = {['id']=17150089, ['name']="DeathJacket", ['index']=137, ['level']=40},
    [17150223] = {['id']=17150223, ['name']="Coppercap", ['index']=271, ['level']=48},
    [17150219] = {['id']=17150219, ['name']="GoobbueFarmer", ['index']=267, ['level']=60},
    [17150221] = {['id']=17150221, ['name']="Coppercap", ['index']=269, ['level']=47},
    [17150225] = {['id']=17150225, ['name']="MidnightWings", ['index']=273, ['level']=40},
    [17150222] = {['id']=17150222, ['name']="Coppercap", ['index']=270, ['level']=48},
    [17150224] = {['id']=17150224, ['name']="Coppercap", ['index']=272, ['level']=49},
    [17150226] = {['id']=17150226, ['name']="MidnightWings", ['index']=274, ['level']=39},
    [17150259] = {['id']=17150259, ['name']="Ochu", ['index']=307, ['level']=67},
    [17150218] = {['id']=17150218, ['name']="GoobbueFarmer", ['index']=266, ['level']=61},
    [17150227] = {['id']=17150227, ['name']="GoobbueFarmer", ['index']=275, ['level']=61},
    [17150228] = {['id']=17150228, ['name']="GoobbueFarmer", ['index']=276, ['level']=59},
    [17150113] = {['id']=17150113, ['name']="GoobbueFarmer", ['index']=161, ['level']=59},
    [17150109] = {['id']=17150109, ['name']="DeathJacket", ['index']=157, ['level']=40},
    [17150110] = {['id']=17150110, ['name']="DeathJacket", ['index']=158, ['level']=42},
    [17150105] = {['id']=17150105, ['name']="DeathJacket", ['index']=153, ['level']=41},
    [17150112] = {['id']=17150112, ['name']="DeathJacket", ['index']=160, ['level']=40},
    [17150202] = {['id']=17150202, ['name']="GoobbueFarmer", ['index']=250, ['level']=60},
    [17150111] = {['id']=17150111, ['name']="DeathJacket", ['index']=159, ['level']=40},
    [17150114] = {['id']=17150114, ['name']="DeathJacket", ['index']=162, ['level']=42},
    [17150315] = {['id']=17150315, ['name']="GoblinSkirmish", ['index']=363, ['level']=59},
    [17150214] = {['id']=17150214, ['name']="Hawker", ['index']=262, ['level']=48},
    [17150215] = {['id']=17150215, ['name']="Hawker", ['index']=263, ['level']=47},
    [17150115] = {['id']=17150115, ['name']="DeathJacket", ['index']=163, ['level']=42},
    [17150116] = {['id']=17150116, ['name']="DeathJacket", ['index']=164, ['level']=40},
    [17150208] = {['id']=17150208, ['name']="GoobbueFarmer", ['index']=256, ['level']=60},
    [17150207] = {['id']=17150207, ['name']="Hawker", ['index']=255, ['level']=46},
    [17150205] = {['id']=17150205, ['name']="Hawker", ['index']=253, ['level']=45},
    [17150206] = {['id']=17150206, ['name']="Hawker", ['index']=254, ['level']=46},
    [17150212] = {['id']=17150212, ['name']="Hawker", ['index']=260, ['level']=46},
    [17150210] = {['id']=17150210, ['name']="Hawker", ['index']=258, ['level']=48},
    [17150213] = {['id']=17150213, ['name']="Hawker", ['index']=261, ['level']=45},
    [17150211] = {['id']=17150211, ['name']="Hawker", ['index']=259, ['level']=47},
    [17150751] = {['id']=17150751, ['name']="Vilmar", ['index']=799, ['level']=0},
    [17150805] = {['id']=17150805, ['name']="GateSentry", ['index']=853, ['level']=75},
    [17150847] = {['id']=17150847, ['name']="SurvivalGuide", ['index']=895, ['level']=0},
    [17150204] = {['id']=17150204, ['name']="HeliodorQuadav", ['index']=252, ['level']=67},
    [17150203] = {['id']=17150203, ['name']="OldQuadav", ['index']=251, ['level']=68},
    [17150107] = {['id']=17150107, ['name']="DeathJacket", ['index']=155, ['level']=41},
    [17150106] = {['id']=17150106, ['name']="DeathJacket", ['index']=154, ['level']=41},
    [17150308] = {['id']=17150308, ['name']="Sprite", ['index']=356, ['level']=63},
    [17150108] = {['id']=17150108, ['name']="DeathJacket", ['index']=156, ['level']=41},
    [17150260] = {['id']=17150260, ['name']="Ochu", ['index']=308, ['level']=66},
    [17150281] = {['id']=17150281, ['name']="SilverQuadav", ['index']=329, ['level']=67},
    [17150282] = {['id']=17150282, ['name']="EmeraldQuadav", ['index']=330, ['level']=67},
    [17150286] = {['id']=17150286, ['name']="EmeraldQuadav", ['index']=334, ['level']=68},
    [17150285] = {['id']=17150285, ['name']="BrassQuadav", ['index']=333, ['level']=66},
    [17150298] = {['id']=17150298, ['name']="BronzeQuadav", ['index']=346, ['level']=67},
    [17150300] = {['id']=17150300, ['name']="OldQuadav", ['index']=348, ['level']=69},
    [17150263] = {['id']=17150263, ['name']="Ochu", ['index']=311, ['level']=64},
    [17150299] = {['id']=17150299, ['name']="SilverQuadav", ['index']=347, ['level']=68},
    [17150261] = {['id']=17150261, ['name']="Ochu", ['index']=309, ['level']=66},
    [17150269] = {['id']=17150269, ['name']="WorkerCrawler", ['index']=317, ['level']=60},
    [17150271] = {['id']=17150271, ['name']="WorkerCrawler", ['index']=319, ['level']=63},
    [17150270] = {['id']=17150270, ['name']="WorkerCrawler", ['index']=318, ['level']=62},
    [17150297] = {['id']=17150297, ['name']="BrassQuadav", ['index']=345, ['level']=69},
    [17150295] = {['id']=17150295, ['name']="BronzeQuadav", ['index']=343, ['level']=66},
    [17150296] = {['id']=17150296, ['name']="HeliodorQuadav", ['index']=344, ['level']=69},
    [17150268] = {['id']=17150268, ['name']="WorkerCrawler", ['index']=316, ['level']=61},
    [17150272] = {['id']=17150272, ['name']="WorkerCrawler", ['index']=320, ['level']=61},
    [17150273] = {['id']=17150273, ['name']="WorkerCrawler", ['index']=321, ['level']=63},
    [17150267] = {['id']=17150267, ['name']="WorkerCrawler", ['index']=315, ['level']=63},
    [17150266] = {['id']=17150266, ['name']="WorkerCrawler", ['index']=314, ['level']=61},
    [17150289] = {['id']=17150289, ['name']="BrassQuadav", ['index']=337, ['level']=67},
    [17150291] = {['id']=17150291, ['name']="HeliodorQuadav", ['index']=339, ['level']=68},
    [17150290] = {['id']=17150290, ['name']="SilverQuadav", ['index']=338, ['level']=67},
    [17150277] = {['id']=17150277, ['name']="Ochu", ['index']=325, ['level']=67},
    [17150275] = {['id']=17150275, ['name']="WorkerCrawler", ['index']=323, ['level']=60},
    [17150274] = {['id']=17150274, ['name']="WorkerCrawler", ['index']=322, ['level']=63},
    [17150253] = {['id']=17150253, ['name']="Coppercap", ['index']=301, ['level']=48},
    [17150256] = {['id']=17150256, ['name']="Coppercap", ['index']=304, ['level']=48},
    [17150255] = {['id']=17150255, ['name']="Coppercap", ['index']=303, ['level']=48},
    [17150306] = {['id']=17150306, ['name']="Sprite", ['index']=354, ['level']=62},
    [17150237] = {['id']=17150237, ['name']="GoobbueFarmer", ['index']=285, ['level']=59},
    [17150251] = {['id']=17150251, ['name']="Coppercap", ['index']=299, ['level']=49},
    [17150239] = {['id']=17150239, ['name']="Coppercap", ['index']=287, ['level']=49},
    [17150252] = {['id']=17150252, ['name']="Coppercap", ['index']=300, ['level']=47},
    [17150254] = {['id']=17150254, ['name']="GoobbueFarmer", ['index']=302, ['level']=60},
    [17150249] = {['id']=17150249, ['name']="Coppercap", ['index']=297, ['level']=49},
    [17150250] = {['id']=17150250, ['name']="Coppercap", ['index']=298, ['level']=47},
    [17150248] = {['id']=17150248, ['name']="Coppercap", ['index']=296, ['level']=49},
    [17150741] = {['id']=17150741, ['name']="Sandey-Lusondey", ['index']=789, ['level']=0},
    [17150740] = {['id']=17150740, ['name']="Poccho-Roccho", ['index']=788, ['level']=0},
    [17150257] = {['id']=17150257, ['name']="Coppercap", ['index']=305, ['level']=48},
    [17150085] = {['id']=17150085, ['name']="DeathJacket", ['index']=133, ['level']=40},
    [17150258] = {['id']=17150258, ['name']="Coppercap", ['index']=306, ['level']=49},
    [17150245] = {['id']=17150245, ['name']="Coppercap", ['index']=293, ['level']=48},
    [17150246] = {['id']=17150246, ['name']="Coppercap", ['index']=294, ['level']=49},
    [17150247] = {['id']=17150247, ['name']="Coppercap", ['index']=295, ['level']=47},
    [17150233] = {['id']=17150233, ['name']="Coppercap", ['index']=281, ['level']=47},
    [17150235] = {['id']=17150235, ['name']="Coppercap", ['index']=283, ['level']=47},
    [17150244] = {['id']=17150244, ['name']="GoobbueFarmer", ['index']=292, ['level']=61},
    [17150234] = {['id']=17150234, ['name']="Coppercap", ['index']=282, ['level']=47},
    [17150242] = {['id']=17150242, ['name']="Coppercap", ['index']=290, ['level']=47},
    [17150241] = {['id']=17150241, ['name']="Coppercap", ['index']=289, ['level']=47},
    [17150243] = {['id']=17150243, ['name']="Coppercap", ['index']=291, ['level']=49},
    [17150230] = {['id']=17150230, ['name']="Coppercap", ['index']=278, ['level']=47},
    [17150236] = {['id']=17150236, ['name']="GoobbueFarmer", ['index']=284, ['level']=61},
    [17150240] = {['id']=17150240, ['name']="Coppercap", ['index']=288, ['level']=47},
    [17150238] = {['id']=17150238, ['name']="GoobbueFarmer", ['index']=286, ['level']=61},
    [17150232] = {['id']=17150232, ['name']="Coppercap", ['index']=280, ['level']=47},
    [17150229] = {['id']=17150229, ['name']="Coppercap", ['index']=277, ['level']=49},
    [17150231] = {['id']=17150231, ['name']="Coppercap", ['index']=279, ['level']=47},
    [17150040] = {['id']=17150040, ['name']="ScabrousSlug", ['index']=88, ['level']=58},
    [17150043] = {['id']=17150043, ['name']="PoisonLeech", ['index']=91, ['level']=46},
    [17150044] = {['id']=17150044, ['name']="GoblinDraftee", ['index']=92, ['level']=59},
    [17150046] = {['id']=17150046, ['name']="ScabrousSlug", ['index']=94, ['level']=57},
    [17150045] = {['id']=17150045, ['name']="ScabrousSlug", ['index']=93, ['level']=58},
    [17150042] = {['id']=17150042, ['name']="PoisonLeech", ['index']=90, ['level']=44},
    [17150041] = {['id']=17150041, ['name']="ScabrousSlug", ['index']=89, ['level']=58},
    [17150048] = {['id']=17150048, ['name']="ScabrousSlug", ['index']=96, ['level']=59},
    [17150035] = {['id']=17150035, ['name']="ScabrousSlug", ['index']=83, ['level']=58},
    [17150039] = {['id']=17150039, ['name']="GoblinFranctir", ['index']=87, ['level']=56},
    [17150037] = {['id']=17150037, ['name']="PoisonLeech", ['index']=85, ['level']=46},
    [17150036] = {['id']=17150036, ['name']="ScabrousSlug", ['index']=84, ['level']=58},
    [17150033] = {['id']=17150033, ['name']="PoisonLeech", ['index']=81, ['level']=46},
    [17150038] = {['id']=17150038, ['name']="PoisonLeech", ['index']=86, ['level']=45},
    [17150053] = {['id']=17150053, ['name']="Goblin\'sCrawle", ['index']=101, ['level']=53},
    [17150050] = {['id']=17150050, ['name']="GoblinPatrolma", ['index']=98, ['level']=57},
    [17150051] = {['id']=17150051, ['name']="GoblinFranctir", ['index']=99, ['level']=58},
    [17150055] = {['id']=17150055, ['name']="Coppercap", ['index']=103, ['level']=49},
    [17150054] = {['id']=17150054, ['name']="Coppercap", ['index']=102, ['level']=48},
    [17150057] = {['id']=17150057, ['name']="Coppercap", ['index']=105, ['level']=47},
    [17150056] = {['id']=17150056, ['name']="Coppercap", ['index']=104, ['level']=49},
    [17150031] = {['id']=17150031, ['name']="ScabrousSlug", ['index']=79, ['level']=57},
    [17150034] = {['id']=17150034, ['name']="GoblinDraftee", ['index']=82, ['level']=57},
    [17150032] = {['id']=17150032, ['name']="PoisonLeech", ['index']=80, ['level']=44},
    [17150026] = {['id']=17150026, ['name']="PoisonLeech", ['index']=74, ['level']=44},
    [17150030] = {['id']=17150030, ['name']="Goblin\'sCrawle", ['index']=78, ['level']=53},
    [17150028] = {['id']=17150028, ['name']="GoblinPatrolma", ['index']=76, ['level']=56},
    [17150029] = {['id']=17150029, ['name']="GoblinFranctir", ['index']=77, ['level']=59},
    [17150027] = {['id']=17150027, ['name']="PoisonLeech", ['index']=75, ['level']=44},
    [17150024] = {['id']=17150024, ['name']="PoisonLeech", ['index']=72, ['level']=46},
    [17150025] = {['id']=17150025, ['name']="PoisonLeech", ['index']=73, ['level']=46},
    [17150003] = {['id']=17150003, ['name']="GoobbueFarmer", ['index']=51, ['level']=61},
    [17150002] = {['id']=17150002, ['name']="GoobbueFarmer", ['index']=50, ['level']=60},
    [17149987] = {['id']=17149987, ['name']="DeathWasp", ['index']=35, ['level']=39},
    [17149994] = {['id']=17149994, ['name']="DeathWasp", ['index']=42, ['level']=39},
    [17149995] = {['id']=17149995, ['name']="DeathWasp", ['index']=43, ['level']=39},
    [17149997] = {['id']=17149997, ['name']="GoobbueFarmer", ['index']=45, ['level']=61},
    [17149999] = {['id']=17149999, ['name']="DeathWasp", ['index']=47, ['level']=39},
    [17150000] = {['id']=17150000, ['name']="DeathWasp", ['index']=48, ['level']=39},
    [17150010] = {['id']=17150010, ['name']="GoobbueFarmer", ['index']=58, ['level']=59},
    [17150001] = {['id']=17150001, ['name']="GoobbueFarmer", ['index']=49, ['level']=59},
    [17150440] = {['id']=17150440, ['name']="FieldWoundpatc", ['index']=488, ['level']=60},
    [17150404] = {['id']=17150404, ['name']="2ndLegionGren", ['index']=452, ['level']=70},
    [17150399] = {['id']=17150399, ['name']="2ndLegionGren", ['index']=447, ['level']=70},
    [17149965] = {['id']=17149965, ['name']="Lycopodium", ['index']=13, ['level']=30},
    [17149966] = {['id']=17149966, ['name']="Lycopodium", ['index']=14, ['level']=31},
    [17149968] = {['id']=17149968, ['name']="Lycopodium", ['index']=16, ['level']=29},
    [17149969] = {['id']=17149969, ['name']="DeathWasp", ['index']=17, ['level']=39},
    [17149970] = {['id']=17149970, ['name']="DeathWasp", ['index']=18, ['level']=39},
    [17149988] = {['id']=17149988, ['name']="DeathWasp", ['index']=36, ['level']=38},
    [17149989] = {['id']=17149989, ['name']="DeathWasp", ['index']=37, ['level']=39},
    [17150019] = {['id']=17150019, ['name']="Coppercap", ['index']=67, ['level']=48},
    [17150020] = {['id']=17150020, ['name']="Coppercap", ['index']=68, ['level']=49},
    [17150021] = {['id']=17150021, ['name']="Coppercap", ['index']=69, ['level']=47},
    [17150305] = {['id']=17150305, ['name']="Sprite", ['index']=353, ['level']=62},
    [17150397] = {['id']=17150397, ['name']="StrikingBull", ['index']=445, ['level']=70},
    [17150402] = {['id']=17150402, ['name']="2ndLegionGren", ['index']=450, ['level']=70},
    [17150718] = {['id']=17150718, ['name']="WaywardEcho,L", ['index']=766, ['level']=0},
    [17150398] = {['id']=17150398, ['name']="2ndLegionGren", ['index']=446, ['level']=70},
    [17150439] = {['id']=17150439, ['name']="FieldWoundpatc", ['index']=487, ['level']=60},
    [17149996] = {['id']=17149996, ['name']="GoobbueFarmer", ['index']=44, ['level']=60},
    [17150441] = {['id']=17150441, ['name']="FieldWoundpatc", ['index']=489, ['level']=60},
    [17150401] = {['id']=17150401, ['name']="2ndLegionGren", ['index']=449, ['level']=70},
    [17150405] = {['id']=17150405, ['name']="2ndLegionGren", ['index']=453, ['level']=70},
    [17150011] = {['id']=17150011, ['name']="GoobbueFarmer", ['index']=59, ['level']=59},
    [17149991] = {['id']=17149991, ['name']="DeathWasp", ['index']=39, ['level']=38},
    [17150601] = {['id']=17150601, ['name']="Maat", ['index']=649, ['level']=66},
    [17149993] = {['id']=17149993, ['name']="GoobbueFarmer", ['index']=41, ['level']=60},
    [17150444] = {['id']=17150444, ['name']="FieldWoundpatc", ['index']=492, ['level']=60},
    [17150443] = {['id']=17150443, ['name']="FieldWoundpatc", ['index']=491, ['level']=60},
    [17149967] = {['id']=17149967, ['name']="Lycopodium", ['index']=15, ['level']=29},
    [17149971] = {['id']=17149971, ['name']="DeathWasp", ['index']=19, ['level']=39},
    [17149990] = {['id']=17149990, ['name']="DeathWasp", ['index']=38, ['level']=38},
    [17150400] = {['id']=17150400, ['name']="2ndLegionGren", ['index']=448, ['level']=70},
    [17149992] = {['id']=17149992, ['name']="DeathWasp", ['index']=40, ['level']=38},
    [17150403] = {['id']=17150403, ['name']="2ndLegionGren", ['index']=451, ['level']=70},
    [17150406] = {['id']=17150406, ['name']="2ndLegionGren", ['index']=454, ['level']=70},
    [17149958] = {['id']=17149958, ['name']="Lycopodium", ['index']=6, ['level']=31},
    [17149959] = {['id']=17149959, ['name']="Lycopodium", ['index']=7, ['level']=30},
    [17149960] = {['id']=17149960, ['name']="Lycopodium", ['index']=8, ['level']=29},
    [17149961] = {['id']=17149961, ['name']="Lycopodium", ['index']=9, ['level']=30},
    [17149962] = {['id']=17149962, ['name']="Lycopodium", ['index']=10, ['level']=30},
    [17149975] = {['id']=17149975, ['name']="DeathWasp", ['index']=23, ['level']=39},
    [17149976] = {['id']=17149976, ['name']="DeathWasp", ['index']=24, ['level']=38},
    [17150304] = {['id']=17150304, ['name']="Sprite", ['index']=352, ['level']=62},
    [17149963] = {['id']=17149963, ['name']="DeathWasp", ['index']=11, ['level']=39},
    [17149964] = {['id']=17149964, ['name']="DeathWasp", ['index']=12, ['level']=38},
    [17149979] = {['id']=17149979, ['name']="Lycopodium", ['index']=27, ['level']=30},
    [17149980] = {['id']=17149980, ['name']="Lycopodium", ['index']=28, ['level']=28},
    [17149981] = {['id']=17149981, ['name']="Lycopodium", ['index']=29, ['level']=30},
    [17149982] = {['id']=17149982, ['name']="Lycopodium", ['index']=30, ['level']=31},
    [17149983] = {['id']=17149983, ['name']="Lycopodium", ['index']=31, ['level']=30},
    [17149984] = {['id']=17149984, ['name']="DeathWasp", ['index']=32, ['level']=38},
    [17149985] = {['id']=17149985, ['name']="DeathWasp", ['index']=33, ['level']=39},
    [17149986] = {['id']=17149986, ['name']="Lamina", ['index']=34, ['level']=58},
    [17150842] = {['id']=17150842, ['name']="AtmaciteRefine", ['index']=890, ['level']=0},
    [17150843] = {['id']=17150843, ['name']="VoidwatchOffic", ['index']=891, ['level']=0},
    [17149973] = {['id']=17149973, ['name']="Lycopodium", ['index']=21, ['level']=28},
    [17149974] = {['id']=17149974, ['name']="Lycopodium", ['index']=22, ['level']=31},
    [17149958] = {['id']=17149958, ['name']="Lycopodium", ['index']=6, ['level']=31},
    [17149959] = {['id']=17149959, ['name']="Lycopodium", ['index']=7, ['level']=30},
    [17149960] = {['id']=17149960, ['name']="Lycopodium", ['index']=8, ['level']=29},
    [17149961] = {['id']=17149961, ['name']="Lycopodium", ['index']=9, ['level']=30},
    [17149962] = {['id']=17149962, ['name']="Lycopodium", ['index']=10, ['level']=30},
    [17149963] = {['id']=17149963, ['name']="DeathWasp", ['index']=11, ['level']=39},
    [17149964] = {['id']=17149964, ['name']="DeathWasp", ['index']=12, ['level']=38},
    [17149965] = {['id']=17149965, ['name']="Lycopodium", ['index']=13, ['level']=30},
    [17149966] = {['id']=17149966, ['name']="Lycopodium", ['index']=14, ['level']=31},
    [17149967] = {['id']=17149967, ['name']="Lycopodium", ['index']=15, ['level']=29},
    [17149968] = {['id']=17149968, ['name']="Lycopodium", ['index']=16, ['level']=29},
    [17149969] = {['id']=17149969, ['name']="DeathWasp", ['index']=17, ['level']=39},
    [17149970] = {['id']=17149970, ['name']="DeathWasp", ['index']=18, ['level']=39},
    [17149971] = {['id']=17149971, ['name']="DeathWasp", ['index']=19, ['level']=39},
    [17149973] = {['id']=17149973, ['name']="Lycopodium", ['index']=21, ['level']=28},
    [17149975] = {['id']=17149975, ['name']="DeathWasp", ['index']=23, ['level']=39},
    [17149979] = {['id']=17149979, ['name']="Lycopodium", ['index']=27, ['level']=30},
    [17149980] = {['id']=17149980, ['name']="Lycopodium", ['index']=28, ['level']=28},
    [17149981] = {['id']=17149981, ['name']="Lycopodium", ['index']=29, ['level']=30},
    [17149982] = {['id']=17149982, ['name']="Lycopodium", ['index']=30, ['level']=31},
    [17149983] = {['id']=17149983, ['name']="Lycopodium", ['index']=31, ['level']=30},
    [17149984] = {['id']=17149984, ['name']="DeathWasp", ['index']=32, ['level']=38},
    [17149985] = {['id']=17149985, ['name']="DeathWasp", ['index']=33, ['level']=39},
    [17149986] = {['id']=17149986, ['name']="Lamina", ['index']=34, ['level']=58},
    [17150019] = {['id']=17150019, ['name']="Coppercap", ['index']=67, ['level']=48},
    [17150020] = {['id']=17150020, ['name']="Coppercap", ['index']=68, ['level']=49},
    [17150842] = {['id']=17150842, ['name']="AtmaciteRefine", ['index']=890, ['level']=0},
    [17150843] = {['id']=17150843, ['name']="VoidwatchOffic", ['index']=891, ['level']=0},
    [17149972] = {['id']=17149972, ['name']="Lycopodium", ['index']=20, ['level']=31},
    [17149987] = {['id']=17149987, ['name']="DeathWasp", ['index']=35, ['level']=39},
    [17149988] = {['id']=17149988, ['name']="DeathWasp", ['index']=36, ['level']=38},
    [17149989] = {['id']=17149989, ['name']="DeathWasp", ['index']=37, ['level']=39},
    [17149990] = {['id']=17149990, ['name']="DeathWasp", ['index']=38, ['level']=38},
    [17149991] = {['id']=17149991, ['name']="DeathWasp", ['index']=39, ['level']=38},
    [17149992] = {['id']=17149992, ['name']="DeathWasp", ['index']=40, ['level']=38},
    [17149993] = {['id']=17149993, ['name']="GoobbueFarmer", ['index']=41, ['level']=60},
    [17149994] = {['id']=17149994, ['name']="DeathWasp", ['index']=42, ['level']=39},
    [17149995] = {['id']=17149995, ['name']="DeathWasp", ['index']=43, ['level']=39},
    [17149996] = {['id']=17149996, ['name']="GoobbueFarmer", ['index']=44, ['level']=60},
    [17149997] = {['id']=17149997, ['name']="GoobbueFarmer", ['index']=45, ['level']=61},
    [17150021] = {['id']=17150021, ['name']="Coppercap", ['index']=69, ['level']=47},
    [17150304] = {['id']=17150304, ['name']="Sprite", ['index']=352, ['level']=62},
    [17150305] = {['id']=17150305, ['name']="Sprite", ['index']=353, ['level']=62},
    [17150397] = {['id']=17150397, ['name']="StrikingBull", ['index']=445, ['level']=70},
    [17150398] = {['id']=17150398, ['name']="2ndLegionGren", ['index']=446, ['level']=70},
    [17150399] = {['id']=17150399, ['name']="2ndLegionGren", ['index']=447, ['level']=70},
    [17150400] = {['id']=17150400, ['name']="2ndLegionGren", ['index']=448, ['level']=70},
    [17150401] = {['id']=17150401, ['name']="2ndLegionGren", ['index']=449, ['level']=70},
    [17150402] = {['id']=17150402, ['name']="2ndLegionGren", ['index']=450, ['level']=70},
    [17150403] = {['id']=17150403, ['name']="2ndLegionGren", ['index']=451, ['level']=70},
    [17150404] = {['id']=17150404, ['name']="2ndLegionGren", ['index']=452, ['level']=70},
    [17150405] = {['id']=17150405, ['name']="2ndLegionGren", ['index']=453, ['level']=70},
    [17150406] = {['id']=17150406, ['name']="2ndLegionGren", ['index']=454, ['level']=70},
    [17150439] = {['id']=17150439, ['name']="FieldWoundpatc", ['index']=487, ['level']=60},
    [17150440] = {['id']=17150440, ['name']="FieldWoundpatc", ['index']=488, ['level']=60},
    [17150441] = {['id']=17150441, ['name']="FieldWoundpatc", ['index']=489, ['level']=60},
    [17150443] = {['id']=17150443, ['name']="FieldWoundpatc", ['index']=491, ['level']=60},
    [17150444] = {['id']=17150444, ['name']="FieldWoundpatc", ['index']=492, ['level']=60},
    [17150601] = {['id']=17150601, ['name']="Maat", ['index']=649, ['level']=66},
    [17150718] = {['id']=17150718, ['name']="WaywardEcho,L", ['index']=766, ['level']=0},
    [17150442] = {['id']=17150442, ['name']="FieldWoundpatc", ['index']=490, ['level']=60},
    [17149974] = {['id']=17149974, ['name']="Lycopodium", ['index']=22, ['level']=31},
    [17149976] = {['id']=17149976, ['name']="DeathWasp", ['index']=24, ['level']=38},
    [17149977] = {['id']=17149977, ['name']="DeathWasp", ['index']=25, ['level']=38},
    [17149978] = {['id']=17149978, ['name']="DeathWasp", ['index']=26, ['level']=38},
    [17150060] = {['id']=17150060, ['name']="DeathJacket", ['index']=108, ['level']=41},
    [17150061] = {['id']=17150061, ['name']="DeathJacket", ['index']=109, ['level']=42},
    [17150062] = {['id']=17150062, ['name']="DeathJacket", ['index']=110, ['level']=40},
    [17150063] = {['id']=17150063, ['name']="GoobbueFarmer", ['index']=111, ['level']=59},
    [17150064] = {['id']=17150064, ['name']="GoobbueFarmer", ['index']=112, ['level']=59},
    [17150069] = {['id']=17150069, ['name']="GoobbueFarmer", ['index']=117, ['level']=59},
    [17150834] = {['id']=17150834, ['name']="WatchfulPixie", ['index']=882, ['level']=0},
    [17150067] = {['id']=17150067, ['name']="DeathJacket", ['index']=115, ['level']=40},
    [17150065] = {['id']=17150065, ['name']="DeathJacket", ['index']=113, ['level']=41},
    [17150066] = {['id']=17150066, ['name']="DeathJacket", ['index']=114, ['level']=42},
    [17150068] = {['id']=17150068, ['name']="DeathJacket", ['index']=116, ['level']=42},
    [17150309] = {['id']=17150309, ['name']="GoblinSkirmish", ['index']=357, ['level']=59},
    [17150072] = {['id']=17150072, ['name']="DeathJacket", ['index']=120, ['level']=40},
    [17150121] = {['id']=17150121, ['name']="Dragonfly", ['index']=169, ['level']=62},
    [17150122] = {['id']=17150122, ['name']="Dragonfly", ['index']=170, ['level']=60},
    [17150123] = {['id']=17150123, ['name']="Dragonfly", ['index']=171, ['level']=61},
    [17150125] = {['id']=17150125, ['name']="Dragonfly", ['index']=173, ['level']=62},
    [17150126] = {['id']=17150126, ['name']="Dragonfly", ['index']=174, ['level']=60},
    [17150124] = {['id']=17150124, ['name']="Dragonfly", ['index']=172, ['level']=60},
    [17150121] = {['id']=17150121, ['name']="Dragonfly", ['index']=169, ['level']=62},
    [17150122] = {['id']=17150122, ['name']="Dragonfly", ['index']=170, ['level']=60},
    [17150123] = {['id']=17150123, ['name']="Dragonfly", ['index']=171, ['level']=61},
    [17150124] = {['id']=17150124, ['name']="Dragonfly", ['index']=172, ['level']=60},
    [17150125] = {['id']=17150125, ['name']="Dragonfly", ['index']=173, ['level']=62},
    [17150126] = {['id']=17150126, ['name']="Dragonfly", ['index']=174, ['level']=60},
    [17150138] = {['id']=17150138, ['name']="ChampionCrawle", ['index']=186, ['level']=93},
    [17150137] = {['id']=17150137, ['name']="ChampionCrawle", ['index']=185, ['level']=94},
    [17150133] = {['id']=17150133, ['name']="ChampionCrawle", ['index']=181, ['level']=93},
    [17150135] = {['id']=17150135, ['name']="ChampionCrawle", ['index']=183, ['level']=94},
    [17150131] = {['id']=17150131, ['name']="ChampionCrawle", ['index']=179, ['level']=93},
    [17150132] = {['id']=17150132, ['name']="ChampionCrawle", ['index']=180, ['level']=93},
    [17150134] = {['id']=17150134, ['name']="ChampionCrawle", ['index']=182, ['level']=93},
    [17150136] = {['id']=17150136, ['name']="ChampionCrawle", ['index']=184, ['level']=93},
    [17150146] = {['id']=17150146, ['name']="ChampionCrawle", ['index']=194, ['level']=94},
    [17150145] = {['id']=17150145, ['name']="ChampionCrawle", ['index']=193, ['level']=93},
    [17150148] = {['id']=17150148, ['name']="ChampionCrawle", ['index']=196, ['level']=93},
    [17150147] = {['id']=17150147, ['name']="ChampionCrawle", ['index']=195, ['level']=94},
    [17150739] = {['id']=17150739, ['name']="Nonbo-Krunbo", ['index']=787, ['level']=0},
    [17150738] = {['id']=17150738, ['name']="Fulei-Rolei", ['index']=786, ['level']=0},
    [17150144] = {['id']=17150144, ['name']="ChampionCrawle", ['index']=192, ['level']=94},
    [17150151] = {['id']=17150151, ['name']="ChampionCrawle", ['index']=199, ['level']=94},
    [17150150] = {['id']=17150150, ['name']="ChampionCrawle", ['index']=198, ['level']=93},
    [17150149] = {['id']=17150149, ['name']="ChampionCrawle", ['index']=197, ['level']=93},
    [17150152] = {['id']=17150152, ['name']="ChampionCrawle", ['index']=200, ['level']=94},
    [17150153] = {['id']=17150153, ['name']="ChampionCrawle", ['index']=201, ['level']=94},
    [17150309] = {['id']=17150309, ['name']="GoblinSkirmish", ['index']=357, ['level']=59},
    [17150076] = {['id']=17150076, ['name']="DeathJacket", ['index']=124, ['level']=40},
    [17150077] = {['id']=17150077, ['name']="DeathJacket", ['index']=125, ['level']=42},
    [17150082] = {['id']=17150082, ['name']="DeathJacket", ['index']=130, ['level']=40},
    [17150083] = {['id']=17150083, ['name']="DeathJacket", ['index']=131, ['level']=40},
    [17150084] = {['id']=17150084, ['name']="DeathJacket", ['index']=132, ['level']=40},
    [17150085] = {['id']=17150085, ['name']="DeathJacket", ['index']=133, ['level']=40},
    [17150086] = {['id']=17150086, ['name']="DeathJacket", ['index']=134, ['level']=41},
    [17150089] = {['id']=17150089, ['name']="DeathJacket", ['index']=137, ['level']=40},
    [17150257] = {['id']=17150257, ['name']="Coppercap", ['index']=305, ['level']=48},
    [17150258] = {['id']=17150258, ['name']="Coppercap", ['index']=306, ['level']=49},
    [17150740] = {['id']=17150740, ['name']="Poccho-Roccho", ['index']=788, ['level']=0},
    [17150741] = {['id']=17150741, ['name']="Sandey-Lusondey", ['index']=789, ['level']=0},
    [17150087] = {['id']=17150087, ['name']="DeathJacket", ['index']=135, ['level']=40},
    [17150091] = {['id']=17150091, ['name']="DeathJacket", ['index']=139, ['level']=42},
    [17150090] = {['id']=17150090, ['name']="DeathJacket", ['index']=138, ['level']=41},
    [17150088] = {['id']=17150088, ['name']="DeathJacket", ['index']=136, ['level']=41},
    [17150092] = {['id']=17150092, ['name']="DeathJacket", ['index']=140, ['level']=42},
    [17150093] = {['id']=17150093, ['name']="DeathJacket", ['index']=141, ['level']=41},
    [17150094] = {['id']=17150094, ['name']="DeathJacket", ['index']=142, ['level']=41},
    [17150095] = {['id']=17150095, ['name']="DeathJacket", ['index']=143, ['level']=40},
    [17150096] = {['id']=17150096, ['name']="DeathJacket", ['index']=144, ['level']=42},
    [17150097] = {['id']=17150097, ['name']="GoobbueFarmer", ['index']=145, ['level']=59},
    [17150098] = {['id']=17150098, ['name']="DeathJacket", ['index']=146, ['level']=42},
    [17150099] = {['id']=17150099, ['name']="DeathJacket", ['index']=147, ['level']=42},
    [17150100] = {['id']=17150100, ['name']="DeathJacket", ['index']=148, ['level']=40},
    [17150313] = {['id']=17150313, ['name']="GoblinSkirmish", ['index']=361, ['level']=58},
    [17150101] = {['id']=17150101, ['name']="DeathJacket", ['index']=149, ['level']=42},
    [17150102] = {['id']=17150102, ['name']="DeathJacket", ['index']=150, ['level']=42},
    [17150104] = {['id']=17150104, ['name']="DeathJacket", ['index']=152, ['level']=40},
    [17150194] = {['id']=17150194, ['name']="GoobbueFarmer", ['index']=242, ['level']=59},
    [17150200] = {['id']=17150200, ['name']="Ochu", ['index']=248, ['level']=67},
    [17150216] = {['id']=17150216, ['name']="GoobbueFarmer", ['index']=264, ['level']=59},
    [17150217] = {['id']=17150217, ['name']="GoobbueFarmer", ['index']=265, ['level']=59},
    [17150218] = {['id']=17150218, ['name']="GoobbueFarmer", ['index']=266, ['level']=61},
    [17150219] = {['id']=17150219, ['name']="GoobbueFarmer", ['index']=267, ['level']=60},
    [17150221] = {['id']=17150221, ['name']="Coppercap", ['index']=269, ['level']=47},
    [17150222] = {['id']=17150222, ['name']="Coppercap", ['index']=270, ['level']=48},
    [17150223] = {['id']=17150223, ['name']="Coppercap", ['index']=271, ['level']=48},
    [17150224] = {['id']=17150224, ['name']="Coppercap", ['index']=272, ['level']=49},
    [17150308] = {['id']=17150308, ['name']="Sprite", ['index']=356, ['level']=63},
    [17150736] = {['id']=17150736, ['name']="Rakula-Motakula", ['index']=784, ['level']=0},
    [17150737] = {['id']=17150737, ['name']="Merim-Kurim", ['index']=785, ['level']=0},
    [17150154] = {['id']=17150154, ['name']="BerryGrub", ['index']=202, ['level']=50},
    [17150156] = {['id']=17150156, ['name']="BerryGrub", ['index']=204, ['level']=50},
    [17150311] = {['id']=17150311, ['name']="GoblinSkirmish", ['index']=359, ['level']=59},
    [17150155] = {['id']=17150155, ['name']="BerryGrub", ['index']=203, ['level']=50},
    [17150157] = {['id']=17150157, ['name']="MidnightWings", ['index']=205, ['level']=41},
    [17150166] = {['id']=17150166, ['name']="ScabrousSlug", ['index']=214, ['level']=59},
    [17150167] = {['id']=17150167, ['name']="ScabrousSlug", ['index']=215, ['level']=59},
    [17150164] = {['id']=17150164, ['name']="ScabrousSlug", ['index']=212, ['level']=59},
    [17150165] = {['id']=17150165, ['name']="ScabrousSlug", ['index']=213, ['level']=57},
    [17150159] = {['id']=17150159, ['name']="BerryGrub", ['index']=207, ['level']=52},
    [17150163] = {['id']=17150163, ['name']="MidnightWings", ['index']=211, ['level']=40},
    [17150162] = {['id']=17150162, ['name']="MidnightWings", ['index']=210, ['level']=39},
    [17150158] = {['id']=17150158, ['name']="BerryGrub", ['index']=206, ['level']=49},
    [17150161] = {['id']=17150161, ['name']="BerryGrub", ['index']=209, ['level']=49},
    [17150160] = {['id']=17150160, ['name']="BerryGrub", ['index']=208, ['level']=52},
    [17150174] = {['id']=17150174, ['name']="BerryGrub", ['index']=222, ['level']=52},
    [17150175] = {['id']=17150175, ['name']="BerryGrub", ['index']=223, ['level']=52},
    [17150173] = {['id']=17150173, ['name']="BerryGrub", ['index']=221, ['level']=49},
    [17150168] = {['id']=17150168, ['name']="ScabrousSlug", ['index']=216, ['level']=58},
    [17150169] = {['id']=17150169, ['name']="PoisonLeech", ['index']=217, ['level']=46},
    [17150170] = {['id']=17150170, ['name']="PoisonLeech", ['index']=218, ['level']=44},
    [17150172] = {['id']=17150172, ['name']="BerryGrub", ['index']=220, ['level']=49},
    [17150176] = {['id']=17150176, ['name']="PoisonLeech", ['index']=224, ['level']=44},
    [17150177] = {['id']=17150177, ['name']="PoisonLeech", ['index']=225, ['level']=47},
    [17150178] = {['id']=17150178, ['name']="ScabrousSlug", ['index']=226, ['level']=58},
    [17150179] = {['id']=17150179, ['name']="ScabrousSlug", ['index']=227, ['level']=59},
    [17150180] = {['id']=17150180, ['name']="PoisonLeech", ['index']=228, ['level']=44},
    [17150181] = {['id']=17150181, ['name']="PoisonLeech", ['index']=229, ['level']=44},
    [17150182] = {['id']=17150182, ['name']="EvilSpirit", ['index']=230, ['level']=45},
    [17150312] = {['id']=17150312, ['name']="GoblinMine", ['index']=360, ['level']=53},
    [17150079] = {['id']=17150079, ['name']="DeathJacket", ['index']=127, ['level']=40},
    [17150075] = {['id']=17150075, ['name']="DeathJacket", ['index']=123, ['level']=41},
    [17150139] = {['id']=17150139, ['name']="ChampionCrawle", ['index']=187, ['level']=94},
    [17150080] = {['id']=17150080, ['name']="GoobbueFarmer", ['index']=128, ['level']=60},
    [17150078] = {['id']=17150078, ['name']="DeathJacket", ['index']=126, ['level']=40},
    [17150142] = {['id']=17150142, ['name']="ChampionCrawle", ['index']=190, ['level']=94},
    [17150143] = {['id']=17150143, ['name']="ChampionCrawle", ['index']=191, ['level']=93},
    [17150141] = {['id']=17150141, ['name']="ChampionCrawle", ['index']=189, ['level']=94},
    [17150140] = {['id']=17150140, ['name']="ChampionCrawle", ['index']=188, ['level']=93},
    [17150072] = {['id']=17150072, ['name']="DeathJacket", ['index']=120, ['level']=40},
    [17150129] = {['id']=17150129, ['name']="ChampionCrawle", ['index']=177, ['level']=93},
    [17150130] = {['id']=17150130, ['name']="ChampionCrawle", ['index']=178, ['level']=94},
    [17150127] = {['id']=17150127, ['name']="GoobbueFarmer", ['index']=175, ['level']=60},
    [17150067] = {['id']=17150067, ['name']="DeathJacket", ['index']=115, ['level']=40},
    [17150071] = {['id']=17150071, ['name']="DeathJacket", ['index']=119, ['level']=40},
    [17150074] = {['id']=17150074, ['name']="DeathJacket", ['index']=122, ['level']=41},
    [17150307] = {['id']=17150307, ['name']="Sprite", ['index']=355, ['level']=62},
    [17150073] = {['id']=17150073, ['name']="DeathJacket", ['index']=121, ['level']=42},
    [17150070] = {['id']=17150070, ['name']="DeathJacket", ['index']=118, ['level']=41},
    [17150062] = {['id']=17150062, ['name']="DeathJacket", ['index']=110, ['level']=40},
    [17150063] = {['id']=17150063, ['name']="GoobbueFarmer", ['index']=111, ['level']=59},
    [17150065] = {['id']=17150065, ['name']="DeathJacket", ['index']=113, ['level']=41},
    [17150066] = {['id']=17150066, ['name']="DeathJacket", ['index']=114, ['level']=42},
    [17150068] = {['id']=17150068, ['name']="DeathJacket", ['index']=116, ['level']=42},
    [17149972] = {['id']=17149972, ['name']="Lycopodium", ['index']=20, ['level']=31},
    [17150060] = {['id']=17150060, ['name']="DeathJacket", ['index']=108, ['level']=41},
    [17150061] = {['id']=17150061, ['name']="DeathJacket", ['index']=109, ['level']=42},
    [17150064] = {['id']=17150064, ['name']="GoobbueFarmer", ['index']=112, ['level']=59},
    [17150069] = {['id']=17150069, ['name']="GoobbueFarmer", ['index']=117, ['level']=59},
    [17150834] = {['id']=17150834, ['name']="WatchfulPixie", ['index']=882, ['level']=0},
    [17149973] = {['id']=17149973, ['name']="Lycopodium", ['index']=21, ['level']=28},
    [17149975] = {['id']=17149975, ['name']="DeathWasp", ['index']=23, ['level']=39},
    [17149978] = {['id']=17149978, ['name']="DeathWasp", ['index']=26, ['level']=38},
    [17149985] = {['id']=17149985, ['name']="DeathWasp", ['index']=33, ['level']=39},
    [17150111] = {['id']=17150111, ['name']="DeathJacket", ['index']=159, ['level']=40},
    [17150113] = {['id']=17150113, ['name']="GoobbueFarmer", ['index']=161, ['level']=59},
    [17150114] = {['id']=17150114, ['name']="DeathJacket", ['index']=162, ['level']=42},
    [17150115] = {['id']=17150115, ['name']="DeathJacket", ['index']=163, ['level']=42},
    [17150116] = {['id']=17150116, ['name']="DeathJacket", ['index']=164, ['level']=40},
    [17150202] = {['id']=17150202, ['name']="GoobbueFarmer", ['index']=250, ['level']=60},
    [17150203] = {['id']=17150203, ['name']="OldQuadav", ['index']=251, ['level']=68},
    [17150204] = {['id']=17150204, ['name']="HeliodorQuadav", ['index']=252, ['level']=67},
    [17150205] = {['id']=17150205, ['name']="Hawker", ['index']=253, ['level']=45},
    [17150206] = {['id']=17150206, ['name']="Hawker", ['index']=254, ['level']=46},
    [17150207] = {['id']=17150207, ['name']="Hawker", ['index']=255, ['level']=46},
    [17150208] = {['id']=17150208, ['name']="GoobbueFarmer", ['index']=256, ['level']=60},
    [17150210] = {['id']=17150210, ['name']="Hawker", ['index']=258, ['level']=48},
    [17150211] = {['id']=17150211, ['name']="Hawker", ['index']=259, ['level']=47},
    [17150212] = {['id']=17150212, ['name']="Hawker", ['index']=260, ['level']=46},
    [17150213] = {['id']=17150213, ['name']="Hawker", ['index']=261, ['level']=45},
    [17150214] = {['id']=17150214, ['name']="Hawker", ['index']=262, ['level']=48},
    [17150215] = {['id']=17150215, ['name']="Hawker", ['index']=263, ['level']=47},
    [17150315] = {['id']=17150315, ['name']="GoblinSkirmish", ['index']=363, ['level']=59},
    [17150751] = {['id']=17150751, ['name']="Vilmar", ['index']=799, ['level']=0},
    [17150805] = {['id']=17150805, ['name']="GateSentry", ['index']=853, ['level']=75},
    [17150847] = {['id']=17150847, ['name']="SurvivalGuide", ['index']=895, ['level']=0},
