    [17772547] = {['id']=17772547, ['name']="Goggehn", ['index']=3, ['level']=0},
    [17772549] = {['id']=17772549, ['name']="PakhJatalfih", ['index']=5, ['level']=0},
    [17772577] = {['id']=17772577, ['name']="Radeivepart", ['index']=33, ['level']=0},
    [17772578] = {['id']=17772578, ['name']="Kayle", ['index']=34, ['level']=0},
    [17772586] = {['id']=17772586, ['name']="Perisa-Neburusa", ['index']=42, ['level']=0},
    [17772589] = {['id']=17772589, ['name']="Akta", ['index']=45, ['level']=0},
    [17772592] = {['id']=17772592, ['name']="Tsugumi", ['index']=48, ['level']=0},
    [17772657] = {['id']=17772657, ['name']="Pursuivant", ['index']=113, ['level']=0},
    [17772658] = {['id']=17772658, ['name']="Marshal", ['index']=114, ['level']=0},
    [17772726] = {['id']=17772726, ['name']="Venessa", ['index']=182, ['level']=0},
    [17772740] = {['id']=17772740, ['name']="Nuria", ['index']=196, ['level']=0},
    [17772785] = {['id']=17772785, ['name']="ArtisanMoogle", ['index']=241, ['level']=0},
    [17772788] = {['id']=17772788, ['name']="Fabien", ['index']=244, ['level']=0},
    [17772789] = {['id']=17772789, ['name']="Vincent", ['index']=245, ['level']=0},
    [17772790] = {['id']=17772790, ['name']="VoidwatchPurve", ['index']=246, ['level']=0},
    [17772805] = {['id']=17772805, ['name']="SurvivalGuide", ['index']=261, ['level']=0},
    [17772659] = {['id']=17772659, ['name']="Tillecoe", ['index']=115, ['level']=0},
    [17772567] = {['id']=17772567, ['name']="Petva", ['index']=23, ['level']=0},
    [17772571] = {['id']=17772571, ['name']="Albiona", ['index']=27, ['level']=0},
    [17772773] = {['id']=17772773, ['name']="ExplorerMoogle", ['index']=229, ['level']=0},
    [17772591] = {['id']=17772591, ['name']="SittingRam", ['index']=47, ['level']=0},
    [17772563] = {['id']=17772563, ['name']="ChapiGalepilai", ['index']=19, ['level']=0},
    [17772568] = {['id']=17772568, ['name']="Muhoho", ['index']=24, ['level']=0},
    [17772598] = {['id']=17772598, ['name']="MacchiGazlitah", ['index']=54, ['level']=0},
    [17772590] = {['id']=17772590, ['name']="Pitenorelieu", ['index']=46, ['level']=0},
    [17772564] = {['id']=17772564, ['name']="CrookedArrow", ['index']=20, ['level']=0},
    [17772562] = {['id']=17772562, ['name']="Auchefort", ['index']=18, ['level']=0},
    [17772570] = {['id']=17772570, ['name']="Anoop", ['index']=26, ['level']=0},
    [17772572] = {['id']=17772572, ['name']="Main-Harmain", ['index']=28, ['level']=0},
    [17772558] = {['id']=17772558, ['name']="Rainhard", ['index']=14, ['level']=0},
    [17772720] = {['id']=17772720, ['name']="Taillegeas", ['index']=176, ['level']=0},
    [17772557] = {['id']=17772557, ['name']="HighWind", ['index']=13, ['level']=0},
    [17772561] = {['id']=17772561, ['name']="Adolie", ['index']=17, ['level']=0},
    [17772560] = {['id']=17772560, ['name']="Neraf-Najiruf", ['index']=16, ['level']=0},
    [17772573] = {['id']=17772573, ['name']="Yavoraile", ['index']=29, ['level']=0},
    [17772569] = {['id']=17772569, ['name']="Colti", ['index']=25, ['level']=0},
    [17772575] = {['id']=17772575, ['name']="Arenuel", ['index']=31, ['level']=0},
    [17772559] = {['id']=17772559, ['name']="Pherimociel", ['index']=15, ['level']=0},
    [17772784] = {['id']=17772784, ['name']="MagianMoogle", ['index']=240, ['level']=0},
    [17772566] = {['id']=17772566, ['name']="Baran", ['index']=22, ['level']=0},
    [17772593] = {['id']=17772593, ['name']="Maat", ['index']=49, ['level']=0},
    [17772778] = {['id']=17772778, ['name']="MagianMoogle", ['index']=234, ['level']=0},
    [17772782] = {['id']=17772782, ['name']="MagianMoogle", ['index']=238, ['level']=0},
    [17772661] = {['id']=17772661, ['name']="NomadMoogle", ['index']=117, ['level']=0},
    [17772595] = {['id']=17772595, ['name']="Harith", ['index']=51, ['level']=0},
    [17772574] = {['id']=17772574, ['name']="Leis", ['index']=30, ['level']=0},
    [17772804] = {['id']=17772804, ['name']="Marjory", ['index']=260, ['level']=0},
    [17772803] = {['id']=17772803, ['name']="Jamal", ['index']=259, ['level']=0},
    [17772576] = {['id']=17772576, ['name']="Falreze", ['index']=32, ['level']=0},
    [17772808] = {['id']=17772808, ['name']="LinkshellConci", ['index']=264, ['level']=0},
    [17772795] = {['id']=17772795, ['name']="Anastase", ['index']=251, ['level']=0},
    [17772807] = {['id']=17772807, ['name']="LinkshellConci", ['index']=263, ['level']=0},
    [17772806] = {['id']=17772806, ['name']="LinkshellConci", ['index']=262, ['level']=0},
    [17772545] = {['id']=17772545, ['name']="Nelcabrit", ['index']=1, ['level']=0},
    [17772771] = {['id']=17772771, ['name']="Ajahkeem", ['index']=227, ['level']=0},
    [17772628] = {['id']=17772628, ['name']="Laityn", ['index']=84, ['level']=0},
    [17772565] = {['id']=17772565, ['name']="Morlepiche", ['index']=21, ['level']=0},
    [17772776] = {['id']=17772776, ['name']="AssaiNybaem", ['index']=232, ['level']=0},
    [17772665] = {['id']=17772665, ['name']="Archanne", ['index']=121, ['level']=0},
    [17772597] = {['id']=17772597, ['name']="DabihJajalioh", ['index']=53, ['level']=0},
    [17772580] = {['id']=17772580, ['name']="GhyeDachanthu", ['index']=36, ['level']=0},
    [17772579] = {['id']=17772579, ['name']="Dugga", ['index']=35, ['level']=0},
    [17772596] = {['id']=17772596, ['name']="Diradour", ['index']=52, ['level']=0},
    [17772819] = {['id']=17772819, ['name']="???", ['index']=275, ['level']=0},
    [17772549] = {['id']=17772549, ['name']="PakhJatalfih", ['index']=5, ['level']=0},
    [17772547] = {['id']=17772547, ['name']="Goggehn", ['index']=3, ['level']=0},
    [17772578] = {['id']=17772578, ['name']="Kayle", ['index']=34, ['level']=0},
    [17772586] = {['id']=17772586, ['name']="Perisa-Neburusa", ['index']=42, ['level']=0},
    [17772589] = {['id']=17772589, ['name']="Akta", ['index']=45, ['level']=0},
    [17772592] = {['id']=17772592, ['name']="Tsugumi", ['index']=48, ['level']=0},
    [17772658] = {['id']=17772658, ['name']="Marshal", ['index']=114, ['level']=0},
    [17772726] = {['id']=17772726, ['name']="Venessa", ['index']=182, ['level']=0},
    [17772740] = {['id']=17772740, ['name']="Nuria", ['index']=196, ['level']=0},
    [17772785] = {['id']=17772785, ['name']="ArtisanMoogle", ['index']=241, ['level']=0},
    [17772788] = {['id']=17772788, ['name']="Fabien", ['index']=244, ['level']=0},
    [17772789] = {['id']=17772789, ['name']="Vincent", ['index']=245, ['level']=0},
    [17772790] = {['id']=17772790, ['name']="VoidwatchPurve", ['index']=246, ['level']=0},
    [17772805] = {['id']=17772805, ['name']="SurvivalGuide", ['index']=261, ['level']=0},
    [17772657] = {['id']=17772657, ['name']="Pursuivant", ['index']=113, ['level']=0},
    [17772577] = {['id']=17772577, ['name']="Radeivepart", ['index']=33, ['level']=0},
    [17772659] = {['id']=17772659, ['name']="Tillecoe", ['index']=115, ['level']=0},
    [17772567] = {['id']=17772567, ['name']="Petva", ['index']=23, ['level']=0},
    [17772571] = {['id']=17772571, ['name']="Albiona", ['index']=27, ['level']=0},
    [17772773] = {['id']=17772773, ['name']="ExplorerMoogle", ['index']=229, ['level']=0},
    [17772591] = {['id']=17772591, ['name']="SittingRam", ['index']=47, ['level']=0},
    [17772598] = {['id']=17772598, ['name']="MacchiGazlitah", ['index']=54, ['level']=0},
    [17772563] = {['id']=17772563, ['name']="ChapiGalepilai", ['index']=19, ['level']=0},
    [17772568] = {['id']=17772568, ['name']="Muhoho", ['index']=24, ['level']=0},
    [17772590] = {['id']=17772590, ['name']="Pitenorelieu", ['index']=46, ['level']=0},
    [17772564] = {['id']=17772564, ['name']="CrookedArrow", ['index']=20, ['level']=0},
    [17772808] = {['id']=17772808, ['name']="LinkshellConci", ['index']=264, ['level']=0},
    [17772807] = {['id']=17772807, ['name']="LinkshellConci", ['index']=263, ['level']=0},
    [17772795] = {['id']=17772795, ['name']="Anastase", ['index']=251, ['level']=0},
    [17772806] = {['id']=17772806, ['name']="LinkshellConci", ['index']=262, ['level']=0},
    [17772579] = {['id']=17772579, ['name']="Dugga", ['index']=35, ['level']=0},
    [17772819] = {['id']=17772819, ['name']="???", ['index']=275, ['level']=0},
    [17772665] = {['id']=17772665, ['name']="Archanne", ['index']=121, ['level']=0},
    [17772545] = {['id']=17772545, ['name']="Nelcabrit", ['index']=1, ['level']=0},
    [17772580] = {['id']=17772580, ['name']="GhyeDachanthu", ['index']=36, ['level']=0},
    [17772596] = {['id']=17772596, ['name']="Diradour", ['index']=52, ['level']=0},
    [17772597] = {['id']=17772597, ['name']="DabihJajalioh", ['index']=53, ['level']=0},
    [17772577] = {['id']=17772577, ['name']="Radeivepart", ['index']=33, ['level']=0},
    [17772578] = {['id']=17772578, ['name']="Kayle", ['index']=34, ['level']=0},
    [17772658] = {['id']=17772658, ['name']="Marshal", ['index']=114, ['level']=0},
    [17772549] = {['id']=17772549, ['name']="PakhJatalfih", ['index']=5, ['level']=0},
    [17772592] = {['id']=17772592, ['name']="Tsugumi", ['index']=48, ['level']=0},
    [17772657] = {['id']=17772657, ['name']="Pursuivant", ['index']=113, ['level']=0},
    [17772785] = {['id']=17772785, ['name']="ArtisanMoogle", ['index']=241, ['level']=0},
    [17772740] = {['id']=17772740, ['name']="Nuria", ['index']=196, ['level']=0},
    [17772805] = {['id']=17772805, ['name']="SurvivalGuide", ['index']=261, ['level']=0},
    [17772586] = {['id']=17772586, ['name']="Perisa-Neburusa", ['index']=42, ['level']=0},
    [17772589] = {['id']=17772589, ['name']="Akta", ['index']=45, ['level']=0},
    [17772788] = {['id']=17772788, ['name']="Fabien", ['index']=244, ['level']=0},
    [17772789] = {['id']=17772789, ['name']="Vincent", ['index']=245, ['level']=0},
    [17772790] = {['id']=17772790, ['name']="VoidwatchPurve", ['index']=246, ['level']=0},
    [17772547] = {['id']=17772547, ['name']="Goggehn", ['index']=3, ['level']=0},
    [17772726] = {['id']=17772726, ['name']="Venessa", ['index']=182, ['level']=0},
    [17772666] = {['id']=17772666, ['name']="Moogle", ['index']=122, ['level']=0},
    [17772671] = {['id']=17772671, ['name']="SymphonicCurat", ['index']=127, ['level']=0},
    [17772545] = {['id']=17772545, ['name']="Nelcabrit", ['index']=1, ['level']=0},
    [17772808] = {['id']=17772808, ['name']="LinkshellConci", ['index']=264, ['level']=0},
    [17772571] = {['id']=17772571, ['name']="Albiona", ['index']=27, ['level']=0},
    [17772807] = {['id']=17772807, ['name']="LinkshellConci", ['index']=263, ['level']=0},
    [17772567] = {['id']=17772567, ['name']="Petva", ['index']=23, ['level']=0},
    [17772773] = {['id']=17772773, ['name']="ExplorerMoogle", ['index']=229, ['level']=0},
    [17772563] = {['id']=17772563, ['name']="ChapiGalepilai", ['index']=19, ['level']=0},
    [17772568] = {['id']=17772568, ['name']="Muhoho", ['index']=24, ['level']=0},
    [17772806] = {['id']=17772806, ['name']="LinkshellConci", ['index']=262, ['level']=0},
    [17772598] = {['id']=17772598, ['name']="MacchiGazlitah", ['index']=54, ['level']=0},
    [17772591] = {['id']=17772591, ['name']="SittingRam", ['index']=47, ['level']=0},
    [17772577] = {['id']=17772577, ['name']="Radeivepart", ['index']=33, ['level']=0},
    [17772578] = {['id']=17772578, ['name']="Kayle", ['index']=34, ['level']=0},
    [17772659] = {['id']=17772659, ['name']="Tillecoe", ['index']=115, ['level']=0},
    [17772658] = {['id']=17772658, ['name']="Marshal", ['index']=114, ['level']=0},
    [17772549] = {['id']=17772549, ['name']="PakhJatalfih", ['index']=5, ['level']=0},
    [17772657] = {['id']=17772657, ['name']="Pursuivant", ['index']=113, ['level']=0},
    [17772592] = {['id']=17772592, ['name']="Tsugumi", ['index']=48, ['level']=0},
    [17772785] = {['id']=17772785, ['name']="ArtisanMoogle", ['index']=241, ['level']=0},
    [17772740] = {['id']=17772740, ['name']="Nuria", ['index']=196, ['level']=0},
    [17772805] = {['id']=17772805, ['name']="SurvivalGuide", ['index']=261, ['level']=0},
    [17772586] = {['id']=17772586, ['name']="Perisa-Neburusa", ['index']=42, ['level']=0},
    [17772590] = {['id']=17772590, ['name']="Pitenorelieu", ['index']=46, ['level']=0},
    [17772564] = {['id']=17772564, ['name']="CrookedArrow", ['index']=20, ['level']=0},
    [17772795] = {['id']=17772795, ['name']="Anastase", ['index']=251, ['level']=0},
    [17772579] = {['id']=17772579, ['name']="Dugga", ['index']=35, ['level']=0},
    [17772819] = {['id']=17772819, ['name']="???", ['index']=275, ['level']=0},
    [17772665] = {['id']=17772665, ['name']="Archanne", ['index']=121, ['level']=0},
    [17772580] = {['id']=17772580, ['name']="GhyeDachanthu", ['index']=36, ['level']=0},
    [17772597] = {['id']=17772597, ['name']="DabihJajalioh", ['index']=53, ['level']=0},
    [17772596] = {['id']=17772596, ['name']="Diradour", ['index']=52, ['level']=0},
    [17772628] = {['id']=17772628, ['name']="Laityn", ['index']=84, ['level']=0},
    [17772771] = {['id']=17772771, ['name']="Ajahkeem", ['index']=227, ['level']=0},
    [17772549] = {['id']=17772549, ['name']="PakhJatalfih", ['index']=5, ['level']=0},
    [17772578] = {['id']=17772578, ['name']="Kayle", ['index']=34, ['level']=0},
    [17772586] = {['id']=17772586, ['name']="Perisa-Neburusa", ['index']=42, ['level']=0},
    [17772589] = {['id']=17772589, ['name']="Akta", ['index']=45, ['level']=0},
    [17772592] = {['id']=17772592, ['name']="Tsugumi", ['index']=48, ['level']=0},
    [17772547] = {['id']=17772547, ['name']="Goggehn", ['index']=3, ['level']=0},
    [17772658] = {['id']=17772658, ['name']="Marshal", ['index']=114, ['level']=0},
    [17772726] = {['id']=17772726, ['name']="Venessa", ['index']=182, ['level']=0},
    [17772740] = {['id']=17772740, ['name']="Nuria", ['index']=196, ['level']=0},
    [17772785] = {['id']=17772785, ['name']="ArtisanMoogle", ['index']=241, ['level']=0},
    [17772788] = {['id']=17772788, ['name']="Fabien", ['index']=244, ['level']=0},
    [17772789] = {['id']=17772789, ['name']="Vincent", ['index']=245, ['level']=0},
    [17772790] = {['id']=17772790, ['name']="VoidwatchPurve", ['index']=246, ['level']=0},
    [17772805] = {['id']=17772805, ['name']="SurvivalGuide", ['index']=261, ['level']=0},
    [17772657] = {['id']=17772657, ['name']="Pursuivant", ['index']=113, ['level']=0},
    [17772577] = {['id']=17772577, ['name']="Radeivepart", ['index']=33, ['level']=0},
    [17772659] = {['id']=17772659, ['name']="Tillecoe", ['index']=115, ['level']=0},
    [17772567] = {['id']=17772567, ['name']="Petva", ['index']=23, ['level']=0},
    [17772571] = {['id']=17772571, ['name']="Albiona", ['index']=27, ['level']=0},
    [17772773] = {['id']=17772773, ['name']="ExplorerMoogle", ['index']=229, ['level']=0},
    [17772591] = {['id']=17772591, ['name']="SittingRam", ['index']=47, ['level']=0},
    [17772563] = {['id']=17772563, ['name']="ChapiGalepilai", ['index']=19, ['level']=0},
    [17772598] = {['id']=17772598, ['name']="MacchiGazlitah", ['index']=54, ['level']=0},
    [17772568] = {['id']=17772568, ['name']="Muhoho", ['index']=24, ['level']=0},
    [17772590] = {['id']=17772590, ['name']="Pitenorelieu", ['index']=46, ['level']=0},
    [17772564] = {['id']=17772564, ['name']="CrookedArrow", ['index']=20, ['level']=0},
    [17772808] = {['id']=17772808, ['name']="LinkshellConci", ['index']=264, ['level']=0},
    [17772807] = {['id']=17772807, ['name']="LinkshellConci", ['index']=263, ['level']=0},
    [17772795] = {['id']=17772795, ['name']="Anastase", ['index']=251, ['level']=0},
    [17772806] = {['id']=17772806, ['name']="LinkshellConci", ['index']=262, ['level']=0},
    [17772545] = {['id']=17772545, ['name']="Nelcabrit", ['index']=1, ['level']=0},
    [17772579] = {['id']=17772579, ['name']="Dugga", ['index']=35, ['level']=0},
    [17772819] = {['id']=17772819, ['name']="???", ['index']=275, ['level']=0},
    [17772665] = {['id']=17772665, ['name']="Archanne", ['index']=121, ['level']=0},
    [17772580] = {['id']=17772580, ['name']="GhyeDachanthu", ['index']=36, ['level']=0},
    [17772597] = {['id']=17772597, ['name']="DabihJajalioh", ['index']=53, ['level']=0},
    [17772596] = {['id']=17772596, ['name']="Diradour", ['index']=52, ['level']=0},
    [17772628] = {['id']=17772628, ['name']="Laityn", ['index']=84, ['level']=0},
    [17772771] = {['id']=17772771, ['name']="Ajahkeem", ['index']=227, ['level']=0},
    [17772545] = {['id']=17772545, ['name']="Nelcabrit", ['index']=1, ['level']=0},
    [17772547] = {['id']=17772547, ['name']="Goggehn", ['index']=3, ['level']=0},
    [17772549] = {['id']=17772549, ['name']="PakhJatalfih", ['index']=5, ['level']=0},
    [17772557] = {['id']=17772557, ['name']="HighWind", ['index']=13, ['level']=0},
    [17772558] = {['id']=17772558, ['name']="Rainhard", ['index']=14, ['level']=0},
    [17772559] = {['id']=17772559, ['name']="Pherimociel", ['index']=15, ['level']=0},
    [17772560] = {['id']=17772560, ['name']="Neraf-Najiruf", ['index']=16, ['level']=0},
    [17772561] = {['id']=17772561, ['name']="Adolie", ['index']=17, ['level']=0},
    [17772562] = {['id']=17772562, ['name']="Auchefort", ['index']=18, ['level']=0},
    [17772563] = {['id']=17772563, ['name']="ChapiGalepilai", ['index']=19, ['level']=0},
    [17772564] = {['id']=17772564, ['name']="CrookedArrow", ['index']=20, ['level']=0},
    [17772565] = {['id']=17772565, ['name']="Morlepiche", ['index']=21, ['level']=0},
    [17772567] = {['id']=17772567, ['name']="Petva", ['index']=23, ['level']=0},
    [17772568] = {['id']=17772568, ['name']="Muhoho", ['index']=24, ['level']=0},
    [17772569] = {['id']=17772569, ['name']="Colti", ['index']=25, ['level']=0},
    [17772570] = {['id']=17772570, ['name']="Anoop", ['index']=26, ['level']=0},
    [17772571] = {['id']=17772571, ['name']="Albiona", ['index']=27, ['level']=0},
    [17772572] = {['id']=17772572, ['name']="Main-Harmain", ['index']=28, ['level']=0},
    [17772573] = {['id']=17772573, ['name']="Yavoraile", ['index']=29, ['level']=0},
    [17772575] = {['id']=17772575, ['name']="Arenuel", ['index']=31, ['level']=0},
    [17772577] = {['id']=17772577, ['name']="Radeivepart", ['index']=33, ['level']=0},
    [17772578] = {['id']=17772578, ['name']="Kayle", ['index']=34, ['level']=0},
    [17772579] = {['id']=17772579, ['name']="Dugga", ['index']=35, ['level']=0},
    [17772580] = {['id']=17772580, ['name']="GhyeDachanthu", ['index']=36, ['level']=0},
    [17772586] = {['id']=17772586, ['name']="Perisa-Neburusa", ['index']=42, ['level']=0},
    [17772589] = {['id']=17772589, ['name']="Akta", ['index']=45, ['level']=0},
    [17772590] = {['id']=17772590, ['name']="Pitenorelieu", ['index']=46, ['level']=0},
    [17772591] = {['id']=17772591, ['name']="SittingRam", ['index']=47, ['level']=0},
    [17772592] = {['id']=17772592, ['name']="Tsugumi", ['index']=48, ['level']=0},
    [17772596] = {['id']=17772596, ['name']="Diradour", ['index']=52, ['level']=0},
    [17772597] = {['id']=17772597, ['name']="DabihJajalioh", ['index']=53, ['level']=0},
    [17772598] = {['id']=17772598, ['name']="MacchiGazlitah", ['index']=54, ['level']=0},
    [17772628] = {['id']=17772628, ['name']="Laityn", ['index']=84, ['level']=0},
    [17772657] = {['id']=17772657, ['name']="Pursuivant", ['index']=113, ['level']=0},
    [17772658] = {['id']=17772658, ['name']="Marshal", ['index']=114, ['level']=0},
    [17772659] = {['id']=17772659, ['name']="Tillecoe", ['index']=115, ['level']=0},
    [17772665] = {['id']=17772665, ['name']="Archanne", ['index']=121, ['level']=0},
    [17772720] = {['id']=17772720, ['name']="Taillegeas", ['index']=176, ['level']=0},
    [17772726] = {['id']=17772726, ['name']="Venessa", ['index']=182, ['level']=0},
    [17772740] = {['id']=17772740, ['name']="Nuria", ['index']=196, ['level']=0},
    [17772771] = {['id']=17772771, ['name']="Ajahkeem", ['index']=227, ['level']=0},
    [17772773] = {['id']=17772773, ['name']="ExplorerMoogle", ['index']=229, ['level']=0},
    [17772776] = {['id']=17772776, ['name']="AssaiNybaem", ['index']=232, ['level']=0},
    [17772785] = {['id']=17772785, ['name']="ArtisanMoogle", ['index']=241, ['level']=0},
    [17772788] = {['id']=17772788, ['name']="Fabien", ['index']=244, ['level']=0},
    [17772789] = {['id']=17772789, ['name']="Vincent", ['index']=245, ['level']=0},
    [17772790] = {['id']=17772790, ['name']="VoidwatchPurve", ['index']=246, ['level']=0},
    [17772795] = {['id']=17772795, ['name']="Anastase", ['index']=251, ['level']=0},
    [17772805] = {['id']=17772805, ['name']="SurvivalGuide", ['index']=261, ['level']=0},
    [17772806] = {['id']=17772806, ['name']="LinkshellConci", ['index']=262, ['level']=0},
    [17772807] = {['id']=17772807, ['name']="LinkshellConci", ['index']=263, ['level']=0},
    [17772808] = {['id']=17772808, ['name']="LinkshellConci", ['index']=264, ['level']=0},
    [17772819] = {['id']=17772819, ['name']="???", ['index']=275, ['level']=0},
    [17772566] = {['id']=17772566, ['name']="Baran", ['index']=22, ['level']=0},
    [17772574] = {['id']=17772574, ['name']="Leis", ['index']=30, ['level']=0},
    [17772593] = {['id']=17772593, ['name']="Maat", ['index']=49, ['level']=0},
    [17772595] = {['id']=17772595, ['name']="Harith", ['index']=51, ['level']=0},
    [17772661] = {['id']=17772661, ['name']="NomadMoogle", ['index']=117, ['level']=0},
    [17772778] = {['id']=17772778, ['name']="MagianMoogle", ['index']=234, ['level']=0},
    [17772782] = {['id']=17772782, ['name']="MagianMoogle", ['index']=238, ['level']=0},
    [17772784] = {['id']=17772784, ['name']="MagianMoogle", ['index']=240, ['level']=0},
    [17772804] = {['id']=17772804, ['name']="Marjory", ['index']=260, ['level']=0},
    [17772803] = {['id']=17772803, ['name']="Jamal", ['index']=259, ['level']=0},
    [17772576] = {['id']=17772576, ['name']="Falreze", ['index']=32, ['level']=0},
    [17772545] = {['id']=17772545, ['name']="Nelcabrit", ['index']=1, ['level']=0},
    [17772547] = {['id']=17772547, ['name']="Goggehn", ['index']=3, ['level']=0},
    [17772549] = {['id']=17772549, ['name']="PakhJatalfih", ['index']=5, ['level']=0},
    [17772557] = {['id']=17772557, ['name']="HighWind", ['index']=13, ['level']=0},
    [17772558] = {['id']=17772558, ['name']="Rainhard", ['index']=14, ['level']=0},
    [17772559] = {['id']=17772559, ['name']="Pherimociel", ['index']=15, ['level']=0},
    [17772560] = {['id']=17772560, ['name']="Neraf-Najiruf", ['index']=16, ['level']=0},
    [17772561] = {['id']=17772561, ['name']="Adolie", ['index']=17, ['level']=0},
    [17772562] = {['id']=17772562, ['name']="Auchefort", ['index']=18, ['level']=0},
    [17772563] = {['id']=17772563, ['name']="ChapiGalepilai", ['index']=19, ['level']=0},
    [17772564] = {['id']=17772564, ['name']="CrookedArrow", ['index']=20, ['level']=0},
    [17772565] = {['id']=17772565, ['name']="Morlepiche", ['index']=21, ['level']=0},
    [17772567] = {['id']=17772567, ['name']="Petva", ['index']=23, ['level']=0},
    [17772568] = {['id']=17772568, ['name']="Muhoho", ['index']=24, ['level']=0},
    [17772569] = {['id']=17772569, ['name']="Colti", ['index']=25, ['level']=0},
    [17772570] = {['id']=17772570, ['name']="Anoop", ['index']=26, ['level']=0},
    [17772571] = {['id']=17772571, ['name']="Albiona", ['index']=27, ['level']=0},
    [17772572] = {['id']=17772572, ['name']="Main-Harmain", ['index']=28, ['level']=0},
    [17772573] = {['id']=17772573, ['name']="Yavoraile", ['index']=29, ['level']=0},
    [17772575] = {['id']=17772575, ['name']="Arenuel", ['index']=31, ['level']=0},
    [17772577] = {['id']=17772577, ['name']="Radeivepart", ['index']=33, ['level']=0},
    [17772578] = {['id']=17772578, ['name']="Kayle", ['index']=34, ['level']=0},
    [17772579] = {['id']=17772579, ['name']="Dugga", ['index']=35, ['level']=0},
    [17772580] = {['id']=17772580, ['name']="GhyeDachanthu", ['index']=36, ['level']=0},
    [17772586] = {['id']=17772586, ['name']="Perisa-Neburusa", ['index']=42, ['level']=0},
    [17772589] = {['id']=17772589, ['name']="Akta", ['index']=45, ['level']=0},
    [17772590] = {['id']=17772590, ['name']="Pitenorelieu", ['index']=46, ['level']=0},
    [17772591] = {['id']=17772591, ['name']="SittingRam", ['index']=47, ['level']=0},
    [17772592] = {['id']=17772592, ['name']="Tsugumi", ['index']=48, ['level']=0},
    [17772596] = {['id']=17772596, ['name']="Diradour", ['index']=52, ['level']=0},
    [17772597] = {['id']=17772597, ['name']="DabihJajalioh", ['index']=53, ['level']=0},
    [17772598] = {['id']=17772598, ['name']="MacchiGazlitah", ['index']=54, ['level']=0},
    [17772628] = {['id']=17772628, ['name']="Laityn", ['index']=84, ['level']=0},
    [17772657] = {['id']=17772657, ['name']="Pursuivant", ['index']=113, ['level']=0},
    [17772658] = {['id']=17772658, ['name']="Marshal", ['index']=114, ['level']=0},
    [17772659] = {['id']=17772659, ['name']="Tillecoe", ['index']=115, ['level']=0},
    [17772665] = {['id']=17772665, ['name']="Archanne", ['index']=121, ['level']=0},
    [17772720] = {['id']=17772720, ['name']="Taillegeas", ['index']=176, ['level']=0},
    [17772726] = {['id']=17772726, ['name']="Venessa", ['index']=182, ['level']=0},
    [17772740] = {['id']=17772740, ['name']="Nuria", ['index']=196, ['level']=0},
    [17772771] = {['id']=17772771, ['name']="Ajahkeem", ['index']=227, ['level']=0},
    [17772773] = {['id']=17772773, ['name']="ExplorerMoogle", ['index']=229, ['level']=0},
    [17772776] = {['id']=17772776, ['name']="AssaiNybaem", ['index']=232, ['level']=0},
    [17772785] = {['id']=17772785, ['name']="ArtisanMoogle", ['index']=241, ['level']=0},
    [17772788] = {['id']=17772788, ['name']="Fabien", ['index']=244, ['level']=0},
    [17772789] = {['id']=17772789, ['name']="Vincent", ['index']=245, ['level']=0},
    [17772790] = {['id']=17772790, ['name']="VoidwatchPurve", ['index']=246, ['level']=0},
    [17772795] = {['id']=17772795, ['name']="Anastase", ['index']=251, ['level']=0},
    [17772805] = {['id']=17772805, ['name']="SurvivalGuide", ['index']=261, ['level']=0},
    [17772806] = {['id']=17772806, ['name']="LinkshellConci", ['index']=262, ['level']=0},
    [17772807] = {['id']=17772807, ['name']="LinkshellConci", ['index']=263, ['level']=0},
    [17772808] = {['id']=17772808, ['name']="LinkshellConci", ['index']=264, ['level']=0},
    [17772819] = {['id']=17772819, ['name']="???", ['index']=275, ['level']=0},
    [17772545] = {['id']=17772545, ['name']="Nelcabrit", ['index']=1, ['level']=0},
    [17772547] = {['id']=17772547, ['name']="Goggehn", ['index']=3, ['level']=0},
    [17772549] = {['id']=17772549, ['name']="PakhJatalfih", ['index']=5, ['level']=0},
    [17772557] = {['id']=17772557, ['name']="HighWind", ['index']=13, ['level']=0},
    [17772558] = {['id']=17772558, ['name']="Rainhard", ['index']=14, ['level']=0},
    [17772559] = {['id']=17772559, ['name']="Pherimociel", ['index']=15, ['level']=0},
    [17772560] = {['id']=17772560, ['name']="Neraf-Najiruf", ['index']=16, ['level']=0},
    [17772561] = {['id']=17772561, ['name']="Adolie", ['index']=17, ['level']=0},
    [17772562] = {['id']=17772562, ['name']="Auchefort", ['index']=18, ['level']=0},
    [17772563] = {['id']=17772563, ['name']="ChapiGalepilai", ['index']=19, ['level']=0},
    [17772564] = {['id']=17772564, ['name']="CrookedArrow", ['index']=20, ['level']=0},
    [17772565] = {['id']=17772565, ['name']="Morlepiche", ['index']=21, ['level']=0},
    [17772566] = {['id']=17772566, ['name']="Baran", ['index']=22, ['level']=0},
    [17772567] = {['id']=17772567, ['name']="Petva", ['index']=23, ['level']=0},
    [17772568] = {['id']=17772568, ['name']="Muhoho", ['index']=24, ['level']=0},
    [17772569] = {['id']=17772569, ['name']="Colti", ['index']=25, ['level']=0},
    [17772570] = {['id']=17772570, ['name']="Anoop", ['index']=26, ['level']=0},
    [17772571] = {['id']=17772571, ['name']="Albiona", ['index']=27, ['level']=0},
    [17772572] = {['id']=17772572, ['name']="Main-Harmain", ['index']=28, ['level']=0},
    [17772573] = {['id']=17772573, ['name']="Yavoraile", ['index']=29, ['level']=0},
    [17772575] = {['id']=17772575, ['name']="Arenuel", ['index']=31, ['level']=0},
    [17772577] = {['id']=17772577, ['name']="Radeivepart", ['index']=33, ['level']=0},
    [17772578] = {['id']=17772578, ['name']="Kayle", ['index']=34, ['level']=0},
    [17772579] = {['id']=17772579, ['name']="Dugga", ['index']=35, ['level']=0},
    [17772580] = {['id']=17772580, ['name']="GhyeDachanthu", ['index']=36, ['level']=0},
    [17772586] = {['id']=17772586, ['name']="Perisa-Neburusa", ['index']=42, ['level']=0},
    [17772589] = {['id']=17772589, ['name']="Akta", ['index']=45, ['level']=0},
    [17772590] = {['id']=17772590, ['name']="Pitenorelieu", ['index']=46, ['level']=0},
    [17772591] = {['id']=17772591, ['name']="SittingRam", ['index']=47, ['level']=0},
    [17772592] = {['id']=17772592, ['name']="Tsugumi", ['index']=48, ['level']=0},
    [17772596] = {['id']=17772596, ['name']="Diradour", ['index']=52, ['level']=0},
    [17772597] = {['id']=17772597, ['name']="DabihJajalioh", ['index']=53, ['level']=0},
    [17772598] = {['id']=17772598, ['name']="MacchiGazlitah", ['index']=54, ['level']=0},
    [17772628] = {['id']=17772628, ['name']="Laityn", ['index']=84, ['level']=0},
    [17772657] = {['id']=17772657, ['name']="Pursuivant", ['index']=113, ['level']=0},
    [17772658] = {['id']=17772658, ['name']="Marshal", ['index']=114, ['level']=0},
    [17772659] = {['id']=17772659, ['name']="Tillecoe", ['index']=115, ['level']=0},
    [17772665] = {['id']=17772665, ['name']="Archanne", ['index']=121, ['level']=0},
    [17772720] = {['id']=17772720, ['name']="Taillegeas", ['index']=176, ['level']=0},
    [17772726] = {['id']=17772726, ['name']="Venessa", ['index']=182, ['level']=0},
    [17772740] = {['id']=17772740, ['name']="Nuria", ['index']=196, ['level']=0},
    [17772771] = {['id']=17772771, ['name']="Ajahkeem", ['index']=227, ['level']=0},
    [17772773] = {['id']=17772773, ['name']="ExplorerMoogle", ['index']=229, ['level']=0},
    [17772776] = {['id']=17772776, ['name']="AssaiNybaem", ['index']=232, ['level']=0},
    [17772778] = {['id']=17772778, ['name']="MagianMoogle", ['index']=234, ['level']=0},
    [17772784] = {['id']=17772784, ['name']="MagianMoogle", ['index']=240, ['level']=0},
    [17772785] = {['id']=17772785, ['name']="ArtisanMoogle", ['index']=241, ['level']=0},
    [17772788] = {['id']=17772788, ['name']="Fabien", ['index']=244, ['level']=0},
    [17772789] = {['id']=17772789, ['name']="Vincent", ['index']=245, ['level']=0},
    [17772790] = {['id']=17772790, ['name']="VoidwatchPurve", ['index']=246, ['level']=0},
    [17772795] = {['id']=17772795, ['name']="Anastase", ['index']=251, ['level']=0},
    [17772805] = {['id']=17772805, ['name']="SurvivalGuide", ['index']=261, ['level']=0},
    [17772806] = {['id']=17772806, ['name']="LinkshellConci", ['index']=262, ['level']=0},
    [17772807] = {['id']=17772807, ['name']="LinkshellConci", ['index']=263, ['level']=0},
    [17772808] = {['id']=17772808, ['name']="LinkshellConci", ['index']=264, ['level']=0},
    [17772819] = {['id']=17772819, ['name']="???", ['index']=275, ['level']=0},
    [17772593] = {['id']=17772593, ['name']="Maat", ['index']=49, ['level']=0},
    [17772661] = {['id']=17772661, ['name']="NomadMoogle", ['index']=117, ['level']=0},
    [17772782] = {['id']=17772782, ['name']="MagianMoogle", ['index']=238, ['level']=0},
    [17772574] = {['id']=17772574, ['name']="Leis", ['index']=30, ['level']=0},
    [17772576] = {['id']=17772576, ['name']="Falreze", ['index']=32, ['level']=0},
    [17772595] = {['id']=17772595, ['name']="Harith", ['index']=51, ['level']=0},
    [17772803] = {['id']=17772803, ['name']="Jamal", ['index']=259, ['level']=0},
    [17772804] = {['id']=17772804, ['name']="Marjory", ['index']=260, ['level']=0},
    [17772666] = {['id']=17772666, ['name']="Moogle", ['index']=122, ['level']=0},
    [17772671] = {['id']=17772671, ['name']="SymphonicCurat", ['index']=127, ['level']=0},
    [17772545] = {['id']=17772545, ['name']="Nelcabrit", ['index']=1, ['level']=0},
    [17772547] = {['id']=17772547, ['name']="Goggehn", ['index']=3, ['level']=0},
    [17772549] = {['id']=17772549, ['name']="PakhJatalfih", ['index']=5, ['level']=0},
    [17772557] = {['id']=17772557, ['name']="HighWind", ['index']=13, ['level']=0},
    [17772558] = {['id']=17772558, ['name']="Rainhard", ['index']=14, ['level']=0},
    [17772559] = {['id']=17772559, ['name']="Pherimociel", ['index']=15, ['level']=0},
    [17772560] = {['id']=17772560, ['name']="Neraf-Najiruf", ['index']=16, ['level']=0},
    [17772561] = {['id']=17772561, ['name']="Adolie", ['index']=17, ['level']=0},
    [17772562] = {['id']=17772562, ['name']="Auchefort", ['index']=18, ['level']=0},
    [17772563] = {['id']=17772563, ['name']="ChapiGalepilai", ['index']=19, ['level']=0},
    [17772564] = {['id']=17772564, ['name']="CrookedArrow", ['index']=20, ['level']=0},
    [17772565] = {['id']=17772565, ['name']="Morlepiche", ['index']=21, ['level']=0},
    [17772566] = {['id']=17772566, ['name']="Baran", ['index']=22, ['level']=0},
    [17772567] = {['id']=17772567, ['name']="Petva", ['index']=23, ['level']=0},
    [17772568] = {['id']=17772568, ['name']="Muhoho", ['index']=24, ['level']=0},
    [17772569] = {['id']=17772569, ['name']="Colti", ['index']=25, ['level']=0},
    [17772570] = {['id']=17772570, ['name']="Anoop", ['index']=26, ['level']=0},
    [17772571] = {['id']=17772571, ['name']="Albiona", ['index']=27, ['level']=0},
    [17772572] = {['id']=17772572, ['name']="Main-Harmain", ['index']=28, ['level']=0},
    [17772573] = {['id']=17772573, ['name']="Yavoraile", ['index']=29, ['level']=0},
    [17772574] = {['id']=17772574, ['name']="Leis", ['index']=30, ['level']=0},
    [17772575] = {['id']=17772575, ['name']="Arenuel", ['index']=31, ['level']=0},
    [17772576] = {['id']=17772576, ['name']="Falreze", ['index']=32, ['level']=0},
    [17772577] = {['id']=17772577, ['name']="Radeivepart", ['index']=33, ['level']=0},
    [17772578] = {['id']=17772578, ['name']="Kayle", ['index']=34, ['level']=0},
    [17772579] = {['id']=17772579, ['name']="Dugga", ['index']=35, ['level']=0},
    [17772580] = {['id']=17772580, ['name']="GhyeDachanthu", ['index']=36, ['level']=0},
    [17772586] = {['id']=17772586, ['name']="Perisa-Neburusa", ['index']=42, ['level']=0},
    [17772589] = {['id']=17772589, ['name']="Akta", ['index']=45, ['level']=0},
    [17772590] = {['id']=17772590, ['name']="Pitenorelieu", ['index']=46, ['level']=0},
    [17772591] = {['id']=17772591, ['name']="SittingRam", ['index']=47, ['level']=0},
    [17772592] = {['id']=17772592, ['name']="Tsugumi", ['index']=48, ['level']=0},
    [17772593] = {['id']=17772593, ['name']="Maat", ['index']=49, ['level']=0},
    [17772595] = {['id']=17772595, ['name']="Harith", ['index']=51, ['level']=0},
    [17772596] = {['id']=17772596, ['name']="Diradour", ['index']=52, ['level']=0},
    [17772597] = {['id']=17772597, ['name']="DabihJajalioh", ['index']=53, ['level']=0},
    [17772598] = {['id']=17772598, ['name']="MacchiGazlitah", ['index']=54, ['level']=0},
    [17772628] = {['id']=17772628, ['name']="Laityn", ['index']=84, ['level']=0},
    [17772657] = {['id']=17772657, ['name']="Pursuivant", ['index']=113, ['level']=0},
    [17772658] = {['id']=17772658, ['name']="Marshal", ['index']=114, ['level']=0},
    [17772659] = {['id']=17772659, ['name']="Tillecoe", ['index']=115, ['level']=0},
    [17772661] = {['id']=17772661, ['name']="NomadMoogle", ['index']=117, ['level']=0},
    [17772665] = {['id']=17772665, ['name']="Archanne", ['index']=121, ['level']=0},
    [17772720] = {['id']=17772720, ['name']="Taillegeas", ['index']=176, ['level']=0},
    [17772726] = {['id']=17772726, ['name']="Venessa", ['index']=182, ['level']=0},
    [17772740] = {['id']=17772740, ['name']="Nuria", ['index']=196, ['level']=0},
    [17772771] = {['id']=17772771, ['name']="Ajahkeem", ['index']=227, ['level']=0},
    [17772773] = {['id']=17772773, ['name']="ExplorerMoogle", ['index']=229, ['level']=0},
    [17772776] = {['id']=17772776, ['name']="AssaiNybaem", ['index']=232, ['level']=0},
    [17772778] = {['id']=17772778, ['name']="MagianMoogle", ['index']=234, ['level']=0},
    [17772782] = {['id']=17772782, ['name']="MagianMoogle", ['index']=238, ['level']=0},
    [17772784] = {['id']=17772784, ['name']="MagianMoogle", ['index']=240, ['level']=0},
    [17772785] = {['id']=17772785, ['name']="ArtisanMoogle", ['index']=241, ['level']=0},
    [17772788] = {['id']=17772788, ['name']="Fabien", ['index']=244, ['level']=0},
    [17772789] = {['id']=17772789, ['name']="Vincent", ['index']=245, ['level']=0},
    [17772790] = {['id']=17772790, ['name']="VoidwatchPurve", ['index']=246, ['level']=0},
    [17772795] = {['id']=17772795, ['name']="Anastase", ['index']=251, ['level']=0},
    [17772803] = {['id']=17772803, ['name']="Jamal", ['index']=259, ['level']=0},
    [17772804] = {['id']=17772804, ['name']="Marjory", ['index']=260, ['level']=0},
    [17772805] = {['id']=17772805, ['name']="SurvivalGuide", ['index']=261, ['level']=0},
    [17772806] = {['id']=17772806, ['name']="LinkshellConci", ['index']=262, ['level']=0},
    [17772807] = {['id']=17772807, ['name']="LinkshellConci", ['index']=263, ['level']=0},
    [17772808] = {['id']=17772808, ['name']="LinkshellConci", ['index']=264, ['level']=0},
    [17772819] = {['id']=17772819, ['name']="???", ['index']=275, ['level']=0},
    [17772545] = {['id']=17772545, ['name']="Nelcabrit", ['index']=1, ['level']=0},
    [17772547] = {['id']=17772547, ['name']="Goggehn", ['index']=3, ['level']=0},
    [17772549] = {['id']=17772549, ['name']="PakhJatalfih", ['index']=5, ['level']=0},
    [17772557] = {['id']=17772557, ['name']="HighWind", ['index']=13, ['level']=0},
    [17772558] = {['id']=17772558, ['name']="Rainhard", ['index']=14, ['level']=0},
    [17772559] = {['id']=17772559, ['name']="Pherimociel", ['index']=15, ['level']=0},
    [17772560] = {['id']=17772560, ['name']="Neraf-Najiruf", ['index']=16, ['level']=0},
    [17772561] = {['id']=17772561, ['name']="Adolie", ['index']=17, ['level']=0},
    [17772562] = {['id']=17772562, ['name']="Auchefort", ['index']=18, ['level']=0},
    [17772563] = {['id']=17772563, ['name']="ChapiGalepilai", ['index']=19, ['level']=0},
    [17772564] = {['id']=17772564, ['name']="CrookedArrow", ['index']=20, ['level']=0},
    [17772565] = {['id']=17772565, ['name']="Morlepiche", ['index']=21, ['level']=0},
    [17772566] = {['id']=17772566, ['name']="Baran", ['index']=22, ['level']=0},
    [17772567] = {['id']=17772567, ['name']="Petva", ['index']=23, ['level']=0},
    [17772568] = {['id']=17772568, ['name']="Muhoho", ['index']=24, ['level']=0},
    [17772569] = {['id']=17772569, ['name']="Colti", ['index']=25, ['level']=0},
    [17772570] = {['id']=17772570, ['name']="Anoop", ['index']=26, ['level']=0},
    [17772571] = {['id']=17772571, ['name']="Albiona", ['index']=27, ['level']=0},
    [17772572] = {['id']=17772572, ['name']="Main-Harmain", ['index']=28, ['level']=0},
    [17772573] = {['id']=17772573, ['name']="Yavoraile", ['index']=29, ['level']=0},
    [17772574] = {['id']=17772574, ['name']="Leis", ['index']=30, ['level']=0},
    [17772575] = {['id']=17772575, ['name']="Arenuel", ['index']=31, ['level']=0},
    [17772576] = {['id']=17772576, ['name']="Falreze", ['index']=32, ['level']=0},
    [17772577] = {['id']=17772577, ['name']="Radeivepart", ['index']=33, ['level']=0},
    [17772578] = {['id']=17772578, ['name']="Kayle", ['index']=34, ['level']=0},
    [17772579] = {['id']=17772579, ['name']="Dugga", ['index']=35, ['level']=0},
    [17772580] = {['id']=17772580, ['name']="GhyeDachanthu", ['index']=36, ['level']=0},
    [17772586] = {['id']=17772586, ['name']="Perisa-Neburusa", ['index']=42, ['level']=0},
    [17772589] = {['id']=17772589, ['name']="Akta", ['index']=45, ['level']=0},
    [17772590] = {['id']=17772590, ['name']="Pitenorelieu", ['index']=46, ['level']=0},
    [17772591] = {['id']=17772591, ['name']="SittingRam", ['index']=47, ['level']=0},
    [17772592] = {['id']=17772592, ['name']="Tsugumi", ['index']=48, ['level']=0},
    [17772593] = {['id']=17772593, ['name']="Maat", ['index']=49, ['level']=0},
    [17772595] = {['id']=17772595, ['name']="Harith", ['index']=51, ['level']=0},
    [17772596] = {['id']=17772596, ['name']="Diradour", ['index']=52, ['level']=0},
    [17772597] = {['id']=17772597, ['name']="DabihJajalioh", ['index']=53, ['level']=0},
    [17772598] = {['id']=17772598, ['name']="MacchiGazlitah", ['index']=54, ['level']=0},
    [17772628] = {['id']=17772628, ['name']="Laityn", ['index']=84, ['level']=0},
    [17772657] = {['id']=17772657, ['name']="Pursuivant", ['index']=113, ['level']=0},
    [17772658] = {['id']=17772658, ['name']="Marshal", ['index']=114, ['level']=0},
    [17772659] = {['id']=17772659, ['name']="Tillecoe", ['index']=115, ['level']=0},
    [17772661] = {['id']=17772661, ['name']="NomadMoogle", ['index']=117, ['level']=0},
    [17772665] = {['id']=17772665, ['name']="Archanne", ['index']=121, ['level']=0},
    [17772720] = {['id']=17772720, ['name']="Taillegeas", ['index']=176, ['level']=0},
    [17772726] = {['id']=17772726, ['name']="Venessa", ['index']=182, ['level']=0},
    [17772740] = {['id']=17772740, ['name']="Nuria", ['index']=196, ['level']=0},
    [17772771] = {['id']=17772771, ['name']="Ajahkeem", ['index']=227, ['level']=0},
    [17772773] = {['id']=17772773, ['name']="ExplorerMoogle", ['index']=229, ['level']=0},
    [17772776] = {['id']=17772776, ['name']="AssaiNybaem", ['index']=232, ['level']=0},
    [17772778] = {['id']=17772778, ['name']="MagianMoogle", ['index']=234, ['level']=0},
    [17772782] = {['id']=17772782, ['name']="MagianMoogle", ['index']=238, ['level']=0},
    [17772784] = {['id']=17772784, ['name']="MagianMoogle", ['index']=240, ['level']=0},
    [17772785] = {['id']=17772785, ['name']="ArtisanMoogle", ['index']=241, ['level']=0},
    [17772788] = {['id']=17772788, ['name']="Fabien", ['index']=244, ['level']=0},
    [17772789] = {['id']=17772789, ['name']="Vincent", ['index']=245, ['level']=0},
    [17772790] = {['id']=17772790, ['name']="VoidwatchPurve", ['index']=246, ['level']=0},
    [17772795] = {['id']=17772795, ['name']="Anastase", ['index']=251, ['level']=0},
    [17772803] = {['id']=17772803, ['name']="Jamal", ['index']=259, ['level']=0},
    [17772804] = {['id']=17772804, ['name']="Marjory", ['index']=260, ['level']=0},
    [17772805] = {['id']=17772805, ['name']="SurvivalGuide", ['index']=261, ['level']=0},
    [17772806] = {['id']=17772806, ['name']="LinkshellConci", ['index']=262, ['level']=0},
    [17772807] = {['id']=17772807, ['name']="LinkshellConci", ['index']=263, ['level']=0},
    [17772808] = {['id']=17772808, ['name']="LinkshellConci", ['index']=264, ['level']=0},
    [17772819] = {['id']=17772819, ['name']="???", ['index']=275, ['level']=0},
