    [17178828] = {['id']=17178828, ['name']="HillLizard", ['index']=204, ['level']=46},
    [17178825] = {['id']=17178825, ['name']="HillLizard", ['index']=201, ['level']=48},
    [17178826] = {['id']=17178826, ['name']="HillLizard", ['index']=202, ['level']=47},
    [17178821] = {['id']=17178821, ['name']="HillLizard", ['index']=197, ['level']=46},
    [17178822] = {['id']=17178822, ['name']="HillLizard", ['index']=198, ['level']=45},
    [17178820] = {['id']=17178820, ['name']="HillLizard", ['index']=196, ['level']=45},
    [17178814] = {['id']=17178814, ['name']="HillLizard", ['index']=190, ['level']=45},
    [17178899] = {['id']=17178899, ['name']="Sprite", ['index']=275, ['level']=64},
    [17178817] = {['id']=17178817, ['name']="HillLizard", ['index']=193, ['level']=48},
    [17178837] = {['id']=17178837, ['name']="YagudoZealot", ['index']=213, ['level']=74},
    [17178838] = {['id']=17178838, ['name']="YagudoPrior", ['index']=214, ['level']=72},
    [17178840] = {['id']=17178840, ['name']="YagudoMissiona", ['index']=216, ['level']=71},
    [17178839] = {['id']=17178839, ['name']="YagudoAbbot", ['index']=215, ['level']=73},
    [17178898] = {['id']=17178898, ['name']="Sprite", ['index']=274, ['level']=63},
    [17178808] = {['id']=17178808, ['name']="Lynx", ['index']=184, ['level']=48},
    [17178807] = {['id']=17178807, ['name']="Lynx", ['index']=183, ['level']=48},
    [17178806] = {['id']=17178806, ['name']="Lynx", ['index']=182, ['level']=48},
    [17178801] = {['id']=17178801, ['name']="Lynx", ['index']=177, ['level']=50},
    [17178800] = {['id']=17178800, ['name']="SauromugueSkin", ['index']=176, ['level']=53},
    [17178799] = {['id']=17178799, ['name']="Lynx", ['index']=175, ['level']=49},
    [17178793] = {['id']=17178793, ['name']="Lynx", ['index']=169, ['level']=50},
    [17178796] = {['id']=17178796, ['name']="Lynx", ['index']=172, ['level']=50},
    [17178797] = {['id']=17178797, ['name']="Lynx", ['index']=173, ['level']=50},
    [17178798] = {['id']=17178798, ['name']="Lynx", ['index']=174, ['level']=48},
    [17178784] = {['id']=17178784, ['name']="SauromugueSkin", ['index']=160, ['level']=51},
    [17178786] = {['id']=17178786, ['name']="Lynx", ['index']=162, ['level']=48},
    [17178785] = {['id']=17178785, ['name']="SauromugueSkin", ['index']=161, ['level']=53},
    [17178777] = {['id']=17178777, ['name']="SauromugueSkin", ['index']=153, ['level']=53},
    [17178778] = {['id']=17178778, ['name']="Lynx", ['index']=154, ['level']=47},
    [17178776] = {['id']=17178776, ['name']="SauromugueSkin", ['index']=152, ['level']=53},
    [17178775] = {['id']=17178775, ['name']="SauromugueSkin", ['index']=151, ['level']=51},
    [17178769] = {['id']=17178769, ['name']="Lynx", ['index']=145, ['level']=48},
    [17178770] = {['id']=17178770, ['name']="Lynx", ['index']=146, ['level']=50},
    [17178766] = {['id']=17178766, ['name']="Lynx", ['index']=142, ['level']=49},
    [17178767] = {['id']=17178767, ['name']="SauromugueSkin", ['index']=143, ['level']=52},
    [17178765] = {['id']=17178765, ['name']="Lynx", ['index']=141, ['level']=50},
    [17178768] = {['id']=17178768, ['name']="SauromugueSkin", ['index']=144, ['level']=53},
    [17179514] = {['id']=17179514, ['name']="WatchfulPixie", ['index']=890, ['level']=0},
    [17178763] = {['id']=17178763, ['name']="Herensugue", ['index']=139, ['level']=63},
    [17178762] = {['id']=17178762, ['name']="SauromugueSkin", ['index']=138, ['level']=51},
    [17178821] = {['id']=17178821, ['name']="HillLizard", ['index']=197, ['level']=46},
    [17178822] = {['id']=17178822, ['name']="HillLizard", ['index']=198, ['level']=45},
    [17178825] = {['id']=17178825, ['name']="HillLizard", ['index']=201, ['level']=48},
    [17178826] = {['id']=17178826, ['name']="HillLizard", ['index']=202, ['level']=47},
    [17178827] = {['id']=17178827, ['name']="HillLizard", ['index']=203, ['level']=46},
    [17178828] = {['id']=17178828, ['name']="HillLizard", ['index']=204, ['level']=46},
    [17178899] = {['id']=17178899, ['name']="Sprite", ['index']=275, ['level']=64},
    [17179349] = {['id']=17179349, ['name']="Palli-Bulli", ['index']=725, ['level']=0},
    [17178814] = {['id']=17178814, ['name']="HillLizard", ['index']=190, ['level']=45},
    [17178815] = {['id']=17178815, ['name']="HillLizard", ['index']=191, ['level']=46},
    [17178812] = {['id']=17178812, ['name']="HillLizard", ['index']=188, ['level']=46},
    [17179329] = {['id']=17179329, ['name']="MhamLahrih", ['index']=705, ['level']=0},
    [17178871] = {['id']=17178871, ['name']="HillLizard", ['index']=247, ['level']=48},
    [17178811] = {['id']=17178811, ['name']="HillLizard", ['index']=187, ['level']=48},
    [17178810] = {['id']=17178810, ['name']="HillLizard", ['index']=186, ['level']=46},
    [17178878] = {['id']=17178878, ['name']="Goblin'sBeetle", ['index']=254, ['level']=63},
    [17178877] = {['id']=17178877, ['name']="GoblinGuerrill", ['index']=253, ['level']=66},
    [17178866] = {['id']=17178866, ['name']="DivingBeetle", ['index']=242, ['level']=45},
    [17178875] = {['id']=17178875, ['name']="DivingBeetle", ['index']=251, ['level']=45},
    [17178874] = {['id']=17178874, ['name']="DivingBeetle", ['index']=250, ['level']=47},
    [17178873] = {['id']=17178873, ['name']="DivingBeetle", ['index']=249, ['level']=46},
    [17178864] = {['id']=17178864, ['name']="DivingBeetle", ['index']=240, ['level']=46},
    [17178872] = {['id']=17178872, ['name']="DivingBeetle", ['index']=248, ['level']=45},
    [17178897] = {['id']=17178897, ['name']="DivingBeetle", ['index']=273, ['level']=44},
    [17178889] = {['id']=17178889, ['name']="DivingBeetle", ['index']=265, ['level']=45},
    [17178890] = {['id']=17178890, ['name']="DivingBeetle", ['index']=266, ['level']=44},
    [17178891] = {['id']=17178891, ['name']="DivingBeetle", ['index']=267, ['level']=44},
    [17178892] = {['id']=17178892, ['name']="DivingBeetle", ['index']=268, ['level']=45},
    [17178896] = {['id']=17178896, ['name']="DivingBeetle", ['index']=272, ['level']=44},
    [17178886] = {['id']=17178886, ['name']="DivingBeetle", ['index']=262, ['level']=45},
    [17178882] = {['id']=17178882, ['name']="Lycopodium", ['index']=258, ['level']=29},
    [17178883] = {['id']=17178883, ['name']="DivingBeetle", ['index']=259, ['level']=46},
    [17178884] = {['id']=17178884, ['name']="Lycopodium", ['index']=260, ['level']=28},
    [17178885] = {['id']=17178885, ['name']="Hyakinthos", ['index']=261, ['level']=59},
    [17178887] = {['id']=17178887, ['name']="DivingBeetle", ['index']=263, ['level']=45},
    [17178689] = {['id']=17178689, ['name']="Coquecigrue", ['index']=65, ['level']=68},
    [17178881] = {['id']=17178881, ['name']="Lycopodium", ['index']=257, ['level']=29},
    [17178879] = {['id']=17178879, ['name']="Lycopodium", ['index']=255, ['level']=29},
    [17178880] = {['id']=17178880, ['name']="Lycopodium", ['index']=256, ['level']=28},
    [17179523] = {['id']=17179523, ['name']="VoidwatchOffic", ['index']=899, ['level']=0},
    [17179522] = {['id']=17179522, ['name']="AtmaciteRefine", ['index']=898, ['level']=0},
    [17178636] = {['id']=17178636, ['name']="Lycopodium", ['index']=12, ['level']=29},
    [17178634] = {['id']=17178634, ['name']="Lycopodium", ['index']=10, ['level']=29},
    [17178635] = {['id']=17178635, ['name']="Lycopodium", ['index']=11, ['level']=29},
    [17178637] = {['id']=17178637, ['name']="Lycopodium", ['index']=13, ['level']=29},
    [17178633] = {['id']=17178633, ['name']="Lycopodium", ['index']=9, ['level']=28},
    [17178626] = {['id']=17178626, ['name']="Lycopodium", ['index']=2, ['level']=30},
    [17178630] = {['id']=17178630, ['name']="Lycopodium", ['index']=6, ['level']=30},
    [17178628] = {['id']=17178628, ['name']="Lycopodium", ['index']=4, ['level']=30},
    [17178629] = {['id']=17178629, ['name']="Lycopodium", ['index']=5, ['level']=28},
    [17178627] = {['id']=17178627, ['name']="Lycopodium", ['index']=3, ['level']=30},
    [17178625] = {['id']=17178625, ['name']="Lycopodium", ['index']=1, ['level']=28},
    [17178632] = {['id']=17178632, ['name']="Lycopodium", ['index']=8, ['level']=28},
    [17178642] = {['id']=17178642, ['name']="Lycopodium", ['index']=18, ['level']=30},
    [17178640] = {['id']=17178640, ['name']="Lycopodium", ['index']=16, ['level']=30},
    [17178639] = {['id']=17178639, ['name']="Lycopodium", ['index']=15, ['level']=28},
    [17178900] = {['id']=17178900, ['name']="Sprite", ['index']=276, ['level']=62},
    [17178645] = {['id']=17178645, ['name']="Lycopodium", ['index']=21, ['level']=29},
    [17178643] = {['id']=17178643, ['name']="Lycopodium", ['index']=19, ['level']=29},
    [17178644] = {['id']=17178644, ['name']="Lycopodium", ['index']=20, ['level']=30},
    [17178641] = {['id']=17178641, ['name']="Lycopodium", ['index']=17, ['level']=30},
    [17178638] = {['id']=17178638, ['name']="Lycopodium", ['index']=14, ['level']=28},
    [17178631] = {['id']=17178631, ['name']="Lycopodium", ['index']=7, ['level']=30},
    [17178668] = {['id']=17178668, ['name']="DivingBeetle", ['index']=44, ['level']=47},
    [17178667] = {['id']=17178667, ['name']="DivingBeetle", ['index']=43, ['level']=44},
    [17178666] = {['id']=17178666, ['name']="DivingBeetle", ['index']=42, ['level']=45},
    [17178649] = {['id']=17178649, ['name']="Lycopodium", ['index']=25, ['level']=29},
    [17178650] = {['id']=17178650, ['name']="Lycopodium", ['index']=26, ['level']=28},
    [17178651] = {['id']=17178651, ['name']="Lycopodium", ['index']=27, ['level']=28},
    [17178660] = {['id']=17178660, ['name']="DivingBeetle", ['index']=36, ['level']=45},
    [17178656] = {['id']=17178656, ['name']="DivingBeetle", ['index']=32, ['level']=45},
    [17178657] = {['id']=17178657, ['name']="DivingBeetle", ['index']=33, ['level']=44},
    [17178658] = {['id']=17178658, ['name']="DivingBeetle", ['index']=34, ['level']=46},
    [17178659] = {['id']=17178659, ['name']="DivingBeetle", ['index']=35, ['level']=47},
    [17178646] = {['id']=17178646, ['name']="Lycopodium", ['index']=22, ['level']=29},
    [17178648] = {['id']=17178648, ['name']="Lycopodium", ['index']=24, ['level']=28},
    [17178647] = {['id']=17178647, ['name']="Lycopodium", ['index']=23, ['level']=28},
    [17178655] = {['id']=17178655, ['name']="Lycopodium", ['index']=31, ['level']=28},
    [17178653] = {['id']=17178653, ['name']="Lycopodium", ['index']=29, ['level']=28},
    [17178652] = {['id']=17178652, ['name']="Lycopodium", ['index']=28, ['level']=29},
    [17178654] = {['id']=17178654, ['name']="Lycopodium", ['index']=30, ['level']=28},
    [17178902] = {['id']=17178902, ['name']="YagudoTranspor", ['index']=278, ['level']=50},
    [17178903] = {['id']=17178903, ['name']="YagudoGuard", ['index']=279, ['level']=75},
    [17178904] = {['id']=17178904, ['name']="YagudoGuard", ['index']=280, ['level']=75},
    [17178686] = {['id']=17178686, ['name']="TabarBeak", ['index']=62, ['level']=53},
    [17178846] = {['id']=17178846, ['name']="YagudoAbbot", ['index']=222, ['level']=71},
    [17178847] = {['id']=17178847, ['name']="YagudoPrior", ['index']=223, ['level']=73},
    [17178669] = {['id']=17178669, ['name']="DivingBeetle", ['index']=45, ['level']=46},
    [17178673] = {['id']=17178673, ['name']="Gnat", ['index']=49, ['level']=76},
    [17178672] = {['id']=17178672, ['name']="DivingBeetle", ['index']=48, ['level']=45},
    [17178670] = {['id']=17178670, ['name']="DivingBeetle", ['index']=46, ['level']=46},
    [17178676] = {['id']=17178676, ['name']="Gnat", ['index']=52, ['level']=76},
    [17178678] = {['id']=17178678, ['name']="Gnat", ['index']=54, ['level']=77},
    [17178674] = {['id']=17178674, ['name']="Gnat", ['index']=50, ['level']=77},
    [17178677] = {['id']=17178677, ['name']="Gnat", ['index']=53, ['level']=76},
    [17178675] = {['id']=17178675, ['name']="Gnat", ['index']=51, ['level']=76},
    [17178679] = {['id']=17178679, ['name']="MidnightWings", ['index']=55, ['level']=52},
    [17178682] = {['id']=17178682, ['name']="Gnat", ['index']=58, ['level']=77},
    [17178681] = {['id']=17178681, ['name']="MoonBat", ['index']=57, ['level']=50},
    [17178680] = {['id']=17178680, ['name']="MoonBat", ['index']=56, ['level']=50},
    [17178692] = {['id']=17178692, ['name']="DivingBeetle", ['index']=68, ['level']=45},
    [17178684] = {['id']=17178684, ['name']="MidnightWings", ['index']=60, ['level']=49},
    [17178685] = {['id']=17178685, ['name']="MoonBat", ['index']=61, ['level']=51},
    [17178683] = {['id']=17178683, ['name']="MidnightWings", ['index']=59, ['level']=51},
    [17178694] = {['id']=17178694, ['name']="DivingBeetle", ['index']=70, ['level']=45},
    [17178690] = {['id']=17178690, ['name']="TabarBeak", ['index']=66, ['level']=54},
    [17178691] = {['id']=17178691, ['name']="TabarBeak", ['index']=67, ['level']=53},
    [17178671] = {['id']=17178671, ['name']="DivingBeetle", ['index']=47, ['level']=47},
    [17178665] = {['id']=17178665, ['name']="DivingBeetle", ['index']=41, ['level']=45},
    [17178662] = {['id']=17178662, ['name']="DivingBeetle", ['index']=38, ['level']=45},
    [17178663] = {['id']=17178663, ['name']="DivingBeetle", ['index']=39, ['level']=45},
    [17178661] = {['id']=17178661, ['name']="DivingBeetle", ['index']=37, ['level']=45},
    [17178664] = {['id']=17178664, ['name']="DivingBeetle", ['index']=40, ['level']=47},
    [17178892] = {['id']=17178892, ['name']="DivingBeetle", ['index']=268, ['level']=47},
    [17178896] = {['id']=17178896, ['name']="DivingBeetle", ['index']=272, ['level']=47},
    [17179319] = {['id']=17179319, ['name']="Marius,C.A.", ['index']=695, ['level']=0},
    [17178895] = {['id']=17178895, ['name']="DivingBeetle", ['index']=271, ['level']=44},
    [17178872] = {['id']=17178872, ['name']="DivingBeetle", ['index']=248, ['level']=45},
    [17178889] = {['id']=17178889, ['name']="DivingBeetle", ['index']=265, ['level']=47},
    [17178890] = {['id']=17178890, ['name']="DivingBeetle", ['index']=266, ['level']=45},
    [17178891] = {['id']=17178891, ['name']="DivingBeetle", ['index']=267, ['level']=47},
    [17178897] = {['id']=17178897, ['name']="DivingBeetle", ['index']=273, ['level']=45},
    [17178736] = {['id']=17178736, ['name']="GoblinToxophil", ['index']=112, ['level']=66},
    [17178793] = {['id']=17178793, ['name']="Lynx", ['index']=169, ['level']=47},
    [17178801] = {['id']=17178801, ['name']="Lynx", ['index']=177, ['level']=48},
    [17178806] = {['id']=17178806, ['name']="Lynx", ['index']=182, ['level']=47},
    [17178810] = {['id']=17178810, ['name']="HillLizard", ['index']=186, ['level']=48},
    [17178811] = {['id']=17178811, ['name']="HillLizard", ['index']=187, ['level']=46},
    [17178812] = {['id']=17178812, ['name']="HillLizard", ['index']=188, ['level']=45},
    [17178820] = {['id']=17178820, ['name']="HillLizard", ['index']=196, ['level']=48},
    [17178822] = {['id']=17178822, ['name']="HillLizard", ['index']=198, ['level']=47},
    [17178863] = {['id']=17178863, ['name']="DivingBeetle", ['index']=239, ['level']=46},
    [17178864] = {['id']=17178864, ['name']="DivingBeetle", ['index']=240, ['level']=47},
    [17178866] = {['id']=17178866, ['name']="DivingBeetle", ['index']=242, ['level']=46},
    [17178871] = {['id']=17178871, ['name']="HillLizard", ['index']=247, ['level']=46},
    [17178874] = {['id']=17178874, ['name']="DivingBeetle", ['index']=250, ['level']=44},
    [17178875] = {['id']=17178875, ['name']="DivingBeetle", ['index']=251, ['level']=47},
    [17178877] = {['id']=17178877, ['name']="GoblinGuerrill", ['index']=253, ['level']=66},
    [17178878] = {['id']=17178878, ['name']="Goblin\'sBeetle", ['index']=254, ['level']=62},
    [17178899] = {['id']=17178899, ['name']="Sprite", ['index']=275, ['level']=63},
    [17179329] = {['id']=17179329, ['name']="MhamLahrih", ['index']=705, ['level']=0},
    [17178809] = {['id']=17178809, ['name']="HillLizard", ['index']=185, ['level']=47},
    [17178805] = {['id']=17178805, ['name']="HillLizard", ['index']=181, ['level']=47},
    [17178804] = {['id']=17178804, ['name']="HillLizard", ['index']=180, ['level']=45},
    [17178790] = {['id']=17178790, ['name']="DivingBeetle", ['index']=166, ['level']=45},
    [17178794] = {['id']=17178794, ['name']="Lynx", ['index']=170, ['level']=47},
    [17178768] = {['id']=17178768, ['name']="SauromugueSkin", ['index']=144, ['level']=53},
    [17178769] = {['id']=17178769, ['name']="Lynx", ['index']=145, ['level']=48},
    [17178770] = {['id']=17178770, ['name']="Lynx", ['index']=146, ['level']=50},
    [17178775] = {['id']=17178775, ['name']="SauromugueSkin", ['index']=151, ['level']=53},
    [17178776] = {['id']=17178776, ['name']="SauromugueSkin", ['index']=152, ['level']=52},
    [17178777] = {['id']=17178777, ['name']="SauromugueSkin", ['index']=153, ['level']=51},
    [17178778] = {['id']=17178778, ['name']="Lynx", ['index']=154, ['level']=50},
    [17178784] = {['id']=17178784, ['name']="SauromugueSkin", ['index']=160, ['level']=52},
    [17178789] = {['id']=17178789, ['name']="DivingBeetle", ['index']=165, ['level']=47},
    [17178797] = {['id']=17178797, ['name']="Lynx", ['index']=173, ['level']=49},
    [17178774] = {['id']=17178774, ['name']="Goblin\'sBeetle", ['index']=150, ['level']=64},
    [17178773] = {['id']=17178773, ['name']="GoblinGuerrill", ['index']=149, ['level']=68},
    [17178845] = {['id']=17178845, ['name']="YagudoLutenist", ['index']=221, ['level']=73},
    [17178843] = {['id']=17178843, ['name']="YagudoMissiona", ['index']=219, ['level']=73},
    [17178739] = {['id']=17178739, ['name']="GoblinFlagman", ['index']=115, ['level']=68},
    [17178740] = {['id']=17178740, ['name']="GoblinGuerrill", ['index']=116, ['level']=66},
    [17178741] = {['id']=17178741, ['name']="Goblin\'sBeetle", ['index']=117, ['level']=64},
    [17178742] = {['id']=17178742, ['name']="DivingBeetle", ['index']=118, ['level']=44},
    [17178738] = {['id']=17178738, ['name']="GoblinGrenadie", ['index']=114, ['level']=69},
    [17178716] = {['id']=17178716, ['name']="DivingBeetle", ['index']=92, ['level']=46},
    [17178715] = {['id']=17178715, ['name']="DivingBeetle", ['index']=91, ['level']=44},
    [17178696] = {['id']=17178696, ['name']="DivingBeetle", ['index']=72, ['level']=44},
    [17178695] = {['id']=17178695, ['name']="DivingBeetle", ['index']=71, ['level']=45},
    [17178697] = {['id']=17178697, ['name']="DivingBeetle", ['index']=73, ['level']=47},
    [17178852] = {['id']=17178852, ['name']="YagudoZealot", ['index']=228, ['level']=71},
    [17178849] = {['id']=17178849, ['name']="YagudoLutenist", ['index']=225, ['level']=74},
    [17178851] = {['id']=17178851, ['name']="Yagudo\'sElemen", ['index']=227, ['level']=67},
    [17178850] = {['id']=17178850, ['name']="YagudoPythones", ['index']=226, ['level']=74},
    [17178693] = {['id']=17178693, ['name']="DivingBeetle", ['index']=69, ['level']=44},
    [17178687] = {['id']=17178687, ['name']="TabarBeak", ['index']=63, ['level']=54},
    [17178688] = {['id']=17178688, ['name']="TabarBeak", ['index']=64, ['level']=53},
    [17178702] = {['id']=17178702, ['name']="GougerBeetle", ['index']=78, ['level']=93},
    [17178700] = {['id']=17178700, ['name']="TabarBeak", ['index']=76, ['level']=52},
    [17178709] = {['id']=17178709, ['name']="GougerBeetle", ['index']=85, ['level']=92},
    [17178708] = {['id']=17178708, ['name']="GougerBeetle", ['index']=84, ['level']=94},
    [17178710] = {['id']=17178710, ['name']="GougerBeetle", ['index']=86, ['level']=94},
    [17178703] = {['id']=17178703, ['name']="GougerBeetle", ['index']=79, ['level']=94},
    [17178701] = {['id']=17178701, ['name']="TabarBeak", ['index']=77, ['level']=52},
    [17178704] = {['id']=17178704, ['name']="GougerBeetle", ['index']=80, ['level']=92},
    [17178706] = {['id']=17178706, ['name']="GougerBeetle", ['index']=82, ['level']=92},
    [17178707] = {['id']=17178707, ['name']="GougerBeetle", ['index']=83, ['level']=92},
    [17178705] = {['id']=17178705, ['name']="GougerBeetle", ['index']=81, ['level']=94},
    [17178711] = {['id']=17178711, ['name']="GougerBeetle", ['index']=87, ['level']=92},
    [17178727] = {['id']=17178727, ['name']="GougerBeetle", ['index']=103, ['level']=92},
    [17178729] = {['id']=17178729, ['name']="GougerBeetle", ['index']=105, ['level']=93},
    [17178731] = {['id']=17178731, ['name']="GougerBeetle", ['index']=107, ['level']=93},
    [17178733] = {['id']=17178733, ['name']="GougerBeetle", ['index']=109, ['level']=94},
    [17178725] = {['id']=17178725, ['name']="GougerBeetle", ['index']=101, ['level']=93},
    [17178732] = {['id']=17178732, ['name']="GougerBeetle", ['index']=108, ['level']=92},
    [17178728] = {['id']=17178728, ['name']="GougerBeetle", ['index']=104, ['level']=93},
    [17178726] = {['id']=17178726, ['name']="GougerBeetle", ['index']=102, ['level']=93},
    [17178721] = {['id']=17178721, ['name']="GougerBeetle", ['index']=97, ['level']=94},
    [17178719] = {['id']=17178719, ['name']="GougerBeetle", ['index']=95, ['level']=94},
    [17178722] = {['id']=17178722, ['name']="GougerBeetle", ['index']=98, ['level']=94},
    [17178743] = {['id']=17178743, ['name']="TabarBeak", ['index']=119, ['level']=53},
    [17178746] = {['id']=17178746, ['name']="SauromugueSkin", ['index']=122, ['level']=51},
    [17178720] = {['id']=17178720, ['name']="GougerBeetle", ['index']=96, ['level']=92},
    [17178761] = {['id']=17178761, ['name']="SauromugueSkin", ['index']=137, ['level']=53},
    [17178762] = {['id']=17178762, ['name']="SauromugueSkin", ['index']=138, ['level']=51},
    [17178724] = {['id']=17178724, ['name']="GougerBeetle", ['index']=100, ['level']=94},
    [17178765] = {['id']=17178765, ['name']="Lynx", ['index']=141, ['level']=49},
    [17178767] = {['id']=17178767, ['name']="SauromugueSkin", ['index']=143, ['level']=52},
    [17178730] = {['id']=17178730, ['name']="GougerBeetle", ['index']=106, ['level']=93},
    [17178723] = {['id']=17178723, ['name']="GougerBeetle", ['index']=99, ['level']=94},
    [17178759] = {['id']=17178759, ['name']="GoblinGrenadie", ['index']=135, ['level']=66},
    [17178751] = {['id']=17178751, ['name']="GougerBeetle", ['index']=127, ['level']=94},
    [17178754] = {['id']=17178754, ['name']="GougerBeetle", ['index']=130, ['level']=93},
    [17178752] = {['id']=17178752, ['name']="GougerBeetle", ['index']=128, ['level']=93},
    [17178755] = {['id']=17178755, ['name']="GougerBeetle", ['index']=131, ['level']=92},
    [17178753] = {['id']=17178753, ['name']="GougerBeetle", ['index']=129, ['level']=92},
    [17178760] = {['id']=17178760, ['name']="GoblinFlagman", ['index']=136, ['level']=67},
    [17178734] = {['id']=17178734, ['name']="GoblinToxophil", ['index']=110, ['level']=69},
    [17178747] = {['id']=17178747, ['name']="GoblinGrenadie", ['index']=123, ['level']=67},
    [17178748] = {['id']=17178748, ['name']="GoblinFlagman", ['index']=124, ['level']=69},
    [17178744] = {['id']=17178744, ['name']="TabarBeak", ['index']=120, ['level']=53},
    [17178745] = {['id']=17178745, ['name']="SauromugueSkin", ['index']=121, ['level']=53},
    [17178735] = {['id']=17178735, ['name']="GoblinMine", ['index']=111, ['level']=61},
    [17178766] = {['id']=17178766, ['name']="Lynx", ['index']=142, ['level']=50},
    [17179514] = {['id']=17179514, ['name']="WatchfulPixie", ['index']=890, ['level']=0},
    [17178749] = {['id']=17178749, ['name']="GoblinGrenadie", ['index']=125, ['level']=66},
    [17178750] = {['id']=17178750, ['name']="GoblinFlagman", ['index']=126, ['level']=67},
    [17178771] = {['id']=17178771, ['name']="Lynx", ['index']=147, ['level']=47},
    [17178772] = {['id']=17178772, ['name']="Lynx", ['index']=148, ['level']=49},
    [17178785] = {['id']=17178785, ['name']="SauromugueSkin", ['index']=161, ['level']=53},
    [17178786] = {['id']=17178786, ['name']="Lynx", ['index']=162, ['level']=47},
    [17178781] = {['id']=17178781, ['name']="Lynx", ['index']=157, ['level']=47},
    [17178780] = {['id']=17178780, ['name']="Lynx", ['index']=156, ['level']=47},
    [17178779] = {['id']=17178779, ['name']="Lynx", ['index']=155, ['level']=48},
    [17178788] = {['id']=17178788, ['name']="Lynx", ['index']=164, ['level']=50},
    [17178787] = {['id']=17178787, ['name']="Lynx", ['index']=163, ['level']=47},
    [17178763] = {['id']=17178763, ['name']="Herensugue", ['index']=139, ['level']=64},
    [17178796] = {['id']=17178796, ['name']="Lynx", ['index']=172, ['level']=47},
    [17178798] = {['id']=17178798, ['name']="Lynx", ['index']=174, ['level']=49},
    [17178799] = {['id']=17178799, ['name']="Lynx", ['index']=175, ['level']=50},
    [17178808] = {['id']=17178808, ['name']="Lynx", ['index']=184, ['level']=47},
    [17178829] = {['id']=17178829, ['name']="YagudoAbbot", ['index']=205, ['level']=71},
    [17178830] = {['id']=17178830, ['name']="YagudoMissiona", ['index']=206, ['level']=73},
    [17178831] = {['id']=17178831, ['name']="YagudoZealot", ['index']=207, ['level']=74},
    [17178832] = {['id']=17178832, ['name']="YagudoPrior", ['index']=208, ['level']=74},
    [17178833] = {['id']=17178833, ['name']="YagudoInquisit", ['index']=209, ['level']=74},
    [17178835] = {['id']=17178835, ['name']="YagudoPythones", ['index']=211, ['level']=74},
    [17178836] = {['id']=17178836, ['name']="Yagudo\'sElemen", ['index']=212, ['level']=66},
    [17178848] = {['id']=17178848, ['name']="YagudoInquisit", ['index']=224, ['level']=71},
    [17178834] = {['id']=17178834, ['name']="YagudoLutenist", ['index']=210, ['level']=73},
    [17178807] = {['id']=17178807, ['name']="Lynx", ['index']=183, ['level']=48},
    [17178818] = {['id']=17178818, ['name']="HillLizard", ['index']=194, ['level']=48},
    [17178817] = {['id']=17178817, ['name']="HillLizard", ['index']=193, ['level']=45},
    [17178819] = {['id']=17178819, ['name']="HillLizard", ['index']=195, ['level']=48},
    [17178821] = {['id']=17178821, ['name']="HillLizard", ['index']=197, ['level']=46},
    [17178837] = {['id']=17178837, ['name']="YagudoZealot", ['index']=213, ['level']=72},
    [17178838] = {['id']=17178838, ['name']="YagudoPrior", ['index']=214, ['level']=74},
    [17178839] = {['id']=17178839, ['name']="YagudoAbbot", ['index']=215, ['level']=73},
    [17178840] = {['id']=17178840, ['name']="YagudoMissiona", ['index']=216, ['level']=73},
    [17178898] = {['id']=17178898, ['name']="Sprite", ['index']=274, ['level']=63},
    [17178825] = {['id']=17178825, ['name']="HillLizard", ['index']=201, ['level']=46},
    [17178826] = {['id']=17178826, ['name']="HillLizard", ['index']=202, ['level']=47},
    [17178827] = {['id']=17178827, ['name']="HillLizard", ['index']=203, ['level']=47},
    [17178828] = {['id']=17178828, ['name']="HillLizard", ['index']=204, ['level']=45},
    [17179349] = {['id']=17179349, ['name']="Palli-Bulli", ['index']=725, ['level']=0},
    [17179531] = {['id']=17179531, ['name']="SurvivalGuide", ['index']=907, ['level']=0},
    [17178814] = {['id']=17178814, ['name']="HillLizard", ['index']=190, ['level']=47},
    [17178815] = {['id']=17178815, ['name']="HillLizard", ['index']=191, ['level']=47},
    [17178813] = {['id']=17178813, ['name']="HillLizard", ['index']=189, ['level']=48},
    [17178800] = {['id']=17178800, ['name']="SauromugueSkin", ['index']=176, ['level']=53},
    [17178802] = {['id']=17178802, ['name']="Lynx", ['index']=178, ['level']=48},
    [17179272] = {['id']=17179272, ['name']="Dalzakk", ['index']=648, ['level']=1},
    [17178782] = {['id']=17178782, ['name']="SauromugueSkin", ['index']=158, ['level']=51},
    [17178783] = {['id']=17178783, ['name']="SauromugueSkin", ['index']=159, ['level']=53},
    [17178844] = {['id']=17178844, ['name']="YagudoInquisit", ['index']=220, ['level']=72},
    [17178841] = {['id']=17178841, ['name']="YagudoPythones", ['index']=217, ['level']=71},
    [17178842] = {['id']=17178842, ['name']="Yagudo\'sElemen", ['index']=218, ['level']=68},
    [17178717] = {['id']=17178717, ['name']="SauromugueSkin", ['index']=93, ['level']=51},
    [17178718] = {['id']=17178718, ['name']="SauromugueSkin", ['index']=94, ['level']=52},
    [17178699] = {['id']=17178699, ['name']="TabarBeak", ['index']=75, ['level']=53},
    [17178698] = {['id']=17178698, ['name']="TabarBeak", ['index']=74, ['level']=52},
    [17178791] = {['id']=17178791, ['name']="SauromugueSkin", ['index']=167, ['level']=52},
    [17178792] = {['id']=17178792, ['name']="SauromugueSkin", ['index']=168, ['level']=52},
    [17178689] = {['id']=17178689, ['name']="Coquecigrue", ['index']=65, ['level']=69},
    [17178873] = {['id']=17178873, ['name']="DivingBeetle", ['index']=249, ['level']=45},
    [17178888] = {['id']=17178888, ['name']="DivingBeetle", ['index']=264, ['level']=46},
    [17178879] = {['id']=17178879, ['name']="Lycopodium", ['index']=255, ['level']=30},
    [17178880] = {['id']=17178880, ['name']="Lycopodium", ['index']=256, ['level']=28},
    [17178881] = {['id']=17178881, ['name']="Lycopodium", ['index']=257, ['level']=29},
    [17178882] = {['id']=17178882, ['name']="Lycopodium", ['index']=258, ['level']=28},
    [17178883] = {['id']=17178883, ['name']="DivingBeetle", ['index']=259, ['level']=44},
    [17178884] = {['id']=17178884, ['name']="Lycopodium", ['index']=260, ['level']=29},
    [17178886] = {['id']=17178886, ['name']="DivingBeetle", ['index']=262, ['level']=46},
    [17178887] = {['id']=17178887, ['name']="DivingBeetle", ['index']=263, ['level']=45},
    [17178812] = {['id']=17178812, ['name']="HillLizard", ['index']=188, ['level']=45},
    [17178813] = {['id']=17178813, ['name']="HillLizard", ['index']=189, ['level']=48},
    [17178814] = {['id']=17178814, ['name']="HillLizard", ['index']=190, ['level']=47},
    [17178815] = {['id']=17178815, ['name']="HillLizard", ['index']=191, ['level']=47},
    [17178816] = {['id']=17178816, ['name']="ScavengingHoun", ['index']=192, ['level']=49},
    [17178821] = {['id']=17178821, ['name']="HillLizard", ['index']=197, ['level']=46},
    [17178823] = {['id']=17178823, ['name']="MidnightWings", ['index']=199, ['level']=51},
    [17178827] = {['id']=17178827, ['name']="HillLizard", ['index']=203, ['level']=47},
    [17178853] = {['id']=17178853, ['name']="HillLizard", ['index']=229, ['level']=45},
    [17178854] = {['id']=17178854, ['name']="MidnightWings", ['index']=230, ['level']=49},
    [17178855] = {['id']=17178855, ['name']="HillLizard", ['index']=231, ['level']=47},
    [17178856] = {['id']=17178856, ['name']="MoonBat", ['index']=232, ['level']=49},
    [17178863] = {['id']=17178863, ['name']="DivingBeetle", ['index']=239, ['level']=46},
    [17178866] = {['id']=17178866, ['name']="DivingBeetle", ['index']=242, ['level']=46},
    [17178871] = {['id']=17178871, ['name']="HillLizard", ['index']=247, ['level']=46},
    [17179329] = {['id']=17179329, ['name']="MhamLahrih", ['index']=705, ['level']=0},
    [17178870] = {['id']=17178870, ['name']="HillLizard", ['index']=246, ['level']=45},
    [17178865] = {['id']=17178865, ['name']="DivingBeetle", ['index']=241, ['level']=46},
    [17178868] = {['id']=17178868, ['name']="GoblinGuerrill", ['index']=244, ['level']=69},
    [17178867] = {['id']=17178867, ['name']="HillLizard", ['index']=243, ['level']=46},
    [17178869] = {['id']=17178869, ['name']="Goblin\'sBeetle", ['index']=245, ['level']=64},
    [17178857] = {['id']=17178857, ['name']="HillLizard", ['index']=233, ['level']=48},
    [17178810] = {['id']=17178810, ['name']="HillLizard", ['index']=186, ['level']=48},
    [17178811] = {['id']=17178811, ['name']="HillLizard", ['index']=187, ['level']=46},
    [17178864] = {['id']=17178864, ['name']="DivingBeetle", ['index']=240, ['level']=47},
    [17178874] = {['id']=17178874, ['name']="DivingBeetle", ['index']=250, ['level']=44},
    [17178875] = {['id']=17178875, ['name']="DivingBeetle", ['index']=251, ['level']=47},
    [17178877] = {['id']=17178877, ['name']="GoblinGuerrill", ['index']=253, ['level']=66},
    [17178878] = {['id']=17178878, ['name']="Goblin\'sBeetle", ['index']=254, ['level']=62},
    [17178689] = {['id']=17178689, ['name']="Coquecigrue", ['index']=65, ['level']=69},
    [17178809] = {['id']=17178809, ['name']="HillLizard", ['index']=185, ['level']=47},
    [17178859] = {['id']=17178859, ['name']="MidnightWings", ['index']=235, ['level']=51},
    [17178860] = {['id']=17178860, ['name']="MidnightWings", ['index']=236, ['level']=50},
    [17178861] = {['id']=17178861, ['name']="MoonBat", ['index']=237, ['level']=51},
    [17178862] = {['id']=17178862, ['name']="MoonBat", ['index']=238, ['level']=51},
    [17178872] = {['id']=17178872, ['name']="DivingBeetle", ['index']=248, ['level']=45},
    [17178873] = {['id']=17178873, ['name']="DivingBeetle", ['index']=249, ['level']=45},
    [17178887] = {['id']=17178887, ['name']="DivingBeetle", ['index']=263, ['level']=45},
    [17178888] = {['id']=17178888, ['name']="DivingBeetle", ['index']=264, ['level']=46},
    [17178889] = {['id']=17178889, ['name']="DivingBeetle", ['index']=265, ['level']=47},
    [17178890] = {['id']=17178890, ['name']="DivingBeetle", ['index']=266, ['level']=45},
    [17178897] = {['id']=17178897, ['name']="DivingBeetle", ['index']=273, ['level']=45},
    [17178858] = {['id']=17178858, ['name']="HillLizard", ['index']=234, ['level']=45},
    [17178879] = {['id']=17178879, ['name']="Lycopodium", ['index']=255, ['level']=30},
    [17178880] = {['id']=17178880, ['name']="Lycopodium", ['index']=256, ['level']=28},
    [17178881] = {['id']=17178881, ['name']="Lycopodium", ['index']=257, ['level']=29},
    [17178882] = {['id']=17178882, ['name']="Lycopodium", ['index']=258, ['level']=28},
    [17178883] = {['id']=17178883, ['name']="DivingBeetle", ['index']=259, ['level']=44},
    [17178884] = {['id']=17178884, ['name']="Lycopodium", ['index']=260, ['level']=30},
    [17178885] = {['id']=17178885, ['name']="Hyakinthos", ['index']=261, ['level']=58},
    [17178887] = {['id']=17178887, ['name']="DivingBeetle", ['index']=263, ['level']=45},
    [17179330] = {['id']=17179330, ['name']="Cheneblanc", ['index']=706, ['level']=0},
