    [17105386] = {['id']=17105386, ['name']="Aurfet", ['index']=490, ['level']=0},
    [17105387] = {['id']=17105387, ['name']="Andagge", ['index']=491, ['level']=0},
    [17105411] = {['id']=17105411, ['name']="Illeuse", ['index']=515, ['level']=0},
    [17105510] = {['id']=17105510, ['name']="Hauberliond", ['index']=614, ['level']=0},
    [17105699] = {['id']=17105699, ['name']="Shixo", ['index']=803, ['level']=0},
    [17105701] = {['id']=17105701, ['name']="Cyranda", ['index']=805, ['level']=0},
    [17105528] = {['id']=17105528, ['name']="Crochepallade", ['index']=632, ['level']=0},
    [17105320] = {['id']=17105320, ['name']="Scarlette,C.A.", ['index']=424, ['level']=0},
    [17105366] = {['id']=17105366, ['name']="Quartermaster", ['index']=470, ['level']=0},
    [17105323] = {['id']=17105323, ['name']="Thierride", ['index']=427, ['level']=0},
    [17105403] = {['id']=17105403, ['name']="Louxiard", ['index']=507, ['level']=0},
    [17105402] = {['id']=17105402, ['name']="OrcishCaptive", ['index']=506, ['level']=0},
    [17105464] = {['id']=17105464, ['name']="???Warmachine", ['index']=568, ['level']=0},
    [17105426] = {['id']=17105426, ['name']="Piscariaux", ['index']=530, ['level']=0},
    [17105425] = {['id']=17105425, ['name']="Riautte", ['index']=529, ['level']=0},
    [17105414] = {['id']=17105414, ['name']="Rholont", ['index']=518, ['level']=0},
    [17105367] = {['id']=17105367, ['name']="Adjutant", ['index']=471, ['level']=0},
    [17105407] = {['id']=17105407, ['name']="Machionage", ['index']=511, ['level']=0},
    [17105294] = {['id']=17105294, ['name']="CeraneIVirgau", ['index']=398, ['level']=0},
    [17105404] = {['id']=17105404, ['name']="Corseihaut", ['index']=508, ['level']=0},
    [17105382] = {['id']=17105382, ['name']="Mainchelite", ['index']=486, ['level']=0},
    [17105365] = {['id']=17105365, ['name']="Fiaudie", ['index']=469, ['level']=0},
    [17105384] = {['id']=17105384, ['name']="Coucheutand", ['index']=488, ['level']=0},
    [17105363] = {['id']=17105363, ['name']="Rasdinice", ['index']=467, ['level']=0},
    [17105289] = {['id']=17105289, ['name']="ValaineralRDa", ['index']=393, ['level']=0},
    [17105388] = {['id']=17105388, ['name']="RongeloutsNDi", ['index']=492, ['level']=0},
    [17105362] = {['id']=17105362, ['name']="PalardaifaultV", ['index']=466, ['level']=0},
    [17105480] = {['id']=17105480, ['name']="Houilloumie", ['index']=584, ['level']=0},
    [17105392] = {['id']=17105392, ['name']="Vichauxdat", ['index']=496, ['level']=0},
    [17105383] = {['id']=17105383, ['name']="Eumielle", ['index']=487, ['level']=0},
    [17105529] = {['id']=17105529, ['name']="Dilgeur", ['index']=633, ['level']=0},
    [17105511] = {['id']=17105511, ['name']="Voucheramme", ['index']=615, ['level']=0},
    [17105266] = {['id']=17105266, ['name']="Lurouillat", ['index']=370, ['level']=0},
    [17105390] = {['id']=17105390, ['name']="Raustigne", ['index']=494, ['level']=0},
    [17105389] = {['id']=17105389, ['name']="Aissaville", ['index']=493, ['level']=0},
    [17105374] = {['id']=17105374, ['name']="Zidalf", ['index']=478, ['level']=0},
    [17105293] = {['id']=17105293, ['name']="YrvaulairSCou", ['index']=397, ['level']=0},
    [17105409] = {['id']=17105409, ['name']="Daigraffeaux", ['index']=513, ['level']=0},
    [17105401] = {['id']=17105401, ['name']="Chocobo", ['index']=505, ['level']=0},
    [17105400] = {['id']=17105400, ['name']="Chocobo", ['index']=504, ['level']=0},
    [17105396] = {['id']=17105396, ['name']="Sabiliont", ['index']=500, ['level']=0},
    [17105397] = {['id']=17105397, ['name']="Chocobo", ['index']=501, ['level']=0},
    [17105398] = {['id']=17105398, ['name']="Chocobo", ['index']=502, ['level']=0},
    [17105399] = {['id']=17105399, ['name']="Chocobo", ['index']=503, ['level']=0},
    [17105321] = {['id']=17105321, ['name']="Exoroche", ['index']=425, ['level']=0},
    [17105700] = {['id']=17105700, ['name']="SurvivalGuide", ['index']=804, ['level']=0},
    [17105482] = {['id']=17105482, ['name']="", ['index']=586, ['level']=0},
    [17105481] = {['id']=17105481, ['name']="Chauxnatte", ['index']=585, ['level']=0},
    [17105408] = {['id']=17105408, ['name']="Loillie", ['index']=512, ['level']=0},
    [17105410] = {['id']=17105410, ['name']="Elnonde", ['index']=514, ['level']=0},
    [17105695] = {['id']=17105695, ['name']="VoidwatchOffic", ['index']=799, ['level']=0},
    [17105694] = {['id']=17105694, ['name']="AtmaciteRefine", ['index']=798, ['level']=0},
    [17105487] = {['id']=17105487, ['name']="Alfred", ['index']=591, ['level']=0},
    [17105696] = {['id']=17105696, ['name']="VoidwatchPurve", ['index']=800, ['level']=0},
    [17105518] = {['id']=17105518, ['name']="Miliart,T.K.", ['index']=622, ['level']=0},
    [17105340] = {['id']=17105340, ['name']="Eauvague,T.K.", ['index']=444, ['level']=0},
    [17105312] = {['id']=17105312, ['name']="Saphiriance,T.", ['index']=416, ['level']=0},
    [17105385] = {['id']=17105385, ['name']="Remiotte", ['index']=489, ['level']=0},
    [17105413] = {['id']=17105413, ['name']="Tamba-Namba", ['index']=517, ['level']=0},
    [17105394] = {['id']=17105394, ['name']="Farouel", ['index']=498, ['level']=0},
    [17105395] = {['id']=17105395, ['name']="Touttaures", ['index']=499, ['level']=0},
    [17105405] = {['id']=17105405, ['name']="Autouria", ['index']=509, ['level']=0},
    [17105406] = {['id']=17105406, ['name']="Contie", ['index']=510, ['level']=0},
    [17105606] = {['id']=17105606, ['name']="Nichais", ['index']=710, ['level']=0},
    [17105381] = {['id']=17105381, ['name']="Wyatt", ['index']=485, ['level']=0},
    [17105393] = {['id']=17105393, ['name']="Berengein", ['index']=497, ['level']=0},
    [17105412] = {['id']=17105412, ['name']="Geltpix", ['index']=516, ['level']=0},
    [17105391] = {['id']=17105391, ['name']="Ysayle", ['index']=495, ['level']=0},
    [17105380] = {['id']=17105380, ['name']="Nembet", ['index']=484, ['level']=0},
    [17105296] = {['id']=17105296, ['name']="Noillurie", ['index']=400, ['level']=0},
    [17105483] = {['id']=17105483, ['name']="Mailleronce", ['index']=587, ['level']=0},
    [17105535] = {['id']=17105535, ['name']="Renadile", ['index']=639, ['level']=0},
    [17105647] = {['id']=17105647, ['name']="Thirkell", ['index']=751, ['level']=0},
    [17105697] = {['id']=17105697, ['name']="PorterMoogle", ['index']=801, ['level']=0},
