    [17215665] = {['id']=17215665, ['name']="StoneEater", ['index']=177, ['level']=2},
    [17215669] = {['id']=17215669, ['name']="StoneEater", ['index']=181, ['level']=2},
    [17215675] = {['id']=17215675, ['name']="Vulture", ['index']=187, ['level']=4},
    [17215676] = {['id']=17215676, ['name']="Vulture", ['index']=188, ['level']=4},
    [17215667] = {['id']=17215667, ['name']="StoneEater", ['index']=179, ['level']=2},
    [17215670] = {['id']=17215670, ['name']="StoneEater", ['index']=182, ['level']=2},
    [17215671] = {['id']=17215671, ['name']="StoneEater", ['index']=183, ['level']=3},
    [17215672] = {['id']=17215672, ['name']="RockLizard", ['index']=184, ['level']=4},
    [17215668] = {['id']=17215668, ['name']="StoneEater", ['index']=180, ['level']=2},
    [17215677] = {['id']=17215677, ['name']="YoungQuadav", ['index']=189, ['level']=3},
    [17215666] = {['id']=17215666, ['name']="StoneEater", ['index']=178, ['level']=2},
    [17215674] = {['id']=17215674, ['name']="WalkingSapling", ['index']=186, ['level']=3},
    [17215692] = {['id']=17215692, ['name']="YoungQuadav", ['index']=204, ['level']=3},
    [17215540] = {['id']=17215540, ['name']="HugeHornet", ['index']=52, ['level']=1},
    [17215541] = {['id']=17215541, ['name']="HugeHornet", ['index']=53, ['level']=1},
    [17215536] = {['id']=17215536, ['name']="HugeHornet", ['index']=48, ['level']=1},
    [17216251] = {['id']=17216251, ['name']="WanderingCloud", ['index']=763, ['level']=0},
    [17215538] = {['id']=17215538, ['name']="HugeHornet", ['index']=50, ['level']=1},
    [17215537] = {['id']=17215537, ['name']="HugeHornet", ['index']=49, ['level']=1},
    [17215529] = {['id']=17215529, ['name']="HugeHornet", ['index']=41, ['level']=1},
    [17215528] = {['id']=17215528, ['name']="HugeHornet", ['index']=40, ['level']=1},
    [17215525] = {['id']=17215525, ['name']="HugeHornet", ['index']=37, ['level']=1},
    [17215526] = {['id']=17215526, ['name']="HugeHornet", ['index']=38, ['level']=1},
    [17215531] = {['id']=17215531, ['name']="TunnelWorm", ['index']=43, ['level']=1},
    [17215524] = {['id']=17215524, ['name']="HugeHornet", ['index']=36, ['level']=1},
    [17215527] = {['id']=17215527, ['name']="HugeHornet", ['index']=39, ['level']=1},
    [17215532] = {['id']=17215532, ['name']="TunnelWorm", ['index']=44, ['level']=1},
    [17215530] = {['id']=17215530, ['name']="TunnelWorm", ['index']=42, ['level']=1},
    [17215654] = {['id']=17215654, ['name']="StoneEater", ['index']=166, ['level']=2},
    [17215658] = {['id']=17215658, ['name']="StoneEater", ['index']=170, ['level']=2},
    [17215657] = {['id']=17215657, ['name']="StoneEater", ['index']=169, ['level']=2},
    [17215661] = {['id']=17215661, ['name']="WalkingSapling", ['index']=173, ['level']=4},
    [17215662] = {['id']=17215662, ['name']="Vulture", ['index']=174, ['level']=3},
    [17215659] = {['id']=17215659, ['name']="RockLizard", ['index']=171, ['level']=5},
    [17215655] = {['id']=17215655, ['name']="StoneEater", ['index']=167, ['level']=3},
    [17215653] = {['id']=17215653, ['name']="StoneEater", ['index']=165, ['level']=3},
    [17215652] = {['id']=17215652, ['name']="StoneEater", ['index']=164, ['level']=2},
    [17215663] = {['id']=17215663, ['name']="Vulture", ['index']=175, ['level']=4},
    [17215656] = {['id']=17215656, ['name']="StoneEater", ['index']=168, ['level']=2},
    [17215651] = {['id']=17215651, ['name']="StoneEater", ['index']=163, ['level']=3},
    [17215500] = {['id']=17215500, ['name']="HugeHornet", ['index']=12, ['level']=1},
    [17215502] = {['id']=17215502, ['name']="TunnelWorm", ['index']=14, ['level']=1},
    [17215495] = {['id']=17215495, ['name']="HugeHornet", ['index']=7, ['level']=1},
    [17215503] = {['id']=17215503, ['name']="TunnelWorm", ['index']=15, ['level']=1},
    [17216218] = {['id']=17216218, ['name']="FieldManual", ['index']=730, ['level']=0},
    [17215505] = {['id']=17215505, ['name']="TunnelWorm", ['index']=17, ['level']=1},
    [17215496] = {['id']=17215496, ['name']="HugeHornet", ['index']=8, ['level']=1},
    [17215504] = {['id']=17215504, ['name']="TunnelWorm", ['index']=16, ['level']=1},
    [17215499] = {['id']=17215499, ['name']="HugeHornet", ['index']=11, ['level']=1},
    [17215497] = {['id']=17215497, ['name']="HugeHornet", ['index']=9, ['level']=1},
    [17215498] = {['id']=17215498, ['name']="HugeHornet", ['index']=10, ['level']=1},
    [17215501] = {['id']=17215501, ['name']="HugeHornet", ['index']=13, ['level']=1},
    [17215511] = {['id']=17215511, ['name']="HugeHornet", ['index']=23, ['level']=1},
    [17215517] = {['id']=17215517, ['name']="TunnelWorm", ['index']=29, ['level']=1},
    [17215510] = {['id']=17215510, ['name']="HugeHornet", ['index']=22, ['level']=1},
    [17215515] = {['id']=17215515, ['name']="HugeHornet", ['index']=27, ['level']=1},
    [17215514] = {['id']=17215514, ['name']="HugeHornet", ['index']=26, ['level']=1},
    [17215717] = {['id']=17215717, ['name']="StoneEater", ['index']=229, ['level']=3},
    [17215518] = {['id']=17215518, ['name']="TunnelWorm", ['index']=30, ['level']=1},
    [17215725] = {['id']=17215725, ['name']="GoblinThug", ['index']=237, ['level']=3},
    [17215721] = {['id']=17215721, ['name']="StoneEater", ['index']=233, ['level']=2},
    [17215727] = {['id']=17215727, ['name']="GoblinFisher", ['index']=239, ['level']=4},
    [17215726] = {['id']=17215726, ['name']="GoblinFisher", ['index']=238, ['level']=4},
    [17215718] = {['id']=17215718, ['name']="StoneEater", ['index']=230, ['level']=2},
    [17215716] = {['id']=17215716, ['name']="StoneEater", ['index']=228, ['level']=3},
    [17215722] = {['id']=17215722, ['name']="WalkingSapling", ['index']=234, ['level']=4},
    [17215724] = {['id']=17215724, ['name']="Vulture", ['index']=236, ['level']=3},
    [17215731] = {['id']=17215731, ['name']="StoneEater", ['index']=243, ['level']=3},
    [17215729] = {['id']=17215729, ['name']="StoneEater", ['index']=241, ['level']=3},
    [17215739] = {['id']=17215739, ['name']="Vulture", ['index']=251, ['level']=4},
    [17215730] = {['id']=17215730, ['name']="StoneEater", ['index']=242, ['level']=4},
    [17215737] = {['id']=17215737, ['name']="WalkingSapling", ['index']=249, ['level']=5},
    [17215743] = {['id']=17215743, ['name']="GoblinFisher", ['index']=255, ['level']=4},
    [17215740] = {['id']=17215740, ['name']="Vulture", ['index']=252, ['level']=4},
    [17215735] = {['id']=17215735, ['name']="StoneEater", ['index']=247, ['level']=3},
    [17215736] = {['id']=17215736, ['name']="WalkingSapling", ['index']=248, ['level']=5},
    [17215728] = {['id']=17215728, ['name']="StoneEater", ['index']=240, ['level']=4},
    [17215742] = {['id']=17215742, ['name']="GoblinFisher", ['index']=254, ['level']=4},
    [17215734] = {['id']=17215734, ['name']="StoneEater", ['index']=246, ['level']=4},
    [17215733] = {['id']=17215733, ['name']="StoneEater", ['index']=245, ['level']=3},
    [17215738] = {['id']=17215738, ['name']="Vulture", ['index']=250, ['level']=5},
    [17215732] = {['id']=17215732, ['name']="StoneEater", ['index']=244, ['level']=3},
    [17215741] = {['id']=17215741, ['name']="GoblinWeaver", ['index']=253, ['level']=4},
    [17215779] = {['id']=17215779, ['name']="OrnerySheep", ['index']=291, ['level']=5},
    [17215784] = {['id']=17215784, ['name']="GoblinWeaver", ['index']=296, ['level']=6},
    [17215782] = {['id']=17215782, ['name']="GoblinThug", ['index']=294, ['level']=7},
    [17215780] = {['id']=17215780, ['name']="OrnerySheep", ['index']=292, ['level']=5},
    [17215788] = {['id']=17215788, ['name']="GoblinWeaver", ['index']=300, ['level']=6},
    [17215781] = {['id']=17215781, ['name']="GoblinThug", ['index']=293, ['level']=6},
    [17215752] = {['id']=17215752, ['name']="WalkingSapling", ['index']=264, ['level']=4},
    [17215759] = {['id']=17215759, ['name']="AmberQuadav", ['index']=271, ['level']=5},
    [17215748] = {['id']=17215748, ['name']="RockLizard", ['index']=260, ['level']=5},
    [17215757] = {['id']=17215757, ['name']="YoungQuadav", ['index']=269, ['level']=6},
    [17215750] = {['id']=17215750, ['name']="WalkingSapling", ['index']=262, ['level']=5},
    [17215755] = {['id']=17215755, ['name']="Vulture", ['index']=267, ['level']=5},
    [17215753] = {['id']=17215753, ['name']="WalkingSapling", ['index']=265, ['level']=4},
    [17215746] = {['id']=17215746, ['name']="StoneEater", ['index']=258, ['level']=4},
    [17215754] = {['id']=17215754, ['name']="WalkingSapling", ['index']=266, ['level']=5},
    [17215758] = {['id']=17215758, ['name']="AmethystQuadav", ['index']=270, ['level']=5},
    [17215745] = {['id']=17215745, ['name']="StoneEater", ['index']=257, ['level']=4},
    [17215751] = {['id']=17215751, ['name']="WalkingSapling", ['index']=263, ['level']=5},
    [17215747] = {['id']=17215747, ['name']="RockLizard", ['index']=259, ['level']=5},
    [17215744] = {['id']=17215744, ['name']="StoneEater", ['index']=256, ['level']=5},
    [17215756] = {['id']=17215756, ['name']="Vulture", ['index']=268, ['level']=4},
    [17215715] = {['id']=17215715, ['name']="AmberQuadav", ['index']=227, ['level']=3},
    [17215713] = {['id']=17215713, ['name']="YoungQuadav", ['index']=225, ['level']=4},
    [17215701] = {['id']=17215701, ['name']="StoneEater", ['index']=213, ['level']=3},
    [17215709] = {['id']=17215709, ['name']="WalkingSapling", ['index']=221, ['level']=4},
    [17215702] = {['id']=17215702, ['name']="StoneEater", ['index']=214, ['level']=3},
    [17215700] = {['id']=17215700, ['name']="StoneEater", ['index']=212, ['level']=2},
    [17215699] = {['id']=17215699, ['name']="StoneEater", ['index']=211, ['level']=3},
    [17215714] = {['id']=17215714, ['name']="YoungQuadav", ['index']=226, ['level']=3},
    [17215704] = {['id']=17215704, ['name']="StoneEater", ['index']=216, ['level']=2},
    [17215710] = {['id']=17215710, ['name']="WalkingSapling", ['index']=222, ['level']=3},
    [17215711] = {['id']=17215711, ['name']="Vulture", ['index']=223, ['level']=3},
    [17215708] = {['id']=17215708, ['name']="RockLizard", ['index']=220, ['level']=4},
    [17215706] = {['id']=17215706, ['name']="StoneEater", ['index']=218, ['level']=3},
    [17215519] = {['id']=17215519, ['name']="TunnelWorm", ['index']=31, ['level']=1},
    [17215516] = {['id']=17215516, ['name']="TunnelWorm", ['index']=28, ['level']=1},
    [17215512] = {['id']=17215512, ['name']="HugeHornet", ['index']=24, ['level']=1},
    [17215513] = {['id']=17215513, ['name']="HugeHornet", ['index']=25, ['level']=1},
    [17215581] = {['id']=17215581, ['name']="GoblinThug", ['index']=93, ['level']=4},
    [17215660] = {['id']=17215660, ['name']="WalkingSapling", ['index']=172, ['level']=4},
    [17215719] = {['id']=17215719, ['name']="StoneEater", ['index']=231, ['level']=2},
    [17215707] = {['id']=17215707, ['name']="RockLizard", ['index']=219, ['level']=4},
    [17215720] = {['id']=17215720, ['name']="StoneEater", ['index']=232, ['level']=3},
    [17215712] = {['id']=17215712, ['name']="Vulture", ['index']=224, ['level']=3},
    [17215705] = {['id']=17215705, ['name']="StoneEater", ['index']=217, ['level']=2},
    [17215508] = {['id']=17215508, ['name']="DingBats", ['index']=20, ['level']=1},
    [17215703] = {['id']=17215703, ['name']="StoneEater", ['index']=215, ['level']=2},
    [17215723] = {['id']=17215723, ['name']="Vulture", ['index']=235, ['level']=4},
    [17215749] = {['id']=17215749, ['name']="WalkingSapling", ['index']=261, ['level']=4},
    [17215601] = {['id']=17215601, ['name']="OrnerySheep", ['index']=113, ['level']=5},
    [17215860] = {['id']=17215860, ['name']="AmberQuadav", ['index']=372, ['level']=5},
    [17215851] = {['id']=17215851, ['name']="WalkingSapling", ['index']=363, ['level']=5},
    [17215853] = {['id']=17215853, ['name']="WalkingSapling", ['index']=365, ['level']=4},
    [17215858] = {['id']=17215858, ['name']="YoungQuadav", ['index']=370, ['level']=5},
    [17215849] = {['id']=17215849, ['name']="RockLizard", ['index']=361, ['level']=6},
    [17215854] = {['id']=17215854, ['name']="WalkingSapling", ['index']=366, ['level']=4},
    [17215847] = {['id']=17215847, ['name']="StoneEater", ['index']=359, ['level']=5},
    [17215848] = {['id']=17215848, ['name']="StoneEater", ['index']=360, ['level']=5},
    [17215859] = {['id']=17215859, ['name']="AmethystQuadav", ['index']=371, ['level']=4},
    [17215856] = {['id']=17215856, ['name']="Vulture", ['index']=368, ['level']=4},
    [17215852] = {['id']=17215852, ['name']="WalkingSapling", ['index']=364, ['level']=4},
    [17215857] = {['id']=17215857, ['name']="Vulture", ['index']=369, ['level']=4},
    [17215850] = {['id']=17215850, ['name']="RockLizard", ['index']=362, ['level']=6},
    [17215855] = {['id']=17215855, ['name']="WalkingSapling", ['index']=367, ['level']=5},
    [17215834] = {['id']=17215834, ['name']="WalkingSapling", ['index']=346, ['level']=4},
    [17215827] = {['id']=17215827, ['name']="RockLizard", ['index']=339, ['level']=5},
    [17215829] = {['id']=17215829, ['name']="WalkingSapling", ['index']=341, ['level']=4},
    [17215839] = {['id']=17215839, ['name']="YoungQuadav", ['index']=351, ['level']=4},
    [17215825] = {['id']=17215825, ['name']="StoneEater", ['index']=337, ['level']=4},
    [17215836] = {['id']=17215836, ['name']="Vulture", ['index']=348, ['level']=5},
    [17215830] = {['id']=17215830, ['name']="WalkingSapling", ['index']=342, ['level']=4},
    [17215824] = {['id']=17215824, ['name']="StoneEater", ['index']=336, ['level']=4},
    [17215831] = {['id']=17215831, ['name']="WalkingSapling", ['index']=343, ['level']=4},
    [17215838] = {['id']=17215838, ['name']="YoungQuadav", ['index']=350, ['level']=4},
    [17215841] = {['id']=17215841, ['name']="AmberQuadav", ['index']=353, ['level']=5},
    [17215837] = {['id']=17215837, ['name']="Vulture", ['index']=349, ['level']=5},
    [17216219] = {['id']=17216219, ['name']="FieldManual", ['index']=731, ['level']=0},
    [17215832] = {['id']=17215832, ['name']="WalkingSapling", ['index']=344, ['level']=4},
    [17215826] = {['id']=17215826, ['name']="RockLizard", ['index']=338, ['level']=6},
    [17215840] = {['id']=17215840, ['name']="AmethystQuadav", ['index']=352, ['level']=5},
    [17215833] = {['id']=17215833, ['name']="WalkingSapling", ['index']=345, ['level']=5},
    [17215570] = {['id']=17215570, ['name']="GoblinThug", ['index']=82, ['level']=4},
    [17215566] = {['id']=17215566, ['name']="StoneEater", ['index']=78, ['level']=4},
    [17215565] = {['id']=17215565, ['name']="ManeatingHorne", ['index']=77, ['level']=4},
    [17215564] = {['id']=17215564, ['name']="ManeatingHorne", ['index']=76, ['level']=3},
    [17215568] = {['id']=17215568, ['name']="OrnerySheep", ['index']=80, ['level']=5},
    [17215567] = {['id']=17215567, ['name']="OrnerySheep", ['index']=79, ['level']=5},
    [17215622] = {['id']=17215622, ['name']="ManeatingHorne", ['index']=134, ['level']=4},
    [17215569] = {['id']=17215569, ['name']="GoblinThug", ['index']=81, ['level']=4},
    [17215563] = {['id']=17215563, ['name']="ManeatingHorne", ['index']=75, ['level']=3},
    [17215948] = {['id']=17215948, ['name']="GoblinDigger", ['index']=460, ['level']=8},
    [17215598] = {['id']=17215598, ['name']="ManeatingHorne", ['index']=110, ['level']=4},
    [17215602] = {['id']=17215602, ['name']="GoblinThug", ['index']=114, ['level']=5},
    [17215603] = {['id']=17215603, ['name']="GoblinWeaver", ['index']=115, ['level']=5},
    [17215599] = {['id']=17215599, ['name']="StoneEater", ['index']=111, ['level']=4},
    [17215600] = {['id']=17215600, ['name']="OrnerySheep", ['index']=112, ['level']=6},
    [17215597] = {['id']=17215597, ['name']="ManeatingHorne", ['index']=109, ['level']=4},
    [17215575] = {['id']=17215575, ['name']="ManeatingHorne", ['index']=87, ['level']=4},
    [17215646] = {['id']=17215646, ['name']="OrnerySheep", ['index']=158, ['level']=7},
    [17215582] = {['id']=17215582, ['name']="DingBats", ['index']=94, ['level']=3},
    [17215576] = {['id']=17215576, ['name']="ManeatingHorne", ['index']=88, ['level']=4},
    [17215645] = {['id']=17215645, ['name']="OrnerySheep", ['index']=157, ['level']=7},
    [17215577] = {['id']=17215577, ['name']="StoneEater", ['index']=89, ['level']=3},
    [17215578] = {['id']=17215578, ['name']="OrnerySheep", ['index']=90, ['level']=5},
    [17215584] = {['id']=17215584, ['name']="Fledermaus", ['index']=96, ['level']=3},
    [17215579] = {['id']=17215579, ['name']="OrnerySheep", ['index']=91, ['level']=5},
    [17215580] = {['id']=17215580, ['name']="GoblinThug", ['index']=92, ['level']=4},
    [17215535] = {['id']=17215535, ['name']="DingBats", ['index']=47, ['level']=1},
    [17215548] = {['id']=17215548, ['name']="DingBats", ['index']=60, ['level']=1},
    [17215557] = {['id']=17215557, ['name']="GoblinThug", ['index']=69, ['level']=5},
    [17215556] = {['id']=17215556, ['name']="OrnerySheep", ['index']=68, ['level']=6},
    [17215549] = {['id']=17215549, ['name']="DingBats", ['index']=61, ['level']=1},
    [17215550] = {['id']=17215550, ['name']="ManeatingHorne", ['index']=62, ['level']=3},
    [17215640] = {['id']=17215640, ['name']="GoblinThug", ['index']=152, ['level']=7},
    [17215555] = {['id']=17215555, ['name']="OrnerySheep", ['index']=67, ['level']=6},
    [17215551] = {['id']=17215551, ['name']="ManeatingHorne", ['index']=63, ['level']=3},
    [17215561] = {['id']=17215561, ['name']="Fledermaus", ['index']=73, ['level']=3},
    [17215552] = {['id']=17215552, ['name']="ManeatingHorne", ['index']=64, ['level']=4},
    [17215553] = {['id']=17215553, ['name']="StoneEater", ['index']=65, ['level']=3},
    [17215554] = {['id']=17215554, ['name']="StoneEater", ['index']=66, ['level']=4},
    [17215559] = {['id']=17215559, ['name']="DingBats", ['index']=71, ['level']=2},
    [17215673] = {['id']=17215673, ['name']="WalkingSapling", ['index']=185, ['level']=4},
    [17215593] = {['id']=17215593, ['name']="DingBats", ['index']=105, ['level']=2},
    [17215592] = {['id']=17215592, ['name']="GoblinWeaver", ['index']=104, ['level']=5},
    [17215586] = {['id']=17215586, ['name']="ManeatingHorne", ['index']=98, ['level']=4},
    [17215591] = {['id']=17215591, ['name']="GoblinThug", ['index']=103, ['level']=4},
    [17215587] = {['id']=17215587, ['name']="ManeatingHorne", ['index']=99, ['level']=4},
    [17215588] = {['id']=17215588, ['name']="StoneEater", ['index']=100, ['level']=3},
    [17215595] = {['id']=17215595, ['name']="Fledermaus", ['index']=107, ['level']=3},
    [17215589] = {['id']=17215589, ['name']="OrnerySheep", ['index']=101, ['level']=6},
    [17215590] = {['id']=17215590, ['name']="OrnerySheep", ['index']=102, ['level']=6},
    [17215572] = {['id']=17215572, ['name']="DingBats", ['index']=84, ['level']=3},
    [17215573] = {['id']=17215573, ['name']="Fledermaus", ['index']=85, ['level']=4},
    [17215606] = {['id']=17215606, ['name']="Fledermaus", ['index']=118, ['level']=4},
    [17215687] = {['id']=17215687, ['name']="RockLizard", ['index']=199, ['level']=4},
    [17215635] = {['id']=17215635, ['name']="ManeatingHorne", ['index']=147, ['level']=5},
    [17215642] = {['id']=17215642, ['name']="Fledermaus", ['index']=154, ['level']=4},
    [17215604] = {['id']=17215604, ['name']="DingBats", ['index']=116, ['level']=2},
    [17215639] = {['id']=17215639, ['name']="GoblinThug", ['index']=151, ['level']=6},
    [17215637] = {['id']=17215637, ['name']="StoneEater", ['index']=149, ['level']=5},
    [17215638] = {['id']=17215638, ['name']="OrnerySheep", ['index']=150, ['level']=7},
    [17215636] = {['id']=17215636, ['name']="StoneEater", ['index']=148, ['level']=5},
    [17215634] = {['id']=17215634, ['name']="ManeatingHorne", ['index']=146, ['level']=5},
    [17215611] = {['id']=17215611, ['name']="OrnerySheep", ['index']=123, ['level']=7},
    [17215615] = {['id']=17215615, ['name']="GoblinWeaver", ['index']=127, ['level']=7},
    [17215612] = {['id']=17215612, ['name']="OrnerySheep", ['index']=124, ['level']=7},
    [17215617] = {['id']=17215617, ['name']="Fledermaus", ['index']=129, ['level']=5},
    [17215610] = {['id']=17215610, ['name']="StoneEater", ['index']=122, ['level']=4},
    [17215608] = {['id']=17215608, ['name']="ManeatingHorne", ['index']=120, ['level']=5},
    [17215609] = {['id']=17215609, ['name']="ManeatingHorne", ['index']=121, ['level']=5},
    [17215614] = {['id']=17215614, ['name']="GoblinThug", ['index']=126, ['level']=7},
    [17215628] = {['id']=17215628, ['name']="GoblinWeaver", ['index']=140, ['level']=7},
    [17215625] = {['id']=17215625, ['name']="OrnerySheep", ['index']=137, ['level']=8},
    [17215629] = {['id']=17215629, ['name']="DingBats", ['index']=141, ['level']=3},
    [17215627] = {['id']=17215627, ['name']="GoblinThug", ['index']=139, ['level']=6},
    [17215648] = {['id']=17215648, ['name']="OrnerySheep", ['index']=160, ['level']=7},
    [17215649] = {['id']=17215649, ['name']="OrnerySheep", ['index']=161, ['level']=7},
    [17215621] = {['id']=17215621, ['name']="ManeatingHorne", ['index']=133, ['level']=5},
    [17215623] = {['id']=17215623, ['name']="StoneEater", ['index']=135, ['level']=4},
    [17215624] = {['id']=17215624, ['name']="OrnerySheep", ['index']=136, ['level']=7},
    [17215534] = {['id']=17215534, ['name']="DingBats", ['index']=46, ['level']=1},
    [17215533] = {['id']=17215533, ['name']="DingBats", ['index']=45, ['level']=1},
    [17215522] = {['id']=17215522, ['name']="DingBats", ['index']=34, ['level']=1},
    [17215761] = {['id']=17215761, ['name']="Shrapnel", ['index']=273, ['level']=8},
    [17215828] = {['id']=17215828, ['name']="WalkingSapling", ['index']=340, ['level']=4},
    [17215835] = {['id']=17215835, ['name']="WalkingSapling", ['index']=347, ['level']=4},
    [17215815] = {['id']=17215815, ['name']="Vulture", ['index']=327, ['level']=6},
    [17215690] = {['id']=17215690, ['name']="Vulture", ['index']=202, ['level']=4},
    [17215681] = {['id']=17215681, ['name']="StoneEater", ['index']=193, ['level']=3},
    [17215689] = {['id']=17215689, ['name']="WalkingSapling", ['index']=201, ['level']=3},
    [17215685] = {['id']=17215685, ['name']="StoneEater", ['index']=197, ['level']=3},
    [17215688] = {['id']=17215688, ['name']="WalkingSapling", ['index']=200, ['level']=4},
    [17215686] = {['id']=17215686, ['name']="RockLizard", ['index']=198, ['level']=5},
    [17215696] = {['id']=17215696, ['name']="YoungQuadav", ['index']=208, ['level']=3},
    [17215697] = {['id']=17215697, ['name']="AmethystQuadav", ['index']=209, ['level']=4},
    [17215698] = {['id']=17215698, ['name']="AmberQuadav", ['index']=210, ['level']=4},
    [17215680] = {['id']=17215680, ['name']="StoneEater", ['index']=192, ['level']=3},
    [17215683] = {['id']=17215683, ['name']="StoneEater", ['index']=195, ['level']=3},
    [17215684] = {['id']=17215684, ['name']="StoneEater", ['index']=196, ['level']=2},
    [17215678] = {['id']=17215678, ['name']="YoungQuadav", ['index']=190, ['level']=4},
    [17215545] = {['id']=17215545, ['name']="TunnelWorm", ['index']=57, ['level']=1},
    [17215544] = {['id']=17215544, ['name']="TunnelWorm", ['index']=56, ['level']=1},
    [17215543] = {['id']=17215543, ['name']="TunnelWorm", ['index']=55, ['level']=1},
    [17215539] = {['id']=17215539, ['name']="HugeHornet", ['index']=51, ['level']=1},
    [17215542] = {['id']=17215542, ['name']="HugeHornet", ['index']=54, ['level']=1},
    [17215546] = {['id']=17215546, ['name']="DingBats", ['index']=58, ['level']=1},
    [17215691] = {['id']=17215691, ['name']="Vulture", ['index']=203, ['level']=4},
    [17215682] = {['id']=17215682, ['name']="StoneEater", ['index']=194, ['level']=2},
    [17215679] = {['id']=17215679, ['name']="StoneEater", ['index']=191, ['level']=3},
    [17215778] = {['id']=17215778, ['name']="Tococo", ['index']=290, ['level']=5},
    [17215765] = {['id']=17215765, ['name']="RockLizard", ['index']=277, ['level']=6},
    [17215664] = {['id']=17215664, ['name']="StoneEater", ['index']=176, ['level']=3},
    [17215770] = {['id']=17215770, ['name']="WalkingSapling", ['index']=282, ['level']=4},
    [17215769] = {['id']=17215769, ['name']="WalkingSapling", ['index']=281, ['level']=4},
    [17215762] = {['id']=17215762, ['name']="StoneEater", ['index']=274, ['level']=4},
    [17215775] = {['id']=17215775, ['name']="AmethystQuadav", ['index']=287, ['level']=7},
    [17215772] = {['id']=17215772, ['name']="Vulture", ['index']=284, ['level']=4},
    [17215773] = {['id']=17215773, ['name']="Vulture", ['index']=285, ['level']=4},
    [17215763] = {['id']=17215763, ['name']="StoneEater", ['index']=275, ['level']=4},
    [17215768] = {['id']=17215768, ['name']="WalkingSapling", ['index']=280, ['level']=5},
    [17215764] = {['id']=17215764, ['name']="RockLizard", ['index']=276, ['level']=6},
    [17215767] = {['id']=17215767, ['name']="WalkingSapling", ['index']=279, ['level']=5},
    [17215766] = {['id']=17215766, ['name']="WalkingSapling", ['index']=278, ['level']=4},
    [17215776] = {['id']=17215776, ['name']="AmberQuadav", ['index']=288, ['level']=7},
    [17215777] = {['id']=17215777, ['name']="EnchantedBones", ['index']=289, ['level']=6},
    [17215771] = {['id']=17215771, ['name']="WalkingSapling", ['index']=283, ['level']=5},
    [17215799] = {['id']=17215799, ['name']="Vulture", ['index']=311, ['level']=5},
    [17215794] = {['id']=17215794, ['name']="WalkingSapling", ['index']=306, ['level']=5},
    [17215797] = {['id']=17215797, ['name']="Vulture", ['index']=309, ['level']=5},
    [17215800] = {['id']=17215800, ['name']="Vulture", ['index']=312, ['level']=5},
    [17215796] = {['id']=17215796, ['name']="Vulture", ['index']=308, ['level']=5},
    [17215811] = {['id']=17215811, ['name']="WalkingSapling", ['index']=323, ['level']=5},
    [17215817] = {['id']=17215817, ['name']="Vulture", ['index']=329, ['level']=5},
    [17215810] = {['id']=17215810, ['name']="RockLizard", ['index']=322, ['level']=5},
    [17215821] = {['id']=17215821, ['name']="AmberQuadav", ['index']=333, ['level']=6},
    [17215802] = {['id']=17215802, ['name']="YoungQuadav", ['index']=314, ['level']=6},
    [17215798] = {['id']=17215798, ['name']="Vulture", ['index']=310, ['level']=5},
    [17215793] = {['id']=17215793, ['name']="RockLizard", ['index']=305, ['level']=6},
    [17215803] = {['id']=17215803, ['name']="YoungQuadav", ['index']=315, ['level']=6},
    [17215816] = {['id']=17215816, ['name']="Vulture", ['index']=328, ['level']=5},
    [17215820] = {['id']=17215820, ['name']="YoungQuadav", ['index']=332, ['level']=6},
    [17215809] = {['id']=17215809, ['name']="RockLizard", ['index']=321, ['level']=5},
    [17215813] = {['id']=17215813, ['name']="Vulture", ['index']=325, ['level']=6},
    [17215819] = {['id']=17215819, ['name']="YoungQuadav", ['index']=331, ['level']=7},
    [17215812] = {['id']=17215812, ['name']="WalkingSapling", ['index']=324, ['level']=4},
    [17215808] = {['id']=17215808, ['name']="StoneEater", ['index']=320, ['level']=4},
    [17215807] = {['id']=17215807, ['name']="StoneEater", ['index']=319, ['level']=4},
    [17215818] = {['id']=17215818, ['name']="Vulture", ['index']=330, ['level']=5},
    [17215814] = {['id']=17215814, ['name']="Vulture", ['index']=326, ['level']=6},
    [17215801] = {['id']=17215801, ['name']="Vulture", ['index']=313, ['level']=5},
    [17215795] = {['id']=17215795, ['name']="WalkingSapling", ['index']=307, ['level']=5},
    [17215790] = {['id']=17215790, ['name']="StoneEater", ['index']=302, ['level']=4},
    [17215791] = {['id']=17215791, ['name']="StoneEater", ['index']=303, ['level']=5},
    [17215804] = {['id']=17215804, ['name']="AmethystQuadav", ['index']=316, ['level']=6},
    [17215792] = {['id']=17215792, ['name']="RockLizard", ['index']=304, ['level']=5},
    [17215877] = {['id']=17215877, ['name']="AmberQuadav", ['index']=389, ['level']=8},
    [17215881] = {['id']=17215881, ['name']="AmethystQuadav", ['index']=393, ['level']=5},
    [17215874] = {['id']=17215874, ['name']="Vulture", ['index']=386, ['level']=6},
    [17215864] = {['id']=17215864, ['name']="RockLizard", ['index']=376, ['level']=7},
    [17215875] = {['id']=17215875, ['name']="YoungQuadav", ['index']=387, ['level']=7},
    [17215873] = {['id']=17215873, ['name']="Vulture", ['index']=385, ['level']=6},
    [17215872] = {['id']=17215872, ['name']="Vulture", ['index']=384, ['level']=7},
    [17215871] = {['id']=17215871, ['name']="WalkingSapling", ['index']=383, ['level']=5},
    [17215869] = {['id']=17215869, ['name']="WalkingSapling", ['index']=381, ['level']=6},
    [17215867] = {['id']=17215867, ['name']="RockLizard", ['index']=379, ['level']=7},
    [17215865] = {['id']=17215865, ['name']="RockLizard", ['index']=377, ['level']=8},
    [17215863] = {['id']=17215863, ['name']="RockLizard", ['index']=375, ['level']=8},
    [17215890] = {['id']=17215890, ['name']="WalkingSapling", ['index']=402, ['level']=6},
    [17215870] = {['id']=17215870, ['name']="WalkingSapling", ['index']=382, ['level']=6},
    [17215883] = {['id']=17215883, ['name']="RockLizard", ['index']=395, ['level']=8},
    [17215886] = {['id']=17215886, ['name']="RockLizard", ['index']=398, ['level']=7},
    [17215896] = {['id']=17215896, ['name']="YoungQuadav", ['index']=408, ['level']=8},
    [17215892] = {['id']=17215892, ['name']="Vulture", ['index']=404, ['level']=7},
    [17215891] = {['id']=17215891, ['name']="WalkingSapling", ['index']=403, ['level']=6},
    [17215884] = {['id']=17215884, ['name']="RockLizard", ['index']=396, ['level']=7},
    [17215887] = {['id']=17215887, ['name']="RockLizard", ['index']=399, ['level']=8},
    [17215894] = {['id']=17215894, ['name']="Vulture", ['index']=406, ['level']=7},
    [17215898] = {['id']=17215898, ['name']="EnchantedBones", ['index']=410, ['level']=7},
    [17215889] = {['id']=17215889, ['name']="WalkingSapling", ['index']=401, ['level']=6},
    [17215885] = {['id']=17215885, ['name']="RockLizard", ['index']=397, ['level']=7},
    [17215909] = {['id']=17215909, ['name']="Vulture", ['index']=421, ['level']=6},
    [17215901] = {['id']=17215901, ['name']="RockLizard", ['index']=413, ['level']=8},
    [17215893] = {['id']=17215893, ['name']="Vulture", ['index']=405, ['level']=7},
    [17215918] = {['id']=17215918, ['name']="ManeatingHorne", ['index']=430, ['level']=6},
    [17215897] = {['id']=17215897, ['name']="AmberQuadav", ['index']=409, ['level']=8},
    [17215866] = {['id']=17215866, ['name']="RockLizard", ['index']=378, ['level']=7},
    [17215924] = {['id']=17215924, ['name']="LandCrab", ['index']=436, ['level']=6},
    [17215929] = {['id']=17215929, ['name']="GoblinWeaver", ['index']=441, ['level']=8},
    [17215915] = {['id']=17215915, ['name']="ManeatingHorne", ['index']=427, ['level']=5},
    [17215917] = {['id']=17215917, ['name']="ManeatingHorne", ['index']=429, ['level']=6},
    [17215922] = {['id']=17215922, ['name']="LandCrab", ['index']=434, ['level']=6},
    [17215921] = {['id']=17215921, ['name']="LandCrab", ['index']=433, ['level']=7},
    [17215927] = {['id']=17215927, ['name']="LandCrab", ['index']=439, ['level']=6},
    [17215916] = {['id']=17215916, ['name']="ManeatingHorne", ['index']=428, ['level']=6},
    [17215926] = {['id']=17215926, ['name']="LandCrab", ['index']=438, ['level']=6},
    [17215920] = {['id']=17215920, ['name']="LandCrab", ['index']=432, ['level']=6},
    [17215914] = {['id']=17215914, ['name']="ManeatingHorne", ['index']=426, ['level']=6},
    [17215919] = {['id']=17215919, ['name']="ManeatingHorne", ['index']=431, ['level']=5},
    [17215928] = {['id']=17215928, ['name']="GoblinThug", ['index']=440, ['level']=8},
    [17215923] = {['id']=17215923, ['name']="LandCrab", ['index']=435, ['level']=7},
    [17215925] = {['id']=17215925, ['name']="LandCrab", ['index']=437, ['level']=6},
    [17215936] = {['id']=17215936, ['name']="ManeatingHorne", ['index']=448, ['level']=6},
    [17215934] = {['id']=17215934, ['name']="ManeatingHorne", ['index']=446, ['level']=6},
    [17215931] = {['id']=17215931, ['name']="ManeatingHorne", ['index']=443, ['level']=5},
    [17215938] = {['id']=17215938, ['name']="LandCrab", ['index']=450, ['level']=6},
    [17215935] = {['id']=17215935, ['name']="ManeatingHorne", ['index']=447, ['level']=5},
    [17215940] = {['id']=17215940, ['name']="LandCrab", ['index']=452, ['level']=7},
    [17215946] = {['id']=17215946, ['name']="GoblinWeaver", ['index']=458, ['level']=8},
    [17215942] = {['id']=17215942, ['name']="LandCrab", ['index']=454, ['level']=6},
    [17215939] = {['id']=17215939, ['name']="LandCrab", ['index']=451, ['level']=6},
    [17215944] = {['id']=17215944, ['name']="LandCrab", ['index']=456, ['level']=6},
    [17215945] = {['id']=17215945, ['name']="GoblinThug", ['index']=457, ['level']=7},
    [17215943] = {['id']=17215943, ['name']="LandCrab", ['index']=455, ['level']=6},
    [17216244] = {['id']=17216244, ['name']="FishEyes", ['index']=756, ['level']=0},
    [17215903] = {['id']=17215903, ['name']="RockLizard", ['index']=415, ['level']=8},
    [17215900] = {['id']=17215900, ['name']="RockLizard", ['index']=412, ['level']=8},
    [17215902] = {['id']=17215902, ['name']="RockLizard", ['index']=414, ['level']=8},
    [17215905] = {['id']=17215905, ['name']="WalkingSapling", ['index']=417, ['level']=5},
    [17215911] = {['id']=17215911, ['name']="YoungQuadav", ['index']=423, ['level']=7},
    [17215899] = {['id']=17215899, ['name']="RockLizard", ['index']=411, ['level']=7},
    [17215937] = {['id']=17215937, ['name']="LandCrab", ['index']=449, ['level']=6},
    [17215933] = {['id']=17215933, ['name']="ManeatingHorne", ['index']=445, ['level']=5},
    [17215941] = {['id']=17215941, ['name']="LandCrab", ['index']=453, ['level']=7},
    [17215932] = {['id']=17215932, ['name']="ManeatingHorne", ['index']=444, ['level']=6},
    [17215906] = {['id']=17215906, ['name']="WalkingSapling", ['index']=418, ['level']=6},
    [17215912] = {['id']=17215912, ['name']="AmethystQuadav", ['index']=424, ['level']=7},
    [17215907] = {['id']=17215907, ['name']="Vulture", ['index']=419, ['level']=6},
    [17215904] = {['id']=17215904, ['name']="WalkingSapling", ['index']=416, ['level']=5},
    [17215908] = {['id']=17215908, ['name']="Vulture", ['index']=420, ['level']=7},
    [17215895] = {['id']=17215895, ['name']="YoungQuadav", ['index']=407, ['level']=8},
    [17215910] = {['id']=17215910, ['name']="YoungQuadav", ['index']=422, ['level']=7},
    [17215913] = {['id']=17215913, ['name']="EnchantedBones", ['index']=425, ['level']=7},
    [17216128] = {['id']=17216128, ['name']="BoundingBelind", ['index']=640, ['level']=80},
