    [16883807] = {['id']=16883807, ['name']="Liphatte", ['index']=95, ['level']=0},
    [16883808] = {['id']=16883808, ['name']="IroncladGorill", ['index']=96, ['level']=0},
    [16883813] = {['id']=16883813, ['name']="Zadant", ['index']=101, ['level']=0},
    [16883830] = {['id']=16883830, ['name']="Dominec", ['index']=118, ['level']=0},
    [16883722] = {['id']=16883722, ['name']="Justinius", ['index']=10, ['level']=0},
    [16883723] = {['id']=16883723, ['name']="Tressia", ['index']=11, ['level']=0},
    [16883724] = {['id']=16883724, ['name']="Chemioue", ['index']=12, ['level']=0},
    [16883725] = {['id']=16883725, ['name']="Mengrenaux", ['index']=13, ['level']=0},
    [16883726] = {['id']=16883726, ['name']="Parelbriaux", ['index']=14, ['level']=0},
    [16883771] = {['id']=16883771, ['name']="Frescheque", ['index']=59, ['level']=0},
    [16883773] = {['id']=16883773, ['name']="Raminey", ['index']=61, ['level']=0},
    [16883776] = {['id']=16883776, ['name']="Leporaitceau", ['index']=64, ['level']=0},
    [16883777] = {['id']=16883777, ['name']="Anteurephiaux", ['index']=65, ['level']=0},
    [16883792] = {['id']=16883792, ['name']="Caiphimonride", ['index']=80, ['level']=0},
    [16883793] = {['id']=16883793, ['name']="Melleupaux", ['index']=81, ['level']=0},
    [16883811] = {['id']=16883811, ['name']="Guda", ['index']=99, ['level']=0},
    [16883815] = {['id']=16883815, ['name']="Tiruru", ['index']=103, ['level']=0},
    [16883816] = {['id']=16883816, ['name']="Yasuji", ['index']=104, ['level']=0},
    [16883817] = {['id']=16883817, ['name']="Risunela", ['index']=105, ['level']=0},
    [16883818] = {['id']=16883818, ['name']="Fouagine", ['index']=106, ['level']=0},
    [16883819] = {['id']=16883819, ['name']="Masis", ['index']=107, ['level']=0},
    [16883822] = {['id']=16883822, ['name']="Resauchamet", ['index']=110, ['level']=0},
    [16883829] = {['id']=16883829, ['name']="Nery", ['index']=117, ['level']=0},
    [16883836] = {['id']=16883836, ['name']="Yurim", ['index']=124, ['level']=0},
    [16883839] = {['id']=16883839, ['name']="Enaremand", ['index']=127, ['level']=0},
    [16883867] = {['id']=16883867, ['name']="Meret", ['index']=155, ['level']=0},
    [16883812] = {['id']=16883812, ['name']="Korbi-Marobi", ['index']=100, ['level']=0},
    [16883809] = {['id']=16883809, ['name']="Arquil", ['index']=97, ['level']=0},
    [16883814] = {['id']=16883814, ['name']="Geuselibel", ['index']=102, ['level']=0},
    [16883810] = {['id']=16883810, ['name']="Havillione", ['index']=98, ['level']=0},
    [16883766] = {['id']=16883766, ['name']="Odeya", ['index']=54, ['level']=0},
    [16883721] = {['id']=16883721, ['name']="Despachiaire", ['index']=9, ['level']=0},
