    [16928898] = {['id']=16928898, ['name']="EnhancedTiger", ['index']=130, ['level']=78},
    [16928899] = {['id']=16928899, ['name']="EnhancedTiger", ['index']=131, ['level']=78},
    [16928900] = {['id']=16928900, ['name']="EnhancedTiger", ['index']=132, ['level']=79},
    [16928901] = {['id']=16928901, ['name']="EnhancedTiger", ['index']=133, ['level']=79},
    [16928902] = {['id']=16928902, ['name']="EnhancedTiger", ['index']=134, ['level']=78},
    [16928904] = {['id']=16928904, ['name']="EnhancedTiger", ['index']=136, ['level']=79},
    [16928905] = {['id']=16928905, ['name']="EnhancedTiger", ['index']=137, ['level']=78},
    [16928906] = {['id']=16928906, ['name']="EnhancedTiger", ['index']=138, ['level']=79},
    [16928903] = {['id']=16928903, ['name']="EnhancedTiger", ['index']=135, ['level']=79},
    [16928910] = {['id']=16928910, ['name']="EnhancedMandra", ['index']=142, ['level']=80},
    [16928911] = {['id']=16928911, ['name']="EnhancedMandra", ['index']=143, ['level']=79},
    [16928912] = {['id']=16928912, ['name']="EnhancedMandra", ['index']=144, ['level']=80},
    [16928913] = {['id']=16928913, ['name']="EnhancedMandra", ['index']=145, ['level']=79},
    [16928914] = {['id']=16928914, ['name']="EnhancedMandra", ['index']=146, ['level']=79},
    [16928915] = {['id']=16928915, ['name']="EnhancedMandra", ['index']=147, ['level']=80},
    [16928916] = {['id']=16928916, ['name']="EnhancedMandra", ['index']=148, ['level']=79},
    [16928917] = {['id']=16928917, ['name']="EnhancedMandra", ['index']=149, ['level']=78},
    [16928918] = {['id']=16928918, ['name']="EnhancedMandra", ['index']=150, ['level']=80},
    [16928924] = {['id']=16928924, ['name']="EnhancedBeetle", ['index']=156, ['level']=79},
    [16928925] = {['id']=16928925, ['name']="EnhancedBeetle", ['index']=157, ['level']=79},
    [16928926] = {['id']=16928926, ['name']="EnhancedBeetle", ['index']=158, ['level']=80},
    [16928927] = {['id']=16928927, ['name']="EnhancedBeetle", ['index']=159, ['level']=79},
    [16928923] = {['id']=16928923, ['name']="EnhancedBeetle", ['index']=155, ['level']=79},
    [16928922] = {['id']=16928922, ['name']="EnhancedBeetle", ['index']=154, ['level']=79},
    [16928931] = {['id']=16928931, ['name']="EnhancedLizard", ['index']=163, ['level']=80},
    [16928932] = {['id']=16928932, ['name']="EnhancedLizard", ['index']=164, ['level']=80},
    [16928933] = {['id']=16928933, ['name']="EnhancedLizard", ['index']=165, ['level']=80},
    [16928934] = {['id']=16928934, ['name']="EnhancedLizard", ['index']=166, ['level']=79},
    [16928935] = {['id']=16928935, ['name']="EnhancedLizard", ['index']=167, ['level']=79},
    [16928936] = {['id']=16928936, ['name']="EnhancedLizard", ['index']=168, ['level']=79},
    [16928937] = {['id']=16928937, ['name']="EnhancedLizard", ['index']=169, ['level']=79},
    [16928938] = {['id']=16928938, ['name']="EnhancedLizard", ['index']=170, ['level']=80},
    [16928939] = {['id']=16928939, ['name']="EnhancedLizard", ['index']=171, ['level']=80},
    [16928943] = {['id']=16928943, ['name']="EnhancedSlime", ['index']=175, ['level']=80},
    [16928944] = {['id']=16928944, ['name']="EnhancedSlime", ['index']=176, ['level']=79},
    [16928945] = {['id']=16928945, ['name']="EnhancedSlime", ['index']=177, ['level']=79},
    [16928946] = {['id']=16928946, ['name']="EnhancedSlime", ['index']=178, ['level']=78},
    [16928947] = {['id']=16928947, ['name']="EnhancedSlime", ['index']=179, ['level']=80},
    [16928948] = {['id']=16928948, ['name']="EnhancedSlime", ['index']=180, ['level']=78},
    [16928952] = {['id']=16928952, ['name']="EnhancedPugil", ['index']=184, ['level']=78},
    [16928953] = {['id']=16928953, ['name']="EnhancedPugil", ['index']=185, ['level']=78},
    [16928954] = {['id']=16928954, ['name']="EnhancedPugil", ['index']=186, ['level']=80},
    [16928955] = {['id']=16928955, ['name']="EnhancedPugil", ['index']=187, ['level']=80},
    [16928956] = {['id']=16928956, ['name']="EnhancedPugil", ['index']=188, ['level']=80},
    [16928957] = {['id']=16928957, ['name']="EnhancedPugil", ['index']=189, ['level']=78},
    [16928959] = {['id']=16928959, ['name']="EnhancedVultur", ['index']=191, ['level']=78},
    [16928960] = {['id']=16928960, ['name']="EnhancedVultur", ['index']=192, ['level']=79},
    [16928961] = {['id']=16928961, ['name']="EnhancedVultur", ['index']=193, ['level']=79},
    [16928962] = {['id']=16928962, ['name']="EnhancedVultur", ['index']=194, ['level']=78},
    [16928963] = {['id']=16928963, ['name']="EnhancedVultur", ['index']=195, ['level']=80},
    [16928964] = {['id']=16928964, ['name']="EnhancedVultur", ['index']=196, ['level']=80},
    [16928840] = {['id']=16928840, ['name']="FireElemental", ['index']=72, ['level']=80},
    [16928841] = {['id']=16928841, ['name']="FireElemental", ['index']=73, ['level']=80},
    [16928843] = {['id']=16928843, ['name']="FireElemental", ['index']=75, ['level']=80},
    [16928842] = {['id']=16928842, ['name']="FireElemental", ['index']=74, ['level']=80},
    [16928849] = {['id']=16928849, ['name']="IceElemental", ['index']=81, ['level']=79},
    [16928850] = {['id']=16928850, ['name']="IceElemental", ['index']=82, ['level']=80},
    [16928852] = {['id']=16928852, ['name']="IceElemental", ['index']=84, ['level']=78},
    [16928851] = {['id']=16928851, ['name']="IceElemental", ['index']=83, ['level']=79},
    [16928860] = {['id']=16928860, ['name']="AirElemental", ['index']=92, ['level']=78},
    [16928861] = {['id']=16928861, ['name']="AirElemental", ['index']=93, ['level']=79},
    [16928859] = {['id']=16928859, ['name']="AirElemental", ['index']=91, ['level']=78},
    [16928858] = {['id']=16928858, ['name']="AirElemental", ['index']=90, ['level']=80},
    [16928862] = {['id']=16928862, ['name']="MysticAvatar", ['index']=94, ['level']=80},
    [16928867] = {['id']=16928867, ['name']="EarthElemental", ['index']=99, ['level']=78},
    [16928868] = {['id']=16928868, ['name']="EarthElemental", ['index']=100, ['level']=79},
    [16928869] = {['id']=16928869, ['name']="EarthElemental", ['index']=101, ['level']=78},
    [16928870] = {['id']=16928870, ['name']="EarthElemental", ['index']=102, ['level']=79},
    [16928877] = {['id']=16928877, ['name']="ThunderElement", ['index']=109, ['level']=80},
    [16928878] = {['id']=16928878, ['name']="ThunderElement", ['index']=110, ['level']=79},
    [16928879] = {['id']=16928879, ['name']="ThunderElement", ['index']=111, ['level']=79},
    [16928876] = {['id']=16928876, ['name']="ThunderElement", ['index']=108, ['level']=78},
    [16928885] = {['id']=16928885, ['name']="WaterElemental", ['index']=117, ['level']=78},
    [16928886] = {['id']=16928886, ['name']="WaterElemental", ['index']=118, ['level']=78},
    [16928888] = {['id']=16928888, ['name']="WaterElemental", ['index']=120, ['level']=80},
    [16928887] = {['id']=16928887, ['name']="WaterElemental", ['index']=119, ['level']=80},
    [16928892] = {['id']=16928892, ['name']="DarkElemental", ['index']=124, ['level']=79},
    [16928893] = {['id']=16928893, ['name']="DarkElemental", ['index']=125, ['level']=79},
    [16928773] = {['id']=16928773, ['name']="GoblinSlaughte", ['index']=5, ['level']=80},
    [16928776] = {['id']=16928776, ['name']="MoblinDustman", ['index']=8, ['level']=78},
    [16928777] = {['id']=16928777, ['name']="MoblinDustman", ['index']=9, ['level']=78},
    [16928774] = {['id']=16928774, ['name']="MoblinDustman", ['index']=6, ['level']=77},
    [16928775] = {['id']=16928775, ['name']="MoblinDustman", ['index']=7, ['level']=77},
    [16928772] = {['id']=16928772, ['name']="GoblinSlaughte", ['index']=4, ['level']=80},
    [16928781] = {['id']=16928781, ['name']="Skadi", ['index']=13, ['level']=78},
    [16928782] = {['id']=16928782, ['name']="Thrym", ['index']=14, ['level']=79},
    [16928783] = {['id']=16928783, ['name']="Beli", ['index']=15, ['level']=80},
    [16928784] = {['id']=16928784, ['name']="Kari", ['index']=16, ['level']=77},
    [16928788] = {['id']=16928788, ['name']="TelchinesBard", ['index']=20, ['level']=78},
    [16928789] = {['id']=16928789, ['name']="TelchinesWhite", ['index']=21, ['level']=78},
    [16928790] = {['id']=16928790, ['name']="TelchinesDrago", ['index']=22, ['level']=78},
    [16928792] = {['id']=16928792, ['name']="TelchinesMonk", ['index']=24, ['level']=77},
    [16928793] = {['id']=16928793, ['name']="TelchinesMonk", ['index']=25, ['level']=78},
    [16928791] = {['id']=16928791, ['name']="Telchines\'sWyv", ['index']=23, ['level']=74},
    [16928802] = {['id']=16928802, ['name']="KindredBlackM", ['index']=34, ['level']=78},
    [16928803] = {['id']=16928803, ['name']="KindredBlackM", ['index']=35, ['level']=78},
    [16928797] = {['id']=16928797, ['name']="KindredWarrior", ['index']=29, ['level']=78},
    [16928798] = {['id']=16928798, ['name']="KindredDarkKn", ['index']=30, ['level']=79},
    [16928799] = {['id']=16928799, ['name']="KindredSummone", ['index']=31, ['level']=79},
    [16928800] = {['id']=16928800, ['name']="Kindred\'sEleme", ['index']=32, ['level']=75},
    [16928804] = {['id']=16928804, ['name']="KindredBlackM", ['index']=36, ['level']=78},
    [16928805] = {['id']=16928805, ['name']="KindredBlackM", ['index']=37, ['level']=77},
    [16928809] = {['id']=16928809, ['name']="PraetorianGuar", ['index']=41, ['level']=80},
    [16928810] = {['id']=16928810, ['name']="PraetorianGuar", ['index']=42, ['level']=80},
    [16928812] = {['id']=16928812, ['name']="PraetorianGuar", ['index']=44, ['level']=78},
    [16928811] = {['id']=16928811, ['name']="PraetorianGuar", ['index']=43, ['level']=79},
    [16928816] = {['id']=16928816, ['name']="CryptonberryCh", ['index']=48, ['level']=79},
    [16928818] = {['id']=16928818, ['name']="CryptonberryAb", ['index']=50, ['level']=77},
    [16928819] = {['id']=16928819, ['name']="CryptonberryDe", ['index']=51, ['level']=78},
    [16928822] = {['id']=16928822, ['name']="CryptonberryAb", ['index']=54, ['level']=77},
    [16928823] = {['id']=16928823, ['name']="CryptonberryDe", ['index']=55, ['level']=78},
    [16928826] = {['id']=16928826, ['name']="CryptonberryAb", ['index']=58, ['level']=77},
    [16928827] = {['id']=16928827, ['name']="CryptonberryDe", ['index']=59, ['level']=77},
    [16928820] = {['id']=16928820, ['name']="Tonberry\'sElem", ['index']=52, ['level']=72},
    [16928817] = {['id']=16928817, ['name']="CryptonberrySk", ['index']=49, ['level']=78},
    [16928833] = {['id']=16928833, ['name']="GoblinTheurgis", ['index']=65, ['level']=80},
    [16928832] = {['id']=16928832, ['name']="GoblinFencer", ['index']=64, ['level']=79},
    [16928831] = {['id']=16928831, ['name']="GoblinWarlord", ['index']=63, ['level']=79},
    [16928834] = {['id']=16928834, ['name']="GoblinFencer", ['index']=66, ['level']=80},
    [16928835] = {['id']=16928835, ['name']="GoblinTheurgis", ['index']=67, ['level']=79},
    [16929046] = {['id']=16929046, ['name']="Airi", ['index']=278, ['level']=80},
    [16929047] = {['id']=16929047, ['name']="TemenosCleaner", ['index']=279, ['level']=80},
    [16929048] = {['id']=16929048, ['name']="Iruci", ['index']=280, ['level']=80},
    [16929051] = {['id']=16929051, ['name']="EnhancedAhrima", ['index']=283, ['level']=80},
    [16929050] = {['id']=16929050, ['name']="EnhancedDragon", ['index']=282, ['level']=80},
    [16929049] = {['id']=16929049, ['name']="TemenosWeapon", ['index']=281, ['level']=80},
    [16929030] = {['id']=16929030, ['name']="MysticAvatar", ['index']=262, ['level']=80},
    [16929031] = {['id']=16929031, ['name']="LightElemental", ['index']=263, ['level']=78},
    [16929032] = {['id']=16929032, ['name']="LightElemental", ['index']=264, ['level']=80},
    [16929033] = {['id']=16929033, ['name']="FireElemental", ['index']=265, ['level']=78},
    [16929038] = {['id']=16929038, ['name']="WaterElemental", ['index']=270, ['level']=79},
    [16929037] = {['id']=16929037, ['name']="ThunderElement", ['index']=269, ['level']=79},
    [16929035] = {['id']=16929035, ['name']="AirElemental", ['index']=267, ['level']=79},
    [16929034] = {['id']=16929034, ['name']="IceElemental", ['index']=266, ['level']=79},
    [16929036] = {['id']=16929036, ['name']="EarthElemental", ['index']=268, ['level']=80},
    [16929040] = {['id']=16929040, ['name']="MysticAvatar", ['index']=272, ['level']=78},
    [16929042] = {['id']=16929042, ['name']="MysticAvatar", ['index']=274, ['level']=80},
    [16929010] = {['id']=16929010, ['name']="GrognardMesmer", ['index']=242, ['level']=78},
    [16929011] = {['id']=16929011, ['name']="GrognardFootso", ['index']=243, ['level']=77},
    [16929012] = {['id']=16929012, ['name']="GrognardPredat", ['index']=244, ['level']=78},
    [16929017] = {['id']=16929017, ['name']="StarRubyQuada", ['index']=249, ['level']=77},
    [16929018] = {['id']=16929018, ['name']="FossilQuadav", ['index']=250, ['level']=78},
    [16929019] = {['id']=16929019, ['name']="WhitegoldQuada", ['index']=251, ['level']=77},
    [16929025] = {['id']=16929025, ['name']="YagudoKapellme", ['index']=257, ['level']=77},
    [16929023] = {['id']=16929023, ['name']="YagudoArchprie", ['index']=255, ['level']=77},
    [16929024] = {['id']=16929024, ['name']="YagudoDiscipli", ['index']=256, ['level']=77},
    [16929007] = {['id']=16929007, ['name']="PeeQohothePy", ['index']=239, ['level']=81},
    [16929005] = {['id']=16929005, ['name']="AbyssdwellerJh", ['index']=237, ['level']=80},
    [16929006] = {['id']=16929006, ['name']="OrichalcumQuad", ['index']=238, ['level']=81},
    [16929008] = {['id']=16929008, ['name']="Yagudo\'sElemen", ['index']=240, ['level']=76},
    [16929021] = {['id']=16929021, ['name']="StarSapphireQ", ['index']=253, ['level']=77},
    [16929028] = {['id']=16929028, ['name']="YagudoEradicat", ['index']=260, ['level']=78},
    [16929020] = {['id']=16929020, ['name']="WootzQuadav", ['index']=252, ['level']=77},
    [16929027] = {['id']=16929027, ['name']="YagudoPrelates", ['index']=259, ['level']=77},
    [16929022] = {['id']=16929022, ['name']="LightsteelQuad", ['index']=254, ['level']=78},
    [16929026] = {['id']=16929026, ['name']="YagudoKnightT", ['index']=258, ['level']=77},
    [16929014] = {['id']=16929014, ['name']="GrognardGrappl", ['index']=246, ['level']=77},
    [16929015] = {['id']=16929015, ['name']="GrognardImpale", ['index']=247, ['level']=78},
    [16929013] = {['id']=16929013, ['name']="GrognardNeckch", ['index']=245, ['level']=77},
    [16929016] = {['id']=16929016, ['name']="Orc\'sWyvern", ['index']=248, ['level']=74},
    [16928995] = {['id']=16928995, ['name']="MysticAvatar", ['index']=227, ['level']=79},
    [16928987] = {['id']=16928987, ['name']="Ji\'GhoAgeless", ['index']=219, ['level']=79},
    [16929002] = {['id']=16929002, ['name']="EnhancedMakara", ['index']=234, ['level']=80},
    [16928966] = {['id']=16928966, ['name']="Proto-Ultima", ['index']=198, ['level']=85},
    [16929053] = {['id']=16929053, ['name']="TemenosAern", ['index']=285, ['level']=81},
    [16929054] = {['id']=16929054, ['name']="TemenosAern", ['index']=286, ['level']=81},
    [16929058] = {['id']=16929058, ['name']="TemenosAern", ['index']=290, ['level']=81},
    [16929060] = {['id']=16929060, ['name']="TemenosAern", ['index']=292, ['level']=82},
    [16929061] = {['id']=16929061, ['name']="TemenosAern", ['index']=293, ['level']=82},
    [16929062] = {['id']=16929062, ['name']="TemenosAern", ['index']=294, ['level']=81},
    [16929078] = {['id']=16929078, ['name']="TemenosAern", ['index']=310, ['level']=82},
    [16929079] = {['id']=16929079, ['name']="TemenosAern", ['index']=311, ['level']=82},
    [16929082] = {['id']=16929082, ['name']="TemenosAern", ['index']=314, ['level']=82},
    [16929077] = {['id']=16929077, ['name']="TemenosAern", ['index']=309, ['level']=81},
    [16929059] = {['id']=16929059, ['name']="Aern\'sEuvhi", ['index']=291, ['level']=80},
    [16929063] = {['id']=16929063, ['name']="TemenosAern", ['index']=295, ['level']=82},
    [16929064] = {['id']=16929064, ['name']="TemenosAern", ['index']=296, ['level']=81},
    [16929072] = {['id']=16929072, ['name']="TemenosAern", ['index']=304, ['level']=82},
    [16929071] = {['id']=16929071, ['name']="TemenosAern", ['index']=303, ['level']=81},
    [16929069] = {['id']=16929069, ['name']="TemenosAern", ['index']=301, ['level']=81},
    [16929070] = {['id']=16929070, ['name']="Aern\'sWynav", ['index']=302, ['level']=80},
    [16929085] = {['id']=16929085, ['name']="TemenosAern", ['index']=317, ['level']=82},
    [16929086] = {['id']=16929086, ['name']="TemenosAern", ['index']=318, ['level']=82},
    [16929083] = {['id']=16929083, ['name']="TemenosAern", ['index']=315, ['level']=81},
    [16929084] = {['id']=16929084, ['name']="TemenosAern", ['index']=316, ['level']=82},
    [16929087] = {['id']=16929087, ['name']="TemenosAern", ['index']=319, ['level']=82},
    [16929075] = {['id']=16929075, ['name']="TemenosAern", ['index']=307, ['level']=82},
    [16929076] = {['id']=16929076, ['name']="TemenosAern", ['index']=308, ['level']=82},
    [16929073] = {['id']=16929073, ['name']="TemenosAern", ['index']=305, ['level']=82},
    [16929066] = {['id']=16929066, ['name']="TemenosAern", ['index']=298, ['level']=81},
    [16929065] = {['id']=16929065, ['name']="TemenosAern", ['index']=297, ['level']=82},
    [16929074] = {['id']=16929074, ['name']="Aern\'sEuvhi", ['index']=306, ['level']=80},
    [16929055] = {['id']=16929055, ['name']="TemenosAern", ['index']=287, ['level']=82},
    [16929057] = {['id']=16929057, ['name']="TemenosAern", ['index']=289, ['level']=82},
    [16929056] = {['id']=16929056, ['name']="Aern\'sWynav", ['index']=288, ['level']=80},
    [16929080] = {['id']=16929080, ['name']="Aern\'sElementa", ['index']=312, ['level']=80},
    [16929088] = {['id']=16929088, ['name']="TemenosGhrah", ['index']=320, ['level']=82},
    [16929090] = {['id']=16929090, ['name']="TemenosAern", ['index']=322, ['level']=102},
    [16929091] = {['id']=16929091, ['name']="TemenosAern", ['index']=323, ['level']=101},
    [16929092] = {['id']=16929092, ['name']="TemenosAern", ['index']=324, ['level']=101},
    [16929093] = {['id']=16929093, ['name']="TemenosAern", ['index']=325, ['level']=102},
    [16929094] = {['id']=16929094, ['name']="TemenosAern", ['index']=326, ['level']=102},
    [16929095] = {['id']=16929095, ['name']="TemenosAern", ['index']=327, ['level']=102},
    [16929120] = {['id']=16929120, ['name']="TemenosEuvhi", ['index']=352, ['level']=102},
    [16929121] = {['id']=16929121, ['name']="TemenosEuvhi", ['index']=353, ['level']=103},
    [16929122] = {['id']=16929122, ['name']="TemenosEuvhi", ['index']=354, ['level']=103},
    [16929123] = {['id']=16929123, ['name']="TemenosEuvhi", ['index']=355, ['level']=102},
    [16929119] = {['id']=16929119, ['name']="TemenosEuvhi", ['index']=351, ['level']=103},
    [16929124] = {['id']=16929124, ['name']="TemenosEuvhi", ['index']=356, ['level']=102},
    [16929125] = {['id']=16929125, ['name']="TemenosEuvhi", ['index']=357, ['level']=103},
    [16929126] = {['id']=16929126, ['name']="TemenosEuvhi", ['index']=358, ['level']=102},
    [16929127] = {['id']=16929127, ['name']="Thalesek", ['index']=359, ['level']=105},
    [16929133] = {['id']=16929133, ['name']="Pyrrha", ['index']=365, ['level']=108},
    [16929144] = {['id']=16929144, ['name']="TemenosGhrah", ['index']=376, ['level']=105},
    [16929151] = {['id']=16929151, ['name']="TemenosGhrah", ['index']=383, ['level']=106},
    [16929155] = {['id']=16929155, ['name']="TemenosGhrah", ['index']=387, ['level']=105},
    [16929118] = {['id']=16929118, ['name']="TemenosEuvhi", ['index']=350, ['level']=103},
    [16929117] = {['id']=16929117, ['name']="TemenosEuvhi", ['index']=349, ['level']=103},
    [16929098] = {['id']=16929098, ['name']="TemenosAern", ['index']=330, ['level']=101},
    [16929100] = {['id']=16929100, ['name']="TemenosAern", ['index']=332, ['level']=102},
    [16929104] = {['id']=16929104, ['name']="TemenosAern", ['index']=336, ['level']=101},
    [16929106] = {['id']=16929106, ['name']="TemenosAern", ['index']=338, ['level']=101},
    [16929105] = {['id']=16929105, ['name']="TemenosAern", ['index']=337, ['level']=101},
    [16929099] = {['id']=16929099, ['name']="Aern\'sWynav", ['index']=331, ['level']=100},
    [16929110] = {['id']=16929110, ['name']="TemenosAern", ['index']=342, ['level']=102},
    [16929113] = {['id']=16929113, ['name']="TemenosAern", ['index']=345, ['level']=101},
    [16929111] = {['id']=16929111, ['name']="TemenosAern", ['index']=343, ['level']=102},
    [16929112] = {['id']=16929112, ['name']="TemenosAern", ['index']=344, ['level']=101},
    [16929108] = {['id']=16929108, ['name']="TemenosAern", ['index']=340, ['level']=101},
    [16929109] = {['id']=16929109, ['name']="TemenosAern", ['index']=341, ['level']=101},
    [16929107] = {['id']=16929107, ['name']="TemenosAern", ['index']=339, ['level']=101},
    [16929103] = {['id']=16929103, ['name']="TemenosAern", ['index']=335, ['level']=101},
    [16929101] = {['id']=16929101, ['name']="TemenosAern", ['index']=333, ['level']=102},
    [16929102] = {['id']=16929102, ['name']="Aern\'sWynav", ['index']=334, ['level']=100},
    [16929096] = {['id']=16929096, ['name']="TemenosAern", ['index']=328, ['level']=102},
    [16929097] = {['id']=16929097, ['name']="TemenosAern", ['index']=329, ['level']=102},
    [16929162] = {['id']=16929162, ['name']="Arch-Ultima", ['index']=394, ['level']=109},
