    [17068527] = {['id']=17068527, ['name']="Zandjarl", ['index']=495, ['level']=0},
    [17068528] = {['id']=17068528, ['name']="Walzharn", ['index']=496, ['level']=0},
    [17068529] = {['id']=17068529, ['name']="Hamgahn", ['index']=497, ['level']=0},
    [17068536] = {['id']=17068536, ['name']="Garawham", ['index']=504, ['level']=0},
    [17068537] = {['id']=17068537, ['name']="BeboJhatabia", ['index']=505, ['level']=0},
    [17068544] = {['id']=17068544, ['name']="Kanawawa", ['index']=512, ['level']=0},
    [17068549] = {['id']=17068549, ['name']="Kaheema", ['index']=517, ['level']=0},
    [17068550] = {['id']=17068550, ['name']="Abhrem", ['index']=518, ['level']=0},
    [17068551] = {['id']=17068551, ['name']="Kadjayhal", ['index']=519, ['level']=0},
    [17068553] = {['id']=17068553, ['name']="Rayeewa", ['index']=521, ['level']=0},
    [17068538] = {['id']=17068538, ['name']="Ghasherd", ['index']=506, ['level']=0},
    [17068533] = {['id']=17068533, ['name']="Sazahlam", ['index']=501, ['level']=0},
    [17068530] = {['id']=17068530, ['name']="Djiahlm", ['index']=498, ['level']=0},
    [17068532] = {['id']=17068532, ['name']="Zhayard", ['index']=500, ['level']=0},
    [17068452] = {['id']=17068452, ['name']="PihkKhalatikal", ['index']=420, ['level']=0},
    [17068450] = {['id']=17068450, ['name']="Doel-Demiel", ['index']=418, ['level']=0},
    [17068541] = {['id']=17068541, ['name']="SacoAlyahka", ['index']=509, ['level']=0},
    [17068540] = {['id']=17068540, ['name']="Rhamurya", ['index']=508, ['level']=0},
    [17068557] = {['id']=17068557, ['name']="Tadeewa", ['index']=525, ['level']=0},
    [17068558] = {['id']=17068558, ['name']="Biwhal", ['index']=526, ['level']=0},
    [17068559] = {['id']=17068559, ['name']="Wharoub", ['index']=527, ['level']=0},
    [17068546] = {['id']=17068546, ['name']="Nalpupu", ['index']=514, ['level']=0},
    [17068562] = {['id']=17068562, ['name']="Whashai", ['index']=530, ['level']=0},
    [17068563] = {['id']=17068563, ['name']="Zhashdi", ['index']=531, ['level']=0},
    [17068542] = {['id']=17068542, ['name']="Yassham", ['index']=510, ['level']=0},
    [17068547] = {['id']=17068547, ['name']="Niwawa", ['index']=515, ['level']=0},
    [17068534] = {['id']=17068534, ['name']="Ghadjuyan", ['index']=502, ['level']=0},
    [17068453] = {['id']=17068453, ['name']="Juvenal", ['index']=421, ['level']=0},
    [17068535] = {['id']=17068535, ['name']="Habhayam", ['index']=503, ['level']=0},
    [17068543] = {['id']=17068543, ['name']="VykiParabuji", ['index']=511, ['level']=0},
    [17068561] = {['id']=17068561, ['name']="Salyadh", ['index']=529, ['level']=0},
    [17068531] = {['id']=17068531, ['name']="Wahrouzam", ['index']=499, ['level']=0},
    [17068451] = {['id']=17068451, ['name']="FlappingGums", ['index']=419, ['level']=0},
    [17068539] = {['id']=17068539, ['name']="MasyaRhaliduva", ['index']=507, ['level']=0},
    [17068554] = {['id']=17068554, ['name']="Idjham", ['index']=522, ['level']=0},
    [17068555] = {['id']=17068555, ['name']="Ghalizham", ['index']=523, ['level']=0},
    [17068545] = {['id']=17068545, ['name']="Kumumu", ['index']=513, ['level']=0},
