    [17576432] = {['id']=17576432, ['name']="GroundsTome", ['index']=496, ['level']=0},
    [17576024] = {['id']=17576024, ['name']="Mummy", ['index']=88, ['level']=52},
    [17576019] = {['id']=17576019, ['name']="HellHound", ['index']=83, ['level']=47},
    [17576023] = {['id']=17576023, ['name']="Mummy", ['index']=87, ['level']=51},
    [17576020] = {['id']=17576020, ['name']="Mummy", ['index']=84, ['level']=50},
    [17576022] = {['id']=17576022, ['name']="Lich", ['index']=86, ['level']=53},
    [17576021] = {['id']=17576021, ['name']="Mummy", ['index']=85, ['level']=50},
    [17576030] = {['id']=17576030, ['name']="HellHound", ['index']=94, ['level']=48},
    [17576018] = {['id']=17576018, ['name']="HellHound", ['index']=82, ['level']=48},
    [17576027] = {['id']=17576027, ['name']="Mummy", ['index']=91, ['level']=50},
    [17576028] = {['id']=17576028, ['name']="Lich", ['index']=92, ['level']=51},
    [17576026] = {['id']=17576026, ['name']="Mummy", ['index']=90, ['level']=51},
    [17576033] = {['id']=17576033, ['name']="BloodSoul", ['index']=97, ['level']=52},
    [17576031] = {['id']=17576031, ['name']="BloodSoul", ['index']=95, ['level']=52},
    [17576032] = {['id']=17576032, ['name']="BloodSoul", ['index']=96, ['level']=50},
    [17576034] = {['id']=17576034, ['name']="Ka", ['index']=98, ['level']=53},
    [17576039] = {['id']=17576039, ['name']="Mummy", ['index']=103, ['level']=51},
    [17576038] = {['id']=17576038, ['name']="Mummy", ['index']=102, ['level']=50},
    [17576036] = {['id']=17576036, ['name']="Ka", ['index']=100, ['level']=54},
    [17576052] = {['id']=17576052, ['name']="TombWolf", ['index']=116, ['level']=54},
    [17576050] = {['id']=17576050, ['name']="TombWolf", ['index']=114, ['level']=55},
    [17576053] = {['id']=17576053, ['name']="TombWolf", ['index']=117, ['level']=53},
    [17576051] = {['id']=17576051, ['name']="TombWolf", ['index']=115, ['level']=54},
    [17576055] = {['id']=17576055, ['name']="Utukku", ['index']=119, ['level']=55},
    [17576057] = {['id']=17576057, ['name']="Utukku", ['index']=121, ['level']=55},
    [17576058] = {['id']=17576058, ['name']="Utukku", ['index']=122, ['level']=57},
    [17576056] = {['id']=17576056, ['name']="Utukku", ['index']=120, ['level']=56},
    [17576047] = {['id']=17576047, ['name']="Mummy", ['index']=111, ['level']=52},
    [17576046] = {['id']=17576046, ['name']="Mummy", ['index']=110, ['level']=50},
    [17576045] = {['id']=17576045, ['name']="Ka", ['index']=109, ['level']=52},
    [17576042] = {['id']=17576042, ['name']="Ka", ['index']=106, ['level']=53},
    [17576091] = {['id']=17576091, ['name']="LostSoul", ['index']=155, ['level']=46},
    [17576092] = {['id']=17576092, ['name']="LostSoul", ['index']=156, ['level']=46},
    [17576093] = {['id']=17576093, ['name']="LostSoul", ['index']=157, ['level']=45},
    [17576094] = {['id']=17576094, ['name']="LostSoul", ['index']=158, ['level']=46},
    [17576095] = {['id']=17576095, ['name']="HellHound", ['index']=159, ['level']=47},
    [17576096] = {['id']=17576096, ['name']="Revenant", ['index']=160, ['level']=46},
    [17576097] = {['id']=17576097, ['name']="Revenant", ['index']=161, ['level']=45},
    [17576102] = {['id']=17576102, ['name']="HellHound", ['index']=166, ['level']=47},
    [17576103] = {['id']=17576103, ['name']="HellHound", ['index']=167, ['level']=47},
    [17576104] = {['id']=17576104, ['name']="HellHound", ['index']=168, ['level']=48},
    [17576429] = {['id']=17576429, ['name']="GroundsTome", ['index']=493, ['level']=0},
    [17576448] = {['id']=17576448, ['name']="SurvivalGuide", ['index']=512, ['level']=0},
    [17576098] = {['id']=17576098, ['name']="Revenant", ['index']=162, ['level']=46},
    [17576099] = {['id']=17576099, ['name']="HellHound", ['index']=163, ['level']=48},
    [17576100] = {['id']=17576100, ['name']="HellHound", ['index']=164, ['level']=47},
    [17576101] = {['id']=17576101, ['name']="HellHound", ['index']=165, ['level']=46},
    [17576140] = {['id']=17576140, ['name']="FallenKnight", ['index']=204, ['level']=55},
    [17576141] = {['id']=17576141, ['name']="Lich", ['index']=205, ['level']=54},
    [17576142] = {['id']=17576142, ['name']="Lich", ['index']=206, ['level']=54},
    [17576153] = {['id']=17576153, ['name']="TombWolf", ['index']=217, ['level']=55},
    [17576154] = {['id']=17576154, ['name']="TombWolf", ['index']=218, ['level']=54},
    [17576156] = {['id']=17576156, ['name']="EarthElemental", ['index']=220, ['level']=53},
    [17576161] = {['id']=17576161, ['name']="TombWolf", ['index']=225, ['level']=55},
    [17576137] = {['id']=17576137, ['name']="FallenKnight", ['index']=201, ['level']=55},
    [17576149] = {['id']=17576149, ['name']="Ka", ['index']=213, ['level']=52},
    [17576152] = {['id']=17576152, ['name']="Ka", ['index']=216, ['level']=53},
    [17576162] = {['id']=17576162, ['name']="TombWolf", ['index']=226, ['level']=53},
    [17576164] = {['id']=17576164, ['name']="EarthElemental", ['index']=228, ['level']=53},
    [17576165] = {['id']=17576165, ['name']="TombWolf", ['index']=229, ['level']=54},
    [17576166] = {['id']=17576166, ['name']="TombWolf", ['index']=230, ['level']=55},
    [17576169] = {['id']=17576169, ['name']="TombWolf", ['index']=233, ['level']=55},
    [17576136] = {['id']=17576136, ['name']="Azer", ['index']=200, ['level']=52},
    [17576138] = {['id']=17576138, ['name']="Lich", ['index']=202, ['level']=54},
    [17576134] = {['id']=17576134, ['name']="Azer", ['index']=198, ['level']=53},
    [17576157] = {['id']=17576157, ['name']="TombWolf", ['index']=221, ['level']=53},
    [17576158] = {['id']=17576158, ['name']="TombWolf", ['index']=222, ['level']=55},
    [17576126] = {['id']=17576126, ['name']="DarkStalker", ['index']=190, ['level']=58},
    [17576128] = {['id']=17576128, ['name']="DarkStalker", ['index']=192, ['level']=59},
    [17576130] = {['id']=17576130, ['name']="Utukku", ['index']=194, ['level']=57},
    [17576131] = {['id']=17576131, ['name']="Utukku", ['index']=195, ['level']=56},
    [17576132] = {['id']=17576132, ['name']="Utukku", ['index']=196, ['level']=55},
    [17576135] = {['id']=17576135, ['name']="Azer", ['index']=199, ['level']=53},
    [17576144] = {['id']=17576144, ['name']="FallenKnight", ['index']=208, ['level']=55},
    [17576146] = {['id']=17576146, ['name']="FallenKnight", ['index']=210, ['level']=55},
    [17576147] = {['id']=17576147, ['name']="FallenKnight", ['index']=211, ['level']=55},
    [17576148] = {['id']=17576148, ['name']="Lich", ['index']=212, ['level']=54},
    [17576172] = {['id']=17576172, ['name']="TombWolf", ['index']=236, ['level']=54},
    [17576143] = {['id']=17576143, ['name']="FallenKnight", ['index']=207, ['level']=54},
    [17576170] = {['id']=17576170, ['name']="TombWolf", ['index']=234, ['level']=54},
    [17576171] = {['id']=17576171, ['name']="TombWolf", ['index']=235, ['level']=53},
    [17576121] = {['id']=17576121, ['name']="Ka", ['index']=185, ['level']=54},
    [17576123] = {['id']=17576123, ['name']="BloodSoul", ['index']=187, ['level']=52},
    [17576173] = {['id']=17576173, ['name']="TombWolf", ['index']=237, ['level']=53},
    [17576139] = {['id']=17576139, ['name']="Lich", ['index']=203, ['level']=54},
    [17576145] = {['id']=17576145, ['name']="Lich", ['index']=209, ['level']=54},
    [17576174] = {['id']=17576174, ['name']="TombWolf", ['index']=238, ['level']=54},
    [17576122] = {['id']=17576122, ['name']="Ka", ['index']=186, ['level']=53},
    [17576106] = {['id']=17576106, ['name']="Ka", ['index']=170, ['level']=53},
    [17576110] = {['id']=17576110, ['name']="BloodSoul", ['index']=174, ['level']=52},
    [17576111] = {['id']=17576111, ['name']="BloodSoul", ['index']=175, ['level']=51},
    [17576109] = {['id']=17576109, ['name']="BloodSoul", ['index']=173, ['level']=51},
    [17576105] = {['id']=17576105, ['name']="Ka", ['index']=169, ['level']=52},
    [17576133] = {['id']=17576133, ['name']="Azer", ['index']=197, ['level']=53},
    [17575972] = {['id']=17575972, ['name']="LostSoul", ['index']=36, ['level']=43},
    [17575975] = {['id']=17575975, ['name']="Marchosias", ['index']=39, ['level']=43},
    [17575976] = {['id']=17575976, ['name']="Marchosias", ['index']=40, ['level']=42},
    [17575977] = {['id']=17575977, ['name']="Marchosias", ['index']=41, ['level']=42},
    [17576225] = {['id']=17576225, ['name']="Spriggan", ['index']=289, ['level']=66},
    [17576227] = {['id']=17576227, ['name']="Spriggan", ['index']=291, ['level']=65},
    [17576229] = {['id']=17576229, ['name']="Haunt", ['index']=293, ['level']=64},
    [17576230] = {['id']=17576230, ['name']="Haunt", ['index']=294, ['level']=64},
    [17576231] = {['id']=17576231, ['name']="Haunt", ['index']=295, ['level']=63},
    [17576232] = {['id']=17576232, ['name']="TombWarrior", ['index']=296, ['level']=60},
    [17576233] = {['id']=17576233, ['name']="TombWarrior", ['index']=297, ['level']=61},
    [17576234] = {['id']=17576234, ['name']="TombMage", ['index']=298, ['level']=62},
    [17576235] = {['id']=17576235, ['name']="TombMage", ['index']=299, ['level']=60},
    [17575970] = {['id']=17575970, ['name']="LostSoul", ['index']=34, ['level']=43},
    [17575974] = {['id']=17575974, ['name']="Revenant", ['index']=38, ['level']=44},
    [17575973] = {['id']=17575973, ['name']="LostSoul", ['index']=37, ['level']=43},
    [17575971] = {['id']=17575971, ['name']="LostSoul", ['index']=35, ['level']=42},
    [17575969] = {['id']=17575969, ['name']="LostSoul", ['index']=33, ['level']=42},
    [17575968] = {['id']=17575968, ['name']="Marchosias", ['index']=32, ['level']=40},
    [17575967] = {['id']=17575967, ['name']="Marchosias", ['index']=31, ['level']=41},
    [17575980] = {['id']=17575980, ['name']="HellboundWarri", ['index']=44, ['level']=91},
    [17575983] = {['id']=17575983, ['name']="HellboundWarlo", ['index']=47, ['level']=91},
    [17575984] = {['id']=17575984, ['name']="HellboundWarri", ['index']=48, ['level']=93},
    [17576078] = {['id']=17576078, ['name']="NekrosHound", ['index']=142, ['level']=93},
    [17575985] = {['id']=17575985, ['name']="HellboundWarlo", ['index']=49, ['level']=91},
    [17575981] = {['id']=17575981, ['name']="HellboundWarlo", ['index']=45, ['level']=92},
    [17576076] = {['id']=17576076, ['name']="NekrosHound", ['index']=140, ['level']=93},
    [17575978] = {['id']=17575978, ['name']="HellboundWarri", ['index']=42, ['level']=93},
    [17576178] = {['id']=17576178, ['name']="TombWarrior", ['index']=242, ['level']=60},
    [17576179] = {['id']=17576179, ['name']="TombMage", ['index']=243, ['level']=62},
    [17576242] = {['id']=17576242, ['name']="LostSoul", ['index']=306, ['level']=45},
    [17576236] = {['id']=17576236, ['name']="Shade", ['index']=300, ['level']=46},
    [17576237] = {['id']=17576237, ['name']="Shade", ['index']=301, ['level']=48},
    [17576243] = {['id']=17576243, ['name']="LostSoul", ['index']=307, ['level']=45},
    [17576240] = {['id']=17576240, ['name']="LostSoul", ['index']=304, ['level']=46},
    [17575987] = {['id']=17575987, ['name']="Marchosias", ['index']=51, ['level']=41},
    [17575986] = {['id']=17575986, ['name']="Marchosias", ['index']=50, ['level']=40},
    [17576004] = {['id']=17576004, ['name']="Revenant", ['index']=68, ['level']=45},
    [17576006] = {['id']=17576006, ['name']="LostSoul", ['index']=70, ['level']=45},
    [17576003] = {['id']=17576003, ['name']="Revenant", ['index']=67, ['level']=47},
    [17576005] = {['id']=17576005, ['name']="LostSoul", ['index']=69, ['level']=46},
    [17575989] = {['id']=17575989, ['name']="LostSoul", ['index']=53, ['level']=45},
    [17575991] = {['id']=17575991, ['name']="LostSoul", ['index']=55, ['level']=45},
    [17575990] = {['id']=17575990, ['name']="LostSoul", ['index']=54, ['level']=46},
    [17575988] = {['id']=17575988, ['name']="LostSoul", ['index']=52, ['level']=45},
    [17575994] = {['id']=17575994, ['name']="HellHound", ['index']=58, ['level']=46},
    [17575992] = {['id']=17575992, ['name']="HellHound", ['index']=56, ['level']=47},
    [17576431] = {['id']=17576431, ['name']="GroundsTome", ['index']=495, ['level']=0},
    [17576007] = {['id']=17576007, ['name']="LostSoul", ['index']=71, ['level']=45},
    [17575993] = {['id']=17575993, ['name']="HellHound", ['index']=57, ['level']=46},
    [17576080] = {['id']=17576080, ['name']="NekrosHound", ['index']=144, ['level']=95},
    [17575999] = {['id']=17575999, ['name']="HellboundWarri", ['index']=63, ['level']=92},
    [17576086] = {['id']=17576086, ['name']="NekrosHound", ['index']=150, ['level']=95},
    [17575998] = {['id']=17575998, ['name']="HellboundWarlo", ['index']=62, ['level']=91},
    [17576001] = {['id']=17576001, ['name']="HellboundWarri", ['index']=65, ['level']=91},
    [17576002] = {['id']=17576002, ['name']="HellboundWarlo", ['index']=66, ['level']=93},
    [17575995] = {['id']=17575995, ['name']="HellboundWarri", ['index']=59, ['level']=93},
    [17575996] = {['id']=17575996, ['name']="HellboundWarlo", ['index']=60, ['level']=92},
    [17576262] = {['id']=17576262, ['name']="TombMage", ['index']=326, ['level']=62},
    [17576042] = {['id']=17576042, ['name']="Ka", ['index']=106, ['level']=52},
    [17576046] = {['id']=17576046, ['name']="Mummy", ['index']=110, ['level']=50},
    [17576047] = {['id']=17576047, ['name']="Mummy", ['index']=111, ['level']=50},
    [17576013] = {['id']=17576013, ['name']="Gazer", ['index']=77, ['level']=41},
    [17576012] = {['id']=17576012, ['name']="Gazer", ['index']=76, ['level']=42},
    [17576011] = {['id']=17576011, ['name']="Gazer", ['index']=75, ['level']=42},
    [17576009] = {['id']=17576009, ['name']="Gazer", ['index']=73, ['level']=41},
    [17576010] = {['id']=17576010, ['name']="Gazer", ['index']=74, ['level']=41},
    [17576016] = {['id']=17576016, ['name']="Puroboros", ['index']=80, ['level']=43},
    [17576017] = {['id']=17576017, ['name']="Puroboros", ['index']=81, ['level']=44},
    [17576015] = {['id']=17576015, ['name']="Gazer", ['index']=79, ['level']=43},
    [17576014] = {['id']=17576014, ['name']="Gazer", ['index']=78, ['level']=43},
    [17576059] = {['id']=17576059, ['name']="LostSoul", ['index']=123, ['level']=43},
    [17576060] = {['id']=17576060, ['name']="LostSoul", ['index']=124, ['level']=43},
    [17576061] = {['id']=17576061, ['name']="LostSoul", ['index']=125, ['level']=42},
    [17576062] = {['id']=17576062, ['name']="LostSoul", ['index']=126, ['level']=43},
    [17576068] = {['id']=17576068, ['name']="Puroboros", ['index']=132, ['level']=43},
    [17576067] = {['id']=17576067, ['name']="Anemone", ['index']=131, ['level']=45},
    [17576063] = {['id']=17576063, ['name']="Gazer", ['index']=127, ['level']=42},
    [17576066] = {['id']=17576066, ['name']="Gazer", ['index']=130, ['level']=43},
    [17576064] = {['id']=17576064, ['name']="Gazer", ['index']=128, ['level']=43},
    [17576065] = {['id']=17576065, ['name']="Gazer", ['index']=129, ['level']=42},
    [17576190] = {['id']=17576190, ['name']="FallenKnight", ['index']=254, ['level']=55},
    [17576191] = {['id']=17576191, ['name']="FallenKnight", ['index']=255, ['level']=55},
    [17576192] = {['id']=17576192, ['name']="Lich", ['index']=256, ['level']=54},
    [17576193] = {['id']=17576193, ['name']="FallenKnight", ['index']=257, ['level']=54},
    [17576194] = {['id']=17576194, ['name']="FallenKnight", ['index']=258, ['level']=54},
    [17576195] = {['id']=17576195, ['name']="Lich", ['index']=259, ['level']=53},
    [17576196] = {['id']=17576196, ['name']="DarkStalker", ['index']=260, ['level']=59},
    [17576199] = {['id']=17576199, ['name']="DarkStalker", ['index']=263, ['level']=58},
    [17576201] = {['id']=17576201, ['name']="DarkStalker", ['index']=265, ['level']=57},
    [17576203] = {['id']=17576203, ['name']="DarkStalker", ['index']=267, ['level']=57},
    [17576205] = {['id']=17576205, ['name']="EarthElemental", ['index']=269, ['level']=55},
    [17576206] = {['id']=17576206, ['name']="TombWarrior", ['index']=270, ['level']=61},
    [17576207] = {['id']=17576207, ['name']="TombWarrior", ['index']=271, ['level']=61},
    [17576208] = {['id']=17576208, ['name']="TombMage", ['index']=272, ['level']=63},
    [17575978] = {['id']=17575978, ['name']="HellboundWarri", ['index']=42, ['level']=93},
    [17575980] = {['id']=17575980, ['name']="HellboundWarri", ['index']=44, ['level']=91},
    [17575981] = {['id']=17575981, ['name']="HellboundWarlo", ['index']=45, ['level']=92},
    [17575983] = {['id']=17575983, ['name']="HellboundWarlo", ['index']=47, ['level']=91},
    [17575984] = {['id']=17575984, ['name']="HellboundWarri", ['index']=48, ['level']=93},
    [17575985] = {['id']=17575985, ['name']="HellboundWarlo", ['index']=49, ['level']=91},
    [17576076] = {['id']=17576076, ['name']="NekrosHound", ['index']=140, ['level']=93},
    [17576078] = {['id']=17576078, ['name']="NekrosHound", ['index']=142, ['level']=93},
    [17576186] = {['id']=17576186, ['name']="Ka", ['index']=250, ['level']=54},
    [17576188] = {['id']=17576188, ['name']="Ka", ['index']=252, ['level']=53},
    [17576225] = {['id']=17576225, ['name']="Spriggan", ['index']=289, ['level']=65},
    [17576227] = {['id']=17576227, ['name']="Spriggan", ['index']=291, ['level']=65},
    [17576230] = {['id']=17576230, ['name']="Haunt", ['index']=294, ['level']=64},
    [17576231] = {['id']=17576231, ['name']="Haunt", ['index']=295, ['level']=63},
    [17576233] = {['id']=17576233, ['name']="TombWarrior", ['index']=297, ['level']=61},
    [17576236] = {['id']=17576236, ['name']="Shade", ['index']=300, ['level']=46},
    [17576237] = {['id']=17576237, ['name']="Shade", ['index']=301, ['level']=48},
    [17576240] = {['id']=17576240, ['name']="LostSoul", ['index']=304, ['level']=46},
    [17576242] = {['id']=17576242, ['name']="LostSoul", ['index']=306, ['level']=45},
    [17576243] = {['id']=17576243, ['name']="LostSoul", ['index']=307, ['level']=45},
    [17576210] = {['id']=17576210, ['name']="Spriggan", ['index']=274, ['level']=65},
    [17576220] = {['id']=17576220, ['name']="Haunt", ['index']=284, ['level']=63},
    [17576216] = {['id']=17576216, ['name']="Spriggan", ['index']=280, ['level']=65},
    [17576219] = {['id']=17576219, ['name']="Haunt", ['index']=283, ['level']=64},
    [17576217] = {['id']=17576217, ['name']="Haunt", ['index']=281, ['level']=64},
    [17576218] = {['id']=17576218, ['name']="Haunt", ['index']=282, ['level']=64},
    [17576213] = {['id']=17576213, ['name']="Spriggan", ['index']=277, ['level']=64},
    [17576224] = {['id']=17576224, ['name']="TombMage", ['index']=288, ['level']=63},
    [17576222] = {['id']=17576222, ['name']="TombWarrior", ['index']=286, ['level']=61},
    [17576003] = {['id']=17576003, ['name']="Revenant", ['index']=67, ['level']=47},
    [17576004] = {['id']=17576004, ['name']="Revenant", ['index']=68, ['level']=45},
    [17576005] = {['id']=17576005, ['name']="LostSoul", ['index']=69, ['level']=46},
    [17576006] = {['id']=17576006, ['name']="LostSoul", ['index']=70, ['level']=45},
    [17576007] = {['id']=17576007, ['name']="LostSoul", ['index']=71, ['level']=45},
    [17576221] = {['id']=17576221, ['name']="TombWarrior", ['index']=285, ['level']=61},
    [17576223] = {['id']=17576223, ['name']="TombMage", ['index']=287, ['level']=62},
    [17575986] = {['id']=17575986, ['name']="Marchosias", ['index']=50, ['level']=40},
    [17575987] = {['id']=17575987, ['name']="Marchosias", ['index']=51, ['level']=41},
    [17575988] = {['id']=17575988, ['name']="LostSoul", ['index']=52, ['level']=45},
    [17575989] = {['id']=17575989, ['name']="LostSoul", ['index']=53, ['level']=45},
    [17575990] = {['id']=17575990, ['name']="LostSoul", ['index']=54, ['level']=46},
    [17575991] = {['id']=17575991, ['name']="LostSoul", ['index']=55, ['level']=45},
    [17575992] = {['id']=17575992, ['name']="HellHound", ['index']=56, ['level']=47},
    [17575993] = {['id']=17575993, ['name']="HellHound", ['index']=57, ['level']=46},
    [17575994] = {['id']=17575994, ['name']="HellHound", ['index']=58, ['level']=46},
    [17576431] = {['id']=17576431, ['name']="GroundsTome", ['index']=495, ['level']=0},
    [17575995] = {['id']=17575995, ['name']="HellboundWarri", ['index']=59, ['level']=93},
    [17575996] = {['id']=17575996, ['name']="HellboundWarlo", ['index']=60, ['level']=92},
    [17575998] = {['id']=17575998, ['name']="HellboundWarlo", ['index']=62, ['level']=91},
    [17575999] = {['id']=17575999, ['name']="HellboundWarri", ['index']=63, ['level']=92},
    [17576001] = {['id']=17576001, ['name']="HellboundWarri", ['index']=65, ['level']=91},
    [17576002] = {['id']=17576002, ['name']="HellboundWarlo", ['index']=66, ['level']=93},
    [17576080] = {['id']=17576080, ['name']="NekrosHound", ['index']=144, ['level']=95},
    [17576086] = {['id']=17576086, ['name']="NekrosHound", ['index']=150, ['level']=95},
    [17576091] = {['id']=17576091, ['name']="LostSoul", ['index']=155, ['level']=46},
    [17576092] = {['id']=17576092, ['name']="LostSoul", ['index']=156, ['level']=46},
    [17576093] = {['id']=17576093, ['name']="LostSoul", ['index']=157, ['level']=45},
    [17576094] = {['id']=17576094, ['name']="LostSoul", ['index']=158, ['level']=46},
    [17576095] = {['id']=17576095, ['name']="HellHound", ['index']=159, ['level']=47},
    [17576096] = {['id']=17576096, ['name']="Revenant", ['index']=160, ['level']=46},
    [17576097] = {['id']=17576097, ['name']="Revenant", ['index']=161, ['level']=45},
    [17576098] = {['id']=17576098, ['name']="Revenant", ['index']=162, ['level']=46},
    [17576101] = {['id']=17576101, ['name']="HellHound", ['index']=165, ['level']=46},
    [17576102] = {['id']=17576102, ['name']="HellHound", ['index']=166, ['level']=47},
    [17576103] = {['id']=17576103, ['name']="HellHound", ['index']=167, ['level']=47},
    [17576104] = {['id']=17576104, ['name']="HellHound", ['index']=168, ['level']=48},
    [17576105] = {['id']=17576105, ['name']="Ka", ['index']=169, ['level']=52},
    [17576106] = {['id']=17576106, ['name']="Ka", ['index']=170, ['level']=53},
    [17576109] = {['id']=17576109, ['name']="BloodSoul", ['index']=173, ['level']=51},
    [17576110] = {['id']=17576110, ['name']="BloodSoul", ['index']=174, ['level']=52},
    [17576111] = {['id']=17576111, ['name']="BloodSoul", ['index']=175, ['level']=51},
    [17576123] = {['id']=17576123, ['name']="BloodSoul", ['index']=187, ['level']=52},
    [17576133] = {['id']=17576133, ['name']="Azer", ['index']=197, ['level']=51},
    [17576135] = {['id']=17576135, ['name']="Azer", ['index']=199, ['level']=53},
    [17576140] = {['id']=17576140, ['name']="FallenKnight", ['index']=204, ['level']=55},
    [17576149] = {['id']=17576149, ['name']="Ka", ['index']=213, ['level']=52},
    [17576153] = {['id']=17576153, ['name']="TombWolf", ['index']=217, ['level']=55},
    [17576154] = {['id']=17576154, ['name']="TombWolf", ['index']=218, ['level']=54},
    [17576157] = {['id']=17576157, ['name']="TombWolf", ['index']=221, ['level']=53},
    [17576174] = {['id']=17576174, ['name']="TombWolf", ['index']=238, ['level']=54},
    [17576429] = {['id']=17576429, ['name']="GroundsTome", ['index']=493, ['level']=0},
    [17576448] = {['id']=17576448, ['name']="SurvivalGuide", ['index']=512, ['level']=0},
    [17576099] = {['id']=17576099, ['name']="HellHound", ['index']=163, ['level']=48},
    [17576100] = {['id']=17576100, ['name']="HellHound", ['index']=164, ['level']=47},
    [17576121] = {['id']=17576121, ['name']="Ka", ['index']=185, ['level']=54},
    [17576122] = {['id']=17576122, ['name']="Ka", ['index']=186, ['level']=53},
    [17576134] = {['id']=17576134, ['name']="Azer", ['index']=198, ['level']=53},
    [17576137] = {['id']=17576137, ['name']="FallenKnight", ['index']=201, ['level']=55},
    [17576138] = {['id']=17576138, ['name']="Lich", ['index']=202, ['level']=54},
    [17576139] = {['id']=17576139, ['name']="Lich", ['index']=203, ['level']=54},
    [17576152] = {['id']=17576152, ['name']="Ka", ['index']=216, ['level']=53},
    [17576158] = {['id']=17576158, ['name']="TombWolf", ['index']=222, ['level']=55},
    [17576161] = {['id']=17576161, ['name']="TombWolf", ['index']=225, ['level']=55},
    [17576162] = {['id']=17576162, ['name']="TombWolf", ['index']=226, ['level']=53},
    [17576136] = {['id']=17576136, ['name']="Azer", ['index']=200, ['level']=52},
    [17576144] = {['id']=17576144, ['name']="FallenKnight", ['index']=208, ['level']=55},
    [17576146] = {['id']=17576146, ['name']="FallenKnight", ['index']=210, ['level']=55},
    [17576147] = {['id']=17576147, ['name']="FallenKnight", ['index']=211, ['level']=55},
    [17576148] = {['id']=17576148, ['name']="Lich", ['index']=212, ['level']=53},
    [17576165] = {['id']=17576165, ['name']="TombWolf", ['index']=229, ['level']=54},
    [17576166] = {['id']=17576166, ['name']="TombWolf", ['index']=230, ['level']=55},
    [17576169] = {['id']=17576169, ['name']="TombWolf", ['index']=233, ['level']=55},
    [17576170] = {['id']=17576170, ['name']="TombWolf", ['index']=234, ['level']=54},
    [17576173] = {['id']=17576173, ['name']="TombWolf", ['index']=237, ['level']=53},
    [17576131] = {['id']=17576131, ['name']="Utukku", ['index']=195, ['level']=56},
    [17576143] = {['id']=17576143, ['name']="FallenKnight", ['index']=207, ['level']=54},
    [17576126] = {['id']=17576126, ['name']="DarkStalker", ['index']=190, ['level']=58},
    [17576128] = {['id']=17576128, ['name']="DarkStalker", ['index']=192, ['level']=59},
    [17576130] = {['id']=17576130, ['name']="Utukku", ['index']=194, ['level']=57},
    [17576132] = {['id']=17576132, ['name']="Utukku", ['index']=196, ['level']=55},
    [17576171] = {['id']=17576171, ['name']="TombWolf", ['index']=235, ['level']=53},
    [17576172] = {['id']=17576172, ['name']="TombWolf", ['index']=236, ['level']=54},
    [17576125] = {['id']=17576125, ['name']="BloodSoul", ['index']=189, ['level']=52},
    [17575967] = {['id']=17575967, ['name']="Marchosias", ['index']=31, ['level']=41},
    [17575968] = {['id']=17575968, ['name']="Marchosias", ['index']=32, ['level']=40},
    [17575969] = {['id']=17575969, ['name']="LostSoul", ['index']=33, ['level']=42},
    [17575970] = {['id']=17575970, ['name']="LostSoul", ['index']=34, ['level']=43},
    [17575971] = {['id']=17575971, ['name']="LostSoul", ['index']=35, ['level']=42},
    [17575972] = {['id']=17575972, ['name']="LostSoul", ['index']=36, ['level']=43},
    [17575973] = {['id']=17575973, ['name']="LostSoul", ['index']=37, ['level']=43},
    [17575974] = {['id']=17575974, ['name']="Revenant", ['index']=38, ['level']=44},
    [17575975] = {['id']=17575975, ['name']="Marchosias", ['index']=39, ['level']=43},
    [17575976] = {['id']=17575976, ['name']="Marchosias", ['index']=40, ['level']=42},
    [17575977] = {['id']=17575977, ['name']="Marchosias", ['index']=41, ['level']=42},
    [17575978] = {['id']=17575978, ['name']="HellboundWarri", ['index']=42, ['level']=93},
    [17575980] = {['id']=17575980, ['name']="HellboundWarri", ['index']=44, ['level']=91},
    [17575981] = {['id']=17575981, ['name']="HellboundWarlo", ['index']=45, ['level']=92},
    [17575983] = {['id']=17575983, ['name']="HellboundWarlo", ['index']=47, ['level']=91},
    [17575984] = {['id']=17575984, ['name']="HellboundWarri", ['index']=48, ['level']=93},
    [17575985] = {['id']=17575985, ['name']="HellboundWarlo", ['index']=49, ['level']=91},
    [17576076] = {['id']=17576076, ['name']="NekrosHound", ['index']=140, ['level']=93},
    [17576078] = {['id']=17576078, ['name']="NekrosHound", ['index']=142, ['level']=93},
    [17576186] = {['id']=17576186, ['name']="Ka", ['index']=250, ['level']=54},
    [17576188] = {['id']=17576188, ['name']="Ka", ['index']=252, ['level']=53},
    [17576225] = {['id']=17576225, ['name']="Spriggan", ['index']=289, ['level']=65},
    [17576227] = {['id']=17576227, ['name']="Spriggan", ['index']=291, ['level']=65},
    [17576229] = {['id']=17576229, ['name']="Haunt", ['index']=293, ['level']=64},
    [17576230] = {['id']=17576230, ['name']="Haunt", ['index']=294, ['level']=64},
    [17576231] = {['id']=17576231, ['name']="Haunt", ['index']=295, ['level']=63},
    [17576232] = {['id']=17576232, ['name']="TombWarrior", ['index']=296, ['level']=60},
    [17576233] = {['id']=17576233, ['name']="TombWarrior", ['index']=297, ['level']=61},
    [17576234] = {['id']=17576234, ['name']="TombMage", ['index']=298, ['level']=62},
    [17576235] = {['id']=17576235, ['name']="TombMage", ['index']=299, ['level']=60},
    [17576236] = {['id']=17576236, ['name']="Shade", ['index']=300, ['level']=46},
    [17576237] = {['id']=17576237, ['name']="Shade", ['index']=301, ['level']=48},
    [17576240] = {['id']=17576240, ['name']="LostSoul", ['index']=304, ['level']=46},
    [17576242] = {['id']=17576242, ['name']="LostSoul", ['index']=306, ['level']=45},
    [17576243] = {['id']=17576243, ['name']="LostSoul", ['index']=307, ['level']=45},
    [17576241] = {['id']=17576241, ['name']="LostSoul", ['index']=305, ['level']=45},
    [17575992] = {['id']=17575992, ['name']="HellHound", ['index']=56, ['level']=47},
    [17575993] = {['id']=17575993, ['name']="HellHound", ['index']=57, ['level']=46},
    [17575994] = {['id']=17575994, ['name']="HellHound", ['index']=58, ['level']=46},
    [17575995] = {['id']=17575995, ['name']="HellboundWarri", ['index']=59, ['level']=93},
    [17575996] = {['id']=17575996, ['name']="HellboundWarlo", ['index']=60, ['level']=92},
    [17575998] = {['id']=17575998, ['name']="HellboundWarlo", ['index']=62, ['level']=91},
    [17575999] = {['id']=17575999, ['name']="HellboundWarri", ['index']=63, ['level']=92},
    [17576001] = {['id']=17576001, ['name']="HellboundWarri", ['index']=65, ['level']=91},
    [17576002] = {['id']=17576002, ['name']="HellboundWarlo", ['index']=66, ['level']=93},
    [17576080] = {['id']=17576080, ['name']="NekrosHound", ['index']=144, ['level']=95},
    [17576086] = {['id']=17576086, ['name']="NekrosHound", ['index']=150, ['level']=95},
    [17576253] = {['id']=17576253, ['name']="TombWarrior", ['index']=317, ['level']=60},
    [17576254] = {['id']=17576254, ['name']="TombMage", ['index']=318, ['level']=62},
    [17576255] = {['id']=17576255, ['name']="TombMage", ['index']=319, ['level']=61},
    [17576256] = {['id']=17576256, ['name']="TombWarrior", ['index']=320, ['level']=62},
    [17576257] = {['id']=17576257, ['name']="TombWarrior", ['index']=321, ['level']=62},
    [17576258] = {['id']=17576258, ['name']="TombMage", ['index']=322, ['level']=61},
    [17576259] = {['id']=17576259, ['name']="TombMage", ['index']=323, ['level']=61},
    [17576262] = {['id']=17576262, ['name']="TombMage", ['index']=326, ['level']=62},
    [17576431] = {['id']=17576431, ['name']="GroundsTome", ['index']=495, ['level']=0},
    [17576252] = {['id']=17576252, ['name']="TombWarrior", ['index']=316, ['level']=62},
    [17576260] = {['id']=17576260, ['name']="TombWarrior", ['index']=324, ['level']=61},
    [17576263] = {['id']=17576263, ['name']="TombMage", ['index']=327, ['level']=61},
    [17576261] = {['id']=17576261, ['name']="TombWarrior", ['index']=325, ['level']=60},
    [17576251] = {['id']=17576251, ['name']="TombWarrior", ['index']=315, ['level']=62},
    [17576114] = {['id']=17576114, ['name']="DarkStalker", ['index']=178, ['level']=59},
    [17576247] = {['id']=17576247, ['name']="Spriggan", ['index']=311, ['level']=65},
    [17576112] = {['id']=17576112, ['name']="DarkStalker", ['index']=176, ['level']=57},
    [17576117] = {['id']=17576117, ['name']="Utukku", ['index']=181, ['level']=55},
    [17576245] = {['id']=17576245, ['name']="Spriggan", ['index']=309, ['level']=66},
    [17576249] = {['id']=17576249, ['name']="Haunt", ['index']=313, ['level']=64},
    [17576248] = {['id']=17576248, ['name']="Haunt", ['index']=312, ['level']=64},
    [17576250] = {['id']=17576250, ['name']="Haunt", ['index']=314, ['level']=65},
    [17575988] = {['id']=17575988, ['name']="LostSoul", ['index']=52, ['level']=45},
    [17575989] = {['id']=17575989, ['name']="LostSoul", ['index']=53, ['level']=45},
    [17575990] = {['id']=17575990, ['name']="LostSoul", ['index']=54, ['level']=46},
    [17575991] = {['id']=17575991, ['name']="LostSoul", ['index']=55, ['level']=45},
    [17576003] = {['id']=17576003, ['name']="Revenant", ['index']=67, ['level']=47},
    [17576004] = {['id']=17576004, ['name']="Revenant", ['index']=68, ['level']=45},
    [17576005] = {['id']=17576005, ['name']="LostSoul", ['index']=69, ['level']=46},
    [17576006] = {['id']=17576006, ['name']="LostSoul", ['index']=70, ['level']=45},
    [17576007] = {['id']=17576007, ['name']="LostSoul", ['index']=71, ['level']=45},
    [17575986] = {['id']=17575986, ['name']="Marchosias", ['index']=50, ['level']=40},
    [17575961] = {['id']=17575961, ['name']="HellboundWarri", ['index']=25, ['level']=93},
    [17576070] = {['id']=17576070, ['name']="NekrosHound", ['index']=134, ['level']=95},
    [17575960] = {['id']=17575960, ['name']="HellboundWarlo", ['index']=24, ['level']=92},
    [17575959] = {['id']=17575959, ['name']="HellboundWarri", ['index']=23, ['level']=93},
    [17576074] = {['id']=17576074, ['name']="NekrosHound", ['index']=138, ['level']=94},
    [17575964] = {['id']=17575964, ['name']="HellboundWarlo", ['index']=28, ['level']=92},
    [17575966] = {['id']=17575966, ['name']="HellboundWarlo", ['index']=30, ['level']=91},
    [17575963] = {['id']=17575963, ['name']="HellboundWarri", ['index']=27, ['level']=93},
    [17575950] = {['id']=17575950, ['name']="Marchosias", ['index']=14, ['level']=41},
    [17575952] = {['id']=17575952, ['name']="Marchosias", ['index']=16, ['level']=43},
    [17575951] = {['id']=17575951, ['name']="Marchosias", ['index']=15, ['level']=41},
    [17575949] = {['id']=17575949, ['name']="LostSoul", ['index']=13, ['level']=43},
    [17575947] = {['id']=17575947, ['name']="LostSoul", ['index']=11, ['level']=43},
    [17575948] = {['id']=17575948, ['name']="LostSoul", ['index']=12, ['level']=43},
    [17575946] = {['id']=17575946, ['name']="LostSoul", ['index']=10, ['level']=42},
    [17575955] = {['id']=17575955, ['name']="Shade", ['index']=19, ['level']=47},
    [17575954] = {['id']=17575954, ['name']="Shade", ['index']=18, ['level']=48},
    [17575957] = {['id']=17575957, ['name']="LostSoul", ['index']=21, ['level']=44},
    [17575945] = {['id']=17575945, ['name']="Marchosias", ['index']=9, ['level']=40},
    [17576091] = {['id']=17576091, ['name']="LostSoul", ['index']=155, ['level']=46},
    [17576092] = {['id']=17576092, ['name']="LostSoul", ['index']=156, ['level']=46},
    [17576093] = {['id']=17576093, ['name']="LostSoul", ['index']=157, ['level']=45},
    [17576094] = {['id']=17576094, ['name']="LostSoul", ['index']=158, ['level']=46},
    [17576095] = {['id']=17576095, ['name']="HellHound", ['index']=159, ['level']=47},
    [17576096] = {['id']=17576096, ['name']="Revenant", ['index']=160, ['level']=46},
    [17576097] = {['id']=17576097, ['name']="Revenant", ['index']=161, ['level']=45},
    [17576098] = {['id']=17576098, ['name']="Revenant", ['index']=162, ['level']=46},
    [17576102] = {['id']=17576102, ['name']="HellHound", ['index']=166, ['level']=47},
    [17576103] = {['id']=17576103, ['name']="HellHound", ['index']=167, ['level']=47},
    [17576104] = {['id']=17576104, ['name']="HellHound", ['index']=168, ['level']=48},
    [17576105] = {['id']=17576105, ['name']="Ka", ['index']=169, ['level']=52},
    [17576109] = {['id']=17576109, ['name']="BloodSoul", ['index']=173, ['level']=51},
    [17576110] = {['id']=17576110, ['name']="BloodSoul", ['index']=174, ['level']=52},
    [17576111] = {['id']=17576111, ['name']="BloodSoul", ['index']=175, ['level']=51},
    [17576429] = {['id']=17576429, ['name']="GroundsTome", ['index']=493, ['level']=0},
    [17576448] = {['id']=17576448, ['name']="SurvivalGuide", ['index']=512, ['level']=0},
    [17576099] = {['id']=17576099, ['name']="HellHound", ['index']=163, ['level']=48},
    [17576100] = {['id']=17576100, ['name']="HellHound", ['index']=164, ['level']=47},
    [17576101] = {['id']=17576101, ['name']="HellHound", ['index']=165, ['level']=46},
    [17576106] = {['id']=17576106, ['name']="Ka", ['index']=170, ['level']=53},
    [17576121] = {['id']=17576121, ['name']="Ka", ['index']=185, ['level']=54},
    [17576122] = {['id']=17576122, ['name']="Ka", ['index']=186, ['level']=53},
    [17576123] = {['id']=17576123, ['name']="BloodSoul", ['index']=187, ['level']=52},
    [17576125] = {['id']=17576125, ['name']="BloodSoul", ['index']=189, ['level']=52},
    [17576133] = {['id']=17576133, ['name']="Azer", ['index']=197, ['level']=51},
    [17576134] = {['id']=17576134, ['name']="Azer", ['index']=198, ['level']=53},
    [17576135] = {['id']=17576135, ['name']="Azer", ['index']=199, ['level']=53},
    [17576137] = {['id']=17576137, ['name']="FallenKnight", ['index']=201, ['level']=55},
    [17576140] = {['id']=17576140, ['name']="FallenKnight", ['index']=204, ['level']=55},
    [17576149] = {['id']=17576149, ['name']="Ka", ['index']=213, ['level']=52},
    [17576152] = {['id']=17576152, ['name']="Ka", ['index']=216, ['level']=53},
    [17576153] = {['id']=17576153, ['name']="TombWolf", ['index']=217, ['level']=55},
    [17576154] = {['id']=17576154, ['name']="TombWolf", ['index']=218, ['level']=54},
    [17576157] = {['id']=17576157, ['name']="TombWolf", ['index']=221, ['level']=53},
    [17576162] = {['id']=17576162, ['name']="TombWolf", ['index']=226, ['level']=53},
    [17576174] = {['id']=17576174, ['name']="TombWolf", ['index']=238, ['level']=54},
    [17576136] = {['id']=17576136, ['name']="Azer", ['index']=200, ['level']=52},
    [17576146] = {['id']=17576146, ['name']="FallenKnight", ['index']=210, ['level']=55},
    [17576147] = {['id']=17576147, ['name']="FallenKnight", ['index']=211, ['level']=55},
    [17576148] = {['id']=17576148, ['name']="Lich", ['index']=212, ['level']=54},
    [17576158] = {['id']=17576158, ['name']="TombWolf", ['index']=222, ['level']=55},
    [17576161] = {['id']=17576161, ['name']="TombWolf", ['index']=225, ['level']=55},
    [17576165] = {['id']=17576165, ['name']="TombWolf", ['index']=229, ['level']=54},
    [17576166] = {['id']=17576166, ['name']="TombWolf", ['index']=230, ['level']=55},
    [17576173] = {['id']=17576173, ['name']="TombWolf", ['index']=237, ['level']=53},
    [17576114] = {['id']=17576114, ['name']="DarkStalker", ['index']=178, ['level']=59},
    [17576126] = {['id']=17576126, ['name']="DarkStalker", ['index']=190, ['level']=58},
    [17576128] = {['id']=17576128, ['name']="DarkStalker", ['index']=192, ['level']=59},
    [17576130] = {['id']=17576130, ['name']="Utukku", ['index']=194, ['level']=57},
    [17576131] = {['id']=17576131, ['name']="Utukku", ['index']=195, ['level']=56},
    [17576132] = {['id']=17576132, ['name']="Utukku", ['index']=196, ['level']=55},
    [17576138] = {['id']=17576138, ['name']="Lich", ['index']=202, ['level']=54},
    [17576139] = {['id']=17576139, ['name']="Lich", ['index']=203, ['level']=53},
    [17576143] = {['id']=17576143, ['name']="FallenKnight", ['index']=207, ['level']=54},
    [17576144] = {['id']=17576144, ['name']="FallenKnight", ['index']=208, ['level']=55},
    [17576145] = {['id']=17576145, ['name']="Lich", ['index']=209, ['level']=53},
    [17576171] = {['id']=17576171, ['name']="TombWolf", ['index']=235, ['level']=53},
    [17576172] = {['id']=17576172, ['name']="TombWolf", ['index']=236, ['level']=54},
    [17576124] = {['id']=17576124, ['name']="BloodSoul", ['index']=188, ['level']=51},
    [17575978] = {['id']=17575978, ['name']="HellboundWarri", ['index']=42, ['level']=93},
    [17575980] = {['id']=17575980, ['name']="HellboundWarri", ['index']=44, ['level']=91},
    [17575981] = {['id']=17575981, ['name']="HellboundWarlo", ['index']=45, ['level']=92},
    [17575983] = {['id']=17575983, ['name']="HellboundWarlo", ['index']=47, ['level']=91},
    [17575984] = {['id']=17575984, ['name']="HellboundWarri", ['index']=48, ['level']=93},
    [17575985] = {['id']=17575985, ['name']="HellboundWarlo", ['index']=49, ['level']=91},
    [17576076] = {['id']=17576076, ['name']="NekrosHound", ['index']=140, ['level']=93},
    [17576078] = {['id']=17576078, ['name']="NekrosHound", ['index']=142, ['level']=93},
    [17576083] = {['id']=17576083, ['name']="Lich", ['index']=147, ['level']=54},
    [17576084] = {['id']=17576084, ['name']="Lich", ['index']=148, ['level']=52},
    [17576175] = {['id']=17576175, ['name']="Haunt", ['index']=239, ['level']=64},
    [17576176] = {['id']=17576176, ['name']="Haunt", ['index']=240, ['level']=64},
    [17576177] = {['id']=17576177, ['name']="TombWarrior", ['index']=241, ['level']=61},
    [17576178] = {['id']=17576178, ['name']="TombWarrior", ['index']=242, ['level']=60},
    [17576179] = {['id']=17576179, ['name']="TombMage", ['index']=243, ['level']=62},
    [17576186] = {['id']=17576186, ['name']="Ka", ['index']=250, ['level']=54},
    [17576188] = {['id']=17576188, ['name']="Ka", ['index']=252, ['level']=53},
    [17576190] = {['id']=17576190, ['name']="FallenKnight", ['index']=254, ['level']=55},
    [17576191] = {['id']=17576191, ['name']="FallenKnight", ['index']=255, ['level']=55},
    [17576192] = {['id']=17576192, ['name']="Lich", ['index']=256, ['level']=54},
    [17576201] = {['id']=17576201, ['name']="DarkStalker", ['index']=265, ['level']=57},
    [17576203] = {['id']=17576203, ['name']="DarkStalker", ['index']=267, ['level']=57},
    [17576225] = {['id']=17576225, ['name']="Spriggan", ['index']=289, ['level']=65},
    [17576227] = {['id']=17576227, ['name']="Spriggan", ['index']=291, ['level']=65},
    [17576229] = {['id']=17576229, ['name']="Haunt", ['index']=293, ['level']=64},
    [17576230] = {['id']=17576230, ['name']="Haunt", ['index']=294, ['level']=64},
    [17576231] = {['id']=17576231, ['name']="Haunt", ['index']=295, ['level']=63},
    [17575997] = {['id']=17575997, ['name']="HellboundWarri", ['index']=61, ['level']=93},
    [17576079] = {['id']=17576079, ['name']="NekrosHound", ['index']=143, ['level']=94},
    [17576081] = {['id']=17576081, ['name']="NekrosHound", ['index']=145, ['level']=93},
    [17576183] = {['id']=17576183, ['name']="Shade", ['index']=247, ['level']=47},
    [17576185] = {['id']=17576185, ['name']="LostSoul", ['index']=249, ['level']=44},
    [17576082] = {['id']=17576082, ['name']="NekrosHound", ['index']=146, ['level']=95},
    [17576182] = {['id']=17576182, ['name']="Shade", ['index']=246, ['level']=47},
    [17576085] = {['id']=17576085, ['name']="NekrosHound", ['index']=149, ['level']=93},
    [17576089] = {['id']=17576089, ['name']="NekrosHound", ['index']=153, ['level']=93},
    [17576000] = {['id']=17576000, ['name']="HellboundWarlo", ['index']=64, ['level']=93},
    [17576090] = {['id']=17576090, ['name']="NekrosHound", ['index']=154, ['level']=94},
    [17576087] = {['id']=17576087, ['name']="NekrosHound", ['index']=151, ['level']=93},
    [17576088] = {['id']=17576088, ['name']="NekrosHound", ['index']=152, ['level']=95},
    [17576077] = {['id']=17576077, ['name']="NekrosHound", ['index']=141, ['level']=93},
    [17575982] = {['id']=17575982, ['name']="HellboundWarri", ['index']=46, ['level']=92},
    [17576075] = {['id']=17576075, ['name']="NekrosHound", ['index']=139, ['level']=95},
    [17575965] = {['id']=17575965, ['name']="HellboundWarri", ['index']=29, ['level']=91},
    [17576073] = {['id']=17576073, ['name']="NekrosHound", ['index']=137, ['level']=95},
    [17575979] = {['id']=17575979, ['name']="HellboundWarlo", ['index']=43, ['level']=91},
    [17576071] = {['id']=17576071, ['name']="NekrosHound", ['index']=135, ['level']=93},
    [17576072] = {['id']=17576072, ['name']="NekrosHound", ['index']=136, ['level']=95},
    [17575962] = {['id']=17575962, ['name']="HellboundWarlo", ['index']=26, ['level']=93},
    [17576430] = {['id']=17576430, ['name']="GroundsTome", ['index']=494, ['level']=0},
    [17576069] = {['id']=17576069, ['name']="NekrosHound", ['index']=133, ['level']=95},
    [17576091] = {['id']=17576091, ['name']="LostSoul", ['index']=155, ['level']=46},
    [17576092] = {['id']=17576092, ['name']="LostSoul", ['index']=156, ['level']=46},
    [17576093] = {['id']=17576093, ['name']="LostSoul", ['index']=157, ['level']=45},
    [17576094] = {['id']=17576094, ['name']="LostSoul", ['index']=158, ['level']=46},
    [17576095] = {['id']=17576095, ['name']="HellHound", ['index']=159, ['level']=47},
    [17576096] = {['id']=17576096, ['name']="Revenant", ['index']=160, ['level']=46},
    [17576097] = {['id']=17576097, ['name']="Revenant", ['index']=161, ['level']=45},
    [17576098] = {['id']=17576098, ['name']="Revenant", ['index']=162, ['level']=46},
    [17576101] = {['id']=17576101, ['name']="HellHound", ['index']=165, ['level']=46},
    [17576102] = {['id']=17576102, ['name']="HellHound", ['index']=166, ['level']=47},
    [17576103] = {['id']=17576103, ['name']="HellHound", ['index']=167, ['level']=47},
    [17576104] = {['id']=17576104, ['name']="HellHound", ['index']=168, ['level']=48},
    [17576105] = {['id']=17576105, ['name']="Ka", ['index']=169, ['level']=52},
    [17576106] = {['id']=17576106, ['name']="Ka", ['index']=170, ['level']=53},
    [17576109] = {['id']=17576109, ['name']="BloodSoul", ['index']=173, ['level']=51},
    [17576110] = {['id']=17576110, ['name']="BloodSoul", ['index']=174, ['level']=52},
    [17576111] = {['id']=17576111, ['name']="BloodSoul", ['index']=175, ['level']=51},
    [17576121] = {['id']=17576121, ['name']="Ka", ['index']=185, ['level']=54},
    [17576122] = {['id']=17576122, ['name']="Ka", ['index']=186, ['level']=53},
    [17576123] = {['id']=17576123, ['name']="BloodSoul", ['index']=187, ['level']=52},
    [17576124] = {['id']=17576124, ['name']="BloodSoul", ['index']=188, ['level']=51},
    [17576125] = {['id']=17576125, ['name']="BloodSoul", ['index']=189, ['level']=52},
    [17576133] = {['id']=17576133, ['name']="Azer", ['index']=197, ['level']=51},
    [17576135] = {['id']=17576135, ['name']="Azer", ['index']=199, ['level']=53},
    [17576140] = {['id']=17576140, ['name']="FallenKnight", ['index']=204, ['level']=55},
    [17576141] = {['id']=17576141, ['name']="Lich", ['index']=205, ['level']=54},
    [17576142] = {['id']=17576142, ['name']="Lich", ['index']=206, ['level']=54},
    [17576149] = {['id']=17576149, ['name']="Ka", ['index']=213, ['level']=52},
    [17576152] = {['id']=17576152, ['name']="Ka", ['index']=216, ['level']=53},
    [17576153] = {['id']=17576153, ['name']="TombWolf", ['index']=217, ['level']=55},
    [17576154] = {['id']=17576154, ['name']="TombWolf", ['index']=218, ['level']=54},
    [17576157] = {['id']=17576157, ['name']="TombWolf", ['index']=221, ['level']=53},
    [17576158] = {['id']=17576158, ['name']="TombWolf", ['index']=222, ['level']=55},
    [17576161] = {['id']=17576161, ['name']="TombWolf", ['index']=225, ['level']=55},
    [17576174] = {['id']=17576174, ['name']="TombWolf", ['index']=238, ['level']=54},
    [17576429] = {['id']=17576429, ['name']="GroundsTome", ['index']=493, ['level']=0},
    [17576448] = {['id']=17576448, ['name']="SurvivalGuide", ['index']=512, ['level']=0},
    [17576130] = {['id']=17576130, ['name']="Utukku", ['index']=194, ['level']=57},
    [17576136] = {['id']=17576136, ['name']="Azer", ['index']=200, ['level']=52},
    [17576146] = {['id']=17576146, ['name']="FallenKnight", ['index']=210, ['level']=55},
    [17576147] = {['id']=17576147, ['name']="FallenKnight", ['index']=211, ['level']=55},
    [17576148] = {['id']=17576148, ['name']="Lich", ['index']=212, ['level']=54},
    [17576162] = {['id']=17576162, ['name']="TombWolf", ['index']=226, ['level']=53},
    [17576165] = {['id']=17576165, ['name']="TombWolf", ['index']=229, ['level']=54},
    [17576166] = {['id']=17576166, ['name']="TombWolf", ['index']=230, ['level']=55},
    [17576173] = {['id']=17576173, ['name']="TombWolf", ['index']=237, ['level']=53},
    [17575965] = {['id']=17575965, ['name']="HellboundWarri", ['index']=29, ['level']=91},
    [17575979] = {['id']=17575979, ['name']="HellboundWarlo", ['index']=43, ['level']=91},
    [17575982] = {['id']=17575982, ['name']="HellboundWarri", ['index']=46, ['level']=92},
    [17576000] = {['id']=17576000, ['name']="HellboundWarlo", ['index']=64, ['level']=93},
    [17576071] = {['id']=17576071, ['name']="NekrosHound", ['index']=135, ['level']=93},
    [17576073] = {['id']=17576073, ['name']="NekrosHound", ['index']=137, ['level']=95},
    [17576075] = {['id']=17576075, ['name']="NekrosHound", ['index']=139, ['level']=95},
    [17576077] = {['id']=17576077, ['name']="NekrosHound", ['index']=141, ['level']=93},
    [17576082] = {['id']=17576082, ['name']="NekrosHound", ['index']=146, ['level']=95},
    [17576085] = {['id']=17576085, ['name']="NekrosHound", ['index']=149, ['level']=93},
    [17576087] = {['id']=17576087, ['name']="NekrosHound", ['index']=151, ['level']=93},
    [17576088] = {['id']=17576088, ['name']="NekrosHound", ['index']=152, ['level']=95},
    [17576089] = {['id']=17576089, ['name']="NekrosHound", ['index']=153, ['level']=93},
    [17576090] = {['id']=17576090, ['name']="NekrosHound", ['index']=154, ['level']=94},
    [17575975] = {['id']=17575975, ['name']="Marchosias", ['index']=39, ['level']=43},
    [17575976] = {['id']=17575976, ['name']="Marchosias", ['index']=40, ['level']=42},
    [17575978] = {['id']=17575978, ['name']="HellboundWarri", ['index']=42, ['level']=93},
    [17575980] = {['id']=17575980, ['name']="HellboundWarri", ['index']=44, ['level']=91},
    [17575981] = {['id']=17575981, ['name']="HellboundWarlo", ['index']=45, ['level']=92},
    [17575983] = {['id']=17575983, ['name']="HellboundWarlo", ['index']=47, ['level']=91},
    [17575984] = {['id']=17575984, ['name']="HellboundWarri", ['index']=48, ['level']=93},
    [17575985] = {['id']=17575985, ['name']="HellboundWarlo", ['index']=49, ['level']=91},
    [17576076] = {['id']=17576076, ['name']="NekrosHound", ['index']=140, ['level']=93},
    [17576078] = {['id']=17576078, ['name']="NekrosHound", ['index']=142, ['level']=93},
    [17576083] = {['id']=17576083, ['name']="Lich", ['index']=147, ['level']=54},
    [17576084] = {['id']=17576084, ['name']="Lich", ['index']=148, ['level']=52},
    [17576175] = {['id']=17576175, ['name']="Haunt", ['index']=239, ['level']=64},
    [17576176] = {['id']=17576176, ['name']="Haunt", ['index']=240, ['level']=64},
    [17576177] = {['id']=17576177, ['name']="TombWarrior", ['index']=241, ['level']=61},
    [17576178] = {['id']=17576178, ['name']="TombWarrior", ['index']=242, ['level']=60},
    [17576179] = {['id']=17576179, ['name']="TombMage", ['index']=243, ['level']=62},
    [17576182] = {['id']=17576182, ['name']="Shade", ['index']=246, ['level']=47},
    [17576183] = {['id']=17576183, ['name']="Shade", ['index']=247, ['level']=47},
    [17576185] = {['id']=17576185, ['name']="LostSoul", ['index']=249, ['level']=44},
    [17576186] = {['id']=17576186, ['name']="Ka", ['index']=250, ['level']=54},
    [17576188] = {['id']=17576188, ['name']="Ka", ['index']=252, ['level']=53},
    [17576190] = {['id']=17576190, ['name']="FallenKnight", ['index']=254, ['level']=55},
    [17576191] = {['id']=17576191, ['name']="FallenKnight", ['index']=255, ['level']=55},
    [17576192] = {['id']=17576192, ['name']="Lich", ['index']=256, ['level']=54},
    [17576201] = {['id']=17576201, ['name']="DarkStalker", ['index']=265, ['level']=57},
    [17576203] = {['id']=17576203, ['name']="DarkStalker", ['index']=267, ['level']=57},
    [17576205] = {['id']=17576205, ['name']="EarthElemental", ['index']=269, ['level']=53},
    [17576225] = {['id']=17576225, ['name']="Spriggan", ['index']=289, ['level']=65},
    [17576227] = {['id']=17576227, ['name']="Spriggan", ['index']=291, ['level']=65},
    [17576229] = {['id']=17576229, ['name']="Haunt", ['index']=293, ['level']=64},
    [17576230] = {['id']=17576230, ['name']="Haunt", ['index']=294, ['level']=64},
    [17576231] = {['id']=17576231, ['name']="Haunt", ['index']=295, ['level']=63},
    [17575969] = {['id']=17575969, ['name']="LostSoul", ['index']=33, ['level']=42},
    [17575977] = {['id']=17575977, ['name']="Marchosias", ['index']=41, ['level']=42},
    [17575967] = {['id']=17575967, ['name']="Marchosias", ['index']=31, ['level']=41},
    [17575968] = {['id']=17575968, ['name']="Marchosias", ['index']=32, ['level']=40},
    [17575970] = {['id']=17575970, ['name']="LostSoul", ['index']=34, ['level']=43},
    [17575971] = {['id']=17575971, ['name']="LostSoul", ['index']=35, ['level']=42},
    [17575972] = {['id']=17575972, ['name']="LostSoul", ['index']=36, ['level']=43},
    [17575973] = {['id']=17575973, ['name']="LostSoul", ['index']=37, ['level']=43},
    [17575974] = {['id']=17575974, ['name']="Revenant", ['index']=38, ['level']=44},
    [17576232] = {['id']=17576232, ['name']="TombWarrior", ['index']=296, ['level']=60},
    [17576233] = {['id']=17576233, ['name']="TombWarrior", ['index']=297, ['level']=61},
    [17576234] = {['id']=17576234, ['name']="TombMage", ['index']=298, ['level']=62},
    [17576235] = {['id']=17576235, ['name']="TombMage", ['index']=299, ['level']=60},
    [17576240] = {['id']=17576240, ['name']="LostSoul", ['index']=304, ['level']=46},
    [17576241] = {['id']=17576241, ['name']="LostSoul", ['index']=305, ['level']=45},
    [17576248] = {['id']=17576248, ['name']="Haunt", ['index']=312, ['level']=64},
    [17575945] = {['id']=17575945, ['name']="Marchosias", ['index']=9, ['level']=40},
    [17575946] = {['id']=17575946, ['name']="LostSoul", ['index']=10, ['level']=42},
    [17575947] = {['id']=17575947, ['name']="LostSoul", ['index']=11, ['level']=43},
    [17575948] = {['id']=17575948, ['name']="LostSoul", ['index']=12, ['level']=43},
    [17575949] = {['id']=17575949, ['name']="LostSoul", ['index']=13, ['level']=43},
    [17575950] = {['id']=17575950, ['name']="Marchosias", ['index']=14, ['level']=41},
    [17575951] = {['id']=17575951, ['name']="Marchosias", ['index']=15, ['level']=41},
    [17575952] = {['id']=17575952, ['name']="Marchosias", ['index']=16, ['level']=43},
    [17575954] = {['id']=17575954, ['name']="Shade", ['index']=18, ['level']=48},
    [17575955] = {['id']=17575955, ['name']="Shade", ['index']=19, ['level']=47},
    [17575957] = {['id']=17575957, ['name']="LostSoul", ['index']=21, ['level']=44},
    [17575960] = {['id']=17575960, ['name']="HellboundWarlo", ['index']=24, ['level']=92},
    [17575961] = {['id']=17575961, ['name']="HellboundWarri", ['index']=25, ['level']=93},
    [17575995] = {['id']=17575995, ['name']="HellboundWarri", ['index']=59, ['level']=93},
    [17575996] = {['id']=17575996, ['name']="HellboundWarlo", ['index']=60, ['level']=92},
    [17575998] = {['id']=17575998, ['name']="HellboundWarlo", ['index']=62, ['level']=91},
    [17575999] = {['id']=17575999, ['name']="HellboundWarri", ['index']=63, ['level']=92},
    [17576001] = {['id']=17576001, ['name']="HellboundWarri", ['index']=65, ['level']=91},
    [17576002] = {['id']=17576002, ['name']="HellboundWarlo", ['index']=66, ['level']=93},
    [17576080] = {['id']=17576080, ['name']="NekrosHound", ['index']=144, ['level']=95},
    [17576086] = {['id']=17576086, ['name']="NekrosHound", ['index']=150, ['level']=95},
    [17576236] = {['id']=17576236, ['name']="Shade", ['index']=300, ['level']=46},
    [17576237] = {['id']=17576237, ['name']="Shade", ['index']=301, ['level']=48},
    [17576242] = {['id']=17576242, ['name']="LostSoul", ['index']=306, ['level']=45},
    [17576243] = {['id']=17576243, ['name']="LostSoul", ['index']=307, ['level']=45},
    [17576245] = {['id']=17576245, ['name']="Spriggan", ['index']=309, ['level']=66},
