    [17273003] = {['id']=17273003, ['name']="GoblinRobber", ['index']=171, ['level']=42},
    [17273024] = {['id']=17273024, ['name']="Ogrefly", ['index']=192, ['level']=41},
    [17273030] = {['id']=17273030, ['name']="Ogrefly", ['index']=198, ['level']=41},
    [17273031] = {['id']=17273031, ['name']="Ogrefly", ['index']=199, ['level']=41},
    [17273002] = {['id']=17273002, ['name']="GoblinRobber", ['index']=170, ['level']=43},
    [17273241] = {['id']=17273241, ['name']="Myxomycete", ['index']=409, ['level']=41},
    [17272915] = {['id']=17272915, ['name']="ElusiveEdwin", ['index']=83, ['level']=46},
    [17272911] = {['id']=17272911, ['name']="Ogrefly", ['index']=79, ['level']=43},
    [17272912] = {['id']=17272912, ['name']="Ogrefly", ['index']=80, ['level']=42},
    [17272910] = {['id']=17272910, ['name']="Ogrefly", ['index']=78, ['level']=41},
    [17272909] = {['id']=17272909, ['name']="Ogrefly", ['index']=77, ['level']=42},
    [17272961] = {['id']=17272961, ['name']="Ogrefly", ['index']=129, ['level']=43},
    [17272962] = {['id']=17272962, ['name']="GoobbueGardene", ['index']=130, ['level']=42},
    [17272965] = {['id']=17272965, ['name']="Ogrefly", ['index']=133, ['level']=42},
    [17272964] = {['id']=17272964, ['name']="Ogrefly", ['index']=132, ['level']=43},
    [17272963] = {['id']=17272963, ['name']="Ogrefly", ['index']=131, ['level']=42},
    [17272970] = {['id']=17272970, ['name']="Ogrefly", ['index']=138, ['level']=42},
    [17272968] = {['id']=17272968, ['name']="GoobbueGardene", ['index']=136, ['level']=40},
    [17272972] = {['id']=17272972, ['name']="Ogrefly", ['index']=140, ['level']=41},
    [17272993] = {['id']=17272993, ['name']="RockGolem", ['index']=161, ['level']=49},
    [17272969] = {['id']=17272969, ['name']="Ogrefly", ['index']=137, ['level']=41},
    [17272971] = {['id']=17272971, ['name']="Ogrefly", ['index']=139, ['level']=41},
    [17272981] = {['id']=17272981, ['name']="Ogrefly", ['index']=149, ['level']=41},
    [17272977] = {['id']=17272977, ['name']="GoobbueGardene", ['index']=145, ['level']=40},
    [17272979] = {['id']=17272979, ['name']="Ogrefly", ['index']=147, ['level']=41},
    [17272976] = {['id']=17272976, ['name']="GoobbueGardene", ['index']=144, ['level']=40},
    [17272982] = {['id']=17272982, ['name']="Ogrefly", ['index']=150, ['level']=44},
    [17272995] = {['id']=17272995, ['name']="GoobbueParasit", ['index']=163, ['level']=44},
    [17272996] = {['id']=17272996, ['name']="GoobbueParasit", ['index']=164, ['level']=42},
    [17272980] = {['id']=17272980, ['name']="Ogrefly", ['index']=148, ['level']=44},
    [17272983] = {['id']=17272983, ['name']="Ogrefly", ['index']=151, ['level']=41},
    [17272987] = {['id']=17272987, ['name']="Ogrefly", ['index']=155, ['level']=44},
    [17272989] = {['id']=17272989, ['name']="Ogrefly", ['index']=157, ['level']=43},
    [17272988] = {['id']=17272988, ['name']="Ogrefly", ['index']=156, ['level']=41},
    [17272905] = {['id']=17272905, ['name']="GoblinFurrier", ['index']=73, ['level']=32},
    [17272903] = {['id']=17272903, ['name']="GoblinSmithy", ['index']=71, ['level']=33},
    [17272904] = {['id']=17272904, ['name']="GoblinSmithy", ['index']=72, ['level']=33},
    [17272919] = {['id']=17272919, ['name']="GoblinFurrier", ['index']=87, ['level']=34},
    [17272918] = {['id']=17272918, ['name']="GoblinSmithy", ['index']=86, ['level']=31},
    [17272920] = {['id']=17272920, ['name']="GoblinFurrier", ['index']=88, ['level']=33},
    [17272921] = {['id']=17272921, ['name']="GoblinFurrier", ['index']=89, ['level']=34},
    [17272903] = {['id']=17272903, ['name']="GoblinSmithy", ['index']=71, ['level']=33},
    [17272904] = {['id']=17272904, ['name']="GoblinSmithy", ['index']=72, ['level']=33},
    [17272905] = {['id']=17272905, ['name']="GoblinFurrier", ['index']=73, ['level']=32},
    [17272916] = {['id']=17272916, ['name']="AncientBat", ['index']=84, ['level']=26},
    [17272918] = {['id']=17272918, ['name']="GoblinSmithy", ['index']=86, ['level']=31},
    [17272919] = {['id']=17272919, ['name']="GoblinFurrier", ['index']=87, ['level']=34},
    [17272920] = {['id']=17272920, ['name']="GoblinFurrier", ['index']=88, ['level']=33},
    [17272921] = {['id']=17272921, ['name']="GoblinFurrier", ['index']=89, ['level']=34},
    [17272923] = {['id']=17272923, ['name']="AncientBat", ['index']=91, ['level']=26},
    [17272965] = {['id']=17272965, ['name']="Ogrefly", ['index']=133, ['level']=42},
    [17272911] = {['id']=17272911, ['name']="Ogrefly", ['index']=79, ['level']=43},
    [17272912] = {['id']=17272912, ['name']="Ogrefly", ['index']=80, ['level']=42},
    [17272913] = {['id']=17272913, ['name']="LesserGaylas", ['index']=81, ['level']=40},
    [17272914] = {['id']=17272914, ['name']="LesserGaylas", ['index']=82, ['level']=42},
    [17272973] = {['id']=17272973, ['name']="LesserGaylas", ['index']=141, ['level']=41},
    [17273002] = {['id']=17273002, ['name']="GoblinRobber", ['index']=170, ['level']=43},
    [17273003] = {['id']=17273003, ['name']="GoblinRobber", ['index']=171, ['level']=42},
    [17273004] = {['id']=17273004, ['name']="LesserGaylas", ['index']=172, ['level']=42},
    [17273023] = {['id']=17273023, ['name']="Ogrefly", ['index']=191, ['level']=43},
    [17273024] = {['id']=17273024, ['name']="Ogrefly", ['index']=192, ['level']=41},
    [17273029] = {['id']=17273029, ['name']="Ogrefly", ['index']=197, ['level']=41},
    [17273030] = {['id']=17273030, ['name']="Ogrefly", ['index']=198, ['level']=41},
    [17273031] = {['id']=17273031, ['name']="Ogrefly", ['index']=199, ['level']=41},
    [17273032] = {['id']=17273032, ['name']="LesserGaylas", ['index']=200, ['level']=41},
    [17273034] = {['id']=17273034, ['name']="LesserGaylas", ['index']=202, ['level']=42},
    [17273241] = {['id']=17273241, ['name']="Myxomycete", ['index']=409, ['level']=41},
    [17273022] = {['id']=17273022, ['name']="GoblinRobber", ['index']=190, ['level']=42},
    [17273025] = {['id']=17273025, ['name']="LesserGaylas", ['index']=193, ['level']=41},
    [17273027] = {['id']=17273027, ['name']="LesserGaylas", ['index']=195, ['level']=41},
    [17273267] = {['id']=17273267, ['name']="Myxomycete", ['index']=435, ['level']=43},
    [17273018] = {['id']=17273018, ['name']="Ogrefly", ['index']=186, ['level']=42},
    [17273014] = {['id']=17273014, ['name']="GoblinTrader", ['index']=182, ['level']=45},
    [17273015] = {['id']=17273015, ['name']="Goblin\'sLeech", ['index']=183, ['level']=37},
    [17273016] = {['id']=17273016, ['name']="GoblinRobber", ['index']=184, ['level']=42},
    [17273017] = {['id']=17273017, ['name']="Ogrefly", ['index']=185, ['level']=42},
    [17273021] = {['id']=17273021, ['name']="LesserGaylas", ['index']=189, ['level']=40},
    [17273078] = {['id']=17273078, ['name']="RockGolem", ['index']=246, ['level']=49},
    [17273082] = {['id']=17273082, ['name']="GoobbueParasit", ['index']=250, ['level']=44},
    [17273083] = {['id']=17273083, ['name']="GoobbueParasit", ['index']=251, ['level']=43},
    [17273260] = {['id']=17273260, ['name']="Myxomycete", ['index']=428, ['level']=44},
    [17273035] = {['id']=17273035, ['name']="GoblinTrader", ['index']=203, ['level']=42},
    [17273036] = {['id']=17273036, ['name']="Goblin\'sLeech", ['index']=204, ['level']=36},
    [17273040] = {['id']=17273040, ['name']="LesserGaylas", ['index']=208, ['level']=41},
    [17273007] = {['id']=17273007, ['name']="GoblinTrader", ['index']=175, ['level']=42},
    [17273008] = {['id']=17273008, ['name']="Goblin\'sLeech", ['index']=176, ['level']=35},
    [17273009] = {['id']=17273009, ['name']="GoblinRobber", ['index']=177, ['level']=46},
    [17273010] = {['id']=17273010, ['name']="Ogrefly", ['index']=178, ['level']=41},
    [17273011] = {['id']=17273011, ['name']="Ogrefly", ['index']=179, ['level']=42},
    [17273012] = {['id']=17273012, ['name']="LesserGaylas", ['index']=180, ['level']=40},
    [17273014] = {['id']=17273014, ['name']="GoblinTrader", ['index']=182, ['level']=45},
    [17273015] = {['id']=17273015, ['name']="Goblin\'sLeech", ['index']=183, ['level']=37},
    [17273016] = {['id']=17273016, ['name']="GoblinRobber", ['index']=184, ['level']=42},
    [17273017] = {['id']=17273017, ['name']="Ogrefly", ['index']=185, ['level']=42},
    [17273018] = {['id']=17273018, ['name']="Ogrefly", ['index']=186, ['level']=42},
    [17273021] = {['id']=17273021, ['name']="LesserGaylas", ['index']=189, ['level']=40},
    [17273035] = {['id']=17273035, ['name']="GoblinTrader", ['index']=203, ['level']=42},
    [17273036] = {['id']=17273036, ['name']="Goblin\'sLeech", ['index']=204, ['level']=36},
    [17273037] = {['id']=17273037, ['name']="GoblinRobber", ['index']=205, ['level']=44},
    [17273078] = {['id']=17273078, ['name']="RockGolem", ['index']=246, ['level']=49},
    [17273082] = {['id']=17273082, ['name']="GoobbueParasit", ['index']=250, ['level']=44},
    [17273083] = {['id']=17273083, ['name']="GoobbueParasit", ['index']=251, ['level']=43},
    [17273258] = {['id']=17273258, ['name']="Myxomycete", ['index']=426, ['level']=45},
    [17273260] = {['id']=17273260, ['name']="Myxomycete", ['index']=428, ['level']=44},
    [17273366] = {['id']=17273366, ['name']="Ajimo-Majimo,W", ['index']=534, ['level']=0},
    [17273374] = {['id']=17273374, ['name']="Kasim", ['index']=542, ['level']=0},
    [17273421] = {['id']=17273421, ['name']="FieldManual", ['index']=589, ['level']=0},
    [17273434] = {['id']=17273434, ['name']="SurvivalGuide", ['index']=602, ['level']=0},
    [17273007] = {['id']=17273007, ['name']="GoblinTrader", ['index']=175, ['level']=42},
    [17273009] = {['id']=17273009, ['name']="GoblinRobber", ['index']=177, ['level']=46},
    [17273010] = {['id']=17273010, ['name']="Ogrefly", ['index']=178, ['level']=41},
    [17273011] = {['id']=17273011, ['name']="Ogrefly", ['index']=179, ['level']=42},
    [17273012] = {['id']=17273012, ['name']="LesserGaylas", ['index']=180, ['level']=40},
    [17273014] = {['id']=17273014, ['name']="GoblinTrader", ['index']=182, ['level']=45},
    [17273015] = {['id']=17273015, ['name']="Goblin\'sLeech", ['index']=183, ['level']=37},
    [17273016] = {['id']=17273016, ['name']="GoblinRobber", ['index']=184, ['level']=42},
    [17273017] = {['id']=17273017, ['name']="Ogrefly", ['index']=185, ['level']=42},
    [17273018] = {['id']=17273018, ['name']="Ogrefly", ['index']=186, ['level']=42},
    [17273021] = {['id']=17273021, ['name']="LesserGaylas", ['index']=189, ['level']=40},
    [17273078] = {['id']=17273078, ['name']="RockGolem", ['index']=246, ['level']=49},
    [17273082] = {['id']=17273082, ['name']="GoobbueParasit", ['index']=250, ['level']=44},
    [17273083] = {['id']=17273083, ['name']="GoobbueParasit", ['index']=251, ['level']=43},
    [17273258] = {['id']=17273258, ['name']="Myxomycete", ['index']=426, ['level']=45},
    [17273260] = {['id']=17273260, ['name']="Myxomycete", ['index']=428, ['level']=44},
    [17273008] = {['id']=17273008, ['name']="Goblin\'sLeech", ['index']=176, ['level']=35},
    [17272998] = {['id']=17272998, ['name']="GoblinRobber", ['index']=166, ['level']=44},
    [17272997] = {['id']=17272997, ['name']="GoblinRobber", ['index']=165, ['level']=45},
    [17273000] = {['id']=17273000, ['name']="LesserGaylas", ['index']=168, ['level']=42},
    [17273234] = {['id']=17273234, ['name']="Myxomycete", ['index']=402, ['level']=44},
    [17272855] = {['id']=17272855, ['name']="GoblinMugger", ['index']=23, ['level']=29},
    [17272860] = {['id']=17272860, ['name']="AncientBat", ['index']=28, ['level']=26},
    [17272999] = {['id']=17272999, ['name']="LesserGaylas", ['index']=167, ['level']=42},
    [17272858] = {['id']=17272858, ['name']="AncientBat", ['index']=26, ['level']=27},
    [17272856] = {['id']=17272856, ['name']="GoblinGambler", ['index']=24, ['level']=29},
    [17273229] = {['id']=17273229, ['name']="Myxomycete", ['index']=397, ['level']=44},
    [17272859] = {['id']=17272859, ['name']="AncientBat", ['index']=27, ['level']=27},
    [17272857] = {['id']=17272857, ['name']="GoblinGambler", ['index']=25, ['level']=27},
    [17272854] = {['id']=17272854, ['name']="GoblinMugger", ['index']=22, ['level']=28},
    [17273231] = {['id']=17273231, ['name']="Myxomycete", ['index']=399, ['level']=42},
    [17272865] = {['id']=17272865, ['name']="GoblinMugger", ['index']=33, ['level']=28},
    [17272868] = {['id']=17272868, ['name']="GoblinGambler", ['index']=36, ['level']=28},
    [17272871] = {['id']=17272871, ['name']="AncientBat", ['index']=39, ['level']=26},
    [17273232] = {['id']=17273232, ['name']="Myxomycete", ['index']=400, ['level']=46},
    [17272867] = {['id']=17272867, ['name']="GoblinGambler", ['index']=35, ['level']=29},
    [17272866] = {['id']=17272866, ['name']="GoblinMugger", ['index']=34, ['level']=29},
    [17272870] = {['id']=17272870, ['name']="AncientBat", ['index']=38, ['level']=28},
    [17272949] = {['id']=17272949, ['name']="GoobbueParasit", ['index']=117, ['level']=44},
    [17272948] = {['id']=17272948, ['name']="GoobbueParasit", ['index']=116, ['level']=45},
    [17272869] = {['id']=17272869, ['name']="GoblinGambler", ['index']=37, ['level']=28},
    [17272958] = {['id']=17272958, ['name']="Huwasi", ['index']=126, ['level']=64},
    [17273235] = {['id']=17273235, ['name']="Myxomycete", ['index']=403, ['level']=44},
    [17272872] = {['id']=17272872, ['name']="AncientBat", ['index']=40, ['level']=28},
    [17272876] = {['id']=17272876, ['name']="AncientBat", ['index']=44, ['level']=26},
    [17272873] = {['id']=17272873, ['name']="GoblinLeecher", ['index']=41, ['level']=27},
    [17272875] = {['id']=17272875, ['name']="AncientBat", ['index']=43, ['level']=28},
    [17273237] = {['id']=17273237, ['name']="Myxomycete", ['index']=405, ['level']=46},
    [17272884] = {['id']=17272884, ['name']="GoblinLeecher", ['index']=52, ['level']=28},
    [17272874] = {['id']=17272874, ['name']="GoblinLeecher", ['index']=42, ['level']=25},
    [17272886] = {['id']=17272886, ['name']="AncientBat", ['index']=54, ['level']=26},
    [17272883] = {['id']=17272883, ['name']="GoblinGambler", ['index']=51, ['level']=25},
    [17272885] = {['id']=17272885, ['name']="GoblinLeecher", ['index']=53, ['level']=25},
    [17272888] = {['id']=17272888, ['name']="AncientBat", ['index']=56, ['level']=27},
    [17272882] = {['id']=17272882, ['name']="GoblinMugger", ['index']=50, ['level']=25},
    [17272887] = {['id']=17272887, ['name']="AncientBat", ['index']=55, ['level']=27},
    [17272879] = {['id']=17272879, ['name']="AncientBat", ['index']=47, ['level']=27},
    [17272890] = {['id']=17272890, ['name']="GoblinLeecher", ['index']=58, ['level']=27},
    [17272893] = {['id']=17272893, ['name']="AncientBat", ['index']=61, ['level']=27},
    [17272891] = {['id']=17272891, ['name']="GoblinSmithy", ['index']=59, ['level']=32},
    [17272892] = {['id']=17272892, ['name']="AncientBat", ['index']=60, ['level']=27},
    [17272894] = {['id']=17272894, ['name']="AncientBat", ['index']=62, ['level']=26},
    [17272905] = {['id']=17272905, ['name']="GoblinFurrier", ['index']=73, ['level']=32},
    [17272908] = {['id']=17272908, ['name']="AncientBat", ['index']=76, ['level']=27},
    [17272909] = {['id']=17272909, ['name']="Ogrefly", ['index']=77, ['level']=42},
    [17272910] = {['id']=17272910, ['name']="Ogrefly", ['index']=78, ['level']=41},
    [17272911] = {['id']=17272911, ['name']="Ogrefly", ['index']=79, ['level']=43},
    [17272912] = {['id']=17272912, ['name']="Ogrefly", ['index']=80, ['level']=42},
    [17272913] = {['id']=17272913, ['name']="LesserGaylas", ['index']=81, ['level']=40},
    [17272914] = {['id']=17272914, ['name']="LesserGaylas", ['index']=82, ['level']=42},
    [17273002] = {['id']=17273002, ['name']="GoblinRobber", ['index']=170, ['level']=43},
    [17273003] = {['id']=17273003, ['name']="GoblinRobber", ['index']=171, ['level']=42},
    [17273004] = {['id']=17273004, ['name']="LesserGaylas", ['index']=172, ['level']=42},
    [17273005] = {['id']=17273005, ['name']="LesserGaylas", ['index']=173, ['level']=40},
    [17273024] = {['id']=17273024, ['name']="Ogrefly", ['index']=192, ['level']=41},
    [17273029] = {['id']=17273029, ['name']="Ogrefly", ['index']=197, ['level']=41},
    [17273030] = {['id']=17273030, ['name']="Ogrefly", ['index']=198, ['level']=41},
    [17273031] = {['id']=17273031, ['name']="Ogrefly", ['index']=199, ['level']=41},
    [17273032] = {['id']=17273032, ['name']="LesserGaylas", ['index']=200, ['level']=41},
    [17273033] = {['id']=17273033, ['name']="LesserGaylas", ['index']=201, ['level']=40},
    [17273034] = {['id']=17273034, ['name']="LesserGaylas", ['index']=202, ['level']=42},
    [17273239] = {['id']=17273239, ['name']="Myxomycete", ['index']=407, ['level']=46},
    [17273241] = {['id']=17273241, ['name']="Myxomycete", ['index']=409, ['level']=41},
    [17272904] = {['id']=17272904, ['name']="GoblinSmithy", ['index']=72, ['level']=33},
    [17273023] = {['id']=17273023, ['name']="Ogrefly", ['index']=191, ['level']=43},
    [17273027] = {['id']=17273027, ['name']="LesserGaylas", ['index']=195, ['level']=41},
    [17272889] = {['id']=17272889, ['name']="GoblinLeecher", ['index']=57, ['level']=25},
    [17272902] = {['id']=17272902, ['name']="AncientBat", ['index']=70, ['level']=27},
    [17273243] = {['id']=17273243, ['name']="Myxomycete", ['index']=411, ['level']=46},
    [17272901] = {['id']=17272901, ['name']="AncientBat", ['index']=69, ['level']=26},
    [17272895] = {['id']=17272895, ['name']="GoblinLeecher", ['index']=63, ['level']=25},
    [17272896] = {['id']=17272896, ['name']="GoblinSmithy", ['index']=64, ['level']=33},
    [17272897] = {['id']=17272897, ['name']="GoblinSmithy", ['index']=65, ['level']=31},
    [17272900] = {['id']=17272900, ['name']="AncientBat", ['index']=68, ['level']=28},
    [17272899] = {['id']=17272899, ['name']="AncientBat", ['index']=67, ['level']=26},
    [17272903] = {['id']=17272903, ['name']="GoblinSmithy", ['index']=71, ['level']=33},
    [17272916] = {['id']=17272916, ['name']="AncientBat", ['index']=84, ['level']=26},
    [17272917] = {['id']=17272917, ['name']="AncientBat", ['index']=85, ['level']=28},
    [17272953] = {['id']=17272953, ['name']="GoobbueParasit", ['index']=121, ['level']=45},
    [17272959] = {['id']=17272959, ['name']="RockGolem", ['index']=127, ['level']=50},
    [17272952] = {['id']=17272952, ['name']="GoobbueParasit", ['index']=120, ['level']=44},
    [17272898] = {['id']=17272898, ['name']="GoblinSmithy", ['index']=66, ['level']=34},
    [17272907] = {['id']=17272907, ['name']="AncientBat", ['index']=75, ['level']=28},
    [17272906] = {['id']=17272906, ['name']="AncientBat", ['index']=74, ['level']=26},
    [17272918] = {['id']=17272918, ['name']="GoblinSmithy", ['index']=86, ['level']=31},
    [17272922] = {['id']=17272922, ['name']="AncientBat", ['index']=90, ['level']=26},
    [17272961] = {['id']=17272961, ['name']="Ogrefly", ['index']=129, ['level']=43},
    [17272925] = {['id']=17272925, ['name']="LesserGaylas", ['index']=93, ['level']=41},
    [17272926] = {['id']=17272926, ['name']="LesserGaylas", ['index']=94, ['level']=41},
    [17272928] = {['id']=17272928, ['name']="GoobbueGardene", ['index']=96, ['level']=43},
    [17272927] = {['id']=17272927, ['name']="GoobbueGardene", ['index']=95, ['level']=43},
    [17272932] = {['id']=17272932, ['name']="LesserGaylas", ['index']=100, ['level']=39},
    [17272933] = {['id']=17272933, ['name']="LesserGaylas", ['index']=101, ['level']=39},
    [17272954] = {['id']=17272954, ['name']="GoobbueParasit", ['index']=122, ['level']=42},
    [17272955] = {['id']=17272955, ['name']="GoobbueParasit", ['index']=123, ['level']=45},
    [17273245] = {['id']=17273245, ['name']="Myxomycete", ['index']=413, ['level']=43},
    [17273246] = {['id']=17273246, ['name']="Myxomycete", ['index']=414, ['level']=45},
    [17272929] = {['id']=17272929, ['name']="GoobbueGardene", ['index']=97, ['level']=41},
    [17272931] = {['id']=17272931, ['name']="LesserGaylas", ['index']=99, ['level']=39},
    [17272898] = {['id']=17272898, ['name']="GoblinSmithy", ['index']=66, ['level']=34},
    [17272925] = {['id']=17272925, ['name']="LesserGaylas", ['index']=93, ['level']=41},
    [17272926] = {['id']=17272926, ['name']="LesserGaylas", ['index']=94, ['level']=41},
    [17272932] = {['id']=17272932, ['name']="LesserGaylas", ['index']=100, ['level']=39},
    [17273248] = {['id']=17273248, ['name']="Myxomycete", ['index']=416, ['level']=44},
    [17272928] = {['id']=17272928, ['name']="GoobbueGardene", ['index']=96, ['level']=43},
    [17273245] = {['id']=17273245, ['name']="Myxomycete", ['index']=413, ['level']=43},
    [17272927] = {['id']=17272927, ['name']="GoobbueGardene", ['index']=95, ['level']=43},
    [17273246] = {['id']=17273246, ['name']="Myxomycete", ['index']=414, ['level']=45},
    [17272954] = {['id']=17272954, ['name']="GoobbueParasit", ['index']=122, ['level']=42},
    [17272929] = {['id']=17272929, ['name']="GoobbueGardene", ['index']=97, ['level']=41},
    [17272933] = {['id']=17272933, ['name']="LesserGaylas", ['index']=101, ['level']=39},
    [17272955] = {['id']=17272955, ['name']="GoobbueParasit", ['index']=123, ['level']=45},
    [17272931] = {['id']=17272931, ['name']="LesserGaylas", ['index']=99, ['level']=39},
    [17272930] = {['id']=17272930, ['name']="GoobbueGardene", ['index']=98, ['level']=41},
    [17273250] = {['id']=17273250, ['name']="Myxomycete", ['index']=418, ['level']=42},
    [17272936] = {['id']=17272936, ['name']="GoobbueGardene", ['index']=104, ['level']=43},
    [17272940] = {['id']=17272940, ['name']="LesserGaylas", ['index']=108, ['level']=40},
    [17273250] = {['id']=17273250, ['name']="Myxomycete", ['index']=418, ['level']=42},
    [17272937] = {['id']=17272937, ['name']="GoobbueGardene", ['index']=105, ['level']=42},
    [17272930] = {['id']=17272930, ['name']="GoobbueGardene", ['index']=98, ['level']=41},
    [17272936] = {['id']=17272936, ['name']="GoobbueGardene", ['index']=104, ['level']=43},
    [17273248] = {['id']=17273248, ['name']="Myxomycete", ['index']=416, ['level']=44},
    [17272939] = {['id']=17272939, ['name']="LesserGaylas", ['index']=107, ['level']=39},
    [17272938] = {['id']=17272938, ['name']="LesserGaylas", ['index']=106, ['level']=39},
    [17272940] = {['id']=17272940, ['name']="LesserGaylas", ['index']=108, ['level']=40},
    [17273252] = {['id']=17273252, ['name']="Myxomycete", ['index']=420, ['level']=46},
    [17273251] = {['id']=17273251, ['name']="Myxomycete", ['index']=419, ['level']=45},
    [17272935] = {['id']=17272935, ['name']="GoobbueGardene", ['index']=103, ['level']=43},
    [17273254] = {['id']=17273254, ['name']="Myxomycete", ['index']=422, ['level']=41},
    [17272945] = {['id']=17272945, ['name']="LesserGaylas", ['index']=113, ['level']=41},
    [17272943] = {['id']=17272943, ['name']="LesserGaylas", ['index']=111, ['level']=41},
    [17272942] = {['id']=17272942, ['name']="GoobbueGardene", ['index']=110, ['level']=40},
    [17272941] = {['id']=17272941, ['name']="GoobbueGardene", ['index']=109, ['level']=40},
    [17272944] = {['id']=17272944, ['name']="LesserGaylas", ['index']=112, ['level']=41},
    [17273255] = {['id']=17273255, ['name']="Myxomycete", ['index']=423, ['level']=41},
    [17272929] = {['id']=17272929, ['name']="GoobbueGardene", ['index']=97, ['level']=41},
    [17272927] = {['id']=17272927, ['name']="GoobbueGardene", ['index']=95, ['level']=43},
    [17272931] = {['id']=17272931, ['name']="LesserGaylas", ['index']=99, ['level']=39},
    [17273246] = {['id']=17273246, ['name']="Myxomycete", ['index']=414, ['level']=45},
    [17272925] = {['id']=17272925, ['name']="LesserGaylas", ['index']=93, ['level']=41},
    [17272926] = {['id']=17272926, ['name']="LesserGaylas", ['index']=94, ['level']=41},
    [17272954] = {['id']=17272954, ['name']="GoobbueParasit", ['index']=122, ['level']=42},
    [17272955] = {['id']=17272955, ['name']="GoobbueParasit", ['index']=123, ['level']=45},
    [17273245] = {['id']=17273245, ['name']="Myxomycete", ['index']=413, ['level']=43},
    [17272932] = {['id']=17272932, ['name']="LesserGaylas", ['index']=100, ['level']=39},
    [17272928] = {['id']=17272928, ['name']="GoobbueGardene", ['index']=96, ['level']=43},
    [17272933] = {['id']=17272933, ['name']="LesserGaylas", ['index']=101, ['level']=39},
    [17272850] = {['id']=17272850, ['name']="GoblinGambler", ['index']=18, ['level']=25},
    [17272851] = {['id']=17272851, ['name']="AncientBat", ['index']=19, ['level']=28},
    [17272853] = {['id']=17272853, ['name']="AncientBat", ['index']=21, ['level']=27},
    [17272854] = {['id']=17272854, ['name']="GoblinMugger", ['index']=22, ['level']=28},
    [17272855] = {['id']=17272855, ['name']="GoblinMugger", ['index']=23, ['level']=29},
    [17272856] = {['id']=17272856, ['name']="GoblinGambler", ['index']=24, ['level']=29},
    [17272857] = {['id']=17272857, ['name']="GoblinGambler", ['index']=25, ['level']=27},
    [17272858] = {['id']=17272858, ['name']="AncientBat", ['index']=26, ['level']=27},
    [17272859] = {['id']=17272859, ['name']="AncientBat", ['index']=27, ['level']=27},
    [17272860] = {['id']=17272860, ['name']="AncientBat", ['index']=28, ['level']=26},
    [17272865] = {['id']=17272865, ['name']="GoblinMugger", ['index']=33, ['level']=28},
    [17272867] = {['id']=17272867, ['name']="GoblinGambler", ['index']=35, ['level']=29},
    [17272871] = {['id']=17272871, ['name']="AncientBat", ['index']=39, ['level']=26},
    [17272956] = {['id']=17272956, ['name']="RockGolem", ['index']=124, ['level']=50},
    [17272997] = {['id']=17272997, ['name']="GoblinRobber", ['index']=165, ['level']=45},
    [17272998] = {['id']=17272998, ['name']="GoblinRobber", ['index']=166, ['level']=44},
    [17272999] = {['id']=17272999, ['name']="LesserGaylas", ['index']=167, ['level']=42},
    [17273000] = {['id']=17273000, ['name']="LesserGaylas", ['index']=168, ['level']=42},
    [17273001] = {['id']=17273001, ['name']="WaterElemental", ['index']=169, ['level']=49},
    [17273009] = {['id']=17273009, ['name']="GoblinRobber", ['index']=177, ['level']=46},
    [17273011] = {['id']=17273011, ['name']="Ogrefly", ['index']=179, ['level']=42},
    [17273012] = {['id']=17273012, ['name']="LesserGaylas", ['index']=180, ['level']=40},
    [17273229] = {['id']=17273229, ['name']="Myxomycete", ['index']=397, ['level']=44},
    [17273231] = {['id']=17273231, ['name']="Myxomycete", ['index']=399, ['level']=42},
    [17273234] = {['id']=17273234, ['name']="Myxomycete", ['index']=402, ['level']=44},
    [17272847] = {['id']=17272847, ['name']="GoblinMugger", ['index']=15, ['level']=25},
    [17272852] = {['id']=17272852, ['name']="AncientBat", ['index']=20, ['level']=26},
    [17272848] = {['id']=17272848, ['name']="GoblinMugger", ['index']=16, ['level']=29},
    [17272946] = {['id']=17272946, ['name']="GoobbueParasit", ['index']=114, ['level']=44},
    [17272947] = {['id']=17272947, ['name']="GoobbueParasit", ['index']=115, ['level']=45},
    [17272849] = {['id']=17272849, ['name']="GoblinMugger", ['index']=17, ['level']=29},
    [17273226] = {['id']=17273226, ['name']="Myxomycete", ['index']=394, ['level']=43},
    [17272840] = {['id']=17272840, ['name']="GoblinMugger", ['index']=8, ['level']=26},
    [17272843] = {['id']=17272843, ['name']="GoblinGambler", ['index']=11, ['level']=26},
    [17272845] = {['id']=17272845, ['name']="AncientBat", ['index']=13, ['level']=26},
    [17272846] = {['id']=17272846, ['name']="AncientBat", ['index']=14, ['level']=26},
    [17272841] = {['id']=17272841, ['name']="GoblinMugger", ['index']=9, ['level']=25},
    [17272842] = {['id']=17272842, ['name']="GoblinMugger", ['index']=10, ['level']=27},
    [17272844] = {['id']=17272844, ['name']="AncientBat", ['index']=12, ['level']=28},
    [17273420] = {['id']=17273420, ['name']="FieldManual", ['index']=588, ['level']=0},
    [17273007] = {['id']=17273007, ['name']="GoblinTrader", ['index']=175, ['level']=42},
    [17273008] = {['id']=17273008, ['name']="Goblin\'sLeech", ['index']=176, ['level']=35},
    [17273010] = {['id']=17273010, ['name']="Ogrefly", ['index']=178, ['level']=41},
    [17273013] = {['id']=17273013, ['name']="LesserGaylas", ['index']=181, ['level']=41},
    [17273014] = {['id']=17273014, ['name']="GoblinTrader", ['index']=182, ['level']=45},
    [17273015] = {['id']=17273015, ['name']="Goblin\'sLeech", ['index']=183, ['level']=37},
    [17273016] = {['id']=17273016, ['name']="GoblinRobber", ['index']=184, ['level']=42},
    [17273017] = {['id']=17273017, ['name']="Ogrefly", ['index']=185, ['level']=42},
    [17273018] = {['id']=17273018, ['name']="Ogrefly", ['index']=186, ['level']=42},
    [17273021] = {['id']=17273021, ['name']="LesserGaylas", ['index']=189, ['level']=40},
    [17273041] = {['id']=17273041, ['name']="LesserGaylas", ['index']=209, ['level']=39},
    [17273078] = {['id']=17273078, ['name']="RockGolem", ['index']=246, ['level']=49},
    [17273082] = {['id']=17273082, ['name']="GoobbueParasit", ['index']=250, ['level']=44},
    [17273083] = {['id']=17273083, ['name']="GoobbueParasit", ['index']=251, ['level']=43},
    [17273258] = {['id']=17273258, ['name']="Myxomycete", ['index']=426, ['level']=45},
    [17273260] = {['id']=17273260, ['name']="Myxomycete", ['index']=428, ['level']=44},
    [17273366] = {['id']=17273366, ['name']="Ajimo-Majimo,W", ['index']=534, ['level']=0},
    [17273374] = {['id']=17273374, ['name']="Kasim", ['index']=542, ['level']=0},
    [17273421] = {['id']=17273421, ['name']="FieldManual", ['index']=589, ['level']=0},
    [17273434] = {['id']=17273434, ['name']="SurvivalGuide", ['index']=602, ['level']=0},
    [17273020] = {['id']=17273020, ['name']="LesserGaylas", ['index']=188, ['level']=40},
    [17273019] = {['id']=17273019, ['name']="Ogrefly", ['index']=187, ['level']=41},
    [17273022] = {['id']=17273022, ['name']="GoblinRobber", ['index']=190, ['level']=42},
    [17273023] = {['id']=17273023, ['name']="Ogrefly", ['index']=191, ['level']=43},
    [17273024] = {['id']=17273024, ['name']="Ogrefly", ['index']=192, ['level']=41},
    [17273025] = {['id']=17273025, ['name']="LesserGaylas", ['index']=193, ['level']=41},
    [17273026] = {['id']=17273026, ['name']="LesserGaylas", ['index']=194, ['level']=41},
    [17273027] = {['id']=17273027, ['name']="LesserGaylas", ['index']=195, ['level']=41},
    [17273267] = {['id']=17273267, ['name']="Myxomycete", ['index']=435, ['level']=43},
    [17273037] = {['id']=17273037, ['name']="GoblinRobber", ['index']=205, ['level']=44},
    [17273035] = {['id']=17273035, ['name']="GoblinTrader", ['index']=203, ['level']=42},
    [17273036] = {['id']=17273036, ['name']="Goblin\'sLeech", ['index']=204, ['level']=36},
    [17273040] = {['id']=17273040, ['name']="LesserGaylas", ['index']=208, ['level']=41},
    [17273039] = {['id']=17273039, ['name']="Ogrefly", ['index']=207, ['level']=42},
    [17273038] = {['id']=17273038, ['name']="Ogrefly", ['index']=206, ['level']=43},
    [17273042] = {['id']=17273042, ['name']="LesserGaylas", ['index']=210, ['level']=42},
    [17273045] = {['id']=17273045, ['name']="GoblinRobber", ['index']=213, ['level']=46},
    [17273048] = {['id']=17273048, ['name']="Ogrefly", ['index']=216, ['level']=42},
    [17273312] = {['id']=17273312, ['name']="HoleyHorror", ['index']=480, ['level']=60},
    [17273049] = {['id']=17273049, ['name']="LesserGaylas", ['index']=217, ['level']=40},
    [17273046] = {['id']=17273046, ['name']="GoobbueParasit", ['index']=214, ['level']=43},
    [17273043] = {['id']=17273043, ['name']="GoblinTrader", ['index']=211, ['level']=46},
    [17273044] = {['id']=17273044, ['name']="Goblin\'sLeech", ['index']=212, ['level']=35},
    [17273047] = {['id']=17273047, ['name']="Ogrefly", ['index']=215, ['level']=44},
    [17273050] = {['id']=17273050, ['name']="LesserGaylas", ['index']=218, ['level']=41},
    [17273055] = {['id']=17273055, ['name']="Ogrefly", ['index']=223, ['level']=41},
    [17273060] = {['id']=17273060, ['name']="GoobbueParasit", ['index']=228, ['level']=44},
    [17273063] = {['id']=17273063, ['name']="GoobbueParasit", ['index']=231, ['level']=44},
    [17273084] = {['id']=17273084, ['name']="GoobbueParasit", ['index']=252, ['level']=42},
    [17273085] = {['id']=17273085, ['name']="GoobbueParasit", ['index']=253, ['level']=44},
    [17273086] = {['id']=17273086, ['name']="GoobbueParasit", ['index']=254, ['level']=45},
    [17273262] = {['id']=17273262, ['name']="Myxomycete", ['index']=430, ['level']=44},
    [17273263] = {['id']=17273263, ['name']="Myxomycete", ['index']=431, ['level']=46},
    [17273087] = {['id']=17273087, ['name']="GoobbueParasit", ['index']=255, ['level']=42},
    [17273070] = {['id']=17273070, ['name']="GoobbueParasit", ['index']=238, ['level']=43},
    [17273073] = {['id']=17273073, ['name']="GoobbueParasit", ['index']=241, ['level']=42},
    [17273058] = {['id']=17273058, ['name']="LesserGaylas", ['index']=226, ['level']=42},
    [17273072] = {['id']=17273072, ['name']="GoobbueParasit", ['index']=240, ['level']=43},
    [17273056] = {['id']=17273056, ['name']="Ogrefly", ['index']=224, ['level']=41},
    [17273051] = {['id']=17273051, ['name']="GoblinTrader", ['index']=219, ['level']=42},
    [17273071] = {['id']=17273071, ['name']="GoobbueParasit", ['index']=239, ['level']=42},
    [17273057] = {['id']=17273057, ['name']="LesserGaylas", ['index']=225, ['level']=41},
    [17273053] = {['id']=17273053, ['name']="GoblinRobber", ['index']=221, ['level']=43},
    [17273052] = {['id']=17273052, ['name']="Goblin\'sLeech", ['index']=220, ['level']=35},
    [17273313] = {['id']=17273313, ['name']="HoleyHorror", ['index']=481, ['level']=60},
    [17273054] = {['id']=17273054, ['name']="GoobbueParasit", ['index']=222, ['level']=43},
    [17273089] = {['id']=17273089, ['name']="GoobbueParasit", ['index']=257, ['level']=44},
    [17273090] = {['id']=17273090, ['name']="LesserGaylas", ['index']=258, ['level']=42},
    [17273075] = {['id']=17273075, ['name']="LesserGaylas", ['index']=243, ['level']=40},
    [17273076] = {['id']=17273076, ['name']="LesserGaylas", ['index']=244, ['level']=41},
    [17273091] = {['id']=17273091, ['name']="LesserGaylas", ['index']=259, ['level']=41},
    [17273264] = {['id']=17273264, ['name']="Myxomycete", ['index']=432, ['level']=43},
    [17273068] = {['id']=17273068, ['name']="GoblinTrader", ['index']=236, ['level']=46},
    [17273069] = {['id']=17273069, ['name']="Goblin\'sLeech", ['index']=237, ['level']=37},
    [17273314] = {['id']=17273314, ['name']="HoleyHorror", ['index']=482, ['level']=60},
    [17273092] = {['id']=17273092, ['name']="MasterCoeurl", ['index']=260, ['level']=46},
    [17273074] = {['id']=17273074, ['name']="Ogrefly", ['index']=242, ['level']=44},
    [17273265] = {['id']=17273265, ['name']="Myxomycete", ['index']=433, ['level']=45},
    [17273067] = {['id']=17273067, ['name']="LesserGaylas", ['index']=235, ['level']=42},
    [17273059] = {['id']=17273059, ['name']="GoblinRobber", ['index']=227, ['level']=43},
    [17273064] = {['id']=17273064, ['name']="Ogrefly", ['index']=232, ['level']=41},
    [17273081] = {['id']=17273081, ['name']="RockGolem", ['index']=249, ['level']=50},
    [17273061] = {['id']=17273061, ['name']="GoobbueParasit", ['index']=229, ['level']=44},
    [17273062] = {['id']=17273062, ['name']="GoobbueParasit", ['index']=230, ['level']=45},
    [17273066] = {['id']=17273066, ['name']="LesserGaylas", ['index']=234, ['level']=40},
    [17273065] = {['id']=17273065, ['name']="Ogrefly", ['index']=233, ['level']=42},
    [17273032] = {['id']=17273032, ['name']="LesserGaylas", ['index']=200, ['level']=41},
    [17273033] = {['id']=17273033, ['name']="LesserGaylas", ['index']=201, ['level']=40},
    [17273096] = {['id']=17273096, ['name']="GoobbueParasit", ['index']=264, ['level']=42},
    [17273095] = {['id']=17273095, ['name']="GoobbueParasit", ['index']=263, ['level']=45},
    [17273097] = {['id']=17273097, ['name']="LesserGaylas", ['index']=265, ['level']=39},
    [17273101] = {['id']=17273101, ['name']="LesserGaylas", ['index']=269, ['level']=40},
    [17273099] = {['id']=17273099, ['name']="GoobbueParasit", ['index']=267, ['level']=44},
    [17273098] = {['id']=17273098, ['name']="GoobbueParasit", ['index']=266, ['level']=43},
    [17273105] = {['id']=17273105, ['name']="ThunderElement", ['index']=273, ['level']=49},
    [17273103] = {['id']=17273103, ['name']="MasterCoeurl", ['index']=271, ['level']=47},
    [17273100] = {['id']=17273100, ['name']="GoobbueParasit", ['index']=268, ['level']=42},
    [17273102] = {['id']=17273102, ['name']="LesserGaylas", ['index']=270, ['level']=41},
    [17273117] = {['id']=17273117, ['name']="Ogrefly", ['index']=285, ['level']=41},
    [17273268] = {['id']=17273268, ['name']="Myxomycete", ['index']=436, ['level']=42},
    [17273114] = {['id']=17273114, ['name']="GoobbueParasit", ['index']=282, ['level']=45},
    [17273111] = {['id']=17273111, ['name']="GoblinReaper", ['index']=279, ['level']=46},
    [17273112] = {['id']=17273112, ['name']="GoblinReaper", ['index']=280, ['level']=43},
    [17273306] = {['id']=17273306, ['name']="SkeletonScuffl", ['index']=474, ['level']=58},
    [17273113] = {['id']=17273113, ['name']="GoblinPoacher", ['index']=281, ['level']=44},
    [17273307] = {['id']=17273307, ['name']="SkeletonScuffl", ['index']=475, ['level']=58},
    [17273124] = {['id']=17273124, ['name']="ThunderElement", ['index']=292, ['level']=49},
    [17273121] = {['id']=17273121, ['name']="GoobbueParasit", ['index']=289, ['level']=45},
    [17273122] = {['id']=17273122, ['name']="Ogrefly", ['index']=290, ['level']=42},
    [17273123] = {['id']=17273123, ['name']="Ogrefly", ['index']=291, ['level']=42},
    [17273120] = {['id']=17273120, ['name']="GoblinPoacher", ['index']=288, ['level']=46},
    [17273119] = {['id']=17273119, ['name']="GoblinPoacher", ['index']=287, ['level']=42},
    [17273116] = {['id']=17273116, ['name']="Ogrefly", ['index']=284, ['level']=42},
    [17273115] = {['id']=17273115, ['name']="GoobbueParasit", ['index']=283, ['level']=44},
    [17273135] = {['id']=17273135, ['name']="MasterCoeurl", ['index']=303, ['level']=45},
    [17273272] = {['id']=17273272, ['name']="Myxomycete", ['index']=440, ['level']=41},
    [17273273] = {['id']=17273273, ['name']="Myxomycete", ['index']=441, ['level']=41},
    [17273138] = {['id']=17273138, ['name']="MasterCoeurl", ['index']=306, ['level']=44},
    [17273136] = {['id']=17273136, ['name']="MasterCoeurl", ['index']=304, ['level']=47},
    [17273131] = {['id']=17273131, ['name']="Ogrefly", ['index']=299, ['level']=41},
    [17273129] = {['id']=17273129, ['name']="GoobbueParasit", ['index']=297, ['level']=42},
    [17273128] = {['id']=17273128, ['name']="GoobbueParasit", ['index']=296, ['level']=45},
    [17273130] = {['id']=17273130, ['name']="Ogrefly", ['index']=298, ['level']=44},
    [17273134] = {['id']=17273134, ['name']="RockGolem", ['index']=302, ['level']=49},
    [17273127] = {['id']=17273127, ['name']="GoblinPoacher", ['index']=295, ['level']=45},
    [17273118] = {['id']=17273118, ['name']="GoblinReaper", ['index']=286, ['level']=46},
    [17273271] = {['id']=17273271, ['name']="Myxomycete", ['index']=439, ['level']=41},
    [17273126] = {['id']=17273126, ['name']="GoblinPoacher", ['index']=294, ['level']=42},
    [17273125] = {['id']=17273125, ['name']="GoblinReaper", ['index']=293, ['level']=46},
    [17273308] = {['id']=17273308, ['name']="SkeletonScuffl", ['index']=476, ['level']=58},
    [17273269] = {['id']=17273269, ['name']="Myxomycete", ['index']=437, ['level']=46},
    [17273107] = {['id']=17273107, ['name']="GoblinPoacher", ['index']=275, ['level']=45},
    [17273110] = {['id']=17273110, ['name']="GoobbueParasit", ['index']=278, ['level']=44},
    [17273106] = {['id']=17273106, ['name']="GoblinPoacher", ['index']=274, ['level']=43},
    [17273108] = {['id']=17273108, ['name']="GoobbueParasit", ['index']=276, ['level']=43},
    [17273109] = {['id']=17273109, ['name']="GoobbueParasit", ['index']=277, ['level']=45},
    [17273088] = {['id']=17273088, ['name']="GoobbueParasit", ['index']=256, ['level']=43},
    [17273137] = {['id']=17273137, ['name']="MasterCoeurl", ['index']=305, ['level']=46},
    [17273146] = {['id']=17273146, ['name']="MasterCoeurl", ['index']=314, ['level']=45},
    [17273139] = {['id']=17273139, ['name']="HellHound", ['index']=307, ['level']=48},
    [17273142] = {['id']=17273142, ['name']="MasterCoeurl", ['index']=310, ['level']=45},
    [17273145] = {['id']=17273145, ['name']="WaterElemental", ['index']=313, ['level']=48},
    [17273141] = {['id']=17273141, ['name']="MasterCoeurl", ['index']=309, ['level']=47},
    [17273143] = {['id']=17273143, ['name']="HellHound", ['index']=311, ['level']=49},
    [17273152] = {['id']=17273152, ['name']="MasterCoeurl", ['index']=320, ['level']=44},
    [17273151] = {['id']=17273151, ['name']="RotProwler", ['index']=319, ['level']=53},
    [17273275] = {['id']=17273275, ['name']="Myxomycete", ['index']=443, ['level']=42},
    [17273153] = {['id']=17273153, ['name']="MasterCoeurl", ['index']=321, ['level']=47},
    [17273150] = {['id']=17273150, ['name']="RotProwler", ['index']=318, ['level']=49},
    [17273149] = {['id']=17273149, ['name']="RotProwler", ['index']=317, ['level']=49},
    [17273158] = {['id']=17273158, ['name']="LostSoul", ['index']=326, ['level']=55},
    [17273159] = {['id']=17273159, ['name']="MasterCoeurl", ['index']=327, ['level']=46},
    [17273276] = {['id']=17273276, ['name']="Myxomycete", ['index']=444, ['level']=42},
    [17273278] = {['id']=17273278, ['name']="NobleMold", ['index']=446, ['level']=49},
    [17273156] = {['id']=17273156, ['name']="RotProwler", ['index']=324, ['level']=51},
    [17273157] = {['id']=17273157, ['name']="RotProwler", ['index']=325, ['level']=49},
    [17273163] = {['id']=17273163, ['name']="RockGolem", ['index']=331, ['level']=50},
    [17273164] = {['id']=17273164, ['name']="Revenant", ['index']=332, ['level']=45},
    [17273180] = {['id']=17273180, ['name']="MasterCoeurl", ['index']=348, ['level']=45},
    [17273165] = {['id']=17273165, ['name']="MasterCoeurl", ['index']=333, ['level']=45},
    [17273167] = {['id']=17273167, ['name']="GoobbueParasit", ['index']=335, ['level']=44},
    [17273168] = {['id']=17273168, ['name']="GoobbueParasit", ['index']=336, ['level']=45},
    [17273169] = {['id']=17273169, ['name']="MasterCoeurl", ['index']=337, ['level']=45},
    [17273173] = {['id']=17273173, ['name']="MasterCoeurl", ['index']=341, ['level']=47},
    [17273171] = {['id']=17273171, ['name']="RotProwler", ['index']=339, ['level']=51},
    [17273172] = {['id']=17273172, ['name']="RotProwler", ['index']=340, ['level']=53},
    [17273190] = {['id']=17273190, ['name']="Bastet", ['index']=358, ['level']=62},
    [17273174] = {['id']=17273174, ['name']="MasterCoeurl", ['index']=342, ['level']=45},
    [17273282] = {['id']=17273282, ['name']="Myxomycete", ['index']=450, ['level']=41},
    [17273176] = {['id']=17273176, ['name']="MasterCoeurl", ['index']=344, ['level']=46},
    [17273310] = {['id']=17273310, ['name']="BlestBones", ['index']=478, ['level']=59},
    [17273201] = {['id']=17273201, ['name']="MasterCoeurl", ['index']=369, ['level']=46},
    [17273283] = {['id']=17273283, ['name']="Myxomycete", ['index']=451, ['level']=43},
    [17273199] = {['id']=17273199, ['name']="RotProwler", ['index']=367, ['level']=51},
    [17273202] = {['id']=17273202, ['name']="MasterCoeurl", ['index']=370, ['level']=47},
    [17273200] = {['id']=17273200, ['name']="LostSoul", ['index']=368, ['level']=53},
    [17273198] = {['id']=17273198, ['name']="RotProwler", ['index']=366, ['level']=52},
    [17273194] = {['id']=17273194, ['name']="LostSoul", ['index']=362, ['level']=52},
    [17273196] = {['id']=17273196, ['name']="MasterCoeurl", ['index']=364, ['level']=47},
    [17273195] = {['id']=17273195, ['name']="MasterCoeurl", ['index']=363, ['level']=47},
    [17273309] = {['id']=17273309, ['name']="BlestBones", ['index']=477, ['level']=59},
    [17273192] = {['id']=17273192, ['name']="RotProwler", ['index']=360, ['level']=51},
    [17273193] = {['id']=17273193, ['name']="RotProwler", ['index']=361, ['level']=53},
    [17273183] = {['id']=17273183, ['name']="RotProwler", ['index']=351, ['level']=53},
    [17273184] = {['id']=17273184, ['name']="RotProwler", ['index']=352, ['level']=53},
    [17273189] = {['id']=17273189, ['name']="Revenant", ['index']=357, ['level']=47},
    [17273191] = {['id']=17273191, ['name']="RockGolem", ['index']=359, ['level']=50},
    [17273281] = {['id']=17273281, ['name']="Myxomycete", ['index']=449, ['level']=41},
    [17273187] = {['id']=17273187, ['name']="MasterCoeurl", ['index']=355, ['level']=44},
    [17273185] = {['id']=17273185, ['name']="LostSoul", ['index']=353, ['level']=51},
    [17273186] = {['id']=17273186, ['name']="MasterCoeurl", ['index']=354, ['level']=44},
    [17273279] = {['id']=17273279, ['name']="Myxomycete", ['index']=447, ['level']=44},
    [17273280] = {['id']=17273280, ['name']="Myxomycete", ['index']=448, ['level']=42},
    [17273178] = {['id']=17273178, ['name']="RotProwler", ['index']=346, ['level']=49},
    [17273179] = {['id']=17273179, ['name']="RotProwler", ['index']=347, ['level']=49},
    [17273208] = {['id']=17273208, ['name']="MasterCoeurl", ['index']=376, ['level']=47},
    [17273205] = {['id']=17273205, ['name']="RotProwler", ['index']=373, ['level']=53},
    [17273204] = {['id']=17273204, ['name']="RotProwler", ['index']=372, ['level']=50},
    [17273206] = {['id']=17273206, ['name']="LostSoul", ['index']=374, ['level']=52},
    [17273311] = {['id']=17273311, ['name']="BlestBones", ['index']=479, ['level']=59},
    [17273225] = {['id']=17273225, ['name']="RockGolem", ['index']=393, ['level']=49},
    [17273223] = {['id']=17273223, ['name']="GoobbueParasit", ['index']=391, ['level']=45},
    [17273207] = {['id']=17273207, ['name']="MasterCoeurl", ['index']=375, ['level']=45},
    [17273224] = {['id']=17273224, ['name']="GoobbueParasit", ['index']=392, ['level']=42},
    [17273213] = {['id']=17273213, ['name']="MasterCoeurl", ['index']=381, ['level']=47},
    [17273212] = {['id']=17273212, ['name']="LostSoul", ['index']=380, ['level']=51},
    [17273284] = {['id']=17273284, ['name']="Myxomycete", ['index']=452, ['level']=42},
    [17273210] = {['id']=17273210, ['name']="RotProwler", ['index']=378, ['level']=52},
    [17273211] = {['id']=17273211, ['name']="LostSoul", ['index']=379, ['level']=52},
    [17273214] = {['id']=17273214, ['name']="MasterCoeurl", ['index']=382, ['level']=44},
    [17273216] = {['id']=17273216, ['name']="Revenant", ['index']=384, ['level']=45},
    [17273217] = {['id']=17273217, ['name']="RotProwler", ['index']=385, ['level']=52},
    [17273219] = {['id']=17273219, ['name']="LostSoul", ['index']=387, ['level']=55},
    [17273220] = {['id']=17273220, ['name']="MasterCoeurl", ['index']=388, ['level']=45},
    [17273221] = {['id']=17273221, ['name']="MasterCoeurl", ['index']=389, ['level']=47},
    [17273218] = {['id']=17273218, ['name']="LostSoul", ['index']=386, ['level']=53},
    [17272882] = {['id']=17272882, ['name']="GoblinMugger", ['index']=50, ['level']=29},
    [17272883] = {['id']=17272883, ['name']="GoblinGambler", ['index']=51, ['level']=26},
    [17272884] = {['id']=17272884, ['name']="GoblinLeecher", ['index']=52, ['level']=25},
    [17272885] = {['id']=17272885, ['name']="GoblinLeecher", ['index']=53, ['level']=29},
    [17272886] = {['id']=17272886, ['name']="AncientBat", ['index']=54, ['level']=26},
    [17272887] = {['id']=17272887, ['name']="AncientBat", ['index']=55, ['level']=27},
    [17272888] = {['id']=17272888, ['name']="AncientBat", ['index']=56, ['level']=27},
    [17272889] = {['id']=17272889, ['name']="GoblinLeecher", ['index']=57, ['level']=25},
    [17272890] = {['id']=17272890, ['name']="GoblinLeecher", ['index']=58, ['level']=25},
    [17272891] = {['id']=17272891, ['name']="GoblinSmithy", ['index']=59, ['level']=34},
    [17272892] = {['id']=17272892, ['name']="AncientBat", ['index']=60, ['level']=28},
    [17272893] = {['id']=17272893, ['name']="AncientBat", ['index']=61, ['level']=28},
    [17272894] = {['id']=17272894, ['name']="AncientBat", ['index']=62, ['level']=26},
    [17272896] = {['id']=17272896, ['name']="GoblinSmithy", ['index']=64, ['level']=32},
    [17272897] = {['id']=17272897, ['name']="GoblinSmithy", ['index']=65, ['level']=32},
    [17272898] = {['id']=17272898, ['name']="GoblinSmithy", ['index']=66, ['level']=31},
    [17272901] = {['id']=17272901, ['name']="AncientBat", ['index']=69, ['level']=27},
    [17272902] = {['id']=17272902, ['name']="AncientBat", ['index']=70, ['level']=28},
    [17272906] = {['id']=17272906, ['name']="AncientBat", ['index']=74, ['level']=27},
    [17272908] = {['id']=17272908, ['name']="AncientBat", ['index']=76, ['level']=27},
    [17272909] = {['id']=17272909, ['name']="Ogrefly", ['index']=77, ['level']=43},
    [17272910] = {['id']=17272910, ['name']="Ogrefly", ['index']=78, ['level']=41},
    [17272911] = {['id']=17272911, ['name']="Ogrefly", ['index']=79, ['level']=44},
    [17272912] = {['id']=17272912, ['name']="Ogrefly", ['index']=80, ['level']=41},
    [17272913] = {['id']=17272913, ['name']="LesserGaylas", ['index']=81, ['level']=39},
    [17272914] = {['id']=17272914, ['name']="LesserGaylas", ['index']=82, ['level']=42},
    [17272915] = {['id']=17272915, ['name']="ElusiveEdwin", ['index']=83, ['level']=46},
    [17272952] = {['id']=17272952, ['name']="GoobbueParasit", ['index']=120, ['level']=43},
    [17272953] = {['id']=17272953, ['name']="GoobbueParasit", ['index']=121, ['level']=44},
    [17272959] = {['id']=17272959, ['name']="RockGolem", ['index']=127, ['level']=49},
    [17273002] = {['id']=17273002, ['name']="GoblinRobber", ['index']=170, ['level']=42},
    [17273003] = {['id']=17273003, ['name']="GoblinRobber", ['index']=171, ['level']=45},
    [17273004] = {['id']=17273004, ['name']="LesserGaylas", ['index']=172, ['level']=40},
    [17273005] = {['id']=17273005, ['name']="LesserGaylas", ['index']=173, ['level']=40},
    [17273022] = {['id']=17273022, ['name']="GoblinRobber", ['index']=190, ['level']=45},
    [17273024] = {['id']=17273024, ['name']="Ogrefly", ['index']=192, ['level']=43},
    [17273026] = {['id']=17273026, ['name']="LesserGaylas", ['index']=194, ['level']=41},
    [17273029] = {['id']=17273029, ['name']="Ogrefly", ['index']=197, ['level']=44},
    [17273030] = {['id']=17273030, ['name']="Ogrefly", ['index']=198, ['level']=41},
    [17273031] = {['id']=17273031, ['name']="Ogrefly", ['index']=199, ['level']=42},
    [17273032] = {['id']=17273032, ['name']="LesserGaylas", ['index']=200, ['level']=41},
    [17273033] = {['id']=17273033, ['name']="LesserGaylas", ['index']=201, ['level']=40},
    [17273034] = {['id']=17273034, ['name']="LesserGaylas", ['index']=202, ['level']=42},
    [17273238] = {['id']=17273238, ['name']="Myxomycete", ['index']=406, ['level']=44},
    [17273240] = {['id']=17273240, ['name']="Myxomycete", ['index']=408, ['level']=41},
    [17273241] = {['id']=17273241, ['name']="Myxomycete", ['index']=409, ['level']=44},
    [17273243] = {['id']=17273243, ['name']="Myxomycete", ['index']=411, ['level']=43},
    [17272925] = {['id']=17272925, ['name']="LesserGaylas", ['index']=93, ['level']=39},
    [17272926] = {['id']=17272926, ['name']="LesserGaylas", ['index']=94, ['level']=42},
    [17272927] = {['id']=17272927, ['name']="GoobbueGardene", ['index']=95, ['level']=43},
    [17272928] = {['id']=17272928, ['name']="GoobbueGardene", ['index']=96, ['level']=40},
    [17272929] = {['id']=17272929, ['name']="GoobbueGardene", ['index']=97, ['level']=40},
    [17272930] = {['id']=17272930, ['name']="GoobbueGardene", ['index']=98, ['level']=42},
    [17272931] = {['id']=17272931, ['name']="LesserGaylas", ['index']=99, ['level']=39},
    [17272932] = {['id']=17272932, ['name']="LesserGaylas", ['index']=100, ['level']=41},
    [17272933] = {['id']=17272933, ['name']="LesserGaylas", ['index']=101, ['level']=40},
    [17272935] = {['id']=17272935, ['name']="GoobbueGardene", ['index']=103, ['level']=43},
    [17272936] = {['id']=17272936, ['name']="GoobbueGardene", ['index']=104, ['level']=42},
    [17272937] = {['id']=17272937, ['name']="GoobbueGardene", ['index']=105, ['level']=41},
    [17272938] = {['id']=17272938, ['name']="LesserGaylas", ['index']=106, ['level']=39},
    [17272939] = {['id']=17272939, ['name']="LesserGaylas", ['index']=107, ['level']=39},
    [17272941] = {['id']=17272941, ['name']="GoobbueGardene", ['index']=109, ['level']=40},
    [17272942] = {['id']=17272942, ['name']="GoobbueGardene", ['index']=110, ['level']=40},
    [17272943] = {['id']=17272943, ['name']="LesserGaylas", ['index']=111, ['level']=41},
    [17272944] = {['id']=17272944, ['name']="LesserGaylas", ['index']=112, ['level']=41},
    [17272945] = {['id']=17272945, ['name']="LesserGaylas", ['index']=113, ['level']=39},
    [17272954] = {['id']=17272954, ['name']="GoobbueParasit", ['index']=122, ['level']=44},
    [17272955] = {['id']=17272955, ['name']="GoobbueParasit", ['index']=123, ['level']=43},
    [17273246] = {['id']=17273246, ['name']="Myxomycete", ['index']=414, ['level']=44},
    [17273247] = {['id']=17273247, ['name']="Myxomycete", ['index']=415, ['level']=41},
    [17273248] = {['id']=17273248, ['name']="Myxomycete", ['index']=416, ['level']=45},
    [17273250] = {['id']=17273250, ['name']="Myxomycete", ['index']=418, ['level']=42},
    [17273251] = {['id']=17273251, ['name']="Myxomycete", ['index']=419, ['level']=41},
    [17273255] = {['id']=17273255, ['name']="Myxomycete", ['index']=423, ['level']=41},
    [17273256] = {['id']=17273256, ['name']="Myxomycete", ['index']=424, ['level']=44},
