    [17469850] = {['id']=17469850, ['name']="GroundsTome", ['index']=410, ['level']=0},
    [17469855] = {['id']=17469855, ['name']="SurvivalGuide", ['index']=415, ['level']=0},
    [17469446] = {['id']=17469446, ['name']="CanalBats", ['index']=6, ['level']=46},
    [17469447] = {['id']=17469447, ['name']="CanalBats", ['index']=7, ['level']=46},
    [17469850] = {['id']=17469850, ['name']="GroundsTome", ['index']=410, ['level']=0},
    [17469855] = {['id']=17469855, ['name']="SurvivalGuide", ['index']=415, ['level']=0},
    [17469503] = {['id']=17469503, ['name']="DarkAspic", ['index']=63, ['level']=55},
    [17469449] = {['id']=17469449, ['name']="CanalBats", ['index']=9, ['level']=47},
    [17469458] = {['id']=17469458, ['name']="HellBat", ['index']=18, ['level']=48},
    [17469453] = {['id']=17469453, ['name']="Bigclaw", ['index']=13, ['level']=50},
    [17469456] = {['id']=17469456, ['name']="CanalBats", ['index']=16, ['level']=46},
    [17469448] = {['id']=17469448, ['name']="CanalBats", ['index']=8, ['level']=45},
    [17469451] = {['id']=17469451, ['name']="HellBat", ['index']=11, ['level']=48},
    [17469452] = {['id']=17469452, ['name']="Bigclaw", ['index']=12, ['level']=52},
    [17469459] = {['id']=17469459, ['name']="Bigclaw", ['index']=19, ['level']=49},
    [17469557] = {['id']=17469557, ['name']="Makara", ['index']=117, ['level']=50},
    [17469554] = {['id']=17469554, ['name']="Makara", ['index']=114, ['level']=50},
    [17469556] = {['id']=17469556, ['name']="Makara", ['index']=116, ['level']=52},
    [17469455] = {['id']=17469455, ['name']="CanalBats", ['index']=15, ['level']=47},
    [17469555] = {['id']=17469555, ['name']="Makara", ['index']=115, ['level']=49},
    [17469505] = {['id']=17469505, ['name']="DarkAspic", ['index']=65, ['level']=54},
    [17469461] = {['id']=17469461, ['name']="CanalBats", ['index']=21, ['level']=46},
    [17469465] = {['id']=17469465, ['name']="Bigclaw", ['index']=25, ['level']=51},
    [17469462] = {['id']=17469462, ['name']="CanalBats", ['index']=22, ['level']=45},
    [17469464] = {['id']=17469464, ['name']="HellBat", ['index']=24, ['level']=49},
    [17469570] = {['id']=17469570, ['name']="Makara", ['index']=130, ['level']=52},
    [17469568] = {['id']=17469568, ['name']="Makara", ['index']=128, ['level']=50},
    [17469567] = {['id']=17469567, ['name']="Makara", ['index']=127, ['level']=51},
    [17469560] = {['id']=17469560, ['name']="Makara", ['index']=120, ['level']=52},
    [17469476] = {['id']=17469476, ['name']="Lich", ['index']=36, ['level']=57},
    [17469501] = {['id']=17469501, ['name']="Bigclaw", ['index']=61, ['level']=49},
    [17469561] = {['id']=17469561, ['name']="Makara", ['index']=121, ['level']=49},
    [17469559] = {['id']=17469559, ['name']="Makara", ['index']=119, ['level']=52},
    [17469500] = {['id']=17469500, ['name']="Bigclaw", ['index']=60, ['level']=49},
    [17469498] = {['id']=17469498, ['name']="CanalBats", ['index']=58, ['level']=45},
    [17469468] = {['id']=17469468, ['name']="CanalBats", ['index']=28, ['level']=45},
    [17469471] = {['id']=17469471, ['name']="Bigclaw", ['index']=31, ['level']=52},
    [17469479] = {['id']=17469479, ['name']="HellBat", ['index']=39, ['level']=48},
    [17469576] = {['id']=17469576, ['name']="BouncingBall", ['index']=136, ['level']=65},
    [17469575] = {['id']=17469575, ['name']="BouncingBall", ['index']=135, ['level']=66},
    [17469577] = {['id']=17469577, ['name']="BouncingBall", ['index']=137, ['level']=65},
    [17469488] = {['id']=17469488, ['name']="Bigclaw", ['index']=48, ['level']=52},
    [17469482] = {['id']=17469482, ['name']="Bigclaw", ['index']=42, ['level']=52},
    [17469589] = {['id']=17469589, ['name']="Makara", ['index']=149, ['level']=49},
    [17469478] = {['id']=17469478, ['name']="CanalBats", ['index']=38, ['level']=45},
    [17469483] = {['id']=17469483, ['name']="FallenKnight", ['index']=43, ['level']=53},
    [17469487] = {['id']=17469487, ['name']="HellBat", ['index']=47, ['level']=48},
    [17469590] = {['id']=17469590, ['name']="Makara", ['index']=150, ['level']=51},
    [17469562] = {['id']=17469562, ['name']="Makara", ['index']=122, ['level']=52},
    [17469484] = {['id']=17469484, ['name']="CanalBats", ['index']=44, ['level']=47},
    [17469565] = {['id']=17469565, ['name']="Makara", ['index']=125, ['level']=49},
    [17469591] = {['id']=17469591, ['name']="Makara", ['index']=151, ['level']=49},
    [17469489] = {['id']=17469489, ['name']="Bigclaw", ['index']=49, ['level']=52},
    [17469480] = {['id']=17469480, ['name']="HellBat", ['index']=40, ['level']=47},
    [17469588] = {['id']=17469588, ['name']="Makara", ['index']=148, ['level']=50},
    [17469485] = {['id']=17469485, ['name']="CanalBats", ['index']=45, ['level']=46},
    [17469563] = {['id']=17469563, ['name']="Makara", ['index']=123, ['level']=49},
    [17469467] = {['id']=17469467, ['name']="CanalBats", ['index']=27, ['level']=45},
    [17469469] = {['id']=17469469, ['name']="HellBat", ['index']=29, ['level']=47},
    [17469566] = {['id']=17469566, ['name']="Makara", ['index']=126, ['level']=49},
    [17469473] = {['id']=17469473, ['name']="FallenKnight", ['index']=33, ['level']=54},
    [17469509] = {['id']=17469509, ['name']="Bloodsucker", ['index']=69, ['level']=54},
    [17469508] = {['id']=17469508, ['name']="DarkAspic", ['index']=68, ['level']=53},
    [17469510] = {['id']=17469510, ['name']="Bloodsucker", ['index']=70, ['level']=55},
    [17469595] = {['id']=17469595, ['name']="Bloodsucker", ['index']=155, ['level']=55},
    [17469594] = {['id']=17469594, ['name']="Bloodsucker", ['index']=154, ['level']=55},
    [17469593] = {['id']=17469593, ['name']="Bloodsucker", ['index']=153, ['level']=57},
    [17469592] = {['id']=17469592, ['name']="Bloodsucker", ['index']=152, ['level']=55},
    [17469518] = {['id']=17469518, ['name']="HellBat", ['index']=78, ['level']=47},
    [17469517] = {['id']=17469517, ['name']="HellBat", ['index']=77, ['level']=47},
    [17469853] = {['id']=17469853, ['name']="GroundsTome", ['index']=413, ['level']=0},
    [17469573] = {['id']=17469573, ['name']="Makara", ['index']=133, ['level']=52},
    [17469572] = {['id']=17469572, ['name']="Makara", ['index']=132, ['level']=50},
    [17469529] = {['id']=17469529, ['name']="Bigclaw", ['index']=89, ['level']=49},
    [17469528] = {['id']=17469528, ['name']="Bigclaw", ['index']=88, ['level']=50},
    [17469574] = {['id']=17469574, ['name']="Makara", ['index']=134, ['level']=50},
    [17469535] = {['id']=17469535, ['name']="DarkAspic", ['index']=95, ['level']=53},
    [17469525] = {['id']=17469525, ['name']="HellBat", ['index']=85, ['level']=49},
    [17469537] = {['id']=17469537, ['name']="Bloodsucker", ['index']=97, ['level']=54},
    [17469526] = {['id']=17469526, ['name']="HellBat", ['index']=86, ['level']=49},
    [17469571] = {['id']=17469571, ['name']="Makara", ['index']=131, ['level']=49},
    [17469536] = {['id']=17469536, ['name']="Bloodsucker", ['index']=96, ['level']=57},
    [17469521] = {['id']=17469521, ['name']="HellBat", ['index']=81, ['level']=47},
    [17469520] = {['id']=17469520, ['name']="HellBat", ['index']=80, ['level']=49},
    [17469523] = {['id']=17469523, ['name']="Bigclaw", ['index']=83, ['level']=51},
    [17469519] = {['id']=17469519, ['name']="HellBat", ['index']=79, ['level']=48},
    [17469524] = {['id']=17469524, ['name']="FallenKnight", ['index']=84, ['level']=52},
    [17469522] = {['id']=17469522, ['name']="Bigclaw", ['index']=82, ['level']=49},
    [17469534] = {['id']=17469534, ['name']="FallenKnight", ['index']=94, ['level']=55},
    [17469533] = {['id']=17469533, ['name']="Bigclaw", ['index']=93, ['level']=50},
    [17469531] = {['id']=17469531, ['name']="HellBat", ['index']=91, ['level']=47},
    [17469569] = {['id']=17469569, ['name']="Makara", ['index']=129, ['level']=49},
    [17469539] = {['id']=17469539, ['name']="HellBat", ['index']=99, ['level']=47},
    [17469538] = {['id']=17469538, ['name']="HellBat", ['index']=98, ['level']=48},
    [17469546] = {['id']=17469546, ['name']="ScavengerCrab", ['index']=106, ['level']=61},
    [17469584] = {['id']=17469584, ['name']="StygianPugil", ['index']=144, ['level']=64},
    [17469583] = {['id']=17469583, ['name']="StygianPugil", ['index']=143, ['level']=63},
    [17469581] = {['id']=17469581, ['name']="StygianPugil", ['index']=141, ['level']=63},
    [17469541] = {['id']=17469541, ['name']="ScavengerCrab", ['index']=101, ['level']=60},
    [17469540] = {['id']=17469540, ['name']="Girtab", ['index']=100, ['level']=59},
    [17469582] = {['id']=17469582, ['name']="StygianPugil", ['index']=142, ['level']=65},
    [17469542] = {['id']=17469542, ['name']="ScavengerCrab", ['index']=102, ['level']=60},
    [17469586] = {['id']=17469586, ['name']="StygianPugil", ['index']=146, ['level']=65},
    [17469585] = {['id']=17469585, ['name']="StygianPugil", ['index']=145, ['level']=65},
    [17469587] = {['id']=17469587, ['name']="OniCarcass", ['index']=147, ['level']=70},
    [17469543] = {['id']=17469543, ['name']="ScavengerCrab", ['index']=103, ['level']=60},
    [17469545] = {['id']=17469545, ['name']="ScavengerCrab", ['index']=105, ['level']=61},
    [17469544] = {['id']=17469544, ['name']="ScavengerCrab", ['index']=104, ['level']=60},
    [17469580] = {['id']=17469580, ['name']="StygianPugil", ['index']=140, ['level']=65},
    [17469579] = {['id']=17469579, ['name']="StygianPugil", ['index']=139, ['level']=64},
    [17469547] = {['id']=17469547, ['name']="Fleshcraver", ['index']=107, ['level']=62},
    [17469551] = {['id']=17469551, ['name']="Mindcraver", ['index']=111, ['level']=61},
    [17469548] = {['id']=17469548, ['name']="Mindcraver", ['index']=108, ['level']=62},
    [17469550] = {['id']=17469550, ['name']="Fleshcraver", ['index']=110, ['level']=62},
    [17469552] = {['id']=17469552, ['name']="Mindcraver", ['index']=112, ['level']=60},
    [17469549] = {['id']=17469549, ['name']="Fleshcraver", ['index']=109, ['level']=61},
    [17469596] = {['id']=17469596, ['name']="BlackwaterPugi", ['index']=156, ['level']=97},
    [17469597] = {['id']=17469597, ['name']="BlackwaterPugi", ['index']=157, ['level']=96},
    [17469598] = {['id']=17469598, ['name']="BlackwaterPugi", ['index']=158, ['level']=96},
    [17469599] = {['id']=17469599, ['name']="BlackwaterPugi", ['index']=159, ['level']=96},
    [17469604] = {['id']=17469604, ['name']="PlundererCrab", ['index']=164, ['level']=97},
    [17469605] = {['id']=17469605, ['name']="PlundererCrab", ['index']=165, ['level']=96},
    [17469606] = {['id']=17469606, ['name']="PlundererCrab", ['index']=166, ['level']=95},
    [17469607] = {['id']=17469607, ['name']="PlundererCrab", ['index']=167, ['level']=95},
    [17469608] = {['id']=17469608, ['name']="PlundererCrab", ['index']=168, ['level']=97},
    [17469609] = {['id']=17469609, ['name']="PlundererCrab", ['index']=169, ['level']=96},
    [17469602] = {['id']=17469602, ['name']="BlackwaterPugi", ['index']=162, ['level']=96},
    [17469603] = {['id']=17469603, ['name']="BlackwaterPugi", ['index']=163, ['level']=96},
    [17469601] = {['id']=17469601, ['name']="BlackwaterPugi", ['index']=161, ['level']=97},
    [17469600] = {['id']=17469600, ['name']="BlackwaterPugi", ['index']=160, ['level']=96},
    [17469612] = {['id']=17469612, ['name']="PlundererCrab", ['index']=172, ['level']=96},
    [17469611] = {['id']=17469611, ['name']="PlundererCrab", ['index']=171, ['level']=97},
    [17469610] = {['id']=17469610, ['name']="PlundererCrab", ['index']=170, ['level']=96},
    [17469613] = {['id']=17469613, ['name']="BlackwaterPugi", ['index']=173, ['level']=97},
    [17469617] = {['id']=17469617, ['name']="BlackwaterPugi", ['index']=177, ['level']=97},
    [17469618] = {['id']=17469618, ['name']="BlackwaterPugi", ['index']=178, ['level']=97},
    [17469615] = {['id']=17469615, ['name']="BlackwaterPugi", ['index']=175, ['level']=97},
    [17469644] = {['id']=17469644, ['name']="Starborer", ['index']=204, ['level']=96},
    [17469616] = {['id']=17469616, ['name']="BlackwaterPugi", ['index']=176, ['level']=96},
    [17469619] = {['id']=17469619, ['name']="BlackwaterPugi", ['index']=179, ['level']=97},
    [17469620] = {['id']=17469620, ['name']="BlackwaterPugi", ['index']=180, ['level']=97},
    [17469643] = {['id']=17469643, ['name']="Starborer", ['index']=203, ['level']=97},
    [17469645] = {['id']=17469645, ['name']="Starborer", ['index']=205, ['level']=96},
    [17469646] = {['id']=17469646, ['name']="Starborer", ['index']=206, ['level']=97},
    [17469647] = {['id']=17469647, ['name']="Starborer", ['index']=207, ['level']=97},
    [17469648] = {['id']=17469648, ['name']="Starborer", ['index']=208, ['level']=97},
    [17469649] = {['id']=17469649, ['name']="Starborer", ['index']=209, ['level']=96},
    [17469614] = {['id']=17469614, ['name']="BlackwaterPugi", ['index']=174, ['level']=96},
    [17469623] = {['id']=17469623, ['name']="PlundererCrab", ['index']=183, ['level']=96},
    [17469621] = {['id']=17469621, ['name']="PlundererCrab", ['index']=181, ['level']=97},
    [17469624] = {['id']=17469624, ['name']="PlundererCrab", ['index']=184, ['level']=95},
    [17469622] = {['id']=17469622, ['name']="PlundererCrab", ['index']=182, ['level']=95},
    [17469652] = {['id']=17469652, ['name']="SoddenBones", ['index']=212, ['level']=97},
    [17469651] = {['id']=17469651, ['name']="DevilingBats", ['index']=211, ['level']=95},
    [17469653] = {['id']=17469653, ['name']="SoddenBones", ['index']=213, ['level']=97},
    [17469655] = {['id']=17469655, ['name']="DrownedBones", ['index']=215, ['level']=96},
    [17469650] = {['id']=17469650, ['name']="DevilingBats", ['index']=210, ['level']=95},
    [17469461] = {['id']=17469461, ['name']="CanalBats", ['index']=21, ['level']=46},
    [17469462] = {['id']=17469462, ['name']="CanalBats", ['index']=22, ['level']=45},
    [17469464] = {['id']=17469464, ['name']="HellBat", ['index']=24, ['level']=49},
    [17469465] = {['id']=17469465, ['name']="Bigclaw", ['index']=25, ['level']=51},
    [17469467] = {['id']=17469467, ['name']="CanalBats", ['index']=27, ['level']=45},
    [17469468] = {['id']=17469468, ['name']="CanalBats", ['index']=28, ['level']=45},
    [17469469] = {['id']=17469469, ['name']="HellBat", ['index']=29, ['level']=47},
    [17469471] = {['id']=17469471, ['name']="Bigclaw", ['index']=31, ['level']=52},
    [17469473] = {['id']=17469473, ['name']="FallenKnight", ['index']=33, ['level']=54},
    [17469476] = {['id']=17469476, ['name']="Lich", ['index']=36, ['level']=57},
    [17469478] = {['id']=17469478, ['name']="CanalBats", ['index']=38, ['level']=45},
    [17469479] = {['id']=17469479, ['name']="HellBat", ['index']=39, ['level']=48},
    [17469480] = {['id']=17469480, ['name']="HellBat", ['index']=40, ['level']=47},
    [17469482] = {['id']=17469482, ['name']="Bigclaw", ['index']=42, ['level']=52},
    [17469483] = {['id']=17469483, ['name']="FallenKnight", ['index']=43, ['level']=53},
    [17469484] = {['id']=17469484, ['name']="CanalBats", ['index']=44, ['level']=47},
    [17469485] = {['id']=17469485, ['name']="CanalBats", ['index']=45, ['level']=46},
    [17469487] = {['id']=17469487, ['name']="HellBat", ['index']=47, ['level']=48},
    [17469488] = {['id']=17469488, ['name']="Bigclaw", ['index']=48, ['level']=52},
    [17469489] = {['id']=17469489, ['name']="Bigclaw", ['index']=49, ['level']=52},
    [17469498] = {['id']=17469498, ['name']="CanalBats", ['index']=58, ['level']=45},
    [17469500] = {['id']=17469500, ['name']="Bigclaw", ['index']=60, ['level']=49},
    [17469501] = {['id']=17469501, ['name']="Bigclaw", ['index']=61, ['level']=49},
    [17469505] = {['id']=17469505, ['name']="DarkAspic", ['index']=65, ['level']=54},
    [17469508] = {['id']=17469508, ['name']="DarkAspic", ['index']=68, ['level']=53},
    [17469509] = {['id']=17469509, ['name']="Bloodsucker", ['index']=69, ['level']=54},
    [17469510] = {['id']=17469510, ['name']="Bloodsucker", ['index']=70, ['level']=55},
    [17469517] = {['id']=17469517, ['name']="HellBat", ['index']=77, ['level']=47},
    [17469518] = {['id']=17469518, ['name']="HellBat", ['index']=78, ['level']=47},
    [17469519] = {['id']=17469519, ['name']="HellBat", ['index']=79, ['level']=48},
    [17469521] = {['id']=17469521, ['name']="HellBat", ['index']=81, ['level']=47},
    [17469522] = {['id']=17469522, ['name']="Bigclaw", ['index']=82, ['level']=49},
    [17469523] = {['id']=17469523, ['name']="Bigclaw", ['index']=83, ['level']=51},
    [17469524] = {['id']=17469524, ['name']="FallenKnight", ['index']=84, ['level']=52},
    [17469525] = {['id']=17469525, ['name']="HellBat", ['index']=85, ['level']=49},
    [17469526] = {['id']=17469526, ['name']="HellBat", ['index']=86, ['level']=49},
    [17469528] = {['id']=17469528, ['name']="Bigclaw", ['index']=88, ['level']=50},
    [17469529] = {['id']=17469529, ['name']="Bigclaw", ['index']=89, ['level']=49},
    [17469535] = {['id']=17469535, ['name']="DarkAspic", ['index']=95, ['level']=53},
    [17469536] = {['id']=17469536, ['name']="Bloodsucker", ['index']=96, ['level']=57},
    [17469537] = {['id']=17469537, ['name']="Bloodsucker", ['index']=97, ['level']=54},
    [17469554] = {['id']=17469554, ['name']="Makara", ['index']=114, ['level']=50},
    [17469556] = {['id']=17469556, ['name']="Makara", ['index']=116, ['level']=52},
    [17469557] = {['id']=17469557, ['name']="Makara", ['index']=117, ['level']=50},
    [17469559] = {['id']=17469559, ['name']="Makara", ['index']=119, ['level']=52},
    [17469560] = {['id']=17469560, ['name']="Makara", ['index']=120, ['level']=52},
    [17469561] = {['id']=17469561, ['name']="Makara", ['index']=121, ['level']=49},
    [17469562] = {['id']=17469562, ['name']="Makara", ['index']=122, ['level']=52},
    [17469563] = {['id']=17469563, ['name']="Makara", ['index']=123, ['level']=49},
    [17469565] = {['id']=17469565, ['name']="Makara", ['index']=125, ['level']=49},
    [17469566] = {['id']=17469566, ['name']="Makara", ['index']=126, ['level']=49},
    [17469568] = {['id']=17469568, ['name']="Makara", ['index']=128, ['level']=50},
    [17469571] = {['id']=17469571, ['name']="Makara", ['index']=131, ['level']=49},
    [17469572] = {['id']=17469572, ['name']="Makara", ['index']=132, ['level']=50},
    [17469573] = {['id']=17469573, ['name']="Makara", ['index']=133, ['level']=52},
    [17469574] = {['id']=17469574, ['name']="Makara", ['index']=134, ['level']=50},
    [17469575] = {['id']=17469575, ['name']="BouncingBall", ['index']=135, ['level']=66},
    [17469576] = {['id']=17469576, ['name']="BouncingBall", ['index']=136, ['level']=65},
    [17469577] = {['id']=17469577, ['name']="BouncingBall", ['index']=137, ['level']=65},
    [17469588] = {['id']=17469588, ['name']="Makara", ['index']=148, ['level']=50},
    [17469589] = {['id']=17469589, ['name']="Makara", ['index']=149, ['level']=49},
    [17469590] = {['id']=17469590, ['name']="Makara", ['index']=150, ['level']=51},
    [17469591] = {['id']=17469591, ['name']="Makara", ['index']=151, ['level']=49},
    [17469592] = {['id']=17469592, ['name']="Bloodsucker", ['index']=152, ['level']=55},
    [17469593] = {['id']=17469593, ['name']="Bloodsucker", ['index']=153, ['level']=57},
    [17469594] = {['id']=17469594, ['name']="Bloodsucker", ['index']=154, ['level']=55},
    [17469595] = {['id']=17469595, ['name']="Bloodsucker", ['index']=155, ['level']=55},
    [17469853] = {['id']=17469853, ['name']="GroundsTome", ['index']=413, ['level']=0},
    [17469633] = {['id']=17469633, ['name']="BlackwaterPugi", ['index']=193, ['level']=96},
    [17469634] = {['id']=17469634, ['name']="BlackwaterPugi", ['index']=194, ['level']=97},
    [17469636] = {['id']=17469636, ['name']="BlackwaterPugi", ['index']=196, ['level']=96},
    [17469639] = {['id']=17469639, ['name']="SoddenBones", ['index']=199, ['level']=98},
    [17469640] = {['id']=17469640, ['name']="SoddenBones", ['index']=200, ['level']=97},
    [17469637] = {['id']=17469637, ['name']="DevilingBats", ['index']=197, ['level']=97},
    [17469638] = {['id']=17469638, ['name']="DevilingBats", ['index']=198, ['level']=96},
    [17469635] = {['id']=17469635, ['name']="BlackwaterPugi", ['index']=195, ['level']=96},
    [17469641] = {['id']=17469641, ['name']="DrownedBones", ['index']=201, ['level']=97},
    [17469668] = {['id']=17469668, ['name']="HingeOil", ['index']=228, ['level']=65},
    [17469642] = {['id']=17469642, ['name']="DrownedBones", ['index']=202, ['level']=97},
    [17469662] = {['id']=17469662, ['name']="ImpishBats", ['index']=222, ['level']=60},
    [17469665] = {['id']=17469665, ['name']="ImpishBats", ['index']=225, ['level']=58},
    [17469664] = {['id']=17469664, ['name']="ImpishBats", ['index']=224, ['level']=58},
    [17469667] = {['id']=17469667, ['name']="HingeOil", ['index']=227, ['level']=65},
    [17469661] = {['id']=17469661, ['name']="ImpishBats", ['index']=221, ['level']=59},
    [17469669] = {['id']=17469669, ['name']="HingeOil", ['index']=229, ['level']=65},
    [17469663] = {['id']=17469663, ['name']="ImpishBats", ['index']=223, ['level']=58},
    [17469666] = {['id']=17469666, ['name']="HingeOil", ['index']=226, ['level']=65},
    [17469677] = {['id']=17469677, ['name']="SoddenBones", ['index']=237, ['level']=98},
    [17469679] = {['id']=17469679, ['name']="DrownedBones", ['index']=239, ['level']=97},
    [17469680] = {['id']=17469680, ['name']="RapierScorpion", ['index']=240, ['level']=97},
    [17469676] = {['id']=17469676, ['name']="SoddenBones", ['index']=236, ['level']=97},
    [17469678] = {['id']=17469678, ['name']="DrownedBones", ['index']=238, ['level']=96},
    [17469752] = {['id']=17469752, ['name']="DireBat", ['index']=312, ['level']=64},
    [17469753] = {['id']=17469753, ['name']="DireBat", ['index']=313, ['level']=63},
    [17469689] = {['id']=17469689, ['name']="DrownedBones", ['index']=249, ['level']=96},
    [17469685] = {['id']=17469685, ['name']="DevilingBats", ['index']=245, ['level']=97},
    [17469682] = {['id']=17469682, ['name']="DevilingBats", ['index']=242, ['level']=97},
    [17469671] = {['id']=17469671, ['name']="DevilingBats", ['index']=231, ['level']=95},
    [17469672] = {['id']=17469672, ['name']="SoddenBones", ['index']=232, ['level']=96},
    [17469681] = {['id']=17469681, ['name']="DevilingBats", ['index']=241, ['level']=95},
    [17469674] = {['id']=17469674, ['name']="DrownedBones", ['index']=234, ['level']=96},
    [17469748] = {['id']=17469748, ['name']="BouncingBall", ['index']=308, ['level']=65},
    [17469744] = {['id']=17469744, ['name']="DoomMage", ['index']=304, ['level']=65},
    [17469758] = {['id']=17469758, ['name']="Starmite", ['index']=318, ['level']=65},
    [17469756] = {['id']=17469756, ['name']="Starmite", ['index']=316, ['level']=65},
    [17469515] = {['id']=17469515, ['name']="Girtab", ['index']=75, ['level']=59},
    [17469512] = {['id']=17469512, ['name']="FallenKnight", ['index']=72, ['level']=52},
    [17469511] = {['id']=17469511, ['name']="FallenKnight", ['index']=71, ['level']=52},
    [17469514] = {['id']=17469514, ['name']="Lich", ['index']=74, ['level']=56},
    [17469626] = {['id']=17469626, ['name']="BlackwaterPugi", ['index']=186, ['level']=97},
    [17469625] = {['id']=17469625, ['name']="BlackwaterPugi", ['index']=185, ['level']=96},
    [17469628] = {['id']=17469628, ['name']="BlackwaterPugi", ['index']=188, ['level']=97},
    [17469627] = {['id']=17469627, ['name']="BlackwaterPugi", ['index']=187, ['level']=96},
    [17469673] = {['id']=17469673, ['name']="SoddenBones", ['index']=233, ['level']=98},
    [17469631] = {['id']=17469631, ['name']="Mousse", ['index']=191, ['level']=63},
    [17469629] = {['id']=17469629, ['name']="Mousse", ['index']=189, ['level']=63},
    [17469630] = {['id']=17469630, ['name']="Mousse", ['index']=190, ['level']=63},
    [17469564] = {['id']=17469564, ['name']="Makara", ['index']=124, ['level']=51},
    [17469470] = {['id']=17469470, ['name']="HellBat", ['index']=30, ['level']=47},
    [17469496] = {['id']=17469496, ['name']="Bigclaw", ['index']=56, ['level']=52},
    [17469491] = {['id']=17469491, ['name']="CanalBats", ['index']=51, ['level']=46},
    [17469492] = {['id']=17469492, ['name']="CanalBats", ['index']=52, ['level']=47},
    [17469494] = {['id']=17469494, ['name']="HellBat", ['index']=54, ['level']=49},
    [17469448] = {['id']=17469448, ['name']="CanalBats", ['index']=8, ['level']=45},
    [17469449] = {['id']=17469449, ['name']="CanalBats", ['index']=9, ['level']=47},
    [17469451] = {['id']=17469451, ['name']="HellBat", ['index']=11, ['level']=48},
    [17469452] = {['id']=17469452, ['name']="Bigclaw", ['index']=12, ['level']=52},
    [17469453] = {['id']=17469453, ['name']="Bigclaw", ['index']=13, ['level']=50},
    [17469455] = {['id']=17469455, ['name']="CanalBats", ['index']=15, ['level']=47},
    [17469456] = {['id']=17469456, ['name']="CanalBats", ['index']=16, ['level']=46},
    [17469458] = {['id']=17469458, ['name']="HellBat", ['index']=18, ['level']=48},
    [17469459] = {['id']=17469459, ['name']="Bigclaw", ['index']=19, ['level']=49},
    [17469520] = {['id']=17469520, ['name']="HellBat", ['index']=80, ['level']=49},
    [17469531] = {['id']=17469531, ['name']="HellBat", ['index']=91, ['level']=47},
    [17469533] = {['id']=17469533, ['name']="Bigclaw", ['index']=93, ['level']=50},
    [17469534] = {['id']=17469534, ['name']="FallenKnight", ['index']=94, ['level']=55},
    [17469538] = {['id']=17469538, ['name']="HellBat", ['index']=98, ['level']=48},
    [17469539] = {['id']=17469539, ['name']="HellBat", ['index']=99, ['level']=47},
    [17469540] = {['id']=17469540, ['name']="Girtab", ['index']=100, ['level']=59},
    [17469542] = {['id']=17469542, ['name']="ScavengerCrab", ['index']=102, ['level']=60},
    [17469543] = {['id']=17469543, ['name']="ScavengerCrab", ['index']=103, ['level']=60},
    [17469546] = {['id']=17469546, ['name']="ScavengerCrab", ['index']=106, ['level']=61},
    [17469549] = {['id']=17469549, ['name']="Fleshcraver", ['index']=109, ['level']=61},
    [17469550] = {['id']=17469550, ['name']="Fleshcraver", ['index']=110, ['level']=62},
    [17469551] = {['id']=17469551, ['name']="Mindcraver", ['index']=111, ['level']=61},
    [17469552] = {['id']=17469552, ['name']="Mindcraver", ['index']=112, ['level']=60},
    [17469555] = {['id']=17469555, ['name']="Makara", ['index']=115, ['level']=49},
    [17469567] = {['id']=17469567, ['name']="Makara", ['index']=127, ['level']=51},
    [17469569] = {['id']=17469569, ['name']="Makara", ['index']=129, ['level']=49},
    [17469570] = {['id']=17469570, ['name']="Makara", ['index']=130, ['level']=52},
    [17469579] = {['id']=17469579, ['name']="StygianPugil", ['index']=139, ['level']=64},
    [17469581] = {['id']=17469581, ['name']="StygianPugil", ['index']=141, ['level']=65},
    [17469583] = {['id']=17469583, ['name']="StygianPugil", ['index']=143, ['level']=63},
    [17469584] = {['id']=17469584, ['name']="StygianPugil", ['index']=144, ['level']=64},
    [17469654] = {['id']=17469654, ['name']="DrownedBones", ['index']=214, ['level']=98},
    [17469660] = {['id']=17469660, ['name']="RapierScorpion", ['index']=220, ['level']=97},
    [17469659] = {['id']=17469659, ['name']="DrownedBones", ['index']=219, ['level']=97},
    [17469658] = {['id']=17469658, ['name']="DrownedBones", ['index']=218, ['level']=96},
    [17469656] = {['id']=17469656, ['name']="SoddenBones", ['index']=216, ['level']=97},
    [17469657] = {['id']=17469657, ['name']="SoddenBones", ['index']=217, ['level']=98},
    [17469727] = {['id']=17469727, ['name']="FlumeToad", ['index']=287, ['level']=96},
    [17469730] = {['id']=17469730, ['name']="FlumeToad", ['index']=290, ['level']=95},
    [17469729] = {['id']=17469729, ['name']="FlumeToad", ['index']=289, ['level']=95},
    [17469728] = {['id']=17469728, ['name']="FlumeToad", ['index']=288, ['level']=95},
    [17469722] = {['id']=17469722, ['name']="PoroggoExcavat", ['index']=282, ['level']=99},
    [17469732] = {['id']=17469732, ['name']="FlumeToad", ['index']=292, ['level']=96},
    [17469734] = {['id']=17469734, ['name']="FlumeToad", ['index']=294, ['level']=96},
    [17469726] = {['id']=17469726, ['name']="FlumeToad", ['index']=286, ['level']=95},
    [17469724] = {['id']=17469724, ['name']="FlumeToad", ['index']=284, ['level']=94},
    [17469725] = {['id']=17469725, ['name']="FlumeToad", ['index']=285, ['level']=95},
    [17469731] = {['id']=17469731, ['name']="PoroggoExcavat", ['index']=291, ['level']=99},
    [17469723] = {['id']=17469723, ['name']="FlumeToad", ['index']=283, ['level']=95},
    [17469733] = {['id']=17469733, ['name']="FlumeToad", ['index']=293, ['level']=96},
    [17469749] = {['id']=17469749, ['name']="BouncingBall", ['index']=309, ['level']=66},
    [17469852] = {['id']=17469852, ['name']="GroundsTome", ['index']=412, ['level']=0},
    [17469716] = {['id']=17469716, ['name']="FlumeToad", ['index']=276, ['level']=94},
    [17469738] = {['id']=17469738, ['name']="DireBat", ['index']=298, ['level']=62},
    [17469742] = {['id']=17469742, ['name']="DoomSoldier", ['index']=302, ['level']=66},
    [17469717] = {['id']=17469717, ['name']="FlumeToad", ['index']=277, ['level']=94},
    [17469740] = {['id']=17469740, ['name']="DoomMage", ['index']=300, ['level']=65},
    [17469715] = {['id']=17469715, ['name']="FlumeToad", ['index']=275, ['level']=95},
    [17469736] = {['id']=17469736, ['name']="StygianPugil", ['index']=296, ['level']=63},
    [17469739] = {['id']=17469739, ['name']="DoomMage", ['index']=299, ['level']=66},
    [17469714] = {['id']=17469714, ['name']="FlumeToad", ['index']=274, ['level']=94},
    [17469709] = {['id']=17469709, ['name']="PoroggoExcavat", ['index']=269, ['level']=98},
    [17469711] = {['id']=17469711, ['name']="FlumeToad", ['index']=271, ['level']=96},
    [17469720] = {['id']=17469720, ['name']="FlumeToad", ['index']=280, ['level']=95},
    [17469737] = {['id']=17469737, ['name']="DireBat", ['index']=297, ['level']=62},
    [17469718] = {['id']=17469718, ['name']="PoroggoExcavat", ['index']=278, ['level']=98},
    [17469719] = {['id']=17469719, ['name']="FlumeToad", ['index']=279, ['level']=94},
    [17469710] = {['id']=17469710, ['name']="FlumeToad", ['index']=270, ['level']=94},
    [17469713] = {['id']=17469713, ['name']="FlumeToad", ['index']=273, ['level']=96},
    [17469721] = {['id']=17469721, ['name']="FlumeToad", ['index']=281, ['level']=96},
    [17469712] = {['id']=17469712, ['name']="FlumeToad", ['index']=272, ['level']=95},
    [17469741] = {['id']=17469741, ['name']="DoomSoldier", ['index']=301, ['level']=67},
    [17469735] = {['id']=17469735, ['name']="StygianPugil", ['index']=295, ['level']=65},
    [17469707] = {['id']=17469707, ['name']="BlackwaterPugi", ['index']=267, ['level']=96},
    [17469706] = {['id']=17469706, ['name']="BlackwaterPugi", ['index']=266, ['level']=96},
    [17469705] = {['id']=17469705, ['name']="BlackwaterPugi", ['index']=265, ['level']=96},
    [17469693] = {['id']=17469693, ['name']="Starborer", ['index']=253, ['level']=97},
    [17469708] = {['id']=17469708, ['name']="BlackwaterPugi", ['index']=268, ['level']=96},
    [17469691] = {['id']=17469691, ['name']="Starborer", ['index']=251, ['level']=96},
    [17469695] = {['id']=17469695, ['name']="Starborer", ['index']=255, ['level']=96},
    [17469696] = {['id']=17469696, ['name']="Starborer", ['index']=256, ['level']=97},
    [17469702] = {['id']=17469702, ['name']="BlackwaterPugi", ['index']=262, ['level']=96},
    [17469690] = {['id']=17469690, ['name']="Starborer", ['index']=250, ['level']=97},
    [17469701] = {['id']=17469701, ['name']="BlackwaterPugi", ['index']=261, ['level']=97},
    [17469692] = {['id']=17469692, ['name']="Starborer", ['index']=252, ['level']=96},
    [17469703] = {['id']=17469703, ['name']="BlackwaterPugi", ['index']=263, ['level']=96},
    [17469704] = {['id']=17469704, ['name']="BlackwaterPugi", ['index']=264, ['level']=96},
    [17469694] = {['id']=17469694, ['name']="Starborer", ['index']=254, ['level']=97},
    [17469700] = {['id']=17469700, ['name']="BlackwaterPugi", ['index']=260, ['level']=96},
    [17469699] = {['id']=17469699, ['name']="BlackwaterPugi", ['index']=259, ['level']=96},
    [17469698] = {['id']=17469698, ['name']="BlackwaterPugi", ['index']=258, ['level']=97},
    [17469688] = {['id']=17469688, ['name']="DrownedBones", ['index']=248, ['level']=97},
    [17469687] = {['id']=17469687, ['name']="SoddenBones", ['index']=247, ['level']=97},
    [17469686] = {['id']=17469686, ['name']="SoddenBones", ['index']=246, ['level']=96},
    [17469697] = {['id']=17469697, ['name']="BlackwaterPugi", ['index']=257, ['level']=96},
    [17469684] = {['id']=17469684, ['name']="DevilingBats", ['index']=244, ['level']=95},
    [17469683] = {['id']=17469683, ['name']="DevilingBats", ['index']=243, ['level']=95},
    [17469851] = {['id']=17469851, ['name']="GroundsTome", ['index']=411, ['level']=0},
    [17469670] = {['id']=17469670, ['name']="DevilingBats", ['index']=230, ['level']=95},
    [17469675] = {['id']=17469675, ['name']="DrownedBones", ['index']=235, ['level']=96},
    [17469446] = {['id']=17469446, ['name']="CanalBats", ['index']=6, ['level']=46},
    [17469447] = {['id']=17469447, ['name']="CanalBats", ['index']=7, ['level']=46},
    [17469448] = {['id']=17469448, ['name']="CanalBats", ['index']=8, ['level']=45},
    [17469449] = {['id']=17469449, ['name']="CanalBats", ['index']=9, ['level']=47},
    [17469451] = {['id']=17469451, ['name']="HellBat", ['index']=11, ['level']=48},
    [17469452] = {['id']=17469452, ['name']="Bigclaw", ['index']=12, ['level']=52},
    [17469453] = {['id']=17469453, ['name']="Bigclaw", ['index']=13, ['level']=50},
    [17469455] = {['id']=17469455, ['name']="CanalBats", ['index']=15, ['level']=47},
    [17469456] = {['id']=17469456, ['name']="CanalBats", ['index']=16, ['level']=46},
    [17469458] = {['id']=17469458, ['name']="HellBat", ['index']=18, ['level']=48},
    [17469459] = {['id']=17469459, ['name']="Bigclaw", ['index']=19, ['level']=49},
    [17469461] = {['id']=17469461, ['name']="CanalBats", ['index']=21, ['level']=46},
    [17469462] = {['id']=17469462, ['name']="CanalBats", ['index']=22, ['level']=45},
    [17469464] = {['id']=17469464, ['name']="HellBat", ['index']=24, ['level']=49},
    [17469465] = {['id']=17469465, ['name']="Bigclaw", ['index']=25, ['level']=51},
    [17469476] = {['id']=17469476, ['name']="Lich", ['index']=36, ['level']=57},
    [17469503] = {['id']=17469503, ['name']="DarkAspic", ['index']=63, ['level']=55},
    [17469505] = {['id']=17469505, ['name']="DarkAspic", ['index']=65, ['level']=54},
    [17469554] = {['id']=17469554, ['name']="Makara", ['index']=114, ['level']=50},
    [17469555] = {['id']=17469555, ['name']="Makara", ['index']=115, ['level']=49},
    [17469556] = {['id']=17469556, ['name']="Makara", ['index']=116, ['level']=52},
    [17469557] = {['id']=17469557, ['name']="Makara", ['index']=117, ['level']=50},
    [17469850] = {['id']=17469850, ['name']="GroundsTome", ['index']=410, ['level']=0},
    [17469855] = {['id']=17469855, ['name']="SurvivalGuide", ['index']=415, ['level']=0},
    [17469468] = {['id']=17469468, ['name']="CanalBats", ['index']=28, ['level']=45},
    [17469469] = {['id']=17469469, ['name']="HellBat", ['index']=29, ['level']=47},
    [17469471] = {['id']=17469471, ['name']="Bigclaw", ['index']=31, ['level']=52},
    [17469473] = {['id']=17469473, ['name']="FallenKnight", ['index']=33, ['level']=54},
    [17469479] = {['id']=17469479, ['name']="HellBat", ['index']=39, ['level']=48},
    [17469480] = {['id']=17469480, ['name']="HellBat", ['index']=40, ['level']=47},
    [17469482] = {['id']=17469482, ['name']="Bigclaw", ['index']=42, ['level']=52},
    [17469484] = {['id']=17469484, ['name']="CanalBats", ['index']=44, ['level']=47},
    [17469485] = {['id']=17469485, ['name']="CanalBats", ['index']=45, ['level']=46},
    [17469487] = {['id']=17469487, ['name']="HellBat", ['index']=47, ['level']=48},
    [17469488] = {['id']=17469488, ['name']="Bigclaw", ['index']=48, ['level']=52},
    [17469498] = {['id']=17469498, ['name']="CanalBats", ['index']=58, ['level']=45},
    [17469500] = {['id']=17469500, ['name']="Bigclaw", ['index']=60, ['level']=49},
    [17469501] = {['id']=17469501, ['name']="Bigclaw", ['index']=61, ['level']=49},
    [17469548] = {['id']=17469548, ['name']="Mindcraver", ['index']=108, ['level']=62},
    [17469549] = {['id']=17469549, ['name']="Fleshcraver", ['index']=109, ['level']=61},
    [17469550] = {['id']=17469550, ['name']="Fleshcraver", ['index']=110, ['level']=62},
    [17469551] = {['id']=17469551, ['name']="Mindcraver", ['index']=111, ['level']=61},
    [17469552] = {['id']=17469552, ['name']="Mindcraver", ['index']=112, ['level']=60},
    [17469559] = {['id']=17469559, ['name']="Makara", ['index']=119, ['level']=52},
    [17469560] = {['id']=17469560, ['name']="Makara", ['index']=120, ['level']=52},
    [17469561] = {['id']=17469561, ['name']="Makara", ['index']=121, ['level']=49},
    [17469562] = {['id']=17469562, ['name']="Makara", ['index']=122, ['level']=52},
    [17469563] = {['id']=17469563, ['name']="Makara", ['index']=123, ['level']=49},
    [17469564] = {['id']=17469564, ['name']="Makara", ['index']=124, ['level']=51},
    [17469567] = {['id']=17469567, ['name']="Makara", ['index']=127, ['level']=51},
    [17469568] = {['id']=17469568, ['name']="Makara", ['index']=128, ['level']=50},
    [17469569] = {['id']=17469569, ['name']="Makara", ['index']=129, ['level']=49},
    [17469570] = {['id']=17469570, ['name']="Makara", ['index']=130, ['level']=52},
    [17469467] = {['id']=17469467, ['name']="CanalBats", ['index']=27, ['level']=45},
    [17469470] = {['id']=17469470, ['name']="HellBat", ['index']=30, ['level']=47},
    [17469478] = {['id']=17469478, ['name']="CanalBats", ['index']=38, ['level']=45},
    [17469483] = {['id']=17469483, ['name']="FallenKnight", ['index']=43, ['level']=53},
    [17469489] = {['id']=17469489, ['name']="Bigclaw", ['index']=49, ['level']=52},
    [17469491] = {['id']=17469491, ['name']="CanalBats", ['index']=51, ['level']=46},
    [17469492] = {['id']=17469492, ['name']="CanalBats", ['index']=52, ['level']=47},
    [17469494] = {['id']=17469494, ['name']="HellBat", ['index']=54, ['level']=49},
    [17469496] = {['id']=17469496, ['name']="Bigclaw", ['index']=56, ['level']=52},
    [17469509] = {['id']=17469509, ['name']="Bloodsucker", ['index']=69, ['level']=54},
    [17469565] = {['id']=17469565, ['name']="Makara", ['index']=125, ['level']=49},
    [17469566] = {['id']=17469566, ['name']="Makara", ['index']=126, ['level']=49},
    [17469575] = {['id']=17469575, ['name']="BouncingBall", ['index']=135, ['level']=66},
    [17469576] = {['id']=17469576, ['name']="BouncingBall", ['index']=136, ['level']=65},
    [17469577] = {['id']=17469577, ['name']="BouncingBall", ['index']=137, ['level']=65},
    [17469588] = {['id']=17469588, ['name']="Makara", ['index']=148, ['level']=50},
    [17469589] = {['id']=17469589, ['name']="Makara", ['index']=149, ['level']=49},
    [17469590] = {['id']=17469590, ['name']="Makara", ['index']=150, ['level']=51},
    [17469591] = {['id']=17469591, ['name']="Makara", ['index']=151, ['level']=49},
    [17469508] = {['id']=17469508, ['name']="DarkAspic", ['index']=68, ['level']=53},
    [17469510] = {['id']=17469510, ['name']="Bloodsucker", ['index']=70, ['level']=55},
    [17469511] = {['id']=17469511, ['name']="FallenKnight", ['index']=71, ['level']=52},
    [17469512] = {['id']=17469512, ['name']="FallenKnight", ['index']=72, ['level']=52},
    [17469514] = {['id']=17469514, ['name']="Lich", ['index']=74, ['level']=56},
    [17469515] = {['id']=17469515, ['name']="Girtab", ['index']=75, ['level']=59},
    [17469517] = {['id']=17469517, ['name']="HellBat", ['index']=77, ['level']=47},
    [17469518] = {['id']=17469518, ['name']="HellBat", ['index']=78, ['level']=47},
    [17469519] = {['id']=17469519, ['name']="HellBat", ['index']=79, ['level']=48},
    [17469520] = {['id']=17469520, ['name']="HellBat", ['index']=80, ['level']=49},
    [17469522] = {['id']=17469522, ['name']="Bigclaw", ['index']=82, ['level']=49},
    [17469523] = {['id']=17469523, ['name']="Bigclaw", ['index']=83, ['level']=51},
    [17469524] = {['id']=17469524, ['name']="FallenKnight", ['index']=84, ['level']=52},
    [17469525] = {['id']=17469525, ['name']="HellBat", ['index']=85, ['level']=49},
    [17469526] = {['id']=17469526, ['name']="HellBat", ['index']=86, ['level']=49},
    [17469528] = {['id']=17469528, ['name']="Bigclaw", ['index']=88, ['level']=50},
    [17469529] = {['id']=17469529, ['name']="Bigclaw", ['index']=89, ['level']=49},
    [17469535] = {['id']=17469535, ['name']="DarkAspic", ['index']=95, ['level']=53},
    [17469536] = {['id']=17469536, ['name']="Bloodsucker", ['index']=96, ['level']=57},
    [17469537] = {['id']=17469537, ['name']="Bloodsucker", ['index']=97, ['level']=54},
    [17469571] = {['id']=17469571, ['name']="Makara", ['index']=131, ['level']=49},
    [17469572] = {['id']=17469572, ['name']="Makara", ['index']=132, ['level']=50},
    [17469573] = {['id']=17469573, ['name']="Makara", ['index']=133, ['level']=52},
    [17469574] = {['id']=17469574, ['name']="Makara", ['index']=134, ['level']=50},
    [17469592] = {['id']=17469592, ['name']="Bloodsucker", ['index']=152, ['level']=55},
    [17469593] = {['id']=17469593, ['name']="Bloodsucker", ['index']=153, ['level']=57},
    [17469594] = {['id']=17469594, ['name']="Bloodsucker", ['index']=154, ['level']=55},
    [17469595] = {['id']=17469595, ['name']="Bloodsucker", ['index']=155, ['level']=55},
    [17469853] = {['id']=17469853, ['name']="GroundsTome", ['index']=413, ['level']=0},
    [17469596] = {['id']=17469596, ['name']="BlackwaterPugi", ['index']=156, ['level']=97},
    [17469597] = {['id']=17469597, ['name']="BlackwaterPugi", ['index']=157, ['level']=96},
    [17469598] = {['id']=17469598, ['name']="BlackwaterPugi", ['index']=158, ['level']=96},
    [17469599] = {['id']=17469599, ['name']="BlackwaterPugi", ['index']=159, ['level']=96},
    [17469600] = {['id']=17469600, ['name']="BlackwaterPugi", ['index']=160, ['level']=96},
    [17469601] = {['id']=17469601, ['name']="BlackwaterPugi", ['index']=161, ['level']=97},
    [17469602] = {['id']=17469602, ['name']="BlackwaterPugi", ['index']=162, ['level']=96},
    [17469603] = {['id']=17469603, ['name']="BlackwaterPugi", ['index']=163, ['level']=96},
    [17469610] = {['id']=17469610, ['name']="PlundererCrab", ['index']=170, ['level']=96},
    [17469611] = {['id']=17469611, ['name']="PlundererCrab", ['index']=171, ['level']=97},
    [17469612] = {['id']=17469612, ['name']="PlundererCrab", ['index']=172, ['level']=96},
    [17469613] = {['id']=17469613, ['name']="BlackwaterPugi", ['index']=173, ['level']=97},
    [17469614] = {['id']=17469614, ['name']="BlackwaterPugi", ['index']=174, ['level']=96},
    [17469615] = {['id']=17469615, ['name']="BlackwaterPugi", ['index']=175, ['level']=97},
    [17469616] = {['id']=17469616, ['name']="BlackwaterPugi", ['index']=176, ['level']=96},
    [17469617] = {['id']=17469617, ['name']="BlackwaterPugi", ['index']=177, ['level']=97},
    [17469618] = {['id']=17469618, ['name']="BlackwaterPugi", ['index']=178, ['level']=97},
    [17469619] = {['id']=17469619, ['name']="BlackwaterPugi", ['index']=179, ['level']=97},
    [17469620] = {['id']=17469620, ['name']="BlackwaterPugi", ['index']=180, ['level']=97},
    [17469621] = {['id']=17469621, ['name']="PlundererCrab", ['index']=181, ['level']=97},
    [17469622] = {['id']=17469622, ['name']="PlundererCrab", ['index']=182, ['level']=95},
    [17469623] = {['id']=17469623, ['name']="PlundererCrab", ['index']=183, ['level']=96},
    [17469624] = {['id']=17469624, ['name']="PlundererCrab", ['index']=184, ['level']=95},
    [17469625] = {['id']=17469625, ['name']="BlackwaterPugi", ['index']=185, ['level']=96},
    [17469626] = {['id']=17469626, ['name']="BlackwaterPugi", ['index']=186, ['level']=97},
    [17469627] = {['id']=17469627, ['name']="BlackwaterPugi", ['index']=187, ['level']=96},
    [17469628] = {['id']=17469628, ['name']="BlackwaterPugi", ['index']=188, ['level']=97},
    [17469633] = {['id']=17469633, ['name']="BlackwaterPugi", ['index']=193, ['level']=96},
    [17469634] = {['id']=17469634, ['name']="BlackwaterPugi", ['index']=194, ['level']=97},
    [17469635] = {['id']=17469635, ['name']="BlackwaterPugi", ['index']=195, ['level']=96},
    [17469636] = {['id']=17469636, ['name']="BlackwaterPugi", ['index']=196, ['level']=96},
    [17469637] = {['id']=17469637, ['name']="DevilingBats", ['index']=197, ['level']=97},
    [17469638] = {['id']=17469638, ['name']="DevilingBats", ['index']=198, ['level']=96},
    [17469639] = {['id']=17469639, ['name']="SoddenBones", ['index']=199, ['level']=98},
    [17469640] = {['id']=17469640, ['name']="SoddenBones", ['index']=200, ['level']=97},
    [17469641] = {['id']=17469641, ['name']="DrownedBones", ['index']=201, ['level']=97},
    [17469642] = {['id']=17469642, ['name']="DrownedBones", ['index']=202, ['level']=97},
    [17469643] = {['id']=17469643, ['name']="Starborer", ['index']=203, ['level']=97},
    [17469644] = {['id']=17469644, ['name']="Starborer", ['index']=204, ['level']=96},
    [17469645] = {['id']=17469645, ['name']="Starborer", ['index']=205, ['level']=96},
    [17469646] = {['id']=17469646, ['name']="Starborer", ['index']=206, ['level']=97},
    [17469647] = {['id']=17469647, ['name']="Starborer", ['index']=207, ['level']=97},
    [17469648] = {['id']=17469648, ['name']="Starborer", ['index']=208, ['level']=97},
    [17469649] = {['id']=17469649, ['name']="Starborer", ['index']=209, ['level']=96},
    [17469650] = {['id']=17469650, ['name']="DevilingBats", ['index']=210, ['level']=95},
    [17469651] = {['id']=17469651, ['name']="DevilingBats", ['index']=211, ['level']=95},
    [17469652] = {['id']=17469652, ['name']="SoddenBones", ['index']=212, ['level']=97},
    [17469653] = {['id']=17469653, ['name']="SoddenBones", ['index']=213, ['level']=97},
    [17469654] = {['id']=17469654, ['name']="DrownedBones", ['index']=214, ['level']=98},
    [17469655] = {['id']=17469655, ['name']="DrownedBones", ['index']=215, ['level']=96},
    [17469661] = {['id']=17469661, ['name']="ImpishBats", ['index']=221, ['level']=59},
    [17469662] = {['id']=17469662, ['name']="ImpishBats", ['index']=222, ['level']=60},
    [17469663] = {['id']=17469663, ['name']="ImpishBats", ['index']=223, ['level']=59},
    [17469664] = {['id']=17469664, ['name']="ImpishBats", ['index']=224, ['level']=60},
    [17469665] = {['id']=17469665, ['name']="ImpishBats", ['index']=225, ['level']=60},
    [17469666] = {['id']=17469666, ['name']="HingeOil", ['index']=226, ['level']=65},
    [17469667] = {['id']=17469667, ['name']="HingeOil", ['index']=227, ['level']=65},
    [17469668] = {['id']=17469668, ['name']="HingeOil", ['index']=228, ['level']=65},
    [17469669] = {['id']=17469669, ['name']="HingeOil", ['index']=229, ['level']=65},
    [17469670] = {['id']=17469670, ['name']="DevilingBats", ['index']=230, ['level']=95},
    [17469671] = {['id']=17469671, ['name']="DevilingBats", ['index']=231, ['level']=95},
    [17469672] = {['id']=17469672, ['name']="SoddenBones", ['index']=232, ['level']=96},
    [17469673] = {['id']=17469673, ['name']="SoddenBones", ['index']=233, ['level']=98},
    [17469674] = {['id']=17469674, ['name']="DrownedBones", ['index']=234, ['level']=96},
    [17469675] = {['id']=17469675, ['name']="DrownedBones", ['index']=235, ['level']=96},
    [17469676] = {['id']=17469676, ['name']="SoddenBones", ['index']=236, ['level']=97},
    [17469677] = {['id']=17469677, ['name']="SoddenBones", ['index']=237, ['level']=98},
    [17469678] = {['id']=17469678, ['name']="DrownedBones", ['index']=238, ['level']=96},
    [17469679] = {['id']=17469679, ['name']="DrownedBones", ['index']=239, ['level']=97},
    [17469680] = {['id']=17469680, ['name']="RapierScorpion", ['index']=240, ['level']=97},
    [17469681] = {['id']=17469681, ['name']="DevilingBats", ['index']=241, ['level']=95},
    [17469727] = {['id']=17469727, ['name']="FlumeToad", ['index']=287, ['level']=96},
    [17469728] = {['id']=17469728, ['name']="FlumeToad", ['index']=288, ['level']=95},
    [17469729] = {['id']=17469729, ['name']="FlumeToad", ['index']=289, ['level']=95},
    [17469730] = {['id']=17469730, ['name']="FlumeToad", ['index']=290, ['level']=95},
    [17469744] = {['id']=17469744, ['name']="DoomMage", ['index']=304, ['level']=65},
    [17469748] = {['id']=17469748, ['name']="BouncingBall", ['index']=308, ['level']=65},
    [17469749] = {['id']=17469749, ['name']="BouncingBall", ['index']=309, ['level']=66},
    [17469752] = {['id']=17469752, ['name']="DireBat", ['index']=312, ['level']=64},
    [17469756] = {['id']=17469756, ['name']="Starmite", ['index']=316, ['level']=65},
    [17469758] = {['id']=17469758, ['name']="Starmite", ['index']=318, ['level']=65},
    [17469682] = {['id']=17469682, ['name']="DevilingBats", ['index']=242, ['level']=97},
    [17469683] = {['id']=17469683, ['name']="DevilingBats", ['index']=243, ['level']=95},
    [17469685] = {['id']=17469685, ['name']="DevilingBats", ['index']=245, ['level']=97},
    [17469687] = {['id']=17469687, ['name']="SoddenBones", ['index']=247, ['level']=97},
    [17469689] = {['id']=17469689, ['name']="DrownedBones", ['index']=249, ['level']=96},
    [17469735] = {['id']=17469735, ['name']="StygianPugil", ['index']=295, ['level']=65},
    [17469736] = {['id']=17469736, ['name']="StygianPugil", ['index']=296, ['level']=63},
    [17469737] = {['id']=17469737, ['name']="DireBat", ['index']=297, ['level']=62},
    [17469738] = {['id']=17469738, ['name']="DireBat", ['index']=298, ['level']=62},
    [17469739] = {['id']=17469739, ['name']="DoomMage", ['index']=299, ['level']=66},
    [17469740] = {['id']=17469740, ['name']="DoomMage", ['index']=300, ['level']=65},
    [17469741] = {['id']=17469741, ['name']="DoomSoldier", ['index']=301, ['level']=67},
    [17469742] = {['id']=17469742, ['name']="DoomSoldier", ['index']=302, ['level']=66},
    [17469753] = {['id']=17469753, ['name']="DireBat", ['index']=313, ['level']=63},
    [17469851] = {['id']=17469851, ['name']="GroundsTome", ['index']=411, ['level']=0},
    [17469852] = {['id']=17469852, ['name']="GroundsTome", ['index']=412, ['level']=0},
    [17469723] = {['id']=17469723, ['name']="FlumeToad", ['index']=283, ['level']=95},
    [17469724] = {['id']=17469724, ['name']="FlumeToad", ['index']=284, ['level']=94},
    [17469726] = {['id']=17469726, ['name']="FlumeToad", ['index']=286, ['level']=95},
    [17469656] = {['id']=17469656, ['name']="SoddenBones", ['index']=216, ['level']=97},
    [17469657] = {['id']=17469657, ['name']="SoddenBones", ['index']=217, ['level']=98},
    [17469658] = {['id']=17469658, ['name']="DrownedBones", ['index']=218, ['level']=96},
    [17469659] = {['id']=17469659, ['name']="DrownedBones", ['index']=219, ['level']=97},
    [17469660] = {['id']=17469660, ['name']="RapierScorpion", ['index']=220, ['level']=97},
    [17469717] = {['id']=17469717, ['name']="FlumeToad", ['index']=277, ['level']=94},
    [17469722] = {['id']=17469722, ['name']="PoroggoExcavat", ['index']=282, ['level']=99},
    [17469725] = {['id']=17469725, ['name']="FlumeToad", ['index']=285, ['level']=95},
    [17469731] = {['id']=17469731, ['name']="PoroggoExcavat", ['index']=291, ['level']=99},
    [17469732] = {['id']=17469732, ['name']="FlumeToad", ['index']=292, ['level']=96},
    [17469733] = {['id']=17469733, ['name']="FlumeToad", ['index']=293, ['level']=96},
    [17469734] = {['id']=17469734, ['name']="FlumeToad", ['index']=294, ['level']=96},
    [17469751] = {['id']=17469751, ['name']="BouncingBall", ['index']=311, ['level']=66},
    [17469684] = {['id']=17469684, ['name']="DevilingBats", ['index']=244, ['level']=95},
    [17469686] = {['id']=17469686, ['name']="SoddenBones", ['index']=246, ['level']=96},
    [17469688] = {['id']=17469688, ['name']="DrownedBones", ['index']=248, ['level']=97},
    [17469690] = {['id']=17469690, ['name']="Starborer", ['index']=250, ['level']=97},
    [17469691] = {['id']=17469691, ['name']="Starborer", ['index']=251, ['level']=96},
    [17469692] = {['id']=17469692, ['name']="Starborer", ['index']=252, ['level']=96},
    [17469693] = {['id']=17469693, ['name']="Starborer", ['index']=253, ['level']=97},
    [17469694] = {['id']=17469694, ['name']="Starborer", ['index']=254, ['level']=97},
    [17469695] = {['id']=17469695, ['name']="Starborer", ['index']=255, ['level']=96},
    [17469696] = {['id']=17469696, ['name']="Starborer", ['index']=256, ['level']=97},
    [17469697] = {['id']=17469697, ['name']="BlackwaterPugi", ['index']=257, ['level']=96},
    [17469698] = {['id']=17469698, ['name']="BlackwaterPugi", ['index']=258, ['level']=97},
    [17469699] = {['id']=17469699, ['name']="BlackwaterPugi", ['index']=259, ['level']=96},
    [17469700] = {['id']=17469700, ['name']="BlackwaterPugi", ['index']=260, ['level']=96},
    [17469701] = {['id']=17469701, ['name']="BlackwaterPugi", ['index']=261, ['level']=97},
    [17469702] = {['id']=17469702, ['name']="BlackwaterPugi", ['index']=262, ['level']=96},
    [17469703] = {['id']=17469703, ['name']="BlackwaterPugi", ['index']=263, ['level']=96},
    [17469704] = {['id']=17469704, ['name']="BlackwaterPugi", ['index']=264, ['level']=96},
    [17469705] = {['id']=17469705, ['name']="BlackwaterPugi", ['index']=265, ['level']=96},
    [17469706] = {['id']=17469706, ['name']="BlackwaterPugi", ['index']=266, ['level']=96},
    [17469707] = {['id']=17469707, ['name']="BlackwaterPugi", ['index']=267, ['level']=96},
    [17469708] = {['id']=17469708, ['name']="BlackwaterPugi", ['index']=268, ['level']=96},
    [17469709] = {['id']=17469709, ['name']="PoroggoExcavat", ['index']=269, ['level']=98},
    [17469710] = {['id']=17469710, ['name']="FlumeToad", ['index']=270, ['level']=94},
    [17469711] = {['id']=17469711, ['name']="FlumeToad", ['index']=271, ['level']=96},
    [17469712] = {['id']=17469712, ['name']="FlumeToad", ['index']=272, ['level']=95},
    [17469713] = {['id']=17469713, ['name']="FlumeToad", ['index']=273, ['level']=96},
    [17469714] = {['id']=17469714, ['name']="FlumeToad", ['index']=274, ['level']=94},
    [17469715] = {['id']=17469715, ['name']="FlumeToad", ['index']=275, ['level']=95},
    [17469716] = {['id']=17469716, ['name']="FlumeToad", ['index']=276, ['level']=94},
    [17469718] = {['id']=17469718, ['name']="PoroggoExcavat", ['index']=278, ['level']=98},
    [17469719] = {['id']=17469719, ['name']="FlumeToad", ['index']=279, ['level']=94},
    [17469720] = {['id']=17469720, ['name']="FlumeToad", ['index']=280, ['level']=95},
    [17469721] = {['id']=17469721, ['name']="FlumeToad", ['index']=281, ['level']=96},
    [17469747] = {['id']=17469747, ['name']="BrazenBones", ['index']=307, ['level']=82},
    [17469745] = {['id']=17469745, ['name']="DoomSoldier", ['index']=305, ['level']=65},
    [17469743] = {['id']=17469743, ['name']="DoomMage", ['index']=303, ['level']=67},
    [17469746] = {['id']=17469746, ['name']="DoomSoldier", ['index']=306, ['level']=67},
    [17469750] = {['id']=17469750, ['name']="BouncingBall", ['index']=310, ['level']=65},
    [17469757] = {['id']=17469757, ['name']="Starmite", ['index']=317, ['level']=67},
    [17469760] = {['id']=17469760, ['name']="Starmite", ['index']=320, ['level']=65},
    [17469759] = {['id']=17469759, ['name']="Starmite", ['index']=319, ['level']=67},
    [17469755] = {['id']=17469755, ['name']="DireBat", ['index']=315, ['level']=64},
    [17469754] = {['id']=17469754, ['name']="DireBat", ['index']=314, ['level']=63},
