    [16986127] = {['id']=16986127, ['name']="LesserColibri", ['index']=15, ['level']=65},
    [16986139] = {['id']=16986139, ['name']="LesserColibri", ['index']=27, ['level']=64},
    [16986128] = {['id']=16986128, ['name']="LesserColibri", ['index']=16, ['level']=64},
    [16986138] = {['id']=16986138, ['name']="LesserColibri", ['index']=26, ['level']=64},
    [16986129] = {['id']=16986129, ['name']="LesserColibri", ['index']=17, ['level']=64},
    [16986132] = {['id']=16986132, ['name']="FomorThief", ['index']=20, ['level']=63},
    [16986134] = {['id']=16986134, ['name']="Fomor'sBats", ['index']=22, ['level']=59},
    [16986133] = {['id']=16986133, ['name']="FomorBeastmast", ['index']=21, ['level']=63},
    [16986131] = {['id']=16986131, ['name']="LesserColibri", ['index']=19, ['level']=65},
    [16986135] = {['id']=16986135, ['name']="LesserColibri", ['index']=23, ['level']=64},
    [16986136] = {['id']=16986136, ['name']="FomorPaladin", ['index']=24, ['level']=63},
    [16986137] = {['id']=16986137, ['name']="FomorBard", ['index']=25, ['level']=63},
    [16986140] = {['id']=16986140, ['name']="SoldierPephred", ['index']=28, ['level']=65},
    [16986141] = {['id']=16986141, ['name']="WorkerPephredo", ['index']=29, ['level']=62},
    [16986142] = {['id']=16986142, ['name']="WorkerPephredo", ['index']=30, ['level']=62},
    [16986143] = {['id']=16986143, ['name']="WorkerPephredo", ['index']=31, ['level']=62},
    [16986144] = {['id']=16986144, ['name']="Marid", ['index']=32, ['level']=78},
    [16986145] = {['id']=16986145, ['name']="Marid", ['index']=33, ['level']=77},
    [16986146] = {['id']=16986146, ['name']="RedKisser", ['index']=34, ['level']=68},
    [16986147] = {['id']=16986147, ['name']="RedKisser", ['index']=35, ['level']=68},
    [16986148] = {['id']=16986148, ['name']="RedKisser", ['index']=36, ['level']=69},
    [16986151] = {['id']=16986151, ['name']="Marid", ['index']=39, ['level']=78},
    [16986154] = {['id']=16986154, ['name']="LesserColibri", ['index']=42, ['level']=64},
    [16986153] = {['id']=16986153, ['name']="LesserColibri", ['index']=41, ['level']=63},
    [16986157] = {['id']=16986157, ['name']="LesserColibri", ['index']=45, ['level']=65},
    [16986150] = {['id']=16986150, ['name']="Marid", ['index']=38, ['level']=78},
    [16986156] = {['id']=16986156, ['name']="LesserColibri", ['index']=44, ['level']=65},
    [16986152] = {['id']=16986152, ['name']="LesserColibri", ['index']=40, ['level']=65},
    [16986155] = {['id']=16986155, ['name']="LesserColibri", ['index']=43, ['level']=63},
    [16986158] = {['id']=16986158, ['name']="FomorThief", ['index']=46, ['level']=65},
    [16986159] = {['id']=16986159, ['name']="FomorPaladin", ['index']=47, ['level']=65},
    [16986160] = {['id']=16986160, ['name']="FomorThief", ['index']=48, ['level']=65},
    [16986161] = {['id']=16986161, ['name']="FomorPaladin", ['index']=49, ['level']=65},
    [16986162] = {['id']=16986162, ['name']="FomorBard", ['index']=50, ['level']=63},
    [16986163] = {['id']=16986163, ['name']="FomorBard", ['index']=51, ['level']=63},
    [16986164] = {['id']=16986164, ['name']="FomorBeastmast", ['index']=52, ['level']=63},
    [16986165] = {['id']=16986165, ['name']="Fomor'sBats", ['index']=53, ['level']=60},
    [16986278] = {['id']=16986278, ['name']="TreantSapling", ['index']=166, ['level']=67},
    [16986279] = {['id']=16986279, ['name']="DefoliateTrean", ['index']=167, ['level']=72},
    [16986277] = {['id']=16986277, ['name']="TreantSapling", ['index']=165, ['level']=68},
    [16986276] = {['id']=16986276, ['name']="TreantSapling", ['index']=164, ['level']=66},
    [16986266] = {['id']=16986266, ['name']="SoldierPephred", ['index']=154, ['level']=64},
    [16986268] = {['id']=16986268, ['name']="WorkerPephredo", ['index']=156, ['level']=63},
    [16986275] = {['id']=16986275, ['name']="DefoliateTrean", ['index']=163, ['level']=73},
    [16986267] = {['id']=16986267, ['name']="WorkerPephredo", ['index']=155, ['level']=63},
    [16986270] = {['id']=16986270, ['name']="WorkerPephredo", ['index']=158, ['level']=62},
    [16986269] = {['id']=16986269, ['name']="SoldierPephred", ['index']=157, ['level']=65},
    [16986271] = {['id']=16986271, ['name']="WorkerPephredo", ['index']=159, ['level']=63},
    [16986272] = {['id']=16986272, ['name']="SoldierPephred", ['index']=160, ['level']=65},
    [16986273] = {['id']=16986273, ['name']="WorkerPephredo", ['index']=161, ['level']=63},
    [16986274] = {['id']=16986274, ['name']="WorkerPephredo", ['index']=162, ['level']=63},
    [16986285] = {['id']=16986285, ['name']="AhtUrhganAtte", ['index']=173, ['level']=66},
    [16986286] = {['id']=16986286, ['name']="AhtUrhganAtte", ['index']=174, ['level']=66},
    [16986287] = {['id']=16986287, ['name']="AhtUrhganAtte", ['index']=175, ['level']=67},
    [16986288] = {['id']=16986288, ['name']="AhtUrhganAtte", ['index']=176, ['level']=66},
    [16986290] = {['id']=16986290, ['name']="DefoliateTrean", ['index']=178, ['level']=73},
    [16986291] = {['id']=16986291, ['name']="WajaomTiger", ['index']=179, ['level']=67},
    [16986292] = {['id']=16986292, ['name']="WajaomTiger", ['index']=180, ['level']=67},
    [16986293] = {['id']=16986293, ['name']="DefoliateTrean", ['index']=181, ['level']=73},
    [16986294] = {['id']=16986294, ['name']="WajaomTiger", ['index']=182, ['level']=68},
    [16986295] = {['id']=16986295, ['name']="DefoliateTrean", ['index']=183, ['level']=71},
    [16986297] = {['id']=16986297, ['name']="WajaomTiger", ['index']=185, ['level']=68},
    [16986296] = {['id']=16986296, ['name']="WajaomTiger", ['index']=184, ['level']=67},
    [16986303] = {['id']=16986303, ['name']="WajaomTiger", ['index']=191, ['level']=68},
    [16986301] = {['id']=16986301, ['name']="AhtUrhganAtte", ['index']=189, ['level']=66},
    [16986304] = {['id']=16986304, ['name']="AhtUrhganAtte", ['index']=192, ['level']=66},
    [16986300] = {['id']=16986300, ['name']="WajaomTiger", ['index']=188, ['level']=67},
    [16986299] = {['id']=16986299, ['name']="WajaomTiger", ['index']=187, ['level']=68},
    [16986298] = {['id']=16986298, ['name']="WajaomTiger", ['index']=186, ['level']=67},
    [16986302] = {['id']=16986302, ['name']="AhtUrhganAtte", ['index']=190, ['level']=66},
    [16986312] = {['id']=16986312, ['name']="TreantSapling", ['index']=200, ['level']=67},
    [16986314] = {['id']=16986314, ['name']="WajaomTiger", ['index']=202, ['level']=68},
    [16986319] = {['id']=16986319, ['name']="WajaomTiger", ['index']=207, ['level']=67},
    [16986320] = {['id']=16986320, ['name']="Gharial", ['index']=208, ['level']=83},
    [16986315] = {['id']=16986315, ['name']="WajaomTiger", ['index']=203, ['level']=68},
    [16986316] = {['id']=16986316, ['name']="TreantSapling", ['index']=204, ['level']=66},
    [16986313] = {['id']=16986313, ['name']="DefoliateTrean", ['index']=201, ['level']=74},
    [16986318] = {['id']=16986318, ['name']="WajaomTiger", ['index']=206, ['level']=67},
    [16986317] = {['id']=16986317, ['name']="TreantSapling", ['index']=205, ['level']=67},
    [16986323] = {['id']=16986323, ['name']="TreantSapling", ['index']=211, ['level']=68},
    [16986322] = {['id']=16986322, ['name']="TreantSapling", ['index']=210, ['level']=67},
    [16986332] = {['id']=16986332, ['name']="WajaomTiger", ['index']=220, ['level']=68},
    [16986309] = {['id']=16986309, ['name']="WoodtrollMonk", ['index']=197, ['level']=73},
    [16986310] = {['id']=16986310, ['name']="WoodtrollDark", ['index']=198, ['level']=73},
    [16986311] = {['id']=16986311, ['name']="WoodtrollRange", ['index']=199, ['level']=73},
    [16986822] = {['id']=16986822, ['name']="SurvivalGuide", ['index']=710, ['level']=0},
    [16986306] = {['id']=16986306, ['name']="CarmineEruca", ['index']=194, ['level']=70},
    [16986305] = {['id']=16986305, ['name']="CarmineEruca", ['index']=193, ['level']=70},
    [16986307] = {['id']=16986307, ['name']="CarmineEruca", ['index']=195, ['level']=70},
    [16986326] = {['id']=16986326, ['name']="TreantSapling", ['index']=214, ['level']=66},
    [16986330] = {['id']=16986330, ['name']="WajaomTiger", ['index']=218, ['level']=67},
    [16986328] = {['id']=16986328, ['name']="TreantSapling", ['index']=216, ['level']=68},
    [16986325] = {['id']=16986325, ['name']="DefoliateTrean", ['index']=213, ['level']=74},
    [16986324] = {['id']=16986324, ['name']="DefoliateTrean", ['index']=212, ['level']=72},
    [16986329] = {['id']=16986329, ['name']="WajaomTiger", ['index']=217, ['level']=67},
    [16986363] = {['id']=16986363, ['name']="MamoolJaBound", ['index']=251, ['level']=73},
    [16986362] = {['id']=16986362, ['name']="MamoolJaSophi", ['index']=250, ['level']=73},
    [16986364] = {['id']=16986364, ['name']="MamoolJaMimic", ['index']=252, ['level']=73},
    [16986365] = {['id']=16986365, ['name']="MamoolJaSavan", ['index']=253, ['level']=73},
    [16986367] = {['id']=16986367, ['name']="Puk", ['index']=255, ['level']=70},
    [16986366] = {['id']=16986366, ['name']="GreatAmeretat", ['index']=254, ['level']=73},
    [16986368] = {['id']=16986368, ['name']="Puk", ['index']=256, ['level']=69},
    [16986370] = {['id']=16986370, ['name']="GreatAmeretat", ['index']=258, ['level']=74},
    [16986361] = {['id']=16986361, ['name']="WorkerPephredo", ['index']=249, ['level']=64},
    [16986360] = {['id']=16986360, ['name']="WorkerPephredo", ['index']=248, ['level']=64},
    [16986371] = {['id']=16986371, ['name']="Puk", ['index']=259, ['level']=69},
    [16986372] = {['id']=16986372, ['name']="Puk", ['index']=260, ['level']=69},
    [16986373] = {['id']=16986373, ['name']="Puk", ['index']=261, ['level']=70},
    [16986374] = {['id']=16986374, ['name']="Puk", ['index']=262, ['level']=69},
    [16986375] = {['id']=16986375, ['name']="GreatAmeretat", ['index']=263, ['level']=74},
    [16986379] = {['id']=16986379, ['name']="Puk", ['index']=267, ['level']=68},
    [16986380] = {['id']=16986380, ['name']="GreatAmeretat", ['index']=268, ['level']=73},
    [16986381] = {['id']=16986381, ['name']="GreatAmeretat", ['index']=269, ['level']=74},
    [16986377] = {['id']=16986377, ['name']="GreatAmeretat", ['index']=265, ['level']=73},
    [16986376] = {['id']=16986376, ['name']="GreatAmeretat", ['index']=264, ['level']=74},
    [16986383] = {['id']=16986383, ['name']="WoodlandRunner", ['index']=271, ['level']=72},
    [16986382] = {['id']=16986382, ['name']="WoodlandRunner", ['index']=270, ['level']=72},
    [16986385] = {['id']=16986385, ['name']="MamoolJaSavan", ['index']=273, ['level']=73},
    [16986384] = {['id']=16986384, ['name']="MamoolJaZenis", ['index']=272, ['level']=73},
    [16986386] = {['id']=16986386, ['name']="WoodlandRunner", ['index']=274, ['level']=72},
    [16986388] = {['id']=16986388, ['name']="MamoolJaBound", ['index']=276, ['level']=73},
    [16986387] = {['id']=16986387, ['name']="MamoolJaSophi", ['index']=275, ['level']=73},
