    [17826045] = {['id']=17826045, ['name']="Zaoso", ['index']=253, ['level']=0},
    [17826048] = {['id']=17826048, ['name']="Orenna", ['index']=256, ['level']=0},
    [17826049] = {['id']=17826049, ['name']="Mosil-Nosil", ['index']=257, ['level']=0},
    [17826044] = {['id']=17826044, ['name']="Berstrogus", ['index']=252, ['level']=0},
    [17825936] = {['id']=17825936, ['name']="Levil", ['index']=144, ['level']=0},
    [17825848] = {['id']=17825848, ['name']="TaskDelegator", ['index']=56, ['level']=0},
    [17825852] = {['id']=17825852, ['name']="CivilRegistrar", ['index']=60, ['level']=0},
    [17826057] = {['id']=17826057, ['name']="Orfbis", ['index']=265, ['level']=0},
    [17825990] = {['id']=17825990, ['name']="Bilp", ['index']=198, ['level']=0},
    [17825991] = {['id']=17825991, ['name']="Eamonn", ['index']=199, ['level']=0},
    [17825935] = {['id']=17825935, ['name']="Brenton", ['index']=143, ['level']=0},
    [17826055] = {['id']=17826055, ['name']="Clemmar", ['index']=263, ['level']=0},
    [17826096] = {['id']=17826096, ['name']="Kipligg", ['index']=304, ['level']=0},
    [17825981] = {['id']=17825981, ['name']="Dewalt", ['index']=189, ['level']=0},
    [17826122] = {['id']=17826122, ['name']="Louisareaux", ['index']=330, ['level']=0},
    [17826129] = {['id']=17826129, ['name']="SebohlReccohta", ['index']=337, ['level']=0},
    [17826130] = {['id']=17826130, ['name']="Zenicca", ['index']=338, ['level']=0},
    [17826131] = {['id']=17826131, ['name']="Kithvalio", ['index']=339, ['level']=0},
    [17826132] = {['id']=17826132, ['name']="Auscanard", ['index']=340, ['level']=0},
    [17826134] = {['id']=17826134, ['name']="Farso-Dafarso", ['index']=342, ['level']=0},
    [17826135] = {['id']=17826135, ['name']="Rispa-Merispa", ['index']=343, ['level']=0},
    [17826137] = {['id']=17826137, ['name']="Cefantia", ['index']=345, ['level']=0},
    [17826053] = {['id']=17826053, ['name']="FerventHorizon", ['index']=261, ['level']=0},
    [17826156] = {['id']=17826156, ['name']="Ravoignac", ['index']=364, ['level']=0},
    [17825912] = {['id']=17825912, ['name']="Debadle-Levadle", ['index']=120, ['level']=0},
    [17826090] = {['id']=17826090, ['name']="Preterig", ['index']=298, ['level']=0},
    [17826054] = {['id']=17826054, ['name']="Ribbolian", ['index']=262, ['level']=0},
    [17825853] = {['id']=17825853, ['name']="CivilRegistrar", ['index']=61, ['level']=0},
    [17826067] = {['id']=17826067, ['name']="Virsaint", ['index']=275, ['level']=0},
    [17826102] = {['id']=17826102, ['name']="Wescolina", ['index']=310, ['level']=0},
    [17826068] = {['id']=17826068, ['name']="Grevan", ['index']=276, ['level']=0},
    [17826077] = {['id']=17826077, ['name']="Safrick", ['index']=285, ['level']=0},
    [17825849] = {['id']=17825849, ['name']="TaskDelegator", ['index']=57, ['level']=0},
    [17826133] = {['id']=17826133, ['name']="Jausephiane", ['index']=341, ['level']=0},
    [17826091] = {['id']=17826091, ['name']="Hujette", ['index']=299, ['level']=0},
    [17826062] = {['id']=17826062, ['name']="Nylene", ['index']=270, ['level']=0},
    [17826071] = {['id']=17826071, ['name']="Noan", ['index']=279, ['level']=0},
    [17826146] = {['id']=17826146, ['name']="Forri-Porri", ['index']=354, ['level']=0},
    [17826176] = {['id']=17826176, ['name']="Rewardox", ['index']=384, ['level']=0},
    [17826064] = {['id']=17826064, ['name']="Charutata", ['index']=272, ['level']=0},
    [17825992] = {['id']=17825992, ['name']="Pagnelle", ['index']=200, ['level']=0},
    [17826181] = {['id']=17826181, ['name']="NunaarlBthtrog", ['index']=389, ['level']=0},
    [17826069] = {['id']=17826069, ['name']="Gorad", ['index']=277, ['level']=0},
    [17826105] = {['id']=17826105, ['name']="Duberasson", ['index']=313, ['level']=0},
    [17826154] = {['id']=17826154, ['name']="Lalla-Dalla", ['index']=362, ['level']=0},
    [17826148] = {['id']=17826148, ['name']="Masad", ['index']=356, ['level']=0},
    [17826155] = {['id']=17826155, ['name']="Olivaine", ['index']=363, ['level']=0},
    [17826103] = {['id']=17826103, ['name']="EternalFlame", ['index']=311, ['level']=0},
    [17826065] = {['id']=17826065, ['name']="Phileem", ['index']=273, ['level']=0},
    [17826007] = {['id']=17826007, ['name']="PeladiShalmohr", ['index']=215, ['level']=0},
    [17826074] = {['id']=17826074, ['name']="Defliaa", ['index']=282, ['level']=0},
    [17826151] = {['id']=17826151, ['name']="Iscandelle", ['index']=359, ['level']=0},
    [17826174] = {['id']=17826174, ['name']="DeliverySpecia", ['index']=382, ['level']=0},
    [17826070] = {['id']=17826070, ['name']="Merleg", ['index']=278, ['level']=0},
    [17826173] = {['id']=17826173, ['name']="Macera", ['index']=381, ['level']=0},
    [17826073] = {['id']=17826073, ['name']="Dangueubert", ['index']=281, ['level']=0},
    [17826171] = {['id']=17826171, ['name']="PorterMoogle", ['index']=379, ['level']=0},
    [17826178] = {['id']=17826178, ['name']="LinkshellConci", ['index']=386, ['level']=0},
    [17825998] = {['id']=17825998, ['name']="Gontrain", ['index']=206, ['level']=0},
    [17826179] = {['id']=17826179, ['name']="LinkshellConci", ['index']=387, ['level']=0},
    [17826066] = {['id']=17826066, ['name']="Marjoirelle", ['index']=274, ['level']=0},
    [17826072] = {['id']=17826072, ['name']="Clautaire", ['index']=280, ['level']=0},
    [17826075] = {['id']=17826075, ['name']="Ansegusele", ['index']=283, ['level']=0},
    [17826011] = {['id']=17826011, ['name']="MinnifiDelqabb", ['index']=219, ['level']=0},
