    [17235974] = {['id']=17235974, ['name']="LostSoul", ['index']=6, ['level']=44},
    [17235976] = {['id']=17235976, ['name']="LostSoul", ['index']=8, ['level']=42},
    [17235978] = {['id']=17235978, ['name']="LostSoul", ['index']=10, ['level']=43},
    [17235979] = {['id']=17235979, ['name']="LostSoul", ['index']=11, ['level']=42},
    [17235982] = {['id']=17235982, ['name']="LostSoul", ['index']=14, ['level']=45},
    [17235983] = {['id']=17235983, ['name']="Etemmu", ['index']=15, ['level']=46},
    [17235984] = {['id']=17235984, ['name']="Etemmu", ['index']=16, ['level']=45},
    [17235985] = {['id']=17235985, ['name']="EvilEye", ['index']=17, ['level']=45},
    [17235986] = {['id']=17235986, ['name']="EvilEye", ['index']=18, ['level']=45},
    [17236006] = {['id']=17236006, ['name']="LostSoul", ['index']=38, ['level']=42},
    [17236011] = {['id']=17236011, ['name']="Etemmu", ['index']=43, ['level']=44},
    [17236013] = {['id']=17236013, ['name']="EvilEye", ['index']=45, ['level']=46},
    [17236015] = {['id']=17236015, ['name']="DemonPawn", ['index']=47, ['level']=48},
    [17236349] = {['id']=17236349, ['name']="FieldManual", ['index']=381, ['level']=0},
    [17236369] = {['id']=17236369, ['name']="SurvivalGuide", ['index']=401, ['level']=0},
    [17235981] = {['id']=17235981, ['name']="LostSoul", ['index']=13, ['level']=43},
    [17235977] = {['id']=17235977, ['name']="LostSoul", ['index']=9, ['level']=45},
    [17235989] = {['id']=17235989, ['name']="IceElemental", ['index']=21, ['level']=49},
    [17235975] = {['id']=17235975, ['name']="LostSoul", ['index']=7, ['level']=43},
    [17235973] = {['id']=17235973, ['name']="LostSoul", ['index']=5, ['level']=44},
    [17235991] = {['id']=17235991, ['name']="CursedWeapon", ['index']=23, ['level']=45},
    [17235990] = {['id']=17235990, ['name']="CursedWeapon", ['index']=22, ['level']=43},
    [17235987] = {['id']=17235987, ['name']="ShadowDragon", ['index']=19, ['level']=52},
    [17235970] = {['id']=17235970, ['name']="LostSoul", ['index']=2, ['level']=44},
    [17235971] = {['id']=17235971, ['name']="LostSoul", ['index']=3, ['level']=43},
    [17235973] = {['id']=17235973, ['name']="LostSoul", ['index']=5, ['level']=42},
    [17235975] = {['id']=17235975, ['name']="LostSoul", ['index']=7, ['level']=43},
    [17235984] = {['id']=17235984, ['name']="Etemmu", ['index']=16, ['level']=45},
    [17236006] = {['id']=17236006, ['name']="LostSoul", ['index']=38, ['level']=43},
    [17236009] = {['id']=17236009, ['name']="LostSoul", ['index']=41, ['level']=42},
    [17236010] = {['id']=17236010, ['name']="Etemmu", ['index']=42, ['level']=45},
    [17236012] = {['id']=17236012, ['name']="EvilEye", ['index']=44, ['level']=46},
    [17236013] = {['id']=17236013, ['name']="EvilEye", ['index']=45, ['level']=46},
    [17236015] = {['id']=17236015, ['name']="DemonPawn", ['index']=47, ['level']=48},
    [17236349] = {['id']=17236349, ['name']="FieldManual", ['index']=381, ['level']=0},
    [17236369] = {['id']=17236369, ['name']="SurvivalGuide", ['index']=401, ['level']=0},
    [17235979] = {['id']=17235979, ['name']="LostSoul", ['index']=11, ['level']=42},
    [17235978] = {['id']=17235978, ['name']="LostSoul", ['index']=10, ['level']=43},
    [17235986] = {['id']=17235986, ['name']="EvilEye", ['index']=18, ['level']=45},
    [17235974] = {['id']=17235974, ['name']="LostSoul", ['index']=6, ['level']=44},
    [17235982] = {['id']=17235982, ['name']="LostSoul", ['index']=14, ['level']=45},
    [17235980] = {['id']=17235980, ['name']="LostSoul", ['index']=12, ['level']=45},
    [17235991] = {['id']=17235991, ['name']="CursedWeapon", ['index']=23, ['level']=44},
    [17235990] = {['id']=17235990, ['name']="CursedWeapon", ['index']=22, ['level']=45},
    [17235987] = {['id']=17235987, ['name']="ShadowDragon", ['index']=19, ['level']=52},
    [17235998] = {['id']=17235998, ['name']="LostSoul", ['index']=30, ['level']=42},
    [17236002] = {['id']=17236002, ['name']="EvilEye", ['index']=34, ['level']=46},
    [17236003] = {['id']=17236003, ['name']="IceElemental", ['index']=35, ['level']=48},
    [17235999] = {['id']=17235999, ['name']="LostSoul", ['index']=31, ['level']=45},
    [17235976] = {['id']=17235976, ['name']="LostSoul", ['index']=8, ['level']=42},
    [17235985] = {['id']=17235985, ['name']="EvilEye", ['index']=17, ['level']=45},
    [17235983] = {['id']=17235983, ['name']="Etemmu", ['index']=15, ['level']=46},
    [17235969] = {['id']=17235969, ['name']="LostSoul", ['index']=1, ['level']=43},
    [17236350] = {['id']=17236350, ['name']="FieldManual", ['index']=382, ['level']=0},
    [17235975] = {['id']=17235975, ['name']="LostSoul", ['index']=7, ['level']=42},
    [17235976] = {['id']=17235976, ['name']="LostSoul", ['index']=8, ['level']=44},
    [17236010] = {['id']=17236010, ['name']="Etemmu", ['index']=42, ['level']=44},
    [17236015] = {['id']=17236015, ['name']="DemonPawn", ['index']=47, ['level']=48},
    [17236349] = {['id']=17236349, ['name']="FieldManual", ['index']=381, ['level']=0},
    [17236369] = {['id']=17236369, ['name']="SurvivalGuide", ['index']=401, ['level']=0},
    [17236006] = {['id']=17236006, ['name']="LostSoul", ['index']=38, ['level']=42},
    [17235985] = {['id']=17235985, ['name']="EvilEye", ['index']=17, ['level']=45},
    [17235981] = {['id']=17235981, ['name']="LostSoul", ['index']=13, ['level']=44},
    [17235994] = {['id']=17235994, ['name']="Etemmu", ['index']=26, ['level']=43},
    [17235996] = {['id']=17235996, ['name']="DarkElemental", ['index']=28, ['level']=50},
    [17235995] = {['id']=17235995, ['name']="Etemmu", ['index']=27, ['level']=44},
    [17235970] = {['id']=17235970, ['name']="LostSoul", ['index']=2, ['level']=45},
    [17235971] = {['id']=17235971, ['name']="LostSoul", ['index']=3, ['level']=43},
    [17235973] = {['id']=17235973, ['name']="LostSoul", ['index']=5, ['level']=43},
    [17235974] = {['id']=17235974, ['name']="LostSoul", ['index']=6, ['level']=43},
    [17235977] = {['id']=17235977, ['name']="LostSoul", ['index']=9, ['level']=44},
    [17235979] = {['id']=17235979, ['name']="LostSoul", ['index']=11, ['level']=45},
    [17235980] = {['id']=17235980, ['name']="LostSoul", ['index']=12, ['level']=42},
    [17235982] = {['id']=17235982, ['name']="LostSoul", ['index']=14, ['level']=43},
    [17235984] = {['id']=17235984, ['name']="Etemmu", ['index']=16, ['level']=43},
    [17235986] = {['id']=17235986, ['name']="EvilEye", ['index']=18, ['level']=45},
    [17235987] = {['id']=17235987, ['name']="ShadowDragon", ['index']=19, ['level']=52},
    [17235990] = {['id']=17235990, ['name']="CursedWeapon", ['index']=22, ['level']=44},
    [17235991] = {['id']=17235991, ['name']="CursedWeapon", ['index']=23, ['level']=44},
    [17235999] = {['id']=17235999, ['name']="LostSoul", ['index']=31, ['level']=45},
    [17236002] = {['id']=17236002, ['name']="EvilEye", ['index']=34, ['level']=45},
    [17236000] = {['id']=17236000, ['name']="LostSoul", ['index']=32, ['level']=44},
    [17236096] = {['id']=17236096, ['name']="GraupelGigas", ['index']=128, ['level']=47},
    [17236101] = {['id']=17236101, ['name']="GraupelGigas", ['index']=133, ['level']=46},
    [17236104] = {['id']=17236104, ['name']="HailGigas", ['index']=136, ['level']=46},
    [17236203] = {['id']=17236203, ['name']="BorealCoeurl", ['index']=235, ['level']=53},
    [17236087] = {['id']=17236087, ['name']="EvilEye", ['index']=119, ['level']=45},
    [17236122] = {['id']=17236122, ['name']="EvilEye", ['index']=154, ['level']=48},
    [17236125] = {['id']=17236125, ['name']="DemonPawn", ['index']=157, ['level']=48},
    [17236126] = {['id']=17236126, ['name']="DemonWizard", ['index']=158, ['level']=50},
    [17236127] = {['id']=17236127, ['name']="DemonKnight", ['index']=159, ['level']=49},
    [17236204] = {['id']=17236204, ['name']="BorealTiger", ['index']=236, ['level']=53},
    [17236060] = {['id']=17236060, ['name']="EvilEye", ['index']=92, ['level']=46},
    [17236061] = {['id']=17236061, ['name']="EvilEye", ['index']=93, ['level']=46},
    [17236138] = {['id']=17236138, ['name']="DemonPawn", ['index']=170, ['level']=48},
    [17236140] = {['id']=17236140, ['name']="DemonKnight", ['index']=172, ['level']=49},
    [17236141] = {['id']=17236141, ['name']="DemonPawn", ['index']=173, ['level']=49},
    [17236144] = {['id']=17236144, ['name']="EvilEye", ['index']=176, ['level']=48},
    [17236146] = {['id']=17236146, ['name']="DukeFocalor", ['index']=178, ['level']=52},
    [17236147] = {['id']=17236147, ['name']="DemonPawn", ['index']=179, ['level']=52},
    [17236148] = {['id']=17236148, ['name']="DemonPawn", ['index']=180, ['level']=52},
    [17236149] = {['id']=17236149, ['name']="EvilEye", ['index']=181, ['level']=47},
    [17236150] = {['id']=17236150, ['name']="DemonPawn", ['index']=182, ['level']=51},
    [17236151] = {['id']=17236151, ['name']="DemonKnight", ['index']=183, ['level']=52},
    [17236152] = {['id']=17236152, ['name']="DemonPawn", ['index']=184, ['level']=50},
    [17236153] = {['id']=17236153, ['name']="DemonWizard", ['index']=185, ['level']=51},
    [17236154] = {['id']=17236154, ['name']="DemonKnight", ['index']=186, ['level']=51},
    [17236155] = {['id']=17236155, ['name']="DemonWarlock", ['index']=187, ['level']=52},
    [17236156] = {['id']=17236156, ['name']="Demon\'sElement", ['index']=188, ['level']=45},
    [17236157] = {['id']=17236157, ['name']="DemonWizard", ['index']=189, ['level']=50},
    [17236158] = {['id']=17236158, ['name']="DemonKnight", ['index']=190, ['level']=50},
    [17236161] = {['id']=17236161, ['name']="LostSoul", ['index']=193, ['level']=43},
    [17236162] = {['id']=17236162, ['name']="LostSoul", ['index']=194, ['level']=42},
    [17236164] = {['id']=17236164, ['name']="LostSoul", ['index']=196, ['level']=42},
    [17236169] = {['id']=17236169, ['name']="LostSoul", ['index']=201, ['level']=45},
    [17236058] = {['id']=17236058, ['name']="Etemmu", ['index']=90, ['level']=46},
    [17236019] = {['id']=17236019, ['name']="LostSoul", ['index']=51, ['level']=42},
    [17236023] = {['id']=17236023, ['name']="EvilEye", ['index']=55, ['level']=45},
    [17236017] = {['id']=17236017, ['name']="LostSoul", ['index']=49, ['level']=45},
    [17236032] = {['id']=17236032, ['name']="Etemmu", ['index']=64, ['level']=44},
    [17236037] = {['id']=17236037, ['name']="DemonPawn", ['index']=69, ['level']=49},
    [17236016] = {['id']=17236016, ['name']="LostSoul", ['index']=48, ['level']=44},
    [17236018] = {['id']=17236018, ['name']="LostSoul", ['index']=50, ['level']=45},
    [17236020] = {['id']=17236020, ['name']="Etemmu", ['index']=52, ['level']=46},
    [17236022] = {['id']=17236022, ['name']="EvilEye", ['index']=54, ['level']=45},
    [17236035] = {['id']=17236035, ['name']="EvilEye", ['index']=67, ['level']=46},
    [17236028] = {['id']=17236028, ['name']="LostSoul", ['index']=60, ['level']=43},
    [17236031] = {['id']=17236031, ['name']="LostSoul", ['index']=63, ['level']=43},
    [17236029] = {['id']=17236029, ['name']="LostSoul", ['index']=61, ['level']=44},
    [17236008] = {['id']=17236008, ['name']="LostSoul", ['index']=40, ['level']=44},
    [17236013] = {['id']=17236013, ['name']="EvilEye", ['index']=45, ['level']=46},
    [17236011] = {['id']=17236011, ['name']="Etemmu", ['index']=43, ['level']=46},
    [17236007] = {['id']=17236007, ['name']="LostSoul", ['index']=39, ['level']=45},
    [17235978] = {['id']=17235978, ['name']="LostSoul", ['index']=10, ['level']=42},
    [17236001] = {['id']=17236001, ['name']="EvilEye", ['index']=33, ['level']=46},
    [17235997] = {['id']=17235997, ['name']="LostSoul", ['index']=29, ['level']=45},
    [17235998] = {['id']=17235998, ['name']="LostSoul", ['index']=30, ['level']=44},
    [17236039] = {['id']=17236039, ['name']="DemonPawn", ['index']=71, ['level']=48},
    [17236036] = {['id']=17236036, ['name']="IceElemental", ['index']=68, ['level']=50},
    [17236034] = {['id']=17236034, ['name']="EvilEye", ['index']=66, ['level']=45},
    [17236042] = {['id']=17236042, ['name']="LostSoul", ['index']=74, ['level']=45},
    [17236041] = {['id']=17236041, ['name']="LostSoul", ['index']=73, ['level']=42},
    [17236038] = {['id']=17236038, ['name']="DemonPawn", ['index']=70, ['level']=50},
    [17236033] = {['id']=17236033, ['name']="Etemmu", ['index']=65, ['level']=44},
    [17236030] = {['id']=17236030, ['name']="LostSoul", ['index']=62, ['level']=43},
    [17236040] = {['id']=17236040, ['name']="DemonPawn", ['index']=72, ['level']=49},
    [17236054] = {['id']=17236054, ['name']="LostSoul", ['index']=86, ['level']=43},
    [17236009] = {['id']=17236009, ['name']="LostSoul", ['index']=41, ['level']=42},
    [17236057] = {['id']=17236057, ['name']="LostSoul", ['index']=89, ['level']=45},
    [17236056] = {['id']=17236056, ['name']="LostSoul", ['index']=88, ['level']=43},
    [17236021] = {['id']=17236021, ['name']="Etemmu", ['index']=53, ['level']=43},
    [17236055] = {['id']=17236055, ['name']="LostSoul", ['index']=87, ['level']=44},
    [17236145] = {['id']=17236145, ['name']="EvilEye", ['index']=177, ['level']=48},
    [17236166] = {['id']=17236166, ['name']="LostSoul", ['index']=198, ['level']=45},
    [17236163] = {['id']=17236163, ['name']="LostSoul", ['index']=195, ['level']=42},
    [17236170] = {['id']=17236170, ['name']="LostSoul", ['index']=202, ['level']=45},
    [17236168] = {['id']=17236168, ['name']="LostSoul", ['index']=200, ['level']=43},
    [17236171] = {['id']=17236171, ['name']="Etemmu", ['index']=203, ['level']=45},
    [17236165] = {['id']=17236165, ['name']="LostSoul", ['index']=197, ['level']=44},
    [17236173] = {['id']=17236173, ['name']="Etemmu", ['index']=205, ['level']=44},
    [17236167] = {['id']=17236167, ['name']="LostSoul", ['index']=199, ['level']=42},
    [17236172] = {['id']=17236172, ['name']="Etemmu", ['index']=204, ['level']=46},
    [17236178] = {['id']=17236178, ['name']="EvilEye", ['index']=210, ['level']=45},
    [17236175] = {['id']=17236175, ['name']="EvilEye", ['index']=207, ['level']=46},
    [17236177] = {['id']=17236177, ['name']="EvilEye", ['index']=209, ['level']=46},
    [17236176] = {['id']=17236176, ['name']="EvilEye", ['index']=208, ['level']=45},
    [17236180] = {['id']=17236180, ['name']="ShadowEye", ['index']=212, ['level']=49},
    [17236179] = {['id']=17236179, ['name']="EvilEye", ['index']=211, ['level']=46},
    [17235973] = {['id']=17235973, ['name']="LostSoul", ['index']=5, ['level']=43},
    [17235974] = {['id']=17235974, ['name']="LostSoul", ['index']=6, ['level']=43},
    [17235977] = {['id']=17235977, ['name']="LostSoul", ['index']=9, ['level']=44},
    [17235980] = {['id']=17235980, ['name']="LostSoul", ['index']=12, ['level']=42},
    [17235981] = {['id']=17235981, ['name']="LostSoul", ['index']=13, ['level']=44},
    [17235979] = {['id']=17235979, ['name']="LostSoul", ['index']=11, ['level']=45},
    [17235982] = {['id']=17235982, ['name']="LostSoul", ['index']=14, ['level']=43},
    [17235983] = {['id']=17235983, ['name']="Etemmu", ['index']=15, ['level']=46},
    [17235984] = {['id']=17235984, ['name']="Etemmu", ['index']=16, ['level']=43},
    [17235986] = {['id']=17235986, ['name']="EvilEye", ['index']=18, ['level']=45},
    [17235987] = {['id']=17235987, ['name']="ShadowDragon", ['index']=19, ['level']=52},
    [17235989] = {['id']=17235989, ['name']="IceElemental", ['index']=21, ['level']=50},
    [17235990] = {['id']=17235990, ['name']="CursedWeapon", ['index']=22, ['level']=44},
    [17235978] = {['id']=17235978, ['name']="LostSoul", ['index']=10, ['level']=42},
    [17235991] = {['id']=17235991, ['name']="CursedWeapon", ['index']=23, ['level']=44},
    [17235976] = {['id']=17235976, ['name']="LostSoul", ['index']=8, ['level']=44},
    [17235985] = {['id']=17235985, ['name']="EvilEye", ['index']=17, ['level']=45},
    [17235998] = {['id']=17235998, ['name']="LostSoul", ['index']=30, ['level']=44},
    [17236003] = {['id']=17236003, ['name']="IceElemental", ['index']=35, ['level']=49},
    [17236002] = {['id']=17236002, ['name']="EvilEye", ['index']=34, ['level']=45},
    [17235973] = {['id']=17235973, ['name']="LostSoul", ['index']=5, ['level']=42},
    [17235974] = {['id']=17235974, ['name']="LostSoul", ['index']=6, ['level']=42},
    [17235976] = {['id']=17235976, ['name']="LostSoul", ['index']=8, ['level']=42},
    [17235978] = {['id']=17235978, ['name']="LostSoul", ['index']=10, ['level']=45},
    [17235979] = {['id']=17235979, ['name']="LostSoul", ['index']=11, ['level']=42},
    [17235980] = {['id']=17235980, ['name']="LostSoul", ['index']=12, ['level']=44},
    [17235982] = {['id']=17235982, ['name']="LostSoul", ['index']=14, ['level']=42},
    [17235983] = {['id']=17235983, ['name']="Etemmu", ['index']=15, ['level']=43},
    [17235984] = {['id']=17235984, ['name']="Etemmu", ['index']=16, ['level']=45},
    [17235985] = {['id']=17235985, ['name']="EvilEye", ['index']=17, ['level']=45},
    [17235992] = {['id']=17235992, ['name']="CursedWeapon", ['index']=24, ['level']=43},
    [17235993] = {['id']=17235993, ['name']="CursedWeapon", ['index']=25, ['level']=45},
    [17235994] = {['id']=17235994, ['name']="Etemmu", ['index']=26, ['level']=44},
    [17235995] = {['id']=17235995, ['name']="Etemmu", ['index']=27, ['level']=44},
    [17235998] = {['id']=17235998, ['name']="LostSoul", ['index']=30, ['level']=44},
    [17235999] = {['id']=17235999, ['name']="LostSoul", ['index']=31, ['level']=44},
    [17236001] = {['id']=17236001, ['name']="EvilEye", ['index']=33, ['level']=45},
    [17236002] = {['id']=17236002, ['name']="EvilEye", ['index']=34, ['level']=45},
    [17236004] = {['id']=17236004, ['name']="CursedWeapon", ['index']=36, ['level']=45},
    [17236006] = {['id']=17236006, ['name']="LostSoul", ['index']=38, ['level']=43},
    [17236007] = {['id']=17236007, ['name']="LostSoul", ['index']=39, ['level']=45},
    [17236008] = {['id']=17236008, ['name']="LostSoul", ['index']=40, ['level']=44},
    [17236009] = {['id']=17236009, ['name']="LostSoul", ['index']=41, ['level']=45},
    [17236010] = {['id']=17236010, ['name']="Etemmu", ['index']=42, ['level']=45},
    [17236011] = {['id']=17236011, ['name']="Etemmu", ['index']=43, ['level']=43},
    [17236012] = {['id']=17236012, ['name']="EvilEye", ['index']=44, ['level']=46},
    [17236013] = {['id']=17236013, ['name']="EvilEye", ['index']=45, ['level']=45},
    [17236014] = {['id']=17236014, ['name']="IceElemental", ['index']=46, ['level']=49},
    [17236015] = {['id']=17236015, ['name']="DemonPawn", ['index']=47, ['level']=49},
    [17236017] = {['id']=17236017, ['name']="LostSoul", ['index']=49, ['level']=45},
    [17236019] = {['id']=17236019, ['name']="LostSoul", ['index']=51, ['level']=42},
    [17236023] = {['id']=17236023, ['name']="EvilEye", ['index']=55, ['level']=45},
    [17236028] = {['id']=17236028, ['name']="LostSoul", ['index']=60, ['level']=43},
    [17236031] = {['id']=17236031, ['name']="LostSoul", ['index']=63, ['level']=45},
    [17236032] = {['id']=17236032, ['name']="Etemmu", ['index']=64, ['level']=44},
    [17236035] = {['id']=17236035, ['name']="EvilEye", ['index']=67, ['level']=46},
    [17236037] = {['id']=17236037, ['name']="DemonPawn", ['index']=69, ['level']=49},
    [17236039] = {['id']=17236039, ['name']="DemonPawn", ['index']=71, ['level']=48},
    [17236042] = {['id']=17236042, ['name']="LostSoul", ['index']=74, ['level']=45},
    [17236044] = {['id']=17236044, ['name']="LostSoul", ['index']=76, ['level']=44},
    [17236349] = {['id']=17236349, ['name']="FieldManual", ['index']=381, ['level']=0},
    [17236369] = {['id']=17236369, ['name']="SurvivalGuide", ['index']=401, ['level']=0},
    [17236016] = {['id']=17236016, ['name']="LostSoul", ['index']=48, ['level']=44},
    [17236018] = {['id']=17236018, ['name']="LostSoul", ['index']=50, ['level']=45},
    [17236021] = {['id']=17236021, ['name']="Etemmu", ['index']=53, ['level']=43},
    [17236024] = {['id']=17236024, ['name']="IceElemental", ['index']=56, ['level']=49},
    [17236026] = {['id']=17236026, ['name']="CursedWeapon", ['index']=58, ['level']=43},
    [17236029] = {['id']=17236029, ['name']="LostSoul", ['index']=61, ['level']=44},
    [17236030] = {['id']=17236030, ['name']="LostSoul", ['index']=62, ['level']=43},
    [17236033] = {['id']=17236033, ['name']="Etemmu", ['index']=65, ['level']=44},
    [17236038] = {['id']=17236038, ['name']="DemonPawn", ['index']=70, ['level']=49},
    [17236115] = {['id']=17236115, ['name']="EvilEye", ['index']=147, ['level']=45},
    [17236034] = {['id']=17236034, ['name']="EvilEye", ['index']=66, ['level']=46},
    [17236114] = {['id']=17236114, ['name']="LostSoul", ['index']=146, ['level']=42},
