    [17338369] = {['id']=17338369, ['name']="Cointeach", ['index']=1, ['level']=79},
    [17338370] = {['id']=17338370, ['name']="Cointeach", ['index']=2, ['level']=79},
    [17338372] = {['id']=17338372, ['name']="GigasLopper", ['index']=4, ['level']=81},
    [17338373] = {['id']=17338373, ['name']="GigasLopper", ['index']=5, ['level']=81},
    [17338371] = {['id']=17338371, ['name']="DireGargouille", ['index']=3, ['level']=80},
    [17338375] = {['id']=17338375, ['name']="GigasSlugger", ['index']=7, ['level']=81},
    [17338380] = {['id']=17338380, ['name']="GigasSlugger", ['index']=12, ['level']=81},
    [17338374] = {['id']=17338374, ['name']="GigasSlugger", ['index']=6, ['level']=81},
    [17338376] = {['id']=17338376, ['name']="Cointeach", ['index']=8, ['level']=79},
    [17338378] = {['id']=17338378, ['name']="GigasSlugger", ['index']=10, ['level']=80},
    [17338394] = {['id']=17338394, ['name']="GigasHurler", ['index']=26, ['level']=81},
    [17338389] = {['id']=17338389, ['name']="Gigas'sTiger", ['index']=21, ['level']=76},
    [17338388] = {['id']=17338388, ['name']="GigasFlogger", ['index']=20, ['level']=80},
    [17338424] = {['id']=17338424, ['name']="RulyImp", ['index']=56, ['level']=80},
    [17338426] = {['id']=17338426, ['name']="GigasLopper", ['index']=58, ['level']=80},
    [17338427] = {['id']=17338427, ['name']="GigasFlogger", ['index']=59, ['level']=81},
    [17338428] = {['id']=17338428, ['name']="Gigas'sTiger", ['index']=60, ['level']=75},
    [17338429] = {['id']=17338429, ['name']="RulyImp", ['index']=61, ['level']=80},
    [17338431] = {['id']=17338431, ['name']="RulyImp", ['index']=63, ['level']=80},
    [17338433] = {['id']=17338433, ['name']="BerserkerDemon", ['index']=65, ['level']=82},
    [17338434] = {['id']=17338434, ['name']="DemonWarrior", ['index']=66, ['level']=81},
    [17338435] = {['id']=17338435, ['name']="DemonBefouler", ['index']=67, ['level']=81},
    [17338443] = {['id']=17338443, ['name']="RulyImp", ['index']=75, ['level']=80},
    [17338444] = {['id']=17338444, ['name']="RulyImp", ['index']=76, ['level']=81},
    [17338447] = {['id']=17338447, ['name']="AdjudicatorDem", ['index']=79, ['level']=82},
    [17338448] = {['id']=17338448, ['name']="Demon'sElement", ['index']=80, ['level']=77},
    [17338449] = {['id']=17338449, ['name']="DemonMagus", ['index']=81, ['level']=80},
    [17338446] = {['id']=17338446, ['name']="DemonWarrior", ['index']=78, ['level']=80},
    [17338445] = {['id']=17338445, ['name']="RulyImp", ['index']=77, ['level']=81},
    [17338839] = {['id']=17338839, ['name']="ShadowsoulDevo", ['index']=471, ['level']=70},
    [17338843] = {['id']=17338843, ['name']="ShadowsoulDevo", ['index']=475, ['level']=70},
    [17338844] = {['id']=17338844, ['name']="ShadowsoulDevo", ['index']=476, ['level']=70},
    [17338879] = {['id']=17338879, ['name']="FiendishLeechk", ['index']=511, ['level']=60},
    [17338880] = {['id']=17338880, ['name']="FiendishLeechk", ['index']=512, ['level']=60},
    [17338881] = {['id']=17338881, ['name']="FiendishLeechk", ['index']=513, ['level']=60},
    [17338882] = {['id']=17338882, ['name']="FiendishLeechk", ['index']=514, ['level']=60},
    [17338883] = {['id']=17338883, ['name']="FiendishLeechk", ['index']=515, ['level']=60},
    [17338884] = {['id']=17338884, ['name']="FiendishLeechk", ['index']=516, ['level']=60},
    [17339017] = {['id']=17339017, ['name']="Sleiney,C.A.", ['index']=649, ['level']=0},
    [17338838] = {['id']=17338838, ['name']="ShadowsoulDevo", ['index']=470, ['level']=70},
    [17338464] = {['id']=17338464, ['name']="Cointeach", ['index']=96, ['level']=79},
    [17338459] = {['id']=17338459, ['name']="Gidim", ['index']=91, ['level']=82},
    [17338462] = {['id']=17338462, ['name']="PrinceOrobas", ['index']=94, ['level']=87},
    [17338453] = {['id']=17338453, ['name']="DemonMagus", ['index']=85, ['level']=81},
    [17338463] = {['id']=17338463, ['name']="Cointeach", ['index']=95, ['level']=80},
    [17338465] = {['id']=17338465, ['name']="Cointeach", ['index']=97, ['level']=79},
    [17338460] = {['id']=17338460, ['name']="DemonJusticiar", ['index']=92, ['level']=80},
    [17338461] = {['id']=17338461, ['name']="Demon'sElement", ['index']=93, ['level']=75},
    [17338458] = {['id']=17338458, ['name']="Gidim", ['index']=90, ['level']=81},
    [17338845] = {['id']=17338845, ['name']="ShadowsoulDevo", ['index']=477, ['level']=70},
    [17338450] = {['id']=17338450, ['name']="RulyImp", ['index']=82, ['level']=80},
    [17338548] = {['id']=17338548, ['name']="Gidim", ['index']=180, ['level']=81},
    [17338550] = {['id']=17338550, ['name']="Cointeach", ['index']=182, ['level']=80},
    [17338546] = {['id']=17338546, ['name']="Gidim", ['index']=178, ['level']=81},
    [17338551] = {['id']=17338551, ['name']="Cointeach", ['index']=183, ['level']=80},
    [17338552] = {['id']=17338552, ['name']="Cointeach", ['index']=184, ['level']=80},
    [17338549] = {['id']=17338549, ['name']="Gidim", ['index']=181, ['level']=81},
    [17338547] = {['id']=17338547, ['name']="Gidim", ['index']=179, ['level']=82},
    [17338559] = {['id']=17338559, ['name']="Tikbalang", ['index']=191, ['level']=83},
    [17338557] = {['id']=17338557, ['name']="Cointeach", ['index']=189, ['level']=80},
    [17338554] = {['id']=17338554, ['name']="Cointeach", ['index']=186, ['level']=80},
    [17338556] = {['id']=17338556, ['name']="Cointeach", ['index']=188, ['level']=80},
    [17338558] = {['id']=17338558, ['name']="Cointeach", ['index']=190, ['level']=80},
    [17338553] = {['id']=17338553, ['name']="Cointeach", ['index']=185, ['level']=79},
    [17338555] = {['id']=17338555, ['name']="Cointeach", ['index']=187, ['level']=80},
    [17338379] = {['id']=17338379, ['name']="GigasLopper", ['index']=11, ['level']=80},
    [17338400] = {['id']=17338400, ['name']="GigasHurler", ['index']=32, ['level']=81},
    [17338401] = {['id']=17338401, ['name']="GigasHurler", ['index']=33, ['level']=80},
    [17338402] = {['id']=17338402, ['name']="GigasFlogger", ['index']=34, ['level']=80},
    [17338403] = {['id']=17338403, ['name']="Gigas'sTiger", ['index']=35, ['level']=76},
    [17338430] = {['id']=17338430, ['name']="RulyImp", ['index']=62, ['level']=80},
    [17338432] = {['id']=17338432, ['name']="RulyImp", ['index']=64, ['level']=81},
    [17338441] = {['id']=17338441, ['name']="DemonBefouler", ['index']=73, ['level']=81},
    [17338440] = {['id']=17338440, ['name']="EclipseDemon", ['index']=72, ['level']=82},
    [17338442] = {['id']=17338442, ['name']="RulyImp", ['index']=74, ['level']=81},
    [17338438] = {['id']=17338438, ['name']="DemonJusticiar", ['index']=70, ['level']=81},
    [17338439] = {['id']=17338439, ['name']="Demon'sElement", ['index']=71, ['level']=76},
    [17338527] = {['id']=17338527, ['name']="SnowWight", ['index']=159, ['level']=80},
    [17338436] = {['id']=17338436, ['name']="RulyImp", ['index']=68, ['level']=80},
    [17338531] = {['id']=17338531, ['name']="SnowWight", ['index']=163, ['level']=81},
    [17338529] = {['id']=17338529, ['name']="SnowWight", ['index']=161, ['level']=81},
    [17338528] = {['id']=17338528, ['name']="SnowWight", ['index']=160, ['level']=80},
    [17338530] = {['id']=17338530, ['name']="SnowWight", ['index']=162, ['level']=81},
    [17338532] = {['id']=17338532, ['name']="DemonMagus", ['index']=164, ['level']=80},
    [17338533] = {['id']=17338533, ['name']="DemonBefouler", ['index']=165, ['level']=81},
    [17338522] = {['id']=17338522, ['name']="Harum-scarum", ['index']=154, ['level']=80},
    [17338573] = {['id']=17338573, ['name']="FustyGnole", ['index']=205, ['level']=82},
    [17338564] = {['id']=17338564, ['name']="FustyGnole", ['index']=196, ['level']=80},
    [17338563] = {['id']=17338563, ['name']="FustyGnole", ['index']=195, ['level']=82},
    [17338572] = {['id']=17338572, ['name']="FustyGnole", ['index']=204, ['level']=81},
    [17338560] = {['id']=17338560, ['name']="FustyGnole", ['index']=192, ['level']=82},
    [17338568] = {['id']=17338568, ['name']="FustyGnole", ['index']=200, ['level']=81},
    [17338561] = {['id']=17338561, ['name']="FustyGnole", ['index']=193, ['level']=80},
    [17338562] = {['id']=17338562, ['name']="FustyGnole", ['index']=194, ['level']=82},
    [17338571] = {['id']=17338571, ['name']="FustyGnole", ['index']=203, ['level']=81},
    [17338569] = {['id']=17338569, ['name']="FustyGnole", ['index']=201, ['level']=81},
    [17338567] = {['id']=17338567, ['name']="FustyGnole", ['index']=199, ['level']=80},
    [17338570] = {['id']=17338570, ['name']="FustyGnole", ['index']=202, ['level']=82},
    [17338585] = {['id']=17338585, ['name']="Zirnitra", ['index']=217, ['level']=85},
    [17338426] = {['id']=17338426, ['name']="GigasLopper", ['index']=58, ['level']=81},
    [17338427] = {['id']=17338427, ['name']="GigasFlogger", ['index']=59, ['level']=81},
    [17338428] = {['id']=17338428, ['name']="Gigas\'sTiger", ['index']=60, ['level']=76},
    [17338424] = {['id']=17338424, ['name']="RulyImp", ['index']=56, ['level']=80},
    [17338425] = {['id']=17338425, ['name']="RulyImp", ['index']=57, ['level']=80},
    [17338376] = {['id']=17338376, ['name']="Cointeach", ['index']=8, ['level']=79},
    [17338379] = {['id']=17338379, ['name']="GigasLopper", ['index']=11, ['level']=80},
    [17338380] = {['id']=17338380, ['name']="GigasSlugger", ['index']=12, ['level']=80},
    [17338388] = {['id']=17338388, ['name']="GigasFlogger", ['index']=20, ['level']=80},
    [17338389] = {['id']=17338389, ['name']="Gigas\'sTiger", ['index']=21, ['level']=76},
    [17338390] = {['id']=17338390, ['name']="GigasFlogger", ['index']=22, ['level']=80},
    [17338391] = {['id']=17338391, ['name']="Gigas\'sTiger", ['index']=23, ['level']=75},
    [17338392] = {['id']=17338392, ['name']="GigasLopper", ['index']=24, ['level']=81},
    [17338393] = {['id']=17338393, ['name']="GigasSlugger", ['index']=25, ['level']=81},
    [17338394] = {['id']=17338394, ['name']="GigasHurler", ['index']=26, ['level']=81},
    [17338395] = {['id']=17338395, ['name']="GigasHurler", ['index']=27, ['level']=81},
    [17338396] = {['id']=17338396, ['name']="GigasFlogger", ['index']=28, ['level']=81},
    [17338397] = {['id']=17338397, ['name']="Gigas\'sTiger", ['index']=29, ['level']=75},
    [17338400] = {['id']=17338400, ['name']="GigasHurler", ['index']=32, ['level']=81},
    [17338401] = {['id']=17338401, ['name']="GigasHurler", ['index']=33, ['level']=81},
    [17338424] = {['id']=17338424, ['name']="RulyImp", ['index']=56, ['level']=81},
    [17338425] = {['id']=17338425, ['name']="RulyImp", ['index']=57, ['level']=80},
    [17338426] = {['id']=17338426, ['name']="GigasLopper", ['index']=58, ['level']=80},
    [17338427] = {['id']=17338427, ['name']="GigasFlogger", ['index']=59, ['level']=80},
    [17338428] = {['id']=17338428, ['name']="Gigas\'sTiger", ['index']=60, ['level']=76},
    [17338429] = {['id']=17338429, ['name']="RulyImp", ['index']=61, ['level']=80},
    [17338430] = {['id']=17338430, ['name']="RulyImp", ['index']=62, ['level']=81},
    [17338431] = {['id']=17338431, ['name']="RulyImp", ['index']=63, ['level']=81},
    [17338432] = {['id']=17338432, ['name']="RulyImp", ['index']=64, ['level']=81},
    [17338433] = {['id']=17338433, ['name']="BerserkerDemon", ['index']=65, ['level']=82},
    [17338434] = {['id']=17338434, ['name']="DemonWarrior", ['index']=66, ['level']=80},
    [17338435] = {['id']=17338435, ['name']="DemonBefouler", ['index']=67, ['level']=80},
    [17338447] = {['id']=17338447, ['name']="AdjudicatorDem", ['index']=79, ['level']=82},
    [17338448] = {['id']=17338448, ['name']="Demon\'sElement", ['index']=80, ['level']=77},
    [17338449] = {['id']=17338449, ['name']="DemonMagus", ['index']=81, ['level']=81},
    [17339010] = {['id']=17339010, ['name']="Estaud,R.K.", ['index']=642, ['level']=0},
    [17338387] = {['id']=17338387, ['name']="GigasHurler", ['index']=19, ['level']=81},
    [17338383] = {['id']=17338383, ['name']="Cointeach", ['index']=15, ['level']=79},
    [17338385] = {['id']=17338385, ['name']="GigasHurler", ['index']=17, ['level']=81},
    [17338369] = {['id']=17338369, ['name']="Cointeach", ['index']=1, ['level']=79},
    [17338370] = {['id']=17338370, ['name']="Cointeach", ['index']=2, ['level']=79},
    [17338371] = {['id']=17338371, ['name']="DireGargouille", ['index']=3, ['level']=80},
    [17338372] = {['id']=17338372, ['name']="GigasLopper", ['index']=4, ['level']=81},
    [17338374] = {['id']=17338374, ['name']="GigasSlugger", ['index']=6, ['level']=81},
    [17338375] = {['id']=17338375, ['name']="GigasSlugger", ['index']=7, ['level']=80},
    [17338381] = {['id']=17338381, ['name']="GigasFlogger", ['index']=13, ['level']=81},
    [17338382] = {['id']=17338382, ['name']="Gigas\'sTiger", ['index']=14, ['level']=76},
    [17338403] = {['id']=17338403, ['name']="Gigas\'sTiger", ['index']=35, ['level']=76},
    [17338373] = {['id']=17338373, ['name']="GigasLopper", ['index']=5, ['level']=81},
    [17338369] = {['id']=17338369, ['name']="Cointeach", ['index']=1, ['level']=79},
    [17338370] = {['id']=17338370, ['name']="Cointeach", ['index']=2, ['level']=79},
    [17338371] = {['id']=17338371, ['name']="DireGargouille", ['index']=3, ['level']=81},
    [17338372] = {['id']=17338372, ['name']="GigasLopper", ['index']=4, ['level']=80},
    [17338373] = {['id']=17338373, ['name']="GigasLopper", ['index']=5, ['level']=80},
    [17338374] = {['id']=17338374, ['name']="GigasSlugger", ['index']=6, ['level']=81},
    [17338375] = {['id']=17338375, ['name']="GigasSlugger", ['index']=7, ['level']=81},
    [17338376] = {['id']=17338376, ['name']="Cointeach", ['index']=8, ['level']=79},
    [17338379] = {['id']=17338379, ['name']="GigasLopper", ['index']=11, ['level']=81},
    [17338380] = {['id']=17338380, ['name']="GigasSlugger", ['index']=12, ['level']=80},
    [17338381] = {['id']=17338381, ['name']="GigasFlogger", ['index']=13, ['level']=81},
    [17338382] = {['id']=17338382, ['name']="Gigas\'sTiger", ['index']=14, ['level']=76},
    [17338387] = {['id']=17338387, ['name']="GigasHurler", ['index']=19, ['level']=81},
    [17338388] = {['id']=17338388, ['name']="GigasFlogger", ['index']=20, ['level']=80},
    [17338389] = {['id']=17338389, ['name']="Gigas\'sTiger", ['index']=21, ['level']=75},
    [17338390] = {['id']=17338390, ['name']="GigasFlogger", ['index']=22, ['level']=80},
    [17338391] = {['id']=17338391, ['name']="Gigas\'sTiger", ['index']=23, ['level']=75},
    [17338392] = {['id']=17338392, ['name']="GigasLopper", ['index']=24, ['level']=80},
    [17338393] = {['id']=17338393, ['name']="GigasSlugger", ['index']=25, ['level']=81},
    [17338394] = {['id']=17338394, ['name']="GigasHurler", ['index']=26, ['level']=80},
    [17338395] = {['id']=17338395, ['name']="GigasHurler", ['index']=27, ['level']=80},
    [17338396] = {['id']=17338396, ['name']="GigasFlogger", ['index']=28, ['level']=80},
    [17338397] = {['id']=17338397, ['name']="Gigas\'sTiger", ['index']=29, ['level']=76},
    [17338398] = {['id']=17338398, ['name']="Cointeach", ['index']=30, ['level']=79},
    [17338399] = {['id']=17338399, ['name']="Cointeach", ['index']=31, ['level']=79},
    [17338400] = {['id']=17338400, ['name']="GigasHurler", ['index']=32, ['level']=81},
    [17338401] = {['id']=17338401, ['name']="GigasHurler", ['index']=33, ['level']=80},
    [17338402] = {['id']=17338402, ['name']="GigasFlogger", ['index']=34, ['level']=81},
    [17338403] = {['id']=17338403, ['name']="Gigas\'sTiger", ['index']=35, ['level']=75},
    [17338377] = {['id']=17338377, ['name']="DireGargouille", ['index']=9, ['level']=80},
    [17338406] = {['id']=17338406, ['name']="DemonWarrior", ['index']=38, ['level']=81},
    [17338407] = {['id']=17338407, ['name']="GigasLopper", ['index']=39, ['level']=81},
    [17338408] = {['id']=17338408, ['name']="GigasSlugger", ['index']=40, ['level']=81},
    [17338432] = {['id']=17338432, ['name']="RulyImp", ['index']=64, ['level']=80},
    [17338522] = {['id']=17338522, ['name']="Harum-scarum", ['index']=154, ['level']=82},
    [17338409] = {['id']=17338409, ['name']="GigasHurler", ['index']=41, ['level']=81},
    [17338405] = {['id']=17338405, ['name']="IceElemental", ['index']=37, ['level']=80},
    [17338378] = {['id']=17338378, ['name']="GigasSlugger", ['index']=10, ['level']=80},
    [17338410] = {['id']=17338410, ['name']="Harum-scarum", ['index']=42, ['level']=82},
    [17338524] = {['id']=17338524, ['name']="Harum-scarum", ['index']=156, ['level']=83},
    [17338523] = {['id']=17338523, ['name']="Harum-scarum", ['index']=155, ['level']=82},
    [17338521] = {['id']=17338521, ['name']="Harum-scarum", ['index']=153, ['level']=80},
    [17338526] = {['id']=17338526, ['name']="SnowWight", ['index']=158, ['level']=81},
    [17339177] = {['id']=17339177, ['name']="WatchfulPixie", ['index']=809, ['level']=0},
    [17338412] = {['id']=17338412, ['name']="Harum-scarum", ['index']=44, ['level']=83},
    [17338415] = {['id']=17338415, ['name']="SavageRuszor", ['index']=47, ['level']=80},
    [17338416] = {['id']=17338416, ['name']="SavageRuszor", ['index']=48, ['level']=82},
    [17338418] = {['id']=17338418, ['name']="IceElemental", ['index']=50, ['level']=80},
    [17338413] = {['id']=17338413, ['name']="SavageRuszor", ['index']=45, ['level']=79},
    [17338414] = {['id']=17338414, ['name']="SavageRuszor", ['index']=46, ['level']=82},
    [17338417] = {['id']=17338417, ['name']="SavageRuszor", ['index']=49, ['level']=82},
    [17338423] = {['id']=17338423, ['name']="SavageRuszor", ['index']=55, ['level']=82},
    [17338420] = {['id']=17338420, ['name']="SavageRuszor", ['index']=52, ['level']=81},
    [17338421] = {['id']=17338421, ['name']="SavageRuszor", ['index']=53, ['level']=80},
    [17338422] = {['id']=17338422, ['name']="SavageRuszor", ['index']=54, ['level']=80},
    [17338419] = {['id']=17338419, ['name']="SavageRuszor", ['index']=51, ['level']=82},
    [17338411] = {['id']=17338411, ['name']="Harum-scarum", ['index']=43, ['level']=83},
    [17338516] = {['id']=17338516, ['name']="SavageRuszor", ['index']=148, ['level']=82},
    [17338514] = {['id']=17338514, ['name']="SavageRuszor", ['index']=146, ['level']=80},
    [17338515] = {['id']=17338515, ['name']="SavageRuszor", ['index']=147, ['level']=80},
    [17338517] = {['id']=17338517, ['name']="SavageRuszor", ['index']=149, ['level']=82},
    [17338518] = {['id']=17338518, ['name']="SavageRuszor", ['index']=150, ['level']=81},
    [17338519] = {['id']=17338519, ['name']="SavageRuszor", ['index']=151, ['level']=80},
    [17338520] = {['id']=17338520, ['name']="SavageRuszor", ['index']=152, ['level']=82},
    [17338529] = {['id']=17338529, ['name']="SnowWight", ['index']=161, ['level']=81},
    [17338530] = {['id']=17338530, ['name']="SnowWight", ['index']=162, ['level']=81},
    [17338531] = {['id']=17338531, ['name']="SnowWight", ['index']=163, ['level']=81},
    [17338560] = {['id']=17338560, ['name']="FustyGnole", ['index']=192, ['level']=81},
    [17338561] = {['id']=17338561, ['name']="FustyGnole", ['index']=193, ['level']=82},
    [17338562] = {['id']=17338562, ['name']="FustyGnole", ['index']=194, ['level']=82},
    [17338563] = {['id']=17338563, ['name']="FustyGnole", ['index']=195, ['level']=80},
    [17338564] = {['id']=17338564, ['name']="FustyGnole", ['index']=196, ['level']=81},
    [17338566] = {['id']=17338566, ['name']="IceElemental", ['index']=198, ['level']=80},
    [17338567] = {['id']=17338567, ['name']="FustyGnole", ['index']=199, ['level']=80},
    [17338568] = {['id']=17338568, ['name']="FustyGnole", ['index']=200, ['level']=82},
    [17338569] = {['id']=17338569, ['name']="FustyGnole", ['index']=201, ['level']=81},
    [17338570] = {['id']=17338570, ['name']="FustyGnole", ['index']=202, ['level']=82},
    [17338571] = {['id']=17338571, ['name']="FustyGnole", ['index']=203, ['level']=82},
    [17338572] = {['id']=17338572, ['name']="FustyGnole", ['index']=204, ['level']=81},
    [17338565] = {['id']=17338565, ['name']="FustyGnole", ['index']=197, ['level']=80},
    [17338525] = {['id']=17338525, ['name']="SnowWight", ['index']=157, ['level']=81},
    [17338383] = {['id']=17338383, ['name']="Cointeach", ['index']=15, ['level']=79},
    [17338385] = {['id']=17338385, ['name']="GigasHurler", ['index']=17, ['level']=80},
    [17338426] = {['id']=17338426, ['name']="GigasLopper", ['index']=58, ['level']=81},
    [17338427] = {['id']=17338427, ['name']="GigasFlogger", ['index']=59, ['level']=80},
    [17338428] = {['id']=17338428, ['name']="Gigas\'sTiger", ['index']=60, ['level']=76},
    [17338430] = {['id']=17338430, ['name']="RulyImp", ['index']=62, ['level']=81},
    [17338431] = {['id']=17338431, ['name']="RulyImp", ['index']=63, ['level']=80},
    [17338434] = {['id']=17338434, ['name']="DemonWarrior", ['index']=66, ['level']=81},
    [17339017] = {['id']=17339017, ['name']="Sleiney,C.A.", ['index']=649, ['level']=0},
    [17338424] = {['id']=17338424, ['name']="RulyImp", ['index']=56, ['level']=80},
    [17338425] = {['id']=17338425, ['name']="RulyImp", ['index']=57, ['level']=80},
    [17338429] = {['id']=17338429, ['name']="RulyImp", ['index']=61, ['level']=81},
    [17338433] = {['id']=17338433, ['name']="BerserkerDemon", ['index']=65, ['level']=82},
    [17338435] = {['id']=17338435, ['name']="DemonBefouler", ['index']=67, ['level']=80},
    [17338438] = {['id']=17338438, ['name']="DemonJusticiar", ['index']=70, ['level']=80},
    [17338439] = {['id']=17338439, ['name']="Demon\'sElement", ['index']=71, ['level']=76},
    [17338440] = {['id']=17338440, ['name']="EclipseDemon", ['index']=72, ['level']=82},
    [17338441] = {['id']=17338441, ['name']="DemonBefouler", ['index']=73, ['level']=80},
    [17338442] = {['id']=17338442, ['name']="RulyImp", ['index']=74, ['level']=80},
    [17338443] = {['id']=17338443, ['name']="RulyImp", ['index']=75, ['level']=81},
    [17338444] = {['id']=17338444, ['name']="RulyImp", ['index']=76, ['level']=81},
    [17338445] = {['id']=17338445, ['name']="RulyImp", ['index']=77, ['level']=81},
    [17338446] = {['id']=17338446, ['name']="DemonWarrior", ['index']=78, ['level']=81},
    [17338447] = {['id']=17338447, ['name']="AdjudicatorDem", ['index']=79, ['level']=82},
    [17338448] = {['id']=17338448, ['name']="Demon\'sElement", ['index']=80, ['level']=77},
    [17338449] = {['id']=17338449, ['name']="DemonMagus", ['index']=81, ['level']=81},
    [17338450] = {['id']=17338450, ['name']="RulyImp", ['index']=82, ['level']=81},
    [17338453] = {['id']=17338453, ['name']="DemonMagus", ['index']=85, ['level']=80},
    [17338457] = {['id']=17338457, ['name']="Gidim", ['index']=89, ['level']=81},
    [17338458] = {['id']=17338458, ['name']="Gidim", ['index']=90, ['level']=82},
    [17338459] = {['id']=17338459, ['name']="Gidim", ['index']=91, ['level']=82},
    [17338460] = {['id']=17338460, ['name']="DemonJusticiar", ['index']=92, ['level']=80},
    [17338461] = {['id']=17338461, ['name']="Demon\'sElement", ['index']=93, ['level']=76},
    [17338463] = {['id']=17338463, ['name']="Cointeach", ['index']=95, ['level']=80},
    [17338464] = {['id']=17338464, ['name']="Cointeach", ['index']=96, ['level']=80},
    [17338465] = {['id']=17338465, ['name']="Cointeach", ['index']=97, ['level']=80},
    [17338527] = {['id']=17338527, ['name']="SnowWight", ['index']=159, ['level']=80},
    [17338528] = {['id']=17338528, ['name']="SnowWight", ['index']=160, ['level']=80},
    [17338533] = {['id']=17338533, ['name']="DemonBefouler", ['index']=165, ['level']=81},
    [17338546] = {['id']=17338546, ['name']="Gidim", ['index']=178, ['level']=81},
    [17338547] = {['id']=17338547, ['name']="Gidim", ['index']=179, ['level']=82},
    [17338550] = {['id']=17338550, ['name']="Cointeach", ['index']=182, ['level']=79},
    [17338551] = {['id']=17338551, ['name']="Cointeach", ['index']=183, ['level']=80},
    [17338552] = {['id']=17338552, ['name']="Cointeach", ['index']=184, ['level']=79},
    [17338451] = {['id']=17338451, ['name']="RulyImp", ['index']=83, ['level']=81},
    [17338436] = {['id']=17338436, ['name']="RulyImp", ['index']=68, ['level']=81},
    [17338553] = {['id']=17338553, ['name']="Cointeach", ['index']=185, ['level']=80},
    [17338554] = {['id']=17338554, ['name']="Cointeach", ['index']=186, ['level']=79},
    [17338555] = {['id']=17338555, ['name']="Cointeach", ['index']=187, ['level']=80},
    [17338556] = {['id']=17338556, ['name']="Cointeach", ['index']=188, ['level']=80},
    [17338557] = {['id']=17338557, ['name']="Cointeach", ['index']=189, ['level']=80},
    [17338558] = {['id']=17338558, ['name']="Cointeach", ['index']=190, ['level']=79},
    [17338559] = {['id']=17338559, ['name']="Tikbalang", ['index']=191, ['level']=83},
    [17338549] = {['id']=17338549, ['name']="Gidim", ['index']=181, ['level']=82},
    [17338548] = {['id']=17338548, ['name']="Gidim", ['index']=180, ['level']=81},
    [17338467] = {['id']=17338467, ['name']="DireGargouille", ['index']=99, ['level']=81},
    [17338466] = {['id']=17338466, ['name']="DireGargouille", ['index']=98, ['level']=81},
    [17338468] = {['id']=17338468, ['name']="DireGargouille", ['index']=100, ['level']=81},
    [17338540] = {['id']=17338540, ['name']="Cointeach", ['index']=172, ['level']=80},
    [17338545] = {['id']=17338545, ['name']="Cointeach", ['index']=177, ['level']=80},
    [17338534] = {['id']=17338534, ['name']="SnowWight", ['index']=166, ['level']=81},
    [17338539] = {['id']=17338539, ['name']="IceElemental", ['index']=171, ['level']=80},
    [17338535] = {['id']=17338535, ['name']="SnowWight", ['index']=167, ['level']=81},
    [17338536] = {['id']=17338536, ['name']="SnowWight", ['index']=168, ['level']=81},
    [17338537] = {['id']=17338537, ['name']="Cointeach", ['index']=169, ['level']=80},
    [17338538] = {['id']=17338538, ['name']="Cointeach", ['index']=170, ['level']=79},
    [17338541] = {['id']=17338541, ['name']="Cointeach", ['index']=173, ['level']=80},
    [17338542] = {['id']=17338542, ['name']="Cointeach", ['index']=174, ['level']=80},
    [17338543] = {['id']=17338543, ['name']="Cointeach", ['index']=175, ['level']=80},
    [17338544] = {['id']=17338544, ['name']="Cointeach", ['index']=176, ['level']=80},
    [17338579] = {['id']=17338579, ['name']="Caracal", ['index']=211, ['level']=81},
    [17338581] = {['id']=17338581, ['name']="Caracal", ['index']=213, ['level']=80},
    [17338582] = {['id']=17338582, ['name']="Caracal", ['index']=214, ['level']=80},
    [17338577] = {['id']=17338577, ['name']="Caracal", ['index']=209, ['level']=81},
    [17338454] = {['id']=17338454, ['name']="RulyImp", ['index']=86, ['level']=81},
    [17338576] = {['id']=17338576, ['name']="Caracal", ['index']=208, ['level']=81},
    [17338584] = {['id']=17338584, ['name']="IceElemental", ['index']=216, ['level']=80},
    [17338574] = {['id']=17338574, ['name']="Caracal", ['index']=206, ['level']=80},
    [17338583] = {['id']=17338583, ['name']="Caracal", ['index']=215, ['level']=81},
    [17338580] = {['id']=17338580, ['name']="Caracal", ['index']=212, ['level']=82},
    [17338578] = {['id']=17338578, ['name']="Caracal", ['index']=210, ['level']=82},
    [17338575] = {['id']=17338575, ['name']="Caracal", ['index']=207, ['level']=80},
    [17338573] = {['id']=17338573, ['name']="FustyGnole", ['index']=205, ['level']=82},
    [17338452] = {['id']=17338452, ['name']="InfernoDemon", ['index']=84, ['level']=82},
    [17338456] = {['id']=17338456, ['name']="Demon\'sElement", ['index']=88, ['level']=75},
    [17338455] = {['id']=17338455, ['name']="DemonJusticiar", ['index']=87, ['level']=80},
    [17338437] = {['id']=17338437, ['name']="RulyImp", ['index']=69, ['level']=80},
    [17338404] = {['id']=17338404, ['name']="Cointeach", ['index']=36, ['level']=79},
    [17338532] = {['id']=17338532, ['name']="DemonMagus", ['index']=164, ['level']=80},
    [17338469] = {['id']=17338469, ['name']="DireGargouille", ['index']=101, ['level']=81},
    [17338470] = {['id']=17338470, ['name']="DireGargouille", ['index']=102, ['level']=81},
    [17338471] = {['id']=17338471, ['name']="DireGargouille", ['index']=103, ['level']=81},
    [17338472] = {['id']=17338472, ['name']="Gorgotaur", ['index']=104, ['level']=81},
    [17338473] = {['id']=17338473, ['name']="Tarbotaur", ['index']=105, ['level']=83},
    [17338474] = {['id']=17338474, ['name']="DemonMagus", ['index']=106, ['level']=81},
    [17338475] = {['id']=17338475, ['name']="DemonBefouler", ['index']=107, ['level']=82},
    [17338476] = {['id']=17338476, ['name']="DemonWarrior", ['index']=108, ['level']=81},
    [17338478] = {['id']=17338478, ['name']="DemonMagus", ['index']=110, ['level']=81},
    [17338477] = {['id']=17338477, ['name']="DemonWarrior", ['index']=109, ['level']=82},
    [17338489] = {['id']=17338489, ['name']="Gorgotaur", ['index']=121, ['level']=80},
    [17338488] = {['id']=17338488, ['name']="Gorgotaur", ['index']=120, ['level']=81},
    [17338490] = {['id']=17338490, ['name']="Gorgotaur", ['index']=122, ['level']=80},
    [17338494] = {['id']=17338494, ['name']="BerserkerDemon", ['index']=126, ['level']=83},
    [17338479] = {['id']=17338479, ['name']="DemonBefouler", ['index']=111, ['level']=82},
    [17338495] = {['id']=17338495, ['name']="DemonMagus", ['index']=127, ['level']=82},
    [17338497] = {['id']=17338497, ['name']="Demon\'sElement", ['index']=129, ['level']=76},
    [17338503] = {['id']=17338503, ['name']="DemonBefouler", ['index']=135, ['level']=81},
    [17338496] = {['id']=17338496, ['name']="DemonJusticiar", ['index']=128, ['level']=81},
    [17338505] = {['id']=17338505, ['name']="Demon\'sElement", ['index']=137, ['level']=76},
    [17338504] = {['id']=17338504, ['name']="DemonJusticiar", ['index']=136, ['level']=82},
    [17338502] = {['id']=17338502, ['name']="EclipseDemon", ['index']=134, ['level']=83},
    [17338480] = {['id']=17338480, ['name']="Gorgotaur", ['index']=112, ['level']=80},
    [17338485] = {['id']=17338485, ['name']="Demon\'sElement", ['index']=117, ['level']=78},
    [17338483] = {['id']=17338483, ['name']="DemonWarrior", ['index']=115, ['level']=81},
    [17338484] = {['id']=17338484, ['name']="AdjudicatorDem", ['index']=116, ['level']=83},
    [17338482] = {['id']=17338482, ['name']="DemonMagus", ['index']=114, ['level']=82},
    [17338499] = {['id']=17338499, ['name']="DemonBefouler", ['index']=131, ['level']=81},
    [17338498] = {['id']=17338498, ['name']="InfernoDemon", ['index']=130, ['level']=83},
    [17338501] = {['id']=17338501, ['name']="Demon\'sElement", ['index']=133, ['level']=76},
    [17338500] = {['id']=17338500, ['name']="DemonJusticiar", ['index']=132, ['level']=81},
    [17338486] = {['id']=17338486, ['name']="Gorgotaur", ['index']=118, ['level']=80},
    [17338487] = {['id']=17338487, ['name']="Gorgotaur", ['index']=119, ['level']=80},
    [17338506] = {['id']=17338506, ['name']="Tarbotaur", ['index']=138, ['level']=83},
    [17338507] = {['id']=17338507, ['name']="Tarbotaur", ['index']=139, ['level']=82},
    [17338493] = {['id']=17338493, ['name']="Gorgotaur", ['index']=125, ['level']=81},
    [17338510] = {['id']=17338510, ['name']="DemonBefouler", ['index']=142, ['level']=82},
    [17338511] = {['id']=17338511, ['name']="EclipseDemon", ['index']=143, ['level']=83},
    [17338509] = {['id']=17338509, ['name']="BerserkerDemon", ['index']=141, ['level']=83},
    [17338513] = {['id']=17338513, ['name']="Demon\'sElement", ['index']=145, ['level']=76},
    [17338512] = {['id']=17338512, ['name']="DemonJusticiar", ['index']=144, ['level']=82},
