    [17285492] = {['id']=17285492, ['name']="WorkerCrawler", ['index']=372, ['level']=44},
    [17285493] = {['id']=17285493, ['name']="TonberryHexer", ['index']=373, ['level']=46},
    [17285494] = {['id']=17285494, ['name']="TonberryCreepe", ['index']=374, ['level']=46},
    [17285495] = {['id']=17285495, ['name']="TonberryHarass", ['index']=375, ['level']=46},
    [17285496] = {['id']=17285496, ['name']="Tonberry'sElem", ['index']=376, ['level']=38},
    [17285504] = {['id']=17285504, ['name']="WorkerCrawler", ['index']=384, ['level']=43},
    [17285523] = {['id']=17285523, ['name']="TonberryCreepe", ['index']=403, ['level']=45},
    [17285530] = {['id']=17285530, ['name']="WorkerCrawler", ['index']=410, ['level']=46},
    [17285532] = {['id']=17285532, ['name']="WorkerCrawler", ['index']=412, ['level']=43},
    [17285533] = {['id']=17285533, ['name']="WorkerCrawler", ['index']=413, ['level']=45},
    [17285649] = {['id']=17285649, ['name']="Ilieumort,R.K.", ['index']=529, ['level']=0},
    [17285659] = {['id']=17285659, ['name']="MughaDovajaiho", ['index']=539, ['level']=0},
    [17285701] = {['id']=17285701, ['name']="FieldManual", ['index']=581, ['level']=0},
    [17285712] = {['id']=17285712, ['name']="SurvivalGuide", ['index']=592, ['level']=0},
    [17285500] = {['id']=17285500, ['name']="Tonberry'sElem", ['index']=380, ['level']=39},
    [17285499] = {['id']=17285499, ['name']="TonberryHarass", ['index']=379, ['level']=48},
    [17285497] = {['id']=17285497, ['name']="WorkerCrawler", ['index']=377, ['level']=43},
    [17285501] = {['id']=17285501, ['name']="GoblinReaper", ['index']=381, ['level']=45},
    [17285503] = {['id']=17285503, ['name']="GoblinReaper", ['index']=383, ['level']=44},
    [17285502] = {['id']=17285502, ['name']="GoblinReaper", ['index']=382, ['level']=42},
    [17285224] = {['id']=17285224, ['name']="YhoatorWasp", ['index']=104, ['level']=40},
    [17285225] = {['id']=17285225, ['name']="YhoatorWasp", ['index']=105, ['level']=37},
    [17285226] = {['id']=17285226, ['name']="GoblinReaper", ['index']=106, ['level']=42},
    [17285233] = {['id']=17285233, ['name']="YhoatorWasp", ['index']=113, ['level']=39},
    [17285234] = {['id']=17285234, ['name']="YhoatorWasp", ['index']=114, ['level']=38},
    [17285238] = {['id']=17285238, ['name']="YhoatorWasp", ['index']=118, ['level']=40},
    [17285239] = {['id']=17285239, ['name']="YhoatorWasp", ['index']=119, ['level']=39},
    [17285240] = {['id']=17285240, ['name']="YoungOpo-opo", ['index']=120, ['level']=40},
    [17285241] = {['id']=17285241, ['name']="YhoatorWasp", ['index']=121, ['level']=37},
    [17285242] = {['id']=17285242, ['name']="GoblinPathfind", ['index']=122, ['level']=38},
    [17285243] = {['id']=17285243, ['name']="Goblin'sBee", ['index']=123, ['level']=29},
    [17285244] = {['id']=17285244, ['name']="YhoatorWasp", ['index']=124, ['level']=37},
    [17285245] = {['id']=17285245, ['name']="YhoatorWasp", ['index']=125, ['level']=38},
    [17285246] = {['id']=17285246, ['name']="YhoatorWasp", ['index']=126, ['level']=37},
    [17285247] = {['id']=17285247, ['name']="GoblinReaper", ['index']=127, ['level']=41},
    [17285248] = {['id']=17285248, ['name']="PowdererPenny", ['index']=128, ['level']=49},
    [17285249] = {['id']=17285249, ['name']="YoungOpo-opo", ['index']=129, ['level']=44},
    [17285250] = {['id']=17285250, ['name']="YhoatorWasp", ['index']=130, ['level']=40},
    [17285251] = {['id']=17285251, ['name']="YhoatorWasp", ['index']=131, ['level']=39},
    [17285252] = {['id']=17285252, ['name']="Anemone", ['index']=132, ['level']=51},
    [17285257] = {['id']=17285257, ['name']="YhoatorWasp", ['index']=137, ['level']=39},
    [17285258] = {['id']=17285258, ['name']="YhoatorWasp", ['index']=138, ['level']=40},
    [17285259] = {['id']=17285259, ['name']="GoblinReaper", ['index']=139, ['level']=41},
    [17285543] = {['id']=17285543, ['name']="GoblinDigger", ['index']=423, ['level']=44},
    [17285235] = {['id']=17285235, ['name']="YhoatorWasp", ['index']=115, ['level']=40},
    [17285236] = {['id']=17285236, ['name']="GoblinReaper", ['index']=116, ['level']=45},
    [17285230] = {['id']=17285230, ['name']="YoungOpo-opo", ['index']=110, ['level']=41},
    [17285232] = {['id']=17285232, ['name']="YhoatorWasp", ['index']=112, ['level']=37},
    [17285254] = {['id']=17285254, ['name']="YoungOpo-opo", ['index']=134, ['level']=41},
    [17285231] = {['id']=17285231, ['name']="YhoatorWasp", ['index']=111, ['level']=38},
    [17285126] = {['id']=17285126, ['name']="YhoatorMandrag", ['index']=6, ['level']=35},
    [17285127] = {['id']=17285127, ['name']="YhoatorMandrag", ['index']=7, ['level']=36},
    [17285128] = {['id']=17285128, ['name']="WhiteLizard", ['index']=8, ['level']=39},
    [17285129] = {['id']=17285129, ['name']="YhoatorMandrag", ['index']=9, ['level']=37},
    [17285130] = {['id']=17285130, ['name']="WhiteLizard", ['index']=10, ['level']=36},
    [17285153] = {['id']=17285153, ['name']="YhoatorMandrag", ['index']=33, ['level']=35},
    [17285154] = {['id']=17285154, ['name']="YhoatorWasp", ['index']=34, ['level']=39},
    [17285155] = {['id']=17285155, ['name']="YhoatorWasp", ['index']=35, ['level']=37},
    [17285156] = {['id']=17285156, ['name']="GoblinPathfind", ['index']=36, ['level']=35},
    [17285157] = {['id']=17285157, ['name']="Goblin\'sBee", ['index']=37, ['level']=28},
    [17285703] = {['id']=17285703, ['name']="FieldManual", ['index']=583, ['level']=0},
    [17285161] = {['id']=17285161, ['name']="YhoatorWasp", ['index']=41, ['level']=38},
    [17285160] = {['id']=17285160, ['name']="WhiteLizard", ['index']=40, ['level']=39},
    [17285162] = {['id']=17285162, ['name']="GoblinShaman", ['index']=42, ['level']=39},
    [17285158] = {['id']=17285158, ['name']="YhoatorMandrag", ['index']=38, ['level']=35},
    [17285159] = {['id']=17285159, ['name']="WhiteLizard", ['index']=39, ['level']=39},
    [17285165] = {['id']=17285165, ['name']="GoblinShaman", ['index']=45, ['level']=36},
    [17285172] = {['id']=17285172, ['name']="YhoatorWasp", ['index']=52, ['level']=37},
    [17285163] = {['id']=17285163, ['name']="YhoatorWasp", ['index']=43, ['level']=39},
    [17285178] = {['id']=17285178, ['name']="Anemone", ['index']=58, ['level']=51},
    [17285186] = {['id']=17285186, ['name']="WhiteLizard", ['index']=66, ['level']=39},
    [17285176] = {['id']=17285176, ['name']="YhoatorWasp", ['index']=56, ['level']=37},
    [17285174] = {['id']=17285174, ['name']="YhoatorWasp", ['index']=54, ['level']=40},
    [17285175] = {['id']=17285175, ['name']="YhoatorWasp", ['index']=55, ['level']=38},
    [17285164] = {['id']=17285164, ['name']="GoblinShaman", ['index']=44, ['level']=38},
    [17285177] = {['id']=17285177, ['name']="YhoatorWasp", ['index']=57, ['level']=39},
    [17285167] = {['id']=17285167, ['name']="GoblinShaman", ['index']=47, ['level']=38},
    [17285166] = {['id']=17285166, ['name']="YhoatorWasp", ['index']=46, ['level']=38},
    [17285168] = {['id']=17285168, ['name']="GoblinShaman", ['index']=48, ['level']=39},
    [17285141] = {['id']=17285141, ['name']="YhoatorMandrag", ['index']=21, ['level']=35},
    [17285143] = {['id']=17285143, ['name']="Goblin\'sBee", ['index']=23, ['level']=28},
    [17285183] = {['id']=17285183, ['name']="WhiteLizard", ['index']=63, ['level']=36},
    [17285140] = {['id']=17285140, ['name']="YhoatorMandrag", ['index']=20, ['level']=35},
    [17285142] = {['id']=17285142, ['name']="GoblinPathfind", ['index']=22, ['level']=39},
    [17285184] = {['id']=17285184, ['name']="WhiteLizard", ['index']=64, ['level']=38},
    [17285185] = {['id']=17285185, ['name']="GoblinShaman", ['index']=65, ['level']=37},
    [17285173] = {['id']=17285173, ['name']="YhoatorWasp", ['index']=53, ['level']=37},
    [17285169] = {['id']=17285169, ['name']="YhoatorWasp", ['index']=49, ['level']=39},
    [17285171] = {['id']=17285171, ['name']="GoblinShaman", ['index']=51, ['level']=36},
    [17285170] = {['id']=17285170, ['name']="YhoatorWasp", ['index']=50, ['level']=37},
    [17285187] = {['id']=17285187, ['name']="GoblinShaman", ['index']=67, ['level']=39},
    [17285224] = {['id']=17285224, ['name']="YhoatorWasp", ['index']=104, ['level']=37},
    [17285225] = {['id']=17285225, ['name']="YhoatorWasp", ['index']=105, ['level']=39},
    [17285226] = {['id']=17285226, ['name']="GoblinReaper", ['index']=106, ['level']=41},
    [17285238] = {['id']=17285238, ['name']="YhoatorWasp", ['index']=118, ['level']=39},
    [17285189] = {['id']=17285189, ['name']="GoblinBouncer", ['index']=69, ['level']=54},
    [17285190] = {['id']=17285190, ['name']="GoblinHunter", ['index']=70, ['level']=51},
    [17285188] = {['id']=17285188, ['name']="GoblinBouncer", ['index']=68, ['level']=55},
    [17285191] = {['id']=17285191, ['name']="GoblinHunter", ['index']=71, ['level']=52},
    [17285658] = {['id']=17285658, ['name']="Ghantata,W.W.", ['index']=538, ['level']=0},
    [17285192] = {['id']=17285192, ['name']="GoblinHunter", ['index']=72, ['level']=52},
    [17285193] = {['id']=17285193, ['name']="GoblinBouncer", ['index']=73, ['level']=51},
    [17285181] = {['id']=17285181, ['name']="YhoatorWasp", ['index']=61, ['level']=38},
    [17285180] = {['id']=17285180, ['name']="YhoatorWasp", ['index']=60, ['level']=38},
    [17285182] = {['id']=17285182, ['name']="GoblinShaman", ['index']=62, ['level']=38},
    [17285179] = {['id']=17285179, ['name']="YhoatorMandrag", ['index']=59, ['level']=36},
    [17285195] = {['id']=17285195, ['name']="WhiteLizard", ['index']=75, ['level']=38},
    [17285194] = {['id']=17285194, ['name']="WhiteLizard", ['index']=74, ['level']=38},
    [17285196] = {['id']=17285196, ['name']="GoblinShaman", ['index']=76, ['level']=35},
    [17285198] = {['id']=17285198, ['name']="GoblinBouncer", ['index']=78, ['level']=54},
    [17285197] = {['id']=17285197, ['name']="GoblinBouncer", ['index']=77, ['level']=53},
    [17285199] = {['id']=17285199, ['name']="GoblinHunter", ['index']=79, ['level']=55},
    [17285200] = {['id']=17285200, ['name']="GoblinHunter", ['index']=80, ['level']=54},
    [17285201] = {['id']=17285201, ['name']="GoblinBouncer", ['index']=81, ['level']=53},
    [17285204] = {['id']=17285204, ['name']="GoblinBouncer", ['index']=84, ['level']=52},
    [17285202] = {['id']=17285202, ['name']="GoblinHunter", ['index']=82, ['level']=54},
    [17285203] = {['id']=17285203, ['name']="GoblinHunter", ['index']=83, ['level']=52},
    [17285207] = {['id']=17285207, ['name']="WorkerCrawler", ['index']=87, ['level']=44},
    [17285206] = {['id']=17285206, ['name']="WorkerCrawler", ['index']=86, ['level']=45},
    [17285205] = {['id']=17285205, ['name']="WorkerCrawler", ['index']=85, ['level']=46},
    [17285210] = {['id']=17285210, ['name']="Goblin\'sBee", ['index']=90, ['level']=38},
    [17285209] = {['id']=17285209, ['name']="GoblinTrader", ['index']=89, ['level']=45},
    [17285208] = {['id']=17285208, ['name']="GoblinRobber", ['index']=88, ['level']=47},
    [17285220] = {['id']=17285220, ['name']="WoodlandSage", ['index']=100, ['level']=61},
    [17285213] = {['id']=17285213, ['name']="MasterCoeurl", ['index']=93, ['level']=47},
    [17285222] = {['id']=17285222, ['name']="BigJaw", ['index']=102, ['level']=45},
    [17285219] = {['id']=17285219, ['name']="MasterCoeurl", ['index']=99, ['level']=50},
    [17285215] = {['id']=17285215, ['name']="GoblinTrader", ['index']=95, ['level']=45},
    [17285221] = {['id']=17285221, ['name']="BigJaw", ['index']=101, ['level']=46},
    [17285216] = {['id']=17285216, ['name']="Goblin\'sBee", ['index']=96, ['level']=40},
    [17285214] = {['id']=17285214, ['name']="GoblinRobber", ['index']=94, ['level']=48},
    [17285211] = {['id']=17285211, ['name']="GoblinTrader", ['index']=91, ['level']=45},
    [17285212] = {['id']=17285212, ['name']="Goblin\'sBee", ['index']=92, ['level']=40},
    [17285492] = {['id']=17285492, ['name']="WorkerCrawler", ['index']=372, ['level']=46},
    [17285494] = {['id']=17285494, ['name']="TonberryCreepe", ['index']=374, ['level']=49},
    [17285495] = {['id']=17285495, ['name']="TonberryHarass", ['index']=375, ['level']=48},
    [17285496] = {['id']=17285496, ['name']="Tonberry\'sElem", ['index']=376, ['level']=40},
    [17285501] = {['id']=17285501, ['name']="GoblinReaper", ['index']=381, ['level']=43},
    [17285502] = {['id']=17285502, ['name']="GoblinReaper", ['index']=382, ['level']=41},
    [17285503] = {['id']=17285503, ['name']="GoblinReaper", ['index']=383, ['level']=43},
    [17285532] = {['id']=17285532, ['name']="WorkerCrawler", ['index']=412, ['level']=44},
    [17285651] = {['id']=17285651, ['name']="Etaj-Pohtaj,W.", ['index']=531, ['level']=0},
    [17285659] = {['id']=17285659, ['name']="MughaDovajaiho", ['index']=539, ['level']=0},
    [17285701] = {['id']=17285701, ['name']="FieldManual", ['index']=581, ['level']=0},
    [17285712] = {['id']=17285712, ['name']="SurvivalGuide", ['index']=592, ['level']=0},
    [17285491] = {['id']=17285491, ['name']="WorkerCrawler", ['index']=371, ['level']=46},
    [17285205] = {['id']=17285205, ['name']="WorkerCrawler", ['index']=85, ['level']=46},
    [17285206] = {['id']=17285206, ['name']="WorkerCrawler", ['index']=86, ['level']=45},
    [17285207] = {['id']=17285207, ['name']="WorkerCrawler", ['index']=87, ['level']=44},
    [17285208] = {['id']=17285208, ['name']="GoblinRobber", ['index']=88, ['level']=47},
    [17285209] = {['id']=17285209, ['name']="GoblinTrader", ['index']=89, ['level']=45},
    [17285210] = {['id']=17285210, ['name']="Goblin\'sBee", ['index']=90, ['level']=38},
    [17285211] = {['id']=17285211, ['name']="GoblinTrader", ['index']=91, ['level']=45},
    [17285212] = {['id']=17285212, ['name']="Goblin\'sBee", ['index']=92, ['level']=40},
    [17285213] = {['id']=17285213, ['name']="MasterCoeurl", ['index']=93, ['level']=47},
    [17285214] = {['id']=17285214, ['name']="GoblinRobber", ['index']=94, ['level']=48},
    [17285215] = {['id']=17285215, ['name']="GoblinTrader", ['index']=95, ['level']=45},
    [17285216] = {['id']=17285216, ['name']="Goblin\'sBee", ['index']=96, ['level']=40},
    [17285219] = {['id']=17285219, ['name']="MasterCoeurl", ['index']=99, ['level']=50},
    [17285221] = {['id']=17285221, ['name']="BigJaw", ['index']=101, ['level']=46},
    [17285222] = {['id']=17285222, ['name']="BigJaw", ['index']=102, ['level']=45},
    [17285491] = {['id']=17285491, ['name']="WorkerCrawler", ['index']=371, ['level']=46},
    [17285490] = {['id']=17285490, ['name']="WorkerCrawler", ['index']=370, ['level']=45},
    [17285492] = {['id']=17285492, ['name']="WorkerCrawler", ['index']=372, ['level']=46},
    [17285494] = {['id']=17285494, ['name']="TonberryCreepe", ['index']=374, ['level']=49},
    [17285495] = {['id']=17285495, ['name']="TonberryHarass", ['index']=375, ['level']=48},
    [17285496] = {['id']=17285496, ['name']="Tonberry\'sElem", ['index']=376, ['level']=40},
    [17285497] = {['id']=17285497, ['name']="WorkerCrawler", ['index']=377, ['level']=45},
    [17285499] = {['id']=17285499, ['name']="TonberryHarass", ['index']=379, ['level']=45},
    [17285500] = {['id']=17285500, ['name']="Tonberry\'sElem", ['index']=380, ['level']=40},
    [17285504] = {['id']=17285504, ['name']="WorkerCrawler", ['index']=384, ['level']=43},
    [17285506] = {['id']=17285506, ['name']="TonberryCreepe", ['index']=386, ['level']=49},
    [17285523] = {['id']=17285523, ['name']="TonberryCreepe", ['index']=403, ['level']=45},
    [17285530] = {['id']=17285530, ['name']="WorkerCrawler", ['index']=410, ['level']=43},
    [17285532] = {['id']=17285532, ['name']="WorkerCrawler", ['index']=412, ['level']=44},
    [17285651] = {['id']=17285651, ['name']="Etaj-Pohtaj,W.", ['index']=531, ['level']=0},
    [17285659] = {['id']=17285659, ['name']="MughaDovajaiho", ['index']=539, ['level']=0},
    [17285701] = {['id']=17285701, ['name']="FieldManual", ['index']=581, ['level']=0},
    [17285712] = {['id']=17285712, ['name']="SurvivalGuide", ['index']=592, ['level']=0},
    [17285531] = {['id']=17285531, ['name']="WorkerCrawler", ['index']=411, ['level']=46},
    [17285521] = {['id']=17285521, ['name']="YoungOpo-opo", ['index']=401, ['level']=41},
    [17285524] = {['id']=17285524, ['name']="TonberryHexer", ['index']=404, ['level']=47},
    [17285522] = {['id']=17285522, ['name']="YoungOpo-opo", ['index']=402, ['level']=43},
    [17285519] = {['id']=17285519, ['name']="TonberryHexer", ['index']=399, ['level']=47},
    [17285534] = {['id']=17285534, ['name']="TonberryShadow", ['index']=414, ['level']=63},
    [17285541] = {['id']=17285541, ['name']="TonberryShadow", ['index']=421, ['level']=63},
    [17285518] = {['id']=17285518, ['name']="YoungOpo-opo", ['index']=398, ['level']=40},
    [17285540] = {['id']=17285540, ['name']="TonberryChoppe", ['index']=420, ['level']=63},
    [17285517] = {['id']=17285517, ['name']="YoungOpo-opo", ['index']=397, ['level']=43},
    [17285512] = {['id']=17285512, ['name']="WorkerCrawler", ['index']=392, ['level']=43},
    [17285514] = {['id']=17285514, ['name']="WorkerCrawler", ['index']=394, ['level']=43},
    [17285516] = {['id']=17285516, ['name']="Anemone", ['index']=396, ['level']=54},
    [17285488] = {['id']=17285488, ['name']="WorkerCrawler", ['index']=368, ['level']=46},
    [17285489] = {['id']=17285489, ['name']="TonberryHexer", ['index']=369, ['level']=45},
    [17285413] = {['id']=17285413, ['name']="YoungOpo-opo", ['index']=293, ['level']=44},
    [17285438] = {['id']=17285438, ['name']="TonberryHexer", ['index']=318, ['level']=49},
    [17285412] = {['id']=17285412, ['name']="TonberryCreepe", ['index']=292, ['level']=46},
    [17285437] = {['id']=17285437, ['name']="YoungOpo-opo", ['index']=317, ['level']=40},
    [17285415] = {['id']=17285415, ['name']="YoungOpo-opo", ['index']=295, ['level']=40},
    [17285436] = {['id']=17285436, ['name']="YoungOpo-opo", ['index']=316, ['level']=43},
    [17285441] = {['id']=17285441, ['name']="TonberryHexer", ['index']=321, ['level']=49},
    [17285440] = {['id']=17285440, ['name']="YoungOpo-opo", ['index']=320, ['level']=41},
    [17285432] = {['id']=17285432, ['name']="YoungOpo-opo", ['index']=312, ['level']=43},
    [17285434] = {['id']=17285434, ['name']="TonberryHexer", ['index']=314, ['level']=49},
    [17285411] = {['id']=17285411, ['name']="YoungOpo-opo", ['index']=291, ['level']=44},
    [17285433] = {['id']=17285433, ['name']="YoungOpo-opo", ['index']=313, ['level']=40},
    [17285429] = {['id']=17285429, ['name']="YoungOpo-opo", ['index']=309, ['level']=42},
    [17285431] = {['id']=17285431, ['name']="Anemone", ['index']=311, ['level']=53},
    [17285408] = {['id']=17285408, ['name']="YoungOpo-opo", ['index']=288, ['level']=40},
    [17285406] = {['id']=17285406, ['name']="YoungOpo-opo", ['index']=286, ['level']=43},
    [17285407] = {['id']=17285407, ['name']="YoungOpo-opo", ['index']=287, ['level']=43},
    [17285446] = {['id']=17285446, ['name']="BigJaw", ['index']=326, ['level']=46},
    [17285442] = {['id']=17285442, ['name']="YoungOpo-opo", ['index']=322, ['level']=41},
    [17285443] = {['id']=17285443, ['name']="TonberryCreepe", ['index']=323, ['level']=46},
    [17285460] = {['id']=17285460, ['name']="Bisque-heeledS", ['index']=340, ['level']=58},
    [17285453] = {['id']=17285453, ['name']="TonberryCreepe", ['index']=333, ['level']=46},
    [17285425] = {['id']=17285425, ['name']="YoungOpo-opo", ['index']=305, ['level']=44},
    [17285452] = {['id']=17285452, ['name']="BigJaw", ['index']=332, ['level']=45},
    [17285454] = {['id']=17285454, ['name']="TonberryHexer", ['index']=334, ['level']=49},
    [17285465] = {['id']=17285465, ['name']="TonberryCreepe", ['index']=345, ['level']=49},
    [17285450] = {['id']=17285450, ['name']="BigJaw", ['index']=330, ['level']=45},
    [17285462] = {['id']=17285462, ['name']="TonberryCreepe", ['index']=342, ['level']=48},
    [17285455] = {['id']=17285455, ['name']="TonberryCreepe", ['index']=335, ['level']=45},
    [17285457] = {['id']=17285457, ['name']="TonberryCreepe", ['index']=337, ['level']=45},
    [17285456] = {['id']=17285456, ['name']="TonberryHexer", ['index']=336, ['level']=45},
    [17285424] = {['id']=17285424, ['name']="YoungOpo-opo", ['index']=304, ['level']=44},
    [17285426] = {['id']=17285426, ['name']="TonberryCreepe", ['index']=306, ['level']=47},
    [17285464] = {['id']=17285464, ['name']="TonberryHexer", ['index']=344, ['level']=45},
    [17285427] = {['id']=17285427, ['name']="TonberryHarass", ['index']=307, ['level']=45},
    [17285428] = {['id']=17285428, ['name']="Tonberry\'sElem", ['index']=308, ['level']=38},
    [17285709] = {['id']=17285709, ['name']="Mog-Tablet", ['index']=589, ['level']=1},
    [17285418] = {['id']=17285418, ['name']="YoungOpo-opo", ['index']=298, ['level']=43},
    [17285421] = {['id']=17285421, ['name']="TonberryHexer", ['index']=301, ['level']=47},
    [17285420] = {['id']=17285420, ['name']="TonberryHexer", ['index']=300, ['level']=45},
    [17285467] = {['id']=17285467, ['name']="WorkerCrawler", ['index']=347, ['level']=43},
    [17285419] = {['id']=17285419, ['name']="YoungOpo-opo", ['index']=299, ['level']=41},
    [17285468] = {['id']=17285468, ['name']="WorkerCrawler", ['index']=348, ['level']=44},
    [17285422] = {['id']=17285422, ['name']="YoungOpo-opo", ['index']=302, ['level']=40},
    [17285444] = {['id']=17285444, ['name']="YoungOpo-opo", ['index']=324, ['level']=42},
    [17285470] = {['id']=17285470, ['name']="GoblinPoacher", ['index']=350, ['level']=48},
    [17285472] = {['id']=17285472, ['name']="GoblinRobber", ['index']=352, ['level']=47},
    [17285474] = {['id']=17285474, ['name']="MasterCoeurl", ['index']=354, ['level']=47},
    [17285475] = {['id']=17285475, ['name']="MasterCoeurl", ['index']=355, ['level']=49},
    [17285482] = {['id']=17285482, ['name']="BigJaw", ['index']=362, ['level']=45},
    [17285476] = {['id']=17285476, ['name']="Puroboros", ['index']=356, ['level']=53},
    [17285478] = {['id']=17285478, ['name']="GoblinRobber", ['index']=358, ['level']=45},
    [17285483] = {['id']=17285483, ['name']="BigJaw", ['index']=363, ['level']=43},
    [17285477] = {['id']=17285477, ['name']="GoblinPoacher", ['index']=357, ['level']=45},
    [17285479] = {['id']=17285479, ['name']="MasterCoeurl", ['index']=359, ['level']=48},
    [17285481] = {['id']=17285481, ['name']="Puroboros", ['index']=361, ['level']=51},
    [17285484] = {['id']=17285484, ['name']="GoblinRobber", ['index']=364, ['level']=46},
    [17285485] = {['id']=17285485, ['name']="MasterCoeurl", ['index']=365, ['level']=49},
    [17285404] = {['id']=17285404, ['name']="TonberryCreepe", ['index']=284, ['level']=49},
    [17285405] = {['id']=17285405, ['name']="TonberryHexer", ['index']=285, ['level']=48},
    [17285391] = {['id']=17285391, ['name']="YoungOpo-opo", ['index']=271, ['level']=41},
    [17285392] = {['id']=17285392, ['name']="TonberryCreepe", ['index']=272, ['level']=46},
    [17285382] = {['id']=17285382, ['name']="YoungOpo-opo", ['index']=262, ['level']=40},
    [17285400] = {['id']=17285400, ['name']="TonberryShadow", ['index']=280, ['level']=63},
    [17285384] = {['id']=17285384, ['name']="YoungOpo-opo", ['index']=264, ['level']=43},
    [17285386] = {['id']=17285386, ['name']="YoungOpo-opo", ['index']=266, ['level']=44},
    [17285387] = {['id']=17285387, ['name']="YoungOpo-opo", ['index']=267, ['level']=40},
    [17285393] = {['id']=17285393, ['name']="TonberryShadow", ['index']=273, ['level']=63},
    [17285402] = {['id']=17285402, ['name']="TonberryShadow", ['index']=282, ['level']=62},
    [17285379] = {['id']=17285379, ['name']="YoungOpo-opo", ['index']=259, ['level']=41},
    [17285383] = {['id']=17285383, ['name']="YoungOpo-opo", ['index']=263, ['level']=44},
    [17285385] = {['id']=17285385, ['name']="TonberryCreepe", ['index']=265, ['level']=49},
    [17285388] = {['id']=17285388, ['name']="TonberryHexer", ['index']=268, ['level']=47},
    [17285396] = {['id']=17285396, ['name']="TonberryChoppe", ['index']=276, ['level']=63},
    [17285376] = {['id']=17285376, ['name']="YoungOpo-opo", ['index']=256, ['level']=42},
    [17285374] = {['id']=17285374, ['name']="YoungOpo-opo", ['index']=254, ['level']=44},
    [17285375] = {['id']=17285375, ['name']="YoungOpo-opo", ['index']=255, ['level']=41},
    [17285377] = {['id']=17285377, ['name']="TonberryCreepe", ['index']=257, ['level']=48},
    [17285357] = {['id']=17285357, ['name']="YoungOpo-opo", ['index']=237, ['level']=40},
    [17285373] = {['id']=17285373, ['name']="TonberryHexer", ['index']=253, ['level']=45},
    [17285372] = {['id']=17285372, ['name']="YoungOpo-opo", ['index']=252, ['level']=40},
    [17285371] = {['id']=17285371, ['name']="YoungOpo-opo", ['index']=251, ['level']=42},
    [17285370] = {['id']=17285370, ['name']="YoungOpo-opo", ['index']=250, ['level']=43},
    [17285367] = {['id']=17285367, ['name']="YoungOpo-opo", ['index']=247, ['level']=43},
    [17285380] = {['id']=17285380, ['name']="YoungOpo-opo", ['index']=260, ['level']=43},
    [17285378] = {['id']=17285378, ['name']="YoungOpo-opo", ['index']=258, ['level']=41},
    [17285486] = {['id']=17285486, ['name']="WorkerCrawler", ['index']=366, ['level']=45},
    [17285507] = {['id']=17285507, ['name']="WorkerCrawler", ['index']=387, ['level']=43},
    [17285362] = {['id']=17285362, ['name']="GoblinReaper", ['index']=242, ['level']=44},
    [17285510] = {['id']=17285510, ['name']="TonberryHarass", ['index']=390, ['level']=47},
    [17285511] = {['id']=17285511, ['name']="Tonberry\'sElem", ['index']=391, ['level']=38},
    [17285233] = {['id']=17285233, ['name']="YhoatorWasp", ['index']=113, ['level']=38},
    [17285241] = {['id']=17285241, ['name']="YhoatorWasp", ['index']=121, ['level']=37},
    [17285242] = {['id']=17285242, ['name']="GoblinPathfind", ['index']=122, ['level']=37},
    [17285243] = {['id']=17285243, ['name']="Goblin\'sBee", ['index']=123, ['level']=30},
    [17285245] = {['id']=17285245, ['name']="YhoatorWasp", ['index']=125, ['level']=38},
    [17285257] = {['id']=17285257, ['name']="YhoatorWasp", ['index']=137, ['level']=38},
    [17285258] = {['id']=17285258, ['name']="YhoatorWasp", ['index']=138, ['level']=38},
    [17285259] = {['id']=17285259, ['name']="GoblinReaper", ['index']=139, ['level']=44},
    [17285509] = {['id']=17285509, ['name']="TonberryHexer", ['index']=389, ['level']=46},
    [17285508] = {['id']=17285508, ['name']="TonberryCreepe", ['index']=388, ['level']=48},
    [17285169] = {['id']=17285169, ['name']="YhoatorWasp", ['index']=49, ['level']=39},
    [17285170] = {['id']=17285170, ['name']="YhoatorWasp", ['index']=50, ['level']=37},
    [17285171] = {['id']=17285171, ['name']="GoblinShaman", ['index']=51, ['level']=36},
    [17285173] = {['id']=17285173, ['name']="YhoatorWasp", ['index']=53, ['level']=37},
    [17285175] = {['id']=17285175, ['name']="YhoatorWasp", ['index']=55, ['level']=38},
    [17285177] = {['id']=17285177, ['name']="YhoatorWasp", ['index']=57, ['level']=39},
    [17285179] = {['id']=17285179, ['name']="YhoatorMandrag", ['index']=59, ['level']=36},
    [17285180] = {['id']=17285180, ['name']="YhoatorWasp", ['index']=60, ['level']=38},
    [17285181] = {['id']=17285181, ['name']="YhoatorWasp", ['index']=61, ['level']=38},
    [17285182] = {['id']=17285182, ['name']="GoblinShaman", ['index']=62, ['level']=38},
    [17285194] = {['id']=17285194, ['name']="WhiteLizard", ['index']=74, ['level']=38},
    [17285195] = {['id']=17285195, ['name']="WhiteLizard", ['index']=75, ['level']=38},
    [17285196] = {['id']=17285196, ['name']="GoblinShaman", ['index']=76, ['level']=35},
    [17285224] = {['id']=17285224, ['name']="YhoatorWasp", ['index']=104, ['level']=37},
    [17285225] = {['id']=17285225, ['name']="YhoatorWasp", ['index']=105, ['level']=39},
    [17285226] = {['id']=17285226, ['name']="GoblinReaper", ['index']=106, ['level']=41},
    [17285231] = {['id']=17285231, ['name']="YhoatorWasp", ['index']=111, ['level']=38},
    [17285232] = {['id']=17285232, ['name']="YhoatorWasp", ['index']=112, ['level']=37},
    [17285234] = {['id']=17285234, ['name']="YhoatorWasp", ['index']=114, ['level']=38},
    [17285235] = {['id']=17285235, ['name']="YhoatorWasp", ['index']=115, ['level']=39},
    [17285236] = {['id']=17285236, ['name']="GoblinReaper", ['index']=116, ['level']=45},
    [17285237] = {['id']=17285237, ['name']="YoungOpo-opo", ['index']=117, ['level']=40},
    [17285238] = {['id']=17285238, ['name']="YhoatorWasp", ['index']=118, ['level']=39},
    [17285239] = {['id']=17285239, ['name']="YhoatorWasp", ['index']=119, ['level']=37},
    [17285244] = {['id']=17285244, ['name']="YhoatorWasp", ['index']=124, ['level']=38},
    [17285246] = {['id']=17285246, ['name']="YhoatorWasp", ['index']=126, ['level']=37},
    [17285247] = {['id']=17285247, ['name']="GoblinReaper", ['index']=127, ['level']=41},
    [17285248] = {['id']=17285248, ['name']="PowdererPenny", ['index']=128, ['level']=49},
    [17285249] = {['id']=17285249, ['name']="YoungOpo-opo", ['index']=129, ['level']=41},
    [17285250] = {['id']=17285250, ['name']="YhoatorWasp", ['index']=130, ['level']=37},
    [17285251] = {['id']=17285251, ['name']="YhoatorWasp", ['index']=131, ['level']=39},
    [17285252] = {['id']=17285252, ['name']="Anemone", ['index']=132, ['level']=53},
    [17285254] = {['id']=17285254, ['name']="YoungOpo-opo", ['index']=134, ['level']=43},
    [17285501] = {['id']=17285501, ['name']="GoblinReaper", ['index']=381, ['level']=43},
    [17285502] = {['id']=17285502, ['name']="GoblinReaper", ['index']=382, ['level']=41},
    [17285503] = {['id']=17285503, ['name']="GoblinReaper", ['index']=383, ['level']=43},
    [17285227] = {['id']=17285227, ['name']="YoungOpo-opo", ['index']=107, ['level']=40},
    [17285228] = {['id']=17285228, ['name']="YhoatorWasp", ['index']=108, ['level']=40},
    [17285163] = {['id']=17285163, ['name']="YhoatorWasp", ['index']=43, ['level']=39},
    [17285166] = {['id']=17285166, ['name']="YhoatorWasp", ['index']=46, ['level']=38},
    [17285167] = {['id']=17285167, ['name']="GoblinShaman", ['index']=47, ['level']=38},
    [17285168] = {['id']=17285168, ['name']="GoblinShaman", ['index']=48, ['level']=39},
    [17285172] = {['id']=17285172, ['name']="YhoatorWasp", ['index']=52, ['level']=37},
    [17285174] = {['id']=17285174, ['name']="YhoatorWasp", ['index']=54, ['level']=40},
    [17285176] = {['id']=17285176, ['name']="YhoatorWasp", ['index']=56, ['level']=37},
    [17285183] = {['id']=17285183, ['name']="WhiteLizard", ['index']=63, ['level']=36},
    [17285185] = {['id']=17285185, ['name']="GoblinShaman", ['index']=65, ['level']=37},
    [17285543] = {['id']=17285543, ['name']="GoblinDigger", ['index']=423, ['level']=44},
    [17285164] = {['id']=17285164, ['name']="GoblinShaman", ['index']=44, ['level']=38},
    [17285178] = {['id']=17285178, ['name']="Anemone", ['index']=58, ['level']=51},
    [17285184] = {['id']=17285184, ['name']="WhiteLizard", ['index']=64, ['level']=38},
    [17285158] = {['id']=17285158, ['name']="YhoatorMandrag", ['index']=38, ['level']=35},
    [17285159] = {['id']=17285159, ['name']="WhiteLizard", ['index']=39, ['level']=39},
    [17285160] = {['id']=17285160, ['name']="WhiteLizard", ['index']=40, ['level']=39},
    [17285161] = {['id']=17285161, ['name']="YhoatorWasp", ['index']=41, ['level']=38},
    [17285162] = {['id']=17285162, ['name']="GoblinShaman", ['index']=42, ['level']=39},
    [17285165] = {['id']=17285165, ['name']="GoblinShaman", ['index']=45, ['level']=36},
    [17285186] = {['id']=17285186, ['name']="WhiteLizard", ['index']=66, ['level']=39},
    [17285187] = {['id']=17285187, ['name']="GoblinShaman", ['index']=67, ['level']=39},
    [17285188] = {['id']=17285188, ['name']="GoblinBouncer", ['index']=68, ['level']=55},
    [17285189] = {['id']=17285189, ['name']="GoblinBouncer", ['index']=69, ['level']=54},
    [17285190] = {['id']=17285190, ['name']="GoblinHunter", ['index']=70, ['level']=51},
    [17285192] = {['id']=17285192, ['name']="GoblinHunter", ['index']=72, ['level']=52},
    [17285197] = {['id']=17285197, ['name']="GoblinBouncer", ['index']=77, ['level']=53},
    [17285198] = {['id']=17285198, ['name']="GoblinBouncer", ['index']=78, ['level']=54},
    [17285199] = {['id']=17285199, ['name']="GoblinHunter", ['index']=79, ['level']=55},
    [17285200] = {['id']=17285200, ['name']="GoblinHunter", ['index']=80, ['level']=54},
    [17285201] = {['id']=17285201, ['name']="GoblinBouncer", ['index']=81, ['level']=53},
    [17285255] = {['id']=17285255, ['name']="YoungOpo-opo", ['index']=135, ['level']=42},
    [17285256] = {['id']=17285256, ['name']="YoungOpo-opo", ['index']=136, ['level']=42},
    [17285127] = {['id']=17285127, ['name']="YhoatorMandrag", ['index']=7, ['level']=36},
    [17285128] = {['id']=17285128, ['name']="WhiteLizard", ['index']=8, ['level']=39},
    [17285129] = {['id']=17285129, ['name']="YhoatorMandrag", ['index']=9, ['level']=37},
    [17285130] = {['id']=17285130, ['name']="WhiteLizard", ['index']=10, ['level']=36},
    [17285135] = {['id']=17285135, ['name']="YhoatorMandrag", ['index']=15, ['level']=36},
    [17285136] = {['id']=17285136, ['name']="YhoatorMandrag", ['index']=16, ['level']=35},
    [17285138] = {['id']=17285138, ['name']="WhiteLizard", ['index']=18, ['level']=36},
    [17285139] = {['id']=17285139, ['name']="WhiteLizard", ['index']=19, ['level']=36},
    [17285140] = {['id']=17285140, ['name']="YhoatorMandrag", ['index']=20, ['level']=35},
    [17285141] = {['id']=17285141, ['name']="YhoatorMandrag", ['index']=21, ['level']=35},
    [17285142] = {['id']=17285142, ['name']="GoblinPathfind", ['index']=22, ['level']=39},
    [17285143] = {['id']=17285143, ['name']="Goblin\'sBee", ['index']=23, ['level']=28},
    [17285703] = {['id']=17285703, ['name']="FieldManual", ['index']=583, ['level']=0},
    [17285137] = {['id']=17285137, ['name']="GoblinSmithy", ['index']=17, ['level']=36},
    [17285132] = {['id']=17285132, ['name']="YhoatorMandrag", ['index']=12, ['level']=37},
    [17285131] = {['id']=17285131, ['name']="YhoatorMandrag", ['index']=11, ['level']=35},
    [17285133] = {['id']=17285133, ['name']="YhoatorMandrag", ['index']=13, ['level']=35},
    [17285134] = {['id']=17285134, ['name']="GoblinSmithy", ['index']=14, ['level']=38},
    [17285145] = {['id']=17285145, ['name']="YhoatorMandrag", ['index']=25, ['level']=36},
    [17285146] = {['id']=17285146, ['name']="GoblinSmithy", ['index']=26, ['level']=37},
    [17285144] = {['id']=17285144, ['name']="YhoatorMandrag", ['index']=24, ['level']=35},
    [17285147] = {['id']=17285147, ['name']="WhiteLizard", ['index']=27, ['level']=37},
    [17285148] = {['id']=17285148, ['name']="YhoatorMandrag", ['index']=28, ['level']=37},
    [17285149] = {['id']=17285149, ['name']="GoblinSmithy", ['index']=29, ['level']=37},
    [17285150] = {['id']=17285150, ['name']="GoblinSmithy", ['index']=30, ['level']=38},
    [17285151] = {['id']=17285151, ['name']="YhoatorMandrag", ['index']=31, ['level']=35},
    [17285152] = {['id']=17285152, ['name']="GoblinSmithy", ['index']=32, ['level']=35},
    [17285253] = {['id']=17285253, ['name']="YoungOpo-opo", ['index']=133, ['level']=44},
    [17285260] = {['id']=17285260, ['name']="YoungOpo-opo", ['index']=140, ['level']=44},
    [17285262] = {['id']=17285262, ['name']="WorkerCrawler", ['index']=142, ['level']=43},
    [17285261] = {['id']=17285261, ['name']="YoungOpo-opo", ['index']=141, ['level']=42},
    [17285270] = {['id']=17285270, ['name']="WorkerCrawler", ['index']=150, ['level']=45},
    [17285269] = {['id']=17285269, ['name']="WorkerCrawler", ['index']=149, ['level']=45},
    [17285281] = {['id']=17285281, ['name']="WorkerCrawler", ['index']=161, ['level']=44},
    [17285268] = {['id']=17285268, ['name']="MasterCoeurl", ['index']=148, ['level']=50},
    [17285279] = {['id']=17285279, ['name']="WorkerCrawler", ['index']=159, ['level']=44},
    [17285277] = {['id']=17285277, ['name']="MasterCoeurl", ['index']=157, ['level']=50},
    [17285699] = {['id']=17285699, ['name']="Paurelde", ['index']=579, ['level']=0},
    [17285700] = {['id']=17285700, ['name']="", ['index']=580, ['level']=0},
    [17285267] = {['id']=17285267, ['name']="WorkerCrawler", ['index']=147, ['level']=46},
    [17285266] = {['id']=17285266, ['name']="WorkerCrawler", ['index']=146, ['level']=46},
    [17285264] = {['id']=17285264, ['name']="YoungOpo-opo", ['index']=144, ['level']=41},
    [17285265] = {['id']=17285265, ['name']="YoungOpo-opo", ['index']=145, ['level']=40},
    [17285364] = {['id']=17285364, ['name']="YoungOpo-opo", ['index']=244, ['level']=40},
    [17285365] = {['id']=17285365, ['name']="TonberryCreepe", ['index']=245, ['level']=47},
    [17285283] = {['id']=17285283, ['name']="MasterCoeurl", ['index']=163, ['level']=49},
    [17285284] = {['id']=17285284, ['name']="WorkerCrawler", ['index']=164, ['level']=43},
    [17285278] = {['id']=17285278, ['name']="WorkerCrawler", ['index']=158, ['level']=44},
    [17285702] = {['id']=17285702, ['name']="FieldManual", ['index']=582, ['level']=0},
    [17285275] = {['id']=17285275, ['name']="WorkerCrawler", ['index']=155, ['level']=44},
    [17285276] = {['id']=17285276, ['name']="WorkerCrawler", ['index']=156, ['level']=45},
    [17285271] = {['id']=17285271, ['name']="MasterCoeurl", ['index']=151, ['level']=47},
    [17285286] = {['id']=17285286, ['name']="WorkerCrawler", ['index']=166, ['level']=45},
    [17285287] = {['id']=17285287, ['name']="WorkerCrawler", ['index']=167, ['level']=44},
    [17285272] = {['id']=17285272, ['name']="WorkerCrawler", ['index']=152, ['level']=43},
    [17285290] = {['id']=17285290, ['name']="WorkerCrawler", ['index']=170, ['level']=44},
    [17285289] = {['id']=17285289, ['name']="WorkerCrawler", ['index']=169, ['level']=45},
    [17285288] = {['id']=17285288, ['name']="WorkerCrawler", ['index']=168, ['level']=45},
    [17285291] = {['id']=17285291, ['name']="YoungOpo-opo", ['index']=171, ['level']=44},
    [17285292] = {['id']=17285292, ['name']="YoungOpo-opo", ['index']=172, ['level']=44},
    [17285294] = {['id']=17285294, ['name']="WorkerCrawler", ['index']=174, ['level']=44},
    [17285295] = {['id']=17285295, ['name']="WorkerCrawler", ['index']=175, ['level']=44},
    [17285301] = {['id']=17285301, ['name']="YoungOpo-opo", ['index']=181, ['level']=43},
    [17285302] = {['id']=17285302, ['name']="GoblinPoacher", ['index']=182, ['level']=45},
    [17285303] = {['id']=17285303, ['name']="WorkerCrawler", ['index']=183, ['level']=44},
    [17285297] = {['id']=17285297, ['name']="YhoatorWasp", ['index']=177, ['level']=37},
    [17285299] = {['id']=17285299, ['name']="WorkerCrawler", ['index']=179, ['level']=44},
    [17285306] = {['id']=17285306, ['name']="WorkerCrawler", ['index']=186, ['level']=46},
    [17285298] = {['id']=17285298, ['name']="GoblinPoacher", ['index']=178, ['level']=48},
    [17285296] = {['id']=17285296, ['name']="YhoatorWasp", ['index']=176, ['level']=40},
    [17285304] = {['id']=17285304, ['name']="WorkerCrawler", ['index']=184, ['level']=43},
    [17285307] = {['id']=17285307, ['name']="WorkerCrawler", ['index']=187, ['level']=44},
    [17285311] = {['id']=17285311, ['name']="WorkerCrawler", ['index']=191, ['level']=43},
    [17285309] = {['id']=17285309, ['name']="GoblinPoacher", ['index']=189, ['level']=47},
    [17285308] = {['id']=17285308, ['name']="YoungOpo-opo", ['index']=188, ['level']=42},
    [17285316] = {['id']=17285316, ['name']="WorkerCrawler", ['index']=196, ['level']=46},
    [17285314] = {['id']=17285314, ['name']="YhoatorWasp", ['index']=194, ['level']=40},
    [17285313] = {['id']=17285313, ['name']="YhoatorWasp", ['index']=193, ['level']=39},
    [17285315] = {['id']=17285315, ['name']="GoblinReaper", ['index']=195, ['level']=43},
    [17285317] = {['id']=17285317, ['name']="YoungOpo-opo", ['index']=197, ['level']=42},
    [17285320] = {['id']=17285320, ['name']="WorkerCrawler", ['index']=200, ['level']=45},
    [17285319] = {['id']=17285319, ['name']="WorkerCrawler", ['index']=199, ['level']=44},
    [17285326] = {['id']=17285326, ['name']="WorkerCrawler", ['index']=206, ['level']=45},
    [17285327] = {['id']=17285327, ['name']="WorkerCrawler", ['index']=207, ['level']=46},
    [17285323] = {['id']=17285323, ['name']="WorkerCrawler", ['index']=203, ['level']=44},
    [17285322] = {['id']=17285322, ['name']="WorkerCrawler", ['index']=202, ['level']=46},
    [17285321] = {['id']=17285321, ['name']="YoungOpo-opo", ['index']=201, ['level']=44},
    [17285318] = {['id']=17285318, ['name']="GoblinPoacher", ['index']=198, ['level']=47},
    [17285325] = {['id']=17285325, ['name']="YoungOpo-opo", ['index']=205, ['level']=41},
    [17285332] = {['id']=17285332, ['name']="YoungOpo-opo", ['index']=212, ['level']=41},
    [17285333] = {['id']=17285333, ['name']="YoungOpo-opo", ['index']=213, ['level']=41},
    [17285346] = {['id']=17285346, ['name']="GoblinPoacher", ['index']=226, ['level']=48},
    [17285343] = {['id']=17285343, ['name']="WorkerCrawler", ['index']=223, ['level']=44},
    [17285347] = {['id']=17285347, ['name']="Anemone", ['index']=227, ['level']=51},
    [17285336] = {['id']=17285336, ['name']="WorkerCrawler", ['index']=216, ['level']=44},
    [17285342] = {['id']=17285342, ['name']="WorkerCrawler", ['index']=222, ['level']=43},
    [17285340] = {['id']=17285340, ['name']="Anemone", ['index']=220, ['level']=52},
    [17285349] = {['id']=17285349, ['name']="WorkerCrawler", ['index']=229, ['level']=44},
    [17285339] = {['id']=17285339, ['name']="GoblinRobber", ['index']=219, ['level']=48},
    [17285348] = {['id']=17285348, ['name']="WorkerCrawler", ['index']=228, ['level']=44},
    [17285341] = {['id']=17285341, ['name']="Acolnahuacatl", ['index']=221, ['level']=67},
    [17285338] = {['id']=17285338, ['name']="MasterCoeurl", ['index']=218, ['level']=47},
    [17285337] = {['id']=17285337, ['name']="WorkerCrawler", ['index']=217, ['level']=46},
    [17285335] = {['id']=17285335, ['name']="WorkerCrawler", ['index']=215, ['level']=46},
    [17285331] = {['id']=17285331, ['name']="GoblinRobber", ['index']=211, ['level']=45},
    [17285329] = {['id']=17285329, ['name']="YoungOpo-opo", ['index']=209, ['level']=40},
    [17285330] = {['id']=17285330, ['name']="YoungOpo-opo", ['index']=210, ['level']=44},
    [17285360] = {['id']=17285360, ['name']="TonberryHexer", ['index']=240, ['level']=47},
    [17285359] = {['id']=17285359, ['name']="YoungOpo-opo", ['index']=239, ['level']=44},
    [17285369] = {['id']=17285369, ['name']="Anemone", ['index']=249, ['level']=54},
    [17285366] = {['id']=17285366, ['name']="YoungOpo-opo", ['index']=246, ['level']=42},
    [17285368] = {['id']=17285368, ['name']="TonberryCreepe", ['index']=248, ['level']=49},
    [17285352] = {['id']=17285352, ['name']="GoblinRobber", ['index']=232, ['level']=49},
    [17285351] = {['id']=17285351, ['name']="MasterCoeurl", ['index']=231, ['level']=49},
    [17285350] = {['id']=17285350, ['name']="WorkerCrawler", ['index']=230, ['level']=45},
    [17285355] = {['id']=17285355, ['name']="YoungOpo-opo", ['index']=235, ['level']=42},
    [17285356] = {['id']=17285356, ['name']="YoungOpo-opo", ['index']=236, ['level']=42},
    [17285488] = {['id']=17285488, ['name']="WorkerCrawler", ['index']=368, ['level']=46},
    [17285489] = {['id']=17285489, ['name']="TonberryHexer", ['index']=369, ['level']=45},
    [17285492] = {['id']=17285492, ['name']="WorkerCrawler", ['index']=372, ['level']=46},
    [17285494] = {['id']=17285494, ['name']="TonberryCreepe", ['index']=374, ['level']=49},
    [17285495] = {['id']=17285495, ['name']="TonberryHarass", ['index']=375, ['level']=48},
    [17285496] = {['id']=17285496, ['name']="Tonberry\'sElem", ['index']=376, ['level']=40},
    [17285504] = {['id']=17285504, ['name']="WorkerCrawler", ['index']=384, ['level']=43},
    [17285512] = {['id']=17285512, ['name']="WorkerCrawler", ['index']=392, ['level']=43},
    [17285514] = {['id']=17285514, ['name']="WorkerCrawler", ['index']=394, ['level']=43},
    [17285516] = {['id']=17285516, ['name']="Anemone", ['index']=396, ['level']=54},
    [17285517] = {['id']=17285517, ['name']="YoungOpo-opo", ['index']=397, ['level']=43},
    [17285518] = {['id']=17285518, ['name']="YoungOpo-opo", ['index']=398, ['level']=40},
    [17285519] = {['id']=17285519, ['name']="TonberryHexer", ['index']=399, ['level']=47},
    [17285521] = {['id']=17285521, ['name']="YoungOpo-opo", ['index']=401, ['level']=41},
    [17285522] = {['id']=17285522, ['name']="YoungOpo-opo", ['index']=402, ['level']=43},
    [17285523] = {['id']=17285523, ['name']="TonberryCreepe", ['index']=403, ['level']=45},
    [17285524] = {['id']=17285524, ['name']="TonberryHexer", ['index']=404, ['level']=47},
    [17285530] = {['id']=17285530, ['name']="WorkerCrawler", ['index']=410, ['level']=43},
    [17285531] = {['id']=17285531, ['name']="WorkerCrawler", ['index']=411, ['level']=46},
    [17285534] = {['id']=17285534, ['name']="TonberryShadow", ['index']=414, ['level']=63},
    [17285537] = {['id']=17285537, ['name']="TonberryJinxer", ['index']=417, ['level']=62},
    [17285539] = {['id']=17285539, ['name']="TonberryChoppe", ['index']=419, ['level']=61},
    [17285540] = {['id']=17285540, ['name']="TonberryChoppe", ['index']=420, ['level']=63},
    [17285541] = {['id']=17285541, ['name']="TonberryShadow", ['index']=421, ['level']=63},
    [17285651] = {['id']=17285651, ['name']="Etaj-Pohtaj,W.", ['index']=531, ['level']=0},
    [17285659] = {['id']=17285659, ['name']="MughaDovajaiho", ['index']=539, ['level']=0},
    [17285701] = {['id']=17285701, ['name']="FieldManual", ['index']=581, ['level']=0},
    [17285712] = {['id']=17285712, ['name']="SurvivalGuide", ['index']=592, ['level']=0},
    [17285370] = {['id']=17285370, ['name']="YoungOpo-opo", ['index']=250, ['level']=43},
    [17285374] = {['id']=17285374, ['name']="YoungOpo-opo", ['index']=254, ['level']=44},
    [17285375] = {['id']=17285375, ['name']="YoungOpo-opo", ['index']=255, ['level']=41},
    [17285376] = {['id']=17285376, ['name']="YoungOpo-opo", ['index']=256, ['level']=42},
    [17285377] = {['id']=17285377, ['name']="TonberryCreepe", ['index']=257, ['level']=48},
    [17285380] = {['id']=17285380, ['name']="YoungOpo-opo", ['index']=260, ['level']=43},
    [17285382] = {['id']=17285382, ['name']="YoungOpo-opo", ['index']=262, ['level']=40},
    [17285383] = {['id']=17285383, ['name']="YoungOpo-opo", ['index']=263, ['level']=44},
    [17285384] = {['id']=17285384, ['name']="YoungOpo-opo", ['index']=264, ['level']=43},
    [17285385] = {['id']=17285385, ['name']="TonberryCreepe", ['index']=265, ['level']=49},
    [17285386] = {['id']=17285386, ['name']="YoungOpo-opo", ['index']=266, ['level']=44},
    [17285387] = {['id']=17285387, ['name']="YoungOpo-opo", ['index']=267, ['level']=40},
    [17285388] = {['id']=17285388, ['name']="TonberryHexer", ['index']=268, ['level']=47},
    [17285391] = {['id']=17285391, ['name']="YoungOpo-opo", ['index']=271, ['level']=41},
    [17285392] = {['id']=17285392, ['name']="TonberryCreepe", ['index']=272, ['level']=46},
    [17285393] = {['id']=17285393, ['name']="TonberryShadow", ['index']=273, ['level']=63},
    [17285396] = {['id']=17285396, ['name']="TonberryChoppe", ['index']=276, ['level']=63},
    [17285398] = {['id']=17285398, ['name']="TonberryShadow", ['index']=278, ['level']=62},
    [17285400] = {['id']=17285400, ['name']="TonberryShadow", ['index']=280, ['level']=63},
    [17285402] = {['id']=17285402, ['name']="TonberryShadow", ['index']=282, ['level']=62},
    [17285404] = {['id']=17285404, ['name']="TonberryCreepe", ['index']=284, ['level']=49},
    [17285405] = {['id']=17285405, ['name']="TonberryHexer", ['index']=285, ['level']=48},
    [17285442] = {['id']=17285442, ['name']="YoungOpo-opo", ['index']=322, ['level']=41},
    [17285443] = {['id']=17285443, ['name']="TonberryCreepe", ['index']=323, ['level']=46},
    [17285489] = {['id']=17285489, ['name']="TonberryHexer", ['index']=369, ['level']=45},
    [17285490] = {['id']=17285490, ['name']="WorkerCrawler", ['index']=370, ['level']=45},
    [17285491] = {['id']=17285491, ['name']="WorkerCrawler", ['index']=371, ['level']=46},
    [17285492] = {['id']=17285492, ['name']="WorkerCrawler", ['index']=372, ['level']=44},
    [17285495] = {['id']=17285495, ['name']="TonberryHarass", ['index']=375, ['level']=48},
    [17285496] = {['id']=17285496, ['name']="Tonberry\'sElem", ['index']=376, ['level']=40},
    [17285497] = {['id']=17285497, ['name']="WorkerCrawler", ['index']=377, ['level']=43},
    [17285499] = {['id']=17285499, ['name']="TonberryHarass", ['index']=379, ['level']=45},
    [17285500] = {['id']=17285500, ['name']="Tonberry\'sElem", ['index']=380, ['level']=40},
    [17285504] = {['id']=17285504, ['name']="WorkerCrawler", ['index']=384, ['level']=46},
    [17285510] = {['id']=17285510, ['name']="TonberryHarass", ['index']=390, ['level']=47},
    [17285511] = {['id']=17285511, ['name']="Tonberry\'sElem", ['index']=391, ['level']=40},
    [17285512] = {['id']=17285512, ['name']="WorkerCrawler", ['index']=392, ['level']=43},
    [17285514] = {['id']=17285514, ['name']="WorkerCrawler", ['index']=394, ['level']=43},
    [17285516] = {['id']=17285516, ['name']="Anemone", ['index']=396, ['level']=54},
    [17285517] = {['id']=17285517, ['name']="YoungOpo-opo", ['index']=397, ['level']=40},
    [17285518] = {['id']=17285518, ['name']="YoungOpo-opo", ['index']=398, ['level']=40},
    [17285519] = {['id']=17285519, ['name']="TonberryHexer", ['index']=399, ['level']=49},
    [17285521] = {['id']=17285521, ['name']="YoungOpo-opo", ['index']=401, ['level']=43},
    [17285522] = {['id']=17285522, ['name']="YoungOpo-opo", ['index']=402, ['level']=42},
    [17285523] = {['id']=17285523, ['name']="TonberryCreepe", ['index']=403, ['level']=49},
    [17285524] = {['id']=17285524, ['name']="TonberryHexer", ['index']=404, ['level']=46},
    [17285530] = {['id']=17285530, ['name']="WorkerCrawler", ['index']=410, ['level']=43},
    [17285531] = {['id']=17285531, ['name']="WorkerCrawler", ['index']=411, ['level']=46},
    [17285532] = {['id']=17285532, ['name']="WorkerCrawler", ['index']=412, ['level']=44},
    [17285534] = {['id']=17285534, ['name']="TonberryShadow", ['index']=414, ['level']=61},
    [17285536] = {['id']=17285536, ['name']="TonberryJinxer", ['index']=416, ['level']=61},
    [17285537] = {['id']=17285537, ['name']="TonberryJinxer", ['index']=417, ['level']=61},
    [17285540] = {['id']=17285540, ['name']="TonberryChoppe", ['index']=420, ['level']=63},
    [17285541] = {['id']=17285541, ['name']="TonberryShadow", ['index']=421, ['level']=63},
    [17285651] = {['id']=17285651, ['name']="Etaj-Pohtaj,W.", ['index']=531, ['level']=0},
    [17285659] = {['id']=17285659, ['name']="MughaDovajaiho", ['index']=539, ['level']=0},
    [17285701] = {['id']=17285701, ['name']="FieldManual", ['index']=581, ['level']=0},
    [17285712] = {['id']=17285712, ['name']="SurvivalGuide", ['index']=592, ['level']=0},
    [17285520] = {['id']=17285520, ['name']="TonberryHexer", ['index']=400, ['level']=46},
    [17285488] = {['id']=17285488, ['name']="WorkerCrawler", ['index']=368, ['level']=46},
    [17285507] = {['id']=17285507, ['name']="WorkerCrawler", ['index']=387, ['level']=43},
    [17285508] = {['id']=17285508, ['name']="TonberryCreepe", ['index']=388, ['level']=48},
    [17285509] = {['id']=17285509, ['name']="TonberryHexer", ['index']=389, ['level']=46},
    [17285367] = {['id']=17285367, ['name']="YoungOpo-opo", ['index']=247, ['level']=40},
    [17285368] = {['id']=17285368, ['name']="TonberryCreepe", ['index']=248, ['level']=49},
    [17285370] = {['id']=17285370, ['name']="YoungOpo-opo", ['index']=250, ['level']=44},
    [17285371] = {['id']=17285371, ['name']="YoungOpo-opo", ['index']=251, ['level']=44},
    [17285372] = {['id']=17285372, ['name']="YoungOpo-opo", ['index']=252, ['level']=41},
    [17285373] = {['id']=17285373, ['name']="TonberryHexer", ['index']=253, ['level']=49},
    [17285374] = {['id']=17285374, ['name']="YoungOpo-opo", ['index']=254, ['level']=40},
    [17285375] = {['id']=17285375, ['name']="YoungOpo-opo", ['index']=255, ['level']=42},
    [17285376] = {['id']=17285376, ['name']="YoungOpo-opo", ['index']=256, ['level']=42},
    [17285377] = {['id']=17285377, ['name']="TonberryCreepe", ['index']=257, ['level']=45},
    [17285378] = {['id']=17285378, ['name']="YoungOpo-opo", ['index']=258, ['level']=41},
    [17285379] = {['id']=17285379, ['name']="YoungOpo-opo", ['index']=259, ['level']=41},
    [17285380] = {['id']=17285380, ['name']="YoungOpo-opo", ['index']=260, ['level']=43},
    [17285382] = {['id']=17285382, ['name']="YoungOpo-opo", ['index']=262, ['level']=42},
    [17285383] = {['id']=17285383, ['name']="YoungOpo-opo", ['index']=263, ['level']=43},
    [17285384] = {['id']=17285384, ['name']="YoungOpo-opo", ['index']=264, ['level']=42},
    [17285385] = {['id']=17285385, ['name']="TonberryCreepe", ['index']=265, ['level']=47},
    [17285386] = {['id']=17285386, ['name']="YoungOpo-opo", ['index']=266, ['level']=44},
    [17285387] = {['id']=17285387, ['name']="YoungOpo-opo", ['index']=267, ['level']=42},
    [17285388] = {['id']=17285388, ['name']="TonberryHexer", ['index']=268, ['level']=45},
    [17285389] = {['id']=17285389, ['name']="TonberryCreepe", ['index']=269, ['level']=49},
    [17285391] = {['id']=17285391, ['name']="YoungOpo-opo", ['index']=271, ['level']=42},
    [17285392] = {['id']=17285392, ['name']="TonberryCreepe", ['index']=272, ['level']=45},
    [17285395] = {['id']=17285395, ['name']="TonberryJinxer", ['index']=275, ['level']=63},
    [17285398] = {['id']=17285398, ['name']="TonberryShadow", ['index']=278, ['level']=63},
    [17285399] = {['id']=17285399, ['name']="TonberryChoppe", ['index']=279, ['level']=61},
    [17285400] = {['id']=17285400, ['name']="TonberryShadow", ['index']=280, ['level']=62},
    [17285404] = {['id']=17285404, ['name']="TonberryCreepe", ['index']=284, ['level']=48},
    [17285405] = {['id']=17285405, ['name']="TonberryHexer", ['index']=285, ['level']=47},
    [17285442] = {['id']=17285442, ['name']="YoungOpo-opo", ['index']=322, ['level']=40},
    [17285443] = {['id']=17285443, ['name']="TonberryCreepe", ['index']=323, ['level']=46},
