    [17481741] = {['id']=17481741, ['name']="RiverCrab", ['index']=13, ['level']=2},
    [17481849] = {['id']=17481849, ['name']="SurvivalGuide", ['index']=121, ['level']=0},
    [17481848] = {['id']=17481848, ['name']="GroundsTome", ['index']=120, ['level']=0},
    [17481815] = {['id']=17481815, ['name']="Vorzill", ['index']=87, ['level']=0},
    [17481736] = {['id']=17481736, ['name']="DingBats", ['index']=8, ['level']=1},
    [17481737] = {['id']=17481737, ['name']="RiverCrab", ['index']=9, ['level']=3},
    [17481730] = {['id']=17481730, ['name']="DingBats", ['index']=2, ['level']=1},
    [17481729] = {['id']=17481729, ['name']="DingBats", ['index']=1, ['level']=1},
    [17481845] = {['id']=17481845, ['name']="Gavergo", ['index']=117, ['level']=0},
    [17481731] = {['id']=17481731, ['name']="DingBats", ['index']=3, ['level']=1},
    [17481733] = {['id']=17481733, ['name']="DingBats", ['index']=5, ['level']=1},
    [17481812] = {['id']=17481812, ['name']="Lasthenes", ['index']=84, ['level']=0},
    [17481732] = {['id']=17481732, ['name']="DingBats", ['index']=4, ['level']=2},
    [17481816] = {['id']=17481816, ['name']="DrakeFang", ['index']=88, ['level']=0},
    [17481735] = {['id']=17481735, ['name']="RiverCrab", ['index']=7, ['level']=3},
    [17481813] = {['id']=17481813, ['name']="Alaric", ['index']=85, ['level']=0},
    [17481734] = {['id']=17481734, ['name']="DingBats", ['index']=6, ['level']=2},
    [17481739] = {['id']=17481739, ['name']="RiverCrab", ['index']=11, ['level']=3},
    [17481814] = {['id']=17481814, ['name']="Rasmus", ['index']=86, ['level']=0},
    [17481743] = {['id']=17481743, ['name']="CollieryBat", ['index']=15, ['level']=76},
    [17481742] = {['id']=17481742, ['name']="CollieryBat", ['index']=14, ['level']=76},
    [17481825] = {['id']=17481825, ['name']="Zelman", ['index']=97, ['level']=0},
    [17481744] = {['id']=17481744, ['name']="CollieryBat", ['index']=16, ['level']=76},
    [17481750] = {['id']=17481750, ['name']="BurrowerWorm", ['index']=22, ['level']=78},
    [17481755] = {['id']=17481755, ['name']="CollieryBat", ['index']=27, ['level']=75},
    [17481754] = {['id']=17481754, ['name']="CollieryBat", ['index']=26, ['level']=77},
    [17481757] = {['id']=17481757, ['name']="BurrowerWorm", ['index']=29, ['level']=79},
    [17481756] = {['id']=17481756, ['name']="BurrowerWorm", ['index']=28, ['level']=78},
    [17481746] = {['id']=17481746, ['name']="CollieryBat", ['index']=18, ['level']=77},
    [17481747] = {['id']=17481747, ['name']="CollieryBat", ['index']=19, ['level']=77},
    [17481748] = {['id']=17481748, ['name']="CollieryBat", ['index']=20, ['level']=76},
    [17481749] = {['id']=17481749, ['name']="CollieryBat", ['index']=21, ['level']=77},
    [17481751] = {['id']=17481751, ['name']="BurrowerWorm", ['index']=23, ['level']=77},
    [17481752] = {['id']=17481752, ['name']="BurrowerWorm", ['index']=24, ['level']=79},
    [17481753] = {['id']=17481753, ['name']="BurrowerWorm", ['index']=25, ['level']=77},
    [17481758] = {['id']=17481758, ['name']="CollieryBat", ['index']=30, ['level']=76},
    [17481759] = {['id']=17481759, ['name']="CollieryBat", ['index']=31, ['level']=77},
    [17481761] = {['id']=17481761, ['name']="CollieryBat", ['index']=33, ['level']=76},
    [17481766] = {['id']=17481766, ['name']="BurrowerWorm", ['index']=38, ['level']=78},
    [17481767] = {['id']=17481767, ['name']="BurrowerWorm", ['index']=39, ['level']=79},
    [17481768] = {['id']=17481768, ['name']="BurrowerWorm", ['index']=40, ['level']=77},
    [17481769] = {['id']=17481769, ['name']="BurrowerWorm", ['index']=41, ['level']=77},
    [17481817] = {['id']=17481817, ['name']="Gildge", ['index']=89, ['level']=0},
    [17481820] = {['id']=17481820, ['name']="SmokeBreath", ['index']=92, ['level']=0},
    [17481823] = {['id']=17481823, ['name']="Subodh", ['index']=95, ['level']=0},
    [17481760] = {['id']=17481760, ['name']="CollieryBat", ['index']=32, ['level']=75},
    [17481762] = {['id']=17481762, ['name']="CollieryBat", ['index']=34, ['level']=77},
    [17481770] = {['id']=17481770, ['name']="BurrowerWorm", ['index']=42, ['level']=77},
    [17481822] = {['id']=17481822, ['name']="Ormr", ['index']=94, ['level']=0},
    [17481765] = {['id']=17481765, ['name']="SootCrab", ['index']=37, ['level']=76},
    [17481763] = {['id']=17481763, ['name']="CollieryBat", ['index']=35, ['level']=76},
    [17481764] = {['id']=17481764, ['name']="SootCrab", ['index']=36, ['level']=77},
    [17481819] = {['id']=17481819, ['name']="Dodoi", ['index']=91, ['level']=0},
    [17481772] = {['id']=17481772, ['name']="SootCrab", ['index']=44, ['level']=77},
    [17481771] = {['id']=17481771, ['name']="SootCrab", ['index']=43, ['level']=76},
    [17481773] = {['id']=17481773, ['name']="SootCrab", ['index']=45, ['level']=78},
    [17481821] = {['id']=17481821, ['name']="Makarim", ['index']=93, ['level']=0},
    [17481776] = {['id']=17481776, ['name']="CollieryBat", ['index']=48, ['level']=77},
    [17481774] = {['id']=17481774, ['name']="CollieryBat", ['index']=46, ['level']=77},
    [17481777] = {['id']=17481777, ['name']="CollieryBat", ['index']=49, ['level']=76},
    [17481782] = {['id']=17481782, ['name']="BurrowerWorm", ['index']=54, ['level']=77},
    [17481780] = {['id']=17481780, ['name']="BurrowerWorm", ['index']=52, ['level']=79},
    [17481781] = {['id']=17481781, ['name']="BurrowerWorm", ['index']=53, ['level']=78},
    [17481818] = {['id']=17481818, ['name']="Balgamirob", ['index']=90, ['level']=0},
    [17481745] = {['id']=17481745, ['name']="CollieryBat", ['index']=17, ['level']=75},
    [17481779] = {['id']=17481779, ['name']="CollieryBat", ['index']=51, ['level']=77},
